[2022-04-03 09:12:00,442] {taskinstance.py:1037} INFO - Dependencies all met for <TaskInstance: hello_dag.print_final manual__2022-04-03T14:11:41.646196+00:00 [queued]>
[2022-04-03 09:12:00,450] {taskinstance.py:1037} INFO - Dependencies all met for <TaskInstance: hello_dag.print_final manual__2022-04-03T14:11:41.646196+00:00 [queued]>
[2022-04-03 09:12:00,450] {taskinstance.py:1243} INFO - 
--------------------------------------------------------------------------------
[2022-04-03 09:12:00,451] {taskinstance.py:1244} INFO - Starting attempt 1 of 2
[2022-04-03 09:12:00,451] {taskinstance.py:1245} INFO - 
--------------------------------------------------------------------------------
[2022-04-03 09:12:00,653] {taskinstance.py:1264} INFO - Executing <Task(BashOperator): print_final> on 2022-04-03 14:11:41.646196+00:00
[2022-04-03 09:12:00,655] {standard_task_runner.py:52} INFO - Started process 5119 to run task
[2022-04-03 09:12:00,660] {standard_task_runner.py:76} INFO - Running: ['airflow', 'tasks', 'run', 'hello_dag', 'print_final', 'manual__2022-04-03T14:11:41.646196+00:00', '--job-id', '268', '--raw', '--subdir', 'DAGS_FOLDER/dag_example.py', '--cfg-path', '/tmp/tmp_08ag2ws', '--error-file', '/tmp/tmpwemvxr2w']
[2022-04-03 09:12:00,660] {standard_task_runner.py:77} INFO - Job 268: Subtask print_final
[2022-04-03 09:12:00,826] {logging_mixin.py:109} INFO - Running <TaskInstance: hello_dag.print_final manual__2022-04-03T14:11:41.646196+00:00 [running]> on host LAPTOP-5HJG55H7.localdomain
[2022-04-03 09:12:01,254] {taskinstance.py:1429} INFO - Exporting the following env vars:
AIRFLOW_CTX_DAG_OWNER=airflow
AIRFLOW_CTX_DAG_ID=hello_dag
AIRFLOW_CTX_TASK_ID=print_final
AIRFLOW_CTX_EXECUTION_DATE=2022-04-03T14:11:41.646196+00:00
AIRFLOW_CTX_DAG_RUN_ID=manual__2022-04-03T14:11:41.646196+00:00
[2022-04-03 09:12:01,254] {subprocess.py:62} INFO - Tmp dir root location: 
 /tmp
[2022-04-03 09:12:01,255] {subprocess.py:74} INFO - Running command: ['bash', '-c', 'echo "Finish..."']
[2022-04-03 09:12:01,261] {subprocess.py:85} INFO - Output:
[2022-04-03 09:12:01,262] {subprocess.py:89} INFO - Finish...
[2022-04-03 09:12:01,263] {subprocess.py:93} INFO - Command exited with return code 0
[2022-04-03 09:12:01,455] {taskinstance.py:1272} INFO - Marking task as SUCCESS. dag_id=hello_dag, task_id=print_final, execution_date=20220403T141141, start_date=20220403T141200, end_date=20220403T141201
[2022-04-03 09:12:01,637] {local_task_job.py:154} INFO - Task exited with return code 0
[2022-04-03 09:12:01,653] {local_task_job.py:264} INFO - 0 downstream tasks scheduled from follow-on schedule check
