[2022-03-27 20:03:14,265] {processor.py:163} INFO - Started process (PID=218) to work on /home/lowenhard/acceleration/env/lib/python3.8/site-packages/airflow/example_dags/example_dag_decorator.py
[2022-03-27 20:03:14,266] {processor.py:642} INFO - Processing file /home/lowenhard/acceleration/env/lib/python3.8/site-packages/airflow/example_dags/example_dag_decorator.py for tasks to queue
[2022-03-27 20:03:14,267] {logging_mixin.py:109} INFO - [2022-03-27 20:03:14,267] {dagbag.py:500} INFO - Filling up the DagBag from /home/lowenhard/acceleration/env/lib/python3.8/site-packages/airflow/example_dags/example_dag_decorator.py
[2022-03-27 20:03:14,295] {processor.py:654} INFO - DAG(s) dict_keys(['example_dag_decorator']) retrieved from /home/lowenhard/acceleration/env/lib/python3.8/site-packages/airflow/example_dags/example_dag_decorator.py
[2022-03-27 20:03:14,528] {logging_mixin.py:109} INFO - [2022-03-27 20:03:14,528] {dag.py:2398} INFO - Sync 1 DAGs
[2022-03-27 20:03:14,537] {logging_mixin.py:109} INFO - [2022-03-27 20:03:14,537] {dag.py:2937} INFO - Setting next_dagrun for example_dag_decorator to None
[2022-03-27 20:03:14,746] {processor.py:171} INFO - Processing /home/lowenhard/acceleration/env/lib/python3.8/site-packages/airflow/example_dags/example_dag_decorator.py took 0.483 seconds
[2022-03-27 20:04:36,241] {processor.py:163} INFO - Started process (PID=337) to work on /home/lowenhard/acceleration/env/lib/python3.8/site-packages/airflow/example_dags/example_dag_decorator.py
[2022-03-27 20:04:36,271] {processor.py:642} INFO - Processing file /home/lowenhard/acceleration/env/lib/python3.8/site-packages/airflow/example_dags/example_dag_decorator.py for tasks to queue
[2022-03-27 20:04:36,271] {logging_mixin.py:109} INFO - [2022-03-27 20:04:36,271] {dagbag.py:500} INFO - Filling up the DagBag from /home/lowenhard/acceleration/env/lib/python3.8/site-packages/airflow/example_dags/example_dag_decorator.py
[2022-03-27 20:04:36,298] {processor.py:654} INFO - DAG(s) dict_keys(['example_dag_decorator']) retrieved from /home/lowenhard/acceleration/env/lib/python3.8/site-packages/airflow/example_dags/example_dag_decorator.py
[2022-03-27 20:04:36,486] {logging_mixin.py:109} INFO - [2022-03-27 20:04:36,486] {dag.py:2398} INFO - Sync 1 DAGs
[2022-03-27 20:04:36,500] {logging_mixin.py:109} INFO - [2022-03-27 20:04:36,499] {dag.py:2937} INFO - Setting next_dagrun for example_dag_decorator to None
[2022-03-27 20:04:36,645] {processor.py:171} INFO - Processing /home/lowenhard/acceleration/env/lib/python3.8/site-packages/airflow/example_dags/example_dag_decorator.py took 0.407 seconds
[2022-03-27 20:06:03,358] {processor.py:163} INFO - Started process (PID=404) to work on /home/lowenhard/acceleration/env/lib/python3.8/site-packages/airflow/example_dags/example_dag_decorator.py
[2022-03-27 20:06:03,372] {processor.py:642} INFO - Processing file /home/lowenhard/acceleration/env/lib/python3.8/site-packages/airflow/example_dags/example_dag_decorator.py for tasks to queue
[2022-03-27 20:06:03,372] {logging_mixin.py:109} INFO - [2022-03-27 20:06:03,372] {dagbag.py:500} INFO - Filling up the DagBag from /home/lowenhard/acceleration/env/lib/python3.8/site-packages/airflow/example_dags/example_dag_decorator.py
[2022-03-27 20:06:03,399] {processor.py:654} INFO - DAG(s) dict_keys(['example_dag_decorator']) retrieved from /home/lowenhard/acceleration/env/lib/python3.8/site-packages/airflow/example_dags/example_dag_decorator.py
[2022-03-27 20:06:03,614] {logging_mixin.py:109} INFO - [2022-03-27 20:06:03,613] {dag.py:2398} INFO - Sync 1 DAGs
[2022-03-27 20:06:03,691] {logging_mixin.py:109} INFO - [2022-03-27 20:06:03,690] {dag.py:2937} INFO - Setting next_dagrun for example_dag_decorator to None
[2022-03-27 20:06:03,907] {processor.py:171} INFO - Processing /home/lowenhard/acceleration/env/lib/python3.8/site-packages/airflow/example_dags/example_dag_decorator.py took 0.553 seconds
[2022-03-27 20:07:05,892] {processor.py:163} INFO - Started process (PID=450) to work on /home/lowenhard/acceleration/env/lib/python3.8/site-packages/airflow/example_dags/example_dag_decorator.py
[2022-03-27 20:07:05,908] {processor.py:642} INFO - Processing file /home/lowenhard/acceleration/env/lib/python3.8/site-packages/airflow/example_dags/example_dag_decorator.py for tasks to queue
[2022-03-27 20:07:05,908] {logging_mixin.py:109} INFO - [2022-03-27 20:07:05,908] {dagbag.py:500} INFO - Filling up the DagBag from /home/lowenhard/acceleration/env/lib/python3.8/site-packages/airflow/example_dags/example_dag_decorator.py
[2022-03-27 20:07:05,933] {processor.py:654} INFO - DAG(s) dict_keys(['example_dag_decorator']) retrieved from /home/lowenhard/acceleration/env/lib/python3.8/site-packages/airflow/example_dags/example_dag_decorator.py
[2022-03-27 20:07:06,100] {logging_mixin.py:109} INFO - [2022-03-27 20:07:06,100] {dag.py:2398} INFO - Sync 1 DAGs
[2022-03-27 20:07:06,177] {logging_mixin.py:109} INFO - [2022-03-27 20:07:06,177] {dag.py:2937} INFO - Setting next_dagrun for example_dag_decorator to None
[2022-03-27 20:07:06,322] {processor.py:171} INFO - Processing /home/lowenhard/acceleration/env/lib/python3.8/site-packages/airflow/example_dags/example_dag_decorator.py took 0.432 seconds
[2022-03-27 20:07:55,783] {processor.py:163} INFO - Started process (PID=496) to work on /home/lowenhard/acceleration/env/lib/python3.8/site-packages/airflow/example_dags/example_dag_decorator.py
[2022-03-27 20:07:55,786] {processor.py:642} INFO - Processing file /home/lowenhard/acceleration/env/lib/python3.8/site-packages/airflow/example_dags/example_dag_decorator.py for tasks to queue
[2022-03-27 20:07:55,787] {logging_mixin.py:109} INFO - [2022-03-27 20:07:55,787] {dagbag.py:500} INFO - Filling up the DagBag from /home/lowenhard/acceleration/env/lib/python3.8/site-packages/airflow/example_dags/example_dag_decorator.py
[2022-03-27 20:07:55,815] {processor.py:654} INFO - DAG(s) dict_keys(['example_dag_decorator']) retrieved from /home/lowenhard/acceleration/env/lib/python3.8/site-packages/airflow/example_dags/example_dag_decorator.py
[2022-03-27 20:07:56,038] {logging_mixin.py:109} INFO - [2022-03-27 20:07:56,038] {dag.py:2398} INFO - Sync 1 DAGs
[2022-03-27 20:07:56,046] {logging_mixin.py:109} INFO - [2022-03-27 20:07:56,046] {dag.py:2937} INFO - Setting next_dagrun for example_dag_decorator to None
[2022-03-27 20:07:56,160] {processor.py:171} INFO - Processing /home/lowenhard/acceleration/env/lib/python3.8/site-packages/airflow/example_dags/example_dag_decorator.py took 0.379 seconds
[2022-03-27 20:08:48,707] {processor.py:163} INFO - Started process (PID=535) to work on /home/lowenhard/acceleration/env/lib/python3.8/site-packages/airflow/example_dags/example_dag_decorator.py
[2022-03-27 20:08:48,709] {processor.py:642} INFO - Processing file /home/lowenhard/acceleration/env/lib/python3.8/site-packages/airflow/example_dags/example_dag_decorator.py for tasks to queue
[2022-03-27 20:08:48,710] {logging_mixin.py:109} INFO - [2022-03-27 20:08:48,710] {dagbag.py:500} INFO - Filling up the DagBag from /home/lowenhard/acceleration/env/lib/python3.8/site-packages/airflow/example_dags/example_dag_decorator.py
[2022-03-27 20:08:48,738] {processor.py:654} INFO - DAG(s) dict_keys(['example_dag_decorator']) retrieved from /home/lowenhard/acceleration/env/lib/python3.8/site-packages/airflow/example_dags/example_dag_decorator.py
[2022-03-27 20:08:48,967] {logging_mixin.py:109} INFO - [2022-03-27 20:08:48,967] {dag.py:2398} INFO - Sync 1 DAGs
[2022-03-27 20:08:48,978] {logging_mixin.py:109} INFO - [2022-03-27 20:08:48,977] {dag.py:2937} INFO - Setting next_dagrun for example_dag_decorator to None
[2022-03-27 20:08:49,741] {processor.py:171} INFO - Processing /home/lowenhard/acceleration/env/lib/python3.8/site-packages/airflow/example_dags/example_dag_decorator.py took 1.036 seconds
[2022-03-27 20:10:10,754] {processor.py:163} INFO - Started process (PID=606) to work on /home/lowenhard/acceleration/env/lib/python3.8/site-packages/airflow/example_dags/example_dag_decorator.py
[2022-03-27 20:10:10,757] {processor.py:642} INFO - Processing file /home/lowenhard/acceleration/env/lib/python3.8/site-packages/airflow/example_dags/example_dag_decorator.py for tasks to queue
[2022-03-27 20:10:10,758] {logging_mixin.py:109} INFO - [2022-03-27 20:10:10,758] {dagbag.py:500} INFO - Filling up the DagBag from /home/lowenhard/acceleration/env/lib/python3.8/site-packages/airflow/example_dags/example_dag_decorator.py
[2022-03-27 20:10:10,788] {processor.py:654} INFO - DAG(s) dict_keys(['example_dag_decorator']) retrieved from /home/lowenhard/acceleration/env/lib/python3.8/site-packages/airflow/example_dags/example_dag_decorator.py
[2022-03-27 20:10:11,064] {logging_mixin.py:109} INFO - [2022-03-27 20:10:11,063] {dag.py:2398} INFO - Sync 1 DAGs
[2022-03-27 20:10:11,080] {logging_mixin.py:109} INFO - [2022-03-27 20:10:11,080] {dag.py:2937} INFO - Setting next_dagrun for example_dag_decorator to None
[2022-03-27 20:10:11,220] {processor.py:171} INFO - Processing /home/lowenhard/acceleration/env/lib/python3.8/site-packages/airflow/example_dags/example_dag_decorator.py took 0.468 seconds
[2022-03-27 20:10:55,096] {processor.py:163} INFO - Started process (PID=647) to work on /home/lowenhard/acceleration/env/lib/python3.8/site-packages/airflow/example_dags/example_dag_decorator.py
[2022-03-27 20:10:55,135] {processor.py:642} INFO - Processing file /home/lowenhard/acceleration/env/lib/python3.8/site-packages/airflow/example_dags/example_dag_decorator.py for tasks to queue
[2022-03-27 20:10:55,136] {logging_mixin.py:109} INFO - [2022-03-27 20:10:55,136] {dagbag.py:500} INFO - Filling up the DagBag from /home/lowenhard/acceleration/env/lib/python3.8/site-packages/airflow/example_dags/example_dag_decorator.py
[2022-03-27 20:10:55,162] {processor.py:654} INFO - DAG(s) dict_keys(['example_dag_decorator']) retrieved from /home/lowenhard/acceleration/env/lib/python3.8/site-packages/airflow/example_dags/example_dag_decorator.py
[2022-03-27 20:10:55,410] {logging_mixin.py:109} INFO - [2022-03-27 20:10:55,410] {dag.py:2398} INFO - Sync 1 DAGs
[2022-03-27 20:10:55,420] {logging_mixin.py:109} INFO - [2022-03-27 20:10:55,420] {dag.py:2937} INFO - Setting next_dagrun for example_dag_decorator to None
[2022-03-27 20:10:55,651] {processor.py:171} INFO - Processing /home/lowenhard/acceleration/env/lib/python3.8/site-packages/airflow/example_dags/example_dag_decorator.py took 0.557 seconds
[2022-03-27 20:11:48,552] {processor.py:163} INFO - Started process (PID=690) to work on /home/lowenhard/acceleration/env/lib/python3.8/site-packages/airflow/example_dags/example_dag_decorator.py
[2022-03-27 20:11:48,555] {processor.py:642} INFO - Processing file /home/lowenhard/acceleration/env/lib/python3.8/site-packages/airflow/example_dags/example_dag_decorator.py for tasks to queue
[2022-03-27 20:11:48,556] {logging_mixin.py:109} INFO - [2022-03-27 20:11:48,556] {dagbag.py:500} INFO - Filling up the DagBag from /home/lowenhard/acceleration/env/lib/python3.8/site-packages/airflow/example_dags/example_dag_decorator.py
[2022-03-27 20:11:48,583] {processor.py:654} INFO - DAG(s) dict_keys(['example_dag_decorator']) retrieved from /home/lowenhard/acceleration/env/lib/python3.8/site-packages/airflow/example_dags/example_dag_decorator.py
[2022-03-27 20:11:48,820] {logging_mixin.py:109} INFO - [2022-03-27 20:11:48,820] {dag.py:2398} INFO - Sync 1 DAGs
[2022-03-27 20:11:48,831] {logging_mixin.py:109} INFO - [2022-03-27 20:11:48,831] {dag.py:2937} INFO - Setting next_dagrun for example_dag_decorator to None
[2022-03-27 20:11:48,978] {processor.py:171} INFO - Processing /home/lowenhard/acceleration/env/lib/python3.8/site-packages/airflow/example_dags/example_dag_decorator.py took 0.428 seconds
[2022-03-27 20:13:02,516] {processor.py:163} INFO - Started process (PID=744) to work on /home/lowenhard/acceleration/env/lib/python3.8/site-packages/airflow/example_dags/example_dag_decorator.py
[2022-03-27 20:13:02,534] {processor.py:642} INFO - Processing file /home/lowenhard/acceleration/env/lib/python3.8/site-packages/airflow/example_dags/example_dag_decorator.py for tasks to queue
[2022-03-27 20:13:02,535] {logging_mixin.py:109} INFO - [2022-03-27 20:13:02,535] {dagbag.py:500} INFO - Filling up the DagBag from /home/lowenhard/acceleration/env/lib/python3.8/site-packages/airflow/example_dags/example_dag_decorator.py
[2022-03-27 20:13:02,561] {processor.py:654} INFO - DAG(s) dict_keys(['example_dag_decorator']) retrieved from /home/lowenhard/acceleration/env/lib/python3.8/site-packages/airflow/example_dags/example_dag_decorator.py
[2022-03-27 20:13:02,802] {logging_mixin.py:109} INFO - [2022-03-27 20:13:02,801] {dag.py:2398} INFO - Sync 1 DAGs
[2022-03-27 20:13:02,810] {logging_mixin.py:109} INFO - [2022-03-27 20:13:02,810] {dag.py:2937} INFO - Setting next_dagrun for example_dag_decorator to None
[2022-03-27 20:13:03,550] {processor.py:171} INFO - Processing /home/lowenhard/acceleration/env/lib/python3.8/site-packages/airflow/example_dags/example_dag_decorator.py took 1.037 seconds
[2022-03-27 20:14:00,513] {processor.py:163} INFO - Started process (PID=790) to work on /home/lowenhard/acceleration/env/lib/python3.8/site-packages/airflow/example_dags/example_dag_decorator.py
[2022-03-27 20:14:00,516] {processor.py:642} INFO - Processing file /home/lowenhard/acceleration/env/lib/python3.8/site-packages/airflow/example_dags/example_dag_decorator.py for tasks to queue
[2022-03-27 20:14:00,516] {logging_mixin.py:109} INFO - [2022-03-27 20:14:00,516] {dagbag.py:500} INFO - Filling up the DagBag from /home/lowenhard/acceleration/env/lib/python3.8/site-packages/airflow/example_dags/example_dag_decorator.py
[2022-03-27 20:14:00,545] {processor.py:654} INFO - DAG(s) dict_keys(['example_dag_decorator']) retrieved from /home/lowenhard/acceleration/env/lib/python3.8/site-packages/airflow/example_dags/example_dag_decorator.py
[2022-03-27 20:14:00,784] {logging_mixin.py:109} INFO - [2022-03-27 20:14:00,784] {dag.py:2398} INFO - Sync 1 DAGs
[2022-03-27 20:14:00,793] {logging_mixin.py:109} INFO - [2022-03-27 20:14:00,793] {dag.py:2937} INFO - Setting next_dagrun for example_dag_decorator to None
[2022-03-27 20:14:00,930] {processor.py:171} INFO - Processing /home/lowenhard/acceleration/env/lib/python3.8/site-packages/airflow/example_dags/example_dag_decorator.py took 0.419 seconds
[2022-03-27 20:14:56,038] {processor.py:163} INFO - Started process (PID=839) to work on /home/lowenhard/acceleration/env/lib/python3.8/site-packages/airflow/example_dags/example_dag_decorator.py
[2022-03-27 20:14:56,055] {processor.py:642} INFO - Processing file /home/lowenhard/acceleration/env/lib/python3.8/site-packages/airflow/example_dags/example_dag_decorator.py for tasks to queue
[2022-03-27 20:14:56,056] {logging_mixin.py:109} INFO - [2022-03-27 20:14:56,056] {dagbag.py:500} INFO - Filling up the DagBag from /home/lowenhard/acceleration/env/lib/python3.8/site-packages/airflow/example_dags/example_dag_decorator.py
[2022-03-27 20:14:56,082] {processor.py:654} INFO - DAG(s) dict_keys(['example_dag_decorator']) retrieved from /home/lowenhard/acceleration/env/lib/python3.8/site-packages/airflow/example_dags/example_dag_decorator.py
[2022-03-27 20:14:56,325] {logging_mixin.py:109} INFO - [2022-03-27 20:14:56,325] {dag.py:2398} INFO - Sync 1 DAGs
[2022-03-27 20:14:56,335] {logging_mixin.py:109} INFO - [2022-03-27 20:14:56,335] {dag.py:2937} INFO - Setting next_dagrun for example_dag_decorator to None
[2022-03-27 20:14:56,473] {processor.py:171} INFO - Processing /home/lowenhard/acceleration/env/lib/python3.8/site-packages/airflow/example_dags/example_dag_decorator.py took 0.438 seconds
[2022-03-27 20:15:44,863] {processor.py:163} INFO - Started process (PID=884) to work on /home/lowenhard/acceleration/env/lib/python3.8/site-packages/airflow/example_dags/example_dag_decorator.py
[2022-03-27 20:15:44,867] {processor.py:642} INFO - Processing file /home/lowenhard/acceleration/env/lib/python3.8/site-packages/airflow/example_dags/example_dag_decorator.py for tasks to queue
[2022-03-27 20:15:44,867] {logging_mixin.py:109} INFO - [2022-03-27 20:15:44,867] {dagbag.py:500} INFO - Filling up the DagBag from /home/lowenhard/acceleration/env/lib/python3.8/site-packages/airflow/example_dags/example_dag_decorator.py
[2022-03-27 20:15:44,897] {processor.py:654} INFO - DAG(s) dict_keys(['example_dag_decorator']) retrieved from /home/lowenhard/acceleration/env/lib/python3.8/site-packages/airflow/example_dags/example_dag_decorator.py
[2022-03-27 20:15:45,158] {logging_mixin.py:109} INFO - [2022-03-27 20:15:45,157] {dag.py:2398} INFO - Sync 1 DAGs
[2022-03-27 20:15:45,166] {logging_mixin.py:109} INFO - [2022-03-27 20:15:45,166] {dag.py:2937} INFO - Setting next_dagrun for example_dag_decorator to None
[2022-03-27 20:15:45,358] {processor.py:171} INFO - Processing /home/lowenhard/acceleration/env/lib/python3.8/site-packages/airflow/example_dags/example_dag_decorator.py took 0.497 seconds
[2022-03-27 20:16:37,251] {processor.py:163} INFO - Started process (PID=930) to work on /home/lowenhard/acceleration/env/lib/python3.8/site-packages/airflow/example_dags/example_dag_decorator.py
[2022-03-27 20:16:37,268] {processor.py:642} INFO - Processing file /home/lowenhard/acceleration/env/lib/python3.8/site-packages/airflow/example_dags/example_dag_decorator.py for tasks to queue
[2022-03-27 20:16:37,268] {logging_mixin.py:109} INFO - [2022-03-27 20:16:37,268] {dagbag.py:500} INFO - Filling up the DagBag from /home/lowenhard/acceleration/env/lib/python3.8/site-packages/airflow/example_dags/example_dag_decorator.py
[2022-03-27 20:16:37,299] {processor.py:654} INFO - DAG(s) dict_keys(['example_dag_decorator']) retrieved from /home/lowenhard/acceleration/env/lib/python3.8/site-packages/airflow/example_dags/example_dag_decorator.py
[2022-03-27 20:16:37,554] {logging_mixin.py:109} INFO - [2022-03-27 20:16:37,554] {dag.py:2398} INFO - Sync 1 DAGs
[2022-03-27 20:16:37,578] {logging_mixin.py:109} INFO - [2022-03-27 20:16:37,578] {dag.py:2937} INFO - Setting next_dagrun for example_dag_decorator to None
[2022-03-27 20:16:37,818] {processor.py:171} INFO - Processing /home/lowenhard/acceleration/env/lib/python3.8/site-packages/airflow/example_dags/example_dag_decorator.py took 0.568 seconds
[2022-03-27 20:17:54,767] {processor.py:163} INFO - Started process (PID=991) to work on /home/lowenhard/acceleration/env/lib/python3.8/site-packages/airflow/example_dags/example_dag_decorator.py
[2022-03-27 20:17:54,781] {processor.py:642} INFO - Processing file /home/lowenhard/acceleration/env/lib/python3.8/site-packages/airflow/example_dags/example_dag_decorator.py for tasks to queue
[2022-03-27 20:17:54,782] {logging_mixin.py:109} INFO - [2022-03-27 20:17:54,782] {dagbag.py:500} INFO - Filling up the DagBag from /home/lowenhard/acceleration/env/lib/python3.8/site-packages/airflow/example_dags/example_dag_decorator.py
[2022-03-27 20:17:54,808] {processor.py:654} INFO - DAG(s) dict_keys(['example_dag_decorator']) retrieved from /home/lowenhard/acceleration/env/lib/python3.8/site-packages/airflow/example_dags/example_dag_decorator.py
[2022-03-27 20:17:55,047] {logging_mixin.py:109} INFO - [2022-03-27 20:17:55,047] {dag.py:2398} INFO - Sync 1 DAGs
[2022-03-27 20:17:55,055] {logging_mixin.py:109} INFO - [2022-03-27 20:17:55,055] {dag.py:2937} INFO - Setting next_dagrun for example_dag_decorator to None
[2022-03-27 20:17:55,195] {processor.py:171} INFO - Processing /home/lowenhard/acceleration/env/lib/python3.8/site-packages/airflow/example_dags/example_dag_decorator.py took 0.432 seconds
[2022-03-27 20:18:50,821] {processor.py:163} INFO - Started process (PID=1037) to work on /home/lowenhard/acceleration/env/lib/python3.8/site-packages/airflow/example_dags/example_dag_decorator.py
[2022-03-27 20:18:50,828] {processor.py:642} INFO - Processing file /home/lowenhard/acceleration/env/lib/python3.8/site-packages/airflow/example_dags/example_dag_decorator.py for tasks to queue
[2022-03-27 20:18:50,829] {logging_mixin.py:109} INFO - [2022-03-27 20:18:50,829] {dagbag.py:500} INFO - Filling up the DagBag from /home/lowenhard/acceleration/env/lib/python3.8/site-packages/airflow/example_dags/example_dag_decorator.py
[2022-03-27 20:18:50,855] {processor.py:654} INFO - DAG(s) dict_keys(['example_dag_decorator']) retrieved from /home/lowenhard/acceleration/env/lib/python3.8/site-packages/airflow/example_dags/example_dag_decorator.py
[2022-03-27 20:18:51,087] {logging_mixin.py:109} INFO - [2022-03-27 20:18:51,087] {dag.py:2398} INFO - Sync 1 DAGs
[2022-03-27 20:18:51,096] {logging_mixin.py:109} INFO - [2022-03-27 20:18:51,096] {dag.py:2937} INFO - Setting next_dagrun for example_dag_decorator to None
[2022-03-27 20:18:51,250] {processor.py:171} INFO - Processing /home/lowenhard/acceleration/env/lib/python3.8/site-packages/airflow/example_dags/example_dag_decorator.py took 0.432 seconds
[2022-03-27 20:19:45,686] {processor.py:163} INFO - Started process (PID=1081) to work on /home/lowenhard/acceleration/env/lib/python3.8/site-packages/airflow/example_dags/example_dag_decorator.py
[2022-03-27 20:19:46,251] {processor.py:642} INFO - Processing file /home/lowenhard/acceleration/env/lib/python3.8/site-packages/airflow/example_dags/example_dag_decorator.py for tasks to queue
[2022-03-27 20:19:46,252] {logging_mixin.py:109} INFO - [2022-03-27 20:19:46,252] {dagbag.py:500} INFO - Filling up the DagBag from /home/lowenhard/acceleration/env/lib/python3.8/site-packages/airflow/example_dags/example_dag_decorator.py
[2022-03-27 20:19:46,282] {processor.py:654} INFO - DAG(s) dict_keys(['example_dag_decorator']) retrieved from /home/lowenhard/acceleration/env/lib/python3.8/site-packages/airflow/example_dags/example_dag_decorator.py
[2022-03-27 20:19:46,537] {logging_mixin.py:109} INFO - [2022-03-27 20:19:46,537] {dag.py:2398} INFO - Sync 1 DAGs
[2022-03-27 20:19:46,546] {logging_mixin.py:109} INFO - [2022-03-27 20:19:46,546] {dag.py:2937} INFO - Setting next_dagrun for example_dag_decorator to None
[2022-03-27 20:19:46,691] {processor.py:171} INFO - Processing /home/lowenhard/acceleration/env/lib/python3.8/site-packages/airflow/example_dags/example_dag_decorator.py took 1.008 seconds
[2022-03-27 20:20:33,596] {processor.py:163} INFO - Started process (PID=1126) to work on /home/lowenhard/acceleration/env/lib/python3.8/site-packages/airflow/example_dags/example_dag_decorator.py
[2022-03-27 20:20:33,601] {processor.py:642} INFO - Processing file /home/lowenhard/acceleration/env/lib/python3.8/site-packages/airflow/example_dags/example_dag_decorator.py for tasks to queue
[2022-03-27 20:20:33,602] {logging_mixin.py:109} INFO - [2022-03-27 20:20:33,602] {dagbag.py:500} INFO - Filling up the DagBag from /home/lowenhard/acceleration/env/lib/python3.8/site-packages/airflow/example_dags/example_dag_decorator.py
[2022-03-27 20:20:33,629] {processor.py:654} INFO - DAG(s) dict_keys(['example_dag_decorator']) retrieved from /home/lowenhard/acceleration/env/lib/python3.8/site-packages/airflow/example_dags/example_dag_decorator.py
[2022-03-27 20:20:33,862] {logging_mixin.py:109} INFO - [2022-03-27 20:20:33,861] {dag.py:2398} INFO - Sync 1 DAGs
[2022-03-27 20:20:33,873] {logging_mixin.py:109} INFO - [2022-03-27 20:20:33,873] {dag.py:2937} INFO - Setting next_dagrun for example_dag_decorator to None
[2022-03-27 20:20:34,020] {processor.py:171} INFO - Processing /home/lowenhard/acceleration/env/lib/python3.8/site-packages/airflow/example_dags/example_dag_decorator.py took 0.428 seconds
[2022-03-27 20:21:32,944] {processor.py:163} INFO - Started process (PID=1181) to work on /home/lowenhard/acceleration/env/lib/python3.8/site-packages/airflow/example_dags/example_dag_decorator.py
[2022-03-27 20:21:32,947] {processor.py:642} INFO - Processing file /home/lowenhard/acceleration/env/lib/python3.8/site-packages/airflow/example_dags/example_dag_decorator.py for tasks to queue
[2022-03-27 20:21:32,947] {logging_mixin.py:109} INFO - [2022-03-27 20:21:32,947] {dagbag.py:500} INFO - Filling up the DagBag from /home/lowenhard/acceleration/env/lib/python3.8/site-packages/airflow/example_dags/example_dag_decorator.py
[2022-03-27 20:21:32,973] {processor.py:654} INFO - DAG(s) dict_keys(['example_dag_decorator']) retrieved from /home/lowenhard/acceleration/env/lib/python3.8/site-packages/airflow/example_dags/example_dag_decorator.py
[2022-03-27 20:21:33,209] {logging_mixin.py:109} INFO - [2022-03-27 20:21:33,209] {dag.py:2398} INFO - Sync 1 DAGs
[2022-03-27 20:21:33,220] {logging_mixin.py:109} INFO - [2022-03-27 20:21:33,220] {dag.py:2937} INFO - Setting next_dagrun for example_dag_decorator to None
[2022-03-27 20:21:33,367] {processor.py:171} INFO - Processing /home/lowenhard/acceleration/env/lib/python3.8/site-packages/airflow/example_dags/example_dag_decorator.py took 0.426 seconds
[2022-03-27 20:22:55,396] {processor.py:163} INFO - Started process (PID=1259) to work on /home/lowenhard/acceleration/env/lib/python3.8/site-packages/airflow/example_dags/example_dag_decorator.py
[2022-03-27 20:22:55,400] {processor.py:642} INFO - Processing file /home/lowenhard/acceleration/env/lib/python3.8/site-packages/airflow/example_dags/example_dag_decorator.py for tasks to queue
[2022-03-27 20:22:55,400] {logging_mixin.py:109} INFO - [2022-03-27 20:22:55,400] {dagbag.py:500} INFO - Filling up the DagBag from /home/lowenhard/acceleration/env/lib/python3.8/site-packages/airflow/example_dags/example_dag_decorator.py
[2022-03-27 20:22:55,427] {processor.py:654} INFO - DAG(s) dict_keys(['example_dag_decorator']) retrieved from /home/lowenhard/acceleration/env/lib/python3.8/site-packages/airflow/example_dags/example_dag_decorator.py
[2022-03-27 20:22:55,662] {logging_mixin.py:109} INFO - [2022-03-27 20:22:55,662] {dag.py:2398} INFO - Sync 1 DAGs
[2022-03-27 20:22:55,671] {logging_mixin.py:109} INFO - [2022-03-27 20:22:55,671] {dag.py:2937} INFO - Setting next_dagrun for example_dag_decorator to None
[2022-03-27 20:22:55,920] {processor.py:171} INFO - Processing /home/lowenhard/acceleration/env/lib/python3.8/site-packages/airflow/example_dags/example_dag_decorator.py took 0.527 seconds
[2022-03-27 20:23:44,708] {processor.py:163} INFO - Started process (PID=1306) to work on /home/lowenhard/acceleration/env/lib/python3.8/site-packages/airflow/example_dags/example_dag_decorator.py
[2022-03-27 20:23:44,711] {processor.py:642} INFO - Processing file /home/lowenhard/acceleration/env/lib/python3.8/site-packages/airflow/example_dags/example_dag_decorator.py for tasks to queue
[2022-03-27 20:23:44,711] {logging_mixin.py:109} INFO - [2022-03-27 20:23:44,711] {dagbag.py:500} INFO - Filling up the DagBag from /home/lowenhard/acceleration/env/lib/python3.8/site-packages/airflow/example_dags/example_dag_decorator.py
[2022-03-27 20:23:44,738] {processor.py:654} INFO - DAG(s) dict_keys(['example_dag_decorator']) retrieved from /home/lowenhard/acceleration/env/lib/python3.8/site-packages/airflow/example_dags/example_dag_decorator.py
[2022-03-27 20:23:44,973] {logging_mixin.py:109} INFO - [2022-03-27 20:23:44,973] {dag.py:2398} INFO - Sync 1 DAGs
[2022-03-27 20:23:44,982] {logging_mixin.py:109} INFO - [2022-03-27 20:23:44,982] {dag.py:2937} INFO - Setting next_dagrun for example_dag_decorator to None
[2022-03-27 20:23:45,123] {processor.py:171} INFO - Processing /home/lowenhard/acceleration/env/lib/python3.8/site-packages/airflow/example_dags/example_dag_decorator.py took 0.417 seconds
[2022-03-27 20:24:26,491] {processor.py:163} INFO - Started process (PID=1347) to work on /home/lowenhard/acceleration/env/lib/python3.8/site-packages/airflow/example_dags/example_dag_decorator.py
[2022-03-27 20:24:26,501] {processor.py:642} INFO - Processing file /home/lowenhard/acceleration/env/lib/python3.8/site-packages/airflow/example_dags/example_dag_decorator.py for tasks to queue
[2022-03-27 20:24:26,502] {logging_mixin.py:109} INFO - [2022-03-27 20:24:26,502] {dagbag.py:500} INFO - Filling up the DagBag from /home/lowenhard/acceleration/env/lib/python3.8/site-packages/airflow/example_dags/example_dag_decorator.py
[2022-03-27 20:24:26,529] {processor.py:654} INFO - DAG(s) dict_keys(['example_dag_decorator']) retrieved from /home/lowenhard/acceleration/env/lib/python3.8/site-packages/airflow/example_dags/example_dag_decorator.py
[2022-03-27 20:24:26,808] {logging_mixin.py:109} INFO - [2022-03-27 20:24:26,807] {dag.py:2398} INFO - Sync 1 DAGs
[2022-03-27 20:24:26,816] {logging_mixin.py:109} INFO - [2022-03-27 20:24:26,816] {dag.py:2937} INFO - Setting next_dagrun for example_dag_decorator to None
[2022-03-27 20:24:26,961] {processor.py:171} INFO - Processing /home/lowenhard/acceleration/env/lib/python3.8/site-packages/airflow/example_dags/example_dag_decorator.py took 0.472 seconds
[2022-03-27 20:25:06,353] {processor.py:163} INFO - Started process (PID=1390) to work on /home/lowenhard/acceleration/env/lib/python3.8/site-packages/airflow/example_dags/example_dag_decorator.py
[2022-03-27 20:25:06,357] {processor.py:642} INFO - Processing file /home/lowenhard/acceleration/env/lib/python3.8/site-packages/airflow/example_dags/example_dag_decorator.py for tasks to queue
[2022-03-27 20:25:06,357] {logging_mixin.py:109} INFO - [2022-03-27 20:25:06,357] {dagbag.py:500} INFO - Filling up the DagBag from /home/lowenhard/acceleration/env/lib/python3.8/site-packages/airflow/example_dags/example_dag_decorator.py
[2022-03-27 20:25:06,384] {processor.py:654} INFO - DAG(s) dict_keys(['example_dag_decorator']) retrieved from /home/lowenhard/acceleration/env/lib/python3.8/site-packages/airflow/example_dags/example_dag_decorator.py
[2022-03-27 20:25:06,629] {logging_mixin.py:109} INFO - [2022-03-27 20:25:06,629] {dag.py:2398} INFO - Sync 1 DAGs
[2022-03-27 20:25:06,637] {logging_mixin.py:109} INFO - [2022-03-27 20:25:06,637] {dag.py:2937} INFO - Setting next_dagrun for example_dag_decorator to None
[2022-03-27 20:25:06,760] {processor.py:171} INFO - Processing /home/lowenhard/acceleration/env/lib/python3.8/site-packages/airflow/example_dags/example_dag_decorator.py took 0.411 seconds
[2022-03-27 20:25:48,840] {processor.py:163} INFO - Started process (PID=1429) to work on /home/lowenhard/acceleration/env/lib/python3.8/site-packages/airflow/example_dags/example_dag_decorator.py
[2022-03-27 20:25:48,843] {processor.py:642} INFO - Processing file /home/lowenhard/acceleration/env/lib/python3.8/site-packages/airflow/example_dags/example_dag_decorator.py for tasks to queue
[2022-03-27 20:25:48,844] {logging_mixin.py:109} INFO - [2022-03-27 20:25:48,844] {dagbag.py:500} INFO - Filling up the DagBag from /home/lowenhard/acceleration/env/lib/python3.8/site-packages/airflow/example_dags/example_dag_decorator.py
[2022-03-27 20:25:48,869] {processor.py:654} INFO - DAG(s) dict_keys(['example_dag_decorator']) retrieved from /home/lowenhard/acceleration/env/lib/python3.8/site-packages/airflow/example_dags/example_dag_decorator.py
[2022-03-27 20:25:49,102] {logging_mixin.py:109} INFO - [2022-03-27 20:25:49,102] {dag.py:2398} INFO - Sync 1 DAGs
[2022-03-27 20:25:49,112] {logging_mixin.py:109} INFO - [2022-03-27 20:25:49,112] {dag.py:2937} INFO - Setting next_dagrun for example_dag_decorator to None
[2022-03-27 20:25:49,263] {processor.py:171} INFO - Processing /home/lowenhard/acceleration/env/lib/python3.8/site-packages/airflow/example_dags/example_dag_decorator.py took 0.425 seconds
[2022-03-27 20:26:50,209] {processor.py:163} INFO - Started process (PID=1487) to work on /home/lowenhard/acceleration/env/lib/python3.8/site-packages/airflow/example_dags/example_dag_decorator.py
[2022-03-27 20:26:50,246] {processor.py:642} INFO - Processing file /home/lowenhard/acceleration/env/lib/python3.8/site-packages/airflow/example_dags/example_dag_decorator.py for tasks to queue
[2022-03-27 20:26:50,246] {logging_mixin.py:109} INFO - [2022-03-27 20:26:50,246] {dagbag.py:500} INFO - Filling up the DagBag from /home/lowenhard/acceleration/env/lib/python3.8/site-packages/airflow/example_dags/example_dag_decorator.py
[2022-03-27 20:26:50,275] {processor.py:654} INFO - DAG(s) dict_keys(['example_dag_decorator']) retrieved from /home/lowenhard/acceleration/env/lib/python3.8/site-packages/airflow/example_dags/example_dag_decorator.py
[2022-03-27 20:26:50,544] {logging_mixin.py:109} INFO - [2022-03-27 20:26:50,544] {dag.py:2398} INFO - Sync 1 DAGs
[2022-03-27 20:26:50,553] {logging_mixin.py:109} INFO - [2022-03-27 20:26:50,553] {dag.py:2937} INFO - Setting next_dagrun for example_dag_decorator to None
[2022-03-27 20:26:50,691] {processor.py:171} INFO - Processing /home/lowenhard/acceleration/env/lib/python3.8/site-packages/airflow/example_dags/example_dag_decorator.py took 0.485 seconds
[2022-03-27 20:27:48,234] {processor.py:163} INFO - Started process (PID=1533) to work on /home/lowenhard/acceleration/env/lib/python3.8/site-packages/airflow/example_dags/example_dag_decorator.py
[2022-03-27 20:27:48,493] {processor.py:642} INFO - Processing file /home/lowenhard/acceleration/env/lib/python3.8/site-packages/airflow/example_dags/example_dag_decorator.py for tasks to queue
[2022-03-27 20:27:48,494] {logging_mixin.py:109} INFO - [2022-03-27 20:27:48,494] {dagbag.py:500} INFO - Filling up the DagBag from /home/lowenhard/acceleration/env/lib/python3.8/site-packages/airflow/example_dags/example_dag_decorator.py
[2022-03-27 20:27:48,526] {processor.py:654} INFO - DAG(s) dict_keys(['example_dag_decorator']) retrieved from /home/lowenhard/acceleration/env/lib/python3.8/site-packages/airflow/example_dags/example_dag_decorator.py
[2022-03-27 20:27:48,820] {logging_mixin.py:109} INFO - [2022-03-27 20:27:48,820] {dag.py:2398} INFO - Sync 1 DAGs
[2022-03-27 20:27:48,833] {logging_mixin.py:109} INFO - [2022-03-27 20:27:48,833] {dag.py:2937} INFO - Setting next_dagrun for example_dag_decorator to None
[2022-03-27 20:27:49,087] {processor.py:171} INFO - Processing /home/lowenhard/acceleration/env/lib/python3.8/site-packages/airflow/example_dags/example_dag_decorator.py took 0.856 seconds
[2022-03-27 20:28:54,390] {processor.py:163} INFO - Started process (PID=1567) to work on /home/lowenhard/acceleration/env/lib/python3.8/site-packages/airflow/example_dags/example_dag_decorator.py
[2022-03-27 20:28:54,463] {processor.py:642} INFO - Processing file /home/lowenhard/acceleration/env/lib/python3.8/site-packages/airflow/example_dags/example_dag_decorator.py for tasks to queue
[2022-03-27 20:28:54,464] {logging_mixin.py:109} INFO - [2022-03-27 20:28:54,464] {dagbag.py:500} INFO - Filling up the DagBag from /home/lowenhard/acceleration/env/lib/python3.8/site-packages/airflow/example_dags/example_dag_decorator.py
[2022-03-27 20:28:54,497] {processor.py:654} INFO - DAG(s) dict_keys(['example_dag_decorator']) retrieved from /home/lowenhard/acceleration/env/lib/python3.8/site-packages/airflow/example_dags/example_dag_decorator.py
[2022-03-27 20:28:54,798] {logging_mixin.py:109} INFO - [2022-03-27 20:28:54,798] {dag.py:2398} INFO - Sync 1 DAGs
[2022-03-27 20:28:54,807] {logging_mixin.py:109} INFO - [2022-03-27 20:28:54,807] {dag.py:2937} INFO - Setting next_dagrun for example_dag_decorator to None
[2022-03-27 20:28:56,951] {processor.py:171} INFO - Processing /home/lowenhard/acceleration/env/lib/python3.8/site-packages/airflow/example_dags/example_dag_decorator.py took 2.564 seconds
[2022-03-27 20:29:46,018] {processor.py:163} INFO - Started process (PID=1602) to work on /home/lowenhard/acceleration/env/lib/python3.8/site-packages/airflow/example_dags/example_dag_decorator.py
[2022-03-27 20:29:46,079] {processor.py:642} INFO - Processing file /home/lowenhard/acceleration/env/lib/python3.8/site-packages/airflow/example_dags/example_dag_decorator.py for tasks to queue
[2022-03-27 20:29:46,080] {logging_mixin.py:109} INFO - [2022-03-27 20:29:46,080] {dagbag.py:500} INFO - Filling up the DagBag from /home/lowenhard/acceleration/env/lib/python3.8/site-packages/airflow/example_dags/example_dag_decorator.py
[2022-03-27 20:29:46,114] {processor.py:654} INFO - DAG(s) dict_keys(['example_dag_decorator']) retrieved from /home/lowenhard/acceleration/env/lib/python3.8/site-packages/airflow/example_dags/example_dag_decorator.py
[2022-03-27 20:29:46,356] {logging_mixin.py:109} INFO - [2022-03-27 20:29:46,356] {dag.py:2398} INFO - Sync 1 DAGs
[2022-03-27 20:29:46,365] {logging_mixin.py:109} INFO - [2022-03-27 20:29:46,364] {dag.py:2937} INFO - Setting next_dagrun for example_dag_decorator to None
[2022-03-27 20:29:46,499] {processor.py:171} INFO - Processing /home/lowenhard/acceleration/env/lib/python3.8/site-packages/airflow/example_dags/example_dag_decorator.py took 0.484 seconds
[2022-03-27 20:48:15,250] {processor.py:163} INFO - Started process (PID=1725) to work on /home/lowenhard/acceleration/env/lib/python3.8/site-packages/airflow/example_dags/example_dag_decorator.py
[2022-03-27 20:48:15,285] {processor.py:642} INFO - Processing file /home/lowenhard/acceleration/env/lib/python3.8/site-packages/airflow/example_dags/example_dag_decorator.py for tasks to queue
[2022-03-27 20:48:15,286] {logging_mixin.py:109} INFO - [2022-03-27 20:48:15,286] {dagbag.py:500} INFO - Filling up the DagBag from /home/lowenhard/acceleration/env/lib/python3.8/site-packages/airflow/example_dags/example_dag_decorator.py
[2022-03-27 20:48:15,312] {processor.py:654} INFO - DAG(s) dict_keys(['example_dag_decorator']) retrieved from /home/lowenhard/acceleration/env/lib/python3.8/site-packages/airflow/example_dags/example_dag_decorator.py
[2022-03-27 20:48:15,316] {logging_mixin.py:109} INFO - [2022-03-27 20:48:15,316] {dag.py:2398} INFO - Sync 1 DAGs
[2022-03-27 20:48:15,328] {logging_mixin.py:109} INFO - [2022-03-27 20:48:15,328] {dag.py:2937} INFO - Setting next_dagrun for example_dag_decorator to None
[2022-03-27 20:48:15,479] {processor.py:171} INFO - Processing /home/lowenhard/acceleration/env/lib/python3.8/site-packages/airflow/example_dags/example_dag_decorator.py took 0.232 seconds
[2022-03-27 20:49:48,275] {processor.py:163} INFO - Started process (PID=1783) to work on /home/lowenhard/acceleration/env/lib/python3.8/site-packages/airflow/example_dags/example_dag_decorator.py
[2022-03-27 20:49:48,417] {processor.py:642} INFO - Processing file /home/lowenhard/acceleration/env/lib/python3.8/site-packages/airflow/example_dags/example_dag_decorator.py for tasks to queue
[2022-03-27 20:49:48,418] {logging_mixin.py:109} INFO - [2022-03-27 20:49:48,418] {dagbag.py:500} INFO - Filling up the DagBag from /home/lowenhard/acceleration/env/lib/python3.8/site-packages/airflow/example_dags/example_dag_decorator.py
[2022-03-27 20:49:48,446] {processor.py:654} INFO - DAG(s) dict_keys(['example_dag_decorator']) retrieved from /home/lowenhard/acceleration/env/lib/python3.8/site-packages/airflow/example_dags/example_dag_decorator.py
[2022-03-27 20:49:48,675] {logging_mixin.py:109} INFO - [2022-03-27 20:49:48,674] {dag.py:2398} INFO - Sync 1 DAGs
[2022-03-27 20:49:48,686] {logging_mixin.py:109} INFO - [2022-03-27 20:49:48,686] {dag.py:2937} INFO - Setting next_dagrun for example_dag_decorator to None
[2022-03-27 20:49:50,236] {processor.py:171} INFO - Processing /home/lowenhard/acceleration/env/lib/python3.8/site-packages/airflow/example_dags/example_dag_decorator.py took 1.963 seconds
[2022-03-27 20:50:35,892] {processor.py:163} INFO - Started process (PID=1827) to work on /home/lowenhard/acceleration/env/lib/python3.8/site-packages/airflow/example_dags/example_dag_decorator.py
[2022-03-27 20:50:35,895] {processor.py:642} INFO - Processing file /home/lowenhard/acceleration/env/lib/python3.8/site-packages/airflow/example_dags/example_dag_decorator.py for tasks to queue
[2022-03-27 20:50:35,896] {logging_mixin.py:109} INFO - [2022-03-27 20:50:35,896] {dagbag.py:500} INFO - Filling up the DagBag from /home/lowenhard/acceleration/env/lib/python3.8/site-packages/airflow/example_dags/example_dag_decorator.py
[2022-03-27 20:50:35,925] {processor.py:654} INFO - DAG(s) dict_keys(['example_dag_decorator']) retrieved from /home/lowenhard/acceleration/env/lib/python3.8/site-packages/airflow/example_dags/example_dag_decorator.py
[2022-03-27 20:50:36,105] {logging_mixin.py:109} INFO - [2022-03-27 20:50:36,105] {dag.py:2398} INFO - Sync 1 DAGs
[2022-03-27 20:50:36,117] {logging_mixin.py:109} INFO - [2022-03-27 20:50:36,117] {dag.py:2937} INFO - Setting next_dagrun for example_dag_decorator to None
[2022-03-27 20:50:36,266] {processor.py:171} INFO - Processing /home/lowenhard/acceleration/env/lib/python3.8/site-packages/airflow/example_dags/example_dag_decorator.py took 0.377 seconds
[2022-03-27 20:51:50,029] {processor.py:163} INFO - Started process (PID=1908) to work on /home/lowenhard/acceleration/env/lib/python3.8/site-packages/airflow/example_dags/example_dag_decorator.py
[2022-03-27 20:51:50,033] {processor.py:642} INFO - Processing file /home/lowenhard/acceleration/env/lib/python3.8/site-packages/airflow/example_dags/example_dag_decorator.py for tasks to queue
[2022-03-27 20:51:50,034] {logging_mixin.py:109} INFO - [2022-03-27 20:51:50,034] {dagbag.py:500} INFO - Filling up the DagBag from /home/lowenhard/acceleration/env/lib/python3.8/site-packages/airflow/example_dags/example_dag_decorator.py
[2022-03-27 20:51:50,085] {processor.py:654} INFO - DAG(s) dict_keys(['example_dag_decorator']) retrieved from /home/lowenhard/acceleration/env/lib/python3.8/site-packages/airflow/example_dags/example_dag_decorator.py
[2022-03-27 20:51:50,090] {logging_mixin.py:109} INFO - [2022-03-27 20:51:50,090] {dag.py:2398} INFO - Sync 1 DAGs
[2022-03-27 20:51:50,116] {logging_mixin.py:109} INFO - [2022-03-27 20:51:50,115] {dag.py:2937} INFO - Setting next_dagrun for example_dag_decorator to None
[2022-03-27 20:51:50,288] {processor.py:171} INFO - Processing /home/lowenhard/acceleration/env/lib/python3.8/site-packages/airflow/example_dags/example_dag_decorator.py took 0.262 seconds
[2022-03-27 20:53:07,204] {processor.py:163} INFO - Started process (PID=1982) to work on /home/lowenhard/acceleration/env/lib/python3.8/site-packages/airflow/example_dags/example_dag_decorator.py
[2022-03-27 20:53:07,351] {processor.py:642} INFO - Processing file /home/lowenhard/acceleration/env/lib/python3.8/site-packages/airflow/example_dags/example_dag_decorator.py for tasks to queue
[2022-03-27 20:53:07,352] {logging_mixin.py:109} INFO - [2022-03-27 20:53:07,352] {dagbag.py:500} INFO - Filling up the DagBag from /home/lowenhard/acceleration/env/lib/python3.8/site-packages/airflow/example_dags/example_dag_decorator.py
[2022-03-27 20:53:07,388] {processor.py:654} INFO - DAG(s) dict_keys(['example_dag_decorator']) retrieved from /home/lowenhard/acceleration/env/lib/python3.8/site-packages/airflow/example_dags/example_dag_decorator.py
[2022-03-27 20:53:07,573] {logging_mixin.py:109} INFO - [2022-03-27 20:53:07,573] {dag.py:2398} INFO - Sync 1 DAGs
[2022-03-27 20:53:07,581] {logging_mixin.py:109} INFO - [2022-03-27 20:53:07,581] {dag.py:2937} INFO - Setting next_dagrun for example_dag_decorator to None
[2022-03-27 20:53:07,734] {processor.py:171} INFO - Processing /home/lowenhard/acceleration/env/lib/python3.8/site-packages/airflow/example_dags/example_dag_decorator.py took 0.532 seconds
[2022-03-27 20:54:05,140] {processor.py:163} INFO - Started process (PID=2036) to work on /home/lowenhard/acceleration/env/lib/python3.8/site-packages/airflow/example_dags/example_dag_decorator.py
[2022-03-27 20:54:05,156] {processor.py:642} INFO - Processing file /home/lowenhard/acceleration/env/lib/python3.8/site-packages/airflow/example_dags/example_dag_decorator.py for tasks to queue
[2022-03-27 20:54:05,157] {logging_mixin.py:109} INFO - [2022-03-27 20:54:05,157] {dagbag.py:500} INFO - Filling up the DagBag from /home/lowenhard/acceleration/env/lib/python3.8/site-packages/airflow/example_dags/example_dag_decorator.py
[2022-03-27 20:54:05,182] {processor.py:654} INFO - DAG(s) dict_keys(['example_dag_decorator']) retrieved from /home/lowenhard/acceleration/env/lib/python3.8/site-packages/airflow/example_dags/example_dag_decorator.py
[2022-03-27 20:54:05,355] {logging_mixin.py:109} INFO - [2022-03-27 20:54:05,355] {dag.py:2398} INFO - Sync 1 DAGs
[2022-03-27 20:54:05,365] {logging_mixin.py:109} INFO - [2022-03-27 20:54:05,365] {dag.py:2937} INFO - Setting next_dagrun for example_dag_decorator to None
[2022-03-27 20:54:05,509] {processor.py:171} INFO - Processing /home/lowenhard/acceleration/env/lib/python3.8/site-packages/airflow/example_dags/example_dag_decorator.py took 0.373 seconds
[2022-03-27 20:54:53,552] {processor.py:163} INFO - Started process (PID=2100) to work on /home/lowenhard/acceleration/env/lib/python3.8/site-packages/airflow/example_dags/example_dag_decorator.py
[2022-03-27 20:54:53,569] {processor.py:642} INFO - Processing file /home/lowenhard/acceleration/env/lib/python3.8/site-packages/airflow/example_dags/example_dag_decorator.py for tasks to queue
[2022-03-27 20:54:53,570] {logging_mixin.py:109} INFO - [2022-03-27 20:54:53,570] {dagbag.py:500} INFO - Filling up the DagBag from /home/lowenhard/acceleration/env/lib/python3.8/site-packages/airflow/example_dags/example_dag_decorator.py
[2022-03-27 20:54:53,597] {processor.py:654} INFO - DAG(s) dict_keys(['example_dag_decorator']) retrieved from /home/lowenhard/acceleration/env/lib/python3.8/site-packages/airflow/example_dags/example_dag_decorator.py
[2022-03-27 20:54:53,763] {logging_mixin.py:109} INFO - [2022-03-27 20:54:53,763] {dag.py:2398} INFO - Sync 1 DAGs
[2022-03-27 20:54:53,773] {logging_mixin.py:109} INFO - [2022-03-27 20:54:53,773] {dag.py:2937} INFO - Setting next_dagrun for example_dag_decorator to None
[2022-03-27 20:54:53,969] {processor.py:171} INFO - Processing /home/lowenhard/acceleration/env/lib/python3.8/site-packages/airflow/example_dags/example_dag_decorator.py took 0.419 seconds
[2022-03-27 20:55:43,523] {processor.py:163} INFO - Started process (PID=2163) to work on /home/lowenhard/acceleration/env/lib/python3.8/site-packages/airflow/example_dags/example_dag_decorator.py
[2022-03-27 20:55:43,550] {processor.py:642} INFO - Processing file /home/lowenhard/acceleration/env/lib/python3.8/site-packages/airflow/example_dags/example_dag_decorator.py for tasks to queue
[2022-03-27 20:55:43,550] {logging_mixin.py:109} INFO - [2022-03-27 20:55:43,550] {dagbag.py:500} INFO - Filling up the DagBag from /home/lowenhard/acceleration/env/lib/python3.8/site-packages/airflow/example_dags/example_dag_decorator.py
[2022-03-27 20:55:43,578] {processor.py:654} INFO - DAG(s) dict_keys(['example_dag_decorator']) retrieved from /home/lowenhard/acceleration/env/lib/python3.8/site-packages/airflow/example_dags/example_dag_decorator.py
[2022-03-27 20:55:43,816] {logging_mixin.py:109} INFO - [2022-03-27 20:55:43,816] {dag.py:2398} INFO - Sync 1 DAGs
[2022-03-27 20:55:43,894] {logging_mixin.py:109} INFO - [2022-03-27 20:55:43,894] {dag.py:2937} INFO - Setting next_dagrun for example_dag_decorator to None
[2022-03-27 20:55:44,029] {processor.py:171} INFO - Processing /home/lowenhard/acceleration/env/lib/python3.8/site-packages/airflow/example_dags/example_dag_decorator.py took 0.508 seconds
[2022-03-27 20:56:47,981] {processor.py:163} INFO - Started process (PID=2221) to work on /home/lowenhard/acceleration/env/lib/python3.8/site-packages/airflow/example_dags/example_dag_decorator.py
[2022-03-27 20:56:48,562] {processor.py:642} INFO - Processing file /home/lowenhard/acceleration/env/lib/python3.8/site-packages/airflow/example_dags/example_dag_decorator.py for tasks to queue
[2022-03-27 20:56:48,563] {logging_mixin.py:109} INFO - [2022-03-27 20:56:48,563] {dagbag.py:500} INFO - Filling up the DagBag from /home/lowenhard/acceleration/env/lib/python3.8/site-packages/airflow/example_dags/example_dag_decorator.py
[2022-03-27 20:56:48,591] {processor.py:654} INFO - DAG(s) dict_keys(['example_dag_decorator']) retrieved from /home/lowenhard/acceleration/env/lib/python3.8/site-packages/airflow/example_dags/example_dag_decorator.py
[2022-03-27 20:56:48,780] {logging_mixin.py:109} INFO - [2022-03-27 20:56:48,780] {dag.py:2398} INFO - Sync 1 DAGs
[2022-03-27 20:56:48,864] {logging_mixin.py:109} INFO - [2022-03-27 20:56:48,864] {dag.py:2937} INFO - Setting next_dagrun for example_dag_decorator to None
[2022-03-27 20:56:48,995] {processor.py:171} INFO - Processing /home/lowenhard/acceleration/env/lib/python3.8/site-packages/airflow/example_dags/example_dag_decorator.py took 1.016 seconds
[2022-03-27 20:57:36,641] {processor.py:163} INFO - Started process (PID=2270) to work on /home/lowenhard/acceleration/env/lib/python3.8/site-packages/airflow/example_dags/example_dag_decorator.py
[2022-03-27 20:57:36,649] {processor.py:642} INFO - Processing file /home/lowenhard/acceleration/env/lib/python3.8/site-packages/airflow/example_dags/example_dag_decorator.py for tasks to queue
[2022-03-27 20:57:36,649] {logging_mixin.py:109} INFO - [2022-03-27 20:57:36,649] {dagbag.py:500} INFO - Filling up the DagBag from /home/lowenhard/acceleration/env/lib/python3.8/site-packages/airflow/example_dags/example_dag_decorator.py
[2022-03-27 20:57:36,677] {processor.py:654} INFO - DAG(s) dict_keys(['example_dag_decorator']) retrieved from /home/lowenhard/acceleration/env/lib/python3.8/site-packages/airflow/example_dags/example_dag_decorator.py
[2022-03-27 20:57:36,935] {logging_mixin.py:109} INFO - [2022-03-27 20:57:36,934] {dag.py:2398} INFO - Sync 1 DAGs
[2022-03-27 20:57:36,944] {logging_mixin.py:109} INFO - [2022-03-27 20:57:36,944] {dag.py:2937} INFO - Setting next_dagrun for example_dag_decorator to None
[2022-03-27 20:57:37,154] {processor.py:171} INFO - Processing /home/lowenhard/acceleration/env/lib/python3.8/site-packages/airflow/example_dags/example_dag_decorator.py took 0.515 seconds
[2022-03-27 20:58:34,652] {processor.py:163} INFO - Started process (PID=2325) to work on /home/lowenhard/acceleration/env/lib/python3.8/site-packages/airflow/example_dags/example_dag_decorator.py
[2022-03-27 20:58:34,654] {processor.py:642} INFO - Processing file /home/lowenhard/acceleration/env/lib/python3.8/site-packages/airflow/example_dags/example_dag_decorator.py for tasks to queue
[2022-03-27 20:58:34,654] {logging_mixin.py:109} INFO - [2022-03-27 20:58:34,654] {dagbag.py:500} INFO - Filling up the DagBag from /home/lowenhard/acceleration/env/lib/python3.8/site-packages/airflow/example_dags/example_dag_decorator.py
[2022-03-27 20:58:34,687] {processor.py:654} INFO - DAG(s) dict_keys(['example_dag_decorator']) retrieved from /home/lowenhard/acceleration/env/lib/python3.8/site-packages/airflow/example_dags/example_dag_decorator.py
[2022-03-27 20:58:34,945] {logging_mixin.py:109} INFO - [2022-03-27 20:58:34,945] {dag.py:2398} INFO - Sync 1 DAGs
[2022-03-27 20:58:34,953] {logging_mixin.py:109} INFO - [2022-03-27 20:58:34,953] {dag.py:2937} INFO - Setting next_dagrun for example_dag_decorator to None
[2022-03-27 20:58:35,189] {processor.py:171} INFO - Processing /home/lowenhard/acceleration/env/lib/python3.8/site-packages/airflow/example_dags/example_dag_decorator.py took 0.539 seconds
[2022-03-27 20:59:34,809] {processor.py:163} INFO - Started process (PID=2374) to work on /home/lowenhard/acceleration/env/lib/python3.8/site-packages/airflow/example_dags/example_dag_decorator.py
[2022-03-27 20:59:34,811] {processor.py:642} INFO - Processing file /home/lowenhard/acceleration/env/lib/python3.8/site-packages/airflow/example_dags/example_dag_decorator.py for tasks to queue
[2022-03-27 20:59:34,812] {logging_mixin.py:109} INFO - [2022-03-27 20:59:34,812] {dagbag.py:500} INFO - Filling up the DagBag from /home/lowenhard/acceleration/env/lib/python3.8/site-packages/airflow/example_dags/example_dag_decorator.py
[2022-03-27 20:59:34,838] {processor.py:654} INFO - DAG(s) dict_keys(['example_dag_decorator']) retrieved from /home/lowenhard/acceleration/env/lib/python3.8/site-packages/airflow/example_dags/example_dag_decorator.py
[2022-03-27 20:59:35,085] {logging_mixin.py:109} INFO - [2022-03-27 20:59:35,085] {dag.py:2398} INFO - Sync 1 DAGs
[2022-03-27 20:59:35,095] {logging_mixin.py:109} INFO - [2022-03-27 20:59:35,095] {dag.py:2937} INFO - Setting next_dagrun for example_dag_decorator to None
[2022-03-27 20:59:35,848] {processor.py:171} INFO - Processing /home/lowenhard/acceleration/env/lib/python3.8/site-packages/airflow/example_dags/example_dag_decorator.py took 1.041 seconds
[2022-03-28 05:37:31,979] {processor.py:163} INFO - Started process (PID=343) to work on /home/lowenhard/acceleration/env/lib/python3.8/site-packages/airflow/example_dags/example_dag_decorator.py
[2022-03-28 05:37:31,982] {processor.py:642} INFO - Processing file /home/lowenhard/acceleration/env/lib/python3.8/site-packages/airflow/example_dags/example_dag_decorator.py for tasks to queue
[2022-03-28 05:37:31,983] {logging_mixin.py:109} INFO - [2022-03-28 05:37:31,983] {dagbag.py:500} INFO - Filling up the DagBag from /home/lowenhard/acceleration/env/lib/python3.8/site-packages/airflow/example_dags/example_dag_decorator.py
[2022-03-28 05:37:32,008] {processor.py:654} INFO - DAG(s) dict_keys(['example_dag_decorator']) retrieved from /home/lowenhard/acceleration/env/lib/python3.8/site-packages/airflow/example_dags/example_dag_decorator.py
[2022-03-28 05:37:32,188] {logging_mixin.py:109} INFO - [2022-03-28 05:37:32,188] {dag.py:2398} INFO - Sync 1 DAGs
[2022-03-28 05:37:32,200] {logging_mixin.py:109} INFO - [2022-03-28 05:37:32,200] {dag.py:2937} INFO - Setting next_dagrun for example_dag_decorator to None
[2022-03-28 05:37:32,445] {processor.py:171} INFO - Processing /home/lowenhard/acceleration/env/lib/python3.8/site-packages/airflow/example_dags/example_dag_decorator.py took 0.468 seconds
