[2022-03-27 20:04:16,269] {processor.py:163} INFO - Started process (PID=251) to work on /home/lowenhard/acceleration/env/lib/python3.8/site-packages/airflow/example_dags/example_branch_datetime_operator.py
[2022-03-27 20:04:16,271] {processor.py:642} INFO - Processing file /home/lowenhard/acceleration/env/lib/python3.8/site-packages/airflow/example_dags/example_branch_datetime_operator.py for tasks to queue
[2022-03-27 20:04:16,272] {logging_mixin.py:109} INFO - [2022-03-27 20:04:16,272] {dagbag.py:500} INFO - Filling up the DagBag from /home/lowenhard/acceleration/env/lib/python3.8/site-packages/airflow/example_dags/example_branch_datetime_operator.py
[2022-03-27 20:04:16,307] {processor.py:654} INFO - DAG(s) dict_keys(['example_branch_datetime_operator_2']) retrieved from /home/lowenhard/acceleration/env/lib/python3.8/site-packages/airflow/example_dags/example_branch_datetime_operator.py
[2022-03-27 20:04:16,331] {logging_mixin.py:109} INFO - [2022-03-27 20:04:16,331] {dag.py:2398} INFO - Sync 1 DAGs
[2022-03-27 20:04:16,384] {logging_mixin.py:109} INFO - [2022-03-27 20:04:16,384] {dag.py:2937} INFO - Setting next_dagrun for example_branch_datetime_operator_2 to 2022-03-27 00:00:00+00:00
[2022-03-27 20:04:16,636] {processor.py:171} INFO - Processing /home/lowenhard/acceleration/env/lib/python3.8/site-packages/airflow/example_dags/example_branch_datetime_operator.py took 0.369 seconds
[2022-03-27 20:05:48,456] {processor.py:163} INFO - Started process (PID=385) to work on /home/lowenhard/acceleration/env/lib/python3.8/site-packages/airflow/example_dags/example_branch_datetime_operator.py
[2022-03-27 20:05:48,459] {processor.py:642} INFO - Processing file /home/lowenhard/acceleration/env/lib/python3.8/site-packages/airflow/example_dags/example_branch_datetime_operator.py for tasks to queue
[2022-03-27 20:05:48,459] {logging_mixin.py:109} INFO - [2022-03-27 20:05:48,459] {dagbag.py:500} INFO - Filling up the DagBag from /home/lowenhard/acceleration/env/lib/python3.8/site-packages/airflow/example_dags/example_branch_datetime_operator.py
[2022-03-27 20:05:48,480] {processor.py:654} INFO - DAG(s) dict_keys(['example_branch_datetime_operator_2']) retrieved from /home/lowenhard/acceleration/env/lib/python3.8/site-packages/airflow/example_dags/example_branch_datetime_operator.py
[2022-03-27 20:05:48,488] {logging_mixin.py:109} INFO - [2022-03-27 20:05:48,488] {dag.py:2398} INFO - Sync 1 DAGs
[2022-03-27 20:05:48,501] {logging_mixin.py:109} INFO - [2022-03-27 20:05:48,501] {dag.py:2937} INFO - Setting next_dagrun for example_branch_datetime_operator_2 to 2022-03-27 00:00:00+00:00
[2022-03-27 20:05:48,700] {processor.py:171} INFO - Processing /home/lowenhard/acceleration/env/lib/python3.8/site-packages/airflow/example_dags/example_branch_datetime_operator.py took 0.247 seconds
[2022-03-27 20:06:46,292] {processor.py:163} INFO - Started process (PID=435) to work on /home/lowenhard/acceleration/env/lib/python3.8/site-packages/airflow/example_dags/example_branch_datetime_operator.py
[2022-03-27 20:06:46,296] {processor.py:642} INFO - Processing file /home/lowenhard/acceleration/env/lib/python3.8/site-packages/airflow/example_dags/example_branch_datetime_operator.py for tasks to queue
[2022-03-27 20:06:46,297] {logging_mixin.py:109} INFO - [2022-03-27 20:06:46,297] {dagbag.py:500} INFO - Filling up the DagBag from /home/lowenhard/acceleration/env/lib/python3.8/site-packages/airflow/example_dags/example_branch_datetime_operator.py
[2022-03-27 20:06:46,321] {processor.py:654} INFO - DAG(s) dict_keys(['example_branch_datetime_operator_2']) retrieved from /home/lowenhard/acceleration/env/lib/python3.8/site-packages/airflow/example_dags/example_branch_datetime_operator.py
[2022-03-27 20:06:46,334] {logging_mixin.py:109} INFO - [2022-03-27 20:06:46,334] {dag.py:2398} INFO - Sync 1 DAGs
[2022-03-27 20:06:46,356] {logging_mixin.py:109} INFO - [2022-03-27 20:06:46,356] {dag.py:2937} INFO - Setting next_dagrun for example_branch_datetime_operator_2 to 2022-03-27 00:00:00+00:00
[2022-03-27 20:06:47,161] {processor.py:171} INFO - Processing /home/lowenhard/acceleration/env/lib/python3.8/site-packages/airflow/example_dags/example_branch_datetime_operator.py took 0.871 seconds
[2022-03-27 20:07:43,677] {processor.py:163} INFO - Started process (PID=485) to work on /home/lowenhard/acceleration/env/lib/python3.8/site-packages/airflow/example_dags/example_branch_datetime_operator.py
[2022-03-27 20:07:43,680] {processor.py:642} INFO - Processing file /home/lowenhard/acceleration/env/lib/python3.8/site-packages/airflow/example_dags/example_branch_datetime_operator.py for tasks to queue
[2022-03-27 20:07:43,681] {logging_mixin.py:109} INFO - [2022-03-27 20:07:43,680] {dagbag.py:500} INFO - Filling up the DagBag from /home/lowenhard/acceleration/env/lib/python3.8/site-packages/airflow/example_dags/example_branch_datetime_operator.py
[2022-03-27 20:07:43,701] {processor.py:654} INFO - DAG(s) dict_keys(['example_branch_datetime_operator_2']) retrieved from /home/lowenhard/acceleration/env/lib/python3.8/site-packages/airflow/example_dags/example_branch_datetime_operator.py
[2022-03-27 20:07:43,710] {logging_mixin.py:109} INFO - [2022-03-27 20:07:43,710] {dag.py:2398} INFO - Sync 1 DAGs
[2022-03-27 20:07:43,723] {logging_mixin.py:109} INFO - [2022-03-27 20:07:43,723] {dag.py:2937} INFO - Setting next_dagrun for example_branch_datetime_operator_2 to 2022-03-27 00:00:00+00:00
[2022-03-27 20:07:43,860] {processor.py:171} INFO - Processing /home/lowenhard/acceleration/env/lib/python3.8/site-packages/airflow/example_dags/example_branch_datetime_operator.py took 0.184 seconds
[2022-03-27 20:09:14,829] {processor.py:163} INFO - Started process (PID=552) to work on /home/lowenhard/acceleration/env/lib/python3.8/site-packages/airflow/example_dags/example_branch_datetime_operator.py
[2022-03-27 20:09:14,831] {processor.py:642} INFO - Processing file /home/lowenhard/acceleration/env/lib/python3.8/site-packages/airflow/example_dags/example_branch_datetime_operator.py for tasks to queue
[2022-03-27 20:09:14,832] {logging_mixin.py:109} INFO - [2022-03-27 20:09:14,832] {dagbag.py:500} INFO - Filling up the DagBag from /home/lowenhard/acceleration/env/lib/python3.8/site-packages/airflow/example_dags/example_branch_datetime_operator.py
[2022-03-27 20:09:14,854] {processor.py:654} INFO - DAG(s) dict_keys(['example_branch_datetime_operator_2']) retrieved from /home/lowenhard/acceleration/env/lib/python3.8/site-packages/airflow/example_dags/example_branch_datetime_operator.py
[2022-03-27 20:09:14,863] {logging_mixin.py:109} INFO - [2022-03-27 20:09:14,863] {dag.py:2398} INFO - Sync 1 DAGs
[2022-03-27 20:09:14,876] {logging_mixin.py:109} INFO - [2022-03-27 20:09:14,876] {dag.py:2937} INFO - Setting next_dagrun for example_branch_datetime_operator_2 to 2022-03-27 00:00:00+00:00
[2022-03-27 20:09:17,039] {processor.py:171} INFO - Processing /home/lowenhard/acceleration/env/lib/python3.8/site-packages/airflow/example_dags/example_branch_datetime_operator.py took 2.213 seconds
[2022-03-27 20:10:24,370] {processor.py:163} INFO - Started process (PID=617) to work on /home/lowenhard/acceleration/env/lib/python3.8/site-packages/airflow/example_dags/example_branch_datetime_operator.py
[2022-03-27 20:10:24,380] {processor.py:642} INFO - Processing file /home/lowenhard/acceleration/env/lib/python3.8/site-packages/airflow/example_dags/example_branch_datetime_operator.py for tasks to queue
[2022-03-27 20:10:24,381] {logging_mixin.py:109} INFO - [2022-03-27 20:10:24,381] {dagbag.py:500} INFO - Filling up the DagBag from /home/lowenhard/acceleration/env/lib/python3.8/site-packages/airflow/example_dags/example_branch_datetime_operator.py
[2022-03-27 20:10:24,400] {processor.py:654} INFO - DAG(s) dict_keys(['example_branch_datetime_operator_2']) retrieved from /home/lowenhard/acceleration/env/lib/python3.8/site-packages/airflow/example_dags/example_branch_datetime_operator.py
[2022-03-27 20:10:24,409] {logging_mixin.py:109} INFO - [2022-03-27 20:10:24,409] {dag.py:2398} INFO - Sync 1 DAGs
[2022-03-27 20:10:24,422] {logging_mixin.py:109} INFO - [2022-03-27 20:10:24,422] {dag.py:2937} INFO - Setting next_dagrun for example_branch_datetime_operator_2 to 2022-03-27 00:00:00+00:00
[2022-03-27 20:10:24,564] {processor.py:171} INFO - Processing /home/lowenhard/acceleration/env/lib/python3.8/site-packages/airflow/example_dags/example_branch_datetime_operator.py took 0.197 seconds
[2022-03-27 20:11:39,042] {processor.py:163} INFO - Started process (PID=675) to work on /home/lowenhard/acceleration/env/lib/python3.8/site-packages/airflow/example_dags/example_branch_datetime_operator.py
[2022-03-27 20:11:39,053] {processor.py:642} INFO - Processing file /home/lowenhard/acceleration/env/lib/python3.8/site-packages/airflow/example_dags/example_branch_datetime_operator.py for tasks to queue
[2022-03-27 20:11:39,054] {logging_mixin.py:109} INFO - [2022-03-27 20:11:39,054] {dagbag.py:500} INFO - Filling up the DagBag from /home/lowenhard/acceleration/env/lib/python3.8/site-packages/airflow/example_dags/example_branch_datetime_operator.py
[2022-03-27 20:11:39,074] {processor.py:654} INFO - DAG(s) dict_keys(['example_branch_datetime_operator_2']) retrieved from /home/lowenhard/acceleration/env/lib/python3.8/site-packages/airflow/example_dags/example_branch_datetime_operator.py
[2022-03-27 20:11:39,082] {logging_mixin.py:109} INFO - [2022-03-27 20:11:39,082] {dag.py:2398} INFO - Sync 1 DAGs
[2022-03-27 20:11:39,095] {logging_mixin.py:109} INFO - [2022-03-27 20:11:39,095] {dag.py:2937} INFO - Setting next_dagrun for example_branch_datetime_operator_2 to 2022-03-27 00:00:00+00:00
[2022-03-27 20:11:39,248] {processor.py:171} INFO - Processing /home/lowenhard/acceleration/env/lib/python3.8/site-packages/airflow/example_dags/example_branch_datetime_operator.py took 0.209 seconds
[2022-03-27 20:13:22,647] {processor.py:163} INFO - Started process (PID=756) to work on /home/lowenhard/acceleration/env/lib/python3.8/site-packages/airflow/example_dags/example_branch_datetime_operator.py
[2022-03-27 20:13:22,663] {processor.py:642} INFO - Processing file /home/lowenhard/acceleration/env/lib/python3.8/site-packages/airflow/example_dags/example_branch_datetime_operator.py for tasks to queue
[2022-03-27 20:13:22,663] {logging_mixin.py:109} INFO - [2022-03-27 20:13:22,663] {dagbag.py:500} INFO - Filling up the DagBag from /home/lowenhard/acceleration/env/lib/python3.8/site-packages/airflow/example_dags/example_branch_datetime_operator.py
[2022-03-27 20:13:22,684] {processor.py:654} INFO - DAG(s) dict_keys(['example_branch_datetime_operator_2']) retrieved from /home/lowenhard/acceleration/env/lib/python3.8/site-packages/airflow/example_dags/example_branch_datetime_operator.py
[2022-03-27 20:13:22,692] {logging_mixin.py:109} INFO - [2022-03-27 20:13:22,692] {dag.py:2398} INFO - Sync 1 DAGs
[2022-03-27 20:13:22,706] {logging_mixin.py:109} INFO - [2022-03-27 20:13:22,706] {dag.py:2937} INFO - Setting next_dagrun for example_branch_datetime_operator_2 to 2022-03-27 00:00:00+00:00
[2022-03-27 20:13:22,836] {processor.py:171} INFO - Processing /home/lowenhard/acceleration/env/lib/python3.8/site-packages/airflow/example_dags/example_branch_datetime_operator.py took 0.192 seconds
[2022-03-27 20:14:43,983] {processor.py:163} INFO - Started process (PID=829) to work on /home/lowenhard/acceleration/env/lib/python3.8/site-packages/airflow/example_dags/example_branch_datetime_operator.py
[2022-03-27 20:14:43,999] {processor.py:642} INFO - Processing file /home/lowenhard/acceleration/env/lib/python3.8/site-packages/airflow/example_dags/example_branch_datetime_operator.py for tasks to queue
[2022-03-27 20:14:44,000] {logging_mixin.py:109} INFO - [2022-03-27 20:14:44,000] {dagbag.py:500} INFO - Filling up the DagBag from /home/lowenhard/acceleration/env/lib/python3.8/site-packages/airflow/example_dags/example_branch_datetime_operator.py
[2022-03-27 20:14:44,020] {processor.py:654} INFO - DAG(s) dict_keys(['example_branch_datetime_operator_2']) retrieved from /home/lowenhard/acceleration/env/lib/python3.8/site-packages/airflow/example_dags/example_branch_datetime_operator.py
[2022-03-27 20:14:44,028] {logging_mixin.py:109} INFO - [2022-03-27 20:14:44,028] {dag.py:2398} INFO - Sync 1 DAGs
[2022-03-27 20:14:44,041] {logging_mixin.py:109} INFO - [2022-03-27 20:14:44,041] {dag.py:2937} INFO - Setting next_dagrun for example_branch_datetime_operator_2 to 2022-03-27 00:00:00+00:00
[2022-03-27 20:14:44,175] {processor.py:171} INFO - Processing /home/lowenhard/acceleration/env/lib/python3.8/site-packages/airflow/example_dags/example_branch_datetime_operator.py took 0.195 seconds
[2022-03-27 20:15:57,345] {processor.py:163} INFO - Started process (PID=893) to work on /home/lowenhard/acceleration/env/lib/python3.8/site-packages/airflow/example_dags/example_branch_datetime_operator.py
[2022-03-27 20:15:57,347] {processor.py:642} INFO - Processing file /home/lowenhard/acceleration/env/lib/python3.8/site-packages/airflow/example_dags/example_branch_datetime_operator.py for tasks to queue
[2022-03-27 20:15:57,348] {logging_mixin.py:109} INFO - [2022-03-27 20:15:57,348] {dagbag.py:500} INFO - Filling up the DagBag from /home/lowenhard/acceleration/env/lib/python3.8/site-packages/airflow/example_dags/example_branch_datetime_operator.py
[2022-03-27 20:15:57,367] {processor.py:654} INFO - DAG(s) dict_keys(['example_branch_datetime_operator_2']) retrieved from /home/lowenhard/acceleration/env/lib/python3.8/site-packages/airflow/example_dags/example_branch_datetime_operator.py
[2022-03-27 20:15:57,375] {logging_mixin.py:109} INFO - [2022-03-27 20:15:57,375] {dag.py:2398} INFO - Sync 1 DAGs
[2022-03-27 20:15:57,387] {logging_mixin.py:109} INFO - [2022-03-27 20:15:57,387] {dag.py:2937} INFO - Setting next_dagrun for example_branch_datetime_operator_2 to 2022-03-27 00:00:00+00:00
[2022-03-27 20:15:58,231] {processor.py:171} INFO - Processing /home/lowenhard/acceleration/env/lib/python3.8/site-packages/airflow/example_dags/example_branch_datetime_operator.py took 0.889 seconds
[2022-03-27 20:16:58,512] {processor.py:163} INFO - Started process (PID=945) to work on /home/lowenhard/acceleration/env/lib/python3.8/site-packages/airflow/example_dags/example_branch_datetime_operator.py
[2022-03-27 20:16:58,515] {processor.py:642} INFO - Processing file /home/lowenhard/acceleration/env/lib/python3.8/site-packages/airflow/example_dags/example_branch_datetime_operator.py for tasks to queue
[2022-03-27 20:16:58,515] {logging_mixin.py:109} INFO - [2022-03-27 20:16:58,515] {dagbag.py:500} INFO - Filling up the DagBag from /home/lowenhard/acceleration/env/lib/python3.8/site-packages/airflow/example_dags/example_branch_datetime_operator.py
[2022-03-27 20:16:58,535] {processor.py:654} INFO - DAG(s) dict_keys(['example_branch_datetime_operator_2']) retrieved from /home/lowenhard/acceleration/env/lib/python3.8/site-packages/airflow/example_dags/example_branch_datetime_operator.py
[2022-03-27 20:16:58,544] {logging_mixin.py:109} INFO - [2022-03-27 20:16:58,544] {dag.py:2398} INFO - Sync 1 DAGs
[2022-03-27 20:16:58,558] {logging_mixin.py:109} INFO - [2022-03-27 20:16:58,557] {dag.py:2937} INFO - Setting next_dagrun for example_branch_datetime_operator_2 to 2022-03-27 00:00:00+00:00
[2022-03-27 20:16:58,712] {processor.py:171} INFO - Processing /home/lowenhard/acceleration/env/lib/python3.8/site-packages/airflow/example_dags/example_branch_datetime_operator.py took 0.202 seconds
[2022-03-27 20:18:07,880] {processor.py:163} INFO - Started process (PID=1001) to work on /home/lowenhard/acceleration/env/lib/python3.8/site-packages/airflow/example_dags/example_branch_datetime_operator.py
[2022-03-27 20:18:07,892] {processor.py:642} INFO - Processing file /home/lowenhard/acceleration/env/lib/python3.8/site-packages/airflow/example_dags/example_branch_datetime_operator.py for tasks to queue
[2022-03-27 20:18:07,892] {logging_mixin.py:109} INFO - [2022-03-27 20:18:07,892] {dagbag.py:500} INFO - Filling up the DagBag from /home/lowenhard/acceleration/env/lib/python3.8/site-packages/airflow/example_dags/example_branch_datetime_operator.py
[2022-03-27 20:18:07,911] {processor.py:654} INFO - DAG(s) dict_keys(['example_branch_datetime_operator_2']) retrieved from /home/lowenhard/acceleration/env/lib/python3.8/site-packages/airflow/example_dags/example_branch_datetime_operator.py
[2022-03-27 20:18:07,920] {logging_mixin.py:109} INFO - [2022-03-27 20:18:07,919] {dag.py:2398} INFO - Sync 1 DAGs
[2022-03-27 20:18:07,932] {logging_mixin.py:109} INFO - [2022-03-27 20:18:07,932] {dag.py:2937} INFO - Setting next_dagrun for example_branch_datetime_operator_2 to 2022-03-27 00:00:00+00:00
[2022-03-27 20:18:08,994] {processor.py:171} INFO - Processing /home/lowenhard/acceleration/env/lib/python3.8/site-packages/airflow/example_dags/example_branch_datetime_operator.py took 1.116 seconds
[2022-03-27 20:19:04,828] {processor.py:163} INFO - Started process (PID=1047) to work on /home/lowenhard/acceleration/env/lib/python3.8/site-packages/airflow/example_dags/example_branch_datetime_operator.py
[2022-03-27 20:19:05,133] {processor.py:642} INFO - Processing file /home/lowenhard/acceleration/env/lib/python3.8/site-packages/airflow/example_dags/example_branch_datetime_operator.py for tasks to queue
[2022-03-27 20:19:05,134] {logging_mixin.py:109} INFO - [2022-03-27 20:19:05,134] {dagbag.py:500} INFO - Filling up the DagBag from /home/lowenhard/acceleration/env/lib/python3.8/site-packages/airflow/example_dags/example_branch_datetime_operator.py
[2022-03-27 20:19:05,153] {processor.py:654} INFO - DAG(s) dict_keys(['example_branch_datetime_operator_2']) retrieved from /home/lowenhard/acceleration/env/lib/python3.8/site-packages/airflow/example_dags/example_branch_datetime_operator.py
[2022-03-27 20:19:05,161] {logging_mixin.py:109} INFO - [2022-03-27 20:19:05,161] {dag.py:2398} INFO - Sync 1 DAGs
[2022-03-27 20:19:05,173] {logging_mixin.py:109} INFO - [2022-03-27 20:19:05,173] {dag.py:2937} INFO - Setting next_dagrun for example_branch_datetime_operator_2 to 2022-03-27 00:00:00+00:00
[2022-03-27 20:19:05,334] {processor.py:171} INFO - Processing /home/lowenhard/acceleration/env/lib/python3.8/site-packages/airflow/example_dags/example_branch_datetime_operator.py took 0.509 seconds
[2022-03-27 20:20:21,104] {processor.py:163} INFO - Started process (PID=1111) to work on /home/lowenhard/acceleration/env/lib/python3.8/site-packages/airflow/example_dags/example_branch_datetime_operator.py
[2022-03-27 20:20:21,120] {processor.py:642} INFO - Processing file /home/lowenhard/acceleration/env/lib/python3.8/site-packages/airflow/example_dags/example_branch_datetime_operator.py for tasks to queue
[2022-03-27 20:20:21,121] {logging_mixin.py:109} INFO - [2022-03-27 20:20:21,120] {dagbag.py:500} INFO - Filling up the DagBag from /home/lowenhard/acceleration/env/lib/python3.8/site-packages/airflow/example_dags/example_branch_datetime_operator.py
[2022-03-27 20:20:21,141] {processor.py:654} INFO - DAG(s) dict_keys(['example_branch_datetime_operator_2']) retrieved from /home/lowenhard/acceleration/env/lib/python3.8/site-packages/airflow/example_dags/example_branch_datetime_operator.py
[2022-03-27 20:20:21,149] {logging_mixin.py:109} INFO - [2022-03-27 20:20:21,149] {dag.py:2398} INFO - Sync 1 DAGs
[2022-03-27 20:20:21,163] {logging_mixin.py:109} INFO - [2022-03-27 20:20:21,163] {dag.py:2937} INFO - Setting next_dagrun for example_branch_datetime_operator_2 to 2022-03-27 00:00:00+00:00
[2022-03-27 20:20:21,377] {processor.py:171} INFO - Processing /home/lowenhard/acceleration/env/lib/python3.8/site-packages/airflow/example_dags/example_branch_datetime_operator.py took 0.277 seconds
[2022-03-27 20:22:00,080] {processor.py:163} INFO - Started process (PID=1208) to work on /home/lowenhard/acceleration/env/lib/python3.8/site-packages/airflow/example_dags/example_branch_datetime_operator.py
[2022-03-27 20:22:00,110] {processor.py:642} INFO - Processing file /home/lowenhard/acceleration/env/lib/python3.8/site-packages/airflow/example_dags/example_branch_datetime_operator.py for tasks to queue
[2022-03-27 20:22:00,110] {logging_mixin.py:109} INFO - [2022-03-27 20:22:00,110] {dagbag.py:500} INFO - Filling up the DagBag from /home/lowenhard/acceleration/env/lib/python3.8/site-packages/airflow/example_dags/example_branch_datetime_operator.py
[2022-03-27 20:22:00,132] {processor.py:654} INFO - DAG(s) dict_keys(['example_branch_datetime_operator_2']) retrieved from /home/lowenhard/acceleration/env/lib/python3.8/site-packages/airflow/example_dags/example_branch_datetime_operator.py
[2022-03-27 20:22:00,141] {logging_mixin.py:109} INFO - [2022-03-27 20:22:00,141] {dag.py:2398} INFO - Sync 1 DAGs
[2022-03-27 20:22:00,155] {logging_mixin.py:109} INFO - [2022-03-27 20:22:00,155] {dag.py:2937} INFO - Setting next_dagrun for example_branch_datetime_operator_2 to 2022-03-27 00:00:00+00:00
[2022-03-27 20:22:01,876] {processor.py:171} INFO - Processing /home/lowenhard/acceleration/env/lib/python3.8/site-packages/airflow/example_dags/example_branch_datetime_operator.py took 1.798 seconds
[2022-03-27 20:23:18,763] {processor.py:163} INFO - Started process (PID=1278) to work on /home/lowenhard/acceleration/env/lib/python3.8/site-packages/airflow/example_dags/example_branch_datetime_operator.py
[2022-03-27 20:23:18,766] {processor.py:642} INFO - Processing file /home/lowenhard/acceleration/env/lib/python3.8/site-packages/airflow/example_dags/example_branch_datetime_operator.py for tasks to queue
[2022-03-27 20:23:18,767] {logging_mixin.py:109} INFO - [2022-03-27 20:23:18,766] {dagbag.py:500} INFO - Filling up the DagBag from /home/lowenhard/acceleration/env/lib/python3.8/site-packages/airflow/example_dags/example_branch_datetime_operator.py
[2022-03-27 20:23:18,785] {processor.py:654} INFO - DAG(s) dict_keys(['example_branch_datetime_operator_2']) retrieved from /home/lowenhard/acceleration/env/lib/python3.8/site-packages/airflow/example_dags/example_branch_datetime_operator.py
[2022-03-27 20:23:18,793] {logging_mixin.py:109} INFO - [2022-03-27 20:23:18,793] {dag.py:2398} INFO - Sync 1 DAGs
[2022-03-27 20:23:18,807] {logging_mixin.py:109} INFO - [2022-03-27 20:23:18,807] {dag.py:2937} INFO - Setting next_dagrun for example_branch_datetime_operator_2 to 2022-03-27 00:00:00+00:00
[2022-03-27 20:23:18,949] {processor.py:171} INFO - Processing /home/lowenhard/acceleration/env/lib/python3.8/site-packages/airflow/example_dags/example_branch_datetime_operator.py took 0.189 seconds
[2022-03-27 20:24:20,411] {processor.py:163} INFO - Started process (PID=1342) to work on /home/lowenhard/acceleration/env/lib/python3.8/site-packages/airflow/example_dags/example_branch_datetime_operator.py
[2022-03-27 20:24:20,417] {processor.py:642} INFO - Processing file /home/lowenhard/acceleration/env/lib/python3.8/site-packages/airflow/example_dags/example_branch_datetime_operator.py for tasks to queue
[2022-03-27 20:24:20,417] {logging_mixin.py:109} INFO - [2022-03-27 20:24:20,417] {dagbag.py:500} INFO - Filling up the DagBag from /home/lowenhard/acceleration/env/lib/python3.8/site-packages/airflow/example_dags/example_branch_datetime_operator.py
[2022-03-27 20:24:20,437] {processor.py:654} INFO - DAG(s) dict_keys(['example_branch_datetime_operator_2']) retrieved from /home/lowenhard/acceleration/env/lib/python3.8/site-packages/airflow/example_dags/example_branch_datetime_operator.py
[2022-03-27 20:24:20,445] {logging_mixin.py:109} INFO - [2022-03-27 20:24:20,445] {dag.py:2398} INFO - Sync 1 DAGs
[2022-03-27 20:24:20,459] {logging_mixin.py:109} INFO - [2022-03-27 20:24:20,459] {dag.py:2937} INFO - Setting next_dagrun for example_branch_datetime_operator_2 to 2022-03-27 00:00:00+00:00
[2022-03-27 20:24:20,594] {processor.py:171} INFO - Processing /home/lowenhard/acceleration/env/lib/python3.8/site-packages/airflow/example_dags/example_branch_datetime_operator.py took 0.185 seconds
[2022-03-27 20:25:21,259] {processor.py:163} INFO - Started process (PID=1400) to work on /home/lowenhard/acceleration/env/lib/python3.8/site-packages/airflow/example_dags/example_branch_datetime_operator.py
[2022-03-27 20:25:21,273] {processor.py:642} INFO - Processing file /home/lowenhard/acceleration/env/lib/python3.8/site-packages/airflow/example_dags/example_branch_datetime_operator.py for tasks to queue
[2022-03-27 20:25:21,274] {logging_mixin.py:109} INFO - [2022-03-27 20:25:21,274] {dagbag.py:500} INFO - Filling up the DagBag from /home/lowenhard/acceleration/env/lib/python3.8/site-packages/airflow/example_dags/example_branch_datetime_operator.py
[2022-03-27 20:25:21,294] {processor.py:654} INFO - DAG(s) dict_keys(['example_branch_datetime_operator_2']) retrieved from /home/lowenhard/acceleration/env/lib/python3.8/site-packages/airflow/example_dags/example_branch_datetime_operator.py
[2022-03-27 20:25:21,303] {logging_mixin.py:109} INFO - [2022-03-27 20:25:21,303] {dag.py:2398} INFO - Sync 1 DAGs
[2022-03-27 20:25:21,317] {logging_mixin.py:109} INFO - [2022-03-27 20:25:21,316] {dag.py:2937} INFO - Setting next_dagrun for example_branch_datetime_operator_2 to 2022-03-27 00:00:00+00:00
[2022-03-27 20:25:21,459] {processor.py:171} INFO - Processing /home/lowenhard/acceleration/env/lib/python3.8/site-packages/airflow/example_dags/example_branch_datetime_operator.py took 0.203 seconds
[2022-03-27 20:26:39,000] {processor.py:163} INFO - Started process (PID=1470) to work on /home/lowenhard/acceleration/env/lib/python3.8/site-packages/airflow/example_dags/example_branch_datetime_operator.py
[2022-03-27 20:26:39,007] {processor.py:642} INFO - Processing file /home/lowenhard/acceleration/env/lib/python3.8/site-packages/airflow/example_dags/example_branch_datetime_operator.py for tasks to queue
[2022-03-27 20:26:39,008] {logging_mixin.py:109} INFO - [2022-03-27 20:26:39,008] {dagbag.py:500} INFO - Filling up the DagBag from /home/lowenhard/acceleration/env/lib/python3.8/site-packages/airflow/example_dags/example_branch_datetime_operator.py
[2022-03-27 20:26:39,030] {processor.py:654} INFO - DAG(s) dict_keys(['example_branch_datetime_operator_2']) retrieved from /home/lowenhard/acceleration/env/lib/python3.8/site-packages/airflow/example_dags/example_branch_datetime_operator.py
[2022-03-27 20:26:39,038] {logging_mixin.py:109} INFO - [2022-03-27 20:26:39,038] {dag.py:2398} INFO - Sync 1 DAGs
[2022-03-27 20:26:39,051] {logging_mixin.py:109} INFO - [2022-03-27 20:26:39,050] {dag.py:2937} INFO - Setting next_dagrun for example_branch_datetime_operator_2 to 2022-03-27 00:00:00+00:00
[2022-03-27 20:26:39,178] {processor.py:171} INFO - Processing /home/lowenhard/acceleration/env/lib/python3.8/site-packages/airflow/example_dags/example_branch_datetime_operator.py took 0.181 seconds
[2022-03-27 20:27:44,240] {processor.py:163} INFO - Started process (PID=1530) to work on /home/lowenhard/acceleration/env/lib/python3.8/site-packages/airflow/example_dags/example_branch_datetime_operator.py
[2022-03-27 20:27:44,250] {processor.py:642} INFO - Processing file /home/lowenhard/acceleration/env/lib/python3.8/site-packages/airflow/example_dags/example_branch_datetime_operator.py for tasks to queue
[2022-03-27 20:27:44,250] {logging_mixin.py:109} INFO - [2022-03-27 20:27:44,250] {dagbag.py:500} INFO - Filling up the DagBag from /home/lowenhard/acceleration/env/lib/python3.8/site-packages/airflow/example_dags/example_branch_datetime_operator.py
[2022-03-27 20:27:44,271] {processor.py:654} INFO - DAG(s) dict_keys(['example_branch_datetime_operator_2']) retrieved from /home/lowenhard/acceleration/env/lib/python3.8/site-packages/airflow/example_dags/example_branch_datetime_operator.py
[2022-03-27 20:27:44,280] {logging_mixin.py:109} INFO - [2022-03-27 20:27:44,280] {dag.py:2398} INFO - Sync 1 DAGs
[2022-03-27 20:27:44,293] {logging_mixin.py:109} INFO - [2022-03-27 20:27:44,293] {dag.py:2937} INFO - Setting next_dagrun for example_branch_datetime_operator_2 to 2022-03-27 00:00:00+00:00
[2022-03-27 20:27:44,443] {processor.py:171} INFO - Processing /home/lowenhard/acceleration/env/lib/python3.8/site-packages/airflow/example_dags/example_branch_datetime_operator.py took 0.206 seconds
[2022-03-27 20:29:26,188] {processor.py:163} INFO - Started process (PID=1583) to work on /home/lowenhard/acceleration/env/lib/python3.8/site-packages/airflow/example_dags/example_branch_datetime_operator.py
[2022-03-27 20:29:26,275] {processor.py:642} INFO - Processing file /home/lowenhard/acceleration/env/lib/python3.8/site-packages/airflow/example_dags/example_branch_datetime_operator.py for tasks to queue
[2022-03-27 20:29:26,276] {logging_mixin.py:109} INFO - [2022-03-27 20:29:26,276] {dagbag.py:500} INFO - Filling up the DagBag from /home/lowenhard/acceleration/env/lib/python3.8/site-packages/airflow/example_dags/example_branch_datetime_operator.py
[2022-03-27 20:29:26,295] {processor.py:654} INFO - DAG(s) dict_keys(['example_branch_datetime_operator_2']) retrieved from /home/lowenhard/acceleration/env/lib/python3.8/site-packages/airflow/example_dags/example_branch_datetime_operator.py
[2022-03-27 20:29:26,303] {logging_mixin.py:109} INFO - [2022-03-27 20:29:26,303] {dag.py:2398} INFO - Sync 1 DAGs
[2022-03-27 20:29:26,316] {logging_mixin.py:109} INFO - [2022-03-27 20:29:26,315] {dag.py:2937} INFO - Setting next_dagrun for example_branch_datetime_operator_2 to 2022-03-27 00:00:00+00:00
[2022-03-27 20:29:26,610] {processor.py:171} INFO - Processing /home/lowenhard/acceleration/env/lib/python3.8/site-packages/airflow/example_dags/example_branch_datetime_operator.py took 0.424 seconds
[2022-03-27 20:49:22,311] {processor.py:163} INFO - Started process (PID=1758) to work on /home/lowenhard/acceleration/env/lib/python3.8/site-packages/airflow/example_dags/example_branch_datetime_operator.py
[2022-03-27 20:49:22,314] {processor.py:642} INFO - Processing file /home/lowenhard/acceleration/env/lib/python3.8/site-packages/airflow/example_dags/example_branch_datetime_operator.py for tasks to queue
[2022-03-27 20:49:22,315] {logging_mixin.py:109} INFO - [2022-03-27 20:49:22,315] {dagbag.py:500} INFO - Filling up the DagBag from /home/lowenhard/acceleration/env/lib/python3.8/site-packages/airflow/example_dags/example_branch_datetime_operator.py
[2022-03-27 20:49:22,348] {processor.py:654} INFO - DAG(s) dict_keys(['example_branch_datetime_operator_2']) retrieved from /home/lowenhard/acceleration/env/lib/python3.8/site-packages/airflow/example_dags/example_branch_datetime_operator.py
[2022-03-27 20:49:22,357] {logging_mixin.py:109} INFO - [2022-03-27 20:49:22,357] {dag.py:2398} INFO - Sync 1 DAGs
[2022-03-27 20:49:22,373] {logging_mixin.py:109} INFO - [2022-03-27 20:49:22,373] {dag.py:2937} INFO - Setting next_dagrun for example_branch_datetime_operator_2 to 2022-03-27 00:00:00+00:00
[2022-03-27 20:49:23,265] {processor.py:171} INFO - Processing /home/lowenhard/acceleration/env/lib/python3.8/site-packages/airflow/example_dags/example_branch_datetime_operator.py took 0.957 seconds
[2022-03-27 20:50:50,220] {processor.py:163} INFO - Started process (PID=1834) to work on /home/lowenhard/acceleration/env/lib/python3.8/site-packages/airflow/example_dags/example_branch_datetime_operator.py
[2022-03-27 20:50:50,222] {processor.py:642} INFO - Processing file /home/lowenhard/acceleration/env/lib/python3.8/site-packages/airflow/example_dags/example_branch_datetime_operator.py for tasks to queue
[2022-03-27 20:50:50,223] {logging_mixin.py:109} INFO - [2022-03-27 20:50:50,223] {dagbag.py:500} INFO - Filling up the DagBag from /home/lowenhard/acceleration/env/lib/python3.8/site-packages/airflow/example_dags/example_branch_datetime_operator.py
[2022-03-27 20:50:50,250] {processor.py:654} INFO - DAG(s) dict_keys(['example_branch_datetime_operator_2']) retrieved from /home/lowenhard/acceleration/env/lib/python3.8/site-packages/airflow/example_dags/example_branch_datetime_operator.py
[2022-03-27 20:50:50,265] {logging_mixin.py:109} INFO - [2022-03-27 20:50:50,265] {dag.py:2398} INFO - Sync 1 DAGs
[2022-03-27 20:50:50,283] {logging_mixin.py:109} INFO - [2022-03-27 20:50:50,283] {dag.py:2937} INFO - Setting next_dagrun for example_branch_datetime_operator_2 to 2022-03-27 00:00:00+00:00
[2022-03-27 20:50:50,419] {processor.py:171} INFO - Processing /home/lowenhard/acceleration/env/lib/python3.8/site-packages/airflow/example_dags/example_branch_datetime_operator.py took 0.201 seconds
[2022-03-27 20:52:45,661] {processor.py:163} INFO - Started process (PID=1952) to work on /home/lowenhard/acceleration/env/lib/python3.8/site-packages/airflow/example_dags/example_branch_datetime_operator.py
[2022-03-27 20:52:45,664] {processor.py:642} INFO - Processing file /home/lowenhard/acceleration/env/lib/python3.8/site-packages/airflow/example_dags/example_branch_datetime_operator.py for tasks to queue
[2022-03-27 20:52:45,665] {logging_mixin.py:109} INFO - [2022-03-27 20:52:45,664] {dagbag.py:500} INFO - Filling up the DagBag from /home/lowenhard/acceleration/env/lib/python3.8/site-packages/airflow/example_dags/example_branch_datetime_operator.py
[2022-03-27 20:52:45,685] {processor.py:654} INFO - DAG(s) dict_keys(['example_branch_datetime_operator_2']) retrieved from /home/lowenhard/acceleration/env/lib/python3.8/site-packages/airflow/example_dags/example_branch_datetime_operator.py
[2022-03-27 20:52:45,693] {logging_mixin.py:109} INFO - [2022-03-27 20:52:45,693] {dag.py:2398} INFO - Sync 1 DAGs
[2022-03-27 20:52:45,707] {logging_mixin.py:109} INFO - [2022-03-27 20:52:45,706] {dag.py:2937} INFO - Setting next_dagrun for example_branch_datetime_operator_2 to 2022-03-27 00:00:00+00:00
[2022-03-27 20:52:47,691] {processor.py:171} INFO - Processing /home/lowenhard/acceleration/env/lib/python3.8/site-packages/airflow/example_dags/example_branch_datetime_operator.py took 2.033 seconds
[2022-03-27 20:54:37,177] {processor.py:163} INFO - Started process (PID=2071) to work on /home/lowenhard/acceleration/env/lib/python3.8/site-packages/airflow/example_dags/example_branch_datetime_operator.py
[2022-03-27 20:54:37,179] {processor.py:642} INFO - Processing file /home/lowenhard/acceleration/env/lib/python3.8/site-packages/airflow/example_dags/example_branch_datetime_operator.py for tasks to queue
[2022-03-27 20:54:37,180] {logging_mixin.py:109} INFO - [2022-03-27 20:54:37,180] {dagbag.py:500} INFO - Filling up the DagBag from /home/lowenhard/acceleration/env/lib/python3.8/site-packages/airflow/example_dags/example_branch_datetime_operator.py
[2022-03-27 20:54:37,200] {processor.py:654} INFO - DAG(s) dict_keys(['example_branch_datetime_operator_2']) retrieved from /home/lowenhard/acceleration/env/lib/python3.8/site-packages/airflow/example_dags/example_branch_datetime_operator.py
[2022-03-27 20:54:37,209] {logging_mixin.py:109} INFO - [2022-03-27 20:54:37,209] {dag.py:2398} INFO - Sync 1 DAGs
[2022-03-27 20:54:37,223] {logging_mixin.py:109} INFO - [2022-03-27 20:54:37,223] {dag.py:2937} INFO - Setting next_dagrun for example_branch_datetime_operator_2 to 2022-03-27 00:00:00+00:00
[2022-03-27 20:54:37,363] {processor.py:171} INFO - Processing /home/lowenhard/acceleration/env/lib/python3.8/site-packages/airflow/example_dags/example_branch_datetime_operator.py took 0.189 seconds
[2022-03-27 20:55:29,544] {processor.py:163} INFO - Started process (PID=2135) to work on /home/lowenhard/acceleration/env/lib/python3.8/site-packages/airflow/example_dags/example_branch_datetime_operator.py
[2022-03-27 20:55:29,547] {processor.py:642} INFO - Processing file /home/lowenhard/acceleration/env/lib/python3.8/site-packages/airflow/example_dags/example_branch_datetime_operator.py for tasks to queue
[2022-03-27 20:55:29,548] {logging_mixin.py:109} INFO - [2022-03-27 20:55:29,547] {dagbag.py:500} INFO - Filling up the DagBag from /home/lowenhard/acceleration/env/lib/python3.8/site-packages/airflow/example_dags/example_branch_datetime_operator.py
[2022-03-27 20:55:29,567] {processor.py:654} INFO - DAG(s) dict_keys(['example_branch_datetime_operator_2']) retrieved from /home/lowenhard/acceleration/env/lib/python3.8/site-packages/airflow/example_dags/example_branch_datetime_operator.py
[2022-03-27 20:55:29,576] {logging_mixin.py:109} INFO - [2022-03-27 20:55:29,576] {dag.py:2398} INFO - Sync 1 DAGs
[2022-03-27 20:55:29,589] {logging_mixin.py:109} INFO - [2022-03-27 20:55:29,589] {dag.py:2937} INFO - Setting next_dagrun for example_branch_datetime_operator_2 to 2022-03-27 00:00:00+00:00
[2022-03-27 20:55:29,737] {processor.py:171} INFO - Processing /home/lowenhard/acceleration/env/lib/python3.8/site-packages/airflow/example_dags/example_branch_datetime_operator.py took 0.195 seconds
[2022-03-27 20:56:42,830] {processor.py:163} INFO - Started process (PID=2216) to work on /home/lowenhard/acceleration/env/lib/python3.8/site-packages/airflow/example_dags/example_branch_datetime_operator.py
[2022-03-27 20:56:43,964] {processor.py:642} INFO - Processing file /home/lowenhard/acceleration/env/lib/python3.8/site-packages/airflow/example_dags/example_branch_datetime_operator.py for tasks to queue
[2022-03-27 20:56:43,965] {logging_mixin.py:109} INFO - [2022-03-27 20:56:43,965] {dagbag.py:500} INFO - Filling up the DagBag from /home/lowenhard/acceleration/env/lib/python3.8/site-packages/airflow/example_dags/example_branch_datetime_operator.py
[2022-03-27 20:56:44,417] {processor.py:654} INFO - DAG(s) dict_keys(['example_branch_datetime_operator_2']) retrieved from /home/lowenhard/acceleration/env/lib/python3.8/site-packages/airflow/example_dags/example_branch_datetime_operator.py
[2022-03-27 20:56:44,429] {logging_mixin.py:109} INFO - [2022-03-27 20:56:44,428] {dag.py:2398} INFO - Sync 1 DAGs
[2022-03-27 20:56:44,445] {logging_mixin.py:109} INFO - [2022-03-27 20:56:44,445] {dag.py:2937} INFO - Setting next_dagrun for example_branch_datetime_operator_2 to 2022-03-27 00:00:00+00:00
[2022-03-27 20:56:44,599] {processor.py:171} INFO - Processing /home/lowenhard/acceleration/env/lib/python3.8/site-packages/airflow/example_dags/example_branch_datetime_operator.py took 1.771 seconds
[2022-03-27 20:57:47,773] {processor.py:163} INFO - Started process (PID=2278) to work on /home/lowenhard/acceleration/env/lib/python3.8/site-packages/airflow/example_dags/example_branch_datetime_operator.py
[2022-03-27 20:57:47,777] {processor.py:642} INFO - Processing file /home/lowenhard/acceleration/env/lib/python3.8/site-packages/airflow/example_dags/example_branch_datetime_operator.py for tasks to queue
[2022-03-27 20:57:47,777] {logging_mixin.py:109} INFO - [2022-03-27 20:57:47,777] {dagbag.py:500} INFO - Filling up the DagBag from /home/lowenhard/acceleration/env/lib/python3.8/site-packages/airflow/example_dags/example_branch_datetime_operator.py
[2022-03-27 20:57:47,797] {processor.py:654} INFO - DAG(s) dict_keys(['example_branch_datetime_operator_2']) retrieved from /home/lowenhard/acceleration/env/lib/python3.8/site-packages/airflow/example_dags/example_branch_datetime_operator.py
[2022-03-27 20:57:47,805] {logging_mixin.py:109} INFO - [2022-03-27 20:57:47,805] {dag.py:2398} INFO - Sync 1 DAGs
[2022-03-27 20:57:47,818] {logging_mixin.py:109} INFO - [2022-03-27 20:57:47,818] {dag.py:2937} INFO - Setting next_dagrun for example_branch_datetime_operator_2 to 2022-03-27 00:00:00+00:00
[2022-03-27 20:57:47,944] {processor.py:171} INFO - Processing /home/lowenhard/acceleration/env/lib/python3.8/site-packages/airflow/example_dags/example_branch_datetime_operator.py took 0.173 seconds
[2022-03-27 20:58:45,900] {processor.py:163} INFO - Started process (PID=2333) to work on /home/lowenhard/acceleration/env/lib/python3.8/site-packages/airflow/example_dags/example_branch_datetime_operator.py
[2022-03-27 20:58:45,901] {processor.py:642} INFO - Processing file /home/lowenhard/acceleration/env/lib/python3.8/site-packages/airflow/example_dags/example_branch_datetime_operator.py for tasks to queue
[2022-03-27 20:58:45,902] {logging_mixin.py:109} INFO - [2022-03-27 20:58:45,902] {dagbag.py:500} INFO - Filling up the DagBag from /home/lowenhard/acceleration/env/lib/python3.8/site-packages/airflow/example_dags/example_branch_datetime_operator.py
[2022-03-27 20:58:45,923] {processor.py:654} INFO - DAG(s) dict_keys(['example_branch_datetime_operator_2']) retrieved from /home/lowenhard/acceleration/env/lib/python3.8/site-packages/airflow/example_dags/example_branch_datetime_operator.py
[2022-03-27 20:58:45,932] {logging_mixin.py:109} INFO - [2022-03-27 20:58:45,932] {dag.py:2398} INFO - Sync 1 DAGs
[2022-03-27 20:58:45,946] {logging_mixin.py:109} INFO - [2022-03-27 20:58:45,946] {dag.py:2937} INFO - Setting next_dagrun for example_branch_datetime_operator_2 to 2022-03-27 00:00:00+00:00
[2022-03-27 20:58:46,095] {processor.py:171} INFO - Processing /home/lowenhard/acceleration/env/lib/python3.8/site-packages/airflow/example_dags/example_branch_datetime_operator.py took 0.197 seconds
[2022-03-27 20:59:48,533] {processor.py:163} INFO - Started process (PID=2384) to work on /home/lowenhard/acceleration/env/lib/python3.8/site-packages/airflow/example_dags/example_branch_datetime_operator.py
[2022-03-27 20:59:48,543] {processor.py:642} INFO - Processing file /home/lowenhard/acceleration/env/lib/python3.8/site-packages/airflow/example_dags/example_branch_datetime_operator.py for tasks to queue
[2022-03-27 20:59:48,544] {logging_mixin.py:109} INFO - [2022-03-27 20:59:48,544] {dagbag.py:500} INFO - Filling up the DagBag from /home/lowenhard/acceleration/env/lib/python3.8/site-packages/airflow/example_dags/example_branch_datetime_operator.py
[2022-03-27 20:59:48,564] {processor.py:654} INFO - DAG(s) dict_keys(['example_branch_datetime_operator_2']) retrieved from /home/lowenhard/acceleration/env/lib/python3.8/site-packages/airflow/example_dags/example_branch_datetime_operator.py
[2022-03-27 20:59:48,572] {logging_mixin.py:109} INFO - [2022-03-27 20:59:48,572] {dag.py:2398} INFO - Sync 1 DAGs
[2022-03-27 20:59:48,586] {logging_mixin.py:109} INFO - [2022-03-27 20:59:48,586] {dag.py:2937} INFO - Setting next_dagrun for example_branch_datetime_operator_2 to 2022-03-27 00:00:00+00:00
[2022-03-27 20:59:48,722] {processor.py:171} INFO - Processing /home/lowenhard/acceleration/env/lib/python3.8/site-packages/airflow/example_dags/example_branch_datetime_operator.py took 0.192 seconds
