[2022-03-27 20:03:55,188] {processor.py:163} INFO - Started process (PID=238) to work on /home/lowenhard/acceleration/env/lib/python3.8/site-packages/airflow/example_dags/example_branch_python_dop_operator_3.py
[2022-03-27 20:03:55,190] {processor.py:642} INFO - Processing file /home/lowenhard/acceleration/env/lib/python3.8/site-packages/airflow/example_dags/example_branch_python_dop_operator_3.py for tasks to queue
[2022-03-27 20:03:55,190] {logging_mixin.py:109} INFO - [2022-03-27 20:03:55,190] {dagbag.py:500} INFO - Filling up the DagBag from /home/lowenhard/acceleration/env/lib/python3.8/site-packages/airflow/example_dags/example_branch_python_dop_operator_3.py
[2022-03-27 20:03:55,219] {processor.py:654} INFO - DAG(s) dict_keys(['example_branch_dop_operator_v3']) retrieved from /home/lowenhard/acceleration/env/lib/python3.8/site-packages/airflow/example_dags/example_branch_python_dop_operator_3.py
[2022-03-27 20:03:55,227] {logging_mixin.py:109} INFO - [2022-03-27 20:03:55,227] {dag.py:2398} INFO - Sync 1 DAGs
[2022-03-27 20:03:55,248] {logging_mixin.py:109} INFO - [2022-03-27 20:03:55,248] {dag.py:2937} INFO - Setting next_dagrun for example_branch_dop_operator_v3 to 2022-03-28T01:02:00+00:00
[2022-03-27 20:03:55,388] {processor.py:171} INFO - Processing /home/lowenhard/acceleration/env/lib/python3.8/site-packages/airflow/example_dags/example_branch_python_dop_operator_3.py took 0.204 seconds
[2022-03-27 20:05:18,544] {processor.py:163} INFO - Started process (PID=372) to work on /home/lowenhard/acceleration/env/lib/python3.8/site-packages/airflow/example_dags/example_branch_python_dop_operator_3.py
[2022-03-27 20:05:18,552] {processor.py:642} INFO - Processing file /home/lowenhard/acceleration/env/lib/python3.8/site-packages/airflow/example_dags/example_branch_python_dop_operator_3.py for tasks to queue
[2022-03-27 20:05:18,552] {logging_mixin.py:109} INFO - [2022-03-27 20:05:18,552] {dagbag.py:500} INFO - Filling up the DagBag from /home/lowenhard/acceleration/env/lib/python3.8/site-packages/airflow/example_dags/example_branch_python_dop_operator_3.py
[2022-03-27 20:05:18,575] {processor.py:654} INFO - DAG(s) dict_keys(['example_branch_dop_operator_v3']) retrieved from /home/lowenhard/acceleration/env/lib/python3.8/site-packages/airflow/example_dags/example_branch_python_dop_operator_3.py
[2022-03-27 20:05:18,583] {logging_mixin.py:109} INFO - [2022-03-27 20:05:18,583] {dag.py:2398} INFO - Sync 1 DAGs
[2022-03-27 20:05:18,600] {logging_mixin.py:109} INFO - [2022-03-27 20:05:18,600] {dag.py:2937} INFO - Setting next_dagrun for example_branch_dop_operator_v3 to 2022-03-28T01:04:00+00:00
[2022-03-27 20:05:21,013] {processor.py:171} INFO - Processing /home/lowenhard/acceleration/env/lib/python3.8/site-packages/airflow/example_dags/example_branch_python_dop_operator_3.py took 2.471 seconds
[2022-03-27 20:06:23,609] {processor.py:163} INFO - Started process (PID=422) to work on /home/lowenhard/acceleration/env/lib/python3.8/site-packages/airflow/example_dags/example_branch_python_dop_operator_3.py
[2022-03-27 20:06:23,623] {processor.py:642} INFO - Processing file /home/lowenhard/acceleration/env/lib/python3.8/site-packages/airflow/example_dags/example_branch_python_dop_operator_3.py for tasks to queue
[2022-03-27 20:06:23,623] {logging_mixin.py:109} INFO - [2022-03-27 20:06:23,623] {dagbag.py:500} INFO - Filling up the DagBag from /home/lowenhard/acceleration/env/lib/python3.8/site-packages/airflow/example_dags/example_branch_python_dop_operator_3.py
[2022-03-27 20:06:23,647] {processor.py:654} INFO - DAG(s) dict_keys(['example_branch_dop_operator_v3']) retrieved from /home/lowenhard/acceleration/env/lib/python3.8/site-packages/airflow/example_dags/example_branch_python_dop_operator_3.py
[2022-03-27 20:06:23,665] {logging_mixin.py:109} INFO - [2022-03-27 20:06:23,665] {dag.py:2398} INFO - Sync 1 DAGs
[2022-03-27 20:06:23,708] {logging_mixin.py:109} INFO - [2022-03-27 20:06:23,708] {dag.py:2937} INFO - Setting next_dagrun for example_branch_dop_operator_v3 to 2022-03-28T01:05:00+00:00
[2022-03-27 20:06:23,969] {processor.py:171} INFO - Processing /home/lowenhard/acceleration/env/lib/python3.8/site-packages/airflow/example_dags/example_branch_python_dop_operator_3.py took 0.363 seconds
[2022-03-27 20:07:27,179] {processor.py:163} INFO - Started process (PID=472) to work on /home/lowenhard/acceleration/env/lib/python3.8/site-packages/airflow/example_dags/example_branch_python_dop_operator_3.py
[2022-03-27 20:07:27,187] {processor.py:642} INFO - Processing file /home/lowenhard/acceleration/env/lib/python3.8/site-packages/airflow/example_dags/example_branch_python_dop_operator_3.py for tasks to queue
[2022-03-27 20:07:27,188] {logging_mixin.py:109} INFO - [2022-03-27 20:07:27,188] {dagbag.py:500} INFO - Filling up the DagBag from /home/lowenhard/acceleration/env/lib/python3.8/site-packages/airflow/example_dags/example_branch_python_dop_operator_3.py
[2022-03-27 20:07:27,209] {processor.py:654} INFO - DAG(s) dict_keys(['example_branch_dop_operator_v3']) retrieved from /home/lowenhard/acceleration/env/lib/python3.8/site-packages/airflow/example_dags/example_branch_python_dop_operator_3.py
[2022-03-27 20:07:27,217] {logging_mixin.py:109} INFO - [2022-03-27 20:07:27,217] {dag.py:2398} INFO - Sync 1 DAGs
[2022-03-27 20:07:27,233] {logging_mixin.py:109} INFO - [2022-03-27 20:07:27,233] {dag.py:2937} INFO - Setting next_dagrun for example_branch_dop_operator_v3 to 2022-03-28T01:06:00+00:00
[2022-03-27 20:07:27,373] {processor.py:171} INFO - Processing /home/lowenhard/acceleration/env/lib/python3.8/site-packages/airflow/example_dags/example_branch_python_dop_operator_3.py took 0.196 seconds
[2022-03-27 20:08:20,614] {processor.py:163} INFO - Started process (PID=518) to work on /home/lowenhard/acceleration/env/lib/python3.8/site-packages/airflow/example_dags/example_branch_python_dop_operator_3.py
[2022-03-27 20:08:20,616] {processor.py:642} INFO - Processing file /home/lowenhard/acceleration/env/lib/python3.8/site-packages/airflow/example_dags/example_branch_python_dop_operator_3.py for tasks to queue
[2022-03-27 20:08:20,617] {logging_mixin.py:109} INFO - [2022-03-27 20:08:20,617] {dagbag.py:500} INFO - Filling up the DagBag from /home/lowenhard/acceleration/env/lib/python3.8/site-packages/airflow/example_dags/example_branch_python_dop_operator_3.py
[2022-03-27 20:08:20,638] {processor.py:654} INFO - DAG(s) dict_keys(['example_branch_dop_operator_v3']) retrieved from /home/lowenhard/acceleration/env/lib/python3.8/site-packages/airflow/example_dags/example_branch_python_dop_operator_3.py
[2022-03-27 20:08:20,646] {logging_mixin.py:109} INFO - [2022-03-27 20:08:20,646] {dag.py:2398} INFO - Sync 1 DAGs
[2022-03-27 20:08:20,661] {logging_mixin.py:109} INFO - [2022-03-27 20:08:20,661] {dag.py:2937} INFO - Setting next_dagrun for example_branch_dop_operator_v3 to 2022-03-28T01:07:00+00:00
[2022-03-27 20:08:20,804] {processor.py:171} INFO - Processing /home/lowenhard/acceleration/env/lib/python3.8/site-packages/airflow/example_dags/example_branch_python_dop_operator_3.py took 0.192 seconds
[2022-03-27 20:09:52,723] {processor.py:163} INFO - Started process (PID=585) to work on /home/lowenhard/acceleration/env/lib/python3.8/site-packages/airflow/example_dags/example_branch_python_dop_operator_3.py
[2022-03-27 20:09:52,725] {processor.py:642} INFO - Processing file /home/lowenhard/acceleration/env/lib/python3.8/site-packages/airflow/example_dags/example_branch_python_dop_operator_3.py for tasks to queue
[2022-03-27 20:09:52,726] {logging_mixin.py:109} INFO - [2022-03-27 20:09:52,726] {dagbag.py:500} INFO - Filling up the DagBag from /home/lowenhard/acceleration/env/lib/python3.8/site-packages/airflow/example_dags/example_branch_python_dop_operator_3.py
[2022-03-27 20:09:52,758] {processor.py:654} INFO - DAG(s) dict_keys(['example_branch_dop_operator_v3']) retrieved from /home/lowenhard/acceleration/env/lib/python3.8/site-packages/airflow/example_dags/example_branch_python_dop_operator_3.py
[2022-03-27 20:09:52,770] {logging_mixin.py:109} INFO - [2022-03-27 20:09:52,770] {dag.py:2398} INFO - Sync 1 DAGs
[2022-03-27 20:09:52,788] {logging_mixin.py:109} INFO - [2022-03-27 20:09:52,788] {dag.py:2937} INFO - Setting next_dagrun for example_branch_dop_operator_v3 to 2022-03-28T01:08:00+00:00
[2022-03-27 20:09:52,950] {processor.py:171} INFO - Processing /home/lowenhard/acceleration/env/lib/python3.8/site-packages/airflow/example_dags/example_branch_python_dop_operator_3.py took 0.230 seconds
[2022-03-27 20:10:44,824] {processor.py:163} INFO - Started process (PID=631) to work on /home/lowenhard/acceleration/env/lib/python3.8/site-packages/airflow/example_dags/example_branch_python_dop_operator_3.py
[2022-03-27 20:10:44,835] {processor.py:642} INFO - Processing file /home/lowenhard/acceleration/env/lib/python3.8/site-packages/airflow/example_dags/example_branch_python_dop_operator_3.py for tasks to queue
[2022-03-27 20:10:44,836] {logging_mixin.py:109} INFO - [2022-03-27 20:10:44,836] {dagbag.py:500} INFO - Filling up the DagBag from /home/lowenhard/acceleration/env/lib/python3.8/site-packages/airflow/example_dags/example_branch_python_dop_operator_3.py
[2022-03-27 20:10:44,862] {processor.py:654} INFO - DAG(s) dict_keys(['example_branch_dop_operator_v3']) retrieved from /home/lowenhard/acceleration/env/lib/python3.8/site-packages/airflow/example_dags/example_branch_python_dop_operator_3.py
[2022-03-27 20:10:44,872] {logging_mixin.py:109} INFO - [2022-03-27 20:10:44,871] {dag.py:2398} INFO - Sync 1 DAGs
[2022-03-27 20:10:44,898] {logging_mixin.py:109} INFO - [2022-03-27 20:10:44,898] {dag.py:2937} INFO - Setting next_dagrun for example_branch_dop_operator_v3 to 2022-03-28T01:09:00+00:00
[2022-03-27 20:10:45,056] {processor.py:171} INFO - Processing /home/lowenhard/acceleration/env/lib/python3.8/site-packages/airflow/example_dags/example_branch_python_dop_operator_3.py took 0.235 seconds
[2022-03-27 20:11:57,183] {processor.py:163} INFO - Started process (PID=696) to work on /home/lowenhard/acceleration/env/lib/python3.8/site-packages/airflow/example_dags/example_branch_python_dop_operator_3.py
[2022-03-27 20:11:57,293] {processor.py:642} INFO - Processing file /home/lowenhard/acceleration/env/lib/python3.8/site-packages/airflow/example_dags/example_branch_python_dop_operator_3.py for tasks to queue
[2022-03-27 20:11:57,293] {logging_mixin.py:109} INFO - [2022-03-27 20:11:57,293] {dagbag.py:500} INFO - Filling up the DagBag from /home/lowenhard/acceleration/env/lib/python3.8/site-packages/airflow/example_dags/example_branch_python_dop_operator_3.py
[2022-03-27 20:11:57,320] {processor.py:654} INFO - DAG(s) dict_keys(['example_branch_dop_operator_v3']) retrieved from /home/lowenhard/acceleration/env/lib/python3.8/site-packages/airflow/example_dags/example_branch_python_dop_operator_3.py
[2022-03-27 20:11:57,330] {logging_mixin.py:109} INFO - [2022-03-27 20:11:57,330] {dag.py:2398} INFO - Sync 1 DAGs
[2022-03-27 20:11:57,351] {logging_mixin.py:109} INFO - [2022-03-27 20:11:57,351] {dag.py:2937} INFO - Setting next_dagrun for example_branch_dop_operator_v3 to 2022-03-28T01:10:00+00:00
[2022-03-27 20:11:57,820] {processor.py:171} INFO - Processing /home/lowenhard/acceleration/env/lib/python3.8/site-packages/airflow/example_dags/example_branch_python_dop_operator_3.py took 0.640 seconds
[2022-03-27 20:13:13,936] {processor.py:163} INFO - Started process (PID=750) to work on /home/lowenhard/acceleration/env/lib/python3.8/site-packages/airflow/example_dags/example_branch_python_dop_operator_3.py
[2022-03-27 20:13:14,034] {processor.py:642} INFO - Processing file /home/lowenhard/acceleration/env/lib/python3.8/site-packages/airflow/example_dags/example_branch_python_dop_operator_3.py for tasks to queue
[2022-03-27 20:13:14,035] {logging_mixin.py:109} INFO - [2022-03-27 20:13:14,035] {dagbag.py:500} INFO - Filling up the DagBag from /home/lowenhard/acceleration/env/lib/python3.8/site-packages/airflow/example_dags/example_branch_python_dop_operator_3.py
[2022-03-27 20:13:14,056] {processor.py:654} INFO - DAG(s) dict_keys(['example_branch_dop_operator_v3']) retrieved from /home/lowenhard/acceleration/env/lib/python3.8/site-packages/airflow/example_dags/example_branch_python_dop_operator_3.py
[2022-03-27 20:13:14,065] {logging_mixin.py:109} INFO - [2022-03-27 20:13:14,064] {dag.py:2398} INFO - Sync 1 DAGs
[2022-03-27 20:13:14,087] {logging_mixin.py:109} INFO - [2022-03-27 20:13:14,087] {dag.py:2937} INFO - Setting next_dagrun for example_branch_dop_operator_v3 to 2022-03-28T01:12:00+00:00
[2022-03-27 20:13:14,917] {processor.py:171} INFO - Processing /home/lowenhard/acceleration/env/lib/python3.8/site-packages/airflow/example_dags/example_branch_python_dop_operator_3.py took 0.985 seconds
[2022-03-27 20:14:13,030] {processor.py:163} INFO - Started process (PID=796) to work on /home/lowenhard/acceleration/env/lib/python3.8/site-packages/airflow/example_dags/example_branch_python_dop_operator_3.py
[2022-03-27 20:14:13,034] {processor.py:642} INFO - Processing file /home/lowenhard/acceleration/env/lib/python3.8/site-packages/airflow/example_dags/example_branch_python_dop_operator_3.py for tasks to queue
[2022-03-27 20:14:13,034] {logging_mixin.py:109} INFO - [2022-03-27 20:14:13,034] {dagbag.py:500} INFO - Filling up the DagBag from /home/lowenhard/acceleration/env/lib/python3.8/site-packages/airflow/example_dags/example_branch_python_dop_operator_3.py
[2022-03-27 20:14:13,056] {processor.py:654} INFO - DAG(s) dict_keys(['example_branch_dop_operator_v3']) retrieved from /home/lowenhard/acceleration/env/lib/python3.8/site-packages/airflow/example_dags/example_branch_python_dop_operator_3.py
[2022-03-27 20:14:13,065] {logging_mixin.py:109} INFO - [2022-03-27 20:14:13,065] {dag.py:2398} INFO - Sync 1 DAGs
[2022-03-27 20:14:13,081] {logging_mixin.py:109} INFO - [2022-03-27 20:14:13,081] {dag.py:2937} INFO - Setting next_dagrun for example_branch_dop_operator_v3 to 2022-03-28T01:13:00+00:00
[2022-03-27 20:14:13,823] {processor.py:171} INFO - Processing /home/lowenhard/acceleration/env/lib/python3.8/site-packages/airflow/example_dags/example_branch_python_dop_operator_3.py took 0.795 seconds
[2022-03-27 20:15:03,702] {processor.py:163} INFO - Started process (PID=845) to work on /home/lowenhard/acceleration/env/lib/python3.8/site-packages/airflow/example_dags/example_branch_python_dop_operator_3.py
[2022-03-27 20:15:03,715] {processor.py:642} INFO - Processing file /home/lowenhard/acceleration/env/lib/python3.8/site-packages/airflow/example_dags/example_branch_python_dop_operator_3.py for tasks to queue
[2022-03-27 20:15:03,716] {logging_mixin.py:109} INFO - [2022-03-27 20:15:03,716] {dagbag.py:500} INFO - Filling up the DagBag from /home/lowenhard/acceleration/env/lib/python3.8/site-packages/airflow/example_dags/example_branch_python_dop_operator_3.py
[2022-03-27 20:15:03,736] {processor.py:654} INFO - DAG(s) dict_keys(['example_branch_dop_operator_v3']) retrieved from /home/lowenhard/acceleration/env/lib/python3.8/site-packages/airflow/example_dags/example_branch_python_dop_operator_3.py
[2022-03-27 20:15:03,745] {logging_mixin.py:109} INFO - [2022-03-27 20:15:03,745] {dag.py:2398} INFO - Sync 1 DAGs
[2022-03-27 20:15:03,761] {logging_mixin.py:109} INFO - [2022-03-27 20:15:03,761] {dag.py:2937} INFO - Setting next_dagrun for example_branch_dop_operator_v3 to 2022-03-28T01:14:00+00:00
[2022-03-27 20:15:03,963] {processor.py:171} INFO - Processing /home/lowenhard/acceleration/env/lib/python3.8/site-packages/airflow/example_dags/example_branch_python_dop_operator_3.py took 0.264 seconds
[2022-03-27 20:16:20,967] {processor.py:163} INFO - Started process (PID=914) to work on /home/lowenhard/acceleration/env/lib/python3.8/site-packages/airflow/example_dags/example_branch_python_dop_operator_3.py
[2022-03-27 20:16:20,970] {processor.py:642} INFO - Processing file /home/lowenhard/acceleration/env/lib/python3.8/site-packages/airflow/example_dags/example_branch_python_dop_operator_3.py for tasks to queue
[2022-03-27 20:16:20,971] {logging_mixin.py:109} INFO - [2022-03-27 20:16:20,971] {dagbag.py:500} INFO - Filling up the DagBag from /home/lowenhard/acceleration/env/lib/python3.8/site-packages/airflow/example_dags/example_branch_python_dop_operator_3.py
[2022-03-27 20:16:20,991] {processor.py:654} INFO - DAG(s) dict_keys(['example_branch_dop_operator_v3']) retrieved from /home/lowenhard/acceleration/env/lib/python3.8/site-packages/airflow/example_dags/example_branch_python_dop_operator_3.py
[2022-03-27 20:16:21,000] {logging_mixin.py:109} INFO - [2022-03-27 20:16:21,000] {dag.py:2398} INFO - Sync 1 DAGs
[2022-03-27 20:16:21,016] {logging_mixin.py:109} INFO - [2022-03-27 20:16:21,016] {dag.py:2937} INFO - Setting next_dagrun for example_branch_dop_operator_v3 to 2022-03-28T01:15:00+00:00
[2022-03-27 20:16:21,152] {processor.py:171} INFO - Processing /home/lowenhard/acceleration/env/lib/python3.8/site-packages/airflow/example_dags/example_branch_python_dop_operator_3.py took 0.188 seconds
[2022-03-27 20:17:29,214] {processor.py:163} INFO - Started process (PID=966) to work on /home/lowenhard/acceleration/env/lib/python3.8/site-packages/airflow/example_dags/example_branch_python_dop_operator_3.py
[2022-03-27 20:17:29,228] {processor.py:642} INFO - Processing file /home/lowenhard/acceleration/env/lib/python3.8/site-packages/airflow/example_dags/example_branch_python_dop_operator_3.py for tasks to queue
[2022-03-27 20:17:29,229] {logging_mixin.py:109} INFO - [2022-03-27 20:17:29,228] {dagbag.py:500} INFO - Filling up the DagBag from /home/lowenhard/acceleration/env/lib/python3.8/site-packages/airflow/example_dags/example_branch_python_dop_operator_3.py
[2022-03-27 20:17:29,251] {processor.py:654} INFO - DAG(s) dict_keys(['example_branch_dop_operator_v3']) retrieved from /home/lowenhard/acceleration/env/lib/python3.8/site-packages/airflow/example_dags/example_branch_python_dop_operator_3.py
[2022-03-27 20:17:29,260] {logging_mixin.py:109} INFO - [2022-03-27 20:17:29,260] {dag.py:2398} INFO - Sync 1 DAGs
[2022-03-27 20:17:29,280] {logging_mixin.py:109} INFO - [2022-03-27 20:17:29,280] {dag.py:2937} INFO - Setting next_dagrun for example_branch_dop_operator_v3 to 2022-03-28T01:16:00+00:00
[2022-03-27 20:17:29,425] {processor.py:171} INFO - Processing /home/lowenhard/acceleration/env/lib/python3.8/site-packages/airflow/example_dags/example_branch_python_dop_operator_3.py took 0.213 seconds
[2022-03-27 20:18:25,815] {processor.py:163} INFO - Started process (PID=1016) to work on /home/lowenhard/acceleration/env/lib/python3.8/site-packages/airflow/example_dags/example_branch_python_dop_operator_3.py
[2022-03-27 20:18:25,825] {processor.py:642} INFO - Processing file /home/lowenhard/acceleration/env/lib/python3.8/site-packages/airflow/example_dags/example_branch_python_dop_operator_3.py for tasks to queue
[2022-03-27 20:18:25,825] {logging_mixin.py:109} INFO - [2022-03-27 20:18:25,825] {dagbag.py:500} INFO - Filling up the DagBag from /home/lowenhard/acceleration/env/lib/python3.8/site-packages/airflow/example_dags/example_branch_python_dop_operator_3.py
[2022-03-27 20:18:25,846] {processor.py:654} INFO - DAG(s) dict_keys(['example_branch_dop_operator_v3']) retrieved from /home/lowenhard/acceleration/env/lib/python3.8/site-packages/airflow/example_dags/example_branch_python_dop_operator_3.py
[2022-03-27 20:18:25,854] {logging_mixin.py:109} INFO - [2022-03-27 20:18:25,854] {dag.py:2398} INFO - Sync 1 DAGs
[2022-03-27 20:18:25,871] {logging_mixin.py:109} INFO - [2022-03-27 20:18:25,871] {dag.py:2937} INFO - Setting next_dagrun for example_branch_dop_operator_v3 to 2022-03-28T01:17:00+00:00
[2022-03-27 20:18:26,001] {processor.py:171} INFO - Processing /home/lowenhard/acceleration/env/lib/python3.8/site-packages/airflow/example_dags/example_branch_python_dop_operator_3.py took 0.188 seconds
[2022-03-27 20:19:24,013] {processor.py:163} INFO - Started process (PID=1062) to work on /home/lowenhard/acceleration/env/lib/python3.8/site-packages/airflow/example_dags/example_branch_python_dop_operator_3.py
[2022-03-27 20:19:24,688] {processor.py:642} INFO - Processing file /home/lowenhard/acceleration/env/lib/python3.8/site-packages/airflow/example_dags/example_branch_python_dop_operator_3.py for tasks to queue
[2022-03-27 20:19:24,690] {logging_mixin.py:109} INFO - [2022-03-27 20:19:24,689] {dagbag.py:500} INFO - Filling up the DagBag from /home/lowenhard/acceleration/env/lib/python3.8/site-packages/airflow/example_dags/example_branch_python_dop_operator_3.py
[2022-03-27 20:19:24,732] {processor.py:654} INFO - DAG(s) dict_keys(['example_branch_dop_operator_v3']) retrieved from /home/lowenhard/acceleration/env/lib/python3.8/site-packages/airflow/example_dags/example_branch_python_dop_operator_3.py
[2022-03-27 20:19:24,742] {logging_mixin.py:109} INFO - [2022-03-27 20:19:24,741] {dag.py:2398} INFO - Sync 1 DAGs
[2022-03-27 20:19:24,766] {logging_mixin.py:109} INFO - [2022-03-27 20:19:24,766] {dag.py:2937} INFO - Setting next_dagrun for example_branch_dop_operator_v3 to 2022-03-28T01:18:00+00:00
[2022-03-27 20:19:26,020] {processor.py:171} INFO - Processing /home/lowenhard/acceleration/env/lib/python3.8/site-packages/airflow/example_dags/example_branch_python_dop_operator_3.py took 2.011 seconds
[2022-03-27 20:20:14,598] {processor.py:163} INFO - Started process (PID=1106) to work on /home/lowenhard/acceleration/env/lib/python3.8/site-packages/airflow/example_dags/example_branch_python_dop_operator_3.py
[2022-03-27 20:20:14,601] {processor.py:642} INFO - Processing file /home/lowenhard/acceleration/env/lib/python3.8/site-packages/airflow/example_dags/example_branch_python_dop_operator_3.py for tasks to queue
[2022-03-27 20:20:14,601] {logging_mixin.py:109} INFO - [2022-03-27 20:20:14,601] {dagbag.py:500} INFO - Filling up the DagBag from /home/lowenhard/acceleration/env/lib/python3.8/site-packages/airflow/example_dags/example_branch_python_dop_operator_3.py
[2022-03-27 20:20:14,622] {processor.py:654} INFO - DAG(s) dict_keys(['example_branch_dop_operator_v3']) retrieved from /home/lowenhard/acceleration/env/lib/python3.8/site-packages/airflow/example_dags/example_branch_python_dop_operator_3.py
[2022-03-27 20:20:14,631] {logging_mixin.py:109} INFO - [2022-03-27 20:20:14,631] {dag.py:2398} INFO - Sync 1 DAGs
[2022-03-27 20:20:14,648] {logging_mixin.py:109} INFO - [2022-03-27 20:20:14,647] {dag.py:2937} INFO - Setting next_dagrun for example_branch_dop_operator_v3 to 2022-03-28T01:19:00+00:00
[2022-03-27 20:20:14,802] {processor.py:171} INFO - Processing /home/lowenhard/acceleration/env/lib/python3.8/site-packages/airflow/example_dags/example_branch_python_dop_operator_3.py took 0.207 seconds
[2022-03-27 20:21:48,110] {processor.py:163} INFO - Started process (PID=1192) to work on /home/lowenhard/acceleration/env/lib/python3.8/site-packages/airflow/example_dags/example_branch_python_dop_operator_3.py
[2022-03-27 20:21:48,114] {processor.py:642} INFO - Processing file /home/lowenhard/acceleration/env/lib/python3.8/site-packages/airflow/example_dags/example_branch_python_dop_operator_3.py for tasks to queue
[2022-03-27 20:21:48,114] {logging_mixin.py:109} INFO - [2022-03-27 20:21:48,114] {dagbag.py:500} INFO - Filling up the DagBag from /home/lowenhard/acceleration/env/lib/python3.8/site-packages/airflow/example_dags/example_branch_python_dop_operator_3.py
[2022-03-27 20:21:48,137] {processor.py:654} INFO - DAG(s) dict_keys(['example_branch_dop_operator_v3']) retrieved from /home/lowenhard/acceleration/env/lib/python3.8/site-packages/airflow/example_dags/example_branch_python_dop_operator_3.py
[2022-03-27 20:21:48,146] {logging_mixin.py:109} INFO - [2022-03-27 20:21:48,146] {dag.py:2398} INFO - Sync 1 DAGs
[2022-03-27 20:21:48,163] {logging_mixin.py:109} INFO - [2022-03-27 20:21:48,163] {dag.py:2937} INFO - Setting next_dagrun for example_branch_dop_operator_v3 to 2022-03-28T01:20:00+00:00
[2022-03-27 20:21:48,306] {processor.py:171} INFO - Processing /home/lowenhard/acceleration/env/lib/python3.8/site-packages/airflow/example_dags/example_branch_python_dop_operator_3.py took 0.200 seconds
[2022-03-27 20:23:10,018] {processor.py:163} INFO - Started process (PID=1271) to work on /home/lowenhard/acceleration/env/lib/python3.8/site-packages/airflow/example_dags/example_branch_python_dop_operator_3.py
[2022-03-27 20:23:10,020] {processor.py:642} INFO - Processing file /home/lowenhard/acceleration/env/lib/python3.8/site-packages/airflow/example_dags/example_branch_python_dop_operator_3.py for tasks to queue
[2022-03-27 20:23:10,021] {logging_mixin.py:109} INFO - [2022-03-27 20:23:10,021] {dagbag.py:500} INFO - Filling up the DagBag from /home/lowenhard/acceleration/env/lib/python3.8/site-packages/airflow/example_dags/example_branch_python_dop_operator_3.py
[2022-03-27 20:23:10,041] {processor.py:654} INFO - DAG(s) dict_keys(['example_branch_dop_operator_v3']) retrieved from /home/lowenhard/acceleration/env/lib/python3.8/site-packages/airflow/example_dags/example_branch_python_dop_operator_3.py
[2022-03-27 20:23:10,050] {logging_mixin.py:109} INFO - [2022-03-27 20:23:10,050] {dag.py:2398} INFO - Sync 1 DAGs
[2022-03-27 20:23:10,066] {logging_mixin.py:109} INFO - [2022-03-27 20:23:10,066] {dag.py:2937} INFO - Setting next_dagrun for example_branch_dop_operator_v3 to 2022-03-28T01:22:00+00:00
[2022-03-27 20:23:10,215] {processor.py:171} INFO - Processing /home/lowenhard/acceleration/env/lib/python3.8/site-packages/airflow/example_dags/example_branch_python_dop_operator_3.py took 0.202 seconds
[2022-03-27 20:24:11,018] {processor.py:163} INFO - Started process (PID=1335) to work on /home/lowenhard/acceleration/env/lib/python3.8/site-packages/airflow/example_dags/example_branch_python_dop_operator_3.py
[2022-03-27 20:24:11,022] {processor.py:642} INFO - Processing file /home/lowenhard/acceleration/env/lib/python3.8/site-packages/airflow/example_dags/example_branch_python_dop_operator_3.py for tasks to queue
[2022-03-27 20:24:11,023] {logging_mixin.py:109} INFO - [2022-03-27 20:24:11,023] {dagbag.py:500} INFO - Filling up the DagBag from /home/lowenhard/acceleration/env/lib/python3.8/site-packages/airflow/example_dags/example_branch_python_dop_operator_3.py
[2022-03-27 20:24:11,053] {processor.py:654} INFO - DAG(s) dict_keys(['example_branch_dop_operator_v3']) retrieved from /home/lowenhard/acceleration/env/lib/python3.8/site-packages/airflow/example_dags/example_branch_python_dop_operator_3.py
[2022-03-27 20:24:11,063] {logging_mixin.py:109} INFO - [2022-03-27 20:24:11,063] {dag.py:2398} INFO - Sync 1 DAGs
[2022-03-27 20:24:11,084] {logging_mixin.py:109} INFO - [2022-03-27 20:24:11,084] {dag.py:2937} INFO - Setting next_dagrun for example_branch_dop_operator_v3 to 2022-03-28T01:23:00+00:00
[2022-03-27 20:24:11,212] {processor.py:171} INFO - Processing /home/lowenhard/acceleration/env/lib/python3.8/site-packages/airflow/example_dags/example_branch_python_dop_operator_3.py took 0.197 seconds
[2022-03-27 20:25:00,239] {processor.py:163} INFO - Started process (PID=1385) to work on /home/lowenhard/acceleration/env/lib/python3.8/site-packages/airflow/example_dags/example_branch_python_dop_operator_3.py
[2022-03-27 20:25:00,254] {processor.py:642} INFO - Processing file /home/lowenhard/acceleration/env/lib/python3.8/site-packages/airflow/example_dags/example_branch_python_dop_operator_3.py for tasks to queue
[2022-03-27 20:25:00,255] {logging_mixin.py:109} INFO - [2022-03-27 20:25:00,255] {dagbag.py:500} INFO - Filling up the DagBag from /home/lowenhard/acceleration/env/lib/python3.8/site-packages/airflow/example_dags/example_branch_python_dop_operator_3.py
[2022-03-27 20:25:00,278] {processor.py:654} INFO - DAG(s) dict_keys(['example_branch_dop_operator_v3']) retrieved from /home/lowenhard/acceleration/env/lib/python3.8/site-packages/airflow/example_dags/example_branch_python_dop_operator_3.py
[2022-03-27 20:25:00,290] {logging_mixin.py:109} INFO - [2022-03-27 20:25:00,289] {dag.py:2398} INFO - Sync 1 DAGs
[2022-03-27 20:25:00,307] {logging_mixin.py:109} INFO - [2022-03-27 20:25:00,307] {dag.py:2937} INFO - Setting next_dagrun for example_branch_dop_operator_v3 to 2022-03-28T01:24:00+00:00
[2022-03-27 20:25:00,444] {processor.py:171} INFO - Processing /home/lowenhard/acceleration/env/lib/python3.8/site-packages/airflow/example_dags/example_branch_python_dop_operator_3.py took 0.208 seconds
[2022-03-27 20:26:03,791] {processor.py:163} INFO - Started process (PID=1439) to work on /home/lowenhard/acceleration/env/lib/python3.8/site-packages/airflow/example_dags/example_branch_python_dop_operator_3.py
[2022-03-27 20:26:03,805] {processor.py:642} INFO - Processing file /home/lowenhard/acceleration/env/lib/python3.8/site-packages/airflow/example_dags/example_branch_python_dop_operator_3.py for tasks to queue
[2022-03-27 20:26:03,806] {logging_mixin.py:109} INFO - [2022-03-27 20:26:03,806] {dagbag.py:500} INFO - Filling up the DagBag from /home/lowenhard/acceleration/env/lib/python3.8/site-packages/airflow/example_dags/example_branch_python_dop_operator_3.py
[2022-03-27 20:26:03,828] {processor.py:654} INFO - DAG(s) dict_keys(['example_branch_dop_operator_v3']) retrieved from /home/lowenhard/acceleration/env/lib/python3.8/site-packages/airflow/example_dags/example_branch_python_dop_operator_3.py
[2022-03-27 20:26:03,838] {logging_mixin.py:109} INFO - [2022-03-27 20:26:03,838] {dag.py:2398} INFO - Sync 1 DAGs
[2022-03-27 20:26:03,861] {logging_mixin.py:109} INFO - [2022-03-27 20:26:03,861] {dag.py:2937} INFO - Setting next_dagrun for example_branch_dop_operator_v3 to 2022-03-28T01:25:00+00:00
[2022-03-27 20:26:04,009] {processor.py:171} INFO - Processing /home/lowenhard/acceleration/env/lib/python3.8/site-packages/airflow/example_dags/example_branch_python_dop_operator_3.py took 0.220 seconds
[2022-03-27 20:27:05,753] {processor.py:163} INFO - Started process (PID=1497) to work on /home/lowenhard/acceleration/env/lib/python3.8/site-packages/airflow/example_dags/example_branch_python_dop_operator_3.py
[2022-03-27 20:27:05,756] {processor.py:642} INFO - Processing file /home/lowenhard/acceleration/env/lib/python3.8/site-packages/airflow/example_dags/example_branch_python_dop_operator_3.py for tasks to queue
[2022-03-27 20:27:05,757] {logging_mixin.py:109} INFO - [2022-03-27 20:27:05,757] {dagbag.py:500} INFO - Filling up the DagBag from /home/lowenhard/acceleration/env/lib/python3.8/site-packages/airflow/example_dags/example_branch_python_dop_operator_3.py
[2022-03-27 20:27:05,779] {processor.py:654} INFO - DAG(s) dict_keys(['example_branch_dop_operator_v3']) retrieved from /home/lowenhard/acceleration/env/lib/python3.8/site-packages/airflow/example_dags/example_branch_python_dop_operator_3.py
[2022-03-27 20:27:05,788] {logging_mixin.py:109} INFO - [2022-03-27 20:27:05,788] {dag.py:2398} INFO - Sync 1 DAGs
[2022-03-27 20:27:05,809] {logging_mixin.py:109} INFO - [2022-03-27 20:27:05,809] {dag.py:2937} INFO - Setting next_dagrun for example_branch_dop_operator_v3 to 2022-03-28T01:26:00+00:00
[2022-03-27 20:27:05,951] {processor.py:171} INFO - Processing /home/lowenhard/acceleration/env/lib/python3.8/site-packages/airflow/example_dags/example_branch_python_dop_operator_3.py took 0.200 seconds
[2022-03-27 20:28:19,047] {processor.py:163} INFO - Started process (PID=1543) to work on /home/lowenhard/acceleration/env/lib/python3.8/site-packages/airflow/example_dags/example_branch_python_dop_operator_3.py
[2022-03-27 20:28:19,347] {processor.py:642} INFO - Processing file /home/lowenhard/acceleration/env/lib/python3.8/site-packages/airflow/example_dags/example_branch_python_dop_operator_3.py for tasks to queue
[2022-03-27 20:28:19,348] {logging_mixin.py:109} INFO - [2022-03-27 20:28:19,348] {dagbag.py:500} INFO - Filling up the DagBag from /home/lowenhard/acceleration/env/lib/python3.8/site-packages/airflow/example_dags/example_branch_python_dop_operator_3.py
[2022-03-27 20:28:19,377] {processor.py:654} INFO - DAG(s) dict_keys(['example_branch_dop_operator_v3']) retrieved from /home/lowenhard/acceleration/env/lib/python3.8/site-packages/airflow/example_dags/example_branch_python_dop_operator_3.py
[2022-03-27 20:28:19,387] {logging_mixin.py:109} INFO - [2022-03-27 20:28:19,387] {dag.py:2398} INFO - Sync 1 DAGs
[2022-03-27 20:28:19,403] {logging_mixin.py:109} INFO - [2022-03-27 20:28:19,403] {dag.py:2937} INFO - Setting next_dagrun for example_branch_dop_operator_v3 to 2022-03-28T01:27:00+00:00
[2022-03-27 20:28:20,742] {processor.py:171} INFO - Processing /home/lowenhard/acceleration/env/lib/python3.8/site-packages/airflow/example_dags/example_branch_python_dop_operator_3.py took 1.698 seconds
[2022-03-27 20:29:58,115] {processor.py:163} INFO - Started process (PID=1608) to work on /home/lowenhard/acceleration/env/lib/python3.8/site-packages/airflow/example_dags/example_branch_python_dop_operator_3.py
[2022-03-27 20:29:59,141] {processor.py:642} INFO - Processing file /home/lowenhard/acceleration/env/lib/python3.8/site-packages/airflow/example_dags/example_branch_python_dop_operator_3.py for tasks to queue
[2022-03-27 20:29:59,141] {logging_mixin.py:109} INFO - [2022-03-27 20:29:59,141] {dagbag.py:500} INFO - Filling up the DagBag from /home/lowenhard/acceleration/env/lib/python3.8/site-packages/airflow/example_dags/example_branch_python_dop_operator_3.py
[2022-03-27 20:29:59,161] {processor.py:654} INFO - DAG(s) dict_keys(['example_branch_dop_operator_v3']) retrieved from /home/lowenhard/acceleration/env/lib/python3.8/site-packages/airflow/example_dags/example_branch_python_dop_operator_3.py
[2022-03-27 20:29:59,169] {logging_mixin.py:109} INFO - [2022-03-27 20:29:59,169] {dag.py:2398} INFO - Sync 1 DAGs
[2022-03-27 20:29:59,186] {logging_mixin.py:109} INFO - [2022-03-27 20:29:59,185] {dag.py:2937} INFO - Setting next_dagrun for example_branch_dop_operator_v3 to 2022-03-28T01:28:00+00:00
[2022-03-27 20:29:59,333] {processor.py:171} INFO - Processing /home/lowenhard/acceleration/env/lib/python3.8/site-packages/airflow/example_dags/example_branch_python_dop_operator_3.py took 1.219 seconds
[2022-03-27 20:48:38,323] {processor.py:163} INFO - Started process (PID=1739) to work on /home/lowenhard/acceleration/env/lib/python3.8/site-packages/airflow/example_dags/example_branch_python_dop_operator_3.py
[2022-03-27 20:48:38,875] {processor.py:642} INFO - Processing file /home/lowenhard/acceleration/env/lib/python3.8/site-packages/airflow/example_dags/example_branch_python_dop_operator_3.py for tasks to queue
[2022-03-27 20:48:38,877] {logging_mixin.py:109} INFO - [2022-03-27 20:48:38,877] {dagbag.py:500} INFO - Filling up the DagBag from /home/lowenhard/acceleration/env/lib/python3.8/site-packages/airflow/example_dags/example_branch_python_dop_operator_3.py
[2022-03-27 20:48:38,898] {processor.py:654} INFO - DAG(s) dict_keys(['example_branch_dop_operator_v3']) retrieved from /home/lowenhard/acceleration/env/lib/python3.8/site-packages/airflow/example_dags/example_branch_python_dop_operator_3.py
[2022-03-27 20:48:38,907] {logging_mixin.py:109} INFO - [2022-03-27 20:48:38,907] {dag.py:2398} INFO - Sync 1 DAGs
[2022-03-27 20:48:38,924] {logging_mixin.py:109} INFO - [2022-03-27 20:48:38,924] {dag.py:2937} INFO - Setting next_dagrun for example_branch_dop_operator_v3 to 2022-03-28T01:47:00+00:00
[2022-03-27 20:48:39,819] {processor.py:171} INFO - Processing /home/lowenhard/acceleration/env/lib/python3.8/site-packages/airflow/example_dags/example_branch_python_dop_operator_3.py took 1.500 seconds
[2022-03-27 20:50:13,927] {processor.py:163} INFO - Started process (PID=1797) to work on /home/lowenhard/acceleration/env/lib/python3.8/site-packages/airflow/example_dags/example_branch_python_dop_operator_3.py
[2022-03-27 20:50:13,930] {processor.py:642} INFO - Processing file /home/lowenhard/acceleration/env/lib/python3.8/site-packages/airflow/example_dags/example_branch_python_dop_operator_3.py for tasks to queue
[2022-03-27 20:50:13,930] {logging_mixin.py:109} INFO - [2022-03-27 20:50:13,930] {dagbag.py:500} INFO - Filling up the DagBag from /home/lowenhard/acceleration/env/lib/python3.8/site-packages/airflow/example_dags/example_branch_python_dop_operator_3.py
[2022-03-27 20:50:13,955] {processor.py:654} INFO - DAG(s) dict_keys(['example_branch_dop_operator_v3']) retrieved from /home/lowenhard/acceleration/env/lib/python3.8/site-packages/airflow/example_dags/example_branch_python_dop_operator_3.py
[2022-03-27 20:50:13,964] {logging_mixin.py:109} INFO - [2022-03-27 20:50:13,964] {dag.py:2398} INFO - Sync 1 DAGs
[2022-03-27 20:50:13,981] {logging_mixin.py:109} INFO - [2022-03-27 20:50:13,980] {dag.py:2937} INFO - Setting next_dagrun for example_branch_dop_operator_v3 to 2022-03-28T01:49:00+00:00
[2022-03-27 20:50:14,123] {processor.py:171} INFO - Processing /home/lowenhard/acceleration/env/lib/python3.8/site-packages/airflow/example_dags/example_branch_python_dop_operator_3.py took 0.199 seconds
[2022-03-27 20:52:25,603] {processor.py:163} INFO - Started process (PID=1934) to work on /home/lowenhard/acceleration/env/lib/python3.8/site-packages/airflow/example_dags/example_branch_python_dop_operator_3.py
[2022-03-27 20:52:25,605] {processor.py:642} INFO - Processing file /home/lowenhard/acceleration/env/lib/python3.8/site-packages/airflow/example_dags/example_branch_python_dop_operator_3.py for tasks to queue
[2022-03-27 20:52:25,605] {logging_mixin.py:109} INFO - [2022-03-27 20:52:25,605] {dagbag.py:500} INFO - Filling up the DagBag from /home/lowenhard/acceleration/env/lib/python3.8/site-packages/airflow/example_dags/example_branch_python_dop_operator_3.py
[2022-03-27 20:52:25,626] {processor.py:654} INFO - DAG(s) dict_keys(['example_branch_dop_operator_v3']) retrieved from /home/lowenhard/acceleration/env/lib/python3.8/site-packages/airflow/example_dags/example_branch_python_dop_operator_3.py
[2022-03-27 20:52:25,635] {logging_mixin.py:109} INFO - [2022-03-27 20:52:25,635] {dag.py:2398} INFO - Sync 1 DAGs
[2022-03-27 20:52:25,652] {logging_mixin.py:109} INFO - [2022-03-27 20:52:25,652] {dag.py:2937} INFO - Setting next_dagrun for example_branch_dop_operator_v3 to 2022-03-28T01:51:00+00:00
[2022-03-27 20:52:25,779] {processor.py:171} INFO - Processing /home/lowenhard/acceleration/env/lib/python3.8/site-packages/airflow/example_dags/example_branch_python_dop_operator_3.py took 0.178 seconds
[2022-03-27 20:54:16,713] {processor.py:163} INFO - Started process (PID=2046) to work on /home/lowenhard/acceleration/env/lib/python3.8/site-packages/airflow/example_dags/example_branch_python_dop_operator_3.py
[2022-03-27 20:54:16,745] {processor.py:642} INFO - Processing file /home/lowenhard/acceleration/env/lib/python3.8/site-packages/airflow/example_dags/example_branch_python_dop_operator_3.py for tasks to queue
[2022-03-27 20:54:16,746] {logging_mixin.py:109} INFO - [2022-03-27 20:54:16,746] {dagbag.py:500} INFO - Filling up the DagBag from /home/lowenhard/acceleration/env/lib/python3.8/site-packages/airflow/example_dags/example_branch_python_dop_operator_3.py
[2022-03-27 20:54:16,773] {processor.py:654} INFO - DAG(s) dict_keys(['example_branch_dop_operator_v3']) retrieved from /home/lowenhard/acceleration/env/lib/python3.8/site-packages/airflow/example_dags/example_branch_python_dop_operator_3.py
[2022-03-27 20:54:16,782] {logging_mixin.py:109} INFO - [2022-03-27 20:54:16,781] {dag.py:2398} INFO - Sync 1 DAGs
[2022-03-27 20:54:16,798] {logging_mixin.py:109} INFO - [2022-03-27 20:54:16,798] {dag.py:2937} INFO - Setting next_dagrun for example_branch_dop_operator_v3 to 2022-03-28T01:53:00+00:00
[2022-03-27 20:54:17,873] {processor.py:171} INFO - Processing /home/lowenhard/acceleration/env/lib/python3.8/site-packages/airflow/example_dags/example_branch_python_dop_operator_3.py took 1.163 seconds
[2022-03-27 20:55:13,373] {processor.py:163} INFO - Started process (PID=2121) to work on /home/lowenhard/acceleration/env/lib/python3.8/site-packages/airflow/example_dags/example_branch_python_dop_operator_3.py
[2022-03-27 20:55:13,391] {processor.py:642} INFO - Processing file /home/lowenhard/acceleration/env/lib/python3.8/site-packages/airflow/example_dags/example_branch_python_dop_operator_3.py for tasks to queue
[2022-03-27 20:55:13,392] {logging_mixin.py:109} INFO - [2022-03-27 20:55:13,392] {dagbag.py:500} INFO - Filling up the DagBag from /home/lowenhard/acceleration/env/lib/python3.8/site-packages/airflow/example_dags/example_branch_python_dop_operator_3.py
[2022-03-27 20:55:13,412] {processor.py:654} INFO - DAG(s) dict_keys(['example_branch_dop_operator_v3']) retrieved from /home/lowenhard/acceleration/env/lib/python3.8/site-packages/airflow/example_dags/example_branch_python_dop_operator_3.py
[2022-03-27 20:55:13,421] {logging_mixin.py:109} INFO - [2022-03-27 20:55:13,421] {dag.py:2398} INFO - Sync 1 DAGs
[2022-03-27 20:55:13,437] {logging_mixin.py:109} INFO - [2022-03-27 20:55:13,437] {dag.py:2937} INFO - Setting next_dagrun for example_branch_dop_operator_v3 to 2022-03-28T01:54:00+00:00
[2022-03-27 20:55:13,579] {processor.py:171} INFO - Processing /home/lowenhard/acceleration/env/lib/python3.8/site-packages/airflow/example_dags/example_branch_python_dop_operator_3.py took 0.208 seconds
[2022-03-27 20:56:03,590] {processor.py:163} INFO - Started process (PID=2179) to work on /home/lowenhard/acceleration/env/lib/python3.8/site-packages/airflow/example_dags/example_branch_python_dop_operator_3.py
[2022-03-27 20:56:03,772] {processor.py:642} INFO - Processing file /home/lowenhard/acceleration/env/lib/python3.8/site-packages/airflow/example_dags/example_branch_python_dop_operator_3.py for tasks to queue
[2022-03-27 20:56:03,772] {logging_mixin.py:109} INFO - [2022-03-27 20:56:03,772] {dagbag.py:500} INFO - Filling up the DagBag from /home/lowenhard/acceleration/env/lib/python3.8/site-packages/airflow/example_dags/example_branch_python_dop_operator_3.py
[2022-03-27 20:56:03,794] {processor.py:654} INFO - DAG(s) dict_keys(['example_branch_dop_operator_v3']) retrieved from /home/lowenhard/acceleration/env/lib/python3.8/site-packages/airflow/example_dags/example_branch_python_dop_operator_3.py
[2022-03-27 20:56:03,805] {logging_mixin.py:109} INFO - [2022-03-27 20:56:03,804] {dag.py:2398} INFO - Sync 1 DAGs
[2022-03-27 20:56:03,819] {logging_mixin.py:109} INFO - [2022-03-27 20:56:03,819] {dag.py:2937} INFO - Setting next_dagrun for example_branch_dop_operator_v3 to 2022-03-28T01:55:00+00:00
[2022-03-27 20:56:04,148] {processor.py:171} INFO - Processing /home/lowenhard/acceleration/env/lib/python3.8/site-packages/airflow/example_dags/example_branch_python_dop_operator_3.py took 0.561 seconds
[2022-03-27 20:57:09,143] {processor.py:163} INFO - Started process (PID=2239) to work on /home/lowenhard/acceleration/env/lib/python3.8/site-packages/airflow/example_dags/example_branch_python_dop_operator_3.py
[2022-03-27 20:57:09,155] {processor.py:642} INFO - Processing file /home/lowenhard/acceleration/env/lib/python3.8/site-packages/airflow/example_dags/example_branch_python_dop_operator_3.py for tasks to queue
[2022-03-27 20:57:09,156] {logging_mixin.py:109} INFO - [2022-03-27 20:57:09,156] {dagbag.py:500} INFO - Filling up the DagBag from /home/lowenhard/acceleration/env/lib/python3.8/site-packages/airflow/example_dags/example_branch_python_dop_operator_3.py
[2022-03-27 20:57:09,195] {processor.py:654} INFO - DAG(s) dict_keys(['example_branch_dop_operator_v3']) retrieved from /home/lowenhard/acceleration/env/lib/python3.8/site-packages/airflow/example_dags/example_branch_python_dop_operator_3.py
[2022-03-27 20:57:09,209] {logging_mixin.py:109} INFO - [2022-03-27 20:57:09,209] {dag.py:2398} INFO - Sync 1 DAGs
[2022-03-27 20:57:09,236] {logging_mixin.py:109} INFO - [2022-03-27 20:57:09,236] {dag.py:2937} INFO - Setting next_dagrun for example_branch_dop_operator_v3 to 2022-03-28T01:56:00+00:00
[2022-03-27 20:57:09,381] {processor.py:171} INFO - Processing /home/lowenhard/acceleration/env/lib/python3.8/site-packages/airflow/example_dags/example_branch_python_dop_operator_3.py took 0.240 seconds
[2022-03-27 20:58:10,602] {processor.py:163} INFO - Started process (PID=2297) to work on /home/lowenhard/acceleration/env/lib/python3.8/site-packages/airflow/example_dags/example_branch_python_dop_operator_3.py
[2022-03-27 20:58:10,617] {processor.py:642} INFO - Processing file /home/lowenhard/acceleration/env/lib/python3.8/site-packages/airflow/example_dags/example_branch_python_dop_operator_3.py for tasks to queue
[2022-03-27 20:58:10,618] {logging_mixin.py:109} INFO - [2022-03-27 20:58:10,618] {dagbag.py:500} INFO - Filling up the DagBag from /home/lowenhard/acceleration/env/lib/python3.8/site-packages/airflow/example_dags/example_branch_python_dop_operator_3.py
[2022-03-27 20:58:10,638] {processor.py:654} INFO - DAG(s) dict_keys(['example_branch_dop_operator_v3']) retrieved from /home/lowenhard/acceleration/env/lib/python3.8/site-packages/airflow/example_dags/example_branch_python_dop_operator_3.py
[2022-03-27 20:58:10,647] {logging_mixin.py:109} INFO - [2022-03-27 20:58:10,647] {dag.py:2398} INFO - Sync 1 DAGs
[2022-03-27 20:58:10,664] {logging_mixin.py:109} INFO - [2022-03-27 20:58:10,664] {dag.py:2937} INFO - Setting next_dagrun for example_branch_dop_operator_v3 to 2022-03-28T01:57:00+00:00
[2022-03-27 20:58:10,796] {processor.py:171} INFO - Processing /home/lowenhard/acceleration/env/lib/python3.8/site-packages/airflow/example_dags/example_branch_python_dop_operator_3.py took 0.196 seconds
[2022-03-27 20:59:11,141] {processor.py:163} INFO - Started process (PID=2347) to work on /home/lowenhard/acceleration/env/lib/python3.8/site-packages/airflow/example_dags/example_branch_python_dop_operator_3.py
[2022-03-27 20:59:11,143] {processor.py:642} INFO - Processing file /home/lowenhard/acceleration/env/lib/python3.8/site-packages/airflow/example_dags/example_branch_python_dop_operator_3.py for tasks to queue
[2022-03-27 20:59:11,144] {logging_mixin.py:109} INFO - [2022-03-27 20:59:11,144] {dagbag.py:500} INFO - Filling up the DagBag from /home/lowenhard/acceleration/env/lib/python3.8/site-packages/airflow/example_dags/example_branch_python_dop_operator_3.py
[2022-03-27 20:59:11,164] {processor.py:654} INFO - DAG(s) dict_keys(['example_branch_dop_operator_v3']) retrieved from /home/lowenhard/acceleration/env/lib/python3.8/site-packages/airflow/example_dags/example_branch_python_dop_operator_3.py
[2022-03-27 20:59:11,173] {logging_mixin.py:109} INFO - [2022-03-27 20:59:11,173] {dag.py:2398} INFO - Sync 1 DAGs
[2022-03-27 20:59:11,189] {logging_mixin.py:109} INFO - [2022-03-27 20:59:11,189] {dag.py:2937} INFO - Setting next_dagrun for example_branch_dop_operator_v3 to 2022-03-28T01:58:00+00:00
[2022-03-27 20:59:11,934] {processor.py:171} INFO - Processing /home/lowenhard/acceleration/env/lib/python3.8/site-packages/airflow/example_dags/example_branch_python_dop_operator_3.py took 0.797 seconds
