[2022-03-27 20:03:57,776] {processor.py:163} INFO - Started process (PID=240) to work on /home/lowenhard/acceleration/env/lib/python3.8/site-packages/airflow/example_dags/example_latest_only_with_trigger.py
[2022-03-27 20:03:57,778] {processor.py:642} INFO - Processing file /home/lowenhard/acceleration/env/lib/python3.8/site-packages/airflow/example_dags/example_latest_only_with_trigger.py for tasks to queue
[2022-03-27 20:03:57,778] {logging_mixin.py:109} INFO - [2022-03-27 20:03:57,778] {dagbag.py:500} INFO - Filling up the DagBag from /home/lowenhard/acceleration/env/lib/python3.8/site-packages/airflow/example_dags/example_latest_only_with_trigger.py
[2022-03-27 20:03:57,799] {processor.py:654} INFO - DAG(s) dict_keys(['latest_only_with_trigger']) retrieved from /home/lowenhard/acceleration/env/lib/python3.8/site-packages/airflow/example_dags/example_latest_only_with_trigger.py
[2022-03-27 20:03:57,808] {logging_mixin.py:109} INFO - [2022-03-27 20:03:57,808] {dag.py:2398} INFO - Sync 1 DAGs
[2022-03-27 20:03:57,820] {logging_mixin.py:109} INFO - [2022-03-27 20:03:57,820] {dag.py:2937} INFO - Setting next_dagrun for latest_only_with_trigger to 2022-03-27T21:03:57.819760+00:00
[2022-03-27 20:03:57,962] {processor.py:171} INFO - Processing /home/lowenhard/acceleration/env/lib/python3.8/site-packages/airflow/example_dags/example_latest_only_with_trigger.py took 0.189 seconds
[2022-03-27 20:05:24,836] {processor.py:163} INFO - Started process (PID=374) to work on /home/lowenhard/acceleration/env/lib/python3.8/site-packages/airflow/example_dags/example_latest_only_with_trigger.py
[2022-03-27 20:05:24,842] {processor.py:642} INFO - Processing file /home/lowenhard/acceleration/env/lib/python3.8/site-packages/airflow/example_dags/example_latest_only_with_trigger.py for tasks to queue
[2022-03-27 20:05:24,843] {logging_mixin.py:109} INFO - [2022-03-27 20:05:24,843] {dagbag.py:500} INFO - Filling up the DagBag from /home/lowenhard/acceleration/env/lib/python3.8/site-packages/airflow/example_dags/example_latest_only_with_trigger.py
[2022-03-27 20:05:24,865] {processor.py:654} INFO - DAG(s) dict_keys(['latest_only_with_trigger']) retrieved from /home/lowenhard/acceleration/env/lib/python3.8/site-packages/airflow/example_dags/example_latest_only_with_trigger.py
[2022-03-27 20:05:24,875] {logging_mixin.py:109} INFO - [2022-03-27 20:05:24,875] {dag.py:2398} INFO - Sync 1 DAGs
[2022-03-27 20:05:24,888] {logging_mixin.py:109} INFO - [2022-03-27 20:05:24,888] {dag.py:2937} INFO - Setting next_dagrun for latest_only_with_trigger to 2022-03-27T21:05:24.888525+00:00
[2022-03-27 20:05:26,879] {processor.py:171} INFO - Processing /home/lowenhard/acceleration/env/lib/python3.8/site-packages/airflow/example_dags/example_latest_only_with_trigger.py took 2.046 seconds
[2022-03-27 20:06:26,638] {processor.py:163} INFO - Started process (PID=424) to work on /home/lowenhard/acceleration/env/lib/python3.8/site-packages/airflow/example_dags/example_latest_only_with_trigger.py
[2022-03-27 20:06:26,654] {processor.py:642} INFO - Processing file /home/lowenhard/acceleration/env/lib/python3.8/site-packages/airflow/example_dags/example_latest_only_with_trigger.py for tasks to queue
[2022-03-27 20:06:26,655] {logging_mixin.py:109} INFO - [2022-03-27 20:06:26,655] {dagbag.py:500} INFO - Filling up the DagBag from /home/lowenhard/acceleration/env/lib/python3.8/site-packages/airflow/example_dags/example_latest_only_with_trigger.py
[2022-03-27 20:06:26,690] {processor.py:654} INFO - DAG(s) dict_keys(['latest_only_with_trigger']) retrieved from /home/lowenhard/acceleration/env/lib/python3.8/site-packages/airflow/example_dags/example_latest_only_with_trigger.py
[2022-03-27 20:06:26,704] {logging_mixin.py:109} INFO - [2022-03-27 20:06:26,704] {dag.py:2398} INFO - Sync 1 DAGs
[2022-03-27 20:06:26,718] {logging_mixin.py:109} INFO - [2022-03-27 20:06:26,718] {dag.py:2937} INFO - Setting next_dagrun for latest_only_with_trigger to 2022-03-27T21:06:26.717931+00:00
[2022-03-27 20:06:26,967] {processor.py:171} INFO - Processing /home/lowenhard/acceleration/env/lib/python3.8/site-packages/airflow/example_dags/example_latest_only_with_trigger.py took 0.332 seconds
[2022-03-27 20:07:29,617] {processor.py:163} INFO - Started process (PID=474) to work on /home/lowenhard/acceleration/env/lib/python3.8/site-packages/airflow/example_dags/example_latest_only_with_trigger.py
[2022-03-27 20:07:29,620] {processor.py:642} INFO - Processing file /home/lowenhard/acceleration/env/lib/python3.8/site-packages/airflow/example_dags/example_latest_only_with_trigger.py for tasks to queue
[2022-03-27 20:07:29,621] {logging_mixin.py:109} INFO - [2022-03-27 20:07:29,621] {dagbag.py:500} INFO - Filling up the DagBag from /home/lowenhard/acceleration/env/lib/python3.8/site-packages/airflow/example_dags/example_latest_only_with_trigger.py
[2022-03-27 20:07:29,640] {processor.py:654} INFO - DAG(s) dict_keys(['latest_only_with_trigger']) retrieved from /home/lowenhard/acceleration/env/lib/python3.8/site-packages/airflow/example_dags/example_latest_only_with_trigger.py
[2022-03-27 20:07:29,649] {logging_mixin.py:109} INFO - [2022-03-27 20:07:29,649] {dag.py:2398} INFO - Sync 1 DAGs
[2022-03-27 20:07:29,661] {logging_mixin.py:109} INFO - [2022-03-27 20:07:29,661] {dag.py:2937} INFO - Setting next_dagrun for latest_only_with_trigger to 2022-03-27T21:07:29.661257+00:00
[2022-03-27 20:07:29,837] {processor.py:171} INFO - Processing /home/lowenhard/acceleration/env/lib/python3.8/site-packages/airflow/example_dags/example_latest_only_with_trigger.py took 0.223 seconds
[2022-03-27 20:08:23,350] {processor.py:163} INFO - Started process (PID=520) to work on /home/lowenhard/acceleration/env/lib/python3.8/site-packages/airflow/example_dags/example_latest_only_with_trigger.py
[2022-03-27 20:08:23,353] {processor.py:642} INFO - Processing file /home/lowenhard/acceleration/env/lib/python3.8/site-packages/airflow/example_dags/example_latest_only_with_trigger.py for tasks to queue
[2022-03-27 20:08:23,353] {logging_mixin.py:109} INFO - [2022-03-27 20:08:23,353] {dagbag.py:500} INFO - Filling up the DagBag from /home/lowenhard/acceleration/env/lib/python3.8/site-packages/airflow/example_dags/example_latest_only_with_trigger.py
[2022-03-27 20:08:23,374] {processor.py:654} INFO - DAG(s) dict_keys(['latest_only_with_trigger']) retrieved from /home/lowenhard/acceleration/env/lib/python3.8/site-packages/airflow/example_dags/example_latest_only_with_trigger.py
[2022-03-27 20:08:23,384] {logging_mixin.py:109} INFO - [2022-03-27 20:08:23,384] {dag.py:2398} INFO - Sync 1 DAGs
[2022-03-27 20:08:23,398] {logging_mixin.py:109} INFO - [2022-03-27 20:08:23,398] {dag.py:2937} INFO - Setting next_dagrun for latest_only_with_trigger to 2022-03-27T21:08:23.398602+00:00
[2022-03-27 20:08:23,529] {processor.py:171} INFO - Processing /home/lowenhard/acceleration/env/lib/python3.8/site-packages/airflow/example_dags/example_latest_only_with_trigger.py took 0.182 seconds
[2022-03-27 20:09:56,113] {processor.py:163} INFO - Started process (PID=587) to work on /home/lowenhard/acceleration/env/lib/python3.8/site-packages/airflow/example_dags/example_latest_only_with_trigger.py
[2022-03-27 20:09:56,114] {processor.py:642} INFO - Processing file /home/lowenhard/acceleration/env/lib/python3.8/site-packages/airflow/example_dags/example_latest_only_with_trigger.py for tasks to queue
[2022-03-27 20:09:56,115] {logging_mixin.py:109} INFO - [2022-03-27 20:09:56,115] {dagbag.py:500} INFO - Filling up the DagBag from /home/lowenhard/acceleration/env/lib/python3.8/site-packages/airflow/example_dags/example_latest_only_with_trigger.py
[2022-03-27 20:09:56,135] {processor.py:654} INFO - DAG(s) dict_keys(['latest_only_with_trigger']) retrieved from /home/lowenhard/acceleration/env/lib/python3.8/site-packages/airflow/example_dags/example_latest_only_with_trigger.py
[2022-03-27 20:09:56,144] {logging_mixin.py:109} INFO - [2022-03-27 20:09:56,144] {dag.py:2398} INFO - Sync 1 DAGs
[2022-03-27 20:09:56,157] {logging_mixin.py:109} INFO - [2022-03-27 20:09:56,157] {dag.py:2937} INFO - Setting next_dagrun for latest_only_with_trigger to 2022-03-27T21:09:56.157243+00:00
[2022-03-27 20:09:56,296] {processor.py:171} INFO - Processing /home/lowenhard/acceleration/env/lib/python3.8/site-packages/airflow/example_dags/example_latest_only_with_trigger.py took 0.186 seconds
[2022-03-27 20:11:04,406] {processor.py:163} INFO - Started process (PID=652) to work on /home/lowenhard/acceleration/env/lib/python3.8/site-packages/airflow/example_dags/example_latest_only_with_trigger.py
[2022-03-27 20:11:04,418] {processor.py:642} INFO - Processing file /home/lowenhard/acceleration/env/lib/python3.8/site-packages/airflow/example_dags/example_latest_only_with_trigger.py for tasks to queue
[2022-03-27 20:11:04,418] {logging_mixin.py:109} INFO - [2022-03-27 20:11:04,418] {dagbag.py:500} INFO - Filling up the DagBag from /home/lowenhard/acceleration/env/lib/python3.8/site-packages/airflow/example_dags/example_latest_only_with_trigger.py
[2022-03-27 20:11:04,438] {processor.py:654} INFO - DAG(s) dict_keys(['latest_only_with_trigger']) retrieved from /home/lowenhard/acceleration/env/lib/python3.8/site-packages/airflow/example_dags/example_latest_only_with_trigger.py
[2022-03-27 20:11:04,448] {logging_mixin.py:109} INFO - [2022-03-27 20:11:04,448] {dag.py:2398} INFO - Sync 1 DAGs
[2022-03-27 20:11:04,460] {logging_mixin.py:109} INFO - [2022-03-27 20:11:04,460] {dag.py:2937} INFO - Setting next_dagrun for latest_only_with_trigger to 2022-03-27T21:11:04.460564+00:00
[2022-03-27 20:11:04,647] {processor.py:171} INFO - Processing /home/lowenhard/acceleration/env/lib/python3.8/site-packages/airflow/example_dags/example_latest_only_with_trigger.py took 0.243 seconds
[2022-03-27 20:12:00,757] {processor.py:163} INFO - Started process (PID=698) to work on /home/lowenhard/acceleration/env/lib/python3.8/site-packages/airflow/example_dags/example_latest_only_with_trigger.py
[2022-03-27 20:12:00,760] {processor.py:642} INFO - Processing file /home/lowenhard/acceleration/env/lib/python3.8/site-packages/airflow/example_dags/example_latest_only_with_trigger.py for tasks to queue
[2022-03-27 20:12:00,760] {logging_mixin.py:109} INFO - [2022-03-27 20:12:00,760] {dagbag.py:500} INFO - Filling up the DagBag from /home/lowenhard/acceleration/env/lib/python3.8/site-packages/airflow/example_dags/example_latest_only_with_trigger.py
[2022-03-27 20:12:00,784] {processor.py:654} INFO - DAG(s) dict_keys(['latest_only_with_trigger']) retrieved from /home/lowenhard/acceleration/env/lib/python3.8/site-packages/airflow/example_dags/example_latest_only_with_trigger.py
[2022-03-27 20:12:00,793] {logging_mixin.py:109} INFO - [2022-03-27 20:12:00,793] {dag.py:2398} INFO - Sync 1 DAGs
[2022-03-27 20:12:00,807] {logging_mixin.py:109} INFO - [2022-03-27 20:12:00,807] {dag.py:2937} INFO - Setting next_dagrun for latest_only_with_trigger to 2022-03-27T21:12:00.807337+00:00
[2022-03-27 20:12:02,035] {processor.py:171} INFO - Processing /home/lowenhard/acceleration/env/lib/python3.8/site-packages/airflow/example_dags/example_latest_only_with_trigger.py took 1.280 seconds
[2022-03-27 20:13:16,623] {processor.py:163} INFO - Started process (PID=752) to work on /home/lowenhard/acceleration/env/lib/python3.8/site-packages/airflow/example_dags/example_latest_only_with_trigger.py
[2022-03-27 20:13:16,629] {processor.py:642} INFO - Processing file /home/lowenhard/acceleration/env/lib/python3.8/site-packages/airflow/example_dags/example_latest_only_with_trigger.py for tasks to queue
[2022-03-27 20:13:16,630] {logging_mixin.py:109} INFO - [2022-03-27 20:13:16,630] {dagbag.py:500} INFO - Filling up the DagBag from /home/lowenhard/acceleration/env/lib/python3.8/site-packages/airflow/example_dags/example_latest_only_with_trigger.py
[2022-03-27 20:13:16,650] {processor.py:654} INFO - DAG(s) dict_keys(['latest_only_with_trigger']) retrieved from /home/lowenhard/acceleration/env/lib/python3.8/site-packages/airflow/example_dags/example_latest_only_with_trigger.py
[2022-03-27 20:13:16,659] {logging_mixin.py:109} INFO - [2022-03-27 20:13:16,658] {dag.py:2398} INFO - Sync 1 DAGs
[2022-03-27 20:13:16,670] {logging_mixin.py:109} INFO - [2022-03-27 20:13:16,670] {dag.py:2937} INFO - Setting next_dagrun for latest_only_with_trigger to 2022-03-27T21:13:16.670314+00:00
[2022-03-27 20:13:17,918] {processor.py:171} INFO - Processing /home/lowenhard/acceleration/env/lib/python3.8/site-packages/airflow/example_dags/example_latest_only_with_trigger.py took 1.297 seconds
[2022-03-27 20:14:16,126] {processor.py:163} INFO - Started process (PID=798) to work on /home/lowenhard/acceleration/env/lib/python3.8/site-packages/airflow/example_dags/example_latest_only_with_trigger.py
[2022-03-27 20:14:16,130] {processor.py:642} INFO - Processing file /home/lowenhard/acceleration/env/lib/python3.8/site-packages/airflow/example_dags/example_latest_only_with_trigger.py for tasks to queue
[2022-03-27 20:14:16,130] {logging_mixin.py:109} INFO - [2022-03-27 20:14:16,130] {dagbag.py:500} INFO - Filling up the DagBag from /home/lowenhard/acceleration/env/lib/python3.8/site-packages/airflow/example_dags/example_latest_only_with_trigger.py
[2022-03-27 20:14:16,151] {processor.py:654} INFO - DAG(s) dict_keys(['latest_only_with_trigger']) retrieved from /home/lowenhard/acceleration/env/lib/python3.8/site-packages/airflow/example_dags/example_latest_only_with_trigger.py
[2022-03-27 20:14:16,160] {logging_mixin.py:109} INFO - [2022-03-27 20:14:16,160] {dag.py:2398} INFO - Sync 1 DAGs
[2022-03-27 20:14:16,172] {logging_mixin.py:109} INFO - [2022-03-27 20:14:16,172] {dag.py:2937} INFO - Setting next_dagrun for latest_only_with_trigger to 2022-03-27T21:14:16.171972+00:00
[2022-03-27 20:14:16,305] {processor.py:171} INFO - Processing /home/lowenhard/acceleration/env/lib/python3.8/site-packages/airflow/example_dags/example_latest_only_with_trigger.py took 0.180 seconds
[2022-03-27 20:15:23,033] {processor.py:163} INFO - Started process (PID=865) to work on /home/lowenhard/acceleration/env/lib/python3.8/site-packages/airflow/example_dags/example_latest_only_with_trigger.py
[2022-03-27 20:15:23,039] {processor.py:642} INFO - Processing file /home/lowenhard/acceleration/env/lib/python3.8/site-packages/airflow/example_dags/example_latest_only_with_trigger.py for tasks to queue
[2022-03-27 20:15:23,040] {logging_mixin.py:109} INFO - [2022-03-27 20:15:23,040] {dagbag.py:500} INFO - Filling up the DagBag from /home/lowenhard/acceleration/env/lib/python3.8/site-packages/airflow/example_dags/example_latest_only_with_trigger.py
[2022-03-27 20:15:23,063] {processor.py:654} INFO - DAG(s) dict_keys(['latest_only_with_trigger']) retrieved from /home/lowenhard/acceleration/env/lib/python3.8/site-packages/airflow/example_dags/example_latest_only_with_trigger.py
[2022-03-27 20:15:23,072] {logging_mixin.py:109} INFO - [2022-03-27 20:15:23,072] {dag.py:2398} INFO - Sync 1 DAGs
[2022-03-27 20:15:23,083] {logging_mixin.py:109} INFO - [2022-03-27 20:15:23,083] {dag.py:2937} INFO - Setting next_dagrun for latest_only_with_trigger to 2022-03-27T21:15:23.082934+00:00
[2022-03-27 20:15:23,224] {processor.py:171} INFO - Processing /home/lowenhard/acceleration/env/lib/python3.8/site-packages/airflow/example_dags/example_latest_only_with_trigger.py took 0.193 seconds
[2022-03-27 20:16:22,742] {processor.py:163} INFO - Started process (PID=916) to work on /home/lowenhard/acceleration/env/lib/python3.8/site-packages/airflow/example_dags/example_latest_only_with_trigger.py
[2022-03-27 20:16:22,744] {processor.py:642} INFO - Processing file /home/lowenhard/acceleration/env/lib/python3.8/site-packages/airflow/example_dags/example_latest_only_with_trigger.py for tasks to queue
[2022-03-27 20:16:22,744] {logging_mixin.py:109} INFO - [2022-03-27 20:16:22,744] {dagbag.py:500} INFO - Filling up the DagBag from /home/lowenhard/acceleration/env/lib/python3.8/site-packages/airflow/example_dags/example_latest_only_with_trigger.py
[2022-03-27 20:16:22,764] {processor.py:654} INFO - DAG(s) dict_keys(['latest_only_with_trigger']) retrieved from /home/lowenhard/acceleration/env/lib/python3.8/site-packages/airflow/example_dags/example_latest_only_with_trigger.py
[2022-03-27 20:16:22,773] {logging_mixin.py:109} INFO - [2022-03-27 20:16:22,773] {dag.py:2398} INFO - Sync 1 DAGs
[2022-03-27 20:16:22,784] {logging_mixin.py:109} INFO - [2022-03-27 20:16:22,784] {dag.py:2937} INFO - Setting next_dagrun for latest_only_with_trigger to 2022-03-27T21:16:22.784011+00:00
[2022-03-27 20:16:22,939] {processor.py:171} INFO - Processing /home/lowenhard/acceleration/env/lib/python3.8/site-packages/airflow/example_dags/example_latest_only_with_trigger.py took 0.200 seconds
[2022-03-27 20:17:31,371] {processor.py:163} INFO - Started process (PID=968) to work on /home/lowenhard/acceleration/env/lib/python3.8/site-packages/airflow/example_dags/example_latest_only_with_trigger.py
[2022-03-27 20:17:31,386] {processor.py:642} INFO - Processing file /home/lowenhard/acceleration/env/lib/python3.8/site-packages/airflow/example_dags/example_latest_only_with_trigger.py for tasks to queue
[2022-03-27 20:17:31,386] {logging_mixin.py:109} INFO - [2022-03-27 20:17:31,386] {dagbag.py:500} INFO - Filling up the DagBag from /home/lowenhard/acceleration/env/lib/python3.8/site-packages/airflow/example_dags/example_latest_only_with_trigger.py
[2022-03-27 20:17:31,405] {processor.py:654} INFO - DAG(s) dict_keys(['latest_only_with_trigger']) retrieved from /home/lowenhard/acceleration/env/lib/python3.8/site-packages/airflow/example_dags/example_latest_only_with_trigger.py
[2022-03-27 20:17:31,415] {logging_mixin.py:109} INFO - [2022-03-27 20:17:31,415] {dag.py:2398} INFO - Sync 1 DAGs
[2022-03-27 20:17:31,426] {logging_mixin.py:109} INFO - [2022-03-27 20:17:31,426] {dag.py:2937} INFO - Setting next_dagrun for latest_only_with_trigger to 2022-03-27T21:17:31.426495+00:00
[2022-03-27 20:17:32,290] {processor.py:171} INFO - Processing /home/lowenhard/acceleration/env/lib/python3.8/site-packages/airflow/example_dags/example_latest_only_with_trigger.py took 0.921 seconds
[2022-03-27 20:18:28,269] {processor.py:163} INFO - Started process (PID=1018) to work on /home/lowenhard/acceleration/env/lib/python3.8/site-packages/airflow/example_dags/example_latest_only_with_trigger.py
[2022-03-27 20:18:28,279] {processor.py:642} INFO - Processing file /home/lowenhard/acceleration/env/lib/python3.8/site-packages/airflow/example_dags/example_latest_only_with_trigger.py for tasks to queue
[2022-03-27 20:18:28,280] {logging_mixin.py:109} INFO - [2022-03-27 20:18:28,280] {dagbag.py:500} INFO - Filling up the DagBag from /home/lowenhard/acceleration/env/lib/python3.8/site-packages/airflow/example_dags/example_latest_only_with_trigger.py
[2022-03-27 20:18:28,299] {processor.py:654} INFO - DAG(s) dict_keys(['latest_only_with_trigger']) retrieved from /home/lowenhard/acceleration/env/lib/python3.8/site-packages/airflow/example_dags/example_latest_only_with_trigger.py
[2022-03-27 20:18:28,307] {logging_mixin.py:109} INFO - [2022-03-27 20:18:28,307] {dag.py:2398} INFO - Sync 1 DAGs
[2022-03-27 20:18:28,319] {logging_mixin.py:109} INFO - [2022-03-27 20:18:28,319] {dag.py:2937} INFO - Setting next_dagrun for latest_only_with_trigger to 2022-03-27T21:18:28.319156+00:00
[2022-03-27 20:18:30,079] {processor.py:171} INFO - Processing /home/lowenhard/acceleration/env/lib/python3.8/site-packages/airflow/example_dags/example_latest_only_with_trigger.py took 1.812 seconds
[2022-03-27 20:19:27,764] {processor.py:163} INFO - Started process (PID=1064) to work on /home/lowenhard/acceleration/env/lib/python3.8/site-packages/airflow/example_dags/example_latest_only_with_trigger.py
[2022-03-27 20:19:27,896] {processor.py:642} INFO - Processing file /home/lowenhard/acceleration/env/lib/python3.8/site-packages/airflow/example_dags/example_latest_only_with_trigger.py for tasks to queue
[2022-03-27 20:19:27,897] {logging_mixin.py:109} INFO - [2022-03-27 20:19:27,897] {dagbag.py:500} INFO - Filling up the DagBag from /home/lowenhard/acceleration/env/lib/python3.8/site-packages/airflow/example_dags/example_latest_only_with_trigger.py
[2022-03-27 20:19:27,919] {processor.py:654} INFO - DAG(s) dict_keys(['latest_only_with_trigger']) retrieved from /home/lowenhard/acceleration/env/lib/python3.8/site-packages/airflow/example_dags/example_latest_only_with_trigger.py
[2022-03-27 20:19:27,929] {logging_mixin.py:109} INFO - [2022-03-27 20:19:27,929] {dag.py:2398} INFO - Sync 1 DAGs
[2022-03-27 20:19:27,942] {logging_mixin.py:109} INFO - [2022-03-27 20:19:27,941] {dag.py:2937} INFO - Setting next_dagrun for latest_only_with_trigger to 2022-03-27T21:19:27.941663+00:00
[2022-03-27 20:19:28,808] {processor.py:171} INFO - Processing /home/lowenhard/acceleration/env/lib/python3.8/site-packages/airflow/example_dags/example_latest_only_with_trigger.py took 1.048 seconds
[2022-03-27 20:20:17,104] {processor.py:163} INFO - Started process (PID=1108) to work on /home/lowenhard/acceleration/env/lib/python3.8/site-packages/airflow/example_dags/example_latest_only_with_trigger.py
[2022-03-27 20:20:17,108] {processor.py:642} INFO - Processing file /home/lowenhard/acceleration/env/lib/python3.8/site-packages/airflow/example_dags/example_latest_only_with_trigger.py for tasks to queue
[2022-03-27 20:20:17,108] {logging_mixin.py:109} INFO - [2022-03-27 20:20:17,108] {dagbag.py:500} INFO - Filling up the DagBag from /home/lowenhard/acceleration/env/lib/python3.8/site-packages/airflow/example_dags/example_latest_only_with_trigger.py
[2022-03-27 20:20:17,127] {processor.py:654} INFO - DAG(s) dict_keys(['latest_only_with_trigger']) retrieved from /home/lowenhard/acceleration/env/lib/python3.8/site-packages/airflow/example_dags/example_latest_only_with_trigger.py
[2022-03-27 20:20:17,136] {logging_mixin.py:109} INFO - [2022-03-27 20:20:17,136] {dag.py:2398} INFO - Sync 1 DAGs
[2022-03-27 20:20:17,148] {logging_mixin.py:109} INFO - [2022-03-27 20:20:17,147] {dag.py:2937} INFO - Setting next_dagrun for latest_only_with_trigger to 2022-03-27T21:20:17.147653+00:00
[2022-03-27 20:20:17,876] {processor.py:171} INFO - Processing /home/lowenhard/acceleration/env/lib/python3.8/site-packages/airflow/example_dags/example_latest_only_with_trigger.py took 0.775 seconds
[2022-03-27 20:21:50,847] {processor.py:163} INFO - Started process (PID=1198) to work on /home/lowenhard/acceleration/env/lib/python3.8/site-packages/airflow/example_dags/example_latest_only_with_trigger.py
[2022-03-27 20:21:50,849] {processor.py:642} INFO - Processing file /home/lowenhard/acceleration/env/lib/python3.8/site-packages/airflow/example_dags/example_latest_only_with_trigger.py for tasks to queue
[2022-03-27 20:21:50,850] {logging_mixin.py:109} INFO - [2022-03-27 20:21:50,850] {dagbag.py:500} INFO - Filling up the DagBag from /home/lowenhard/acceleration/env/lib/python3.8/site-packages/airflow/example_dags/example_latest_only_with_trigger.py
[2022-03-27 20:21:50,871] {processor.py:654} INFO - DAG(s) dict_keys(['latest_only_with_trigger']) retrieved from /home/lowenhard/acceleration/env/lib/python3.8/site-packages/airflow/example_dags/example_latest_only_with_trigger.py
[2022-03-27 20:21:50,880] {logging_mixin.py:109} INFO - [2022-03-27 20:21:50,880] {dag.py:2398} INFO - Sync 1 DAGs
[2022-03-27 20:21:50,892] {logging_mixin.py:109} INFO - [2022-03-27 20:21:50,892] {dag.py:2937} INFO - Setting next_dagrun for latest_only_with_trigger to 2022-03-27T21:21:50.891739+00:00
[2022-03-27 20:21:51,046] {processor.py:171} INFO - Processing /home/lowenhard/acceleration/env/lib/python3.8/site-packages/airflow/example_dags/example_latest_only_with_trigger.py took 0.203 seconds
[2022-03-27 20:23:12,143] {processor.py:163} INFO - Started process (PID=1273) to work on /home/lowenhard/acceleration/env/lib/python3.8/site-packages/airflow/example_dags/example_latest_only_with_trigger.py
[2022-03-27 20:23:12,158] {processor.py:642} INFO - Processing file /home/lowenhard/acceleration/env/lib/python3.8/site-packages/airflow/example_dags/example_latest_only_with_trigger.py for tasks to queue
[2022-03-27 20:23:12,159] {logging_mixin.py:109} INFO - [2022-03-27 20:23:12,158] {dagbag.py:500} INFO - Filling up the DagBag from /home/lowenhard/acceleration/env/lib/python3.8/site-packages/airflow/example_dags/example_latest_only_with_trigger.py
[2022-03-27 20:23:12,177] {processor.py:654} INFO - DAG(s) dict_keys(['latest_only_with_trigger']) retrieved from /home/lowenhard/acceleration/env/lib/python3.8/site-packages/airflow/example_dags/example_latest_only_with_trigger.py
[2022-03-27 20:23:12,186] {logging_mixin.py:109} INFO - [2022-03-27 20:23:12,186] {dag.py:2398} INFO - Sync 1 DAGs
[2022-03-27 20:23:12,197] {logging_mixin.py:109} INFO - [2022-03-27 20:23:12,197] {dag.py:2937} INFO - Setting next_dagrun for latest_only_with_trigger to 2022-03-27T21:23:12.197310+00:00
[2022-03-27 20:23:12,358] {processor.py:171} INFO - Processing /home/lowenhard/acceleration/env/lib/python3.8/site-packages/airflow/example_dags/example_latest_only_with_trigger.py took 0.218 seconds
[2022-03-27 20:24:13,752] {processor.py:163} INFO - Started process (PID=1337) to work on /home/lowenhard/acceleration/env/lib/python3.8/site-packages/airflow/example_dags/example_latest_only_with_trigger.py
[2022-03-27 20:24:13,757] {processor.py:642} INFO - Processing file /home/lowenhard/acceleration/env/lib/python3.8/site-packages/airflow/example_dags/example_latest_only_with_trigger.py for tasks to queue
[2022-03-27 20:24:13,758] {logging_mixin.py:109} INFO - [2022-03-27 20:24:13,758] {dagbag.py:500} INFO - Filling up the DagBag from /home/lowenhard/acceleration/env/lib/python3.8/site-packages/airflow/example_dags/example_latest_only_with_trigger.py
[2022-03-27 20:24:13,776] {processor.py:654} INFO - DAG(s) dict_keys(['latest_only_with_trigger']) retrieved from /home/lowenhard/acceleration/env/lib/python3.8/site-packages/airflow/example_dags/example_latest_only_with_trigger.py
[2022-03-27 20:24:13,785] {logging_mixin.py:109} INFO - [2022-03-27 20:24:13,785] {dag.py:2398} INFO - Sync 1 DAGs
[2022-03-27 20:24:13,797] {logging_mixin.py:109} INFO - [2022-03-27 20:24:13,797] {dag.py:2937} INFO - Setting next_dagrun for latest_only_with_trigger to 2022-03-27T21:24:13.797067+00:00
[2022-03-27 20:24:13,950] {processor.py:171} INFO - Processing /home/lowenhard/acceleration/env/lib/python3.8/site-packages/airflow/example_dags/example_latest_only_with_trigger.py took 0.200 seconds
[2022-03-27 20:25:14,384] {processor.py:163} INFO - Started process (PID=1395) to work on /home/lowenhard/acceleration/env/lib/python3.8/site-packages/airflow/example_dags/example_latest_only_with_trigger.py
[2022-03-27 20:25:14,395] {processor.py:642} INFO - Processing file /home/lowenhard/acceleration/env/lib/python3.8/site-packages/airflow/example_dags/example_latest_only_with_trigger.py for tasks to queue
[2022-03-27 20:25:14,396] {logging_mixin.py:109} INFO - [2022-03-27 20:25:14,396] {dagbag.py:500} INFO - Filling up the DagBag from /home/lowenhard/acceleration/env/lib/python3.8/site-packages/airflow/example_dags/example_latest_only_with_trigger.py
[2022-03-27 20:25:14,419] {processor.py:654} INFO - DAG(s) dict_keys(['latest_only_with_trigger']) retrieved from /home/lowenhard/acceleration/env/lib/python3.8/site-packages/airflow/example_dags/example_latest_only_with_trigger.py
[2022-03-27 20:25:14,428] {logging_mixin.py:109} INFO - [2022-03-27 20:25:14,428] {dag.py:2398} INFO - Sync 1 DAGs
[2022-03-27 20:25:14,440] {logging_mixin.py:109} INFO - [2022-03-27 20:25:14,440] {dag.py:2937} INFO - Setting next_dagrun for latest_only_with_trigger to 2022-03-27T21:25:14.439796+00:00
[2022-03-27 20:25:14,573] {processor.py:171} INFO - Processing /home/lowenhard/acceleration/env/lib/python3.8/site-packages/airflow/example_dags/example_latest_only_with_trigger.py took 0.192 seconds
[2022-03-27 20:26:33,496] {processor.py:163} INFO - Started process (PID=1465) to work on /home/lowenhard/acceleration/env/lib/python3.8/site-packages/airflow/example_dags/example_latest_only_with_trigger.py
[2022-03-27 20:26:33,509] {processor.py:642} INFO - Processing file /home/lowenhard/acceleration/env/lib/python3.8/site-packages/airflow/example_dags/example_latest_only_with_trigger.py for tasks to queue
[2022-03-27 20:26:33,510] {logging_mixin.py:109} INFO - [2022-03-27 20:26:33,510] {dagbag.py:500} INFO - Filling up the DagBag from /home/lowenhard/acceleration/env/lib/python3.8/site-packages/airflow/example_dags/example_latest_only_with_trigger.py
[2022-03-27 20:26:33,531] {processor.py:654} INFO - DAG(s) dict_keys(['latest_only_with_trigger']) retrieved from /home/lowenhard/acceleration/env/lib/python3.8/site-packages/airflow/example_dags/example_latest_only_with_trigger.py
[2022-03-27 20:26:33,541] {logging_mixin.py:109} INFO - [2022-03-27 20:26:33,541] {dag.py:2398} INFO - Sync 1 DAGs
[2022-03-27 20:26:33,554] {logging_mixin.py:109} INFO - [2022-03-27 20:26:33,554] {dag.py:2937} INFO - Setting next_dagrun for latest_only_with_trigger to 2022-03-27T21:26:33.553954+00:00
[2022-03-27 20:26:33,698] {processor.py:171} INFO - Processing /home/lowenhard/acceleration/env/lib/python3.8/site-packages/airflow/example_dags/example_latest_only_with_trigger.py took 0.205 seconds
[2022-03-27 20:27:36,464] {processor.py:163} INFO - Started process (PID=1525) to work on /home/lowenhard/acceleration/env/lib/python3.8/site-packages/airflow/example_dags/example_latest_only_with_trigger.py
[2022-03-27 20:27:36,472] {processor.py:642} INFO - Processing file /home/lowenhard/acceleration/env/lib/python3.8/site-packages/airflow/example_dags/example_latest_only_with_trigger.py for tasks to queue
[2022-03-27 20:27:36,472] {logging_mixin.py:109} INFO - [2022-03-27 20:27:36,472] {dagbag.py:500} INFO - Filling up the DagBag from /home/lowenhard/acceleration/env/lib/python3.8/site-packages/airflow/example_dags/example_latest_only_with_trigger.py
[2022-03-27 20:27:36,494] {processor.py:654} INFO - DAG(s) dict_keys(['latest_only_with_trigger']) retrieved from /home/lowenhard/acceleration/env/lib/python3.8/site-packages/airflow/example_dags/example_latest_only_with_trigger.py
[2022-03-27 20:27:36,503] {logging_mixin.py:109} INFO - [2022-03-27 20:27:36,503] {dag.py:2398} INFO - Sync 1 DAGs
[2022-03-27 20:27:36,516] {logging_mixin.py:109} INFO - [2022-03-27 20:27:36,516] {dag.py:2937} INFO - Setting next_dagrun for latest_only_with_trigger to 2022-03-27T21:27:36.515871+00:00
[2022-03-27 20:27:36,691] {processor.py:171} INFO - Processing /home/lowenhard/acceleration/env/lib/python3.8/site-packages/airflow/example_dags/example_latest_only_with_trigger.py took 0.228 seconds
[2022-03-27 20:29:16,018] {processor.py:163} INFO - Started process (PID=1577) to work on /home/lowenhard/acceleration/env/lib/python3.8/site-packages/airflow/example_dags/example_latest_only_with_trigger.py
[2022-03-27 20:29:16,028] {processor.py:642} INFO - Processing file /home/lowenhard/acceleration/env/lib/python3.8/site-packages/airflow/example_dags/example_latest_only_with_trigger.py for tasks to queue
[2022-03-27 20:29:16,029] {logging_mixin.py:109} INFO - [2022-03-27 20:29:16,029] {dagbag.py:500} INFO - Filling up the DagBag from /home/lowenhard/acceleration/env/lib/python3.8/site-packages/airflow/example_dags/example_latest_only_with_trigger.py
[2022-03-27 20:29:16,049] {processor.py:654} INFO - DAG(s) dict_keys(['latest_only_with_trigger']) retrieved from /home/lowenhard/acceleration/env/lib/python3.8/site-packages/airflow/example_dags/example_latest_only_with_trigger.py
[2022-03-27 20:29:16,058] {logging_mixin.py:109} INFO - [2022-03-27 20:29:16,058] {dag.py:2398} INFO - Sync 1 DAGs
[2022-03-27 20:29:16,070] {logging_mixin.py:109} INFO - [2022-03-27 20:29:16,070] {dag.py:2937} INFO - Setting next_dagrun for latest_only_with_trigger to 2022-03-27T21:29:16.070203+00:00
[2022-03-27 20:29:16,235] {processor.py:171} INFO - Processing /home/lowenhard/acceleration/env/lib/python3.8/site-packages/airflow/example_dags/example_latest_only_with_trigger.py took 0.219 seconds
[2022-03-27 20:48:43,267] {processor.py:163} INFO - Started process (PID=1741) to work on /home/lowenhard/acceleration/env/lib/python3.8/site-packages/airflow/example_dags/example_latest_only_with_trigger.py
[2022-03-27 20:48:43,269] {processor.py:642} INFO - Processing file /home/lowenhard/acceleration/env/lib/python3.8/site-packages/airflow/example_dags/example_latest_only_with_trigger.py for tasks to queue
[2022-03-27 20:48:43,270] {logging_mixin.py:109} INFO - [2022-03-27 20:48:43,270] {dagbag.py:500} INFO - Filling up the DagBag from /home/lowenhard/acceleration/env/lib/python3.8/site-packages/airflow/example_dags/example_latest_only_with_trigger.py
[2022-03-27 20:48:43,288] {processor.py:654} INFO - DAG(s) dict_keys(['latest_only_with_trigger']) retrieved from /home/lowenhard/acceleration/env/lib/python3.8/site-packages/airflow/example_dags/example_latest_only_with_trigger.py
[2022-03-27 20:48:43,296] {logging_mixin.py:109} INFO - [2022-03-27 20:48:43,296] {dag.py:2398} INFO - Sync 1 DAGs
[2022-03-27 20:48:43,305] {logging_mixin.py:109} INFO - [2022-03-27 20:48:43,305] {dag.py:2937} INFO - Setting next_dagrun for latest_only_with_trigger to 2022-03-27T21:48:43.305335+00:00
[2022-03-27 20:48:43,876] {processor.py:171} INFO - Processing /home/lowenhard/acceleration/env/lib/python3.8/site-packages/airflow/example_dags/example_latest_only_with_trigger.py took 0.611 seconds
[2022-03-27 20:50:16,290] {processor.py:163} INFO - Started process (PID=1799) to work on /home/lowenhard/acceleration/env/lib/python3.8/site-packages/airflow/example_dags/example_latest_only_with_trigger.py
[2022-03-27 20:50:16,293] {processor.py:642} INFO - Processing file /home/lowenhard/acceleration/env/lib/python3.8/site-packages/airflow/example_dags/example_latest_only_with_trigger.py for tasks to queue
[2022-03-27 20:50:16,293] {logging_mixin.py:109} INFO - [2022-03-27 20:50:16,293] {dagbag.py:500} INFO - Filling up the DagBag from /home/lowenhard/acceleration/env/lib/python3.8/site-packages/airflow/example_dags/example_latest_only_with_trigger.py
[2022-03-27 20:50:16,313] {processor.py:654} INFO - DAG(s) dict_keys(['latest_only_with_trigger']) retrieved from /home/lowenhard/acceleration/env/lib/python3.8/site-packages/airflow/example_dags/example_latest_only_with_trigger.py
[2022-03-27 20:50:16,322] {logging_mixin.py:109} INFO - [2022-03-27 20:50:16,322] {dag.py:2398} INFO - Sync 1 DAGs
[2022-03-27 20:50:16,333] {logging_mixin.py:109} INFO - [2022-03-27 20:50:16,333] {dag.py:2937} INFO - Setting next_dagrun for latest_only_with_trigger to 2022-03-27T21:50:16.333192+00:00
[2022-03-27 20:50:16,466] {processor.py:171} INFO - Processing /home/lowenhard/acceleration/env/lib/python3.8/site-packages/airflow/example_dags/example_latest_only_with_trigger.py took 0.178 seconds
[2022-03-27 20:52:28,310] {processor.py:163} INFO - Started process (PID=1936) to work on /home/lowenhard/acceleration/env/lib/python3.8/site-packages/airflow/example_dags/example_latest_only_with_trigger.py
[2022-03-27 20:52:28,325] {processor.py:642} INFO - Processing file /home/lowenhard/acceleration/env/lib/python3.8/site-packages/airflow/example_dags/example_latest_only_with_trigger.py for tasks to queue
[2022-03-27 20:52:28,326] {logging_mixin.py:109} INFO - [2022-03-27 20:52:28,326] {dagbag.py:500} INFO - Filling up the DagBag from /home/lowenhard/acceleration/env/lib/python3.8/site-packages/airflow/example_dags/example_latest_only_with_trigger.py
[2022-03-27 20:52:28,345] {processor.py:654} INFO - DAG(s) dict_keys(['latest_only_with_trigger']) retrieved from /home/lowenhard/acceleration/env/lib/python3.8/site-packages/airflow/example_dags/example_latest_only_with_trigger.py
[2022-03-27 20:52:28,354] {logging_mixin.py:109} INFO - [2022-03-27 20:52:28,354] {dag.py:2398} INFO - Sync 1 DAGs
[2022-03-27 20:52:28,365] {logging_mixin.py:109} INFO - [2022-03-27 20:52:28,365] {dag.py:2937} INFO - Setting next_dagrun for latest_only_with_trigger to 2022-03-27T21:52:28.364994+00:00
[2022-03-27 20:52:28,515] {processor.py:171} INFO - Processing /home/lowenhard/acceleration/env/lib/python3.8/site-packages/airflow/example_dags/example_latest_only_with_trigger.py took 0.207 seconds
[2022-03-27 20:54:21,938] {processor.py:163} INFO - Started process (PID=2052) to work on /home/lowenhard/acceleration/env/lib/python3.8/site-packages/airflow/example_dags/example_latest_only_with_trigger.py
[2022-03-27 20:54:21,955] {processor.py:642} INFO - Processing file /home/lowenhard/acceleration/env/lib/python3.8/site-packages/airflow/example_dags/example_latest_only_with_trigger.py for tasks to queue
[2022-03-27 20:54:21,956] {logging_mixin.py:109} INFO - [2022-03-27 20:54:21,956] {dagbag.py:500} INFO - Filling up the DagBag from /home/lowenhard/acceleration/env/lib/python3.8/site-packages/airflow/example_dags/example_latest_only_with_trigger.py
[2022-03-27 20:54:21,975] {processor.py:654} INFO - DAG(s) dict_keys(['latest_only_with_trigger']) retrieved from /home/lowenhard/acceleration/env/lib/python3.8/site-packages/airflow/example_dags/example_latest_only_with_trigger.py
[2022-03-27 20:54:21,984] {logging_mixin.py:109} INFO - [2022-03-27 20:54:21,984] {dag.py:2398} INFO - Sync 1 DAGs
[2022-03-27 20:54:21,995] {logging_mixin.py:109} INFO - [2022-03-27 20:54:21,995] {dag.py:2937} INFO - Setting next_dagrun for latest_only_with_trigger to 2022-03-27T21:54:21.995200+00:00
[2022-03-27 20:54:22,119] {processor.py:171} INFO - Processing /home/lowenhard/acceleration/env/lib/python3.8/site-packages/airflow/example_dags/example_latest_only_with_trigger.py took 0.183 seconds
[2022-03-27 20:55:15,956] {processor.py:163} INFO - Started process (PID=2123) to work on /home/lowenhard/acceleration/env/lib/python3.8/site-packages/airflow/example_dags/example_latest_only_with_trigger.py
[2022-03-27 20:55:15,993] {processor.py:642} INFO - Processing file /home/lowenhard/acceleration/env/lib/python3.8/site-packages/airflow/example_dags/example_latest_only_with_trigger.py for tasks to queue
[2022-03-27 20:55:15,994] {logging_mixin.py:109} INFO - [2022-03-27 20:55:15,994] {dagbag.py:500} INFO - Filling up the DagBag from /home/lowenhard/acceleration/env/lib/python3.8/site-packages/airflow/example_dags/example_latest_only_with_trigger.py
[2022-03-27 20:55:16,013] {processor.py:654} INFO - DAG(s) dict_keys(['latest_only_with_trigger']) retrieved from /home/lowenhard/acceleration/env/lib/python3.8/site-packages/airflow/example_dags/example_latest_only_with_trigger.py
[2022-03-27 20:55:16,022] {logging_mixin.py:109} INFO - [2022-03-27 20:55:16,022] {dag.py:2398} INFO - Sync 1 DAGs
[2022-03-27 20:55:16,033] {logging_mixin.py:109} INFO - [2022-03-27 20:55:16,033] {dag.py:2937} INFO - Setting next_dagrun for latest_only_with_trigger to 2022-03-27T21:55:16.033300+00:00
[2022-03-27 20:55:16,277] {processor.py:171} INFO - Processing /home/lowenhard/acceleration/env/lib/python3.8/site-packages/airflow/example_dags/example_latest_only_with_trigger.py took 0.325 seconds
[2022-03-27 20:56:07,388] {processor.py:163} INFO - Started process (PID=2181) to work on /home/lowenhard/acceleration/env/lib/python3.8/site-packages/airflow/example_dags/example_latest_only_with_trigger.py
[2022-03-27 20:56:08,034] {processor.py:642} INFO - Processing file /home/lowenhard/acceleration/env/lib/python3.8/site-packages/airflow/example_dags/example_latest_only_with_trigger.py for tasks to queue
[2022-03-27 20:56:08,035] {logging_mixin.py:109} INFO - [2022-03-27 20:56:08,035] {dagbag.py:500} INFO - Filling up the DagBag from /home/lowenhard/acceleration/env/lib/python3.8/site-packages/airflow/example_dags/example_latest_only_with_trigger.py
[2022-03-27 20:56:08,053] {processor.py:654} INFO - DAG(s) dict_keys(['latest_only_with_trigger']) retrieved from /home/lowenhard/acceleration/env/lib/python3.8/site-packages/airflow/example_dags/example_latest_only_with_trigger.py
[2022-03-27 20:56:08,062] {logging_mixin.py:109} INFO - [2022-03-27 20:56:08,062] {dag.py:2398} INFO - Sync 1 DAGs
[2022-03-27 20:56:08,075] {logging_mixin.py:109} INFO - [2022-03-27 20:56:08,075] {dag.py:2937} INFO - Setting next_dagrun for latest_only_with_trigger to 2022-03-27T21:56:08.074963+00:00
[2022-03-27 20:56:08,220] {processor.py:171} INFO - Processing /home/lowenhard/acceleration/env/lib/python3.8/site-packages/airflow/example_dags/example_latest_only_with_trigger.py took 0.834 seconds
[2022-03-27 20:57:11,813] {processor.py:163} INFO - Started process (PID=2241) to work on /home/lowenhard/acceleration/env/lib/python3.8/site-packages/airflow/example_dags/example_latest_only_with_trigger.py
[2022-03-27 20:57:11,832] {processor.py:642} INFO - Processing file /home/lowenhard/acceleration/env/lib/python3.8/site-packages/airflow/example_dags/example_latest_only_with_trigger.py for tasks to queue
[2022-03-27 20:57:11,832] {logging_mixin.py:109} INFO - [2022-03-27 20:57:11,832] {dagbag.py:500} INFO - Filling up the DagBag from /home/lowenhard/acceleration/env/lib/python3.8/site-packages/airflow/example_dags/example_latest_only_with_trigger.py
[2022-03-27 20:57:11,850] {processor.py:654} INFO - DAG(s) dict_keys(['latest_only_with_trigger']) retrieved from /home/lowenhard/acceleration/env/lib/python3.8/site-packages/airflow/example_dags/example_latest_only_with_trigger.py
[2022-03-27 20:57:11,859] {logging_mixin.py:109} INFO - [2022-03-27 20:57:11,859] {dag.py:2398} INFO - Sync 1 DAGs
[2022-03-27 20:57:11,869] {logging_mixin.py:109} INFO - [2022-03-27 20:57:11,868] {dag.py:2937} INFO - Setting next_dagrun for latest_only_with_trigger to 2022-03-27T21:57:11.868760+00:00
[2022-03-27 20:57:12,014] {processor.py:171} INFO - Processing /home/lowenhard/acceleration/env/lib/python3.8/site-packages/airflow/example_dags/example_latest_only_with_trigger.py took 0.204 seconds
[2022-03-27 20:58:13,212] {processor.py:163} INFO - Started process (PID=2299) to work on /home/lowenhard/acceleration/env/lib/python3.8/site-packages/airflow/example_dags/example_latest_only_with_trigger.py
[2022-03-27 20:58:13,244] {processor.py:642} INFO - Processing file /home/lowenhard/acceleration/env/lib/python3.8/site-packages/airflow/example_dags/example_latest_only_with_trigger.py for tasks to queue
[2022-03-27 20:58:13,245] {logging_mixin.py:109} INFO - [2022-03-27 20:58:13,245] {dagbag.py:500} INFO - Filling up the DagBag from /home/lowenhard/acceleration/env/lib/python3.8/site-packages/airflow/example_dags/example_latest_only_with_trigger.py
[2022-03-27 20:58:13,265] {processor.py:654} INFO - DAG(s) dict_keys(['latest_only_with_trigger']) retrieved from /home/lowenhard/acceleration/env/lib/python3.8/site-packages/airflow/example_dags/example_latest_only_with_trigger.py
[2022-03-27 20:58:13,274] {logging_mixin.py:109} INFO - [2022-03-27 20:58:13,274] {dag.py:2398} INFO - Sync 1 DAGs
[2022-03-27 20:58:13,285] {logging_mixin.py:109} INFO - [2022-03-27 20:58:13,285] {dag.py:2937} INFO - Setting next_dagrun for latest_only_with_trigger to 2022-03-27T21:58:13.285344+00:00
[2022-03-27 20:58:13,429] {processor.py:171} INFO - Processing /home/lowenhard/acceleration/env/lib/python3.8/site-packages/airflow/example_dags/example_latest_only_with_trigger.py took 0.220 seconds
[2022-03-27 20:59:15,152] {processor.py:163} INFO - Started process (PID=2349) to work on /home/lowenhard/acceleration/env/lib/python3.8/site-packages/airflow/example_dags/example_latest_only_with_trigger.py
[2022-03-27 20:59:15,167] {processor.py:642} INFO - Processing file /home/lowenhard/acceleration/env/lib/python3.8/site-packages/airflow/example_dags/example_latest_only_with_trigger.py for tasks to queue
[2022-03-27 20:59:15,167] {logging_mixin.py:109} INFO - [2022-03-27 20:59:15,167] {dagbag.py:500} INFO - Filling up the DagBag from /home/lowenhard/acceleration/env/lib/python3.8/site-packages/airflow/example_dags/example_latest_only_with_trigger.py
[2022-03-27 20:59:15,185] {processor.py:654} INFO - DAG(s) dict_keys(['latest_only_with_trigger']) retrieved from /home/lowenhard/acceleration/env/lib/python3.8/site-packages/airflow/example_dags/example_latest_only_with_trigger.py
[2022-03-27 20:59:15,194] {logging_mixin.py:109} INFO - [2022-03-27 20:59:15,194] {dag.py:2398} INFO - Sync 1 DAGs
[2022-03-27 20:59:15,206] {logging_mixin.py:109} INFO - [2022-03-27 20:59:15,206] {dag.py:2937} INFO - Setting next_dagrun for latest_only_with_trigger to 2022-03-27T21:59:15.205734+00:00
[2022-03-27 20:59:15,389] {processor.py:171} INFO - Processing /home/lowenhard/acceleration/env/lib/python3.8/site-packages/airflow/example_dags/example_latest_only_with_trigger.py took 0.239 seconds
