[2022-03-27 20:03:59,021] {processor.py:163} INFO - Started process (PID=241) to work on /home/lowenhard/acceleration/env/lib/python3.8/site-packages/airflow/example_dags/example_trigger_target_dag.py
[2022-03-27 20:03:59,022] {processor.py:642} INFO - Processing file /home/lowenhard/acceleration/env/lib/python3.8/site-packages/airflow/example_dags/example_trigger_target_dag.py for tasks to queue
[2022-03-27 20:03:59,023] {logging_mixin.py:109} INFO - [2022-03-27 20:03:59,022] {dagbag.py:500} INFO - Filling up the DagBag from /home/lowenhard/acceleration/env/lib/python3.8/site-packages/airflow/example_dags/example_trigger_target_dag.py
[2022-03-27 20:03:59,044] {processor.py:654} INFO - DAG(s) dict_keys(['example_trigger_target_dag']) retrieved from /home/lowenhard/acceleration/env/lib/python3.8/site-packages/airflow/example_dags/example_trigger_target_dag.py
[2022-03-27 20:03:59,053] {logging_mixin.py:109} INFO - [2022-03-27 20:03:59,053] {dag.py:2398} INFO - Sync 1 DAGs
[2022-03-27 20:03:59,063] {logging_mixin.py:109} INFO - [2022-03-27 20:03:59,063] {dag.py:2937} INFO - Setting next_dagrun for example_trigger_target_dag to None
[2022-03-27 20:03:59,864] {processor.py:171} INFO - Processing /home/lowenhard/acceleration/env/lib/python3.8/site-packages/airflow/example_dags/example_trigger_target_dag.py took 0.844 seconds
[2022-03-27 20:05:28,182] {processor.py:163} INFO - Started process (PID=375) to work on /home/lowenhard/acceleration/env/lib/python3.8/site-packages/airflow/example_dags/example_trigger_target_dag.py
[2022-03-27 20:05:28,185] {processor.py:642} INFO - Processing file /home/lowenhard/acceleration/env/lib/python3.8/site-packages/airflow/example_dags/example_trigger_target_dag.py for tasks to queue
[2022-03-27 20:05:28,186] {logging_mixin.py:109} INFO - [2022-03-27 20:05:28,185] {dagbag.py:500} INFO - Filling up the DagBag from /home/lowenhard/acceleration/env/lib/python3.8/site-packages/airflow/example_dags/example_trigger_target_dag.py
[2022-03-27 20:05:28,208] {processor.py:654} INFO - DAG(s) dict_keys(['example_trigger_target_dag']) retrieved from /home/lowenhard/acceleration/env/lib/python3.8/site-packages/airflow/example_dags/example_trigger_target_dag.py
[2022-03-27 20:05:28,216] {logging_mixin.py:109} INFO - [2022-03-27 20:05:28,216] {dag.py:2398} INFO - Sync 1 DAGs
[2022-03-27 20:05:28,227] {logging_mixin.py:109} INFO - [2022-03-27 20:05:28,227] {dag.py:2937} INFO - Setting next_dagrun for example_trigger_target_dag to None
[2022-03-27 20:05:29,676] {processor.py:171} INFO - Processing /home/lowenhard/acceleration/env/lib/python3.8/site-packages/airflow/example_dags/example_trigger_target_dag.py took 1.496 seconds
[2022-03-27 20:06:28,083] {processor.py:163} INFO - Started process (PID=425) to work on /home/lowenhard/acceleration/env/lib/python3.8/site-packages/airflow/example_dags/example_trigger_target_dag.py
[2022-03-27 20:06:28,114] {processor.py:642} INFO - Processing file /home/lowenhard/acceleration/env/lib/python3.8/site-packages/airflow/example_dags/example_trigger_target_dag.py for tasks to queue
[2022-03-27 20:06:28,114] {logging_mixin.py:109} INFO - [2022-03-27 20:06:28,114] {dagbag.py:500} INFO - Filling up the DagBag from /home/lowenhard/acceleration/env/lib/python3.8/site-packages/airflow/example_dags/example_trigger_target_dag.py
[2022-03-27 20:06:28,143] {processor.py:654} INFO - DAG(s) dict_keys(['example_trigger_target_dag']) retrieved from /home/lowenhard/acceleration/env/lib/python3.8/site-packages/airflow/example_dags/example_trigger_target_dag.py
[2022-03-27 20:06:28,162] {logging_mixin.py:109} INFO - [2022-03-27 20:06:28,161] {dag.py:2398} INFO - Sync 1 DAGs
[2022-03-27 20:06:28,183] {logging_mixin.py:109} INFO - [2022-03-27 20:06:28,183] {dag.py:2937} INFO - Setting next_dagrun for example_trigger_target_dag to None
[2022-03-27 20:06:28,966] {processor.py:171} INFO - Processing /home/lowenhard/acceleration/env/lib/python3.8/site-packages/airflow/example_dags/example_trigger_target_dag.py took 0.885 seconds
[2022-03-27 20:07:31,106] {processor.py:163} INFO - Started process (PID=475) to work on /home/lowenhard/acceleration/env/lib/python3.8/site-packages/airflow/example_dags/example_trigger_target_dag.py
[2022-03-27 20:07:31,115] {processor.py:642} INFO - Processing file /home/lowenhard/acceleration/env/lib/python3.8/site-packages/airflow/example_dags/example_trigger_target_dag.py for tasks to queue
[2022-03-27 20:07:31,115] {logging_mixin.py:109} INFO - [2022-03-27 20:07:31,115] {dagbag.py:500} INFO - Filling up the DagBag from /home/lowenhard/acceleration/env/lib/python3.8/site-packages/airflow/example_dags/example_trigger_target_dag.py
[2022-03-27 20:07:31,139] {processor.py:654} INFO - DAG(s) dict_keys(['example_trigger_target_dag']) retrieved from /home/lowenhard/acceleration/env/lib/python3.8/site-packages/airflow/example_dags/example_trigger_target_dag.py
[2022-03-27 20:07:31,149] {logging_mixin.py:109} INFO - [2022-03-27 20:07:31,148] {dag.py:2398} INFO - Sync 1 DAGs
[2022-03-27 20:07:31,161] {logging_mixin.py:109} INFO - [2022-03-27 20:07:31,161] {dag.py:2937} INFO - Setting next_dagrun for example_trigger_target_dag to None
[2022-03-27 20:07:31,322] {processor.py:171} INFO - Processing /home/lowenhard/acceleration/env/lib/python3.8/site-packages/airflow/example_dags/example_trigger_target_dag.py took 0.218 seconds
[2022-03-27 20:08:25,029] {processor.py:163} INFO - Started process (PID=521) to work on /home/lowenhard/acceleration/env/lib/python3.8/site-packages/airflow/example_dags/example_trigger_target_dag.py
[2022-03-27 20:08:25,032] {processor.py:642} INFO - Processing file /home/lowenhard/acceleration/env/lib/python3.8/site-packages/airflow/example_dags/example_trigger_target_dag.py for tasks to queue
[2022-03-27 20:08:25,032] {logging_mixin.py:109} INFO - [2022-03-27 20:08:25,032] {dagbag.py:500} INFO - Filling up the DagBag from /home/lowenhard/acceleration/env/lib/python3.8/site-packages/airflow/example_dags/example_trigger_target_dag.py
[2022-03-27 20:08:25,057] {processor.py:654} INFO - DAG(s) dict_keys(['example_trigger_target_dag']) retrieved from /home/lowenhard/acceleration/env/lib/python3.8/site-packages/airflow/example_dags/example_trigger_target_dag.py
[2022-03-27 20:08:25,066] {logging_mixin.py:109} INFO - [2022-03-27 20:08:25,066] {dag.py:2398} INFO - Sync 1 DAGs
[2022-03-27 20:08:25,081] {logging_mixin.py:109} INFO - [2022-03-27 20:08:25,081] {dag.py:2937} INFO - Setting next_dagrun for example_trigger_target_dag to None
[2022-03-27 20:08:25,225] {processor.py:171} INFO - Processing /home/lowenhard/acceleration/env/lib/python3.8/site-packages/airflow/example_dags/example_trigger_target_dag.py took 0.200 seconds
[2022-03-27 20:09:56,709] {processor.py:163} INFO - Started process (PID=588) to work on /home/lowenhard/acceleration/env/lib/python3.8/site-packages/airflow/example_dags/example_trigger_target_dag.py
[2022-03-27 20:09:56,721] {processor.py:642} INFO - Processing file /home/lowenhard/acceleration/env/lib/python3.8/site-packages/airflow/example_dags/example_trigger_target_dag.py for tasks to queue
[2022-03-27 20:09:56,722] {logging_mixin.py:109} INFO - [2022-03-27 20:09:56,722] {dagbag.py:500} INFO - Filling up the DagBag from /home/lowenhard/acceleration/env/lib/python3.8/site-packages/airflow/example_dags/example_trigger_target_dag.py
[2022-03-27 20:09:56,748] {processor.py:654} INFO - DAG(s) dict_keys(['example_trigger_target_dag']) retrieved from /home/lowenhard/acceleration/env/lib/python3.8/site-packages/airflow/example_dags/example_trigger_target_dag.py
[2022-03-27 20:09:56,756] {logging_mixin.py:109} INFO - [2022-03-27 20:09:56,756] {dag.py:2398} INFO - Sync 1 DAGs
[2022-03-27 20:09:56,769] {logging_mixin.py:109} INFO - [2022-03-27 20:09:56,769] {dag.py:2937} INFO - Setting next_dagrun for example_trigger_target_dag to None
[2022-03-27 20:09:56,909] {processor.py:171} INFO - Processing /home/lowenhard/acceleration/env/lib/python3.8/site-packages/airflow/example_dags/example_trigger_target_dag.py took 0.203 seconds
[2022-03-27 20:11:05,501] {processor.py:163} INFO - Started process (PID=653) to work on /home/lowenhard/acceleration/env/lib/python3.8/site-packages/airflow/example_dags/example_trigger_target_dag.py
[2022-03-27 20:11:05,812] {processor.py:642} INFO - Processing file /home/lowenhard/acceleration/env/lib/python3.8/site-packages/airflow/example_dags/example_trigger_target_dag.py for tasks to queue
[2022-03-27 20:11:05,813] {logging_mixin.py:109} INFO - [2022-03-27 20:11:05,813] {dagbag.py:500} INFO - Filling up the DagBag from /home/lowenhard/acceleration/env/lib/python3.8/site-packages/airflow/example_dags/example_trigger_target_dag.py
[2022-03-27 20:11:05,835] {processor.py:654} INFO - DAG(s) dict_keys(['example_trigger_target_dag']) retrieved from /home/lowenhard/acceleration/env/lib/python3.8/site-packages/airflow/example_dags/example_trigger_target_dag.py
[2022-03-27 20:11:05,843] {logging_mixin.py:109} INFO - [2022-03-27 20:11:05,843] {dag.py:2398} INFO - Sync 1 DAGs
[2022-03-27 20:11:05,857] {logging_mixin.py:109} INFO - [2022-03-27 20:11:05,856] {dag.py:2937} INFO - Setting next_dagrun for example_trigger_target_dag to None
[2022-03-27 20:11:06,186] {processor.py:171} INFO - Processing /home/lowenhard/acceleration/env/lib/python3.8/site-packages/airflow/example_dags/example_trigger_target_dag.py took 0.688 seconds
[2022-03-27 20:12:03,115] {processor.py:163} INFO - Started process (PID=699) to work on /home/lowenhard/acceleration/env/lib/python3.8/site-packages/airflow/example_dags/example_trigger_target_dag.py
[2022-03-27 20:12:03,123] {processor.py:642} INFO - Processing file /home/lowenhard/acceleration/env/lib/python3.8/site-packages/airflow/example_dags/example_trigger_target_dag.py for tasks to queue
[2022-03-27 20:12:03,124] {logging_mixin.py:109} INFO - [2022-03-27 20:12:03,123] {dagbag.py:500} INFO - Filling up the DagBag from /home/lowenhard/acceleration/env/lib/python3.8/site-packages/airflow/example_dags/example_trigger_target_dag.py
[2022-03-27 20:12:03,146] {processor.py:654} INFO - DAG(s) dict_keys(['example_trigger_target_dag']) retrieved from /home/lowenhard/acceleration/env/lib/python3.8/site-packages/airflow/example_dags/example_trigger_target_dag.py
[2022-03-27 20:12:03,154] {logging_mixin.py:109} INFO - [2022-03-27 20:12:03,154] {dag.py:2398} INFO - Sync 1 DAGs
[2022-03-27 20:12:03,166] {logging_mixin.py:109} INFO - [2022-03-27 20:12:03,166] {dag.py:2937} INFO - Setting next_dagrun for example_trigger_target_dag to None
[2022-03-27 20:12:03,685] {processor.py:171} INFO - Processing /home/lowenhard/acceleration/env/lib/python3.8/site-packages/airflow/example_dags/example_trigger_target_dag.py took 0.572 seconds
[2022-03-27 20:13:18,968] {processor.py:163} INFO - Started process (PID=753) to work on /home/lowenhard/acceleration/env/lib/python3.8/site-packages/airflow/example_dags/example_trigger_target_dag.py
[2022-03-27 20:13:19,034] {processor.py:642} INFO - Processing file /home/lowenhard/acceleration/env/lib/python3.8/site-packages/airflow/example_dags/example_trigger_target_dag.py for tasks to queue
[2022-03-27 20:13:19,034] {logging_mixin.py:109} INFO - [2022-03-27 20:13:19,034] {dagbag.py:500} INFO - Filling up the DagBag from /home/lowenhard/acceleration/env/lib/python3.8/site-packages/airflow/example_dags/example_trigger_target_dag.py
[2022-03-27 20:13:19,062] {processor.py:654} INFO - DAG(s) dict_keys(['example_trigger_target_dag']) retrieved from /home/lowenhard/acceleration/env/lib/python3.8/site-packages/airflow/example_dags/example_trigger_target_dag.py
[2022-03-27 20:13:19,071] {logging_mixin.py:109} INFO - [2022-03-27 20:13:19,071] {dag.py:2398} INFO - Sync 1 DAGs
[2022-03-27 20:13:19,087] {logging_mixin.py:109} INFO - [2022-03-27 20:13:19,087] {dag.py:2937} INFO - Setting next_dagrun for example_trigger_target_dag to None
[2022-03-27 20:13:19,278] {processor.py:171} INFO - Processing /home/lowenhard/acceleration/env/lib/python3.8/site-packages/airflow/example_dags/example_trigger_target_dag.py took 0.312 seconds
[2022-03-27 20:14:17,030] {processor.py:163} INFO - Started process (PID=799) to work on /home/lowenhard/acceleration/env/lib/python3.8/site-packages/airflow/example_dags/example_trigger_target_dag.py
[2022-03-27 20:14:17,033] {processor.py:642} INFO - Processing file /home/lowenhard/acceleration/env/lib/python3.8/site-packages/airflow/example_dags/example_trigger_target_dag.py for tasks to queue
[2022-03-27 20:14:17,034] {logging_mixin.py:109} INFO - [2022-03-27 20:14:17,033] {dagbag.py:500} INFO - Filling up the DagBag from /home/lowenhard/acceleration/env/lib/python3.8/site-packages/airflow/example_dags/example_trigger_target_dag.py
[2022-03-27 20:14:17,057] {processor.py:654} INFO - DAG(s) dict_keys(['example_trigger_target_dag']) retrieved from /home/lowenhard/acceleration/env/lib/python3.8/site-packages/airflow/example_dags/example_trigger_target_dag.py
[2022-03-27 20:14:17,065] {logging_mixin.py:109} INFO - [2022-03-27 20:14:17,065] {dag.py:2398} INFO - Sync 1 DAGs
[2022-03-27 20:14:17,077] {logging_mixin.py:109} INFO - [2022-03-27 20:14:17,077] {dag.py:2937} INFO - Setting next_dagrun for example_trigger_target_dag to None
[2022-03-27 20:14:17,213] {processor.py:171} INFO - Processing /home/lowenhard/acceleration/env/lib/python3.8/site-packages/airflow/example_dags/example_trigger_target_dag.py took 0.185 seconds
[2022-03-27 20:15:24,274] {processor.py:163} INFO - Started process (PID=866) to work on /home/lowenhard/acceleration/env/lib/python3.8/site-packages/airflow/example_dags/example_trigger_target_dag.py
[2022-03-27 20:15:24,289] {processor.py:642} INFO - Processing file /home/lowenhard/acceleration/env/lib/python3.8/site-packages/airflow/example_dags/example_trigger_target_dag.py for tasks to queue
[2022-03-27 20:15:24,289] {logging_mixin.py:109} INFO - [2022-03-27 20:15:24,289] {dagbag.py:500} INFO - Filling up the DagBag from /home/lowenhard/acceleration/env/lib/python3.8/site-packages/airflow/example_dags/example_trigger_target_dag.py
[2022-03-27 20:15:24,312] {processor.py:654} INFO - DAG(s) dict_keys(['example_trigger_target_dag']) retrieved from /home/lowenhard/acceleration/env/lib/python3.8/site-packages/airflow/example_dags/example_trigger_target_dag.py
[2022-03-27 20:15:24,321] {logging_mixin.py:109} INFO - [2022-03-27 20:15:24,321] {dag.py:2398} INFO - Sync 1 DAGs
[2022-03-27 20:15:24,332] {logging_mixin.py:109} INFO - [2022-03-27 20:15:24,332] {dag.py:2937} INFO - Setting next_dagrun for example_trigger_target_dag to None
[2022-03-27 20:15:24,488] {processor.py:171} INFO - Processing /home/lowenhard/acceleration/env/lib/python3.8/site-packages/airflow/example_dags/example_trigger_target_dag.py took 0.216 seconds
[2022-03-27 20:16:24,084] {processor.py:163} INFO - Started process (PID=917) to work on /home/lowenhard/acceleration/env/lib/python3.8/site-packages/airflow/example_dags/example_trigger_target_dag.py
[2022-03-27 20:16:24,101] {processor.py:642} INFO - Processing file /home/lowenhard/acceleration/env/lib/python3.8/site-packages/airflow/example_dags/example_trigger_target_dag.py for tasks to queue
[2022-03-27 20:16:24,101] {logging_mixin.py:109} INFO - [2022-03-27 20:16:24,101] {dagbag.py:500} INFO - Filling up the DagBag from /home/lowenhard/acceleration/env/lib/python3.8/site-packages/airflow/example_dags/example_trigger_target_dag.py
[2022-03-27 20:16:24,124] {processor.py:654} INFO - DAG(s) dict_keys(['example_trigger_target_dag']) retrieved from /home/lowenhard/acceleration/env/lib/python3.8/site-packages/airflow/example_dags/example_trigger_target_dag.py
[2022-03-27 20:16:24,132] {logging_mixin.py:109} INFO - [2022-03-27 20:16:24,132] {dag.py:2398} INFO - Sync 1 DAGs
[2022-03-27 20:16:24,143] {logging_mixin.py:109} INFO - [2022-03-27 20:16:24,143] {dag.py:2937} INFO - Setting next_dagrun for example_trigger_target_dag to None
[2022-03-27 20:16:24,278] {processor.py:171} INFO - Processing /home/lowenhard/acceleration/env/lib/python3.8/site-packages/airflow/example_dags/example_trigger_target_dag.py took 0.197 seconds
[2022-03-27 20:17:33,218] {processor.py:163} INFO - Started process (PID=969) to work on /home/lowenhard/acceleration/env/lib/python3.8/site-packages/airflow/example_dags/example_trigger_target_dag.py
[2022-03-27 20:17:33,231] {processor.py:642} INFO - Processing file /home/lowenhard/acceleration/env/lib/python3.8/site-packages/airflow/example_dags/example_trigger_target_dag.py for tasks to queue
[2022-03-27 20:17:33,231] {logging_mixin.py:109} INFO - [2022-03-27 20:17:33,231] {dagbag.py:500} INFO - Filling up the DagBag from /home/lowenhard/acceleration/env/lib/python3.8/site-packages/airflow/example_dags/example_trigger_target_dag.py
[2022-03-27 20:17:33,255] {processor.py:654} INFO - DAG(s) dict_keys(['example_trigger_target_dag']) retrieved from /home/lowenhard/acceleration/env/lib/python3.8/site-packages/airflow/example_dags/example_trigger_target_dag.py
[2022-03-27 20:17:33,264] {logging_mixin.py:109} INFO - [2022-03-27 20:17:33,264] {dag.py:2398} INFO - Sync 1 DAGs
[2022-03-27 20:17:33,276] {logging_mixin.py:109} INFO - [2022-03-27 20:17:33,276] {dag.py:2937} INFO - Setting next_dagrun for example_trigger_target_dag to None
[2022-03-27 20:17:33,423] {processor.py:171} INFO - Processing /home/lowenhard/acceleration/env/lib/python3.8/site-packages/airflow/example_dags/example_trigger_target_dag.py took 0.209 seconds
[2022-03-27 20:18:31,383] {processor.py:163} INFO - Started process (PID=1019) to work on /home/lowenhard/acceleration/env/lib/python3.8/site-packages/airflow/example_dags/example_trigger_target_dag.py
[2022-03-27 20:18:31,526] {processor.py:642} INFO - Processing file /home/lowenhard/acceleration/env/lib/python3.8/site-packages/airflow/example_dags/example_trigger_target_dag.py for tasks to queue
[2022-03-27 20:18:31,527] {logging_mixin.py:109} INFO - [2022-03-27 20:18:31,527] {dagbag.py:500} INFO - Filling up the DagBag from /home/lowenhard/acceleration/env/lib/python3.8/site-packages/airflow/example_dags/example_trigger_target_dag.py
[2022-03-27 20:18:31,550] {processor.py:654} INFO - DAG(s) dict_keys(['example_trigger_target_dag']) retrieved from /home/lowenhard/acceleration/env/lib/python3.8/site-packages/airflow/example_dags/example_trigger_target_dag.py
[2022-03-27 20:18:31,558] {logging_mixin.py:109} INFO - [2022-03-27 20:18:31,558] {dag.py:2398} INFO - Sync 1 DAGs
[2022-03-27 20:18:31,569] {logging_mixin.py:109} INFO - [2022-03-27 20:18:31,569] {dag.py:2937} INFO - Setting next_dagrun for example_trigger_target_dag to None
[2022-03-27 20:18:31,876] {processor.py:171} INFO - Processing /home/lowenhard/acceleration/env/lib/python3.8/site-packages/airflow/example_dags/example_trigger_target_dag.py took 0.495 seconds
[2022-03-27 20:19:29,906] {processor.py:163} INFO - Started process (PID=1065) to work on /home/lowenhard/acceleration/env/lib/python3.8/site-packages/airflow/example_dags/example_trigger_target_dag.py
[2022-03-27 20:19:29,915] {processor.py:642} INFO - Processing file /home/lowenhard/acceleration/env/lib/python3.8/site-packages/airflow/example_dags/example_trigger_target_dag.py for tasks to queue
[2022-03-27 20:19:29,915] {logging_mixin.py:109} INFO - [2022-03-27 20:19:29,915] {dagbag.py:500} INFO - Filling up the DagBag from /home/lowenhard/acceleration/env/lib/python3.8/site-packages/airflow/example_dags/example_trigger_target_dag.py
[2022-03-27 20:19:29,938] {processor.py:654} INFO - DAG(s) dict_keys(['example_trigger_target_dag']) retrieved from /home/lowenhard/acceleration/env/lib/python3.8/site-packages/airflow/example_dags/example_trigger_target_dag.py
[2022-03-27 20:19:29,947] {logging_mixin.py:109} INFO - [2022-03-27 20:19:29,947] {dag.py:2398} INFO - Sync 1 DAGs
[2022-03-27 20:19:29,958] {logging_mixin.py:109} INFO - [2022-03-27 20:19:29,958] {dag.py:2937} INFO - Setting next_dagrun for example_trigger_target_dag to None
[2022-03-27 20:19:30,104] {processor.py:171} INFO - Processing /home/lowenhard/acceleration/env/lib/python3.8/site-packages/airflow/example_dags/example_trigger_target_dag.py took 0.200 seconds
[2022-03-27 20:20:18,948] {processor.py:163} INFO - Started process (PID=1109) to work on /home/lowenhard/acceleration/env/lib/python3.8/site-packages/airflow/example_dags/example_trigger_target_dag.py
[2022-03-27 20:20:18,958] {processor.py:642} INFO - Processing file /home/lowenhard/acceleration/env/lib/python3.8/site-packages/airflow/example_dags/example_trigger_target_dag.py for tasks to queue
[2022-03-27 20:20:18,959] {logging_mixin.py:109} INFO - [2022-03-27 20:20:18,959] {dagbag.py:500} INFO - Filling up the DagBag from /home/lowenhard/acceleration/env/lib/python3.8/site-packages/airflow/example_dags/example_trigger_target_dag.py
[2022-03-27 20:20:18,982] {processor.py:654} INFO - DAG(s) dict_keys(['example_trigger_target_dag']) retrieved from /home/lowenhard/acceleration/env/lib/python3.8/site-packages/airflow/example_dags/example_trigger_target_dag.py
[2022-03-27 20:20:18,990] {logging_mixin.py:109} INFO - [2022-03-27 20:20:18,990] {dag.py:2398} INFO - Sync 1 DAGs
[2022-03-27 20:20:19,002] {logging_mixin.py:109} INFO - [2022-03-27 20:20:19,002] {dag.py:2937} INFO - Setting next_dagrun for example_trigger_target_dag to None
[2022-03-27 20:20:19,140] {processor.py:171} INFO - Processing /home/lowenhard/acceleration/env/lib/python3.8/site-packages/airflow/example_dags/example_trigger_target_dag.py took 0.195 seconds
[2022-03-27 20:21:52,214] {processor.py:163} INFO - Started process (PID=1201) to work on /home/lowenhard/acceleration/env/lib/python3.8/site-packages/airflow/example_dags/example_trigger_target_dag.py
[2022-03-27 20:21:52,221] {processor.py:642} INFO - Processing file /home/lowenhard/acceleration/env/lib/python3.8/site-packages/airflow/example_dags/example_trigger_target_dag.py for tasks to queue
[2022-03-27 20:21:52,221] {logging_mixin.py:109} INFO - [2022-03-27 20:21:52,221] {dagbag.py:500} INFO - Filling up the DagBag from /home/lowenhard/acceleration/env/lib/python3.8/site-packages/airflow/example_dags/example_trigger_target_dag.py
[2022-03-27 20:21:52,243] {processor.py:654} INFO - DAG(s) dict_keys(['example_trigger_target_dag']) retrieved from /home/lowenhard/acceleration/env/lib/python3.8/site-packages/airflow/example_dags/example_trigger_target_dag.py
[2022-03-27 20:21:52,251] {logging_mixin.py:109} INFO - [2022-03-27 20:21:52,251] {dag.py:2398} INFO - Sync 1 DAGs
[2022-03-27 20:21:52,261] {logging_mixin.py:109} INFO - [2022-03-27 20:21:52,261] {dag.py:2937} INFO - Setting next_dagrun for example_trigger_target_dag to None
[2022-03-27 20:21:52,395] {processor.py:171} INFO - Processing /home/lowenhard/acceleration/env/lib/python3.8/site-packages/airflow/example_dags/example_trigger_target_dag.py took 0.183 seconds
[2022-03-27 20:23:13,486] {processor.py:163} INFO - Started process (PID=1274) to work on /home/lowenhard/acceleration/env/lib/python3.8/site-packages/airflow/example_dags/example_trigger_target_dag.py
[2022-03-27 20:23:13,497] {processor.py:642} INFO - Processing file /home/lowenhard/acceleration/env/lib/python3.8/site-packages/airflow/example_dags/example_trigger_target_dag.py for tasks to queue
[2022-03-27 20:23:13,498] {logging_mixin.py:109} INFO - [2022-03-27 20:23:13,498] {dagbag.py:500} INFO - Filling up the DagBag from /home/lowenhard/acceleration/env/lib/python3.8/site-packages/airflow/example_dags/example_trigger_target_dag.py
[2022-03-27 20:23:13,521] {processor.py:654} INFO - DAG(s) dict_keys(['example_trigger_target_dag']) retrieved from /home/lowenhard/acceleration/env/lib/python3.8/site-packages/airflow/example_dags/example_trigger_target_dag.py
[2022-03-27 20:23:13,528] {logging_mixin.py:109} INFO - [2022-03-27 20:23:13,528] {dag.py:2398} INFO - Sync 1 DAGs
[2022-03-27 20:23:13,540] {logging_mixin.py:109} INFO - [2022-03-27 20:23:13,539] {dag.py:2937} INFO - Setting next_dagrun for example_trigger_target_dag to None
[2022-03-27 20:23:13,676] {processor.py:171} INFO - Processing /home/lowenhard/acceleration/env/lib/python3.8/site-packages/airflow/example_dags/example_trigger_target_dag.py took 0.193 seconds
[2022-03-27 20:24:15,099] {processor.py:163} INFO - Started process (PID=1338) to work on /home/lowenhard/acceleration/env/lib/python3.8/site-packages/airflow/example_dags/example_trigger_target_dag.py
[2022-03-27 20:24:15,108] {processor.py:642} INFO - Processing file /home/lowenhard/acceleration/env/lib/python3.8/site-packages/airflow/example_dags/example_trigger_target_dag.py for tasks to queue
[2022-03-27 20:24:15,109] {logging_mixin.py:109} INFO - [2022-03-27 20:24:15,108] {dagbag.py:500} INFO - Filling up the DagBag from /home/lowenhard/acceleration/env/lib/python3.8/site-packages/airflow/example_dags/example_trigger_target_dag.py
[2022-03-27 20:24:15,131] {processor.py:654} INFO - DAG(s) dict_keys(['example_trigger_target_dag']) retrieved from /home/lowenhard/acceleration/env/lib/python3.8/site-packages/airflow/example_dags/example_trigger_target_dag.py
[2022-03-27 20:24:15,140] {logging_mixin.py:109} INFO - [2022-03-27 20:24:15,140] {dag.py:2398} INFO - Sync 1 DAGs
[2022-03-27 20:24:15,151] {logging_mixin.py:109} INFO - [2022-03-27 20:24:15,151] {dag.py:2937} INFO - Setting next_dagrun for example_trigger_target_dag to None
[2022-03-27 20:24:15,291] {processor.py:171} INFO - Processing /home/lowenhard/acceleration/env/lib/python3.8/site-packages/airflow/example_dags/example_trigger_target_dag.py took 0.195 seconds
[2022-03-27 20:25:15,640] {processor.py:163} INFO - Started process (PID=1396) to work on /home/lowenhard/acceleration/env/lib/python3.8/site-packages/airflow/example_dags/example_trigger_target_dag.py
[2022-03-27 20:25:15,656] {processor.py:642} INFO - Processing file /home/lowenhard/acceleration/env/lib/python3.8/site-packages/airflow/example_dags/example_trigger_target_dag.py for tasks to queue
[2022-03-27 20:25:15,657] {logging_mixin.py:109} INFO - [2022-03-27 20:25:15,656] {dagbag.py:500} INFO - Filling up the DagBag from /home/lowenhard/acceleration/env/lib/python3.8/site-packages/airflow/example_dags/example_trigger_target_dag.py
[2022-03-27 20:25:15,679] {processor.py:654} INFO - DAG(s) dict_keys(['example_trigger_target_dag']) retrieved from /home/lowenhard/acceleration/env/lib/python3.8/site-packages/airflow/example_dags/example_trigger_target_dag.py
[2022-03-27 20:25:15,687] {logging_mixin.py:109} INFO - [2022-03-27 20:25:15,687] {dag.py:2398} INFO - Sync 1 DAGs
[2022-03-27 20:25:15,698] {logging_mixin.py:109} INFO - [2022-03-27 20:25:15,698] {dag.py:2937} INFO - Setting next_dagrun for example_trigger_target_dag to None
[2022-03-27 20:25:15,838] {processor.py:171} INFO - Processing /home/lowenhard/acceleration/env/lib/python3.8/site-packages/airflow/example_dags/example_trigger_target_dag.py took 0.200 seconds
[2022-03-27 20:26:34,839] {processor.py:163} INFO - Started process (PID=1466) to work on /home/lowenhard/acceleration/env/lib/python3.8/site-packages/airflow/example_dags/example_trigger_target_dag.py
[2022-03-27 20:26:34,862] {processor.py:642} INFO - Processing file /home/lowenhard/acceleration/env/lib/python3.8/site-packages/airflow/example_dags/example_trigger_target_dag.py for tasks to queue
[2022-03-27 20:26:34,863] {logging_mixin.py:109} INFO - [2022-03-27 20:26:34,863] {dagbag.py:500} INFO - Filling up the DagBag from /home/lowenhard/acceleration/env/lib/python3.8/site-packages/airflow/example_dags/example_trigger_target_dag.py
[2022-03-27 20:26:34,890] {processor.py:654} INFO - DAG(s) dict_keys(['example_trigger_target_dag']) retrieved from /home/lowenhard/acceleration/env/lib/python3.8/site-packages/airflow/example_dags/example_trigger_target_dag.py
[2022-03-27 20:26:34,900] {logging_mixin.py:109} INFO - [2022-03-27 20:26:34,900] {dag.py:2398} INFO - Sync 1 DAGs
[2022-03-27 20:26:34,914] {logging_mixin.py:109} INFO - [2022-03-27 20:26:34,914] {dag.py:2937} INFO - Setting next_dagrun for example_trigger_target_dag to None
[2022-03-27 20:26:35,098] {processor.py:171} INFO - Processing /home/lowenhard/acceleration/env/lib/python3.8/site-packages/airflow/example_dags/example_trigger_target_dag.py took 0.262 seconds
[2022-03-27 20:27:38,093] {processor.py:163} INFO - Started process (PID=1526) to work on /home/lowenhard/acceleration/env/lib/python3.8/site-packages/airflow/example_dags/example_trigger_target_dag.py
[2022-03-27 20:27:38,108] {processor.py:642} INFO - Processing file /home/lowenhard/acceleration/env/lib/python3.8/site-packages/airflow/example_dags/example_trigger_target_dag.py for tasks to queue
[2022-03-27 20:27:38,108] {logging_mixin.py:109} INFO - [2022-03-27 20:27:38,108] {dagbag.py:500} INFO - Filling up the DagBag from /home/lowenhard/acceleration/env/lib/python3.8/site-packages/airflow/example_dags/example_trigger_target_dag.py
[2022-03-27 20:27:38,137] {processor.py:654} INFO - DAG(s) dict_keys(['example_trigger_target_dag']) retrieved from /home/lowenhard/acceleration/env/lib/python3.8/site-packages/airflow/example_dags/example_trigger_target_dag.py
[2022-03-27 20:27:38,148] {logging_mixin.py:109} INFO - [2022-03-27 20:27:38,148] {dag.py:2398} INFO - Sync 1 DAGs
[2022-03-27 20:27:38,159] {logging_mixin.py:109} INFO - [2022-03-27 20:27:38,159] {dag.py:2937} INFO - Setting next_dagrun for example_trigger_target_dag to None
[2022-03-27 20:27:38,332] {processor.py:171} INFO - Processing /home/lowenhard/acceleration/env/lib/python3.8/site-packages/airflow/example_dags/example_trigger_target_dag.py took 0.240 seconds
[2022-03-27 20:29:16,789] {processor.py:163} INFO - Started process (PID=1578) to work on /home/lowenhard/acceleration/env/lib/python3.8/site-packages/airflow/example_dags/example_trigger_target_dag.py
[2022-03-27 20:29:16,821] {processor.py:642} INFO - Processing file /home/lowenhard/acceleration/env/lib/python3.8/site-packages/airflow/example_dags/example_trigger_target_dag.py for tasks to queue
[2022-03-27 20:29:16,821] {logging_mixin.py:109} INFO - [2022-03-27 20:29:16,821] {dagbag.py:500} INFO - Filling up the DagBag from /home/lowenhard/acceleration/env/lib/python3.8/site-packages/airflow/example_dags/example_trigger_target_dag.py
[2022-03-27 20:29:16,849] {processor.py:654} INFO - DAG(s) dict_keys(['example_trigger_target_dag']) retrieved from /home/lowenhard/acceleration/env/lib/python3.8/site-packages/airflow/example_dags/example_trigger_target_dag.py
[2022-03-27 20:29:16,858] {logging_mixin.py:109} INFO - [2022-03-27 20:29:16,858] {dag.py:2398} INFO - Sync 1 DAGs
[2022-03-27 20:29:16,870] {logging_mixin.py:109} INFO - [2022-03-27 20:29:16,870] {dag.py:2937} INFO - Setting next_dagrun for example_trigger_target_dag to None
[2022-03-27 20:29:17,013] {processor.py:171} INFO - Processing /home/lowenhard/acceleration/env/lib/python3.8/site-packages/airflow/example_dags/example_trigger_target_dag.py took 0.226 seconds
[2022-03-27 20:48:45,023] {processor.py:163} INFO - Started process (PID=1742) to work on /home/lowenhard/acceleration/env/lib/python3.8/site-packages/airflow/example_dags/example_trigger_target_dag.py
[2022-03-27 20:48:45,065] {processor.py:642} INFO - Processing file /home/lowenhard/acceleration/env/lib/python3.8/site-packages/airflow/example_dags/example_trigger_target_dag.py for tasks to queue
[2022-03-27 20:48:45,066] {logging_mixin.py:109} INFO - [2022-03-27 20:48:45,066] {dagbag.py:500} INFO - Filling up the DagBag from /home/lowenhard/acceleration/env/lib/python3.8/site-packages/airflow/example_dags/example_trigger_target_dag.py
[2022-03-27 20:48:45,088] {processor.py:654} INFO - DAG(s) dict_keys(['example_trigger_target_dag']) retrieved from /home/lowenhard/acceleration/env/lib/python3.8/site-packages/airflow/example_dags/example_trigger_target_dag.py
[2022-03-27 20:48:45,097] {logging_mixin.py:109} INFO - [2022-03-27 20:48:45,097] {dag.py:2398} INFO - Sync 1 DAGs
[2022-03-27 20:48:45,108] {logging_mixin.py:109} INFO - [2022-03-27 20:48:45,108] {dag.py:2937} INFO - Setting next_dagrun for example_trigger_target_dag to None
[2022-03-27 20:48:45,880] {processor.py:171} INFO - Processing /home/lowenhard/acceleration/env/lib/python3.8/site-packages/airflow/example_dags/example_trigger_target_dag.py took 0.859 seconds
[2022-03-27 20:50:17,537] {processor.py:163} INFO - Started process (PID=1800) to work on /home/lowenhard/acceleration/env/lib/python3.8/site-packages/airflow/example_dags/example_trigger_target_dag.py
[2022-03-27 20:50:17,549] {processor.py:642} INFO - Processing file /home/lowenhard/acceleration/env/lib/python3.8/site-packages/airflow/example_dags/example_trigger_target_dag.py for tasks to queue
[2022-03-27 20:50:17,550] {logging_mixin.py:109} INFO - [2022-03-27 20:50:17,550] {dagbag.py:500} INFO - Filling up the DagBag from /home/lowenhard/acceleration/env/lib/python3.8/site-packages/airflow/example_dags/example_trigger_target_dag.py
[2022-03-27 20:50:17,575] {processor.py:654} INFO - DAG(s) dict_keys(['example_trigger_target_dag']) retrieved from /home/lowenhard/acceleration/env/lib/python3.8/site-packages/airflow/example_dags/example_trigger_target_dag.py
[2022-03-27 20:50:17,584] {logging_mixin.py:109} INFO - [2022-03-27 20:50:17,584] {dag.py:2398} INFO - Sync 1 DAGs
[2022-03-27 20:50:17,595] {logging_mixin.py:109} INFO - [2022-03-27 20:50:17,595] {dag.py:2937} INFO - Setting next_dagrun for example_trigger_target_dag to None
[2022-03-27 20:50:17,743] {processor.py:171} INFO - Processing /home/lowenhard/acceleration/env/lib/python3.8/site-packages/airflow/example_dags/example_trigger_target_dag.py took 0.210 seconds
[2022-03-27 20:52:29,652] {processor.py:163} INFO - Started process (PID=1937) to work on /home/lowenhard/acceleration/env/lib/python3.8/site-packages/airflow/example_dags/example_trigger_target_dag.py
[2022-03-27 20:52:30,150] {processor.py:642} INFO - Processing file /home/lowenhard/acceleration/env/lib/python3.8/site-packages/airflow/example_dags/example_trigger_target_dag.py for tasks to queue
[2022-03-27 20:52:30,150] {logging_mixin.py:109} INFO - [2022-03-27 20:52:30,150] {dagbag.py:500} INFO - Filling up the DagBag from /home/lowenhard/acceleration/env/lib/python3.8/site-packages/airflow/example_dags/example_trigger_target_dag.py
[2022-03-27 20:52:30,176] {processor.py:654} INFO - DAG(s) dict_keys(['example_trigger_target_dag']) retrieved from /home/lowenhard/acceleration/env/lib/python3.8/site-packages/airflow/example_dags/example_trigger_target_dag.py
[2022-03-27 20:52:30,186] {logging_mixin.py:109} INFO - [2022-03-27 20:52:30,185] {dag.py:2398} INFO - Sync 1 DAGs
[2022-03-27 20:52:30,199] {logging_mixin.py:109} INFO - [2022-03-27 20:52:30,199] {dag.py:2937} INFO - Setting next_dagrun for example_trigger_target_dag to None
[2022-03-27 20:52:30,349] {processor.py:171} INFO - Processing /home/lowenhard/acceleration/env/lib/python3.8/site-packages/airflow/example_dags/example_trigger_target_dag.py took 0.699 seconds
[2022-03-27 20:54:23,178] {processor.py:163} INFO - Started process (PID=2053) to work on /home/lowenhard/acceleration/env/lib/python3.8/site-packages/airflow/example_dags/example_trigger_target_dag.py
[2022-03-27 20:54:23,180] {processor.py:642} INFO - Processing file /home/lowenhard/acceleration/env/lib/python3.8/site-packages/airflow/example_dags/example_trigger_target_dag.py for tasks to queue
[2022-03-27 20:54:23,180] {logging_mixin.py:109} INFO - [2022-03-27 20:54:23,180] {dagbag.py:500} INFO - Filling up the DagBag from /home/lowenhard/acceleration/env/lib/python3.8/site-packages/airflow/example_dags/example_trigger_target_dag.py
[2022-03-27 20:54:23,204] {processor.py:654} INFO - DAG(s) dict_keys(['example_trigger_target_dag']) retrieved from /home/lowenhard/acceleration/env/lib/python3.8/site-packages/airflow/example_dags/example_trigger_target_dag.py
[2022-03-27 20:54:23,212] {logging_mixin.py:109} INFO - [2022-03-27 20:54:23,212] {dag.py:2398} INFO - Sync 1 DAGs
[2022-03-27 20:54:23,225] {logging_mixin.py:109} INFO - [2022-03-27 20:54:23,225] {dag.py:2937} INFO - Setting next_dagrun for example_trigger_target_dag to None
[2022-03-27 20:54:24,512] {processor.py:171} INFO - Processing /home/lowenhard/acceleration/env/lib/python3.8/site-packages/airflow/example_dags/example_trigger_target_dag.py took 1.336 seconds
[2022-03-27 20:55:17,363] {processor.py:163} INFO - Started process (PID=2125) to work on /home/lowenhard/acceleration/env/lib/python3.8/site-packages/airflow/example_dags/example_trigger_target_dag.py
[2022-03-27 20:55:17,371] {processor.py:642} INFO - Processing file /home/lowenhard/acceleration/env/lib/python3.8/site-packages/airflow/example_dags/example_trigger_target_dag.py for tasks to queue
[2022-03-27 20:55:17,372] {logging_mixin.py:109} INFO - [2022-03-27 20:55:17,372] {dagbag.py:500} INFO - Filling up the DagBag from /home/lowenhard/acceleration/env/lib/python3.8/site-packages/airflow/example_dags/example_trigger_target_dag.py
[2022-03-27 20:55:17,396] {processor.py:654} INFO - DAG(s) dict_keys(['example_trigger_target_dag']) retrieved from /home/lowenhard/acceleration/env/lib/python3.8/site-packages/airflow/example_dags/example_trigger_target_dag.py
[2022-03-27 20:55:17,404] {logging_mixin.py:109} INFO - [2022-03-27 20:55:17,404] {dag.py:2398} INFO - Sync 1 DAGs
[2022-03-27 20:55:17,414] {logging_mixin.py:109} INFO - [2022-03-27 20:55:17,414] {dag.py:2937} INFO - Setting next_dagrun for example_trigger_target_dag to None
[2022-03-27 20:55:17,543] {processor.py:171} INFO - Processing /home/lowenhard/acceleration/env/lib/python3.8/site-packages/airflow/example_dags/example_trigger_target_dag.py took 0.183 seconds
[2022-03-27 20:56:09,482] {processor.py:163} INFO - Started process (PID=2182) to work on /home/lowenhard/acceleration/env/lib/python3.8/site-packages/airflow/example_dags/example_trigger_target_dag.py
[2022-03-27 20:56:09,491] {processor.py:642} INFO - Processing file /home/lowenhard/acceleration/env/lib/python3.8/site-packages/airflow/example_dags/example_trigger_target_dag.py for tasks to queue
[2022-03-27 20:56:09,491] {logging_mixin.py:109} INFO - [2022-03-27 20:56:09,491] {dagbag.py:500} INFO - Filling up the DagBag from /home/lowenhard/acceleration/env/lib/python3.8/site-packages/airflow/example_dags/example_trigger_target_dag.py
[2022-03-27 20:56:09,514] {processor.py:654} INFO - DAG(s) dict_keys(['example_trigger_target_dag']) retrieved from /home/lowenhard/acceleration/env/lib/python3.8/site-packages/airflow/example_dags/example_trigger_target_dag.py
[2022-03-27 20:56:09,523] {logging_mixin.py:109} INFO - [2022-03-27 20:56:09,523] {dag.py:2398} INFO - Sync 1 DAGs
[2022-03-27 20:56:09,534] {logging_mixin.py:109} INFO - [2022-03-27 20:56:09,534] {dag.py:2937} INFO - Setting next_dagrun for example_trigger_target_dag to None
[2022-03-27 20:56:09,674] {processor.py:171} INFO - Processing /home/lowenhard/acceleration/env/lib/python3.8/site-packages/airflow/example_dags/example_trigger_target_dag.py took 0.195 seconds
[2022-03-27 20:57:13,144] {processor.py:163} INFO - Started process (PID=2242) to work on /home/lowenhard/acceleration/env/lib/python3.8/site-packages/airflow/example_dags/example_trigger_target_dag.py
[2022-03-27 20:57:13,154] {processor.py:642} INFO - Processing file /home/lowenhard/acceleration/env/lib/python3.8/site-packages/airflow/example_dags/example_trigger_target_dag.py for tasks to queue
[2022-03-27 20:57:13,155] {logging_mixin.py:109} INFO - [2022-03-27 20:57:13,155] {dagbag.py:500} INFO - Filling up the DagBag from /home/lowenhard/acceleration/env/lib/python3.8/site-packages/airflow/example_dags/example_trigger_target_dag.py
[2022-03-27 20:57:13,178] {processor.py:654} INFO - DAG(s) dict_keys(['example_trigger_target_dag']) retrieved from /home/lowenhard/acceleration/env/lib/python3.8/site-packages/airflow/example_dags/example_trigger_target_dag.py
[2022-03-27 20:57:13,186] {logging_mixin.py:109} INFO - [2022-03-27 20:57:13,186] {dag.py:2398} INFO - Sync 1 DAGs
[2022-03-27 20:57:13,197] {logging_mixin.py:109} INFO - [2022-03-27 20:57:13,197] {dag.py:2937} INFO - Setting next_dagrun for example_trigger_target_dag to None
[2022-03-27 20:57:14,573] {processor.py:171} INFO - Processing /home/lowenhard/acceleration/env/lib/python3.8/site-packages/airflow/example_dags/example_trigger_target_dag.py took 1.432 seconds
[2022-03-27 20:58:14,563] {processor.py:163} INFO - Started process (PID=2300) to work on /home/lowenhard/acceleration/env/lib/python3.8/site-packages/airflow/example_dags/example_trigger_target_dag.py
[2022-03-27 20:58:14,885] {processor.py:642} INFO - Processing file /home/lowenhard/acceleration/env/lib/python3.8/site-packages/airflow/example_dags/example_trigger_target_dag.py for tasks to queue
[2022-03-27 20:58:14,915] {logging_mixin.py:109} INFO - [2022-03-27 20:58:14,915] {dagbag.py:500} INFO - Filling up the DagBag from /home/lowenhard/acceleration/env/lib/python3.8/site-packages/airflow/example_dags/example_trigger_target_dag.py
[2022-03-27 20:58:15,128] {processor.py:654} INFO - DAG(s) dict_keys(['example_trigger_target_dag']) retrieved from /home/lowenhard/acceleration/env/lib/python3.8/site-packages/airflow/example_dags/example_trigger_target_dag.py
[2022-03-27 20:58:15,137] {logging_mixin.py:109} INFO - [2022-03-27 20:58:15,137] {dag.py:2398} INFO - Sync 1 DAGs
[2022-03-27 20:58:15,147] {logging_mixin.py:109} INFO - [2022-03-27 20:58:15,147] {dag.py:2937} INFO - Setting next_dagrun for example_trigger_target_dag to None
[2022-03-27 20:58:15,277] {processor.py:171} INFO - Processing /home/lowenhard/acceleration/env/lib/python3.8/site-packages/airflow/example_dags/example_trigger_target_dag.py took 0.717 seconds
[2022-03-27 20:59:15,739] {processor.py:163} INFO - Started process (PID=2350) to work on /home/lowenhard/acceleration/env/lib/python3.8/site-packages/airflow/example_dags/example_trigger_target_dag.py
[2022-03-27 20:59:15,749] {processor.py:642} INFO - Processing file /home/lowenhard/acceleration/env/lib/python3.8/site-packages/airflow/example_dags/example_trigger_target_dag.py for tasks to queue
[2022-03-27 20:59:15,750] {logging_mixin.py:109} INFO - [2022-03-27 20:59:15,750] {dagbag.py:500} INFO - Filling up the DagBag from /home/lowenhard/acceleration/env/lib/python3.8/site-packages/airflow/example_dags/example_trigger_target_dag.py
[2022-03-27 20:59:15,772] {processor.py:654} INFO - DAG(s) dict_keys(['example_trigger_target_dag']) retrieved from /home/lowenhard/acceleration/env/lib/python3.8/site-packages/airflow/example_dags/example_trigger_target_dag.py
[2022-03-27 20:59:15,781] {logging_mixin.py:109} INFO - [2022-03-27 20:59:15,781] {dag.py:2398} INFO - Sync 1 DAGs
[2022-03-27 20:59:15,793] {logging_mixin.py:109} INFO - [2022-03-27 20:59:15,793] {dag.py:2937} INFO - Setting next_dagrun for example_trigger_target_dag to None
[2022-03-27 20:59:15,958] {processor.py:171} INFO - Processing /home/lowenhard/acceleration/env/lib/python3.8/site-packages/airflow/example_dags/example_trigger_target_dag.py took 0.222 seconds
