[2022-03-27 20:04:04,526] {processor.py:163} INFO - Started process (PID=244) to work on /home/lowenhard/acceleration/env/lib/python3.8/site-packages/airflow/example_dags/example_xcomargs.py
[2022-03-27 20:04:04,526] {processor.py:642} INFO - Processing file /home/lowenhard/acceleration/env/lib/python3.8/site-packages/airflow/example_dags/example_xcomargs.py for tasks to queue
[2022-03-27 20:04:04,527] {logging_mixin.py:109} INFO - [2022-03-27 20:04:04,527] {dagbag.py:500} INFO - Filling up the DagBag from /home/lowenhard/acceleration/env/lib/python3.8/site-packages/airflow/example_dags/example_xcomargs.py
[2022-03-27 20:04:04,574] {processor.py:654} INFO - DAG(s) dict_keys(['example_xcom_args', 'example_xcom_args_with_operators']) retrieved from /home/lowenhard/acceleration/env/lib/python3.8/site-packages/airflow/example_dags/example_xcomargs.py
[2022-03-27 20:04:04,974] {logging_mixin.py:109} INFO - [2022-03-27 20:04:04,974] {dag.py:2398} INFO - Sync 2 DAGs
[2022-03-27 20:04:04,990] {logging_mixin.py:109} INFO - [2022-03-27 20:04:04,990] {dag.py:2937} INFO - Setting next_dagrun for example_xcom_args to None
[2022-03-27 20:04:04,990] {logging_mixin.py:109} INFO - [2022-03-27 20:04:04,990] {dag.py:2937} INFO - Setting next_dagrun for example_xcom_args_with_operators to None
[2022-03-27 20:04:05,146] {processor.py:171} INFO - Processing /home/lowenhard/acceleration/env/lib/python3.8/site-packages/airflow/example_dags/example_xcomargs.py took 0.623 seconds
[2022-03-27 20:05:35,887] {processor.py:163} INFO - Started process (PID=378) to work on /home/lowenhard/acceleration/env/lib/python3.8/site-packages/airflow/example_dags/example_xcomargs.py
[2022-03-27 20:05:36,757] {processor.py:642} INFO - Processing file /home/lowenhard/acceleration/env/lib/python3.8/site-packages/airflow/example_dags/example_xcomargs.py for tasks to queue
[2022-03-27 20:05:36,758] {logging_mixin.py:109} INFO - [2022-03-27 20:05:36,758] {dagbag.py:500} INFO - Filling up the DagBag from /home/lowenhard/acceleration/env/lib/python3.8/site-packages/airflow/example_dags/example_xcomargs.py
[2022-03-27 20:05:36,788] {processor.py:654} INFO - DAG(s) dict_keys(['example_xcom_args', 'example_xcom_args_with_operators']) retrieved from /home/lowenhard/acceleration/env/lib/python3.8/site-packages/airflow/example_dags/example_xcomargs.py
[2022-03-27 20:05:37,029] {logging_mixin.py:109} INFO - [2022-03-27 20:05:37,029] {dag.py:2398} INFO - Sync 2 DAGs
[2022-03-27 20:05:37,040] {logging_mixin.py:109} INFO - [2022-03-27 20:05:37,040] {dag.py:2937} INFO - Setting next_dagrun for example_xcom_args to None
[2022-03-27 20:05:37,040] {logging_mixin.py:109} INFO - [2022-03-27 20:05:37,040] {dag.py:2937} INFO - Setting next_dagrun for example_xcom_args_with_operators to None
[2022-03-27 20:05:38,319] {processor.py:171} INFO - Processing /home/lowenhard/acceleration/env/lib/python3.8/site-packages/airflow/example_dags/example_xcomargs.py took 2.434 seconds
[2022-03-27 20:06:33,304] {processor.py:163} INFO - Started process (PID=428) to work on /home/lowenhard/acceleration/env/lib/python3.8/site-packages/airflow/example_dags/example_xcomargs.py
[2022-03-27 20:06:33,784] {processor.py:642} INFO - Processing file /home/lowenhard/acceleration/env/lib/python3.8/site-packages/airflow/example_dags/example_xcomargs.py for tasks to queue
[2022-03-27 20:06:33,784] {logging_mixin.py:109} INFO - [2022-03-27 20:06:33,784] {dagbag.py:500} INFO - Filling up the DagBag from /home/lowenhard/acceleration/env/lib/python3.8/site-packages/airflow/example_dags/example_xcomargs.py
[2022-03-27 20:06:33,809] {processor.py:654} INFO - DAG(s) dict_keys(['example_xcom_args', 'example_xcom_args_with_operators']) retrieved from /home/lowenhard/acceleration/env/lib/python3.8/site-packages/airflow/example_dags/example_xcomargs.py
[2022-03-27 20:06:33,974] {logging_mixin.py:109} INFO - [2022-03-27 20:06:33,974] {dag.py:2398} INFO - Sync 2 DAGs
[2022-03-27 20:06:34,056] {logging_mixin.py:109} INFO - [2022-03-27 20:06:34,056] {dag.py:2937} INFO - Setting next_dagrun for example_xcom_args to None
[2022-03-27 20:06:34,056] {logging_mixin.py:109} INFO - [2022-03-27 20:06:34,056] {dag.py:2937} INFO - Setting next_dagrun for example_xcom_args_with_operators to None
[2022-03-27 20:06:34,985] {processor.py:171} INFO - Processing /home/lowenhard/acceleration/env/lib/python3.8/site-packages/airflow/example_dags/example_xcomargs.py took 1.684 seconds
[2022-03-27 20:07:35,105] {processor.py:163} INFO - Started process (PID=478) to work on /home/lowenhard/acceleration/env/lib/python3.8/site-packages/airflow/example_dags/example_xcomargs.py
[2022-03-27 20:07:35,117] {processor.py:642} INFO - Processing file /home/lowenhard/acceleration/env/lib/python3.8/site-packages/airflow/example_dags/example_xcomargs.py for tasks to queue
[2022-03-27 20:07:35,117] {logging_mixin.py:109} INFO - [2022-03-27 20:07:35,117] {dagbag.py:500} INFO - Filling up the DagBag from /home/lowenhard/acceleration/env/lib/python3.8/site-packages/airflow/example_dags/example_xcomargs.py
[2022-03-27 20:07:35,147] {processor.py:654} INFO - DAG(s) dict_keys(['example_xcom_args', 'example_xcom_args_with_operators']) retrieved from /home/lowenhard/acceleration/env/lib/python3.8/site-packages/airflow/example_dags/example_xcomargs.py
[2022-03-27 20:07:35,338] {logging_mixin.py:109} INFO - [2022-03-27 20:07:35,338] {dag.py:2398} INFO - Sync 2 DAGs
[2022-03-27 20:07:35,419] {logging_mixin.py:109} INFO - [2022-03-27 20:07:35,419] {dag.py:2937} INFO - Setting next_dagrun for example_xcom_args to None
[2022-03-27 20:07:35,420] {logging_mixin.py:109} INFO - [2022-03-27 20:07:35,420] {dag.py:2937} INFO - Setting next_dagrun for example_xcom_args_with_operators to None
[2022-03-27 20:07:35,562] {processor.py:171} INFO - Processing /home/lowenhard/acceleration/env/lib/python3.8/site-packages/airflow/example_dags/example_xcomargs.py took 0.460 seconds
[2022-03-27 20:08:29,294] {processor.py:163} INFO - Started process (PID=524) to work on /home/lowenhard/acceleration/env/lib/python3.8/site-packages/airflow/example_dags/example_xcomargs.py
[2022-03-27 20:08:29,305] {processor.py:642} INFO - Processing file /home/lowenhard/acceleration/env/lib/python3.8/site-packages/airflow/example_dags/example_xcomargs.py for tasks to queue
[2022-03-27 20:08:29,305] {logging_mixin.py:109} INFO - [2022-03-27 20:08:29,305] {dagbag.py:500} INFO - Filling up the DagBag from /home/lowenhard/acceleration/env/lib/python3.8/site-packages/airflow/example_dags/example_xcomargs.py
[2022-03-27 20:08:29,332] {processor.py:654} INFO - DAG(s) dict_keys(['example_xcom_args', 'example_xcom_args_with_operators']) retrieved from /home/lowenhard/acceleration/env/lib/python3.8/site-packages/airflow/example_dags/example_xcomargs.py
[2022-03-27 20:08:29,606] {logging_mixin.py:109} INFO - [2022-03-27 20:08:29,606] {dag.py:2398} INFO - Sync 2 DAGs
[2022-03-27 20:08:29,617] {logging_mixin.py:109} INFO - [2022-03-27 20:08:29,616] {dag.py:2937} INFO - Setting next_dagrun for example_xcom_args to None
[2022-03-27 20:08:29,617] {logging_mixin.py:109} INFO - [2022-03-27 20:08:29,617] {dag.py:2937} INFO - Setting next_dagrun for example_xcom_args_with_operators to None
[2022-03-27 20:08:29,807] {processor.py:171} INFO - Processing /home/lowenhard/acceleration/env/lib/python3.8/site-packages/airflow/example_dags/example_xcomargs.py took 0.517 seconds
[2022-03-27 20:10:00,839] {processor.py:163} INFO - Started process (PID=591) to work on /home/lowenhard/acceleration/env/lib/python3.8/site-packages/airflow/example_dags/example_xcomargs.py
[2022-03-27 20:10:00,842] {processor.py:642} INFO - Processing file /home/lowenhard/acceleration/env/lib/python3.8/site-packages/airflow/example_dags/example_xcomargs.py for tasks to queue
[2022-03-27 20:10:00,842] {logging_mixin.py:109} INFO - [2022-03-27 20:10:00,842] {dagbag.py:500} INFO - Filling up the DagBag from /home/lowenhard/acceleration/env/lib/python3.8/site-packages/airflow/example_dags/example_xcomargs.py
[2022-03-27 20:10:00,868] {processor.py:654} INFO - DAG(s) dict_keys(['example_xcom_args', 'example_xcom_args_with_operators']) retrieved from /home/lowenhard/acceleration/env/lib/python3.8/site-packages/airflow/example_dags/example_xcomargs.py
[2022-03-27 20:10:01,116] {logging_mixin.py:109} INFO - [2022-03-27 20:10:01,116] {dag.py:2398} INFO - Sync 2 DAGs
[2022-03-27 20:10:01,124] {logging_mixin.py:109} INFO - [2022-03-27 20:10:01,124] {dag.py:2937} INFO - Setting next_dagrun for example_xcom_args to None
[2022-03-27 20:10:01,125] {logging_mixin.py:109} INFO - [2022-03-27 20:10:01,124] {dag.py:2937} INFO - Setting next_dagrun for example_xcom_args_with_operators to None
[2022-03-27 20:10:01,271] {processor.py:171} INFO - Processing /home/lowenhard/acceleration/env/lib/python3.8/site-packages/airflow/example_dags/example_xcomargs.py took 0.434 seconds
[2022-03-27 20:11:10,305] {processor.py:163} INFO - Started process (PID=656) to work on /home/lowenhard/acceleration/env/lib/python3.8/site-packages/airflow/example_dags/example_xcomargs.py
[2022-03-27 20:11:10,307] {processor.py:642} INFO - Processing file /home/lowenhard/acceleration/env/lib/python3.8/site-packages/airflow/example_dags/example_xcomargs.py for tasks to queue
[2022-03-27 20:11:10,308] {logging_mixin.py:109} INFO - [2022-03-27 20:11:10,308] {dagbag.py:500} INFO - Filling up the DagBag from /home/lowenhard/acceleration/env/lib/python3.8/site-packages/airflow/example_dags/example_xcomargs.py
[2022-03-27 20:11:10,335] {processor.py:654} INFO - DAG(s) dict_keys(['example_xcom_args', 'example_xcom_args_with_operators']) retrieved from /home/lowenhard/acceleration/env/lib/python3.8/site-packages/airflow/example_dags/example_xcomargs.py
[2022-03-27 20:11:10,642] {logging_mixin.py:109} INFO - [2022-03-27 20:11:10,642] {dag.py:2398} INFO - Sync 2 DAGs
[2022-03-27 20:11:10,654] {logging_mixin.py:109} INFO - [2022-03-27 20:11:10,654] {dag.py:2937} INFO - Setting next_dagrun for example_xcom_args to None
[2022-03-27 20:11:10,655] {logging_mixin.py:109} INFO - [2022-03-27 20:11:10,655] {dag.py:2937} INFO - Setting next_dagrun for example_xcom_args_with_operators to None
[2022-03-27 20:11:11,479] {processor.py:171} INFO - Processing /home/lowenhard/acceleration/env/lib/python3.8/site-packages/airflow/example_dags/example_xcomargs.py took 1.177 seconds
[2022-03-27 20:12:37,546] {processor.py:163} INFO - Started process (PID=720) to work on /home/lowenhard/acceleration/env/lib/python3.8/site-packages/airflow/example_dags/example_xcomargs.py
[2022-03-27 20:12:37,557] {processor.py:642} INFO - Processing file /home/lowenhard/acceleration/env/lib/python3.8/site-packages/airflow/example_dags/example_xcomargs.py for tasks to queue
[2022-03-27 20:12:37,558] {logging_mixin.py:109} INFO - [2022-03-27 20:12:37,558] {dagbag.py:500} INFO - Filling up the DagBag from /home/lowenhard/acceleration/env/lib/python3.8/site-packages/airflow/example_dags/example_xcomargs.py
[2022-03-27 20:12:37,588] {processor.py:654} INFO - DAG(s) dict_keys(['example_xcom_args', 'example_xcom_args_with_operators']) retrieved from /home/lowenhard/acceleration/env/lib/python3.8/site-packages/airflow/example_dags/example_xcomargs.py
[2022-03-27 20:12:37,840] {logging_mixin.py:109} INFO - [2022-03-27 20:12:37,840] {dag.py:2398} INFO - Sync 2 DAGs
[2022-03-27 20:12:37,848] {logging_mixin.py:109} INFO - [2022-03-27 20:12:37,848] {dag.py:2937} INFO - Setting next_dagrun for example_xcom_args to None
[2022-03-27 20:12:37,849] {logging_mixin.py:109} INFO - [2022-03-27 20:12:37,849] {dag.py:2937} INFO - Setting next_dagrun for example_xcom_args_with_operators to None
[2022-03-27 20:12:39,151] {processor.py:171} INFO - Processing /home/lowenhard/acceleration/env/lib/python3.8/site-packages/airflow/example_dags/example_xcomargs.py took 1.608 seconds
[2022-03-27 20:13:41,067] {processor.py:163} INFO - Started process (PID=774) to work on /home/lowenhard/acceleration/env/lib/python3.8/site-packages/airflow/example_dags/example_xcomargs.py
[2022-03-27 20:13:41,081] {processor.py:642} INFO - Processing file /home/lowenhard/acceleration/env/lib/python3.8/site-packages/airflow/example_dags/example_xcomargs.py for tasks to queue
[2022-03-27 20:13:41,081] {logging_mixin.py:109} INFO - [2022-03-27 20:13:41,081] {dagbag.py:500} INFO - Filling up the DagBag from /home/lowenhard/acceleration/env/lib/python3.8/site-packages/airflow/example_dags/example_xcomargs.py
[2022-03-27 20:13:41,108] {processor.py:654} INFO - DAG(s) dict_keys(['example_xcom_args', 'example_xcom_args_with_operators']) retrieved from /home/lowenhard/acceleration/env/lib/python3.8/site-packages/airflow/example_dags/example_xcomargs.py
[2022-03-27 20:13:41,375] {logging_mixin.py:109} INFO - [2022-03-27 20:13:41,374] {dag.py:2398} INFO - Sync 2 DAGs
[2022-03-27 20:13:41,385] {logging_mixin.py:109} INFO - [2022-03-27 20:13:41,385] {dag.py:2937} INFO - Setting next_dagrun for example_xcom_args to None
[2022-03-27 20:13:41,386] {logging_mixin.py:109} INFO - [2022-03-27 20:13:41,385] {dag.py:2937} INFO - Setting next_dagrun for example_xcom_args_with_operators to None
[2022-03-27 20:13:41,540] {processor.py:171} INFO - Processing /home/lowenhard/acceleration/env/lib/python3.8/site-packages/airflow/example_dags/example_xcomargs.py took 0.476 seconds
[2022-03-27 20:14:37,248] {processor.py:163} INFO - Started process (PID=823) to work on /home/lowenhard/acceleration/env/lib/python3.8/site-packages/airflow/example_dags/example_xcomargs.py
[2022-03-27 20:14:37,251] {processor.py:642} INFO - Processing file /home/lowenhard/acceleration/env/lib/python3.8/site-packages/airflow/example_dags/example_xcomargs.py for tasks to queue
[2022-03-27 20:14:37,251] {logging_mixin.py:109} INFO - [2022-03-27 20:14:37,251] {dagbag.py:500} INFO - Filling up the DagBag from /home/lowenhard/acceleration/env/lib/python3.8/site-packages/airflow/example_dags/example_xcomargs.py
[2022-03-27 20:14:37,279] {processor.py:654} INFO - DAG(s) dict_keys(['example_xcom_args', 'example_xcom_args_with_operators']) retrieved from /home/lowenhard/acceleration/env/lib/python3.8/site-packages/airflow/example_dags/example_xcomargs.py
[2022-03-27 20:14:37,534] {logging_mixin.py:109} INFO - [2022-03-27 20:14:37,534] {dag.py:2398} INFO - Sync 2 DAGs
[2022-03-27 20:14:37,543] {logging_mixin.py:109} INFO - [2022-03-27 20:14:37,543] {dag.py:2937} INFO - Setting next_dagrun for example_xcom_args to None
[2022-03-27 20:14:37,544] {logging_mixin.py:109} INFO - [2022-03-27 20:14:37,544] {dag.py:2937} INFO - Setting next_dagrun for example_xcom_args_with_operators to None
[2022-03-27 20:14:37,711] {processor.py:171} INFO - Processing /home/lowenhard/acceleration/env/lib/python3.8/site-packages/airflow/example_dags/example_xcomargs.py took 0.465 seconds
[2022-03-27 20:15:49,538] {processor.py:163} INFO - Started process (PID=887) to work on /home/lowenhard/acceleration/env/lib/python3.8/site-packages/airflow/example_dags/example_xcomargs.py
[2022-03-27 20:15:49,540] {processor.py:642} INFO - Processing file /home/lowenhard/acceleration/env/lib/python3.8/site-packages/airflow/example_dags/example_xcomargs.py for tasks to queue
[2022-03-27 20:15:49,541] {logging_mixin.py:109} INFO - [2022-03-27 20:15:49,541] {dagbag.py:500} INFO - Filling up the DagBag from /home/lowenhard/acceleration/env/lib/python3.8/site-packages/airflow/example_dags/example_xcomargs.py
[2022-03-27 20:15:49,566] {processor.py:654} INFO - DAG(s) dict_keys(['example_xcom_args', 'example_xcom_args_with_operators']) retrieved from /home/lowenhard/acceleration/env/lib/python3.8/site-packages/airflow/example_dags/example_xcomargs.py
[2022-03-27 20:15:49,996] {logging_mixin.py:109} INFO - [2022-03-27 20:15:49,995] {dag.py:2398} INFO - Sync 2 DAGs
[2022-03-27 20:15:50,014] {logging_mixin.py:109} INFO - [2022-03-27 20:15:50,014] {dag.py:2937} INFO - Setting next_dagrun for example_xcom_args to None
[2022-03-27 20:15:50,014] {logging_mixin.py:109} INFO - [2022-03-27 20:15:50,014] {dag.py:2937} INFO - Setting next_dagrun for example_xcom_args_with_operators to None
[2022-03-27 20:15:50,264] {processor.py:171} INFO - Processing /home/lowenhard/acceleration/env/lib/python3.8/site-packages/airflow/example_dags/example_xcomargs.py took 0.730 seconds
[2022-03-27 20:16:41,734] {processor.py:163} INFO - Started process (PID=933) to work on /home/lowenhard/acceleration/env/lib/python3.8/site-packages/airflow/example_dags/example_xcomargs.py
[2022-03-27 20:16:41,747] {processor.py:642} INFO - Processing file /home/lowenhard/acceleration/env/lib/python3.8/site-packages/airflow/example_dags/example_xcomargs.py for tasks to queue
[2022-03-27 20:16:41,748] {logging_mixin.py:109} INFO - [2022-03-27 20:16:41,748] {dagbag.py:500} INFO - Filling up the DagBag from /home/lowenhard/acceleration/env/lib/python3.8/site-packages/airflow/example_dags/example_xcomargs.py
[2022-03-27 20:16:41,774] {processor.py:654} INFO - DAG(s) dict_keys(['example_xcom_args', 'example_xcom_args_with_operators']) retrieved from /home/lowenhard/acceleration/env/lib/python3.8/site-packages/airflow/example_dags/example_xcomargs.py
[2022-03-27 20:16:42,070] {logging_mixin.py:109} INFO - [2022-03-27 20:16:42,070] {dag.py:2398} INFO - Sync 2 DAGs
[2022-03-27 20:16:42,086] {logging_mixin.py:109} INFO - [2022-03-27 20:16:42,086] {dag.py:2937} INFO - Setting next_dagrun for example_xcom_args to None
[2022-03-27 20:16:42,086] {logging_mixin.py:109} INFO - [2022-03-27 20:16:42,086] {dag.py:2937} INFO - Setting next_dagrun for example_xcom_args_with_operators to None
[2022-03-27 20:16:42,244] {processor.py:171} INFO - Processing /home/lowenhard/acceleration/env/lib/python3.8/site-packages/airflow/example_dags/example_xcomargs.py took 0.512 seconds
[2022-03-27 20:18:00,453] {processor.py:163} INFO - Started process (PID=995) to work on /home/lowenhard/acceleration/env/lib/python3.8/site-packages/airflow/example_dags/example_xcomargs.py
[2022-03-27 20:18:00,468] {processor.py:642} INFO - Processing file /home/lowenhard/acceleration/env/lib/python3.8/site-packages/airflow/example_dags/example_xcomargs.py for tasks to queue
[2022-03-27 20:18:00,469] {logging_mixin.py:109} INFO - [2022-03-27 20:18:00,469] {dagbag.py:500} INFO - Filling up the DagBag from /home/lowenhard/acceleration/env/lib/python3.8/site-packages/airflow/example_dags/example_xcomargs.py
[2022-03-27 20:18:00,493] {processor.py:654} INFO - DAG(s) dict_keys(['example_xcom_args', 'example_xcom_args_with_operators']) retrieved from /home/lowenhard/acceleration/env/lib/python3.8/site-packages/airflow/example_dags/example_xcomargs.py
[2022-03-27 20:18:00,719] {logging_mixin.py:109} INFO - [2022-03-27 20:18:00,718] {dag.py:2398} INFO - Sync 2 DAGs
[2022-03-27 20:18:00,727] {logging_mixin.py:109} INFO - [2022-03-27 20:18:00,727] {dag.py:2937} INFO - Setting next_dagrun for example_xcom_args to None
[2022-03-27 20:18:00,727] {logging_mixin.py:109} INFO - [2022-03-27 20:18:00,727] {dag.py:2937} INFO - Setting next_dagrun for example_xcom_args_with_operators to None
[2022-03-27 20:18:00,891] {processor.py:171} INFO - Processing /home/lowenhard/acceleration/env/lib/python3.8/site-packages/airflow/example_dags/example_xcomargs.py took 0.440 seconds
[2022-03-27 20:18:56,531] {processor.py:163} INFO - Started process (PID=1041) to work on /home/lowenhard/acceleration/env/lib/python3.8/site-packages/airflow/example_dags/example_xcomargs.py
[2022-03-27 20:18:56,537] {processor.py:642} INFO - Processing file /home/lowenhard/acceleration/env/lib/python3.8/site-packages/airflow/example_dags/example_xcomargs.py for tasks to queue
[2022-03-27 20:18:56,538] {logging_mixin.py:109} INFO - [2022-03-27 20:18:56,538] {dagbag.py:500} INFO - Filling up the DagBag from /home/lowenhard/acceleration/env/lib/python3.8/site-packages/airflow/example_dags/example_xcomargs.py
[2022-03-27 20:18:56,564] {processor.py:654} INFO - DAG(s) dict_keys(['example_xcom_args', 'example_xcom_args_with_operators']) retrieved from /home/lowenhard/acceleration/env/lib/python3.8/site-packages/airflow/example_dags/example_xcomargs.py
[2022-03-27 20:18:56,808] {logging_mixin.py:109} INFO - [2022-03-27 20:18:56,808] {dag.py:2398} INFO - Sync 2 DAGs
[2022-03-27 20:18:56,819] {logging_mixin.py:109} INFO - [2022-03-27 20:18:56,819] {dag.py:2937} INFO - Setting next_dagrun for example_xcom_args to None
[2022-03-27 20:18:56,819] {logging_mixin.py:109} INFO - [2022-03-27 20:18:56,819] {dag.py:2937} INFO - Setting next_dagrun for example_xcom_args_with_operators to None
[2022-03-27 20:18:56,959] {processor.py:171} INFO - Processing /home/lowenhard/acceleration/env/lib/python3.8/site-packages/airflow/example_dags/example_xcomargs.py took 0.431 seconds
[2022-03-27 20:19:52,687] {processor.py:163} INFO - Started process (PID=1086) to work on /home/lowenhard/acceleration/env/lib/python3.8/site-packages/airflow/example_dags/example_xcomargs.py
[2022-03-27 20:19:52,735] {processor.py:642} INFO - Processing file /home/lowenhard/acceleration/env/lib/python3.8/site-packages/airflow/example_dags/example_xcomargs.py for tasks to queue
[2022-03-27 20:19:52,736] {logging_mixin.py:109} INFO - [2022-03-27 20:19:52,735] {dagbag.py:500} INFO - Filling up the DagBag from /home/lowenhard/acceleration/env/lib/python3.8/site-packages/airflow/example_dags/example_xcomargs.py
[2022-03-27 20:19:52,763] {processor.py:654} INFO - DAG(s) dict_keys(['example_xcom_args', 'example_xcom_args_with_operators']) retrieved from /home/lowenhard/acceleration/env/lib/python3.8/site-packages/airflow/example_dags/example_xcomargs.py
[2022-03-27 20:19:52,993] {logging_mixin.py:109} INFO - [2022-03-27 20:19:52,992] {dag.py:2398} INFO - Sync 2 DAGs
[2022-03-27 20:19:53,001] {logging_mixin.py:109} INFO - [2022-03-27 20:19:53,001] {dag.py:2937} INFO - Setting next_dagrun for example_xcom_args to None
[2022-03-27 20:19:53,001] {logging_mixin.py:109} INFO - [2022-03-27 20:19:53,001] {dag.py:2937} INFO - Setting next_dagrun for example_xcom_args_with_operators to None
[2022-03-27 20:19:53,243] {processor.py:171} INFO - Processing /home/lowenhard/acceleration/env/lib/python3.8/site-packages/airflow/example_dags/example_xcomargs.py took 0.558 seconds
[2022-03-27 20:21:03,506] {processor.py:163} INFO - Started process (PID=1150) to work on /home/lowenhard/acceleration/env/lib/python3.8/site-packages/airflow/example_dags/example_xcomargs.py
[2022-03-27 20:21:03,553] {processor.py:642} INFO - Processing file /home/lowenhard/acceleration/env/lib/python3.8/site-packages/airflow/example_dags/example_xcomargs.py for tasks to queue
[2022-03-27 20:21:03,554] {logging_mixin.py:109} INFO - [2022-03-27 20:21:03,554] {dagbag.py:500} INFO - Filling up the DagBag from /home/lowenhard/acceleration/env/lib/python3.8/site-packages/airflow/example_dags/example_xcomargs.py
[2022-03-27 20:21:03,580] {processor.py:654} INFO - DAG(s) dict_keys(['example_xcom_args', 'example_xcom_args_with_operators']) retrieved from /home/lowenhard/acceleration/env/lib/python3.8/site-packages/airflow/example_dags/example_xcomargs.py
[2022-03-27 20:21:03,812] {logging_mixin.py:109} INFO - [2022-03-27 20:21:03,812] {dag.py:2398} INFO - Sync 2 DAGs
[2022-03-27 20:21:03,822] {logging_mixin.py:109} INFO - [2022-03-27 20:21:03,822] {dag.py:2937} INFO - Setting next_dagrun for example_xcom_args to None
[2022-03-27 20:21:03,822] {logging_mixin.py:109} INFO - [2022-03-27 20:21:03,822] {dag.py:2937} INFO - Setting next_dagrun for example_xcom_args_with_operators to None
[2022-03-27 20:21:07,025] {processor.py:171} INFO - Processing /home/lowenhard/acceleration/env/lib/python3.8/site-packages/airflow/example_dags/example_xcomargs.py took 3.521 seconds
[2022-03-27 20:22:26,193] {processor.py:163} INFO - Started process (PID=1230) to work on /home/lowenhard/acceleration/env/lib/python3.8/site-packages/airflow/example_dags/example_xcomargs.py
[2022-03-27 20:22:26,207] {processor.py:642} INFO - Processing file /home/lowenhard/acceleration/env/lib/python3.8/site-packages/airflow/example_dags/example_xcomargs.py for tasks to queue
[2022-03-27 20:22:26,208] {logging_mixin.py:109} INFO - [2022-03-27 20:22:26,208] {dagbag.py:500} INFO - Filling up the DagBag from /home/lowenhard/acceleration/env/lib/python3.8/site-packages/airflow/example_dags/example_xcomargs.py
[2022-03-27 20:22:26,238] {processor.py:654} INFO - DAG(s) dict_keys(['example_xcom_args', 'example_xcom_args_with_operators']) retrieved from /home/lowenhard/acceleration/env/lib/python3.8/site-packages/airflow/example_dags/example_xcomargs.py
[2022-03-27 20:22:27,949] {logging_mixin.py:109} INFO - [2022-03-27 20:22:27,949] {dag.py:2398} INFO - Sync 2 DAGs
[2022-03-27 20:22:27,967] {logging_mixin.py:109} INFO - [2022-03-27 20:22:27,967] {dag.py:2937} INFO - Setting next_dagrun for example_xcom_args to None
[2022-03-27 20:22:27,967] {logging_mixin.py:109} INFO - [2022-03-27 20:22:27,967] {dag.py:2937} INFO - Setting next_dagrun for example_xcom_args_with_operators to None
[2022-03-27 20:22:28,104] {processor.py:171} INFO - Processing /home/lowenhard/acceleration/env/lib/python3.8/site-packages/airflow/example_dags/example_xcomargs.py took 1.913 seconds
[2022-03-27 20:23:30,429] {processor.py:163} INFO - Started process (PID=1296) to work on /home/lowenhard/acceleration/env/lib/python3.8/site-packages/airflow/example_dags/example_xcomargs.py
[2022-03-27 20:23:30,457] {processor.py:642} INFO - Processing file /home/lowenhard/acceleration/env/lib/python3.8/site-packages/airflow/example_dags/example_xcomargs.py for tasks to queue
[2022-03-27 20:23:30,458] {logging_mixin.py:109} INFO - [2022-03-27 20:23:30,458] {dagbag.py:500} INFO - Filling up the DagBag from /home/lowenhard/acceleration/env/lib/python3.8/site-packages/airflow/example_dags/example_xcomargs.py
[2022-03-27 20:23:30,487] {processor.py:654} INFO - DAG(s) dict_keys(['example_xcom_args', 'example_xcom_args_with_operators']) retrieved from /home/lowenhard/acceleration/env/lib/python3.8/site-packages/airflow/example_dags/example_xcomargs.py
[2022-03-27 20:23:30,732] {logging_mixin.py:109} INFO - [2022-03-27 20:23:30,732] {dag.py:2398} INFO - Sync 2 DAGs
[2022-03-27 20:23:30,742] {logging_mixin.py:109} INFO - [2022-03-27 20:23:30,742] {dag.py:2937} INFO - Setting next_dagrun for example_xcom_args to None
[2022-03-27 20:23:30,742] {logging_mixin.py:109} INFO - [2022-03-27 20:23:30,742] {dag.py:2937} INFO - Setting next_dagrun for example_xcom_args_with_operators to None
[2022-03-27 20:23:31,848] {processor.py:171} INFO - Processing /home/lowenhard/acceleration/env/lib/python3.8/site-packages/airflow/example_dags/example_xcomargs.py took 1.421 seconds
[2022-03-27 20:24:33,871] {processor.py:163} INFO - Started process (PID=1353) to work on /home/lowenhard/acceleration/env/lib/python3.8/site-packages/airflow/example_dags/example_xcomargs.py
[2022-03-27 20:24:33,874] {processor.py:642} INFO - Processing file /home/lowenhard/acceleration/env/lib/python3.8/site-packages/airflow/example_dags/example_xcomargs.py for tasks to queue
[2022-03-27 20:24:33,874] {logging_mixin.py:109} INFO - [2022-03-27 20:24:33,874] {dagbag.py:500} INFO - Filling up the DagBag from /home/lowenhard/acceleration/env/lib/python3.8/site-packages/airflow/example_dags/example_xcomargs.py
[2022-03-27 20:24:33,899] {processor.py:654} INFO - DAG(s) dict_keys(['example_xcom_args', 'example_xcom_args_with_operators']) retrieved from /home/lowenhard/acceleration/env/lib/python3.8/site-packages/airflow/example_dags/example_xcomargs.py
[2022-03-27 20:24:34,150] {logging_mixin.py:109} INFO - [2022-03-27 20:24:34,150] {dag.py:2398} INFO - Sync 2 DAGs
[2022-03-27 20:24:34,161] {logging_mixin.py:109} INFO - [2022-03-27 20:24:34,161] {dag.py:2937} INFO - Setting next_dagrun for example_xcom_args to None
[2022-03-27 20:24:34,162] {logging_mixin.py:109} INFO - [2022-03-27 20:24:34,162] {dag.py:2937} INFO - Setting next_dagrun for example_xcom_args_with_operators to None
[2022-03-27 20:24:34,297] {processor.py:171} INFO - Processing /home/lowenhard/acceleration/env/lib/python3.8/site-packages/airflow/example_dags/example_xcomargs.py took 0.428 seconds
[2022-03-27 20:25:34,927] {processor.py:163} INFO - Started process (PID=1419) to work on /home/lowenhard/acceleration/env/lib/python3.8/site-packages/airflow/example_dags/example_xcomargs.py
[2022-03-27 20:25:34,943] {processor.py:642} INFO - Processing file /home/lowenhard/acceleration/env/lib/python3.8/site-packages/airflow/example_dags/example_xcomargs.py for tasks to queue
[2022-03-27 20:25:34,944] {logging_mixin.py:109} INFO - [2022-03-27 20:25:34,944] {dagbag.py:500} INFO - Filling up the DagBag from /home/lowenhard/acceleration/env/lib/python3.8/site-packages/airflow/example_dags/example_xcomargs.py
[2022-03-27 20:25:34,968] {processor.py:654} INFO - DAG(s) dict_keys(['example_xcom_args', 'example_xcom_args_with_operators']) retrieved from /home/lowenhard/acceleration/env/lib/python3.8/site-packages/airflow/example_dags/example_xcomargs.py
[2022-03-27 20:25:35,199] {logging_mixin.py:109} INFO - [2022-03-27 20:25:35,199] {dag.py:2398} INFO - Sync 2 DAGs
[2022-03-27 20:25:35,208] {logging_mixin.py:109} INFO - [2022-03-27 20:25:35,208] {dag.py:2937} INFO - Setting next_dagrun for example_xcom_args to None
[2022-03-27 20:25:35,208] {logging_mixin.py:109} INFO - [2022-03-27 20:25:35,208] {dag.py:2937} INFO - Setting next_dagrun for example_xcom_args_with_operators to None
[2022-03-27 20:25:35,347] {processor.py:171} INFO - Processing /home/lowenhard/acceleration/env/lib/python3.8/site-packages/airflow/example_dags/example_xcomargs.py took 0.423 seconds
[2022-03-27 20:27:06,178] {processor.py:163} INFO - Started process (PID=1498) to work on /home/lowenhard/acceleration/env/lib/python3.8/site-packages/airflow/example_dags/example_xcomargs.py
[2022-03-27 20:27:06,186] {processor.py:642} INFO - Processing file /home/lowenhard/acceleration/env/lib/python3.8/site-packages/airflow/example_dags/example_xcomargs.py for tasks to queue
[2022-03-27 20:27:06,187] {logging_mixin.py:109} INFO - [2022-03-27 20:27:06,187] {dagbag.py:500} INFO - Filling up the DagBag from /home/lowenhard/acceleration/env/lib/python3.8/site-packages/airflow/example_dags/example_xcomargs.py
[2022-03-27 20:27:06,215] {processor.py:654} INFO - DAG(s) dict_keys(['example_xcom_args', 'example_xcom_args_with_operators']) retrieved from /home/lowenhard/acceleration/env/lib/python3.8/site-packages/airflow/example_dags/example_xcomargs.py
[2022-03-27 20:27:06,491] {logging_mixin.py:109} INFO - [2022-03-27 20:27:06,491] {dag.py:2398} INFO - Sync 2 DAGs
[2022-03-27 20:27:06,501] {logging_mixin.py:109} INFO - [2022-03-27 20:27:06,501] {dag.py:2937} INFO - Setting next_dagrun for example_xcom_args to None
[2022-03-27 20:27:06,501] {logging_mixin.py:109} INFO - [2022-03-27 20:27:06,501] {dag.py:2937} INFO - Setting next_dagrun for example_xcom_args_with_operators to None
[2022-03-27 20:27:06,658] {processor.py:171} INFO - Processing /home/lowenhard/acceleration/env/lib/python3.8/site-packages/airflow/example_dags/example_xcomargs.py took 0.482 seconds
[2022-03-27 20:28:21,867] {processor.py:163} INFO - Started process (PID=1544) to work on /home/lowenhard/acceleration/env/lib/python3.8/site-packages/airflow/example_dags/example_xcomargs.py
[2022-03-27 20:28:21,947] {processor.py:642} INFO - Processing file /home/lowenhard/acceleration/env/lib/python3.8/site-packages/airflow/example_dags/example_xcomargs.py for tasks to queue
[2022-03-27 20:28:21,948] {logging_mixin.py:109} INFO - [2022-03-27 20:28:21,948] {dagbag.py:500} INFO - Filling up the DagBag from /home/lowenhard/acceleration/env/lib/python3.8/site-packages/airflow/example_dags/example_xcomargs.py
[2022-03-27 20:28:21,978] {processor.py:654} INFO - DAG(s) dict_keys(['example_xcom_args', 'example_xcom_args_with_operators']) retrieved from /home/lowenhard/acceleration/env/lib/python3.8/site-packages/airflow/example_dags/example_xcomargs.py
[2022-03-27 20:28:22,228] {logging_mixin.py:109} INFO - [2022-03-27 20:28:22,228] {dag.py:2398} INFO - Sync 2 DAGs
[2022-03-27 20:28:22,236] {logging_mixin.py:109} INFO - [2022-03-27 20:28:22,236] {dag.py:2937} INFO - Setting next_dagrun for example_xcom_args to None
[2022-03-27 20:28:22,236] {logging_mixin.py:109} INFO - [2022-03-27 20:28:22,236] {dag.py:2937} INFO - Setting next_dagrun for example_xcom_args_with_operators to None
[2022-03-27 20:28:23,775] {processor.py:171} INFO - Processing /home/lowenhard/acceleration/env/lib/python3.8/site-packages/airflow/example_dags/example_xcomargs.py took 1.910 seconds
[2022-03-27 20:30:00,601] {processor.py:163} INFO - Started process (PID=1609) to work on /home/lowenhard/acceleration/env/lib/python3.8/site-packages/airflow/example_dags/example_xcomargs.py
[2022-03-27 20:30:00,755] {processor.py:642} INFO - Processing file /home/lowenhard/acceleration/env/lib/python3.8/site-packages/airflow/example_dags/example_xcomargs.py for tasks to queue
[2022-03-27 20:30:00,755] {logging_mixin.py:109} INFO - [2022-03-27 20:30:00,755] {dagbag.py:500} INFO - Filling up the DagBag from /home/lowenhard/acceleration/env/lib/python3.8/site-packages/airflow/example_dags/example_xcomargs.py
[2022-03-27 20:30:00,780] {processor.py:654} INFO - DAG(s) dict_keys(['example_xcom_args', 'example_xcom_args_with_operators']) retrieved from /home/lowenhard/acceleration/env/lib/python3.8/site-packages/airflow/example_dags/example_xcomargs.py
[2022-03-27 20:30:01,101] {logging_mixin.py:109} INFO - [2022-03-27 20:30:01,101] {dag.py:2398} INFO - Sync 2 DAGs
[2022-03-27 20:30:01,115] {logging_mixin.py:109} INFO - [2022-03-27 20:30:01,115] {dag.py:2937} INFO - Setting next_dagrun for example_xcom_args to None
[2022-03-27 20:30:01,115] {logging_mixin.py:109} INFO - [2022-03-27 20:30:01,115] {dag.py:2937} INFO - Setting next_dagrun for example_xcom_args_with_operators to None
[2022-03-27 20:30:02,184] {processor.py:171} INFO - Processing /home/lowenhard/acceleration/env/lib/python3.8/site-packages/airflow/example_dags/example_xcomargs.py took 1.585 seconds
[2022-03-27 20:48:52,057] {processor.py:163} INFO - Started process (PID=1745) to work on /home/lowenhard/acceleration/env/lib/python3.8/site-packages/airflow/example_dags/example_xcomargs.py
[2022-03-27 20:48:52,067] {processor.py:642} INFO - Processing file /home/lowenhard/acceleration/env/lib/python3.8/site-packages/airflow/example_dags/example_xcomargs.py for tasks to queue
[2022-03-27 20:48:52,068] {logging_mixin.py:109} INFO - [2022-03-27 20:48:52,068] {dagbag.py:500} INFO - Filling up the DagBag from /home/lowenhard/acceleration/env/lib/python3.8/site-packages/airflow/example_dags/example_xcomargs.py
[2022-03-27 20:48:52,095] {processor.py:654} INFO - DAG(s) dict_keys(['example_xcom_args', 'example_xcom_args_with_operators']) retrieved from /home/lowenhard/acceleration/env/lib/python3.8/site-packages/airflow/example_dags/example_xcomargs.py
[2022-03-27 20:48:52,285] {logging_mixin.py:109} INFO - [2022-03-27 20:48:52,285] {dag.py:2398} INFO - Sync 2 DAGs
[2022-03-27 20:48:52,295] {logging_mixin.py:109} INFO - [2022-03-27 20:48:52,295] {dag.py:2937} INFO - Setting next_dagrun for example_xcom_args to None
[2022-03-27 20:48:52,296] {logging_mixin.py:109} INFO - [2022-03-27 20:48:52,296] {dag.py:2937} INFO - Setting next_dagrun for example_xcom_args_with_operators to None
[2022-03-27 20:48:53,878] {processor.py:171} INFO - Processing /home/lowenhard/acceleration/env/lib/python3.8/site-packages/airflow/example_dags/example_xcomargs.py took 1.824 seconds
[2022-03-27 20:50:20,899] {processor.py:163} INFO - Started process (PID=1804) to work on /home/lowenhard/acceleration/env/lib/python3.8/site-packages/airflow/example_dags/example_xcomargs.py
[2022-03-27 20:50:20,912] {processor.py:642} INFO - Processing file /home/lowenhard/acceleration/env/lib/python3.8/site-packages/airflow/example_dags/example_xcomargs.py for tasks to queue
[2022-03-27 20:50:20,913] {logging_mixin.py:109} INFO - [2022-03-27 20:50:20,913] {dagbag.py:500} INFO - Filling up the DagBag from /home/lowenhard/acceleration/env/lib/python3.8/site-packages/airflow/example_dags/example_xcomargs.py
[2022-03-27 20:50:20,939] {processor.py:654} INFO - DAG(s) dict_keys(['example_xcom_args', 'example_xcom_args_with_operators']) retrieved from /home/lowenhard/acceleration/env/lib/python3.8/site-packages/airflow/example_dags/example_xcomargs.py
[2022-03-27 20:50:21,132] {logging_mixin.py:109} INFO - [2022-03-27 20:50:21,132] {dag.py:2398} INFO - Sync 2 DAGs
[2022-03-27 20:50:21,145] {logging_mixin.py:109} INFO - [2022-03-27 20:50:21,145] {dag.py:2937} INFO - Setting next_dagrun for example_xcom_args to None
[2022-03-27 20:50:21,145] {logging_mixin.py:109} INFO - [2022-03-27 20:50:21,145] {dag.py:2937} INFO - Setting next_dagrun for example_xcom_args_with_operators to None
[2022-03-27 20:50:21,283] {processor.py:171} INFO - Processing /home/lowenhard/acceleration/env/lib/python3.8/site-packages/airflow/example_dags/example_xcomargs.py took 0.386 seconds
[2022-03-27 20:52:33,504] {processor.py:163} INFO - Started process (PID=1940) to work on /home/lowenhard/acceleration/env/lib/python3.8/site-packages/airflow/example_dags/example_xcomargs.py
[2022-03-27 20:52:33,510] {processor.py:642} INFO - Processing file /home/lowenhard/acceleration/env/lib/python3.8/site-packages/airflow/example_dags/example_xcomargs.py for tasks to queue
[2022-03-27 20:52:33,511] {logging_mixin.py:109} INFO - [2022-03-27 20:52:33,511] {dagbag.py:500} INFO - Filling up the DagBag from /home/lowenhard/acceleration/env/lib/python3.8/site-packages/airflow/example_dags/example_xcomargs.py
[2022-03-27 20:52:33,536] {processor.py:654} INFO - DAG(s) dict_keys(['example_xcom_args', 'example_xcom_args_with_operators']) retrieved from /home/lowenhard/acceleration/env/lib/python3.8/site-packages/airflow/example_dags/example_xcomargs.py
[2022-03-27 20:52:33,712] {logging_mixin.py:109} INFO - [2022-03-27 20:52:33,712] {dag.py:2398} INFO - Sync 2 DAGs
[2022-03-27 20:52:33,722] {logging_mixin.py:109} INFO - [2022-03-27 20:52:33,721] {dag.py:2937} INFO - Setting next_dagrun for example_xcom_args to None
[2022-03-27 20:52:33,722] {logging_mixin.py:109} INFO - [2022-03-27 20:52:33,722] {dag.py:2937} INFO - Setting next_dagrun for example_xcom_args_with_operators to None
[2022-03-27 20:52:33,867] {processor.py:171} INFO - Processing /home/lowenhard/acceleration/env/lib/python3.8/site-packages/airflow/example_dags/example_xcomargs.py took 0.366 seconds
[2022-03-27 20:54:30,176] {processor.py:163} INFO - Started process (PID=2064) to work on /home/lowenhard/acceleration/env/lib/python3.8/site-packages/airflow/example_dags/example_xcomargs.py
[2022-03-27 20:54:30,179] {processor.py:642} INFO - Processing file /home/lowenhard/acceleration/env/lib/python3.8/site-packages/airflow/example_dags/example_xcomargs.py for tasks to queue
[2022-03-27 20:54:30,179] {logging_mixin.py:109} INFO - [2022-03-27 20:54:30,179] {dagbag.py:500} INFO - Filling up the DagBag from /home/lowenhard/acceleration/env/lib/python3.8/site-packages/airflow/example_dags/example_xcomargs.py
[2022-03-27 20:54:30,205] {processor.py:654} INFO - DAG(s) dict_keys(['example_xcom_args', 'example_xcom_args_with_operators']) retrieved from /home/lowenhard/acceleration/env/lib/python3.8/site-packages/airflow/example_dags/example_xcomargs.py
[2022-03-27 20:54:30,380] {logging_mixin.py:109} INFO - [2022-03-27 20:54:30,380] {dag.py:2398} INFO - Sync 2 DAGs
[2022-03-27 20:54:30,391] {logging_mixin.py:109} INFO - [2022-03-27 20:54:30,391] {dag.py:2937} INFO - Setting next_dagrun for example_xcom_args to None
[2022-03-27 20:54:30,391] {logging_mixin.py:109} INFO - [2022-03-27 20:54:30,391] {dag.py:2937} INFO - Setting next_dagrun for example_xcom_args_with_operators to None
[2022-03-27 20:54:30,527] {processor.py:171} INFO - Processing /home/lowenhard/acceleration/env/lib/python3.8/site-packages/airflow/example_dags/example_xcomargs.py took 0.353 seconds
[2022-03-27 20:55:21,366] {processor.py:163} INFO - Started process (PID=2128) to work on /home/lowenhard/acceleration/env/lib/python3.8/site-packages/airflow/example_dags/example_xcomargs.py
[2022-03-27 20:55:21,376] {processor.py:642} INFO - Processing file /home/lowenhard/acceleration/env/lib/python3.8/site-packages/airflow/example_dags/example_xcomargs.py for tasks to queue
[2022-03-27 20:55:21,376] {logging_mixin.py:109} INFO - [2022-03-27 20:55:21,376] {dagbag.py:500} INFO - Filling up the DagBag from /home/lowenhard/acceleration/env/lib/python3.8/site-packages/airflow/example_dags/example_xcomargs.py
[2022-03-27 20:55:21,402] {processor.py:654} INFO - DAG(s) dict_keys(['example_xcom_args', 'example_xcom_args_with_operators']) retrieved from /home/lowenhard/acceleration/env/lib/python3.8/site-packages/airflow/example_dags/example_xcomargs.py
[2022-03-27 20:55:21,577] {logging_mixin.py:109} INFO - [2022-03-27 20:55:21,577] {dag.py:2398} INFO - Sync 2 DAGs
[2022-03-27 20:55:22,498] {logging_mixin.py:109} INFO - [2022-03-27 20:55:22,498] {dag.py:2937} INFO - Setting next_dagrun for example_xcom_args to None
[2022-03-27 20:55:22,498] {logging_mixin.py:109} INFO - [2022-03-27 20:55:22,498] {dag.py:2937} INFO - Setting next_dagrun for example_xcom_args_with_operators to None
[2022-03-27 20:55:22,640] {processor.py:171} INFO - Processing /home/lowenhard/acceleration/env/lib/python3.8/site-packages/airflow/example_dags/example_xcomargs.py took 1.276 seconds
[2022-03-27 20:56:30,139] {processor.py:163} INFO - Started process (PID=2209) to work on /home/lowenhard/acceleration/env/lib/python3.8/site-packages/airflow/example_dags/example_xcomargs.py
[2022-03-27 20:56:30,829] {processor.py:642} INFO - Processing file /home/lowenhard/acceleration/env/lib/python3.8/site-packages/airflow/example_dags/example_xcomargs.py for tasks to queue
[2022-03-27 20:56:30,830] {logging_mixin.py:109} INFO - [2022-03-27 20:56:30,830] {dagbag.py:500} INFO - Filling up the DagBag from /home/lowenhard/acceleration/env/lib/python3.8/site-packages/airflow/example_dags/example_xcomargs.py
[2022-03-27 20:56:30,864] {processor.py:654} INFO - DAG(s) dict_keys(['example_xcom_args', 'example_xcom_args_with_operators']) retrieved from /home/lowenhard/acceleration/env/lib/python3.8/site-packages/airflow/example_dags/example_xcomargs.py
[2022-03-27 20:56:31,061] {logging_mixin.py:109} INFO - [2022-03-27 20:56:31,061] {dag.py:2398} INFO - Sync 2 DAGs
[2022-03-27 20:56:31,138] {logging_mixin.py:109} INFO - [2022-03-27 20:56:31,137] {dag.py:2937} INFO - Setting next_dagrun for example_xcom_args to None
[2022-03-27 20:56:31,138] {logging_mixin.py:109} INFO - [2022-03-27 20:56:31,138] {dag.py:2937} INFO - Setting next_dagrun for example_xcom_args_with_operators to None
[2022-03-27 20:56:31,291] {processor.py:171} INFO - Processing /home/lowenhard/acceleration/env/lib/python3.8/site-packages/airflow/example_dags/example_xcomargs.py took 1.156 seconds
[2022-03-27 20:57:38,439] {processor.py:163} INFO - Started process (PID=2271) to work on /home/lowenhard/acceleration/env/lib/python3.8/site-packages/airflow/example_dags/example_xcomargs.py
[2022-03-27 20:57:38,453] {processor.py:642} INFO - Processing file /home/lowenhard/acceleration/env/lib/python3.8/site-packages/airflow/example_dags/example_xcomargs.py for tasks to queue
[2022-03-27 20:57:38,453] {logging_mixin.py:109} INFO - [2022-03-27 20:57:38,453] {dagbag.py:500} INFO - Filling up the DagBag from /home/lowenhard/acceleration/env/lib/python3.8/site-packages/airflow/example_dags/example_xcomargs.py
[2022-03-27 20:57:38,479] {processor.py:654} INFO - DAG(s) dict_keys(['example_xcom_args', 'example_xcom_args_with_operators']) retrieved from /home/lowenhard/acceleration/env/lib/python3.8/site-packages/airflow/example_dags/example_xcomargs.py
[2022-03-27 20:57:38,734] {logging_mixin.py:109} INFO - [2022-03-27 20:57:38,734] {dag.py:2398} INFO - Sync 2 DAGs
[2022-03-27 20:57:38,745] {logging_mixin.py:109} INFO - [2022-03-27 20:57:38,745] {dag.py:2937} INFO - Setting next_dagrun for example_xcom_args to None
[2022-03-27 20:57:38,745] {logging_mixin.py:109} INFO - [2022-03-27 20:57:38,745] {dag.py:2937} INFO - Setting next_dagrun for example_xcom_args_with_operators to None
[2022-03-27 20:57:39,548] {processor.py:171} INFO - Processing /home/lowenhard/acceleration/env/lib/python3.8/site-packages/airflow/example_dags/example_xcomargs.py took 1.111 seconds
[2022-03-27 20:58:36,436] {processor.py:163} INFO - Started process (PID=2326) to work on /home/lowenhard/acceleration/env/lib/python3.8/site-packages/airflow/example_dags/example_xcomargs.py
[2022-03-27 20:58:36,447] {processor.py:642} INFO - Processing file /home/lowenhard/acceleration/env/lib/python3.8/site-packages/airflow/example_dags/example_xcomargs.py for tasks to queue
[2022-03-27 20:58:36,448] {logging_mixin.py:109} INFO - [2022-03-27 20:58:36,447] {dagbag.py:500} INFO - Filling up the DagBag from /home/lowenhard/acceleration/env/lib/python3.8/site-packages/airflow/example_dags/example_xcomargs.py
[2022-03-27 20:58:36,491] {processor.py:654} INFO - DAG(s) dict_keys(['example_xcom_args', 'example_xcom_args_with_operators']) retrieved from /home/lowenhard/acceleration/env/lib/python3.8/site-packages/airflow/example_dags/example_xcomargs.py
[2022-03-27 20:58:36,798] {logging_mixin.py:109} INFO - [2022-03-27 20:58:36,798] {dag.py:2398} INFO - Sync 2 DAGs
[2022-03-27 20:58:36,807] {logging_mixin.py:109} INFO - [2022-03-27 20:58:36,807] {dag.py:2937} INFO - Setting next_dagrun for example_xcom_args to None
[2022-03-27 20:58:36,807] {logging_mixin.py:109} INFO - [2022-03-27 20:58:36,807] {dag.py:2937} INFO - Setting next_dagrun for example_xcom_args_with_operators to None
[2022-03-27 20:58:36,960] {processor.py:171} INFO - Processing /home/lowenhard/acceleration/env/lib/python3.8/site-packages/airflow/example_dags/example_xcomargs.py took 0.527 seconds
[2022-03-27 20:59:39,202] {processor.py:163} INFO - Started process (PID=2377) to work on /home/lowenhard/acceleration/env/lib/python3.8/site-packages/airflow/example_dags/example_xcomargs.py
[2022-03-27 20:59:39,217] {processor.py:642} INFO - Processing file /home/lowenhard/acceleration/env/lib/python3.8/site-packages/airflow/example_dags/example_xcomargs.py for tasks to queue
[2022-03-27 20:59:39,218] {logging_mixin.py:109} INFO - [2022-03-27 20:59:39,218] {dagbag.py:500} INFO - Filling up the DagBag from /home/lowenhard/acceleration/env/lib/python3.8/site-packages/airflow/example_dags/example_xcomargs.py
[2022-03-27 20:59:39,245] {processor.py:654} INFO - DAG(s) dict_keys(['example_xcom_args', 'example_xcom_args_with_operators']) retrieved from /home/lowenhard/acceleration/env/lib/python3.8/site-packages/airflow/example_dags/example_xcomargs.py
[2022-03-27 20:59:39,512] {logging_mixin.py:109} INFO - [2022-03-27 20:59:39,512] {dag.py:2398} INFO - Sync 2 DAGs
[2022-03-27 20:59:39,523] {logging_mixin.py:109} INFO - [2022-03-27 20:59:39,523] {dag.py:2937} INFO - Setting next_dagrun for example_xcom_args to None
[2022-03-27 20:59:39,523] {logging_mixin.py:109} INFO - [2022-03-27 20:59:39,523] {dag.py:2937} INFO - Setting next_dagrun for example_xcom_args_with_operators to None
[2022-03-27 20:59:39,695] {processor.py:171} INFO - Processing /home/lowenhard/acceleration/env/lib/python3.8/site-packages/airflow/example_dags/example_xcomargs.py took 0.495 seconds
