[2022-03-27 20:03:03,465] {processor.py:163} INFO - Started process (PID=211) to work on /home/lowenhard/acceleration/env/lib/python3.8/site-packages/airflow/example_dags/example_kubernetes_executor.py
[2022-03-27 20:03:03,466] {processor.py:642} INFO - Processing file /home/lowenhard/acceleration/env/lib/python3.8/site-packages/airflow/example_dags/example_kubernetes_executor.py for tasks to queue
[2022-03-27 20:03:03,467] {logging_mixin.py:109} INFO - [2022-03-27 20:03:03,467] {dagbag.py:500} INFO - Filling up the DagBag from /home/lowenhard/acceleration/env/lib/python3.8/site-packages/airflow/example_dags/example_kubernetes_executor.py
[2022-03-27 20:03:03,476] {logging_mixin.py:109} INFO - [2022-03-27 20:03:03,476] {example_kubernetes_executor.py:39} WARNING - The example_kubernetes_executor example DAG requires the kubernetes provider. Please install it with: pip install apache-airflow[cncf.kubernetes]
[2022-03-27 20:03:04,215] {processor.py:656} WARNING - No viable dags retrieved from /home/lowenhard/acceleration/env/lib/python3.8/site-packages/airflow/example_dags/example_kubernetes_executor.py
[2022-03-27 20:03:04,218] {processor.py:171} INFO - Processing /home/lowenhard/acceleration/env/lib/python3.8/site-packages/airflow/example_dags/example_kubernetes_executor.py took 0.755 seconds
[2022-03-27 20:04:34,716] {processor.py:163} INFO - Started process (PID=334) to work on /home/lowenhard/acceleration/env/lib/python3.8/site-packages/airflow/example_dags/example_kubernetes_executor.py
[2022-03-27 20:04:34,903] {processor.py:642} INFO - Processing file /home/lowenhard/acceleration/env/lib/python3.8/site-packages/airflow/example_dags/example_kubernetes_executor.py for tasks to queue
[2022-03-27 20:04:34,904] {logging_mixin.py:109} INFO - [2022-03-27 20:04:34,904] {dagbag.py:500} INFO - Filling up the DagBag from /home/lowenhard/acceleration/env/lib/python3.8/site-packages/airflow/example_dags/example_kubernetes_executor.py
[2022-03-27 20:04:34,914] {logging_mixin.py:109} INFO - [2022-03-27 20:04:34,913] {example_kubernetes_executor.py:39} WARNING - The example_kubernetes_executor example DAG requires the kubernetes provider. Please install it with: pip install apache-airflow[cncf.kubernetes]
[2022-03-27 20:04:34,921] {processor.py:656} WARNING - No viable dags retrieved from /home/lowenhard/acceleration/env/lib/python3.8/site-packages/airflow/example_dags/example_kubernetes_executor.py
[2022-03-27 20:04:34,923] {processor.py:171} INFO - Processing /home/lowenhard/acceleration/env/lib/python3.8/site-packages/airflow/example_dags/example_kubernetes_executor.py took 0.209 seconds
[2022-03-27 20:06:02,075] {processor.py:163} INFO - Started process (PID=403) to work on /home/lowenhard/acceleration/env/lib/python3.8/site-packages/airflow/example_dags/example_kubernetes_executor.py
[2022-03-27 20:06:02,092] {processor.py:642} INFO - Processing file /home/lowenhard/acceleration/env/lib/python3.8/site-packages/airflow/example_dags/example_kubernetes_executor.py for tasks to queue
[2022-03-27 20:06:02,093] {logging_mixin.py:109} INFO - [2022-03-27 20:06:02,092] {dagbag.py:500} INFO - Filling up the DagBag from /home/lowenhard/acceleration/env/lib/python3.8/site-packages/airflow/example_dags/example_kubernetes_executor.py
[2022-03-27 20:06:02,100] {logging_mixin.py:109} INFO - [2022-03-27 20:06:02,100] {example_kubernetes_executor.py:39} WARNING - The example_kubernetes_executor example DAG requires the kubernetes provider. Please install it with: pip install apache-airflow[cncf.kubernetes]
[2022-03-27 20:06:02,107] {processor.py:656} WARNING - No viable dags retrieved from /home/lowenhard/acceleration/env/lib/python3.8/site-packages/airflow/example_dags/example_kubernetes_executor.py
[2022-03-27 20:06:02,109] {processor.py:171} INFO - Processing /home/lowenhard/acceleration/env/lib/python3.8/site-packages/airflow/example_dags/example_kubernetes_executor.py took 0.036 seconds
[2022-03-27 20:07:03,632] {processor.py:163} INFO - Started process (PID=449) to work on /home/lowenhard/acceleration/env/lib/python3.8/site-packages/airflow/example_dags/example_kubernetes_executor.py
[2022-03-27 20:07:04,769] {processor.py:642} INFO - Processing file /home/lowenhard/acceleration/env/lib/python3.8/site-packages/airflow/example_dags/example_kubernetes_executor.py for tasks to queue
[2022-03-27 20:07:04,769] {logging_mixin.py:109} INFO - [2022-03-27 20:07:04,769] {dagbag.py:500} INFO - Filling up the DagBag from /home/lowenhard/acceleration/env/lib/python3.8/site-packages/airflow/example_dags/example_kubernetes_executor.py
[2022-03-27 20:07:04,777] {logging_mixin.py:109} INFO - [2022-03-27 20:07:04,777] {example_kubernetes_executor.py:39} WARNING - The example_kubernetes_executor example DAG requires the kubernetes provider. Please install it with: pip install apache-airflow[cncf.kubernetes]
[2022-03-27 20:07:04,785] {processor.py:656} WARNING - No viable dags retrieved from /home/lowenhard/acceleration/env/lib/python3.8/site-packages/airflow/example_dags/example_kubernetes_executor.py
[2022-03-27 20:07:04,786] {processor.py:171} INFO - Processing /home/lowenhard/acceleration/env/lib/python3.8/site-packages/airflow/example_dags/example_kubernetes_executor.py took 1.157 seconds
[2022-03-27 20:07:54,638] {processor.py:163} INFO - Started process (PID=495) to work on /home/lowenhard/acceleration/env/lib/python3.8/site-packages/airflow/example_dags/example_kubernetes_executor.py
[2022-03-27 20:07:54,641] {processor.py:642} INFO - Processing file /home/lowenhard/acceleration/env/lib/python3.8/site-packages/airflow/example_dags/example_kubernetes_executor.py for tasks to queue
[2022-03-27 20:07:54,643] {logging_mixin.py:109} INFO - [2022-03-27 20:07:54,642] {dagbag.py:500} INFO - Filling up the DagBag from /home/lowenhard/acceleration/env/lib/python3.8/site-packages/airflow/example_dags/example_kubernetes_executor.py
[2022-03-27 20:07:54,650] {logging_mixin.py:109} INFO - [2022-03-27 20:07:54,650] {example_kubernetes_executor.py:39} WARNING - The example_kubernetes_executor example DAG requires the kubernetes provider. Please install it with: pip install apache-airflow[cncf.kubernetes]
[2022-03-27 20:07:54,658] {processor.py:656} WARNING - No viable dags retrieved from /home/lowenhard/acceleration/env/lib/python3.8/site-packages/airflow/example_dags/example_kubernetes_executor.py
[2022-03-27 20:07:54,660] {processor.py:171} INFO - Processing /home/lowenhard/acceleration/env/lib/python3.8/site-packages/airflow/example_dags/example_kubernetes_executor.py took 0.027 seconds
[2022-03-27 20:08:47,568] {processor.py:163} INFO - Started process (PID=534) to work on /home/lowenhard/acceleration/env/lib/python3.8/site-packages/airflow/example_dags/example_kubernetes_executor.py
[2022-03-27 20:08:47,572] {processor.py:642} INFO - Processing file /home/lowenhard/acceleration/env/lib/python3.8/site-packages/airflow/example_dags/example_kubernetes_executor.py for tasks to queue
[2022-03-27 20:08:47,573] {logging_mixin.py:109} INFO - [2022-03-27 20:08:47,572] {dagbag.py:500} INFO - Filling up the DagBag from /home/lowenhard/acceleration/env/lib/python3.8/site-packages/airflow/example_dags/example_kubernetes_executor.py
[2022-03-27 20:08:47,581] {logging_mixin.py:109} INFO - [2022-03-27 20:08:47,581] {example_kubernetes_executor.py:39} WARNING - The example_kubernetes_executor example DAG requires the kubernetes provider. Please install it with: pip install apache-airflow[cncf.kubernetes]
[2022-03-27 20:08:47,588] {processor.py:656} WARNING - No viable dags retrieved from /home/lowenhard/acceleration/env/lib/python3.8/site-packages/airflow/example_dags/example_kubernetes_executor.py
[2022-03-27 20:08:47,590] {processor.py:171} INFO - Processing /home/lowenhard/acceleration/env/lib/python3.8/site-packages/airflow/example_dags/example_kubernetes_executor.py took 0.025 seconds
[2022-03-27 20:10:09,505] {processor.py:163} INFO - Started process (PID=605) to work on /home/lowenhard/acceleration/env/lib/python3.8/site-packages/airflow/example_dags/example_kubernetes_executor.py
[2022-03-27 20:10:09,594] {processor.py:642} INFO - Processing file /home/lowenhard/acceleration/env/lib/python3.8/site-packages/airflow/example_dags/example_kubernetes_executor.py for tasks to queue
[2022-03-27 20:10:09,595] {logging_mixin.py:109} INFO - [2022-03-27 20:10:09,595] {dagbag.py:500} INFO - Filling up the DagBag from /home/lowenhard/acceleration/env/lib/python3.8/site-packages/airflow/example_dags/example_kubernetes_executor.py
[2022-03-27 20:10:09,604] {logging_mixin.py:109} INFO - [2022-03-27 20:10:09,604] {example_kubernetes_executor.py:39} WARNING - The example_kubernetes_executor example DAG requires the kubernetes provider. Please install it with: pip install apache-airflow[cncf.kubernetes]
[2022-03-27 20:10:09,612] {processor.py:656} WARNING - No viable dags retrieved from /home/lowenhard/acceleration/env/lib/python3.8/site-packages/airflow/example_dags/example_kubernetes_executor.py
[2022-03-27 20:10:09,614] {processor.py:171} INFO - Processing /home/lowenhard/acceleration/env/lib/python3.8/site-packages/airflow/example_dags/example_kubernetes_executor.py took 0.111 seconds
[2022-03-27 20:10:53,183] {processor.py:163} INFO - Started process (PID=646) to work on /home/lowenhard/acceleration/env/lib/python3.8/site-packages/airflow/example_dags/example_kubernetes_executor.py
[2022-03-27 20:10:53,697] {processor.py:642} INFO - Processing file /home/lowenhard/acceleration/env/lib/python3.8/site-packages/airflow/example_dags/example_kubernetes_executor.py for tasks to queue
[2022-03-27 20:10:53,697] {logging_mixin.py:109} INFO - [2022-03-27 20:10:53,697] {dagbag.py:500} INFO - Filling up the DagBag from /home/lowenhard/acceleration/env/lib/python3.8/site-packages/airflow/example_dags/example_kubernetes_executor.py
[2022-03-27 20:10:53,709] {logging_mixin.py:109} INFO - [2022-03-27 20:10:53,709] {example_kubernetes_executor.py:39} WARNING - The example_kubernetes_executor example DAG requires the kubernetes provider. Please install it with: pip install apache-airflow[cncf.kubernetes]
[2022-03-27 20:10:53,720] {processor.py:656} WARNING - No viable dags retrieved from /home/lowenhard/acceleration/env/lib/python3.8/site-packages/airflow/example_dags/example_kubernetes_executor.py
[2022-03-27 20:10:53,723] {processor.py:171} INFO - Processing /home/lowenhard/acceleration/env/lib/python3.8/site-packages/airflow/example_dags/example_kubernetes_executor.py took 0.542 seconds
[2022-03-27 20:11:47,912] {processor.py:163} INFO - Started process (PID=689) to work on /home/lowenhard/acceleration/env/lib/python3.8/site-packages/airflow/example_dags/example_kubernetes_executor.py
[2022-03-27 20:11:47,915] {processor.py:642} INFO - Processing file /home/lowenhard/acceleration/env/lib/python3.8/site-packages/airflow/example_dags/example_kubernetes_executor.py for tasks to queue
[2022-03-27 20:11:47,916] {logging_mixin.py:109} INFO - [2022-03-27 20:11:47,916] {dagbag.py:500} INFO - Filling up the DagBag from /home/lowenhard/acceleration/env/lib/python3.8/site-packages/airflow/example_dags/example_kubernetes_executor.py
[2022-03-27 20:11:47,925] {logging_mixin.py:109} INFO - [2022-03-27 20:11:47,925] {example_kubernetes_executor.py:39} WARNING - The example_kubernetes_executor example DAG requires the kubernetes provider. Please install it with: pip install apache-airflow[cncf.kubernetes]
[2022-03-27 20:11:47,932] {processor.py:656} WARNING - No viable dags retrieved from /home/lowenhard/acceleration/env/lib/python3.8/site-packages/airflow/example_dags/example_kubernetes_executor.py
[2022-03-27 20:11:47,934] {processor.py:171} INFO - Processing /home/lowenhard/acceleration/env/lib/python3.8/site-packages/airflow/example_dags/example_kubernetes_executor.py took 0.024 seconds
[2022-03-27 20:13:01,359] {processor.py:163} INFO - Started process (PID=743) to work on /home/lowenhard/acceleration/env/lib/python3.8/site-packages/airflow/example_dags/example_kubernetes_executor.py
[2022-03-27 20:13:01,362] {processor.py:642} INFO - Processing file /home/lowenhard/acceleration/env/lib/python3.8/site-packages/airflow/example_dags/example_kubernetes_executor.py for tasks to queue
[2022-03-27 20:13:01,362] {logging_mixin.py:109} INFO - [2022-03-27 20:13:01,362] {dagbag.py:500} INFO - Filling up the DagBag from /home/lowenhard/acceleration/env/lib/python3.8/site-packages/airflow/example_dags/example_kubernetes_executor.py
[2022-03-27 20:13:01,370] {logging_mixin.py:109} INFO - [2022-03-27 20:13:01,370] {example_kubernetes_executor.py:39} WARNING - The example_kubernetes_executor example DAG requires the kubernetes provider. Please install it with: pip install apache-airflow[cncf.kubernetes]
[2022-03-27 20:13:01,378] {processor.py:656} WARNING - No viable dags retrieved from /home/lowenhard/acceleration/env/lib/python3.8/site-packages/airflow/example_dags/example_kubernetes_executor.py
[2022-03-27 20:13:01,380] {processor.py:171} INFO - Processing /home/lowenhard/acceleration/env/lib/python3.8/site-packages/airflow/example_dags/example_kubernetes_executor.py took 0.023 seconds
[2022-03-27 20:13:59,371] {processor.py:163} INFO - Started process (PID=789) to work on /home/lowenhard/acceleration/env/lib/python3.8/site-packages/airflow/example_dags/example_kubernetes_executor.py
[2022-03-27 20:13:59,383] {processor.py:642} INFO - Processing file /home/lowenhard/acceleration/env/lib/python3.8/site-packages/airflow/example_dags/example_kubernetes_executor.py for tasks to queue
[2022-03-27 20:13:59,383] {logging_mixin.py:109} INFO - [2022-03-27 20:13:59,383] {dagbag.py:500} INFO - Filling up the DagBag from /home/lowenhard/acceleration/env/lib/python3.8/site-packages/airflow/example_dags/example_kubernetes_executor.py
[2022-03-27 20:13:59,392] {logging_mixin.py:109} INFO - [2022-03-27 20:13:59,392] {example_kubernetes_executor.py:39} WARNING - The example_kubernetes_executor example DAG requires the kubernetes provider. Please install it with: pip install apache-airflow[cncf.kubernetes]
[2022-03-27 20:13:59,399] {processor.py:656} WARNING - No viable dags retrieved from /home/lowenhard/acceleration/env/lib/python3.8/site-packages/airflow/example_dags/example_kubernetes_executor.py
[2022-03-27 20:13:59,402] {processor.py:171} INFO - Processing /home/lowenhard/acceleration/env/lib/python3.8/site-packages/airflow/example_dags/example_kubernetes_executor.py took 0.034 seconds
[2022-03-27 20:14:54,896] {processor.py:163} INFO - Started process (PID=838) to work on /home/lowenhard/acceleration/env/lib/python3.8/site-packages/airflow/example_dags/example_kubernetes_executor.py
[2022-03-27 20:14:54,905] {processor.py:642} INFO - Processing file /home/lowenhard/acceleration/env/lib/python3.8/site-packages/airflow/example_dags/example_kubernetes_executor.py for tasks to queue
[2022-03-27 20:14:54,906] {logging_mixin.py:109} INFO - [2022-03-27 20:14:54,906] {dagbag.py:500} INFO - Filling up the DagBag from /home/lowenhard/acceleration/env/lib/python3.8/site-packages/airflow/example_dags/example_kubernetes_executor.py
[2022-03-27 20:14:54,913] {logging_mixin.py:109} INFO - [2022-03-27 20:14:54,913] {example_kubernetes_executor.py:39} WARNING - The example_kubernetes_executor example DAG requires the kubernetes provider. Please install it with: pip install apache-airflow[cncf.kubernetes]
[2022-03-27 20:14:54,921] {processor.py:656} WARNING - No viable dags retrieved from /home/lowenhard/acceleration/env/lib/python3.8/site-packages/airflow/example_dags/example_kubernetes_executor.py
[2022-03-27 20:14:54,923] {processor.py:171} INFO - Processing /home/lowenhard/acceleration/env/lib/python3.8/site-packages/airflow/example_dags/example_kubernetes_executor.py took 0.031 seconds
[2022-03-27 20:15:43,726] {processor.py:163} INFO - Started process (PID=883) to work on /home/lowenhard/acceleration/env/lib/python3.8/site-packages/airflow/example_dags/example_kubernetes_executor.py
[2022-03-27 20:15:43,729] {processor.py:642} INFO - Processing file /home/lowenhard/acceleration/env/lib/python3.8/site-packages/airflow/example_dags/example_kubernetes_executor.py for tasks to queue
[2022-03-27 20:15:43,730] {logging_mixin.py:109} INFO - [2022-03-27 20:15:43,730] {dagbag.py:500} INFO - Filling up the DagBag from /home/lowenhard/acceleration/env/lib/python3.8/site-packages/airflow/example_dags/example_kubernetes_executor.py
[2022-03-27 20:15:43,738] {logging_mixin.py:109} INFO - [2022-03-27 20:15:43,738] {example_kubernetes_executor.py:39} WARNING - The example_kubernetes_executor example DAG requires the kubernetes provider. Please install it with: pip install apache-airflow[cncf.kubernetes]
[2022-03-27 20:15:43,745] {processor.py:656} WARNING - No viable dags retrieved from /home/lowenhard/acceleration/env/lib/python3.8/site-packages/airflow/example_dags/example_kubernetes_executor.py
[2022-03-27 20:15:43,747] {processor.py:171} INFO - Processing /home/lowenhard/acceleration/env/lib/python3.8/site-packages/airflow/example_dags/example_kubernetes_executor.py took 0.025 seconds
[2022-03-27 20:16:36,108] {processor.py:163} INFO - Started process (PID=929) to work on /home/lowenhard/acceleration/env/lib/python3.8/site-packages/airflow/example_dags/example_kubernetes_executor.py
[2022-03-27 20:16:36,117] {processor.py:642} INFO - Processing file /home/lowenhard/acceleration/env/lib/python3.8/site-packages/airflow/example_dags/example_kubernetes_executor.py for tasks to queue
[2022-03-27 20:16:36,118] {logging_mixin.py:109} INFO - [2022-03-27 20:16:36,118] {dagbag.py:500} INFO - Filling up the DagBag from /home/lowenhard/acceleration/env/lib/python3.8/site-packages/airflow/example_dags/example_kubernetes_executor.py
[2022-03-27 20:16:36,127] {logging_mixin.py:109} INFO - [2022-03-27 20:16:36,127] {example_kubernetes_executor.py:39} WARNING - The example_kubernetes_executor example DAG requires the kubernetes provider. Please install it with: pip install apache-airflow[cncf.kubernetes]
[2022-03-27 20:16:36,135] {processor.py:656} WARNING - No viable dags retrieved from /home/lowenhard/acceleration/env/lib/python3.8/site-packages/airflow/example_dags/example_kubernetes_executor.py
[2022-03-27 20:16:36,137] {processor.py:171} INFO - Processing /home/lowenhard/acceleration/env/lib/python3.8/site-packages/airflow/example_dags/example_kubernetes_executor.py took 0.031 seconds
[2022-03-27 20:17:53,625] {processor.py:163} INFO - Started process (PID=990) to work on /home/lowenhard/acceleration/env/lib/python3.8/site-packages/airflow/example_dags/example_kubernetes_executor.py
[2022-03-27 20:17:53,642] {processor.py:642} INFO - Processing file /home/lowenhard/acceleration/env/lib/python3.8/site-packages/airflow/example_dags/example_kubernetes_executor.py for tasks to queue
[2022-03-27 20:17:53,643] {logging_mixin.py:109} INFO - [2022-03-27 20:17:53,643] {dagbag.py:500} INFO - Filling up the DagBag from /home/lowenhard/acceleration/env/lib/python3.8/site-packages/airflow/example_dags/example_kubernetes_executor.py
[2022-03-27 20:17:53,654] {logging_mixin.py:109} INFO - [2022-03-27 20:17:53,654] {example_kubernetes_executor.py:39} WARNING - The example_kubernetes_executor example DAG requires the kubernetes provider. Please install it with: pip install apache-airflow[cncf.kubernetes]
[2022-03-27 20:17:53,662] {processor.py:656} WARNING - No viable dags retrieved from /home/lowenhard/acceleration/env/lib/python3.8/site-packages/airflow/example_dags/example_kubernetes_executor.py
[2022-03-27 20:17:53,663] {processor.py:171} INFO - Processing /home/lowenhard/acceleration/env/lib/python3.8/site-packages/airflow/example_dags/example_kubernetes_executor.py took 0.042 seconds
[2022-03-27 20:18:49,676] {processor.py:163} INFO - Started process (PID=1036) to work on /home/lowenhard/acceleration/env/lib/python3.8/site-packages/airflow/example_dags/example_kubernetes_executor.py
[2022-03-27 20:18:49,682] {processor.py:642} INFO - Processing file /home/lowenhard/acceleration/env/lib/python3.8/site-packages/airflow/example_dags/example_kubernetes_executor.py for tasks to queue
[2022-03-27 20:18:49,682] {logging_mixin.py:109} INFO - [2022-03-27 20:18:49,682] {dagbag.py:500} INFO - Filling up the DagBag from /home/lowenhard/acceleration/env/lib/python3.8/site-packages/airflow/example_dags/example_kubernetes_executor.py
[2022-03-27 20:18:49,690] {logging_mixin.py:109} INFO - [2022-03-27 20:18:49,690] {example_kubernetes_executor.py:39} WARNING - The example_kubernetes_executor example DAG requires the kubernetes provider. Please install it with: pip install apache-airflow[cncf.kubernetes]
[2022-03-27 20:18:49,697] {processor.py:656} WARNING - No viable dags retrieved from /home/lowenhard/acceleration/env/lib/python3.8/site-packages/airflow/example_dags/example_kubernetes_executor.py
[2022-03-27 20:18:49,699] {processor.py:171} INFO - Processing /home/lowenhard/acceleration/env/lib/python3.8/site-packages/airflow/example_dags/example_kubernetes_executor.py took 0.027 seconds
[2022-03-27 20:19:44,542] {processor.py:163} INFO - Started process (PID=1080) to work on /home/lowenhard/acceleration/env/lib/python3.8/site-packages/airflow/example_dags/example_kubernetes_executor.py
[2022-03-27 20:19:44,545] {processor.py:642} INFO - Processing file /home/lowenhard/acceleration/env/lib/python3.8/site-packages/airflow/example_dags/example_kubernetes_executor.py for tasks to queue
[2022-03-27 20:19:44,546] {logging_mixin.py:109} INFO - [2022-03-27 20:19:44,546] {dagbag.py:500} INFO - Filling up the DagBag from /home/lowenhard/acceleration/env/lib/python3.8/site-packages/airflow/example_dags/example_kubernetes_executor.py
[2022-03-27 20:19:44,554] {logging_mixin.py:109} INFO - [2022-03-27 20:19:44,553] {example_kubernetes_executor.py:39} WARNING - The example_kubernetes_executor example DAG requires the kubernetes provider. Please install it with: pip install apache-airflow[cncf.kubernetes]
[2022-03-27 20:19:44,562] {processor.py:656} WARNING - No viable dags retrieved from /home/lowenhard/acceleration/env/lib/python3.8/site-packages/airflow/example_dags/example_kubernetes_executor.py
[2022-03-27 20:19:44,564] {processor.py:171} INFO - Processing /home/lowenhard/acceleration/env/lib/python3.8/site-packages/airflow/example_dags/example_kubernetes_executor.py took 0.024 seconds
[2022-03-27 20:20:32,320] {processor.py:163} INFO - Started process (PID=1125) to work on /home/lowenhard/acceleration/env/lib/python3.8/site-packages/airflow/example_dags/example_kubernetes_executor.py
[2022-03-27 20:20:32,324] {processor.py:642} INFO - Processing file /home/lowenhard/acceleration/env/lib/python3.8/site-packages/airflow/example_dags/example_kubernetes_executor.py for tasks to queue
[2022-03-27 20:20:32,325] {logging_mixin.py:109} INFO - [2022-03-27 20:20:32,324] {dagbag.py:500} INFO - Filling up the DagBag from /home/lowenhard/acceleration/env/lib/python3.8/site-packages/airflow/example_dags/example_kubernetes_executor.py
[2022-03-27 20:20:32,334] {logging_mixin.py:109} INFO - [2022-03-27 20:20:32,334] {example_kubernetes_executor.py:39} WARNING - The example_kubernetes_executor example DAG requires the kubernetes provider. Please install it with: pip install apache-airflow[cncf.kubernetes]
[2022-03-27 20:20:32,341] {processor.py:656} WARNING - No viable dags retrieved from /home/lowenhard/acceleration/env/lib/python3.8/site-packages/airflow/example_dags/example_kubernetes_executor.py
[2022-03-27 20:20:32,343] {processor.py:171} INFO - Processing /home/lowenhard/acceleration/env/lib/python3.8/site-packages/airflow/example_dags/example_kubernetes_executor.py took 0.025 seconds
[2022-03-27 20:21:31,886] {processor.py:163} INFO - Started process (PID=1180) to work on /home/lowenhard/acceleration/env/lib/python3.8/site-packages/airflow/example_dags/example_kubernetes_executor.py
[2022-03-27 20:21:31,898] {processor.py:642} INFO - Processing file /home/lowenhard/acceleration/env/lib/python3.8/site-packages/airflow/example_dags/example_kubernetes_executor.py for tasks to queue
[2022-03-27 20:21:31,898] {logging_mixin.py:109} INFO - [2022-03-27 20:21:31,898] {dagbag.py:500} INFO - Filling up the DagBag from /home/lowenhard/acceleration/env/lib/python3.8/site-packages/airflow/example_dags/example_kubernetes_executor.py
[2022-03-27 20:21:31,906] {logging_mixin.py:109} INFO - [2022-03-27 20:21:31,906] {example_kubernetes_executor.py:39} WARNING - The example_kubernetes_executor example DAG requires the kubernetes provider. Please install it with: pip install apache-airflow[cncf.kubernetes]
[2022-03-27 20:21:31,914] {processor.py:656} WARNING - No viable dags retrieved from /home/lowenhard/acceleration/env/lib/python3.8/site-packages/airflow/example_dags/example_kubernetes_executor.py
[2022-03-27 20:21:31,916] {processor.py:171} INFO - Processing /home/lowenhard/acceleration/env/lib/python3.8/site-packages/airflow/example_dags/example_kubernetes_executor.py took 0.033 seconds
[2022-03-27 20:22:16,620] {processor.py:163} INFO - Started process (PID=1226) to work on /home/lowenhard/acceleration/env/lib/python3.8/site-packages/airflow/example_dags/example_kubernetes_executor.py
[2022-03-27 20:22:16,834] {processor.py:642} INFO - Processing file /home/lowenhard/acceleration/env/lib/python3.8/site-packages/airflow/example_dags/example_kubernetes_executor.py for tasks to queue
[2022-03-27 20:22:16,835] {logging_mixin.py:109} INFO - [2022-03-27 20:22:16,835] {dagbag.py:500} INFO - Filling up the DagBag from /home/lowenhard/acceleration/env/lib/python3.8/site-packages/airflow/example_dags/example_kubernetes_executor.py
[2022-03-27 20:22:16,842] {logging_mixin.py:109} INFO - [2022-03-27 20:22:16,842] {example_kubernetes_executor.py:39} WARNING - The example_kubernetes_executor example DAG requires the kubernetes provider. Please install it with: pip install apache-airflow[cncf.kubernetes]
[2022-03-27 20:22:16,850] {processor.py:656} WARNING - No viable dags retrieved from /home/lowenhard/acceleration/env/lib/python3.8/site-packages/airflow/example_dags/example_kubernetes_executor.py
[2022-03-27 20:22:16,852] {processor.py:171} INFO - Processing /home/lowenhard/acceleration/env/lib/python3.8/site-packages/airflow/example_dags/example_kubernetes_executor.py took 0.235 seconds
[2022-03-27 20:23:25,563] {processor.py:163} INFO - Started process (PID=1292) to work on /home/lowenhard/acceleration/env/lib/python3.8/site-packages/airflow/example_dags/example_kubernetes_executor.py
[2022-03-27 20:23:25,566] {processor.py:642} INFO - Processing file /home/lowenhard/acceleration/env/lib/python3.8/site-packages/airflow/example_dags/example_kubernetes_executor.py for tasks to queue
[2022-03-27 20:23:25,567] {logging_mixin.py:109} INFO - [2022-03-27 20:23:25,567] {dagbag.py:500} INFO - Filling up the DagBag from /home/lowenhard/acceleration/env/lib/python3.8/site-packages/airflow/example_dags/example_kubernetes_executor.py
[2022-03-27 20:23:25,578] {logging_mixin.py:109} INFO - [2022-03-27 20:23:25,578] {example_kubernetes_executor.py:39} WARNING - The example_kubernetes_executor example DAG requires the kubernetes provider. Please install it with: pip install apache-airflow[cncf.kubernetes]
[2022-03-27 20:23:25,587] {processor.py:656} WARNING - No viable dags retrieved from /home/lowenhard/acceleration/env/lib/python3.8/site-packages/airflow/example_dags/example_kubernetes_executor.py
[2022-03-27 20:23:25,589] {processor.py:171} INFO - Processing /home/lowenhard/acceleration/env/lib/python3.8/site-packages/airflow/example_dags/example_kubernetes_executor.py took 0.030 seconds
[2022-03-27 20:24:07,009] {processor.py:163} INFO - Started process (PID=1332) to work on /home/lowenhard/acceleration/env/lib/python3.8/site-packages/airflow/example_dags/example_kubernetes_executor.py
[2022-03-27 20:24:07,013] {processor.py:642} INFO - Processing file /home/lowenhard/acceleration/env/lib/python3.8/site-packages/airflow/example_dags/example_kubernetes_executor.py for tasks to queue
[2022-03-27 20:24:07,013] {logging_mixin.py:109} INFO - [2022-03-27 20:24:07,013] {dagbag.py:500} INFO - Filling up the DagBag from /home/lowenhard/acceleration/env/lib/python3.8/site-packages/airflow/example_dags/example_kubernetes_executor.py
[2022-03-27 20:24:07,025] {logging_mixin.py:109} INFO - [2022-03-27 20:24:07,025] {example_kubernetes_executor.py:39} WARNING - The example_kubernetes_executor example DAG requires the kubernetes provider. Please install it with: pip install apache-airflow[cncf.kubernetes]
[2022-03-27 20:24:07,033] {processor.py:656} WARNING - No viable dags retrieved from /home/lowenhard/acceleration/env/lib/python3.8/site-packages/airflow/example_dags/example_kubernetes_executor.py
[2022-03-27 20:24:07,035] {processor.py:171} INFO - Processing /home/lowenhard/acceleration/env/lib/python3.8/site-packages/airflow/example_dags/example_kubernetes_executor.py took 0.029 seconds
[2022-03-27 20:24:48,855] {processor.py:163} INFO - Started process (PID=1376) to work on /home/lowenhard/acceleration/env/lib/python3.8/site-packages/airflow/example_dags/example_kubernetes_executor.py
[2022-03-27 20:24:48,858] {processor.py:642} INFO - Processing file /home/lowenhard/acceleration/env/lib/python3.8/site-packages/airflow/example_dags/example_kubernetes_executor.py for tasks to queue
[2022-03-27 20:24:48,858] {logging_mixin.py:109} INFO - [2022-03-27 20:24:48,858] {dagbag.py:500} INFO - Filling up the DagBag from /home/lowenhard/acceleration/env/lib/python3.8/site-packages/airflow/example_dags/example_kubernetes_executor.py
[2022-03-27 20:24:48,866] {logging_mixin.py:109} INFO - [2022-03-27 20:24:48,866] {example_kubernetes_executor.py:39} WARNING - The example_kubernetes_executor example DAG requires the kubernetes provider. Please install it with: pip install apache-airflow[cncf.kubernetes]
[2022-03-27 20:24:48,873] {processor.py:656} WARNING - No viable dags retrieved from /home/lowenhard/acceleration/env/lib/python3.8/site-packages/airflow/example_dags/example_kubernetes_executor.py
[2022-03-27 20:24:48,875] {processor.py:171} INFO - Processing /home/lowenhard/acceleration/env/lib/python3.8/site-packages/airflow/example_dags/example_kubernetes_executor.py took 0.023 seconds
[2022-03-27 20:25:28,376] {processor.py:163} INFO - Started process (PID=1414) to work on /home/lowenhard/acceleration/env/lib/python3.8/site-packages/airflow/example_dags/example_kubernetes_executor.py
[2022-03-27 20:25:28,378] {processor.py:642} INFO - Processing file /home/lowenhard/acceleration/env/lib/python3.8/site-packages/airflow/example_dags/example_kubernetes_executor.py for tasks to queue
[2022-03-27 20:25:28,379] {logging_mixin.py:109} INFO - [2022-03-27 20:25:28,379] {dagbag.py:500} INFO - Filling up the DagBag from /home/lowenhard/acceleration/env/lib/python3.8/site-packages/airflow/example_dags/example_kubernetes_executor.py
[2022-03-27 20:25:28,387] {logging_mixin.py:109} INFO - [2022-03-27 20:25:28,387] {example_kubernetes_executor.py:39} WARNING - The example_kubernetes_executor example DAG requires the kubernetes provider. Please install it with: pip install apache-airflow[cncf.kubernetes]
[2022-03-27 20:25:28,394] {processor.py:656} WARNING - No viable dags retrieved from /home/lowenhard/acceleration/env/lib/python3.8/site-packages/airflow/example_dags/example_kubernetes_executor.py
[2022-03-27 20:25:28,395] {processor.py:171} INFO - Processing /home/lowenhard/acceleration/env/lib/python3.8/site-packages/airflow/example_dags/example_kubernetes_executor.py took 0.022 seconds
[2022-03-27 20:26:13,794] {processor.py:163} INFO - Started process (PID=1453) to work on /home/lowenhard/acceleration/env/lib/python3.8/site-packages/airflow/example_dags/example_kubernetes_executor.py
[2022-03-27 20:26:13,807] {processor.py:642} INFO - Processing file /home/lowenhard/acceleration/env/lib/python3.8/site-packages/airflow/example_dags/example_kubernetes_executor.py for tasks to queue
[2022-03-27 20:26:13,808] {logging_mixin.py:109} INFO - [2022-03-27 20:26:13,808] {dagbag.py:500} INFO - Filling up the DagBag from /home/lowenhard/acceleration/env/lib/python3.8/site-packages/airflow/example_dags/example_kubernetes_executor.py
[2022-03-27 20:26:13,815] {logging_mixin.py:109} INFO - [2022-03-27 20:26:13,815] {example_kubernetes_executor.py:39} WARNING - The example_kubernetes_executor example DAG requires the kubernetes provider. Please install it with: pip install apache-airflow[cncf.kubernetes]
[2022-03-27 20:26:13,823] {processor.py:656} WARNING - No viable dags retrieved from /home/lowenhard/acceleration/env/lib/python3.8/site-packages/airflow/example_dags/example_kubernetes_executor.py
[2022-03-27 20:26:13,824] {processor.py:171} INFO - Processing /home/lowenhard/acceleration/env/lib/python3.8/site-packages/airflow/example_dags/example_kubernetes_executor.py took 0.034 seconds
[2022-03-27 20:27:28,406] {processor.py:163} INFO - Started process (PID=1519) to work on /home/lowenhard/acceleration/env/lib/python3.8/site-packages/airflow/example_dags/example_kubernetes_executor.py
[2022-03-27 20:27:28,408] {processor.py:642} INFO - Processing file /home/lowenhard/acceleration/env/lib/python3.8/site-packages/airflow/example_dags/example_kubernetes_executor.py for tasks to queue
[2022-03-27 20:27:28,409] {logging_mixin.py:109} INFO - [2022-03-27 20:27:28,409] {dagbag.py:500} INFO - Filling up the DagBag from /home/lowenhard/acceleration/env/lib/python3.8/site-packages/airflow/example_dags/example_kubernetes_executor.py
[2022-03-27 20:27:28,416] {logging_mixin.py:109} INFO - [2022-03-27 20:27:28,416] {example_kubernetes_executor.py:39} WARNING - The example_kubernetes_executor example DAG requires the kubernetes provider. Please install it with: pip install apache-airflow[cncf.kubernetes]
[2022-03-27 20:27:28,424] {processor.py:656} WARNING - No viable dags retrieved from /home/lowenhard/acceleration/env/lib/python3.8/site-packages/airflow/example_dags/example_kubernetes_executor.py
[2022-03-27 20:27:28,426] {processor.py:171} INFO - Processing /home/lowenhard/acceleration/env/lib/python3.8/site-packages/airflow/example_dags/example_kubernetes_executor.py took 0.023 seconds
[2022-03-27 20:28:53,240] {processor.py:163} INFO - Started process (PID=1566) to work on /home/lowenhard/acceleration/env/lib/python3.8/site-packages/airflow/example_dags/example_kubernetes_executor.py
[2022-03-27 20:28:53,252] {processor.py:642} INFO - Processing file /home/lowenhard/acceleration/env/lib/python3.8/site-packages/airflow/example_dags/example_kubernetes_executor.py for tasks to queue
[2022-03-27 20:28:53,252] {logging_mixin.py:109} INFO - [2022-03-27 20:28:53,252] {dagbag.py:500} INFO - Filling up the DagBag from /home/lowenhard/acceleration/env/lib/python3.8/site-packages/airflow/example_dags/example_kubernetes_executor.py
[2022-03-27 20:28:53,259] {logging_mixin.py:109} INFO - [2022-03-27 20:28:53,259] {example_kubernetes_executor.py:39} WARNING - The example_kubernetes_executor example DAG requires the kubernetes provider. Please install it with: pip install apache-airflow[cncf.kubernetes]
[2022-03-27 20:28:53,265] {processor.py:656} WARNING - No viable dags retrieved from /home/lowenhard/acceleration/env/lib/python3.8/site-packages/airflow/example_dags/example_kubernetes_executor.py
[2022-03-27 20:28:53,267] {processor.py:171} INFO - Processing /home/lowenhard/acceleration/env/lib/python3.8/site-packages/airflow/example_dags/example_kubernetes_executor.py took 0.029 seconds
[2022-03-27 20:29:44,763] {processor.py:163} INFO - Started process (PID=1601) to work on /home/lowenhard/acceleration/env/lib/python3.8/site-packages/airflow/example_dags/example_kubernetes_executor.py
[2022-03-27 20:29:44,984] {processor.py:642} INFO - Processing file /home/lowenhard/acceleration/env/lib/python3.8/site-packages/airflow/example_dags/example_kubernetes_executor.py for tasks to queue
[2022-03-27 20:29:44,985] {logging_mixin.py:109} INFO - [2022-03-27 20:29:44,985] {dagbag.py:500} INFO - Filling up the DagBag from /home/lowenhard/acceleration/env/lib/python3.8/site-packages/airflow/example_dags/example_kubernetes_executor.py
[2022-03-27 20:29:44,998] {logging_mixin.py:109} INFO - [2022-03-27 20:29:44,998] {example_kubernetes_executor.py:39} WARNING - The example_kubernetes_executor example DAG requires the kubernetes provider. Please install it with: pip install apache-airflow[cncf.kubernetes]
[2022-03-27 20:29:45,005] {processor.py:656} WARNING - No viable dags retrieved from /home/lowenhard/acceleration/env/lib/python3.8/site-packages/airflow/example_dags/example_kubernetes_executor.py
[2022-03-27 20:29:45,007] {processor.py:171} INFO - Processing /home/lowenhard/acceleration/env/lib/python3.8/site-packages/airflow/example_dags/example_kubernetes_executor.py took 0.246 seconds
[2022-03-27 20:48:14,098] {processor.py:163} INFO - Started process (PID=1724) to work on /home/lowenhard/acceleration/env/lib/python3.8/site-packages/airflow/example_dags/example_kubernetes_executor.py
[2022-03-27 20:48:14,101] {processor.py:642} INFO - Processing file /home/lowenhard/acceleration/env/lib/python3.8/site-packages/airflow/example_dags/example_kubernetes_executor.py for tasks to queue
[2022-03-27 20:48:14,102] {logging_mixin.py:109} INFO - [2022-03-27 20:48:14,102] {dagbag.py:500} INFO - Filling up the DagBag from /home/lowenhard/acceleration/env/lib/python3.8/site-packages/airflow/example_dags/example_kubernetes_executor.py
[2022-03-27 20:48:14,112] {logging_mixin.py:109} INFO - [2022-03-27 20:48:14,112] {example_kubernetes_executor.py:39} WARNING - The example_kubernetes_executor example DAG requires the kubernetes provider. Please install it with: pip install apache-airflow[cncf.kubernetes]
[2022-03-27 20:48:14,119] {processor.py:656} WARNING - No viable dags retrieved from /home/lowenhard/acceleration/env/lib/python3.8/site-packages/airflow/example_dags/example_kubernetes_executor.py
[2022-03-27 20:48:14,121] {processor.py:171} INFO - Processing /home/lowenhard/acceleration/env/lib/python3.8/site-packages/airflow/example_dags/example_kubernetes_executor.py took 0.025 seconds
[2022-03-27 20:49:47,136] {processor.py:163} INFO - Started process (PID=1782) to work on /home/lowenhard/acceleration/env/lib/python3.8/site-packages/airflow/example_dags/example_kubernetes_executor.py
[2022-03-27 20:49:47,139] {processor.py:642} INFO - Processing file /home/lowenhard/acceleration/env/lib/python3.8/site-packages/airflow/example_dags/example_kubernetes_executor.py for tasks to queue
[2022-03-27 20:49:47,139] {logging_mixin.py:109} INFO - [2022-03-27 20:49:47,139] {dagbag.py:500} INFO - Filling up the DagBag from /home/lowenhard/acceleration/env/lib/python3.8/site-packages/airflow/example_dags/example_kubernetes_executor.py
[2022-03-27 20:49:47,148] {logging_mixin.py:109} INFO - [2022-03-27 20:49:47,148] {example_kubernetes_executor.py:39} WARNING - The example_kubernetes_executor example DAG requires the kubernetes provider. Please install it with: pip install apache-airflow[cncf.kubernetes]
[2022-03-27 20:49:47,158] {processor.py:656} WARNING - No viable dags retrieved from /home/lowenhard/acceleration/env/lib/python3.8/site-packages/airflow/example_dags/example_kubernetes_executor.py
[2022-03-27 20:49:47,160] {processor.py:171} INFO - Processing /home/lowenhard/acceleration/env/lib/python3.8/site-packages/airflow/example_dags/example_kubernetes_executor.py took 0.026 seconds
[2022-03-27 20:50:35,672] {processor.py:163} INFO - Started process (PID=1826) to work on /home/lowenhard/acceleration/env/lib/python3.8/site-packages/airflow/example_dags/example_kubernetes_executor.py
[2022-03-27 20:50:35,681] {processor.py:642} INFO - Processing file /home/lowenhard/acceleration/env/lib/python3.8/site-packages/airflow/example_dags/example_kubernetes_executor.py for tasks to queue
[2022-03-27 20:50:35,681] {logging_mixin.py:109} INFO - [2022-03-27 20:50:35,681] {dagbag.py:500} INFO - Filling up the DagBag from /home/lowenhard/acceleration/env/lib/python3.8/site-packages/airflow/example_dags/example_kubernetes_executor.py
[2022-03-27 20:50:35,689] {logging_mixin.py:109} INFO - [2022-03-27 20:50:35,689] {example_kubernetes_executor.py:39} WARNING - The example_kubernetes_executor example DAG requires the kubernetes provider. Please install it with: pip install apache-airflow[cncf.kubernetes]
[2022-03-27 20:50:35,697] {processor.py:656} WARNING - No viable dags retrieved from /home/lowenhard/acceleration/env/lib/python3.8/site-packages/airflow/example_dags/example_kubernetes_executor.py
[2022-03-27 20:50:35,699] {processor.py:171} INFO - Processing /home/lowenhard/acceleration/env/lib/python3.8/site-packages/airflow/example_dags/example_kubernetes_executor.py took 0.030 seconds
[2022-03-27 20:51:48,623] {processor.py:163} INFO - Started process (PID=1907) to work on /home/lowenhard/acceleration/env/lib/python3.8/site-packages/airflow/example_dags/example_kubernetes_executor.py
[2022-03-27 20:51:48,636] {processor.py:642} INFO - Processing file /home/lowenhard/acceleration/env/lib/python3.8/site-packages/airflow/example_dags/example_kubernetes_executor.py for tasks to queue
[2022-03-27 20:51:48,637] {logging_mixin.py:109} INFO - [2022-03-27 20:51:48,637] {dagbag.py:500} INFO - Filling up the DagBag from /home/lowenhard/acceleration/env/lib/python3.8/site-packages/airflow/example_dags/example_kubernetes_executor.py
[2022-03-27 20:51:48,649] {logging_mixin.py:109} INFO - [2022-03-27 20:51:48,648] {example_kubernetes_executor.py:39} WARNING - The example_kubernetes_executor example DAG requires the kubernetes provider. Please install it with: pip install apache-airflow[cncf.kubernetes]
[2022-03-27 20:51:48,790] {processor.py:656} WARNING - No viable dags retrieved from /home/lowenhard/acceleration/env/lib/python3.8/site-packages/airflow/example_dags/example_kubernetes_executor.py
[2022-03-27 20:51:48,794] {processor.py:171} INFO - Processing /home/lowenhard/acceleration/env/lib/python3.8/site-packages/airflow/example_dags/example_kubernetes_executor.py took 0.173 seconds
[2022-03-27 20:53:06,063] {processor.py:163} INFO - Started process (PID=1981) to work on /home/lowenhard/acceleration/env/lib/python3.8/site-packages/airflow/example_dags/example_kubernetes_executor.py
[2022-03-27 20:53:06,077] {processor.py:642} INFO - Processing file /home/lowenhard/acceleration/env/lib/python3.8/site-packages/airflow/example_dags/example_kubernetes_executor.py for tasks to queue
[2022-03-27 20:53:06,078] {logging_mixin.py:109} INFO - [2022-03-27 20:53:06,078] {dagbag.py:500} INFO - Filling up the DagBag from /home/lowenhard/acceleration/env/lib/python3.8/site-packages/airflow/example_dags/example_kubernetes_executor.py
[2022-03-27 20:53:06,089] {logging_mixin.py:109} INFO - [2022-03-27 20:53:06,089] {example_kubernetes_executor.py:39} WARNING - The example_kubernetes_executor example DAG requires the kubernetes provider. Please install it with: pip install apache-airflow[cncf.kubernetes]
[2022-03-27 20:53:06,097] {processor.py:656} WARNING - No viable dags retrieved from /home/lowenhard/acceleration/env/lib/python3.8/site-packages/airflow/example_dags/example_kubernetes_executor.py
[2022-03-27 20:53:06,099] {processor.py:171} INFO - Processing /home/lowenhard/acceleration/env/lib/python3.8/site-packages/airflow/example_dags/example_kubernetes_executor.py took 0.039 seconds
[2022-03-27 20:54:03,979] {processor.py:163} INFO - Started process (PID=2035) to work on /home/lowenhard/acceleration/env/lib/python3.8/site-packages/airflow/example_dags/example_kubernetes_executor.py
[2022-03-27 20:54:03,990] {processor.py:642} INFO - Processing file /home/lowenhard/acceleration/env/lib/python3.8/site-packages/airflow/example_dags/example_kubernetes_executor.py for tasks to queue
[2022-03-27 20:54:03,990] {logging_mixin.py:109} INFO - [2022-03-27 20:54:03,990] {dagbag.py:500} INFO - Filling up the DagBag from /home/lowenhard/acceleration/env/lib/python3.8/site-packages/airflow/example_dags/example_kubernetes_executor.py
[2022-03-27 20:54:03,997] {logging_mixin.py:109} INFO - [2022-03-27 20:54:03,997] {example_kubernetes_executor.py:39} WARNING - The example_kubernetes_executor example DAG requires the kubernetes provider. Please install it with: pip install apache-airflow[cncf.kubernetes]
[2022-03-27 20:54:04,005] {processor.py:656} WARNING - No viable dags retrieved from /home/lowenhard/acceleration/env/lib/python3.8/site-packages/airflow/example_dags/example_kubernetes_executor.py
[2022-03-27 20:54:04,007] {processor.py:171} INFO - Processing /home/lowenhard/acceleration/env/lib/python3.8/site-packages/airflow/example_dags/example_kubernetes_executor.py took 0.031 seconds
[2022-03-27 20:54:52,407] {processor.py:163} INFO - Started process (PID=2097) to work on /home/lowenhard/acceleration/env/lib/python3.8/site-packages/airflow/example_dags/example_kubernetes_executor.py
[2022-03-27 20:54:52,419] {processor.py:642} INFO - Processing file /home/lowenhard/acceleration/env/lib/python3.8/site-packages/airflow/example_dags/example_kubernetes_executor.py for tasks to queue
[2022-03-27 20:54:52,419] {logging_mixin.py:109} INFO - [2022-03-27 20:54:52,419] {dagbag.py:500} INFO - Filling up the DagBag from /home/lowenhard/acceleration/env/lib/python3.8/site-packages/airflow/example_dags/example_kubernetes_executor.py
[2022-03-27 20:54:52,427] {logging_mixin.py:109} INFO - [2022-03-27 20:54:52,427] {example_kubernetes_executor.py:39} WARNING - The example_kubernetes_executor example DAG requires the kubernetes provider. Please install it with: pip install apache-airflow[cncf.kubernetes]
[2022-03-27 20:54:52,434] {processor.py:656} WARNING - No viable dags retrieved from /home/lowenhard/acceleration/env/lib/python3.8/site-packages/airflow/example_dags/example_kubernetes_executor.py
[2022-03-27 20:54:52,436] {processor.py:171} INFO - Processing /home/lowenhard/acceleration/env/lib/python3.8/site-packages/airflow/example_dags/example_kubernetes_executor.py took 0.031 seconds
[2022-03-27 20:55:42,383] {processor.py:163} INFO - Started process (PID=2161) to work on /home/lowenhard/acceleration/env/lib/python3.8/site-packages/airflow/example_dags/example_kubernetes_executor.py
[2022-03-27 20:55:42,386] {processor.py:642} INFO - Processing file /home/lowenhard/acceleration/env/lib/python3.8/site-packages/airflow/example_dags/example_kubernetes_executor.py for tasks to queue
[2022-03-27 20:55:42,386] {logging_mixin.py:109} INFO - [2022-03-27 20:55:42,386] {dagbag.py:500} INFO - Filling up the DagBag from /home/lowenhard/acceleration/env/lib/python3.8/site-packages/airflow/example_dags/example_kubernetes_executor.py
[2022-03-27 20:55:42,394] {logging_mixin.py:109} INFO - [2022-03-27 20:55:42,394] {example_kubernetes_executor.py:39} WARNING - The example_kubernetes_executor example DAG requires the kubernetes provider. Please install it with: pip install apache-airflow[cncf.kubernetes]
[2022-03-27 20:55:42,401] {processor.py:656} WARNING - No viable dags retrieved from /home/lowenhard/acceleration/env/lib/python3.8/site-packages/airflow/example_dags/example_kubernetes_executor.py
[2022-03-27 20:55:42,403] {processor.py:171} INFO - Processing /home/lowenhard/acceleration/env/lib/python3.8/site-packages/airflow/example_dags/example_kubernetes_executor.py took 0.023 seconds
[2022-03-27 20:56:28,386] {processor.py:163} INFO - Started process (PID=2208) to work on /home/lowenhard/acceleration/env/lib/python3.8/site-packages/airflow/example_dags/example_kubernetes_executor.py
[2022-03-27 20:56:29,002] {processor.py:642} INFO - Processing file /home/lowenhard/acceleration/env/lib/python3.8/site-packages/airflow/example_dags/example_kubernetes_executor.py for tasks to queue
[2022-03-27 20:56:29,002] {logging_mixin.py:109} INFO - [2022-03-27 20:56:29,002] {dagbag.py:500} INFO - Filling up the DagBag from /home/lowenhard/acceleration/env/lib/python3.8/site-packages/airflow/example_dags/example_kubernetes_executor.py
[2022-03-27 20:56:29,011] {logging_mixin.py:109} INFO - [2022-03-27 20:56:29,010] {example_kubernetes_executor.py:39} WARNING - The example_kubernetes_executor example DAG requires the kubernetes provider. Please install it with: pip install apache-airflow[cncf.kubernetes]
[2022-03-27 20:56:29,017] {processor.py:656} WARNING - No viable dags retrieved from /home/lowenhard/acceleration/env/lib/python3.8/site-packages/airflow/example_dags/example_kubernetes_executor.py
[2022-03-27 20:56:29,019] {processor.py:171} INFO - Processing /home/lowenhard/acceleration/env/lib/python3.8/site-packages/airflow/example_dags/example_kubernetes_executor.py took 0.636 seconds
[2022-03-27 20:57:35,676] {processor.py:163} INFO - Started process (PID=2269) to work on /home/lowenhard/acceleration/env/lib/python3.8/site-packages/airflow/example_dags/example_kubernetes_executor.py
[2022-03-27 20:57:35,698] {processor.py:642} INFO - Processing file /home/lowenhard/acceleration/env/lib/python3.8/site-packages/airflow/example_dags/example_kubernetes_executor.py for tasks to queue
[2022-03-27 20:57:35,698] {logging_mixin.py:109} INFO - [2022-03-27 20:57:35,698] {dagbag.py:500} INFO - Filling up the DagBag from /home/lowenhard/acceleration/env/lib/python3.8/site-packages/airflow/example_dags/example_kubernetes_executor.py
[2022-03-27 20:57:35,707] {logging_mixin.py:109} INFO - [2022-03-27 20:57:35,707] {example_kubernetes_executor.py:39} WARNING - The example_kubernetes_executor example DAG requires the kubernetes provider. Please install it with: pip install apache-airflow[cncf.kubernetes]
[2022-03-27 20:57:35,714] {processor.py:656} WARNING - No viable dags retrieved from /home/lowenhard/acceleration/env/lib/python3.8/site-packages/airflow/example_dags/example_kubernetes_executor.py
[2022-03-27 20:57:35,716] {processor.py:171} INFO - Processing /home/lowenhard/acceleration/env/lib/python3.8/site-packages/airflow/example_dags/example_kubernetes_executor.py took 0.043 seconds
[2022-03-27 20:58:33,612] {processor.py:163} INFO - Started process (PID=2324) to work on /home/lowenhard/acceleration/env/lib/python3.8/site-packages/airflow/example_dags/example_kubernetes_executor.py
[2022-03-27 20:58:33,623] {processor.py:642} INFO - Processing file /home/lowenhard/acceleration/env/lib/python3.8/site-packages/airflow/example_dags/example_kubernetes_executor.py for tasks to queue
[2022-03-27 20:58:33,624] {logging_mixin.py:109} INFO - [2022-03-27 20:58:33,624] {dagbag.py:500} INFO - Filling up the DagBag from /home/lowenhard/acceleration/env/lib/python3.8/site-packages/airflow/example_dags/example_kubernetes_executor.py
[2022-03-27 20:58:33,631] {logging_mixin.py:109} INFO - [2022-03-27 20:58:33,631] {example_kubernetes_executor.py:39} WARNING - The example_kubernetes_executor example DAG requires the kubernetes provider. Please install it with: pip install apache-airflow[cncf.kubernetes]
[2022-03-27 20:58:33,638] {processor.py:656} WARNING - No viable dags retrieved from /home/lowenhard/acceleration/env/lib/python3.8/site-packages/airflow/example_dags/example_kubernetes_executor.py
[2022-03-27 20:58:33,640] {processor.py:171} INFO - Processing /home/lowenhard/acceleration/env/lib/python3.8/site-packages/airflow/example_dags/example_kubernetes_executor.py took 0.031 seconds
[2022-03-27 20:59:33,667] {processor.py:163} INFO - Started process (PID=2373) to work on /home/lowenhard/acceleration/env/lib/python3.8/site-packages/airflow/example_dags/example_kubernetes_executor.py
[2022-03-27 20:59:33,671] {processor.py:642} INFO - Processing file /home/lowenhard/acceleration/env/lib/python3.8/site-packages/airflow/example_dags/example_kubernetes_executor.py for tasks to queue
[2022-03-27 20:59:33,671] {logging_mixin.py:109} INFO - [2022-03-27 20:59:33,671] {dagbag.py:500} INFO - Filling up the DagBag from /home/lowenhard/acceleration/env/lib/python3.8/site-packages/airflow/example_dags/example_kubernetes_executor.py
[2022-03-27 20:59:33,685] {logging_mixin.py:109} INFO - [2022-03-27 20:59:33,685] {example_kubernetes_executor.py:39} WARNING - The example_kubernetes_executor example DAG requires the kubernetes provider. Please install it with: pip install apache-airflow[cncf.kubernetes]
[2022-03-27 20:59:33,692] {processor.py:656} WARNING - No viable dags retrieved from /home/lowenhard/acceleration/env/lib/python3.8/site-packages/airflow/example_dags/example_kubernetes_executor.py
[2022-03-27 20:59:33,694] {processor.py:171} INFO - Processing /home/lowenhard/acceleration/env/lib/python3.8/site-packages/airflow/example_dags/example_kubernetes_executor.py took 0.030 seconds
[2022-03-28 05:37:29,517] {processor.py:163} INFO - Started process (PID=342) to work on /home/lowenhard/acceleration/env/lib/python3.8/site-packages/airflow/example_dags/example_kubernetes_executor.py
[2022-03-28 05:37:30,260] {processor.py:642} INFO - Processing file /home/lowenhard/acceleration/env/lib/python3.8/site-packages/airflow/example_dags/example_kubernetes_executor.py for tasks to queue
[2022-03-28 05:37:30,308] {logging_mixin.py:109} INFO - [2022-03-28 05:37:30,308] {dagbag.py:500} INFO - Filling up the DagBag from /home/lowenhard/acceleration/env/lib/python3.8/site-packages/airflow/example_dags/example_kubernetes_executor.py
[2022-03-28 05:37:30,321] {logging_mixin.py:109} INFO - [2022-03-28 05:37:30,320] {example_kubernetes_executor.py:39} WARNING - The example_kubernetes_executor example DAG requires the kubernetes provider. Please install it with: pip install apache-airflow[cncf.kubernetes]
[2022-03-28 05:37:31,364] {processor.py:656} WARNING - No viable dags retrieved from /home/lowenhard/acceleration/env/lib/python3.8/site-packages/airflow/example_dags/example_kubernetes_executor.py
[2022-03-28 05:37:31,366] {processor.py:171} INFO - Processing /home/lowenhard/acceleration/env/lib/python3.8/site-packages/airflow/example_dags/example_kubernetes_executor.py took 1.854 seconds
