[2022-03-27 20:03:16,063] {processor.py:163} INFO - Started process (PID=219) to work on /home/lowenhard/acceleration/env/lib/python3.8/site-packages/airflow/example_dags/example_task_group.py
[2022-03-27 20:03:16,063] {processor.py:642} INFO - Processing file /home/lowenhard/acceleration/env/lib/python3.8/site-packages/airflow/example_dags/example_task_group.py for tasks to queue
[2022-03-27 20:03:16,064] {logging_mixin.py:109} INFO - [2022-03-27 20:03:16,064] {dagbag.py:500} INFO - Filling up the DagBag from /home/lowenhard/acceleration/env/lib/python3.8/site-packages/airflow/example_dags/example_task_group.py
[2022-03-27 20:03:16,086] {processor.py:654} INFO - DAG(s) dict_keys(['example_task_group']) retrieved from /home/lowenhard/acceleration/env/lib/python3.8/site-packages/airflow/example_dags/example_task_group.py
[2022-03-27 20:03:16,096] {logging_mixin.py:109} INFO - [2022-03-27 20:03:16,096] {dag.py:2398} INFO - Sync 1 DAGs
[2022-03-27 20:03:16,109] {logging_mixin.py:109} INFO - [2022-03-27 20:03:16,109] {dag.py:2937} INFO - Setting next_dagrun for example_task_group to 2022-03-27T01:03:16.108996+00:00
[2022-03-27 20:03:17,827] {processor.py:171} INFO - Processing /home/lowenhard/acceleration/env/lib/python3.8/site-packages/airflow/example_dags/example_task_group.py took 1.767 seconds
[2022-03-27 20:04:37,790] {processor.py:163} INFO - Started process (PID=340) to work on /home/lowenhard/acceleration/env/lib/python3.8/site-packages/airflow/example_dags/example_task_group.py
[2022-03-27 20:04:37,941] {processor.py:642} INFO - Processing file /home/lowenhard/acceleration/env/lib/python3.8/site-packages/airflow/example_dags/example_task_group.py for tasks to queue
[2022-03-27 20:04:37,942] {logging_mixin.py:109} INFO - [2022-03-27 20:04:37,942] {dagbag.py:500} INFO - Filling up the DagBag from /home/lowenhard/acceleration/env/lib/python3.8/site-packages/airflow/example_dags/example_task_group.py
[2022-03-27 20:04:37,974] {processor.py:654} INFO - DAG(s) dict_keys(['example_task_group']) retrieved from /home/lowenhard/acceleration/env/lib/python3.8/site-packages/airflow/example_dags/example_task_group.py
[2022-03-27 20:04:37,983] {logging_mixin.py:109} INFO - [2022-03-27 20:04:37,983] {dag.py:2398} INFO - Sync 1 DAGs
[2022-03-27 20:04:37,995] {logging_mixin.py:109} INFO - [2022-03-27 20:04:37,995] {dag.py:2937} INFO - Setting next_dagrun for example_task_group to 2022-03-27T01:04:37.995137+00:00
[2022-03-27 20:04:39,224] {processor.py:171} INFO - Processing /home/lowenhard/acceleration/env/lib/python3.8/site-packages/airflow/example_dags/example_task_group.py took 1.437 seconds
[2022-03-27 20:06:04,999] {processor.py:163} INFO - Started process (PID=405) to work on /home/lowenhard/acceleration/env/lib/python3.8/site-packages/airflow/example_dags/example_task_group.py
[2022-03-27 20:06:05,008] {processor.py:642} INFO - Processing file /home/lowenhard/acceleration/env/lib/python3.8/site-packages/airflow/example_dags/example_task_group.py for tasks to queue
[2022-03-27 20:06:05,009] {logging_mixin.py:109} INFO - [2022-03-27 20:06:05,009] {dagbag.py:500} INFO - Filling up the DagBag from /home/lowenhard/acceleration/env/lib/python3.8/site-packages/airflow/example_dags/example_task_group.py
[2022-03-27 20:06:05,030] {processor.py:654} INFO - DAG(s) dict_keys(['example_task_group']) retrieved from /home/lowenhard/acceleration/env/lib/python3.8/site-packages/airflow/example_dags/example_task_group.py
[2022-03-27 20:06:05,042] {logging_mixin.py:109} INFO - [2022-03-27 20:06:05,042] {dag.py:2398} INFO - Sync 1 DAGs
[2022-03-27 20:06:05,054] {logging_mixin.py:109} INFO - [2022-03-27 20:06:05,054] {dag.py:2937} INFO - Setting next_dagrun for example_task_group to 2022-03-27T01:06:05.053670+00:00
[2022-03-27 20:06:05,247] {processor.py:171} INFO - Processing /home/lowenhard/acceleration/env/lib/python3.8/site-packages/airflow/example_dags/example_task_group.py took 0.251 seconds
[2022-03-27 20:07:07,437] {processor.py:163} INFO - Started process (PID=451) to work on /home/lowenhard/acceleration/env/lib/python3.8/site-packages/airflow/example_dags/example_task_group.py
[2022-03-27 20:07:07,446] {processor.py:642} INFO - Processing file /home/lowenhard/acceleration/env/lib/python3.8/site-packages/airflow/example_dags/example_task_group.py for tasks to queue
[2022-03-27 20:07:07,446] {logging_mixin.py:109} INFO - [2022-03-27 20:07:07,446] {dagbag.py:500} INFO - Filling up the DagBag from /home/lowenhard/acceleration/env/lib/python3.8/site-packages/airflow/example_dags/example_task_group.py
[2022-03-27 20:07:07,468] {processor.py:654} INFO - DAG(s) dict_keys(['example_task_group']) retrieved from /home/lowenhard/acceleration/env/lib/python3.8/site-packages/airflow/example_dags/example_task_group.py
[2022-03-27 20:07:07,478] {logging_mixin.py:109} INFO - [2022-03-27 20:07:07,478] {dag.py:2398} INFO - Sync 1 DAGs
[2022-03-27 20:07:07,492] {logging_mixin.py:109} INFO - [2022-03-27 20:07:07,492] {dag.py:2937} INFO - Setting next_dagrun for example_task_group to 2022-03-27T01:07:07.491947+00:00
[2022-03-27 20:07:07,628] {processor.py:171} INFO - Processing /home/lowenhard/acceleration/env/lib/python3.8/site-packages/airflow/example_dags/example_task_group.py took 0.193 seconds
[2022-03-27 20:07:57,084] {processor.py:163} INFO - Started process (PID=497) to work on /home/lowenhard/acceleration/env/lib/python3.8/site-packages/airflow/example_dags/example_task_group.py
[2022-03-27 20:07:57,086] {processor.py:642} INFO - Processing file /home/lowenhard/acceleration/env/lib/python3.8/site-packages/airflow/example_dags/example_task_group.py for tasks to queue
[2022-03-27 20:07:57,086] {logging_mixin.py:109} INFO - [2022-03-27 20:07:57,086] {dagbag.py:500} INFO - Filling up the DagBag from /home/lowenhard/acceleration/env/lib/python3.8/site-packages/airflow/example_dags/example_task_group.py
[2022-03-27 20:07:57,107] {processor.py:654} INFO - DAG(s) dict_keys(['example_task_group']) retrieved from /home/lowenhard/acceleration/env/lib/python3.8/site-packages/airflow/example_dags/example_task_group.py
[2022-03-27 20:07:57,117] {logging_mixin.py:109} INFO - [2022-03-27 20:07:57,116] {dag.py:2398} INFO - Sync 1 DAGs
[2022-03-27 20:07:57,128] {logging_mixin.py:109} INFO - [2022-03-27 20:07:57,128] {dag.py:2937} INFO - Setting next_dagrun for example_task_group to 2022-03-27T01:07:57.128279+00:00
[2022-03-27 20:07:57,971] {processor.py:171} INFO - Processing /home/lowenhard/acceleration/env/lib/python3.8/site-packages/airflow/example_dags/example_task_group.py took 0.890 seconds
[2022-03-27 20:08:50,240] {processor.py:163} INFO - Started process (PID=536) to work on /home/lowenhard/acceleration/env/lib/python3.8/site-packages/airflow/example_dags/example_task_group.py
[2022-03-27 20:08:50,254] {processor.py:642} INFO - Processing file /home/lowenhard/acceleration/env/lib/python3.8/site-packages/airflow/example_dags/example_task_group.py for tasks to queue
[2022-03-27 20:08:50,254] {logging_mixin.py:109} INFO - [2022-03-27 20:08:50,254] {dagbag.py:500} INFO - Filling up the DagBag from /home/lowenhard/acceleration/env/lib/python3.8/site-packages/airflow/example_dags/example_task_group.py
[2022-03-27 20:08:50,276] {processor.py:654} INFO - DAG(s) dict_keys(['example_task_group']) retrieved from /home/lowenhard/acceleration/env/lib/python3.8/site-packages/airflow/example_dags/example_task_group.py
[2022-03-27 20:08:50,285] {logging_mixin.py:109} INFO - [2022-03-27 20:08:50,285] {dag.py:2398} INFO - Sync 1 DAGs
[2022-03-27 20:08:50,297] {logging_mixin.py:109} INFO - [2022-03-27 20:08:50,296] {dag.py:2937} INFO - Setting next_dagrun for example_task_group to 2022-03-27T01:08:50.296669+00:00
[2022-03-27 20:08:50,531] {processor.py:171} INFO - Processing /home/lowenhard/acceleration/env/lib/python3.8/site-packages/airflow/example_dags/example_task_group.py took 0.295 seconds
[2022-03-27 20:10:12,297] {processor.py:163} INFO - Started process (PID=607) to work on /home/lowenhard/acceleration/env/lib/python3.8/site-packages/airflow/example_dags/example_task_group.py
[2022-03-27 20:10:12,298] {processor.py:642} INFO - Processing file /home/lowenhard/acceleration/env/lib/python3.8/site-packages/airflow/example_dags/example_task_group.py for tasks to queue
[2022-03-27 20:10:12,299] {logging_mixin.py:109} INFO - [2022-03-27 20:10:12,299] {dagbag.py:500} INFO - Filling up the DagBag from /home/lowenhard/acceleration/env/lib/python3.8/site-packages/airflow/example_dags/example_task_group.py
[2022-03-27 20:10:12,319] {processor.py:654} INFO - DAG(s) dict_keys(['example_task_group']) retrieved from /home/lowenhard/acceleration/env/lib/python3.8/site-packages/airflow/example_dags/example_task_group.py
[2022-03-27 20:10:12,328] {logging_mixin.py:109} INFO - [2022-03-27 20:10:12,328] {dag.py:2398} INFO - Sync 1 DAGs
[2022-03-27 20:10:12,341] {logging_mixin.py:109} INFO - [2022-03-27 20:10:12,340] {dag.py:2937} INFO - Setting next_dagrun for example_task_group to 2022-03-27T01:10:12.340664+00:00
[2022-03-27 20:10:12,489] {processor.py:171} INFO - Processing /home/lowenhard/acceleration/env/lib/python3.8/site-packages/airflow/example_dags/example_task_group.py took 0.195 seconds
[2022-03-27 20:10:56,742] {processor.py:163} INFO - Started process (PID=648) to work on /home/lowenhard/acceleration/env/lib/python3.8/site-packages/airflow/example_dags/example_task_group.py
[2022-03-27 20:10:56,750] {processor.py:642} INFO - Processing file /home/lowenhard/acceleration/env/lib/python3.8/site-packages/airflow/example_dags/example_task_group.py for tasks to queue
[2022-03-27 20:10:56,750] {logging_mixin.py:109} INFO - [2022-03-27 20:10:56,750] {dagbag.py:500} INFO - Filling up the DagBag from /home/lowenhard/acceleration/env/lib/python3.8/site-packages/airflow/example_dags/example_task_group.py
[2022-03-27 20:10:56,777] {processor.py:654} INFO - DAG(s) dict_keys(['example_task_group']) retrieved from /home/lowenhard/acceleration/env/lib/python3.8/site-packages/airflow/example_dags/example_task_group.py
[2022-03-27 20:10:56,791] {logging_mixin.py:109} INFO - [2022-03-27 20:10:56,791] {dag.py:2398} INFO - Sync 1 DAGs
[2022-03-27 20:10:56,804] {logging_mixin.py:109} INFO - [2022-03-27 20:10:56,804] {dag.py:2937} INFO - Setting next_dagrun for example_task_group to 2022-03-27T01:10:56.804317+00:00
[2022-03-27 20:10:57,040] {processor.py:171} INFO - Processing /home/lowenhard/acceleration/env/lib/python3.8/site-packages/airflow/example_dags/example_task_group.py took 0.301 seconds
[2022-03-27 20:11:50,097] {processor.py:163} INFO - Started process (PID=691) to work on /home/lowenhard/acceleration/env/lib/python3.8/site-packages/airflow/example_dags/example_task_group.py
[2022-03-27 20:11:50,099] {processor.py:642} INFO - Processing file /home/lowenhard/acceleration/env/lib/python3.8/site-packages/airflow/example_dags/example_task_group.py for tasks to queue
[2022-03-27 20:11:50,100] {logging_mixin.py:109} INFO - [2022-03-27 20:11:50,100] {dagbag.py:500} INFO - Filling up the DagBag from /home/lowenhard/acceleration/env/lib/python3.8/site-packages/airflow/example_dags/example_task_group.py
[2022-03-27 20:11:50,121] {processor.py:654} INFO - DAG(s) dict_keys(['example_task_group']) retrieved from /home/lowenhard/acceleration/env/lib/python3.8/site-packages/airflow/example_dags/example_task_group.py
[2022-03-27 20:11:50,130] {logging_mixin.py:109} INFO - [2022-03-27 20:11:50,130] {dag.py:2398} INFO - Sync 1 DAGs
[2022-03-27 20:11:50,142] {logging_mixin.py:109} INFO - [2022-03-27 20:11:50,142] {dag.py:2937} INFO - Setting next_dagrun for example_task_group to 2022-03-27T01:11:50.142088+00:00
[2022-03-27 20:11:50,302] {processor.py:171} INFO - Processing /home/lowenhard/acceleration/env/lib/python3.8/site-packages/airflow/example_dags/example_task_group.py took 0.208 seconds
[2022-03-27 20:13:04,850] {processor.py:163} INFO - Started process (PID=745) to work on /home/lowenhard/acceleration/env/lib/python3.8/site-packages/airflow/example_dags/example_task_group.py
[2022-03-27 20:13:04,853] {processor.py:642} INFO - Processing file /home/lowenhard/acceleration/env/lib/python3.8/site-packages/airflow/example_dags/example_task_group.py for tasks to queue
[2022-03-27 20:13:04,854] {logging_mixin.py:109} INFO - [2022-03-27 20:13:04,854] {dagbag.py:500} INFO - Filling up the DagBag from /home/lowenhard/acceleration/env/lib/python3.8/site-packages/airflow/example_dags/example_task_group.py
[2022-03-27 20:13:04,876] {processor.py:654} INFO - DAG(s) dict_keys(['example_task_group']) retrieved from /home/lowenhard/acceleration/env/lib/python3.8/site-packages/airflow/example_dags/example_task_group.py
[2022-03-27 20:13:04,886] {logging_mixin.py:109} INFO - [2022-03-27 20:13:04,886] {dag.py:2398} INFO - Sync 1 DAGs
[2022-03-27 20:13:04,897] {logging_mixin.py:109} INFO - [2022-03-27 20:13:04,897] {dag.py:2937} INFO - Setting next_dagrun for example_task_group to 2022-03-27T01:13:04.897416+00:00
[2022-03-27 20:13:06,436] {processor.py:171} INFO - Processing /home/lowenhard/acceleration/env/lib/python3.8/site-packages/airflow/example_dags/example_task_group.py took 1.588 seconds
[2022-03-27 20:14:02,199] {processor.py:163} INFO - Started process (PID=791) to work on /home/lowenhard/acceleration/env/lib/python3.8/site-packages/airflow/example_dags/example_task_group.py
[2022-03-27 20:14:02,203] {processor.py:642} INFO - Processing file /home/lowenhard/acceleration/env/lib/python3.8/site-packages/airflow/example_dags/example_task_group.py for tasks to queue
[2022-03-27 20:14:02,203] {logging_mixin.py:109} INFO - [2022-03-27 20:14:02,203] {dagbag.py:500} INFO - Filling up the DagBag from /home/lowenhard/acceleration/env/lib/python3.8/site-packages/airflow/example_dags/example_task_group.py
[2022-03-27 20:14:02,225] {processor.py:654} INFO - DAG(s) dict_keys(['example_task_group']) retrieved from /home/lowenhard/acceleration/env/lib/python3.8/site-packages/airflow/example_dags/example_task_group.py
[2022-03-27 20:14:02,235] {logging_mixin.py:109} INFO - [2022-03-27 20:14:02,235] {dag.py:2398} INFO - Sync 1 DAGs
[2022-03-27 20:14:02,246] {logging_mixin.py:109} INFO - [2022-03-27 20:14:02,246] {dag.py:2937} INFO - Setting next_dagrun for example_task_group to 2022-03-27T01:14:02.246361+00:00
[2022-03-27 20:14:03,805] {processor.py:171} INFO - Processing /home/lowenhard/acceleration/env/lib/python3.8/site-packages/airflow/example_dags/example_task_group.py took 1.608 seconds
[2022-03-27 20:14:56,671] {processor.py:163} INFO - Started process (PID=840) to work on /home/lowenhard/acceleration/env/lib/python3.8/site-packages/airflow/example_dags/example_task_group.py
[2022-03-27 20:14:56,673] {processor.py:642} INFO - Processing file /home/lowenhard/acceleration/env/lib/python3.8/site-packages/airflow/example_dags/example_task_group.py for tasks to queue
[2022-03-27 20:14:56,674] {logging_mixin.py:109} INFO - [2022-03-27 20:14:56,674] {dagbag.py:500} INFO - Filling up the DagBag from /home/lowenhard/acceleration/env/lib/python3.8/site-packages/airflow/example_dags/example_task_group.py
[2022-03-27 20:14:56,694] {processor.py:654} INFO - DAG(s) dict_keys(['example_task_group']) retrieved from /home/lowenhard/acceleration/env/lib/python3.8/site-packages/airflow/example_dags/example_task_group.py
[2022-03-27 20:14:56,705] {logging_mixin.py:109} INFO - [2022-03-27 20:14:56,704] {dag.py:2398} INFO - Sync 1 DAGs
[2022-03-27 20:14:56,716] {logging_mixin.py:109} INFO - [2022-03-27 20:14:56,716] {dag.py:2937} INFO - Setting next_dagrun for example_task_group to 2022-03-27T01:14:56.715906+00:00
[2022-03-27 20:14:56,858] {processor.py:171} INFO - Processing /home/lowenhard/acceleration/env/lib/python3.8/site-packages/airflow/example_dags/example_task_group.py took 0.190 seconds
[2022-03-27 20:15:46,419] {processor.py:163} INFO - Started process (PID=885) to work on /home/lowenhard/acceleration/env/lib/python3.8/site-packages/airflow/example_dags/example_task_group.py
[2022-03-27 20:15:46,422] {processor.py:642} INFO - Processing file /home/lowenhard/acceleration/env/lib/python3.8/site-packages/airflow/example_dags/example_task_group.py for tasks to queue
[2022-03-27 20:15:46,423] {logging_mixin.py:109} INFO - [2022-03-27 20:15:46,423] {dagbag.py:500} INFO - Filling up the DagBag from /home/lowenhard/acceleration/env/lib/python3.8/site-packages/airflow/example_dags/example_task_group.py
[2022-03-27 20:15:46,442] {processor.py:654} INFO - DAG(s) dict_keys(['example_task_group']) retrieved from /home/lowenhard/acceleration/env/lib/python3.8/site-packages/airflow/example_dags/example_task_group.py
[2022-03-27 20:15:46,453] {logging_mixin.py:109} INFO - [2022-03-27 20:15:46,452] {dag.py:2398} INFO - Sync 1 DAGs
[2022-03-27 20:15:46,465] {logging_mixin.py:109} INFO - [2022-03-27 20:15:46,465] {dag.py:2937} INFO - Setting next_dagrun for example_task_group to 2022-03-27T01:15:46.464773+00:00
[2022-03-27 20:15:46,611] {processor.py:171} INFO - Processing /home/lowenhard/acceleration/env/lib/python3.8/site-packages/airflow/example_dags/example_task_group.py took 0.194 seconds
[2022-03-27 20:16:39,044] {processor.py:163} INFO - Started process (PID=931) to work on /home/lowenhard/acceleration/env/lib/python3.8/site-packages/airflow/example_dags/example_task_group.py
[2022-03-27 20:16:39,060] {processor.py:642} INFO - Processing file /home/lowenhard/acceleration/env/lib/python3.8/site-packages/airflow/example_dags/example_task_group.py for tasks to queue
[2022-03-27 20:16:39,060] {logging_mixin.py:109} INFO - [2022-03-27 20:16:39,060] {dagbag.py:500} INFO - Filling up the DagBag from /home/lowenhard/acceleration/env/lib/python3.8/site-packages/airflow/example_dags/example_task_group.py
[2022-03-27 20:16:39,083] {processor.py:654} INFO - DAG(s) dict_keys(['example_task_group']) retrieved from /home/lowenhard/acceleration/env/lib/python3.8/site-packages/airflow/example_dags/example_task_group.py
[2022-03-27 20:16:39,094] {logging_mixin.py:109} INFO - [2022-03-27 20:16:39,094] {dag.py:2398} INFO - Sync 1 DAGs
[2022-03-27 20:16:39,107] {logging_mixin.py:109} INFO - [2022-03-27 20:16:39,107] {dag.py:2937} INFO - Setting next_dagrun for example_task_group to 2022-03-27T01:16:39.105901+00:00
[2022-03-27 20:16:39,267] {processor.py:171} INFO - Processing /home/lowenhard/acceleration/env/lib/python3.8/site-packages/airflow/example_dags/example_task_group.py took 0.226 seconds
[2022-03-27 20:17:56,472] {processor.py:163} INFO - Started process (PID=992) to work on /home/lowenhard/acceleration/env/lib/python3.8/site-packages/airflow/example_dags/example_task_group.py
[2022-03-27 20:17:56,485] {processor.py:642} INFO - Processing file /home/lowenhard/acceleration/env/lib/python3.8/site-packages/airflow/example_dags/example_task_group.py for tasks to queue
[2022-03-27 20:17:56,485] {logging_mixin.py:109} INFO - [2022-03-27 20:17:56,485] {dagbag.py:500} INFO - Filling up the DagBag from /home/lowenhard/acceleration/env/lib/python3.8/site-packages/airflow/example_dags/example_task_group.py
[2022-03-27 20:17:56,505] {processor.py:654} INFO - DAG(s) dict_keys(['example_task_group']) retrieved from /home/lowenhard/acceleration/env/lib/python3.8/site-packages/airflow/example_dags/example_task_group.py
[2022-03-27 20:17:56,514] {logging_mixin.py:109} INFO - [2022-03-27 20:17:56,514] {dag.py:2398} INFO - Sync 1 DAGs
[2022-03-27 20:17:56,526] {logging_mixin.py:109} INFO - [2022-03-27 20:17:56,526] {dag.py:2937} INFO - Setting next_dagrun for example_task_group to 2022-03-27T01:17:56.525797+00:00
[2022-03-27 20:17:56,669] {processor.py:171} INFO - Processing /home/lowenhard/acceleration/env/lib/python3.8/site-packages/airflow/example_dags/example_task_group.py took 0.201 seconds
[2022-03-27 20:18:52,363] {processor.py:163} INFO - Started process (PID=1038) to work on /home/lowenhard/acceleration/env/lib/python3.8/site-packages/airflow/example_dags/example_task_group.py
[2022-03-27 20:18:52,368] {processor.py:642} INFO - Processing file /home/lowenhard/acceleration/env/lib/python3.8/site-packages/airflow/example_dags/example_task_group.py for tasks to queue
[2022-03-27 20:18:52,369] {logging_mixin.py:109} INFO - [2022-03-27 20:18:52,368] {dagbag.py:500} INFO - Filling up the DagBag from /home/lowenhard/acceleration/env/lib/python3.8/site-packages/airflow/example_dags/example_task_group.py
[2022-03-27 20:18:52,394] {processor.py:654} INFO - DAG(s) dict_keys(['example_task_group']) retrieved from /home/lowenhard/acceleration/env/lib/python3.8/site-packages/airflow/example_dags/example_task_group.py
[2022-03-27 20:18:52,403] {logging_mixin.py:109} INFO - [2022-03-27 20:18:52,403] {dag.py:2398} INFO - Sync 1 DAGs
[2022-03-27 20:18:52,415] {logging_mixin.py:109} INFO - [2022-03-27 20:18:52,415] {dag.py:2937} INFO - Setting next_dagrun for example_task_group to 2022-03-27T01:18:52.415151+00:00
[2022-03-27 20:18:52,622] {processor.py:171} INFO - Processing /home/lowenhard/acceleration/env/lib/python3.8/site-packages/airflow/example_dags/example_task_group.py took 0.262 seconds
[2022-03-27 20:19:47,846] {processor.py:163} INFO - Started process (PID=1082) to work on /home/lowenhard/acceleration/env/lib/python3.8/site-packages/airflow/example_dags/example_task_group.py
[2022-03-27 20:19:47,849] {processor.py:642} INFO - Processing file /home/lowenhard/acceleration/env/lib/python3.8/site-packages/airflow/example_dags/example_task_group.py for tasks to queue
[2022-03-27 20:19:47,849] {logging_mixin.py:109} INFO - [2022-03-27 20:19:47,849] {dagbag.py:500} INFO - Filling up the DagBag from /home/lowenhard/acceleration/env/lib/python3.8/site-packages/airflow/example_dags/example_task_group.py
[2022-03-27 20:19:47,870] {processor.py:654} INFO - DAG(s) dict_keys(['example_task_group']) retrieved from /home/lowenhard/acceleration/env/lib/python3.8/site-packages/airflow/example_dags/example_task_group.py
[2022-03-27 20:19:47,879] {logging_mixin.py:109} INFO - [2022-03-27 20:19:47,879] {dag.py:2398} INFO - Sync 1 DAGs
[2022-03-27 20:19:47,891] {logging_mixin.py:109} INFO - [2022-03-27 20:19:47,890] {dag.py:2937} INFO - Setting next_dagrun for example_task_group to 2022-03-27T01:19:47.890623+00:00
[2022-03-27 20:19:48,048] {processor.py:171} INFO - Processing /home/lowenhard/acceleration/env/lib/python3.8/site-packages/airflow/example_dags/example_task_group.py took 0.204 seconds
[2022-03-27 20:20:35,140] {processor.py:163} INFO - Started process (PID=1127) to work on /home/lowenhard/acceleration/env/lib/python3.8/site-packages/airflow/example_dags/example_task_group.py
[2022-03-27 20:20:35,142] {processor.py:642} INFO - Processing file /home/lowenhard/acceleration/env/lib/python3.8/site-packages/airflow/example_dags/example_task_group.py for tasks to queue
[2022-03-27 20:20:35,143] {logging_mixin.py:109} INFO - [2022-03-27 20:20:35,143] {dagbag.py:500} INFO - Filling up the DagBag from /home/lowenhard/acceleration/env/lib/python3.8/site-packages/airflow/example_dags/example_task_group.py
[2022-03-27 20:20:35,164] {processor.py:654} INFO - DAG(s) dict_keys(['example_task_group']) retrieved from /home/lowenhard/acceleration/env/lib/python3.8/site-packages/airflow/example_dags/example_task_group.py
[2022-03-27 20:20:35,173] {logging_mixin.py:109} INFO - [2022-03-27 20:20:35,173] {dag.py:2398} INFO - Sync 1 DAGs
[2022-03-27 20:20:35,185] {logging_mixin.py:109} INFO - [2022-03-27 20:20:35,185] {dag.py:2937} INFO - Setting next_dagrun for example_task_group to 2022-03-27T01:20:35.184869+00:00
[2022-03-27 20:20:35,330] {processor.py:171} INFO - Processing /home/lowenhard/acceleration/env/lib/python3.8/site-packages/airflow/example_dags/example_task_group.py took 0.192 seconds
[2022-03-27 20:21:34,491] {processor.py:163} INFO - Started process (PID=1182) to work on /home/lowenhard/acceleration/env/lib/python3.8/site-packages/airflow/example_dags/example_task_group.py
[2022-03-27 20:21:34,493] {processor.py:642} INFO - Processing file /home/lowenhard/acceleration/env/lib/python3.8/site-packages/airflow/example_dags/example_task_group.py for tasks to queue
[2022-03-27 20:21:34,494] {logging_mixin.py:109} INFO - [2022-03-27 20:21:34,494] {dagbag.py:500} INFO - Filling up the DagBag from /home/lowenhard/acceleration/env/lib/python3.8/site-packages/airflow/example_dags/example_task_group.py
[2022-03-27 20:21:34,515] {processor.py:654} INFO - DAG(s) dict_keys(['example_task_group']) retrieved from /home/lowenhard/acceleration/env/lib/python3.8/site-packages/airflow/example_dags/example_task_group.py
[2022-03-27 20:21:34,524] {logging_mixin.py:109} INFO - [2022-03-27 20:21:34,524] {dag.py:2398} INFO - Sync 1 DAGs
[2022-03-27 20:21:34,535] {logging_mixin.py:109} INFO - [2022-03-27 20:21:34,535] {dag.py:2937} INFO - Setting next_dagrun for example_task_group to 2022-03-27T01:21:34.535506+00:00
[2022-03-27 20:21:34,672] {processor.py:171} INFO - Processing /home/lowenhard/acceleration/env/lib/python3.8/site-packages/airflow/example_dags/example_task_group.py took 0.183 seconds
[2022-03-27 20:22:57,040] {processor.py:163} INFO - Started process (PID=1260) to work on /home/lowenhard/acceleration/env/lib/python3.8/site-packages/airflow/example_dags/example_task_group.py
[2022-03-27 20:22:57,043] {processor.py:642} INFO - Processing file /home/lowenhard/acceleration/env/lib/python3.8/site-packages/airflow/example_dags/example_task_group.py for tasks to queue
[2022-03-27 20:22:57,044] {logging_mixin.py:109} INFO - [2022-03-27 20:22:57,044] {dagbag.py:500} INFO - Filling up the DagBag from /home/lowenhard/acceleration/env/lib/python3.8/site-packages/airflow/example_dags/example_task_group.py
[2022-03-27 20:22:57,065] {processor.py:654} INFO - DAG(s) dict_keys(['example_task_group']) retrieved from /home/lowenhard/acceleration/env/lib/python3.8/site-packages/airflow/example_dags/example_task_group.py
[2022-03-27 20:22:57,074] {logging_mixin.py:109} INFO - [2022-03-27 20:22:57,074] {dag.py:2398} INFO - Sync 1 DAGs
[2022-03-27 20:22:57,086] {logging_mixin.py:109} INFO - [2022-03-27 20:22:57,086] {dag.py:2937} INFO - Setting next_dagrun for example_task_group to 2022-03-27T01:22:57.086027+00:00
[2022-03-27 20:22:57,277] {processor.py:171} INFO - Processing /home/lowenhard/acceleration/env/lib/python3.8/site-packages/airflow/example_dags/example_task_group.py took 0.239 seconds
[2022-03-27 20:23:46,251] {processor.py:163} INFO - Started process (PID=1308) to work on /home/lowenhard/acceleration/env/lib/python3.8/site-packages/airflow/example_dags/example_task_group.py
[2022-03-27 20:23:46,254] {processor.py:642} INFO - Processing file /home/lowenhard/acceleration/env/lib/python3.8/site-packages/airflow/example_dags/example_task_group.py for tasks to queue
[2022-03-27 20:23:46,255] {logging_mixin.py:109} INFO - [2022-03-27 20:23:46,255] {dagbag.py:500} INFO - Filling up the DagBag from /home/lowenhard/acceleration/env/lib/python3.8/site-packages/airflow/example_dags/example_task_group.py
[2022-03-27 20:23:46,276] {processor.py:654} INFO - DAG(s) dict_keys(['example_task_group']) retrieved from /home/lowenhard/acceleration/env/lib/python3.8/site-packages/airflow/example_dags/example_task_group.py
[2022-03-27 20:23:46,285] {logging_mixin.py:109} INFO - [2022-03-27 20:23:46,285] {dag.py:2398} INFO - Sync 1 DAGs
[2022-03-27 20:23:46,296] {logging_mixin.py:109} INFO - [2022-03-27 20:23:46,296] {dag.py:2937} INFO - Setting next_dagrun for example_task_group to 2022-03-27T01:23:46.296344+00:00
[2022-03-27 20:23:46,429] {processor.py:171} INFO - Processing /home/lowenhard/acceleration/env/lib/python3.8/site-packages/airflow/example_dags/example_task_group.py took 0.180 seconds
[2022-03-27 20:24:27,170] {processor.py:163} INFO - Started process (PID=1348) to work on /home/lowenhard/acceleration/env/lib/python3.8/site-packages/airflow/example_dags/example_task_group.py
[2022-03-27 20:24:27,187] {processor.py:642} INFO - Processing file /home/lowenhard/acceleration/env/lib/python3.8/site-packages/airflow/example_dags/example_task_group.py for tasks to queue
[2022-03-27 20:24:27,187] {logging_mixin.py:109} INFO - [2022-03-27 20:24:27,187] {dagbag.py:500} INFO - Filling up the DagBag from /home/lowenhard/acceleration/env/lib/python3.8/site-packages/airflow/example_dags/example_task_group.py
[2022-03-27 20:24:27,208] {processor.py:654} INFO - DAG(s) dict_keys(['example_task_group']) retrieved from /home/lowenhard/acceleration/env/lib/python3.8/site-packages/airflow/example_dags/example_task_group.py
[2022-03-27 20:24:27,218] {logging_mixin.py:109} INFO - [2022-03-27 20:24:27,218] {dag.py:2398} INFO - Sync 1 DAGs
[2022-03-27 20:24:27,229] {logging_mixin.py:109} INFO - [2022-03-27 20:24:27,229] {dag.py:2937} INFO - Setting next_dagrun for example_task_group to 2022-03-27T01:24:27.229126+00:00
[2022-03-27 20:24:27,371] {processor.py:171} INFO - Processing /home/lowenhard/acceleration/env/lib/python3.8/site-packages/airflow/example_dags/example_task_group.py took 0.203 seconds
[2022-03-27 20:25:08,044] {processor.py:163} INFO - Started process (PID=1391) to work on /home/lowenhard/acceleration/env/lib/python3.8/site-packages/airflow/example_dags/example_task_group.py
[2022-03-27 20:25:08,047] {processor.py:642} INFO - Processing file /home/lowenhard/acceleration/env/lib/python3.8/site-packages/airflow/example_dags/example_task_group.py for tasks to queue
[2022-03-27 20:25:08,048] {logging_mixin.py:109} INFO - [2022-03-27 20:25:08,048] {dagbag.py:500} INFO - Filling up the DagBag from /home/lowenhard/acceleration/env/lib/python3.8/site-packages/airflow/example_dags/example_task_group.py
[2022-03-27 20:25:08,069] {processor.py:654} INFO - DAG(s) dict_keys(['example_task_group']) retrieved from /home/lowenhard/acceleration/env/lib/python3.8/site-packages/airflow/example_dags/example_task_group.py
[2022-03-27 20:25:08,078] {logging_mixin.py:109} INFO - [2022-03-27 20:25:08,078] {dag.py:2398} INFO - Sync 1 DAGs
[2022-03-27 20:25:08,091] {logging_mixin.py:109} INFO - [2022-03-27 20:25:08,090] {dag.py:2937} INFO - Setting next_dagrun for example_task_group to 2022-03-27T01:25:08.090690+00:00
[2022-03-27 20:25:08,225] {processor.py:171} INFO - Processing /home/lowenhard/acceleration/env/lib/python3.8/site-packages/airflow/example_dags/example_task_group.py took 0.184 seconds
[2022-03-27 20:25:50,382] {processor.py:163} INFO - Started process (PID=1430) to work on /home/lowenhard/acceleration/env/lib/python3.8/site-packages/airflow/example_dags/example_task_group.py
[2022-03-27 20:25:50,384] {processor.py:642} INFO - Processing file /home/lowenhard/acceleration/env/lib/python3.8/site-packages/airflow/example_dags/example_task_group.py for tasks to queue
[2022-03-27 20:25:50,385] {logging_mixin.py:109} INFO - [2022-03-27 20:25:50,385] {dagbag.py:500} INFO - Filling up the DagBag from /home/lowenhard/acceleration/env/lib/python3.8/site-packages/airflow/example_dags/example_task_group.py
[2022-03-27 20:25:50,405] {processor.py:654} INFO - DAG(s) dict_keys(['example_task_group']) retrieved from /home/lowenhard/acceleration/env/lib/python3.8/site-packages/airflow/example_dags/example_task_group.py
[2022-03-27 20:25:50,414] {logging_mixin.py:109} INFO - [2022-03-27 20:25:50,414] {dag.py:2398} INFO - Sync 1 DAGs
[2022-03-27 20:25:50,427] {logging_mixin.py:109} INFO - [2022-03-27 20:25:50,427] {dag.py:2937} INFO - Setting next_dagrun for example_task_group to 2022-03-27T01:25:50.427060+00:00
[2022-03-27 20:25:50,569] {processor.py:171} INFO - Processing /home/lowenhard/acceleration/env/lib/python3.8/site-packages/airflow/example_dags/example_task_group.py took 0.190 seconds
[2022-03-27 20:26:51,753] {processor.py:163} INFO - Started process (PID=1488) to work on /home/lowenhard/acceleration/env/lib/python3.8/site-packages/airflow/example_dags/example_task_group.py
[2022-03-27 20:26:51,757] {processor.py:642} INFO - Processing file /home/lowenhard/acceleration/env/lib/python3.8/site-packages/airflow/example_dags/example_task_group.py for tasks to queue
[2022-03-27 20:26:51,757] {logging_mixin.py:109} INFO - [2022-03-27 20:26:51,757] {dagbag.py:500} INFO - Filling up the DagBag from /home/lowenhard/acceleration/env/lib/python3.8/site-packages/airflow/example_dags/example_task_group.py
[2022-03-27 20:26:51,780] {processor.py:654} INFO - DAG(s) dict_keys(['example_task_group']) retrieved from /home/lowenhard/acceleration/env/lib/python3.8/site-packages/airflow/example_dags/example_task_group.py
[2022-03-27 20:26:51,789] {logging_mixin.py:109} INFO - [2022-03-27 20:26:51,789] {dag.py:2398} INFO - Sync 1 DAGs
[2022-03-27 20:26:51,801] {logging_mixin.py:109} INFO - [2022-03-27 20:26:51,801] {dag.py:2937} INFO - Setting next_dagrun for example_task_group to 2022-03-27T01:26:51.800886+00:00
[2022-03-27 20:26:52,051] {processor.py:171} INFO - Processing /home/lowenhard/acceleration/env/lib/python3.8/site-packages/airflow/example_dags/example_task_group.py took 0.300 seconds
[2022-03-27 20:27:50,408] {processor.py:163} INFO - Started process (PID=1534) to work on /home/lowenhard/acceleration/env/lib/python3.8/site-packages/airflow/example_dags/example_task_group.py
[2022-03-27 20:27:50,410] {processor.py:642} INFO - Processing file /home/lowenhard/acceleration/env/lib/python3.8/site-packages/airflow/example_dags/example_task_group.py for tasks to queue
[2022-03-27 20:27:50,410] {logging_mixin.py:109} INFO - [2022-03-27 20:27:50,410] {dagbag.py:500} INFO - Filling up the DagBag from /home/lowenhard/acceleration/env/lib/python3.8/site-packages/airflow/example_dags/example_task_group.py
[2022-03-27 20:27:50,433] {processor.py:654} INFO - DAG(s) dict_keys(['example_task_group']) retrieved from /home/lowenhard/acceleration/env/lib/python3.8/site-packages/airflow/example_dags/example_task_group.py
[2022-03-27 20:27:50,445] {logging_mixin.py:109} INFO - [2022-03-27 20:27:50,445] {dag.py:2398} INFO - Sync 1 DAGs
[2022-03-27 20:27:50,461] {logging_mixin.py:109} INFO - [2022-03-27 20:27:50,460] {dag.py:2937} INFO - Setting next_dagrun for example_task_group to 2022-03-27T01:27:50.460672+00:00
[2022-03-27 20:27:50,643] {processor.py:171} INFO - Processing /home/lowenhard/acceleration/env/lib/python3.8/site-packages/airflow/example_dags/example_task_group.py took 0.238 seconds
[2022-03-27 20:28:57,231] {processor.py:163} INFO - Started process (PID=1568) to work on /home/lowenhard/acceleration/env/lib/python3.8/site-packages/airflow/example_dags/example_task_group.py
[2022-03-27 20:28:57,318] {processor.py:642} INFO - Processing file /home/lowenhard/acceleration/env/lib/python3.8/site-packages/airflow/example_dags/example_task_group.py for tasks to queue
[2022-03-27 20:28:57,319] {logging_mixin.py:109} INFO - [2022-03-27 20:28:57,319] {dagbag.py:500} INFO - Filling up the DagBag from /home/lowenhard/acceleration/env/lib/python3.8/site-packages/airflow/example_dags/example_task_group.py
[2022-03-27 20:28:57,346] {processor.py:654} INFO - DAG(s) dict_keys(['example_task_group']) retrieved from /home/lowenhard/acceleration/env/lib/python3.8/site-packages/airflow/example_dags/example_task_group.py
[2022-03-27 20:28:57,354] {logging_mixin.py:109} INFO - [2022-03-27 20:28:57,354] {dag.py:2398} INFO - Sync 1 DAGs
[2022-03-27 20:28:57,367] {logging_mixin.py:109} INFO - [2022-03-27 20:28:57,367] {dag.py:2937} INFO - Setting next_dagrun for example_task_group to 2022-03-27T01:28:57.367361+00:00
[2022-03-27 20:28:57,688] {processor.py:171} INFO - Processing /home/lowenhard/acceleration/env/lib/python3.8/site-packages/airflow/example_dags/example_task_group.py took 0.460 seconds
[2022-03-27 20:30:30,090] {processor.py:163} INFO - Started process (PID=1630) to work on /home/lowenhard/acceleration/env/lib/python3.8/site-packages/airflow/example_dags/example_task_group.py
[2022-03-27 20:30:30,103] {processor.py:642} INFO - Processing file /home/lowenhard/acceleration/env/lib/python3.8/site-packages/airflow/example_dags/example_task_group.py for tasks to queue
[2022-03-27 20:30:30,103] {logging_mixin.py:109} INFO - [2022-03-27 20:30:30,103] {dagbag.py:500} INFO - Filling up the DagBag from /home/lowenhard/acceleration/env/lib/python3.8/site-packages/airflow/example_dags/example_task_group.py
[2022-03-27 20:30:30,123] {processor.py:654} INFO - DAG(s) dict_keys(['example_task_group']) retrieved from /home/lowenhard/acceleration/env/lib/python3.8/site-packages/airflow/example_dags/example_task_group.py
[2022-03-27 20:30:30,133] {logging_mixin.py:109} INFO - [2022-03-27 20:30:30,133] {dag.py:2398} INFO - Sync 1 DAGs
[2022-03-27 20:30:30,145] {logging_mixin.py:109} INFO - [2022-03-27 20:30:30,145] {dag.py:2937} INFO - Setting next_dagrun for example_task_group to 2022-03-27T01:30:30.144977+00:00
[2022-03-27 20:30:31,439] {processor.py:171} INFO - Processing /home/lowenhard/acceleration/env/lib/python3.8/site-packages/airflow/example_dags/example_task_group.py took 1.352 seconds
[2022-03-27 20:48:16,839] {processor.py:163} INFO - Started process (PID=1726) to work on /home/lowenhard/acceleration/env/lib/python3.8/site-packages/airflow/example_dags/example_task_group.py
[2022-03-27 20:48:16,841] {processor.py:642} INFO - Processing file /home/lowenhard/acceleration/env/lib/python3.8/site-packages/airflow/example_dags/example_task_group.py for tasks to queue
[2022-03-27 20:48:16,842] {logging_mixin.py:109} INFO - [2022-03-27 20:48:16,842] {dagbag.py:500} INFO - Filling up the DagBag from /home/lowenhard/acceleration/env/lib/python3.8/site-packages/airflow/example_dags/example_task_group.py
[2022-03-27 20:48:16,863] {processor.py:654} INFO - DAG(s) dict_keys(['example_task_group']) retrieved from /home/lowenhard/acceleration/env/lib/python3.8/site-packages/airflow/example_dags/example_task_group.py
[2022-03-27 20:48:16,873] {logging_mixin.py:109} INFO - [2022-03-27 20:48:16,873] {dag.py:2398} INFO - Sync 1 DAGs
[2022-03-27 20:48:16,884] {logging_mixin.py:109} INFO - [2022-03-27 20:48:16,884] {dag.py:2937} INFO - Setting next_dagrun for example_task_group to 2022-03-27T01:48:16.884353+00:00
[2022-03-27 20:48:17,029] {processor.py:171} INFO - Processing /home/lowenhard/acceleration/env/lib/python3.8/site-packages/airflow/example_dags/example_task_group.py took 0.192 seconds
[2022-03-27 20:49:51,611] {processor.py:163} INFO - Started process (PID=1784) to work on /home/lowenhard/acceleration/env/lib/python3.8/site-packages/airflow/example_dags/example_task_group.py
[2022-03-27 20:49:51,631] {processor.py:642} INFO - Processing file /home/lowenhard/acceleration/env/lib/python3.8/site-packages/airflow/example_dags/example_task_group.py for tasks to queue
[2022-03-27 20:49:51,632] {logging_mixin.py:109} INFO - [2022-03-27 20:49:51,632] {dagbag.py:500} INFO - Filling up the DagBag from /home/lowenhard/acceleration/env/lib/python3.8/site-packages/airflow/example_dags/example_task_group.py
[2022-03-27 20:49:51,654] {processor.py:654} INFO - DAG(s) dict_keys(['example_task_group']) retrieved from /home/lowenhard/acceleration/env/lib/python3.8/site-packages/airflow/example_dags/example_task_group.py
[2022-03-27 20:49:51,664] {logging_mixin.py:109} INFO - [2022-03-27 20:49:51,664] {dag.py:2398} INFO - Sync 1 DAGs
[2022-03-27 20:49:51,678] {logging_mixin.py:109} INFO - [2022-03-27 20:49:51,678] {dag.py:2937} INFO - Setting next_dagrun for example_task_group to 2022-03-27T01:49:51.677953+00:00
[2022-03-27 20:49:53,194] {processor.py:171} INFO - Processing /home/lowenhard/acceleration/env/lib/python3.8/site-packages/airflow/example_dags/example_task_group.py took 1.587 seconds
[2022-03-27 20:50:51,716] {processor.py:163} INFO - Started process (PID=1835) to work on /home/lowenhard/acceleration/env/lib/python3.8/site-packages/airflow/example_dags/example_task_group.py
[2022-03-27 20:50:51,747] {processor.py:642} INFO - Processing file /home/lowenhard/acceleration/env/lib/python3.8/site-packages/airflow/example_dags/example_task_group.py for tasks to queue
[2022-03-27 20:50:51,748] {logging_mixin.py:109} INFO - [2022-03-27 20:50:51,748] {dagbag.py:500} INFO - Filling up the DagBag from /home/lowenhard/acceleration/env/lib/python3.8/site-packages/airflow/example_dags/example_task_group.py
[2022-03-27 20:50:51,774] {processor.py:654} INFO - DAG(s) dict_keys(['example_task_group']) retrieved from /home/lowenhard/acceleration/env/lib/python3.8/site-packages/airflow/example_dags/example_task_group.py
[2022-03-27 20:50:51,792] {logging_mixin.py:109} INFO - [2022-03-27 20:50:51,792] {dag.py:2398} INFO - Sync 1 DAGs
[2022-03-27 20:50:51,810] {logging_mixin.py:109} INFO - [2022-03-27 20:50:51,810] {dag.py:2937} INFO - Setting next_dagrun for example_task_group to 2022-03-27T01:50:51.809686+00:00
[2022-03-27 20:50:51,950] {processor.py:171} INFO - Processing /home/lowenhard/acceleration/env/lib/python3.8/site-packages/airflow/example_dags/example_task_group.py took 0.237 seconds
[2022-03-27 20:51:51,384] {processor.py:163} INFO - Started process (PID=1909) to work on /home/lowenhard/acceleration/env/lib/python3.8/site-packages/airflow/example_dags/example_task_group.py
[2022-03-27 20:51:51,386] {processor.py:642} INFO - Processing file /home/lowenhard/acceleration/env/lib/python3.8/site-packages/airflow/example_dags/example_task_group.py for tasks to queue
[2022-03-27 20:51:51,387] {logging_mixin.py:109} INFO - [2022-03-27 20:51:51,387] {dagbag.py:500} INFO - Filling up the DagBag from /home/lowenhard/acceleration/env/lib/python3.8/site-packages/airflow/example_dags/example_task_group.py
[2022-03-27 20:51:51,409] {processor.py:654} INFO - DAG(s) dict_keys(['example_task_group']) retrieved from /home/lowenhard/acceleration/env/lib/python3.8/site-packages/airflow/example_dags/example_task_group.py
[2022-03-27 20:51:51,421] {logging_mixin.py:109} INFO - [2022-03-27 20:51:51,420] {dag.py:2398} INFO - Sync 1 DAGs
[2022-03-27 20:51:51,434] {logging_mixin.py:109} INFO - [2022-03-27 20:51:51,434] {dag.py:2937} INFO - Setting next_dagrun for example_task_group to 2022-03-27T01:51:51.433743+00:00
[2022-03-27 20:51:52,169] {processor.py:171} INFO - Processing /home/lowenhard/acceleration/env/lib/python3.8/site-packages/airflow/example_dags/example_task_group.py took 0.787 seconds
[2022-03-27 20:53:08,853] {processor.py:163} INFO - Started process (PID=1983) to work on /home/lowenhard/acceleration/env/lib/python3.8/site-packages/airflow/example_dags/example_task_group.py
[2022-03-27 20:53:09,122] {processor.py:642} INFO - Processing file /home/lowenhard/acceleration/env/lib/python3.8/site-packages/airflow/example_dags/example_task_group.py for tasks to queue
[2022-03-27 20:53:09,123] {logging_mixin.py:109} INFO - [2022-03-27 20:53:09,123] {dagbag.py:500} INFO - Filling up the DagBag from /home/lowenhard/acceleration/env/lib/python3.8/site-packages/airflow/example_dags/example_task_group.py
[2022-03-27 20:53:09,144] {processor.py:654} INFO - DAG(s) dict_keys(['example_task_group']) retrieved from /home/lowenhard/acceleration/env/lib/python3.8/site-packages/airflow/example_dags/example_task_group.py
[2022-03-27 20:53:09,155] {logging_mixin.py:109} INFO - [2022-03-27 20:53:09,155] {dag.py:2398} INFO - Sync 1 DAGs
[2022-03-27 20:53:09,168] {logging_mixin.py:109} INFO - [2022-03-27 20:53:09,168] {dag.py:2937} INFO - Setting next_dagrun for example_task_group to 2022-03-27T01:53:09.168422+00:00
[2022-03-27 20:53:09,981] {processor.py:171} INFO - Processing /home/lowenhard/acceleration/env/lib/python3.8/site-packages/airflow/example_dags/example_task_group.py took 1.132 seconds
[2022-03-27 20:54:06,582] {processor.py:163} INFO - Started process (PID=2038) to work on /home/lowenhard/acceleration/env/lib/python3.8/site-packages/airflow/example_dags/example_task_group.py
[2022-03-27 20:54:06,607] {processor.py:642} INFO - Processing file /home/lowenhard/acceleration/env/lib/python3.8/site-packages/airflow/example_dags/example_task_group.py for tasks to queue
[2022-03-27 20:54:06,608] {logging_mixin.py:109} INFO - [2022-03-27 20:54:06,607] {dagbag.py:500} INFO - Filling up the DagBag from /home/lowenhard/acceleration/env/lib/python3.8/site-packages/airflow/example_dags/example_task_group.py
[2022-03-27 20:54:06,629] {processor.py:654} INFO - DAG(s) dict_keys(['example_task_group']) retrieved from /home/lowenhard/acceleration/env/lib/python3.8/site-packages/airflow/example_dags/example_task_group.py
[2022-03-27 20:54:06,638] {logging_mixin.py:109} INFO - [2022-03-27 20:54:06,638] {dag.py:2398} INFO - Sync 1 DAGs
[2022-03-27 20:54:06,650] {logging_mixin.py:109} INFO - [2022-03-27 20:54:06,650] {dag.py:2937} INFO - Setting next_dagrun for example_task_group to 2022-03-27T01:54:06.650159+00:00
[2022-03-27 20:54:07,680] {processor.py:171} INFO - Processing /home/lowenhard/acceleration/env/lib/python3.8/site-packages/airflow/example_dags/example_task_group.py took 1.101 seconds
[2022-03-27 20:54:54,757] {processor.py:163} INFO - Started process (PID=2101) to work on /home/lowenhard/acceleration/env/lib/python3.8/site-packages/airflow/example_dags/example_task_group.py
[2022-03-27 20:54:54,775] {processor.py:642} INFO - Processing file /home/lowenhard/acceleration/env/lib/python3.8/site-packages/airflow/example_dags/example_task_group.py for tasks to queue
[2022-03-27 20:54:54,775] {logging_mixin.py:109} INFO - [2022-03-27 20:54:54,775] {dagbag.py:500} INFO - Filling up the DagBag from /home/lowenhard/acceleration/env/lib/python3.8/site-packages/airflow/example_dags/example_task_group.py
[2022-03-27 20:54:54,797] {processor.py:654} INFO - DAG(s) dict_keys(['example_task_group']) retrieved from /home/lowenhard/acceleration/env/lib/python3.8/site-packages/airflow/example_dags/example_task_group.py
[2022-03-27 20:54:54,806] {logging_mixin.py:109} INFO - [2022-03-27 20:54:54,806] {dag.py:2398} INFO - Sync 1 DAGs
[2022-03-27 20:54:54,818] {logging_mixin.py:109} INFO - [2022-03-27 20:54:54,818] {dag.py:2937} INFO - Setting next_dagrun for example_task_group to 2022-03-27T01:54:54.818382+00:00
[2022-03-27 20:54:54,957] {processor.py:171} INFO - Processing /home/lowenhard/acceleration/env/lib/python3.8/site-packages/airflow/example_dags/example_task_group.py took 0.202 seconds
[2022-03-27 20:55:44,841] {processor.py:163} INFO - Started process (PID=2164) to work on /home/lowenhard/acceleration/env/lib/python3.8/site-packages/airflow/example_dags/example_task_group.py
[2022-03-27 20:55:44,855] {processor.py:642} INFO - Processing file /home/lowenhard/acceleration/env/lib/python3.8/site-packages/airflow/example_dags/example_task_group.py for tasks to queue
[2022-03-27 20:55:44,856] {logging_mixin.py:109} INFO - [2022-03-27 20:55:44,856] {dagbag.py:500} INFO - Filling up the DagBag from /home/lowenhard/acceleration/env/lib/python3.8/site-packages/airflow/example_dags/example_task_group.py
[2022-03-27 20:55:44,876] {processor.py:654} INFO - DAG(s) dict_keys(['example_task_group']) retrieved from /home/lowenhard/acceleration/env/lib/python3.8/site-packages/airflow/example_dags/example_task_group.py
[2022-03-27 20:55:44,887] {logging_mixin.py:109} INFO - [2022-03-27 20:55:44,887] {dag.py:2398} INFO - Sync 1 DAGs
[2022-03-27 20:55:44,903] {logging_mixin.py:109} INFO - [2022-03-27 20:55:44,903] {dag.py:2937} INFO - Setting next_dagrun for example_task_group to 2022-03-27T01:55:44.903211+00:00
[2022-03-27 20:55:45,037] {processor.py:171} INFO - Processing /home/lowenhard/acceleration/env/lib/python3.8/site-packages/airflow/example_dags/example_task_group.py took 0.198 seconds
[2022-03-27 20:56:49,850] {processor.py:163} INFO - Started process (PID=2222) to work on /home/lowenhard/acceleration/env/lib/python3.8/site-packages/airflow/example_dags/example_task_group.py
[2022-03-27 20:56:49,853] {processor.py:642} INFO - Processing file /home/lowenhard/acceleration/env/lib/python3.8/site-packages/airflow/example_dags/example_task_group.py for tasks to queue
[2022-03-27 20:56:49,853] {logging_mixin.py:109} INFO - [2022-03-27 20:56:49,853] {dagbag.py:500} INFO - Filling up the DagBag from /home/lowenhard/acceleration/env/lib/python3.8/site-packages/airflow/example_dags/example_task_group.py
[2022-03-27 20:56:49,873] {processor.py:654} INFO - DAG(s) dict_keys(['example_task_group']) retrieved from /home/lowenhard/acceleration/env/lib/python3.8/site-packages/airflow/example_dags/example_task_group.py
[2022-03-27 20:56:49,883] {logging_mixin.py:109} INFO - [2022-03-27 20:56:49,882] {dag.py:2398} INFO - Sync 1 DAGs
[2022-03-27 20:56:49,895] {logging_mixin.py:109} INFO - [2022-03-27 20:56:49,895] {dag.py:2937} INFO - Setting next_dagrun for example_task_group to 2022-03-27T01:56:49.894765+00:00
[2022-03-27 20:56:50,641] {processor.py:171} INFO - Processing /home/lowenhard/acceleration/env/lib/python3.8/site-packages/airflow/example_dags/example_task_group.py took 0.794 seconds
[2022-03-27 20:57:49,162] {processor.py:163} INFO - Started process (PID=2279) to work on /home/lowenhard/acceleration/env/lib/python3.8/site-packages/airflow/example_dags/example_task_group.py
[2022-03-27 20:57:49,173] {processor.py:642} INFO - Processing file /home/lowenhard/acceleration/env/lib/python3.8/site-packages/airflow/example_dags/example_task_group.py for tasks to queue
[2022-03-27 20:57:49,174] {logging_mixin.py:109} INFO - [2022-03-27 20:57:49,174] {dagbag.py:500} INFO - Filling up the DagBag from /home/lowenhard/acceleration/env/lib/python3.8/site-packages/airflow/example_dags/example_task_group.py
[2022-03-27 20:57:49,196] {processor.py:654} INFO - DAG(s) dict_keys(['example_task_group']) retrieved from /home/lowenhard/acceleration/env/lib/python3.8/site-packages/airflow/example_dags/example_task_group.py
[2022-03-27 20:57:49,205] {logging_mixin.py:109} INFO - [2022-03-27 20:57:49,205] {dag.py:2398} INFO - Sync 1 DAGs
[2022-03-27 20:57:49,217] {logging_mixin.py:109} INFO - [2022-03-27 20:57:49,217] {dag.py:2937} INFO - Setting next_dagrun for example_task_group to 2022-03-27T01:57:49.217065+00:00
[2022-03-27 20:57:49,363] {processor.py:171} INFO - Processing /home/lowenhard/acceleration/env/lib/python3.8/site-packages/airflow/example_dags/example_task_group.py took 0.204 seconds
[2022-03-27 20:58:47,419] {processor.py:163} INFO - Started process (PID=2334) to work on /home/lowenhard/acceleration/env/lib/python3.8/site-packages/airflow/example_dags/example_task_group.py
[2022-03-27 20:58:47,422] {processor.py:642} INFO - Processing file /home/lowenhard/acceleration/env/lib/python3.8/site-packages/airflow/example_dags/example_task_group.py for tasks to queue
[2022-03-27 20:58:47,422] {logging_mixin.py:109} INFO - [2022-03-27 20:58:47,422] {dagbag.py:500} INFO - Filling up the DagBag from /home/lowenhard/acceleration/env/lib/python3.8/site-packages/airflow/example_dags/example_task_group.py
[2022-03-27 20:58:47,444] {processor.py:654} INFO - DAG(s) dict_keys(['example_task_group']) retrieved from /home/lowenhard/acceleration/env/lib/python3.8/site-packages/airflow/example_dags/example_task_group.py
[2022-03-27 20:58:47,454] {logging_mixin.py:109} INFO - [2022-03-27 20:58:47,454] {dag.py:2398} INFO - Sync 1 DAGs
[2022-03-27 20:58:47,466] {logging_mixin.py:109} INFO - [2022-03-27 20:58:47,466] {dag.py:2937} INFO - Setting next_dagrun for example_task_group to 2022-03-27T01:58:47.466523+00:00
[2022-03-27 20:58:48,059] {processor.py:171} INFO - Processing /home/lowenhard/acceleration/env/lib/python3.8/site-packages/airflow/example_dags/example_task_group.py took 0.642 seconds
[2022-03-27 20:59:37,098] {processor.py:163} INFO - Started process (PID=2375) to work on /home/lowenhard/acceleration/env/lib/python3.8/site-packages/airflow/example_dags/example_task_group.py
[2022-03-27 20:59:37,111] {processor.py:642} INFO - Processing file /home/lowenhard/acceleration/env/lib/python3.8/site-packages/airflow/example_dags/example_task_group.py for tasks to queue
[2022-03-27 20:59:37,111] {logging_mixin.py:109} INFO - [2022-03-27 20:59:37,111] {dagbag.py:500} INFO - Filling up the DagBag from /home/lowenhard/acceleration/env/lib/python3.8/site-packages/airflow/example_dags/example_task_group.py
[2022-03-27 20:59:37,134] {processor.py:654} INFO - DAG(s) dict_keys(['example_task_group']) retrieved from /home/lowenhard/acceleration/env/lib/python3.8/site-packages/airflow/example_dags/example_task_group.py
[2022-03-27 20:59:37,143] {logging_mixin.py:109} INFO - [2022-03-27 20:59:37,143] {dag.py:2398} INFO - Sync 1 DAGs
[2022-03-27 20:59:37,156] {logging_mixin.py:109} INFO - [2022-03-27 20:59:37,155] {dag.py:2937} INFO - Setting next_dagrun for example_task_group to 2022-03-27T01:59:37.155621+00:00
[2022-03-27 20:59:37,286] {processor.py:171} INFO - Processing /home/lowenhard/acceleration/env/lib/python3.8/site-packages/airflow/example_dags/example_task_group.py took 0.190 seconds
[2022-03-28 05:37:33,710] {processor.py:163} INFO - Started process (PID=344) to work on /home/lowenhard/acceleration/env/lib/python3.8/site-packages/airflow/example_dags/example_task_group.py
[2022-03-28 05:37:33,713] {processor.py:642} INFO - Processing file /home/lowenhard/acceleration/env/lib/python3.8/site-packages/airflow/example_dags/example_task_group.py for tasks to queue
[2022-03-28 05:37:33,713] {logging_mixin.py:109} INFO - [2022-03-28 05:37:33,713] {dagbag.py:500} INFO - Filling up the DagBag from /home/lowenhard/acceleration/env/lib/python3.8/site-packages/airflow/example_dags/example_task_group.py
[2022-03-28 05:37:33,737] {processor.py:654} INFO - DAG(s) dict_keys(['example_task_group']) retrieved from /home/lowenhard/acceleration/env/lib/python3.8/site-packages/airflow/example_dags/example_task_group.py
[2022-03-28 05:37:33,747] {logging_mixin.py:109} INFO - [2022-03-28 05:37:33,747] {dag.py:2398} INFO - Sync 1 DAGs
[2022-03-28 05:37:33,760] {logging_mixin.py:109} INFO - [2022-03-28 05:37:33,760] {dag.py:2937} INFO - Setting next_dagrun for example_task_group to 2022-03-27T10:37:33.760088+00:00
[2022-03-28 05:37:37,303] {processor.py:171} INFO - Processing /home/lowenhard/acceleration/env/lib/python3.8/site-packages/airflow/example_dags/example_task_group.py took 3.596 seconds
