[2022-03-31 13:13:07,804] {processor.py:163} INFO - Started process (PID=463) to work on /home/lowenhard/airflow/dags/etl_retries_universidad_cine.py
[2022-03-31 13:13:07,805] {processor.py:642} INFO - Processing file /home/lowenhard/airflow/dags/etl_retries_universidad_cine.py for tasks to queue
[2022-03-31 13:13:07,805] {logging_mixin.py:109} INFO - [2022-03-31 13:13:07,805] {dagbag.py:500} INFO - Filling up the DagBag from /home/lowenhard/airflow/dags/etl_retries_universidad_cine.py
[2022-03-31 13:13:08,201] {processor.py:654} INFO - DAG(s) dict_keys(['retries_cine']) retrieved from /home/lowenhard/airflow/dags/etl_retries_universidad_cine.py
[2022-03-31 13:13:08,210] {logging_mixin.py:109} INFO - [2022-03-31 13:13:08,209] {dag.py:2398} INFO - Sync 1 DAGs
[2022-03-31 13:13:08,232] {logging_mixin.py:109} INFO - [2022-03-31 13:13:08,231] {dag.py:2937} INFO - Setting next_dagrun for retries_cine to 2022-03-31T18:00:00+00:00
[2022-03-31 13:13:08,669] {processor.py:171} INFO - Processing /home/lowenhard/airflow/dags/etl_retries_universidad_cine.py took 0.867 seconds
[2022-03-31 13:14:47,861] {processor.py:163} INFO - Started process (PID=521) to work on /home/lowenhard/airflow/dags/etl_retries_universidad_cine.py
[2022-03-31 13:14:48,955] {processor.py:642} INFO - Processing file /home/lowenhard/airflow/dags/etl_retries_universidad_cine.py for tasks to queue
[2022-03-31 13:14:48,956] {logging_mixin.py:109} INFO - [2022-03-31 13:14:48,956] {dagbag.py:500} INFO - Filling up the DagBag from /home/lowenhard/airflow/dags/etl_retries_universidad_cine.py
[2022-03-31 13:14:49,326] {processor.py:654} INFO - DAG(s) dict_keys(['retries_cine']) retrieved from /home/lowenhard/airflow/dags/etl_retries_universidad_cine.py
[2022-03-31 13:14:49,333] {logging_mixin.py:109} INFO - [2022-03-31 13:14:49,333] {dag.py:2398} INFO - Sync 1 DAGs
[2022-03-31 13:14:49,346] {logging_mixin.py:109} INFO - [2022-03-31 13:14:49,345] {dag.py:2937} INFO - Setting next_dagrun for retries_cine to 2022-03-31T18:00:00+00:00
[2022-03-31 13:14:50,645] {processor.py:171} INFO - Processing /home/lowenhard/airflow/dags/etl_retries_universidad_cine.py took 2.788 seconds
[2022-03-31 13:15:55,878] {processor.py:163} INFO - Started process (PID=642) to work on /home/lowenhard/airflow/dags/etl_retries_universidad_cine.py
[2022-03-31 13:15:55,901] {processor.py:642} INFO - Processing file /home/lowenhard/airflow/dags/etl_retries_universidad_cine.py for tasks to queue
[2022-03-31 13:15:55,902] {logging_mixin.py:109} INFO - [2022-03-31 13:15:55,902] {dagbag.py:500} INFO - Filling up the DagBag from /home/lowenhard/airflow/dags/etl_retries_universidad_cine.py
[2022-03-31 13:15:56,296] {processor.py:654} INFO - DAG(s) dict_keys(['retries_cine']) retrieved from /home/lowenhard/airflow/dags/etl_retries_universidad_cine.py
[2022-03-31 13:15:56,304] {logging_mixin.py:109} INFO - [2022-03-31 13:15:56,304] {dag.py:2398} INFO - Sync 1 DAGs
[2022-03-31 13:15:56,319] {logging_mixin.py:109} INFO - [2022-03-31 13:15:56,319] {dag.py:2937} INFO - Setting next_dagrun for retries_cine to 2022-03-31T18:00:00+00:00
[2022-03-31 13:15:57,212] {processor.py:171} INFO - Processing /home/lowenhard/airflow/dags/etl_retries_universidad_cine.py took 1.337 seconds
[2022-03-31 13:16:56,616] {processor.py:163} INFO - Started process (PID=693) to work on /home/lowenhard/airflow/dags/etl_retries_universidad_cine.py
[2022-03-31 13:16:56,688] {processor.py:642} INFO - Processing file /home/lowenhard/airflow/dags/etl_retries_universidad_cine.py for tasks to queue
[2022-03-31 13:16:56,689] {logging_mixin.py:109} INFO - [2022-03-31 13:16:56,689] {dagbag.py:500} INFO - Filling up the DagBag from /home/lowenhard/airflow/dags/etl_retries_universidad_cine.py
[2022-03-31 13:16:57,085] {processor.py:654} INFO - DAG(s) dict_keys(['retries_cine']) retrieved from /home/lowenhard/airflow/dags/etl_retries_universidad_cine.py
[2022-03-31 13:16:57,094] {logging_mixin.py:109} INFO - [2022-03-31 13:16:57,094] {dag.py:2398} INFO - Sync 1 DAGs
[2022-03-31 13:16:57,107] {logging_mixin.py:109} INFO - [2022-03-31 13:16:57,107] {dag.py:2937} INFO - Setting next_dagrun for retries_cine to 2022-03-31T18:00:00+00:00
[2022-03-31 13:16:57,235] {processor.py:171} INFO - Processing /home/lowenhard/airflow/dags/etl_retries_universidad_cine.py took 0.621 seconds
[2022-03-31 13:18:23,174] {processor.py:163} INFO - Started process (PID=750) to work on /home/lowenhard/airflow/dags/etl_retries_universidad_cine.py
[2022-03-31 13:18:23,184] {processor.py:642} INFO - Processing file /home/lowenhard/airflow/dags/etl_retries_universidad_cine.py for tasks to queue
[2022-03-31 13:18:23,185] {logging_mixin.py:109} INFO - [2022-03-31 13:18:23,185] {dagbag.py:500} INFO - Filling up the DagBag from /home/lowenhard/airflow/dags/etl_retries_universidad_cine.py
[2022-03-31 13:18:23,628] {processor.py:654} INFO - DAG(s) dict_keys(['retries_cine']) retrieved from /home/lowenhard/airflow/dags/etl_retries_universidad_cine.py
[2022-03-31 13:18:23,636] {logging_mixin.py:109} INFO - [2022-03-31 13:18:23,636] {dag.py:2398} INFO - Sync 1 DAGs
[2022-03-31 13:18:23,650] {logging_mixin.py:109} INFO - [2022-03-31 13:18:23,649] {dag.py:2937} INFO - Setting next_dagrun for retries_cine to 2022-03-31T18:00:00+00:00
[2022-03-31 13:18:24,224] {processor.py:171} INFO - Processing /home/lowenhard/airflow/dags/etl_retries_universidad_cine.py took 1.054 seconds
[2022-03-31 13:19:48,126] {processor.py:163} INFO - Started process (PID=803) to work on /home/lowenhard/airflow/dags/etl_retries_universidad_cine.py
[2022-03-31 13:19:48,130] {processor.py:642} INFO - Processing file /home/lowenhard/airflow/dags/etl_retries_universidad_cine.py for tasks to queue
[2022-03-31 13:19:48,131] {logging_mixin.py:109} INFO - [2022-03-31 13:19:48,130] {dagbag.py:500} INFO - Filling up the DagBag from /home/lowenhard/airflow/dags/etl_retries_universidad_cine.py
[2022-03-31 13:19:48,537] {processor.py:654} INFO - DAG(s) dict_keys(['retries_cine']) retrieved from /home/lowenhard/airflow/dags/etl_retries_universidad_cine.py
[2022-03-31 13:19:48,545] {logging_mixin.py:109} INFO - [2022-03-31 13:19:48,545] {dag.py:2398} INFO - Sync 1 DAGs
[2022-03-31 13:19:48,557] {logging_mixin.py:109} INFO - [2022-03-31 13:19:48,557] {dag.py:2937} INFO - Setting next_dagrun for retries_cine to 2022-03-31T18:00:00+00:00
[2022-03-31 13:19:48,851] {processor.py:171} INFO - Processing /home/lowenhard/airflow/dags/etl_retries_universidad_cine.py took 0.727 seconds
[2022-03-31 13:20:40,143] {processor.py:163} INFO - Started process (PID=846) to work on /home/lowenhard/airflow/dags/etl_retries_universidad_cine.py
[2022-03-31 13:20:40,146] {processor.py:642} INFO - Processing file /home/lowenhard/airflow/dags/etl_retries_universidad_cine.py for tasks to queue
[2022-03-31 13:20:40,146] {logging_mixin.py:109} INFO - [2022-03-31 13:20:40,146] {dagbag.py:500} INFO - Filling up the DagBag from /home/lowenhard/airflow/dags/etl_retries_universidad_cine.py
[2022-03-31 13:20:40,589] {processor.py:654} INFO - DAG(s) dict_keys(['retries_cine']) retrieved from /home/lowenhard/airflow/dags/etl_retries_universidad_cine.py
[2022-03-31 13:20:40,601] {logging_mixin.py:109} INFO - [2022-03-31 13:20:40,601] {dag.py:2398} INFO - Sync 1 DAGs
[2022-03-31 13:20:40,613] {logging_mixin.py:109} INFO - [2022-03-31 13:20:40,613] {dag.py:2937} INFO - Setting next_dagrun for retries_cine to 2022-03-31T18:00:00+00:00
[2022-03-31 13:20:41,065] {processor.py:171} INFO - Processing /home/lowenhard/airflow/dags/etl_retries_universidad_cine.py took 0.924 seconds
[2022-03-31 13:21:33,042] {processor.py:163} INFO - Started process (PID=889) to work on /home/lowenhard/airflow/dags/etl_retries_universidad_cine.py
[2022-03-31 13:21:34,726] {processor.py:642} INFO - Processing file /home/lowenhard/airflow/dags/etl_retries_universidad_cine.py for tasks to queue
[2022-03-31 13:21:34,727] {logging_mixin.py:109} INFO - [2022-03-31 13:21:34,727] {dagbag.py:500} INFO - Filling up the DagBag from /home/lowenhard/airflow/dags/etl_retries_universidad_cine.py
[2022-03-31 13:21:35,081] {processor.py:654} INFO - DAG(s) dict_keys(['retries_cine']) retrieved from /home/lowenhard/airflow/dags/etl_retries_universidad_cine.py
[2022-03-31 13:21:35,089] {logging_mixin.py:109} INFO - [2022-03-31 13:21:35,088] {dag.py:2398} INFO - Sync 1 DAGs
[2022-03-31 13:21:35,102] {logging_mixin.py:109} INFO - [2022-03-31 13:21:35,101] {dag.py:2937} INFO - Setting next_dagrun for retries_cine to 2022-03-31T18:00:00+00:00
[2022-03-31 13:21:36,172] {processor.py:171} INFO - Processing /home/lowenhard/airflow/dags/etl_retries_universidad_cine.py took 3.132 seconds
[2022-03-31 13:22:36,793] {processor.py:163} INFO - Started process (PID=933) to work on /home/lowenhard/airflow/dags/etl_retries_universidad_cine.py
[2022-03-31 13:22:36,801] {processor.py:642} INFO - Processing file /home/lowenhard/airflow/dags/etl_retries_universidad_cine.py for tasks to queue
[2022-03-31 13:22:36,801] {logging_mixin.py:109} INFO - [2022-03-31 13:22:36,801] {dagbag.py:500} INFO - Filling up the DagBag from /home/lowenhard/airflow/dags/etl_retries_universidad_cine.py
[2022-03-31 13:22:37,160] {processor.py:654} INFO - DAG(s) dict_keys(['retries_cine']) retrieved from /home/lowenhard/airflow/dags/etl_retries_universidad_cine.py
[2022-03-31 13:22:37,167] {logging_mixin.py:109} INFO - [2022-03-31 13:22:37,166] {dag.py:2398} INFO - Sync 1 DAGs
[2022-03-31 13:22:37,177] {logging_mixin.py:109} INFO - [2022-03-31 13:22:37,177] {dag.py:2937} INFO - Setting next_dagrun for retries_cine to 2022-03-31T18:00:00+00:00
[2022-03-31 13:22:37,968] {processor.py:171} INFO - Processing /home/lowenhard/airflow/dags/etl_retries_universidad_cine.py took 1.179 seconds
[2022-03-31 13:23:29,806] {processor.py:163} INFO - Started process (PID=977) to work on /home/lowenhard/airflow/dags/etl_retries_universidad_cine.py
[2022-03-31 13:23:29,819] {processor.py:642} INFO - Processing file /home/lowenhard/airflow/dags/etl_retries_universidad_cine.py for tasks to queue
[2022-03-31 13:23:29,820] {logging_mixin.py:109} INFO - [2022-03-31 13:23:29,820] {dagbag.py:500} INFO - Filling up the DagBag from /home/lowenhard/airflow/dags/etl_retries_universidad_cine.py
[2022-03-31 13:23:30,216] {processor.py:654} INFO - DAG(s) dict_keys(['retries_cine']) retrieved from /home/lowenhard/airflow/dags/etl_retries_universidad_cine.py
[2022-03-31 13:23:30,224] {logging_mixin.py:109} INFO - [2022-03-31 13:23:30,224] {dag.py:2398} INFO - Sync 1 DAGs
[2022-03-31 13:23:30,241] {logging_mixin.py:109} INFO - [2022-03-31 13:23:30,241] {dag.py:2937} INFO - Setting next_dagrun for retries_cine to 2022-03-31T18:00:00+00:00
[2022-03-31 13:23:31,844] {processor.py:171} INFO - Processing /home/lowenhard/airflow/dags/etl_retries_universidad_cine.py took 2.040 seconds
[2022-03-31 13:24:30,511] {processor.py:163} INFO - Started process (PID=1020) to work on /home/lowenhard/airflow/dags/etl_retries_universidad_cine.py
[2022-03-31 13:24:30,804] {processor.py:642} INFO - Processing file /home/lowenhard/airflow/dags/etl_retries_universidad_cine.py for tasks to queue
[2022-03-31 13:24:30,805] {logging_mixin.py:109} INFO - [2022-03-31 13:24:30,805] {dagbag.py:500} INFO - Filling up the DagBag from /home/lowenhard/airflow/dags/etl_retries_universidad_cine.py
[2022-03-31 13:24:31,169] {processor.py:654} INFO - DAG(s) dict_keys(['retries_cine']) retrieved from /home/lowenhard/airflow/dags/etl_retries_universidad_cine.py
[2022-03-31 13:24:31,177] {logging_mixin.py:109} INFO - [2022-03-31 13:24:31,177] {dag.py:2398} INFO - Sync 1 DAGs
[2022-03-31 13:24:31,189] {logging_mixin.py:109} INFO - [2022-03-31 13:24:31,188] {dag.py:2937} INFO - Setting next_dagrun for retries_cine to 2022-03-31T18:00:00+00:00
[2022-03-31 13:24:32,081] {processor.py:171} INFO - Processing /home/lowenhard/airflow/dags/etl_retries_universidad_cine.py took 1.572 seconds
[2022-03-31 13:25:33,002] {processor.py:163} INFO - Started process (PID=1066) to work on /home/lowenhard/airflow/dags/etl_retries_universidad_cine.py
[2022-03-31 13:25:33,013] {processor.py:642} INFO - Processing file /home/lowenhard/airflow/dags/etl_retries_universidad_cine.py for tasks to queue
[2022-03-31 13:25:33,013] {logging_mixin.py:109} INFO - [2022-03-31 13:25:33,013] {dagbag.py:500} INFO - Filling up the DagBag from /home/lowenhard/airflow/dags/etl_retries_universidad_cine.py
[2022-03-31 13:25:33,379] {processor.py:654} INFO - DAG(s) dict_keys(['retries_cine']) retrieved from /home/lowenhard/airflow/dags/etl_retries_universidad_cine.py
[2022-03-31 13:25:33,387] {logging_mixin.py:109} INFO - [2022-03-31 13:25:33,387] {dag.py:2398} INFO - Sync 1 DAGs
[2022-03-31 13:25:33,399] {logging_mixin.py:109} INFO - [2022-03-31 13:25:33,399] {dag.py:2937} INFO - Setting next_dagrun for retries_cine to 2022-03-31T18:00:00+00:00
[2022-03-31 13:25:35,082] {processor.py:171} INFO - Processing /home/lowenhard/airflow/dags/etl_retries_universidad_cine.py took 2.082 seconds
[2022-03-31 13:26:33,738] {processor.py:163} INFO - Started process (PID=1116) to work on /home/lowenhard/airflow/dags/etl_retries_universidad_cine.py
[2022-03-31 13:26:33,776] {processor.py:642} INFO - Processing file /home/lowenhard/airflow/dags/etl_retries_universidad_cine.py for tasks to queue
[2022-03-31 13:26:33,777] {logging_mixin.py:109} INFO - [2022-03-31 13:26:33,777] {dagbag.py:500} INFO - Filling up the DagBag from /home/lowenhard/airflow/dags/etl_retries_universidad_cine.py
[2022-03-31 13:26:34,111] {processor.py:654} INFO - DAG(s) dict_keys(['retries_cine']) retrieved from /home/lowenhard/airflow/dags/etl_retries_universidad_cine.py
[2022-03-31 13:26:34,122] {logging_mixin.py:109} INFO - [2022-03-31 13:26:34,122] {dag.py:2398} INFO - Sync 1 DAGs
[2022-03-31 13:26:34,137] {logging_mixin.py:109} INFO - [2022-03-31 13:26:34,137] {dag.py:2937} INFO - Setting next_dagrun for retries_cine to 2022-03-31T18:00:00+00:00
[2022-03-31 13:26:34,903] {processor.py:171} INFO - Processing /home/lowenhard/airflow/dags/etl_retries_universidad_cine.py took 1.167 seconds
[2022-03-31 13:27:16,231] {processor.py:163} INFO - Started process (PID=1162) to work on /home/lowenhard/airflow/dags/etl_retries_universidad_cine.py
[2022-03-31 13:27:16,247] {processor.py:642} INFO - Processing file /home/lowenhard/airflow/dags/etl_retries_universidad_cine.py for tasks to queue
[2022-03-31 13:27:16,248] {logging_mixin.py:109} INFO - [2022-03-31 13:27:16,248] {dagbag.py:500} INFO - Filling up the DagBag from /home/lowenhard/airflow/dags/etl_retries_universidad_cine.py
[2022-03-31 13:27:16,621] {processor.py:654} INFO - DAG(s) dict_keys(['retries_cine']) retrieved from /home/lowenhard/airflow/dags/etl_retries_universidad_cine.py
[2022-03-31 13:27:16,630] {logging_mixin.py:109} INFO - [2022-03-31 13:27:16,630] {dag.py:2398} INFO - Sync 1 DAGs
[2022-03-31 13:27:16,645] {logging_mixin.py:109} INFO - [2022-03-31 13:27:16,644] {dag.py:2937} INFO - Setting next_dagrun for retries_cine to 2022-03-31T18:00:00+00:00
[2022-03-31 13:27:16,777] {processor.py:171} INFO - Processing /home/lowenhard/airflow/dags/etl_retries_universidad_cine.py took 0.549 seconds
[2022-03-31 13:28:07,057] {processor.py:163} INFO - Started process (PID=1218) to work on /home/lowenhard/airflow/dags/etl_retries_universidad_cine.py
[2022-03-31 13:28:07,068] {processor.py:642} INFO - Processing file /home/lowenhard/airflow/dags/etl_retries_universidad_cine.py for tasks to queue
[2022-03-31 13:28:07,069] {logging_mixin.py:109} INFO - [2022-03-31 13:28:07,069] {dagbag.py:500} INFO - Filling up the DagBag from /home/lowenhard/airflow/dags/etl_retries_universidad_cine.py
[2022-03-31 13:28:07,421] {processor.py:654} INFO - DAG(s) dict_keys(['retries_cine']) retrieved from /home/lowenhard/airflow/dags/etl_retries_universidad_cine.py
[2022-03-31 13:28:07,430] {logging_mixin.py:109} INFO - [2022-03-31 13:28:07,430] {dag.py:2398} INFO - Sync 1 DAGs
[2022-03-31 13:28:07,444] {logging_mixin.py:109} INFO - [2022-03-31 13:28:07,444] {dag.py:2937} INFO - Setting next_dagrun for retries_cine to 2022-03-31T18:00:00+00:00
[2022-03-31 13:28:07,590] {processor.py:171} INFO - Processing /home/lowenhard/airflow/dags/etl_retries_universidad_cine.py took 0.535 seconds
[2022-03-31 13:29:01,602] {processor.py:163} INFO - Started process (PID=1278) to work on /home/lowenhard/airflow/dags/etl_retries_universidad_cine.py
[2022-03-31 13:29:01,619] {processor.py:642} INFO - Processing file /home/lowenhard/airflow/dags/etl_retries_universidad_cine.py for tasks to queue
[2022-03-31 13:29:01,619] {logging_mixin.py:109} INFO - [2022-03-31 13:29:01,619] {dagbag.py:500} INFO - Filling up the DagBag from /home/lowenhard/airflow/dags/etl_retries_universidad_cine.py
[2022-03-31 13:29:02,096] {processor.py:654} INFO - DAG(s) dict_keys(['retries_cine']) retrieved from /home/lowenhard/airflow/dags/etl_retries_universidad_cine.py
[2022-03-31 13:29:02,104] {logging_mixin.py:109} INFO - [2022-03-31 13:29:02,104] {dag.py:2398} INFO - Sync 1 DAGs
[2022-03-31 13:29:02,116] {logging_mixin.py:109} INFO - [2022-03-31 13:29:02,116] {dag.py:2937} INFO - Setting next_dagrun for retries_cine to 2022-03-31T18:00:00+00:00
[2022-03-31 13:29:02,369] {processor.py:171} INFO - Processing /home/lowenhard/airflow/dags/etl_retries_universidad_cine.py took 0.770 seconds
[2022-03-31 13:30:01,282] {processor.py:163} INFO - Started process (PID=1333) to work on /home/lowenhard/airflow/dags/etl_retries_universidad_cine.py
[2022-03-31 13:30:01,302] {processor.py:642} INFO - Processing file /home/lowenhard/airflow/dags/etl_retries_universidad_cine.py for tasks to queue
[2022-03-31 13:30:01,303] {logging_mixin.py:109} INFO - [2022-03-31 13:30:01,303] {dagbag.py:500} INFO - Filling up the DagBag from /home/lowenhard/airflow/dags/etl_retries_universidad_cine.py
[2022-03-31 13:30:01,649] {processor.py:654} INFO - DAG(s) dict_keys(['retries_cine']) retrieved from /home/lowenhard/airflow/dags/etl_retries_universidad_cine.py
[2022-03-31 13:30:01,665] {logging_mixin.py:109} INFO - [2022-03-31 13:30:01,665] {dag.py:2398} INFO - Sync 1 DAGs
[2022-03-31 13:30:01,681] {logging_mixin.py:109} INFO - [2022-03-31 13:30:01,680] {dag.py:2937} INFO - Setting next_dagrun for retries_cine to 2022-03-31T18:00:00+00:00
[2022-03-31 13:30:01,840] {processor.py:171} INFO - Processing /home/lowenhard/airflow/dags/etl_retries_universidad_cine.py took 0.560 seconds
[2022-03-31 13:31:03,538] {processor.py:163} INFO - Started process (PID=1391) to work on /home/lowenhard/airflow/dags/etl_retries_universidad_cine.py
[2022-03-31 13:31:03,556] {processor.py:642} INFO - Processing file /home/lowenhard/airflow/dags/etl_retries_universidad_cine.py for tasks to queue
[2022-03-31 13:31:03,557] {logging_mixin.py:109} INFO - [2022-03-31 13:31:03,557] {dagbag.py:500} INFO - Filling up the DagBag from /home/lowenhard/airflow/dags/etl_retries_universidad_cine.py
[2022-03-31 13:31:03,883] {processor.py:654} INFO - DAG(s) dict_keys(['retries_cine']) retrieved from /home/lowenhard/airflow/dags/etl_retries_universidad_cine.py
[2022-03-31 13:31:03,892] {logging_mixin.py:109} INFO - [2022-03-31 13:31:03,892] {dag.py:2398} INFO - Sync 1 DAGs
[2022-03-31 13:31:03,911] {logging_mixin.py:109} INFO - [2022-03-31 13:31:03,911] {dag.py:2937} INFO - Setting next_dagrun for retries_cine to 2022-03-31T18:00:00+00:00
[2022-03-31 13:31:04,049] {processor.py:171} INFO - Processing /home/lowenhard/airflow/dags/etl_retries_universidad_cine.py took 0.514 seconds
[2022-03-31 13:31:58,460] {processor.py:163} INFO - Started process (PID=1449) to work on /home/lowenhard/airflow/dags/etl_retries_universidad_cine.py
[2022-03-31 13:31:58,476] {processor.py:642} INFO - Processing file /home/lowenhard/airflow/dags/etl_retries_universidad_cine.py for tasks to queue
[2022-03-31 13:31:58,477] {logging_mixin.py:109} INFO - [2022-03-31 13:31:58,477] {dagbag.py:500} INFO - Filling up the DagBag from /home/lowenhard/airflow/dags/etl_retries_universidad_cine.py
[2022-03-31 13:31:58,820] {processor.py:654} INFO - DAG(s) dict_keys(['retries_cine']) retrieved from /home/lowenhard/airflow/dags/etl_retries_universidad_cine.py
[2022-03-31 13:31:58,831] {logging_mixin.py:109} INFO - [2022-03-31 13:31:58,831] {dag.py:2398} INFO - Sync 1 DAGs
[2022-03-31 13:31:58,844] {logging_mixin.py:109} INFO - [2022-03-31 13:31:58,843] {dag.py:2937} INFO - Setting next_dagrun for retries_cine to 2022-03-31T18:00:00+00:00
[2022-03-31 13:31:59,013] {processor.py:171} INFO - Processing /home/lowenhard/airflow/dags/etl_retries_universidad_cine.py took 0.554 seconds
[2022-03-31 13:32:54,685] {processor.py:163} INFO - Started process (PID=1520) to work on /home/lowenhard/airflow/dags/etl_retries_universidad_cine.py
[2022-03-31 13:32:54,712] {processor.py:642} INFO - Processing file /home/lowenhard/airflow/dags/etl_retries_universidad_cine.py for tasks to queue
[2022-03-31 13:32:54,713] {logging_mixin.py:109} INFO - [2022-03-31 13:32:54,713] {dagbag.py:500} INFO - Filling up the DagBag from /home/lowenhard/airflow/dags/etl_retries_universidad_cine.py
[2022-03-31 13:32:55,089] {processor.py:654} INFO - DAG(s) dict_keys(['retries_cine']) retrieved from /home/lowenhard/airflow/dags/etl_retries_universidad_cine.py
[2022-03-31 13:32:55,103] {logging_mixin.py:109} INFO - [2022-03-31 13:32:55,103] {dag.py:2398} INFO - Sync 1 DAGs
[2022-03-31 13:32:55,121] {logging_mixin.py:109} INFO - [2022-03-31 13:32:55,120] {dag.py:2937} INFO - Setting next_dagrun for retries_cine to 2022-03-31T18:00:00+00:00
[2022-03-31 13:32:55,511] {processor.py:171} INFO - Processing /home/lowenhard/airflow/dags/etl_retries_universidad_cine.py took 0.829 seconds
[2022-03-31 13:34:03,416] {processor.py:163} INFO - Started process (PID=1587) to work on /home/lowenhard/airflow/dags/etl_retries_universidad_cine.py
[2022-03-31 13:34:03,643] {processor.py:642} INFO - Processing file /home/lowenhard/airflow/dags/etl_retries_universidad_cine.py for tasks to queue
[2022-03-31 13:34:03,644] {logging_mixin.py:109} INFO - [2022-03-31 13:34:03,644] {dagbag.py:500} INFO - Filling up the DagBag from /home/lowenhard/airflow/dags/etl_retries_universidad_cine.py
[2022-03-31 13:34:04,264] {processor.py:654} INFO - DAG(s) dict_keys(['retries_cine']) retrieved from /home/lowenhard/airflow/dags/etl_retries_universidad_cine.py
[2022-03-31 13:34:04,271] {logging_mixin.py:109} INFO - [2022-03-31 13:34:04,271] {dag.py:2398} INFO - Sync 1 DAGs
[2022-03-31 13:34:04,284] {logging_mixin.py:109} INFO - [2022-03-31 13:34:04,284] {dag.py:2937} INFO - Setting next_dagrun for retries_cine to 2022-03-31T18:00:00+00:00
[2022-03-31 13:34:04,664] {processor.py:171} INFO - Processing /home/lowenhard/airflow/dags/etl_retries_universidad_cine.py took 1.251 seconds
[2022-03-31 13:34:54,302] {processor.py:163} INFO - Started process (PID=1628) to work on /home/lowenhard/airflow/dags/etl_retries_universidad_cine.py
[2022-03-31 13:34:54,319] {processor.py:642} INFO - Processing file /home/lowenhard/airflow/dags/etl_retries_universidad_cine.py for tasks to queue
[2022-03-31 13:34:54,319] {logging_mixin.py:109} INFO - [2022-03-31 13:34:54,319] {dagbag.py:500} INFO - Filling up the DagBag from /home/lowenhard/airflow/dags/etl_retries_universidad_cine.py
[2022-03-31 13:34:54,695] {processor.py:654} INFO - DAG(s) dict_keys(['retries_cine']) retrieved from /home/lowenhard/airflow/dags/etl_retries_universidad_cine.py
[2022-03-31 13:34:54,707] {logging_mixin.py:109} INFO - [2022-03-31 13:34:54,706] {dag.py:2398} INFO - Sync 1 DAGs
[2022-03-31 13:34:54,722] {logging_mixin.py:109} INFO - [2022-03-31 13:34:54,722] {dag.py:2937} INFO - Setting next_dagrun for retries_cine to 2022-03-31T18:00:00+00:00
[2022-03-31 13:34:54,873] {processor.py:171} INFO - Processing /home/lowenhard/airflow/dags/etl_retries_universidad_cine.py took 0.573 seconds
[2022-03-31 13:36:02,538] {processor.py:163} INFO - Started process (PID=1686) to work on /home/lowenhard/airflow/dags/etl_retries_universidad_cine.py
[2022-03-31 13:36:02,570] {processor.py:642} INFO - Processing file /home/lowenhard/airflow/dags/etl_retries_universidad_cine.py for tasks to queue
[2022-03-31 13:36:02,571] {logging_mixin.py:109} INFO - [2022-03-31 13:36:02,571] {dagbag.py:500} INFO - Filling up the DagBag from /home/lowenhard/airflow/dags/etl_retries_universidad_cine.py
[2022-03-31 13:36:04,746] {processor.py:654} INFO - DAG(s) dict_keys(['retries_cine']) retrieved from /home/lowenhard/airflow/dags/etl_retries_universidad_cine.py
[2022-03-31 13:36:04,757] {logging_mixin.py:109} INFO - [2022-03-31 13:36:04,757] {dag.py:2398} INFO - Sync 1 DAGs
[2022-03-31 13:36:04,769] {logging_mixin.py:109} INFO - [2022-03-31 13:36:04,769] {dag.py:2937} INFO - Setting next_dagrun for retries_cine to 2022-03-31T18:00:00+00:00
[2022-03-31 13:36:05,012] {processor.py:171} INFO - Processing /home/lowenhard/airflow/dags/etl_retries_universidad_cine.py took 2.476 seconds
[2022-03-31 13:36:57,431] {processor.py:163} INFO - Started process (PID=1745) to work on /home/lowenhard/airflow/dags/etl_retries_universidad_cine.py
[2022-03-31 13:36:57,433] {processor.py:642} INFO - Processing file /home/lowenhard/airflow/dags/etl_retries_universidad_cine.py for tasks to queue
[2022-03-31 13:36:57,434] {logging_mixin.py:109} INFO - [2022-03-31 13:36:57,434] {dagbag.py:500} INFO - Filling up the DagBag from /home/lowenhard/airflow/dags/etl_retries_universidad_cine.py
[2022-03-31 13:36:57,772] {processor.py:654} INFO - DAG(s) dict_keys(['retries_cine']) retrieved from /home/lowenhard/airflow/dags/etl_retries_universidad_cine.py
[2022-03-31 13:36:57,781] {logging_mixin.py:109} INFO - [2022-03-31 13:36:57,780] {dag.py:2398} INFO - Sync 1 DAGs
[2022-03-31 13:36:57,796] {logging_mixin.py:109} INFO - [2022-03-31 13:36:57,796] {dag.py:2937} INFO - Setting next_dagrun for retries_cine to 2022-03-31T18:00:00+00:00
[2022-03-31 13:36:57,944] {processor.py:171} INFO - Processing /home/lowenhard/airflow/dags/etl_retries_universidad_cine.py took 0.516 seconds
[2022-03-31 13:37:51,654] {processor.py:163} INFO - Started process (PID=1808) to work on /home/lowenhard/airflow/dags/etl_retries_universidad_cine.py
[2022-03-31 13:37:51,664] {processor.py:642} INFO - Processing file /home/lowenhard/airflow/dags/etl_retries_universidad_cine.py for tasks to queue
[2022-03-31 13:37:51,665] {logging_mixin.py:109} INFO - [2022-03-31 13:37:51,665] {dagbag.py:500} INFO - Filling up the DagBag from /home/lowenhard/airflow/dags/etl_retries_universidad_cine.py
[2022-03-31 13:37:52,145] {processor.py:654} INFO - DAG(s) dict_keys(['retries_cine']) retrieved from /home/lowenhard/airflow/dags/etl_retries_universidad_cine.py
[2022-03-31 13:37:52,158] {logging_mixin.py:109} INFO - [2022-03-31 13:37:52,157] {dag.py:2398} INFO - Sync 1 DAGs
[2022-03-31 13:37:52,171] {logging_mixin.py:109} INFO - [2022-03-31 13:37:52,171] {dag.py:2937} INFO - Setting next_dagrun for retries_cine to 2022-03-31T18:00:00+00:00
[2022-03-31 13:37:52,309] {processor.py:171} INFO - Processing /home/lowenhard/airflow/dags/etl_retries_universidad_cine.py took 0.657 seconds
[2022-03-31 13:38:41,469] {processor.py:163} INFO - Started process (PID=1861) to work on /home/lowenhard/airflow/dags/etl_retries_universidad_cine.py
[2022-03-31 13:38:41,472] {processor.py:642} INFO - Processing file /home/lowenhard/airflow/dags/etl_retries_universidad_cine.py for tasks to queue
[2022-03-31 13:38:41,473] {logging_mixin.py:109} INFO - [2022-03-31 13:38:41,473] {dagbag.py:500} INFO - Filling up the DagBag from /home/lowenhard/airflow/dags/etl_retries_universidad_cine.py
[2022-03-31 13:38:41,869] {processor.py:654} INFO - DAG(s) dict_keys(['retries_cine']) retrieved from /home/lowenhard/airflow/dags/etl_retries_universidad_cine.py
[2022-03-31 13:38:41,877] {logging_mixin.py:109} INFO - [2022-03-31 13:38:41,877] {dag.py:2398} INFO - Sync 1 DAGs
[2022-03-31 13:38:41,889] {logging_mixin.py:109} INFO - [2022-03-31 13:38:41,889] {dag.py:2937} INFO - Setting next_dagrun for retries_cine to 2022-03-31T18:00:00+00:00
[2022-03-31 13:38:42,015] {processor.py:171} INFO - Processing /home/lowenhard/airflow/dags/etl_retries_universidad_cine.py took 0.550 seconds
