[2022-03-31 13:13:09,749] {processor.py:163} INFO - Started process (PID=467) to work on /home/lowenhard/airflow/dags/postgres_conn.py
[2022-03-31 13:13:09,750] {processor.py:642} INFO - Processing file /home/lowenhard/airflow/dags/postgres_conn.py for tasks to queue
[2022-03-31 13:13:09,750] {logging_mixin.py:109} INFO - [2022-03-31 13:13:09,750] {dagbag.py:500} INFO - Filling up the DagBag from /home/lowenhard/airflow/dags/postgres_conn.py
[2022-03-31 13:13:10,185] {processor.py:654} INFO - DAG(s) dict_keys(['postgres_dag']) retrieved from /home/lowenhard/airflow/dags/postgres_conn.py
[2022-03-31 13:13:10,193] {logging_mixin.py:109} INFO - [2022-03-31 13:13:10,193] {dag.py:2398} INFO - Sync 1 DAGs
[2022-03-31 13:13:10,204] {logging_mixin.py:109} INFO - [2022-03-31 13:13:10,204] {dag.py:2937} INFO - Setting next_dagrun for postgres_dag to 2022-03-31T18:11:47.725926+00:00
[2022-03-31 13:13:10,909] {processor.py:171} INFO - Processing /home/lowenhard/airflow/dags/postgres_conn.py took 1.163 seconds
[2022-03-31 13:14:51,896] {processor.py:163} INFO - Started process (PID=525) to work on /home/lowenhard/airflow/dags/postgres_conn.py
[2022-03-31 13:14:52,803] {processor.py:642} INFO - Processing file /home/lowenhard/airflow/dags/postgres_conn.py for tasks to queue
[2022-03-31 13:14:52,804] {logging_mixin.py:109} INFO - [2022-03-31 13:14:52,804] {dagbag.py:500} INFO - Filling up the DagBag from /home/lowenhard/airflow/dags/postgres_conn.py
[2022-03-31 13:14:53,163] {processor.py:654} INFO - DAG(s) dict_keys(['postgres_dag']) retrieved from /home/lowenhard/airflow/dags/postgres_conn.py
[2022-03-31 13:14:53,170] {logging_mixin.py:109} INFO - [2022-03-31 13:14:53,170] {dag.py:2398} INFO - Sync 1 DAGs
[2022-03-31 13:14:53,179] {logging_mixin.py:109} INFO - [2022-03-31 13:14:53,179] {dag.py:2937} INFO - Setting next_dagrun for postgres_dag to 2022-03-31T18:11:47.725926+00:00
[2022-03-31 13:14:53,356] {processor.py:171} INFO - Processing /home/lowenhard/airflow/dags/postgres_conn.py took 1.464 seconds
[2022-03-31 13:15:57,825] {processor.py:163} INFO - Started process (PID=648) to work on /home/lowenhard/airflow/dags/postgres_conn.py
[2022-03-31 13:15:57,837] {processor.py:642} INFO - Processing file /home/lowenhard/airflow/dags/postgres_conn.py for tasks to queue
[2022-03-31 13:15:57,838] {logging_mixin.py:109} INFO - [2022-03-31 13:15:57,838] {dagbag.py:500} INFO - Filling up the DagBag from /home/lowenhard/airflow/dags/postgres_conn.py
[2022-03-31 13:15:58,274] {processor.py:654} INFO - DAG(s) dict_keys(['postgres_dag']) retrieved from /home/lowenhard/airflow/dags/postgres_conn.py
[2022-03-31 13:15:58,284] {logging_mixin.py:109} INFO - [2022-03-31 13:15:58,284] {dag.py:2398} INFO - Sync 1 DAGs
[2022-03-31 13:15:58,297] {logging_mixin.py:109} INFO - [2022-03-31 13:15:58,297] {dag.py:2937} INFO - Setting next_dagrun for postgres_dag to 2022-03-31T18:11:47.725926+00:00
[2022-03-31 13:15:59,452] {processor.py:171} INFO - Processing /home/lowenhard/airflow/dags/postgres_conn.py took 1.629 seconds
[2022-03-31 13:16:57,826] {processor.py:163} INFO - Started process (PID=697) to work on /home/lowenhard/airflow/dags/postgres_conn.py
[2022-03-31 13:16:57,849] {processor.py:642} INFO - Processing file /home/lowenhard/airflow/dags/postgres_conn.py for tasks to queue
[2022-03-31 13:16:57,849] {logging_mixin.py:109} INFO - [2022-03-31 13:16:57,849] {dagbag.py:500} INFO - Filling up the DagBag from /home/lowenhard/airflow/dags/postgres_conn.py
[2022-03-31 13:16:58,311] {processor.py:654} INFO - DAG(s) dict_keys(['postgres_dag']) retrieved from /home/lowenhard/airflow/dags/postgres_conn.py
[2022-03-31 13:16:58,320] {logging_mixin.py:109} INFO - [2022-03-31 13:16:58,320] {dag.py:2398} INFO - Sync 1 DAGs
[2022-03-31 13:16:58,332] {logging_mixin.py:109} INFO - [2022-03-31 13:16:58,332] {dag.py:2937} INFO - Setting next_dagrun for postgres_dag to 2022-03-31T18:11:47.725926+00:00
[2022-03-31 13:16:59,129] {processor.py:171} INFO - Processing /home/lowenhard/airflow/dags/postgres_conn.py took 1.305 seconds
[2022-03-31 13:18:24,705] {processor.py:163} INFO - Started process (PID=754) to work on /home/lowenhard/airflow/dags/postgres_conn.py
[2022-03-31 13:18:24,710] {processor.py:642} INFO - Processing file /home/lowenhard/airflow/dags/postgres_conn.py for tasks to queue
[2022-03-31 13:18:24,711] {logging_mixin.py:109} INFO - [2022-03-31 13:18:24,711] {dagbag.py:500} INFO - Filling up the DagBag from /home/lowenhard/airflow/dags/postgres_conn.py
[2022-03-31 13:18:25,086] {processor.py:654} INFO - DAG(s) dict_keys(['postgres_dag']) retrieved from /home/lowenhard/airflow/dags/postgres_conn.py
[2022-03-31 13:18:25,092] {logging_mixin.py:109} INFO - [2022-03-31 13:18:25,092] {dag.py:2398} INFO - Sync 1 DAGs
[2022-03-31 13:18:25,101] {logging_mixin.py:109} INFO - [2022-03-31 13:18:25,101] {dag.py:2937} INFO - Setting next_dagrun for postgres_dag to 2022-03-31T18:11:47.725926+00:00
[2022-03-31 13:18:26,272] {processor.py:171} INFO - Processing /home/lowenhard/airflow/dags/postgres_conn.py took 1.570 seconds
[2022-03-31 13:19:49,832] {processor.py:163} INFO - Started process (PID=807) to work on /home/lowenhard/airflow/dags/postgres_conn.py
[2022-03-31 13:19:49,940] {processor.py:642} INFO - Processing file /home/lowenhard/airflow/dags/postgres_conn.py for tasks to queue
[2022-03-31 13:19:49,941] {logging_mixin.py:109} INFO - [2022-03-31 13:19:49,941] {dagbag.py:500} INFO - Filling up the DagBag from /home/lowenhard/airflow/dags/postgres_conn.py
[2022-03-31 13:19:50,315] {processor.py:654} INFO - DAG(s) dict_keys(['postgres_dag']) retrieved from /home/lowenhard/airflow/dags/postgres_conn.py
[2022-03-31 13:19:50,322] {logging_mixin.py:109} INFO - [2022-03-31 13:19:50,322] {dag.py:2398} INFO - Sync 1 DAGs
[2022-03-31 13:19:50,331] {logging_mixin.py:109} INFO - [2022-03-31 13:19:50,331] {dag.py:2937} INFO - Setting next_dagrun for postgres_dag to 2022-03-31T18:11:47.725926+00:00
[2022-03-31 13:19:50,601] {processor.py:171} INFO - Processing /home/lowenhard/airflow/dags/postgres_conn.py took 0.772 seconds
[2022-03-31 13:20:42,348] {processor.py:163} INFO - Started process (PID=850) to work on /home/lowenhard/airflow/dags/postgres_conn.py
[2022-03-31 13:20:42,366] {processor.py:642} INFO - Processing file /home/lowenhard/airflow/dags/postgres_conn.py for tasks to queue
[2022-03-31 13:20:42,367] {logging_mixin.py:109} INFO - [2022-03-31 13:20:42,367] {dagbag.py:500} INFO - Filling up the DagBag from /home/lowenhard/airflow/dags/postgres_conn.py
[2022-03-31 13:20:42,732] {processor.py:654} INFO - DAG(s) dict_keys(['postgres_dag']) retrieved from /home/lowenhard/airflow/dags/postgres_conn.py
[2022-03-31 13:20:42,738] {logging_mixin.py:109} INFO - [2022-03-31 13:20:42,738] {dag.py:2398} INFO - Sync 1 DAGs
[2022-03-31 13:20:42,747] {logging_mixin.py:109} INFO - [2022-03-31 13:20:42,747] {dag.py:2937} INFO - Setting next_dagrun for postgres_dag to 2022-03-31T18:11:47.725926+00:00
[2022-03-31 13:20:43,195] {processor.py:171} INFO - Processing /home/lowenhard/airflow/dags/postgres_conn.py took 0.851 seconds
[2022-03-31 13:21:37,051] {processor.py:163} INFO - Started process (PID=893) to work on /home/lowenhard/airflow/dags/postgres_conn.py
[2022-03-31 13:21:37,061] {processor.py:642} INFO - Processing file /home/lowenhard/airflow/dags/postgres_conn.py for tasks to queue
[2022-03-31 13:21:37,061] {logging_mixin.py:109} INFO - [2022-03-31 13:21:37,061] {dagbag.py:500} INFO - Filling up the DagBag from /home/lowenhard/airflow/dags/postgres_conn.py
[2022-03-31 13:21:38,489] {processor.py:654} INFO - DAG(s) dict_keys(['postgres_dag']) retrieved from /home/lowenhard/airflow/dags/postgres_conn.py
[2022-03-31 13:21:38,498] {logging_mixin.py:109} INFO - [2022-03-31 13:21:38,497] {dag.py:2398} INFO - Sync 1 DAGs
[2022-03-31 13:21:38,508] {logging_mixin.py:109} INFO - [2022-03-31 13:21:38,508] {dag.py:2937} INFO - Setting next_dagrun for postgres_dag to 2022-03-31T18:11:47.725926+00:00
[2022-03-31 13:21:38,641] {processor.py:171} INFO - Processing /home/lowenhard/airflow/dags/postgres_conn.py took 1.592 seconds
[2022-03-31 13:22:39,032] {processor.py:163} INFO - Started process (PID=937) to work on /home/lowenhard/airflow/dags/postgres_conn.py
[2022-03-31 13:22:39,043] {processor.py:642} INFO - Processing file /home/lowenhard/airflow/dags/postgres_conn.py for tasks to queue
[2022-03-31 13:22:39,044] {logging_mixin.py:109} INFO - [2022-03-31 13:22:39,044] {dagbag.py:500} INFO - Filling up the DagBag from /home/lowenhard/airflow/dags/postgres_conn.py
[2022-03-31 13:22:39,418] {processor.py:654} INFO - DAG(s) dict_keys(['postgres_dag']) retrieved from /home/lowenhard/airflow/dags/postgres_conn.py
[2022-03-31 13:22:39,425] {logging_mixin.py:109} INFO - [2022-03-31 13:22:39,424] {dag.py:2398} INFO - Sync 1 DAGs
[2022-03-31 13:22:39,433] {logging_mixin.py:109} INFO - [2022-03-31 13:22:39,433] {dag.py:2937} INFO - Setting next_dagrun for postgres_dag to 2022-03-31T18:11:47.725926+00:00
[2022-03-31 13:22:40,459] {processor.py:171} INFO - Processing /home/lowenhard/airflow/dags/postgres_conn.py took 1.429 seconds
[2022-03-31 13:23:33,300] {processor.py:163} INFO - Started process (PID=981) to work on /home/lowenhard/airflow/dags/postgres_conn.py
[2022-03-31 13:23:33,558] {processor.py:642} INFO - Processing file /home/lowenhard/airflow/dags/postgres_conn.py for tasks to queue
[2022-03-31 13:23:33,559] {logging_mixin.py:109} INFO - [2022-03-31 13:23:33,559] {dagbag.py:500} INFO - Filling up the DagBag from /home/lowenhard/airflow/dags/postgres_conn.py
[2022-03-31 13:23:34,019] {processor.py:654} INFO - DAG(s) dict_keys(['postgres_dag']) retrieved from /home/lowenhard/airflow/dags/postgres_conn.py
[2022-03-31 13:23:34,028] {logging_mixin.py:109} INFO - [2022-03-31 13:23:34,027] {dag.py:2398} INFO - Sync 1 DAGs
[2022-03-31 13:23:34,038] {logging_mixin.py:109} INFO - [2022-03-31 13:23:34,038] {dag.py:2937} INFO - Setting next_dagrun for postgres_dag to 2022-03-31T18:11:47.725926+00:00
[2022-03-31 13:23:35,006] {processor.py:171} INFO - Processing /home/lowenhard/airflow/dags/postgres_conn.py took 1.709 seconds
[2022-03-31 13:24:33,157] {processor.py:163} INFO - Started process (PID=1024) to work on /home/lowenhard/airflow/dags/postgres_conn.py
[2022-03-31 13:24:34,332] {processor.py:642} INFO - Processing file /home/lowenhard/airflow/dags/postgres_conn.py for tasks to queue
[2022-03-31 13:24:34,333] {logging_mixin.py:109} INFO - [2022-03-31 13:24:34,333] {dagbag.py:500} INFO - Filling up the DagBag from /home/lowenhard/airflow/dags/postgres_conn.py
[2022-03-31 13:24:34,696] {processor.py:654} INFO - DAG(s) dict_keys(['postgres_dag']) retrieved from /home/lowenhard/airflow/dags/postgres_conn.py
[2022-03-31 13:24:34,703] {logging_mixin.py:109} INFO - [2022-03-31 13:24:34,703] {dag.py:2398} INFO - Sync 1 DAGs
[2022-03-31 13:24:34,712] {logging_mixin.py:109} INFO - [2022-03-31 13:24:34,712] {dag.py:2937} INFO - Setting next_dagrun for postgres_dag to 2022-03-31T18:11:47.725926+00:00
[2022-03-31 13:24:35,610] {processor.py:171} INFO - Processing /home/lowenhard/airflow/dags/postgres_conn.py took 2.456 seconds
[2022-03-31 13:25:36,307] {processor.py:163} INFO - Started process (PID=1070) to work on /home/lowenhard/airflow/dags/postgres_conn.py
[2022-03-31 13:25:36,497] {processor.py:642} INFO - Processing file /home/lowenhard/airflow/dags/postgres_conn.py for tasks to queue
[2022-03-31 13:25:36,498] {logging_mixin.py:109} INFO - [2022-03-31 13:25:36,498] {dagbag.py:500} INFO - Filling up the DagBag from /home/lowenhard/airflow/dags/postgres_conn.py
[2022-03-31 13:25:36,859] {processor.py:654} INFO - DAG(s) dict_keys(['postgres_dag']) retrieved from /home/lowenhard/airflow/dags/postgres_conn.py
[2022-03-31 13:25:36,868] {logging_mixin.py:109} INFO - [2022-03-31 13:25:36,867] {dag.py:2398} INFO - Sync 1 DAGs
[2022-03-31 13:25:36,879] {logging_mixin.py:109} INFO - [2022-03-31 13:25:36,879] {dag.py:2937} INFO - Setting next_dagrun for postgres_dag to 2022-03-31T18:11:47.725926+00:00
[2022-03-31 13:25:37,596] {processor.py:171} INFO - Processing /home/lowenhard/airflow/dags/postgres_conn.py took 1.291 seconds
[2022-03-31 13:26:35,684] {processor.py:163} INFO - Started process (PID=1120) to work on /home/lowenhard/airflow/dags/postgres_conn.py
[2022-03-31 13:26:35,691] {processor.py:642} INFO - Processing file /home/lowenhard/airflow/dags/postgres_conn.py for tasks to queue
[2022-03-31 13:26:35,691] {logging_mixin.py:109} INFO - [2022-03-31 13:26:35,691] {dagbag.py:500} INFO - Filling up the DagBag from /home/lowenhard/airflow/dags/postgres_conn.py
[2022-03-31 13:26:36,084] {processor.py:654} INFO - DAG(s) dict_keys(['postgres_dag']) retrieved from /home/lowenhard/airflow/dags/postgres_conn.py
[2022-03-31 13:26:36,091] {logging_mixin.py:109} INFO - [2022-03-31 13:26:36,091] {dag.py:2398} INFO - Sync 1 DAGs
[2022-03-31 13:26:36,102] {logging_mixin.py:109} INFO - [2022-03-31 13:26:36,102] {dag.py:2937} INFO - Setting next_dagrun for postgres_dag to 2022-03-31T18:11:47.725926+00:00
[2022-03-31 13:26:36,226] {processor.py:171} INFO - Processing /home/lowenhard/airflow/dags/postgres_conn.py took 0.545 seconds
[2022-03-31 13:27:16,940] {processor.py:163} INFO - Started process (PID=1166) to work on /home/lowenhard/airflow/dags/postgres_conn.py
[2022-03-31 13:27:16,943] {processor.py:642} INFO - Processing file /home/lowenhard/airflow/dags/postgres_conn.py for tasks to queue
[2022-03-31 13:27:16,943] {logging_mixin.py:109} INFO - [2022-03-31 13:27:16,943] {dagbag.py:500} INFO - Filling up the DagBag from /home/lowenhard/airflow/dags/postgres_conn.py
[2022-03-31 13:27:17,333] {processor.py:654} INFO - DAG(s) dict_keys(['postgres_dag']) retrieved from /home/lowenhard/airflow/dags/postgres_conn.py
[2022-03-31 13:27:17,342] {logging_mixin.py:109} INFO - [2022-03-31 13:27:17,342] {dag.py:2398} INFO - Sync 1 DAGs
[2022-03-31 13:27:17,354] {logging_mixin.py:109} INFO - [2022-03-31 13:27:17,354] {dag.py:2937} INFO - Setting next_dagrun for postgres_dag to 2022-03-31T18:11:47.725926+00:00
[2022-03-31 13:27:17,497] {processor.py:171} INFO - Processing /home/lowenhard/airflow/dags/postgres_conn.py took 0.559 seconds
[2022-03-31 13:28:08,706] {processor.py:163} INFO - Started process (PID=1222) to work on /home/lowenhard/airflow/dags/postgres_conn.py
[2022-03-31 13:28:08,716] {processor.py:642} INFO - Processing file /home/lowenhard/airflow/dags/postgres_conn.py for tasks to queue
[2022-03-31 13:28:08,717] {logging_mixin.py:109} INFO - [2022-03-31 13:28:08,717] {dagbag.py:500} INFO - Filling up the DagBag from /home/lowenhard/airflow/dags/postgres_conn.py
[2022-03-31 13:28:09,093] {processor.py:654} INFO - DAG(s) dict_keys(['postgres_dag']) retrieved from /home/lowenhard/airflow/dags/postgres_conn.py
[2022-03-31 13:28:09,104] {logging_mixin.py:109} INFO - [2022-03-31 13:28:09,103] {dag.py:2398} INFO - Sync 1 DAGs
[2022-03-31 13:28:09,116] {logging_mixin.py:109} INFO - [2022-03-31 13:28:09,116] {dag.py:2937} INFO - Setting next_dagrun for postgres_dag to 2022-03-31T18:11:47.725926+00:00
[2022-03-31 13:28:09,260] {processor.py:171} INFO - Processing /home/lowenhard/airflow/dags/postgres_conn.py took 0.556 seconds
[2022-03-31 13:29:03,608] {processor.py:163} INFO - Started process (PID=1282) to work on /home/lowenhard/airflow/dags/postgres_conn.py
[2022-03-31 13:29:03,620] {processor.py:642} INFO - Processing file /home/lowenhard/airflow/dags/postgres_conn.py for tasks to queue
[2022-03-31 13:29:03,621] {logging_mixin.py:109} INFO - [2022-03-31 13:29:03,620] {dagbag.py:500} INFO - Filling up the DagBag from /home/lowenhard/airflow/dags/postgres_conn.py
[2022-03-31 13:29:03,958] {processor.py:654} INFO - DAG(s) dict_keys(['postgres_dag']) retrieved from /home/lowenhard/airflow/dags/postgres_conn.py
[2022-03-31 13:29:03,969] {logging_mixin.py:109} INFO - [2022-03-31 13:29:03,969] {dag.py:2398} INFO - Sync 1 DAGs
[2022-03-31 13:29:03,979] {logging_mixin.py:109} INFO - [2022-03-31 13:29:03,979] {dag.py:2937} INFO - Setting next_dagrun for postgres_dag to 2022-03-31T18:11:47.725926+00:00
[2022-03-31 13:29:04,123] {processor.py:171} INFO - Processing /home/lowenhard/airflow/dags/postgres_conn.py took 0.517 seconds
[2022-03-31 13:30:02,924] {processor.py:163} INFO - Started process (PID=1337) to work on /home/lowenhard/airflow/dags/postgres_conn.py
[2022-03-31 13:30:02,961] {processor.py:642} INFO - Processing file /home/lowenhard/airflow/dags/postgres_conn.py for tasks to queue
[2022-03-31 13:30:02,962] {logging_mixin.py:109} INFO - [2022-03-31 13:30:02,962] {dagbag.py:500} INFO - Filling up the DagBag from /home/lowenhard/airflow/dags/postgres_conn.py
[2022-03-31 13:30:03,293] {processor.py:654} INFO - DAG(s) dict_keys(['postgres_dag']) retrieved from /home/lowenhard/airflow/dags/postgres_conn.py
[2022-03-31 13:30:03,304] {logging_mixin.py:109} INFO - [2022-03-31 13:30:03,304] {dag.py:2398} INFO - Sync 1 DAGs
[2022-03-31 13:30:03,316] {logging_mixin.py:109} INFO - [2022-03-31 13:30:03,316] {dag.py:2937} INFO - Setting next_dagrun for postgres_dag to 2022-03-31T18:11:47.725926+00:00
[2022-03-31 13:30:03,452] {processor.py:171} INFO - Processing /home/lowenhard/airflow/dags/postgres_conn.py took 0.531 seconds
[2022-03-31 13:31:05,332] {processor.py:163} INFO - Started process (PID=1395) to work on /home/lowenhard/airflow/dags/postgres_conn.py
[2022-03-31 13:31:05,349] {processor.py:642} INFO - Processing file /home/lowenhard/airflow/dags/postgres_conn.py for tasks to queue
[2022-03-31 13:31:05,350] {logging_mixin.py:109} INFO - [2022-03-31 13:31:05,350] {dagbag.py:500} INFO - Filling up the DagBag from /home/lowenhard/airflow/dags/postgres_conn.py
[2022-03-31 13:31:05,707] {processor.py:654} INFO - DAG(s) dict_keys(['postgres_dag']) retrieved from /home/lowenhard/airflow/dags/postgres_conn.py
[2022-03-31 13:31:05,717] {logging_mixin.py:109} INFO - [2022-03-31 13:31:05,717] {dag.py:2398} INFO - Sync 1 DAGs
[2022-03-31 13:31:05,730] {logging_mixin.py:109} INFO - [2022-03-31 13:31:05,730] {dag.py:2937} INFO - Setting next_dagrun for postgres_dag to 2022-03-31T18:11:47.725926+00:00
[2022-03-31 13:31:05,867] {processor.py:171} INFO - Processing /home/lowenhard/airflow/dags/postgres_conn.py took 0.537 seconds
[2022-03-31 13:31:59,107] {processor.py:163} INFO - Started process (PID=1453) to work on /home/lowenhard/airflow/dags/postgres_conn.py
[2022-03-31 13:31:59,118] {processor.py:642} INFO - Processing file /home/lowenhard/airflow/dags/postgres_conn.py for tasks to queue
[2022-03-31 13:31:59,119] {logging_mixin.py:109} INFO - [2022-03-31 13:31:59,119] {dagbag.py:500} INFO - Filling up the DagBag from /home/lowenhard/airflow/dags/postgres_conn.py
[2022-03-31 13:31:59,468] {processor.py:654} INFO - DAG(s) dict_keys(['postgres_dag']) retrieved from /home/lowenhard/airflow/dags/postgres_conn.py
[2022-03-31 13:31:59,479] {logging_mixin.py:109} INFO - [2022-03-31 13:31:59,479] {dag.py:2398} INFO - Sync 1 DAGs
[2022-03-31 13:31:59,491] {logging_mixin.py:109} INFO - [2022-03-31 13:31:59,491] {dag.py:2937} INFO - Setting next_dagrun for postgres_dag to 2022-03-31T18:11:47.725926+00:00
[2022-03-31 13:31:59,947] {processor.py:171} INFO - Processing /home/lowenhard/airflow/dags/postgres_conn.py took 0.842 seconds
[2022-03-31 13:32:56,626] {processor.py:163} INFO - Started process (PID=1524) to work on /home/lowenhard/airflow/dags/postgres_conn.py
[2022-03-31 13:32:56,642] {processor.py:642} INFO - Processing file /home/lowenhard/airflow/dags/postgres_conn.py for tasks to queue
[2022-03-31 13:32:56,643] {logging_mixin.py:109} INFO - [2022-03-31 13:32:56,643] {dagbag.py:500} INFO - Filling up the DagBag from /home/lowenhard/airflow/dags/postgres_conn.py
[2022-03-31 13:32:57,406] {processor.py:654} INFO - DAG(s) dict_keys(['postgres_dag']) retrieved from /home/lowenhard/airflow/dags/postgres_conn.py
[2022-03-31 13:32:57,419] {logging_mixin.py:109} INFO - [2022-03-31 13:32:57,419] {dag.py:2398} INFO - Sync 1 DAGs
[2022-03-31 13:32:57,430] {logging_mixin.py:109} INFO - [2022-03-31 13:32:57,430] {dag.py:2937} INFO - Setting next_dagrun for postgres_dag to 2022-03-31T18:11:47.725926+00:00
[2022-03-31 13:32:57,597] {processor.py:171} INFO - Processing /home/lowenhard/airflow/dags/postgres_conn.py took 0.973 seconds
[2022-03-31 13:34:05,604] {processor.py:163} INFO - Started process (PID=1591) to work on /home/lowenhard/airflow/dags/postgres_conn.py
[2022-03-31 13:34:05,701] {processor.py:642} INFO - Processing file /home/lowenhard/airflow/dags/postgres_conn.py for tasks to queue
[2022-03-31 13:34:05,702] {logging_mixin.py:109} INFO - [2022-03-31 13:34:05,702] {dagbag.py:500} INFO - Filling up the DagBag from /home/lowenhard/airflow/dags/postgres_conn.py
[2022-03-31 13:34:06,199] {processor.py:654} INFO - DAG(s) dict_keys(['postgres_dag']) retrieved from /home/lowenhard/airflow/dags/postgres_conn.py
[2022-03-31 13:34:06,212] {logging_mixin.py:109} INFO - [2022-03-31 13:34:06,212] {dag.py:2398} INFO - Sync 1 DAGs
[2022-03-31 13:34:06,225] {logging_mixin.py:109} INFO - [2022-03-31 13:34:06,225] {dag.py:2937} INFO - Setting next_dagrun for postgres_dag to 2022-03-31T18:11:47.725926+00:00
[2022-03-31 13:34:06,501] {processor.py:171} INFO - Processing /home/lowenhard/airflow/dags/postgres_conn.py took 0.909 seconds
[2022-03-31 13:34:56,103] {processor.py:163} INFO - Started process (PID=1632) to work on /home/lowenhard/airflow/dags/postgres_conn.py
[2022-03-31 13:34:56,302] {processor.py:642} INFO - Processing file /home/lowenhard/airflow/dags/postgres_conn.py for tasks to queue
[2022-03-31 13:34:56,303] {logging_mixin.py:109} INFO - [2022-03-31 13:34:56,303] {dagbag.py:500} INFO - Filling up the DagBag from /home/lowenhard/airflow/dags/postgres_conn.py
[2022-03-31 13:34:56,680] {processor.py:654} INFO - DAG(s) dict_keys(['postgres_dag']) retrieved from /home/lowenhard/airflow/dags/postgres_conn.py
[2022-03-31 13:34:56,696] {logging_mixin.py:109} INFO - [2022-03-31 13:34:56,696] {dag.py:2398} INFO - Sync 1 DAGs
[2022-03-31 13:34:56,709] {logging_mixin.py:109} INFO - [2022-03-31 13:34:56,709] {dag.py:2937} INFO - Setting next_dagrun for postgres_dag to 2022-03-31T18:11:47.725926+00:00
[2022-03-31 13:34:57,982] {processor.py:171} INFO - Processing /home/lowenhard/airflow/dags/postgres_conn.py took 1.882 seconds
[2022-03-31 13:36:06,228] {processor.py:163} INFO - Started process (PID=1690) to work on /home/lowenhard/airflow/dags/postgres_conn.py
[2022-03-31 13:36:06,449] {processor.py:642} INFO - Processing file /home/lowenhard/airflow/dags/postgres_conn.py for tasks to queue
[2022-03-31 13:36:06,450] {logging_mixin.py:109} INFO - [2022-03-31 13:36:06,450] {dagbag.py:500} INFO - Filling up the DagBag from /home/lowenhard/airflow/dags/postgres_conn.py
[2022-03-31 13:36:06,820] {processor.py:654} INFO - DAG(s) dict_keys(['postgres_dag']) retrieved from /home/lowenhard/airflow/dags/postgres_conn.py
[2022-03-31 13:36:06,830] {logging_mixin.py:109} INFO - [2022-03-31 13:36:06,830] {dag.py:2398} INFO - Sync 1 DAGs
[2022-03-31 13:36:06,845] {logging_mixin.py:109} INFO - [2022-03-31 13:36:06,845] {dag.py:2937} INFO - Setting next_dagrun for postgres_dag to 2022-03-31T18:11:47.725926+00:00
[2022-03-31 13:36:07,049] {processor.py:171} INFO - Processing /home/lowenhard/airflow/dags/postgres_conn.py took 0.824 seconds
[2022-03-31 13:36:58,548] {processor.py:163} INFO - Started process (PID=1749) to work on /home/lowenhard/airflow/dags/postgres_conn.py
[2022-03-31 13:36:58,561] {processor.py:642} INFO - Processing file /home/lowenhard/airflow/dags/postgres_conn.py for tasks to queue
[2022-03-31 13:36:58,561] {logging_mixin.py:109} INFO - [2022-03-31 13:36:58,561] {dagbag.py:500} INFO - Filling up the DagBag from /home/lowenhard/airflow/dags/postgres_conn.py
[2022-03-31 13:36:58,906] {processor.py:654} INFO - DAG(s) dict_keys(['postgres_dag']) retrieved from /home/lowenhard/airflow/dags/postgres_conn.py
[2022-03-31 13:36:58,918] {logging_mixin.py:109} INFO - [2022-03-31 13:36:58,918] {dag.py:2398} INFO - Sync 1 DAGs
[2022-03-31 13:36:58,928] {logging_mixin.py:109} INFO - [2022-03-31 13:36:58,928] {dag.py:2937} INFO - Setting next_dagrun for postgres_dag to 2022-03-31T18:11:47.725926+00:00
[2022-03-31 13:36:59,073] {processor.py:171} INFO - Processing /home/lowenhard/airflow/dags/postgres_conn.py took 0.528 seconds
[2022-03-31 13:37:53,398] {processor.py:163} INFO - Started process (PID=1812) to work on /home/lowenhard/airflow/dags/postgres_conn.py
[2022-03-31 13:37:53,411] {processor.py:642} INFO - Processing file /home/lowenhard/airflow/dags/postgres_conn.py for tasks to queue
[2022-03-31 13:37:53,412] {logging_mixin.py:109} INFO - [2022-03-31 13:37:53,412] {dagbag.py:500} INFO - Filling up the DagBag from /home/lowenhard/airflow/dags/postgres_conn.py
[2022-03-31 13:37:53,811] {processor.py:654} INFO - DAG(s) dict_keys(['postgres_dag']) retrieved from /home/lowenhard/airflow/dags/postgres_conn.py
[2022-03-31 13:37:53,824] {logging_mixin.py:109} INFO - [2022-03-31 13:37:53,824] {dag.py:2398} INFO - Sync 1 DAGs
[2022-03-31 13:37:53,845] {logging_mixin.py:109} INFO - [2022-03-31 13:37:53,845] {dag.py:2937} INFO - Setting next_dagrun for postgres_dag to 2022-03-31T18:11:47.725926+00:00
[2022-03-31 13:37:53,982] {processor.py:171} INFO - Processing /home/lowenhard/airflow/dags/postgres_conn.py took 0.587 seconds
[2022-03-31 13:38:43,112] {processor.py:163} INFO - Started process (PID=1865) to work on /home/lowenhard/airflow/dags/postgres_conn.py
[2022-03-31 13:38:43,129] {processor.py:642} INFO - Processing file /home/lowenhard/airflow/dags/postgres_conn.py for tasks to queue
[2022-03-31 13:38:43,130] {logging_mixin.py:109} INFO - [2022-03-31 13:38:43,130] {dagbag.py:500} INFO - Filling up the DagBag from /home/lowenhard/airflow/dags/postgres_conn.py
[2022-03-31 13:38:43,491] {processor.py:654} INFO - DAG(s) dict_keys(['postgres_dag']) retrieved from /home/lowenhard/airflow/dags/postgres_conn.py
[2022-03-31 13:38:43,503] {logging_mixin.py:109} INFO - [2022-03-31 13:38:43,503] {dag.py:2398} INFO - Sync 1 DAGs
[2022-03-31 13:38:43,513] {logging_mixin.py:109} INFO - [2022-03-31 13:38:43,513] {dag.py:2937} INFO - Setting next_dagrun for postgres_dag to 2022-03-31T18:11:47.725926+00:00
[2022-03-31 13:38:43,670] {processor.py:171} INFO - Processing /home/lowenhard/airflow/dags/postgres_conn.py took 0.560 seconds
