[2022-03-23 05:22:21,319] {processor.py:163} INFO - Started process (PID=189) to work on /home/lowenhard/acceleration/env/lib/python3.8/site-packages/airflow/example_dags/plugins/workday.py
[2022-03-23 05:22:21,320] {processor.py:642} INFO - Processing file /home/lowenhard/acceleration/env/lib/python3.8/site-packages/airflow/example_dags/plugins/workday.py for tasks to queue
[2022-03-23 05:22:21,321] {logging_mixin.py:109} INFO - [2022-03-23 05:22:21,320] {dagbag.py:500} INFO - Filling up the DagBag from /home/lowenhard/acceleration/env/lib/python3.8/site-packages/airflow/example_dags/plugins/workday.py
[2022-03-23 05:22:21,331] {processor.py:656} WARNING - No viable dags retrieved from /home/lowenhard/acceleration/env/lib/python3.8/site-packages/airflow/example_dags/plugins/workday.py
[2022-03-23 05:22:21,333] {processor.py:171} INFO - Processing /home/lowenhard/acceleration/env/lib/python3.8/site-packages/airflow/example_dags/plugins/workday.py took 0.016 seconds
[2022-03-23 05:24:16,768] {processor.py:163} INFO - Started process (PID=236) to work on /home/lowenhard/acceleration/env/lib/python3.8/site-packages/airflow/example_dags/plugins/workday.py
[2022-03-23 05:24:16,780] {processor.py:642} INFO - Processing file /home/lowenhard/acceleration/env/lib/python3.8/site-packages/airflow/example_dags/plugins/workday.py for tasks to queue
[2022-03-23 05:24:16,781] {logging_mixin.py:109} INFO - [2022-03-23 05:24:16,781] {dagbag.py:500} INFO - Filling up the DagBag from /home/lowenhard/acceleration/env/lib/python3.8/site-packages/airflow/example_dags/plugins/workday.py
[2022-03-23 05:24:16,792] {processor.py:656} WARNING - No viable dags retrieved from /home/lowenhard/acceleration/env/lib/python3.8/site-packages/airflow/example_dags/plugins/workday.py
[2022-03-23 05:24:16,794] {processor.py:171} INFO - Processing /home/lowenhard/acceleration/env/lib/python3.8/site-packages/airflow/example_dags/plugins/workday.py took 0.029 seconds
[2022-03-23 05:25:43,227] {processor.py:163} INFO - Started process (PID=354) to work on /home/lowenhard/acceleration/env/lib/python3.8/site-packages/airflow/example_dags/plugins/workday.py
[2022-03-23 05:25:43,344] {processor.py:642} INFO - Processing file /home/lowenhard/acceleration/env/lib/python3.8/site-packages/airflow/example_dags/plugins/workday.py for tasks to queue
[2022-03-23 05:25:43,345] {logging_mixin.py:109} INFO - [2022-03-23 05:25:43,345] {dagbag.py:500} INFO - Filling up the DagBag from /home/lowenhard/acceleration/env/lib/python3.8/site-packages/airflow/example_dags/plugins/workday.py
[2022-03-23 05:25:43,355] {processor.py:656} WARNING - No viable dags retrieved from /home/lowenhard/acceleration/env/lib/python3.8/site-packages/airflow/example_dags/plugins/workday.py
[2022-03-23 05:25:43,357] {processor.py:171} INFO - Processing /home/lowenhard/acceleration/env/lib/python3.8/site-packages/airflow/example_dags/plugins/workday.py took 0.133 seconds
[2022-03-23 05:27:14,088] {processor.py:163} INFO - Started process (PID=403) to work on /home/lowenhard/acceleration/env/lib/python3.8/site-packages/airflow/example_dags/plugins/workday.py
[2022-03-23 05:27:14,218] {processor.py:642} INFO - Processing file /home/lowenhard/acceleration/env/lib/python3.8/site-packages/airflow/example_dags/plugins/workday.py for tasks to queue
[2022-03-23 05:27:14,218] {logging_mixin.py:109} INFO - [2022-03-23 05:27:14,218] {dagbag.py:500} INFO - Filling up the DagBag from /home/lowenhard/acceleration/env/lib/python3.8/site-packages/airflow/example_dags/plugins/workday.py
[2022-03-23 05:27:14,227] {processor.py:656} WARNING - No viable dags retrieved from /home/lowenhard/acceleration/env/lib/python3.8/site-packages/airflow/example_dags/plugins/workday.py
[2022-03-23 05:27:14,229] {processor.py:171} INFO - Processing /home/lowenhard/acceleration/env/lib/python3.8/site-packages/airflow/example_dags/plugins/workday.py took 0.144 seconds
[2022-03-23 05:29:52,249] {processor.py:163} INFO - Started process (PID=489) to work on /home/lowenhard/acceleration/env/lib/python3.8/site-packages/airflow/example_dags/plugins/workday.py
[2022-03-23 05:29:52,272] {processor.py:642} INFO - Processing file /home/lowenhard/acceleration/env/lib/python3.8/site-packages/airflow/example_dags/plugins/workday.py for tasks to queue
[2022-03-23 05:29:52,273] {logging_mixin.py:109} INFO - [2022-03-23 05:29:52,273] {dagbag.py:500} INFO - Filling up the DagBag from /home/lowenhard/acceleration/env/lib/python3.8/site-packages/airflow/example_dags/plugins/workday.py
[2022-03-23 05:29:52,284] {processor.py:656} WARNING - No viable dags retrieved from /home/lowenhard/acceleration/env/lib/python3.8/site-packages/airflow/example_dags/plugins/workday.py
[2022-03-23 05:29:52,288] {processor.py:171} INFO - Processing /home/lowenhard/acceleration/env/lib/python3.8/site-packages/airflow/example_dags/plugins/workday.py took 0.041 seconds
[2022-03-23 05:31:29,214] {processor.py:163} INFO - Started process (PID=535) to work on /home/lowenhard/acceleration/env/lib/python3.8/site-packages/airflow/example_dags/plugins/workday.py
[2022-03-23 05:31:29,322] {processor.py:642} INFO - Processing file /home/lowenhard/acceleration/env/lib/python3.8/site-packages/airflow/example_dags/plugins/workday.py for tasks to queue
[2022-03-23 05:31:29,323] {logging_mixin.py:109} INFO - [2022-03-23 05:31:29,323] {dagbag.py:500} INFO - Filling up the DagBag from /home/lowenhard/acceleration/env/lib/python3.8/site-packages/airflow/example_dags/plugins/workday.py
[2022-03-23 05:31:29,335] {processor.py:656} WARNING - No viable dags retrieved from /home/lowenhard/acceleration/env/lib/python3.8/site-packages/airflow/example_dags/plugins/workday.py
[2022-03-23 05:31:29,338] {processor.py:171} INFO - Processing /home/lowenhard/acceleration/env/lib/python3.8/site-packages/airflow/example_dags/plugins/workday.py took 0.126 seconds
[2022-03-23 05:32:55,994] {processor.py:163} INFO - Started process (PID=575) to work on /home/lowenhard/acceleration/env/lib/python3.8/site-packages/airflow/example_dags/plugins/workday.py
[2022-03-23 05:32:56,217] {processor.py:642} INFO - Processing file /home/lowenhard/acceleration/env/lib/python3.8/site-packages/airflow/example_dags/plugins/workday.py for tasks to queue
[2022-03-23 05:32:56,218] {logging_mixin.py:109} INFO - [2022-03-23 05:32:56,218] {dagbag.py:500} INFO - Filling up the DagBag from /home/lowenhard/acceleration/env/lib/python3.8/site-packages/airflow/example_dags/plugins/workday.py
[2022-03-23 05:32:57,463] {processor.py:656} WARNING - No viable dags retrieved from /home/lowenhard/acceleration/env/lib/python3.8/site-packages/airflow/example_dags/plugins/workday.py
[2022-03-23 05:32:57,465] {processor.py:171} INFO - Processing /home/lowenhard/acceleration/env/lib/python3.8/site-packages/airflow/example_dags/plugins/workday.py took 1.475 seconds
[2022-03-23 05:34:35,724] {processor.py:163} INFO - Started process (PID=621) to work on /home/lowenhard/acceleration/env/lib/python3.8/site-packages/airflow/example_dags/plugins/workday.py
[2022-03-23 05:34:36,403] {processor.py:642} INFO - Processing file /home/lowenhard/acceleration/env/lib/python3.8/site-packages/airflow/example_dags/plugins/workday.py for tasks to queue
[2022-03-23 05:34:36,403] {logging_mixin.py:109} INFO - [2022-03-23 05:34:36,403] {dagbag.py:500} INFO - Filling up the DagBag from /home/lowenhard/acceleration/env/lib/python3.8/site-packages/airflow/example_dags/plugins/workday.py
[2022-03-23 05:34:36,642] {processor.py:656} WARNING - No viable dags retrieved from /home/lowenhard/acceleration/env/lib/python3.8/site-packages/airflow/example_dags/plugins/workday.py
[2022-03-23 05:34:36,646] {processor.py:171} INFO - Processing /home/lowenhard/acceleration/env/lib/python3.8/site-packages/airflow/example_dags/plugins/workday.py took 0.924 seconds
[2022-03-23 05:36:02,165] {processor.py:163} INFO - Started process (PID=662) to work on /home/lowenhard/acceleration/env/lib/python3.8/site-packages/airflow/example_dags/plugins/workday.py
[2022-03-23 05:36:02,292] {processor.py:642} INFO - Processing file /home/lowenhard/acceleration/env/lib/python3.8/site-packages/airflow/example_dags/plugins/workday.py for tasks to queue
[2022-03-23 05:36:02,292] {logging_mixin.py:109} INFO - [2022-03-23 05:36:02,292] {dagbag.py:500} INFO - Filling up the DagBag from /home/lowenhard/acceleration/env/lib/python3.8/site-packages/airflow/example_dags/plugins/workday.py
[2022-03-23 05:36:02,302] {processor.py:656} WARNING - No viable dags retrieved from /home/lowenhard/acceleration/env/lib/python3.8/site-packages/airflow/example_dags/plugins/workday.py
[2022-03-23 05:36:02,304] {processor.py:171} INFO - Processing /home/lowenhard/acceleration/env/lib/python3.8/site-packages/airflow/example_dags/plugins/workday.py took 0.141 seconds
[2022-03-23 05:37:52,734] {processor.py:163} INFO - Started process (PID=716) to work on /home/lowenhard/acceleration/env/lib/python3.8/site-packages/airflow/example_dags/plugins/workday.py
[2022-03-23 05:37:52,875] {processor.py:642} INFO - Processing file /home/lowenhard/acceleration/env/lib/python3.8/site-packages/airflow/example_dags/plugins/workday.py for tasks to queue
[2022-03-23 05:37:52,876] {logging_mixin.py:109} INFO - [2022-03-23 05:37:52,876] {dagbag.py:500} INFO - Filling up the DagBag from /home/lowenhard/acceleration/env/lib/python3.8/site-packages/airflow/example_dags/plugins/workday.py
[2022-03-23 05:37:52,901] {processor.py:656} WARNING - No viable dags retrieved from /home/lowenhard/acceleration/env/lib/python3.8/site-packages/airflow/example_dags/plugins/workday.py
[2022-03-23 05:37:52,914] {processor.py:171} INFO - Processing /home/lowenhard/acceleration/env/lib/python3.8/site-packages/airflow/example_dags/plugins/workday.py took 0.185 seconds
[2022-03-23 05:41:17,908] {processor.py:163} INFO - Started process (PID=784) to work on /home/lowenhard/acceleration/env/lib/python3.8/site-packages/airflow/example_dags/plugins/workday.py
[2022-03-23 05:41:17,933] {processor.py:642} INFO - Processing file /home/lowenhard/acceleration/env/lib/python3.8/site-packages/airflow/example_dags/plugins/workday.py for tasks to queue
[2022-03-23 05:41:17,933] {logging_mixin.py:109} INFO - [2022-03-23 05:41:17,933] {dagbag.py:500} INFO - Filling up the DagBag from /home/lowenhard/acceleration/env/lib/python3.8/site-packages/airflow/example_dags/plugins/workday.py
[2022-03-23 05:41:17,949] {processor.py:656} WARNING - No viable dags retrieved from /home/lowenhard/acceleration/env/lib/python3.8/site-packages/airflow/example_dags/plugins/workday.py
[2022-03-23 05:41:17,953] {processor.py:171} INFO - Processing /home/lowenhard/acceleration/env/lib/python3.8/site-packages/airflow/example_dags/plugins/workday.py took 0.048 seconds
[2022-03-23 05:42:55,152] {processor.py:163} INFO - Started process (PID=845) to work on /home/lowenhard/acceleration/env/lib/python3.8/site-packages/airflow/example_dags/plugins/workday.py
[2022-03-23 05:42:55,317] {processor.py:642} INFO - Processing file /home/lowenhard/acceleration/env/lib/python3.8/site-packages/airflow/example_dags/plugins/workday.py for tasks to queue
[2022-03-23 05:42:55,318] {logging_mixin.py:109} INFO - [2022-03-23 05:42:55,318] {dagbag.py:500} INFO - Filling up the DagBag from /home/lowenhard/acceleration/env/lib/python3.8/site-packages/airflow/example_dags/plugins/workday.py
[2022-03-23 05:42:55,328] {processor.py:656} WARNING - No viable dags retrieved from /home/lowenhard/acceleration/env/lib/python3.8/site-packages/airflow/example_dags/plugins/workday.py
[2022-03-23 05:42:55,329] {processor.py:171} INFO - Processing /home/lowenhard/acceleration/env/lib/python3.8/site-packages/airflow/example_dags/plugins/workday.py took 0.179 seconds
[2022-03-23 05:44:11,797] {processor.py:163} INFO - Started process (PID=884) to work on /home/lowenhard/acceleration/env/lib/python3.8/site-packages/airflow/example_dags/plugins/workday.py
[2022-03-23 05:44:11,916] {processor.py:642} INFO - Processing file /home/lowenhard/acceleration/env/lib/python3.8/site-packages/airflow/example_dags/plugins/workday.py for tasks to queue
[2022-03-23 05:44:11,917] {logging_mixin.py:109} INFO - [2022-03-23 05:44:11,917] {dagbag.py:500} INFO - Filling up the DagBag from /home/lowenhard/acceleration/env/lib/python3.8/site-packages/airflow/example_dags/plugins/workday.py
[2022-03-23 05:44:11,928] {processor.py:656} WARNING - No viable dags retrieved from /home/lowenhard/acceleration/env/lib/python3.8/site-packages/airflow/example_dags/plugins/workday.py
[2022-03-23 05:44:11,930] {processor.py:171} INFO - Processing /home/lowenhard/acceleration/env/lib/python3.8/site-packages/airflow/example_dags/plugins/workday.py took 0.136 seconds
[2022-03-23 05:45:33,286] {processor.py:163} INFO - Started process (PID=925) to work on /home/lowenhard/acceleration/env/lib/python3.8/site-packages/airflow/example_dags/plugins/workday.py
[2022-03-23 05:45:33,293] {processor.py:642} INFO - Processing file /home/lowenhard/acceleration/env/lib/python3.8/site-packages/airflow/example_dags/plugins/workday.py for tasks to queue
[2022-03-23 05:45:33,294] {logging_mixin.py:109} INFO - [2022-03-23 05:45:33,293] {dagbag.py:500} INFO - Filling up the DagBag from /home/lowenhard/acceleration/env/lib/python3.8/site-packages/airflow/example_dags/plugins/workday.py
[2022-03-23 05:45:33,307] {processor.py:656} WARNING - No viable dags retrieved from /home/lowenhard/acceleration/env/lib/python3.8/site-packages/airflow/example_dags/plugins/workday.py
[2022-03-23 05:45:33,309] {processor.py:171} INFO - Processing /home/lowenhard/acceleration/env/lib/python3.8/site-packages/airflow/example_dags/plugins/workday.py took 0.025 seconds
[2022-03-23 05:47:22,778] {processor.py:163} INFO - Started process (PID=971) to work on /home/lowenhard/acceleration/env/lib/python3.8/site-packages/airflow/example_dags/plugins/workday.py
[2022-03-23 05:47:23,315] {processor.py:642} INFO - Processing file /home/lowenhard/acceleration/env/lib/python3.8/site-packages/airflow/example_dags/plugins/workday.py for tasks to queue
[2022-03-23 05:47:23,315] {logging_mixin.py:109} INFO - [2022-03-23 05:47:23,315] {dagbag.py:500} INFO - Filling up the DagBag from /home/lowenhard/acceleration/env/lib/python3.8/site-packages/airflow/example_dags/plugins/workday.py
[2022-03-23 05:47:23,325] {processor.py:656} WARNING - No viable dags retrieved from /home/lowenhard/acceleration/env/lib/python3.8/site-packages/airflow/example_dags/plugins/workday.py
[2022-03-23 05:47:23,327] {processor.py:171} INFO - Processing /home/lowenhard/acceleration/env/lib/python3.8/site-packages/airflow/example_dags/plugins/workday.py took 0.551 seconds
[2022-03-23 05:48:51,905] {processor.py:163} INFO - Started process (PID=1013) to work on /home/lowenhard/acceleration/env/lib/python3.8/site-packages/airflow/example_dags/plugins/workday.py
[2022-03-23 05:48:52,020] {processor.py:642} INFO - Processing file /home/lowenhard/acceleration/env/lib/python3.8/site-packages/airflow/example_dags/plugins/workday.py for tasks to queue
[2022-03-23 05:48:52,021] {logging_mixin.py:109} INFO - [2022-03-23 05:48:52,020] {dagbag.py:500} INFO - Filling up the DagBag from /home/lowenhard/acceleration/env/lib/python3.8/site-packages/airflow/example_dags/plugins/workday.py
[2022-03-23 05:48:52,032] {processor.py:656} WARNING - No viable dags retrieved from /home/lowenhard/acceleration/env/lib/python3.8/site-packages/airflow/example_dags/plugins/workday.py
[2022-03-23 05:48:52,034] {processor.py:171} INFO - Processing /home/lowenhard/acceleration/env/lib/python3.8/site-packages/airflow/example_dags/plugins/workday.py took 0.131 seconds
[2022-03-23 05:50:37,620] {processor.py:163} INFO - Started process (PID=1072) to work on /home/lowenhard/acceleration/env/lib/python3.8/site-packages/airflow/example_dags/plugins/workday.py
[2022-03-23 05:50:37,700] {processor.py:642} INFO - Processing file /home/lowenhard/acceleration/env/lib/python3.8/site-packages/airflow/example_dags/plugins/workday.py for tasks to queue
[2022-03-23 05:50:37,701] {logging_mixin.py:109} INFO - [2022-03-23 05:50:37,701] {dagbag.py:500} INFO - Filling up the DagBag from /home/lowenhard/acceleration/env/lib/python3.8/site-packages/airflow/example_dags/plugins/workday.py
[2022-03-23 05:50:37,716] {processor.py:656} WARNING - No viable dags retrieved from /home/lowenhard/acceleration/env/lib/python3.8/site-packages/airflow/example_dags/plugins/workday.py
[2022-03-23 05:50:37,719] {processor.py:171} INFO - Processing /home/lowenhard/acceleration/env/lib/python3.8/site-packages/airflow/example_dags/plugins/workday.py took 0.103 seconds
[2022-03-23 05:52:35,213] {processor.py:163} INFO - Started process (PID=1118) to work on /home/lowenhard/acceleration/env/lib/python3.8/site-packages/airflow/example_dags/plugins/workday.py
[2022-03-23 05:52:35,754] {processor.py:642} INFO - Processing file /home/lowenhard/acceleration/env/lib/python3.8/site-packages/airflow/example_dags/plugins/workday.py for tasks to queue
[2022-03-23 05:52:35,754] {logging_mixin.py:109} INFO - [2022-03-23 05:52:35,754] {dagbag.py:500} INFO - Filling up the DagBag from /home/lowenhard/acceleration/env/lib/python3.8/site-packages/airflow/example_dags/plugins/workday.py
[2022-03-23 05:52:35,763] {processor.py:656} WARNING - No viable dags retrieved from /home/lowenhard/acceleration/env/lib/python3.8/site-packages/airflow/example_dags/plugins/workday.py
[2022-03-23 05:52:35,764] {processor.py:171} INFO - Processing /home/lowenhard/acceleration/env/lib/python3.8/site-packages/airflow/example_dags/plugins/workday.py took 0.553 seconds
[2022-03-23 05:54:17,209] {processor.py:163} INFO - Started process (PID=1165) to work on /home/lowenhard/acceleration/env/lib/python3.8/site-packages/airflow/example_dags/plugins/workday.py
[2022-03-23 05:54:17,222] {processor.py:642} INFO - Processing file /home/lowenhard/acceleration/env/lib/python3.8/site-packages/airflow/example_dags/plugins/workday.py for tasks to queue
[2022-03-23 05:54:17,223] {logging_mixin.py:109} INFO - [2022-03-23 05:54:17,223] {dagbag.py:500} INFO - Filling up the DagBag from /home/lowenhard/acceleration/env/lib/python3.8/site-packages/airflow/example_dags/plugins/workday.py
[2022-03-23 05:54:17,232] {processor.py:656} WARNING - No viable dags retrieved from /home/lowenhard/acceleration/env/lib/python3.8/site-packages/airflow/example_dags/plugins/workday.py
[2022-03-23 05:54:17,233] {processor.py:171} INFO - Processing /home/lowenhard/acceleration/env/lib/python3.8/site-packages/airflow/example_dags/plugins/workday.py took 0.027 seconds
[2022-03-23 05:56:08,401] {processor.py:163} INFO - Started process (PID=1212) to work on /home/lowenhard/acceleration/env/lib/python3.8/site-packages/airflow/example_dags/plugins/workday.py
[2022-03-23 05:56:08,415] {processor.py:642} INFO - Processing file /home/lowenhard/acceleration/env/lib/python3.8/site-packages/airflow/example_dags/plugins/workday.py for tasks to queue
[2022-03-23 05:56:08,416] {logging_mixin.py:109} INFO - [2022-03-23 05:56:08,415] {dagbag.py:500} INFO - Filling up the DagBag from /home/lowenhard/acceleration/env/lib/python3.8/site-packages/airflow/example_dags/plugins/workday.py
[2022-03-23 05:56:08,424] {processor.py:656} WARNING - No viable dags retrieved from /home/lowenhard/acceleration/env/lib/python3.8/site-packages/airflow/example_dags/plugins/workday.py
[2022-03-23 05:56:08,426] {processor.py:171} INFO - Processing /home/lowenhard/acceleration/env/lib/python3.8/site-packages/airflow/example_dags/plugins/workday.py took 0.028 seconds
[2022-03-23 05:57:38,304] {processor.py:163} INFO - Started process (PID=1254) to work on /home/lowenhard/acceleration/env/lib/python3.8/site-packages/airflow/example_dags/plugins/workday.py
[2022-03-23 05:57:38,338] {processor.py:642} INFO - Processing file /home/lowenhard/acceleration/env/lib/python3.8/site-packages/airflow/example_dags/plugins/workday.py for tasks to queue
[2022-03-23 05:57:38,339] {logging_mixin.py:109} INFO - [2022-03-23 05:57:38,339] {dagbag.py:500} INFO - Filling up the DagBag from /home/lowenhard/acceleration/env/lib/python3.8/site-packages/airflow/example_dags/plugins/workday.py
[2022-03-23 05:57:38,348] {processor.py:656} WARNING - No viable dags retrieved from /home/lowenhard/acceleration/env/lib/python3.8/site-packages/airflow/example_dags/plugins/workday.py
[2022-03-23 05:57:38,350] {processor.py:171} INFO - Processing /home/lowenhard/acceleration/env/lib/python3.8/site-packages/airflow/example_dags/plugins/workday.py took 0.048 seconds
[2022-03-23 05:59:13,048] {processor.py:163} INFO - Started process (PID=1294) to work on /home/lowenhard/acceleration/env/lib/python3.8/site-packages/airflow/example_dags/plugins/workday.py
[2022-03-23 05:59:13,767] {processor.py:642} INFO - Processing file /home/lowenhard/acceleration/env/lib/python3.8/site-packages/airflow/example_dags/plugins/workday.py for tasks to queue
[2022-03-23 05:59:13,768] {logging_mixin.py:109} INFO - [2022-03-23 05:59:13,768] {dagbag.py:500} INFO - Filling up the DagBag from /home/lowenhard/acceleration/env/lib/python3.8/site-packages/airflow/example_dags/plugins/workday.py
[2022-03-23 05:59:13,779] {processor.py:656} WARNING - No viable dags retrieved from /home/lowenhard/acceleration/env/lib/python3.8/site-packages/airflow/example_dags/plugins/workday.py
[2022-03-23 05:59:13,782] {processor.py:171} INFO - Processing /home/lowenhard/acceleration/env/lib/python3.8/site-packages/airflow/example_dags/plugins/workday.py took 0.736 seconds
[2022-03-23 06:00:42,189] {processor.py:163} INFO - Started process (PID=1338) to work on /home/lowenhard/acceleration/env/lib/python3.8/site-packages/airflow/example_dags/plugins/workday.py
[2022-03-23 06:00:42,238] {processor.py:642} INFO - Processing file /home/lowenhard/acceleration/env/lib/python3.8/site-packages/airflow/example_dags/plugins/workday.py for tasks to queue
[2022-03-23 06:00:42,239] {logging_mixin.py:109} INFO - [2022-03-23 06:00:42,239] {dagbag.py:500} INFO - Filling up the DagBag from /home/lowenhard/acceleration/env/lib/python3.8/site-packages/airflow/example_dags/plugins/workday.py
[2022-03-23 06:00:42,247] {processor.py:656} WARNING - No viable dags retrieved from /home/lowenhard/acceleration/env/lib/python3.8/site-packages/airflow/example_dags/plugins/workday.py
[2022-03-23 06:00:42,250] {processor.py:171} INFO - Processing /home/lowenhard/acceleration/env/lib/python3.8/site-packages/airflow/example_dags/plugins/workday.py took 0.064 seconds
[2022-03-23 06:02:16,222] {processor.py:163} INFO - Started process (PID=1380) to work on /home/lowenhard/acceleration/env/lib/python3.8/site-packages/airflow/example_dags/plugins/workday.py
[2022-03-23 06:02:16,252] {processor.py:642} INFO - Processing file /home/lowenhard/acceleration/env/lib/python3.8/site-packages/airflow/example_dags/plugins/workday.py for tasks to queue
[2022-03-23 06:02:16,253] {logging_mixin.py:109} INFO - [2022-03-23 06:02:16,253] {dagbag.py:500} INFO - Filling up the DagBag from /home/lowenhard/acceleration/env/lib/python3.8/site-packages/airflow/example_dags/plugins/workday.py
[2022-03-23 06:02:16,265] {processor.py:656} WARNING - No viable dags retrieved from /home/lowenhard/acceleration/env/lib/python3.8/site-packages/airflow/example_dags/plugins/workday.py
[2022-03-23 06:02:16,268] {processor.py:171} INFO - Processing /home/lowenhard/acceleration/env/lib/python3.8/site-packages/airflow/example_dags/plugins/workday.py took 0.049 seconds
[2022-03-23 06:03:37,256] {processor.py:163} INFO - Started process (PID=1422) to work on /home/lowenhard/acceleration/env/lib/python3.8/site-packages/airflow/example_dags/plugins/workday.py
[2022-03-23 06:03:37,419] {processor.py:642} INFO - Processing file /home/lowenhard/acceleration/env/lib/python3.8/site-packages/airflow/example_dags/plugins/workday.py for tasks to queue
[2022-03-23 06:03:37,420] {logging_mixin.py:109} INFO - [2022-03-23 06:03:37,420] {dagbag.py:500} INFO - Filling up the DagBag from /home/lowenhard/acceleration/env/lib/python3.8/site-packages/airflow/example_dags/plugins/workday.py
[2022-03-23 06:03:37,432] {processor.py:656} WARNING - No viable dags retrieved from /home/lowenhard/acceleration/env/lib/python3.8/site-packages/airflow/example_dags/plugins/workday.py
[2022-03-23 06:03:37,434] {processor.py:171} INFO - Processing /home/lowenhard/acceleration/env/lib/python3.8/site-packages/airflow/example_dags/plugins/workday.py took 0.180 seconds
