[2022-03-21 05:18:53,294] {processor.py:163} INFO - Started process (PID=165) to work on /home/lowenhard/acceleration/env/lib/python3.8/site-packages/airflow/example_dags/example_time_delta_sensor_async.py
[2022-03-21 05:18:53,294] {processor.py:642} INFO - Processing file /home/lowenhard/acceleration/env/lib/python3.8/site-packages/airflow/example_dags/example_time_delta_sensor_async.py for tasks to queue
[2022-03-21 05:18:53,295] {logging_mixin.py:109} INFO - [2022-03-21 05:18:53,295] {dagbag.py:500} INFO - Filling up the DagBag from /home/lowenhard/acceleration/env/lib/python3.8/site-packages/airflow/example_dags/example_time_delta_sensor_async.py
[2022-03-21 05:18:53,317] {processor.py:654} INFO - DAG(s) dict_keys(['example_time_delta_sensor_async']) retrieved from /home/lowenhard/acceleration/env/lib/python3.8/site-packages/airflow/example_dags/example_time_delta_sensor_async.py
[2022-03-21 05:18:53,327] {logging_mixin.py:109} INFO - [2022-03-21 05:18:53,327] {dag.py:2398} INFO - Sync 1 DAGs
[2022-03-21 05:18:53,340] {logging_mixin.py:109} INFO - [2022-03-21 05:18:53,340] {dag.py:2937} INFO - Setting next_dagrun for example_time_delta_sensor_async to None
[2022-03-21 05:18:54,880] {processor.py:171} INFO - Processing /home/lowenhard/acceleration/env/lib/python3.8/site-packages/airflow/example_dags/example_time_delta_sensor_async.py took 1.589 seconds
[2022-03-21 05:20:21,120] {processor.py:163} INFO - Started process (PID=262) to work on /home/lowenhard/acceleration/env/lib/python3.8/site-packages/airflow/example_dags/example_time_delta_sensor_async.py
[2022-03-21 05:20:21,850] {processor.py:642} INFO - Processing file /home/lowenhard/acceleration/env/lib/python3.8/site-packages/airflow/example_dags/example_time_delta_sensor_async.py for tasks to queue
[2022-03-21 05:20:21,850] {logging_mixin.py:109} INFO - [2022-03-21 05:20:21,850] {dagbag.py:500} INFO - Filling up the DagBag from /home/lowenhard/acceleration/env/lib/python3.8/site-packages/airflow/example_dags/example_time_delta_sensor_async.py
[2022-03-21 05:20:21,874] {processor.py:654} INFO - DAG(s) dict_keys(['example_time_delta_sensor_async']) retrieved from /home/lowenhard/acceleration/env/lib/python3.8/site-packages/airflow/example_dags/example_time_delta_sensor_async.py
[2022-03-21 05:20:21,884] {logging_mixin.py:109} INFO - [2022-03-21 05:20:21,884] {dag.py:2398} INFO - Sync 1 DAGs
[2022-03-21 05:20:21,897] {logging_mixin.py:109} INFO - [2022-03-21 05:20:21,897] {dag.py:2937} INFO - Setting next_dagrun for example_time_delta_sensor_async to None
[2022-03-21 05:20:22,037] {processor.py:171} INFO - Processing /home/lowenhard/acceleration/env/lib/python3.8/site-packages/airflow/example_dags/example_time_delta_sensor_async.py took 0.920 seconds
[2022-03-21 05:21:55,464] {processor.py:163} INFO - Started process (PID=306) to work on /home/lowenhard/acceleration/env/lib/python3.8/site-packages/airflow/example_dags/example_time_delta_sensor_async.py
[2022-03-21 05:21:55,477] {processor.py:642} INFO - Processing file /home/lowenhard/acceleration/env/lib/python3.8/site-packages/airflow/example_dags/example_time_delta_sensor_async.py for tasks to queue
[2022-03-21 05:21:55,478] {logging_mixin.py:109} INFO - [2022-03-21 05:21:55,478] {dagbag.py:500} INFO - Filling up the DagBag from /home/lowenhard/acceleration/env/lib/python3.8/site-packages/airflow/example_dags/example_time_delta_sensor_async.py
[2022-03-21 05:21:55,497] {processor.py:654} INFO - DAG(s) dict_keys(['example_time_delta_sensor_async']) retrieved from /home/lowenhard/acceleration/env/lib/python3.8/site-packages/airflow/example_dags/example_time_delta_sensor_async.py
[2022-03-21 05:21:55,506] {logging_mixin.py:109} INFO - [2022-03-21 05:21:55,506] {dag.py:2398} INFO - Sync 1 DAGs
[2022-03-21 05:21:55,519] {logging_mixin.py:109} INFO - [2022-03-21 05:21:55,519] {dag.py:2937} INFO - Setting next_dagrun for example_time_delta_sensor_async to None
[2022-03-21 05:21:57,814] {processor.py:171} INFO - Processing /home/lowenhard/acceleration/env/lib/python3.8/site-packages/airflow/example_dags/example_time_delta_sensor_async.py took 2.352 seconds
[2022-03-21 05:23:23,513] {processor.py:163} INFO - Started process (PID=346) to work on /home/lowenhard/acceleration/env/lib/python3.8/site-packages/airflow/example_dags/example_time_delta_sensor_async.py
[2022-03-21 05:23:23,530] {processor.py:642} INFO - Processing file /home/lowenhard/acceleration/env/lib/python3.8/site-packages/airflow/example_dags/example_time_delta_sensor_async.py for tasks to queue
[2022-03-21 05:23:23,530] {logging_mixin.py:109} INFO - [2022-03-21 05:23:23,530] {dagbag.py:500} INFO - Filling up the DagBag from /home/lowenhard/acceleration/env/lib/python3.8/site-packages/airflow/example_dags/example_time_delta_sensor_async.py
[2022-03-21 05:23:23,550] {processor.py:654} INFO - DAG(s) dict_keys(['example_time_delta_sensor_async']) retrieved from /home/lowenhard/acceleration/env/lib/python3.8/site-packages/airflow/example_dags/example_time_delta_sensor_async.py
[2022-03-21 05:23:23,560] {logging_mixin.py:109} INFO - [2022-03-21 05:23:23,560] {dag.py:2398} INFO - Sync 1 DAGs
[2022-03-21 05:23:23,573] {logging_mixin.py:109} INFO - [2022-03-21 05:23:23,573] {dag.py:2937} INFO - Setting next_dagrun for example_time_delta_sensor_async to None
[2022-03-21 05:23:25,244] {processor.py:171} INFO - Processing /home/lowenhard/acceleration/env/lib/python3.8/site-packages/airflow/example_dags/example_time_delta_sensor_async.py took 1.733 seconds
[2022-03-21 05:24:33,452] {processor.py:163} INFO - Started process (PID=381) to work on /home/lowenhard/acceleration/env/lib/python3.8/site-packages/airflow/example_dags/example_time_delta_sensor_async.py
[2022-03-21 05:24:33,520] {processor.py:642} INFO - Processing file /home/lowenhard/acceleration/env/lib/python3.8/site-packages/airflow/example_dags/example_time_delta_sensor_async.py for tasks to queue
[2022-03-21 05:24:33,521] {logging_mixin.py:109} INFO - [2022-03-21 05:24:33,521] {dagbag.py:500} INFO - Filling up the DagBag from /home/lowenhard/acceleration/env/lib/python3.8/site-packages/airflow/example_dags/example_time_delta_sensor_async.py
[2022-03-21 05:24:33,543] {processor.py:654} INFO - DAG(s) dict_keys(['example_time_delta_sensor_async']) retrieved from /home/lowenhard/acceleration/env/lib/python3.8/site-packages/airflow/example_dags/example_time_delta_sensor_async.py
[2022-03-21 05:24:33,551] {logging_mixin.py:109} INFO - [2022-03-21 05:24:33,551] {dag.py:2398} INFO - Sync 1 DAGs
[2022-03-21 05:24:33,566] {logging_mixin.py:109} INFO - [2022-03-21 05:24:33,566] {dag.py:2937} INFO - Setting next_dagrun for example_time_delta_sensor_async to None
[2022-03-21 05:24:34,526] {processor.py:171} INFO - Processing /home/lowenhard/acceleration/env/lib/python3.8/site-packages/airflow/example_dags/example_time_delta_sensor_async.py took 1.077 seconds
[2022-03-21 05:25:52,024] {processor.py:163} INFO - Started process (PID=416) to work on /home/lowenhard/acceleration/env/lib/python3.8/site-packages/airflow/example_dags/example_time_delta_sensor_async.py
[2022-03-21 05:25:52,856] {processor.py:642} INFO - Processing file /home/lowenhard/acceleration/env/lib/python3.8/site-packages/airflow/example_dags/example_time_delta_sensor_async.py for tasks to queue
[2022-03-21 05:25:52,857] {logging_mixin.py:109} INFO - [2022-03-21 05:25:52,857] {dagbag.py:500} INFO - Filling up the DagBag from /home/lowenhard/acceleration/env/lib/python3.8/site-packages/airflow/example_dags/example_time_delta_sensor_async.py
[2022-03-21 05:25:52,895] {processor.py:654} INFO - DAG(s) dict_keys(['example_time_delta_sensor_async']) retrieved from /home/lowenhard/acceleration/env/lib/python3.8/site-packages/airflow/example_dags/example_time_delta_sensor_async.py
[2022-03-21 05:25:52,910] {logging_mixin.py:109} INFO - [2022-03-21 05:25:52,910] {dag.py:2398} INFO - Sync 1 DAGs
[2022-03-21 05:25:52,934] {logging_mixin.py:109} INFO - [2022-03-21 05:25:52,934] {dag.py:2937} INFO - Setting next_dagrun for example_time_delta_sensor_async to None
[2022-03-21 05:25:53,612] {processor.py:171} INFO - Processing /home/lowenhard/acceleration/env/lib/python3.8/site-packages/airflow/example_dags/example_time_delta_sensor_async.py took 1.591 seconds
[2022-03-21 05:27:24,713] {processor.py:163} INFO - Started process (PID=456) to work on /home/lowenhard/acceleration/env/lib/python3.8/site-packages/airflow/example_dags/example_time_delta_sensor_async.py
[2022-03-21 05:27:24,754] {processor.py:642} INFO - Processing file /home/lowenhard/acceleration/env/lib/python3.8/site-packages/airflow/example_dags/example_time_delta_sensor_async.py for tasks to queue
[2022-03-21 05:27:24,754] {logging_mixin.py:109} INFO - [2022-03-21 05:27:24,754] {dagbag.py:500} INFO - Filling up the DagBag from /home/lowenhard/acceleration/env/lib/python3.8/site-packages/airflow/example_dags/example_time_delta_sensor_async.py
[2022-03-21 05:27:24,774] {processor.py:654} INFO - DAG(s) dict_keys(['example_time_delta_sensor_async']) retrieved from /home/lowenhard/acceleration/env/lib/python3.8/site-packages/airflow/example_dags/example_time_delta_sensor_async.py
[2022-03-21 05:27:24,786] {logging_mixin.py:109} INFO - [2022-03-21 05:27:24,786] {dag.py:2398} INFO - Sync 1 DAGs
[2022-03-21 05:27:24,799] {logging_mixin.py:109} INFO - [2022-03-21 05:27:24,799] {dag.py:2937} INFO - Setting next_dagrun for example_time_delta_sensor_async to None
[2022-03-21 05:27:24,973] {processor.py:171} INFO - Processing /home/lowenhard/acceleration/env/lib/python3.8/site-packages/airflow/example_dags/example_time_delta_sensor_async.py took 0.264 seconds
[2022-03-21 05:28:51,289] {processor.py:163} INFO - Started process (PID=493) to work on /home/lowenhard/acceleration/env/lib/python3.8/site-packages/airflow/example_dags/example_time_delta_sensor_async.py
[2022-03-21 05:28:51,460] {processor.py:642} INFO - Processing file /home/lowenhard/acceleration/env/lib/python3.8/site-packages/airflow/example_dags/example_time_delta_sensor_async.py for tasks to queue
[2022-03-21 05:28:51,461] {logging_mixin.py:109} INFO - [2022-03-21 05:28:51,461] {dagbag.py:500} INFO - Filling up the DagBag from /home/lowenhard/acceleration/env/lib/python3.8/site-packages/airflow/example_dags/example_time_delta_sensor_async.py
[2022-03-21 05:28:51,483] {processor.py:654} INFO - DAG(s) dict_keys(['example_time_delta_sensor_async']) retrieved from /home/lowenhard/acceleration/env/lib/python3.8/site-packages/airflow/example_dags/example_time_delta_sensor_async.py
[2022-03-21 05:28:51,491] {logging_mixin.py:109} INFO - [2022-03-21 05:28:51,491] {dag.py:2398} INFO - Sync 1 DAGs
[2022-03-21 05:28:51,504] {logging_mixin.py:109} INFO - [2022-03-21 05:28:51,504] {dag.py:2937} INFO - Setting next_dagrun for example_time_delta_sensor_async to None
[2022-03-21 05:28:53,318] {processor.py:171} INFO - Processing /home/lowenhard/acceleration/env/lib/python3.8/site-packages/airflow/example_dags/example_time_delta_sensor_async.py took 2.032 seconds
[2022-03-21 05:30:10,517] {processor.py:163} INFO - Started process (PID=529) to work on /home/lowenhard/acceleration/env/lib/python3.8/site-packages/airflow/example_dags/example_time_delta_sensor_async.py
[2022-03-21 05:30:10,543] {processor.py:642} INFO - Processing file /home/lowenhard/acceleration/env/lib/python3.8/site-packages/airflow/example_dags/example_time_delta_sensor_async.py for tasks to queue
[2022-03-21 05:30:10,544] {logging_mixin.py:109} INFO - [2022-03-21 05:30:10,544] {dagbag.py:500} INFO - Filling up the DagBag from /home/lowenhard/acceleration/env/lib/python3.8/site-packages/airflow/example_dags/example_time_delta_sensor_async.py
[2022-03-21 05:30:11,994] {processor.py:654} INFO - DAG(s) dict_keys(['example_time_delta_sensor_async']) retrieved from /home/lowenhard/acceleration/env/lib/python3.8/site-packages/airflow/example_dags/example_time_delta_sensor_async.py
[2022-03-21 05:30:12,003] {logging_mixin.py:109} INFO - [2022-03-21 05:30:12,003] {dag.py:2398} INFO - Sync 1 DAGs
[2022-03-21 05:30:12,015] {logging_mixin.py:109} INFO - [2022-03-21 05:30:12,015] {dag.py:2937} INFO - Setting next_dagrun for example_time_delta_sensor_async to None
[2022-03-21 05:30:12,197] {processor.py:171} INFO - Processing /home/lowenhard/acceleration/env/lib/python3.8/site-packages/airflow/example_dags/example_time_delta_sensor_async.py took 1.683 seconds
[2022-03-21 05:31:33,976] {processor.py:163} INFO - Started process (PID=582) to work on /home/lowenhard/acceleration/env/lib/python3.8/site-packages/airflow/example_dags/example_time_delta_sensor_async.py
[2022-03-21 05:31:33,990] {processor.py:642} INFO - Processing file /home/lowenhard/acceleration/env/lib/python3.8/site-packages/airflow/example_dags/example_time_delta_sensor_async.py for tasks to queue
[2022-03-21 05:31:33,991] {logging_mixin.py:109} INFO - [2022-03-21 05:31:33,991] {dagbag.py:500} INFO - Filling up the DagBag from /home/lowenhard/acceleration/env/lib/python3.8/site-packages/airflow/example_dags/example_time_delta_sensor_async.py
[2022-03-21 05:31:34,010] {processor.py:654} INFO - DAG(s) dict_keys(['example_time_delta_sensor_async']) retrieved from /home/lowenhard/acceleration/env/lib/python3.8/site-packages/airflow/example_dags/example_time_delta_sensor_async.py
[2022-03-21 05:31:34,019] {logging_mixin.py:109} INFO - [2022-03-21 05:31:34,019] {dag.py:2398} INFO - Sync 1 DAGs
[2022-03-21 05:31:34,031] {logging_mixin.py:109} INFO - [2022-03-21 05:31:34,031] {dag.py:2937} INFO - Setting next_dagrun for example_time_delta_sensor_async to None
[2022-03-21 05:31:36,105] {processor.py:171} INFO - Processing /home/lowenhard/acceleration/env/lib/python3.8/site-packages/airflow/example_dags/example_time_delta_sensor_async.py took 2.131 seconds
[2022-03-21 05:33:00,186] {processor.py:163} INFO - Started process (PID=626) to work on /home/lowenhard/acceleration/env/lib/python3.8/site-packages/airflow/example_dags/example_time_delta_sensor_async.py
[2022-03-21 05:33:01,299] {processor.py:642} INFO - Processing file /home/lowenhard/acceleration/env/lib/python3.8/site-packages/airflow/example_dags/example_time_delta_sensor_async.py for tasks to queue
[2022-03-21 05:33:01,300] {logging_mixin.py:109} INFO - [2022-03-21 05:33:01,300] {dagbag.py:500} INFO - Filling up the DagBag from /home/lowenhard/acceleration/env/lib/python3.8/site-packages/airflow/example_dags/example_time_delta_sensor_async.py
[2022-03-21 05:33:01,322] {processor.py:654} INFO - DAG(s) dict_keys(['example_time_delta_sensor_async']) retrieved from /home/lowenhard/acceleration/env/lib/python3.8/site-packages/airflow/example_dags/example_time_delta_sensor_async.py
[2022-03-21 05:33:01,332] {logging_mixin.py:109} INFO - [2022-03-21 05:33:01,331] {dag.py:2398} INFO - Sync 1 DAGs
[2022-03-21 05:33:01,345] {logging_mixin.py:109} INFO - [2022-03-21 05:33:01,345] {dag.py:2937} INFO - Setting next_dagrun for example_time_delta_sensor_async to None
[2022-03-21 05:33:01,547] {processor.py:171} INFO - Processing /home/lowenhard/acceleration/env/lib/python3.8/site-packages/airflow/example_dags/example_time_delta_sensor_async.py took 1.364 seconds
[2022-03-21 05:35:01,110] {processor.py:163} INFO - Started process (PID=694) to work on /home/lowenhard/acceleration/env/lib/python3.8/site-packages/airflow/example_dags/example_time_delta_sensor_async.py
[2022-03-21 05:35:01,242] {processor.py:642} INFO - Processing file /home/lowenhard/acceleration/env/lib/python3.8/site-packages/airflow/example_dags/example_time_delta_sensor_async.py for tasks to queue
[2022-03-21 05:35:01,242] {logging_mixin.py:109} INFO - [2022-03-21 05:35:01,242] {dagbag.py:500} INFO - Filling up the DagBag from /home/lowenhard/acceleration/env/lib/python3.8/site-packages/airflow/example_dags/example_time_delta_sensor_async.py
[2022-03-21 05:35:01,263] {processor.py:654} INFO - DAG(s) dict_keys(['example_time_delta_sensor_async']) retrieved from /home/lowenhard/acceleration/env/lib/python3.8/site-packages/airflow/example_dags/example_time_delta_sensor_async.py
[2022-03-21 05:35:01,272] {logging_mixin.py:109} INFO - [2022-03-21 05:35:01,272] {dag.py:2398} INFO - Sync 1 DAGs
[2022-03-21 05:35:01,285] {logging_mixin.py:109} INFO - [2022-03-21 05:35:01,285] {dag.py:2937} INFO - Setting next_dagrun for example_time_delta_sensor_async to None
[2022-03-21 05:35:01,904] {processor.py:171} INFO - Processing /home/lowenhard/acceleration/env/lib/python3.8/site-packages/airflow/example_dags/example_time_delta_sensor_async.py took 0.795 seconds
[2022-03-21 05:36:15,615] {processor.py:163} INFO - Started process (PID=735) to work on /home/lowenhard/acceleration/env/lib/python3.8/site-packages/airflow/example_dags/example_time_delta_sensor_async.py
[2022-03-21 05:36:16,238] {processor.py:642} INFO - Processing file /home/lowenhard/acceleration/env/lib/python3.8/site-packages/airflow/example_dags/example_time_delta_sensor_async.py for tasks to queue
[2022-03-21 05:36:16,238] {logging_mixin.py:109} INFO - [2022-03-21 05:36:16,238] {dagbag.py:500} INFO - Filling up the DagBag from /home/lowenhard/acceleration/env/lib/python3.8/site-packages/airflow/example_dags/example_time_delta_sensor_async.py
[2022-03-21 05:36:16,595] {processor.py:654} INFO - DAG(s) dict_keys(['example_time_delta_sensor_async']) retrieved from /home/lowenhard/acceleration/env/lib/python3.8/site-packages/airflow/example_dags/example_time_delta_sensor_async.py
[2022-03-21 05:36:16,611] {logging_mixin.py:109} INFO - [2022-03-21 05:36:16,611] {dag.py:2398} INFO - Sync 1 DAGs
[2022-03-21 05:36:16,633] {logging_mixin.py:109} INFO - [2022-03-21 05:36:16,633] {dag.py:2937} INFO - Setting next_dagrun for example_time_delta_sensor_async to None
[2022-03-21 05:36:16,815] {processor.py:171} INFO - Processing /home/lowenhard/acceleration/env/lib/python3.8/site-packages/airflow/example_dags/example_time_delta_sensor_async.py took 1.203 seconds
[2022-03-21 05:37:46,666] {processor.py:163} INFO - Started process (PID=778) to work on /home/lowenhard/acceleration/env/lib/python3.8/site-packages/airflow/example_dags/example_time_delta_sensor_async.py
[2022-03-21 05:37:46,679] {processor.py:642} INFO - Processing file /home/lowenhard/acceleration/env/lib/python3.8/site-packages/airflow/example_dags/example_time_delta_sensor_async.py for tasks to queue
[2022-03-21 05:37:46,679] {logging_mixin.py:109} INFO - [2022-03-21 05:37:46,679] {dagbag.py:500} INFO - Filling up the DagBag from /home/lowenhard/acceleration/env/lib/python3.8/site-packages/airflow/example_dags/example_time_delta_sensor_async.py
[2022-03-21 05:37:46,697] {processor.py:654} INFO - DAG(s) dict_keys(['example_time_delta_sensor_async']) retrieved from /home/lowenhard/acceleration/env/lib/python3.8/site-packages/airflow/example_dags/example_time_delta_sensor_async.py
[2022-03-21 05:37:46,705] {logging_mixin.py:109} INFO - [2022-03-21 05:37:46,705] {dag.py:2398} INFO - Sync 1 DAGs
[2022-03-21 05:37:46,716] {logging_mixin.py:109} INFO - [2022-03-21 05:37:46,716] {dag.py:2937} INFO - Setting next_dagrun for example_time_delta_sensor_async to None
[2022-03-21 05:37:48,543] {processor.py:171} INFO - Processing /home/lowenhard/acceleration/env/lib/python3.8/site-packages/airflow/example_dags/example_time_delta_sensor_async.py took 1.880 seconds
[2022-03-21 05:39:31,914] {processor.py:163} INFO - Started process (PID=821) to work on /home/lowenhard/acceleration/env/lib/python3.8/site-packages/airflow/example_dags/example_time_delta_sensor_async.py
[2022-03-21 05:39:31,956] {processor.py:642} INFO - Processing file /home/lowenhard/acceleration/env/lib/python3.8/site-packages/airflow/example_dags/example_time_delta_sensor_async.py for tasks to queue
[2022-03-21 05:39:31,957] {logging_mixin.py:109} INFO - [2022-03-21 05:39:31,957] {dagbag.py:500} INFO - Filling up the DagBag from /home/lowenhard/acceleration/env/lib/python3.8/site-packages/airflow/example_dags/example_time_delta_sensor_async.py
[2022-03-21 05:39:31,980] {processor.py:654} INFO - DAG(s) dict_keys(['example_time_delta_sensor_async']) retrieved from /home/lowenhard/acceleration/env/lib/python3.8/site-packages/airflow/example_dags/example_time_delta_sensor_async.py
[2022-03-21 05:39:31,988] {logging_mixin.py:109} INFO - [2022-03-21 05:39:31,988] {dag.py:2398} INFO - Sync 1 DAGs
[2022-03-21 05:39:32,000] {logging_mixin.py:109} INFO - [2022-03-21 05:39:32,000] {dag.py:2937} INFO - Setting next_dagrun for example_time_delta_sensor_async to None
[2022-03-21 05:39:33,135] {processor.py:171} INFO - Processing /home/lowenhard/acceleration/env/lib/python3.8/site-packages/airflow/example_dags/example_time_delta_sensor_async.py took 1.223 seconds
[2022-03-21 05:41:06,273] {processor.py:163} INFO - Started process (PID=865) to work on /home/lowenhard/acceleration/env/lib/python3.8/site-packages/airflow/example_dags/example_time_delta_sensor_async.py
[2022-03-21 05:41:06,283] {processor.py:642} INFO - Processing file /home/lowenhard/acceleration/env/lib/python3.8/site-packages/airflow/example_dags/example_time_delta_sensor_async.py for tasks to queue
[2022-03-21 05:41:06,284] {logging_mixin.py:109} INFO - [2022-03-21 05:41:06,284] {dagbag.py:500} INFO - Filling up the DagBag from /home/lowenhard/acceleration/env/lib/python3.8/site-packages/airflow/example_dags/example_time_delta_sensor_async.py
[2022-03-21 05:41:06,307] {processor.py:654} INFO - DAG(s) dict_keys(['example_time_delta_sensor_async']) retrieved from /home/lowenhard/acceleration/env/lib/python3.8/site-packages/airflow/example_dags/example_time_delta_sensor_async.py
[2022-03-21 05:41:06,317] {logging_mixin.py:109} INFO - [2022-03-21 05:41:06,317] {dag.py:2398} INFO - Sync 1 DAGs
[2022-03-21 05:41:06,330] {logging_mixin.py:109} INFO - [2022-03-21 05:41:06,330] {dag.py:2937} INFO - Setting next_dagrun for example_time_delta_sensor_async to None
[2022-03-21 05:41:07,884] {processor.py:171} INFO - Processing /home/lowenhard/acceleration/env/lib/python3.8/site-packages/airflow/example_dags/example_time_delta_sensor_async.py took 1.614 seconds
[2022-03-21 05:42:38,265] {processor.py:163} INFO - Started process (PID=908) to work on /home/lowenhard/acceleration/env/lib/python3.8/site-packages/airflow/example_dags/example_time_delta_sensor_async.py
[2022-03-21 05:42:38,313] {processor.py:642} INFO - Processing file /home/lowenhard/acceleration/env/lib/python3.8/site-packages/airflow/example_dags/example_time_delta_sensor_async.py for tasks to queue
[2022-03-21 05:42:38,314] {logging_mixin.py:109} INFO - [2022-03-21 05:42:38,314] {dagbag.py:500} INFO - Filling up the DagBag from /home/lowenhard/acceleration/env/lib/python3.8/site-packages/airflow/example_dags/example_time_delta_sensor_async.py
[2022-03-21 05:42:38,331] {processor.py:654} INFO - DAG(s) dict_keys(['example_time_delta_sensor_async']) retrieved from /home/lowenhard/acceleration/env/lib/python3.8/site-packages/airflow/example_dags/example_time_delta_sensor_async.py
[2022-03-21 05:42:38,340] {logging_mixin.py:109} INFO - [2022-03-21 05:42:38,340] {dag.py:2398} INFO - Sync 1 DAGs
[2022-03-21 05:42:38,351] {logging_mixin.py:109} INFO - [2022-03-21 05:42:38,351] {dag.py:2937} INFO - Setting next_dagrun for example_time_delta_sensor_async to None
[2022-03-21 05:42:39,457] {processor.py:171} INFO - Processing /home/lowenhard/acceleration/env/lib/python3.8/site-packages/airflow/example_dags/example_time_delta_sensor_async.py took 1.196 seconds
[2022-03-21 05:44:13,236] {processor.py:163} INFO - Started process (PID=956) to work on /home/lowenhard/acceleration/env/lib/python3.8/site-packages/airflow/example_dags/example_time_delta_sensor_async.py
[2022-03-21 05:44:13,244] {processor.py:642} INFO - Processing file /home/lowenhard/acceleration/env/lib/python3.8/site-packages/airflow/example_dags/example_time_delta_sensor_async.py for tasks to queue
[2022-03-21 05:44:13,244] {logging_mixin.py:109} INFO - [2022-03-21 05:44:13,244] {dagbag.py:500} INFO - Filling up the DagBag from /home/lowenhard/acceleration/env/lib/python3.8/site-packages/airflow/example_dags/example_time_delta_sensor_async.py
[2022-03-21 05:44:13,265] {processor.py:654} INFO - DAG(s) dict_keys(['example_time_delta_sensor_async']) retrieved from /home/lowenhard/acceleration/env/lib/python3.8/site-packages/airflow/example_dags/example_time_delta_sensor_async.py
[2022-03-21 05:44:13,274] {logging_mixin.py:109} INFO - [2022-03-21 05:44:13,274] {dag.py:2398} INFO - Sync 1 DAGs
[2022-03-21 05:44:13,290] {logging_mixin.py:109} INFO - [2022-03-21 05:44:13,290] {dag.py:2937} INFO - Setting next_dagrun for example_time_delta_sensor_async to None
[2022-03-21 05:44:13,541] {processor.py:171} INFO - Processing /home/lowenhard/acceleration/env/lib/python3.8/site-packages/airflow/example_dags/example_time_delta_sensor_async.py took 0.307 seconds
[2022-03-21 05:45:37,402] {processor.py:163} INFO - Started process (PID=994) to work on /home/lowenhard/acceleration/env/lib/python3.8/site-packages/airflow/example_dags/example_time_delta_sensor_async.py
[2022-03-21 05:45:37,464] {processor.py:642} INFO - Processing file /home/lowenhard/acceleration/env/lib/python3.8/site-packages/airflow/example_dags/example_time_delta_sensor_async.py for tasks to queue
[2022-03-21 05:45:37,464] {logging_mixin.py:109} INFO - [2022-03-21 05:45:37,464] {dagbag.py:500} INFO - Filling up the DagBag from /home/lowenhard/acceleration/env/lib/python3.8/site-packages/airflow/example_dags/example_time_delta_sensor_async.py
[2022-03-21 05:45:37,486] {processor.py:654} INFO - DAG(s) dict_keys(['example_time_delta_sensor_async']) retrieved from /home/lowenhard/acceleration/env/lib/python3.8/site-packages/airflow/example_dags/example_time_delta_sensor_async.py
[2022-03-21 05:45:37,495] {logging_mixin.py:109} INFO - [2022-03-21 05:45:37,495] {dag.py:2398} INFO - Sync 1 DAGs
[2022-03-21 05:45:37,510] {logging_mixin.py:109} INFO - [2022-03-21 05:45:37,509] {dag.py:2937} INFO - Setting next_dagrun for example_time_delta_sensor_async to None
[2022-03-21 05:45:39,826] {processor.py:171} INFO - Processing /home/lowenhard/acceleration/env/lib/python3.8/site-packages/airflow/example_dags/example_time_delta_sensor_async.py took 2.427 seconds
[2022-03-21 05:47:11,998] {processor.py:163} INFO - Started process (PID=1035) to work on /home/lowenhard/acceleration/env/lib/python3.8/site-packages/airflow/example_dags/example_time_delta_sensor_async.py
[2022-03-21 05:47:12,070] {processor.py:642} INFO - Processing file /home/lowenhard/acceleration/env/lib/python3.8/site-packages/airflow/example_dags/example_time_delta_sensor_async.py for tasks to queue
[2022-03-21 05:47:12,071] {logging_mixin.py:109} INFO - [2022-03-21 05:47:12,071] {dagbag.py:500} INFO - Filling up the DagBag from /home/lowenhard/acceleration/env/lib/python3.8/site-packages/airflow/example_dags/example_time_delta_sensor_async.py
[2022-03-21 05:47:12,126] {processor.py:654} INFO - DAG(s) dict_keys(['example_time_delta_sensor_async']) retrieved from /home/lowenhard/acceleration/env/lib/python3.8/site-packages/airflow/example_dags/example_time_delta_sensor_async.py
[2022-03-21 05:47:12,147] {logging_mixin.py:109} INFO - [2022-03-21 05:47:12,147] {dag.py:2398} INFO - Sync 1 DAGs
[2022-03-21 05:47:12,170] {logging_mixin.py:109} INFO - [2022-03-21 05:47:12,170] {dag.py:2937} INFO - Setting next_dagrun for example_time_delta_sensor_async to None
[2022-03-21 05:47:12,673] {processor.py:171} INFO - Processing /home/lowenhard/acceleration/env/lib/python3.8/site-packages/airflow/example_dags/example_time_delta_sensor_async.py took 0.680 seconds
[2022-03-21 05:48:48,532] {processor.py:163} INFO - Started process (PID=1075) to work on /home/lowenhard/acceleration/env/lib/python3.8/site-packages/airflow/example_dags/example_time_delta_sensor_async.py
[2022-03-21 05:48:48,706] {processor.py:642} INFO - Processing file /home/lowenhard/acceleration/env/lib/python3.8/site-packages/airflow/example_dags/example_time_delta_sensor_async.py for tasks to queue
[2022-03-21 05:48:48,707] {logging_mixin.py:109} INFO - [2022-03-21 05:48:48,707] {dagbag.py:500} INFO - Filling up the DagBag from /home/lowenhard/acceleration/env/lib/python3.8/site-packages/airflow/example_dags/example_time_delta_sensor_async.py
[2022-03-21 05:48:48,738] {processor.py:654} INFO - DAG(s) dict_keys(['example_time_delta_sensor_async']) retrieved from /home/lowenhard/acceleration/env/lib/python3.8/site-packages/airflow/example_dags/example_time_delta_sensor_async.py
[2022-03-21 05:48:48,752] {logging_mixin.py:109} INFO - [2022-03-21 05:48:48,752] {dag.py:2398} INFO - Sync 1 DAGs
[2022-03-21 05:48:48,773] {logging_mixin.py:109} INFO - [2022-03-21 05:48:48,773] {dag.py:2937} INFO - Setting next_dagrun for example_time_delta_sensor_async to None
[2022-03-21 05:48:50,140] {processor.py:171} INFO - Processing /home/lowenhard/acceleration/env/lib/python3.8/site-packages/airflow/example_dags/example_time_delta_sensor_async.py took 1.611 seconds
[2022-03-21 05:50:20,683] {processor.py:163} INFO - Started process (PID=1118) to work on /home/lowenhard/acceleration/env/lib/python3.8/site-packages/airflow/example_dags/example_time_delta_sensor_async.py
[2022-03-21 05:50:20,708] {processor.py:642} INFO - Processing file /home/lowenhard/acceleration/env/lib/python3.8/site-packages/airflow/example_dags/example_time_delta_sensor_async.py for tasks to queue
[2022-03-21 05:50:20,708] {logging_mixin.py:109} INFO - [2022-03-21 05:50:20,708] {dagbag.py:500} INFO - Filling up the DagBag from /home/lowenhard/acceleration/env/lib/python3.8/site-packages/airflow/example_dags/example_time_delta_sensor_async.py
[2022-03-21 05:50:20,727] {processor.py:654} INFO - DAG(s) dict_keys(['example_time_delta_sensor_async']) retrieved from /home/lowenhard/acceleration/env/lib/python3.8/site-packages/airflow/example_dags/example_time_delta_sensor_async.py
[2022-03-21 05:50:20,736] {logging_mixin.py:109} INFO - [2022-03-21 05:50:20,736] {dag.py:2398} INFO - Sync 1 DAGs
[2022-03-21 05:50:20,747] {logging_mixin.py:109} INFO - [2022-03-21 05:50:20,747] {dag.py:2937} INFO - Setting next_dagrun for example_time_delta_sensor_async to None
[2022-03-21 05:50:20,933] {processor.py:171} INFO - Processing /home/lowenhard/acceleration/env/lib/python3.8/site-packages/airflow/example_dags/example_time_delta_sensor_async.py took 0.252 seconds
[2022-03-21 05:52:13,975] {processor.py:163} INFO - Started process (PID=1161) to work on /home/lowenhard/acceleration/env/lib/python3.8/site-packages/airflow/example_dags/example_time_delta_sensor_async.py
[2022-03-21 05:52:14,007] {processor.py:642} INFO - Processing file /home/lowenhard/acceleration/env/lib/python3.8/site-packages/airflow/example_dags/example_time_delta_sensor_async.py for tasks to queue
[2022-03-21 05:52:14,008] {logging_mixin.py:109} INFO - [2022-03-21 05:52:14,008] {dagbag.py:500} INFO - Filling up the DagBag from /home/lowenhard/acceleration/env/lib/python3.8/site-packages/airflow/example_dags/example_time_delta_sensor_async.py
[2022-03-21 05:52:14,049] {processor.py:654} INFO - DAG(s) dict_keys(['example_time_delta_sensor_async']) retrieved from /home/lowenhard/acceleration/env/lib/python3.8/site-packages/airflow/example_dags/example_time_delta_sensor_async.py
[2022-03-21 05:52:14,067] {logging_mixin.py:109} INFO - [2022-03-21 05:52:14,067] {dag.py:2398} INFO - Sync 1 DAGs
[2022-03-21 05:52:14,090] {logging_mixin.py:109} INFO - [2022-03-21 05:52:14,090] {dag.py:2937} INFO - Setting next_dagrun for example_time_delta_sensor_async to None
[2022-03-21 05:52:14,328] {processor.py:171} INFO - Processing /home/lowenhard/acceleration/env/lib/python3.8/site-packages/airflow/example_dags/example_time_delta_sensor_async.py took 0.359 seconds
[2022-03-21 05:53:41,775] {processor.py:163} INFO - Started process (PID=1201) to work on /home/lowenhard/acceleration/env/lib/python3.8/site-packages/airflow/example_dags/example_time_delta_sensor_async.py
[2022-03-21 05:53:41,831] {processor.py:642} INFO - Processing file /home/lowenhard/acceleration/env/lib/python3.8/site-packages/airflow/example_dags/example_time_delta_sensor_async.py for tasks to queue
[2022-03-21 05:53:41,832] {logging_mixin.py:109} INFO - [2022-03-21 05:53:41,832] {dagbag.py:500} INFO - Filling up the DagBag from /home/lowenhard/acceleration/env/lib/python3.8/site-packages/airflow/example_dags/example_time_delta_sensor_async.py
[2022-03-21 05:53:41,854] {processor.py:654} INFO - DAG(s) dict_keys(['example_time_delta_sensor_async']) retrieved from /home/lowenhard/acceleration/env/lib/python3.8/site-packages/airflow/example_dags/example_time_delta_sensor_async.py
[2022-03-21 05:53:41,863] {logging_mixin.py:109} INFO - [2022-03-21 05:53:41,862] {dag.py:2398} INFO - Sync 1 DAGs
[2022-03-21 05:53:41,875] {logging_mixin.py:109} INFO - [2022-03-21 05:53:41,875] {dag.py:2937} INFO - Setting next_dagrun for example_time_delta_sensor_async to None
[2022-03-21 05:53:42,252] {processor.py:171} INFO - Processing /home/lowenhard/acceleration/env/lib/python3.8/site-packages/airflow/example_dags/example_time_delta_sensor_async.py took 0.479 seconds
[2022-03-21 05:55:18,748] {processor.py:163} INFO - Started process (PID=1241) to work on /home/lowenhard/acceleration/env/lib/python3.8/site-packages/airflow/example_dags/example_time_delta_sensor_async.py
[2022-03-21 05:55:18,755] {processor.py:642} INFO - Processing file /home/lowenhard/acceleration/env/lib/python3.8/site-packages/airflow/example_dags/example_time_delta_sensor_async.py for tasks to queue
[2022-03-21 05:55:18,756] {logging_mixin.py:109} INFO - [2022-03-21 05:55:18,755] {dagbag.py:500} INFO - Filling up the DagBag from /home/lowenhard/acceleration/env/lib/python3.8/site-packages/airflow/example_dags/example_time_delta_sensor_async.py
[2022-03-21 05:55:18,774] {processor.py:654} INFO - DAG(s) dict_keys(['example_time_delta_sensor_async']) retrieved from /home/lowenhard/acceleration/env/lib/python3.8/site-packages/airflow/example_dags/example_time_delta_sensor_async.py
[2022-03-21 05:55:18,782] {logging_mixin.py:109} INFO - [2022-03-21 05:55:18,782] {dag.py:2398} INFO - Sync 1 DAGs
[2022-03-21 05:55:18,793] {logging_mixin.py:109} INFO - [2022-03-21 05:55:18,793] {dag.py:2937} INFO - Setting next_dagrun for example_time_delta_sensor_async to None
[2022-03-21 05:55:19,093] {processor.py:171} INFO - Processing /home/lowenhard/acceleration/env/lib/python3.8/site-packages/airflow/example_dags/example_time_delta_sensor_async.py took 0.347 seconds
[2022-03-21 05:56:54,168] {processor.py:163} INFO - Started process (PID=1281) to work on /home/lowenhard/acceleration/env/lib/python3.8/site-packages/airflow/example_dags/example_time_delta_sensor_async.py
[2022-03-21 05:56:54,182] {processor.py:642} INFO - Processing file /home/lowenhard/acceleration/env/lib/python3.8/site-packages/airflow/example_dags/example_time_delta_sensor_async.py for tasks to queue
[2022-03-21 05:56:54,183] {logging_mixin.py:109} INFO - [2022-03-21 05:56:54,183] {dagbag.py:500} INFO - Filling up the DagBag from /home/lowenhard/acceleration/env/lib/python3.8/site-packages/airflow/example_dags/example_time_delta_sensor_async.py
[2022-03-21 05:56:54,206] {processor.py:654} INFO - DAG(s) dict_keys(['example_time_delta_sensor_async']) retrieved from /home/lowenhard/acceleration/env/lib/python3.8/site-packages/airflow/example_dags/example_time_delta_sensor_async.py
[2022-03-21 05:56:54,215] {logging_mixin.py:109} INFO - [2022-03-21 05:56:54,214] {dag.py:2398} INFO - Sync 1 DAGs
[2022-03-21 05:56:54,226] {logging_mixin.py:109} INFO - [2022-03-21 05:56:54,226] {dag.py:2937} INFO - Setting next_dagrun for example_time_delta_sensor_async to None
[2022-03-21 05:56:56,798] {processor.py:171} INFO - Processing /home/lowenhard/acceleration/env/lib/python3.8/site-packages/airflow/example_dags/example_time_delta_sensor_async.py took 2.632 seconds
[2022-03-21 05:58:41,338] {processor.py:163} INFO - Started process (PID=1323) to work on /home/lowenhard/acceleration/env/lib/python3.8/site-packages/airflow/example_dags/example_time_delta_sensor_async.py
[2022-03-21 05:58:41,374] {processor.py:642} INFO - Processing file /home/lowenhard/acceleration/env/lib/python3.8/site-packages/airflow/example_dags/example_time_delta_sensor_async.py for tasks to queue
[2022-03-21 05:58:41,375] {logging_mixin.py:109} INFO - [2022-03-21 05:58:41,375] {dagbag.py:500} INFO - Filling up the DagBag from /home/lowenhard/acceleration/env/lib/python3.8/site-packages/airflow/example_dags/example_time_delta_sensor_async.py
[2022-03-21 05:58:41,421] {processor.py:654} INFO - DAG(s) dict_keys(['example_time_delta_sensor_async']) retrieved from /home/lowenhard/acceleration/env/lib/python3.8/site-packages/airflow/example_dags/example_time_delta_sensor_async.py
[2022-03-21 05:58:41,434] {logging_mixin.py:109} INFO - [2022-03-21 05:58:41,434] {dag.py:2398} INFO - Sync 1 DAGs
[2022-03-21 05:58:41,454] {logging_mixin.py:109} INFO - [2022-03-21 05:58:41,454] {dag.py:2937} INFO - Setting next_dagrun for example_time_delta_sensor_async to None
[2022-03-21 05:58:42,006] {processor.py:171} INFO - Processing /home/lowenhard/acceleration/env/lib/python3.8/site-packages/airflow/example_dags/example_time_delta_sensor_async.py took 0.680 seconds
[2022-03-21 06:00:13,550] {processor.py:163} INFO - Started process (PID=1363) to work on /home/lowenhard/acceleration/env/lib/python3.8/site-packages/airflow/example_dags/example_time_delta_sensor_async.py
[2022-03-21 06:00:13,773] {processor.py:642} INFO - Processing file /home/lowenhard/acceleration/env/lib/python3.8/site-packages/airflow/example_dags/example_time_delta_sensor_async.py for tasks to queue
[2022-03-21 06:00:14,923] {logging_mixin.py:109} INFO - [2022-03-21 06:00:14,923] {dagbag.py:500} INFO - Filling up the DagBag from /home/lowenhard/acceleration/env/lib/python3.8/site-packages/airflow/example_dags/example_time_delta_sensor_async.py
[2022-03-21 06:00:15,372] {processor.py:654} INFO - DAG(s) dict_keys(['example_time_delta_sensor_async']) retrieved from /home/lowenhard/acceleration/env/lib/python3.8/site-packages/airflow/example_dags/example_time_delta_sensor_async.py
[2022-03-21 06:00:15,380] {logging_mixin.py:109} INFO - [2022-03-21 06:00:15,380] {dag.py:2398} INFO - Sync 1 DAGs
[2022-03-21 06:00:15,394] {logging_mixin.py:109} INFO - [2022-03-21 06:00:15,394] {dag.py:2937} INFO - Setting next_dagrun for example_time_delta_sensor_async to None
[2022-03-21 06:00:15,585] {processor.py:171} INFO - Processing /home/lowenhard/acceleration/env/lib/python3.8/site-packages/airflow/example_dags/example_time_delta_sensor_async.py took 2.037 seconds
[2022-03-21 06:01:31,732] {processor.py:163} INFO - Started process (PID=1401) to work on /home/lowenhard/acceleration/env/lib/python3.8/site-packages/airflow/example_dags/example_time_delta_sensor_async.py
[2022-03-21 06:01:31,760] {processor.py:642} INFO - Processing file /home/lowenhard/acceleration/env/lib/python3.8/site-packages/airflow/example_dags/example_time_delta_sensor_async.py for tasks to queue
[2022-03-21 06:01:31,761] {logging_mixin.py:109} INFO - [2022-03-21 06:01:31,761] {dagbag.py:500} INFO - Filling up the DagBag from /home/lowenhard/acceleration/env/lib/python3.8/site-packages/airflow/example_dags/example_time_delta_sensor_async.py
[2022-03-21 06:01:31,782] {processor.py:654} INFO - DAG(s) dict_keys(['example_time_delta_sensor_async']) retrieved from /home/lowenhard/acceleration/env/lib/python3.8/site-packages/airflow/example_dags/example_time_delta_sensor_async.py
[2022-03-21 06:01:31,792] {logging_mixin.py:109} INFO - [2022-03-21 06:01:31,792] {dag.py:2398} INFO - Sync 1 DAGs
[2022-03-21 06:01:31,805] {logging_mixin.py:109} INFO - [2022-03-21 06:01:31,805] {dag.py:2937} INFO - Setting next_dagrun for example_time_delta_sensor_async to None
[2022-03-21 06:01:31,985] {processor.py:171} INFO - Processing /home/lowenhard/acceleration/env/lib/python3.8/site-packages/airflow/example_dags/example_time_delta_sensor_async.py took 0.257 seconds
[2022-03-21 06:03:14,331] {processor.py:163} INFO - Started process (PID=1443) to work on /home/lowenhard/acceleration/env/lib/python3.8/site-packages/airflow/example_dags/example_time_delta_sensor_async.py
[2022-03-21 06:03:14,396] {processor.py:642} INFO - Processing file /home/lowenhard/acceleration/env/lib/python3.8/site-packages/airflow/example_dags/example_time_delta_sensor_async.py for tasks to queue
[2022-03-21 06:03:14,397] {logging_mixin.py:109} INFO - [2022-03-21 06:03:14,397] {dagbag.py:500} INFO - Filling up the DagBag from /home/lowenhard/acceleration/env/lib/python3.8/site-packages/airflow/example_dags/example_time_delta_sensor_async.py
[2022-03-21 06:03:14,423] {processor.py:654} INFO - DAG(s) dict_keys(['example_time_delta_sensor_async']) retrieved from /home/lowenhard/acceleration/env/lib/python3.8/site-packages/airflow/example_dags/example_time_delta_sensor_async.py
[2022-03-21 06:03:14,432] {logging_mixin.py:109} INFO - [2022-03-21 06:03:14,432] {dag.py:2398} INFO - Sync 1 DAGs
[2022-03-21 06:03:14,448] {logging_mixin.py:109} INFO - [2022-03-21 06:03:14,447] {dag.py:2937} INFO - Setting next_dagrun for example_time_delta_sensor_async to None
[2022-03-21 06:03:14,628] {processor.py:171} INFO - Processing /home/lowenhard/acceleration/env/lib/python3.8/site-packages/airflow/example_dags/example_time_delta_sensor_async.py took 0.299 seconds
[2022-03-21 06:04:43,353] {processor.py:163} INFO - Started process (PID=1482) to work on /home/lowenhard/acceleration/env/lib/python3.8/site-packages/airflow/example_dags/example_time_delta_sensor_async.py
[2022-03-21 06:04:43,447] {processor.py:642} INFO - Processing file /home/lowenhard/acceleration/env/lib/python3.8/site-packages/airflow/example_dags/example_time_delta_sensor_async.py for tasks to queue
[2022-03-21 06:04:43,448] {logging_mixin.py:109} INFO - [2022-03-21 06:04:43,448] {dagbag.py:500} INFO - Filling up the DagBag from /home/lowenhard/acceleration/env/lib/python3.8/site-packages/airflow/example_dags/example_time_delta_sensor_async.py
[2022-03-21 06:04:43,468] {processor.py:654} INFO - DAG(s) dict_keys(['example_time_delta_sensor_async']) retrieved from /home/lowenhard/acceleration/env/lib/python3.8/site-packages/airflow/example_dags/example_time_delta_sensor_async.py
[2022-03-21 06:04:43,477] {logging_mixin.py:109} INFO - [2022-03-21 06:04:43,477] {dag.py:2398} INFO - Sync 1 DAGs
[2022-03-21 06:04:43,488] {logging_mixin.py:109} INFO - [2022-03-21 06:04:43,488] {dag.py:2937} INFO - Setting next_dagrun for example_time_delta_sensor_async to None
[2022-03-21 06:04:43,872] {processor.py:171} INFO - Processing /home/lowenhard/acceleration/env/lib/python3.8/site-packages/airflow/example_dags/example_time_delta_sensor_async.py took 0.521 seconds
[2022-03-21 06:06:16,315] {processor.py:163} INFO - Started process (PID=1523) to work on /home/lowenhard/acceleration/env/lib/python3.8/site-packages/airflow/example_dags/example_time_delta_sensor_async.py
[2022-03-21 06:06:16,543] {processor.py:642} INFO - Processing file /home/lowenhard/acceleration/env/lib/python3.8/site-packages/airflow/example_dags/example_time_delta_sensor_async.py for tasks to queue
[2022-03-21 06:06:16,543] {logging_mixin.py:109} INFO - [2022-03-21 06:06:16,543] {dagbag.py:500} INFO - Filling up the DagBag from /home/lowenhard/acceleration/env/lib/python3.8/site-packages/airflow/example_dags/example_time_delta_sensor_async.py
[2022-03-21 06:06:16,566] {processor.py:654} INFO - DAG(s) dict_keys(['example_time_delta_sensor_async']) retrieved from /home/lowenhard/acceleration/env/lib/python3.8/site-packages/airflow/example_dags/example_time_delta_sensor_async.py
[2022-03-21 06:06:16,576] {logging_mixin.py:109} INFO - [2022-03-21 06:06:16,576] {dag.py:2398} INFO - Sync 1 DAGs
[2022-03-21 06:06:16,592] {logging_mixin.py:109} INFO - [2022-03-21 06:06:16,592] {dag.py:2937} INFO - Setting next_dagrun for example_time_delta_sensor_async to None
[2022-03-21 06:06:17,362] {processor.py:171} INFO - Processing /home/lowenhard/acceleration/env/lib/python3.8/site-packages/airflow/example_dags/example_time_delta_sensor_async.py took 1.050 seconds
[2022-03-21 06:07:53,841] {processor.py:163} INFO - Started process (PID=1563) to work on /home/lowenhard/acceleration/env/lib/python3.8/site-packages/airflow/example_dags/example_time_delta_sensor_async.py
[2022-03-21 06:07:53,893] {processor.py:642} INFO - Processing file /home/lowenhard/acceleration/env/lib/python3.8/site-packages/airflow/example_dags/example_time_delta_sensor_async.py for tasks to queue
[2022-03-21 06:07:54,020] {logging_mixin.py:109} INFO - [2022-03-21 06:07:54,020] {dagbag.py:500} INFO - Filling up the DagBag from /home/lowenhard/acceleration/env/lib/python3.8/site-packages/airflow/example_dags/example_time_delta_sensor_async.py
[2022-03-21 06:07:54,572] {processor.py:654} INFO - DAG(s) dict_keys(['example_time_delta_sensor_async']) retrieved from /home/lowenhard/acceleration/env/lib/python3.8/site-packages/airflow/example_dags/example_time_delta_sensor_async.py
[2022-03-21 06:07:54,581] {logging_mixin.py:109} INFO - [2022-03-21 06:07:54,581] {dag.py:2398} INFO - Sync 1 DAGs
[2022-03-21 06:07:54,594] {logging_mixin.py:109} INFO - [2022-03-21 06:07:54,593] {dag.py:2937} INFO - Setting next_dagrun for example_time_delta_sensor_async to None
[2022-03-21 06:07:54,737] {processor.py:171} INFO - Processing /home/lowenhard/acceleration/env/lib/python3.8/site-packages/airflow/example_dags/example_time_delta_sensor_async.py took 0.899 seconds
[2022-03-21 06:09:14,055] {processor.py:163} INFO - Started process (PID=1601) to work on /home/lowenhard/acceleration/env/lib/python3.8/site-packages/airflow/example_dags/example_time_delta_sensor_async.py
[2022-03-21 06:09:14,065] {processor.py:642} INFO - Processing file /home/lowenhard/acceleration/env/lib/python3.8/site-packages/airflow/example_dags/example_time_delta_sensor_async.py for tasks to queue
[2022-03-21 06:09:14,066] {logging_mixin.py:109} INFO - [2022-03-21 06:09:14,066] {dagbag.py:500} INFO - Filling up the DagBag from /home/lowenhard/acceleration/env/lib/python3.8/site-packages/airflow/example_dags/example_time_delta_sensor_async.py
[2022-03-21 06:09:14,085] {processor.py:654} INFO - DAG(s) dict_keys(['example_time_delta_sensor_async']) retrieved from /home/lowenhard/acceleration/env/lib/python3.8/site-packages/airflow/example_dags/example_time_delta_sensor_async.py
[2022-03-21 06:09:14,093] {logging_mixin.py:109} INFO - [2022-03-21 06:09:14,093] {dag.py:2398} INFO - Sync 1 DAGs
[2022-03-21 06:09:14,105] {logging_mixin.py:109} INFO - [2022-03-21 06:09:14,105] {dag.py:2937} INFO - Setting next_dagrun for example_time_delta_sensor_async to None
[2022-03-21 06:09:14,255] {processor.py:171} INFO - Processing /home/lowenhard/acceleration/env/lib/python3.8/site-packages/airflow/example_dags/example_time_delta_sensor_async.py took 0.202 seconds
[2022-03-21 06:10:30,207] {processor.py:163} INFO - Started process (PID=1637) to work on /home/lowenhard/acceleration/env/lib/python3.8/site-packages/airflow/example_dags/example_time_delta_sensor_async.py
[2022-03-21 06:10:30,415] {processor.py:642} INFO - Processing file /home/lowenhard/acceleration/env/lib/python3.8/site-packages/airflow/example_dags/example_time_delta_sensor_async.py for tasks to queue
[2022-03-21 06:10:30,416] {logging_mixin.py:109} INFO - [2022-03-21 06:10:30,416] {dagbag.py:500} INFO - Filling up the DagBag from /home/lowenhard/acceleration/env/lib/python3.8/site-packages/airflow/example_dags/example_time_delta_sensor_async.py
[2022-03-21 06:10:30,437] {processor.py:654} INFO - DAG(s) dict_keys(['example_time_delta_sensor_async']) retrieved from /home/lowenhard/acceleration/env/lib/python3.8/site-packages/airflow/example_dags/example_time_delta_sensor_async.py
[2022-03-21 06:10:30,445] {logging_mixin.py:109} INFO - [2022-03-21 06:10:30,445] {dag.py:2398} INFO - Sync 1 DAGs
[2022-03-21 06:10:30,459] {logging_mixin.py:109} INFO - [2022-03-21 06:10:30,459] {dag.py:2937} INFO - Setting next_dagrun for example_time_delta_sensor_async to None
[2022-03-21 06:10:31,143] {processor.py:171} INFO - Processing /home/lowenhard/acceleration/env/lib/python3.8/site-packages/airflow/example_dags/example_time_delta_sensor_async.py took 0.938 seconds
[2022-03-21 06:11:53,827] {processor.py:163} INFO - Started process (PID=1676) to work on /home/lowenhard/acceleration/env/lib/python3.8/site-packages/airflow/example_dags/example_time_delta_sensor_async.py
[2022-03-21 06:11:53,847] {processor.py:642} INFO - Processing file /home/lowenhard/acceleration/env/lib/python3.8/site-packages/airflow/example_dags/example_time_delta_sensor_async.py for tasks to queue
[2022-03-21 06:11:53,847] {logging_mixin.py:109} INFO - [2022-03-21 06:11:53,847] {dagbag.py:500} INFO - Filling up the DagBag from /home/lowenhard/acceleration/env/lib/python3.8/site-packages/airflow/example_dags/example_time_delta_sensor_async.py
[2022-03-21 06:11:53,881] {processor.py:654} INFO - DAG(s) dict_keys(['example_time_delta_sensor_async']) retrieved from /home/lowenhard/acceleration/env/lib/python3.8/site-packages/airflow/example_dags/example_time_delta_sensor_async.py
[2022-03-21 06:11:53,903] {logging_mixin.py:109} INFO - [2022-03-21 06:11:53,902] {dag.py:2398} INFO - Sync 1 DAGs
[2022-03-21 06:11:53,931] {logging_mixin.py:109} INFO - [2022-03-21 06:11:53,931] {dag.py:2937} INFO - Setting next_dagrun for example_time_delta_sensor_async to None
[2022-03-21 06:11:54,449] {processor.py:171} INFO - Processing /home/lowenhard/acceleration/env/lib/python3.8/site-packages/airflow/example_dags/example_time_delta_sensor_async.py took 0.624 seconds
[2022-03-21 06:13:12,945] {processor.py:163} INFO - Started process (PID=1713) to work on /home/lowenhard/acceleration/env/lib/python3.8/site-packages/airflow/example_dags/example_time_delta_sensor_async.py
[2022-03-21 06:13:13,003] {processor.py:642} INFO - Processing file /home/lowenhard/acceleration/env/lib/python3.8/site-packages/airflow/example_dags/example_time_delta_sensor_async.py for tasks to queue
[2022-03-21 06:13:13,004] {logging_mixin.py:109} INFO - [2022-03-21 06:13:13,004] {dagbag.py:500} INFO - Filling up the DagBag from /home/lowenhard/acceleration/env/lib/python3.8/site-packages/airflow/example_dags/example_time_delta_sensor_async.py
[2022-03-21 06:13:13,260] {processor.py:654} INFO - DAG(s) dict_keys(['example_time_delta_sensor_async']) retrieved from /home/lowenhard/acceleration/env/lib/python3.8/site-packages/airflow/example_dags/example_time_delta_sensor_async.py
[2022-03-21 06:13:13,272] {logging_mixin.py:109} INFO - [2022-03-21 06:13:13,272] {dag.py:2398} INFO - Sync 1 DAGs
[2022-03-21 06:13:13,297] {logging_mixin.py:109} INFO - [2022-03-21 06:13:13,297] {dag.py:2937} INFO - Setting next_dagrun for example_time_delta_sensor_async to None
[2022-03-21 06:13:13,514] {processor.py:171} INFO - Processing /home/lowenhard/acceleration/env/lib/python3.8/site-packages/airflow/example_dags/example_time_delta_sensor_async.py took 0.572 seconds
[2022-03-21 06:14:38,603] {processor.py:163} INFO - Started process (PID=1751) to work on /home/lowenhard/acceleration/env/lib/python3.8/site-packages/airflow/example_dags/example_time_delta_sensor_async.py
[2022-03-21 06:14:38,639] {processor.py:642} INFO - Processing file /home/lowenhard/acceleration/env/lib/python3.8/site-packages/airflow/example_dags/example_time_delta_sensor_async.py for tasks to queue
[2022-03-21 06:14:38,640] {logging_mixin.py:109} INFO - [2022-03-21 06:14:38,639] {dagbag.py:500} INFO - Filling up the DagBag from /home/lowenhard/acceleration/env/lib/python3.8/site-packages/airflow/example_dags/example_time_delta_sensor_async.py
[2022-03-21 06:14:38,659] {processor.py:654} INFO - DAG(s) dict_keys(['example_time_delta_sensor_async']) retrieved from /home/lowenhard/acceleration/env/lib/python3.8/site-packages/airflow/example_dags/example_time_delta_sensor_async.py
[2022-03-21 06:14:38,668] {logging_mixin.py:109} INFO - [2022-03-21 06:14:38,668] {dag.py:2398} INFO - Sync 1 DAGs
[2022-03-21 06:14:38,681] {logging_mixin.py:109} INFO - [2022-03-21 06:14:38,681] {dag.py:2937} INFO - Setting next_dagrun for example_time_delta_sensor_async to None
[2022-03-21 06:14:39,333] {processor.py:171} INFO - Processing /home/lowenhard/acceleration/env/lib/python3.8/site-packages/airflow/example_dags/example_time_delta_sensor_async.py took 0.733 seconds
[2022-03-21 06:16:08,393] {processor.py:163} INFO - Started process (PID=1789) to work on /home/lowenhard/acceleration/env/lib/python3.8/site-packages/airflow/example_dags/example_time_delta_sensor_async.py
[2022-03-21 06:16:08,408] {processor.py:642} INFO - Processing file /home/lowenhard/acceleration/env/lib/python3.8/site-packages/airflow/example_dags/example_time_delta_sensor_async.py for tasks to queue
[2022-03-21 06:16:08,409] {logging_mixin.py:109} INFO - [2022-03-21 06:16:08,409] {dagbag.py:500} INFO - Filling up the DagBag from /home/lowenhard/acceleration/env/lib/python3.8/site-packages/airflow/example_dags/example_time_delta_sensor_async.py
[2022-03-21 06:16:08,428] {processor.py:654} INFO - DAG(s) dict_keys(['example_time_delta_sensor_async']) retrieved from /home/lowenhard/acceleration/env/lib/python3.8/site-packages/airflow/example_dags/example_time_delta_sensor_async.py
[2022-03-21 06:16:08,436] {logging_mixin.py:109} INFO - [2022-03-21 06:16:08,436] {dag.py:2398} INFO - Sync 1 DAGs
[2022-03-21 06:16:08,448] {logging_mixin.py:109} INFO - [2022-03-21 06:16:08,448] {dag.py:2937} INFO - Setting next_dagrun for example_time_delta_sensor_async to None
[2022-03-21 06:16:09,649] {processor.py:171} INFO - Processing /home/lowenhard/acceleration/env/lib/python3.8/site-packages/airflow/example_dags/example_time_delta_sensor_async.py took 1.259 seconds
[2022-03-21 06:17:42,345] {processor.py:163} INFO - Started process (PID=1829) to work on /home/lowenhard/acceleration/env/lib/python3.8/site-packages/airflow/example_dags/example_time_delta_sensor_async.py
[2022-03-21 06:17:42,787] {processor.py:642} INFO - Processing file /home/lowenhard/acceleration/env/lib/python3.8/site-packages/airflow/example_dags/example_time_delta_sensor_async.py for tasks to queue
[2022-03-21 06:17:42,788] {logging_mixin.py:109} INFO - [2022-03-21 06:17:42,788] {dagbag.py:500} INFO - Filling up the DagBag from /home/lowenhard/acceleration/env/lib/python3.8/site-packages/airflow/example_dags/example_time_delta_sensor_async.py
[2022-03-21 06:17:42,810] {processor.py:654} INFO - DAG(s) dict_keys(['example_time_delta_sensor_async']) retrieved from /home/lowenhard/acceleration/env/lib/python3.8/site-packages/airflow/example_dags/example_time_delta_sensor_async.py
[2022-03-21 06:17:42,823] {logging_mixin.py:109} INFO - [2022-03-21 06:17:42,823] {dag.py:2398} INFO - Sync 1 DAGs
[2022-03-21 06:17:42,839] {logging_mixin.py:109} INFO - [2022-03-21 06:17:42,839] {dag.py:2937} INFO - Setting next_dagrun for example_time_delta_sensor_async to None
[2022-03-21 06:17:43,600] {processor.py:171} INFO - Processing /home/lowenhard/acceleration/env/lib/python3.8/site-packages/airflow/example_dags/example_time_delta_sensor_async.py took 1.258 seconds
[2022-03-21 06:19:05,336] {processor.py:163} INFO - Started process (PID=1868) to work on /home/lowenhard/acceleration/env/lib/python3.8/site-packages/airflow/example_dags/example_time_delta_sensor_async.py
[2022-03-21 06:19:05,347] {processor.py:642} INFO - Processing file /home/lowenhard/acceleration/env/lib/python3.8/site-packages/airflow/example_dags/example_time_delta_sensor_async.py for tasks to queue
[2022-03-21 06:19:05,348] {logging_mixin.py:109} INFO - [2022-03-21 06:19:05,348] {dagbag.py:500} INFO - Filling up the DagBag from /home/lowenhard/acceleration/env/lib/python3.8/site-packages/airflow/example_dags/example_time_delta_sensor_async.py
[2022-03-21 06:19:05,370] {processor.py:654} INFO - DAG(s) dict_keys(['example_time_delta_sensor_async']) retrieved from /home/lowenhard/acceleration/env/lib/python3.8/site-packages/airflow/example_dags/example_time_delta_sensor_async.py
[2022-03-21 06:19:05,380] {logging_mixin.py:109} INFO - [2022-03-21 06:19:05,380] {dag.py:2398} INFO - Sync 1 DAGs
[2022-03-21 06:19:05,392] {logging_mixin.py:109} INFO - [2022-03-21 06:19:05,392] {dag.py:2937} INFO - Setting next_dagrun for example_time_delta_sensor_async to None
[2022-03-21 06:19:06,225] {processor.py:171} INFO - Processing /home/lowenhard/acceleration/env/lib/python3.8/site-packages/airflow/example_dags/example_time_delta_sensor_async.py took 0.891 seconds
[2022-03-21 06:20:23,249] {processor.py:163} INFO - Started process (PID=1905) to work on /home/lowenhard/acceleration/env/lib/python3.8/site-packages/airflow/example_dags/example_time_delta_sensor_async.py
[2022-03-21 06:20:23,275] {processor.py:642} INFO - Processing file /home/lowenhard/acceleration/env/lib/python3.8/site-packages/airflow/example_dags/example_time_delta_sensor_async.py for tasks to queue
[2022-03-21 06:20:23,276] {logging_mixin.py:109} INFO - [2022-03-21 06:20:23,276] {dagbag.py:500} INFO - Filling up the DagBag from /home/lowenhard/acceleration/env/lib/python3.8/site-packages/airflow/example_dags/example_time_delta_sensor_async.py
[2022-03-21 06:20:23,294] {processor.py:654} INFO - DAG(s) dict_keys(['example_time_delta_sensor_async']) retrieved from /home/lowenhard/acceleration/env/lib/python3.8/site-packages/airflow/example_dags/example_time_delta_sensor_async.py
[2022-03-21 06:20:23,302] {logging_mixin.py:109} INFO - [2022-03-21 06:20:23,302] {dag.py:2398} INFO - Sync 1 DAGs
[2022-03-21 06:20:23,313] {logging_mixin.py:109} INFO - [2022-03-21 06:20:23,313] {dag.py:2937} INFO - Setting next_dagrun for example_time_delta_sensor_async to None
[2022-03-21 06:20:24,057] {processor.py:171} INFO - Processing /home/lowenhard/acceleration/env/lib/python3.8/site-packages/airflow/example_dags/example_time_delta_sensor_async.py took 0.811 seconds
[2022-03-21 06:21:47,914] {processor.py:163} INFO - Started process (PID=1942) to work on /home/lowenhard/acceleration/env/lib/python3.8/site-packages/airflow/example_dags/example_time_delta_sensor_async.py
[2022-03-21 06:21:48,085] {processor.py:642} INFO - Processing file /home/lowenhard/acceleration/env/lib/python3.8/site-packages/airflow/example_dags/example_time_delta_sensor_async.py for tasks to queue
[2022-03-21 06:21:48,086] {logging_mixin.py:109} INFO - [2022-03-21 06:21:48,086] {dagbag.py:500} INFO - Filling up the DagBag from /home/lowenhard/acceleration/env/lib/python3.8/site-packages/airflow/example_dags/example_time_delta_sensor_async.py
[2022-03-21 06:21:48,105] {processor.py:654} INFO - DAG(s) dict_keys(['example_time_delta_sensor_async']) retrieved from /home/lowenhard/acceleration/env/lib/python3.8/site-packages/airflow/example_dags/example_time_delta_sensor_async.py
[2022-03-21 06:21:48,114] {logging_mixin.py:109} INFO - [2022-03-21 06:21:48,114] {dag.py:2398} INFO - Sync 1 DAGs
[2022-03-21 06:21:48,127] {logging_mixin.py:109} INFO - [2022-03-21 06:21:48,126] {dag.py:2937} INFO - Setting next_dagrun for example_time_delta_sensor_async to None
[2022-03-21 06:21:48,371] {processor.py:171} INFO - Processing /home/lowenhard/acceleration/env/lib/python3.8/site-packages/airflow/example_dags/example_time_delta_sensor_async.py took 0.459 seconds
[2022-03-21 06:23:27,085] {processor.py:163} INFO - Started process (PID=1986) to work on /home/lowenhard/acceleration/env/lib/python3.8/site-packages/airflow/example_dags/example_time_delta_sensor_async.py
[2022-03-21 06:23:27,091] {processor.py:642} INFO - Processing file /home/lowenhard/acceleration/env/lib/python3.8/site-packages/airflow/example_dags/example_time_delta_sensor_async.py for tasks to queue
[2022-03-21 06:23:27,091] {logging_mixin.py:109} INFO - [2022-03-21 06:23:27,091] {dagbag.py:500} INFO - Filling up the DagBag from /home/lowenhard/acceleration/env/lib/python3.8/site-packages/airflow/example_dags/example_time_delta_sensor_async.py
[2022-03-21 06:23:27,113] {processor.py:654} INFO - DAG(s) dict_keys(['example_time_delta_sensor_async']) retrieved from /home/lowenhard/acceleration/env/lib/python3.8/site-packages/airflow/example_dags/example_time_delta_sensor_async.py
[2022-03-21 06:23:27,123] {logging_mixin.py:109} INFO - [2022-03-21 06:23:27,123] {dag.py:2398} INFO - Sync 1 DAGs
[2022-03-21 06:23:27,136] {logging_mixin.py:109} INFO - [2022-03-21 06:23:27,136] {dag.py:2937} INFO - Setting next_dagrun for example_time_delta_sensor_async to None
[2022-03-21 06:23:28,020] {processor.py:171} INFO - Processing /home/lowenhard/acceleration/env/lib/python3.8/site-packages/airflow/example_dags/example_time_delta_sensor_async.py took 0.940 seconds
[2022-03-21 06:25:01,168] {processor.py:163} INFO - Started process (PID=2027) to work on /home/lowenhard/acceleration/env/lib/python3.8/site-packages/airflow/example_dags/example_time_delta_sensor_async.py
[2022-03-21 06:25:01,196] {processor.py:642} INFO - Processing file /home/lowenhard/acceleration/env/lib/python3.8/site-packages/airflow/example_dags/example_time_delta_sensor_async.py for tasks to queue
[2022-03-21 06:25:01,196] {logging_mixin.py:109} INFO - [2022-03-21 06:25:01,196] {dagbag.py:500} INFO - Filling up the DagBag from /home/lowenhard/acceleration/env/lib/python3.8/site-packages/airflow/example_dags/example_time_delta_sensor_async.py
[2022-03-21 06:25:01,216] {processor.py:654} INFO - DAG(s) dict_keys(['example_time_delta_sensor_async']) retrieved from /home/lowenhard/acceleration/env/lib/python3.8/site-packages/airflow/example_dags/example_time_delta_sensor_async.py
[2022-03-21 06:25:01,226] {logging_mixin.py:109} INFO - [2022-03-21 06:25:01,226] {dag.py:2398} INFO - Sync 1 DAGs
[2022-03-21 06:25:01,237] {logging_mixin.py:109} INFO - [2022-03-21 06:25:01,237] {dag.py:2937} INFO - Setting next_dagrun for example_time_delta_sensor_async to None
[2022-03-21 06:25:03,900] {processor.py:171} INFO - Processing /home/lowenhard/acceleration/env/lib/python3.8/site-packages/airflow/example_dags/example_time_delta_sensor_async.py took 2.734 seconds
[2022-03-21 06:26:11,255] {processor.py:163} INFO - Started process (PID=2063) to work on /home/lowenhard/acceleration/env/lib/python3.8/site-packages/airflow/example_dags/example_time_delta_sensor_async.py
[2022-03-21 06:26:11,292] {processor.py:642} INFO - Processing file /home/lowenhard/acceleration/env/lib/python3.8/site-packages/airflow/example_dags/example_time_delta_sensor_async.py for tasks to queue
[2022-03-21 06:26:11,293] {logging_mixin.py:109} INFO - [2022-03-21 06:26:11,293] {dagbag.py:500} INFO - Filling up the DagBag from /home/lowenhard/acceleration/env/lib/python3.8/site-packages/airflow/example_dags/example_time_delta_sensor_async.py
[2022-03-21 06:26:11,313] {processor.py:654} INFO - DAG(s) dict_keys(['example_time_delta_sensor_async']) retrieved from /home/lowenhard/acceleration/env/lib/python3.8/site-packages/airflow/example_dags/example_time_delta_sensor_async.py
[2022-03-21 06:26:11,323] {logging_mixin.py:109} INFO - [2022-03-21 06:26:11,323] {dag.py:2398} INFO - Sync 1 DAGs
[2022-03-21 06:26:11,336] {logging_mixin.py:109} INFO - [2022-03-21 06:26:11,335] {dag.py:2937} INFO - Setting next_dagrun for example_time_delta_sensor_async to None
[2022-03-21 06:26:11,669] {processor.py:171} INFO - Processing /home/lowenhard/acceleration/env/lib/python3.8/site-packages/airflow/example_dags/example_time_delta_sensor_async.py took 0.418 seconds
[2022-03-21 06:27:12,506] {processor.py:163} INFO - Started process (PID=2100) to work on /home/lowenhard/acceleration/env/lib/python3.8/site-packages/airflow/example_dags/example_time_delta_sensor_async.py
[2022-03-21 06:27:12,510] {processor.py:642} INFO - Processing file /home/lowenhard/acceleration/env/lib/python3.8/site-packages/airflow/example_dags/example_time_delta_sensor_async.py for tasks to queue
[2022-03-21 06:27:12,510] {logging_mixin.py:109} INFO - [2022-03-21 06:27:12,510] {dagbag.py:500} INFO - Filling up the DagBag from /home/lowenhard/acceleration/env/lib/python3.8/site-packages/airflow/example_dags/example_time_delta_sensor_async.py
[2022-03-21 06:27:12,534] {processor.py:654} INFO - DAG(s) dict_keys(['example_time_delta_sensor_async']) retrieved from /home/lowenhard/acceleration/env/lib/python3.8/site-packages/airflow/example_dags/example_time_delta_sensor_async.py
[2022-03-21 06:27:12,543] {logging_mixin.py:109} INFO - [2022-03-21 06:27:12,543] {dag.py:2398} INFO - Sync 1 DAGs
[2022-03-21 06:27:12,555] {logging_mixin.py:109} INFO - [2022-03-21 06:27:12,555] {dag.py:2937} INFO - Setting next_dagrun for example_time_delta_sensor_async to None
[2022-03-21 06:27:13,264] {processor.py:171} INFO - Processing /home/lowenhard/acceleration/env/lib/python3.8/site-packages/airflow/example_dags/example_time_delta_sensor_async.py took 0.760 seconds
[2022-03-21 06:30:00,376] {processor.py:163} INFO - Started process (PID=2174) to work on /home/lowenhard/acceleration/env/lib/python3.8/site-packages/airflow/example_dags/example_time_delta_sensor_async.py
[2022-03-21 06:30:00,384] {processor.py:642} INFO - Processing file /home/lowenhard/acceleration/env/lib/python3.8/site-packages/airflow/example_dags/example_time_delta_sensor_async.py for tasks to queue
[2022-03-21 06:30:00,385] {logging_mixin.py:109} INFO - [2022-03-21 06:30:00,385] {dagbag.py:500} INFO - Filling up the DagBag from /home/lowenhard/acceleration/env/lib/python3.8/site-packages/airflow/example_dags/example_time_delta_sensor_async.py
[2022-03-21 06:30:00,406] {processor.py:654} INFO - DAG(s) dict_keys(['example_time_delta_sensor_async']) retrieved from /home/lowenhard/acceleration/env/lib/python3.8/site-packages/airflow/example_dags/example_time_delta_sensor_async.py
[2022-03-21 06:30:00,416] {logging_mixin.py:109} INFO - [2022-03-21 06:30:00,416] {dag.py:2398} INFO - Sync 1 DAGs
[2022-03-21 06:30:00,429] {logging_mixin.py:109} INFO - [2022-03-21 06:30:00,429] {dag.py:2937} INFO - Setting next_dagrun for example_time_delta_sensor_async to None
[2022-03-21 06:30:02,156] {processor.py:171} INFO - Processing /home/lowenhard/acceleration/env/lib/python3.8/site-packages/airflow/example_dags/example_time_delta_sensor_async.py took 1.782 seconds
[2022-03-21 06:31:14,658] {processor.py:163} INFO - Started process (PID=2217) to work on /home/lowenhard/acceleration/env/lib/python3.8/site-packages/airflow/example_dags/example_time_delta_sensor_async.py
[2022-03-21 06:31:14,671] {processor.py:642} INFO - Processing file /home/lowenhard/acceleration/env/lib/python3.8/site-packages/airflow/example_dags/example_time_delta_sensor_async.py for tasks to queue
[2022-03-21 06:31:14,671] {logging_mixin.py:109} INFO - [2022-03-21 06:31:14,671] {dagbag.py:500} INFO - Filling up the DagBag from /home/lowenhard/acceleration/env/lib/python3.8/site-packages/airflow/example_dags/example_time_delta_sensor_async.py
[2022-03-21 06:31:14,691] {processor.py:654} INFO - DAG(s) dict_keys(['example_time_delta_sensor_async']) retrieved from /home/lowenhard/acceleration/env/lib/python3.8/site-packages/airflow/example_dags/example_time_delta_sensor_async.py
[2022-03-21 06:31:14,700] {logging_mixin.py:109} INFO - [2022-03-21 06:31:14,700] {dag.py:2398} INFO - Sync 1 DAGs
[2022-03-21 06:31:14,717] {logging_mixin.py:109} INFO - [2022-03-21 06:31:14,717] {dag.py:2937} INFO - Setting next_dagrun for example_time_delta_sensor_async to None
[2022-03-21 06:31:16,735] {processor.py:171} INFO - Processing /home/lowenhard/acceleration/env/lib/python3.8/site-packages/airflow/example_dags/example_time_delta_sensor_async.py took 2.079 seconds
