[2022-03-21 05:18:45,904] {processor.py:163} INFO - Started process (PID=162) to work on /home/lowenhard/acceleration/env/lib/python3.8/site-packages/airflow/example_dags/example_sla_dag.py
[2022-03-21 05:18:45,905] {processor.py:642} INFO - Processing file /home/lowenhard/acceleration/env/lib/python3.8/site-packages/airflow/example_dags/example_sla_dag.py for tasks to queue
[2022-03-21 05:18:45,905] {logging_mixin.py:109} INFO - [2022-03-21 05:18:45,905] {dagbag.py:500} INFO - Filling up the DagBag from /home/lowenhard/acceleration/env/lib/python3.8/site-packages/airflow/example_dags/example_sla_dag.py
[2022-03-21 05:18:45,932] {processor.py:654} INFO - DAG(s) dict_keys(['example_sla_dag']) retrieved from /home/lowenhard/acceleration/env/lib/python3.8/site-packages/airflow/example_dags/example_sla_dag.py
[2022-03-21 05:18:45,941] {logging_mixin.py:109} INFO - [2022-03-21 05:18:45,941] {dag.py:2398} INFO - Sync 1 DAGs
[2022-03-21 05:18:45,962] {logging_mixin.py:109} INFO - [2022-03-21 05:18:45,962] {dag.py:2937} INFO - Setting next_dagrun for example_sla_dag to 2022-03-21T10:16:00+00:00
[2022-03-21 05:18:46,927] {processor.py:171} INFO - Processing /home/lowenhard/acceleration/env/lib/python3.8/site-packages/airflow/example_dags/example_sla_dag.py took 1.025 seconds
[2022-03-21 05:20:12,333] {processor.py:163} INFO - Started process (PID=259) to work on /home/lowenhard/acceleration/env/lib/python3.8/site-packages/airflow/example_dags/example_sla_dag.py
[2022-03-21 05:20:12,656] {processor.py:642} INFO - Processing file /home/lowenhard/acceleration/env/lib/python3.8/site-packages/airflow/example_dags/example_sla_dag.py for tasks to queue
[2022-03-21 05:20:12,657] {logging_mixin.py:109} INFO - [2022-03-21 05:20:12,657] {dagbag.py:500} INFO - Filling up the DagBag from /home/lowenhard/acceleration/env/lib/python3.8/site-packages/airflow/example_dags/example_sla_dag.py
[2022-03-21 05:20:12,864] {processor.py:654} INFO - DAG(s) dict_keys(['example_sla_dag']) retrieved from /home/lowenhard/acceleration/env/lib/python3.8/site-packages/airflow/example_dags/example_sla_dag.py
[2022-03-21 05:20:12,875] {logging_mixin.py:109} INFO - [2022-03-21 05:20:12,875] {dag.py:2398} INFO - Sync 1 DAGs
[2022-03-21 05:20:12,895] {logging_mixin.py:109} INFO - [2022-03-21 05:20:12,894] {dag.py:2937} INFO - Setting next_dagrun for example_sla_dag to 2022-03-21T10:18:00+00:00
[2022-03-21 05:20:13,634] {processor.py:171} INFO - Processing /home/lowenhard/acceleration/env/lib/python3.8/site-packages/airflow/example_dags/example_sla_dag.py took 1.305 seconds
[2022-03-21 05:21:49,371] {processor.py:163} INFO - Started process (PID=303) to work on /home/lowenhard/acceleration/env/lib/python3.8/site-packages/airflow/example_dags/example_sla_dag.py
[2022-03-21 05:21:49,378] {processor.py:642} INFO - Processing file /home/lowenhard/acceleration/env/lib/python3.8/site-packages/airflow/example_dags/example_sla_dag.py for tasks to queue
[2022-03-21 05:21:49,378] {logging_mixin.py:109} INFO - [2022-03-21 05:21:49,378] {dagbag.py:500} INFO - Filling up the DagBag from /home/lowenhard/acceleration/env/lib/python3.8/site-packages/airflow/example_dags/example_sla_dag.py
[2022-03-21 05:21:49,402] {processor.py:654} INFO - DAG(s) dict_keys(['example_sla_dag']) retrieved from /home/lowenhard/acceleration/env/lib/python3.8/site-packages/airflow/example_dags/example_sla_dag.py
[2022-03-21 05:21:49,410] {logging_mixin.py:109} INFO - [2022-03-21 05:21:49,410] {dag.py:2398} INFO - Sync 1 DAGs
[2022-03-21 05:21:49,426] {logging_mixin.py:109} INFO - [2022-03-21 05:21:49,426] {dag.py:2937} INFO - Setting next_dagrun for example_sla_dag to 2022-03-21T10:18:00+00:00
[2022-03-21 05:21:49,811] {processor.py:171} INFO - Processing /home/lowenhard/acceleration/env/lib/python3.8/site-packages/airflow/example_dags/example_sla_dag.py took 0.442 seconds
[2022-03-21 05:23:16,872] {processor.py:163} INFO - Started process (PID=343) to work on /home/lowenhard/acceleration/env/lib/python3.8/site-packages/airflow/example_dags/example_sla_dag.py
[2022-03-21 05:23:16,888] {processor.py:642} INFO - Processing file /home/lowenhard/acceleration/env/lib/python3.8/site-packages/airflow/example_dags/example_sla_dag.py for tasks to queue
[2022-03-21 05:23:16,888] {logging_mixin.py:109} INFO - [2022-03-21 05:23:16,888] {dagbag.py:500} INFO - Filling up the DagBag from /home/lowenhard/acceleration/env/lib/python3.8/site-packages/airflow/example_dags/example_sla_dag.py
[2022-03-21 05:23:16,914] {processor.py:654} INFO - DAG(s) dict_keys(['example_sla_dag']) retrieved from /home/lowenhard/acceleration/env/lib/python3.8/site-packages/airflow/example_dags/example_sla_dag.py
[2022-03-21 05:23:16,925] {logging_mixin.py:109} INFO - [2022-03-21 05:23:16,924] {dag.py:2398} INFO - Sync 1 DAGs
[2022-03-21 05:23:16,942] {logging_mixin.py:109} INFO - [2022-03-21 05:23:16,942] {dag.py:2937} INFO - Setting next_dagrun for example_sla_dag to 2022-03-21T10:20:00+00:00
[2022-03-21 05:23:18,599] {processor.py:171} INFO - Processing /home/lowenhard/acceleration/env/lib/python3.8/site-packages/airflow/example_dags/example_sla_dag.py took 1.729 seconds
[2022-03-21 05:24:27,154] {processor.py:163} INFO - Started process (PID=378) to work on /home/lowenhard/acceleration/env/lib/python3.8/site-packages/airflow/example_dags/example_sla_dag.py
[2022-03-21 05:24:27,167] {processor.py:642} INFO - Processing file /home/lowenhard/acceleration/env/lib/python3.8/site-packages/airflow/example_dags/example_sla_dag.py for tasks to queue
[2022-03-21 05:24:27,167] {logging_mixin.py:109} INFO - [2022-03-21 05:24:27,167] {dagbag.py:500} INFO - Filling up the DagBag from /home/lowenhard/acceleration/env/lib/python3.8/site-packages/airflow/example_dags/example_sla_dag.py
[2022-03-21 05:24:27,195] {processor.py:654} INFO - DAG(s) dict_keys(['example_sla_dag']) retrieved from /home/lowenhard/acceleration/env/lib/python3.8/site-packages/airflow/example_dags/example_sla_dag.py
[2022-03-21 05:24:27,205] {logging_mixin.py:109} INFO - [2022-03-21 05:24:27,205] {dag.py:2398} INFO - Sync 1 DAGs
[2022-03-21 05:24:27,223] {logging_mixin.py:109} INFO - [2022-03-21 05:24:27,223] {dag.py:2937} INFO - Setting next_dagrun for example_sla_dag to 2022-03-21T10:22:00+00:00
[2022-03-21 05:24:27,379] {processor.py:171} INFO - Processing /home/lowenhard/acceleration/env/lib/python3.8/site-packages/airflow/example_dags/example_sla_dag.py took 0.227 seconds
[2022-03-21 05:25:42,029] {processor.py:163} INFO - Started process (PID=413) to work on /home/lowenhard/acceleration/env/lib/python3.8/site-packages/airflow/example_dags/example_sla_dag.py
[2022-03-21 05:25:42,078] {processor.py:642} INFO - Processing file /home/lowenhard/acceleration/env/lib/python3.8/site-packages/airflow/example_dags/example_sla_dag.py for tasks to queue
[2022-03-21 05:25:42,079] {logging_mixin.py:109} INFO - [2022-03-21 05:25:42,079] {dagbag.py:500} INFO - Filling up the DagBag from /home/lowenhard/acceleration/env/lib/python3.8/site-packages/airflow/example_dags/example_sla_dag.py
[2022-03-21 05:25:42,110] {processor.py:654} INFO - DAG(s) dict_keys(['example_sla_dag']) retrieved from /home/lowenhard/acceleration/env/lib/python3.8/site-packages/airflow/example_dags/example_sla_dag.py
[2022-03-21 05:25:42,129] {logging_mixin.py:109} INFO - [2022-03-21 05:25:42,129] {dag.py:2398} INFO - Sync 1 DAGs
[2022-03-21 05:25:42,148] {logging_mixin.py:109} INFO - [2022-03-21 05:25:42,148] {dag.py:2937} INFO - Setting next_dagrun for example_sla_dag to 2022-03-21T10:22:00+00:00
[2022-03-21 05:25:42,580] {processor.py:171} INFO - Processing /home/lowenhard/acceleration/env/lib/python3.8/site-packages/airflow/example_dags/example_sla_dag.py took 0.554 seconds
[2022-03-21 05:27:18,195] {processor.py:163} INFO - Started process (PID=453) to work on /home/lowenhard/acceleration/env/lib/python3.8/site-packages/airflow/example_dags/example_sla_dag.py
[2022-03-21 05:27:18,233] {processor.py:642} INFO - Processing file /home/lowenhard/acceleration/env/lib/python3.8/site-packages/airflow/example_dags/example_sla_dag.py for tasks to queue
[2022-03-21 05:27:18,233] {logging_mixin.py:109} INFO - [2022-03-21 05:27:18,233] {dagbag.py:500} INFO - Filling up the DagBag from /home/lowenhard/acceleration/env/lib/python3.8/site-packages/airflow/example_dags/example_sla_dag.py
[2022-03-21 05:27:18,257] {processor.py:654} INFO - DAG(s) dict_keys(['example_sla_dag']) retrieved from /home/lowenhard/acceleration/env/lib/python3.8/site-packages/airflow/example_dags/example_sla_dag.py
[2022-03-21 05:27:18,267] {logging_mixin.py:109} INFO - [2022-03-21 05:27:18,267] {dag.py:2398} INFO - Sync 1 DAGs
[2022-03-21 05:27:18,286] {logging_mixin.py:109} INFO - [2022-03-21 05:27:18,286] {dag.py:2937} INFO - Setting next_dagrun for example_sla_dag to 2022-03-21T10:24:00+00:00
[2022-03-21 05:27:19,882] {processor.py:171} INFO - Processing /home/lowenhard/acceleration/env/lib/python3.8/site-packages/airflow/example_dags/example_sla_dag.py took 1.690 seconds
[2022-03-21 05:28:44,956] {processor.py:163} INFO - Started process (PID=490) to work on /home/lowenhard/acceleration/env/lib/python3.8/site-packages/airflow/example_dags/example_sla_dag.py
[2022-03-21 05:28:45,752] {processor.py:642} INFO - Processing file /home/lowenhard/acceleration/env/lib/python3.8/site-packages/airflow/example_dags/example_sla_dag.py for tasks to queue
[2022-03-21 05:28:45,752] {logging_mixin.py:109} INFO - [2022-03-21 05:28:45,752] {dagbag.py:500} INFO - Filling up the DagBag from /home/lowenhard/acceleration/env/lib/python3.8/site-packages/airflow/example_dags/example_sla_dag.py
[2022-03-21 05:28:45,777] {processor.py:654} INFO - DAG(s) dict_keys(['example_sla_dag']) retrieved from /home/lowenhard/acceleration/env/lib/python3.8/site-packages/airflow/example_dags/example_sla_dag.py
[2022-03-21 05:28:45,788] {logging_mixin.py:109} INFO - [2022-03-21 05:28:45,787] {dag.py:2398} INFO - Sync 1 DAGs
[2022-03-21 05:28:45,806] {logging_mixin.py:109} INFO - [2022-03-21 05:28:45,805] {dag.py:2937} INFO - Setting next_dagrun for example_sla_dag to 2022-03-21T10:26:00+00:00
[2022-03-21 05:28:45,948] {processor.py:171} INFO - Processing /home/lowenhard/acceleration/env/lib/python3.8/site-packages/airflow/example_dags/example_sla_dag.py took 0.994 seconds
[2022-03-21 05:30:02,288] {processor.py:163} INFO - Started process (PID=526) to work on /home/lowenhard/acceleration/env/lib/python3.8/site-packages/airflow/example_dags/example_sla_dag.py
[2022-03-21 05:30:02,727] {processor.py:642} INFO - Processing file /home/lowenhard/acceleration/env/lib/python3.8/site-packages/airflow/example_dags/example_sla_dag.py for tasks to queue
[2022-03-21 05:30:02,727] {logging_mixin.py:109} INFO - [2022-03-21 05:30:02,727] {dagbag.py:500} INFO - Filling up the DagBag from /home/lowenhard/acceleration/env/lib/python3.8/site-packages/airflow/example_dags/example_sla_dag.py
[2022-03-21 05:30:02,752] {processor.py:654} INFO - DAG(s) dict_keys(['example_sla_dag']) retrieved from /home/lowenhard/acceleration/env/lib/python3.8/site-packages/airflow/example_dags/example_sla_dag.py
[2022-03-21 05:30:02,760] {logging_mixin.py:109} INFO - [2022-03-21 05:30:02,760] {dag.py:2398} INFO - Sync 1 DAGs
[2022-03-21 05:30:02,777] {logging_mixin.py:109} INFO - [2022-03-21 05:30:02,777] {dag.py:2937} INFO - Setting next_dagrun for example_sla_dag to 2022-03-21T10:28:00+00:00
[2022-03-21 05:30:02,968] {processor.py:171} INFO - Processing /home/lowenhard/acceleration/env/lib/python3.8/site-packages/airflow/example_dags/example_sla_dag.py took 0.683 seconds
[2022-03-21 05:31:28,364] {processor.py:163} INFO - Started process (PID=577) to work on /home/lowenhard/acceleration/env/lib/python3.8/site-packages/airflow/example_dags/example_sla_dag.py
[2022-03-21 05:31:28,370] {processor.py:642} INFO - Processing file /home/lowenhard/acceleration/env/lib/python3.8/site-packages/airflow/example_dags/example_sla_dag.py for tasks to queue
[2022-03-21 05:31:28,371] {logging_mixin.py:109} INFO - [2022-03-21 05:31:28,371] {dagbag.py:500} INFO - Filling up the DagBag from /home/lowenhard/acceleration/env/lib/python3.8/site-packages/airflow/example_dags/example_sla_dag.py
[2022-03-21 05:31:28,394] {processor.py:654} INFO - DAG(s) dict_keys(['example_sla_dag']) retrieved from /home/lowenhard/acceleration/env/lib/python3.8/site-packages/airflow/example_dags/example_sla_dag.py
[2022-03-21 05:31:28,403] {logging_mixin.py:109} INFO - [2022-03-21 05:31:28,402] {dag.py:2398} INFO - Sync 1 DAGs
[2022-03-21 05:31:28,419] {logging_mixin.py:109} INFO - [2022-03-21 05:31:28,419] {dag.py:2937} INFO - Setting next_dagrun for example_sla_dag to 2022-03-21T10:28:00+00:00
[2022-03-21 05:31:29,173] {processor.py:171} INFO - Processing /home/lowenhard/acceleration/env/lib/python3.8/site-packages/airflow/example_dags/example_sla_dag.py took 0.812 seconds
[2022-03-21 05:32:52,004] {processor.py:163} INFO - Started process (PID=623) to work on /home/lowenhard/acceleration/env/lib/python3.8/site-packages/airflow/example_dags/example_sla_dag.py
[2022-03-21 05:32:52,018] {processor.py:642} INFO - Processing file /home/lowenhard/acceleration/env/lib/python3.8/site-packages/airflow/example_dags/example_sla_dag.py for tasks to queue
[2022-03-21 05:32:52,019] {logging_mixin.py:109} INFO - [2022-03-21 05:32:52,019] {dagbag.py:500} INFO - Filling up the DagBag from /home/lowenhard/acceleration/env/lib/python3.8/site-packages/airflow/example_dags/example_sla_dag.py
[2022-03-21 05:32:52,042] {processor.py:654} INFO - DAG(s) dict_keys(['example_sla_dag']) retrieved from /home/lowenhard/acceleration/env/lib/python3.8/site-packages/airflow/example_dags/example_sla_dag.py
[2022-03-21 05:32:52,051] {logging_mixin.py:109} INFO - [2022-03-21 05:32:52,051] {dag.py:2398} INFO - Sync 1 DAGs
[2022-03-21 05:32:52,066] {logging_mixin.py:109} INFO - [2022-03-21 05:32:52,066] {dag.py:2937} INFO - Setting next_dagrun for example_sla_dag to 2022-03-21T10:30:00+00:00
[2022-03-21 05:32:52,824] {processor.py:171} INFO - Processing /home/lowenhard/acceleration/env/lib/python3.8/site-packages/airflow/example_dags/example_sla_dag.py took 0.822 seconds
[2022-03-21 05:34:54,954] {processor.py:163} INFO - Started process (PID=691) to work on /home/lowenhard/acceleration/env/lib/python3.8/site-packages/airflow/example_dags/example_sla_dag.py
[2022-03-21 05:34:54,970] {processor.py:642} INFO - Processing file /home/lowenhard/acceleration/env/lib/python3.8/site-packages/airflow/example_dags/example_sla_dag.py for tasks to queue
[2022-03-21 05:34:54,971] {logging_mixin.py:109} INFO - [2022-03-21 05:34:54,971] {dagbag.py:500} INFO - Filling up the DagBag from /home/lowenhard/acceleration/env/lib/python3.8/site-packages/airflow/example_dags/example_sla_dag.py
[2022-03-21 05:34:55,017] {processor.py:654} INFO - DAG(s) dict_keys(['example_sla_dag']) retrieved from /home/lowenhard/acceleration/env/lib/python3.8/site-packages/airflow/example_dags/example_sla_dag.py
[2022-03-21 05:34:55,032] {logging_mixin.py:109} INFO - [2022-03-21 05:34:55,032] {dag.py:2398} INFO - Sync 1 DAGs
[2022-03-21 05:34:55,049] {logging_mixin.py:109} INFO - [2022-03-21 05:34:55,049] {dag.py:2937} INFO - Setting next_dagrun for example_sla_dag to 2022-03-21T10:32:00+00:00
[2022-03-21 05:34:55,204] {processor.py:171} INFO - Processing /home/lowenhard/acceleration/env/lib/python3.8/site-packages/airflow/example_dags/example_sla_dag.py took 0.254 seconds
[2022-03-21 05:36:10,062] {processor.py:163} INFO - Started process (PID=732) to work on /home/lowenhard/acceleration/env/lib/python3.8/site-packages/airflow/example_dags/example_sla_dag.py
[2022-03-21 05:36:10,147] {processor.py:642} INFO - Processing file /home/lowenhard/acceleration/env/lib/python3.8/site-packages/airflow/example_dags/example_sla_dag.py for tasks to queue
[2022-03-21 05:36:10,147] {logging_mixin.py:109} INFO - [2022-03-21 05:36:10,147] {dagbag.py:500} INFO - Filling up the DagBag from /home/lowenhard/acceleration/env/lib/python3.8/site-packages/airflow/example_dags/example_sla_dag.py
[2022-03-21 05:36:10,168] {processor.py:654} INFO - DAG(s) dict_keys(['example_sla_dag']) retrieved from /home/lowenhard/acceleration/env/lib/python3.8/site-packages/airflow/example_dags/example_sla_dag.py
[2022-03-21 05:36:10,176] {logging_mixin.py:109} INFO - [2022-03-21 05:36:10,176] {dag.py:2398} INFO - Sync 1 DAGs
[2022-03-21 05:36:10,188] {logging_mixin.py:109} INFO - [2022-03-21 05:36:10,188] {dag.py:2937} INFO - Setting next_dagrun for example_sla_dag to 2022-03-21T10:34:00+00:00
[2022-03-21 05:36:11,297] {processor.py:171} INFO - Processing /home/lowenhard/acceleration/env/lib/python3.8/site-packages/airflow/example_dags/example_sla_dag.py took 1.238 seconds
[2022-03-21 05:37:37,932] {processor.py:163} INFO - Started process (PID=775) to work on /home/lowenhard/acceleration/env/lib/python3.8/site-packages/airflow/example_dags/example_sla_dag.py
[2022-03-21 05:37:37,941] {processor.py:642} INFO - Processing file /home/lowenhard/acceleration/env/lib/python3.8/site-packages/airflow/example_dags/example_sla_dag.py for tasks to queue
[2022-03-21 05:37:37,941] {logging_mixin.py:109} INFO - [2022-03-21 05:37:37,941] {dagbag.py:500} INFO - Filling up the DagBag from /home/lowenhard/acceleration/env/lib/python3.8/site-packages/airflow/example_dags/example_sla_dag.py
[2022-03-21 05:37:37,970] {processor.py:654} INFO - DAG(s) dict_keys(['example_sla_dag']) retrieved from /home/lowenhard/acceleration/env/lib/python3.8/site-packages/airflow/example_dags/example_sla_dag.py
[2022-03-21 05:37:37,979] {logging_mixin.py:109} INFO - [2022-03-21 05:37:37,979] {dag.py:2398} INFO - Sync 1 DAGs
[2022-03-21 05:37:37,995] {logging_mixin.py:109} INFO - [2022-03-21 05:37:37,995] {dag.py:2937} INFO - Setting next_dagrun for example_sla_dag to 2022-03-21T10:34:00+00:00
[2022-03-21 05:37:39,359] {processor.py:171} INFO - Processing /home/lowenhard/acceleration/env/lib/python3.8/site-packages/airflow/example_dags/example_sla_dag.py took 1.431 seconds
[2022-03-21 05:39:21,483] {processor.py:163} INFO - Started process (PID=816) to work on /home/lowenhard/acceleration/env/lib/python3.8/site-packages/airflow/example_dags/example_sla_dag.py
[2022-03-21 05:39:21,726] {processor.py:642} INFO - Processing file /home/lowenhard/acceleration/env/lib/python3.8/site-packages/airflow/example_dags/example_sla_dag.py for tasks to queue
[2022-03-21 05:39:21,726] {logging_mixin.py:109} INFO - [2022-03-21 05:39:21,726] {dagbag.py:500} INFO - Filling up the DagBag from /home/lowenhard/acceleration/env/lib/python3.8/site-packages/airflow/example_dags/example_sla_dag.py
[2022-03-21 05:39:22,885] {processor.py:654} INFO - DAG(s) dict_keys(['example_sla_dag']) retrieved from /home/lowenhard/acceleration/env/lib/python3.8/site-packages/airflow/example_dags/example_sla_dag.py
[2022-03-21 05:39:22,894] {logging_mixin.py:109} INFO - [2022-03-21 05:39:22,894] {dag.py:2398} INFO - Sync 1 DAGs
[2022-03-21 05:39:22,912] {logging_mixin.py:109} INFO - [2022-03-21 05:39:22,912] {dag.py:2937} INFO - Setting next_dagrun for example_sla_dag to 2022-03-21T10:36:00+00:00
[2022-03-21 05:39:23,827] {processor.py:171} INFO - Processing /home/lowenhard/acceleration/env/lib/python3.8/site-packages/airflow/example_dags/example_sla_dag.py took 2.348 seconds
[2022-03-21 05:41:00,442] {processor.py:163} INFO - Started process (PID=862) to work on /home/lowenhard/acceleration/env/lib/python3.8/site-packages/airflow/example_dags/example_sla_dag.py
[2022-03-21 05:41:00,481] {processor.py:642} INFO - Processing file /home/lowenhard/acceleration/env/lib/python3.8/site-packages/airflow/example_dags/example_sla_dag.py for tasks to queue
[2022-03-21 05:41:00,482] {logging_mixin.py:109} INFO - [2022-03-21 05:41:00,482] {dagbag.py:500} INFO - Filling up the DagBag from /home/lowenhard/acceleration/env/lib/python3.8/site-packages/airflow/example_dags/example_sla_dag.py
[2022-03-21 05:41:00,543] {processor.py:654} INFO - DAG(s) dict_keys(['example_sla_dag']) retrieved from /home/lowenhard/acceleration/env/lib/python3.8/site-packages/airflow/example_dags/example_sla_dag.py
[2022-03-21 05:41:00,574] {logging_mixin.py:109} INFO - [2022-03-21 05:41:00,573] {dag.py:2398} INFO - Sync 1 DAGs
[2022-03-21 05:41:00,630] {logging_mixin.py:109} INFO - [2022-03-21 05:41:00,630] {dag.py:2937} INFO - Setting next_dagrun for example_sla_dag to 2022-03-21T10:38:00+00:00
[2022-03-21 05:41:01,064] {processor.py:171} INFO - Processing /home/lowenhard/acceleration/env/lib/python3.8/site-packages/airflow/example_dags/example_sla_dag.py took 0.626 seconds
[2022-03-21 05:42:28,812] {processor.py:163} INFO - Started process (PID=905) to work on /home/lowenhard/acceleration/env/lib/python3.8/site-packages/airflow/example_dags/example_sla_dag.py
[2022-03-21 05:42:29,904] {processor.py:642} INFO - Processing file /home/lowenhard/acceleration/env/lib/python3.8/site-packages/airflow/example_dags/example_sla_dag.py for tasks to queue
[2022-03-21 05:42:29,905] {logging_mixin.py:109} INFO - [2022-03-21 05:42:29,905] {dagbag.py:500} INFO - Filling up the DagBag from /home/lowenhard/acceleration/env/lib/python3.8/site-packages/airflow/example_dags/example_sla_dag.py
[2022-03-21 05:42:29,931] {processor.py:654} INFO - DAG(s) dict_keys(['example_sla_dag']) retrieved from /home/lowenhard/acceleration/env/lib/python3.8/site-packages/airflow/example_dags/example_sla_dag.py
[2022-03-21 05:42:29,940] {logging_mixin.py:109} INFO - [2022-03-21 05:42:29,939] {dag.py:2398} INFO - Sync 1 DAGs
[2022-03-21 05:42:29,955] {logging_mixin.py:109} INFO - [2022-03-21 05:42:29,954] {dag.py:2937} INFO - Setting next_dagrun for example_sla_dag to 2022-03-21T10:40:00+00:00
[2022-03-21 05:42:30,261] {processor.py:171} INFO - Processing /home/lowenhard/acceleration/env/lib/python3.8/site-packages/airflow/example_dags/example_sla_dag.py took 1.451 seconds
[2022-03-21 05:44:06,901] {processor.py:163} INFO - Started process (PID=953) to work on /home/lowenhard/acceleration/env/lib/python3.8/site-packages/airflow/example_dags/example_sla_dag.py
[2022-03-21 05:44:07,014] {processor.py:642} INFO - Processing file /home/lowenhard/acceleration/env/lib/python3.8/site-packages/airflow/example_dags/example_sla_dag.py for tasks to queue
[2022-03-21 05:44:07,014] {logging_mixin.py:109} INFO - [2022-03-21 05:44:07,014] {dagbag.py:500} INFO - Filling up the DagBag from /home/lowenhard/acceleration/env/lib/python3.8/site-packages/airflow/example_dags/example_sla_dag.py
[2022-03-21 05:44:07,040] {processor.py:654} INFO - DAG(s) dict_keys(['example_sla_dag']) retrieved from /home/lowenhard/acceleration/env/lib/python3.8/site-packages/airflow/example_dags/example_sla_dag.py
[2022-03-21 05:44:07,049] {logging_mixin.py:109} INFO - [2022-03-21 05:44:07,049] {dag.py:2398} INFO - Sync 1 DAGs
[2022-03-21 05:44:07,066] {logging_mixin.py:109} INFO - [2022-03-21 05:44:07,065] {dag.py:2937} INFO - Setting next_dagrun for example_sla_dag to 2022-03-21T10:42:00+00:00
[2022-03-21 05:44:07,978] {processor.py:171} INFO - Processing /home/lowenhard/acceleration/env/lib/python3.8/site-packages/airflow/example_dags/example_sla_dag.py took 1.080 seconds
[2022-03-21 05:45:29,419] {processor.py:163} INFO - Started process (PID=991) to work on /home/lowenhard/acceleration/env/lib/python3.8/site-packages/airflow/example_dags/example_sla_dag.py
[2022-03-21 05:45:29,433] {processor.py:642} INFO - Processing file /home/lowenhard/acceleration/env/lib/python3.8/site-packages/airflow/example_dags/example_sla_dag.py for tasks to queue
[2022-03-21 05:45:29,433] {logging_mixin.py:109} INFO - [2022-03-21 05:45:29,433] {dagbag.py:500} INFO - Filling up the DagBag from /home/lowenhard/acceleration/env/lib/python3.8/site-packages/airflow/example_dags/example_sla_dag.py
[2022-03-21 05:45:29,464] {processor.py:654} INFO - DAG(s) dict_keys(['example_sla_dag']) retrieved from /home/lowenhard/acceleration/env/lib/python3.8/site-packages/airflow/example_dags/example_sla_dag.py
[2022-03-21 05:45:29,471] {logging_mixin.py:109} INFO - [2022-03-21 05:45:29,471] {dag.py:2398} INFO - Sync 1 DAGs
[2022-03-21 05:45:29,489] {logging_mixin.py:109} INFO - [2022-03-21 05:45:29,489] {dag.py:2937} INFO - Setting next_dagrun for example_sla_dag to 2022-03-21T10:42:00+00:00
[2022-03-21 05:45:29,677] {processor.py:171} INFO - Processing /home/lowenhard/acceleration/env/lib/python3.8/site-packages/airflow/example_dags/example_sla_dag.py took 0.260 seconds
[2022-03-21 05:47:04,800] {processor.py:163} INFO - Started process (PID=1032) to work on /home/lowenhard/acceleration/env/lib/python3.8/site-packages/airflow/example_dags/example_sla_dag.py
[2022-03-21 05:47:04,916] {processor.py:642} INFO - Processing file /home/lowenhard/acceleration/env/lib/python3.8/site-packages/airflow/example_dags/example_sla_dag.py for tasks to queue
[2022-03-21 05:47:04,917] {logging_mixin.py:109} INFO - [2022-03-21 05:47:04,917] {dagbag.py:500} INFO - Filling up the DagBag from /home/lowenhard/acceleration/env/lib/python3.8/site-packages/airflow/example_dags/example_sla_dag.py
[2022-03-21 05:47:04,956] {processor.py:654} INFO - DAG(s) dict_keys(['example_sla_dag']) retrieved from /home/lowenhard/acceleration/env/lib/python3.8/site-packages/airflow/example_dags/example_sla_dag.py
[2022-03-21 05:47:04,971] {logging_mixin.py:109} INFO - [2022-03-21 05:47:04,971] {dag.py:2398} INFO - Sync 1 DAGs
[2022-03-21 05:47:05,006] {logging_mixin.py:109} INFO - [2022-03-21 05:47:05,006] {dag.py:2937} INFO - Setting next_dagrun for example_sla_dag to 2022-03-21T10:44:00+00:00
[2022-03-21 05:47:05,203] {processor.py:171} INFO - Processing /home/lowenhard/acceleration/env/lib/python3.8/site-packages/airflow/example_dags/example_sla_dag.py took 0.406 seconds
[2022-03-21 05:48:43,300] {processor.py:163} INFO - Started process (PID=1072) to work on /home/lowenhard/acceleration/env/lib/python3.8/site-packages/airflow/example_dags/example_sla_dag.py
[2022-03-21 05:48:43,319] {processor.py:642} INFO - Processing file /home/lowenhard/acceleration/env/lib/python3.8/site-packages/airflow/example_dags/example_sla_dag.py for tasks to queue
[2022-03-21 05:48:43,320] {logging_mixin.py:109} INFO - [2022-03-21 05:48:43,320] {dagbag.py:500} INFO - Filling up the DagBag from /home/lowenhard/acceleration/env/lib/python3.8/site-packages/airflow/example_dags/example_sla_dag.py
[2022-03-21 05:48:43,343] {processor.py:654} INFO - DAG(s) dict_keys(['example_sla_dag']) retrieved from /home/lowenhard/acceleration/env/lib/python3.8/site-packages/airflow/example_dags/example_sla_dag.py
[2022-03-21 05:48:43,351] {logging_mixin.py:109} INFO - [2022-03-21 05:48:43,351] {dag.py:2398} INFO - Sync 1 DAGs
[2022-03-21 05:48:43,367] {logging_mixin.py:109} INFO - [2022-03-21 05:48:43,367] {dag.py:2937} INFO - Setting next_dagrun for example_sla_dag to 2022-03-21T10:46:00+00:00
[2022-03-21 05:48:44,479] {processor.py:171} INFO - Processing /home/lowenhard/acceleration/env/lib/python3.8/site-packages/airflow/example_dags/example_sla_dag.py took 1.181 seconds
[2022-03-21 05:50:09,861] {processor.py:163} INFO - Started process (PID=1112) to work on /home/lowenhard/acceleration/env/lib/python3.8/site-packages/airflow/example_dags/example_sla_dag.py
[2022-03-21 05:50:09,871] {processor.py:642} INFO - Processing file /home/lowenhard/acceleration/env/lib/python3.8/site-packages/airflow/example_dags/example_sla_dag.py for tasks to queue
[2022-03-21 05:50:09,871] {logging_mixin.py:109} INFO - [2022-03-21 05:50:09,871] {dagbag.py:500} INFO - Filling up the DagBag from /home/lowenhard/acceleration/env/lib/python3.8/site-packages/airflow/example_dags/example_sla_dag.py
[2022-03-21 05:50:09,895] {processor.py:654} INFO - DAG(s) dict_keys(['example_sla_dag']) retrieved from /home/lowenhard/acceleration/env/lib/python3.8/site-packages/airflow/example_dags/example_sla_dag.py
[2022-03-21 05:50:09,905] {logging_mixin.py:109} INFO - [2022-03-21 05:50:09,905] {dag.py:2398} INFO - Sync 1 DAGs
[2022-03-21 05:50:09,922] {logging_mixin.py:109} INFO - [2022-03-21 05:50:09,922] {dag.py:2937} INFO - Setting next_dagrun for example_sla_dag to 2022-03-21T10:48:00+00:00
[2022-03-21 05:50:12,305] {processor.py:171} INFO - Processing /home/lowenhard/acceleration/env/lib/python3.8/site-packages/airflow/example_dags/example_sla_dag.py took 2.446 seconds
[2022-03-21 05:52:04,734] {processor.py:163} INFO - Started process (PID=1158) to work on /home/lowenhard/acceleration/env/lib/python3.8/site-packages/airflow/example_dags/example_sla_dag.py
[2022-03-21 05:52:04,786] {processor.py:642} INFO - Processing file /home/lowenhard/acceleration/env/lib/python3.8/site-packages/airflow/example_dags/example_sla_dag.py for tasks to queue
[2022-03-21 05:52:04,787] {logging_mixin.py:109} INFO - [2022-03-21 05:52:04,787] {dagbag.py:500} INFO - Filling up the DagBag from /home/lowenhard/acceleration/env/lib/python3.8/site-packages/airflow/example_dags/example_sla_dag.py
[2022-03-21 05:52:04,830] {processor.py:654} INFO - DAG(s) dict_keys(['example_sla_dag']) retrieved from /home/lowenhard/acceleration/env/lib/python3.8/site-packages/airflow/example_dags/example_sla_dag.py
[2022-03-21 05:52:04,843] {logging_mixin.py:109} INFO - [2022-03-21 05:52:04,843] {dag.py:2398} INFO - Sync 1 DAGs
[2022-03-21 05:52:04,870] {logging_mixin.py:109} INFO - [2022-03-21 05:52:04,870] {dag.py:2937} INFO - Setting next_dagrun for example_sla_dag to 2022-03-21T10:50:00+00:00
[2022-03-21 05:52:06,277] {processor.py:171} INFO - Processing /home/lowenhard/acceleration/env/lib/python3.8/site-packages/airflow/example_dags/example_sla_dag.py took 1.547 seconds
[2022-03-21 05:53:36,221] {processor.py:163} INFO - Started process (PID=1198) to work on /home/lowenhard/acceleration/env/lib/python3.8/site-packages/airflow/example_dags/example_sla_dag.py
[2022-03-21 05:53:36,228] {processor.py:642} INFO - Processing file /home/lowenhard/acceleration/env/lib/python3.8/site-packages/airflow/example_dags/example_sla_dag.py for tasks to queue
[2022-03-21 05:53:36,228] {logging_mixin.py:109} INFO - [2022-03-21 05:53:36,228] {dagbag.py:500} INFO - Filling up the DagBag from /home/lowenhard/acceleration/env/lib/python3.8/site-packages/airflow/example_dags/example_sla_dag.py
[2022-03-21 05:53:36,253] {processor.py:654} INFO - DAG(s) dict_keys(['example_sla_dag']) retrieved from /home/lowenhard/acceleration/env/lib/python3.8/site-packages/airflow/example_dags/example_sla_dag.py
[2022-03-21 05:53:36,262] {logging_mixin.py:109} INFO - [2022-03-21 05:53:36,262] {dag.py:2398} INFO - Sync 1 DAGs
[2022-03-21 05:53:36,281] {logging_mixin.py:109} INFO - [2022-03-21 05:53:36,281] {dag.py:2937} INFO - Setting next_dagrun for example_sla_dag to 2022-03-21T10:50:00+00:00
[2022-03-21 05:53:36,510] {processor.py:171} INFO - Processing /home/lowenhard/acceleration/env/lib/python3.8/site-packages/airflow/example_dags/example_sla_dag.py took 0.292 seconds
[2022-03-21 05:55:10,817] {processor.py:163} INFO - Started process (PID=1238) to work on /home/lowenhard/acceleration/env/lib/python3.8/site-packages/airflow/example_dags/example_sla_dag.py
[2022-03-21 05:55:10,986] {processor.py:642} INFO - Processing file /home/lowenhard/acceleration/env/lib/python3.8/site-packages/airflow/example_dags/example_sla_dag.py for tasks to queue
[2022-03-21 05:55:10,987] {logging_mixin.py:109} INFO - [2022-03-21 05:55:10,986] {dagbag.py:500} INFO - Filling up the DagBag from /home/lowenhard/acceleration/env/lib/python3.8/site-packages/airflow/example_dags/example_sla_dag.py
[2022-03-21 05:55:11,037] {processor.py:654} INFO - DAG(s) dict_keys(['example_sla_dag']) retrieved from /home/lowenhard/acceleration/env/lib/python3.8/site-packages/airflow/example_dags/example_sla_dag.py
[2022-03-21 05:55:11,054] {logging_mixin.py:109} INFO - [2022-03-21 05:55:11,053] {dag.py:2398} INFO - Sync 1 DAGs
[2022-03-21 05:55:11,091] {logging_mixin.py:109} INFO - [2022-03-21 05:55:11,091] {dag.py:2937} INFO - Setting next_dagrun for example_sla_dag to 2022-03-21T10:52:00+00:00
[2022-03-21 05:55:12,064] {processor.py:171} INFO - Processing /home/lowenhard/acceleration/env/lib/python3.8/site-packages/airflow/example_dags/example_sla_dag.py took 1.250 seconds
[2022-03-21 05:56:48,240] {processor.py:163} INFO - Started process (PID=1278) to work on /home/lowenhard/acceleration/env/lib/python3.8/site-packages/airflow/example_dags/example_sla_dag.py
[2022-03-21 05:56:48,254] {processor.py:642} INFO - Processing file /home/lowenhard/acceleration/env/lib/python3.8/site-packages/airflow/example_dags/example_sla_dag.py for tasks to queue
[2022-03-21 05:56:48,255] {logging_mixin.py:109} INFO - [2022-03-21 05:56:48,255] {dagbag.py:500} INFO - Filling up the DagBag from /home/lowenhard/acceleration/env/lib/python3.8/site-packages/airflow/example_dags/example_sla_dag.py
[2022-03-21 05:56:48,297] {processor.py:654} INFO - DAG(s) dict_keys(['example_sla_dag']) retrieved from /home/lowenhard/acceleration/env/lib/python3.8/site-packages/airflow/example_dags/example_sla_dag.py
[2022-03-21 05:56:48,309] {logging_mixin.py:109} INFO - [2022-03-21 05:56:48,309] {dag.py:2398} INFO - Sync 1 DAGs
[2022-03-21 05:56:48,334] {logging_mixin.py:109} INFO - [2022-03-21 05:56:48,334] {dag.py:2937} INFO - Setting next_dagrun for example_sla_dag to 2022-03-21T10:54:00+00:00
[2022-03-21 05:56:48,586] {processor.py:171} INFO - Processing /home/lowenhard/acceleration/env/lib/python3.8/site-packages/airflow/example_dags/example_sla_dag.py took 0.348 seconds
[2022-03-21 05:58:34,475] {processor.py:163} INFO - Started process (PID=1320) to work on /home/lowenhard/acceleration/env/lib/python3.8/site-packages/airflow/example_dags/example_sla_dag.py
[2022-03-21 05:58:34,482] {processor.py:642} INFO - Processing file /home/lowenhard/acceleration/env/lib/python3.8/site-packages/airflow/example_dags/example_sla_dag.py for tasks to queue
[2022-03-21 05:58:34,482] {logging_mixin.py:109} INFO - [2022-03-21 05:58:34,482] {dagbag.py:500} INFO - Filling up the DagBag from /home/lowenhard/acceleration/env/lib/python3.8/site-packages/airflow/example_dags/example_sla_dag.py
[2022-03-21 05:58:34,528] {processor.py:654} INFO - DAG(s) dict_keys(['example_sla_dag']) retrieved from /home/lowenhard/acceleration/env/lib/python3.8/site-packages/airflow/example_dags/example_sla_dag.py
[2022-03-21 05:58:34,543] {logging_mixin.py:109} INFO - [2022-03-21 05:58:34,543] {dag.py:2398} INFO - Sync 1 DAGs
[2022-03-21 05:58:34,574] {logging_mixin.py:109} INFO - [2022-03-21 05:58:34,574] {dag.py:2937} INFO - Setting next_dagrun for example_sla_dag to 2022-03-21T10:56:00+00:00
[2022-03-21 05:58:34,777] {processor.py:171} INFO - Processing /home/lowenhard/acceleration/env/lib/python3.8/site-packages/airflow/example_dags/example_sla_dag.py took 0.308 seconds
[2022-03-21 06:00:08,168] {processor.py:163} INFO - Started process (PID=1360) to work on /home/lowenhard/acceleration/env/lib/python3.8/site-packages/airflow/example_dags/example_sla_dag.py
[2022-03-21 06:00:08,183] {processor.py:642} INFO - Processing file /home/lowenhard/acceleration/env/lib/python3.8/site-packages/airflow/example_dags/example_sla_dag.py for tasks to queue
[2022-03-21 06:00:08,184] {logging_mixin.py:109} INFO - [2022-03-21 06:00:08,184] {dagbag.py:500} INFO - Filling up the DagBag from /home/lowenhard/acceleration/env/lib/python3.8/site-packages/airflow/example_dags/example_sla_dag.py
[2022-03-21 06:00:08,205] {processor.py:654} INFO - DAG(s) dict_keys(['example_sla_dag']) retrieved from /home/lowenhard/acceleration/env/lib/python3.8/site-packages/airflow/example_dags/example_sla_dag.py
[2022-03-21 06:00:08,214] {logging_mixin.py:109} INFO - [2022-03-21 06:00:08,214] {dag.py:2398} INFO - Sync 1 DAGs
[2022-03-21 06:00:08,230] {logging_mixin.py:109} INFO - [2022-03-21 06:00:08,230] {dag.py:2937} INFO - Setting next_dagrun for example_sla_dag to 2022-03-21T10:58:00+00:00
[2022-03-21 06:00:08,446] {processor.py:171} INFO - Processing /home/lowenhard/acceleration/env/lib/python3.8/site-packages/airflow/example_dags/example_sla_dag.py took 0.280 seconds
[2022-03-21 06:01:26,086] {processor.py:163} INFO - Started process (PID=1398) to work on /home/lowenhard/acceleration/env/lib/python3.8/site-packages/airflow/example_dags/example_sla_dag.py
[2022-03-21 06:01:26,103] {processor.py:642} INFO - Processing file /home/lowenhard/acceleration/env/lib/python3.8/site-packages/airflow/example_dags/example_sla_dag.py for tasks to queue
[2022-03-21 06:01:26,104] {logging_mixin.py:109} INFO - [2022-03-21 06:01:26,103] {dagbag.py:500} INFO - Filling up the DagBag from /home/lowenhard/acceleration/env/lib/python3.8/site-packages/airflow/example_dags/example_sla_dag.py
[2022-03-21 06:01:26,146] {processor.py:654} INFO - DAG(s) dict_keys(['example_sla_dag']) retrieved from /home/lowenhard/acceleration/env/lib/python3.8/site-packages/airflow/example_dags/example_sla_dag.py
[2022-03-21 06:01:26,164] {logging_mixin.py:109} INFO - [2022-03-21 06:01:26,164] {dag.py:2398} INFO - Sync 1 DAGs
[2022-03-21 06:01:26,194] {logging_mixin.py:109} INFO - [2022-03-21 06:01:26,193] {dag.py:2937} INFO - Setting next_dagrun for example_sla_dag to 2022-03-21T10:58:00+00:00
[2022-03-21 06:01:26,419] {processor.py:171} INFO - Processing /home/lowenhard/acceleration/env/lib/python3.8/site-packages/airflow/example_dags/example_sla_dag.py took 0.338 seconds
[2022-03-21 06:03:06,436] {processor.py:163} INFO - Started process (PID=1440) to work on /home/lowenhard/acceleration/env/lib/python3.8/site-packages/airflow/example_dags/example_sla_dag.py
[2022-03-21 06:03:06,679] {processor.py:642} INFO - Processing file /home/lowenhard/acceleration/env/lib/python3.8/site-packages/airflow/example_dags/example_sla_dag.py for tasks to queue
[2022-03-21 06:03:06,680] {logging_mixin.py:109} INFO - [2022-03-21 06:03:06,680] {dagbag.py:500} INFO - Filling up the DagBag from /home/lowenhard/acceleration/env/lib/python3.8/site-packages/airflow/example_dags/example_sla_dag.py
[2022-03-21 06:03:07,038] {processor.py:654} INFO - DAG(s) dict_keys(['example_sla_dag']) retrieved from /home/lowenhard/acceleration/env/lib/python3.8/site-packages/airflow/example_dags/example_sla_dag.py
[2022-03-21 06:03:07,047] {logging_mixin.py:109} INFO - [2022-03-21 06:03:07,047] {dag.py:2398} INFO - Sync 1 DAGs
[2022-03-21 06:03:07,062] {logging_mixin.py:109} INFO - [2022-03-21 06:03:07,062] {dag.py:2937} INFO - Setting next_dagrun for example_sla_dag to 2022-03-21T11:00:00+00:00
[2022-03-21 06:03:07,350] {processor.py:171} INFO - Processing /home/lowenhard/acceleration/env/lib/python3.8/site-packages/airflow/example_dags/example_sla_dag.py took 0.916 seconds
[2022-03-21 06:04:38,066] {processor.py:163} INFO - Started process (PID=1479) to work on /home/lowenhard/acceleration/env/lib/python3.8/site-packages/airflow/example_dags/example_sla_dag.py
[2022-03-21 06:04:38,129] {processor.py:642} INFO - Processing file /home/lowenhard/acceleration/env/lib/python3.8/site-packages/airflow/example_dags/example_sla_dag.py for tasks to queue
[2022-03-21 06:04:38,130] {logging_mixin.py:109} INFO - [2022-03-21 06:04:38,130] {dagbag.py:500} INFO - Filling up the DagBag from /home/lowenhard/acceleration/env/lib/python3.8/site-packages/airflow/example_dags/example_sla_dag.py
[2022-03-21 06:04:38,154] {processor.py:654} INFO - DAG(s) dict_keys(['example_sla_dag']) retrieved from /home/lowenhard/acceleration/env/lib/python3.8/site-packages/airflow/example_dags/example_sla_dag.py
[2022-03-21 06:04:38,162] {logging_mixin.py:109} INFO - [2022-03-21 06:04:38,162] {dag.py:2398} INFO - Sync 1 DAGs
[2022-03-21 06:04:38,178] {logging_mixin.py:109} INFO - [2022-03-21 06:04:38,178] {dag.py:2937} INFO - Setting next_dagrun for example_sla_dag to 2022-03-21T11:02:00+00:00
[2022-03-21 06:04:38,907] {processor.py:171} INFO - Processing /home/lowenhard/acceleration/env/lib/python3.8/site-packages/airflow/example_dags/example_sla_dag.py took 0.844 seconds
[2022-03-21 06:06:09,799] {processor.py:163} INFO - Started process (PID=1520) to work on /home/lowenhard/acceleration/env/lib/python3.8/site-packages/airflow/example_dags/example_sla_dag.py
[2022-03-21 06:06:09,961] {processor.py:642} INFO - Processing file /home/lowenhard/acceleration/env/lib/python3.8/site-packages/airflow/example_dags/example_sla_dag.py for tasks to queue
[2022-03-21 06:06:09,962] {logging_mixin.py:109} INFO - [2022-03-21 06:06:09,962] {dagbag.py:500} INFO - Filling up the DagBag from /home/lowenhard/acceleration/env/lib/python3.8/site-packages/airflow/example_dags/example_sla_dag.py
[2022-03-21 06:06:09,991] {processor.py:654} INFO - DAG(s) dict_keys(['example_sla_dag']) retrieved from /home/lowenhard/acceleration/env/lib/python3.8/site-packages/airflow/example_dags/example_sla_dag.py
[2022-03-21 06:06:10,001] {logging_mixin.py:109} INFO - [2022-03-21 06:06:10,001] {dag.py:2398} INFO - Sync 1 DAGs
[2022-03-21 06:06:10,019] {logging_mixin.py:109} INFO - [2022-03-21 06:06:10,019] {dag.py:2937} INFO - Setting next_dagrun for example_sla_dag to 2022-03-21T11:04:00+00:00
[2022-03-21 06:06:10,384] {processor.py:171} INFO - Processing /home/lowenhard/acceleration/env/lib/python3.8/site-packages/airflow/example_dags/example_sla_dag.py took 0.588 seconds
[2022-03-21 06:07:46,309] {processor.py:163} INFO - Started process (PID=1560) to work on /home/lowenhard/acceleration/env/lib/python3.8/site-packages/airflow/example_dags/example_sla_dag.py
[2022-03-21 06:07:46,391] {processor.py:642} INFO - Processing file /home/lowenhard/acceleration/env/lib/python3.8/site-packages/airflow/example_dags/example_sla_dag.py for tasks to queue
[2022-03-21 06:07:46,504] {logging_mixin.py:109} INFO - [2022-03-21 06:07:46,504] {dagbag.py:500} INFO - Filling up the DagBag from /home/lowenhard/acceleration/env/lib/python3.8/site-packages/airflow/example_dags/example_sla_dag.py
[2022-03-21 06:07:48,068] {processor.py:654} INFO - DAG(s) dict_keys(['example_sla_dag']) retrieved from /home/lowenhard/acceleration/env/lib/python3.8/site-packages/airflow/example_dags/example_sla_dag.py
[2022-03-21 06:07:48,078] {logging_mixin.py:109} INFO - [2022-03-21 06:07:48,077] {dag.py:2398} INFO - Sync 1 DAGs
[2022-03-21 06:07:48,098] {logging_mixin.py:109} INFO - [2022-03-21 06:07:48,098] {dag.py:2937} INFO - Setting next_dagrun for example_sla_dag to 2022-03-21T11:04:00+00:00
[2022-03-21 06:07:48,420] {processor.py:171} INFO - Processing /home/lowenhard/acceleration/env/lib/python3.8/site-packages/airflow/example_dags/example_sla_dag.py took 2.113 seconds
[2022-03-21 06:09:08,339] {processor.py:163} INFO - Started process (PID=1598) to work on /home/lowenhard/acceleration/env/lib/python3.8/site-packages/airflow/example_dags/example_sla_dag.py
[2022-03-21 06:09:08,349] {processor.py:642} INFO - Processing file /home/lowenhard/acceleration/env/lib/python3.8/site-packages/airflow/example_dags/example_sla_dag.py for tasks to queue
[2022-03-21 06:09:08,350] {logging_mixin.py:109} INFO - [2022-03-21 06:09:08,350] {dagbag.py:500} INFO - Filling up the DagBag from /home/lowenhard/acceleration/env/lib/python3.8/site-packages/airflow/example_dags/example_sla_dag.py
[2022-03-21 06:09:08,376] {processor.py:654} INFO - DAG(s) dict_keys(['example_sla_dag']) retrieved from /home/lowenhard/acceleration/env/lib/python3.8/site-packages/airflow/example_dags/example_sla_dag.py
[2022-03-21 06:09:08,385] {logging_mixin.py:109} INFO - [2022-03-21 06:09:08,385] {dag.py:2398} INFO - Sync 1 DAGs
[2022-03-21 06:09:08,400] {logging_mixin.py:109} INFO - [2022-03-21 06:09:08,400] {dag.py:2937} INFO - Setting next_dagrun for example_sla_dag to 2022-03-21T11:06:00+00:00
[2022-03-21 06:09:08,626] {processor.py:171} INFO - Processing /home/lowenhard/acceleration/env/lib/python3.8/site-packages/airflow/example_dags/example_sla_dag.py took 0.290 seconds
[2022-03-21 06:10:23,580] {processor.py:163} INFO - Started process (PID=1634) to work on /home/lowenhard/acceleration/env/lib/python3.8/site-packages/airflow/example_dags/example_sla_dag.py
[2022-03-21 06:10:24,651] {processor.py:642} INFO - Processing file /home/lowenhard/acceleration/env/lib/python3.8/site-packages/airflow/example_dags/example_sla_dag.py for tasks to queue
[2022-03-21 06:10:24,652] {logging_mixin.py:109} INFO - [2022-03-21 06:10:24,651] {dagbag.py:500} INFO - Filling up the DagBag from /home/lowenhard/acceleration/env/lib/python3.8/site-packages/airflow/example_dags/example_sla_dag.py
[2022-03-21 06:10:24,676] {processor.py:654} INFO - DAG(s) dict_keys(['example_sla_dag']) retrieved from /home/lowenhard/acceleration/env/lib/python3.8/site-packages/airflow/example_dags/example_sla_dag.py
[2022-03-21 06:10:24,685] {logging_mixin.py:109} INFO - [2022-03-21 06:10:24,685] {dag.py:2398} INFO - Sync 1 DAGs
[2022-03-21 06:10:24,701] {logging_mixin.py:109} INFO - [2022-03-21 06:10:24,701] {dag.py:2937} INFO - Setting next_dagrun for example_sla_dag to 2022-03-21T11:08:00+00:00
[2022-03-21 06:10:25,168] {processor.py:171} INFO - Processing /home/lowenhard/acceleration/env/lib/python3.8/site-packages/airflow/example_dags/example_sla_dag.py took 1.591 seconds
[2022-03-21 06:11:48,419] {processor.py:163} INFO - Started process (PID=1673) to work on /home/lowenhard/acceleration/env/lib/python3.8/site-packages/airflow/example_dags/example_sla_dag.py
[2022-03-21 06:11:48,448] {processor.py:642} INFO - Processing file /home/lowenhard/acceleration/env/lib/python3.8/site-packages/airflow/example_dags/example_sla_dag.py for tasks to queue
[2022-03-21 06:11:48,449] {logging_mixin.py:109} INFO - [2022-03-21 06:11:48,449] {dagbag.py:500} INFO - Filling up the DagBag from /home/lowenhard/acceleration/env/lib/python3.8/site-packages/airflow/example_dags/example_sla_dag.py
[2022-03-21 06:11:48,472] {processor.py:654} INFO - DAG(s) dict_keys(['example_sla_dag']) retrieved from /home/lowenhard/acceleration/env/lib/python3.8/site-packages/airflow/example_dags/example_sla_dag.py
[2022-03-21 06:11:48,480] {logging_mixin.py:109} INFO - [2022-03-21 06:11:48,480] {dag.py:2398} INFO - Sync 1 DAGs
[2022-03-21 06:11:48,497] {logging_mixin.py:109} INFO - [2022-03-21 06:11:48,496] {dag.py:2937} INFO - Setting next_dagrun for example_sla_dag to 2022-03-21T11:08:00+00:00
[2022-03-21 06:11:48,772] {processor.py:171} INFO - Processing /home/lowenhard/acceleration/env/lib/python3.8/site-packages/airflow/example_dags/example_sla_dag.py took 0.356 seconds
[2022-03-21 06:13:04,704] {processor.py:163} INFO - Started process (PID=1710) to work on /home/lowenhard/acceleration/env/lib/python3.8/site-packages/airflow/example_dags/example_sla_dag.py
[2022-03-21 06:13:04,752] {processor.py:642} INFO - Processing file /home/lowenhard/acceleration/env/lib/python3.8/site-packages/airflow/example_dags/example_sla_dag.py for tasks to queue
[2022-03-21 06:13:04,753] {logging_mixin.py:109} INFO - [2022-03-21 06:13:04,753] {dagbag.py:500} INFO - Filling up the DagBag from /home/lowenhard/acceleration/env/lib/python3.8/site-packages/airflow/example_dags/example_sla_dag.py
[2022-03-21 06:13:04,777] {processor.py:654} INFO - DAG(s) dict_keys(['example_sla_dag']) retrieved from /home/lowenhard/acceleration/env/lib/python3.8/site-packages/airflow/example_dags/example_sla_dag.py
[2022-03-21 06:13:04,786] {logging_mixin.py:109} INFO - [2022-03-21 06:13:04,786] {dag.py:2398} INFO - Sync 1 DAGs
[2022-03-21 06:13:04,802] {logging_mixin.py:109} INFO - [2022-03-21 06:13:04,802] {dag.py:2937} INFO - Setting next_dagrun for example_sla_dag to 2022-03-21T11:10:00+00:00
[2022-03-21 06:13:05,706] {processor.py:171} INFO - Processing /home/lowenhard/acceleration/env/lib/python3.8/site-packages/airflow/example_dags/example_sla_dag.py took 1.005 seconds
[2022-03-21 06:14:31,659] {processor.py:163} INFO - Started process (PID=1748) to work on /home/lowenhard/acceleration/env/lib/python3.8/site-packages/airflow/example_dags/example_sla_dag.py
[2022-03-21 06:14:31,693] {processor.py:642} INFO - Processing file /home/lowenhard/acceleration/env/lib/python3.8/site-packages/airflow/example_dags/example_sla_dag.py for tasks to queue
[2022-03-21 06:14:31,694] {logging_mixin.py:109} INFO - [2022-03-21 06:14:31,694] {dagbag.py:500} INFO - Filling up the DagBag from /home/lowenhard/acceleration/env/lib/python3.8/site-packages/airflow/example_dags/example_sla_dag.py
[2022-03-21 06:14:31,716] {processor.py:654} INFO - DAG(s) dict_keys(['example_sla_dag']) retrieved from /home/lowenhard/acceleration/env/lib/python3.8/site-packages/airflow/example_dags/example_sla_dag.py
[2022-03-21 06:14:31,724] {logging_mixin.py:109} INFO - [2022-03-21 06:14:31,724] {dag.py:2398} INFO - Sync 1 DAGs
[2022-03-21 06:14:31,742] {logging_mixin.py:109} INFO - [2022-03-21 06:14:31,742] {dag.py:2937} INFO - Setting next_dagrun for example_sla_dag to 2022-03-21T11:12:00+00:00
[2022-03-21 06:14:32,567] {processor.py:171} INFO - Processing /home/lowenhard/acceleration/env/lib/python3.8/site-packages/airflow/example_dags/example_sla_dag.py took 0.910 seconds
[2022-03-21 06:15:58,468] {processor.py:163} INFO - Started process (PID=1786) to work on /home/lowenhard/acceleration/env/lib/python3.8/site-packages/airflow/example_dags/example_sla_dag.py
[2022-03-21 06:15:58,476] {processor.py:642} INFO - Processing file /home/lowenhard/acceleration/env/lib/python3.8/site-packages/airflow/example_dags/example_sla_dag.py for tasks to queue
[2022-03-21 06:15:58,476] {logging_mixin.py:109} INFO - [2022-03-21 06:15:58,476] {dagbag.py:500} INFO - Filling up the DagBag from /home/lowenhard/acceleration/env/lib/python3.8/site-packages/airflow/example_dags/example_sla_dag.py
[2022-03-21 06:15:58,498] {processor.py:654} INFO - DAG(s) dict_keys(['example_sla_dag']) retrieved from /home/lowenhard/acceleration/env/lib/python3.8/site-packages/airflow/example_dags/example_sla_dag.py
[2022-03-21 06:15:58,506] {logging_mixin.py:109} INFO - [2022-03-21 06:15:58,506] {dag.py:2398} INFO - Sync 1 DAGs
[2022-03-21 06:15:58,522] {logging_mixin.py:109} INFO - [2022-03-21 06:15:58,522] {dag.py:2937} INFO - Setting next_dagrun for example_sla_dag to 2022-03-21T11:12:00+00:00
[2022-03-21 06:16:00,651] {processor.py:171} INFO - Processing /home/lowenhard/acceleration/env/lib/python3.8/site-packages/airflow/example_dags/example_sla_dag.py took 2.185 seconds
[2022-03-21 06:17:35,119] {processor.py:163} INFO - Started process (PID=1826) to work on /home/lowenhard/acceleration/env/lib/python3.8/site-packages/airflow/example_dags/example_sla_dag.py
[2022-03-21 06:17:35,299] {processor.py:642} INFO - Processing file /home/lowenhard/acceleration/env/lib/python3.8/site-packages/airflow/example_dags/example_sla_dag.py for tasks to queue
[2022-03-21 06:17:35,300] {logging_mixin.py:109} INFO - [2022-03-21 06:17:35,300] {dagbag.py:500} INFO - Filling up the DagBag from /home/lowenhard/acceleration/env/lib/python3.8/site-packages/airflow/example_dags/example_sla_dag.py
[2022-03-21 06:17:35,324] {processor.py:654} INFO - DAG(s) dict_keys(['example_sla_dag']) retrieved from /home/lowenhard/acceleration/env/lib/python3.8/site-packages/airflow/example_dags/example_sla_dag.py
[2022-03-21 06:17:35,334] {logging_mixin.py:109} INFO - [2022-03-21 06:17:35,334] {dag.py:2398} INFO - Sync 1 DAGs
[2022-03-21 06:17:35,350] {logging_mixin.py:109} INFO - [2022-03-21 06:17:35,350] {dag.py:2937} INFO - Setting next_dagrun for example_sla_dag to 2022-03-21T11:14:00+00:00
[2022-03-21 06:17:37,341] {processor.py:171} INFO - Processing /home/lowenhard/acceleration/env/lib/python3.8/site-packages/airflow/example_dags/example_sla_dag.py took 2.224 seconds
[2022-03-21 06:18:58,288] {processor.py:163} INFO - Started process (PID=1865) to work on /home/lowenhard/acceleration/env/lib/python3.8/site-packages/airflow/example_dags/example_sla_dag.py
[2022-03-21 06:18:58,519] {processor.py:642} INFO - Processing file /home/lowenhard/acceleration/env/lib/python3.8/site-packages/airflow/example_dags/example_sla_dag.py for tasks to queue
[2022-03-21 06:18:58,519] {logging_mixin.py:109} INFO - [2022-03-21 06:18:58,519] {dagbag.py:500} INFO - Filling up the DagBag from /home/lowenhard/acceleration/env/lib/python3.8/site-packages/airflow/example_dags/example_sla_dag.py
[2022-03-21 06:18:58,543] {processor.py:654} INFO - DAG(s) dict_keys(['example_sla_dag']) retrieved from /home/lowenhard/acceleration/env/lib/python3.8/site-packages/airflow/example_dags/example_sla_dag.py
[2022-03-21 06:18:58,552] {logging_mixin.py:109} INFO - [2022-03-21 06:18:58,551] {dag.py:2398} INFO - Sync 1 DAGs
[2022-03-21 06:18:58,567] {logging_mixin.py:109} INFO - [2022-03-21 06:18:58,567] {dag.py:2937} INFO - Setting next_dagrun for example_sla_dag to 2022-03-21T11:16:00+00:00
[2022-03-21 06:18:58,699] {processor.py:171} INFO - Processing /home/lowenhard/acceleration/env/lib/python3.8/site-packages/airflow/example_dags/example_sla_dag.py took 0.413 seconds
[2022-03-21 06:20:17,691] {processor.py:163} INFO - Started process (PID=1902) to work on /home/lowenhard/acceleration/env/lib/python3.8/site-packages/airflow/example_dags/example_sla_dag.py
[2022-03-21 06:20:17,825] {processor.py:642} INFO - Processing file /home/lowenhard/acceleration/env/lib/python3.8/site-packages/airflow/example_dags/example_sla_dag.py for tasks to queue
[2022-03-21 06:20:17,826] {logging_mixin.py:109} INFO - [2022-03-21 06:20:17,826] {dagbag.py:500} INFO - Filling up the DagBag from /home/lowenhard/acceleration/env/lib/python3.8/site-packages/airflow/example_dags/example_sla_dag.py
[2022-03-21 06:20:17,849] {processor.py:654} INFO - DAG(s) dict_keys(['example_sla_dag']) retrieved from /home/lowenhard/acceleration/env/lib/python3.8/site-packages/airflow/example_dags/example_sla_dag.py
[2022-03-21 06:20:17,858] {logging_mixin.py:109} INFO - [2022-03-21 06:20:17,858] {dag.py:2398} INFO - Sync 1 DAGs
[2022-03-21 06:20:17,873] {logging_mixin.py:109} INFO - [2022-03-21 06:20:17,873] {dag.py:2937} INFO - Setting next_dagrun for example_sla_dag to 2022-03-21T11:18:00+00:00
[2022-03-21 06:20:18,882] {processor.py:171} INFO - Processing /home/lowenhard/acceleration/env/lib/python3.8/site-packages/airflow/example_dags/example_sla_dag.py took 1.193 seconds
[2022-03-21 06:21:42,363] {processor.py:163} INFO - Started process (PID=1939) to work on /home/lowenhard/acceleration/env/lib/python3.8/site-packages/airflow/example_dags/example_sla_dag.py
[2022-03-21 06:21:42,379] {processor.py:642} INFO - Processing file /home/lowenhard/acceleration/env/lib/python3.8/site-packages/airflow/example_dags/example_sla_dag.py for tasks to queue
[2022-03-21 06:21:42,380] {logging_mixin.py:109} INFO - [2022-03-21 06:21:42,379] {dagbag.py:500} INFO - Filling up the DagBag from /home/lowenhard/acceleration/env/lib/python3.8/site-packages/airflow/example_dags/example_sla_dag.py
[2022-03-21 06:21:42,413] {processor.py:654} INFO - DAG(s) dict_keys(['example_sla_dag']) retrieved from /home/lowenhard/acceleration/env/lib/python3.8/site-packages/airflow/example_dags/example_sla_dag.py
[2022-03-21 06:21:42,425] {logging_mixin.py:109} INFO - [2022-03-21 06:21:42,425] {dag.py:2398} INFO - Sync 1 DAGs
[2022-03-21 06:21:42,439] {logging_mixin.py:109} INFO - [2022-03-21 06:21:42,439] {dag.py:2937} INFO - Setting next_dagrun for example_sla_dag to 2022-03-21T11:18:00+00:00
[2022-03-21 06:21:43,273] {processor.py:171} INFO - Processing /home/lowenhard/acceleration/env/lib/python3.8/site-packages/airflow/example_dags/example_sla_dag.py took 0.914 seconds
[2022-03-21 06:23:18,369] {processor.py:163} INFO - Started process (PID=1983) to work on /home/lowenhard/acceleration/env/lib/python3.8/site-packages/airflow/example_dags/example_sla_dag.py
[2022-03-21 06:23:18,485] {processor.py:642} INFO - Processing file /home/lowenhard/acceleration/env/lib/python3.8/site-packages/airflow/example_dags/example_sla_dag.py for tasks to queue
[2022-03-21 06:23:18,486] {logging_mixin.py:109} INFO - [2022-03-21 06:23:18,486] {dagbag.py:500} INFO - Filling up the DagBag from /home/lowenhard/acceleration/env/lib/python3.8/site-packages/airflow/example_dags/example_sla_dag.py
[2022-03-21 06:23:18,510] {processor.py:654} INFO - DAG(s) dict_keys(['example_sla_dag']) retrieved from /home/lowenhard/acceleration/env/lib/python3.8/site-packages/airflow/example_dags/example_sla_dag.py
[2022-03-21 06:23:18,518] {logging_mixin.py:109} INFO - [2022-03-21 06:23:18,518] {dag.py:2398} INFO - Sync 1 DAGs
[2022-03-21 06:23:18,535] {logging_mixin.py:109} INFO - [2022-03-21 06:23:18,535] {dag.py:2937} INFO - Setting next_dagrun for example_sla_dag to 2022-03-21T11:20:00+00:00
[2022-03-21 06:23:19,831] {processor.py:171} INFO - Processing /home/lowenhard/acceleration/env/lib/python3.8/site-packages/airflow/example_dags/example_sla_dag.py took 1.464 seconds
[2022-03-21 06:24:53,932] {processor.py:163} INFO - Started process (PID=2024) to work on /home/lowenhard/acceleration/env/lib/python3.8/site-packages/airflow/example_dags/example_sla_dag.py
[2022-03-21 06:24:53,944] {processor.py:642} INFO - Processing file /home/lowenhard/acceleration/env/lib/python3.8/site-packages/airflow/example_dags/example_sla_dag.py for tasks to queue
[2022-03-21 06:24:53,944] {logging_mixin.py:109} INFO - [2022-03-21 06:24:53,944] {dagbag.py:500} INFO - Filling up the DagBag from /home/lowenhard/acceleration/env/lib/python3.8/site-packages/airflow/example_dags/example_sla_dag.py
[2022-03-21 06:24:53,968] {processor.py:654} INFO - DAG(s) dict_keys(['example_sla_dag']) retrieved from /home/lowenhard/acceleration/env/lib/python3.8/site-packages/airflow/example_dags/example_sla_dag.py
[2022-03-21 06:24:53,976] {logging_mixin.py:109} INFO - [2022-03-21 06:24:53,976] {dag.py:2398} INFO - Sync 1 DAGs
[2022-03-21 06:24:53,992] {logging_mixin.py:109} INFO - [2022-03-21 06:24:53,992] {dag.py:2937} INFO - Setting next_dagrun for example_sla_dag to 2022-03-21T11:22:00+00:00
[2022-03-21 06:24:54,155] {processor.py:171} INFO - Processing /home/lowenhard/acceleration/env/lib/python3.8/site-packages/airflow/example_dags/example_sla_dag.py took 0.225 seconds
[2022-03-21 06:26:04,953] {processor.py:163} INFO - Started process (PID=2060) to work on /home/lowenhard/acceleration/env/lib/python3.8/site-packages/airflow/example_dags/example_sla_dag.py
[2022-03-21 06:26:05,043] {processor.py:642} INFO - Processing file /home/lowenhard/acceleration/env/lib/python3.8/site-packages/airflow/example_dags/example_sla_dag.py for tasks to queue
[2022-03-21 06:26:05,044] {logging_mixin.py:109} INFO - [2022-03-21 06:26:05,044] {dagbag.py:500} INFO - Filling up the DagBag from /home/lowenhard/acceleration/env/lib/python3.8/site-packages/airflow/example_dags/example_sla_dag.py
[2022-03-21 06:26:05,089] {processor.py:654} INFO - DAG(s) dict_keys(['example_sla_dag']) retrieved from /home/lowenhard/acceleration/env/lib/python3.8/site-packages/airflow/example_dags/example_sla_dag.py
[2022-03-21 06:26:05,105] {logging_mixin.py:109} INFO - [2022-03-21 06:26:05,105] {dag.py:2398} INFO - Sync 1 DAGs
[2022-03-21 06:26:05,139] {logging_mixin.py:109} INFO - [2022-03-21 06:26:05,139] {dag.py:2937} INFO - Setting next_dagrun for example_sla_dag to 2022-03-21T11:24:00+00:00
[2022-03-21 06:26:06,997] {processor.py:171} INFO - Processing /home/lowenhard/acceleration/env/lib/python3.8/site-packages/airflow/example_dags/example_sla_dag.py took 2.046 seconds
[2022-03-21 06:27:06,453] {processor.py:163} INFO - Started process (PID=2097) to work on /home/lowenhard/acceleration/env/lib/python3.8/site-packages/airflow/example_dags/example_sla_dag.py
[2022-03-21 06:27:07,028] {processor.py:642} INFO - Processing file /home/lowenhard/acceleration/env/lib/python3.8/site-packages/airflow/example_dags/example_sla_dag.py for tasks to queue
[2022-03-21 06:27:07,029] {logging_mixin.py:109} INFO - [2022-03-21 06:27:07,029] {dagbag.py:500} INFO - Filling up the DagBag from /home/lowenhard/acceleration/env/lib/python3.8/site-packages/airflow/example_dags/example_sla_dag.py
[2022-03-21 06:27:07,052] {processor.py:654} INFO - DAG(s) dict_keys(['example_sla_dag']) retrieved from /home/lowenhard/acceleration/env/lib/python3.8/site-packages/airflow/example_dags/example_sla_dag.py
[2022-03-21 06:27:07,061] {logging_mixin.py:109} INFO - [2022-03-21 06:27:07,061] {dag.py:2398} INFO - Sync 1 DAGs
[2022-03-21 06:27:07,076] {logging_mixin.py:109} INFO - [2022-03-21 06:27:07,076] {dag.py:2937} INFO - Setting next_dagrun for example_sla_dag to 2022-03-21T11:24:00+00:00
[2022-03-21 06:27:07,325] {processor.py:171} INFO - Processing /home/lowenhard/acceleration/env/lib/python3.8/site-packages/airflow/example_dags/example_sla_dag.py took 0.875 seconds
[2022-03-21 06:29:51,701] {processor.py:163} INFO - Started process (PID=2171) to work on /home/lowenhard/acceleration/env/lib/python3.8/site-packages/airflow/example_dags/example_sla_dag.py
[2022-03-21 06:29:51,812] {processor.py:642} INFO - Processing file /home/lowenhard/acceleration/env/lib/python3.8/site-packages/airflow/example_dags/example_sla_dag.py for tasks to queue
[2022-03-21 06:29:51,813] {logging_mixin.py:109} INFO - [2022-03-21 06:29:51,813] {dagbag.py:500} INFO - Filling up the DagBag from /home/lowenhard/acceleration/env/lib/python3.8/site-packages/airflow/example_dags/example_sla_dag.py
[2022-03-21 06:29:51,844] {processor.py:654} INFO - DAG(s) dict_keys(['example_sla_dag']) retrieved from /home/lowenhard/acceleration/env/lib/python3.8/site-packages/airflow/example_dags/example_sla_dag.py
[2022-03-21 06:29:51,855] {logging_mixin.py:109} INFO - [2022-03-21 06:29:51,855] {dag.py:2398} INFO - Sync 1 DAGs
[2022-03-21 06:29:51,873] {logging_mixin.py:109} INFO - [2022-03-21 06:29:51,873] {dag.py:2937} INFO - Setting next_dagrun for example_sla_dag to 2022-03-21T11:26:00+00:00
[2022-03-21 06:29:52,154] {processor.py:171} INFO - Processing /home/lowenhard/acceleration/env/lib/python3.8/site-packages/airflow/example_dags/example_sla_dag.py took 0.455 seconds
[2022-03-21 06:31:06,721] {processor.py:163} INFO - Started process (PID=2214) to work on /home/lowenhard/acceleration/env/lib/python3.8/site-packages/airflow/example_dags/example_sla_dag.py
[2022-03-21 06:31:06,740] {processor.py:642} INFO - Processing file /home/lowenhard/acceleration/env/lib/python3.8/site-packages/airflow/example_dags/example_sla_dag.py for tasks to queue
[2022-03-21 06:31:06,741] {logging_mixin.py:109} INFO - [2022-03-21 06:31:06,741] {dagbag.py:500} INFO - Filling up the DagBag from /home/lowenhard/acceleration/env/lib/python3.8/site-packages/airflow/example_dags/example_sla_dag.py
[2022-03-21 06:31:06,765] {processor.py:654} INFO - DAG(s) dict_keys(['example_sla_dag']) retrieved from /home/lowenhard/acceleration/env/lib/python3.8/site-packages/airflow/example_dags/example_sla_dag.py
[2022-03-21 06:31:06,775] {logging_mixin.py:109} INFO - [2022-03-21 06:31:06,775] {dag.py:2398} INFO - Sync 1 DAGs
[2022-03-21 06:31:06,791] {logging_mixin.py:109} INFO - [2022-03-21 06:31:06,791] {dag.py:2937} INFO - Setting next_dagrun for example_sla_dag to 2022-03-21T11:28:00+00:00
[2022-03-21 06:31:08,207] {processor.py:171} INFO - Processing /home/lowenhard/acceleration/env/lib/python3.8/site-packages/airflow/example_dags/example_sla_dag.py took 1.488 seconds
