[2022-03-21 05:19:01,772] {processor.py:163} INFO - Started process (PID=168) to work on /home/lowenhard/acceleration/env/lib/python3.8/site-packages/airflow/example_dags/example_trigger_controller_dag.py
[2022-03-21 05:19:01,773] {processor.py:642} INFO - Processing file /home/lowenhard/acceleration/env/lib/python3.8/site-packages/airflow/example_dags/example_trigger_controller_dag.py for tasks to queue
[2022-03-21 05:19:01,774] {logging_mixin.py:109} INFO - [2022-03-21 05:19:01,774] {dagbag.py:500} INFO - Filling up the DagBag from /home/lowenhard/acceleration/env/lib/python3.8/site-packages/airflow/example_dags/example_trigger_controller_dag.py
[2022-03-21 05:19:01,801] {processor.py:654} INFO - DAG(s) dict_keys(['example_trigger_controller_dag']) retrieved from /home/lowenhard/acceleration/env/lib/python3.8/site-packages/airflow/example_dags/example_trigger_controller_dag.py
[2022-03-21 05:19:01,813] {logging_mixin.py:109} INFO - [2022-03-21 05:19:01,813] {dag.py:2398} INFO - Sync 1 DAGs
[2022-03-21 05:19:01,826] {logging_mixin.py:109} INFO - [2022-03-21 05:19:01,826] {dag.py:2937} INFO - Setting next_dagrun for example_trigger_controller_dag to 2021-01-01T00:00:00+00:00
[2022-03-21 05:19:03,333] {processor.py:171} INFO - Processing /home/lowenhard/acceleration/env/lib/python3.8/site-packages/airflow/example_dags/example_trigger_controller_dag.py took 1.563 seconds
[2022-03-21 05:20:29,927] {processor.py:163} INFO - Started process (PID=269) to work on /home/lowenhard/acceleration/env/lib/python3.8/site-packages/airflow/example_dags/example_trigger_controller_dag.py
[2022-03-21 05:20:29,936] {processor.py:642} INFO - Processing file /home/lowenhard/acceleration/env/lib/python3.8/site-packages/airflow/example_dags/example_trigger_controller_dag.py for tasks to queue
[2022-03-21 05:20:29,937] {logging_mixin.py:109} INFO - [2022-03-21 05:20:29,937] {dagbag.py:500} INFO - Filling up the DagBag from /home/lowenhard/acceleration/env/lib/python3.8/site-packages/airflow/example_dags/example_trigger_controller_dag.py
[2022-03-21 05:20:29,957] {processor.py:654} INFO - DAG(s) dict_keys(['example_trigger_controller_dag']) retrieved from /home/lowenhard/acceleration/env/lib/python3.8/site-packages/airflow/example_dags/example_trigger_controller_dag.py
[2022-03-21 05:20:29,967] {logging_mixin.py:109} INFO - [2022-03-21 05:20:29,967] {dag.py:2398} INFO - Sync 1 DAGs
[2022-03-21 05:20:29,981] {logging_mixin.py:109} INFO - [2022-03-21 05:20:29,981] {dag.py:2937} INFO - Setting next_dagrun for example_trigger_controller_dag to 2021-01-01T00:00:00+00:00
[2022-03-21 05:20:30,125] {processor.py:171} INFO - Processing /home/lowenhard/acceleration/env/lib/python3.8/site-packages/airflow/example_dags/example_trigger_controller_dag.py took 0.200 seconds
[2022-03-21 05:22:04,855] {processor.py:163} INFO - Started process (PID=309) to work on /home/lowenhard/acceleration/env/lib/python3.8/site-packages/airflow/example_dags/example_trigger_controller_dag.py
[2022-03-21 05:22:05,103] {processor.py:642} INFO - Processing file /home/lowenhard/acceleration/env/lib/python3.8/site-packages/airflow/example_dags/example_trigger_controller_dag.py for tasks to queue
[2022-03-21 05:22:05,104] {logging_mixin.py:109} INFO - [2022-03-21 05:22:05,104] {dagbag.py:500} INFO - Filling up the DagBag from /home/lowenhard/acceleration/env/lib/python3.8/site-packages/airflow/example_dags/example_trigger_controller_dag.py
[2022-03-21 05:22:05,125] {processor.py:654} INFO - DAG(s) dict_keys(['example_trigger_controller_dag']) retrieved from /home/lowenhard/acceleration/env/lib/python3.8/site-packages/airflow/example_dags/example_trigger_controller_dag.py
[2022-03-21 05:22:05,135] {logging_mixin.py:109} INFO - [2022-03-21 05:22:05,135] {dag.py:2398} INFO - Sync 1 DAGs
[2022-03-21 05:22:05,147] {logging_mixin.py:109} INFO - [2022-03-21 05:22:05,147] {dag.py:2937} INFO - Setting next_dagrun for example_trigger_controller_dag to 2021-01-01T00:00:00+00:00
[2022-03-21 05:22:05,552] {processor.py:171} INFO - Processing /home/lowenhard/acceleration/env/lib/python3.8/site-packages/airflow/example_dags/example_trigger_controller_dag.py took 0.699 seconds
[2022-03-21 05:23:32,283] {processor.py:163} INFO - Started process (PID=349) to work on /home/lowenhard/acceleration/env/lib/python3.8/site-packages/airflow/example_dags/example_trigger_controller_dag.py
[2022-03-21 05:23:32,288] {processor.py:642} INFO - Processing file /home/lowenhard/acceleration/env/lib/python3.8/site-packages/airflow/example_dags/example_trigger_controller_dag.py for tasks to queue
[2022-03-21 05:23:32,289] {logging_mixin.py:109} INFO - [2022-03-21 05:23:32,289] {dagbag.py:500} INFO - Filling up the DagBag from /home/lowenhard/acceleration/env/lib/python3.8/site-packages/airflow/example_dags/example_trigger_controller_dag.py
[2022-03-21 05:23:32,312] {processor.py:654} INFO - DAG(s) dict_keys(['example_trigger_controller_dag']) retrieved from /home/lowenhard/acceleration/env/lib/python3.8/site-packages/airflow/example_dags/example_trigger_controller_dag.py
[2022-03-21 05:23:32,324] {logging_mixin.py:109} INFO - [2022-03-21 05:23:32,324] {dag.py:2398} INFO - Sync 1 DAGs
[2022-03-21 05:23:32,337] {logging_mixin.py:109} INFO - [2022-03-21 05:23:32,337] {dag.py:2937} INFO - Setting next_dagrun for example_trigger_controller_dag to 2021-01-01T00:00:00+00:00
[2022-03-21 05:23:32,803] {processor.py:171} INFO - Processing /home/lowenhard/acceleration/env/lib/python3.8/site-packages/airflow/example_dags/example_trigger_controller_dag.py took 0.523 seconds
[2022-03-21 05:24:40,713] {processor.py:163} INFO - Started process (PID=384) to work on /home/lowenhard/acceleration/env/lib/python3.8/site-packages/airflow/example_dags/example_trigger_controller_dag.py
[2022-03-21 05:24:41,137] {processor.py:642} INFO - Processing file /home/lowenhard/acceleration/env/lib/python3.8/site-packages/airflow/example_dags/example_trigger_controller_dag.py for tasks to queue
[2022-03-21 05:24:41,138] {logging_mixin.py:109} INFO - [2022-03-21 05:24:41,138] {dagbag.py:500} INFO - Filling up the DagBag from /home/lowenhard/acceleration/env/lib/python3.8/site-packages/airflow/example_dags/example_trigger_controller_dag.py
[2022-03-21 05:24:41,158] {processor.py:654} INFO - DAG(s) dict_keys(['example_trigger_controller_dag']) retrieved from /home/lowenhard/acceleration/env/lib/python3.8/site-packages/airflow/example_dags/example_trigger_controller_dag.py
[2022-03-21 05:24:41,167] {logging_mixin.py:109} INFO - [2022-03-21 05:24:41,167] {dag.py:2398} INFO - Sync 1 DAGs
[2022-03-21 05:24:41,182] {logging_mixin.py:109} INFO - [2022-03-21 05:24:41,182] {dag.py:2937} INFO - Setting next_dagrun for example_trigger_controller_dag to 2021-01-01T00:00:00+00:00
[2022-03-21 05:24:41,437] {processor.py:171} INFO - Processing /home/lowenhard/acceleration/env/lib/python3.8/site-packages/airflow/example_dags/example_trigger_controller_dag.py took 0.726 seconds
[2022-03-21 05:25:59,479] {processor.py:163} INFO - Started process (PID=419) to work on /home/lowenhard/acceleration/env/lib/python3.8/site-packages/airflow/example_dags/example_trigger_controller_dag.py
[2022-03-21 05:25:59,509] {processor.py:642} INFO - Processing file /home/lowenhard/acceleration/env/lib/python3.8/site-packages/airflow/example_dags/example_trigger_controller_dag.py for tasks to queue
[2022-03-21 05:25:59,510] {logging_mixin.py:109} INFO - [2022-03-21 05:25:59,510] {dagbag.py:500} INFO - Filling up the DagBag from /home/lowenhard/acceleration/env/lib/python3.8/site-packages/airflow/example_dags/example_trigger_controller_dag.py
[2022-03-21 05:25:59,549] {processor.py:654} INFO - DAG(s) dict_keys(['example_trigger_controller_dag']) retrieved from /home/lowenhard/acceleration/env/lib/python3.8/site-packages/airflow/example_dags/example_trigger_controller_dag.py
[2022-03-21 05:25:59,571] {logging_mixin.py:109} INFO - [2022-03-21 05:25:59,571] {dag.py:2398} INFO - Sync 1 DAGs
[2022-03-21 05:25:59,611] {logging_mixin.py:109} INFO - [2022-03-21 05:25:59,611] {dag.py:2937} INFO - Setting next_dagrun for example_trigger_controller_dag to 2021-01-01T00:00:00+00:00
[2022-03-21 05:25:59,946] {processor.py:171} INFO - Processing /home/lowenhard/acceleration/env/lib/python3.8/site-packages/airflow/example_dags/example_trigger_controller_dag.py took 0.471 seconds
[2022-03-21 05:27:31,588] {processor.py:163} INFO - Started process (PID=459) to work on /home/lowenhard/acceleration/env/lib/python3.8/site-packages/airflow/example_dags/example_trigger_controller_dag.py
[2022-03-21 05:27:32,176] {processor.py:642} INFO - Processing file /home/lowenhard/acceleration/env/lib/python3.8/site-packages/airflow/example_dags/example_trigger_controller_dag.py for tasks to queue
[2022-03-21 05:27:32,177] {logging_mixin.py:109} INFO - [2022-03-21 05:27:32,176] {dagbag.py:500} INFO - Filling up the DagBag from /home/lowenhard/acceleration/env/lib/python3.8/site-packages/airflow/example_dags/example_trigger_controller_dag.py
[2022-03-21 05:27:32,196] {processor.py:654} INFO - DAG(s) dict_keys(['example_trigger_controller_dag']) retrieved from /home/lowenhard/acceleration/env/lib/python3.8/site-packages/airflow/example_dags/example_trigger_controller_dag.py
[2022-03-21 05:27:32,204] {logging_mixin.py:109} INFO - [2022-03-21 05:27:32,204] {dag.py:2398} INFO - Sync 1 DAGs
[2022-03-21 05:27:32,217] {logging_mixin.py:109} INFO - [2022-03-21 05:27:32,217] {dag.py:2937} INFO - Setting next_dagrun for example_trigger_controller_dag to 2021-01-01T00:00:00+00:00
[2022-03-21 05:27:32,411] {processor.py:171} INFO - Processing /home/lowenhard/acceleration/env/lib/python3.8/site-packages/airflow/example_dags/example_trigger_controller_dag.py took 0.825 seconds
[2022-03-21 05:28:58,231] {processor.py:163} INFO - Started process (PID=496) to work on /home/lowenhard/acceleration/env/lib/python3.8/site-packages/airflow/example_dags/example_trigger_controller_dag.py
[2022-03-21 05:28:58,234] {processor.py:642} INFO - Processing file /home/lowenhard/acceleration/env/lib/python3.8/site-packages/airflow/example_dags/example_trigger_controller_dag.py for tasks to queue
[2022-03-21 05:28:58,234] {logging_mixin.py:109} INFO - [2022-03-21 05:28:58,234] {dagbag.py:500} INFO - Filling up the DagBag from /home/lowenhard/acceleration/env/lib/python3.8/site-packages/airflow/example_dags/example_trigger_controller_dag.py
[2022-03-21 05:28:58,252] {processor.py:654} INFO - DAG(s) dict_keys(['example_trigger_controller_dag']) retrieved from /home/lowenhard/acceleration/env/lib/python3.8/site-packages/airflow/example_dags/example_trigger_controller_dag.py
[2022-03-21 05:28:58,260] {logging_mixin.py:109} INFO - [2022-03-21 05:28:58,260] {dag.py:2398} INFO - Sync 1 DAGs
[2022-03-21 05:28:58,273] {logging_mixin.py:109} INFO - [2022-03-21 05:28:58,273] {dag.py:2937} INFO - Setting next_dagrun for example_trigger_controller_dag to 2021-01-01T00:00:00+00:00
[2022-03-21 05:28:58,653] {processor.py:171} INFO - Processing /home/lowenhard/acceleration/env/lib/python3.8/site-packages/airflow/example_dags/example_trigger_controller_dag.py took 0.424 seconds
[2022-03-21 05:30:16,287] {processor.py:163} INFO - Started process (PID=532) to work on /home/lowenhard/acceleration/env/lib/python3.8/site-packages/airflow/example_dags/example_trigger_controller_dag.py
[2022-03-21 05:30:16,299] {processor.py:642} INFO - Processing file /home/lowenhard/acceleration/env/lib/python3.8/site-packages/airflow/example_dags/example_trigger_controller_dag.py for tasks to queue
[2022-03-21 05:30:16,299] {logging_mixin.py:109} INFO - [2022-03-21 05:30:16,299] {dagbag.py:500} INFO - Filling up the DagBag from /home/lowenhard/acceleration/env/lib/python3.8/site-packages/airflow/example_dags/example_trigger_controller_dag.py
[2022-03-21 05:30:16,317] {processor.py:654} INFO - DAG(s) dict_keys(['example_trigger_controller_dag']) retrieved from /home/lowenhard/acceleration/env/lib/python3.8/site-packages/airflow/example_dags/example_trigger_controller_dag.py
[2022-03-21 05:30:16,326] {logging_mixin.py:109} INFO - [2022-03-21 05:30:16,326] {dag.py:2398} INFO - Sync 1 DAGs
[2022-03-21 05:30:16,338] {logging_mixin.py:109} INFO - [2022-03-21 05:30:16,338] {dag.py:2937} INFO - Setting next_dagrun for example_trigger_controller_dag to 2021-01-01T00:00:00+00:00
[2022-03-21 05:30:18,132] {processor.py:171} INFO - Processing /home/lowenhard/acceleration/env/lib/python3.8/site-packages/airflow/example_dags/example_trigger_controller_dag.py took 1.849 seconds
[2022-03-21 05:31:44,910] {processor.py:163} INFO - Started process (PID=585) to work on /home/lowenhard/acceleration/env/lib/python3.8/site-packages/airflow/example_dags/example_trigger_controller_dag.py
[2022-03-21 05:31:44,920] {processor.py:642} INFO - Processing file /home/lowenhard/acceleration/env/lib/python3.8/site-packages/airflow/example_dags/example_trigger_controller_dag.py for tasks to queue
[2022-03-21 05:31:44,920] {logging_mixin.py:109} INFO - [2022-03-21 05:31:44,920] {dagbag.py:500} INFO - Filling up the DagBag from /home/lowenhard/acceleration/env/lib/python3.8/site-packages/airflow/example_dags/example_trigger_controller_dag.py
[2022-03-21 05:31:44,939] {processor.py:654} INFO - DAG(s) dict_keys(['example_trigger_controller_dag']) retrieved from /home/lowenhard/acceleration/env/lib/python3.8/site-packages/airflow/example_dags/example_trigger_controller_dag.py
[2022-03-21 05:31:44,948] {logging_mixin.py:109} INFO - [2022-03-21 05:31:44,948] {dag.py:2398} INFO - Sync 1 DAGs
[2022-03-21 05:31:44,960] {logging_mixin.py:109} INFO - [2022-03-21 05:31:44,959] {dag.py:2937} INFO - Setting next_dagrun for example_trigger_controller_dag to 2021-01-01T00:00:00+00:00
[2022-03-21 05:31:45,727] {processor.py:171} INFO - Processing /home/lowenhard/acceleration/env/lib/python3.8/site-packages/airflow/example_dags/example_trigger_controller_dag.py took 0.819 seconds
[2022-03-21 05:33:10,247] {processor.py:163} INFO - Started process (PID=629) to work on /home/lowenhard/acceleration/env/lib/python3.8/site-packages/airflow/example_dags/example_trigger_controller_dag.py
[2022-03-21 05:33:10,483] {processor.py:642} INFO - Processing file /home/lowenhard/acceleration/env/lib/python3.8/site-packages/airflow/example_dags/example_trigger_controller_dag.py for tasks to queue
[2022-03-21 05:33:10,484] {logging_mixin.py:109} INFO - [2022-03-21 05:33:10,484] {dagbag.py:500} INFO - Filling up the DagBag from /home/lowenhard/acceleration/env/lib/python3.8/site-packages/airflow/example_dags/example_trigger_controller_dag.py
[2022-03-21 05:33:10,504] {processor.py:654} INFO - DAG(s) dict_keys(['example_trigger_controller_dag']) retrieved from /home/lowenhard/acceleration/env/lib/python3.8/site-packages/airflow/example_dags/example_trigger_controller_dag.py
[2022-03-21 05:33:10,513] {logging_mixin.py:109} INFO - [2022-03-21 05:33:10,513] {dag.py:2398} INFO - Sync 1 DAGs
[2022-03-21 05:33:10,525] {logging_mixin.py:109} INFO - [2022-03-21 05:33:10,525] {dag.py:2937} INFO - Setting next_dagrun for example_trigger_controller_dag to 2021-01-01T00:00:00+00:00
[2022-03-21 05:33:11,822] {processor.py:171} INFO - Processing /home/lowenhard/acceleration/env/lib/python3.8/site-packages/airflow/example_dags/example_trigger_controller_dag.py took 1.577 seconds
[2022-03-21 05:35:08,223] {processor.py:163} INFO - Started process (PID=697) to work on /home/lowenhard/acceleration/env/lib/python3.8/site-packages/airflow/example_dags/example_trigger_controller_dag.py
[2022-03-21 05:35:08,754] {processor.py:642} INFO - Processing file /home/lowenhard/acceleration/env/lib/python3.8/site-packages/airflow/example_dags/example_trigger_controller_dag.py for tasks to queue
[2022-03-21 05:35:08,754] {logging_mixin.py:109} INFO - [2022-03-21 05:35:08,754] {dagbag.py:500} INFO - Filling up the DagBag from /home/lowenhard/acceleration/env/lib/python3.8/site-packages/airflow/example_dags/example_trigger_controller_dag.py
[2022-03-21 05:35:08,906] {processor.py:654} INFO - DAG(s) dict_keys(['example_trigger_controller_dag']) retrieved from /home/lowenhard/acceleration/env/lib/python3.8/site-packages/airflow/example_dags/example_trigger_controller_dag.py
[2022-03-21 05:35:08,915] {logging_mixin.py:109} INFO - [2022-03-21 05:35:08,915] {dag.py:2398} INFO - Sync 1 DAGs
[2022-03-21 05:35:08,927] {logging_mixin.py:109} INFO - [2022-03-21 05:35:08,927] {dag.py:2937} INFO - Setting next_dagrun for example_trigger_controller_dag to 2021-01-01T00:00:00+00:00
[2022-03-21 05:35:09,087] {processor.py:171} INFO - Processing /home/lowenhard/acceleration/env/lib/python3.8/site-packages/airflow/example_dags/example_trigger_controller_dag.py took 0.867 seconds
[2022-03-21 05:36:40,011] {processor.py:163} INFO - Started process (PID=745) to work on /home/lowenhard/acceleration/env/lib/python3.8/site-packages/airflow/example_dags/example_trigger_controller_dag.py
[2022-03-21 05:36:40,033] {processor.py:642} INFO - Processing file /home/lowenhard/acceleration/env/lib/python3.8/site-packages/airflow/example_dags/example_trigger_controller_dag.py for tasks to queue
[2022-03-21 05:36:40,033] {logging_mixin.py:109} INFO - [2022-03-21 05:36:40,033] {dagbag.py:500} INFO - Filling up the DagBag from /home/lowenhard/acceleration/env/lib/python3.8/site-packages/airflow/example_dags/example_trigger_controller_dag.py
[2022-03-21 05:36:40,055] {processor.py:654} INFO - DAG(s) dict_keys(['example_trigger_controller_dag']) retrieved from /home/lowenhard/acceleration/env/lib/python3.8/site-packages/airflow/example_dags/example_trigger_controller_dag.py
[2022-03-21 05:36:40,065] {logging_mixin.py:109} INFO - [2022-03-21 05:36:40,065] {dag.py:2398} INFO - Sync 1 DAGs
[2022-03-21 05:36:40,078] {logging_mixin.py:109} INFO - [2022-03-21 05:36:40,078] {dag.py:2937} INFO - Setting next_dagrun for example_trigger_controller_dag to 2021-01-01T00:00:00+00:00
[2022-03-21 05:36:40,296] {processor.py:171} INFO - Processing /home/lowenhard/acceleration/env/lib/python3.8/site-packages/airflow/example_dags/example_trigger_controller_dag.py took 0.290 seconds
[2022-03-21 05:38:09,499] {processor.py:163} INFO - Started process (PID=788) to work on /home/lowenhard/acceleration/env/lib/python3.8/site-packages/airflow/example_dags/example_trigger_controller_dag.py
[2022-03-21 05:38:09,536] {processor.py:642} INFO - Processing file /home/lowenhard/acceleration/env/lib/python3.8/site-packages/airflow/example_dags/example_trigger_controller_dag.py for tasks to queue
[2022-03-21 05:38:09,537] {logging_mixin.py:109} INFO - [2022-03-21 05:38:09,536] {dagbag.py:500} INFO - Filling up the DagBag from /home/lowenhard/acceleration/env/lib/python3.8/site-packages/airflow/example_dags/example_trigger_controller_dag.py
[2022-03-21 05:38:09,559] {processor.py:654} INFO - DAG(s) dict_keys(['example_trigger_controller_dag']) retrieved from /home/lowenhard/acceleration/env/lib/python3.8/site-packages/airflow/example_dags/example_trigger_controller_dag.py
[2022-03-21 05:38:09,572] {logging_mixin.py:109} INFO - [2022-03-21 05:38:09,571] {dag.py:2398} INFO - Sync 1 DAGs
[2022-03-21 05:38:09,589] {logging_mixin.py:109} INFO - [2022-03-21 05:38:09,589] {dag.py:2937} INFO - Setting next_dagrun for example_trigger_controller_dag to 2021-01-01T00:00:00+00:00
[2022-03-21 05:38:11,762] {processor.py:171} INFO - Processing /home/lowenhard/acceleration/env/lib/python3.8/site-packages/airflow/example_dags/example_trigger_controller_dag.py took 2.266 seconds
[2022-03-21 05:39:39,108] {processor.py:163} INFO - Started process (PID=824) to work on /home/lowenhard/acceleration/env/lib/python3.8/site-packages/airflow/example_dags/example_trigger_controller_dag.py
[2022-03-21 05:39:39,494] {processor.py:642} INFO - Processing file /home/lowenhard/acceleration/env/lib/python3.8/site-packages/airflow/example_dags/example_trigger_controller_dag.py for tasks to queue
[2022-03-21 05:39:39,495] {logging_mixin.py:109} INFO - [2022-03-21 05:39:39,495] {dagbag.py:500} INFO - Filling up the DagBag from /home/lowenhard/acceleration/env/lib/python3.8/site-packages/airflow/example_dags/example_trigger_controller_dag.py
[2022-03-21 05:39:39,513] {processor.py:654} INFO - DAG(s) dict_keys(['example_trigger_controller_dag']) retrieved from /home/lowenhard/acceleration/env/lib/python3.8/site-packages/airflow/example_dags/example_trigger_controller_dag.py
[2022-03-21 05:39:39,522] {logging_mixin.py:109} INFO - [2022-03-21 05:39:39,522] {dag.py:2398} INFO - Sync 1 DAGs
[2022-03-21 05:39:39,533] {logging_mixin.py:109} INFO - [2022-03-21 05:39:39,533] {dag.py:2937} INFO - Setting next_dagrun for example_trigger_controller_dag to 2021-01-01T00:00:00+00:00
[2022-03-21 05:39:41,464] {processor.py:171} INFO - Processing /home/lowenhard/acceleration/env/lib/python3.8/site-packages/airflow/example_dags/example_trigger_controller_dag.py took 2.360 seconds
[2022-03-21 05:41:11,971] {processor.py:163} INFO - Started process (PID=868) to work on /home/lowenhard/acceleration/env/lib/python3.8/site-packages/airflow/example_dags/example_trigger_controller_dag.py
[2022-03-21 05:41:12,048] {processor.py:642} INFO - Processing file /home/lowenhard/acceleration/env/lib/python3.8/site-packages/airflow/example_dags/example_trigger_controller_dag.py for tasks to queue
[2022-03-21 05:41:12,049] {logging_mixin.py:109} INFO - [2022-03-21 05:41:12,049] {dagbag.py:500} INFO - Filling up the DagBag from /home/lowenhard/acceleration/env/lib/python3.8/site-packages/airflow/example_dags/example_trigger_controller_dag.py
[2022-03-21 05:41:12,071] {processor.py:654} INFO - DAG(s) dict_keys(['example_trigger_controller_dag']) retrieved from /home/lowenhard/acceleration/env/lib/python3.8/site-packages/airflow/example_dags/example_trigger_controller_dag.py
[2022-03-21 05:41:12,083] {logging_mixin.py:109} INFO - [2022-03-21 05:41:12,083] {dag.py:2398} INFO - Sync 1 DAGs
[2022-03-21 05:41:12,096] {logging_mixin.py:109} INFO - [2022-03-21 05:41:12,096] {dag.py:2937} INFO - Setting next_dagrun for example_trigger_controller_dag to 2021-01-01T00:00:00+00:00
[2022-03-21 05:41:12,663] {processor.py:171} INFO - Processing /home/lowenhard/acceleration/env/lib/python3.8/site-packages/airflow/example_dags/example_trigger_controller_dag.py took 0.694 seconds
[2022-03-21 05:42:44,399] {processor.py:163} INFO - Started process (PID=911) to work on /home/lowenhard/acceleration/env/lib/python3.8/site-packages/airflow/example_dags/example_trigger_controller_dag.py
[2022-03-21 05:42:44,454] {processor.py:642} INFO - Processing file /home/lowenhard/acceleration/env/lib/python3.8/site-packages/airflow/example_dags/example_trigger_controller_dag.py for tasks to queue
[2022-03-21 05:42:44,455] {logging_mixin.py:109} INFO - [2022-03-21 05:42:44,455] {dagbag.py:500} INFO - Filling up the DagBag from /home/lowenhard/acceleration/env/lib/python3.8/site-packages/airflow/example_dags/example_trigger_controller_dag.py
[2022-03-21 05:42:44,473] {processor.py:654} INFO - DAG(s) dict_keys(['example_trigger_controller_dag']) retrieved from /home/lowenhard/acceleration/env/lib/python3.8/site-packages/airflow/example_dags/example_trigger_controller_dag.py
[2022-03-21 05:42:44,480] {logging_mixin.py:109} INFO - [2022-03-21 05:42:44,480] {dag.py:2398} INFO - Sync 1 DAGs
[2022-03-21 05:42:44,490] {logging_mixin.py:109} INFO - [2022-03-21 05:42:44,490] {dag.py:2937} INFO - Setting next_dagrun for example_trigger_controller_dag to 2021-01-01T00:00:00+00:00
[2022-03-21 05:42:45,913] {processor.py:171} INFO - Processing /home/lowenhard/acceleration/env/lib/python3.8/site-packages/airflow/example_dags/example_trigger_controller_dag.py took 1.517 seconds
[2022-03-21 05:44:18,885] {processor.py:163} INFO - Started process (PID=959) to work on /home/lowenhard/acceleration/env/lib/python3.8/site-packages/airflow/example_dags/example_trigger_controller_dag.py
[2022-03-21 05:44:19,850] {processor.py:642} INFO - Processing file /home/lowenhard/acceleration/env/lib/python3.8/site-packages/airflow/example_dags/example_trigger_controller_dag.py for tasks to queue
[2022-03-21 05:44:19,851] {logging_mixin.py:109} INFO - [2022-03-21 05:44:19,850] {dagbag.py:500} INFO - Filling up the DagBag from /home/lowenhard/acceleration/env/lib/python3.8/site-packages/airflow/example_dags/example_trigger_controller_dag.py
[2022-03-21 05:44:20,351] {processor.py:654} INFO - DAG(s) dict_keys(['example_trigger_controller_dag']) retrieved from /home/lowenhard/acceleration/env/lib/python3.8/site-packages/airflow/example_dags/example_trigger_controller_dag.py
[2022-03-21 05:44:20,361] {logging_mixin.py:109} INFO - [2022-03-21 05:44:20,361] {dag.py:2398} INFO - Sync 1 DAGs
[2022-03-21 05:44:20,374] {logging_mixin.py:109} INFO - [2022-03-21 05:44:20,374] {dag.py:2937} INFO - Setting next_dagrun for example_trigger_controller_dag to 2021-01-01T00:00:00+00:00
[2022-03-21 05:44:20,594] {processor.py:171} INFO - Processing /home/lowenhard/acceleration/env/lib/python3.8/site-packages/airflow/example_dags/example_trigger_controller_dag.py took 1.711 seconds
[2022-03-21 05:45:46,055] {processor.py:163} INFO - Started process (PID=997) to work on /home/lowenhard/acceleration/env/lib/python3.8/site-packages/airflow/example_dags/example_trigger_controller_dag.py
[2022-03-21 05:45:46,525] {processor.py:642} INFO - Processing file /home/lowenhard/acceleration/env/lib/python3.8/site-packages/airflow/example_dags/example_trigger_controller_dag.py for tasks to queue
[2022-03-21 05:45:46,530] {logging_mixin.py:109} INFO - [2022-03-21 05:45:46,530] {dagbag.py:500} INFO - Filling up the DagBag from /home/lowenhard/acceleration/env/lib/python3.8/site-packages/airflow/example_dags/example_trigger_controller_dag.py
[2022-03-21 05:45:46,921] {processor.py:654} INFO - DAG(s) dict_keys(['example_trigger_controller_dag']) retrieved from /home/lowenhard/acceleration/env/lib/python3.8/site-packages/airflow/example_dags/example_trigger_controller_dag.py
[2022-03-21 05:45:46,954] {logging_mixin.py:109} INFO - [2022-03-21 05:45:46,953] {dag.py:2398} INFO - Sync 1 DAGs
[2022-03-21 05:45:46,994] {logging_mixin.py:109} INFO - [2022-03-21 05:45:46,994] {dag.py:2937} INFO - Setting next_dagrun for example_trigger_controller_dag to 2021-01-01T00:00:00+00:00
[2022-03-21 05:45:47,170] {processor.py:171} INFO - Processing /home/lowenhard/acceleration/env/lib/python3.8/site-packages/airflow/example_dags/example_trigger_controller_dag.py took 1.117 seconds
[2022-03-21 05:47:20,178] {processor.py:163} INFO - Started process (PID=1038) to work on /home/lowenhard/acceleration/env/lib/python3.8/site-packages/airflow/example_dags/example_trigger_controller_dag.py
[2022-03-21 05:47:20,642] {processor.py:642} INFO - Processing file /home/lowenhard/acceleration/env/lib/python3.8/site-packages/airflow/example_dags/example_trigger_controller_dag.py for tasks to queue
[2022-03-21 05:47:20,645] {logging_mixin.py:109} INFO - [2022-03-21 05:47:20,645] {dagbag.py:500} INFO - Filling up the DagBag from /home/lowenhard/acceleration/env/lib/python3.8/site-packages/airflow/example_dags/example_trigger_controller_dag.py
[2022-03-21 05:47:21,120] {processor.py:654} INFO - DAG(s) dict_keys(['example_trigger_controller_dag']) retrieved from /home/lowenhard/acceleration/env/lib/python3.8/site-packages/airflow/example_dags/example_trigger_controller_dag.py
[2022-03-21 05:47:21,139] {logging_mixin.py:109} INFO - [2022-03-21 05:47:21,139] {dag.py:2398} INFO - Sync 1 DAGs
[2022-03-21 05:47:21,163] {logging_mixin.py:109} INFO - [2022-03-21 05:47:21,163] {dag.py:2937} INFO - Setting next_dagrun for example_trigger_controller_dag to 2021-01-01T00:00:00+00:00
[2022-03-21 05:47:21,480] {processor.py:171} INFO - Processing /home/lowenhard/acceleration/env/lib/python3.8/site-packages/airflow/example_dags/example_trigger_controller_dag.py took 1.305 seconds
[2022-03-21 05:48:55,898] {processor.py:163} INFO - Started process (PID=1078) to work on /home/lowenhard/acceleration/env/lib/python3.8/site-packages/airflow/example_dags/example_trigger_controller_dag.py
[2022-03-21 05:48:55,915] {processor.py:642} INFO - Processing file /home/lowenhard/acceleration/env/lib/python3.8/site-packages/airflow/example_dags/example_trigger_controller_dag.py for tasks to queue
[2022-03-21 05:48:55,916] {logging_mixin.py:109} INFO - [2022-03-21 05:48:55,915] {dagbag.py:500} INFO - Filling up the DagBag from /home/lowenhard/acceleration/env/lib/python3.8/site-packages/airflow/example_dags/example_trigger_controller_dag.py
[2022-03-21 05:48:55,943] {processor.py:654} INFO - DAG(s) dict_keys(['example_trigger_controller_dag']) retrieved from /home/lowenhard/acceleration/env/lib/python3.8/site-packages/airflow/example_dags/example_trigger_controller_dag.py
[2022-03-21 05:48:55,957] {logging_mixin.py:109} INFO - [2022-03-21 05:48:55,957] {dag.py:2398} INFO - Sync 1 DAGs
[2022-03-21 05:48:55,974] {logging_mixin.py:109} INFO - [2022-03-21 05:48:55,974] {dag.py:2937} INFO - Setting next_dagrun for example_trigger_controller_dag to 2021-01-01T00:00:00+00:00
[2022-03-21 05:48:56,146] {processor.py:171} INFO - Processing /home/lowenhard/acceleration/env/lib/python3.8/site-packages/airflow/example_dags/example_trigger_controller_dag.py took 0.254 seconds
[2022-03-21 05:50:28,016] {processor.py:163} INFO - Started process (PID=1121) to work on /home/lowenhard/acceleration/env/lib/python3.8/site-packages/airflow/example_dags/example_trigger_controller_dag.py
[2022-03-21 05:50:28,031] {processor.py:642} INFO - Processing file /home/lowenhard/acceleration/env/lib/python3.8/site-packages/airflow/example_dags/example_trigger_controller_dag.py for tasks to queue
[2022-03-21 05:50:28,031] {logging_mixin.py:109} INFO - [2022-03-21 05:50:28,031] {dagbag.py:500} INFO - Filling up the DagBag from /home/lowenhard/acceleration/env/lib/python3.8/site-packages/airflow/example_dags/example_trigger_controller_dag.py
[2022-03-21 05:50:28,060] {processor.py:654} INFO - DAG(s) dict_keys(['example_trigger_controller_dag']) retrieved from /home/lowenhard/acceleration/env/lib/python3.8/site-packages/airflow/example_dags/example_trigger_controller_dag.py
[2022-03-21 05:50:28,074] {logging_mixin.py:109} INFO - [2022-03-21 05:50:28,074] {dag.py:2398} INFO - Sync 1 DAGs
[2022-03-21 05:50:28,085] {logging_mixin.py:109} INFO - [2022-03-21 05:50:28,085] {dag.py:2937} INFO - Setting next_dagrun for example_trigger_controller_dag to 2021-01-01T00:00:00+00:00
[2022-03-21 05:50:30,645] {processor.py:171} INFO - Processing /home/lowenhard/acceleration/env/lib/python3.8/site-packages/airflow/example_dags/example_trigger_controller_dag.py took 2.632 seconds
[2022-03-21 05:52:18,145] {processor.py:163} INFO - Started process (PID=1164) to work on /home/lowenhard/acceleration/env/lib/python3.8/site-packages/airflow/example_dags/example_trigger_controller_dag.py
[2022-03-21 05:52:18,773] {processor.py:642} INFO - Processing file /home/lowenhard/acceleration/env/lib/python3.8/site-packages/airflow/example_dags/example_trigger_controller_dag.py for tasks to queue
[2022-03-21 05:52:18,774] {logging_mixin.py:109} INFO - [2022-03-21 05:52:18,774] {dagbag.py:500} INFO - Filling up the DagBag from /home/lowenhard/acceleration/env/lib/python3.8/site-packages/airflow/example_dags/example_trigger_controller_dag.py
[2022-03-21 05:52:18,807] {processor.py:654} INFO - DAG(s) dict_keys(['example_trigger_controller_dag']) retrieved from /home/lowenhard/acceleration/env/lib/python3.8/site-packages/airflow/example_dags/example_trigger_controller_dag.py
[2022-03-21 05:52:18,822] {logging_mixin.py:109} INFO - [2022-03-21 05:52:18,822] {dag.py:2398} INFO - Sync 1 DAGs
[2022-03-21 05:52:18,837] {logging_mixin.py:109} INFO - [2022-03-21 05:52:18,837] {dag.py:2937} INFO - Setting next_dagrun for example_trigger_controller_dag to 2021-01-01T00:00:00+00:00
[2022-03-21 05:52:19,904] {processor.py:171} INFO - Processing /home/lowenhard/acceleration/env/lib/python3.8/site-packages/airflow/example_dags/example_trigger_controller_dag.py took 1.762 seconds
[2022-03-21 05:53:49,084] {processor.py:163} INFO - Started process (PID=1204) to work on /home/lowenhard/acceleration/env/lib/python3.8/site-packages/airflow/example_dags/example_trigger_controller_dag.py
[2022-03-21 05:53:49,100] {processor.py:642} INFO - Processing file /home/lowenhard/acceleration/env/lib/python3.8/site-packages/airflow/example_dags/example_trigger_controller_dag.py for tasks to queue
[2022-03-21 05:53:49,101] {logging_mixin.py:109} INFO - [2022-03-21 05:53:49,101] {dagbag.py:500} INFO - Filling up the DagBag from /home/lowenhard/acceleration/env/lib/python3.8/site-packages/airflow/example_dags/example_trigger_controller_dag.py
[2022-03-21 05:53:49,124] {processor.py:654} INFO - DAG(s) dict_keys(['example_trigger_controller_dag']) retrieved from /home/lowenhard/acceleration/env/lib/python3.8/site-packages/airflow/example_dags/example_trigger_controller_dag.py
[2022-03-21 05:53:49,134] {logging_mixin.py:109} INFO - [2022-03-21 05:53:49,134] {dag.py:2398} INFO - Sync 1 DAGs
[2022-03-21 05:53:49,151] {logging_mixin.py:109} INFO - [2022-03-21 05:53:49,151] {dag.py:2937} INFO - Setting next_dagrun for example_trigger_controller_dag to 2021-01-01T00:00:00+00:00
[2022-03-21 05:53:50,695] {processor.py:171} INFO - Processing /home/lowenhard/acceleration/env/lib/python3.8/site-packages/airflow/example_dags/example_trigger_controller_dag.py took 1.613 seconds
[2022-03-21 05:55:24,977] {processor.py:163} INFO - Started process (PID=1244) to work on /home/lowenhard/acceleration/env/lib/python3.8/site-packages/airflow/example_dags/example_trigger_controller_dag.py
[2022-03-21 05:55:24,993] {processor.py:642} INFO - Processing file /home/lowenhard/acceleration/env/lib/python3.8/site-packages/airflow/example_dags/example_trigger_controller_dag.py for tasks to queue
[2022-03-21 05:55:24,994] {logging_mixin.py:109} INFO - [2022-03-21 05:55:24,994] {dagbag.py:500} INFO - Filling up the DagBag from /home/lowenhard/acceleration/env/lib/python3.8/site-packages/airflow/example_dags/example_trigger_controller_dag.py
[2022-03-21 05:55:25,014] {processor.py:654} INFO - DAG(s) dict_keys(['example_trigger_controller_dag']) retrieved from /home/lowenhard/acceleration/env/lib/python3.8/site-packages/airflow/example_dags/example_trigger_controller_dag.py
[2022-03-21 05:55:25,023] {logging_mixin.py:109} INFO - [2022-03-21 05:55:25,022] {dag.py:2398} INFO - Sync 1 DAGs
[2022-03-21 05:55:25,035] {logging_mixin.py:109} INFO - [2022-03-21 05:55:25,035] {dag.py:2937} INFO - Setting next_dagrun for example_trigger_controller_dag to 2021-01-01T00:00:00+00:00
[2022-03-21 05:55:26,203] {processor.py:171} INFO - Processing /home/lowenhard/acceleration/env/lib/python3.8/site-packages/airflow/example_dags/example_trigger_controller_dag.py took 1.227 seconds
[2022-03-21 05:57:03,634] {processor.py:163} INFO - Started process (PID=1284) to work on /home/lowenhard/acceleration/env/lib/python3.8/site-packages/airflow/example_dags/example_trigger_controller_dag.py
[2022-03-21 05:57:03,640] {processor.py:642} INFO - Processing file /home/lowenhard/acceleration/env/lib/python3.8/site-packages/airflow/example_dags/example_trigger_controller_dag.py for tasks to queue
[2022-03-21 05:57:03,641] {logging_mixin.py:109} INFO - [2022-03-21 05:57:03,640] {dagbag.py:500} INFO - Filling up the DagBag from /home/lowenhard/acceleration/env/lib/python3.8/site-packages/airflow/example_dags/example_trigger_controller_dag.py
[2022-03-21 05:57:03,661] {processor.py:654} INFO - DAG(s) dict_keys(['example_trigger_controller_dag']) retrieved from /home/lowenhard/acceleration/env/lib/python3.8/site-packages/airflow/example_dags/example_trigger_controller_dag.py
[2022-03-21 05:57:03,669] {logging_mixin.py:109} INFO - [2022-03-21 05:57:03,669] {dag.py:2398} INFO - Sync 1 DAGs
[2022-03-21 05:57:03,682] {logging_mixin.py:109} INFO - [2022-03-21 05:57:03,682] {dag.py:2937} INFO - Setting next_dagrun for example_trigger_controller_dag to 2021-01-01T00:00:00+00:00
[2022-03-21 05:57:04,960] {processor.py:171} INFO - Processing /home/lowenhard/acceleration/env/lib/python3.8/site-packages/airflow/example_dags/example_trigger_controller_dag.py took 1.329 seconds
[2022-03-21 05:58:48,259] {processor.py:163} INFO - Started process (PID=1326) to work on /home/lowenhard/acceleration/env/lib/python3.8/site-packages/airflow/example_dags/example_trigger_controller_dag.py
[2022-03-21 05:58:48,267] {processor.py:642} INFO - Processing file /home/lowenhard/acceleration/env/lib/python3.8/site-packages/airflow/example_dags/example_trigger_controller_dag.py for tasks to queue
[2022-03-21 05:58:48,267] {logging_mixin.py:109} INFO - [2022-03-21 05:58:48,267] {dagbag.py:500} INFO - Filling up the DagBag from /home/lowenhard/acceleration/env/lib/python3.8/site-packages/airflow/example_dags/example_trigger_controller_dag.py
[2022-03-21 05:58:48,288] {processor.py:654} INFO - DAG(s) dict_keys(['example_trigger_controller_dag']) retrieved from /home/lowenhard/acceleration/env/lib/python3.8/site-packages/airflow/example_dags/example_trigger_controller_dag.py
[2022-03-21 05:58:48,302] {logging_mixin.py:109} INFO - [2022-03-21 05:58:48,301] {dag.py:2398} INFO - Sync 1 DAGs
[2022-03-21 05:58:48,316] {logging_mixin.py:109} INFO - [2022-03-21 05:58:48,316] {dag.py:2937} INFO - Setting next_dagrun for example_trigger_controller_dag to 2021-01-01T00:00:00+00:00
[2022-03-21 05:58:48,539] {processor.py:171} INFO - Processing /home/lowenhard/acceleration/env/lib/python3.8/site-packages/airflow/example_dags/example_trigger_controller_dag.py took 0.283 seconds
[2022-03-21 06:00:20,332] {processor.py:163} INFO - Started process (PID=1367) to work on /home/lowenhard/acceleration/env/lib/python3.8/site-packages/airflow/example_dags/example_trigger_controller_dag.py
[2022-03-21 06:00:20,383] {processor.py:642} INFO - Processing file /home/lowenhard/acceleration/env/lib/python3.8/site-packages/airflow/example_dags/example_trigger_controller_dag.py for tasks to queue
[2022-03-21 06:00:20,384] {logging_mixin.py:109} INFO - [2022-03-21 06:00:20,384] {dagbag.py:500} INFO - Filling up the DagBag from /home/lowenhard/acceleration/env/lib/python3.8/site-packages/airflow/example_dags/example_trigger_controller_dag.py
[2022-03-21 06:00:20,421] {processor.py:654} INFO - DAG(s) dict_keys(['example_trigger_controller_dag']) retrieved from /home/lowenhard/acceleration/env/lib/python3.8/site-packages/airflow/example_dags/example_trigger_controller_dag.py
[2022-03-21 06:00:20,436] {logging_mixin.py:109} INFO - [2022-03-21 06:00:20,436] {dag.py:2398} INFO - Sync 1 DAGs
[2022-03-21 06:00:20,455] {logging_mixin.py:109} INFO - [2022-03-21 06:00:20,455] {dag.py:2937} INFO - Setting next_dagrun for example_trigger_controller_dag to 2021-01-01T00:00:00+00:00
[2022-03-21 06:00:20,658] {processor.py:171} INFO - Processing /home/lowenhard/acceleration/env/lib/python3.8/site-packages/airflow/example_dags/example_trigger_controller_dag.py took 0.331 seconds
[2022-03-21 06:01:39,332] {processor.py:163} INFO - Started process (PID=1404) to work on /home/lowenhard/acceleration/env/lib/python3.8/site-packages/airflow/example_dags/example_trigger_controller_dag.py
[2022-03-21 06:01:39,536] {processor.py:642} INFO - Processing file /home/lowenhard/acceleration/env/lib/python3.8/site-packages/airflow/example_dags/example_trigger_controller_dag.py for tasks to queue
[2022-03-21 06:01:39,537] {logging_mixin.py:109} INFO - [2022-03-21 06:01:39,536] {dagbag.py:500} INFO - Filling up the DagBag from /home/lowenhard/acceleration/env/lib/python3.8/site-packages/airflow/example_dags/example_trigger_controller_dag.py
[2022-03-21 06:01:39,577] {processor.py:654} INFO - DAG(s) dict_keys(['example_trigger_controller_dag']) retrieved from /home/lowenhard/acceleration/env/lib/python3.8/site-packages/airflow/example_dags/example_trigger_controller_dag.py
[2022-03-21 06:01:39,591] {logging_mixin.py:109} INFO - [2022-03-21 06:01:39,591] {dag.py:2398} INFO - Sync 1 DAGs
[2022-03-21 06:01:39,612] {logging_mixin.py:109} INFO - [2022-03-21 06:01:39,612] {dag.py:2937} INFO - Setting next_dagrun for example_trigger_controller_dag to 2021-01-01T00:00:00+00:00
[2022-03-21 06:01:41,271] {processor.py:171} INFO - Processing /home/lowenhard/acceleration/env/lib/python3.8/site-packages/airflow/example_dags/example_trigger_controller_dag.py took 1.941 seconds
[2022-03-21 06:03:22,624] {processor.py:163} INFO - Started process (PID=1446) to work on /home/lowenhard/acceleration/env/lib/python3.8/site-packages/airflow/example_dags/example_trigger_controller_dag.py
[2022-03-21 06:03:23,202] {processor.py:642} INFO - Processing file /home/lowenhard/acceleration/env/lib/python3.8/site-packages/airflow/example_dags/example_trigger_controller_dag.py for tasks to queue
[2022-03-21 06:03:23,203] {logging_mixin.py:109} INFO - [2022-03-21 06:03:23,203] {dagbag.py:500} INFO - Filling up the DagBag from /home/lowenhard/acceleration/env/lib/python3.8/site-packages/airflow/example_dags/example_trigger_controller_dag.py
[2022-03-21 06:03:23,228] {processor.py:654} INFO - DAG(s) dict_keys(['example_trigger_controller_dag']) retrieved from /home/lowenhard/acceleration/env/lib/python3.8/site-packages/airflow/example_dags/example_trigger_controller_dag.py
[2022-03-21 06:03:23,237] {logging_mixin.py:109} INFO - [2022-03-21 06:03:23,237] {dag.py:2398} INFO - Sync 1 DAGs
[2022-03-21 06:03:23,248] {logging_mixin.py:109} INFO - [2022-03-21 06:03:23,248] {dag.py:2937} INFO - Setting next_dagrun for example_trigger_controller_dag to 2021-01-01T00:00:00+00:00
[2022-03-21 06:03:24,104] {processor.py:171} INFO - Processing /home/lowenhard/acceleration/env/lib/python3.8/site-packages/airflow/example_dags/example_trigger_controller_dag.py took 1.482 seconds
[2022-03-21 06:04:50,571] {processor.py:163} INFO - Started process (PID=1485) to work on /home/lowenhard/acceleration/env/lib/python3.8/site-packages/airflow/example_dags/example_trigger_controller_dag.py
[2022-03-21 06:04:50,694] {processor.py:642} INFO - Processing file /home/lowenhard/acceleration/env/lib/python3.8/site-packages/airflow/example_dags/example_trigger_controller_dag.py for tasks to queue
[2022-03-21 06:04:50,695] {logging_mixin.py:109} INFO - [2022-03-21 06:04:50,695] {dagbag.py:500} INFO - Filling up the DagBag from /home/lowenhard/acceleration/env/lib/python3.8/site-packages/airflow/example_dags/example_trigger_controller_dag.py
[2022-03-21 06:04:50,716] {processor.py:654} INFO - DAG(s) dict_keys(['example_trigger_controller_dag']) retrieved from /home/lowenhard/acceleration/env/lib/python3.8/site-packages/airflow/example_dags/example_trigger_controller_dag.py
[2022-03-21 06:04:50,726] {logging_mixin.py:109} INFO - [2022-03-21 06:04:50,726] {dag.py:2398} INFO - Sync 1 DAGs
[2022-03-21 06:04:50,742] {logging_mixin.py:109} INFO - [2022-03-21 06:04:50,742] {dag.py:2937} INFO - Setting next_dagrun for example_trigger_controller_dag to 2021-01-01T00:00:00+00:00
[2022-03-21 06:04:52,363] {processor.py:171} INFO - Processing /home/lowenhard/acceleration/env/lib/python3.8/site-packages/airflow/example_dags/example_trigger_controller_dag.py took 1.795 seconds
[2022-03-21 06:06:24,097] {processor.py:163} INFO - Started process (PID=1526) to work on /home/lowenhard/acceleration/env/lib/python3.8/site-packages/airflow/example_dags/example_trigger_controller_dag.py
[2022-03-21 06:06:24,203] {processor.py:642} INFO - Processing file /home/lowenhard/acceleration/env/lib/python3.8/site-packages/airflow/example_dags/example_trigger_controller_dag.py for tasks to queue
[2022-03-21 06:06:24,204] {logging_mixin.py:109} INFO - [2022-03-21 06:06:24,204] {dagbag.py:500} INFO - Filling up the DagBag from /home/lowenhard/acceleration/env/lib/python3.8/site-packages/airflow/example_dags/example_trigger_controller_dag.py
[2022-03-21 06:06:24,224] {processor.py:654} INFO - DAG(s) dict_keys(['example_trigger_controller_dag']) retrieved from /home/lowenhard/acceleration/env/lib/python3.8/site-packages/airflow/example_dags/example_trigger_controller_dag.py
[2022-03-21 06:06:24,234] {logging_mixin.py:109} INFO - [2022-03-21 06:06:24,234] {dag.py:2398} INFO - Sync 1 DAGs
[2022-03-21 06:06:24,249] {logging_mixin.py:109} INFO - [2022-03-21 06:06:24,249] {dag.py:2937} INFO - Setting next_dagrun for example_trigger_controller_dag to 2021-01-01T00:00:00+00:00
[2022-03-21 06:06:25,613] {processor.py:171} INFO - Processing /home/lowenhard/acceleration/env/lib/python3.8/site-packages/airflow/example_dags/example_trigger_controller_dag.py took 1.518 seconds
[2022-03-21 06:08:00,938] {processor.py:163} INFO - Started process (PID=1566) to work on /home/lowenhard/acceleration/env/lib/python3.8/site-packages/airflow/example_dags/example_trigger_controller_dag.py
[2022-03-21 06:08:01,945] {processor.py:642} INFO - Processing file /home/lowenhard/acceleration/env/lib/python3.8/site-packages/airflow/example_dags/example_trigger_controller_dag.py for tasks to queue
[2022-03-21 06:08:01,946] {logging_mixin.py:109} INFO - [2022-03-21 06:08:01,946] {dagbag.py:500} INFO - Filling up the DagBag from /home/lowenhard/acceleration/env/lib/python3.8/site-packages/airflow/example_dags/example_trigger_controller_dag.py
[2022-03-21 06:08:01,965] {processor.py:654} INFO - DAG(s) dict_keys(['example_trigger_controller_dag']) retrieved from /home/lowenhard/acceleration/env/lib/python3.8/site-packages/airflow/example_dags/example_trigger_controller_dag.py
[2022-03-21 06:08:01,974] {logging_mixin.py:109} INFO - [2022-03-21 06:08:01,974] {dag.py:2398} INFO - Sync 1 DAGs
[2022-03-21 06:08:01,986] {logging_mixin.py:109} INFO - [2022-03-21 06:08:01,986] {dag.py:2937} INFO - Setting next_dagrun for example_trigger_controller_dag to 2021-01-01T00:00:00+00:00
[2022-03-21 06:08:02,137] {processor.py:171} INFO - Processing /home/lowenhard/acceleration/env/lib/python3.8/site-packages/airflow/example_dags/example_trigger_controller_dag.py took 1.201 seconds
[2022-03-21 06:09:18,064] {processor.py:163} INFO - Started process (PID=1604) to work on /home/lowenhard/acceleration/env/lib/python3.8/site-packages/airflow/example_dags/example_trigger_controller_dag.py
[2022-03-21 06:09:18,283] {processor.py:642} INFO - Processing file /home/lowenhard/acceleration/env/lib/python3.8/site-packages/airflow/example_dags/example_trigger_controller_dag.py for tasks to queue
[2022-03-21 06:09:18,284] {logging_mixin.py:109} INFO - [2022-03-21 06:09:18,284] {dagbag.py:500} INFO - Filling up the DagBag from /home/lowenhard/acceleration/env/lib/python3.8/site-packages/airflow/example_dags/example_trigger_controller_dag.py
[2022-03-21 06:09:18,303] {processor.py:654} INFO - DAG(s) dict_keys(['example_trigger_controller_dag']) retrieved from /home/lowenhard/acceleration/env/lib/python3.8/site-packages/airflow/example_dags/example_trigger_controller_dag.py
[2022-03-21 06:09:18,311] {logging_mixin.py:109} INFO - [2022-03-21 06:09:18,311] {dag.py:2398} INFO - Sync 1 DAGs
[2022-03-21 06:09:18,322] {logging_mixin.py:109} INFO - [2022-03-21 06:09:18,322] {dag.py:2937} INFO - Setting next_dagrun for example_trigger_controller_dag to 2021-01-01T00:00:00+00:00
[2022-03-21 06:09:19,102] {processor.py:171} INFO - Processing /home/lowenhard/acceleration/env/lib/python3.8/site-packages/airflow/example_dags/example_trigger_controller_dag.py took 1.041 seconds
[2022-03-21 06:10:37,438] {processor.py:163} INFO - Started process (PID=1640) to work on /home/lowenhard/acceleration/env/lib/python3.8/site-packages/airflow/example_dags/example_trigger_controller_dag.py
[2022-03-21 06:10:37,460] {processor.py:642} INFO - Processing file /home/lowenhard/acceleration/env/lib/python3.8/site-packages/airflow/example_dags/example_trigger_controller_dag.py for tasks to queue
[2022-03-21 06:10:37,461] {logging_mixin.py:109} INFO - [2022-03-21 06:10:37,461] {dagbag.py:500} INFO - Filling up the DagBag from /home/lowenhard/acceleration/env/lib/python3.8/site-packages/airflow/example_dags/example_trigger_controller_dag.py
[2022-03-21 06:10:37,479] {processor.py:654} INFO - DAG(s) dict_keys(['example_trigger_controller_dag']) retrieved from /home/lowenhard/acceleration/env/lib/python3.8/site-packages/airflow/example_dags/example_trigger_controller_dag.py
[2022-03-21 06:10:37,487] {logging_mixin.py:109} INFO - [2022-03-21 06:10:37,487] {dag.py:2398} INFO - Sync 1 DAGs
[2022-03-21 06:10:37,499] {logging_mixin.py:109} INFO - [2022-03-21 06:10:37,499] {dag.py:2937} INFO - Setting next_dagrun for example_trigger_controller_dag to 2021-01-01T00:00:00+00:00
[2022-03-21 06:10:37,674] {processor.py:171} INFO - Processing /home/lowenhard/acceleration/env/lib/python3.8/site-packages/airflow/example_dags/example_trigger_controller_dag.py took 0.239 seconds
[2022-03-21 06:11:59,749] {processor.py:163} INFO - Started process (PID=1679) to work on /home/lowenhard/acceleration/env/lib/python3.8/site-packages/airflow/example_dags/example_trigger_controller_dag.py
[2022-03-21 06:11:59,766] {processor.py:642} INFO - Processing file /home/lowenhard/acceleration/env/lib/python3.8/site-packages/airflow/example_dags/example_trigger_controller_dag.py for tasks to queue
[2022-03-21 06:11:59,766] {logging_mixin.py:109} INFO - [2022-03-21 06:11:59,766] {dagbag.py:500} INFO - Filling up the DagBag from /home/lowenhard/acceleration/env/lib/python3.8/site-packages/airflow/example_dags/example_trigger_controller_dag.py
[2022-03-21 06:11:59,783] {processor.py:654} INFO - DAG(s) dict_keys(['example_trigger_controller_dag']) retrieved from /home/lowenhard/acceleration/env/lib/python3.8/site-packages/airflow/example_dags/example_trigger_controller_dag.py
[2022-03-21 06:11:59,793] {logging_mixin.py:109} INFO - [2022-03-21 06:11:59,792] {dag.py:2398} INFO - Sync 1 DAGs
[2022-03-21 06:11:59,804] {logging_mixin.py:109} INFO - [2022-03-21 06:11:59,804] {dag.py:2937} INFO - Setting next_dagrun for example_trigger_controller_dag to 2021-01-01T00:00:00+00:00
[2022-03-21 06:11:59,955] {processor.py:171} INFO - Processing /home/lowenhard/acceleration/env/lib/python3.8/site-packages/airflow/example_dags/example_trigger_controller_dag.py took 0.208 seconds
[2022-03-21 06:13:18,960] {processor.py:163} INFO - Started process (PID=1716) to work on /home/lowenhard/acceleration/env/lib/python3.8/site-packages/airflow/example_dags/example_trigger_controller_dag.py
[2022-03-21 06:13:18,987] {processor.py:642} INFO - Processing file /home/lowenhard/acceleration/env/lib/python3.8/site-packages/airflow/example_dags/example_trigger_controller_dag.py for tasks to queue
[2022-03-21 06:13:18,988] {logging_mixin.py:109} INFO - [2022-03-21 06:13:18,988] {dagbag.py:500} INFO - Filling up the DagBag from /home/lowenhard/acceleration/env/lib/python3.8/site-packages/airflow/example_dags/example_trigger_controller_dag.py
[2022-03-21 06:13:19,091] {processor.py:654} INFO - DAG(s) dict_keys(['example_trigger_controller_dag']) retrieved from /home/lowenhard/acceleration/env/lib/python3.8/site-packages/airflow/example_dags/example_trigger_controller_dag.py
[2022-03-21 06:13:19,099] {logging_mixin.py:109} INFO - [2022-03-21 06:13:19,099] {dag.py:2398} INFO - Sync 1 DAGs
[2022-03-21 06:13:19,113] {logging_mixin.py:109} INFO - [2022-03-21 06:13:19,113] {dag.py:2937} INFO - Setting next_dagrun for example_trigger_controller_dag to 2021-01-01T00:00:00+00:00
[2022-03-21 06:13:19,319] {processor.py:171} INFO - Processing /home/lowenhard/acceleration/env/lib/python3.8/site-packages/airflow/example_dags/example_trigger_controller_dag.py took 0.360 seconds
[2022-03-21 06:14:45,393] {processor.py:163} INFO - Started process (PID=1754) to work on /home/lowenhard/acceleration/env/lib/python3.8/site-packages/airflow/example_dags/example_trigger_controller_dag.py
[2022-03-21 06:14:45,519] {processor.py:642} INFO - Processing file /home/lowenhard/acceleration/env/lib/python3.8/site-packages/airflow/example_dags/example_trigger_controller_dag.py for tasks to queue
[2022-03-21 06:14:45,520] {logging_mixin.py:109} INFO - [2022-03-21 06:14:45,520] {dagbag.py:500} INFO - Filling up the DagBag from /home/lowenhard/acceleration/env/lib/python3.8/site-packages/airflow/example_dags/example_trigger_controller_dag.py
[2022-03-21 06:14:45,539] {processor.py:654} INFO - DAG(s) dict_keys(['example_trigger_controller_dag']) retrieved from /home/lowenhard/acceleration/env/lib/python3.8/site-packages/airflow/example_dags/example_trigger_controller_dag.py
[2022-03-21 06:14:45,549] {logging_mixin.py:109} INFO - [2022-03-21 06:14:45,548] {dag.py:2398} INFO - Sync 1 DAGs
[2022-03-21 06:14:45,561] {logging_mixin.py:109} INFO - [2022-03-21 06:14:45,561] {dag.py:2937} INFO - Setting next_dagrun for example_trigger_controller_dag to 2021-01-01T00:00:00+00:00
[2022-03-21 06:14:46,260] {processor.py:171} INFO - Processing /home/lowenhard/acceleration/env/lib/python3.8/site-packages/airflow/example_dags/example_trigger_controller_dag.py took 0.869 seconds
[2022-03-21 06:16:16,813] {processor.py:163} INFO - Started process (PID=1792) to work on /home/lowenhard/acceleration/env/lib/python3.8/site-packages/airflow/example_dags/example_trigger_controller_dag.py
[2022-03-21 06:16:16,826] {processor.py:642} INFO - Processing file /home/lowenhard/acceleration/env/lib/python3.8/site-packages/airflow/example_dags/example_trigger_controller_dag.py for tasks to queue
[2022-03-21 06:16:16,826] {logging_mixin.py:109} INFO - [2022-03-21 06:16:16,826] {dagbag.py:500} INFO - Filling up the DagBag from /home/lowenhard/acceleration/env/lib/python3.8/site-packages/airflow/example_dags/example_trigger_controller_dag.py
[2022-03-21 06:16:16,845] {processor.py:654} INFO - DAG(s) dict_keys(['example_trigger_controller_dag']) retrieved from /home/lowenhard/acceleration/env/lib/python3.8/site-packages/airflow/example_dags/example_trigger_controller_dag.py
[2022-03-21 06:16:16,854] {logging_mixin.py:109} INFO - [2022-03-21 06:16:16,854] {dag.py:2398} INFO - Sync 1 DAGs
[2022-03-21 06:16:16,866] {logging_mixin.py:109} INFO - [2022-03-21 06:16:16,866] {dag.py:2937} INFO - Setting next_dagrun for example_trigger_controller_dag to 2021-01-01T00:00:00+00:00
[2022-03-21 06:16:18,406] {processor.py:171} INFO - Processing /home/lowenhard/acceleration/env/lib/python3.8/site-packages/airflow/example_dags/example_trigger_controller_dag.py took 1.596 seconds
[2022-03-21 06:17:50,062] {processor.py:163} INFO - Started process (PID=1832) to work on /home/lowenhard/acceleration/env/lib/python3.8/site-packages/airflow/example_dags/example_trigger_controller_dag.py
[2022-03-21 06:17:50,132] {processor.py:642} INFO - Processing file /home/lowenhard/acceleration/env/lib/python3.8/site-packages/airflow/example_dags/example_trigger_controller_dag.py for tasks to queue
[2022-03-21 06:17:50,133] {logging_mixin.py:109} INFO - [2022-03-21 06:17:50,133] {dagbag.py:500} INFO - Filling up the DagBag from /home/lowenhard/acceleration/env/lib/python3.8/site-packages/airflow/example_dags/example_trigger_controller_dag.py
[2022-03-21 06:17:50,153] {processor.py:654} INFO - DAG(s) dict_keys(['example_trigger_controller_dag']) retrieved from /home/lowenhard/acceleration/env/lib/python3.8/site-packages/airflow/example_dags/example_trigger_controller_dag.py
[2022-03-21 06:17:50,162] {logging_mixin.py:109} INFO - [2022-03-21 06:17:50,162] {dag.py:2398} INFO - Sync 1 DAGs
[2022-03-21 06:17:50,174] {logging_mixin.py:109} INFO - [2022-03-21 06:17:50,174] {dag.py:2937} INFO - Setting next_dagrun for example_trigger_controller_dag to 2021-01-01T00:00:00+00:00
[2022-03-21 06:17:51,017] {processor.py:171} INFO - Processing /home/lowenhard/acceleration/env/lib/python3.8/site-packages/airflow/example_dags/example_trigger_controller_dag.py took 0.957 seconds
[2022-03-21 06:19:10,085] {processor.py:163} INFO - Started process (PID=1871) to work on /home/lowenhard/acceleration/env/lib/python3.8/site-packages/airflow/example_dags/example_trigger_controller_dag.py
[2022-03-21 06:19:10,267] {processor.py:642} INFO - Processing file /home/lowenhard/acceleration/env/lib/python3.8/site-packages/airflow/example_dags/example_trigger_controller_dag.py for tasks to queue
[2022-03-21 06:19:10,267] {logging_mixin.py:109} INFO - [2022-03-21 06:19:10,267] {dagbag.py:500} INFO - Filling up the DagBag from /home/lowenhard/acceleration/env/lib/python3.8/site-packages/airflow/example_dags/example_trigger_controller_dag.py
[2022-03-21 06:19:10,288] {processor.py:654} INFO - DAG(s) dict_keys(['example_trigger_controller_dag']) retrieved from /home/lowenhard/acceleration/env/lib/python3.8/site-packages/airflow/example_dags/example_trigger_controller_dag.py
[2022-03-21 06:19:10,301] {logging_mixin.py:109} INFO - [2022-03-21 06:19:10,301] {dag.py:2398} INFO - Sync 1 DAGs
[2022-03-21 06:19:10,319] {logging_mixin.py:109} INFO - [2022-03-21 06:19:10,319] {dag.py:2937} INFO - Setting next_dagrun for example_trigger_controller_dag to 2021-01-01T00:00:00+00:00
[2022-03-21 06:19:11,687] {processor.py:171} INFO - Processing /home/lowenhard/acceleration/env/lib/python3.8/site-packages/airflow/example_dags/example_trigger_controller_dag.py took 1.604 seconds
[2022-03-21 06:20:29,777] {processor.py:163} INFO - Started process (PID=1908) to work on /home/lowenhard/acceleration/env/lib/python3.8/site-packages/airflow/example_dags/example_trigger_controller_dag.py
[2022-03-21 06:20:29,990] {processor.py:642} INFO - Processing file /home/lowenhard/acceleration/env/lib/python3.8/site-packages/airflow/example_dags/example_trigger_controller_dag.py for tasks to queue
[2022-03-21 06:20:29,991] {logging_mixin.py:109} INFO - [2022-03-21 06:20:29,991] {dagbag.py:500} INFO - Filling up the DagBag from /home/lowenhard/acceleration/env/lib/python3.8/site-packages/airflow/example_dags/example_trigger_controller_dag.py
[2022-03-21 06:20:30,011] {processor.py:654} INFO - DAG(s) dict_keys(['example_trigger_controller_dag']) retrieved from /home/lowenhard/acceleration/env/lib/python3.8/site-packages/airflow/example_dags/example_trigger_controller_dag.py
[2022-03-21 06:20:30,019] {logging_mixin.py:109} INFO - [2022-03-21 06:20:30,019] {dag.py:2398} INFO - Sync 1 DAGs
[2022-03-21 06:20:30,032] {logging_mixin.py:109} INFO - [2022-03-21 06:20:30,031] {dag.py:2937} INFO - Setting next_dagrun for example_trigger_controller_dag to 2021-01-01T00:00:00+00:00
[2022-03-21 06:20:31,037] {processor.py:171} INFO - Processing /home/lowenhard/acceleration/env/lib/python3.8/site-packages/airflow/example_dags/example_trigger_controller_dag.py took 1.263 seconds
[2022-03-21 06:21:54,768] {processor.py:163} INFO - Started process (PID=1945) to work on /home/lowenhard/acceleration/env/lib/python3.8/site-packages/airflow/example_dags/example_trigger_controller_dag.py
[2022-03-21 06:21:54,843] {processor.py:642} INFO - Processing file /home/lowenhard/acceleration/env/lib/python3.8/site-packages/airflow/example_dags/example_trigger_controller_dag.py for tasks to queue
[2022-03-21 06:21:54,844] {logging_mixin.py:109} INFO - [2022-03-21 06:21:54,844] {dagbag.py:500} INFO - Filling up the DagBag from /home/lowenhard/acceleration/env/lib/python3.8/site-packages/airflow/example_dags/example_trigger_controller_dag.py
[2022-03-21 06:21:54,863] {processor.py:654} INFO - DAG(s) dict_keys(['example_trigger_controller_dag']) retrieved from /home/lowenhard/acceleration/env/lib/python3.8/site-packages/airflow/example_dags/example_trigger_controller_dag.py
[2022-03-21 06:21:54,874] {logging_mixin.py:109} INFO - [2022-03-21 06:21:54,874] {dag.py:2398} INFO - Sync 1 DAGs
[2022-03-21 06:21:54,888] {logging_mixin.py:109} INFO - [2022-03-21 06:21:54,888] {dag.py:2937} INFO - Setting next_dagrun for example_trigger_controller_dag to 2021-01-01T00:00:00+00:00
[2022-03-21 06:21:56,168] {processor.py:171} INFO - Processing /home/lowenhard/acceleration/env/lib/python3.8/site-packages/airflow/example_dags/example_trigger_controller_dag.py took 1.403 seconds
[2022-03-21 06:23:33,079] {processor.py:163} INFO - Started process (PID=1989) to work on /home/lowenhard/acceleration/env/lib/python3.8/site-packages/airflow/example_dags/example_trigger_controller_dag.py
[2022-03-21 06:23:33,165] {processor.py:642} INFO - Processing file /home/lowenhard/acceleration/env/lib/python3.8/site-packages/airflow/example_dags/example_trigger_controller_dag.py for tasks to queue
[2022-03-21 06:23:33,166] {logging_mixin.py:109} INFO - [2022-03-21 06:23:33,166] {dagbag.py:500} INFO - Filling up the DagBag from /home/lowenhard/acceleration/env/lib/python3.8/site-packages/airflow/example_dags/example_trigger_controller_dag.py
[2022-03-21 06:23:33,185] {processor.py:654} INFO - DAG(s) dict_keys(['example_trigger_controller_dag']) retrieved from /home/lowenhard/acceleration/env/lib/python3.8/site-packages/airflow/example_dags/example_trigger_controller_dag.py
[2022-03-21 06:23:33,194] {logging_mixin.py:109} INFO - [2022-03-21 06:23:33,194] {dag.py:2398} INFO - Sync 1 DAGs
[2022-03-21 06:23:33,206] {logging_mixin.py:109} INFO - [2022-03-21 06:23:33,206] {dag.py:2937} INFO - Setting next_dagrun for example_trigger_controller_dag to 2021-01-01T00:00:00+00:00
[2022-03-21 06:23:33,483] {processor.py:171} INFO - Processing /home/lowenhard/acceleration/env/lib/python3.8/site-packages/airflow/example_dags/example_trigger_controller_dag.py took 0.406 seconds
[2022-03-21 06:25:10,545] {processor.py:163} INFO - Started process (PID=2030) to work on /home/lowenhard/acceleration/env/lib/python3.8/site-packages/airflow/example_dags/example_trigger_controller_dag.py
[2022-03-21 06:25:10,554] {processor.py:642} INFO - Processing file /home/lowenhard/acceleration/env/lib/python3.8/site-packages/airflow/example_dags/example_trigger_controller_dag.py for tasks to queue
[2022-03-21 06:25:10,554] {logging_mixin.py:109} INFO - [2022-03-21 06:25:10,554] {dagbag.py:500} INFO - Filling up the DagBag from /home/lowenhard/acceleration/env/lib/python3.8/site-packages/airflow/example_dags/example_trigger_controller_dag.py
[2022-03-21 06:25:10,573] {processor.py:654} INFO - DAG(s) dict_keys(['example_trigger_controller_dag']) retrieved from /home/lowenhard/acceleration/env/lib/python3.8/site-packages/airflow/example_dags/example_trigger_controller_dag.py
[2022-03-21 06:25:10,581] {logging_mixin.py:109} INFO - [2022-03-21 06:25:10,581] {dag.py:2398} INFO - Sync 1 DAGs
[2022-03-21 06:25:10,592] {logging_mixin.py:109} INFO - [2022-03-21 06:25:10,592] {dag.py:2937} INFO - Setting next_dagrun for example_trigger_controller_dag to 2021-01-01T00:00:00+00:00
[2022-03-21 06:25:10,746] {processor.py:171} INFO - Processing /home/lowenhard/acceleration/env/lib/python3.8/site-packages/airflow/example_dags/example_trigger_controller_dag.py took 0.203 seconds
[2022-03-21 06:26:15,543] {processor.py:163} INFO - Started process (PID=2066) to work on /home/lowenhard/acceleration/env/lib/python3.8/site-packages/airflow/example_dags/example_trigger_controller_dag.py
[2022-03-21 06:26:15,551] {processor.py:642} INFO - Processing file /home/lowenhard/acceleration/env/lib/python3.8/site-packages/airflow/example_dags/example_trigger_controller_dag.py for tasks to queue
[2022-03-21 06:26:15,551] {logging_mixin.py:109} INFO - [2022-03-21 06:26:15,551] {dagbag.py:500} INFO - Filling up the DagBag from /home/lowenhard/acceleration/env/lib/python3.8/site-packages/airflow/example_dags/example_trigger_controller_dag.py
[2022-03-21 06:26:15,572] {processor.py:654} INFO - DAG(s) dict_keys(['example_trigger_controller_dag']) retrieved from /home/lowenhard/acceleration/env/lib/python3.8/site-packages/airflow/example_dags/example_trigger_controller_dag.py
[2022-03-21 06:26:15,581] {logging_mixin.py:109} INFO - [2022-03-21 06:26:15,581] {dag.py:2398} INFO - Sync 1 DAGs
[2022-03-21 06:26:15,593] {logging_mixin.py:109} INFO - [2022-03-21 06:26:15,593] {dag.py:2937} INFO - Setting next_dagrun for example_trigger_controller_dag to 2021-01-01T00:00:00+00:00
[2022-03-21 06:26:15,781] {processor.py:171} INFO - Processing /home/lowenhard/acceleration/env/lib/python3.8/site-packages/airflow/example_dags/example_trigger_controller_dag.py took 0.241 seconds
[2022-03-21 06:27:19,517] {processor.py:163} INFO - Started process (PID=2103) to work on /home/lowenhard/acceleration/env/lib/python3.8/site-packages/airflow/example_dags/example_trigger_controller_dag.py
[2022-03-21 06:27:19,520] {processor.py:642} INFO - Processing file /home/lowenhard/acceleration/env/lib/python3.8/site-packages/airflow/example_dags/example_trigger_controller_dag.py for tasks to queue
[2022-03-21 06:27:19,520] {logging_mixin.py:109} INFO - [2022-03-21 06:27:19,520] {dagbag.py:500} INFO - Filling up the DagBag from /home/lowenhard/acceleration/env/lib/python3.8/site-packages/airflow/example_dags/example_trigger_controller_dag.py
[2022-03-21 06:27:19,539] {processor.py:654} INFO - DAG(s) dict_keys(['example_trigger_controller_dag']) retrieved from /home/lowenhard/acceleration/env/lib/python3.8/site-packages/airflow/example_dags/example_trigger_controller_dag.py
[2022-03-21 06:27:19,548] {logging_mixin.py:109} INFO - [2022-03-21 06:27:19,548] {dag.py:2398} INFO - Sync 1 DAGs
[2022-03-21 06:27:19,560] {logging_mixin.py:109} INFO - [2022-03-21 06:27:19,560] {dag.py:2937} INFO - Setting next_dagrun for example_trigger_controller_dag to 2021-01-01T00:00:00+00:00
[2022-03-21 06:27:20,747] {processor.py:171} INFO - Processing /home/lowenhard/acceleration/env/lib/python3.8/site-packages/airflow/example_dags/example_trigger_controller_dag.py took 1.232 seconds
[2022-03-21 06:30:07,769] {processor.py:163} INFO - Started process (PID=2177) to work on /home/lowenhard/acceleration/env/lib/python3.8/site-packages/airflow/example_dags/example_trigger_controller_dag.py
[2022-03-21 06:30:07,784] {processor.py:642} INFO - Processing file /home/lowenhard/acceleration/env/lib/python3.8/site-packages/airflow/example_dags/example_trigger_controller_dag.py for tasks to queue
[2022-03-21 06:30:07,784] {logging_mixin.py:109} INFO - [2022-03-21 06:30:07,784] {dagbag.py:500} INFO - Filling up the DagBag from /home/lowenhard/acceleration/env/lib/python3.8/site-packages/airflow/example_dags/example_trigger_controller_dag.py
[2022-03-21 06:30:07,803] {processor.py:654} INFO - DAG(s) dict_keys(['example_trigger_controller_dag']) retrieved from /home/lowenhard/acceleration/env/lib/python3.8/site-packages/airflow/example_dags/example_trigger_controller_dag.py
[2022-03-21 06:30:07,812] {logging_mixin.py:109} INFO - [2022-03-21 06:30:07,812] {dag.py:2398} INFO - Sync 1 DAGs
[2022-03-21 06:30:07,824] {logging_mixin.py:109} INFO - [2022-03-21 06:30:07,824] {dag.py:2937} INFO - Setting next_dagrun for example_trigger_controller_dag to 2021-01-01T00:00:00+00:00
[2022-03-21 06:30:09,426] {processor.py:171} INFO - Processing /home/lowenhard/acceleration/env/lib/python3.8/site-packages/airflow/example_dags/example_trigger_controller_dag.py took 1.660 seconds
[2022-03-21 06:31:30,043] {processor.py:163} INFO - Started process (PID=2226) to work on /home/lowenhard/acceleration/env/lib/python3.8/site-packages/airflow/example_dags/example_trigger_controller_dag.py
[2022-03-21 06:31:30,069] {processor.py:642} INFO - Processing file /home/lowenhard/acceleration/env/lib/python3.8/site-packages/airflow/example_dags/example_trigger_controller_dag.py for tasks to queue
[2022-03-21 06:31:30,070] {logging_mixin.py:109} INFO - [2022-03-21 06:31:30,070] {dagbag.py:500} INFO - Filling up the DagBag from /home/lowenhard/acceleration/env/lib/python3.8/site-packages/airflow/example_dags/example_trigger_controller_dag.py
[2022-03-21 06:31:30,089] {processor.py:654} INFO - DAG(s) dict_keys(['example_trigger_controller_dag']) retrieved from /home/lowenhard/acceleration/env/lib/python3.8/site-packages/airflow/example_dags/example_trigger_controller_dag.py
[2022-03-21 06:31:30,098] {logging_mixin.py:109} INFO - [2022-03-21 06:31:30,098] {dag.py:2398} INFO - Sync 1 DAGs
[2022-03-21 06:31:30,110] {logging_mixin.py:109} INFO - [2022-03-21 06:31:30,110] {dag.py:2937} INFO - Setting next_dagrun for example_trigger_controller_dag to 2021-01-01T00:00:00+00:00
[2022-03-21 06:31:31,507] {processor.py:171} INFO - Processing /home/lowenhard/acceleration/env/lib/python3.8/site-packages/airflow/example_dags/example_trigger_controller_dag.py took 1.466 seconds
