[2022-03-21 05:19:21,429] {processor.py:163} INFO - Started process (PID=177) to work on /home/lowenhard/acceleration/env/lib/python3.8/site-packages/airflow/example_dags/example_branch_day_of_week_operator.py
[2022-03-21 05:19:21,430] {processor.py:642} INFO - Processing file /home/lowenhard/acceleration/env/lib/python3.8/site-packages/airflow/example_dags/example_branch_day_of_week_operator.py for tasks to queue
[2022-03-21 05:19:21,431] {logging_mixin.py:109} INFO - [2022-03-21 05:19:21,431] {dagbag.py:500} INFO - Filling up the DagBag from /home/lowenhard/acceleration/env/lib/python3.8/site-packages/airflow/example_dags/example_branch_day_of_week_operator.py
[2022-03-21 05:19:21,450] {processor.py:654} INFO - DAG(s) dict_keys(['example_weekday_branch_operator']) retrieved from /home/lowenhard/acceleration/env/lib/python3.8/site-packages/airflow/example_dags/example_branch_day_of_week_operator.py
[2022-03-21 05:19:21,458] {logging_mixin.py:109} INFO - [2022-03-21 05:19:21,458] {dag.py:2398} INFO - Sync 1 DAGs
[2022-03-21 05:19:21,473] {logging_mixin.py:109} INFO - [2022-03-21 05:19:21,473] {dag.py:2937} INFO - Setting next_dagrun for example_weekday_branch_operator to 2022-03-20 00:00:00+00:00
[2022-03-21 05:19:22,710] {processor.py:171} INFO - Processing /home/lowenhard/acceleration/env/lib/python3.8/site-packages/airflow/example_dags/example_branch_day_of_week_operator.py took 1.283 seconds
[2022-03-21 05:21:15,987] {processor.py:163} INFO - Started process (PID=289) to work on /home/lowenhard/acceleration/env/lib/python3.8/site-packages/airflow/example_dags/example_branch_day_of_week_operator.py
[2022-03-21 05:21:15,989] {processor.py:642} INFO - Processing file /home/lowenhard/acceleration/env/lib/python3.8/site-packages/airflow/example_dags/example_branch_day_of_week_operator.py for tasks to queue
[2022-03-21 05:21:15,989] {logging_mixin.py:109} INFO - [2022-03-21 05:21:15,989] {dagbag.py:500} INFO - Filling up the DagBag from /home/lowenhard/acceleration/env/lib/python3.8/site-packages/airflow/example_dags/example_branch_day_of_week_operator.py
[2022-03-21 05:21:16,010] {processor.py:654} INFO - DAG(s) dict_keys(['example_weekday_branch_operator']) retrieved from /home/lowenhard/acceleration/env/lib/python3.8/site-packages/airflow/example_dags/example_branch_day_of_week_operator.py
[2022-03-21 05:21:16,020] {logging_mixin.py:109} INFO - [2022-03-21 05:21:16,020] {dag.py:2398} INFO - Sync 1 DAGs
[2022-03-21 05:21:16,033] {logging_mixin.py:109} INFO - [2022-03-21 05:21:16,033] {dag.py:2937} INFO - Setting next_dagrun for example_weekday_branch_operator to 2022-03-20 00:00:00+00:00
[2022-03-21 05:21:17,666] {processor.py:171} INFO - Processing /home/lowenhard/acceleration/env/lib/python3.8/site-packages/airflow/example_dags/example_branch_day_of_week_operator.py took 1.681 seconds
[2022-03-21 05:22:45,916] {processor.py:163} INFO - Started process (PID=329) to work on /home/lowenhard/acceleration/env/lib/python3.8/site-packages/airflow/example_dags/example_branch_day_of_week_operator.py
[2022-03-21 05:22:45,968] {processor.py:642} INFO - Processing file /home/lowenhard/acceleration/env/lib/python3.8/site-packages/airflow/example_dags/example_branch_day_of_week_operator.py for tasks to queue
[2022-03-21 05:22:45,969] {logging_mixin.py:109} INFO - [2022-03-21 05:22:45,969] {dagbag.py:500} INFO - Filling up the DagBag from /home/lowenhard/acceleration/env/lib/python3.8/site-packages/airflow/example_dags/example_branch_day_of_week_operator.py
[2022-03-21 05:22:46,040] {processor.py:654} INFO - DAG(s) dict_keys(['example_weekday_branch_operator']) retrieved from /home/lowenhard/acceleration/env/lib/python3.8/site-packages/airflow/example_dags/example_branch_day_of_week_operator.py
[2022-03-21 05:22:46,089] {logging_mixin.py:109} INFO - [2022-03-21 05:22:46,088] {dag.py:2398} INFO - Sync 1 DAGs
[2022-03-21 05:22:46,153] {logging_mixin.py:109} INFO - [2022-03-21 05:22:46,153] {dag.py:2937} INFO - Setting next_dagrun for example_weekday_branch_operator to 2022-03-20 00:00:00+00:00
[2022-03-21 05:22:47,829] {processor.py:171} INFO - Processing /home/lowenhard/acceleration/env/lib/python3.8/site-packages/airflow/example_dags/example_branch_day_of_week_operator.py took 1.916 seconds
[2022-03-21 05:24:09,162] {processor.py:163} INFO - Started process (PID=368) to work on /home/lowenhard/acceleration/env/lib/python3.8/site-packages/airflow/example_dags/example_branch_day_of_week_operator.py
[2022-03-21 05:24:10,046] {processor.py:642} INFO - Processing file /home/lowenhard/acceleration/env/lib/python3.8/site-packages/airflow/example_dags/example_branch_day_of_week_operator.py for tasks to queue
[2022-03-21 05:24:10,047] {logging_mixin.py:109} INFO - [2022-03-21 05:24:10,047] {dagbag.py:500} INFO - Filling up the DagBag from /home/lowenhard/acceleration/env/lib/python3.8/site-packages/airflow/example_dags/example_branch_day_of_week_operator.py
[2022-03-21 05:24:10,069] {processor.py:654} INFO - DAG(s) dict_keys(['example_weekday_branch_operator']) retrieved from /home/lowenhard/acceleration/env/lib/python3.8/site-packages/airflow/example_dags/example_branch_day_of_week_operator.py
[2022-03-21 05:24:10,083] {logging_mixin.py:109} INFO - [2022-03-21 05:24:10,083] {dag.py:2398} INFO - Sync 1 DAGs
[2022-03-21 05:24:10,098] {logging_mixin.py:109} INFO - [2022-03-21 05:24:10,098] {dag.py:2937} INFO - Setting next_dagrun for example_weekday_branch_operator to 2022-03-20 00:00:00+00:00
[2022-03-21 05:24:10,304] {processor.py:171} INFO - Processing /home/lowenhard/acceleration/env/lib/python3.8/site-packages/airflow/example_dags/example_branch_day_of_week_operator.py took 1.145 seconds
[2022-03-21 05:25:11,797] {processor.py:163} INFO - Started process (PID=401) to work on /home/lowenhard/acceleration/env/lib/python3.8/site-packages/airflow/example_dags/example_branch_day_of_week_operator.py
[2022-03-21 05:25:11,808] {processor.py:642} INFO - Processing file /home/lowenhard/acceleration/env/lib/python3.8/site-packages/airflow/example_dags/example_branch_day_of_week_operator.py for tasks to queue
[2022-03-21 05:25:11,808] {logging_mixin.py:109} INFO - [2022-03-21 05:25:11,808] {dagbag.py:500} INFO - Filling up the DagBag from /home/lowenhard/acceleration/env/lib/python3.8/site-packages/airflow/example_dags/example_branch_day_of_week_operator.py
[2022-03-21 05:25:11,830] {processor.py:654} INFO - DAG(s) dict_keys(['example_weekday_branch_operator']) retrieved from /home/lowenhard/acceleration/env/lib/python3.8/site-packages/airflow/example_dags/example_branch_day_of_week_operator.py
[2022-03-21 05:25:11,839] {logging_mixin.py:109} INFO - [2022-03-21 05:25:11,838] {dag.py:2398} INFO - Sync 1 DAGs
[2022-03-21 05:25:11,854] {logging_mixin.py:109} INFO - [2022-03-21 05:25:11,854] {dag.py:2937} INFO - Setting next_dagrun for example_weekday_branch_operator to 2022-03-20 00:00:00+00:00
[2022-03-21 05:25:13,579] {processor.py:171} INFO - Processing /home/lowenhard/acceleration/env/lib/python3.8/site-packages/airflow/example_dags/example_branch_day_of_week_operator.py took 1.785 seconds
[2022-03-21 05:26:52,007] {processor.py:163} INFO - Started process (PID=441) to work on /home/lowenhard/acceleration/env/lib/python3.8/site-packages/airflow/example_dags/example_branch_day_of_week_operator.py
[2022-03-21 05:26:52,823] {processor.py:642} INFO - Processing file /home/lowenhard/acceleration/env/lib/python3.8/site-packages/airflow/example_dags/example_branch_day_of_week_operator.py for tasks to queue
[2022-03-21 05:26:52,824] {logging_mixin.py:109} INFO - [2022-03-21 05:26:52,824] {dagbag.py:500} INFO - Filling up the DagBag from /home/lowenhard/acceleration/env/lib/python3.8/site-packages/airflow/example_dags/example_branch_day_of_week_operator.py
[2022-03-21 05:26:52,845] {processor.py:654} INFO - DAG(s) dict_keys(['example_weekday_branch_operator']) retrieved from /home/lowenhard/acceleration/env/lib/python3.8/site-packages/airflow/example_dags/example_branch_day_of_week_operator.py
[2022-03-21 05:26:52,854] {logging_mixin.py:109} INFO - [2022-03-21 05:26:52,854] {dag.py:2398} INFO - Sync 1 DAGs
[2022-03-21 05:26:52,870] {logging_mixin.py:109} INFO - [2022-03-21 05:26:52,869] {dag.py:2937} INFO - Setting next_dagrun for example_weekday_branch_operator to 2022-03-20 00:00:00+00:00
[2022-03-21 05:26:53,099] {processor.py:171} INFO - Processing /home/lowenhard/acceleration/env/lib/python3.8/site-packages/airflow/example_dags/example_branch_day_of_week_operator.py took 1.094 seconds
[2022-03-21 05:28:16,247] {processor.py:163} INFO - Started process (PID=478) to work on /home/lowenhard/acceleration/env/lib/python3.8/site-packages/airflow/example_dags/example_branch_day_of_week_operator.py
[2022-03-21 05:28:16,253] {processor.py:642} INFO - Processing file /home/lowenhard/acceleration/env/lib/python3.8/site-packages/airflow/example_dags/example_branch_day_of_week_operator.py for tasks to queue
[2022-03-21 05:28:16,254] {logging_mixin.py:109} INFO - [2022-03-21 05:28:16,254] {dagbag.py:500} INFO - Filling up the DagBag from /home/lowenhard/acceleration/env/lib/python3.8/site-packages/airflow/example_dags/example_branch_day_of_week_operator.py
[2022-03-21 05:28:16,274] {processor.py:654} INFO - DAG(s) dict_keys(['example_weekday_branch_operator']) retrieved from /home/lowenhard/acceleration/env/lib/python3.8/site-packages/airflow/example_dags/example_branch_day_of_week_operator.py
[2022-03-21 05:28:16,284] {logging_mixin.py:109} INFO - [2022-03-21 05:28:16,284] {dag.py:2398} INFO - Sync 1 DAGs
[2022-03-21 05:28:16,299] {logging_mixin.py:109} INFO - [2022-03-21 05:28:16,299] {dag.py:2937} INFO - Setting next_dagrun for example_weekday_branch_operator to 2022-03-20 00:00:00+00:00
[2022-03-21 05:28:17,250] {processor.py:171} INFO - Processing /home/lowenhard/acceleration/env/lib/python3.8/site-packages/airflow/example_dags/example_branch_day_of_week_operator.py took 1.006 seconds
[2022-03-21 05:29:37,038] {processor.py:163} INFO - Started process (PID=514) to work on /home/lowenhard/acceleration/env/lib/python3.8/site-packages/airflow/example_dags/example_branch_day_of_week_operator.py
[2022-03-21 05:29:37,135] {processor.py:642} INFO - Processing file /home/lowenhard/acceleration/env/lib/python3.8/site-packages/airflow/example_dags/example_branch_day_of_week_operator.py for tasks to queue
[2022-03-21 05:29:37,135] {logging_mixin.py:109} INFO - [2022-03-21 05:29:37,135] {dagbag.py:500} INFO - Filling up the DagBag from /home/lowenhard/acceleration/env/lib/python3.8/site-packages/airflow/example_dags/example_branch_day_of_week_operator.py
[2022-03-21 05:29:37,157] {processor.py:654} INFO - DAG(s) dict_keys(['example_weekday_branch_operator']) retrieved from /home/lowenhard/acceleration/env/lib/python3.8/site-packages/airflow/example_dags/example_branch_day_of_week_operator.py
[2022-03-21 05:29:37,167] {logging_mixin.py:109} INFO - [2022-03-21 05:29:37,167] {dag.py:2398} INFO - Sync 1 DAGs
[2022-03-21 05:29:37,185] {logging_mixin.py:109} INFO - [2022-03-21 05:29:37,185] {dag.py:2937} INFO - Setting next_dagrun for example_weekday_branch_operator to 2022-03-20 00:00:00+00:00
[2022-03-21 05:29:37,438] {processor.py:171} INFO - Processing /home/lowenhard/acceleration/env/lib/python3.8/site-packages/airflow/example_dags/example_branch_day_of_week_operator.py took 0.402 seconds
[2022-03-21 05:31:00,058] {processor.py:163} INFO - Started process (PID=561) to work on /home/lowenhard/acceleration/env/lib/python3.8/site-packages/airflow/example_dags/example_branch_day_of_week_operator.py
[2022-03-21 05:31:00,125] {processor.py:642} INFO - Processing file /home/lowenhard/acceleration/env/lib/python3.8/site-packages/airflow/example_dags/example_branch_day_of_week_operator.py for tasks to queue
[2022-03-21 05:31:00,126] {logging_mixin.py:109} INFO - [2022-03-21 05:31:00,125] {dagbag.py:500} INFO - Filling up the DagBag from /home/lowenhard/acceleration/env/lib/python3.8/site-packages/airflow/example_dags/example_branch_day_of_week_operator.py
[2022-03-21 05:31:00,154] {processor.py:654} INFO - DAG(s) dict_keys(['example_weekday_branch_operator']) retrieved from /home/lowenhard/acceleration/env/lib/python3.8/site-packages/airflow/example_dags/example_branch_day_of_week_operator.py
[2022-03-21 05:31:00,163] {logging_mixin.py:109} INFO - [2022-03-21 05:31:00,163] {dag.py:2398} INFO - Sync 1 DAGs
[2022-03-21 05:31:00,178] {logging_mixin.py:109} INFO - [2022-03-21 05:31:00,178] {dag.py:2937} INFO - Setting next_dagrun for example_weekday_branch_operator to 2022-03-20 00:00:00+00:00
[2022-03-21 05:31:01,445] {processor.py:171} INFO - Processing /home/lowenhard/acceleration/env/lib/python3.8/site-packages/airflow/example_dags/example_branch_day_of_week_operator.py took 1.390 seconds
[2022-03-21 05:32:27,290] {processor.py:163} INFO - Started process (PID=608) to work on /home/lowenhard/acceleration/env/lib/python3.8/site-packages/airflow/example_dags/example_branch_day_of_week_operator.py
[2022-03-21 05:32:27,322] {processor.py:642} INFO - Processing file /home/lowenhard/acceleration/env/lib/python3.8/site-packages/airflow/example_dags/example_branch_day_of_week_operator.py for tasks to queue
[2022-03-21 05:32:27,323] {logging_mixin.py:109} INFO - [2022-03-21 05:32:27,323] {dagbag.py:500} INFO - Filling up the DagBag from /home/lowenhard/acceleration/env/lib/python3.8/site-packages/airflow/example_dags/example_branch_day_of_week_operator.py
[2022-03-21 05:32:27,343] {processor.py:654} INFO - DAG(s) dict_keys(['example_weekday_branch_operator']) retrieved from /home/lowenhard/acceleration/env/lib/python3.8/site-packages/airflow/example_dags/example_branch_day_of_week_operator.py
[2022-03-21 05:32:27,350] {logging_mixin.py:109} INFO - [2022-03-21 05:32:27,350] {dag.py:2398} INFO - Sync 1 DAGs
[2022-03-21 05:32:27,363] {logging_mixin.py:109} INFO - [2022-03-21 05:32:27,363] {dag.py:2937} INFO - Setting next_dagrun for example_weekday_branch_operator to 2022-03-20 00:00:00+00:00
[2022-03-21 05:32:28,910] {processor.py:171} INFO - Processing /home/lowenhard/acceleration/env/lib/python3.8/site-packages/airflow/example_dags/example_branch_day_of_week_operator.py took 1.622 seconds
[2022-03-21 05:33:51,729] {processor.py:163} INFO - Started process (PID=649) to work on /home/lowenhard/acceleration/env/lib/python3.8/site-packages/airflow/example_dags/example_branch_day_of_week_operator.py
[2022-03-21 05:33:51,735] {processor.py:642} INFO - Processing file /home/lowenhard/acceleration/env/lib/python3.8/site-packages/airflow/example_dags/example_branch_day_of_week_operator.py for tasks to queue
[2022-03-21 05:33:51,736] {logging_mixin.py:109} INFO - [2022-03-21 05:33:51,736] {dagbag.py:500} INFO - Filling up the DagBag from /home/lowenhard/acceleration/env/lib/python3.8/site-packages/airflow/example_dags/example_branch_day_of_week_operator.py
[2022-03-21 05:33:51,760] {processor.py:654} INFO - DAG(s) dict_keys(['example_weekday_branch_operator']) retrieved from /home/lowenhard/acceleration/env/lib/python3.8/site-packages/airflow/example_dags/example_branch_day_of_week_operator.py
[2022-03-21 05:33:51,769] {logging_mixin.py:109} INFO - [2022-03-21 05:33:51,769] {dag.py:2398} INFO - Sync 1 DAGs
[2022-03-21 05:33:51,785] {logging_mixin.py:109} INFO - [2022-03-21 05:33:51,785] {dag.py:2937} INFO - Setting next_dagrun for example_weekday_branch_operator to 2022-03-20 00:00:00+00:00
[2022-03-21 05:33:54,862] {processor.py:171} INFO - Processing /home/lowenhard/acceleration/env/lib/python3.8/site-packages/airflow/example_dags/example_branch_day_of_week_operator.py took 3.135 seconds
[2022-03-21 05:35:27,549] {processor.py:163} INFO - Started process (PID=706) to work on /home/lowenhard/acceleration/env/lib/python3.8/site-packages/airflow/example_dags/example_branch_day_of_week_operator.py
[2022-03-21 05:35:27,562] {processor.py:642} INFO - Processing file /home/lowenhard/acceleration/env/lib/python3.8/site-packages/airflow/example_dags/example_branch_day_of_week_operator.py for tasks to queue
[2022-03-21 05:35:27,563] {logging_mixin.py:109} INFO - [2022-03-21 05:35:27,563] {dagbag.py:500} INFO - Filling up the DagBag from /home/lowenhard/acceleration/env/lib/python3.8/site-packages/airflow/example_dags/example_branch_day_of_week_operator.py
[2022-03-21 05:35:27,584] {processor.py:654} INFO - DAG(s) dict_keys(['example_weekday_branch_operator']) retrieved from /home/lowenhard/acceleration/env/lib/python3.8/site-packages/airflow/example_dags/example_branch_day_of_week_operator.py
[2022-03-21 05:35:27,593] {logging_mixin.py:109} INFO - [2022-03-21 05:35:27,592] {dag.py:2398} INFO - Sync 1 DAGs
[2022-03-21 05:35:27,604] {logging_mixin.py:109} INFO - [2022-03-21 05:35:27,604] {dag.py:2937} INFO - Setting next_dagrun for example_weekday_branch_operator to 2022-03-20 00:00:00+00:00
[2022-03-21 05:35:27,790] {processor.py:171} INFO - Processing /home/lowenhard/acceleration/env/lib/python3.8/site-packages/airflow/example_dags/example_branch_day_of_week_operator.py took 0.243 seconds
[2022-03-21 05:36:59,276] {processor.py:163} INFO - Started process (PID=758) to work on /home/lowenhard/acceleration/env/lib/python3.8/site-packages/airflow/example_dags/example_branch_day_of_week_operator.py
[2022-03-21 05:36:59,344] {processor.py:642} INFO - Processing file /home/lowenhard/acceleration/env/lib/python3.8/site-packages/airflow/example_dags/example_branch_day_of_week_operator.py for tasks to queue
[2022-03-21 05:36:59,344] {logging_mixin.py:109} INFO - [2022-03-21 05:36:59,344] {dagbag.py:500} INFO - Filling up the DagBag from /home/lowenhard/acceleration/env/lib/python3.8/site-packages/airflow/example_dags/example_branch_day_of_week_operator.py
[2022-03-21 05:36:59,368] {processor.py:654} INFO - DAG(s) dict_keys(['example_weekday_branch_operator']) retrieved from /home/lowenhard/acceleration/env/lib/python3.8/site-packages/airflow/example_dags/example_branch_day_of_week_operator.py
[2022-03-21 05:36:59,381] {logging_mixin.py:109} INFO - [2022-03-21 05:36:59,381] {dag.py:2398} INFO - Sync 1 DAGs
[2022-03-21 05:36:59,396] {logging_mixin.py:109} INFO - [2022-03-21 05:36:59,396] {dag.py:2937} INFO - Setting next_dagrun for example_weekday_branch_operator to 2022-03-20 00:00:00+00:00
[2022-03-21 05:36:59,923] {processor.py:171} INFO - Processing /home/lowenhard/acceleration/env/lib/python3.8/site-packages/airflow/example_dags/example_branch_day_of_week_operator.py took 0.649 seconds
[2022-03-21 05:38:32,329] {processor.py:163} INFO - Started process (PID=797) to work on /home/lowenhard/acceleration/env/lib/python3.8/site-packages/airflow/example_dags/example_branch_day_of_week_operator.py
[2022-03-21 05:38:33,775] {processor.py:642} INFO - Processing file /home/lowenhard/acceleration/env/lib/python3.8/site-packages/airflow/example_dags/example_branch_day_of_week_operator.py for tasks to queue
[2022-03-21 05:38:33,843] {logging_mixin.py:109} INFO - [2022-03-21 05:38:33,843] {dagbag.py:500} INFO - Filling up the DagBag from /home/lowenhard/acceleration/env/lib/python3.8/site-packages/airflow/example_dags/example_branch_day_of_week_operator.py
[2022-03-21 05:38:34,092] {processor.py:654} INFO - DAG(s) dict_keys(['example_weekday_branch_operator']) retrieved from /home/lowenhard/acceleration/env/lib/python3.8/site-packages/airflow/example_dags/example_branch_day_of_week_operator.py
[2022-03-21 05:38:34,101] {logging_mixin.py:109} INFO - [2022-03-21 05:38:34,101] {dag.py:2398} INFO - Sync 1 DAGs
[2022-03-21 05:38:34,114] {logging_mixin.py:109} INFO - [2022-03-21 05:38:34,114] {dag.py:2937} INFO - Setting next_dagrun for example_weekday_branch_operator to 2022-03-20 00:00:00+00:00
[2022-03-21 05:38:34,275] {processor.py:171} INFO - Processing /home/lowenhard/acceleration/env/lib/python3.8/site-packages/airflow/example_dags/example_branch_day_of_week_operator.py took 1.948 seconds
[2022-03-21 05:40:20,840] {processor.py:163} INFO - Started process (PID=844) to work on /home/lowenhard/acceleration/env/lib/python3.8/site-packages/airflow/example_dags/example_branch_day_of_week_operator.py
[2022-03-21 05:40:20,899] {processor.py:642} INFO - Processing file /home/lowenhard/acceleration/env/lib/python3.8/site-packages/airflow/example_dags/example_branch_day_of_week_operator.py for tasks to queue
[2022-03-21 05:40:20,900] {logging_mixin.py:109} INFO - [2022-03-21 05:40:20,899] {dagbag.py:500} INFO - Filling up the DagBag from /home/lowenhard/acceleration/env/lib/python3.8/site-packages/airflow/example_dags/example_branch_day_of_week_operator.py
[2022-03-21 05:40:20,925] {processor.py:654} INFO - DAG(s) dict_keys(['example_weekday_branch_operator']) retrieved from /home/lowenhard/acceleration/env/lib/python3.8/site-packages/airflow/example_dags/example_branch_day_of_week_operator.py
[2022-03-21 05:40:20,934] {logging_mixin.py:109} INFO - [2022-03-21 05:40:20,934] {dag.py:2398} INFO - Sync 1 DAGs
[2022-03-21 05:40:20,946] {logging_mixin.py:109} INFO - [2022-03-21 05:40:20,946] {dag.py:2937} INFO - Setting next_dagrun for example_weekday_branch_operator to 2022-03-20 00:00:00+00:00
[2022-03-21 05:40:21,760] {processor.py:171} INFO - Processing /home/lowenhard/acceleration/env/lib/python3.8/site-packages/airflow/example_dags/example_branch_day_of_week_operator.py took 0.922 seconds
[2022-03-21 05:41:49,109] {processor.py:163} INFO - Started process (PID=884) to work on /home/lowenhard/acceleration/env/lib/python3.8/site-packages/airflow/example_dags/example_branch_day_of_week_operator.py
[2022-03-21 05:41:49,229] {processor.py:642} INFO - Processing file /home/lowenhard/acceleration/env/lib/python3.8/site-packages/airflow/example_dags/example_branch_day_of_week_operator.py for tasks to queue
[2022-03-21 05:41:49,230] {logging_mixin.py:109} INFO - [2022-03-21 05:41:49,230] {dagbag.py:500} INFO - Filling up the DagBag from /home/lowenhard/acceleration/env/lib/python3.8/site-packages/airflow/example_dags/example_branch_day_of_week_operator.py
[2022-03-21 05:41:49,253] {processor.py:654} INFO - DAG(s) dict_keys(['example_weekday_branch_operator']) retrieved from /home/lowenhard/acceleration/env/lib/python3.8/site-packages/airflow/example_dags/example_branch_day_of_week_operator.py
[2022-03-21 05:41:49,262] {logging_mixin.py:109} INFO - [2022-03-21 05:41:49,262] {dag.py:2398} INFO - Sync 1 DAGs
[2022-03-21 05:41:49,277] {logging_mixin.py:109} INFO - [2022-03-21 05:41:49,277] {dag.py:2937} INFO - Setting next_dagrun for example_weekday_branch_operator to 2022-03-20 00:00:00+00:00
[2022-03-21 05:41:50,835] {processor.py:171} INFO - Processing /home/lowenhard/acceleration/env/lib/python3.8/site-packages/airflow/example_dags/example_branch_day_of_week_operator.py took 1.729 seconds
[2022-03-21 05:43:31,550] {processor.py:163} INFO - Started process (PID=936) to work on /home/lowenhard/acceleration/env/lib/python3.8/site-packages/airflow/example_dags/example_branch_day_of_week_operator.py
[2022-03-21 05:43:31,668] {processor.py:642} INFO - Processing file /home/lowenhard/acceleration/env/lib/python3.8/site-packages/airflow/example_dags/example_branch_day_of_week_operator.py for tasks to queue
[2022-03-21 05:43:31,669] {logging_mixin.py:109} INFO - [2022-03-21 05:43:31,668] {dagbag.py:500} INFO - Filling up the DagBag from /home/lowenhard/acceleration/env/lib/python3.8/site-packages/airflow/example_dags/example_branch_day_of_week_operator.py
[2022-03-21 05:43:31,694] {processor.py:654} INFO - DAG(s) dict_keys(['example_weekday_branch_operator']) retrieved from /home/lowenhard/acceleration/env/lib/python3.8/site-packages/airflow/example_dags/example_branch_day_of_week_operator.py
[2022-03-21 05:43:31,709] {logging_mixin.py:109} INFO - [2022-03-21 05:43:31,709] {dag.py:2398} INFO - Sync 1 DAGs
[2022-03-21 05:43:31,738] {logging_mixin.py:109} INFO - [2022-03-21 05:43:31,737] {dag.py:2937} INFO - Setting next_dagrun for example_weekday_branch_operator to 2022-03-20 00:00:00+00:00
[2022-03-21 05:43:32,055] {processor.py:171} INFO - Processing /home/lowenhard/acceleration/env/lib/python3.8/site-packages/airflow/example_dags/example_branch_day_of_week_operator.py took 0.507 seconds
[2022-03-21 05:44:55,911] {processor.py:163} INFO - Started process (PID=975) to work on /home/lowenhard/acceleration/env/lib/python3.8/site-packages/airflow/example_dags/example_branch_day_of_week_operator.py
[2022-03-21 05:44:56,027] {processor.py:642} INFO - Processing file /home/lowenhard/acceleration/env/lib/python3.8/site-packages/airflow/example_dags/example_branch_day_of_week_operator.py for tasks to queue
[2022-03-21 05:44:56,728] {logging_mixin.py:109} INFO - [2022-03-21 05:44:56,728] {dagbag.py:500} INFO - Filling up the DagBag from /home/lowenhard/acceleration/env/lib/python3.8/site-packages/airflow/example_dags/example_branch_day_of_week_operator.py
[2022-03-21 05:44:57,485] {processor.py:654} INFO - DAG(s) dict_keys(['example_weekday_branch_operator']) retrieved from /home/lowenhard/acceleration/env/lib/python3.8/site-packages/airflow/example_dags/example_branch_day_of_week_operator.py
[2022-03-21 05:44:57,495] {logging_mixin.py:109} INFO - [2022-03-21 05:44:57,495] {dag.py:2398} INFO - Sync 1 DAGs
[2022-03-21 05:44:57,514] {logging_mixin.py:109} INFO - [2022-03-21 05:44:57,514] {dag.py:2937} INFO - Setting next_dagrun for example_weekday_branch_operator to 2022-03-20 00:00:00+00:00
[2022-03-21 05:44:57,806] {processor.py:171} INFO - Processing /home/lowenhard/acceleration/env/lib/python3.8/site-packages/airflow/example_dags/example_branch_day_of_week_operator.py took 1.896 seconds
[2022-03-21 05:46:24,956] {processor.py:163} INFO - Started process (PID=1015) to work on /home/lowenhard/acceleration/env/lib/python3.8/site-packages/airflow/example_dags/example_branch_day_of_week_operator.py
[2022-03-21 05:46:24,972] {processor.py:642} INFO - Processing file /home/lowenhard/acceleration/env/lib/python3.8/site-packages/airflow/example_dags/example_branch_day_of_week_operator.py for tasks to queue
[2022-03-21 05:46:24,972] {logging_mixin.py:109} INFO - [2022-03-21 05:46:24,972] {dagbag.py:500} INFO - Filling up the DagBag from /home/lowenhard/acceleration/env/lib/python3.8/site-packages/airflow/example_dags/example_branch_day_of_week_operator.py
[2022-03-21 05:46:24,996] {processor.py:654} INFO - DAG(s) dict_keys(['example_weekday_branch_operator']) retrieved from /home/lowenhard/acceleration/env/lib/python3.8/site-packages/airflow/example_dags/example_branch_day_of_week_operator.py
[2022-03-21 05:46:25,005] {logging_mixin.py:109} INFO - [2022-03-21 05:46:25,005] {dag.py:2398} INFO - Sync 1 DAGs
[2022-03-21 05:46:25,021] {logging_mixin.py:109} INFO - [2022-03-21 05:46:25,021] {dag.py:2937} INFO - Setting next_dagrun for example_weekday_branch_operator to 2022-03-20 00:00:00+00:00
[2022-03-21 05:46:26,480] {processor.py:171} INFO - Processing /home/lowenhard/acceleration/env/lib/python3.8/site-packages/airflow/example_dags/example_branch_day_of_week_operator.py took 1.526 seconds
[2022-03-21 05:48:07,919] {processor.py:163} INFO - Started process (PID=1056) to work on /home/lowenhard/acceleration/env/lib/python3.8/site-packages/airflow/example_dags/example_branch_day_of_week_operator.py
[2022-03-21 05:48:07,946] {processor.py:642} INFO - Processing file /home/lowenhard/acceleration/env/lib/python3.8/site-packages/airflow/example_dags/example_branch_day_of_week_operator.py for tasks to queue
[2022-03-21 05:48:07,947] {logging_mixin.py:109} INFO - [2022-03-21 05:48:07,947] {dagbag.py:500} INFO - Filling up the DagBag from /home/lowenhard/acceleration/env/lib/python3.8/site-packages/airflow/example_dags/example_branch_day_of_week_operator.py
[2022-03-21 05:48:07,973] {processor.py:654} INFO - DAG(s) dict_keys(['example_weekday_branch_operator']) retrieved from /home/lowenhard/acceleration/env/lib/python3.8/site-packages/airflow/example_dags/example_branch_day_of_week_operator.py
[2022-03-21 05:48:07,987] {logging_mixin.py:109} INFO - [2022-03-21 05:48:07,985] {dag.py:2398} INFO - Sync 1 DAGs
[2022-03-21 05:48:08,004] {logging_mixin.py:109} INFO - [2022-03-21 05:48:08,004] {dag.py:2937} INFO - Setting next_dagrun for example_weekday_branch_operator to 2022-03-20 00:00:00+00:00
[2022-03-21 05:48:08,589] {processor.py:171} INFO - Processing /home/lowenhard/acceleration/env/lib/python3.8/site-packages/airflow/example_dags/example_branch_day_of_week_operator.py took 0.672 seconds
[2022-03-21 05:49:29,724] {processor.py:163} INFO - Started process (PID=1094) to work on /home/lowenhard/acceleration/env/lib/python3.8/site-packages/airflow/example_dags/example_branch_day_of_week_operator.py
[2022-03-21 05:49:29,740] {processor.py:642} INFO - Processing file /home/lowenhard/acceleration/env/lib/python3.8/site-packages/airflow/example_dags/example_branch_day_of_week_operator.py for tasks to queue
[2022-03-21 05:49:29,741] {logging_mixin.py:109} INFO - [2022-03-21 05:49:29,741] {dagbag.py:500} INFO - Filling up the DagBag from /home/lowenhard/acceleration/env/lib/python3.8/site-packages/airflow/example_dags/example_branch_day_of_week_operator.py
[2022-03-21 05:49:29,761] {processor.py:654} INFO - DAG(s) dict_keys(['example_weekday_branch_operator']) retrieved from /home/lowenhard/acceleration/env/lib/python3.8/site-packages/airflow/example_dags/example_branch_day_of_week_operator.py
[2022-03-21 05:49:29,770] {logging_mixin.py:109} INFO - [2022-03-21 05:49:29,770] {dag.py:2398} INFO - Sync 1 DAGs
[2022-03-21 05:49:29,784] {logging_mixin.py:109} INFO - [2022-03-21 05:49:29,784] {dag.py:2937} INFO - Setting next_dagrun for example_weekday_branch_operator to 2022-03-20 00:00:00+00:00
[2022-03-21 05:49:31,012] {processor.py:171} INFO - Processing /home/lowenhard/acceleration/env/lib/python3.8/site-packages/airflow/example_dags/example_branch_day_of_week_operator.py took 1.290 seconds
[2022-03-21 05:51:16,407] {processor.py:163} INFO - Started process (PID=1140) to work on /home/lowenhard/acceleration/env/lib/python3.8/site-packages/airflow/example_dags/example_branch_day_of_week_operator.py
[2022-03-21 05:51:17,065] {processor.py:642} INFO - Processing file /home/lowenhard/acceleration/env/lib/python3.8/site-packages/airflow/example_dags/example_branch_day_of_week_operator.py for tasks to queue
[2022-03-21 05:51:17,066] {logging_mixin.py:109} INFO - [2022-03-21 05:51:17,066] {dagbag.py:500} INFO - Filling up the DagBag from /home/lowenhard/acceleration/env/lib/python3.8/site-packages/airflow/example_dags/example_branch_day_of_week_operator.py
[2022-03-21 05:51:17,718] {processor.py:654} INFO - DAG(s) dict_keys(['example_weekday_branch_operator']) retrieved from /home/lowenhard/acceleration/env/lib/python3.8/site-packages/airflow/example_dags/example_branch_day_of_week_operator.py
[2022-03-21 05:51:17,730] {logging_mixin.py:109} INFO - [2022-03-21 05:51:17,730] {dag.py:2398} INFO - Sync 1 DAGs
[2022-03-21 05:51:17,774] {logging_mixin.py:109} INFO - [2022-03-21 05:51:17,774] {dag.py:2937} INFO - Setting next_dagrun for example_weekday_branch_operator to 2022-03-20 00:00:00+00:00
[2022-03-21 05:51:17,969] {processor.py:171} INFO - Processing /home/lowenhard/acceleration/env/lib/python3.8/site-packages/airflow/example_dags/example_branch_day_of_week_operator.py took 1.564 seconds
[2022-03-21 05:52:59,574] {processor.py:163} INFO - Started process (PID=1182) to work on /home/lowenhard/acceleration/env/lib/python3.8/site-packages/airflow/example_dags/example_branch_day_of_week_operator.py
[2022-03-21 05:52:59,588] {processor.py:642} INFO - Processing file /home/lowenhard/acceleration/env/lib/python3.8/site-packages/airflow/example_dags/example_branch_day_of_week_operator.py for tasks to queue
[2022-03-21 05:52:59,589] {logging_mixin.py:109} INFO - [2022-03-21 05:52:59,589] {dagbag.py:500} INFO - Filling up the DagBag from /home/lowenhard/acceleration/env/lib/python3.8/site-packages/airflow/example_dags/example_branch_day_of_week_operator.py
[2022-03-21 05:52:59,629] {processor.py:654} INFO - DAG(s) dict_keys(['example_weekday_branch_operator']) retrieved from /home/lowenhard/acceleration/env/lib/python3.8/site-packages/airflow/example_dags/example_branch_day_of_week_operator.py
[2022-03-21 05:52:59,642] {logging_mixin.py:109} INFO - [2022-03-21 05:52:59,642] {dag.py:2398} INFO - Sync 1 DAGs
[2022-03-21 05:52:59,664] {logging_mixin.py:109} INFO - [2022-03-21 05:52:59,664] {dag.py:2937} INFO - Setting next_dagrun for example_weekday_branch_operator to 2022-03-20 00:00:00+00:00
[2022-03-21 05:52:59,956] {processor.py:171} INFO - Processing /home/lowenhard/acceleration/env/lib/python3.8/site-packages/airflow/example_dags/example_branch_day_of_week_operator.py took 0.386 seconds
[2022-03-21 05:54:29,855] {processor.py:163} INFO - Started process (PID=1220) to work on /home/lowenhard/acceleration/env/lib/python3.8/site-packages/airflow/example_dags/example_branch_day_of_week_operator.py
[2022-03-21 05:54:29,867] {processor.py:642} INFO - Processing file /home/lowenhard/acceleration/env/lib/python3.8/site-packages/airflow/example_dags/example_branch_day_of_week_operator.py for tasks to queue
[2022-03-21 05:54:29,867] {logging_mixin.py:109} INFO - [2022-03-21 05:54:29,867] {dagbag.py:500} INFO - Filling up the DagBag from /home/lowenhard/acceleration/env/lib/python3.8/site-packages/airflow/example_dags/example_branch_day_of_week_operator.py
[2022-03-21 05:54:29,891] {processor.py:654} INFO - DAG(s) dict_keys(['example_weekday_branch_operator']) retrieved from /home/lowenhard/acceleration/env/lib/python3.8/site-packages/airflow/example_dags/example_branch_day_of_week_operator.py
[2022-03-21 05:54:29,901] {logging_mixin.py:109} INFO - [2022-03-21 05:54:29,901] {dag.py:2398} INFO - Sync 1 DAGs
[2022-03-21 05:54:29,920] {logging_mixin.py:109} INFO - [2022-03-21 05:54:29,920] {dag.py:2937} INFO - Setting next_dagrun for example_weekday_branch_operator to 2022-03-20 00:00:00+00:00
[2022-03-21 05:54:30,082] {processor.py:171} INFO - Processing /home/lowenhard/acceleration/env/lib/python3.8/site-packages/airflow/example_dags/example_branch_day_of_week_operator.py took 0.230 seconds
[2022-03-21 05:56:01,958] {processor.py:163} INFO - Started process (PID=1260) to work on /home/lowenhard/acceleration/env/lib/python3.8/site-packages/airflow/example_dags/example_branch_day_of_week_operator.py
[2022-03-21 05:56:02,535] {processor.py:642} INFO - Processing file /home/lowenhard/acceleration/env/lib/python3.8/site-packages/airflow/example_dags/example_branch_day_of_week_operator.py for tasks to queue
[2022-03-21 05:56:02,535] {logging_mixin.py:109} INFO - [2022-03-21 05:56:02,535] {dagbag.py:500} INFO - Filling up the DagBag from /home/lowenhard/acceleration/env/lib/python3.8/site-packages/airflow/example_dags/example_branch_day_of_week_operator.py
[2022-03-21 05:56:02,558] {processor.py:654} INFO - DAG(s) dict_keys(['example_weekday_branch_operator']) retrieved from /home/lowenhard/acceleration/env/lib/python3.8/site-packages/airflow/example_dags/example_branch_day_of_week_operator.py
[2022-03-21 05:56:02,568] {logging_mixin.py:109} INFO - [2022-03-21 05:56:02,568] {dag.py:2398} INFO - Sync 1 DAGs
[2022-03-21 05:56:02,583] {logging_mixin.py:109} INFO - [2022-03-21 05:56:02,583] {dag.py:2937} INFO - Setting next_dagrun for example_weekday_branch_operator to 2022-03-20 00:00:00+00:00
[2022-03-21 05:56:02,871] {processor.py:171} INFO - Processing /home/lowenhard/acceleration/env/lib/python3.8/site-packages/airflow/example_dags/example_branch_day_of_week_operator.py took 0.915 seconds
[2022-03-21 05:57:46,037] {processor.py:163} INFO - Started process (PID=1303) to work on /home/lowenhard/acceleration/env/lib/python3.8/site-packages/airflow/example_dags/example_branch_day_of_week_operator.py
[2022-03-21 05:57:47,650] {processor.py:642} INFO - Processing file /home/lowenhard/acceleration/env/lib/python3.8/site-packages/airflow/example_dags/example_branch_day_of_week_operator.py for tasks to queue
[2022-03-21 05:57:47,651] {logging_mixin.py:109} INFO - [2022-03-21 05:57:47,650] {dagbag.py:500} INFO - Filling up the DagBag from /home/lowenhard/acceleration/env/lib/python3.8/site-packages/airflow/example_dags/example_branch_day_of_week_operator.py
[2022-03-21 05:57:47,737] {processor.py:654} INFO - DAG(s) dict_keys(['example_weekday_branch_operator']) retrieved from /home/lowenhard/acceleration/env/lib/python3.8/site-packages/airflow/example_dags/example_branch_day_of_week_operator.py
[2022-03-21 05:57:47,780] {logging_mixin.py:109} INFO - [2022-03-21 05:57:47,780] {dag.py:2398} INFO - Sync 1 DAGs
[2022-03-21 05:57:47,822] {logging_mixin.py:109} INFO - [2022-03-21 05:57:47,822] {dag.py:2937} INFO - Setting next_dagrun for example_weekday_branch_operator to 2022-03-20 00:00:00+00:00
[2022-03-21 05:57:48,229] {processor.py:171} INFO - Processing /home/lowenhard/acceleration/env/lib/python3.8/site-packages/airflow/example_dags/example_branch_day_of_week_operator.py took 2.196 seconds
[2022-03-21 05:59:25,654] {processor.py:163} INFO - Started process (PID=1344) to work on /home/lowenhard/acceleration/env/lib/python3.8/site-packages/airflow/example_dags/example_branch_day_of_week_operator.py
[2022-03-21 05:59:25,657] {processor.py:642} INFO - Processing file /home/lowenhard/acceleration/env/lib/python3.8/site-packages/airflow/example_dags/example_branch_day_of_week_operator.py for tasks to queue
[2022-03-21 05:59:25,658] {logging_mixin.py:109} INFO - [2022-03-21 05:59:25,658] {dagbag.py:500} INFO - Filling up the DagBag from /home/lowenhard/acceleration/env/lib/python3.8/site-packages/airflow/example_dags/example_branch_day_of_week_operator.py
[2022-03-21 05:59:25,704] {processor.py:654} INFO - DAG(s) dict_keys(['example_weekday_branch_operator']) retrieved from /home/lowenhard/acceleration/env/lib/python3.8/site-packages/airflow/example_dags/example_branch_day_of_week_operator.py
[2022-03-21 05:59:25,719] {logging_mixin.py:109} INFO - [2022-03-21 05:59:25,719] {dag.py:2398} INFO - Sync 1 DAGs
[2022-03-21 05:59:25,740] {logging_mixin.py:109} INFO - [2022-03-21 05:59:25,740] {dag.py:2937} INFO - Setting next_dagrun for example_weekday_branch_operator to 2022-03-20 00:00:00+00:00
[2022-03-21 05:59:26,258] {processor.py:171} INFO - Processing /home/lowenhard/acceleration/env/lib/python3.8/site-packages/airflow/example_dags/example_branch_day_of_week_operator.py took 0.610 seconds
[2022-03-21 06:00:52,343] {processor.py:163} INFO - Started process (PID=1383) to work on /home/lowenhard/acceleration/env/lib/python3.8/site-packages/airflow/example_dags/example_branch_day_of_week_operator.py
[2022-03-21 06:00:52,365] {processor.py:642} INFO - Processing file /home/lowenhard/acceleration/env/lib/python3.8/site-packages/airflow/example_dags/example_branch_day_of_week_operator.py for tasks to queue
[2022-03-21 06:00:52,366] {logging_mixin.py:109} INFO - [2022-03-21 06:00:52,366] {dagbag.py:500} INFO - Filling up the DagBag from /home/lowenhard/acceleration/env/lib/python3.8/site-packages/airflow/example_dags/example_branch_day_of_week_operator.py
[2022-03-21 06:00:52,386] {processor.py:654} INFO - DAG(s) dict_keys(['example_weekday_branch_operator']) retrieved from /home/lowenhard/acceleration/env/lib/python3.8/site-packages/airflow/example_dags/example_branch_day_of_week_operator.py
[2022-03-21 06:00:52,395] {logging_mixin.py:109} INFO - [2022-03-21 06:00:52,395] {dag.py:2398} INFO - Sync 1 DAGs
[2022-03-21 06:00:52,410] {logging_mixin.py:109} INFO - [2022-03-21 06:00:52,410] {dag.py:2937} INFO - Setting next_dagrun for example_weekday_branch_operator to 2022-03-20 00:00:00+00:00
[2022-03-21 06:00:52,625] {processor.py:171} INFO - Processing /home/lowenhard/acceleration/env/lib/python3.8/site-packages/airflow/example_dags/example_branch_day_of_week_operator.py took 0.285 seconds
[2022-03-21 06:02:28,854] {processor.py:163} INFO - Started process (PID=1422) to work on /home/lowenhard/acceleration/env/lib/python3.8/site-packages/airflow/example_dags/example_branch_day_of_week_operator.py
[2022-03-21 06:02:28,948] {processor.py:642} INFO - Processing file /home/lowenhard/acceleration/env/lib/python3.8/site-packages/airflow/example_dags/example_branch_day_of_week_operator.py for tasks to queue
[2022-03-21 06:02:28,949] {logging_mixin.py:109} INFO - [2022-03-21 06:02:28,949] {dagbag.py:500} INFO - Filling up the DagBag from /home/lowenhard/acceleration/env/lib/python3.8/site-packages/airflow/example_dags/example_branch_day_of_week_operator.py
[2022-03-21 06:02:28,978] {processor.py:654} INFO - DAG(s) dict_keys(['example_weekday_branch_operator']) retrieved from /home/lowenhard/acceleration/env/lib/python3.8/site-packages/airflow/example_dags/example_branch_day_of_week_operator.py
[2022-03-21 06:02:28,988] {logging_mixin.py:109} INFO - [2022-03-21 06:02:28,988] {dag.py:2398} INFO - Sync 1 DAGs
[2022-03-21 06:02:29,003] {logging_mixin.py:109} INFO - [2022-03-21 06:02:29,002] {dag.py:2937} INFO - Setting next_dagrun for example_weekday_branch_operator to 2022-03-20 00:00:00+00:00
[2022-03-21 06:02:29,575] {processor.py:171} INFO - Processing /home/lowenhard/acceleration/env/lib/python3.8/site-packages/airflow/example_dags/example_branch_day_of_week_operator.py took 0.725 seconds
[2022-03-21 06:04:00,443] {processor.py:163} INFO - Started process (PID=1464) to work on /home/lowenhard/acceleration/env/lib/python3.8/site-packages/airflow/example_dags/example_branch_day_of_week_operator.py
[2022-03-21 06:04:00,468] {processor.py:642} INFO - Processing file /home/lowenhard/acceleration/env/lib/python3.8/site-packages/airflow/example_dags/example_branch_day_of_week_operator.py for tasks to queue
[2022-03-21 06:04:00,468] {logging_mixin.py:109} INFO - [2022-03-21 06:04:00,468] {dagbag.py:500} INFO - Filling up the DagBag from /home/lowenhard/acceleration/env/lib/python3.8/site-packages/airflow/example_dags/example_branch_day_of_week_operator.py
[2022-03-21 06:04:00,493] {processor.py:654} INFO - DAG(s) dict_keys(['example_weekday_branch_operator']) retrieved from /home/lowenhard/acceleration/env/lib/python3.8/site-packages/airflow/example_dags/example_branch_day_of_week_operator.py
[2022-03-21 06:04:00,501] {logging_mixin.py:109} INFO - [2022-03-21 06:04:00,500] {dag.py:2398} INFO - Sync 1 DAGs
[2022-03-21 06:04:00,514] {logging_mixin.py:109} INFO - [2022-03-21 06:04:00,514] {dag.py:2937} INFO - Setting next_dagrun for example_weekday_branch_operator to 2022-03-20 00:00:00+00:00
[2022-03-21 06:04:00,751] {processor.py:171} INFO - Processing /home/lowenhard/acceleration/env/lib/python3.8/site-packages/airflow/example_dags/example_branch_day_of_week_operator.py took 0.310 seconds
[2022-03-21 06:05:33,414] {processor.py:163} INFO - Started process (PID=1503) to work on /home/lowenhard/acceleration/env/lib/python3.8/site-packages/airflow/example_dags/example_branch_day_of_week_operator.py
[2022-03-21 06:05:33,504] {processor.py:642} INFO - Processing file /home/lowenhard/acceleration/env/lib/python3.8/site-packages/airflow/example_dags/example_branch_day_of_week_operator.py for tasks to queue
[2022-03-21 06:05:33,504] {logging_mixin.py:109} INFO - [2022-03-21 06:05:33,504] {dagbag.py:500} INFO - Filling up the DagBag from /home/lowenhard/acceleration/env/lib/python3.8/site-packages/airflow/example_dags/example_branch_day_of_week_operator.py
[2022-03-21 06:05:33,525] {processor.py:654} INFO - DAG(s) dict_keys(['example_weekday_branch_operator']) retrieved from /home/lowenhard/acceleration/env/lib/python3.8/site-packages/airflow/example_dags/example_branch_day_of_week_operator.py
[2022-03-21 06:05:33,533] {logging_mixin.py:109} INFO - [2022-03-21 06:05:33,533] {dag.py:2398} INFO - Sync 1 DAGs
[2022-03-21 06:05:33,546] {logging_mixin.py:109} INFO - [2022-03-21 06:05:33,546] {dag.py:2937} INFO - Setting next_dagrun for example_weekday_branch_operator to 2022-03-20 00:00:00+00:00
[2022-03-21 06:05:35,158] {processor.py:171} INFO - Processing /home/lowenhard/acceleration/env/lib/python3.8/site-packages/airflow/example_dags/example_branch_day_of_week_operator.py took 1.747 seconds
[2022-03-21 06:07:06,325] {processor.py:163} INFO - Started process (PID=1544) to work on /home/lowenhard/acceleration/env/lib/python3.8/site-packages/airflow/example_dags/example_branch_day_of_week_operator.py
[2022-03-21 06:07:06,370] {processor.py:642} INFO - Processing file /home/lowenhard/acceleration/env/lib/python3.8/site-packages/airflow/example_dags/example_branch_day_of_week_operator.py for tasks to queue
[2022-03-21 06:07:06,371] {logging_mixin.py:109} INFO - [2022-03-21 06:07:06,370] {dagbag.py:500} INFO - Filling up the DagBag from /home/lowenhard/acceleration/env/lib/python3.8/site-packages/airflow/example_dags/example_branch_day_of_week_operator.py
[2022-03-21 06:07:06,393] {processor.py:654} INFO - DAG(s) dict_keys(['example_weekday_branch_operator']) retrieved from /home/lowenhard/acceleration/env/lib/python3.8/site-packages/airflow/example_dags/example_branch_day_of_week_operator.py
[2022-03-21 06:07:06,402] {logging_mixin.py:109} INFO - [2022-03-21 06:07:06,402] {dag.py:2398} INFO - Sync 1 DAGs
[2022-03-21 06:07:06,415] {logging_mixin.py:109} INFO - [2022-03-21 06:07:06,415] {dag.py:2937} INFO - Setting next_dagrun for example_weekday_branch_operator to 2022-03-20 00:00:00+00:00
[2022-03-21 06:07:07,210] {processor.py:171} INFO - Processing /home/lowenhard/acceleration/env/lib/python3.8/site-packages/airflow/example_dags/example_branch_day_of_week_operator.py took 0.887 seconds
[2022-03-21 06:08:37,257] {processor.py:163} INFO - Started process (PID=1583) to work on /home/lowenhard/acceleration/env/lib/python3.8/site-packages/airflow/example_dags/example_branch_day_of_week_operator.py
[2022-03-21 06:08:37,310] {processor.py:642} INFO - Processing file /home/lowenhard/acceleration/env/lib/python3.8/site-packages/airflow/example_dags/example_branch_day_of_week_operator.py for tasks to queue
[2022-03-21 06:08:37,311] {logging_mixin.py:109} INFO - [2022-03-21 06:08:37,311] {dagbag.py:500} INFO - Filling up the DagBag from /home/lowenhard/acceleration/env/lib/python3.8/site-packages/airflow/example_dags/example_branch_day_of_week_operator.py
[2022-03-21 06:08:37,333] {processor.py:654} INFO - DAG(s) dict_keys(['example_weekday_branch_operator']) retrieved from /home/lowenhard/acceleration/env/lib/python3.8/site-packages/airflow/example_dags/example_branch_day_of_week_operator.py
[2022-03-21 06:08:37,342] {logging_mixin.py:109} INFO - [2022-03-21 06:08:37,342] {dag.py:2398} INFO - Sync 1 DAGs
[2022-03-21 06:08:37,357] {logging_mixin.py:109} INFO - [2022-03-21 06:08:37,357] {dag.py:2937} INFO - Setting next_dagrun for example_weekday_branch_operator to 2022-03-20 00:00:00+00:00
[2022-03-21 06:08:38,408] {processor.py:171} INFO - Processing /home/lowenhard/acceleration/env/lib/python3.8/site-packages/airflow/example_dags/example_branch_day_of_week_operator.py took 1.153 seconds
[2022-03-21 06:09:50,596] {processor.py:163} INFO - Started process (PID=1619) to work on /home/lowenhard/acceleration/env/lib/python3.8/site-packages/airflow/example_dags/example_branch_day_of_week_operator.py
[2022-03-21 06:09:50,653] {processor.py:642} INFO - Processing file /home/lowenhard/acceleration/env/lib/python3.8/site-packages/airflow/example_dags/example_branch_day_of_week_operator.py for tasks to queue
[2022-03-21 06:09:50,654] {logging_mixin.py:109} INFO - [2022-03-21 06:09:50,654] {dagbag.py:500} INFO - Filling up the DagBag from /home/lowenhard/acceleration/env/lib/python3.8/site-packages/airflow/example_dags/example_branch_day_of_week_operator.py
[2022-03-21 06:09:50,682] {processor.py:654} INFO - DAG(s) dict_keys(['example_weekday_branch_operator']) retrieved from /home/lowenhard/acceleration/env/lib/python3.8/site-packages/airflow/example_dags/example_branch_day_of_week_operator.py
[2022-03-21 06:09:50,690] {logging_mixin.py:109} INFO - [2022-03-21 06:09:50,690] {dag.py:2398} INFO - Sync 1 DAGs
[2022-03-21 06:09:50,705] {logging_mixin.py:109} INFO - [2022-03-21 06:09:50,705] {dag.py:2937} INFO - Setting next_dagrun for example_weekday_branch_operator to 2022-03-20 00:00:00+00:00
[2022-03-21 06:09:50,839] {processor.py:171} INFO - Processing /home/lowenhard/acceleration/env/lib/python3.8/site-packages/airflow/example_dags/example_branch_day_of_week_operator.py took 0.246 seconds
[2022-03-21 06:11:13,917] {processor.py:163} INFO - Started process (PID=1658) to work on /home/lowenhard/acceleration/env/lib/python3.8/site-packages/airflow/example_dags/example_branch_day_of_week_operator.py
[2022-03-21 06:11:14,018] {processor.py:642} INFO - Processing file /home/lowenhard/acceleration/env/lib/python3.8/site-packages/airflow/example_dags/example_branch_day_of_week_operator.py for tasks to queue
[2022-03-21 06:11:14,018] {logging_mixin.py:109} INFO - [2022-03-21 06:11:14,018] {dagbag.py:500} INFO - Filling up the DagBag from /home/lowenhard/acceleration/env/lib/python3.8/site-packages/airflow/example_dags/example_branch_day_of_week_operator.py
[2022-03-21 06:11:14,038] {processor.py:654} INFO - DAG(s) dict_keys(['example_weekday_branch_operator']) retrieved from /home/lowenhard/acceleration/env/lib/python3.8/site-packages/airflow/example_dags/example_branch_day_of_week_operator.py
[2022-03-21 06:11:14,047] {logging_mixin.py:109} INFO - [2022-03-21 06:11:14,047] {dag.py:2398} INFO - Sync 1 DAGs
[2022-03-21 06:11:14,061] {logging_mixin.py:109} INFO - [2022-03-21 06:11:14,061] {dag.py:2937} INFO - Setting next_dagrun for example_weekday_branch_operator to 2022-03-20 00:00:00+00:00
[2022-03-21 06:11:15,339] {processor.py:171} INFO - Processing /home/lowenhard/acceleration/env/lib/python3.8/site-packages/airflow/example_dags/example_branch_day_of_week_operator.py took 1.425 seconds
[2022-03-21 06:12:29,905] {processor.py:163} INFO - Started process (PID=1694) to work on /home/lowenhard/acceleration/env/lib/python3.8/site-packages/airflow/example_dags/example_branch_day_of_week_operator.py
[2022-03-21 06:12:29,962] {processor.py:642} INFO - Processing file /home/lowenhard/acceleration/env/lib/python3.8/site-packages/airflow/example_dags/example_branch_day_of_week_operator.py for tasks to queue
[2022-03-21 06:12:29,962] {logging_mixin.py:109} INFO - [2022-03-21 06:12:29,962] {dagbag.py:500} INFO - Filling up the DagBag from /home/lowenhard/acceleration/env/lib/python3.8/site-packages/airflow/example_dags/example_branch_day_of_week_operator.py
[2022-03-21 06:12:29,984] {processor.py:654} INFO - DAG(s) dict_keys(['example_weekday_branch_operator']) retrieved from /home/lowenhard/acceleration/env/lib/python3.8/site-packages/airflow/example_dags/example_branch_day_of_week_operator.py
[2022-03-21 06:12:29,993] {logging_mixin.py:109} INFO - [2022-03-21 06:12:29,993] {dag.py:2398} INFO - Sync 1 DAGs
[2022-03-21 06:12:30,007] {logging_mixin.py:109} INFO - [2022-03-21 06:12:30,006] {dag.py:2937} INFO - Setting next_dagrun for example_weekday_branch_operator to 2022-03-20 00:00:00+00:00
[2022-03-21 06:12:31,525] {processor.py:171} INFO - Processing /home/lowenhard/acceleration/env/lib/python3.8/site-packages/airflow/example_dags/example_branch_day_of_week_operator.py took 1.623 seconds
[2022-03-21 06:13:52,870] {processor.py:163} INFO - Started process (PID=1732) to work on /home/lowenhard/acceleration/env/lib/python3.8/site-packages/airflow/example_dags/example_branch_day_of_week_operator.py
[2022-03-21 06:13:52,879] {processor.py:642} INFO - Processing file /home/lowenhard/acceleration/env/lib/python3.8/site-packages/airflow/example_dags/example_branch_day_of_week_operator.py for tasks to queue
[2022-03-21 06:13:52,879] {logging_mixin.py:109} INFO - [2022-03-21 06:13:52,879] {dagbag.py:500} INFO - Filling up the DagBag from /home/lowenhard/acceleration/env/lib/python3.8/site-packages/airflow/example_dags/example_branch_day_of_week_operator.py
[2022-03-21 06:13:52,904] {processor.py:654} INFO - DAG(s) dict_keys(['example_weekday_branch_operator']) retrieved from /home/lowenhard/acceleration/env/lib/python3.8/site-packages/airflow/example_dags/example_branch_day_of_week_operator.py
[2022-03-21 06:13:52,912] {logging_mixin.py:109} INFO - [2022-03-21 06:13:52,912] {dag.py:2398} INFO - Sync 1 DAGs
[2022-03-21 06:13:52,926] {logging_mixin.py:109} INFO - [2022-03-21 06:13:52,926] {dag.py:2937} INFO - Setting next_dagrun for example_weekday_branch_operator to 2022-03-20 00:00:00+00:00
[2022-03-21 06:13:53,168] {processor.py:171} INFO - Processing /home/lowenhard/acceleration/env/lib/python3.8/site-packages/airflow/example_dags/example_branch_day_of_week_operator.py took 0.300 seconds
[2022-03-21 06:15:20,595] {processor.py:163} INFO - Started process (PID=1771) to work on /home/lowenhard/acceleration/env/lib/python3.8/site-packages/airflow/example_dags/example_branch_day_of_week_operator.py
[2022-03-21 06:15:21,472] {processor.py:642} INFO - Processing file /home/lowenhard/acceleration/env/lib/python3.8/site-packages/airflow/example_dags/example_branch_day_of_week_operator.py for tasks to queue
[2022-03-21 06:15:21,472] {logging_mixin.py:109} INFO - [2022-03-21 06:15:21,472] {dagbag.py:500} INFO - Filling up the DagBag from /home/lowenhard/acceleration/env/lib/python3.8/site-packages/airflow/example_dags/example_branch_day_of_week_operator.py
[2022-03-21 06:15:21,497] {processor.py:654} INFO - DAG(s) dict_keys(['example_weekday_branch_operator']) retrieved from /home/lowenhard/acceleration/env/lib/python3.8/site-packages/airflow/example_dags/example_branch_day_of_week_operator.py
[2022-03-21 06:15:21,506] {logging_mixin.py:109} INFO - [2022-03-21 06:15:21,506] {dag.py:2398} INFO - Sync 1 DAGs
[2022-03-21 06:15:21,521] {logging_mixin.py:109} INFO - [2022-03-21 06:15:21,521] {dag.py:2937} INFO - Setting next_dagrun for example_weekday_branch_operator to 2022-03-20 00:00:00+00:00
[2022-03-21 06:15:21,698] {processor.py:171} INFO - Processing /home/lowenhard/acceleration/env/lib/python3.8/site-packages/airflow/example_dags/example_branch_day_of_week_operator.py took 1.106 seconds
[2022-03-21 06:16:56,511] {processor.py:163} INFO - Started process (PID=1811) to work on /home/lowenhard/acceleration/env/lib/python3.8/site-packages/airflow/example_dags/example_branch_day_of_week_operator.py
[2022-03-21 06:16:56,685] {processor.py:642} INFO - Processing file /home/lowenhard/acceleration/env/lib/python3.8/site-packages/airflow/example_dags/example_branch_day_of_week_operator.py for tasks to queue
[2022-03-21 06:16:56,686] {logging_mixin.py:109} INFO - [2022-03-21 06:16:56,686] {dagbag.py:500} INFO - Filling up the DagBag from /home/lowenhard/acceleration/env/lib/python3.8/site-packages/airflow/example_dags/example_branch_day_of_week_operator.py
[2022-03-21 06:16:56,707] {processor.py:654} INFO - DAG(s) dict_keys(['example_weekday_branch_operator']) retrieved from /home/lowenhard/acceleration/env/lib/python3.8/site-packages/airflow/example_dags/example_branch_day_of_week_operator.py
[2022-03-21 06:16:56,716] {logging_mixin.py:109} INFO - [2022-03-21 06:16:56,716] {dag.py:2398} INFO - Sync 1 DAGs
[2022-03-21 06:16:56,730] {logging_mixin.py:109} INFO - [2022-03-21 06:16:56,730] {dag.py:2937} INFO - Setting next_dagrun for example_weekday_branch_operator to 2022-03-20 00:00:00+00:00
[2022-03-21 06:16:57,500] {processor.py:171} INFO - Processing /home/lowenhard/acceleration/env/lib/python3.8/site-packages/airflow/example_dags/example_branch_day_of_week_operator.py took 0.992 seconds
[2022-03-21 06:18:24,242] {processor.py:163} INFO - Started process (PID=1850) to work on /home/lowenhard/acceleration/env/lib/python3.8/site-packages/airflow/example_dags/example_branch_day_of_week_operator.py
[2022-03-21 06:18:24,245] {processor.py:642} INFO - Processing file /home/lowenhard/acceleration/env/lib/python3.8/site-packages/airflow/example_dags/example_branch_day_of_week_operator.py for tasks to queue
[2022-03-21 06:18:24,246] {logging_mixin.py:109} INFO - [2022-03-21 06:18:24,246] {dagbag.py:500} INFO - Filling up the DagBag from /home/lowenhard/acceleration/env/lib/python3.8/site-packages/airflow/example_dags/example_branch_day_of_week_operator.py
[2022-03-21 06:18:24,267] {processor.py:654} INFO - DAG(s) dict_keys(['example_weekday_branch_operator']) retrieved from /home/lowenhard/acceleration/env/lib/python3.8/site-packages/airflow/example_dags/example_branch_day_of_week_operator.py
[2022-03-21 06:18:24,276] {logging_mixin.py:109} INFO - [2022-03-21 06:18:24,276] {dag.py:2398} INFO - Sync 1 DAGs
[2022-03-21 06:18:24,289] {logging_mixin.py:109} INFO - [2022-03-21 06:18:24,289] {dag.py:2937} INFO - Setting next_dagrun for example_weekday_branch_operator to 2022-03-20 00:00:00+00:00
[2022-03-21 06:18:25,648] {processor.py:171} INFO - Processing /home/lowenhard/acceleration/env/lib/python3.8/site-packages/airflow/example_dags/example_branch_day_of_week_operator.py took 1.409 seconds
[2022-03-21 06:19:45,125] {processor.py:163} INFO - Started process (PID=1886) to work on /home/lowenhard/acceleration/env/lib/python3.8/site-packages/airflow/example_dags/example_branch_day_of_week_operator.py
[2022-03-21 06:19:45,128] {processor.py:642} INFO - Processing file /home/lowenhard/acceleration/env/lib/python3.8/site-packages/airflow/example_dags/example_branch_day_of_week_operator.py for tasks to queue
[2022-03-21 06:19:45,129] {logging_mixin.py:109} INFO - [2022-03-21 06:19:45,129] {dagbag.py:500} INFO - Filling up the DagBag from /home/lowenhard/acceleration/env/lib/python3.8/site-packages/airflow/example_dags/example_branch_day_of_week_operator.py
[2022-03-21 06:19:45,157] {processor.py:654} INFO - DAG(s) dict_keys(['example_weekday_branch_operator']) retrieved from /home/lowenhard/acceleration/env/lib/python3.8/site-packages/airflow/example_dags/example_branch_day_of_week_operator.py
[2022-03-21 06:19:45,168] {logging_mixin.py:109} INFO - [2022-03-21 06:19:45,168] {dag.py:2398} INFO - Sync 1 DAGs
[2022-03-21 06:19:45,183] {logging_mixin.py:109} INFO - [2022-03-21 06:19:45,183] {dag.py:2937} INFO - Setting next_dagrun for example_weekday_branch_operator to 2022-03-20 00:00:00+00:00
[2022-03-21 06:19:45,958] {processor.py:171} INFO - Processing /home/lowenhard/acceleration/env/lib/python3.8/site-packages/airflow/example_dags/example_branch_day_of_week_operator.py took 0.836 seconds
[2022-03-21 06:21:01,267] {processor.py:163} INFO - Started process (PID=1924) to work on /home/lowenhard/acceleration/env/lib/python3.8/site-packages/airflow/example_dags/example_branch_day_of_week_operator.py
[2022-03-21 06:21:01,380] {processor.py:642} INFO - Processing file /home/lowenhard/acceleration/env/lib/python3.8/site-packages/airflow/example_dags/example_branch_day_of_week_operator.py for tasks to queue
[2022-03-21 06:21:01,381] {logging_mixin.py:109} INFO - [2022-03-21 06:21:01,381] {dagbag.py:500} INFO - Filling up the DagBag from /home/lowenhard/acceleration/env/lib/python3.8/site-packages/airflow/example_dags/example_branch_day_of_week_operator.py
[2022-03-21 06:21:01,403] {processor.py:654} INFO - DAG(s) dict_keys(['example_weekday_branch_operator']) retrieved from /home/lowenhard/acceleration/env/lib/python3.8/site-packages/airflow/example_dags/example_branch_day_of_week_operator.py
[2022-03-21 06:21:01,412] {logging_mixin.py:109} INFO - [2022-03-21 06:21:01,412] {dag.py:2398} INFO - Sync 1 DAGs
[2022-03-21 06:21:01,426] {logging_mixin.py:109} INFO - [2022-03-21 06:21:01,426] {dag.py:2937} INFO - Setting next_dagrun for example_weekday_branch_operator to 2022-03-20 00:00:00+00:00
[2022-03-21 06:21:02,727] {processor.py:171} INFO - Processing /home/lowenhard/acceleration/env/lib/python3.8/site-packages/airflow/example_dags/example_branch_day_of_week_operator.py took 1.462 seconds
[2022-03-21 06:22:37,051] {processor.py:163} INFO - Started process (PID=1963) to work on /home/lowenhard/acceleration/env/lib/python3.8/site-packages/airflow/example_dags/example_branch_day_of_week_operator.py
[2022-03-21 06:22:38,622] {processor.py:642} INFO - Processing file /home/lowenhard/acceleration/env/lib/python3.8/site-packages/airflow/example_dags/example_branch_day_of_week_operator.py for tasks to queue
[2022-03-21 06:22:38,623] {logging_mixin.py:109} INFO - [2022-03-21 06:22:38,623] {dagbag.py:500} INFO - Filling up the DagBag from /home/lowenhard/acceleration/env/lib/python3.8/site-packages/airflow/example_dags/example_branch_day_of_week_operator.py
[2022-03-21 06:22:39,093] {processor.py:654} INFO - DAG(s) dict_keys(['example_weekday_branch_operator']) retrieved from /home/lowenhard/acceleration/env/lib/python3.8/site-packages/airflow/example_dags/example_branch_day_of_week_operator.py
[2022-03-21 06:22:39,101] {logging_mixin.py:109} INFO - [2022-03-21 06:22:39,101] {dag.py:2398} INFO - Sync 1 DAGs
[2022-03-21 06:22:39,115] {logging_mixin.py:109} INFO - [2022-03-21 06:22:39,115] {dag.py:2937} INFO - Setting next_dagrun for example_weekday_branch_operator to 2022-03-20 00:00:00+00:00
[2022-03-21 06:22:39,348] {processor.py:171} INFO - Processing /home/lowenhard/acceleration/env/lib/python3.8/site-packages/airflow/example_dags/example_branch_day_of_week_operator.py took 2.300 seconds
[2022-03-21 06:24:16,275] {processor.py:163} INFO - Started process (PID=2007) to work on /home/lowenhard/acceleration/env/lib/python3.8/site-packages/airflow/example_dags/example_branch_day_of_week_operator.py
[2022-03-21 06:24:16,290] {processor.py:642} INFO - Processing file /home/lowenhard/acceleration/env/lib/python3.8/site-packages/airflow/example_dags/example_branch_day_of_week_operator.py for tasks to queue
[2022-03-21 06:24:16,291] {logging_mixin.py:109} INFO - [2022-03-21 06:24:16,291] {dagbag.py:500} INFO - Filling up the DagBag from /home/lowenhard/acceleration/env/lib/python3.8/site-packages/airflow/example_dags/example_branch_day_of_week_operator.py
[2022-03-21 06:24:16,310] {processor.py:654} INFO - DAG(s) dict_keys(['example_weekday_branch_operator']) retrieved from /home/lowenhard/acceleration/env/lib/python3.8/site-packages/airflow/example_dags/example_branch_day_of_week_operator.py
[2022-03-21 06:24:16,317] {logging_mixin.py:109} INFO - [2022-03-21 06:24:16,317] {dag.py:2398} INFO - Sync 1 DAGs
[2022-03-21 06:24:16,331] {logging_mixin.py:109} INFO - [2022-03-21 06:24:16,330] {dag.py:2937} INFO - Setting next_dagrun for example_weekday_branch_operator to 2022-03-20 00:00:00+00:00
[2022-03-21 06:24:16,487] {processor.py:171} INFO - Processing /home/lowenhard/acceleration/env/lib/python3.8/site-packages/airflow/example_dags/example_branch_day_of_week_operator.py took 0.214 seconds
[2022-03-21 06:25:43,127] {processor.py:163} INFO - Started process (PID=2046) to work on /home/lowenhard/acceleration/env/lib/python3.8/site-packages/airflow/example_dags/example_branch_day_of_week_operator.py
[2022-03-21 06:25:43,157] {processor.py:642} INFO - Processing file /home/lowenhard/acceleration/env/lib/python3.8/site-packages/airflow/example_dags/example_branch_day_of_week_operator.py for tasks to queue
[2022-03-21 06:25:43,158] {logging_mixin.py:109} INFO - [2022-03-21 06:25:43,158] {dagbag.py:500} INFO - Filling up the DagBag from /home/lowenhard/acceleration/env/lib/python3.8/site-packages/airflow/example_dags/example_branch_day_of_week_operator.py
[2022-03-21 06:25:43,178] {processor.py:654} INFO - DAG(s) dict_keys(['example_weekday_branch_operator']) retrieved from /home/lowenhard/acceleration/env/lib/python3.8/site-packages/airflow/example_dags/example_branch_day_of_week_operator.py
[2022-03-21 06:25:43,186] {logging_mixin.py:109} INFO - [2022-03-21 06:25:43,186] {dag.py:2398} INFO - Sync 1 DAGs
[2022-03-21 06:25:43,201] {logging_mixin.py:109} INFO - [2022-03-21 06:25:43,200] {dag.py:2937} INFO - Setting next_dagrun for example_weekday_branch_operator to 2022-03-20 00:00:00+00:00
[2022-03-21 06:25:43,474] {processor.py:171} INFO - Processing /home/lowenhard/acceleration/env/lib/python3.8/site-packages/airflow/example_dags/example_branch_day_of_week_operator.py took 0.349 seconds
[2022-03-21 06:26:34,098] {processor.py:163} INFO - Started process (PID=2079) to work on /home/lowenhard/acceleration/env/lib/python3.8/site-packages/airflow/example_dags/example_branch_day_of_week_operator.py
[2022-03-21 06:26:34,101] {processor.py:642} INFO - Processing file /home/lowenhard/acceleration/env/lib/python3.8/site-packages/airflow/example_dags/example_branch_day_of_week_operator.py for tasks to queue
[2022-03-21 06:26:34,102] {logging_mixin.py:109} INFO - [2022-03-21 06:26:34,102] {dagbag.py:500} INFO - Filling up the DagBag from /home/lowenhard/acceleration/env/lib/python3.8/site-packages/airflow/example_dags/example_branch_day_of_week_operator.py
[2022-03-21 06:26:34,123] {processor.py:654} INFO - DAG(s) dict_keys(['example_weekday_branch_operator']) retrieved from /home/lowenhard/acceleration/env/lib/python3.8/site-packages/airflow/example_dags/example_branch_day_of_week_operator.py
[2022-03-21 06:26:34,133] {logging_mixin.py:109} INFO - [2022-03-21 06:26:34,133] {dag.py:2398} INFO - Sync 1 DAGs
[2022-03-21 06:26:34,146] {logging_mixin.py:109} INFO - [2022-03-21 06:26:34,146] {dag.py:2937} INFO - Setting next_dagrun for example_weekday_branch_operator to 2022-03-20 00:00:00+00:00
[2022-03-21 06:26:34,450] {processor.py:171} INFO - Processing /home/lowenhard/acceleration/env/lib/python3.8/site-packages/airflow/example_dags/example_branch_day_of_week_operator.py took 0.354 seconds
[2022-03-21 06:28:04,316] {processor.py:163} INFO - Started process (PID=2126) to work on /home/lowenhard/acceleration/env/lib/python3.8/site-packages/airflow/example_dags/example_branch_day_of_week_operator.py
[2022-03-21 06:28:04,663] {processor.py:642} INFO - Processing file /home/lowenhard/acceleration/env/lib/python3.8/site-packages/airflow/example_dags/example_branch_day_of_week_operator.py for tasks to queue
[2022-03-21 06:28:04,663] {logging_mixin.py:109} INFO - [2022-03-21 06:28:04,663] {dagbag.py:500} INFO - Filling up the DagBag from /home/lowenhard/acceleration/env/lib/python3.8/site-packages/airflow/example_dags/example_branch_day_of_week_operator.py
[2022-03-21 06:28:04,684] {processor.py:654} INFO - DAG(s) dict_keys(['example_weekday_branch_operator']) retrieved from /home/lowenhard/acceleration/env/lib/python3.8/site-packages/airflow/example_dags/example_branch_day_of_week_operator.py
[2022-03-21 06:28:04,693] {logging_mixin.py:109} INFO - [2022-03-21 06:28:04,693] {dag.py:2398} INFO - Sync 1 DAGs
[2022-03-21 06:28:04,706] {logging_mixin.py:109} INFO - [2022-03-21 06:28:04,706] {dag.py:2937} INFO - Setting next_dagrun for example_weekday_branch_operator to 2022-03-20 00:00:00+00:00
[2022-03-21 06:28:04,868] {processor.py:171} INFO - Processing /home/lowenhard/acceleration/env/lib/python3.8/site-packages/airflow/example_dags/example_branch_day_of_week_operator.py took 0.553 seconds
[2022-03-21 06:30:27,155] {processor.py:163} INFO - Started process (PID=2186) to work on /home/lowenhard/acceleration/env/lib/python3.8/site-packages/airflow/example_dags/example_branch_day_of_week_operator.py
[2022-03-21 06:30:27,157] {processor.py:642} INFO - Processing file /home/lowenhard/acceleration/env/lib/python3.8/site-packages/airflow/example_dags/example_branch_day_of_week_operator.py for tasks to queue
[2022-03-21 06:30:27,158] {logging_mixin.py:109} INFO - [2022-03-21 06:30:27,158] {dagbag.py:500} INFO - Filling up the DagBag from /home/lowenhard/acceleration/env/lib/python3.8/site-packages/airflow/example_dags/example_branch_day_of_week_operator.py
[2022-03-21 06:30:27,189] {processor.py:654} INFO - DAG(s) dict_keys(['example_weekday_branch_operator']) retrieved from /home/lowenhard/acceleration/env/lib/python3.8/site-packages/airflow/example_dags/example_branch_day_of_week_operator.py
[2022-03-21 06:30:27,201] {logging_mixin.py:109} INFO - [2022-03-21 06:30:27,200] {dag.py:2398} INFO - Sync 1 DAGs
[2022-03-21 06:30:27,215] {logging_mixin.py:109} INFO - [2022-03-21 06:30:27,215] {dag.py:2937} INFO - Setting next_dagrun for example_weekday_branch_operator to 2022-03-20 00:00:00+00:00
[2022-03-21 06:30:27,377] {processor.py:171} INFO - Processing /home/lowenhard/acceleration/env/lib/python3.8/site-packages/airflow/example_dags/example_branch_day_of_week_operator.py took 0.225 seconds
[2022-03-21 06:31:49,458] {processor.py:163} INFO - Started process (PID=2236) to work on /home/lowenhard/acceleration/env/lib/python3.8/site-packages/airflow/example_dags/example_branch_day_of_week_operator.py
[2022-03-21 06:31:50,505] {processor.py:642} INFO - Processing file /home/lowenhard/acceleration/env/lib/python3.8/site-packages/airflow/example_dags/example_branch_day_of_week_operator.py for tasks to queue
[2022-03-21 06:31:50,538] {logging_mixin.py:109} INFO - [2022-03-21 06:31:50,537] {dagbag.py:500} INFO - Filling up the DagBag from /home/lowenhard/acceleration/env/lib/python3.8/site-packages/airflow/example_dags/example_branch_day_of_week_operator.py
[2022-03-21 06:31:51,394] {processor.py:654} INFO - DAG(s) dict_keys(['example_weekday_branch_operator']) retrieved from /home/lowenhard/acceleration/env/lib/python3.8/site-packages/airflow/example_dags/example_branch_day_of_week_operator.py
[2022-03-21 06:31:51,404] {logging_mixin.py:109} INFO - [2022-03-21 06:31:51,403] {dag.py:2398} INFO - Sync 1 DAGs
[2022-03-21 06:31:51,417] {logging_mixin.py:109} INFO - [2022-03-21 06:31:51,417] {dag.py:2937} INFO - Setting next_dagrun for example_weekday_branch_operator to 2022-03-20 00:00:00+00:00
[2022-03-21 06:31:51,598] {processor.py:171} INFO - Processing /home/lowenhard/acceleration/env/lib/python3.8/site-packages/airflow/example_dags/example_branch_day_of_week_operator.py took 2.142 seconds
