[2022-03-21 05:18:38,257] {processor.py:163} INFO - Started process (PID=158) to work on /home/lowenhard/acceleration/env/lib/python3.8/site-packages/airflow/example_dags/tutorial_taskflow_api_etl.py
[2022-03-21 05:18:38,257] {processor.py:642} INFO - Processing file /home/lowenhard/acceleration/env/lib/python3.8/site-packages/airflow/example_dags/tutorial_taskflow_api_etl.py for tasks to queue
[2022-03-21 05:18:38,258] {logging_mixin.py:109} INFO - [2022-03-21 05:18:38,258] {dagbag.py:500} INFO - Filling up the DagBag from /home/lowenhard/acceleration/env/lib/python3.8/site-packages/airflow/example_dags/tutorial_taskflow_api_etl.py
[2022-03-21 05:18:38,284] {processor.py:654} INFO - DAG(s) dict_keys(['tutorial_taskflow_api_etl']) retrieved from /home/lowenhard/acceleration/env/lib/python3.8/site-packages/airflow/example_dags/tutorial_taskflow_api_etl.py
[2022-03-21 05:18:38,288] {logging_mixin.py:109} INFO - [2022-03-21 05:18:38,288] {dag.py:2398} INFO - Sync 1 DAGs
[2022-03-21 05:18:38,302] {logging_mixin.py:109} INFO - [2022-03-21 05:18:38,302] {dag.py:2937} INFO - Setting next_dagrun for tutorial_taskflow_api_etl to None
[2022-03-21 05:18:38,798] {processor.py:171} INFO - Processing /home/lowenhard/acceleration/env/lib/python3.8/site-packages/airflow/example_dags/tutorial_taskflow_api_etl.py took 0.543 seconds
[2022-03-21 05:20:01,601] {processor.py:163} INFO - Started process (PID=190) to work on /home/lowenhard/acceleration/env/lib/python3.8/site-packages/airflow/example_dags/tutorial_taskflow_api_etl.py
[2022-03-21 05:20:01,693] {processor.py:642} INFO - Processing file /home/lowenhard/acceleration/env/lib/python3.8/site-packages/airflow/example_dags/tutorial_taskflow_api_etl.py for tasks to queue
[2022-03-21 05:20:01,693] {logging_mixin.py:109} INFO - [2022-03-21 05:20:01,693] {dagbag.py:500} INFO - Filling up the DagBag from /home/lowenhard/acceleration/env/lib/python3.8/site-packages/airflow/example_dags/tutorial_taskflow_api_etl.py
[2022-03-21 05:20:01,726] {processor.py:654} INFO - DAG(s) dict_keys(['tutorial_taskflow_api_etl']) retrieved from /home/lowenhard/acceleration/env/lib/python3.8/site-packages/airflow/example_dags/tutorial_taskflow_api_etl.py
[2022-03-21 05:20:02,056] {logging_mixin.py:109} INFO - [2022-03-21 05:20:02,056] {dag.py:2398} INFO - Sync 1 DAGs
[2022-03-21 05:20:02,070] {logging_mixin.py:109} INFO - [2022-03-21 05:20:02,070] {dag.py:2937} INFO - Setting next_dagrun for tutorial_taskflow_api_etl to None
[2022-03-21 05:20:04,494] {processor.py:171} INFO - Processing /home/lowenhard/acceleration/env/lib/python3.8/site-packages/airflow/example_dags/tutorial_taskflow_api_etl.py took 2.897 seconds
[2022-03-21 05:21:00,177] {processor.py:163} INFO - Started process (PID=282) to work on /home/lowenhard/acceleration/env/lib/python3.8/site-packages/airflow/example_dags/tutorial_taskflow_api_etl.py
[2022-03-21 05:21:00,180] {processor.py:642} INFO - Processing file /home/lowenhard/acceleration/env/lib/python3.8/site-packages/airflow/example_dags/tutorial_taskflow_api_etl.py for tasks to queue
[2022-03-21 05:21:00,180] {logging_mixin.py:109} INFO - [2022-03-21 05:21:00,180] {dagbag.py:500} INFO - Filling up the DagBag from /home/lowenhard/acceleration/env/lib/python3.8/site-packages/airflow/example_dags/tutorial_taskflow_api_etl.py
[2022-03-21 05:21:00,210] {processor.py:654} INFO - DAG(s) dict_keys(['tutorial_taskflow_api_etl']) retrieved from /home/lowenhard/acceleration/env/lib/python3.8/site-packages/airflow/example_dags/tutorial_taskflow_api_etl.py
[2022-03-21 05:21:00,538] {logging_mixin.py:109} INFO - [2022-03-21 05:21:00,538] {dag.py:2398} INFO - Sync 1 DAGs
[2022-03-21 05:21:00,562] {logging_mixin.py:109} INFO - [2022-03-21 05:21:00,561] {dag.py:2937} INFO - Setting next_dagrun for tutorial_taskflow_api_etl to None
[2022-03-21 05:21:01,958] {processor.py:171} INFO - Processing /home/lowenhard/acceleration/env/lib/python3.8/site-packages/airflow/example_dags/tutorial_taskflow_api_etl.py took 1.784 seconds
[2022-03-21 05:22:30,587] {processor.py:163} INFO - Started process (PID=322) to work on /home/lowenhard/acceleration/env/lib/python3.8/site-packages/airflow/example_dags/tutorial_taskflow_api_etl.py
[2022-03-21 05:22:30,648] {processor.py:642} INFO - Processing file /home/lowenhard/acceleration/env/lib/python3.8/site-packages/airflow/example_dags/tutorial_taskflow_api_etl.py for tasks to queue
[2022-03-21 05:22:30,649] {logging_mixin.py:109} INFO - [2022-03-21 05:22:30,648] {dagbag.py:500} INFO - Filling up the DagBag from /home/lowenhard/acceleration/env/lib/python3.8/site-packages/airflow/example_dags/tutorial_taskflow_api_etl.py
[2022-03-21 05:22:30,672] {processor.py:654} INFO - DAG(s) dict_keys(['tutorial_taskflow_api_etl']) retrieved from /home/lowenhard/acceleration/env/lib/python3.8/site-packages/airflow/example_dags/tutorial_taskflow_api_etl.py
[2022-03-21 05:22:30,877] {logging_mixin.py:109} INFO - [2022-03-21 05:22:30,877] {dag.py:2398} INFO - Sync 1 DAGs
[2022-03-21 05:22:30,887] {logging_mixin.py:109} INFO - [2022-03-21 05:22:30,887] {dag.py:2937} INFO - Setting next_dagrun for tutorial_taskflow_api_etl to None
[2022-03-21 05:22:32,237] {processor.py:171} INFO - Processing /home/lowenhard/acceleration/env/lib/python3.8/site-packages/airflow/example_dags/tutorial_taskflow_api_etl.py took 1.652 seconds
[2022-03-21 05:23:55,460] {processor.py:163} INFO - Started process (PID=361) to work on /home/lowenhard/acceleration/env/lib/python3.8/site-packages/airflow/example_dags/tutorial_taskflow_api_etl.py
[2022-03-21 05:23:56,243] {processor.py:642} INFO - Processing file /home/lowenhard/acceleration/env/lib/python3.8/site-packages/airflow/example_dags/tutorial_taskflow_api_etl.py for tasks to queue
[2022-03-21 05:23:56,243] {logging_mixin.py:109} INFO - [2022-03-21 05:23:56,243] {dagbag.py:500} INFO - Filling up the DagBag from /home/lowenhard/acceleration/env/lib/python3.8/site-packages/airflow/example_dags/tutorial_taskflow_api_etl.py
[2022-03-21 05:23:56,268] {processor.py:654} INFO - DAG(s) dict_keys(['tutorial_taskflow_api_etl']) retrieved from /home/lowenhard/acceleration/env/lib/python3.8/site-packages/airflow/example_dags/tutorial_taskflow_api_etl.py
[2022-03-21 05:23:56,476] {logging_mixin.py:109} INFO - [2022-03-21 05:23:56,476] {dag.py:2398} INFO - Sync 1 DAGs
[2022-03-21 05:23:56,559] {logging_mixin.py:109} INFO - [2022-03-21 05:23:56,559] {dag.py:2937} INFO - Setting next_dagrun for tutorial_taskflow_api_etl to None
[2022-03-21 05:23:56,714] {processor.py:171} INFO - Processing /home/lowenhard/acceleration/env/lib/python3.8/site-packages/airflow/example_dags/tutorial_taskflow_api_etl.py took 1.256 seconds
[2022-03-21 05:24:57,835] {processor.py:163} INFO - Started process (PID=394) to work on /home/lowenhard/acceleration/env/lib/python3.8/site-packages/airflow/example_dags/tutorial_taskflow_api_etl.py
[2022-03-21 05:24:58,101] {processor.py:642} INFO - Processing file /home/lowenhard/acceleration/env/lib/python3.8/site-packages/airflow/example_dags/tutorial_taskflow_api_etl.py for tasks to queue
[2022-03-21 05:24:58,101] {logging_mixin.py:109} INFO - [2022-03-21 05:24:58,101] {dagbag.py:500} INFO - Filling up the DagBag from /home/lowenhard/acceleration/env/lib/python3.8/site-packages/airflow/example_dags/tutorial_taskflow_api_etl.py
[2022-03-21 05:24:58,127] {processor.py:654} INFO - DAG(s) dict_keys(['tutorial_taskflow_api_etl']) retrieved from /home/lowenhard/acceleration/env/lib/python3.8/site-packages/airflow/example_dags/tutorial_taskflow_api_etl.py
[2022-03-21 05:24:58,328] {logging_mixin.py:109} INFO - [2022-03-21 05:24:58,328] {dag.py:2398} INFO - Sync 1 DAGs
[2022-03-21 05:24:58,440] {logging_mixin.py:109} INFO - [2022-03-21 05:24:58,440] {dag.py:2937} INFO - Setting next_dagrun for tutorial_taskflow_api_etl to None
[2022-03-21 05:24:59,121] {processor.py:171} INFO - Processing /home/lowenhard/acceleration/env/lib/python3.8/site-packages/airflow/example_dags/tutorial_taskflow_api_etl.py took 1.288 seconds
[2022-03-21 05:26:32,778] {processor.py:163} INFO - Started process (PID=432) to work on /home/lowenhard/acceleration/env/lib/python3.8/site-packages/airflow/example_dags/tutorial_taskflow_api_etl.py
[2022-03-21 05:26:32,879] {processor.py:642} INFO - Processing file /home/lowenhard/acceleration/env/lib/python3.8/site-packages/airflow/example_dags/tutorial_taskflow_api_etl.py for tasks to queue
[2022-03-21 05:26:32,880] {logging_mixin.py:109} INFO - [2022-03-21 05:26:32,880] {dagbag.py:500} INFO - Filling up the DagBag from /home/lowenhard/acceleration/env/lib/python3.8/site-packages/airflow/example_dags/tutorial_taskflow_api_etl.py
[2022-03-21 05:26:32,905] {processor.py:654} INFO - DAG(s) dict_keys(['tutorial_taskflow_api_etl']) retrieved from /home/lowenhard/acceleration/env/lib/python3.8/site-packages/airflow/example_dags/tutorial_taskflow_api_etl.py
[2022-03-21 05:26:33,093] {logging_mixin.py:109} INFO - [2022-03-21 05:26:33,093] {dag.py:2398} INFO - Sync 1 DAGs
[2022-03-21 05:26:33,172] {logging_mixin.py:109} INFO - [2022-03-21 05:26:33,172] {dag.py:2937} INFO - Setting next_dagrun for tutorial_taskflow_api_etl to None
[2022-03-21 05:26:34,412] {processor.py:171} INFO - Processing /home/lowenhard/acceleration/env/lib/python3.8/site-packages/airflow/example_dags/tutorial_taskflow_api_etl.py took 1.636 seconds
[2022-03-21 05:27:56,723] {processor.py:163} INFO - Started process (PID=469) to work on /home/lowenhard/acceleration/env/lib/python3.8/site-packages/airflow/example_dags/tutorial_taskflow_api_etl.py
[2022-03-21 05:27:56,734] {processor.py:642} INFO - Processing file /home/lowenhard/acceleration/env/lib/python3.8/site-packages/airflow/example_dags/tutorial_taskflow_api_etl.py for tasks to queue
[2022-03-21 05:27:56,735] {logging_mixin.py:109} INFO - [2022-03-21 05:27:56,735] {dagbag.py:500} INFO - Filling up the DagBag from /home/lowenhard/acceleration/env/lib/python3.8/site-packages/airflow/example_dags/tutorial_taskflow_api_etl.py
[2022-03-21 05:27:56,758] {processor.py:654} INFO - DAG(s) dict_keys(['tutorial_taskflow_api_etl']) retrieved from /home/lowenhard/acceleration/env/lib/python3.8/site-packages/airflow/example_dags/tutorial_taskflow_api_etl.py
[2022-03-21 05:27:57,018] {logging_mixin.py:109} INFO - [2022-03-21 05:27:57,018] {dag.py:2398} INFO - Sync 1 DAGs
[2022-03-21 05:27:57,028] {logging_mixin.py:109} INFO - [2022-03-21 05:27:57,028] {dag.py:2937} INFO - Setting next_dagrun for tutorial_taskflow_api_etl to None
[2022-03-21 05:27:58,570] {processor.py:171} INFO - Processing /home/lowenhard/acceleration/env/lib/python3.8/site-packages/airflow/example_dags/tutorial_taskflow_api_etl.py took 1.849 seconds
[2022-03-21 05:29:15,868] {processor.py:163} INFO - Started process (PID=505) to work on /home/lowenhard/acceleration/env/lib/python3.8/site-packages/airflow/example_dags/tutorial_taskflow_api_etl.py
[2022-03-21 05:29:15,888] {processor.py:642} INFO - Processing file /home/lowenhard/acceleration/env/lib/python3.8/site-packages/airflow/example_dags/tutorial_taskflow_api_etl.py for tasks to queue
[2022-03-21 05:29:15,888] {logging_mixin.py:109} INFO - [2022-03-21 05:29:15,888] {dagbag.py:500} INFO - Filling up the DagBag from /home/lowenhard/acceleration/env/lib/python3.8/site-packages/airflow/example_dags/tutorial_taskflow_api_etl.py
[2022-03-21 05:29:15,912] {processor.py:654} INFO - DAG(s) dict_keys(['tutorial_taskflow_api_etl']) retrieved from /home/lowenhard/acceleration/env/lib/python3.8/site-packages/airflow/example_dags/tutorial_taskflow_api_etl.py
[2022-03-21 05:29:16,190] {logging_mixin.py:109} INFO - [2022-03-21 05:29:16,189] {dag.py:2398} INFO - Sync 1 DAGs
[2022-03-21 05:29:16,200] {logging_mixin.py:109} INFO - [2022-03-21 05:29:16,200] {dag.py:2937} INFO - Setting next_dagrun for tutorial_taskflow_api_etl to None
[2022-03-21 05:29:17,767] {processor.py:171} INFO - Processing /home/lowenhard/acceleration/env/lib/python3.8/site-packages/airflow/example_dags/tutorial_taskflow_api_etl.py took 1.902 seconds
[2022-03-21 05:30:41,941] {processor.py:163} INFO - Started process (PID=548) to work on /home/lowenhard/acceleration/env/lib/python3.8/site-packages/airflow/example_dags/tutorial_taskflow_api_etl.py
[2022-03-21 05:30:41,968] {processor.py:642} INFO - Processing file /home/lowenhard/acceleration/env/lib/python3.8/site-packages/airflow/example_dags/tutorial_taskflow_api_etl.py for tasks to queue
[2022-03-21 05:30:41,969] {logging_mixin.py:109} INFO - [2022-03-21 05:30:41,969] {dagbag.py:500} INFO - Filling up the DagBag from /home/lowenhard/acceleration/env/lib/python3.8/site-packages/airflow/example_dags/tutorial_taskflow_api_etl.py
[2022-03-21 05:30:42,424] {processor.py:654} INFO - DAG(s) dict_keys(['tutorial_taskflow_api_etl']) retrieved from /home/lowenhard/acceleration/env/lib/python3.8/site-packages/airflow/example_dags/tutorial_taskflow_api_etl.py
[2022-03-21 05:30:42,686] {logging_mixin.py:109} INFO - [2022-03-21 05:30:42,686] {dag.py:2398} INFO - Sync 1 DAGs
[2022-03-21 05:30:42,695] {logging_mixin.py:109} INFO - [2022-03-21 05:30:42,695] {dag.py:2937} INFO - Setting next_dagrun for tutorial_taskflow_api_etl to None
[2022-03-21 05:30:44,270] {processor.py:171} INFO - Processing /home/lowenhard/acceleration/env/lib/python3.8/site-packages/airflow/example_dags/tutorial_taskflow_api_etl.py took 2.332 seconds
[2022-03-21 05:32:11,205] {processor.py:163} INFO - Started process (PID=597) to work on /home/lowenhard/acceleration/env/lib/python3.8/site-packages/airflow/example_dags/tutorial_taskflow_api_etl.py
[2022-03-21 05:32:11,735] {processor.py:642} INFO - Processing file /home/lowenhard/acceleration/env/lib/python3.8/site-packages/airflow/example_dags/tutorial_taskflow_api_etl.py for tasks to queue
[2022-03-21 05:32:11,739] {logging_mixin.py:109} INFO - [2022-03-21 05:32:11,738] {dagbag.py:500} INFO - Filling up the DagBag from /home/lowenhard/acceleration/env/lib/python3.8/site-packages/airflow/example_dags/tutorial_taskflow_api_etl.py
[2022-03-21 05:32:12,095] {processor.py:654} INFO - DAG(s) dict_keys(['tutorial_taskflow_api_etl']) retrieved from /home/lowenhard/acceleration/env/lib/python3.8/site-packages/airflow/example_dags/tutorial_taskflow_api_etl.py
[2022-03-21 05:32:12,337] {logging_mixin.py:109} INFO - [2022-03-21 05:32:12,337] {dag.py:2398} INFO - Sync 1 DAGs
[2022-03-21 05:32:12,347] {logging_mixin.py:109} INFO - [2022-03-21 05:32:12,347] {dag.py:2937} INFO - Setting next_dagrun for tutorial_taskflow_api_etl to None
[2022-03-21 05:32:12,556] {processor.py:171} INFO - Processing /home/lowenhard/acceleration/env/lib/python3.8/site-packages/airflow/example_dags/tutorial_taskflow_api_etl.py took 1.354 seconds
[2022-03-21 05:33:37,249] {processor.py:163} INFO - Started process (PID=640) to work on /home/lowenhard/acceleration/env/lib/python3.8/site-packages/airflow/example_dags/tutorial_taskflow_api_etl.py
[2022-03-21 05:33:37,288] {processor.py:642} INFO - Processing file /home/lowenhard/acceleration/env/lib/python3.8/site-packages/airflow/example_dags/tutorial_taskflow_api_etl.py for tasks to queue
[2022-03-21 05:33:37,288] {logging_mixin.py:109} INFO - [2022-03-21 05:33:37,288] {dagbag.py:500} INFO - Filling up the DagBag from /home/lowenhard/acceleration/env/lib/python3.8/site-packages/airflow/example_dags/tutorial_taskflow_api_etl.py
[2022-03-21 05:33:37,311] {processor.py:654} INFO - DAG(s) dict_keys(['tutorial_taskflow_api_etl']) retrieved from /home/lowenhard/acceleration/env/lib/python3.8/site-packages/airflow/example_dags/tutorial_taskflow_api_etl.py
[2022-03-21 05:33:37,567] {logging_mixin.py:109} INFO - [2022-03-21 05:33:37,567] {dag.py:2398} INFO - Sync 1 DAGs
[2022-03-21 05:33:37,580] {logging_mixin.py:109} INFO - [2022-03-21 05:33:37,580] {dag.py:2937} INFO - Setting next_dagrun for tutorial_taskflow_api_etl to None
[2022-03-21 05:33:37,818] {processor.py:171} INFO - Processing /home/lowenhard/acceleration/env/lib/python3.8/site-packages/airflow/example_dags/tutorial_taskflow_api_etl.py took 0.572 seconds
[2022-03-21 05:34:44,436] {processor.py:163} INFO - Started process (PID=687) to work on /home/lowenhard/acceleration/env/lib/python3.8/site-packages/airflow/example_dags/tutorial_taskflow_api_etl.py
[2022-03-21 05:34:44,454] {processor.py:642} INFO - Processing file /home/lowenhard/acceleration/env/lib/python3.8/site-packages/airflow/example_dags/tutorial_taskflow_api_etl.py for tasks to queue
[2022-03-21 05:34:44,455] {logging_mixin.py:109} INFO - [2022-03-21 05:34:44,455] {dagbag.py:500} INFO - Filling up the DagBag from /home/lowenhard/acceleration/env/lib/python3.8/site-packages/airflow/example_dags/tutorial_taskflow_api_etl.py
[2022-03-21 05:34:44,477] {processor.py:654} INFO - DAG(s) dict_keys(['tutorial_taskflow_api_etl']) retrieved from /home/lowenhard/acceleration/env/lib/python3.8/site-packages/airflow/example_dags/tutorial_taskflow_api_etl.py
[2022-03-21 05:34:44,671] {logging_mixin.py:109} INFO - [2022-03-21 05:34:44,670] {dag.py:2398} INFO - Sync 1 DAGs
[2022-03-21 05:34:44,680] {logging_mixin.py:109} INFO - [2022-03-21 05:34:44,680] {dag.py:2937} INFO - Setting next_dagrun for tutorial_taskflow_api_etl to None
[2022-03-21 05:34:44,830] {processor.py:171} INFO - Processing /home/lowenhard/acceleration/env/lib/python3.8/site-packages/airflow/example_dags/tutorial_taskflow_api_etl.py took 0.396 seconds
[2022-03-21 05:35:58,545] {processor.py:163} INFO - Started process (PID=727) to work on /home/lowenhard/acceleration/env/lib/python3.8/site-packages/airflow/example_dags/tutorial_taskflow_api_etl.py
[2022-03-21 05:35:59,406] {processor.py:642} INFO - Processing file /home/lowenhard/acceleration/env/lib/python3.8/site-packages/airflow/example_dags/tutorial_taskflow_api_etl.py for tasks to queue
[2022-03-21 05:35:59,407] {logging_mixin.py:109} INFO - [2022-03-21 05:35:59,407] {dagbag.py:500} INFO - Filling up the DagBag from /home/lowenhard/acceleration/env/lib/python3.8/site-packages/airflow/example_dags/tutorial_taskflow_api_etl.py
[2022-03-21 05:35:59,769] {processor.py:654} INFO - DAG(s) dict_keys(['tutorial_taskflow_api_etl']) retrieved from /home/lowenhard/acceleration/env/lib/python3.8/site-packages/airflow/example_dags/tutorial_taskflow_api_etl.py
[2022-03-21 05:35:59,949] {logging_mixin.py:109} INFO - [2022-03-21 05:35:59,949] {dag.py:2398} INFO - Sync 1 DAGs
[2022-03-21 05:35:59,960] {logging_mixin.py:109} INFO - [2022-03-21 05:35:59,960] {dag.py:2937} INFO - Setting next_dagrun for tutorial_taskflow_api_etl to None
[2022-03-21 05:36:00,146] {processor.py:171} INFO - Processing /home/lowenhard/acceleration/env/lib/python3.8/site-packages/airflow/example_dags/tutorial_taskflow_api_etl.py took 1.604 seconds
[2022-03-21 05:37:27,781] {processor.py:163} INFO - Started process (PID=771) to work on /home/lowenhard/acceleration/env/lib/python3.8/site-packages/airflow/example_dags/tutorial_taskflow_api_etl.py
[2022-03-21 05:37:27,934] {processor.py:642} INFO - Processing file /home/lowenhard/acceleration/env/lib/python3.8/site-packages/airflow/example_dags/tutorial_taskflow_api_etl.py for tasks to queue
[2022-03-21 05:37:27,934] {logging_mixin.py:109} INFO - [2022-03-21 05:37:27,934] {dagbag.py:500} INFO - Filling up the DagBag from /home/lowenhard/acceleration/env/lib/python3.8/site-packages/airflow/example_dags/tutorial_taskflow_api_etl.py
[2022-03-21 05:37:27,958] {processor.py:654} INFO - DAG(s) dict_keys(['tutorial_taskflow_api_etl']) retrieved from /home/lowenhard/acceleration/env/lib/python3.8/site-packages/airflow/example_dags/tutorial_taskflow_api_etl.py
[2022-03-21 05:37:28,155] {logging_mixin.py:109} INFO - [2022-03-21 05:37:28,155] {dag.py:2398} INFO - Sync 1 DAGs
[2022-03-21 05:37:28,167] {logging_mixin.py:109} INFO - [2022-03-21 05:37:28,167] {dag.py:2937} INFO - Setting next_dagrun for tutorial_taskflow_api_etl to None
[2022-03-21 05:37:28,432] {processor.py:171} INFO - Processing /home/lowenhard/acceleration/env/lib/python3.8/site-packages/airflow/example_dags/tutorial_taskflow_api_etl.py took 0.653 seconds
[2022-03-21 05:39:11,645] {processor.py:163} INFO - Started process (PID=812) to work on /home/lowenhard/acceleration/env/lib/python3.8/site-packages/airflow/example_dags/tutorial_taskflow_api_etl.py
[2022-03-21 05:39:11,664] {processor.py:642} INFO - Processing file /home/lowenhard/acceleration/env/lib/python3.8/site-packages/airflow/example_dags/tutorial_taskflow_api_etl.py for tasks to queue
[2022-03-21 05:39:11,666] {logging_mixin.py:109} INFO - [2022-03-21 05:39:11,665] {dagbag.py:500} INFO - Filling up the DagBag from /home/lowenhard/acceleration/env/lib/python3.8/site-packages/airflow/example_dags/tutorial_taskflow_api_etl.py
[2022-03-21 05:39:11,691] {processor.py:654} INFO - DAG(s) dict_keys(['tutorial_taskflow_api_etl']) retrieved from /home/lowenhard/acceleration/env/lib/python3.8/site-packages/airflow/example_dags/tutorial_taskflow_api_etl.py
[2022-03-21 05:39:11,894] {logging_mixin.py:109} INFO - [2022-03-21 05:39:11,894] {dag.py:2398} INFO - Sync 1 DAGs
[2022-03-21 05:39:11,906] {logging_mixin.py:109} INFO - [2022-03-21 05:39:11,905] {dag.py:2937} INFO - Setting next_dagrun for tutorial_taskflow_api_etl to None
[2022-03-21 05:39:12,650] {processor.py:171} INFO - Processing /home/lowenhard/acceleration/env/lib/python3.8/site-packages/airflow/example_dags/tutorial_taskflow_api_etl.py took 1.008 seconds
[2022-03-21 05:40:50,163] {processor.py:163} INFO - Started process (PID=858) to work on /home/lowenhard/acceleration/env/lib/python3.8/site-packages/airflow/example_dags/tutorial_taskflow_api_etl.py
[2022-03-21 05:40:50,172] {processor.py:642} INFO - Processing file /home/lowenhard/acceleration/env/lib/python3.8/site-packages/airflow/example_dags/tutorial_taskflow_api_etl.py for tasks to queue
[2022-03-21 05:40:50,172] {logging_mixin.py:109} INFO - [2022-03-21 05:40:50,172] {dagbag.py:500} INFO - Filling up the DagBag from /home/lowenhard/acceleration/env/lib/python3.8/site-packages/airflow/example_dags/tutorial_taskflow_api_etl.py
[2022-03-21 05:40:50,195] {processor.py:654} INFO - DAG(s) dict_keys(['tutorial_taskflow_api_etl']) retrieved from /home/lowenhard/acceleration/env/lib/python3.8/site-packages/airflow/example_dags/tutorial_taskflow_api_etl.py
[2022-03-21 05:40:50,377] {logging_mixin.py:109} INFO - [2022-03-21 05:40:50,377] {dag.py:2398} INFO - Sync 1 DAGs
[2022-03-21 05:40:50,456] {logging_mixin.py:109} INFO - [2022-03-21 05:40:50,456] {dag.py:2937} INFO - Setting next_dagrun for tutorial_taskflow_api_etl to None
[2022-03-21 05:40:51,070] {processor.py:171} INFO - Processing /home/lowenhard/acceleration/env/lib/python3.8/site-packages/airflow/example_dags/tutorial_taskflow_api_etl.py took 0.909 seconds
[2022-03-21 05:42:16,417] {processor.py:163} INFO - Started process (PID=899) to work on /home/lowenhard/acceleration/env/lib/python3.8/site-packages/airflow/example_dags/tutorial_taskflow_api_etl.py
[2022-03-21 05:42:16,435] {processor.py:642} INFO - Processing file /home/lowenhard/acceleration/env/lib/python3.8/site-packages/airflow/example_dags/tutorial_taskflow_api_etl.py for tasks to queue
[2022-03-21 05:42:16,435] {logging_mixin.py:109} INFO - [2022-03-21 05:42:16,435] {dagbag.py:500} INFO - Filling up the DagBag from /home/lowenhard/acceleration/env/lib/python3.8/site-packages/airflow/example_dags/tutorial_taskflow_api_etl.py
[2022-03-21 05:42:16,458] {processor.py:654} INFO - DAG(s) dict_keys(['tutorial_taskflow_api_etl']) retrieved from /home/lowenhard/acceleration/env/lib/python3.8/site-packages/airflow/example_dags/tutorial_taskflow_api_etl.py
[2022-03-21 05:42:16,651] {logging_mixin.py:109} INFO - [2022-03-21 05:42:16,651] {dag.py:2398} INFO - Sync 1 DAGs
[2022-03-21 05:42:16,726] {logging_mixin.py:109} INFO - [2022-03-21 05:42:16,726] {dag.py:2937} INFO - Setting next_dagrun for tutorial_taskflow_api_etl to None
[2022-03-21 05:42:16,892] {processor.py:171} INFO - Processing /home/lowenhard/acceleration/env/lib/python3.8/site-packages/airflow/example_dags/tutorial_taskflow_api_etl.py took 0.477 seconds
[2022-03-21 05:43:08,974] {processor.py:163} INFO - Started process (PID=925) to work on /home/lowenhard/acceleration/env/lib/python3.8/site-packages/airflow/example_dags/tutorial_taskflow_api_etl.py
[2022-03-21 05:43:09,100] {processor.py:642} INFO - Processing file /home/lowenhard/acceleration/env/lib/python3.8/site-packages/airflow/example_dags/tutorial_taskflow_api_etl.py for tasks to queue
[2022-03-21 05:43:09,101] {logging_mixin.py:109} INFO - [2022-03-21 05:43:09,101] {dagbag.py:500} INFO - Filling up the DagBag from /home/lowenhard/acceleration/env/lib/python3.8/site-packages/airflow/example_dags/tutorial_taskflow_api_etl.py
[2022-03-21 05:43:09,127] {processor.py:654} INFO - DAG(s) dict_keys(['tutorial_taskflow_api_etl']) retrieved from /home/lowenhard/acceleration/env/lib/python3.8/site-packages/airflow/example_dags/tutorial_taskflow_api_etl.py
[2022-03-21 05:43:09,430] {logging_mixin.py:109} INFO - [2022-03-21 05:43:09,430] {dag.py:2398} INFO - Sync 1 DAGs
[2022-03-21 05:43:09,440] {logging_mixin.py:109} INFO - [2022-03-21 05:43:09,440] {dag.py:2937} INFO - Setting next_dagrun for tutorial_taskflow_api_etl to None
[2022-03-21 05:43:09,756] {processor.py:171} INFO - Processing /home/lowenhard/acceleration/env/lib/python3.8/site-packages/airflow/example_dags/tutorial_taskflow_api_etl.py took 0.784 seconds
[2022-03-21 05:44:38,675] {processor.py:163} INFO - Started process (PID=966) to work on /home/lowenhard/acceleration/env/lib/python3.8/site-packages/airflow/example_dags/tutorial_taskflow_api_etl.py
[2022-03-21 05:44:38,780] {processor.py:642} INFO - Processing file /home/lowenhard/acceleration/env/lib/python3.8/site-packages/airflow/example_dags/tutorial_taskflow_api_etl.py for tasks to queue
[2022-03-21 05:44:38,781] {logging_mixin.py:109} INFO - [2022-03-21 05:44:38,781] {dagbag.py:500} INFO - Filling up the DagBag from /home/lowenhard/acceleration/env/lib/python3.8/site-packages/airflow/example_dags/tutorial_taskflow_api_etl.py
[2022-03-21 05:44:38,809] {processor.py:654} INFO - DAG(s) dict_keys(['tutorial_taskflow_api_etl']) retrieved from /home/lowenhard/acceleration/env/lib/python3.8/site-packages/airflow/example_dags/tutorial_taskflow_api_etl.py
[2022-03-21 05:44:39,132] {logging_mixin.py:109} INFO - [2022-03-21 05:44:39,132] {dag.py:2398} INFO - Sync 1 DAGs
[2022-03-21 05:44:39,142] {logging_mixin.py:109} INFO - [2022-03-21 05:44:39,142] {dag.py:2937} INFO - Setting next_dagrun for tutorial_taskflow_api_etl to None
[2022-03-21 05:44:40,518] {processor.py:171} INFO - Processing /home/lowenhard/acceleration/env/lib/python3.8/site-packages/airflow/example_dags/tutorial_taskflow_api_etl.py took 1.845 seconds
[2022-03-21 05:46:05,927] {processor.py:163} INFO - Started process (PID=1006) to work on /home/lowenhard/acceleration/env/lib/python3.8/site-packages/airflow/example_dags/tutorial_taskflow_api_etl.py
[2022-03-21 05:46:06,077] {processor.py:642} INFO - Processing file /home/lowenhard/acceleration/env/lib/python3.8/site-packages/airflow/example_dags/tutorial_taskflow_api_etl.py for tasks to queue
[2022-03-21 05:46:06,078] {logging_mixin.py:109} INFO - [2022-03-21 05:46:06,078] {dagbag.py:500} INFO - Filling up the DagBag from /home/lowenhard/acceleration/env/lib/python3.8/site-packages/airflow/example_dags/tutorial_taskflow_api_etl.py
[2022-03-21 05:46:06,105] {processor.py:654} INFO - DAG(s) dict_keys(['tutorial_taskflow_api_etl']) retrieved from /home/lowenhard/acceleration/env/lib/python3.8/site-packages/airflow/example_dags/tutorial_taskflow_api_etl.py
[2022-03-21 05:46:06,398] {logging_mixin.py:109} INFO - [2022-03-21 05:46:06,397] {dag.py:2398} INFO - Sync 1 DAGs
[2022-03-21 05:46:06,411] {logging_mixin.py:109} INFO - [2022-03-21 05:46:06,410] {dag.py:2937} INFO - Setting next_dagrun for tutorial_taskflow_api_etl to None
[2022-03-21 05:46:07,497] {processor.py:171} INFO - Processing /home/lowenhard/acceleration/env/lib/python3.8/site-packages/airflow/example_dags/tutorial_taskflow_api_etl.py took 1.572 seconds
[2022-03-21 05:47:46,860] {processor.py:163} INFO - Started process (PID=1047) to work on /home/lowenhard/acceleration/env/lib/python3.8/site-packages/airflow/example_dags/tutorial_taskflow_api_etl.py
[2022-03-21 05:47:47,174] {processor.py:642} INFO - Processing file /home/lowenhard/acceleration/env/lib/python3.8/site-packages/airflow/example_dags/tutorial_taskflow_api_etl.py for tasks to queue
[2022-03-21 05:47:47,175] {logging_mixin.py:109} INFO - [2022-03-21 05:47:47,175] {dagbag.py:500} INFO - Filling up the DagBag from /home/lowenhard/acceleration/env/lib/python3.8/site-packages/airflow/example_dags/tutorial_taskflow_api_etl.py
[2022-03-21 05:47:47,214] {processor.py:654} INFO - DAG(s) dict_keys(['tutorial_taskflow_api_etl']) retrieved from /home/lowenhard/acceleration/env/lib/python3.8/site-packages/airflow/example_dags/tutorial_taskflow_api_etl.py
[2022-03-21 05:47:47,586] {logging_mixin.py:109} INFO - [2022-03-21 05:47:47,586] {dag.py:2398} INFO - Sync 1 DAGs
[2022-03-21 05:47:47,595] {logging_mixin.py:109} INFO - [2022-03-21 05:47:47,595] {dag.py:2937} INFO - Setting next_dagrun for tutorial_taskflow_api_etl to None
[2022-03-21 05:47:48,255] {processor.py:171} INFO - Processing /home/lowenhard/acceleration/env/lib/python3.8/site-packages/airflow/example_dags/tutorial_taskflow_api_etl.py took 1.399 seconds
[2022-03-21 05:49:08,558] {processor.py:163} INFO - Started process (PID=1085) to work on /home/lowenhard/acceleration/env/lib/python3.8/site-packages/airflow/example_dags/tutorial_taskflow_api_etl.py
[2022-03-21 05:49:08,573] {processor.py:642} INFO - Processing file /home/lowenhard/acceleration/env/lib/python3.8/site-packages/airflow/example_dags/tutorial_taskflow_api_etl.py for tasks to queue
[2022-03-21 05:49:08,573] {logging_mixin.py:109} INFO - [2022-03-21 05:49:08,573] {dagbag.py:500} INFO - Filling up the DagBag from /home/lowenhard/acceleration/env/lib/python3.8/site-packages/airflow/example_dags/tutorial_taskflow_api_etl.py
[2022-03-21 05:49:08,596] {processor.py:654} INFO - DAG(s) dict_keys(['tutorial_taskflow_api_etl']) retrieved from /home/lowenhard/acceleration/env/lib/python3.8/site-packages/airflow/example_dags/tutorial_taskflow_api_etl.py
[2022-03-21 05:49:08,844] {logging_mixin.py:109} INFO - [2022-03-21 05:49:08,844] {dag.py:2398} INFO - Sync 1 DAGs
[2022-03-21 05:49:08,853] {logging_mixin.py:109} INFO - [2022-03-21 05:49:08,853] {dag.py:2937} INFO - Setting next_dagrun for tutorial_taskflow_api_etl to None
[2022-03-21 05:49:09,005] {processor.py:171} INFO - Processing /home/lowenhard/acceleration/env/lib/python3.8/site-packages/airflow/example_dags/tutorial_taskflow_api_etl.py took 0.450 seconds
[2022-03-21 05:50:01,697] {processor.py:163} INFO - Started process (PID=1108) to work on /home/lowenhard/acceleration/env/lib/python3.8/site-packages/airflow/example_dags/tutorial_taskflow_api_etl.py
[2022-03-21 05:50:01,971] {processor.py:642} INFO - Processing file /home/lowenhard/acceleration/env/lib/python3.8/site-packages/airflow/example_dags/tutorial_taskflow_api_etl.py for tasks to queue
[2022-03-21 05:50:01,972] {logging_mixin.py:109} INFO - [2022-03-21 05:50:01,972] {dagbag.py:500} INFO - Filling up the DagBag from /home/lowenhard/acceleration/env/lib/python3.8/site-packages/airflow/example_dags/tutorial_taskflow_api_etl.py
[2022-03-21 05:50:01,996] {processor.py:654} INFO - DAG(s) dict_keys(['tutorial_taskflow_api_etl']) retrieved from /home/lowenhard/acceleration/env/lib/python3.8/site-packages/airflow/example_dags/tutorial_taskflow_api_etl.py
[2022-03-21 05:50:02,276] {logging_mixin.py:109} INFO - [2022-03-21 05:50:02,276] {dag.py:2398} INFO - Sync 1 DAGs
[2022-03-21 05:50:02,286] {logging_mixin.py:109} INFO - [2022-03-21 05:50:02,286] {dag.py:2937} INFO - Setting next_dagrun for tutorial_taskflow_api_etl to None
[2022-03-21 05:50:02,469] {processor.py:171} INFO - Processing /home/lowenhard/acceleration/env/lib/python3.8/site-packages/airflow/example_dags/tutorial_taskflow_api_etl.py took 0.775 seconds
[2022-03-21 05:51:52,921] {processor.py:163} INFO - Started process (PID=1154) to work on /home/lowenhard/acceleration/env/lib/python3.8/site-packages/airflow/example_dags/tutorial_taskflow_api_etl.py
[2022-03-21 05:51:52,930] {processor.py:642} INFO - Processing file /home/lowenhard/acceleration/env/lib/python3.8/site-packages/airflow/example_dags/tutorial_taskflow_api_etl.py for tasks to queue
[2022-03-21 05:51:52,930] {logging_mixin.py:109} INFO - [2022-03-21 05:51:52,930] {dagbag.py:500} INFO - Filling up the DagBag from /home/lowenhard/acceleration/env/lib/python3.8/site-packages/airflow/example_dags/tutorial_taskflow_api_etl.py
[2022-03-21 05:51:52,953] {processor.py:654} INFO - DAG(s) dict_keys(['tutorial_taskflow_api_etl']) retrieved from /home/lowenhard/acceleration/env/lib/python3.8/site-packages/airflow/example_dags/tutorial_taskflow_api_etl.py
[2022-03-21 05:51:53,236] {logging_mixin.py:109} INFO - [2022-03-21 05:51:53,236] {dag.py:2398} INFO - Sync 1 DAGs
[2022-03-21 05:51:53,245] {logging_mixin.py:109} INFO - [2022-03-21 05:51:53,245] {dag.py:2937} INFO - Setting next_dagrun for tutorial_taskflow_api_etl to None
[2022-03-21 05:51:55,022] {processor.py:171} INFO - Processing /home/lowenhard/acceleration/env/lib/python3.8/site-packages/airflow/example_dags/tutorial_taskflow_api_etl.py took 2.104 seconds
[2022-03-21 05:53:28,497] {processor.py:163} INFO - Started process (PID=1194) to work on /home/lowenhard/acceleration/env/lib/python3.8/site-packages/airflow/example_dags/tutorial_taskflow_api_etl.py
[2022-03-21 05:53:28,518] {processor.py:642} INFO - Processing file /home/lowenhard/acceleration/env/lib/python3.8/site-packages/airflow/example_dags/tutorial_taskflow_api_etl.py for tasks to queue
[2022-03-21 05:53:28,519] {logging_mixin.py:109} INFO - [2022-03-21 05:53:28,518] {dagbag.py:500} INFO - Filling up the DagBag from /home/lowenhard/acceleration/env/lib/python3.8/site-packages/airflow/example_dags/tutorial_taskflow_api_etl.py
[2022-03-21 05:53:28,545] {processor.py:654} INFO - DAG(s) dict_keys(['tutorial_taskflow_api_etl']) retrieved from /home/lowenhard/acceleration/env/lib/python3.8/site-packages/airflow/example_dags/tutorial_taskflow_api_etl.py
[2022-03-21 05:53:28,811] {logging_mixin.py:109} INFO - [2022-03-21 05:53:28,811] {dag.py:2398} INFO - Sync 1 DAGs
[2022-03-21 05:53:28,821] {logging_mixin.py:109} INFO - [2022-03-21 05:53:28,821] {dag.py:2937} INFO - Setting next_dagrun for tutorial_taskflow_api_etl to None
[2022-03-21 05:53:29,055] {processor.py:171} INFO - Processing /home/lowenhard/acceleration/env/lib/python3.8/site-packages/airflow/example_dags/tutorial_taskflow_api_etl.py took 0.560 seconds
[2022-03-21 05:55:02,268] {processor.py:163} INFO - Started process (PID=1234) to work on /home/lowenhard/acceleration/env/lib/python3.8/site-packages/airflow/example_dags/tutorial_taskflow_api_etl.py
[2022-03-21 05:55:02,281] {processor.py:642} INFO - Processing file /home/lowenhard/acceleration/env/lib/python3.8/site-packages/airflow/example_dags/tutorial_taskflow_api_etl.py for tasks to queue
[2022-03-21 05:55:02,281] {logging_mixin.py:109} INFO - [2022-03-21 05:55:02,281] {dagbag.py:500} INFO - Filling up the DagBag from /home/lowenhard/acceleration/env/lib/python3.8/site-packages/airflow/example_dags/tutorial_taskflow_api_etl.py
[2022-03-21 05:55:02,318] {processor.py:654} INFO - DAG(s) dict_keys(['tutorial_taskflow_api_etl']) retrieved from /home/lowenhard/acceleration/env/lib/python3.8/site-packages/airflow/example_dags/tutorial_taskflow_api_etl.py
[2022-03-21 05:55:03,431] {logging_mixin.py:109} INFO - [2022-03-21 05:55:03,431] {dag.py:2398} INFO - Sync 1 DAGs
[2022-03-21 05:55:03,454] {logging_mixin.py:109} INFO - [2022-03-21 05:55:03,453] {dag.py:2937} INFO - Setting next_dagrun for tutorial_taskflow_api_etl to None
[2022-03-21 05:55:03,601] {processor.py:171} INFO - Processing /home/lowenhard/acceleration/env/lib/python3.8/site-packages/airflow/example_dags/tutorial_taskflow_api_etl.py took 1.337 seconds
[2022-03-21 05:56:36,585] {processor.py:163} INFO - Started process (PID=1274) to work on /home/lowenhard/acceleration/env/lib/python3.8/site-packages/airflow/example_dags/tutorial_taskflow_api_etl.py
[2022-03-21 05:56:36,638] {processor.py:642} INFO - Processing file /home/lowenhard/acceleration/env/lib/python3.8/site-packages/airflow/example_dags/tutorial_taskflow_api_etl.py for tasks to queue
[2022-03-21 05:56:36,639] {logging_mixin.py:109} INFO - [2022-03-21 05:56:36,639] {dagbag.py:500} INFO - Filling up the DagBag from /home/lowenhard/acceleration/env/lib/python3.8/site-packages/airflow/example_dags/tutorial_taskflow_api_etl.py
[2022-03-21 05:56:36,678] {processor.py:654} INFO - DAG(s) dict_keys(['tutorial_taskflow_api_etl']) retrieved from /home/lowenhard/acceleration/env/lib/python3.8/site-packages/airflow/example_dags/tutorial_taskflow_api_etl.py
[2022-03-21 05:56:37,033] {logging_mixin.py:109} INFO - [2022-03-21 05:56:37,033] {dag.py:2398} INFO - Sync 1 DAGs
[2022-03-21 05:56:37,050] {logging_mixin.py:109} INFO - [2022-03-21 05:56:37,050] {dag.py:2937} INFO - Setting next_dagrun for tutorial_taskflow_api_etl to None
[2022-03-21 05:56:37,598] {processor.py:171} INFO - Processing /home/lowenhard/acceleration/env/lib/python3.8/site-packages/airflow/example_dags/tutorial_taskflow_api_etl.py took 1.017 seconds
[2022-03-21 05:58:23,393] {processor.py:163} INFO - Started process (PID=1316) to work on /home/lowenhard/acceleration/env/lib/python3.8/site-packages/airflow/example_dags/tutorial_taskflow_api_etl.py
[2022-03-21 05:58:23,410] {processor.py:642} INFO - Processing file /home/lowenhard/acceleration/env/lib/python3.8/site-packages/airflow/example_dags/tutorial_taskflow_api_etl.py for tasks to queue
[2022-03-21 05:58:23,411] {logging_mixin.py:109} INFO - [2022-03-21 05:58:23,410] {dagbag.py:500} INFO - Filling up the DagBag from /home/lowenhard/acceleration/env/lib/python3.8/site-packages/airflow/example_dags/tutorial_taskflow_api_etl.py
[2022-03-21 05:58:23,450] {processor.py:654} INFO - DAG(s) dict_keys(['tutorial_taskflow_api_etl']) retrieved from /home/lowenhard/acceleration/env/lib/python3.8/site-packages/airflow/example_dags/tutorial_taskflow_api_etl.py
[2022-03-21 05:58:23,823] {logging_mixin.py:109} INFO - [2022-03-21 05:58:23,822] {dag.py:2398} INFO - Sync 1 DAGs
[2022-03-21 05:58:23,837] {logging_mixin.py:109} INFO - [2022-03-21 05:58:23,837] {dag.py:2937} INFO - Setting next_dagrun for tutorial_taskflow_api_etl to None
[2022-03-21 05:58:24,689] {processor.py:171} INFO - Processing /home/lowenhard/acceleration/env/lib/python3.8/site-packages/airflow/example_dags/tutorial_taskflow_api_etl.py took 1.299 seconds
[2022-03-21 05:59:58,862] {processor.py:163} INFO - Started process (PID=1356) to work on /home/lowenhard/acceleration/env/lib/python3.8/site-packages/airflow/example_dags/tutorial_taskflow_api_etl.py
[2022-03-21 05:59:58,934] {processor.py:642} INFO - Processing file /home/lowenhard/acceleration/env/lib/python3.8/site-packages/airflow/example_dags/tutorial_taskflow_api_etl.py for tasks to queue
[2022-03-21 05:59:58,935] {logging_mixin.py:109} INFO - [2022-03-21 05:59:58,934] {dagbag.py:500} INFO - Filling up the DagBag from /home/lowenhard/acceleration/env/lib/python3.8/site-packages/airflow/example_dags/tutorial_taskflow_api_etl.py
[2022-03-21 05:59:58,964] {processor.py:654} INFO - DAG(s) dict_keys(['tutorial_taskflow_api_etl']) retrieved from /home/lowenhard/acceleration/env/lib/python3.8/site-packages/airflow/example_dags/tutorial_taskflow_api_etl.py
[2022-03-21 05:59:59,218] {logging_mixin.py:109} INFO - [2022-03-21 05:59:59,218] {dag.py:2398} INFO - Sync 1 DAGs
[2022-03-21 05:59:59,226] {logging_mixin.py:109} INFO - [2022-03-21 05:59:59,226] {dag.py:2937} INFO - Setting next_dagrun for tutorial_taskflow_api_etl to None
[2022-03-21 06:00:00,290] {processor.py:171} INFO - Processing /home/lowenhard/acceleration/env/lib/python3.8/site-packages/airflow/example_dags/tutorial_taskflow_api_etl.py took 1.430 seconds
[2022-03-21 06:01:17,113] {processor.py:163} INFO - Started process (PID=1394) to work on /home/lowenhard/acceleration/env/lib/python3.8/site-packages/airflow/example_dags/tutorial_taskflow_api_etl.py
[2022-03-21 06:01:17,563] {processor.py:642} INFO - Processing file /home/lowenhard/acceleration/env/lib/python3.8/site-packages/airflow/example_dags/tutorial_taskflow_api_etl.py for tasks to queue
[2022-03-21 06:01:17,563] {logging_mixin.py:109} INFO - [2022-03-21 06:01:17,563] {dagbag.py:500} INFO - Filling up the DagBag from /home/lowenhard/acceleration/env/lib/python3.8/site-packages/airflow/example_dags/tutorial_taskflow_api_etl.py
[2022-03-21 06:01:17,587] {processor.py:654} INFO - DAG(s) dict_keys(['tutorial_taskflow_api_etl']) retrieved from /home/lowenhard/acceleration/env/lib/python3.8/site-packages/airflow/example_dags/tutorial_taskflow_api_etl.py
[2022-03-21 06:01:17,837] {logging_mixin.py:109} INFO - [2022-03-21 06:01:17,837] {dag.py:2398} INFO - Sync 1 DAGs
[2022-03-21 06:01:17,845] {logging_mixin.py:109} INFO - [2022-03-21 06:01:17,845] {dag.py:2937} INFO - Setting next_dagrun for tutorial_taskflow_api_etl to None
[2022-03-21 06:01:18,027] {processor.py:171} INFO - Processing /home/lowenhard/acceleration/env/lib/python3.8/site-packages/airflow/example_dags/tutorial_taskflow_api_etl.py took 0.916 seconds
[2022-03-21 06:02:58,108] {processor.py:163} INFO - Started process (PID=1436) to work on /home/lowenhard/acceleration/env/lib/python3.8/site-packages/airflow/example_dags/tutorial_taskflow_api_etl.py
[2022-03-21 06:02:58,475] {processor.py:642} INFO - Processing file /home/lowenhard/acceleration/env/lib/python3.8/site-packages/airflow/example_dags/tutorial_taskflow_api_etl.py for tasks to queue
[2022-03-21 06:02:58,476] {logging_mixin.py:109} INFO - [2022-03-21 06:02:58,476] {dagbag.py:500} INFO - Filling up the DagBag from /home/lowenhard/acceleration/env/lib/python3.8/site-packages/airflow/example_dags/tutorial_taskflow_api_etl.py
[2022-03-21 06:02:58,732] {processor.py:654} INFO - DAG(s) dict_keys(['tutorial_taskflow_api_etl']) retrieved from /home/lowenhard/acceleration/env/lib/python3.8/site-packages/airflow/example_dags/tutorial_taskflow_api_etl.py
[2022-03-21 06:02:59,038] {logging_mixin.py:109} INFO - [2022-03-21 06:02:59,038] {dag.py:2398} INFO - Sync 1 DAGs
[2022-03-21 06:02:59,048] {logging_mixin.py:109} INFO - [2022-03-21 06:02:59,048] {dag.py:2937} INFO - Setting next_dagrun for tutorial_taskflow_api_etl to None
[2022-03-21 06:02:59,218] {processor.py:171} INFO - Processing /home/lowenhard/acceleration/env/lib/python3.8/site-packages/airflow/example_dags/tutorial_taskflow_api_etl.py took 1.112 seconds
[2022-03-21 06:04:26,409] {processor.py:163} INFO - Started process (PID=1475) to work on /home/lowenhard/acceleration/env/lib/python3.8/site-packages/airflow/example_dags/tutorial_taskflow_api_etl.py
[2022-03-21 06:04:26,580] {processor.py:642} INFO - Processing file /home/lowenhard/acceleration/env/lib/python3.8/site-packages/airflow/example_dags/tutorial_taskflow_api_etl.py for tasks to queue
[2022-03-21 06:04:26,581] {logging_mixin.py:109} INFO - [2022-03-21 06:04:26,581] {dagbag.py:500} INFO - Filling up the DagBag from /home/lowenhard/acceleration/env/lib/python3.8/site-packages/airflow/example_dags/tutorial_taskflow_api_etl.py
[2022-03-21 06:04:26,606] {processor.py:654} INFO - DAG(s) dict_keys(['tutorial_taskflow_api_etl']) retrieved from /home/lowenhard/acceleration/env/lib/python3.8/site-packages/airflow/example_dags/tutorial_taskflow_api_etl.py
[2022-03-21 06:04:26,892] {logging_mixin.py:109} INFO - [2022-03-21 06:04:26,891] {dag.py:2398} INFO - Sync 1 DAGs
[2022-03-21 06:04:26,931] {logging_mixin.py:109} INFO - [2022-03-21 06:04:26,931] {dag.py:2937} INFO - Setting next_dagrun for tutorial_taskflow_api_etl to None
[2022-03-21 06:04:28,038] {processor.py:171} INFO - Processing /home/lowenhard/acceleration/env/lib/python3.8/site-packages/airflow/example_dags/tutorial_taskflow_api_etl.py took 1.632 seconds
[2022-03-21 06:06:00,268] {processor.py:163} INFO - Started process (PID=1516) to work on /home/lowenhard/acceleration/env/lib/python3.8/site-packages/airflow/example_dags/tutorial_taskflow_api_etl.py
[2022-03-21 06:06:00,306] {processor.py:642} INFO - Processing file /home/lowenhard/acceleration/env/lib/python3.8/site-packages/airflow/example_dags/tutorial_taskflow_api_etl.py for tasks to queue
[2022-03-21 06:06:00,306] {logging_mixin.py:109} INFO - [2022-03-21 06:06:00,306] {dagbag.py:500} INFO - Filling up the DagBag from /home/lowenhard/acceleration/env/lib/python3.8/site-packages/airflow/example_dags/tutorial_taskflow_api_etl.py
[2022-03-21 06:06:00,330] {processor.py:654} INFO - DAG(s) dict_keys(['tutorial_taskflow_api_etl']) retrieved from /home/lowenhard/acceleration/env/lib/python3.8/site-packages/airflow/example_dags/tutorial_taskflow_api_etl.py
[2022-03-21 06:06:00,598] {logging_mixin.py:109} INFO - [2022-03-21 06:06:00,598] {dag.py:2398} INFO - Sync 1 DAGs
[2022-03-21 06:06:00,607] {logging_mixin.py:109} INFO - [2022-03-21 06:06:00,607] {dag.py:2937} INFO - Setting next_dagrun for tutorial_taskflow_api_etl to None
[2022-03-21 06:06:02,243] {processor.py:171} INFO - Processing /home/lowenhard/acceleration/env/lib/python3.8/site-packages/airflow/example_dags/tutorial_taskflow_api_etl.py took 1.977 seconds
[2022-03-21 06:07:37,434] {processor.py:163} INFO - Started process (PID=1556) to work on /home/lowenhard/acceleration/env/lib/python3.8/site-packages/airflow/example_dags/tutorial_taskflow_api_etl.py
[2022-03-21 06:07:37,457] {processor.py:642} INFO - Processing file /home/lowenhard/acceleration/env/lib/python3.8/site-packages/airflow/example_dags/tutorial_taskflow_api_etl.py for tasks to queue
[2022-03-21 06:07:37,458] {logging_mixin.py:109} INFO - [2022-03-21 06:07:37,458] {dagbag.py:500} INFO - Filling up the DagBag from /home/lowenhard/acceleration/env/lib/python3.8/site-packages/airflow/example_dags/tutorial_taskflow_api_etl.py
[2022-03-21 06:07:37,482] {processor.py:654} INFO - DAG(s) dict_keys(['tutorial_taskflow_api_etl']) retrieved from /home/lowenhard/acceleration/env/lib/python3.8/site-packages/airflow/example_dags/tutorial_taskflow_api_etl.py
[2022-03-21 06:07:37,745] {logging_mixin.py:109} INFO - [2022-03-21 06:07:37,745] {dag.py:2398} INFO - Sync 1 DAGs
[2022-03-21 06:07:37,753] {logging_mixin.py:109} INFO - [2022-03-21 06:07:37,753] {dag.py:2937} INFO - Setting next_dagrun for tutorial_taskflow_api_etl to None
[2022-03-21 06:07:37,954] {processor.py:171} INFO - Processing /home/lowenhard/acceleration/env/lib/python3.8/site-packages/airflow/example_dags/tutorial_taskflow_api_etl.py took 0.522 seconds
[2022-03-21 06:09:00,594] {processor.py:163} INFO - Started process (PID=1594) to work on /home/lowenhard/acceleration/env/lib/python3.8/site-packages/airflow/example_dags/tutorial_taskflow_api_etl.py
[2022-03-21 06:09:00,716] {processor.py:642} INFO - Processing file /home/lowenhard/acceleration/env/lib/python3.8/site-packages/airflow/example_dags/tutorial_taskflow_api_etl.py for tasks to queue
[2022-03-21 06:09:00,717] {logging_mixin.py:109} INFO - [2022-03-21 06:09:00,716] {dagbag.py:500} INFO - Filling up the DagBag from /home/lowenhard/acceleration/env/lib/python3.8/site-packages/airflow/example_dags/tutorial_taskflow_api_etl.py
[2022-03-21 06:09:00,740] {processor.py:654} INFO - DAG(s) dict_keys(['tutorial_taskflow_api_etl']) retrieved from /home/lowenhard/acceleration/env/lib/python3.8/site-packages/airflow/example_dags/tutorial_taskflow_api_etl.py
[2022-03-21 06:09:00,993] {logging_mixin.py:109} INFO - [2022-03-21 06:09:00,993] {dag.py:2398} INFO - Sync 1 DAGs
[2022-03-21 06:09:01,002] {logging_mixin.py:109} INFO - [2022-03-21 06:09:01,002] {dag.py:2937} INFO - Setting next_dagrun for tutorial_taskflow_api_etl to None
[2022-03-21 06:09:01,534] {processor.py:171} INFO - Processing /home/lowenhard/acceleration/env/lib/python3.8/site-packages/airflow/example_dags/tutorial_taskflow_api_etl.py took 0.943 seconds
[2022-03-21 06:10:12,261] {processor.py:163} INFO - Started process (PID=1630) to work on /home/lowenhard/acceleration/env/lib/python3.8/site-packages/airflow/example_dags/tutorial_taskflow_api_etl.py
[2022-03-21 06:10:12,605] {processor.py:642} INFO - Processing file /home/lowenhard/acceleration/env/lib/python3.8/site-packages/airflow/example_dags/tutorial_taskflow_api_etl.py for tasks to queue
[2022-03-21 06:10:12,606] {logging_mixin.py:109} INFO - [2022-03-21 06:10:12,606] {dagbag.py:500} INFO - Filling up the DagBag from /home/lowenhard/acceleration/env/lib/python3.8/site-packages/airflow/example_dags/tutorial_taskflow_api_etl.py
[2022-03-21 06:10:12,629] {processor.py:654} INFO - DAG(s) dict_keys(['tutorial_taskflow_api_etl']) retrieved from /home/lowenhard/acceleration/env/lib/python3.8/site-packages/airflow/example_dags/tutorial_taskflow_api_etl.py
[2022-03-21 06:10:12,886] {logging_mixin.py:109} INFO - [2022-03-21 06:10:12,886] {dag.py:2398} INFO - Sync 1 DAGs
[2022-03-21 06:10:12,895] {logging_mixin.py:109} INFO - [2022-03-21 06:10:12,895] {dag.py:2937} INFO - Setting next_dagrun for tutorial_taskflow_api_etl to None
[2022-03-21 06:10:13,740] {processor.py:171} INFO - Processing /home/lowenhard/acceleration/env/lib/python3.8/site-packages/airflow/example_dags/tutorial_taskflow_api_etl.py took 1.481 seconds
[2022-03-21 06:11:40,579] {processor.py:163} INFO - Started process (PID=1669) to work on /home/lowenhard/acceleration/env/lib/python3.8/site-packages/airflow/example_dags/tutorial_taskflow_api_etl.py
[2022-03-21 06:11:40,681] {processor.py:642} INFO - Processing file /home/lowenhard/acceleration/env/lib/python3.8/site-packages/airflow/example_dags/tutorial_taskflow_api_etl.py for tasks to queue
[2022-03-21 06:11:40,682] {logging_mixin.py:109} INFO - [2022-03-21 06:11:40,682] {dagbag.py:500} INFO - Filling up the DagBag from /home/lowenhard/acceleration/env/lib/python3.8/site-packages/airflow/example_dags/tutorial_taskflow_api_etl.py
[2022-03-21 06:11:40,706] {processor.py:654} INFO - DAG(s) dict_keys(['tutorial_taskflow_api_etl']) retrieved from /home/lowenhard/acceleration/env/lib/python3.8/site-packages/airflow/example_dags/tutorial_taskflow_api_etl.py
[2022-03-21 06:11:41,003] {logging_mixin.py:109} INFO - [2022-03-21 06:11:41,003] {dag.py:2398} INFO - Sync 1 DAGs
[2022-03-21 06:11:41,011] {logging_mixin.py:109} INFO - [2022-03-21 06:11:41,011] {dag.py:2937} INFO - Setting next_dagrun for tutorial_taskflow_api_etl to None
[2022-03-21 06:11:41,452] {processor.py:171} INFO - Processing /home/lowenhard/acceleration/env/lib/python3.8/site-packages/airflow/example_dags/tutorial_taskflow_api_etl.py took 0.876 seconds
[2022-03-21 06:12:55,366] {processor.py:163} INFO - Started process (PID=1706) to work on /home/lowenhard/acceleration/env/lib/python3.8/site-packages/airflow/example_dags/tutorial_taskflow_api_etl.py
[2022-03-21 06:12:55,381] {processor.py:642} INFO - Processing file /home/lowenhard/acceleration/env/lib/python3.8/site-packages/airflow/example_dags/tutorial_taskflow_api_etl.py for tasks to queue
[2022-03-21 06:12:55,381] {logging_mixin.py:109} INFO - [2022-03-21 06:12:55,381] {dagbag.py:500} INFO - Filling up the DagBag from /home/lowenhard/acceleration/env/lib/python3.8/site-packages/airflow/example_dags/tutorial_taskflow_api_etl.py
[2022-03-21 06:12:55,404] {processor.py:654} INFO - DAG(s) dict_keys(['tutorial_taskflow_api_etl']) retrieved from /home/lowenhard/acceleration/env/lib/python3.8/site-packages/airflow/example_dags/tutorial_taskflow_api_etl.py
[2022-03-21 06:12:55,659] {logging_mixin.py:109} INFO - [2022-03-21 06:12:55,659] {dag.py:2398} INFO - Sync 1 DAGs
[2022-03-21 06:12:55,671] {logging_mixin.py:109} INFO - [2022-03-21 06:12:55,671] {dag.py:2937} INFO - Setting next_dagrun for tutorial_taskflow_api_etl to None
[2022-03-21 06:12:55,859] {processor.py:171} INFO - Processing /home/lowenhard/acceleration/env/lib/python3.8/site-packages/airflow/example_dags/tutorial_taskflow_api_etl.py took 0.495 seconds
[2022-03-21 06:14:21,000] {processor.py:163} INFO - Started process (PID=1744) to work on /home/lowenhard/acceleration/env/lib/python3.8/site-packages/airflow/example_dags/tutorial_taskflow_api_etl.py
[2022-03-21 06:14:21,016] {processor.py:642} INFO - Processing file /home/lowenhard/acceleration/env/lib/python3.8/site-packages/airflow/example_dags/tutorial_taskflow_api_etl.py for tasks to queue
[2022-03-21 06:14:21,017] {logging_mixin.py:109} INFO - [2022-03-21 06:14:21,017] {dagbag.py:500} INFO - Filling up the DagBag from /home/lowenhard/acceleration/env/lib/python3.8/site-packages/airflow/example_dags/tutorial_taskflow_api_etl.py
[2022-03-21 06:14:21,041] {processor.py:654} INFO - DAG(s) dict_keys(['tutorial_taskflow_api_etl']) retrieved from /home/lowenhard/acceleration/env/lib/python3.8/site-packages/airflow/example_dags/tutorial_taskflow_api_etl.py
[2022-03-21 06:14:21,286] {logging_mixin.py:109} INFO - [2022-03-21 06:14:21,286] {dag.py:2398} INFO - Sync 1 DAGs
[2022-03-21 06:14:21,298] {logging_mixin.py:109} INFO - [2022-03-21 06:14:21,298] {dag.py:2937} INFO - Setting next_dagrun for tutorial_taskflow_api_etl to None
[2022-03-21 06:14:22,916] {processor.py:171} INFO - Processing /home/lowenhard/acceleration/env/lib/python3.8/site-packages/airflow/example_dags/tutorial_taskflow_api_etl.py took 1.918 seconds
[2022-03-21 06:15:47,649] {processor.py:163} INFO - Started process (PID=1782) to work on /home/lowenhard/acceleration/env/lib/python3.8/site-packages/airflow/example_dags/tutorial_taskflow_api_etl.py
[2022-03-21 06:15:47,652] {processor.py:642} INFO - Processing file /home/lowenhard/acceleration/env/lib/python3.8/site-packages/airflow/example_dags/tutorial_taskflow_api_etl.py for tasks to queue
[2022-03-21 06:15:47,652] {logging_mixin.py:109} INFO - [2022-03-21 06:15:47,652] {dagbag.py:500} INFO - Filling up the DagBag from /home/lowenhard/acceleration/env/lib/python3.8/site-packages/airflow/example_dags/tutorial_taskflow_api_etl.py
[2022-03-21 06:15:47,675] {processor.py:654} INFO - DAG(s) dict_keys(['tutorial_taskflow_api_etl']) retrieved from /home/lowenhard/acceleration/env/lib/python3.8/site-packages/airflow/example_dags/tutorial_taskflow_api_etl.py
[2022-03-21 06:15:47,927] {logging_mixin.py:109} INFO - [2022-03-21 06:15:47,927] {dag.py:2398} INFO - Sync 1 DAGs
[2022-03-21 06:15:47,935] {logging_mixin.py:109} INFO - [2022-03-21 06:15:47,935] {dag.py:2937} INFO - Setting next_dagrun for tutorial_taskflow_api_etl to None
[2022-03-21 06:15:49,542] {processor.py:171} INFO - Processing /home/lowenhard/acceleration/env/lib/python3.8/site-packages/airflow/example_dags/tutorial_taskflow_api_etl.py took 1.895 seconds
[2022-03-21 06:17:22,887] {processor.py:163} INFO - Started process (PID=1822) to work on /home/lowenhard/acceleration/env/lib/python3.8/site-packages/airflow/example_dags/tutorial_taskflow_api_etl.py
[2022-03-21 06:17:23,082] {processor.py:642} INFO - Processing file /home/lowenhard/acceleration/env/lib/python3.8/site-packages/airflow/example_dags/tutorial_taskflow_api_etl.py for tasks to queue
[2022-03-21 06:17:23,082] {logging_mixin.py:109} INFO - [2022-03-21 06:17:23,082] {dagbag.py:500} INFO - Filling up the DagBag from /home/lowenhard/acceleration/env/lib/python3.8/site-packages/airflow/example_dags/tutorial_taskflow_api_etl.py
[2022-03-21 06:17:23,107] {processor.py:654} INFO - DAG(s) dict_keys(['tutorial_taskflow_api_etl']) retrieved from /home/lowenhard/acceleration/env/lib/python3.8/site-packages/airflow/example_dags/tutorial_taskflow_api_etl.py
[2022-03-21 06:17:23,424] {logging_mixin.py:109} INFO - [2022-03-21 06:17:23,424] {dag.py:2398} INFO - Sync 1 DAGs
[2022-03-21 06:17:23,436] {logging_mixin.py:109} INFO - [2022-03-21 06:17:23,436] {dag.py:2937} INFO - Setting next_dagrun for tutorial_taskflow_api_etl to None
[2022-03-21 06:17:24,366] {processor.py:171} INFO - Processing /home/lowenhard/acceleration/env/lib/python3.8/site-packages/airflow/example_dags/tutorial_taskflow_api_etl.py took 1.482 seconds
[2022-03-21 06:18:51,346] {processor.py:163} INFO - Started process (PID=1861) to work on /home/lowenhard/acceleration/env/lib/python3.8/site-packages/airflow/example_dags/tutorial_taskflow_api_etl.py
[2022-03-21 06:18:51,372] {processor.py:642} INFO - Processing file /home/lowenhard/acceleration/env/lib/python3.8/site-packages/airflow/example_dags/tutorial_taskflow_api_etl.py for tasks to queue
[2022-03-21 06:18:51,373] {logging_mixin.py:109} INFO - [2022-03-21 06:18:51,373] {dagbag.py:500} INFO - Filling up the DagBag from /home/lowenhard/acceleration/env/lib/python3.8/site-packages/airflow/example_dags/tutorial_taskflow_api_etl.py
[2022-03-21 06:18:51,396] {processor.py:654} INFO - DAG(s) dict_keys(['tutorial_taskflow_api_etl']) retrieved from /home/lowenhard/acceleration/env/lib/python3.8/site-packages/airflow/example_dags/tutorial_taskflow_api_etl.py
[2022-03-21 06:18:51,672] {logging_mixin.py:109} INFO - [2022-03-21 06:18:51,671] {dag.py:2398} INFO - Sync 1 DAGs
[2022-03-21 06:18:51,683] {logging_mixin.py:109} INFO - [2022-03-21 06:18:51,683] {dag.py:2937} INFO - Setting next_dagrun for tutorial_taskflow_api_etl to None
[2022-03-21 06:18:51,859] {processor.py:171} INFO - Processing /home/lowenhard/acceleration/env/lib/python3.8/site-packages/airflow/example_dags/tutorial_taskflow_api_etl.py took 0.516 seconds
[2022-03-21 06:20:09,444] {processor.py:163} INFO - Started process (PID=1898) to work on /home/lowenhard/acceleration/env/lib/python3.8/site-packages/airflow/example_dags/tutorial_taskflow_api_etl.py
[2022-03-21 06:20:09,921] {processor.py:642} INFO - Processing file /home/lowenhard/acceleration/env/lib/python3.8/site-packages/airflow/example_dags/tutorial_taskflow_api_etl.py for tasks to queue
[2022-03-21 06:20:09,955] {logging_mixin.py:109} INFO - [2022-03-21 06:20:09,955] {dagbag.py:500} INFO - Filling up the DagBag from /home/lowenhard/acceleration/env/lib/python3.8/site-packages/airflow/example_dags/tutorial_taskflow_api_etl.py
[2022-03-21 06:20:10,814] {processor.py:654} INFO - DAG(s) dict_keys(['tutorial_taskflow_api_etl']) retrieved from /home/lowenhard/acceleration/env/lib/python3.8/site-packages/airflow/example_dags/tutorial_taskflow_api_etl.py
[2022-03-21 06:20:11,064] {logging_mixin.py:109} INFO - [2022-03-21 06:20:11,063] {dag.py:2398} INFO - Sync 1 DAGs
[2022-03-21 06:20:11,073] {logging_mixin.py:109} INFO - [2022-03-21 06:20:11,072] {dag.py:2937} INFO - Setting next_dagrun for tutorial_taskflow_api_etl to None
[2022-03-21 06:20:11,219] {processor.py:171} INFO - Processing /home/lowenhard/acceleration/env/lib/python3.8/site-packages/airflow/example_dags/tutorial_taskflow_api_etl.py took 1.777 seconds
[2022-03-21 06:21:31,028] {processor.py:163} INFO - Started process (PID=1935) to work on /home/lowenhard/acceleration/env/lib/python3.8/site-packages/airflow/example_dags/tutorial_taskflow_api_etl.py
[2022-03-21 06:21:31,038] {processor.py:642} INFO - Processing file /home/lowenhard/acceleration/env/lib/python3.8/site-packages/airflow/example_dags/tutorial_taskflow_api_etl.py for tasks to queue
[2022-03-21 06:21:31,038] {logging_mixin.py:109} INFO - [2022-03-21 06:21:31,038] {dagbag.py:500} INFO - Filling up the DagBag from /home/lowenhard/acceleration/env/lib/python3.8/site-packages/airflow/example_dags/tutorial_taskflow_api_etl.py
[2022-03-21 06:21:31,060] {processor.py:654} INFO - DAG(s) dict_keys(['tutorial_taskflow_api_etl']) retrieved from /home/lowenhard/acceleration/env/lib/python3.8/site-packages/airflow/example_dags/tutorial_taskflow_api_etl.py
[2022-03-21 06:21:31,298] {logging_mixin.py:109} INFO - [2022-03-21 06:21:31,298] {dag.py:2398} INFO - Sync 1 DAGs
[2022-03-21 06:21:31,307] {logging_mixin.py:109} INFO - [2022-03-21 06:21:31,307] {dag.py:2937} INFO - Setting next_dagrun for tutorial_taskflow_api_etl to None
[2022-03-21 06:21:31,803] {processor.py:171} INFO - Processing /home/lowenhard/acceleration/env/lib/python3.8/site-packages/airflow/example_dags/tutorial_taskflow_api_etl.py took 0.777 seconds
[2022-03-21 06:23:07,769] {processor.py:163} INFO - Started process (PID=1979) to work on /home/lowenhard/acceleration/env/lib/python3.8/site-packages/airflow/example_dags/tutorial_taskflow_api_etl.py
[2022-03-21 06:23:07,951] {processor.py:642} INFO - Processing file /home/lowenhard/acceleration/env/lib/python3.8/site-packages/airflow/example_dags/tutorial_taskflow_api_etl.py for tasks to queue
[2022-03-21 06:23:07,952] {logging_mixin.py:109} INFO - [2022-03-21 06:23:07,951] {dagbag.py:500} INFO - Filling up the DagBag from /home/lowenhard/acceleration/env/lib/python3.8/site-packages/airflow/example_dags/tutorial_taskflow_api_etl.py
[2022-03-21 06:23:07,983] {processor.py:654} INFO - DAG(s) dict_keys(['tutorial_taskflow_api_etl']) retrieved from /home/lowenhard/acceleration/env/lib/python3.8/site-packages/airflow/example_dags/tutorial_taskflow_api_etl.py
[2022-03-21 06:23:08,289] {logging_mixin.py:109} INFO - [2022-03-21 06:23:08,289] {dag.py:2398} INFO - Sync 1 DAGs
[2022-03-21 06:23:08,308] {logging_mixin.py:109} INFO - [2022-03-21 06:23:08,308] {dag.py:2937} INFO - Setting next_dagrun for tutorial_taskflow_api_etl to None
[2022-03-21 06:23:10,111] {processor.py:171} INFO - Processing /home/lowenhard/acceleration/env/lib/python3.8/site-packages/airflow/example_dags/tutorial_taskflow_api_etl.py took 2.344 seconds
[2022-03-21 06:24:48,234] {processor.py:163} INFO - Started process (PID=2020) to work on /home/lowenhard/acceleration/env/lib/python3.8/site-packages/airflow/example_dags/tutorial_taskflow_api_etl.py
[2022-03-21 06:24:48,287] {processor.py:642} INFO - Processing file /home/lowenhard/acceleration/env/lib/python3.8/site-packages/airflow/example_dags/tutorial_taskflow_api_etl.py for tasks to queue
[2022-03-21 06:24:48,288] {logging_mixin.py:109} INFO - [2022-03-21 06:24:48,288] {dagbag.py:500} INFO - Filling up the DagBag from /home/lowenhard/acceleration/env/lib/python3.8/site-packages/airflow/example_dags/tutorial_taskflow_api_etl.py
[2022-03-21 06:24:48,310] {processor.py:654} INFO - DAG(s) dict_keys(['tutorial_taskflow_api_etl']) retrieved from /home/lowenhard/acceleration/env/lib/python3.8/site-packages/airflow/example_dags/tutorial_taskflow_api_etl.py
[2022-03-21 06:24:48,563] {logging_mixin.py:109} INFO - [2022-03-21 06:24:48,563] {dag.py:2398} INFO - Sync 1 DAGs
[2022-03-21 06:24:48,571] {logging_mixin.py:109} INFO - [2022-03-21 06:24:48,571] {dag.py:2937} INFO - Setting next_dagrun for tutorial_taskflow_api_etl to None
[2022-03-21 06:24:48,714] {processor.py:171} INFO - Processing /home/lowenhard/acceleration/env/lib/python3.8/site-packages/airflow/example_dags/tutorial_taskflow_api_etl.py took 0.483 seconds
[2022-03-21 06:25:59,246] {processor.py:163} INFO - Started process (PID=2056) to work on /home/lowenhard/acceleration/env/lib/python3.8/site-packages/airflow/example_dags/tutorial_taskflow_api_etl.py
[2022-03-21 06:25:59,275] {processor.py:642} INFO - Processing file /home/lowenhard/acceleration/env/lib/python3.8/site-packages/airflow/example_dags/tutorial_taskflow_api_etl.py for tasks to queue
[2022-03-21 06:25:59,275] {logging_mixin.py:109} INFO - [2022-03-21 06:25:59,275] {dagbag.py:500} INFO - Filling up the DagBag from /home/lowenhard/acceleration/env/lib/python3.8/site-packages/airflow/example_dags/tutorial_taskflow_api_etl.py
[2022-03-21 06:25:59,302] {processor.py:654} INFO - DAG(s) dict_keys(['tutorial_taskflow_api_etl']) retrieved from /home/lowenhard/acceleration/env/lib/python3.8/site-packages/airflow/example_dags/tutorial_taskflow_api_etl.py
[2022-03-21 06:25:59,555] {logging_mixin.py:109} INFO - [2022-03-21 06:25:59,555] {dag.py:2398} INFO - Sync 1 DAGs
[2022-03-21 06:25:59,566] {logging_mixin.py:109} INFO - [2022-03-21 06:25:59,566] {dag.py:2937} INFO - Setting next_dagrun for tutorial_taskflow_api_etl to None
[2022-03-21 06:25:59,750] {processor.py:171} INFO - Processing /home/lowenhard/acceleration/env/lib/python3.8/site-packages/airflow/example_dags/tutorial_taskflow_api_etl.py took 0.507 seconds
[2022-03-21 06:26:47,578] {processor.py:163} INFO - Started process (PID=2087) to work on /home/lowenhard/acceleration/env/lib/python3.8/site-packages/airflow/example_dags/tutorial_taskflow_api_etl.py
[2022-03-21 06:26:47,591] {processor.py:642} INFO - Processing file /home/lowenhard/acceleration/env/lib/python3.8/site-packages/airflow/example_dags/tutorial_taskflow_api_etl.py for tasks to queue
[2022-03-21 06:26:47,592] {logging_mixin.py:109} INFO - [2022-03-21 06:26:47,592] {dagbag.py:500} INFO - Filling up the DagBag from /home/lowenhard/acceleration/env/lib/python3.8/site-packages/airflow/example_dags/tutorial_taskflow_api_etl.py
[2022-03-21 06:26:47,617] {processor.py:654} INFO - DAG(s) dict_keys(['tutorial_taskflow_api_etl']) retrieved from /home/lowenhard/acceleration/env/lib/python3.8/site-packages/airflow/example_dags/tutorial_taskflow_api_etl.py
[2022-03-21 06:26:47,873] {logging_mixin.py:109} INFO - [2022-03-21 06:26:47,873] {dag.py:2398} INFO - Sync 1 DAGs
[2022-03-21 06:26:47,882] {logging_mixin.py:109} INFO - [2022-03-21 06:26:47,882] {dag.py:2937} INFO - Setting next_dagrun for tutorial_taskflow_api_etl to None
[2022-03-21 06:26:48,172] {processor.py:171} INFO - Processing /home/lowenhard/acceleration/env/lib/python3.8/site-packages/airflow/example_dags/tutorial_taskflow_api_etl.py took 0.597 seconds
[2022-03-21 06:27:45,262] {processor.py:163} INFO - Started process (PID=2115) to work on /home/lowenhard/acceleration/env/lib/python3.8/site-packages/airflow/example_dags/tutorial_taskflow_api_etl.py
[2022-03-21 06:27:46,252] {processor.py:642} INFO - Processing file /home/lowenhard/acceleration/env/lib/python3.8/site-packages/airflow/example_dags/tutorial_taskflow_api_etl.py for tasks to queue
[2022-03-21 06:27:46,253] {logging_mixin.py:109} INFO - [2022-03-21 06:27:46,253] {dagbag.py:500} INFO - Filling up the DagBag from /home/lowenhard/acceleration/env/lib/python3.8/site-packages/airflow/example_dags/tutorial_taskflow_api_etl.py
[2022-03-21 06:27:46,795] {processor.py:654} INFO - DAG(s) dict_keys(['tutorial_taskflow_api_etl']) retrieved from /home/lowenhard/acceleration/env/lib/python3.8/site-packages/airflow/example_dags/tutorial_taskflow_api_etl.py
[2022-03-21 06:27:47,289] {logging_mixin.py:109} INFO - [2022-03-21 06:27:47,289] {dag.py:2398} INFO - Sync 1 DAGs
[2022-03-21 06:27:47,309] {logging_mixin.py:109} INFO - [2022-03-21 06:27:47,309] {dag.py:2937} INFO - Setting next_dagrun for tutorial_taskflow_api_etl to None
[2022-03-21 06:27:47,621] {processor.py:171} INFO - Processing /home/lowenhard/acceleration/env/lib/python3.8/site-packages/airflow/example_dags/tutorial_taskflow_api_etl.py took 2.361 seconds
[2022-03-21 06:29:41,116] {processor.py:163} INFO - Started process (PID=2165) to work on /home/lowenhard/acceleration/env/lib/python3.8/site-packages/airflow/example_dags/tutorial_taskflow_api_etl.py
[2022-03-21 06:29:41,509] {processor.py:642} INFO - Processing file /home/lowenhard/acceleration/env/lib/python3.8/site-packages/airflow/example_dags/tutorial_taskflow_api_etl.py for tasks to queue
[2022-03-21 06:29:41,509] {logging_mixin.py:109} INFO - [2022-03-21 06:29:41,509] {dagbag.py:500} INFO - Filling up the DagBag from /home/lowenhard/acceleration/env/lib/python3.8/site-packages/airflow/example_dags/tutorial_taskflow_api_etl.py
[2022-03-21 06:29:41,537] {processor.py:654} INFO - DAG(s) dict_keys(['tutorial_taskflow_api_etl']) retrieved from /home/lowenhard/acceleration/env/lib/python3.8/site-packages/airflow/example_dags/tutorial_taskflow_api_etl.py
[2022-03-21 06:29:41,542] {logging_mixin.py:109} INFO - [2022-03-21 06:29:41,542] {dag.py:2398} INFO - Sync 1 DAGs
[2022-03-21 06:29:41,557] {logging_mixin.py:109} INFO - [2022-03-21 06:29:41,557] {dag.py:2937} INFO - Setting next_dagrun for tutorial_taskflow_api_etl to None
[2022-03-21 06:29:41,723] {processor.py:171} INFO - Processing /home/lowenhard/acceleration/env/lib/python3.8/site-packages/airflow/example_dags/tutorial_taskflow_api_etl.py took 0.610 seconds
[2022-03-21 06:30:57,427] {processor.py:163} INFO - Started process (PID=2207) to work on /home/lowenhard/acceleration/env/lib/python3.8/site-packages/airflow/example_dags/tutorial_taskflow_api_etl.py
[2022-03-21 06:30:57,452] {processor.py:642} INFO - Processing file /home/lowenhard/acceleration/env/lib/python3.8/site-packages/airflow/example_dags/tutorial_taskflow_api_etl.py for tasks to queue
[2022-03-21 06:30:57,453] {logging_mixin.py:109} INFO - [2022-03-21 06:30:57,453] {dagbag.py:500} INFO - Filling up the DagBag from /home/lowenhard/acceleration/env/lib/python3.8/site-packages/airflow/example_dags/tutorial_taskflow_api_etl.py
[2022-03-21 06:30:57,491] {processor.py:654} INFO - DAG(s) dict_keys(['tutorial_taskflow_api_etl']) retrieved from /home/lowenhard/acceleration/env/lib/python3.8/site-packages/airflow/example_dags/tutorial_taskflow_api_etl.py
[2022-03-21 06:30:57,741] {logging_mixin.py:109} INFO - [2022-03-21 06:30:57,741] {dag.py:2398} INFO - Sync 1 DAGs
[2022-03-21 06:30:57,754] {logging_mixin.py:109} INFO - [2022-03-21 06:30:57,754] {dag.py:2937} INFO - Setting next_dagrun for tutorial_taskflow_api_etl to None
[2022-03-21 06:30:57,958] {processor.py:171} INFO - Processing /home/lowenhard/acceleration/env/lib/python3.8/site-packages/airflow/example_dags/tutorial_taskflow_api_etl.py took 0.533 seconds
