[2022-04-05 05:22:11,859] {processor.py:163} INFO - Started process (PID=349) to work on /home/lowenhard/airflow/dags/ET_Univ_del_Cine_dags.py
[2022-04-05 05:22:11,860] {processor.py:642} INFO - Processing file /home/lowenhard/airflow/dags/ET_Univ_del_Cine_dags.py for tasks to queue
[2022-04-05 05:22:11,860] {logging_mixin.py:109} INFO - [2022-04-05 05:22:11,860] {dagbag.py:500} INFO - Filling up the DagBag from /home/lowenhard/airflow/dags/ET_Univ_del_Cine_dags.py
[2022-04-05 05:22:12,224] {processor.py:654} INFO - DAG(s) dict_keys(['python_operator_cine']) retrieved from /home/lowenhard/airflow/dags/ET_Univ_del_Cine_dags.py
[2022-04-05 05:22:12,231] {logging_mixin.py:109} INFO - [2022-04-05 05:22:12,231] {dag.py:2398} INFO - Sync 1 DAGs
[2022-04-05 05:22:12,240] {logging_mixin.py:109} INFO - [2022-04-05 05:22:12,240] {dag.py:2937} INFO - Setting next_dagrun for python_operator_cine to 2022-04-04T10:22:12.240308+00:00
[2022-04-05 05:22:13,602] {processor.py:171} INFO - Processing /home/lowenhard/airflow/dags/ET_Univ_del_Cine_dags.py took 1.746 seconds
[2022-04-05 05:23:55,229] {processor.py:163} INFO - Started process (PID=418) to work on /home/lowenhard/airflow/dags/ET_Univ_del_Cine_dags.py
[2022-04-05 05:23:55,273] {processor.py:642} INFO - Processing file /home/lowenhard/airflow/dags/ET_Univ_del_Cine_dags.py for tasks to queue
[2022-04-05 05:23:55,274] {logging_mixin.py:109} INFO - [2022-04-05 05:23:55,274] {dagbag.py:500} INFO - Filling up the DagBag from /home/lowenhard/airflow/dags/ET_Univ_del_Cine_dags.py
[2022-04-05 05:23:55,639] {processor.py:654} INFO - DAG(s) dict_keys(['python_operator_cine']) retrieved from /home/lowenhard/airflow/dags/ET_Univ_del_Cine_dags.py
[2022-04-05 05:23:55,647] {logging_mixin.py:109} INFO - [2022-04-05 05:23:55,646] {dag.py:2398} INFO - Sync 1 DAGs
[2022-04-05 05:23:55,657] {logging_mixin.py:109} INFO - [2022-04-05 05:23:55,656] {dag.py:2937} INFO - Setting next_dagrun for python_operator_cine to 2022-04-04T10:23:55.656783+00:00
[2022-04-05 05:23:57,564] {processor.py:171} INFO - Processing /home/lowenhard/airflow/dags/ET_Univ_del_Cine_dags.py took 2.338 seconds
[2022-04-05 05:25:04,349] {processor.py:163} INFO - Started process (PID=472) to work on /home/lowenhard/airflow/dags/ET_Univ_del_Cine_dags.py
[2022-04-05 05:25:04,378] {processor.py:642} INFO - Processing file /home/lowenhard/airflow/dags/ET_Univ_del_Cine_dags.py for tasks to queue
[2022-04-05 05:25:04,379] {logging_mixin.py:109} INFO - [2022-04-05 05:25:04,379] {dagbag.py:500} INFO - Filling up the DagBag from /home/lowenhard/airflow/dags/ET_Univ_del_Cine_dags.py
[2022-04-05 05:25:04,794] {processor.py:654} INFO - DAG(s) dict_keys(['python_operator_cine']) retrieved from /home/lowenhard/airflow/dags/ET_Univ_del_Cine_dags.py
[2022-04-05 05:25:04,802] {logging_mixin.py:109} INFO - [2022-04-05 05:25:04,802] {dag.py:2398} INFO - Sync 1 DAGs
[2022-04-05 05:25:04,813] {logging_mixin.py:109} INFO - [2022-04-05 05:25:04,813] {dag.py:2937} INFO - Setting next_dagrun for python_operator_cine to 2022-04-04T10:25:04.813228+00:00
[2022-04-05 05:25:04,953] {processor.py:171} INFO - Processing /home/lowenhard/airflow/dags/ET_Univ_del_Cine_dags.py took 0.606 seconds
[2022-04-05 05:26:04,378] {processor.py:163} INFO - Started process (PID=526) to work on /home/lowenhard/airflow/dags/ET_Univ_del_Cine_dags.py
[2022-04-05 05:26:04,548] {processor.py:642} INFO - Processing file /home/lowenhard/airflow/dags/ET_Univ_del_Cine_dags.py for tasks to queue
[2022-04-05 05:26:04,549] {logging_mixin.py:109} INFO - [2022-04-05 05:26:04,549] {dagbag.py:500} INFO - Filling up the DagBag from /home/lowenhard/airflow/dags/ET_Univ_del_Cine_dags.py
[2022-04-05 05:26:04,946] {processor.py:654} INFO - DAG(s) dict_keys(['python_operator_cine']) retrieved from /home/lowenhard/airflow/dags/ET_Univ_del_Cine_dags.py
[2022-04-05 05:26:04,955] {logging_mixin.py:109} INFO - [2022-04-05 05:26:04,955] {dag.py:2398} INFO - Sync 1 DAGs
[2022-04-05 05:26:04,969] {logging_mixin.py:109} INFO - [2022-04-05 05:26:04,969] {dag.py:2937} INFO - Setting next_dagrun for python_operator_cine to 2022-04-04T10:26:04.968781+00:00
[2022-04-05 05:26:06,169] {processor.py:171} INFO - Processing /home/lowenhard/airflow/dags/ET_Univ_del_Cine_dags.py took 1.793 seconds
[2022-04-05 05:27:17,506] {processor.py:163} INFO - Started process (PID=578) to work on /home/lowenhard/airflow/dags/ET_Univ_del_Cine_dags.py
[2022-04-05 05:27:17,509] {processor.py:642} INFO - Processing file /home/lowenhard/airflow/dags/ET_Univ_del_Cine_dags.py for tasks to queue
[2022-04-05 05:27:17,510] {logging_mixin.py:109} INFO - [2022-04-05 05:27:17,509] {dagbag.py:500} INFO - Filling up the DagBag from /home/lowenhard/airflow/dags/ET_Univ_del_Cine_dags.py
[2022-04-05 05:27:17,936] {processor.py:654} INFO - DAG(s) dict_keys(['python_operator_cine']) retrieved from /home/lowenhard/airflow/dags/ET_Univ_del_Cine_dags.py
[2022-04-05 05:27:17,943] {logging_mixin.py:109} INFO - [2022-04-05 05:27:17,943] {dag.py:2398} INFO - Sync 1 DAGs
[2022-04-05 05:27:17,952] {logging_mixin.py:109} INFO - [2022-04-05 05:27:17,952] {dag.py:2937} INFO - Setting next_dagrun for python_operator_cine to 2022-04-04T10:27:17.952189+00:00
[2022-04-05 05:27:18,369] {processor.py:171} INFO - Processing /home/lowenhard/airflow/dags/ET_Univ_del_Cine_dags.py took 0.865 seconds
[2022-04-05 05:28:19,351] {processor.py:163} INFO - Started process (PID=631) to work on /home/lowenhard/airflow/dags/ET_Univ_del_Cine_dags.py
[2022-04-05 05:28:19,403] {processor.py:642} INFO - Processing file /home/lowenhard/airflow/dags/ET_Univ_del_Cine_dags.py for tasks to queue
[2022-04-05 05:28:19,403] {logging_mixin.py:109} INFO - [2022-04-05 05:28:19,403] {dagbag.py:500} INFO - Filling up the DagBag from /home/lowenhard/airflow/dags/ET_Univ_del_Cine_dags.py
[2022-04-05 05:28:19,805] {processor.py:654} INFO - DAG(s) dict_keys(['python_operator_cine']) retrieved from /home/lowenhard/airflow/dags/ET_Univ_del_Cine_dags.py
[2022-04-05 05:28:19,812] {logging_mixin.py:109} INFO - [2022-04-05 05:28:19,811] {dag.py:2398} INFO - Sync 1 DAGs
[2022-04-05 05:28:19,821] {logging_mixin.py:109} INFO - [2022-04-05 05:28:19,821] {dag.py:2937} INFO - Setting next_dagrun for python_operator_cine to 2022-04-04T10:28:19.820954+00:00
[2022-04-05 05:28:20,302] {processor.py:171} INFO - Processing /home/lowenhard/airflow/dags/ET_Univ_del_Cine_dags.py took 0.953 seconds
[2022-04-05 05:29:25,351] {processor.py:163} INFO - Started process (PID=685) to work on /home/lowenhard/airflow/dags/ET_Univ_del_Cine_dags.py
[2022-04-05 05:29:25,358] {processor.py:642} INFO - Processing file /home/lowenhard/airflow/dags/ET_Univ_del_Cine_dags.py for tasks to queue
[2022-04-05 05:29:25,359] {logging_mixin.py:109} INFO - [2022-04-05 05:29:25,359] {dagbag.py:500} INFO - Filling up the DagBag from /home/lowenhard/airflow/dags/ET_Univ_del_Cine_dags.py
[2022-04-05 05:29:25,924] {processor.py:654} INFO - DAG(s) dict_keys(['python_operator_cine']) retrieved from /home/lowenhard/airflow/dags/ET_Univ_del_Cine_dags.py
[2022-04-05 05:29:25,932] {logging_mixin.py:109} INFO - [2022-04-05 05:29:25,932] {dag.py:2398} INFO - Sync 1 DAGs
[2022-04-05 05:29:25,946] {logging_mixin.py:109} INFO - [2022-04-05 05:29:25,946] {dag.py:2937} INFO - Setting next_dagrun for python_operator_cine to 2022-04-04T10:29:25.945949+00:00
[2022-04-05 05:29:27,656] {processor.py:171} INFO - Processing /home/lowenhard/airflow/dags/ET_Univ_del_Cine_dags.py took 2.307 seconds
[2022-04-05 05:30:28,938] {processor.py:163} INFO - Started process (PID=738) to work on /home/lowenhard/airflow/dags/ET_Univ_del_Cine_dags.py
[2022-04-05 05:30:29,041] {processor.py:642} INFO - Processing file /home/lowenhard/airflow/dags/ET_Univ_del_Cine_dags.py for tasks to queue
[2022-04-05 05:30:29,042] {logging_mixin.py:109} INFO - [2022-04-05 05:30:29,042] {dagbag.py:500} INFO - Filling up the DagBag from /home/lowenhard/airflow/dags/ET_Univ_del_Cine_dags.py
[2022-04-05 05:30:29,518] {processor.py:654} INFO - DAG(s) dict_keys(['python_operator_cine']) retrieved from /home/lowenhard/airflow/dags/ET_Univ_del_Cine_dags.py
[2022-04-05 05:30:29,526] {logging_mixin.py:109} INFO - [2022-04-05 05:30:29,526] {dag.py:2398} INFO - Sync 1 DAGs
[2022-04-05 05:30:29,537] {logging_mixin.py:109} INFO - [2022-04-05 05:30:29,537] {dag.py:2937} INFO - Setting next_dagrun for python_operator_cine to 2022-04-04T10:30:29.536890+00:00
[2022-04-05 05:30:29,663] {processor.py:171} INFO - Processing /home/lowenhard/airflow/dags/ET_Univ_del_Cine_dags.py took 0.727 seconds
[2022-04-05 05:31:39,319] {processor.py:163} INFO - Started process (PID=793) to work on /home/lowenhard/airflow/dags/ET_Univ_del_Cine_dags.py
[2022-04-05 05:31:39,368] {processor.py:642} INFO - Processing file /home/lowenhard/airflow/dags/ET_Univ_del_Cine_dags.py for tasks to queue
[2022-04-05 05:31:39,370] {logging_mixin.py:109} INFO - [2022-04-05 05:31:39,370] {dagbag.py:500} INFO - Filling up the DagBag from /home/lowenhard/airflow/dags/ET_Univ_del_Cine_dags.py
[2022-04-05 05:31:39,796] {processor.py:654} INFO - DAG(s) dict_keys(['python_operator_cine']) retrieved from /home/lowenhard/airflow/dags/ET_Univ_del_Cine_dags.py
[2022-04-05 05:31:39,809] {logging_mixin.py:109} INFO - [2022-04-05 05:31:39,809] {dag.py:2398} INFO - Sync 1 DAGs
[2022-04-05 05:31:39,828] {logging_mixin.py:109} INFO - [2022-04-05 05:31:39,828] {dag.py:2937} INFO - Setting next_dagrun for python_operator_cine to 2022-04-04T10:31:39.827937+00:00
[2022-04-05 05:31:41,007] {processor.py:171} INFO - Processing /home/lowenhard/airflow/dags/ET_Univ_del_Cine_dags.py took 1.692 seconds
[2022-04-05 05:32:47,219] {processor.py:163} INFO - Started process (PID=849) to work on /home/lowenhard/airflow/dags/ET_Univ_del_Cine_dags.py
[2022-04-05 05:32:47,222] {processor.py:642} INFO - Processing file /home/lowenhard/airflow/dags/ET_Univ_del_Cine_dags.py for tasks to queue
[2022-04-05 05:32:47,222] {logging_mixin.py:109} INFO - [2022-04-05 05:32:47,222] {dagbag.py:500} INFO - Filling up the DagBag from /home/lowenhard/airflow/dags/ET_Univ_del_Cine_dags.py
[2022-04-05 05:32:47,667] {processor.py:654} INFO - DAG(s) dict_keys(['python_operator_cine']) retrieved from /home/lowenhard/airflow/dags/ET_Univ_del_Cine_dags.py
[2022-04-05 05:32:47,679] {logging_mixin.py:109} INFO - [2022-04-05 05:32:47,678] {dag.py:2398} INFO - Sync 1 DAGs
[2022-04-05 05:32:47,694] {logging_mixin.py:109} INFO - [2022-04-05 05:32:47,694] {dag.py:2937} INFO - Setting next_dagrun for python_operator_cine to 2022-04-04T10:32:47.693862+00:00
[2022-04-05 05:32:48,464] {processor.py:171} INFO - Processing /home/lowenhard/airflow/dags/ET_Univ_del_Cine_dags.py took 1.247 seconds
[2022-04-05 05:33:56,096] {processor.py:163} INFO - Started process (PID=904) to work on /home/lowenhard/airflow/dags/ET_Univ_del_Cine_dags.py
[2022-04-05 05:33:56,110] {processor.py:642} INFO - Processing file /home/lowenhard/airflow/dags/ET_Univ_del_Cine_dags.py for tasks to queue
[2022-04-05 05:33:56,110] {logging_mixin.py:109} INFO - [2022-04-05 05:33:56,110] {dagbag.py:500} INFO - Filling up the DagBag from /home/lowenhard/airflow/dags/ET_Univ_del_Cine_dags.py
[2022-04-05 05:33:56,537] {processor.py:654} INFO - DAG(s) dict_keys(['python_operator_cine']) retrieved from /home/lowenhard/airflow/dags/ET_Univ_del_Cine_dags.py
[2022-04-05 05:33:56,546] {logging_mixin.py:109} INFO - [2022-04-05 05:33:56,546] {dag.py:2398} INFO - Sync 1 DAGs
[2022-04-05 05:33:56,558] {logging_mixin.py:109} INFO - [2022-04-05 05:33:56,557] {dag.py:2937} INFO - Setting next_dagrun for python_operator_cine to 2022-04-04T10:33:56.557698+00:00
[2022-04-05 05:33:57,171] {processor.py:171} INFO - Processing /home/lowenhard/airflow/dags/ET_Univ_del_Cine_dags.py took 1.079 seconds
[2022-04-05 05:34:56,022] {processor.py:163} INFO - Started process (PID=959) to work on /home/lowenhard/airflow/dags/ET_Univ_del_Cine_dags.py
[2022-04-05 05:34:56,024] {processor.py:642} INFO - Processing file /home/lowenhard/airflow/dags/ET_Univ_del_Cine_dags.py for tasks to queue
[2022-04-05 05:34:56,025] {logging_mixin.py:109} INFO - [2022-04-05 05:34:56,025] {dagbag.py:500} INFO - Filling up the DagBag from /home/lowenhard/airflow/dags/ET_Univ_del_Cine_dags.py
[2022-04-05 05:34:56,409] {processor.py:654} INFO - DAG(s) dict_keys(['python_operator_cine']) retrieved from /home/lowenhard/airflow/dags/ET_Univ_del_Cine_dags.py
[2022-04-05 05:34:56,416] {logging_mixin.py:109} INFO - [2022-04-05 05:34:56,416] {dag.py:2398} INFO - Sync 1 DAGs
[2022-04-05 05:34:56,425] {logging_mixin.py:109} INFO - [2022-04-05 05:34:56,425] {dag.py:2937} INFO - Setting next_dagrun for python_operator_cine to 2022-04-04T10:34:56.425561+00:00
[2022-04-05 05:34:56,655] {processor.py:171} INFO - Processing /home/lowenhard/airflow/dags/ET_Univ_del_Cine_dags.py took 0.636 seconds
[2022-04-05 05:36:25,308] {processor.py:163} INFO - Started process (PID=1018) to work on /home/lowenhard/airflow/dags/ET_Univ_del_Cine_dags.py
[2022-04-05 05:36:25,432] {processor.py:642} INFO - Processing file /home/lowenhard/airflow/dags/ET_Univ_del_Cine_dags.py for tasks to queue
[2022-04-05 05:36:25,433] {logging_mixin.py:109} INFO - [2022-04-05 05:36:25,433] {dagbag.py:500} INFO - Filling up the DagBag from /home/lowenhard/airflow/dags/ET_Univ_del_Cine_dags.py
[2022-04-05 05:36:25,911] {processor.py:654} INFO - DAG(s) dict_keys(['python_operator_cine']) retrieved from /home/lowenhard/airflow/dags/ET_Univ_del_Cine_dags.py
[2022-04-05 05:36:25,923] {logging_mixin.py:109} INFO - [2022-04-05 05:36:25,922] {dag.py:2398} INFO - Sync 1 DAGs
[2022-04-05 05:36:25,939] {logging_mixin.py:109} INFO - [2022-04-05 05:36:25,939] {dag.py:2937} INFO - Setting next_dagrun for python_operator_cine to 2022-04-04T10:36:25.939284+00:00
[2022-04-05 05:36:26,672] {processor.py:171} INFO - Processing /home/lowenhard/airflow/dags/ET_Univ_del_Cine_dags.py took 1.367 seconds
[2022-04-05 05:37:30,022] {processor.py:163} INFO - Started process (PID=1074) to work on /home/lowenhard/airflow/dags/ET_Univ_del_Cine_dags.py
[2022-04-05 05:37:31,095] {processor.py:642} INFO - Processing file /home/lowenhard/airflow/dags/ET_Univ_del_Cine_dags.py for tasks to queue
[2022-04-05 05:37:31,096] {logging_mixin.py:109} INFO - [2022-04-05 05:37:31,096] {dagbag.py:500} INFO - Filling up the DagBag from /home/lowenhard/airflow/dags/ET_Univ_del_Cine_dags.py
[2022-04-05 05:37:31,502] {processor.py:654} INFO - DAG(s) dict_keys(['python_operator_cine']) retrieved from /home/lowenhard/airflow/dags/ET_Univ_del_Cine_dags.py
[2022-04-05 05:37:31,512] {logging_mixin.py:109} INFO - [2022-04-05 05:37:31,512] {dag.py:2398} INFO - Sync 1 DAGs
[2022-04-05 05:37:31,523] {logging_mixin.py:109} INFO - [2022-04-05 05:37:31,523] {dag.py:2937} INFO - Setting next_dagrun for python_operator_cine to 2022-04-04T10:37:31.523544+00:00
[2022-04-05 05:37:31,673] {processor.py:171} INFO - Processing /home/lowenhard/airflow/dags/ET_Univ_del_Cine_dags.py took 1.654 seconds
[2022-04-05 05:38:50,025] {processor.py:163} INFO - Started process (PID=1128) to work on /home/lowenhard/airflow/dags/ET_Univ_del_Cine_dags.py
[2022-04-05 05:38:50,360] {processor.py:642} INFO - Processing file /home/lowenhard/airflow/dags/ET_Univ_del_Cine_dags.py for tasks to queue
[2022-04-05 05:38:50,360] {logging_mixin.py:109} INFO - [2022-04-05 05:38:50,360] {dagbag.py:500} INFO - Filling up the DagBag from /home/lowenhard/airflow/dags/ET_Univ_del_Cine_dags.py
[2022-04-05 05:38:50,733] {processor.py:654} INFO - DAG(s) dict_keys(['python_operator_cine']) retrieved from /home/lowenhard/airflow/dags/ET_Univ_del_Cine_dags.py
[2022-04-05 05:38:50,741] {logging_mixin.py:109} INFO - [2022-04-05 05:38:50,740] {dag.py:2398} INFO - Sync 1 DAGs
[2022-04-05 05:38:50,749] {logging_mixin.py:109} INFO - [2022-04-05 05:38:50,749] {dag.py:2937} INFO - Setting next_dagrun for python_operator_cine to 2022-04-04T10:38:50.749609+00:00
[2022-04-05 05:38:50,913] {processor.py:171} INFO - Processing /home/lowenhard/airflow/dags/ET_Univ_del_Cine_dags.py took 0.890 seconds
[2022-04-05 05:40:05,535] {processor.py:163} INFO - Started process (PID=1187) to work on /home/lowenhard/airflow/dags/ET_Univ_del_Cine_dags.py
[2022-04-05 05:40:06,390] {processor.py:642} INFO - Processing file /home/lowenhard/airflow/dags/ET_Univ_del_Cine_dags.py for tasks to queue
[2022-04-05 05:40:06,390] {logging_mixin.py:109} INFO - [2022-04-05 05:40:06,390] {dagbag.py:500} INFO - Filling up the DagBag from /home/lowenhard/airflow/dags/ET_Univ_del_Cine_dags.py
[2022-04-05 05:40:06,762] {processor.py:654} INFO - DAG(s) dict_keys(['python_operator_cine']) retrieved from /home/lowenhard/airflow/dags/ET_Univ_del_Cine_dags.py
[2022-04-05 05:40:06,770] {logging_mixin.py:109} INFO - [2022-04-05 05:40:06,769] {dag.py:2398} INFO - Sync 1 DAGs
[2022-04-05 05:40:06,780] {logging_mixin.py:109} INFO - [2022-04-05 05:40:06,780] {dag.py:2937} INFO - Setting next_dagrun for python_operator_cine to 2022-04-04T10:40:06.780114+00:00
[2022-04-05 05:40:06,926] {processor.py:171} INFO - Processing /home/lowenhard/airflow/dags/ET_Univ_del_Cine_dags.py took 1.394 seconds
[2022-04-05 05:41:25,483] {processor.py:163} INFO - Started process (PID=1245) to work on /home/lowenhard/airflow/dags/ET_Univ_del_Cine_dags.py
[2022-04-05 05:41:25,763] {processor.py:642} INFO - Processing file /home/lowenhard/airflow/dags/ET_Univ_del_Cine_dags.py for tasks to queue
[2022-04-05 05:41:25,764] {logging_mixin.py:109} INFO - [2022-04-05 05:41:25,764] {dagbag.py:500} INFO - Filling up the DagBag from /home/lowenhard/airflow/dags/ET_Univ_del_Cine_dags.py
[2022-04-05 05:41:26,144] {processor.py:654} INFO - DAG(s) dict_keys(['python_operator_cine']) retrieved from /home/lowenhard/airflow/dags/ET_Univ_del_Cine_dags.py
[2022-04-05 05:41:26,153] {logging_mixin.py:109} INFO - [2022-04-05 05:41:26,153] {dag.py:2398} INFO - Sync 1 DAGs
[2022-04-05 05:41:26,165] {logging_mixin.py:109} INFO - [2022-04-05 05:41:26,165] {dag.py:2937} INFO - Setting next_dagrun for python_operator_cine to 2022-04-04T10:41:26.165083+00:00
[2022-04-05 05:41:27,000] {processor.py:171} INFO - Processing /home/lowenhard/airflow/dags/ET_Univ_del_Cine_dags.py took 1.519 seconds
[2022-04-05 05:43:01,331] {processor.py:163} INFO - Started process (PID=1309) to work on /home/lowenhard/airflow/dags/ET_Univ_del_Cine_dags.py
[2022-04-05 05:43:01,361] {processor.py:642} INFO - Processing file /home/lowenhard/airflow/dags/ET_Univ_del_Cine_dags.py for tasks to queue
[2022-04-05 05:43:01,362] {logging_mixin.py:109} INFO - [2022-04-05 05:43:01,361] {dagbag.py:500} INFO - Filling up the DagBag from /home/lowenhard/airflow/dags/ET_Univ_del_Cine_dags.py
[2022-04-05 05:43:01,746] {processor.py:654} INFO - DAG(s) dict_keys(['python_operator_cine']) retrieved from /home/lowenhard/airflow/dags/ET_Univ_del_Cine_dags.py
[2022-04-05 05:43:01,753] {logging_mixin.py:109} INFO - [2022-04-05 05:43:01,752] {dag.py:2398} INFO - Sync 1 DAGs
[2022-04-05 05:43:01,762] {logging_mixin.py:109} INFO - [2022-04-05 05:43:01,762] {dag.py:2937} INFO - Setting next_dagrun for python_operator_cine to 2022-04-04T10:43:01.761855+00:00
[2022-04-05 05:43:02,504] {processor.py:171} INFO - Processing /home/lowenhard/airflow/dags/ET_Univ_del_Cine_dags.py took 1.175 seconds
[2022-04-05 05:44:19,671] {processor.py:163} INFO - Started process (PID=1368) to work on /home/lowenhard/airflow/dags/ET_Univ_del_Cine_dags.py
[2022-04-05 05:44:20,857] {processor.py:642} INFO - Processing file /home/lowenhard/airflow/dags/ET_Univ_del_Cine_dags.py for tasks to queue
[2022-04-05 05:44:20,858] {logging_mixin.py:109} INFO - [2022-04-05 05:44:20,858] {dagbag.py:500} INFO - Filling up the DagBag from /home/lowenhard/airflow/dags/ET_Univ_del_Cine_dags.py
[2022-04-05 05:44:21,230] {processor.py:654} INFO - DAG(s) dict_keys(['python_operator_cine']) retrieved from /home/lowenhard/airflow/dags/ET_Univ_del_Cine_dags.py
[2022-04-05 05:44:21,237] {logging_mixin.py:109} INFO - [2022-04-05 05:44:21,237] {dag.py:2398} INFO - Sync 1 DAGs
[2022-04-05 05:44:21,246] {logging_mixin.py:109} INFO - [2022-04-05 05:44:21,246] {dag.py:2937} INFO - Setting next_dagrun for python_operator_cine to 2022-04-04T10:44:21.246676+00:00
[2022-04-05 05:44:22,794] {processor.py:171} INFO - Processing /home/lowenhard/airflow/dags/ET_Univ_del_Cine_dags.py took 3.125 seconds
[2022-04-05 05:45:29,944] {processor.py:163} INFO - Started process (PID=1425) to work on /home/lowenhard/airflow/dags/ET_Univ_del_Cine_dags.py
[2022-04-05 05:45:29,947] {processor.py:642} INFO - Processing file /home/lowenhard/airflow/dags/ET_Univ_del_Cine_dags.py for tasks to queue
[2022-04-05 05:45:29,948] {logging_mixin.py:109} INFO - [2022-04-05 05:45:29,948] {dagbag.py:500} INFO - Filling up the DagBag from /home/lowenhard/airflow/dags/ET_Univ_del_Cine_dags.py
[2022-04-05 05:45:30,371] {processor.py:654} INFO - DAG(s) dict_keys(['python_operator_cine']) retrieved from /home/lowenhard/airflow/dags/ET_Univ_del_Cine_dags.py
[2022-04-05 05:45:30,379] {logging_mixin.py:109} INFO - [2022-04-05 05:45:30,378] {dag.py:2398} INFO - Sync 1 DAGs
[2022-04-05 05:45:30,388] {logging_mixin.py:109} INFO - [2022-04-05 05:45:30,388] {dag.py:2937} INFO - Setting next_dagrun for python_operator_cine to 2022-04-04T10:45:30.387872+00:00
[2022-04-05 05:45:30,879] {processor.py:171} INFO - Processing /home/lowenhard/airflow/dags/ET_Univ_del_Cine_dags.py took 0.937 seconds
[2022-04-05 05:46:44,986] {processor.py:163} INFO - Started process (PID=1492) to work on /home/lowenhard/airflow/dags/ET_Univ_del_Cine_dags.py
[2022-04-05 05:46:44,989] {processor.py:642} INFO - Processing file /home/lowenhard/airflow/dags/ET_Univ_del_Cine_dags.py for tasks to queue
[2022-04-05 05:46:44,990] {logging_mixin.py:109} INFO - [2022-04-05 05:46:44,990] {dagbag.py:500} INFO - Filling up the DagBag from /home/lowenhard/airflow/dags/ET_Univ_del_Cine_dags.py
[2022-04-05 05:46:45,401] {processor.py:654} INFO - DAG(s) dict_keys(['python_operator_cine']) retrieved from /home/lowenhard/airflow/dags/ET_Univ_del_Cine_dags.py
[2022-04-05 05:46:45,408] {logging_mixin.py:109} INFO - [2022-04-05 05:46:45,408] {dag.py:2398} INFO - Sync 1 DAGs
[2022-04-05 05:46:45,418] {logging_mixin.py:109} INFO - [2022-04-05 05:46:45,418] {dag.py:2937} INFO - Setting next_dagrun for python_operator_cine to 2022-04-04T10:46:45.418447+00:00
[2022-04-05 05:46:45,776] {processor.py:171} INFO - Processing /home/lowenhard/airflow/dags/ET_Univ_del_Cine_dags.py took 0.792 seconds
[2022-04-05 05:48:05,534] {processor.py:163} INFO - Started process (PID=1562) to work on /home/lowenhard/airflow/dags/ET_Univ_del_Cine_dags.py
[2022-04-05 05:48:05,537] {processor.py:642} INFO - Processing file /home/lowenhard/airflow/dags/ET_Univ_del_Cine_dags.py for tasks to queue
[2022-04-05 05:48:05,537] {logging_mixin.py:109} INFO - [2022-04-05 05:48:05,537] {dagbag.py:500} INFO - Filling up the DagBag from /home/lowenhard/airflow/dags/ET_Univ_del_Cine_dags.py
[2022-04-05 05:48:05,914] {processor.py:654} INFO - DAG(s) dict_keys(['python_operator_cine']) retrieved from /home/lowenhard/airflow/dags/ET_Univ_del_Cine_dags.py
[2022-04-05 05:48:05,922] {logging_mixin.py:109} INFO - [2022-04-05 05:48:05,922] {dag.py:2398} INFO - Sync 1 DAGs
[2022-04-05 05:48:05,931] {logging_mixin.py:109} INFO - [2022-04-05 05:48:05,931] {dag.py:2937} INFO - Setting next_dagrun for python_operator_cine to 2022-04-04T10:48:05.931483+00:00
[2022-04-05 05:48:07,323] {processor.py:171} INFO - Processing /home/lowenhard/airflow/dags/ET_Univ_del_Cine_dags.py took 1.792 seconds
[2022-04-05 05:49:20,669] {processor.py:163} INFO - Started process (PID=1625) to work on /home/lowenhard/airflow/dags/ET_Univ_del_Cine_dags.py
[2022-04-05 05:49:20,952] {processor.py:642} INFO - Processing file /home/lowenhard/airflow/dags/ET_Univ_del_Cine_dags.py for tasks to queue
[2022-04-05 05:49:20,953] {logging_mixin.py:109} INFO - [2022-04-05 05:49:20,953] {dagbag.py:500} INFO - Filling up the DagBag from /home/lowenhard/airflow/dags/ET_Univ_del_Cine_dags.py
[2022-04-05 05:49:21,344] {processor.py:654} INFO - DAG(s) dict_keys(['python_operator_cine']) retrieved from /home/lowenhard/airflow/dags/ET_Univ_del_Cine_dags.py
[2022-04-05 05:49:21,352] {logging_mixin.py:109} INFO - [2022-04-05 05:49:21,352] {dag.py:2398} INFO - Sync 1 DAGs
[2022-04-05 05:49:21,362] {logging_mixin.py:109} INFO - [2022-04-05 05:49:21,362] {dag.py:2937} INFO - Setting next_dagrun for python_operator_cine to 2022-04-04T10:49:21.362616+00:00
[2022-04-05 05:49:22,201] {processor.py:171} INFO - Processing /home/lowenhard/airflow/dags/ET_Univ_del_Cine_dags.py took 1.534 seconds
[2022-04-05 05:50:24,813] {processor.py:163} INFO - Started process (PID=1690) to work on /home/lowenhard/airflow/dags/ET_Univ_del_Cine_dags.py
[2022-04-05 05:50:24,816] {processor.py:642} INFO - Processing file /home/lowenhard/airflow/dags/ET_Univ_del_Cine_dags.py for tasks to queue
[2022-04-05 05:50:24,817] {logging_mixin.py:109} INFO - [2022-04-05 05:50:24,817] {dagbag.py:500} INFO - Filling up the DagBag from /home/lowenhard/airflow/dags/ET_Univ_del_Cine_dags.py
[2022-04-05 05:50:25,220] {processor.py:654} INFO - DAG(s) dict_keys(['python_operator_cine']) retrieved from /home/lowenhard/airflow/dags/ET_Univ_del_Cine_dags.py
[2022-04-05 05:50:25,227] {logging_mixin.py:109} INFO - [2022-04-05 05:50:25,226] {dag.py:2398} INFO - Sync 1 DAGs
[2022-04-05 05:50:25,235] {logging_mixin.py:109} INFO - [2022-04-05 05:50:25,235] {dag.py:2937} INFO - Setting next_dagrun for python_operator_cine to 2022-04-04T10:50:25.235313+00:00
[2022-04-05 05:50:25,395] {processor.py:171} INFO - Processing /home/lowenhard/airflow/dags/ET_Univ_del_Cine_dags.py took 0.585 seconds
[2022-04-05 05:51:35,767] {processor.py:163} INFO - Started process (PID=1765) to work on /home/lowenhard/airflow/dags/ET_Univ_del_Cine_dags.py
[2022-04-05 05:51:35,782] {processor.py:642} INFO - Processing file /home/lowenhard/airflow/dags/ET_Univ_del_Cine_dags.py for tasks to queue
[2022-04-05 05:51:35,783] {logging_mixin.py:109} INFO - [2022-04-05 05:51:35,783] {dagbag.py:500} INFO - Filling up the DagBag from /home/lowenhard/airflow/dags/ET_Univ_del_Cine_dags.py
[2022-04-05 05:51:36,208] {processor.py:654} INFO - DAG(s) dict_keys(['python_operator_cine']) retrieved from /home/lowenhard/airflow/dags/ET_Univ_del_Cine_dags.py
[2022-04-05 05:51:36,215] {logging_mixin.py:109} INFO - [2022-04-05 05:51:36,214] {dag.py:2398} INFO - Sync 1 DAGs
[2022-04-05 05:51:36,223] {logging_mixin.py:109} INFO - [2022-04-05 05:51:36,223] {dag.py:2937} INFO - Setting next_dagrun for python_operator_cine to 2022-04-04T10:51:36.223477+00:00
[2022-04-05 05:51:37,266] {processor.py:171} INFO - Processing /home/lowenhard/airflow/dags/ET_Univ_del_Cine_dags.py took 1.501 seconds
[2022-04-05 05:52:43,460] {processor.py:163} INFO - Started process (PID=1823) to work on /home/lowenhard/airflow/dags/ET_Univ_del_Cine_dags.py
[2022-04-05 05:52:43,465] {processor.py:642} INFO - Processing file /home/lowenhard/airflow/dags/ET_Univ_del_Cine_dags.py for tasks to queue
[2022-04-05 05:52:43,466] {logging_mixin.py:109} INFO - [2022-04-05 05:52:43,466] {dagbag.py:500} INFO - Filling up the DagBag from /home/lowenhard/airflow/dags/ET_Univ_del_Cine_dags.py
[2022-04-05 05:52:43,854] {processor.py:654} INFO - DAG(s) dict_keys(['python_operator_cine']) retrieved from /home/lowenhard/airflow/dags/ET_Univ_del_Cine_dags.py
[2022-04-05 05:52:43,861] {logging_mixin.py:109} INFO - [2022-04-05 05:52:43,861] {dag.py:2398} INFO - Sync 1 DAGs
[2022-04-05 05:52:43,871] {logging_mixin.py:109} INFO - [2022-04-05 05:52:43,871] {dag.py:2937} INFO - Setting next_dagrun for python_operator_cine to 2022-04-04T10:52:43.871108+00:00
[2022-04-05 05:52:45,109] {processor.py:171} INFO - Processing /home/lowenhard/airflow/dags/ET_Univ_del_Cine_dags.py took 1.651 seconds
[2022-04-05 05:53:49,564] {processor.py:163} INFO - Started process (PID=1877) to work on /home/lowenhard/airflow/dags/ET_Univ_del_Cine_dags.py
[2022-04-05 05:53:49,643] {processor.py:642} INFO - Processing file /home/lowenhard/airflow/dags/ET_Univ_del_Cine_dags.py for tasks to queue
[2022-04-05 05:53:49,644] {logging_mixin.py:109} INFO - [2022-04-05 05:53:49,644] {dagbag.py:500} INFO - Filling up the DagBag from /home/lowenhard/airflow/dags/ET_Univ_del_Cine_dags.py
[2022-04-05 05:53:50,019] {processor.py:654} INFO - DAG(s) dict_keys(['python_operator_cine']) retrieved from /home/lowenhard/airflow/dags/ET_Univ_del_Cine_dags.py
[2022-04-05 05:53:50,025] {logging_mixin.py:109} INFO - [2022-04-05 05:53:50,025] {dag.py:2398} INFO - Sync 1 DAGs
[2022-04-05 05:53:50,036] {logging_mixin.py:109} INFO - [2022-04-05 05:53:50,036] {dag.py:2937} INFO - Setting next_dagrun for python_operator_cine to 2022-04-04T10:53:50.036200+00:00
[2022-04-05 05:53:50,172] {processor.py:171} INFO - Processing /home/lowenhard/airflow/dags/ET_Univ_del_Cine_dags.py took 0.610 seconds
[2022-04-05 05:54:54,839] {processor.py:163} INFO - Started process (PID=1937) to work on /home/lowenhard/airflow/dags/ET_Univ_del_Cine_dags.py
[2022-04-05 05:54:54,872] {processor.py:642} INFO - Processing file /home/lowenhard/airflow/dags/ET_Univ_del_Cine_dags.py for tasks to queue
[2022-04-05 05:54:54,873] {logging_mixin.py:109} INFO - [2022-04-05 05:54:54,873] {dagbag.py:500} INFO - Filling up the DagBag from /home/lowenhard/airflow/dags/ET_Univ_del_Cine_dags.py
[2022-04-05 05:54:56,581] {processor.py:654} INFO - DAG(s) dict_keys(['python_operator_cine']) retrieved from /home/lowenhard/airflow/dags/ET_Univ_del_Cine_dags.py
[2022-04-05 05:54:56,591] {logging_mixin.py:109} INFO - [2022-04-05 05:54:56,590] {dag.py:2398} INFO - Sync 1 DAGs
[2022-04-05 05:54:56,606] {logging_mixin.py:109} INFO - [2022-04-05 05:54:56,605] {dag.py:2937} INFO - Setting next_dagrun for python_operator_cine to 2022-04-04T10:54:56.605589+00:00
[2022-04-05 05:54:56,747] {processor.py:171} INFO - Processing /home/lowenhard/airflow/dags/ET_Univ_del_Cine_dags.py took 1.910 seconds
[2022-04-05 05:56:05,901] {processor.py:163} INFO - Started process (PID=1993) to work on /home/lowenhard/airflow/dags/ET_Univ_del_Cine_dags.py
[2022-04-05 05:56:06,017] {processor.py:642} INFO - Processing file /home/lowenhard/airflow/dags/ET_Univ_del_Cine_dags.py for tasks to queue
[2022-04-05 05:56:06,018] {logging_mixin.py:109} INFO - [2022-04-05 05:56:06,018] {dagbag.py:500} INFO - Filling up the DagBag from /home/lowenhard/airflow/dags/ET_Univ_del_Cine_dags.py
[2022-04-05 05:56:06,409] {processor.py:654} INFO - DAG(s) dict_keys(['python_operator_cine']) retrieved from /home/lowenhard/airflow/dags/ET_Univ_del_Cine_dags.py
[2022-04-05 05:56:06,416] {logging_mixin.py:109} INFO - [2022-04-05 05:56:06,416] {dag.py:2398} INFO - Sync 1 DAGs
[2022-04-05 05:56:06,426] {logging_mixin.py:109} INFO - [2022-04-05 05:56:06,426] {dag.py:2937} INFO - Setting next_dagrun for python_operator_cine to 2022-04-04T10:56:06.425933+00:00
[2022-04-05 05:56:07,635] {processor.py:171} INFO - Processing /home/lowenhard/airflow/dags/ET_Univ_del_Cine_dags.py took 1.737 seconds
[2022-04-05 05:57:19,572] {processor.py:163} INFO - Started process (PID=2055) to work on /home/lowenhard/airflow/dags/ET_Univ_del_Cine_dags.py
[2022-04-05 05:57:19,579] {processor.py:642} INFO - Processing file /home/lowenhard/airflow/dags/ET_Univ_del_Cine_dags.py for tasks to queue
[2022-04-05 05:57:19,579] {logging_mixin.py:109} INFO - [2022-04-05 05:57:19,579] {dagbag.py:500} INFO - Filling up the DagBag from /home/lowenhard/airflow/dags/ET_Univ_del_Cine_dags.py
[2022-04-05 05:57:20,029] {processor.py:654} INFO - DAG(s) dict_keys(['python_operator_cine']) retrieved from /home/lowenhard/airflow/dags/ET_Univ_del_Cine_dags.py
[2022-04-05 05:57:20,037] {logging_mixin.py:109} INFO - [2022-04-05 05:57:20,037] {dag.py:2398} INFO - Sync 1 DAGs
[2022-04-05 05:57:20,046] {logging_mixin.py:109} INFO - [2022-04-05 05:57:20,046] {dag.py:2937} INFO - Setting next_dagrun for python_operator_cine to 2022-04-04T10:57:20.046620+00:00
[2022-04-05 05:57:21,213] {processor.py:171} INFO - Processing /home/lowenhard/airflow/dags/ET_Univ_del_Cine_dags.py took 1.644 seconds
[2022-04-05 05:58:22,994] {processor.py:163} INFO - Started process (PID=2116) to work on /home/lowenhard/airflow/dags/ET_Univ_del_Cine_dags.py
[2022-04-05 05:58:24,327] {processor.py:642} INFO - Processing file /home/lowenhard/airflow/dags/ET_Univ_del_Cine_dags.py for tasks to queue
[2022-04-05 05:58:24,328] {logging_mixin.py:109} INFO - [2022-04-05 05:58:24,328] {dagbag.py:500} INFO - Filling up the DagBag from /home/lowenhard/airflow/dags/ET_Univ_del_Cine_dags.py
[2022-04-05 05:58:26,370] {processor.py:654} INFO - DAG(s) dict_keys(['python_operator_cine']) retrieved from /home/lowenhard/airflow/dags/ET_Univ_del_Cine_dags.py
[2022-04-05 05:58:26,391] {logging_mixin.py:109} INFO - [2022-04-05 05:58:26,390] {dag.py:2398} INFO - Sync 1 DAGs
[2022-04-05 05:58:26,585] {logging_mixin.py:109} INFO - [2022-04-05 05:58:26,585] {dag.py:2937} INFO - Setting next_dagrun for python_operator_cine to 2022-04-04T10:58:26.585445+00:00
[2022-04-05 05:58:26,733] {processor.py:171} INFO - Processing /home/lowenhard/airflow/dags/ET_Univ_del_Cine_dags.py took 3.741 seconds
