[2022-04-05 05:22:01,643] {processor.py:163} INFO - Started process (PID=332) to work on /home/lowenhard/airflow/dags/ET_Univ_De_Flores_dag.py
[2022-04-05 05:22:01,643] {processor.py:642} INFO - Processing file /home/lowenhard/airflow/dags/ET_Univ_De_Flores_dag.py for tasks to queue
[2022-04-05 05:22:01,644] {logging_mixin.py:109} INFO - [2022-04-05 05:22:01,644] {dagbag.py:500} INFO - Filling up the DagBag from /home/lowenhard/airflow/dags/ET_Univ_De_Flores_dag.py
[2022-04-05 05:22:02,113] {processor.py:654} INFO - DAG(s) dict_keys(['python_operator_univ_flores']) retrieved from /home/lowenhard/airflow/dags/ET_Univ_De_Flores_dag.py
[2022-04-05 05:22:02,120] {logging_mixin.py:109} INFO - [2022-04-05 05:22:02,119] {dag.py:2398} INFO - Sync 1 DAGs
[2022-04-05 05:22:02,131] {logging_mixin.py:109} INFO - [2022-04-05 05:22:02,131] {dag.py:2937} INFO - Setting next_dagrun for python_operator_univ_flores to None
[2022-04-05 05:22:02,635] {processor.py:171} INFO - Processing /home/lowenhard/airflow/dags/ET_Univ_De_Flores_dag.py took 0.995 seconds
[2022-04-05 05:23:43,609] {processor.py:163} INFO - Started process (PID=401) to work on /home/lowenhard/airflow/dags/ET_Univ_De_Flores_dag.py
[2022-04-05 05:23:43,821] {processor.py:642} INFO - Processing file /home/lowenhard/airflow/dags/ET_Univ_De_Flores_dag.py for tasks to queue
[2022-04-05 05:23:43,822] {logging_mixin.py:109} INFO - [2022-04-05 05:23:43,822] {dagbag.py:500} INFO - Filling up the DagBag from /home/lowenhard/airflow/dags/ET_Univ_De_Flores_dag.py
[2022-04-05 05:23:44,227] {processor.py:654} INFO - DAG(s) dict_keys(['python_operator_univ_flores']) retrieved from /home/lowenhard/airflow/dags/ET_Univ_De_Flores_dag.py
[2022-04-05 05:23:44,235] {logging_mixin.py:109} INFO - [2022-04-05 05:23:44,234] {dag.py:2398} INFO - Sync 1 DAGs
[2022-04-05 05:23:44,244] {logging_mixin.py:109} INFO - [2022-04-05 05:23:44,244] {dag.py:2937} INFO - Setting next_dagrun for python_operator_univ_flores to None
[2022-04-05 05:23:44,522] {processor.py:171} INFO - Processing /home/lowenhard/airflow/dags/ET_Univ_De_Flores_dag.py took 0.915 seconds
[2022-04-05 05:24:50,401] {processor.py:163} INFO - Started process (PID=455) to work on /home/lowenhard/airflow/dags/ET_Univ_De_Flores_dag.py
[2022-04-05 05:24:50,411] {processor.py:642} INFO - Processing file /home/lowenhard/airflow/dags/ET_Univ_De_Flores_dag.py for tasks to queue
[2022-04-05 05:24:50,412] {logging_mixin.py:109} INFO - [2022-04-05 05:24:50,411] {dagbag.py:500} INFO - Filling up the DagBag from /home/lowenhard/airflow/dags/ET_Univ_De_Flores_dag.py
[2022-04-05 05:24:50,790] {processor.py:654} INFO - DAG(s) dict_keys(['python_operator_univ_flores']) retrieved from /home/lowenhard/airflow/dags/ET_Univ_De_Flores_dag.py
[2022-04-05 05:24:50,798] {logging_mixin.py:109} INFO - [2022-04-05 05:24:50,798] {dag.py:2398} INFO - Sync 1 DAGs
[2022-04-05 05:24:50,808] {logging_mixin.py:109} INFO - [2022-04-05 05:24:50,808] {dag.py:2937} INFO - Setting next_dagrun for python_operator_univ_flores to None
[2022-04-05 05:24:52,523] {processor.py:171} INFO - Processing /home/lowenhard/airflow/dags/ET_Univ_De_Flores_dag.py took 2.124 seconds
[2022-04-05 05:25:49,718] {processor.py:163} INFO - Started process (PID=509) to work on /home/lowenhard/airflow/dags/ET_Univ_De_Flores_dag.py
[2022-04-05 05:25:49,740] {processor.py:642} INFO - Processing file /home/lowenhard/airflow/dags/ET_Univ_De_Flores_dag.py for tasks to queue
[2022-04-05 05:25:49,741] {logging_mixin.py:109} INFO - [2022-04-05 05:25:49,741] {dagbag.py:500} INFO - Filling up the DagBag from /home/lowenhard/airflow/dags/ET_Univ_De_Flores_dag.py
[2022-04-05 05:25:50,132] {processor.py:654} INFO - DAG(s) dict_keys(['python_operator_univ_flores']) retrieved from /home/lowenhard/airflow/dags/ET_Univ_De_Flores_dag.py
[2022-04-05 05:25:50,141] {logging_mixin.py:109} INFO - [2022-04-05 05:25:50,141] {dag.py:2398} INFO - Sync 1 DAGs
[2022-04-05 05:25:50,152] {logging_mixin.py:109} INFO - [2022-04-05 05:25:50,152] {dag.py:2937} INFO - Setting next_dagrun for python_operator_univ_flores to None
[2022-04-05 05:25:50,308] {processor.py:171} INFO - Processing /home/lowenhard/airflow/dags/ET_Univ_De_Flores_dag.py took 0.594 seconds
[2022-04-05 05:27:03,785] {processor.py:163} INFO - Started process (PID=561) to work on /home/lowenhard/airflow/dags/ET_Univ_De_Flores_dag.py
[2022-04-05 05:27:03,995] {processor.py:642} INFO - Processing file /home/lowenhard/airflow/dags/ET_Univ_De_Flores_dag.py for tasks to queue
[2022-04-05 05:27:03,995] {logging_mixin.py:109} INFO - [2022-04-05 05:27:03,995] {dagbag.py:500} INFO - Filling up the DagBag from /home/lowenhard/airflow/dags/ET_Univ_De_Flores_dag.py
[2022-04-05 05:27:04,808] {processor.py:654} INFO - DAG(s) dict_keys(['python_operator_univ_flores']) retrieved from /home/lowenhard/airflow/dags/ET_Univ_De_Flores_dag.py
[2022-04-05 05:27:04,818] {logging_mixin.py:109} INFO - [2022-04-05 05:27:04,818] {dag.py:2398} INFO - Sync 1 DAGs
[2022-04-05 05:27:04,831] {logging_mixin.py:109} INFO - [2022-04-05 05:27:04,831] {dag.py:2937} INFO - Setting next_dagrun for python_operator_univ_flores to None
[2022-04-05 05:27:04,973] {processor.py:171} INFO - Processing /home/lowenhard/airflow/dags/ET_Univ_De_Flores_dag.py took 1.191 seconds
[2022-04-05 05:28:08,079] {processor.py:163} INFO - Started process (PID=614) to work on /home/lowenhard/airflow/dags/ET_Univ_De_Flores_dag.py
[2022-04-05 05:28:09,114] {processor.py:642} INFO - Processing file /home/lowenhard/airflow/dags/ET_Univ_De_Flores_dag.py for tasks to queue
[2022-04-05 05:28:09,115] {logging_mixin.py:109} INFO - [2022-04-05 05:28:09,114] {dagbag.py:500} INFO - Filling up the DagBag from /home/lowenhard/airflow/dags/ET_Univ_De_Flores_dag.py
[2022-04-05 05:28:10,224] {processor.py:654} INFO - DAG(s) dict_keys(['python_operator_univ_flores']) retrieved from /home/lowenhard/airflow/dags/ET_Univ_De_Flores_dag.py
[2022-04-05 05:28:10,233] {logging_mixin.py:109} INFO - [2022-04-05 05:28:10,233] {dag.py:2398} INFO - Sync 1 DAGs
[2022-04-05 05:28:10,245] {logging_mixin.py:109} INFO - [2022-04-05 05:28:10,244] {dag.py:2937} INFO - Setting next_dagrun for python_operator_univ_flores to None
[2022-04-05 05:28:10,466] {processor.py:171} INFO - Processing /home/lowenhard/airflow/dags/ET_Univ_De_Flores_dag.py took 2.390 seconds
[2022-04-05 05:29:09,948] {processor.py:163} INFO - Started process (PID=668) to work on /home/lowenhard/airflow/dags/ET_Univ_De_Flores_dag.py
[2022-04-05 05:29:09,951] {processor.py:642} INFO - Processing file /home/lowenhard/airflow/dags/ET_Univ_De_Flores_dag.py for tasks to queue
[2022-04-05 05:29:09,951] {logging_mixin.py:109} INFO - [2022-04-05 05:29:09,951] {dagbag.py:500} INFO - Filling up the DagBag from /home/lowenhard/airflow/dags/ET_Univ_De_Flores_dag.py
[2022-04-05 05:29:10,440] {processor.py:654} INFO - DAG(s) dict_keys(['python_operator_univ_flores']) retrieved from /home/lowenhard/airflow/dags/ET_Univ_De_Flores_dag.py
[2022-04-05 05:29:10,450] {logging_mixin.py:109} INFO - [2022-04-05 05:29:10,449] {dag.py:2398} INFO - Sync 1 DAGs
[2022-04-05 05:29:10,462] {logging_mixin.py:109} INFO - [2022-04-05 05:29:10,462] {dag.py:2937} INFO - Setting next_dagrun for python_operator_univ_flores to None
[2022-04-05 05:29:11,852] {processor.py:171} INFO - Processing /home/lowenhard/airflow/dags/ET_Univ_De_Flores_dag.py took 1.907 seconds
[2022-04-05 05:30:17,924] {processor.py:163} INFO - Started process (PID=721) to work on /home/lowenhard/airflow/dags/ET_Univ_De_Flores_dag.py
[2022-04-05 05:30:17,936] {processor.py:642} INFO - Processing file /home/lowenhard/airflow/dags/ET_Univ_De_Flores_dag.py for tasks to queue
[2022-04-05 05:30:17,936] {logging_mixin.py:109} INFO - [2022-04-05 05:30:17,936] {dagbag.py:500} INFO - Filling up the DagBag from /home/lowenhard/airflow/dags/ET_Univ_De_Flores_dag.py
[2022-04-05 05:30:18,300] {processor.py:654} INFO - DAG(s) dict_keys(['python_operator_univ_flores']) retrieved from /home/lowenhard/airflow/dags/ET_Univ_De_Flores_dag.py
[2022-04-05 05:30:18,308] {logging_mixin.py:109} INFO - [2022-04-05 05:30:18,308] {dag.py:2398} INFO - Sync 1 DAGs
[2022-04-05 05:30:18,320] {logging_mixin.py:109} INFO - [2022-04-05 05:30:18,320] {dag.py:2937} INFO - Setting next_dagrun for python_operator_univ_flores to None
[2022-04-05 05:30:18,487] {processor.py:171} INFO - Processing /home/lowenhard/airflow/dags/ET_Univ_De_Flores_dag.py took 0.565 seconds
[2022-04-05 05:31:29,110] {processor.py:163} INFO - Started process (PID=776) to work on /home/lowenhard/airflow/dags/ET_Univ_De_Flores_dag.py
[2022-04-05 05:31:29,113] {processor.py:642} INFO - Processing file /home/lowenhard/airflow/dags/ET_Univ_De_Flores_dag.py for tasks to queue
[2022-04-05 05:31:29,114] {logging_mixin.py:109} INFO - [2022-04-05 05:31:29,114] {dagbag.py:500} INFO - Filling up the DagBag from /home/lowenhard/airflow/dags/ET_Univ_De_Flores_dag.py
[2022-04-05 05:31:29,509] {processor.py:654} INFO - DAG(s) dict_keys(['python_operator_univ_flores']) retrieved from /home/lowenhard/airflow/dags/ET_Univ_De_Flores_dag.py
[2022-04-05 05:31:29,516] {logging_mixin.py:109} INFO - [2022-04-05 05:31:29,516] {dag.py:2398} INFO - Sync 1 DAGs
[2022-04-05 05:31:29,526] {logging_mixin.py:109} INFO - [2022-04-05 05:31:29,526] {dag.py:2937} INFO - Setting next_dagrun for python_operator_univ_flores to None
[2022-04-05 05:31:29,995] {processor.py:171} INFO - Processing /home/lowenhard/airflow/dags/ET_Univ_De_Flores_dag.py took 0.886 seconds
[2022-04-05 05:32:34,438] {processor.py:163} INFO - Started process (PID=832) to work on /home/lowenhard/airflow/dags/ET_Univ_De_Flores_dag.py
[2022-04-05 05:32:34,730] {processor.py:642} INFO - Processing file /home/lowenhard/airflow/dags/ET_Univ_De_Flores_dag.py for tasks to queue
[2022-04-05 05:32:34,740] {logging_mixin.py:109} INFO - [2022-04-05 05:32:34,740] {dagbag.py:500} INFO - Filling up the DagBag from /home/lowenhard/airflow/dags/ET_Univ_De_Flores_dag.py
[2022-04-05 05:32:35,147] {processor.py:654} INFO - DAG(s) dict_keys(['python_operator_univ_flores']) retrieved from /home/lowenhard/airflow/dags/ET_Univ_De_Flores_dag.py
[2022-04-05 05:32:35,155] {logging_mixin.py:109} INFO - [2022-04-05 05:32:35,155] {dag.py:2398} INFO - Sync 1 DAGs
[2022-04-05 05:32:35,164] {logging_mixin.py:109} INFO - [2022-04-05 05:32:35,164] {dag.py:2937} INFO - Setting next_dagrun for python_operator_univ_flores to None
[2022-04-05 05:32:35,311] {processor.py:171} INFO - Processing /home/lowenhard/airflow/dags/ET_Univ_De_Flores_dag.py took 0.876 seconds
[2022-04-05 05:33:40,802] {processor.py:163} INFO - Started process (PID=887) to work on /home/lowenhard/airflow/dags/ET_Univ_De_Flores_dag.py
[2022-04-05 05:33:41,801] {processor.py:642} INFO - Processing file /home/lowenhard/airflow/dags/ET_Univ_De_Flores_dag.py for tasks to queue
[2022-04-05 05:33:41,801] {logging_mixin.py:109} INFO - [2022-04-05 05:33:41,801] {dagbag.py:500} INFO - Filling up the DagBag from /home/lowenhard/airflow/dags/ET_Univ_De_Flores_dag.py
[2022-04-05 05:33:42,186] {processor.py:654} INFO - DAG(s) dict_keys(['python_operator_univ_flores']) retrieved from /home/lowenhard/airflow/dags/ET_Univ_De_Flores_dag.py
[2022-04-05 05:33:42,193] {logging_mixin.py:109} INFO - [2022-04-05 05:33:42,192] {dag.py:2398} INFO - Sync 1 DAGs
[2022-04-05 05:33:42,205] {logging_mixin.py:109} INFO - [2022-04-05 05:33:42,204] {dag.py:2937} INFO - Setting next_dagrun for python_operator_univ_flores to None
[2022-04-05 05:33:42,364] {processor.py:171} INFO - Processing /home/lowenhard/airflow/dags/ET_Univ_De_Flores_dag.py took 1.564 seconds
[2022-04-05 05:34:44,299] {processor.py:163} INFO - Started process (PID=942) to work on /home/lowenhard/airflow/dags/ET_Univ_De_Flores_dag.py
[2022-04-05 05:34:44,308] {processor.py:642} INFO - Processing file /home/lowenhard/airflow/dags/ET_Univ_De_Flores_dag.py for tasks to queue
[2022-04-05 05:34:44,308] {logging_mixin.py:109} INFO - [2022-04-05 05:34:44,308] {dagbag.py:500} INFO - Filling up the DagBag from /home/lowenhard/airflow/dags/ET_Univ_De_Flores_dag.py
[2022-04-05 05:34:44,701] {processor.py:654} INFO - DAG(s) dict_keys(['python_operator_univ_flores']) retrieved from /home/lowenhard/airflow/dags/ET_Univ_De_Flores_dag.py
[2022-04-05 05:34:44,709] {logging_mixin.py:109} INFO - [2022-04-05 05:34:44,708] {dag.py:2398} INFO - Sync 1 DAGs
[2022-04-05 05:34:44,719] {logging_mixin.py:109} INFO - [2022-04-05 05:34:44,719] {dag.py:2937} INFO - Setting next_dagrun for python_operator_univ_flores to None
[2022-04-05 05:34:45,753] {processor.py:171} INFO - Processing /home/lowenhard/airflow/dags/ET_Univ_De_Flores_dag.py took 1.456 seconds
[2022-04-05 05:35:57,107] {processor.py:163} INFO - Started process (PID=995) to work on /home/lowenhard/airflow/dags/ET_Univ_De_Flores_dag.py
[2022-04-05 05:35:57,116] {processor.py:642} INFO - Processing file /home/lowenhard/airflow/dags/ET_Univ_De_Flores_dag.py for tasks to queue
[2022-04-05 05:35:57,116] {logging_mixin.py:109} INFO - [2022-04-05 05:35:57,116] {dagbag.py:500} INFO - Filling up the DagBag from /home/lowenhard/airflow/dags/ET_Univ_De_Flores_dag.py
[2022-04-05 05:35:57,493] {processor.py:654} INFO - DAG(s) dict_keys(['python_operator_univ_flores']) retrieved from /home/lowenhard/airflow/dags/ET_Univ_De_Flores_dag.py
[2022-04-05 05:35:57,500] {logging_mixin.py:109} INFO - [2022-04-05 05:35:57,500] {dag.py:2398} INFO - Sync 1 DAGs
[2022-04-05 05:35:57,509] {logging_mixin.py:109} INFO - [2022-04-05 05:35:57,509] {dag.py:2937} INFO - Setting next_dagrun for python_operator_univ_flores to None
[2022-04-05 05:35:58,656] {processor.py:171} INFO - Processing /home/lowenhard/airflow/dags/ET_Univ_De_Flores_dag.py took 1.551 seconds
[2022-04-05 05:37:17,049] {processor.py:163} INFO - Started process (PID=1057) to work on /home/lowenhard/airflow/dags/ET_Univ_De_Flores_dag.py
[2022-04-05 05:37:17,055] {processor.py:642} INFO - Processing file /home/lowenhard/airflow/dags/ET_Univ_De_Flores_dag.py for tasks to queue
[2022-04-05 05:37:17,056] {logging_mixin.py:109} INFO - [2022-04-05 05:37:17,056] {dagbag.py:500} INFO - Filling up the DagBag from /home/lowenhard/airflow/dags/ET_Univ_De_Flores_dag.py
[2022-04-05 05:37:17,460] {processor.py:654} INFO - DAG(s) dict_keys(['python_operator_univ_flores']) retrieved from /home/lowenhard/airflow/dags/ET_Univ_De_Flores_dag.py
[2022-04-05 05:37:17,469] {logging_mixin.py:109} INFO - [2022-04-05 05:37:17,468] {dag.py:2398} INFO - Sync 1 DAGs
[2022-04-05 05:37:17,479] {logging_mixin.py:109} INFO - [2022-04-05 05:37:17,479] {dag.py:2937} INFO - Setting next_dagrun for python_operator_univ_flores to None
[2022-04-05 05:37:19,474] {processor.py:171} INFO - Processing /home/lowenhard/airflow/dags/ET_Univ_De_Flores_dag.py took 2.428 seconds
[2022-04-05 05:38:32,830] {processor.py:163} INFO - Started process (PID=1111) to work on /home/lowenhard/airflow/dags/ET_Univ_De_Flores_dag.py
[2022-04-05 05:38:32,932] {processor.py:642} INFO - Processing file /home/lowenhard/airflow/dags/ET_Univ_De_Flores_dag.py for tasks to queue
[2022-04-05 05:38:32,933] {logging_mixin.py:109} INFO - [2022-04-05 05:38:32,932] {dagbag.py:500} INFO - Filling up the DagBag from /home/lowenhard/airflow/dags/ET_Univ_De_Flores_dag.py
[2022-04-05 05:38:33,326] {processor.py:654} INFO - DAG(s) dict_keys(['python_operator_univ_flores']) retrieved from /home/lowenhard/airflow/dags/ET_Univ_De_Flores_dag.py
[2022-04-05 05:38:33,333] {logging_mixin.py:109} INFO - [2022-04-05 05:38:33,333] {dag.py:2398} INFO - Sync 1 DAGs
[2022-04-05 05:38:33,344] {logging_mixin.py:109} INFO - [2022-04-05 05:38:33,344] {dag.py:2937} INFO - Setting next_dagrun for python_operator_univ_flores to None
[2022-04-05 05:38:33,919] {processor.py:171} INFO - Processing /home/lowenhard/airflow/dags/ET_Univ_De_Flores_dag.py took 1.091 seconds
[2022-04-05 05:39:50,575] {processor.py:163} INFO - Started process (PID=1170) to work on /home/lowenhard/airflow/dags/ET_Univ_De_Flores_dag.py
[2022-04-05 05:39:51,410] {processor.py:642} INFO - Processing file /home/lowenhard/airflow/dags/ET_Univ_De_Flores_dag.py for tasks to queue
[2022-04-05 05:39:51,410] {logging_mixin.py:109} INFO - [2022-04-05 05:39:51,410] {dagbag.py:500} INFO - Filling up the DagBag from /home/lowenhard/airflow/dags/ET_Univ_De_Flores_dag.py
[2022-04-05 05:39:51,795] {processor.py:654} INFO - DAG(s) dict_keys(['python_operator_univ_flores']) retrieved from /home/lowenhard/airflow/dags/ET_Univ_De_Flores_dag.py
[2022-04-05 05:39:51,802] {logging_mixin.py:109} INFO - [2022-04-05 05:39:51,801] {dag.py:2398} INFO - Sync 1 DAGs
[2022-04-05 05:39:51,811] {logging_mixin.py:109} INFO - [2022-04-05 05:39:51,811] {dag.py:2937} INFO - Setting next_dagrun for python_operator_univ_flores to None
[2022-04-05 05:39:53,440] {processor.py:171} INFO - Processing /home/lowenhard/airflow/dags/ET_Univ_De_Flores_dag.py took 2.868 seconds
[2022-04-05 05:41:13,436] {processor.py:163} INFO - Started process (PID=1228) to work on /home/lowenhard/airflow/dags/ET_Univ_De_Flores_dag.py
[2022-04-05 05:41:13,444] {processor.py:642} INFO - Processing file /home/lowenhard/airflow/dags/ET_Univ_De_Flores_dag.py for tasks to queue
[2022-04-05 05:41:13,446] {logging_mixin.py:109} INFO - [2022-04-05 05:41:13,445] {dagbag.py:500} INFO - Filling up the DagBag from /home/lowenhard/airflow/dags/ET_Univ_De_Flores_dag.py
[2022-04-05 05:41:13,872] {processor.py:654} INFO - DAG(s) dict_keys(['python_operator_univ_flores']) retrieved from /home/lowenhard/airflow/dags/ET_Univ_De_Flores_dag.py
[2022-04-05 05:41:13,880] {logging_mixin.py:109} INFO - [2022-04-05 05:41:13,880] {dag.py:2398} INFO - Sync 1 DAGs
[2022-04-05 05:41:13,892] {logging_mixin.py:109} INFO - [2022-04-05 05:41:13,892] {dag.py:2937} INFO - Setting next_dagrun for python_operator_univ_flores to None
[2022-04-05 05:41:14,643] {processor.py:171} INFO - Processing /home/lowenhard/airflow/dags/ET_Univ_De_Flores_dag.py took 1.210 seconds
[2022-04-05 05:42:47,331] {processor.py:163} INFO - Started process (PID=1292) to work on /home/lowenhard/airflow/dags/ET_Univ_De_Flores_dag.py
[2022-04-05 05:42:47,403] {processor.py:642} INFO - Processing file /home/lowenhard/airflow/dags/ET_Univ_De_Flores_dag.py for tasks to queue
[2022-04-05 05:42:47,404] {logging_mixin.py:109} INFO - [2022-04-05 05:42:47,404] {dagbag.py:500} INFO - Filling up the DagBag from /home/lowenhard/airflow/dags/ET_Univ_De_Flores_dag.py
[2022-04-05 05:42:47,789] {processor.py:654} INFO - DAG(s) dict_keys(['python_operator_univ_flores']) retrieved from /home/lowenhard/airflow/dags/ET_Univ_De_Flores_dag.py
[2022-04-05 05:42:47,796] {logging_mixin.py:109} INFO - [2022-04-05 05:42:47,796] {dag.py:2398} INFO - Sync 1 DAGs
[2022-04-05 05:42:47,804] {logging_mixin.py:109} INFO - [2022-04-05 05:42:47,804] {dag.py:2937} INFO - Setting next_dagrun for python_operator_univ_flores to None
[2022-04-05 05:42:47,968] {processor.py:171} INFO - Processing /home/lowenhard/airflow/dags/ET_Univ_De_Flores_dag.py took 0.638 seconds
[2022-04-05 05:44:07,144] {processor.py:163} INFO - Started process (PID=1351) to work on /home/lowenhard/airflow/dags/ET_Univ_De_Flores_dag.py
[2022-04-05 05:44:07,759] {processor.py:642} INFO - Processing file /home/lowenhard/airflow/dags/ET_Univ_De_Flores_dag.py for tasks to queue
[2022-04-05 05:44:07,760] {logging_mixin.py:109} INFO - [2022-04-05 05:44:07,760] {dagbag.py:500} INFO - Filling up the DagBag from /home/lowenhard/airflow/dags/ET_Univ_De_Flores_dag.py
[2022-04-05 05:44:08,174] {processor.py:654} INFO - DAG(s) dict_keys(['python_operator_univ_flores']) retrieved from /home/lowenhard/airflow/dags/ET_Univ_De_Flores_dag.py
[2022-04-05 05:44:08,181] {logging_mixin.py:109} INFO - [2022-04-05 05:44:08,181] {dag.py:2398} INFO - Sync 1 DAGs
[2022-04-05 05:44:08,190] {logging_mixin.py:109} INFO - [2022-04-05 05:44:08,190] {dag.py:2937} INFO - Setting next_dagrun for python_operator_univ_flores to None
[2022-04-05 05:44:08,650] {processor.py:171} INFO - Processing /home/lowenhard/airflow/dags/ET_Univ_De_Flores_dag.py took 1.508 seconds
[2022-04-05 05:45:19,046] {processor.py:163} INFO - Started process (PID=1407) to work on /home/lowenhard/airflow/dags/ET_Univ_De_Flores_dag.py
[2022-04-05 05:45:19,049] {processor.py:642} INFO - Processing file /home/lowenhard/airflow/dags/ET_Univ_De_Flores_dag.py for tasks to queue
[2022-04-05 05:45:19,050] {logging_mixin.py:109} INFO - [2022-04-05 05:45:19,050] {dagbag.py:500} INFO - Filling up the DagBag from /home/lowenhard/airflow/dags/ET_Univ_De_Flores_dag.py
[2022-04-05 05:45:19,438] {processor.py:654} INFO - DAG(s) dict_keys(['python_operator_univ_flores']) retrieved from /home/lowenhard/airflow/dags/ET_Univ_De_Flores_dag.py
[2022-04-05 05:45:19,445] {logging_mixin.py:109} INFO - [2022-04-05 05:45:19,445] {dag.py:2398} INFO - Sync 1 DAGs
[2022-04-05 05:45:19,456] {logging_mixin.py:109} INFO - [2022-04-05 05:45:19,455] {dag.py:2937} INFO - Setting next_dagrun for python_operator_univ_flores to None
[2022-04-05 05:45:20,586] {processor.py:171} INFO - Processing /home/lowenhard/airflow/dags/ET_Univ_De_Flores_dag.py took 1.543 seconds
[2022-04-05 05:46:33,191] {processor.py:163} INFO - Started process (PID=1474) to work on /home/lowenhard/airflow/dags/ET_Univ_De_Flores_dag.py
[2022-04-05 05:46:33,453] {processor.py:642} INFO - Processing file /home/lowenhard/airflow/dags/ET_Univ_De_Flores_dag.py for tasks to queue
[2022-04-05 05:46:33,454] {logging_mixin.py:109} INFO - [2022-04-05 05:46:33,454] {dagbag.py:500} INFO - Filling up the DagBag from /home/lowenhard/airflow/dags/ET_Univ_De_Flores_dag.py
[2022-04-05 05:46:33,847] {processor.py:654} INFO - DAG(s) dict_keys(['python_operator_univ_flores']) retrieved from /home/lowenhard/airflow/dags/ET_Univ_De_Flores_dag.py
[2022-04-05 05:46:33,855] {logging_mixin.py:109} INFO - [2022-04-05 05:46:33,854] {dag.py:2398} INFO - Sync 1 DAGs
[2022-04-05 05:46:33,864] {logging_mixin.py:109} INFO - [2022-04-05 05:46:33,864] {dag.py:2937} INFO - Setting next_dagrun for python_operator_univ_flores to None
[2022-04-05 05:46:34,007] {processor.py:171} INFO - Processing /home/lowenhard/airflow/dags/ET_Univ_De_Flores_dag.py took 0.820 seconds
[2022-04-05 05:47:50,331] {processor.py:163} INFO - Started process (PID=1540) to work on /home/lowenhard/airflow/dags/ET_Univ_De_Flores_dag.py
[2022-04-05 05:47:51,360] {processor.py:642} INFO - Processing file /home/lowenhard/airflow/dags/ET_Univ_De_Flores_dag.py for tasks to queue
[2022-04-05 05:47:51,360] {logging_mixin.py:109} INFO - [2022-04-05 05:47:51,360] {dagbag.py:500} INFO - Filling up the DagBag from /home/lowenhard/airflow/dags/ET_Univ_De_Flores_dag.py
[2022-04-05 05:47:51,759] {processor.py:654} INFO - DAG(s) dict_keys(['python_operator_univ_flores']) retrieved from /home/lowenhard/airflow/dags/ET_Univ_De_Flores_dag.py
[2022-04-05 05:47:51,770] {logging_mixin.py:109} INFO - [2022-04-05 05:47:51,770] {dag.py:2398} INFO - Sync 1 DAGs
[2022-04-05 05:47:51,786] {logging_mixin.py:109} INFO - [2022-04-05 05:47:51,786] {dag.py:2937} INFO - Setting next_dagrun for python_operator_univ_flores to None
[2022-04-05 05:47:51,911] {processor.py:171} INFO - Processing /home/lowenhard/airflow/dags/ET_Univ_De_Flores_dag.py took 1.584 seconds
[2022-04-05 05:49:08,396] {processor.py:163} INFO - Started process (PID=1606) to work on /home/lowenhard/airflow/dags/ET_Univ_De_Flores_dag.py
[2022-04-05 05:49:08,582] {processor.py:642} INFO - Processing file /home/lowenhard/airflow/dags/ET_Univ_De_Flores_dag.py for tasks to queue
[2022-04-05 05:49:08,582] {logging_mixin.py:109} INFO - [2022-04-05 05:49:08,582] {dagbag.py:500} INFO - Filling up the DagBag from /home/lowenhard/airflow/dags/ET_Univ_De_Flores_dag.py
[2022-04-05 05:49:08,978] {processor.py:654} INFO - DAG(s) dict_keys(['python_operator_univ_flores']) retrieved from /home/lowenhard/airflow/dags/ET_Univ_De_Flores_dag.py
[2022-04-05 05:49:08,987] {logging_mixin.py:109} INFO - [2022-04-05 05:49:08,986] {dag.py:2398} INFO - Sync 1 DAGs
[2022-04-05 05:49:08,998] {logging_mixin.py:109} INFO - [2022-04-05 05:49:08,997] {dag.py:2937} INFO - Setting next_dagrun for python_operator_univ_flores to None
[2022-04-05 05:49:09,258] {processor.py:171} INFO - Processing /home/lowenhard/airflow/dags/ET_Univ_De_Flores_dag.py took 0.865 seconds
[2022-04-05 05:50:13,331] {processor.py:163} INFO - Started process (PID=1668) to work on /home/lowenhard/airflow/dags/ET_Univ_De_Flores_dag.py
[2022-04-05 05:50:13,342] {processor.py:642} INFO - Processing file /home/lowenhard/airflow/dags/ET_Univ_De_Flores_dag.py for tasks to queue
[2022-04-05 05:50:13,343] {logging_mixin.py:109} INFO - [2022-04-05 05:50:13,343] {dagbag.py:500} INFO - Filling up the DagBag from /home/lowenhard/airflow/dags/ET_Univ_De_Flores_dag.py
[2022-04-05 05:50:13,753] {processor.py:654} INFO - DAG(s) dict_keys(['python_operator_univ_flores']) retrieved from /home/lowenhard/airflow/dags/ET_Univ_De_Flores_dag.py
[2022-04-05 05:50:13,761] {logging_mixin.py:109} INFO - [2022-04-05 05:50:13,761] {dag.py:2398} INFO - Sync 1 DAGs
[2022-04-05 05:50:13,770] {logging_mixin.py:109} INFO - [2022-04-05 05:50:13,770] {dag.py:2937} INFO - Setting next_dagrun for python_operator_univ_flores to None
[2022-04-05 05:50:14,069] {processor.py:171} INFO - Processing /home/lowenhard/airflow/dags/ET_Univ_De_Flores_dag.py took 0.740 seconds
[2022-04-05 05:51:20,407] {processor.py:163} INFO - Started process (PID=1747) to work on /home/lowenhard/airflow/dags/ET_Univ_De_Flores_dag.py
[2022-04-05 05:51:20,414] {processor.py:642} INFO - Processing file /home/lowenhard/airflow/dags/ET_Univ_De_Flores_dag.py for tasks to queue
[2022-04-05 05:51:20,415] {logging_mixin.py:109} INFO - [2022-04-05 05:51:20,415] {dagbag.py:500} INFO - Filling up the DagBag from /home/lowenhard/airflow/dags/ET_Univ_De_Flores_dag.py
[2022-04-05 05:51:20,810] {processor.py:654} INFO - DAG(s) dict_keys(['python_operator_univ_flores']) retrieved from /home/lowenhard/airflow/dags/ET_Univ_De_Flores_dag.py
[2022-04-05 05:51:20,817] {logging_mixin.py:109} INFO - [2022-04-05 05:51:20,817] {dag.py:2398} INFO - Sync 1 DAGs
[2022-04-05 05:51:20,833] {logging_mixin.py:109} INFO - [2022-04-05 05:51:20,833] {dag.py:2937} INFO - Setting next_dagrun for python_operator_univ_flores to None
[2022-04-05 05:51:22,156] {processor.py:171} INFO - Processing /home/lowenhard/airflow/dags/ET_Univ_De_Flores_dag.py took 1.751 seconds
[2022-04-05 05:52:32,106] {processor.py:163} INFO - Started process (PID=1806) to work on /home/lowenhard/airflow/dags/ET_Univ_De_Flores_dag.py
[2022-04-05 05:52:32,120] {processor.py:642} INFO - Processing file /home/lowenhard/airflow/dags/ET_Univ_De_Flores_dag.py for tasks to queue
[2022-04-05 05:52:32,121] {logging_mixin.py:109} INFO - [2022-04-05 05:52:32,120] {dagbag.py:500} INFO - Filling up the DagBag from /home/lowenhard/airflow/dags/ET_Univ_De_Flores_dag.py
[2022-04-05 05:52:32,504] {processor.py:654} INFO - DAG(s) dict_keys(['python_operator_univ_flores']) retrieved from /home/lowenhard/airflow/dags/ET_Univ_De_Flores_dag.py
[2022-04-05 05:52:32,511] {logging_mixin.py:109} INFO - [2022-04-05 05:52:32,511] {dag.py:2398} INFO - Sync 1 DAGs
[2022-04-05 05:52:32,520] {logging_mixin.py:109} INFO - [2022-04-05 05:52:32,520] {dag.py:2937} INFO - Setting next_dagrun for python_operator_univ_flores to None
[2022-04-05 05:52:33,846] {processor.py:171} INFO - Processing /home/lowenhard/airflow/dags/ET_Univ_De_Flores_dag.py took 1.742 seconds
[2022-04-05 05:53:39,405] {processor.py:163} INFO - Started process (PID=1859) to work on /home/lowenhard/airflow/dags/ET_Univ_De_Flores_dag.py
[2022-04-05 05:53:40,041] {processor.py:642} INFO - Processing file /home/lowenhard/airflow/dags/ET_Univ_De_Flores_dag.py for tasks to queue
[2022-04-05 05:53:40,042] {logging_mixin.py:109} INFO - [2022-04-05 05:53:40,042] {dagbag.py:500} INFO - Filling up the DagBag from /home/lowenhard/airflow/dags/ET_Univ_De_Flores_dag.py
[2022-04-05 05:53:40,449] {processor.py:654} INFO - DAG(s) dict_keys(['python_operator_univ_flores']) retrieved from /home/lowenhard/airflow/dags/ET_Univ_De_Flores_dag.py
[2022-04-05 05:53:40,461] {logging_mixin.py:109} INFO - [2022-04-05 05:53:40,461] {dag.py:2398} INFO - Sync 1 DAGs
[2022-04-05 05:53:40,471] {logging_mixin.py:109} INFO - [2022-04-05 05:53:40,471] {dag.py:2937} INFO - Setting next_dagrun for python_operator_univ_flores to None
[2022-04-05 05:53:41,202] {processor.py:171} INFO - Processing /home/lowenhard/airflow/dags/ET_Univ_De_Flores_dag.py took 1.799 seconds
[2022-04-05 05:54:42,857] {processor.py:163} INFO - Started process (PID=1920) to work on /home/lowenhard/airflow/dags/ET_Univ_De_Flores_dag.py
[2022-04-05 05:54:42,874] {processor.py:642} INFO - Processing file /home/lowenhard/airflow/dags/ET_Univ_De_Flores_dag.py for tasks to queue
[2022-04-05 05:54:42,874] {logging_mixin.py:109} INFO - [2022-04-05 05:54:42,874] {dagbag.py:500} INFO - Filling up the DagBag from /home/lowenhard/airflow/dags/ET_Univ_De_Flores_dag.py
[2022-04-05 05:54:43,262] {processor.py:654} INFO - DAG(s) dict_keys(['python_operator_univ_flores']) retrieved from /home/lowenhard/airflow/dags/ET_Univ_De_Flores_dag.py
[2022-04-05 05:54:43,270] {logging_mixin.py:109} INFO - [2022-04-05 05:54:43,269] {dag.py:2398} INFO - Sync 1 DAGs
[2022-04-05 05:54:43,281] {logging_mixin.py:109} INFO - [2022-04-05 05:54:43,281] {dag.py:2937} INFO - Setting next_dagrun for python_operator_univ_flores to None
[2022-04-05 05:54:43,713] {processor.py:171} INFO - Processing /home/lowenhard/airflow/dags/ET_Univ_De_Flores_dag.py took 0.859 seconds
[2022-04-05 05:55:52,583] {processor.py:163} INFO - Started process (PID=1976) to work on /home/lowenhard/airflow/dags/ET_Univ_De_Flores_dag.py
[2022-04-05 05:55:52,710] {processor.py:642} INFO - Processing file /home/lowenhard/airflow/dags/ET_Univ_De_Flores_dag.py for tasks to queue
[2022-04-05 05:55:52,711] {logging_mixin.py:109} INFO - [2022-04-05 05:55:52,711] {dagbag.py:500} INFO - Filling up the DagBag from /home/lowenhard/airflow/dags/ET_Univ_De_Flores_dag.py
[2022-04-05 05:55:53,089] {processor.py:654} INFO - DAG(s) dict_keys(['python_operator_univ_flores']) retrieved from /home/lowenhard/airflow/dags/ET_Univ_De_Flores_dag.py
[2022-04-05 05:55:53,097] {logging_mixin.py:109} INFO - [2022-04-05 05:55:53,097] {dag.py:2398} INFO - Sync 1 DAGs
[2022-04-05 05:55:53,108] {logging_mixin.py:109} INFO - [2022-04-05 05:55:53,108] {dag.py:2937} INFO - Setting next_dagrun for python_operator_univ_flores to None
[2022-04-05 05:55:53,447] {processor.py:171} INFO - Processing /home/lowenhard/airflow/dags/ET_Univ_De_Flores_dag.py took 0.866 seconds
[2022-04-05 05:57:07,349] {processor.py:163} INFO - Started process (PID=2038) to work on /home/lowenhard/airflow/dags/ET_Univ_De_Flores_dag.py
[2022-04-05 05:57:07,433] {processor.py:642} INFO - Processing file /home/lowenhard/airflow/dags/ET_Univ_De_Flores_dag.py for tasks to queue
[2022-04-05 05:57:07,435] {logging_mixin.py:109} INFO - [2022-04-05 05:57:07,435] {dagbag.py:500} INFO - Filling up the DagBag from /home/lowenhard/airflow/dags/ET_Univ_De_Flores_dag.py
[2022-04-05 05:57:07,865] {processor.py:654} INFO - DAG(s) dict_keys(['python_operator_univ_flores']) retrieved from /home/lowenhard/airflow/dags/ET_Univ_De_Flores_dag.py
[2022-04-05 05:57:07,873] {logging_mixin.py:109} INFO - [2022-04-05 05:57:07,873] {dag.py:2398} INFO - Sync 1 DAGs
[2022-04-05 05:57:07,882] {logging_mixin.py:109} INFO - [2022-04-05 05:57:07,882] {dag.py:2937} INFO - Setting next_dagrun for python_operator_univ_flores to None
[2022-04-05 05:57:08,024] {processor.py:171} INFO - Processing /home/lowenhard/airflow/dags/ET_Univ_De_Flores_dag.py took 0.677 seconds
[2022-04-05 05:58:08,762] {processor.py:163} INFO - Started process (PID=2099) to work on /home/lowenhard/airflow/dags/ET_Univ_De_Flores_dag.py
[2022-04-05 05:58:09,505] {processor.py:642} INFO - Processing file /home/lowenhard/airflow/dags/ET_Univ_De_Flores_dag.py for tasks to queue
[2022-04-05 05:58:09,536] {logging_mixin.py:109} INFO - [2022-04-05 05:58:09,536] {dagbag.py:500} INFO - Filling up the DagBag from /home/lowenhard/airflow/dags/ET_Univ_De_Flores_dag.py
[2022-04-05 05:58:09,921] {processor.py:654} INFO - DAG(s) dict_keys(['python_operator_univ_flores']) retrieved from /home/lowenhard/airflow/dags/ET_Univ_De_Flores_dag.py
[2022-04-05 05:58:09,929] {logging_mixin.py:109} INFO - [2022-04-05 05:58:09,929] {dag.py:2398} INFO - Sync 1 DAGs
[2022-04-05 05:58:09,938] {logging_mixin.py:109} INFO - [2022-04-05 05:58:09,938] {dag.py:2937} INFO - Setting next_dagrun for python_operator_univ_flores to None
[2022-04-05 05:58:10,084] {processor.py:171} INFO - Processing /home/lowenhard/airflow/dags/ET_Univ_De_Flores_dag.py took 1.324 seconds
