[2022-04-05 05:22:18,173] {processor.py:163} INFO - Started process (PID=357) to work on /home/lowenhard/airflow/dags/etl_retries_universidad_cine.py
[2022-04-05 05:22:18,174] {processor.py:642} INFO - Processing file /home/lowenhard/airflow/dags/etl_retries_universidad_cine.py for tasks to queue
[2022-04-05 05:22:18,174] {logging_mixin.py:109} INFO - [2022-04-05 05:22:18,174] {dagbag.py:500} INFO - Filling up the DagBag from /home/lowenhard/airflow/dags/etl_retries_universidad_cine.py
[2022-04-05 05:22:18,566] {processor.py:654} INFO - DAG(s) dict_keys(['retries_cine']) retrieved from /home/lowenhard/airflow/dags/etl_retries_universidad_cine.py
[2022-04-05 05:22:18,575] {logging_mixin.py:109} INFO - [2022-04-05 05:22:18,574] {dag.py:2398} INFO - Sync 1 DAGs
[2022-04-05 05:22:18,588] {logging_mixin.py:109} INFO - [2022-04-05 05:22:18,588] {dag.py:2937} INFO - Setting next_dagrun for retries_cine to 2022-04-05T09:00:00+00:00
[2022-04-05 05:22:18,835] {processor.py:171} INFO - Processing /home/lowenhard/airflow/dags/etl_retries_universidad_cine.py took 0.665 seconds
[2022-04-05 05:24:01,920] {processor.py:163} INFO - Started process (PID=426) to work on /home/lowenhard/airflow/dags/etl_retries_universidad_cine.py
[2022-04-05 05:24:01,923] {processor.py:642} INFO - Processing file /home/lowenhard/airflow/dags/etl_retries_universidad_cine.py for tasks to queue
[2022-04-05 05:24:01,924] {logging_mixin.py:109} INFO - [2022-04-05 05:24:01,924] {dagbag.py:500} INFO - Filling up the DagBag from /home/lowenhard/airflow/dags/etl_retries_universidad_cine.py
[2022-04-05 05:24:02,282] {processor.py:654} INFO - DAG(s) dict_keys(['retries_cine']) retrieved from /home/lowenhard/airflow/dags/etl_retries_universidad_cine.py
[2022-04-05 05:24:02,289] {logging_mixin.py:109} INFO - [2022-04-05 05:24:02,289] {dag.py:2398} INFO - Sync 1 DAGs
[2022-04-05 05:24:02,300] {logging_mixin.py:109} INFO - [2022-04-05 05:24:02,300] {dag.py:2937} INFO - Setting next_dagrun for retries_cine to 2022-04-05T09:00:00+00:00
[2022-04-05 05:24:03,788] {processor.py:171} INFO - Processing /home/lowenhard/airflow/dags/etl_retries_universidad_cine.py took 1.870 seconds
[2022-04-05 05:25:08,991] {processor.py:163} INFO - Started process (PID=480) to work on /home/lowenhard/airflow/dags/etl_retries_universidad_cine.py
[2022-04-05 05:25:09,223] {processor.py:642} INFO - Processing file /home/lowenhard/airflow/dags/etl_retries_universidad_cine.py for tasks to queue
[2022-04-05 05:25:09,224] {logging_mixin.py:109} INFO - [2022-04-05 05:25:09,224] {dagbag.py:500} INFO - Filling up the DagBag from /home/lowenhard/airflow/dags/etl_retries_universidad_cine.py
[2022-04-05 05:25:09,556] {processor.py:654} INFO - DAG(s) dict_keys(['retries_cine']) retrieved from /home/lowenhard/airflow/dags/etl_retries_universidad_cine.py
[2022-04-05 05:25:09,562] {logging_mixin.py:109} INFO - [2022-04-05 05:25:09,562] {dag.py:2398} INFO - Sync 1 DAGs
[2022-04-05 05:25:09,574] {logging_mixin.py:109} INFO - [2022-04-05 05:25:09,574] {dag.py:2937} INFO - Setting next_dagrun for retries_cine to 2022-04-05T09:00:00+00:00
[2022-04-05 05:25:10,853] {processor.py:171} INFO - Processing /home/lowenhard/airflow/dags/etl_retries_universidad_cine.py took 1.864 seconds
[2022-04-05 05:26:12,107] {processor.py:163} INFO - Started process (PID=534) to work on /home/lowenhard/airflow/dags/etl_retries_universidad_cine.py
[2022-04-05 05:26:12,127] {processor.py:642} INFO - Processing file /home/lowenhard/airflow/dags/etl_retries_universidad_cine.py for tasks to queue
[2022-04-05 05:26:12,128] {logging_mixin.py:109} INFO - [2022-04-05 05:26:12,128] {dagbag.py:500} INFO - Filling up the DagBag from /home/lowenhard/airflow/dags/etl_retries_universidad_cine.py
[2022-04-05 05:26:16,205] {processor.py:654} INFO - DAG(s) dict_keys(['retries_cine']) retrieved from /home/lowenhard/airflow/dags/etl_retries_universidad_cine.py
[2022-04-05 05:26:19,960] {logging_mixin.py:109} INFO - [2022-04-05 05:26:19,960] {dag.py:2398} INFO - Sync 1 DAGs
[2022-04-05 05:26:20,309] {logging_mixin.py:109} INFO - [2022-04-05 05:26:20,309] {dag.py:2937} INFO - Setting next_dagrun for retries_cine to 2022-04-05T09:00:00+00:00
[2022-04-05 05:26:20,547] {processor.py:171} INFO - Processing /home/lowenhard/airflow/dags/etl_retries_universidad_cine.py took 8.443 seconds
[2022-04-05 05:27:21,505] {processor.py:163} INFO - Started process (PID=586) to work on /home/lowenhard/airflow/dags/etl_retries_universidad_cine.py
[2022-04-05 05:27:21,513] {processor.py:642} INFO - Processing file /home/lowenhard/airflow/dags/etl_retries_universidad_cine.py for tasks to queue
[2022-04-05 05:27:21,513] {logging_mixin.py:109} INFO - [2022-04-05 05:27:21,513] {dagbag.py:500} INFO - Filling up the DagBag from /home/lowenhard/airflow/dags/etl_retries_universidad_cine.py
[2022-04-05 05:27:21,851] {processor.py:654} INFO - DAG(s) dict_keys(['retries_cine']) retrieved from /home/lowenhard/airflow/dags/etl_retries_universidad_cine.py
[2022-04-05 05:27:21,858] {logging_mixin.py:109} INFO - [2022-04-05 05:27:21,858] {dag.py:2398} INFO - Sync 1 DAGs
[2022-04-05 05:27:21,869] {logging_mixin.py:109} INFO - [2022-04-05 05:27:21,868] {dag.py:2937} INFO - Setting next_dagrun for retries_cine to 2022-04-05T09:00:00+00:00
[2022-04-05 05:27:22,012] {processor.py:171} INFO - Processing /home/lowenhard/airflow/dags/etl_retries_universidad_cine.py took 0.509 seconds
[2022-04-05 05:28:24,142] {processor.py:163} INFO - Started process (PID=639) to work on /home/lowenhard/airflow/dags/etl_retries_universidad_cine.py
[2022-04-05 05:28:24,466] {processor.py:642} INFO - Processing file /home/lowenhard/airflow/dags/etl_retries_universidad_cine.py for tasks to queue
[2022-04-05 05:28:24,468] {logging_mixin.py:109} INFO - [2022-04-05 05:28:24,467] {dagbag.py:500} INFO - Filling up the DagBag from /home/lowenhard/airflow/dags/etl_retries_universidad_cine.py
[2022-04-05 05:28:24,852] {processor.py:654} INFO - DAG(s) dict_keys(['retries_cine']) retrieved from /home/lowenhard/airflow/dags/etl_retries_universidad_cine.py
[2022-04-05 05:28:24,859] {logging_mixin.py:109} INFO - [2022-04-05 05:28:24,858] {dag.py:2398} INFO - Sync 1 DAGs
[2022-04-05 05:28:24,869] {logging_mixin.py:109} INFO - [2022-04-05 05:28:24,869] {dag.py:2937} INFO - Setting next_dagrun for retries_cine to 2022-04-05T09:00:00+00:00
[2022-04-05 05:28:26,246] {processor.py:171} INFO - Processing /home/lowenhard/airflow/dags/etl_retries_universidad_cine.py took 2.106 seconds
[2022-04-05 05:29:31,691] {processor.py:163} INFO - Started process (PID=693) to work on /home/lowenhard/airflow/dags/etl_retries_universidad_cine.py
[2022-04-05 05:29:31,830] {processor.py:642} INFO - Processing file /home/lowenhard/airflow/dags/etl_retries_universidad_cine.py for tasks to queue
[2022-04-05 05:29:31,830] {logging_mixin.py:109} INFO - [2022-04-05 05:29:31,830] {dagbag.py:500} INFO - Filling up the DagBag from /home/lowenhard/airflow/dags/etl_retries_universidad_cine.py
[2022-04-05 05:29:32,214] {processor.py:654} INFO - DAG(s) dict_keys(['retries_cine']) retrieved from /home/lowenhard/airflow/dags/etl_retries_universidad_cine.py
[2022-04-05 05:29:32,220] {logging_mixin.py:109} INFO - [2022-04-05 05:29:32,220] {dag.py:2398} INFO - Sync 1 DAGs
[2022-04-05 05:29:32,231] {logging_mixin.py:109} INFO - [2022-04-05 05:29:32,230] {dag.py:2937} INFO - Setting next_dagrun for retries_cine to 2022-04-05T09:00:00+00:00
[2022-04-05 05:29:32,378] {processor.py:171} INFO - Processing /home/lowenhard/airflow/dags/etl_retries_universidad_cine.py took 0.689 seconds
[2022-04-05 05:30:34,604] {processor.py:163} INFO - Started process (PID=746) to work on /home/lowenhard/airflow/dags/etl_retries_universidad_cine.py
[2022-04-05 05:30:34,617] {processor.py:642} INFO - Processing file /home/lowenhard/airflow/dags/etl_retries_universidad_cine.py for tasks to queue
[2022-04-05 05:30:34,618] {logging_mixin.py:109} INFO - [2022-04-05 05:30:34,617] {dagbag.py:500} INFO - Filling up the DagBag from /home/lowenhard/airflow/dags/etl_retries_universidad_cine.py
[2022-04-05 05:30:35,044] {processor.py:654} INFO - DAG(s) dict_keys(['retries_cine']) retrieved from /home/lowenhard/airflow/dags/etl_retries_universidad_cine.py
[2022-04-05 05:30:35,051] {logging_mixin.py:109} INFO - [2022-04-05 05:30:35,051] {dag.py:2398} INFO - Sync 1 DAGs
[2022-04-05 05:30:35,063] {logging_mixin.py:109} INFO - [2022-04-05 05:30:35,063] {dag.py:2937} INFO - Setting next_dagrun for retries_cine to 2022-04-05T09:00:00+00:00
[2022-04-05 05:30:35,214] {processor.py:171} INFO - Processing /home/lowenhard/airflow/dags/etl_retries_universidad_cine.py took 0.614 seconds
[2022-04-05 05:31:45,629] {processor.py:163} INFO - Started process (PID=801) to work on /home/lowenhard/airflow/dags/etl_retries_universidad_cine.py
[2022-04-05 05:31:45,630] {processor.py:642} INFO - Processing file /home/lowenhard/airflow/dags/etl_retries_universidad_cine.py for tasks to queue
[2022-04-05 05:31:45,631] {logging_mixin.py:109} INFO - [2022-04-05 05:31:45,631] {dagbag.py:500} INFO - Filling up the DagBag from /home/lowenhard/airflow/dags/etl_retries_universidad_cine.py
[2022-04-05 05:31:45,970] {processor.py:654} INFO - DAG(s) dict_keys(['retries_cine']) retrieved from /home/lowenhard/airflow/dags/etl_retries_universidad_cine.py
[2022-04-05 05:31:45,978] {logging_mixin.py:109} INFO - [2022-04-05 05:31:45,978] {dag.py:2398} INFO - Sync 1 DAGs
[2022-04-05 05:31:45,991] {logging_mixin.py:109} INFO - [2022-04-05 05:31:45,991] {dag.py:2937} INFO - Setting next_dagrun for retries_cine to 2022-04-05T09:00:00+00:00
[2022-04-05 05:31:46,163] {processor.py:171} INFO - Processing /home/lowenhard/airflow/dags/etl_retries_universidad_cine.py took 0.537 seconds
[2022-04-05 05:32:53,703] {processor.py:163} INFO - Started process (PID=857) to work on /home/lowenhard/airflow/dags/etl_retries_universidad_cine.py
[2022-04-05 05:32:53,704] {processor.py:642} INFO - Processing file /home/lowenhard/airflow/dags/etl_retries_universidad_cine.py for tasks to queue
[2022-04-05 05:32:53,705] {logging_mixin.py:109} INFO - [2022-04-05 05:32:53,705] {dagbag.py:500} INFO - Filling up the DagBag from /home/lowenhard/airflow/dags/etl_retries_universidad_cine.py
[2022-04-05 05:32:54,043] {processor.py:654} INFO - DAG(s) dict_keys(['retries_cine']) retrieved from /home/lowenhard/airflow/dags/etl_retries_universidad_cine.py
[2022-04-05 05:32:54,050] {logging_mixin.py:109} INFO - [2022-04-05 05:32:54,049] {dag.py:2398} INFO - Sync 1 DAGs
[2022-04-05 05:32:54,061] {logging_mixin.py:109} INFO - [2022-04-05 05:32:54,061] {dag.py:2937} INFO - Setting next_dagrun for retries_cine to 2022-04-05T09:00:00+00:00
[2022-04-05 05:32:55,211] {processor.py:171} INFO - Processing /home/lowenhard/airflow/dags/etl_retries_universidad_cine.py took 1.510 seconds
[2022-04-05 05:34:00,230] {processor.py:163} INFO - Started process (PID=912) to work on /home/lowenhard/airflow/dags/etl_retries_universidad_cine.py
[2022-04-05 05:34:00,234] {processor.py:642} INFO - Processing file /home/lowenhard/airflow/dags/etl_retries_universidad_cine.py for tasks to queue
[2022-04-05 05:34:00,235] {logging_mixin.py:109} INFO - [2022-04-05 05:34:00,235] {dagbag.py:500} INFO - Filling up the DagBag from /home/lowenhard/airflow/dags/etl_retries_universidad_cine.py
[2022-04-05 05:34:01,313] {processor.py:654} INFO - DAG(s) dict_keys(['retries_cine']) retrieved from /home/lowenhard/airflow/dags/etl_retries_universidad_cine.py
[2022-04-05 05:34:01,321] {logging_mixin.py:109} INFO - [2022-04-05 05:34:01,321] {dag.py:2398} INFO - Sync 1 DAGs
[2022-04-05 05:34:01,334] {logging_mixin.py:109} INFO - [2022-04-05 05:34:01,334] {dag.py:2937} INFO - Setting next_dagrun for retries_cine to 2022-04-05T09:00:00+00:00
[2022-04-05 05:34:01,471] {processor.py:171} INFO - Processing /home/lowenhard/airflow/dags/etl_retries_universidad_cine.py took 1.245 seconds
[2022-04-05 05:35:00,016] {processor.py:163} INFO - Started process (PID=967) to work on /home/lowenhard/airflow/dags/etl_retries_universidad_cine.py
[2022-04-05 05:35:00,019] {processor.py:642} INFO - Processing file /home/lowenhard/airflow/dags/etl_retries_universidad_cine.py for tasks to queue
[2022-04-05 05:35:00,020] {logging_mixin.py:109} INFO - [2022-04-05 05:35:00,020] {dagbag.py:500} INFO - Filling up the DagBag from /home/lowenhard/airflow/dags/etl_retries_universidad_cine.py
[2022-04-05 05:35:00,407] {processor.py:654} INFO - DAG(s) dict_keys(['retries_cine']) retrieved from /home/lowenhard/airflow/dags/etl_retries_universidad_cine.py
[2022-04-05 05:35:00,419] {logging_mixin.py:109} INFO - [2022-04-05 05:35:00,418] {dag.py:2398} INFO - Sync 1 DAGs
[2022-04-05 05:35:00,439] {logging_mixin.py:109} INFO - [2022-04-05 05:35:00,439] {dag.py:2937} INFO - Setting next_dagrun for retries_cine to 2022-04-05T09:00:00+00:00
[2022-04-05 05:35:02,751] {processor.py:171} INFO - Processing /home/lowenhard/airflow/dags/etl_retries_universidad_cine.py took 2.736 seconds
[2022-04-05 05:36:29,556] {processor.py:163} INFO - Started process (PID=1026) to work on /home/lowenhard/airflow/dags/etl_retries_universidad_cine.py
[2022-04-05 05:36:30,488] {processor.py:642} INFO - Processing file /home/lowenhard/airflow/dags/etl_retries_universidad_cine.py for tasks to queue
[2022-04-05 05:36:30,488] {logging_mixin.py:109} INFO - [2022-04-05 05:36:30,488] {dagbag.py:500} INFO - Filling up the DagBag from /home/lowenhard/airflow/dags/etl_retries_universidad_cine.py
[2022-04-05 05:36:31,409] {processor.py:654} INFO - DAG(s) dict_keys(['retries_cine']) retrieved from /home/lowenhard/airflow/dags/etl_retries_universidad_cine.py
[2022-04-05 05:36:31,418] {logging_mixin.py:109} INFO - [2022-04-05 05:36:31,417] {dag.py:2398} INFO - Sync 1 DAGs
[2022-04-05 05:36:31,432] {logging_mixin.py:109} INFO - [2022-04-05 05:36:31,432] {dag.py:2937} INFO - Setting next_dagrun for retries_cine to 2022-04-05T09:00:00+00:00
[2022-04-05 05:36:31,746] {processor.py:171} INFO - Processing /home/lowenhard/airflow/dags/etl_retries_universidad_cine.py took 2.193 seconds
[2022-04-05 05:37:34,753] {processor.py:163} INFO - Started process (PID=1082) to work on /home/lowenhard/airflow/dags/etl_retries_universidad_cine.py
[2022-04-05 05:37:34,774] {processor.py:642} INFO - Processing file /home/lowenhard/airflow/dags/etl_retries_universidad_cine.py for tasks to queue
[2022-04-05 05:37:34,774] {logging_mixin.py:109} INFO - [2022-04-05 05:37:34,774] {dagbag.py:500} INFO - Filling up the DagBag from /home/lowenhard/airflow/dags/etl_retries_universidad_cine.py
[2022-04-05 05:37:35,127] {processor.py:654} INFO - DAG(s) dict_keys(['retries_cine']) retrieved from /home/lowenhard/airflow/dags/etl_retries_universidad_cine.py
[2022-04-05 05:37:35,136] {logging_mixin.py:109} INFO - [2022-04-05 05:37:35,136] {dag.py:2398} INFO - Sync 1 DAGs
[2022-04-05 05:37:35,148] {logging_mixin.py:109} INFO - [2022-04-05 05:37:35,148] {dag.py:2937} INFO - Setting next_dagrun for retries_cine to 2022-04-05T09:00:00+00:00
[2022-04-05 05:37:35,304] {processor.py:171} INFO - Processing /home/lowenhard/airflow/dags/etl_retries_universidad_cine.py took 0.553 seconds
[2022-04-05 05:38:53,922] {processor.py:163} INFO - Started process (PID=1136) to work on /home/lowenhard/airflow/dags/etl_retries_universidad_cine.py
[2022-04-05 05:38:53,924] {processor.py:642} INFO - Processing file /home/lowenhard/airflow/dags/etl_retries_universidad_cine.py for tasks to queue
[2022-04-05 05:38:53,924] {logging_mixin.py:109} INFO - [2022-04-05 05:38:53,924] {dagbag.py:500} INFO - Filling up the DagBag from /home/lowenhard/airflow/dags/etl_retries_universidad_cine.py
[2022-04-05 05:38:54,279] {processor.py:654} INFO - DAG(s) dict_keys(['retries_cine']) retrieved from /home/lowenhard/airflow/dags/etl_retries_universidad_cine.py
[2022-04-05 05:38:54,290] {logging_mixin.py:109} INFO - [2022-04-05 05:38:54,290] {dag.py:2398} INFO - Sync 1 DAGs
[2022-04-05 05:38:54,306] {logging_mixin.py:109} INFO - [2022-04-05 05:38:54,306] {dag.py:2937} INFO - Setting next_dagrun for retries_cine to 2022-04-05T09:00:00+00:00
[2022-04-05 05:38:55,067] {processor.py:171} INFO - Processing /home/lowenhard/airflow/dags/etl_retries_universidad_cine.py took 1.147 seconds
[2022-04-05 05:40:10,691] {processor.py:163} INFO - Started process (PID=1195) to work on /home/lowenhard/airflow/dags/etl_retries_universidad_cine.py
[2022-04-05 05:40:10,693] {processor.py:642} INFO - Processing file /home/lowenhard/airflow/dags/etl_retries_universidad_cine.py for tasks to queue
[2022-04-05 05:40:10,694] {logging_mixin.py:109} INFO - [2022-04-05 05:40:10,694] {dagbag.py:500} INFO - Filling up the DagBag from /home/lowenhard/airflow/dags/etl_retries_universidad_cine.py
[2022-04-05 05:40:11,049] {processor.py:654} INFO - DAG(s) dict_keys(['retries_cine']) retrieved from /home/lowenhard/airflow/dags/etl_retries_universidad_cine.py
[2022-04-05 05:40:11,059] {logging_mixin.py:109} INFO - [2022-04-05 05:40:11,059] {dag.py:2398} INFO - Sync 1 DAGs
[2022-04-05 05:40:11,072] {logging_mixin.py:109} INFO - [2022-04-05 05:40:11,072] {dag.py:2937} INFO - Setting next_dagrun for retries_cine to 2022-04-05T09:00:00+00:00
[2022-04-05 05:40:11,805] {processor.py:171} INFO - Processing /home/lowenhard/airflow/dags/etl_retries_universidad_cine.py took 1.117 seconds
[2022-04-05 05:41:31,622] {processor.py:163} INFO - Started process (PID=1253) to work on /home/lowenhard/airflow/dags/etl_retries_universidad_cine.py
[2022-04-05 05:41:31,630] {processor.py:642} INFO - Processing file /home/lowenhard/airflow/dags/etl_retries_universidad_cine.py for tasks to queue
[2022-04-05 05:41:31,631] {logging_mixin.py:109} INFO - [2022-04-05 05:41:31,631] {dagbag.py:500} INFO - Filling up the DagBag from /home/lowenhard/airflow/dags/etl_retries_universidad_cine.py
[2022-04-05 05:41:31,990] {processor.py:654} INFO - DAG(s) dict_keys(['retries_cine']) retrieved from /home/lowenhard/airflow/dags/etl_retries_universidad_cine.py
[2022-04-05 05:41:32,005] {logging_mixin.py:109} INFO - [2022-04-05 05:41:32,005] {dag.py:2398} INFO - Sync 1 DAGs
[2022-04-05 05:41:32,017] {logging_mixin.py:109} INFO - [2022-04-05 05:41:32,017] {dag.py:2937} INFO - Setting next_dagrun for retries_cine to 2022-04-05T09:00:00+00:00
[2022-04-05 05:41:34,892] {processor.py:171} INFO - Processing /home/lowenhard/airflow/dags/etl_retries_universidad_cine.py took 3.272 seconds
[2022-04-05 05:43:05,261] {processor.py:163} INFO - Started process (PID=1317) to work on /home/lowenhard/airflow/dags/etl_retries_universidad_cine.py
[2022-04-05 05:43:05,273] {processor.py:642} INFO - Processing file /home/lowenhard/airflow/dags/etl_retries_universidad_cine.py for tasks to queue
[2022-04-05 05:43:05,273] {logging_mixin.py:109} INFO - [2022-04-05 05:43:05,273] {dagbag.py:500} INFO - Filling up the DagBag from /home/lowenhard/airflow/dags/etl_retries_universidad_cine.py
[2022-04-05 05:43:06,605] {processor.py:654} INFO - DAG(s) dict_keys(['retries_cine']) retrieved from /home/lowenhard/airflow/dags/etl_retries_universidad_cine.py
[2022-04-05 05:43:06,744] {logging_mixin.py:109} INFO - [2022-04-05 05:43:06,743] {dag.py:2398} INFO - Sync 1 DAGs
[2022-04-05 05:43:06,758] {logging_mixin.py:109} INFO - [2022-04-05 05:43:06,758] {dag.py:2937} INFO - Setting next_dagrun for retries_cine to 2022-04-05T09:00:00+00:00
[2022-04-05 05:43:06,907] {processor.py:171} INFO - Processing /home/lowenhard/airflow/dags/etl_retries_universidad_cine.py took 1.648 seconds
[2022-04-05 05:44:25,750] {processor.py:163} INFO - Started process (PID=1376) to work on /home/lowenhard/airflow/dags/etl_retries_universidad_cine.py
[2022-04-05 05:44:25,764] {processor.py:642} INFO - Processing file /home/lowenhard/airflow/dags/etl_retries_universidad_cine.py for tasks to queue
[2022-04-05 05:44:25,765] {logging_mixin.py:109} INFO - [2022-04-05 05:44:25,765] {dagbag.py:500} INFO - Filling up the DagBag from /home/lowenhard/airflow/dags/etl_retries_universidad_cine.py
[2022-04-05 05:44:26,110] {processor.py:654} INFO - DAG(s) dict_keys(['retries_cine']) retrieved from /home/lowenhard/airflow/dags/etl_retries_universidad_cine.py
[2022-04-05 05:44:26,120] {logging_mixin.py:109} INFO - [2022-04-05 05:44:26,120] {dag.py:2398} INFO - Sync 1 DAGs
[2022-04-05 05:44:26,132] {logging_mixin.py:109} INFO - [2022-04-05 05:44:26,132] {dag.py:2937} INFO - Setting next_dagrun for retries_cine to 2022-04-05T09:00:00+00:00
[2022-04-05 05:44:27,817] {processor.py:171} INFO - Processing /home/lowenhard/airflow/dags/etl_retries_universidad_cine.py took 2.068 seconds
[2022-04-05 05:45:33,943] {processor.py:163} INFO - Started process (PID=1434) to work on /home/lowenhard/airflow/dags/etl_retries_universidad_cine.py
[2022-04-05 05:45:33,947] {processor.py:642} INFO - Processing file /home/lowenhard/airflow/dags/etl_retries_universidad_cine.py for tasks to queue
[2022-04-05 05:45:33,947] {logging_mixin.py:109} INFO - [2022-04-05 05:45:33,947] {dagbag.py:500} INFO - Filling up the DagBag from /home/lowenhard/airflow/dags/etl_retries_universidad_cine.py
[2022-04-05 05:45:34,282] {processor.py:654} INFO - DAG(s) dict_keys(['retries_cine']) retrieved from /home/lowenhard/airflow/dags/etl_retries_universidad_cine.py
[2022-04-05 05:45:34,293] {logging_mixin.py:109} INFO - [2022-04-05 05:45:34,292] {dag.py:2398} INFO - Sync 1 DAGs
[2022-04-05 05:45:34,305] {logging_mixin.py:109} INFO - [2022-04-05 05:45:34,305] {dag.py:2937} INFO - Setting next_dagrun for retries_cine to 2022-04-05T09:00:00+00:00
[2022-04-05 05:45:36,745] {processor.py:171} INFO - Processing /home/lowenhard/airflow/dags/etl_retries_universidad_cine.py took 2.804 seconds
[2022-04-05 05:46:48,986] {processor.py:163} INFO - Started process (PID=1503) to work on /home/lowenhard/airflow/dags/etl_retries_universidad_cine.py
[2022-04-05 05:46:48,989] {processor.py:642} INFO - Processing file /home/lowenhard/airflow/dags/etl_retries_universidad_cine.py for tasks to queue
[2022-04-05 05:46:48,990] {logging_mixin.py:109} INFO - [2022-04-05 05:46:48,990] {dagbag.py:500} INFO - Filling up the DagBag from /home/lowenhard/airflow/dags/etl_retries_universidad_cine.py
[2022-04-05 05:46:49,336] {processor.py:654} INFO - DAG(s) dict_keys(['retries_cine']) retrieved from /home/lowenhard/airflow/dags/etl_retries_universidad_cine.py
[2022-04-05 05:46:49,346] {logging_mixin.py:109} INFO - [2022-04-05 05:46:49,346] {dag.py:2398} INFO - Sync 1 DAGs
[2022-04-05 05:46:49,358] {logging_mixin.py:109} INFO - [2022-04-05 05:46:49,358] {dag.py:2937} INFO - Setting next_dagrun for retries_cine to 2022-04-05T09:00:00+00:00
[2022-04-05 05:46:50,854] {processor.py:171} INFO - Processing /home/lowenhard/airflow/dags/etl_retries_universidad_cine.py took 1.871 seconds
[2022-04-05 05:48:11,379] {processor.py:163} INFO - Started process (PID=1570) to work on /home/lowenhard/airflow/dags/etl_retries_universidad_cine.py
[2022-04-05 05:48:11,423] {processor.py:642} INFO - Processing file /home/lowenhard/airflow/dags/etl_retries_universidad_cine.py for tasks to queue
[2022-04-05 05:48:11,424] {logging_mixin.py:109} INFO - [2022-04-05 05:48:11,424] {dagbag.py:500} INFO - Filling up the DagBag from /home/lowenhard/airflow/dags/etl_retries_universidad_cine.py
[2022-04-05 05:48:11,800] {processor.py:654} INFO - DAG(s) dict_keys(['retries_cine']) retrieved from /home/lowenhard/airflow/dags/etl_retries_universidad_cine.py
[2022-04-05 05:48:11,811] {logging_mixin.py:109} INFO - [2022-04-05 05:48:11,811] {dag.py:2398} INFO - Sync 1 DAGs
[2022-04-05 05:48:11,828] {logging_mixin.py:109} INFO - [2022-04-05 05:48:11,828] {dag.py:2937} INFO - Setting next_dagrun for retries_cine to 2022-04-05T09:00:00+00:00
[2022-04-05 05:48:12,781] {processor.py:171} INFO - Processing /home/lowenhard/airflow/dags/etl_retries_universidad_cine.py took 1.405 seconds
[2022-04-05 05:49:24,670] {processor.py:163} INFO - Started process (PID=1633) to work on /home/lowenhard/airflow/dags/etl_retries_universidad_cine.py
[2022-04-05 05:49:24,681] {processor.py:642} INFO - Processing file /home/lowenhard/airflow/dags/etl_retries_universidad_cine.py for tasks to queue
[2022-04-05 05:49:24,682] {logging_mixin.py:109} INFO - [2022-04-05 05:49:24,682] {dagbag.py:500} INFO - Filling up the DagBag from /home/lowenhard/airflow/dags/etl_retries_universidad_cine.py
[2022-04-05 05:49:25,011] {processor.py:654} INFO - DAG(s) dict_keys(['retries_cine']) retrieved from /home/lowenhard/airflow/dags/etl_retries_universidad_cine.py
[2022-04-05 05:49:25,020] {logging_mixin.py:109} INFO - [2022-04-05 05:49:25,019] {dag.py:2398} INFO - Sync 1 DAGs
[2022-04-05 05:49:25,035] {logging_mixin.py:109} INFO - [2022-04-05 05:49:25,034] {dag.py:2937} INFO - Setting next_dagrun for retries_cine to 2022-04-05T09:00:00+00:00
[2022-04-05 05:49:25,382] {processor.py:171} INFO - Processing /home/lowenhard/airflow/dags/etl_retries_universidad_cine.py took 0.715 seconds
[2022-04-05 05:50:30,279] {processor.py:163} INFO - Started process (PID=1698) to work on /home/lowenhard/airflow/dags/etl_retries_universidad_cine.py
[2022-04-05 05:50:31,557] {processor.py:642} INFO - Processing file /home/lowenhard/airflow/dags/etl_retries_universidad_cine.py for tasks to queue
[2022-04-05 05:50:31,557] {logging_mixin.py:109} INFO - [2022-04-05 05:50:31,557] {dagbag.py:500} INFO - Filling up the DagBag from /home/lowenhard/airflow/dags/etl_retries_universidad_cine.py
[2022-04-05 05:50:31,894] {processor.py:654} INFO - DAG(s) dict_keys(['retries_cine']) retrieved from /home/lowenhard/airflow/dags/etl_retries_universidad_cine.py
[2022-04-05 05:50:31,903] {logging_mixin.py:109} INFO - [2022-04-05 05:50:31,902] {dag.py:2398} INFO - Sync 1 DAGs
[2022-04-05 05:50:31,916] {logging_mixin.py:109} INFO - [2022-04-05 05:50:31,916] {dag.py:2937} INFO - Setting next_dagrun for retries_cine to 2022-04-05T09:00:00+00:00
[2022-04-05 05:50:32,051] {processor.py:171} INFO - Processing /home/lowenhard/airflow/dags/etl_retries_universidad_cine.py took 1.774 seconds
[2022-04-05 05:51:41,049] {processor.py:163} INFO - Started process (PID=1775) to work on /home/lowenhard/airflow/dags/etl_retries_universidad_cine.py
[2022-04-05 05:51:41,473] {processor.py:642} INFO - Processing file /home/lowenhard/airflow/dags/etl_retries_universidad_cine.py for tasks to queue
[2022-04-05 05:51:41,474] {logging_mixin.py:109} INFO - [2022-04-05 05:51:41,474] {dagbag.py:500} INFO - Filling up the DagBag from /home/lowenhard/airflow/dags/etl_retries_universidad_cine.py
[2022-04-05 05:51:41,830] {processor.py:654} INFO - DAG(s) dict_keys(['retries_cine']) retrieved from /home/lowenhard/airflow/dags/etl_retries_universidad_cine.py
[2022-04-05 05:51:41,839] {logging_mixin.py:109} INFO - [2022-04-05 05:51:41,839] {dag.py:2398} INFO - Sync 1 DAGs
[2022-04-05 05:51:41,851] {logging_mixin.py:109} INFO - [2022-04-05 05:51:41,851] {dag.py:2937} INFO - Setting next_dagrun for retries_cine to 2022-04-05T09:00:00+00:00
[2022-04-05 05:51:43,991] {processor.py:171} INFO - Processing /home/lowenhard/airflow/dags/etl_retries_universidad_cine.py took 2.943 seconds
[2022-04-05 05:52:48,050] {processor.py:163} INFO - Started process (PID=1831) to work on /home/lowenhard/airflow/dags/etl_retries_universidad_cine.py
[2022-04-05 05:52:48,622] {processor.py:642} INFO - Processing file /home/lowenhard/airflow/dags/etl_retries_universidad_cine.py for tasks to queue
[2022-04-05 05:52:48,622] {logging_mixin.py:109} INFO - [2022-04-05 05:52:48,622] {dagbag.py:500} INFO - Filling up the DagBag from /home/lowenhard/airflow/dags/etl_retries_universidad_cine.py
[2022-04-05 05:52:48,962] {processor.py:654} INFO - DAG(s) dict_keys(['retries_cine']) retrieved from /home/lowenhard/airflow/dags/etl_retries_universidad_cine.py
[2022-04-05 05:52:48,972] {logging_mixin.py:109} INFO - [2022-04-05 05:52:48,972] {dag.py:2398} INFO - Sync 1 DAGs
[2022-04-05 05:52:48,987] {logging_mixin.py:109} INFO - [2022-04-05 05:52:48,987] {dag.py:2937} INFO - Setting next_dagrun for retries_cine to 2022-04-05T09:00:00+00:00
[2022-04-05 05:52:49,594] {processor.py:171} INFO - Processing /home/lowenhard/airflow/dags/etl_retries_universidad_cine.py took 1.546 seconds
[2022-04-05 05:53:53,575] {processor.py:163} INFO - Started process (PID=1885) to work on /home/lowenhard/airflow/dags/etl_retries_universidad_cine.py
[2022-04-05 05:53:54,005] {processor.py:642} INFO - Processing file /home/lowenhard/airflow/dags/etl_retries_universidad_cine.py for tasks to queue
[2022-04-05 05:53:54,005] {logging_mixin.py:109} INFO - [2022-04-05 05:53:54,005] {dagbag.py:500} INFO - Filling up the DagBag from /home/lowenhard/airflow/dags/etl_retries_universidad_cine.py
[2022-04-05 05:53:54,349] {processor.py:654} INFO - DAG(s) dict_keys(['retries_cine']) retrieved from /home/lowenhard/airflow/dags/etl_retries_universidad_cine.py
[2022-04-05 05:53:54,360] {logging_mixin.py:109} INFO - [2022-04-05 05:53:54,360] {dag.py:2398} INFO - Sync 1 DAGs
[2022-04-05 05:53:54,374] {logging_mixin.py:109} INFO - [2022-04-05 05:53:54,374] {dag.py:2937} INFO - Setting next_dagrun for retries_cine to 2022-04-05T09:00:00+00:00
[2022-04-05 05:53:54,536] {processor.py:171} INFO - Processing /home/lowenhard/airflow/dags/etl_retries_universidad_cine.py took 0.963 seconds
[2022-04-05 05:55:00,161] {processor.py:163} INFO - Started process (PID=1945) to work on /home/lowenhard/airflow/dags/etl_retries_universidad_cine.py
[2022-04-05 05:55:00,736] {processor.py:642} INFO - Processing file /home/lowenhard/airflow/dags/etl_retries_universidad_cine.py for tasks to queue
[2022-04-05 05:55:00,737] {logging_mixin.py:109} INFO - [2022-04-05 05:55:00,736] {dagbag.py:500} INFO - Filling up the DagBag from /home/lowenhard/airflow/dags/etl_retries_universidad_cine.py
[2022-04-05 05:55:01,074] {processor.py:654} INFO - DAG(s) dict_keys(['retries_cine']) retrieved from /home/lowenhard/airflow/dags/etl_retries_universidad_cine.py
[2022-04-05 05:55:01,085] {logging_mixin.py:109} INFO - [2022-04-05 05:55:01,085] {dag.py:2398} INFO - Sync 1 DAGs
[2022-04-05 05:55:01,101] {logging_mixin.py:109} INFO - [2022-04-05 05:55:01,101] {dag.py:2937} INFO - Setting next_dagrun for retries_cine to 2022-04-05T09:00:00+00:00
[2022-04-05 05:55:01,477] {processor.py:171} INFO - Processing /home/lowenhard/airflow/dags/etl_retries_universidad_cine.py took 1.320 seconds
[2022-04-05 05:56:11,190] {processor.py:163} INFO - Started process (PID=2002) to work on /home/lowenhard/airflow/dags/etl_retries_universidad_cine.py
[2022-04-05 05:56:11,198] {processor.py:642} INFO - Processing file /home/lowenhard/airflow/dags/etl_retries_universidad_cine.py for tasks to queue
[2022-04-05 05:56:11,198] {logging_mixin.py:109} INFO - [2022-04-05 05:56:11,198] {dagbag.py:500} INFO - Filling up the DagBag from /home/lowenhard/airflow/dags/etl_retries_universidad_cine.py
[2022-04-05 05:56:11,543] {processor.py:654} INFO - DAG(s) dict_keys(['retries_cine']) retrieved from /home/lowenhard/airflow/dags/etl_retries_universidad_cine.py
[2022-04-05 05:56:11,553] {logging_mixin.py:109} INFO - [2022-04-05 05:56:11,553] {dag.py:2398} INFO - Sync 1 DAGs
[2022-04-05 05:56:11,567] {logging_mixin.py:109} INFO - [2022-04-05 05:56:11,567] {dag.py:2937} INFO - Setting next_dagrun for retries_cine to 2022-04-05T09:00:00+00:00
[2022-04-05 05:56:12,720] {processor.py:171} INFO - Processing /home/lowenhard/airflow/dags/etl_retries_universidad_cine.py took 1.532 seconds
[2022-04-05 05:57:23,573] {processor.py:163} INFO - Started process (PID=2065) to work on /home/lowenhard/airflow/dags/etl_retries_universidad_cine.py
[2022-04-05 05:57:23,584] {processor.py:642} INFO - Processing file /home/lowenhard/airflow/dags/etl_retries_universidad_cine.py for tasks to queue
[2022-04-05 05:57:23,585] {logging_mixin.py:109} INFO - [2022-04-05 05:57:23,584] {dagbag.py:500} INFO - Filling up the DagBag from /home/lowenhard/airflow/dags/etl_retries_universidad_cine.py
[2022-04-05 05:57:23,973] {processor.py:654} INFO - DAG(s) dict_keys(['retries_cine']) retrieved from /home/lowenhard/airflow/dags/etl_retries_universidad_cine.py
[2022-04-05 05:57:23,984] {logging_mixin.py:109} INFO - [2022-04-05 05:57:23,984] {dag.py:2398} INFO - Sync 1 DAGs
[2022-04-05 05:57:23,996] {logging_mixin.py:109} INFO - [2022-04-05 05:57:23,996] {dag.py:2937} INFO - Setting next_dagrun for retries_cine to 2022-04-05T09:00:00+00:00
[2022-04-05 05:57:24,750] {processor.py:171} INFO - Processing /home/lowenhard/airflow/dags/etl_retries_universidad_cine.py took 1.180 seconds
[2022-04-05 05:58:32,000] {processor.py:163} INFO - Started process (PID=2124) to work on /home/lowenhard/airflow/dags/etl_retries_universidad_cine.py
[2022-04-05 05:58:32,234] {processor.py:642} INFO - Processing file /home/lowenhard/airflow/dags/etl_retries_universidad_cine.py for tasks to queue
[2022-04-05 05:58:32,235] {logging_mixin.py:109} INFO - [2022-04-05 05:58:32,235] {dagbag.py:500} INFO - Filling up the DagBag from /home/lowenhard/airflow/dags/etl_retries_universidad_cine.py
[2022-04-05 05:58:35,631] {processor.py:654} INFO - DAG(s) dict_keys(['retries_cine']) retrieved from /home/lowenhard/airflow/dags/etl_retries_universidad_cine.py
[2022-04-05 05:58:35,646] {logging_mixin.py:109} INFO - [2022-04-05 05:58:35,646] {dag.py:2398} INFO - Sync 1 DAGs
[2022-04-05 05:58:35,682] {logging_mixin.py:109} INFO - [2022-04-05 05:58:35,678] {dag.py:2937} INFO - Setting next_dagrun for retries_cine to 2022-04-05T09:00:00+00:00
[2022-04-05 05:58:35,848] {processor.py:171} INFO - Processing /home/lowenhard/airflow/dags/etl_retries_universidad_cine.py took 3.850 seconds
