[2022-03-31 13:14:30,149] {processor.py:163} INFO - Started process (PID=502) to work on /home/lowenhard/acceleration/env/lib/python3.8/site-packages/airflow/example_dags/example_branch_operator.py
[2022-03-31 13:14:30,150] {processor.py:642} INFO - Processing file /home/lowenhard/acceleration/env/lib/python3.8/site-packages/airflow/example_dags/example_branch_operator.py for tasks to queue
[2022-03-31 13:14:30,150] {logging_mixin.py:109} INFO - [2022-03-31 13:14:30,150] {dagbag.py:500} INFO - Filling up the DagBag from /home/lowenhard/acceleration/env/lib/python3.8/site-packages/airflow/example_dags/example_branch_operator.py
[2022-03-31 13:14:30,174] {processor.py:654} INFO - DAG(s) dict_keys(['example_branch_operator']) retrieved from /home/lowenhard/acceleration/env/lib/python3.8/site-packages/airflow/example_dags/example_branch_operator.py
[2022-03-31 13:14:30,185] {logging_mixin.py:109} INFO - [2022-03-31 13:14:30,185] {dag.py:2398} INFO - Sync 1 DAGs
[2022-03-31 13:14:30,202] {logging_mixin.py:109} INFO - [2022-03-31 13:14:30,201] {dag.py:2937} INFO - Setting next_dagrun for example_branch_operator to 2022-03-30 00:00:00+00:00
[2022-03-31 13:14:31,155] {processor.py:171} INFO - Processing /home/lowenhard/acceleration/env/lib/python3.8/site-packages/airflow/example_dags/example_branch_operator.py took 1.010 seconds
[2022-03-31 13:16:36,122] {processor.py:163} INFO - Started process (PID=674) to work on /home/lowenhard/acceleration/env/lib/python3.8/site-packages/airflow/example_dags/example_branch_operator.py
[2022-03-31 13:16:36,259] {processor.py:642} INFO - Processing file /home/lowenhard/acceleration/env/lib/python3.8/site-packages/airflow/example_dags/example_branch_operator.py for tasks to queue
[2022-03-31 13:16:36,260] {logging_mixin.py:109} INFO - [2022-03-31 13:16:36,260] {dagbag.py:500} INFO - Filling up the DagBag from /home/lowenhard/acceleration/env/lib/python3.8/site-packages/airflow/example_dags/example_branch_operator.py
[2022-03-31 13:16:36,283] {processor.py:654} INFO - DAG(s) dict_keys(['example_branch_operator']) retrieved from /home/lowenhard/acceleration/env/lib/python3.8/site-packages/airflow/example_dags/example_branch_operator.py
[2022-03-31 13:16:36,292] {logging_mixin.py:109} INFO - [2022-03-31 13:16:36,291] {dag.py:2398} INFO - Sync 1 DAGs
[2022-03-31 13:16:36,304] {logging_mixin.py:109} INFO - [2022-03-31 13:16:36,304] {dag.py:2937} INFO - Setting next_dagrun for example_branch_operator to 2022-03-30 00:00:00+00:00
[2022-03-31 13:16:36,918] {processor.py:171} INFO - Processing /home/lowenhard/acceleration/env/lib/python3.8/site-packages/airflow/example_dags/example_branch_operator.py took 0.800 seconds
[2022-03-31 13:19:32,345] {processor.py:163} INFO - Started process (PID=784) to work on /home/lowenhard/acceleration/env/lib/python3.8/site-packages/airflow/example_dags/example_branch_operator.py
[2022-03-31 13:19:32,348] {processor.py:642} INFO - Processing file /home/lowenhard/acceleration/env/lib/python3.8/site-packages/airflow/example_dags/example_branch_operator.py for tasks to queue
[2022-03-31 13:19:32,349] {logging_mixin.py:109} INFO - [2022-03-31 13:19:32,349] {dagbag.py:500} INFO - Filling up the DagBag from /home/lowenhard/acceleration/env/lib/python3.8/site-packages/airflow/example_dags/example_branch_operator.py
[2022-03-31 13:19:32,371] {processor.py:654} INFO - DAG(s) dict_keys(['example_branch_operator']) retrieved from /home/lowenhard/acceleration/env/lib/python3.8/site-packages/airflow/example_dags/example_branch_operator.py
[2022-03-31 13:19:32,381] {logging_mixin.py:109} INFO - [2022-03-31 13:19:32,381] {dag.py:2398} INFO - Sync 1 DAGs
[2022-03-31 13:19:32,394] {logging_mixin.py:109} INFO - [2022-03-31 13:19:32,394] {dag.py:2937} INFO - Setting next_dagrun for example_branch_operator to 2022-03-30 00:00:00+00:00
[2022-03-31 13:19:34,601] {processor.py:171} INFO - Processing /home/lowenhard/acceleration/env/lib/python3.8/site-packages/airflow/example_dags/example_branch_operator.py took 2.258 seconds
[2022-03-31 13:21:18,407] {processor.py:163} INFO - Started process (PID=870) to work on /home/lowenhard/acceleration/env/lib/python3.8/site-packages/airflow/example_dags/example_branch_operator.py
[2022-03-31 13:21:18,432] {processor.py:642} INFO - Processing file /home/lowenhard/acceleration/env/lib/python3.8/site-packages/airflow/example_dags/example_branch_operator.py for tasks to queue
[2022-03-31 13:21:18,432] {logging_mixin.py:109} INFO - [2022-03-31 13:21:18,432] {dagbag.py:500} INFO - Filling up the DagBag from /home/lowenhard/acceleration/env/lib/python3.8/site-packages/airflow/example_dags/example_branch_operator.py
[2022-03-31 13:21:18,456] {processor.py:654} INFO - DAG(s) dict_keys(['example_branch_operator']) retrieved from /home/lowenhard/acceleration/env/lib/python3.8/site-packages/airflow/example_dags/example_branch_operator.py
[2022-03-31 13:21:18,465] {logging_mixin.py:109} INFO - [2022-03-31 13:21:18,465] {dag.py:2398} INFO - Sync 1 DAGs
[2022-03-31 13:21:18,478] {logging_mixin.py:109} INFO - [2022-03-31 13:21:18,478] {dag.py:2937} INFO - Setting next_dagrun for example_branch_operator to 2022-03-30 00:00:00+00:00
[2022-03-31 13:21:20,144] {processor.py:171} INFO - Processing /home/lowenhard/acceleration/env/lib/python3.8/site-packages/airflow/example_dags/example_branch_operator.py took 1.740 seconds
[2022-03-31 13:23:14,152] {processor.py:163} INFO - Started process (PID=958) to work on /home/lowenhard/acceleration/env/lib/python3.8/site-packages/airflow/example_dags/example_branch_operator.py
[2022-03-31 13:23:14,193] {processor.py:642} INFO - Processing file /home/lowenhard/acceleration/env/lib/python3.8/site-packages/airflow/example_dags/example_branch_operator.py for tasks to queue
[2022-03-31 13:23:14,194] {logging_mixin.py:109} INFO - [2022-03-31 13:23:14,194] {dagbag.py:500} INFO - Filling up the DagBag from /home/lowenhard/acceleration/env/lib/python3.8/site-packages/airflow/example_dags/example_branch_operator.py
[2022-03-31 13:23:14,217] {processor.py:654} INFO - DAG(s) dict_keys(['example_branch_operator']) retrieved from /home/lowenhard/acceleration/env/lib/python3.8/site-packages/airflow/example_dags/example_branch_operator.py
[2022-03-31 13:23:14,227] {logging_mixin.py:109} INFO - [2022-03-31 13:23:14,227] {dag.py:2398} INFO - Sync 1 DAGs
[2022-03-31 13:23:14,241] {logging_mixin.py:109} INFO - [2022-03-31 13:23:14,241] {dag.py:2937} INFO - Setting next_dagrun for example_branch_operator to 2022-03-30 00:00:00+00:00
[2022-03-31 13:23:14,736] {processor.py:171} INFO - Processing /home/lowenhard/acceleration/env/lib/python3.8/site-packages/airflow/example_dags/example_branch_operator.py took 0.586 seconds
[2022-03-31 13:25:21,625] {processor.py:163} INFO - Started process (PID=1047) to work on /home/lowenhard/acceleration/env/lib/python3.8/site-packages/airflow/example_dags/example_branch_operator.py
[2022-03-31 13:25:21,639] {processor.py:642} INFO - Processing file /home/lowenhard/acceleration/env/lib/python3.8/site-packages/airflow/example_dags/example_branch_operator.py for tasks to queue
[2022-03-31 13:25:21,640] {logging_mixin.py:109} INFO - [2022-03-31 13:25:21,639] {dagbag.py:500} INFO - Filling up the DagBag from /home/lowenhard/acceleration/env/lib/python3.8/site-packages/airflow/example_dags/example_branch_operator.py
[2022-03-31 13:25:21,663] {processor.py:654} INFO - DAG(s) dict_keys(['example_branch_operator']) retrieved from /home/lowenhard/acceleration/env/lib/python3.8/site-packages/airflow/example_dags/example_branch_operator.py
[2022-03-31 13:25:21,672] {logging_mixin.py:109} INFO - [2022-03-31 13:25:21,672] {dag.py:2398} INFO - Sync 1 DAGs
[2022-03-31 13:25:21,686] {logging_mixin.py:109} INFO - [2022-03-31 13:25:21,686] {dag.py:2937} INFO - Setting next_dagrun for example_branch_operator to 2022-03-30 00:00:00+00:00
[2022-03-31 13:25:21,821] {processor.py:171} INFO - Processing /home/lowenhard/acceleration/env/lib/python3.8/site-packages/airflow/example_dags/example_branch_operator.py took 0.198 seconds
[2022-03-31 13:27:05,052] {processor.py:163} INFO - Started process (PID=1143) to work on /home/lowenhard/acceleration/env/lib/python3.8/site-packages/airflow/example_dags/example_branch_operator.py
[2022-03-31 13:27:05,062] {processor.py:642} INFO - Processing file /home/lowenhard/acceleration/env/lib/python3.8/site-packages/airflow/example_dags/example_branch_operator.py for tasks to queue
[2022-03-31 13:27:05,063] {logging_mixin.py:109} INFO - [2022-03-31 13:27:05,063] {dagbag.py:500} INFO - Filling up the DagBag from /home/lowenhard/acceleration/env/lib/python3.8/site-packages/airflow/example_dags/example_branch_operator.py
[2022-03-31 13:27:05,086] {processor.py:654} INFO - DAG(s) dict_keys(['example_branch_operator']) retrieved from /home/lowenhard/acceleration/env/lib/python3.8/site-packages/airflow/example_dags/example_branch_operator.py
[2022-03-31 13:27:05,095] {logging_mixin.py:109} INFO - [2022-03-31 13:27:05,095] {dag.py:2398} INFO - Sync 1 DAGs
[2022-03-31 13:27:05,109] {logging_mixin.py:109} INFO - [2022-03-31 13:27:05,109] {dag.py:2937} INFO - Setting next_dagrun for example_branch_operator to 2022-03-30 00:00:00+00:00
[2022-03-31 13:27:05,262] {processor.py:171} INFO - Processing /home/lowenhard/acceleration/env/lib/python3.8/site-packages/airflow/example_dags/example_branch_operator.py took 0.212 seconds
[2022-03-31 13:27:59,467] {processor.py:163} INFO - Started process (PID=1201) to work on /home/lowenhard/acceleration/env/lib/python3.8/site-packages/airflow/example_dags/example_branch_operator.py
[2022-03-31 13:27:59,473] {processor.py:642} INFO - Processing file /home/lowenhard/acceleration/env/lib/python3.8/site-packages/airflow/example_dags/example_branch_operator.py for tasks to queue
[2022-03-31 13:27:59,473] {logging_mixin.py:109} INFO - [2022-03-31 13:27:59,473] {dagbag.py:500} INFO - Filling up the DagBag from /home/lowenhard/acceleration/env/lib/python3.8/site-packages/airflow/example_dags/example_branch_operator.py
[2022-03-31 13:27:59,494] {processor.py:654} INFO - DAG(s) dict_keys(['example_branch_operator']) retrieved from /home/lowenhard/acceleration/env/lib/python3.8/site-packages/airflow/example_dags/example_branch_operator.py
[2022-03-31 13:27:59,504] {logging_mixin.py:109} INFO - [2022-03-31 13:27:59,504] {dag.py:2398} INFO - Sync 1 DAGs
[2022-03-31 13:27:59,517] {logging_mixin.py:109} INFO - [2022-03-31 13:27:59,517] {dag.py:2937} INFO - Setting next_dagrun for example_branch_operator to 2022-03-30 00:00:00+00:00
[2022-03-31 13:27:59,646] {processor.py:171} INFO - Processing /home/lowenhard/acceleration/env/lib/python3.8/site-packages/airflow/example_dags/example_branch_operator.py took 0.182 seconds
[2022-03-31 13:29:19,966] {processor.py:163} INFO - Started process (PID=1297) to work on /home/lowenhard/acceleration/env/lib/python3.8/site-packages/airflow/example_dags/example_branch_operator.py
[2022-03-31 13:29:19,979] {processor.py:642} INFO - Processing file /home/lowenhard/acceleration/env/lib/python3.8/site-packages/airflow/example_dags/example_branch_operator.py for tasks to queue
[2022-03-31 13:29:19,980] {logging_mixin.py:109} INFO - [2022-03-31 13:29:19,980] {dagbag.py:500} INFO - Filling up the DagBag from /home/lowenhard/acceleration/env/lib/python3.8/site-packages/airflow/example_dags/example_branch_operator.py
[2022-03-31 13:29:20,002] {processor.py:654} INFO - DAG(s) dict_keys(['example_branch_operator']) retrieved from /home/lowenhard/acceleration/env/lib/python3.8/site-packages/airflow/example_dags/example_branch_operator.py
[2022-03-31 13:29:20,011] {logging_mixin.py:109} INFO - [2022-03-31 13:29:20,011] {dag.py:2398} INFO - Sync 1 DAGs
[2022-03-31 13:29:20,025] {logging_mixin.py:109} INFO - [2022-03-31 13:29:20,024] {dag.py:2937} INFO - Setting next_dagrun for example_branch_operator to 2022-03-30 00:00:00+00:00
[2022-03-31 13:29:20,172] {processor.py:171} INFO - Processing /home/lowenhard/acceleration/env/lib/python3.8/site-packages/airflow/example_dags/example_branch_operator.py took 0.208 seconds
[2022-03-31 13:30:25,002] {processor.py:163} INFO - Started process (PID=1357) to work on /home/lowenhard/acceleration/env/lib/python3.8/site-packages/airflow/example_dags/example_branch_operator.py
[2022-03-31 13:30:25,010] {processor.py:642} INFO - Processing file /home/lowenhard/acceleration/env/lib/python3.8/site-packages/airflow/example_dags/example_branch_operator.py for tasks to queue
[2022-03-31 13:30:25,011] {logging_mixin.py:109} INFO - [2022-03-31 13:30:25,011] {dagbag.py:500} INFO - Filling up the DagBag from /home/lowenhard/acceleration/env/lib/python3.8/site-packages/airflow/example_dags/example_branch_operator.py
[2022-03-31 13:30:25,032] {processor.py:654} INFO - DAG(s) dict_keys(['example_branch_operator']) retrieved from /home/lowenhard/acceleration/env/lib/python3.8/site-packages/airflow/example_dags/example_branch_operator.py
[2022-03-31 13:30:25,041] {logging_mixin.py:109} INFO - [2022-03-31 13:30:25,041] {dag.py:2398} INFO - Sync 1 DAGs
[2022-03-31 13:30:25,055] {logging_mixin.py:109} INFO - [2022-03-31 13:30:25,055] {dag.py:2937} INFO - Setting next_dagrun for example_branch_operator to 2022-03-30 00:00:00+00:00
[2022-03-31 13:30:25,201] {processor.py:171} INFO - Processing /home/lowenhard/acceleration/env/lib/python3.8/site-packages/airflow/example_dags/example_branch_operator.py took 0.201 seconds
[2022-03-31 13:31:27,128] {processor.py:163} INFO - Started process (PID=1415) to work on /home/lowenhard/acceleration/env/lib/python3.8/site-packages/airflow/example_dags/example_branch_operator.py
[2022-03-31 13:31:27,139] {processor.py:642} INFO - Processing file /home/lowenhard/acceleration/env/lib/python3.8/site-packages/airflow/example_dags/example_branch_operator.py for tasks to queue
[2022-03-31 13:31:27,140] {logging_mixin.py:109} INFO - [2022-03-31 13:31:27,140] {dagbag.py:500} INFO - Filling up the DagBag from /home/lowenhard/acceleration/env/lib/python3.8/site-packages/airflow/example_dags/example_branch_operator.py
[2022-03-31 13:31:27,163] {processor.py:654} INFO - DAG(s) dict_keys(['example_branch_operator']) retrieved from /home/lowenhard/acceleration/env/lib/python3.8/site-packages/airflow/example_dags/example_branch_operator.py
[2022-03-31 13:31:27,172] {logging_mixin.py:109} INFO - [2022-03-31 13:31:27,172] {dag.py:2398} INFO - Sync 1 DAGs
[2022-03-31 13:31:27,185] {logging_mixin.py:109} INFO - [2022-03-31 13:31:27,185] {dag.py:2937} INFO - Setting next_dagrun for example_branch_operator to 2022-03-30 00:00:00+00:00
[2022-03-31 13:31:27,365] {processor.py:171} INFO - Processing /home/lowenhard/acceleration/env/lib/python3.8/site-packages/airflow/example_dags/example_branch_operator.py took 0.241 seconds
[2022-03-31 13:32:48,608] {processor.py:163} INFO - Started process (PID=1511) to work on /home/lowenhard/acceleration/env/lib/python3.8/site-packages/airflow/example_dags/example_branch_operator.py
[2022-03-31 13:32:48,617] {processor.py:642} INFO - Processing file /home/lowenhard/acceleration/env/lib/python3.8/site-packages/airflow/example_dags/example_branch_operator.py for tasks to queue
[2022-03-31 13:32:48,617] {logging_mixin.py:109} INFO - [2022-03-31 13:32:48,617] {dagbag.py:500} INFO - Filling up the DagBag from /home/lowenhard/acceleration/env/lib/python3.8/site-packages/airflow/example_dags/example_branch_operator.py
[2022-03-31 13:32:48,643] {processor.py:654} INFO - DAG(s) dict_keys(['example_branch_operator']) retrieved from /home/lowenhard/acceleration/env/lib/python3.8/site-packages/airflow/example_dags/example_branch_operator.py
[2022-03-31 13:32:48,652] {logging_mixin.py:109} INFO - [2022-03-31 13:32:48,652] {dag.py:2398} INFO - Sync 1 DAGs
[2022-03-31 13:32:48,665] {logging_mixin.py:109} INFO - [2022-03-31 13:32:48,665] {dag.py:2937} INFO - Setting next_dagrun for example_branch_operator to 2022-03-30 00:00:00+00:00
[2022-03-31 13:32:49,374] {processor.py:171} INFO - Processing /home/lowenhard/acceleration/env/lib/python3.8/site-packages/airflow/example_dags/example_branch_operator.py took 0.768 seconds
[2022-03-31 13:33:52,665] {processor.py:163} INFO - Started process (PID=1570) to work on /home/lowenhard/acceleration/env/lib/python3.8/site-packages/airflow/example_dags/example_branch_operator.py
[2022-03-31 13:33:52,681] {processor.py:642} INFO - Processing file /home/lowenhard/acceleration/env/lib/python3.8/site-packages/airflow/example_dags/example_branch_operator.py for tasks to queue
[2022-03-31 13:33:52,681] {logging_mixin.py:109} INFO - [2022-03-31 13:33:52,681] {dagbag.py:500} INFO - Filling up the DagBag from /home/lowenhard/acceleration/env/lib/python3.8/site-packages/airflow/example_dags/example_branch_operator.py
[2022-03-31 13:33:52,703] {processor.py:654} INFO - DAG(s) dict_keys(['example_branch_operator']) retrieved from /home/lowenhard/acceleration/env/lib/python3.8/site-packages/airflow/example_dags/example_branch_operator.py
[2022-03-31 13:33:52,712] {logging_mixin.py:109} INFO - [2022-03-31 13:33:52,712] {dag.py:2398} INFO - Sync 1 DAGs
[2022-03-31 13:33:52,728] {logging_mixin.py:109} INFO - [2022-03-31 13:33:52,728] {dag.py:2937} INFO - Setting next_dagrun for example_branch_operator to 2022-03-30 00:00:00+00:00
[2022-03-31 13:33:53,669] {processor.py:171} INFO - Processing /home/lowenhard/acceleration/env/lib/python3.8/site-packages/airflow/example_dags/example_branch_operator.py took 1.006 seconds
[2022-03-31 13:35:48,950] {processor.py:163} INFO - Started process (PID=1662) to work on /home/lowenhard/acceleration/env/lib/python3.8/site-packages/airflow/example_dags/example_branch_operator.py
[2022-03-31 13:35:49,842] {processor.py:642} INFO - Processing file /home/lowenhard/acceleration/env/lib/python3.8/site-packages/airflow/example_dags/example_branch_operator.py for tasks to queue
[2022-03-31 13:35:49,845] {logging_mixin.py:109} INFO - [2022-03-31 13:35:49,845] {dagbag.py:500} INFO - Filling up the DagBag from /home/lowenhard/acceleration/env/lib/python3.8/site-packages/airflow/example_dags/example_branch_operator.py
[2022-03-31 13:35:50,303] {processor.py:654} INFO - DAG(s) dict_keys(['example_branch_operator']) retrieved from /home/lowenhard/acceleration/env/lib/python3.8/site-packages/airflow/example_dags/example_branch_operator.py
[2022-03-31 13:35:50,316] {logging_mixin.py:109} INFO - [2022-03-31 13:35:50,316] {dag.py:2398} INFO - Sync 1 DAGs
[2022-03-31 13:35:50,330] {logging_mixin.py:109} INFO - [2022-03-31 13:35:50,330] {dag.py:2937} INFO - Setting next_dagrun for example_branch_operator to 2022-03-30 00:00:00+00:00
[2022-03-31 13:35:50,472] {processor.py:171} INFO - Processing /home/lowenhard/acceleration/env/lib/python3.8/site-packages/airflow/example_dags/example_branch_operator.py took 1.525 seconds
[2022-03-31 13:37:24,696] {processor.py:163} INFO - Started process (PID=1772) to work on /home/lowenhard/acceleration/env/lib/python3.8/site-packages/airflow/example_dags/example_branch_operator.py
[2022-03-31 13:37:24,711] {processor.py:642} INFO - Processing file /home/lowenhard/acceleration/env/lib/python3.8/site-packages/airflow/example_dags/example_branch_operator.py for tasks to queue
[2022-03-31 13:37:24,712] {logging_mixin.py:109} INFO - [2022-03-31 13:37:24,712] {dagbag.py:500} INFO - Filling up the DagBag from /home/lowenhard/acceleration/env/lib/python3.8/site-packages/airflow/example_dags/example_branch_operator.py
[2022-03-31 13:37:24,737] {processor.py:654} INFO - DAG(s) dict_keys(['example_branch_operator']) retrieved from /home/lowenhard/acceleration/env/lib/python3.8/site-packages/airflow/example_dags/example_branch_operator.py
[2022-03-31 13:37:24,747] {logging_mixin.py:109} INFO - [2022-03-31 13:37:24,747] {dag.py:2398} INFO - Sync 1 DAGs
[2022-03-31 13:37:24,762] {logging_mixin.py:109} INFO - [2022-03-31 13:37:24,762] {dag.py:2937} INFO - Setting next_dagrun for example_branch_operator to 2022-03-30 00:00:00+00:00
[2022-03-31 13:37:25,005] {processor.py:171} INFO - Processing /home/lowenhard/acceleration/env/lib/python3.8/site-packages/airflow/example_dags/example_branch_operator.py took 0.311 seconds
[2022-03-31 13:38:38,255] {processor.py:163} INFO - Started process (PID=1856) to work on /home/lowenhard/acceleration/env/lib/python3.8/site-packages/airflow/example_dags/example_branch_operator.py
[2022-03-31 13:38:38,283] {processor.py:642} INFO - Processing file /home/lowenhard/acceleration/env/lib/python3.8/site-packages/airflow/example_dags/example_branch_operator.py for tasks to queue
[2022-03-31 13:38:38,284] {logging_mixin.py:109} INFO - [2022-03-31 13:38:38,284] {dagbag.py:500} INFO - Filling up the DagBag from /home/lowenhard/acceleration/env/lib/python3.8/site-packages/airflow/example_dags/example_branch_operator.py
[2022-03-31 13:38:38,312] {processor.py:654} INFO - DAG(s) dict_keys(['example_branch_operator']) retrieved from /home/lowenhard/acceleration/env/lib/python3.8/site-packages/airflow/example_dags/example_branch_operator.py
[2022-03-31 13:38:38,323] {logging_mixin.py:109} INFO - [2022-03-31 13:38:38,323] {dag.py:2398} INFO - Sync 1 DAGs
[2022-03-31 13:38:38,336] {logging_mixin.py:109} INFO - [2022-03-31 13:38:38,335] {dag.py:2937} INFO - Setting next_dagrun for example_branch_operator to 2022-03-30 00:00:00+00:00
[2022-03-31 13:38:38,460] {processor.py:171} INFO - Processing /home/lowenhard/acceleration/env/lib/python3.8/site-packages/airflow/example_dags/example_branch_operator.py took 0.218 seconds
