[2022-03-31 13:13:51,463] {processor.py:163} INFO - Started process (PID=484) to work on /home/lowenhard/acceleration/env/lib/python3.8/site-packages/airflow/example_dags/example_latest_only.py
[2022-03-31 13:13:51,464] {processor.py:642} INFO - Processing file /home/lowenhard/acceleration/env/lib/python3.8/site-packages/airflow/example_dags/example_latest_only.py for tasks to queue
[2022-03-31 13:13:51,465] {logging_mixin.py:109} INFO - [2022-03-31 13:13:51,465] {dagbag.py:500} INFO - Filling up the DagBag from /home/lowenhard/acceleration/env/lib/python3.8/site-packages/airflow/example_dags/example_latest_only.py
[2022-03-31 13:13:51,518] {processor.py:654} INFO - DAG(s) dict_keys(['latest_only']) retrieved from /home/lowenhard/acceleration/env/lib/python3.8/site-packages/airflow/example_dags/example_latest_only.py
[2022-03-31 13:13:51,532] {logging_mixin.py:109} INFO - [2022-03-31 13:13:51,532] {dag.py:2398} INFO - Sync 1 DAGs
[2022-03-31 13:13:51,569] {logging_mixin.py:109} INFO - [2022-03-31 13:13:51,569] {dag.py:2937} INFO - Setting next_dagrun for latest_only to 2022-03-31T14:13:51.569130+00:00
[2022-03-31 13:13:51,884] {processor.py:171} INFO - Processing /home/lowenhard/acceleration/env/lib/python3.8/site-packages/airflow/example_dags/example_latest_only.py took 0.424 seconds
[2022-03-31 13:15:23,269] {processor.py:163} INFO - Started process (PID=607) to work on /home/lowenhard/acceleration/env/lib/python3.8/site-packages/airflow/example_dags/example_latest_only.py
[2022-03-31 13:15:23,362] {processor.py:642} INFO - Processing file /home/lowenhard/acceleration/env/lib/python3.8/site-packages/airflow/example_dags/example_latest_only.py for tasks to queue
[2022-03-31 13:15:23,363] {logging_mixin.py:109} INFO - [2022-03-31 13:15:23,363] {dagbag.py:500} INFO - Filling up the DagBag from /home/lowenhard/acceleration/env/lib/python3.8/site-packages/airflow/example_dags/example_latest_only.py
[2022-03-31 13:15:23,384] {processor.py:654} INFO - DAG(s) dict_keys(['latest_only']) retrieved from /home/lowenhard/acceleration/env/lib/python3.8/site-packages/airflow/example_dags/example_latest_only.py
[2022-03-31 13:15:23,393] {logging_mixin.py:109} INFO - [2022-03-31 13:15:23,393] {dag.py:2398} INFO - Sync 1 DAGs
[2022-03-31 13:15:23,405] {logging_mixin.py:109} INFO - [2022-03-31 13:15:23,405] {dag.py:2937} INFO - Setting next_dagrun for latest_only to 2022-03-31T14:15:23.404803+00:00
[2022-03-31 13:15:25,151] {processor.py:171} INFO - Processing /home/lowenhard/acceleration/env/lib/python3.8/site-packages/airflow/example_dags/example_latest_only.py took 1.885 seconds
[2022-03-31 13:17:26,223] {processor.py:163} INFO - Started process (PID=713) to work on /home/lowenhard/acceleration/env/lib/python3.8/site-packages/airflow/example_dags/example_latest_only.py
[2022-03-31 13:17:27,295] {processor.py:642} INFO - Processing file /home/lowenhard/acceleration/env/lib/python3.8/site-packages/airflow/example_dags/example_latest_only.py for tasks to queue
[2022-03-31 13:17:27,295] {logging_mixin.py:109} INFO - [2022-03-31 13:17:27,295] {dagbag.py:500} INFO - Filling up the DagBag from /home/lowenhard/acceleration/env/lib/python3.8/site-packages/airflow/example_dags/example_latest_only.py
[2022-03-31 13:17:27,544] {processor.py:654} INFO - DAG(s) dict_keys(['latest_only']) retrieved from /home/lowenhard/acceleration/env/lib/python3.8/site-packages/airflow/example_dags/example_latest_only.py
[2022-03-31 13:17:27,556] {logging_mixin.py:109} INFO - [2022-03-31 13:17:27,556] {dag.py:2398} INFO - Sync 1 DAGs
[2022-03-31 13:17:27,576] {logging_mixin.py:109} INFO - [2022-03-31 13:17:27,576] {dag.py:2937} INFO - Setting next_dagrun for latest_only to 2022-03-31T14:17:27.575524+00:00
[2022-03-31 13:17:27,721] {processor.py:171} INFO - Processing /home/lowenhard/acceleration/env/lib/python3.8/site-packages/airflow/example_dags/example_latest_only.py took 1.501 seconds
[2022-03-31 13:19:04,297] {processor.py:163} INFO - Started process (PID=771) to work on /home/lowenhard/acceleration/env/lib/python3.8/site-packages/airflow/example_dags/example_latest_only.py
[2022-03-31 13:19:04,310] {processor.py:642} INFO - Processing file /home/lowenhard/acceleration/env/lib/python3.8/site-packages/airflow/example_dags/example_latest_only.py for tasks to queue
[2022-03-31 13:19:04,311] {logging_mixin.py:109} INFO - [2022-03-31 13:19:04,311] {dagbag.py:500} INFO - Filling up the DagBag from /home/lowenhard/acceleration/env/lib/python3.8/site-packages/airflow/example_dags/example_latest_only.py
[2022-03-31 13:19:04,328] {processor.py:654} INFO - DAG(s) dict_keys(['latest_only']) retrieved from /home/lowenhard/acceleration/env/lib/python3.8/site-packages/airflow/example_dags/example_latest_only.py
[2022-03-31 13:19:04,337] {logging_mixin.py:109} INFO - [2022-03-31 13:19:04,337] {dag.py:2398} INFO - Sync 1 DAGs
[2022-03-31 13:19:04,349] {logging_mixin.py:109} INFO - [2022-03-31 13:19:04,349] {dag.py:2937} INFO - Setting next_dagrun for latest_only to 2022-03-31T14:19:04.349233+00:00
[2022-03-31 13:19:06,252] {processor.py:171} INFO - Processing /home/lowenhard/acceleration/env/lib/python3.8/site-packages/airflow/example_dags/example_latest_only.py took 1.957 seconds
[2022-03-31 13:20:16,674] {processor.py:163} INFO - Started process (PID=824) to work on /home/lowenhard/acceleration/env/lib/python3.8/site-packages/airflow/example_dags/example_latest_only.py
[2022-03-31 13:20:16,676] {processor.py:642} INFO - Processing file /home/lowenhard/acceleration/env/lib/python3.8/site-packages/airflow/example_dags/example_latest_only.py for tasks to queue
[2022-03-31 13:20:16,676] {logging_mixin.py:109} INFO - [2022-03-31 13:20:16,676] {dagbag.py:500} INFO - Filling up the DagBag from /home/lowenhard/acceleration/env/lib/python3.8/site-packages/airflow/example_dags/example_latest_only.py
[2022-03-31 13:20:16,697] {processor.py:654} INFO - DAG(s) dict_keys(['latest_only']) retrieved from /home/lowenhard/acceleration/env/lib/python3.8/site-packages/airflow/example_dags/example_latest_only.py
[2022-03-31 13:20:16,707] {logging_mixin.py:109} INFO - [2022-03-31 13:20:16,707] {dag.py:2398} INFO - Sync 1 DAGs
[2022-03-31 13:20:16,718] {logging_mixin.py:109} INFO - [2022-03-31 13:20:16,718] {dag.py:2937} INFO - Setting next_dagrun for latest_only to 2022-03-31T14:20:16.717923+00:00
[2022-03-31 13:20:17,146] {processor.py:171} INFO - Processing /home/lowenhard/acceleration/env/lib/python3.8/site-packages/airflow/example_dags/example_latest_only.py took 0.475 seconds
[2022-03-31 13:22:10,303] {processor.py:163} INFO - Started process (PID=910) to work on /home/lowenhard/acceleration/env/lib/python3.8/site-packages/airflow/example_dags/example_latest_only.py
[2022-03-31 13:22:10,316] {processor.py:642} INFO - Processing file /home/lowenhard/acceleration/env/lib/python3.8/site-packages/airflow/example_dags/example_latest_only.py for tasks to queue
[2022-03-31 13:22:10,317] {logging_mixin.py:109} INFO - [2022-03-31 13:22:10,317] {dagbag.py:500} INFO - Filling up the DagBag from /home/lowenhard/acceleration/env/lib/python3.8/site-packages/airflow/example_dags/example_latest_only.py
[2022-03-31 13:22:10,336] {processor.py:654} INFO - DAG(s) dict_keys(['latest_only']) retrieved from /home/lowenhard/acceleration/env/lib/python3.8/site-packages/airflow/example_dags/example_latest_only.py
[2022-03-31 13:22:10,347] {logging_mixin.py:109} INFO - [2022-03-31 13:22:10,346] {dag.py:2398} INFO - Sync 1 DAGs
[2022-03-31 13:22:10,359] {logging_mixin.py:109} INFO - [2022-03-31 13:22:10,359] {dag.py:2937} INFO - Setting next_dagrun for latest_only to 2022-03-31T14:22:10.359535+00:00
[2022-03-31 13:22:11,595] {processor.py:171} INFO - Processing /home/lowenhard/acceleration/env/lib/python3.8/site-packages/airflow/example_dags/example_latest_only.py took 1.294 seconds
[2022-03-31 13:24:05,162] {processor.py:163} INFO - Started process (PID=997) to work on /home/lowenhard/acceleration/env/lib/python3.8/site-packages/airflow/example_dags/example_latest_only.py
[2022-03-31 13:24:05,175] {processor.py:642} INFO - Processing file /home/lowenhard/acceleration/env/lib/python3.8/site-packages/airflow/example_dags/example_latest_only.py for tasks to queue
[2022-03-31 13:24:05,176] {logging_mixin.py:109} INFO - [2022-03-31 13:24:05,176] {dagbag.py:500} INFO - Filling up the DagBag from /home/lowenhard/acceleration/env/lib/python3.8/site-packages/airflow/example_dags/example_latest_only.py
[2022-03-31 13:24:05,196] {processor.py:654} INFO - DAG(s) dict_keys(['latest_only']) retrieved from /home/lowenhard/acceleration/env/lib/python3.8/site-packages/airflow/example_dags/example_latest_only.py
[2022-03-31 13:24:05,204] {logging_mixin.py:109} INFO - [2022-03-31 13:24:05,204] {dag.py:2398} INFO - Sync 1 DAGs
[2022-03-31 13:24:05,216] {logging_mixin.py:109} INFO - [2022-03-31 13:24:05,216] {dag.py:2937} INFO - Setting next_dagrun for latest_only to 2022-03-31T14:24:05.216156+00:00
[2022-03-31 13:24:06,452] {processor.py:171} INFO - Processing /home/lowenhard/acceleration/env/lib/python3.8/site-packages/airflow/example_dags/example_latest_only.py took 1.294 seconds
[2022-03-31 13:26:12,219] {processor.py:163} INFO - Started process (PID=1093) to work on /home/lowenhard/acceleration/env/lib/python3.8/site-packages/airflow/example_dags/example_latest_only.py
[2022-03-31 13:26:12,323] {processor.py:642} INFO - Processing file /home/lowenhard/acceleration/env/lib/python3.8/site-packages/airflow/example_dags/example_latest_only.py for tasks to queue
[2022-03-31 13:26:12,324] {logging_mixin.py:109} INFO - [2022-03-31 13:26:12,324] {dagbag.py:500} INFO - Filling up the DagBag from /home/lowenhard/acceleration/env/lib/python3.8/site-packages/airflow/example_dags/example_latest_only.py
[2022-03-31 13:26:12,531] {processor.py:654} INFO - DAG(s) dict_keys(['latest_only']) retrieved from /home/lowenhard/acceleration/env/lib/python3.8/site-packages/airflow/example_dags/example_latest_only.py
[2022-03-31 13:26:12,551] {logging_mixin.py:109} INFO - [2022-03-31 13:26:12,551] {dag.py:2398} INFO - Sync 1 DAGs
[2022-03-31 13:26:12,582] {logging_mixin.py:109} INFO - [2022-03-31 13:26:12,582] {dag.py:2937} INFO - Setting next_dagrun for latest_only to 2022-03-31T14:26:12.582178+00:00
[2022-03-31 13:26:12,756] {processor.py:171} INFO - Processing /home/lowenhard/acceleration/env/lib/python3.8/site-packages/airflow/example_dags/example_latest_only.py took 0.540 seconds
[2022-03-31 13:27:27,946] {processor.py:163} INFO - Started process (PID=1177) to work on /home/lowenhard/acceleration/env/lib/python3.8/site-packages/airflow/example_dags/example_latest_only.py
[2022-03-31 13:27:27,949] {processor.py:642} INFO - Processing file /home/lowenhard/acceleration/env/lib/python3.8/site-packages/airflow/example_dags/example_latest_only.py for tasks to queue
[2022-03-31 13:27:27,949] {logging_mixin.py:109} INFO - [2022-03-31 13:27:27,949] {dagbag.py:500} INFO - Filling up the DagBag from /home/lowenhard/acceleration/env/lib/python3.8/site-packages/airflow/example_dags/example_latest_only.py
[2022-03-31 13:27:27,970] {processor.py:654} INFO - DAG(s) dict_keys(['latest_only']) retrieved from /home/lowenhard/acceleration/env/lib/python3.8/site-packages/airflow/example_dags/example_latest_only.py
[2022-03-31 13:27:27,978] {logging_mixin.py:109} INFO - [2022-03-31 13:27:27,978] {dag.py:2398} INFO - Sync 1 DAGs
[2022-03-31 13:27:27,990] {logging_mixin.py:109} INFO - [2022-03-31 13:27:27,990] {dag.py:2937} INFO - Setting next_dagrun for latest_only to 2022-03-31T14:27:27.990412+00:00
[2022-03-31 13:27:28,127] {processor.py:171} INFO - Processing /home/lowenhard/acceleration/env/lib/python3.8/site-packages/airflow/example_dags/example_latest_only.py took 0.184 seconds
[2022-03-31 13:28:20,127] {processor.py:163} INFO - Started process (PID=1237) to work on /home/lowenhard/acceleration/env/lib/python3.8/site-packages/airflow/example_dags/example_latest_only.py
[2022-03-31 13:28:20,130] {processor.py:642} INFO - Processing file /home/lowenhard/acceleration/env/lib/python3.8/site-packages/airflow/example_dags/example_latest_only.py for tasks to queue
[2022-03-31 13:28:20,130] {logging_mixin.py:109} INFO - [2022-03-31 13:28:20,130] {dagbag.py:500} INFO - Filling up the DagBag from /home/lowenhard/acceleration/env/lib/python3.8/site-packages/airflow/example_dags/example_latest_only.py
[2022-03-31 13:28:20,151] {processor.py:654} INFO - DAG(s) dict_keys(['latest_only']) retrieved from /home/lowenhard/acceleration/env/lib/python3.8/site-packages/airflow/example_dags/example_latest_only.py
[2022-03-31 13:28:20,159] {logging_mixin.py:109} INFO - [2022-03-31 13:28:20,159] {dag.py:2398} INFO - Sync 1 DAGs
[2022-03-31 13:28:20,171] {logging_mixin.py:109} INFO - [2022-03-31 13:28:20,171] {dag.py:2937} INFO - Setting next_dagrun for latest_only to 2022-03-31T14:28:20.171027+00:00
[2022-03-31 13:28:20,316] {processor.py:171} INFO - Processing /home/lowenhard/acceleration/env/lib/python3.8/site-packages/airflow/example_dags/example_latest_only.py took 0.191 seconds
[2022-03-31 13:29:14,585] {processor.py:163} INFO - Started process (PID=1293) to work on /home/lowenhard/acceleration/env/lib/python3.8/site-packages/airflow/example_dags/example_latest_only.py
[2022-03-31 13:29:14,592] {processor.py:642} INFO - Processing file /home/lowenhard/acceleration/env/lib/python3.8/site-packages/airflow/example_dags/example_latest_only.py for tasks to queue
[2022-03-31 13:29:14,593] {logging_mixin.py:109} INFO - [2022-03-31 13:29:14,592] {dagbag.py:500} INFO - Filling up the DagBag from /home/lowenhard/acceleration/env/lib/python3.8/site-packages/airflow/example_dags/example_latest_only.py
[2022-03-31 13:29:14,744] {processor.py:654} INFO - DAG(s) dict_keys(['latest_only']) retrieved from /home/lowenhard/acceleration/env/lib/python3.8/site-packages/airflow/example_dags/example_latest_only.py
[2022-03-31 13:29:14,752] {logging_mixin.py:109} INFO - [2022-03-31 13:29:14,752] {dag.py:2398} INFO - Sync 1 DAGs
[2022-03-31 13:29:14,764] {logging_mixin.py:109} INFO - [2022-03-31 13:29:14,764] {dag.py:2937} INFO - Setting next_dagrun for latest_only to 2022-03-31T14:29:14.763795+00:00
[2022-03-31 13:29:14,903] {processor.py:171} INFO - Processing /home/lowenhard/acceleration/env/lib/python3.8/site-packages/airflow/example_dags/example_latest_only.py took 0.322 seconds
[2022-03-31 13:30:16,188] {processor.py:163} INFO - Started process (PID=1350) to work on /home/lowenhard/acceleration/env/lib/python3.8/site-packages/airflow/example_dags/example_latest_only.py
[2022-03-31 13:30:16,191] {processor.py:642} INFO - Processing file /home/lowenhard/acceleration/env/lib/python3.8/site-packages/airflow/example_dags/example_latest_only.py for tasks to queue
[2022-03-31 13:30:16,191] {logging_mixin.py:109} INFO - [2022-03-31 13:30:16,191] {dagbag.py:500} INFO - Filling up the DagBag from /home/lowenhard/acceleration/env/lib/python3.8/site-packages/airflow/example_dags/example_latest_only.py
[2022-03-31 13:30:16,210] {processor.py:654} INFO - DAG(s) dict_keys(['latest_only']) retrieved from /home/lowenhard/acceleration/env/lib/python3.8/site-packages/airflow/example_dags/example_latest_only.py
[2022-03-31 13:30:16,218] {logging_mixin.py:109} INFO - [2022-03-31 13:30:16,218] {dag.py:2398} INFO - Sync 1 DAGs
[2022-03-31 13:30:16,230] {logging_mixin.py:109} INFO - [2022-03-31 13:30:16,229] {dag.py:2937} INFO - Setting next_dagrun for latest_only to 2022-03-31T14:30:16.229628+00:00
[2022-03-31 13:30:16,377] {processor.py:171} INFO - Processing /home/lowenhard/acceleration/env/lib/python3.8/site-packages/airflow/example_dags/example_latest_only.py took 0.193 seconds
[2022-03-31 13:31:19,304] {processor.py:163} INFO - Started process (PID=1408) to work on /home/lowenhard/acceleration/env/lib/python3.8/site-packages/airflow/example_dags/example_latest_only.py
[2022-03-31 13:31:19,320] {processor.py:642} INFO - Processing file /home/lowenhard/acceleration/env/lib/python3.8/site-packages/airflow/example_dags/example_latest_only.py for tasks to queue
[2022-03-31 13:31:19,320] {logging_mixin.py:109} INFO - [2022-03-31 13:31:19,320] {dagbag.py:500} INFO - Filling up the DagBag from /home/lowenhard/acceleration/env/lib/python3.8/site-packages/airflow/example_dags/example_latest_only.py
[2022-03-31 13:31:19,341] {processor.py:654} INFO - DAG(s) dict_keys(['latest_only']) retrieved from /home/lowenhard/acceleration/env/lib/python3.8/site-packages/airflow/example_dags/example_latest_only.py
[2022-03-31 13:31:19,350] {logging_mixin.py:109} INFO - [2022-03-31 13:31:19,350] {dag.py:2398} INFO - Sync 1 DAGs
[2022-03-31 13:31:19,365] {logging_mixin.py:109} INFO - [2022-03-31 13:31:19,365] {dag.py:2937} INFO - Setting next_dagrun for latest_only to 2022-03-31T14:31:19.364915+00:00
[2022-03-31 13:31:19,521] {processor.py:171} INFO - Processing /home/lowenhard/acceleration/env/lib/python3.8/site-packages/airflow/example_dags/example_latest_only.py took 0.220 seconds
[2022-03-31 13:32:15,033] {processor.py:163} INFO - Started process (PID=1466) to work on /home/lowenhard/acceleration/env/lib/python3.8/site-packages/airflow/example_dags/example_latest_only.py
[2022-03-31 13:32:15,045] {processor.py:642} INFO - Processing file /home/lowenhard/acceleration/env/lib/python3.8/site-packages/airflow/example_dags/example_latest_only.py for tasks to queue
[2022-03-31 13:32:15,046] {logging_mixin.py:109} INFO - [2022-03-31 13:32:15,046] {dagbag.py:500} INFO - Filling up the DagBag from /home/lowenhard/acceleration/env/lib/python3.8/site-packages/airflow/example_dags/example_latest_only.py
[2022-03-31 13:32:15,064] {processor.py:654} INFO - DAG(s) dict_keys(['latest_only']) retrieved from /home/lowenhard/acceleration/env/lib/python3.8/site-packages/airflow/example_dags/example_latest_only.py
[2022-03-31 13:32:15,072] {logging_mixin.py:109} INFO - [2022-03-31 13:32:15,072] {dag.py:2398} INFO - Sync 1 DAGs
[2022-03-31 13:32:15,084] {logging_mixin.py:109} INFO - [2022-03-31 13:32:15,084] {dag.py:2937} INFO - Setting next_dagrun for latest_only to 2022-03-31T14:32:15.083988+00:00
[2022-03-31 13:32:15,234] {processor.py:171} INFO - Processing /home/lowenhard/acceleration/env/lib/python3.8/site-packages/airflow/example_dags/example_latest_only.py took 0.203 seconds
[2022-03-31 13:33:13,312] {processor.py:163} INFO - Started process (PID=1538) to work on /home/lowenhard/acceleration/env/lib/python3.8/site-packages/airflow/example_dags/example_latest_only.py
[2022-03-31 13:33:13,325] {processor.py:642} INFO - Processing file /home/lowenhard/acceleration/env/lib/python3.8/site-packages/airflow/example_dags/example_latest_only.py for tasks to queue
[2022-03-31 13:33:13,325] {logging_mixin.py:109} INFO - [2022-03-31 13:33:13,325] {dagbag.py:500} INFO - Filling up the DagBag from /home/lowenhard/acceleration/env/lib/python3.8/site-packages/airflow/example_dags/example_latest_only.py
[2022-03-31 13:33:13,343] {processor.py:654} INFO - DAG(s) dict_keys(['latest_only']) retrieved from /home/lowenhard/acceleration/env/lib/python3.8/site-packages/airflow/example_dags/example_latest_only.py
[2022-03-31 13:33:13,352] {logging_mixin.py:109} INFO - [2022-03-31 13:33:13,352] {dag.py:2398} INFO - Sync 1 DAGs
[2022-03-31 13:33:13,364] {logging_mixin.py:109} INFO - [2022-03-31 13:33:13,364] {dag.py:2937} INFO - Setting next_dagrun for latest_only to 2022-03-31T14:33:13.363956+00:00
[2022-03-31 13:33:13,525] {processor.py:171} INFO - Processing /home/lowenhard/acceleration/env/lib/python3.8/site-packages/airflow/example_dags/example_latest_only.py took 0.215 seconds
[2022-03-31 13:34:32,550] {processor.py:163} INFO - Started process (PID=1606) to work on /home/lowenhard/acceleration/env/lib/python3.8/site-packages/airflow/example_dags/example_latest_only.py
[2022-03-31 13:34:32,872] {processor.py:642} INFO - Processing file /home/lowenhard/acceleration/env/lib/python3.8/site-packages/airflow/example_dags/example_latest_only.py for tasks to queue
[2022-03-31 13:34:32,873] {logging_mixin.py:109} INFO - [2022-03-31 13:34:32,873] {dagbag.py:500} INFO - Filling up the DagBag from /home/lowenhard/acceleration/env/lib/python3.8/site-packages/airflow/example_dags/example_latest_only.py
[2022-03-31 13:34:32,895] {processor.py:654} INFO - DAG(s) dict_keys(['latest_only']) retrieved from /home/lowenhard/acceleration/env/lib/python3.8/site-packages/airflow/example_dags/example_latest_only.py
[2022-03-31 13:34:32,903] {logging_mixin.py:109} INFO - [2022-03-31 13:34:32,903] {dag.py:2398} INFO - Sync 1 DAGs
[2022-03-31 13:34:32,916] {logging_mixin.py:109} INFO - [2022-03-31 13:34:32,915] {dag.py:2937} INFO - Setting next_dagrun for latest_only to 2022-03-31T14:34:32.915628+00:00
[2022-03-31 13:34:33,067] {processor.py:171} INFO - Processing /home/lowenhard/acceleration/env/lib/python3.8/site-packages/airflow/example_dags/example_latest_only.py took 0.521 seconds
[2022-03-31 13:36:37,812] {processor.py:163} INFO - Started process (PID=1721) to work on /home/lowenhard/acceleration/env/lib/python3.8/site-packages/airflow/example_dags/example_latest_only.py
[2022-03-31 13:36:37,815] {processor.py:642} INFO - Processing file /home/lowenhard/acceleration/env/lib/python3.8/site-packages/airflow/example_dags/example_latest_only.py for tasks to queue
[2022-03-31 13:36:37,815] {logging_mixin.py:109} INFO - [2022-03-31 13:36:37,815] {dagbag.py:500} INFO - Filling up the DagBag from /home/lowenhard/acceleration/env/lib/python3.8/site-packages/airflow/example_dags/example_latest_only.py
[2022-03-31 13:36:37,835] {processor.py:654} INFO - DAG(s) dict_keys(['latest_only']) retrieved from /home/lowenhard/acceleration/env/lib/python3.8/site-packages/airflow/example_dags/example_latest_only.py
[2022-03-31 13:36:37,844] {logging_mixin.py:109} INFO - [2022-03-31 13:36:37,844] {dag.py:2398} INFO - Sync 1 DAGs
[2022-03-31 13:36:37,856] {logging_mixin.py:109} INFO - [2022-03-31 13:36:37,856] {dag.py:2937} INFO - Setting next_dagrun for latest_only to 2022-03-31T14:36:37.856494+00:00
[2022-03-31 13:36:38,123] {processor.py:171} INFO - Processing /home/lowenhard/acceleration/env/lib/python3.8/site-packages/airflow/example_dags/example_latest_only.py took 0.314 seconds
[2022-03-31 13:37:40,215] {processor.py:163} INFO - Started process (PID=1792) to work on /home/lowenhard/acceleration/env/lib/python3.8/site-packages/airflow/example_dags/example_latest_only.py
[2022-03-31 13:37:40,219] {processor.py:642} INFO - Processing file /home/lowenhard/acceleration/env/lib/python3.8/site-packages/airflow/example_dags/example_latest_only.py for tasks to queue
[2022-03-31 13:37:40,219] {logging_mixin.py:109} INFO - [2022-03-31 13:37:40,219] {dagbag.py:500} INFO - Filling up the DagBag from /home/lowenhard/acceleration/env/lib/python3.8/site-packages/airflow/example_dags/example_latest_only.py
[2022-03-31 13:37:40,237] {processor.py:654} INFO - DAG(s) dict_keys(['latest_only']) retrieved from /home/lowenhard/acceleration/env/lib/python3.8/site-packages/airflow/example_dags/example_latest_only.py
[2022-03-31 13:37:40,247] {logging_mixin.py:109} INFO - [2022-03-31 13:37:40,246] {dag.py:2398} INFO - Sync 1 DAGs
[2022-03-31 13:37:40,259] {logging_mixin.py:109} INFO - [2022-03-31 13:37:40,259] {dag.py:2937} INFO - Setting next_dagrun for latest_only to 2022-03-31T14:37:40.259400+00:00
[2022-03-31 13:37:40,401] {processor.py:171} INFO - Processing /home/lowenhard/acceleration/env/lib/python3.8/site-packages/airflow/example_dags/example_latest_only.py took 0.188 seconds
[2022-03-31 13:38:28,480] {processor.py:163} INFO - Started process (PID=1849) to work on /home/lowenhard/acceleration/env/lib/python3.8/site-packages/airflow/example_dags/example_latest_only.py
[2022-03-31 13:38:28,483] {processor.py:642} INFO - Processing file /home/lowenhard/acceleration/env/lib/python3.8/site-packages/airflow/example_dags/example_latest_only.py for tasks to queue
[2022-03-31 13:38:28,484] {logging_mixin.py:109} INFO - [2022-03-31 13:38:28,484] {dagbag.py:500} INFO - Filling up the DagBag from /home/lowenhard/acceleration/env/lib/python3.8/site-packages/airflow/example_dags/example_latest_only.py
[2022-03-31 13:38:28,504] {processor.py:654} INFO - DAG(s) dict_keys(['latest_only']) retrieved from /home/lowenhard/acceleration/env/lib/python3.8/site-packages/airflow/example_dags/example_latest_only.py
[2022-03-31 13:38:28,513] {logging_mixin.py:109} INFO - [2022-03-31 13:38:28,513] {dag.py:2398} INFO - Sync 1 DAGs
[2022-03-31 13:38:28,527] {logging_mixin.py:109} INFO - [2022-03-31 13:38:28,526] {dag.py:2937} INFO - Setting next_dagrun for latest_only to 2022-03-31T14:38:28.526634+00:00
[2022-03-31 13:38:28,652] {processor.py:171} INFO - Processing /home/lowenhard/acceleration/env/lib/python3.8/site-packages/airflow/example_dags/example_latest_only.py took 0.174 seconds
