[2022-03-31 13:14:01,284] {processor.py:163} INFO - Started process (PID=490) to work on /home/lowenhard/acceleration/env/lib/python3.8/site-packages/airflow/example_dags/example_task_group_decorator.py
[2022-03-31 13:14:01,286] {processor.py:642} INFO - Processing file /home/lowenhard/acceleration/env/lib/python3.8/site-packages/airflow/example_dags/example_task_group_decorator.py for tasks to queue
[2022-03-31 13:14:01,286] {logging_mixin.py:109} INFO - [2022-03-31 13:14:01,286] {dagbag.py:500} INFO - Filling up the DagBag from /home/lowenhard/acceleration/env/lib/python3.8/site-packages/airflow/example_dags/example_task_group_decorator.py
[2022-03-31 13:14:01,318] {processor.py:654} INFO - DAG(s) dict_keys(['example_task_group_decorator']) retrieved from /home/lowenhard/acceleration/env/lib/python3.8/site-packages/airflow/example_dags/example_task_group_decorator.py
[2022-03-31 13:14:01,543] {logging_mixin.py:109} INFO - [2022-03-31 13:14:01,542] {dag.py:2398} INFO - Sync 1 DAGs
[2022-03-31 13:14:01,554] {logging_mixin.py:109} INFO - [2022-03-31 13:14:01,553] {dag.py:2937} INFO - Setting next_dagrun for example_task_group_decorator to 2022-03-30T18:14:01.553647+00:00
[2022-03-31 13:14:03,626] {processor.py:171} INFO - Processing /home/lowenhard/acceleration/env/lib/python3.8/site-packages/airflow/example_dags/example_task_group_decorator.py took 2.345 seconds
[2022-03-31 13:15:37,273] {processor.py:163} INFO - Started process (PID=613) to work on /home/lowenhard/acceleration/env/lib/python3.8/site-packages/airflow/example_dags/example_task_group_decorator.py
[2022-03-31 13:15:37,337] {processor.py:642} INFO - Processing file /home/lowenhard/acceleration/env/lib/python3.8/site-packages/airflow/example_dags/example_task_group_decorator.py for tasks to queue
[2022-03-31 13:15:37,337] {logging_mixin.py:109} INFO - [2022-03-31 13:15:37,337] {dagbag.py:500} INFO - Filling up the DagBag from /home/lowenhard/acceleration/env/lib/python3.8/site-packages/airflow/example_dags/example_task_group_decorator.py
[2022-03-31 13:15:37,368] {processor.py:654} INFO - DAG(s) dict_keys(['example_task_group_decorator']) retrieved from /home/lowenhard/acceleration/env/lib/python3.8/site-packages/airflow/example_dags/example_task_group_decorator.py
[2022-03-31 13:15:37,567] {logging_mixin.py:109} INFO - [2022-03-31 13:15:37,566] {dag.py:2398} INFO - Sync 1 DAGs
[2022-03-31 13:15:37,651] {logging_mixin.py:109} INFO - [2022-03-31 13:15:37,651] {dag.py:2937} INFO - Setting next_dagrun for example_task_group_decorator to 2022-03-30T18:15:37.651337+00:00
[2022-03-31 13:15:39,154] {processor.py:171} INFO - Processing /home/lowenhard/acceleration/env/lib/python3.8/site-packages/airflow/example_dags/example_task_group_decorator.py took 1.883 seconds
[2022-03-31 13:18:00,831] {processor.py:163} INFO - Started process (PID=731) to work on /home/lowenhard/acceleration/env/lib/python3.8/site-packages/airflow/example_dags/example_task_group_decorator.py
[2022-03-31 13:18:01,091] {processor.py:642} INFO - Processing file /home/lowenhard/acceleration/env/lib/python3.8/site-packages/airflow/example_dags/example_task_group_decorator.py for tasks to queue
[2022-03-31 13:18:01,092] {logging_mixin.py:109} INFO - [2022-03-31 13:18:01,092] {dagbag.py:500} INFO - Filling up the DagBag from /home/lowenhard/acceleration/env/lib/python3.8/site-packages/airflow/example_dags/example_task_group_decorator.py
[2022-03-31 13:18:01,129] {processor.py:654} INFO - DAG(s) dict_keys(['example_task_group_decorator']) retrieved from /home/lowenhard/acceleration/env/lib/python3.8/site-packages/airflow/example_dags/example_task_group_decorator.py
[2022-03-31 13:18:01,422] {logging_mixin.py:109} INFO - [2022-03-31 13:18:01,422] {dag.py:2398} INFO - Sync 1 DAGs
[2022-03-31 13:18:01,435] {logging_mixin.py:109} INFO - [2022-03-31 13:18:01,435] {dag.py:2937} INFO - Setting next_dagrun for example_task_group_decorator to 2022-03-30T18:18:01.435121+00:00
[2022-03-31 13:18:02,971] {processor.py:171} INFO - Processing /home/lowenhard/acceleration/env/lib/python3.8/site-packages/airflow/example_dags/example_task_group_decorator.py took 2.143 seconds
[2022-03-31 13:20:23,049] {processor.py:163} INFO - Started process (PID=827) to work on /home/lowenhard/acceleration/env/lib/python3.8/site-packages/airflow/example_dags/example_task_group_decorator.py
[2022-03-31 13:20:23,183] {processor.py:642} INFO - Processing file /home/lowenhard/acceleration/env/lib/python3.8/site-packages/airflow/example_dags/example_task_group_decorator.py for tasks to queue
[2022-03-31 13:20:23,184] {logging_mixin.py:109} INFO - [2022-03-31 13:20:23,184] {dagbag.py:500} INFO - Filling up the DagBag from /home/lowenhard/acceleration/env/lib/python3.8/site-packages/airflow/example_dags/example_task_group_decorator.py
[2022-03-31 13:20:23,215] {processor.py:654} INFO - DAG(s) dict_keys(['example_task_group_decorator']) retrieved from /home/lowenhard/acceleration/env/lib/python3.8/site-packages/airflow/example_dags/example_task_group_decorator.py
[2022-03-31 13:20:23,463] {logging_mixin.py:109} INFO - [2022-03-31 13:20:23,463] {dag.py:2398} INFO - Sync 1 DAGs
[2022-03-31 13:20:23,472] {logging_mixin.py:109} INFO - [2022-03-31 13:20:23,472] {dag.py:2937} INFO - Setting next_dagrun for example_task_group_decorator to 2022-03-30T18:20:23.472234+00:00
[2022-03-31 13:20:25,122] {processor.py:171} INFO - Processing /home/lowenhard/acceleration/env/lib/python3.8/site-packages/airflow/example_dags/example_task_group_decorator.py took 2.075 seconds
[2022-03-31 13:22:18,170] {processor.py:163} INFO - Started process (PID=914) to work on /home/lowenhard/acceleration/env/lib/python3.8/site-packages/airflow/example_dags/example_task_group_decorator.py
[2022-03-31 13:22:18,178] {processor.py:642} INFO - Processing file /home/lowenhard/acceleration/env/lib/python3.8/site-packages/airflow/example_dags/example_task_group_decorator.py for tasks to queue
[2022-03-31 13:22:18,179] {logging_mixin.py:109} INFO - [2022-03-31 13:22:18,179] {dagbag.py:500} INFO - Filling up the DagBag from /home/lowenhard/acceleration/env/lib/python3.8/site-packages/airflow/example_dags/example_task_group_decorator.py
[2022-03-31 13:22:18,213] {processor.py:654} INFO - DAG(s) dict_keys(['example_task_group_decorator']) retrieved from /home/lowenhard/acceleration/env/lib/python3.8/site-packages/airflow/example_dags/example_task_group_decorator.py
[2022-03-31 13:22:18,492] {logging_mixin.py:109} INFO - [2022-03-31 13:22:18,492] {dag.py:2398} INFO - Sync 1 DAGs
[2022-03-31 13:22:18,504] {logging_mixin.py:109} INFO - [2022-03-31 13:22:18,504] {dag.py:2937} INFO - Setting next_dagrun for example_task_group_decorator to 2022-03-30T18:22:18.503974+00:00
[2022-03-31 13:22:18,651] {processor.py:171} INFO - Processing /home/lowenhard/acceleration/env/lib/python3.8/site-packages/airflow/example_dags/example_task_group_decorator.py took 0.484 seconds
[2022-03-31 13:24:13,288] {processor.py:163} INFO - Started process (PID=1001) to work on /home/lowenhard/acceleration/env/lib/python3.8/site-packages/airflow/example_dags/example_task_group_decorator.py
[2022-03-31 13:24:13,388] {processor.py:642} INFO - Processing file /home/lowenhard/acceleration/env/lib/python3.8/site-packages/airflow/example_dags/example_task_group_decorator.py for tasks to queue
[2022-03-31 13:24:13,389] {logging_mixin.py:109} INFO - [2022-03-31 13:24:13,389] {dagbag.py:500} INFO - Filling up the DagBag from /home/lowenhard/acceleration/env/lib/python3.8/site-packages/airflow/example_dags/example_task_group_decorator.py
[2022-03-31 13:24:13,419] {processor.py:654} INFO - DAG(s) dict_keys(['example_task_group_decorator']) retrieved from /home/lowenhard/acceleration/env/lib/python3.8/site-packages/airflow/example_dags/example_task_group_decorator.py
[2022-03-31 13:24:13,652] {logging_mixin.py:109} INFO - [2022-03-31 13:24:13,651] {dag.py:2398} INFO - Sync 1 DAGs
[2022-03-31 13:24:13,662] {logging_mixin.py:109} INFO - [2022-03-31 13:24:13,662] {dag.py:2937} INFO - Setting next_dagrun for example_task_group_decorator to 2022-03-30T18:24:13.661879+00:00
[2022-03-31 13:24:15,241] {processor.py:171} INFO - Processing /home/lowenhard/acceleration/env/lib/python3.8/site-packages/airflow/example_dags/example_task_group_decorator.py took 1.956 seconds
[2022-03-31 13:26:20,797] {processor.py:163} INFO - Started process (PID=1097) to work on /home/lowenhard/acceleration/env/lib/python3.8/site-packages/airflow/example_dags/example_task_group_decorator.py
[2022-03-31 13:26:20,800] {processor.py:642} INFO - Processing file /home/lowenhard/acceleration/env/lib/python3.8/site-packages/airflow/example_dags/example_task_group_decorator.py for tasks to queue
[2022-03-31 13:26:20,801] {logging_mixin.py:109} INFO - [2022-03-31 13:26:20,801] {dagbag.py:500} INFO - Filling up the DagBag from /home/lowenhard/acceleration/env/lib/python3.8/site-packages/airflow/example_dags/example_task_group_decorator.py
[2022-03-31 13:26:20,832] {processor.py:654} INFO - DAG(s) dict_keys(['example_task_group_decorator']) retrieved from /home/lowenhard/acceleration/env/lib/python3.8/site-packages/airflow/example_dags/example_task_group_decorator.py
[2022-03-31 13:26:21,120] {logging_mixin.py:109} INFO - [2022-03-31 13:26:21,120] {dag.py:2398} INFO - Sync 1 DAGs
[2022-03-31 13:26:21,129] {logging_mixin.py:109} INFO - [2022-03-31 13:26:21,128] {dag.py:2937} INFO - Setting next_dagrun for example_task_group_decorator to 2022-03-30T18:26:21.128553+00:00
[2022-03-31 13:26:21,280] {processor.py:171} INFO - Processing /home/lowenhard/acceleration/env/lib/python3.8/site-packages/airflow/example_dags/example_task_group_decorator.py took 0.485 seconds
[2022-03-31 13:27:32,421] {processor.py:163} INFO - Started process (PID=1181) to work on /home/lowenhard/acceleration/env/lib/python3.8/site-packages/airflow/example_dags/example_task_group_decorator.py
[2022-03-31 13:27:32,430] {processor.py:642} INFO - Processing file /home/lowenhard/acceleration/env/lib/python3.8/site-packages/airflow/example_dags/example_task_group_decorator.py for tasks to queue
[2022-03-31 13:27:32,430] {logging_mixin.py:109} INFO - [2022-03-31 13:27:32,430] {dagbag.py:500} INFO - Filling up the DagBag from /home/lowenhard/acceleration/env/lib/python3.8/site-packages/airflow/example_dags/example_task_group_decorator.py
[2022-03-31 13:27:32,460] {processor.py:654} INFO - DAG(s) dict_keys(['example_task_group_decorator']) retrieved from /home/lowenhard/acceleration/env/lib/python3.8/site-packages/airflow/example_dags/example_task_group_decorator.py
[2022-03-31 13:27:32,729] {logging_mixin.py:109} INFO - [2022-03-31 13:27:32,729] {dag.py:2398} INFO - Sync 1 DAGs
[2022-03-31 13:27:32,739] {logging_mixin.py:109} INFO - [2022-03-31 13:27:32,739] {dag.py:2937} INFO - Setting next_dagrun for example_task_group_decorator to 2022-03-30T18:27:32.739212+00:00
[2022-03-31 13:27:32,898] {processor.py:171} INFO - Processing /home/lowenhard/acceleration/env/lib/python3.8/site-packages/airflow/example_dags/example_task_group_decorator.py took 0.479 seconds
[2022-03-31 13:28:40,754] {processor.py:163} INFO - Started process (PID=1251) to work on /home/lowenhard/acceleration/env/lib/python3.8/site-packages/airflow/example_dags/example_task_group_decorator.py
[2022-03-31 13:28:40,768] {processor.py:642} INFO - Processing file /home/lowenhard/acceleration/env/lib/python3.8/site-packages/airflow/example_dags/example_task_group_decorator.py for tasks to queue
[2022-03-31 13:28:40,768] {logging_mixin.py:109} INFO - [2022-03-31 13:28:40,768] {dagbag.py:500} INFO - Filling up the DagBag from /home/lowenhard/acceleration/env/lib/python3.8/site-packages/airflow/example_dags/example_task_group_decorator.py
[2022-03-31 13:28:40,802] {processor.py:654} INFO - DAG(s) dict_keys(['example_task_group_decorator']) retrieved from /home/lowenhard/acceleration/env/lib/python3.8/site-packages/airflow/example_dags/example_task_group_decorator.py
[2022-03-31 13:28:41,069] {logging_mixin.py:109} INFO - [2022-03-31 13:28:41,069] {dag.py:2398} INFO - Sync 1 DAGs
[2022-03-31 13:28:41,077] {logging_mixin.py:109} INFO - [2022-03-31 13:28:41,077] {dag.py:2937} INFO - Setting next_dagrun for example_task_group_decorator to 2022-03-30T18:28:41.077431+00:00
[2022-03-31 13:28:41,214] {processor.py:171} INFO - Processing /home/lowenhard/acceleration/env/lib/python3.8/site-packages/airflow/example_dags/example_task_group_decorator.py took 0.462 seconds
[2022-03-31 13:29:41,088] {processor.py:163} INFO - Started process (PID=1307) to work on /home/lowenhard/acceleration/env/lib/python3.8/site-packages/airflow/example_dags/example_task_group_decorator.py
[2022-03-31 13:29:41,092] {processor.py:642} INFO - Processing file /home/lowenhard/acceleration/env/lib/python3.8/site-packages/airflow/example_dags/example_task_group_decorator.py for tasks to queue
[2022-03-31 13:29:41,093] {logging_mixin.py:109} INFO - [2022-03-31 13:29:41,093] {dagbag.py:500} INFO - Filling up the DagBag from /home/lowenhard/acceleration/env/lib/python3.8/site-packages/airflow/example_dags/example_task_group_decorator.py
[2022-03-31 13:29:41,140] {processor.py:654} INFO - DAG(s) dict_keys(['example_task_group_decorator']) retrieved from /home/lowenhard/acceleration/env/lib/python3.8/site-packages/airflow/example_dags/example_task_group_decorator.py
[2022-03-31 13:29:41,396] {logging_mixin.py:109} INFO - [2022-03-31 13:29:41,396] {dag.py:2398} INFO - Sync 1 DAGs
[2022-03-31 13:29:41,406] {logging_mixin.py:109} INFO - [2022-03-31 13:29:41,406] {dag.py:2937} INFO - Setting next_dagrun for example_task_group_decorator to 2022-03-30T18:29:41.406612+00:00
[2022-03-31 13:29:42,488] {processor.py:171} INFO - Processing /home/lowenhard/acceleration/env/lib/python3.8/site-packages/airflow/example_dags/example_task_group_decorator.py took 1.403 seconds
[2022-03-31 13:30:37,387] {processor.py:163} INFO - Started process (PID=1369) to work on /home/lowenhard/acceleration/env/lib/python3.8/site-packages/airflow/example_dags/example_task_group_decorator.py
[2022-03-31 13:30:37,398] {processor.py:642} INFO - Processing file /home/lowenhard/acceleration/env/lib/python3.8/site-packages/airflow/example_dags/example_task_group_decorator.py for tasks to queue
[2022-03-31 13:30:37,399] {logging_mixin.py:109} INFO - [2022-03-31 13:30:37,399] {dagbag.py:500} INFO - Filling up the DagBag from /home/lowenhard/acceleration/env/lib/python3.8/site-packages/airflow/example_dags/example_task_group_decorator.py
[2022-03-31 13:30:37,429] {processor.py:654} INFO - DAG(s) dict_keys(['example_task_group_decorator']) retrieved from /home/lowenhard/acceleration/env/lib/python3.8/site-packages/airflow/example_dags/example_task_group_decorator.py
[2022-03-31 13:30:37,697] {logging_mixin.py:109} INFO - [2022-03-31 13:30:37,697] {dag.py:2398} INFO - Sync 1 DAGs
[2022-03-31 13:30:37,709] {logging_mixin.py:109} INFO - [2022-03-31 13:30:37,709] {dag.py:2937} INFO - Setting next_dagrun for example_task_group_decorator to 2022-03-30T18:30:37.709042+00:00
[2022-03-31 13:30:37,855] {processor.py:171} INFO - Processing /home/lowenhard/acceleration/env/lib/python3.8/site-packages/airflow/example_dags/example_task_group_decorator.py took 0.470 seconds
[2022-03-31 13:31:42,658] {processor.py:163} INFO - Started process (PID=1431) to work on /home/lowenhard/acceleration/env/lib/python3.8/site-packages/airflow/example_dags/example_task_group_decorator.py
[2022-03-31 13:31:42,668] {processor.py:642} INFO - Processing file /home/lowenhard/acceleration/env/lib/python3.8/site-packages/airflow/example_dags/example_task_group_decorator.py for tasks to queue
[2022-03-31 13:31:42,668] {logging_mixin.py:109} INFO - [2022-03-31 13:31:42,668] {dagbag.py:500} INFO - Filling up the DagBag from /home/lowenhard/acceleration/env/lib/python3.8/site-packages/airflow/example_dags/example_task_group_decorator.py
[2022-03-31 13:31:42,699] {processor.py:654} INFO - DAG(s) dict_keys(['example_task_group_decorator']) retrieved from /home/lowenhard/acceleration/env/lib/python3.8/site-packages/airflow/example_dags/example_task_group_decorator.py
[2022-03-31 13:31:42,955] {logging_mixin.py:109} INFO - [2022-03-31 13:31:42,955] {dag.py:2398} INFO - Sync 1 DAGs
[2022-03-31 13:31:42,966] {logging_mixin.py:109} INFO - [2022-03-31 13:31:42,965] {dag.py:2937} INFO - Setting next_dagrun for example_task_group_decorator to 2022-03-30T18:31:42.965691+00:00
[2022-03-31 13:31:43,098] {processor.py:171} INFO - Processing /home/lowenhard/acceleration/env/lib/python3.8/site-packages/airflow/example_dags/example_task_group_decorator.py took 0.443 seconds
[2022-03-31 13:32:34,675] {processor.py:163} INFO - Started process (PID=1490) to work on /home/lowenhard/acceleration/env/lib/python3.8/site-packages/airflow/example_dags/example_task_group_decorator.py
[2022-03-31 13:32:34,683] {processor.py:642} INFO - Processing file /home/lowenhard/acceleration/env/lib/python3.8/site-packages/airflow/example_dags/example_task_group_decorator.py for tasks to queue
[2022-03-31 13:32:34,684] {logging_mixin.py:109} INFO - [2022-03-31 13:32:34,684] {dagbag.py:500} INFO - Filling up the DagBag from /home/lowenhard/acceleration/env/lib/python3.8/site-packages/airflow/example_dags/example_task_group_decorator.py
[2022-03-31 13:32:34,714] {processor.py:654} INFO - DAG(s) dict_keys(['example_task_group_decorator']) retrieved from /home/lowenhard/acceleration/env/lib/python3.8/site-packages/airflow/example_dags/example_task_group_decorator.py
[2022-03-31 13:32:34,962] {logging_mixin.py:109} INFO - [2022-03-31 13:32:34,962] {dag.py:2398} INFO - Sync 1 DAGs
[2022-03-31 13:32:34,972] {logging_mixin.py:109} INFO - [2022-03-31 13:32:34,972] {dag.py:2937} INFO - Setting next_dagrun for example_task_group_decorator to 2022-03-30T18:32:34.972159+00:00
[2022-03-31 13:32:35,121] {processor.py:171} INFO - Processing /home/lowenhard/acceleration/env/lib/python3.8/site-packages/airflow/example_dags/example_task_group_decorator.py took 0.449 seconds
[2022-03-31 13:33:33,368] {processor.py:163} INFO - Started process (PID=1559) to work on /home/lowenhard/acceleration/env/lib/python3.8/site-packages/airflow/example_dags/example_task_group_decorator.py
[2022-03-31 13:33:33,384] {processor.py:642} INFO - Processing file /home/lowenhard/acceleration/env/lib/python3.8/site-packages/airflow/example_dags/example_task_group_decorator.py for tasks to queue
[2022-03-31 13:33:33,385] {logging_mixin.py:109} INFO - [2022-03-31 13:33:33,385] {dagbag.py:500} INFO - Filling up the DagBag from /home/lowenhard/acceleration/env/lib/python3.8/site-packages/airflow/example_dags/example_task_group_decorator.py
[2022-03-31 13:33:33,438] {processor.py:654} INFO - DAG(s) dict_keys(['example_task_group_decorator']) retrieved from /home/lowenhard/acceleration/env/lib/python3.8/site-packages/airflow/example_dags/example_task_group_decorator.py
[2022-03-31 13:33:33,811] {logging_mixin.py:109} INFO - [2022-03-31 13:33:33,811] {dag.py:2398} INFO - Sync 1 DAGs
[2022-03-31 13:33:33,822] {logging_mixin.py:109} INFO - [2022-03-31 13:33:33,822] {dag.py:2937} INFO - Setting next_dagrun for example_task_group_decorator to 2022-03-30T18:33:33.822257+00:00
[2022-03-31 13:33:33,998] {processor.py:171} INFO - Processing /home/lowenhard/acceleration/env/lib/python3.8/site-packages/airflow/example_dags/example_task_group_decorator.py took 0.632 seconds
[2022-03-31 13:35:24,231] {processor.py:163} INFO - Started process (PID=1645) to work on /home/lowenhard/acceleration/env/lib/python3.8/site-packages/airflow/example_dags/example_task_group_decorator.py
[2022-03-31 13:35:24,263] {processor.py:642} INFO - Processing file /home/lowenhard/acceleration/env/lib/python3.8/site-packages/airflow/example_dags/example_task_group_decorator.py for tasks to queue
[2022-03-31 13:35:24,264] {logging_mixin.py:109} INFO - [2022-03-31 13:35:24,263] {dagbag.py:500} INFO - Filling up the DagBag from /home/lowenhard/acceleration/env/lib/python3.8/site-packages/airflow/example_dags/example_task_group_decorator.py
[2022-03-31 13:35:24,307] {processor.py:654} INFO - DAG(s) dict_keys(['example_task_group_decorator']) retrieved from /home/lowenhard/acceleration/env/lib/python3.8/site-packages/airflow/example_dags/example_task_group_decorator.py
[2022-03-31 13:35:24,594] {logging_mixin.py:109} INFO - [2022-03-31 13:35:24,594] {dag.py:2398} INFO - Sync 1 DAGs
[2022-03-31 13:35:24,603] {logging_mixin.py:109} INFO - [2022-03-31 13:35:24,603] {dag.py:2937} INFO - Setting next_dagrun for example_task_group_decorator to 2022-03-30T18:35:24.603558+00:00
[2022-03-31 13:35:25,061] {processor.py:171} INFO - Processing /home/lowenhard/acceleration/env/lib/python3.8/site-packages/airflow/example_dags/example_task_group_decorator.py took 0.832 seconds
[2022-03-31 13:37:09,712] {processor.py:163} INFO - Started process (PID=1760) to work on /home/lowenhard/acceleration/env/lib/python3.8/site-packages/airflow/example_dags/example_task_group_decorator.py
[2022-03-31 13:37:09,714] {processor.py:642} INFO - Processing file /home/lowenhard/acceleration/env/lib/python3.8/site-packages/airflow/example_dags/example_task_group_decorator.py for tasks to queue
[2022-03-31 13:37:09,714] {logging_mixin.py:109} INFO - [2022-03-31 13:37:09,714] {dagbag.py:500} INFO - Filling up the DagBag from /home/lowenhard/acceleration/env/lib/python3.8/site-packages/airflow/example_dags/example_task_group_decorator.py
[2022-03-31 13:37:09,745] {processor.py:654} INFO - DAG(s) dict_keys(['example_task_group_decorator']) retrieved from /home/lowenhard/acceleration/env/lib/python3.8/site-packages/airflow/example_dags/example_task_group_decorator.py
[2022-03-31 13:37:10,006] {logging_mixin.py:109} INFO - [2022-03-31 13:37:10,006] {dag.py:2398} INFO - Sync 1 DAGs
[2022-03-31 13:37:10,015] {logging_mixin.py:109} INFO - [2022-03-31 13:37:10,015] {dag.py:2937} INFO - Setting next_dagrun for example_task_group_decorator to 2022-03-30T18:37:10.015321+00:00
[2022-03-31 13:37:10,153] {processor.py:171} INFO - Processing /home/lowenhard/acceleration/env/lib/python3.8/site-packages/airflow/example_dags/example_task_group_decorator.py took 0.443 seconds
[2022-03-31 13:38:04,694] {processor.py:163} INFO - Started process (PID=1823) to work on /home/lowenhard/acceleration/env/lib/python3.8/site-packages/airflow/example_dags/example_task_group_decorator.py
[2022-03-31 13:38:04,698] {processor.py:642} INFO - Processing file /home/lowenhard/acceleration/env/lib/python3.8/site-packages/airflow/example_dags/example_task_group_decorator.py for tasks to queue
[2022-03-31 13:38:04,699] {logging_mixin.py:109} INFO - [2022-03-31 13:38:04,699] {dagbag.py:500} INFO - Filling up the DagBag from /home/lowenhard/acceleration/env/lib/python3.8/site-packages/airflow/example_dags/example_task_group_decorator.py
[2022-03-31 13:38:04,730] {processor.py:654} INFO - DAG(s) dict_keys(['example_task_group_decorator']) retrieved from /home/lowenhard/acceleration/env/lib/python3.8/site-packages/airflow/example_dags/example_task_group_decorator.py
[2022-03-31 13:38:04,969] {logging_mixin.py:109} INFO - [2022-03-31 13:38:04,969] {dag.py:2398} INFO - Sync 1 DAGs
[2022-03-31 13:38:04,977] {logging_mixin.py:109} INFO - [2022-03-31 13:38:04,977] {dag.py:2937} INFO - Setting next_dagrun for example_task_group_decorator to 2022-03-30T18:38:04.977025+00:00
[2022-03-31 13:38:05,125] {processor.py:171} INFO - Processing /home/lowenhard/acceleration/env/lib/python3.8/site-packages/airflow/example_dags/example_task_group_decorator.py took 0.434 seconds
