[2022-03-31 13:13:53,021] {processor.py:163} INFO - Started process (PID=485) to work on /home/lowenhard/acceleration/env/lib/python3.8/site-packages/airflow/example_dags/example_python_operator.py
[2022-03-31 13:13:53,022] {processor.py:642} INFO - Processing file /home/lowenhard/acceleration/env/lib/python3.8/site-packages/airflow/example_dags/example_python_operator.py for tasks to queue
[2022-03-31 13:13:53,023] {logging_mixin.py:109} INFO - [2022-03-31 13:13:53,023] {dagbag.py:500} INFO - Filling up the DagBag from /home/lowenhard/acceleration/env/lib/python3.8/site-packages/airflow/example_dags/example_python_operator.py
[2022-03-31 13:13:53,082] {processor.py:654} INFO - DAG(s) dict_keys(['example_python_operator']) retrieved from /home/lowenhard/acceleration/env/lib/python3.8/site-packages/airflow/example_dags/example_python_operator.py
[2022-03-31 13:13:53,098] {logging_mixin.py:109} INFO - [2022-03-31 13:13:53,098] {dag.py:2398} INFO - Sync 1 DAGs
[2022-03-31 13:13:53,119] {logging_mixin.py:109} INFO - [2022-03-31 13:13:53,118] {dag.py:2937} INFO - Setting next_dagrun for example_python_operator to None
[2022-03-31 13:13:53,259] {processor.py:171} INFO - Processing /home/lowenhard/acceleration/env/lib/python3.8/site-packages/airflow/example_dags/example_python_operator.py took 0.240 seconds
[2022-03-31 13:15:26,221] {processor.py:163} INFO - Started process (PID=608) to work on /home/lowenhard/acceleration/env/lib/python3.8/site-packages/airflow/example_dags/example_python_operator.py
[2022-03-31 13:15:26,258] {processor.py:642} INFO - Processing file /home/lowenhard/acceleration/env/lib/python3.8/site-packages/airflow/example_dags/example_python_operator.py for tasks to queue
[2022-03-31 13:15:26,259] {logging_mixin.py:109} INFO - [2022-03-31 13:15:26,259] {dagbag.py:500} INFO - Filling up the DagBag from /home/lowenhard/acceleration/env/lib/python3.8/site-packages/airflow/example_dags/example_python_operator.py
[2022-03-31 13:15:26,286] {processor.py:654} INFO - DAG(s) dict_keys(['example_python_operator']) retrieved from /home/lowenhard/acceleration/env/lib/python3.8/site-packages/airflow/example_dags/example_python_operator.py
[2022-03-31 13:15:26,296] {logging_mixin.py:109} INFO - [2022-03-31 13:15:26,296] {dag.py:2398} INFO - Sync 1 DAGs
[2022-03-31 13:15:26,307] {logging_mixin.py:109} INFO - [2022-03-31 13:15:26,307] {dag.py:2937} INFO - Setting next_dagrun for example_python_operator to None
[2022-03-31 13:15:27,157] {processor.py:171} INFO - Processing /home/lowenhard/acceleration/env/lib/python3.8/site-packages/airflow/example_dags/example_python_operator.py took 0.938 seconds
[2022-03-31 13:17:28,874] {processor.py:163} INFO - Started process (PID=714) to work on /home/lowenhard/acceleration/env/lib/python3.8/site-packages/airflow/example_dags/example_python_operator.py
[2022-03-31 13:17:28,893] {processor.py:642} INFO - Processing file /home/lowenhard/acceleration/env/lib/python3.8/site-packages/airflow/example_dags/example_python_operator.py for tasks to queue
[2022-03-31 13:17:28,894] {logging_mixin.py:109} INFO - [2022-03-31 13:17:28,894] {dagbag.py:500} INFO - Filling up the DagBag from /home/lowenhard/acceleration/env/lib/python3.8/site-packages/airflow/example_dags/example_python_operator.py
[2022-03-31 13:17:30,859] {processor.py:654} INFO - DAG(s) dict_keys(['example_python_operator']) retrieved from /home/lowenhard/acceleration/env/lib/python3.8/site-packages/airflow/example_dags/example_python_operator.py
[2022-03-31 13:17:30,875] {logging_mixin.py:109} INFO - [2022-03-31 13:17:30,875] {dag.py:2398} INFO - Sync 1 DAGs
[2022-03-31 13:17:30,893] {logging_mixin.py:109} INFO - [2022-03-31 13:17:30,893] {dag.py:2937} INFO - Setting next_dagrun for example_python_operator to None
[2022-03-31 13:17:31,286] {processor.py:171} INFO - Processing /home/lowenhard/acceleration/env/lib/python3.8/site-packages/airflow/example_dags/example_python_operator.py took 2.414 seconds
[2022-03-31 13:19:07,598] {processor.py:163} INFO - Started process (PID=772) to work on /home/lowenhard/acceleration/env/lib/python3.8/site-packages/airflow/example_dags/example_python_operator.py
[2022-03-31 13:19:07,728] {processor.py:642} INFO - Processing file /home/lowenhard/acceleration/env/lib/python3.8/site-packages/airflow/example_dags/example_python_operator.py for tasks to queue
[2022-03-31 13:19:07,729] {logging_mixin.py:109} INFO - [2022-03-31 13:19:07,729] {dagbag.py:500} INFO - Filling up the DagBag from /home/lowenhard/acceleration/env/lib/python3.8/site-packages/airflow/example_dags/example_python_operator.py
[2022-03-31 13:19:07,753] {processor.py:654} INFO - DAG(s) dict_keys(['example_python_operator']) retrieved from /home/lowenhard/acceleration/env/lib/python3.8/site-packages/airflow/example_dags/example_python_operator.py
[2022-03-31 13:19:07,762] {logging_mixin.py:109} INFO - [2022-03-31 13:19:07,762] {dag.py:2398} INFO - Sync 1 DAGs
[2022-03-31 13:19:07,773] {logging_mixin.py:109} INFO - [2022-03-31 13:19:07,773] {dag.py:2937} INFO - Setting next_dagrun for example_python_operator to None
[2022-03-31 13:19:08,379] {processor.py:171} INFO - Processing /home/lowenhard/acceleration/env/lib/python3.8/site-packages/airflow/example_dags/example_python_operator.py took 0.783 seconds
[2022-03-31 13:20:52,566] {processor.py:163} INFO - Started process (PID=858) to work on /home/lowenhard/acceleration/env/lib/python3.8/site-packages/airflow/example_dags/example_python_operator.py
[2022-03-31 13:20:52,583] {processor.py:642} INFO - Processing file /home/lowenhard/acceleration/env/lib/python3.8/site-packages/airflow/example_dags/example_python_operator.py for tasks to queue
[2022-03-31 13:20:52,584] {logging_mixin.py:109} INFO - [2022-03-31 13:20:52,584] {dagbag.py:500} INFO - Filling up the DagBag from /home/lowenhard/acceleration/env/lib/python3.8/site-packages/airflow/example_dags/example_python_operator.py
[2022-03-31 13:20:52,608] {processor.py:654} INFO - DAG(s) dict_keys(['example_python_operator']) retrieved from /home/lowenhard/acceleration/env/lib/python3.8/site-packages/airflow/example_dags/example_python_operator.py
[2022-03-31 13:20:52,617] {logging_mixin.py:109} INFO - [2022-03-31 13:20:52,617] {dag.py:2398} INFO - Sync 1 DAGs
[2022-03-31 13:20:52,629] {logging_mixin.py:109} INFO - [2022-03-31 13:20:52,629] {dag.py:2937} INFO - Setting next_dagrun for example_python_operator to None
[2022-03-31 13:20:53,489] {processor.py:171} INFO - Processing /home/lowenhard/acceleration/env/lib/python3.8/site-packages/airflow/example_dags/example_python_operator.py took 0.925 seconds
[2022-03-31 13:22:12,655] {processor.py:163} INFO - Started process (PID=911) to work on /home/lowenhard/acceleration/env/lib/python3.8/site-packages/airflow/example_dags/example_python_operator.py
[2022-03-31 13:22:12,758] {processor.py:642} INFO - Processing file /home/lowenhard/acceleration/env/lib/python3.8/site-packages/airflow/example_dags/example_python_operator.py for tasks to queue
[2022-03-31 13:22:12,759] {logging_mixin.py:109} INFO - [2022-03-31 13:22:12,758] {dagbag.py:500} INFO - Filling up the DagBag from /home/lowenhard/acceleration/env/lib/python3.8/site-packages/airflow/example_dags/example_python_operator.py
[2022-03-31 13:22:12,789] {processor.py:654} INFO - DAG(s) dict_keys(['example_python_operator']) retrieved from /home/lowenhard/acceleration/env/lib/python3.8/site-packages/airflow/example_dags/example_python_operator.py
[2022-03-31 13:22:12,798] {logging_mixin.py:109} INFO - [2022-03-31 13:22:12,798] {dag.py:2398} INFO - Sync 1 DAGs
[2022-03-31 13:22:12,811] {logging_mixin.py:109} INFO - [2022-03-31 13:22:12,811] {dag.py:2937} INFO - Setting next_dagrun for example_python_operator to None
[2022-03-31 13:22:13,275] {processor.py:171} INFO - Processing /home/lowenhard/acceleration/env/lib/python3.8/site-packages/airflow/example_dags/example_python_operator.py took 0.623 seconds
[2022-03-31 13:24:07,528] {processor.py:163} INFO - Started process (PID=998) to work on /home/lowenhard/acceleration/env/lib/python3.8/site-packages/airflow/example_dags/example_python_operator.py
[2022-03-31 13:24:07,602] {processor.py:642} INFO - Processing file /home/lowenhard/acceleration/env/lib/python3.8/site-packages/airflow/example_dags/example_python_operator.py for tasks to queue
[2022-03-31 13:24:07,603] {logging_mixin.py:109} INFO - [2022-03-31 13:24:07,603] {dagbag.py:500} INFO - Filling up the DagBag from /home/lowenhard/acceleration/env/lib/python3.8/site-packages/airflow/example_dags/example_python_operator.py
[2022-03-31 13:24:07,629] {processor.py:654} INFO - DAG(s) dict_keys(['example_python_operator']) retrieved from /home/lowenhard/acceleration/env/lib/python3.8/site-packages/airflow/example_dags/example_python_operator.py
[2022-03-31 13:24:07,639] {logging_mixin.py:109} INFO - [2022-03-31 13:24:07,639] {dag.py:2398} INFO - Sync 1 DAGs
[2022-03-31 13:24:07,650] {logging_mixin.py:109} INFO - [2022-03-31 13:24:07,650] {dag.py:2937} INFO - Setting next_dagrun for example_python_operator to None
[2022-03-31 13:24:07,998] {processor.py:171} INFO - Processing /home/lowenhard/acceleration/env/lib/python3.8/site-packages/airflow/example_dags/example_python_operator.py took 0.472 seconds
[2022-03-31 13:26:13,877] {processor.py:163} INFO - Started process (PID=1094) to work on /home/lowenhard/acceleration/env/lib/python3.8/site-packages/airflow/example_dags/example_python_operator.py
[2022-03-31 13:26:13,879] {processor.py:642} INFO - Processing file /home/lowenhard/acceleration/env/lib/python3.8/site-packages/airflow/example_dags/example_python_operator.py for tasks to queue
[2022-03-31 13:26:13,880] {logging_mixin.py:109} INFO - [2022-03-31 13:26:13,880] {dagbag.py:500} INFO - Filling up the DagBag from /home/lowenhard/acceleration/env/lib/python3.8/site-packages/airflow/example_dags/example_python_operator.py
[2022-03-31 13:26:13,910] {processor.py:654} INFO - DAG(s) dict_keys(['example_python_operator']) retrieved from /home/lowenhard/acceleration/env/lib/python3.8/site-packages/airflow/example_dags/example_python_operator.py
[2022-03-31 13:26:13,920] {logging_mixin.py:109} INFO - [2022-03-31 13:26:13,920] {dag.py:2398} INFO - Sync 1 DAGs
[2022-03-31 13:26:13,934] {logging_mixin.py:109} INFO - [2022-03-31 13:26:13,934] {dag.py:2937} INFO - Setting next_dagrun for example_python_operator to None
[2022-03-31 13:26:14,095] {processor.py:171} INFO - Processing /home/lowenhard/acceleration/env/lib/python3.8/site-packages/airflow/example_dags/example_python_operator.py took 0.220 seconds
[2022-03-31 13:27:28,346] {processor.py:163} INFO - Started process (PID=1178) to work on /home/lowenhard/acceleration/env/lib/python3.8/site-packages/airflow/example_dags/example_python_operator.py
[2022-03-31 13:27:28,349] {processor.py:642} INFO - Processing file /home/lowenhard/acceleration/env/lib/python3.8/site-packages/airflow/example_dags/example_python_operator.py for tasks to queue
[2022-03-31 13:27:28,349] {logging_mixin.py:109} INFO - [2022-03-31 13:27:28,349] {dagbag.py:500} INFO - Filling up the DagBag from /home/lowenhard/acceleration/env/lib/python3.8/site-packages/airflow/example_dags/example_python_operator.py
[2022-03-31 13:27:28,374] {processor.py:654} INFO - DAG(s) dict_keys(['example_python_operator']) retrieved from /home/lowenhard/acceleration/env/lib/python3.8/site-packages/airflow/example_dags/example_python_operator.py
[2022-03-31 13:27:28,384] {logging_mixin.py:109} INFO - [2022-03-31 13:27:28,384] {dag.py:2398} INFO - Sync 1 DAGs
[2022-03-31 13:27:28,395] {logging_mixin.py:109} INFO - [2022-03-31 13:27:28,395] {dag.py:2937} INFO - Setting next_dagrun for example_python_operator to None
[2022-03-31 13:27:28,535] {processor.py:171} INFO - Processing /home/lowenhard/acceleration/env/lib/python3.8/site-packages/airflow/example_dags/example_python_operator.py took 0.191 seconds
[2022-03-31 13:28:21,369] {processor.py:163} INFO - Started process (PID=1238) to work on /home/lowenhard/acceleration/env/lib/python3.8/site-packages/airflow/example_dags/example_python_operator.py
[2022-03-31 13:28:21,372] {processor.py:642} INFO - Processing file /home/lowenhard/acceleration/env/lib/python3.8/site-packages/airflow/example_dags/example_python_operator.py for tasks to queue
[2022-03-31 13:28:21,372] {logging_mixin.py:109} INFO - [2022-03-31 13:28:21,372] {dagbag.py:500} INFO - Filling up the DagBag from /home/lowenhard/acceleration/env/lib/python3.8/site-packages/airflow/example_dags/example_python_operator.py
[2022-03-31 13:28:21,395] {processor.py:654} INFO - DAG(s) dict_keys(['example_python_operator']) retrieved from /home/lowenhard/acceleration/env/lib/python3.8/site-packages/airflow/example_dags/example_python_operator.py
[2022-03-31 13:28:21,404] {logging_mixin.py:109} INFO - [2022-03-31 13:28:21,404] {dag.py:2398} INFO - Sync 1 DAGs
[2022-03-31 13:28:21,416] {logging_mixin.py:109} INFO - [2022-03-31 13:28:21,416] {dag.py:2937} INFO - Setting next_dagrun for example_python_operator to None
[2022-03-31 13:28:21,545] {processor.py:171} INFO - Processing /home/lowenhard/acceleration/env/lib/python3.8/site-packages/airflow/example_dags/example_python_operator.py took 0.179 seconds
[2022-03-31 13:29:16,026] {processor.py:163} INFO - Started process (PID=1294) to work on /home/lowenhard/acceleration/env/lib/python3.8/site-packages/airflow/example_dags/example_python_operator.py
[2022-03-31 13:29:16,028] {processor.py:642} INFO - Processing file /home/lowenhard/acceleration/env/lib/python3.8/site-packages/airflow/example_dags/example_python_operator.py for tasks to queue
[2022-03-31 13:29:16,028] {logging_mixin.py:109} INFO - [2022-03-31 13:29:16,028] {dagbag.py:500} INFO - Filling up the DagBag from /home/lowenhard/acceleration/env/lib/python3.8/site-packages/airflow/example_dags/example_python_operator.py
[2022-03-31 13:29:16,053] {processor.py:654} INFO - DAG(s) dict_keys(['example_python_operator']) retrieved from /home/lowenhard/acceleration/env/lib/python3.8/site-packages/airflow/example_dags/example_python_operator.py
[2022-03-31 13:29:16,062] {logging_mixin.py:109} INFO - [2022-03-31 13:29:16,062] {dag.py:2398} INFO - Sync 1 DAGs
[2022-03-31 13:29:16,073] {logging_mixin.py:109} INFO - [2022-03-31 13:29:16,073] {dag.py:2937} INFO - Setting next_dagrun for example_python_operator to None
[2022-03-31 13:29:16,218] {processor.py:171} INFO - Processing /home/lowenhard/acceleration/env/lib/python3.8/site-packages/airflow/example_dags/example_python_operator.py took 0.195 seconds
[2022-03-31 13:30:17,568] {processor.py:163} INFO - Started process (PID=1351) to work on /home/lowenhard/acceleration/env/lib/python3.8/site-packages/airflow/example_dags/example_python_operator.py
[2022-03-31 13:30:17,622] {processor.py:642} INFO - Processing file /home/lowenhard/acceleration/env/lib/python3.8/site-packages/airflow/example_dags/example_python_operator.py for tasks to queue
[2022-03-31 13:30:17,622] {logging_mixin.py:109} INFO - [2022-03-31 13:30:17,622] {dagbag.py:500} INFO - Filling up the DagBag from /home/lowenhard/acceleration/env/lib/python3.8/site-packages/airflow/example_dags/example_python_operator.py
[2022-03-31 13:30:17,650] {processor.py:654} INFO - DAG(s) dict_keys(['example_python_operator']) retrieved from /home/lowenhard/acceleration/env/lib/python3.8/site-packages/airflow/example_dags/example_python_operator.py
[2022-03-31 13:30:17,659] {logging_mixin.py:109} INFO - [2022-03-31 13:30:17,659] {dag.py:2398} INFO - Sync 1 DAGs
[2022-03-31 13:30:17,670] {logging_mixin.py:109} INFO - [2022-03-31 13:30:17,670] {dag.py:2937} INFO - Setting next_dagrun for example_python_operator to None
[2022-03-31 13:30:17,858] {processor.py:171} INFO - Processing /home/lowenhard/acceleration/env/lib/python3.8/site-packages/airflow/example_dags/example_python_operator.py took 0.292 seconds
[2022-03-31 13:31:20,308] {processor.py:163} INFO - Started process (PID=1409) to work on /home/lowenhard/acceleration/env/lib/python3.8/site-packages/airflow/example_dags/example_python_operator.py
[2022-03-31 13:31:20,311] {processor.py:642} INFO - Processing file /home/lowenhard/acceleration/env/lib/python3.8/site-packages/airflow/example_dags/example_python_operator.py for tasks to queue
[2022-03-31 13:31:20,312] {logging_mixin.py:109} INFO - [2022-03-31 13:31:20,312] {dagbag.py:500} INFO - Filling up the DagBag from /home/lowenhard/acceleration/env/lib/python3.8/site-packages/airflow/example_dags/example_python_operator.py
[2022-03-31 13:31:20,335] {processor.py:654} INFO - DAG(s) dict_keys(['example_python_operator']) retrieved from /home/lowenhard/acceleration/env/lib/python3.8/site-packages/airflow/example_dags/example_python_operator.py
[2022-03-31 13:31:20,344] {logging_mixin.py:109} INFO - [2022-03-31 13:31:20,344] {dag.py:2398} INFO - Sync 1 DAGs
[2022-03-31 13:31:20,355] {logging_mixin.py:109} INFO - [2022-03-31 13:31:20,355] {dag.py:2937} INFO - Setting next_dagrun for example_python_operator to None
[2022-03-31 13:31:20,493] {processor.py:171} INFO - Processing /home/lowenhard/acceleration/env/lib/python3.8/site-packages/airflow/example_dags/example_python_operator.py took 0.187 seconds
[2022-03-31 13:32:16,381] {processor.py:163} INFO - Started process (PID=1467) to work on /home/lowenhard/acceleration/env/lib/python3.8/site-packages/airflow/example_dags/example_python_operator.py
[2022-03-31 13:32:16,395] {processor.py:642} INFO - Processing file /home/lowenhard/acceleration/env/lib/python3.8/site-packages/airflow/example_dags/example_python_operator.py for tasks to queue
[2022-03-31 13:32:16,395] {logging_mixin.py:109} INFO - [2022-03-31 13:32:16,395] {dagbag.py:500} INFO - Filling up the DagBag from /home/lowenhard/acceleration/env/lib/python3.8/site-packages/airflow/example_dags/example_python_operator.py
[2022-03-31 13:32:16,419] {processor.py:654} INFO - DAG(s) dict_keys(['example_python_operator']) retrieved from /home/lowenhard/acceleration/env/lib/python3.8/site-packages/airflow/example_dags/example_python_operator.py
[2022-03-31 13:32:16,428] {logging_mixin.py:109} INFO - [2022-03-31 13:32:16,428] {dag.py:2398} INFO - Sync 1 DAGs
[2022-03-31 13:32:16,439] {logging_mixin.py:109} INFO - [2022-03-31 13:32:16,439] {dag.py:2937} INFO - Setting next_dagrun for example_python_operator to None
[2022-03-31 13:32:16,585] {processor.py:171} INFO - Processing /home/lowenhard/acceleration/env/lib/python3.8/site-packages/airflow/example_dags/example_python_operator.py took 0.207 seconds
[2022-03-31 13:33:14,417] {processor.py:163} INFO - Started process (PID=1539) to work on /home/lowenhard/acceleration/env/lib/python3.8/site-packages/airflow/example_dags/example_python_operator.py
[2022-03-31 13:33:14,430] {processor.py:642} INFO - Processing file /home/lowenhard/acceleration/env/lib/python3.8/site-packages/airflow/example_dags/example_python_operator.py for tasks to queue
[2022-03-31 13:33:14,431] {logging_mixin.py:109} INFO - [2022-03-31 13:33:14,431] {dagbag.py:500} INFO - Filling up the DagBag from /home/lowenhard/acceleration/env/lib/python3.8/site-packages/airflow/example_dags/example_python_operator.py
[2022-03-31 13:33:14,455] {processor.py:654} INFO - DAG(s) dict_keys(['example_python_operator']) retrieved from /home/lowenhard/acceleration/env/lib/python3.8/site-packages/airflow/example_dags/example_python_operator.py
[2022-03-31 13:33:14,464] {logging_mixin.py:109} INFO - [2022-03-31 13:33:14,464] {dag.py:2398} INFO - Sync 1 DAGs
[2022-03-31 13:33:14,476] {logging_mixin.py:109} INFO - [2022-03-31 13:33:14,476] {dag.py:2937} INFO - Setting next_dagrun for example_python_operator to None
[2022-03-31 13:33:14,610] {processor.py:171} INFO - Processing /home/lowenhard/acceleration/env/lib/python3.8/site-packages/airflow/example_dags/example_python_operator.py took 0.196 seconds
[2022-03-31 13:34:34,206] {processor.py:163} INFO - Started process (PID=1607) to work on /home/lowenhard/acceleration/env/lib/python3.8/site-packages/airflow/example_dags/example_python_operator.py
[2022-03-31 13:34:34,254] {processor.py:642} INFO - Processing file /home/lowenhard/acceleration/env/lib/python3.8/site-packages/airflow/example_dags/example_python_operator.py for tasks to queue
[2022-03-31 13:34:34,254] {logging_mixin.py:109} INFO - [2022-03-31 13:34:34,254] {dagbag.py:500} INFO - Filling up the DagBag from /home/lowenhard/acceleration/env/lib/python3.8/site-packages/airflow/example_dags/example_python_operator.py
[2022-03-31 13:34:34,278] {processor.py:654} INFO - DAG(s) dict_keys(['example_python_operator']) retrieved from /home/lowenhard/acceleration/env/lib/python3.8/site-packages/airflow/example_dags/example_python_operator.py
[2022-03-31 13:34:34,287] {logging_mixin.py:109} INFO - [2022-03-31 13:34:34,287] {dag.py:2398} INFO - Sync 1 DAGs
[2022-03-31 13:34:34,300] {logging_mixin.py:109} INFO - [2022-03-31 13:34:34,300] {dag.py:2937} INFO - Setting next_dagrun for example_python_operator to None
[2022-03-31 13:34:36,247] {processor.py:171} INFO - Processing /home/lowenhard/acceleration/env/lib/python3.8/site-packages/airflow/example_dags/example_python_operator.py took 2.044 seconds
[2022-03-31 13:36:39,256] {processor.py:163} INFO - Started process (PID=1722) to work on /home/lowenhard/acceleration/env/lib/python3.8/site-packages/airflow/example_dags/example_python_operator.py
[2022-03-31 13:36:39,258] {processor.py:642} INFO - Processing file /home/lowenhard/acceleration/env/lib/python3.8/site-packages/airflow/example_dags/example_python_operator.py for tasks to queue
[2022-03-31 13:36:39,259] {logging_mixin.py:109} INFO - [2022-03-31 13:36:39,259] {dagbag.py:500} INFO - Filling up the DagBag from /home/lowenhard/acceleration/env/lib/python3.8/site-packages/airflow/example_dags/example_python_operator.py
[2022-03-31 13:36:39,287] {processor.py:654} INFO - DAG(s) dict_keys(['example_python_operator']) retrieved from /home/lowenhard/acceleration/env/lib/python3.8/site-packages/airflow/example_dags/example_python_operator.py
[2022-03-31 13:36:40,632] {logging_mixin.py:109} INFO - [2022-03-31 13:36:40,632] {dag.py:2398} INFO - Sync 1 DAGs
[2022-03-31 13:36:40,643] {logging_mixin.py:109} INFO - [2022-03-31 13:36:40,643] {dag.py:2937} INFO - Setting next_dagrun for example_python_operator to None
[2022-03-31 13:36:40,782] {processor.py:171} INFO - Processing /home/lowenhard/acceleration/env/lib/python3.8/site-packages/airflow/example_dags/example_python_operator.py took 1.529 seconds
[2022-03-31 13:37:41,460] {processor.py:163} INFO - Started process (PID=1793) to work on /home/lowenhard/acceleration/env/lib/python3.8/site-packages/airflow/example_dags/example_python_operator.py
[2022-03-31 13:37:41,487] {processor.py:642} INFO - Processing file /home/lowenhard/acceleration/env/lib/python3.8/site-packages/airflow/example_dags/example_python_operator.py for tasks to queue
[2022-03-31 13:37:41,488] {logging_mixin.py:109} INFO - [2022-03-31 13:37:41,488] {dagbag.py:500} INFO - Filling up the DagBag from /home/lowenhard/acceleration/env/lib/python3.8/site-packages/airflow/example_dags/example_python_operator.py
[2022-03-31 13:37:41,698] {processor.py:654} INFO - DAG(s) dict_keys(['example_python_operator']) retrieved from /home/lowenhard/acceleration/env/lib/python3.8/site-packages/airflow/example_dags/example_python_operator.py
[2022-03-31 13:37:41,709] {logging_mixin.py:109} INFO - [2022-03-31 13:37:41,709] {dag.py:2398} INFO - Sync 1 DAGs
[2022-03-31 13:37:41,721] {logging_mixin.py:109} INFO - [2022-03-31 13:37:41,721] {dag.py:2937} INFO - Setting next_dagrun for example_python_operator to None
[2022-03-31 13:37:41,853] {processor.py:171} INFO - Processing /home/lowenhard/acceleration/env/lib/python3.8/site-packages/airflow/example_dags/example_python_operator.py took 0.395 seconds
[2022-03-31 13:38:29,723] {processor.py:163} INFO - Started process (PID=1850) to work on /home/lowenhard/acceleration/env/lib/python3.8/site-packages/airflow/example_dags/example_python_operator.py
[2022-03-31 13:38:29,727] {processor.py:642} INFO - Processing file /home/lowenhard/acceleration/env/lib/python3.8/site-packages/airflow/example_dags/example_python_operator.py for tasks to queue
[2022-03-31 13:38:29,727] {logging_mixin.py:109} INFO - [2022-03-31 13:38:29,727] {dagbag.py:500} INFO - Filling up the DagBag from /home/lowenhard/acceleration/env/lib/python3.8/site-packages/airflow/example_dags/example_python_operator.py
[2022-03-31 13:38:29,752] {processor.py:654} INFO - DAG(s) dict_keys(['example_python_operator']) retrieved from /home/lowenhard/acceleration/env/lib/python3.8/site-packages/airflow/example_dags/example_python_operator.py
[2022-03-31 13:38:29,761] {logging_mixin.py:109} INFO - [2022-03-31 13:38:29,761] {dag.py:2398} INFO - Sync 1 DAGs
[2022-03-31 13:38:29,773] {logging_mixin.py:109} INFO - [2022-03-31 13:38:29,772] {dag.py:2937} INFO - Setting next_dagrun for example_python_operator to None
[2022-03-31 13:38:29,914] {processor.py:171} INFO - Processing /home/lowenhard/acceleration/env/lib/python3.8/site-packages/airflow/example_dags/example_python_operator.py took 0.194 seconds
