[2022-03-31 13:13:55,820] {processor.py:163} INFO - Started process (PID=487) to work on /home/lowenhard/acceleration/env/lib/python3.8/site-packages/airflow/example_dags/tutorial_taskflow_api_etl_virtualenv.py
[2022-03-31 13:13:55,821] {processor.py:642} INFO - Processing file /home/lowenhard/acceleration/env/lib/python3.8/site-packages/airflow/example_dags/tutorial_taskflow_api_etl_virtualenv.py for tasks to queue
[2022-03-31 13:13:55,821] {logging_mixin.py:109} INFO - [2022-03-31 13:13:55,821] {dagbag.py:500} INFO - Filling up the DagBag from /home/lowenhard/acceleration/env/lib/python3.8/site-packages/airflow/example_dags/tutorial_taskflow_api_etl_virtualenv.py
[2022-03-31 13:13:55,861] {processor.py:654} INFO - DAG(s) dict_keys(['tutorial_taskflow_api_etl_virtualenv']) retrieved from /home/lowenhard/acceleration/env/lib/python3.8/site-packages/airflow/example_dags/tutorial_taskflow_api_etl_virtualenv.py
[2022-03-31 13:13:56,157] {logging_mixin.py:109} INFO - [2022-03-31 13:13:56,157] {dag.py:2398} INFO - Sync 1 DAGs
[2022-03-31 13:13:56,172] {logging_mixin.py:109} INFO - [2022-03-31 13:13:56,172] {dag.py:2937} INFO - Setting next_dagrun for tutorial_taskflow_api_etl_virtualenv to None
[2022-03-31 13:13:56,517] {processor.py:171} INFO - Processing /home/lowenhard/acceleration/env/lib/python3.8/site-packages/airflow/example_dags/tutorial_taskflow_api_etl_virtualenv.py took 0.700 seconds
[2022-03-31 13:15:30,466] {processor.py:163} INFO - Started process (PID=610) to work on /home/lowenhard/acceleration/env/lib/python3.8/site-packages/airflow/example_dags/tutorial_taskflow_api_etl_virtualenv.py
[2022-03-31 13:15:30,483] {processor.py:642} INFO - Processing file /home/lowenhard/acceleration/env/lib/python3.8/site-packages/airflow/example_dags/tutorial_taskflow_api_etl_virtualenv.py for tasks to queue
[2022-03-31 13:15:30,484] {logging_mixin.py:109} INFO - [2022-03-31 13:15:30,484] {dagbag.py:500} INFO - Filling up the DagBag from /home/lowenhard/acceleration/env/lib/python3.8/site-packages/airflow/example_dags/tutorial_taskflow_api_etl_virtualenv.py
[2022-03-31 13:15:30,508] {processor.py:654} INFO - DAG(s) dict_keys(['tutorial_taskflow_api_etl_virtualenv']) retrieved from /home/lowenhard/acceleration/env/lib/python3.8/site-packages/airflow/example_dags/tutorial_taskflow_api_etl_virtualenv.py
[2022-03-31 13:15:30,716] {logging_mixin.py:109} INFO - [2022-03-31 13:15:30,716] {dag.py:2398} INFO - Sync 1 DAGs
[2022-03-31 13:15:30,727] {logging_mixin.py:109} INFO - [2022-03-31 13:15:30,727] {dag.py:2937} INFO - Setting next_dagrun for tutorial_taskflow_api_etl_virtualenv to None
[2022-03-31 13:15:31,749] {processor.py:171} INFO - Processing /home/lowenhard/acceleration/env/lib/python3.8/site-packages/airflow/example_dags/tutorial_taskflow_api_etl_virtualenv.py took 1.286 seconds
[2022-03-31 13:17:35,718] {processor.py:163} INFO - Started process (PID=716) to work on /home/lowenhard/acceleration/env/lib/python3.8/site-packages/airflow/example_dags/tutorial_taskflow_api_etl_virtualenv.py
[2022-03-31 13:17:36,315] {processor.py:642} INFO - Processing file /home/lowenhard/acceleration/env/lib/python3.8/site-packages/airflow/example_dags/tutorial_taskflow_api_etl_virtualenv.py for tasks to queue
[2022-03-31 13:17:36,316] {logging_mixin.py:109} INFO - [2022-03-31 13:17:36,316] {dagbag.py:500} INFO - Filling up the DagBag from /home/lowenhard/acceleration/env/lib/python3.8/site-packages/airflow/example_dags/tutorial_taskflow_api_etl_virtualenv.py
[2022-03-31 13:17:36,572] {processor.py:654} INFO - DAG(s) dict_keys(['tutorial_taskflow_api_etl_virtualenv']) retrieved from /home/lowenhard/acceleration/env/lib/python3.8/site-packages/airflow/example_dags/tutorial_taskflow_api_etl_virtualenv.py
[2022-03-31 13:17:37,419] {logging_mixin.py:109} INFO - [2022-03-31 13:17:37,418] {dag.py:2398} INFO - Sync 1 DAGs
[2022-03-31 13:17:37,844] {logging_mixin.py:109} INFO - [2022-03-31 13:17:37,844] {dag.py:2937} INFO - Setting next_dagrun for tutorial_taskflow_api_etl_virtualenv to None
[2022-03-31 13:17:38,027] {processor.py:171} INFO - Processing /home/lowenhard/acceleration/env/lib/python3.8/site-packages/airflow/example_dags/tutorial_taskflow_api_etl_virtualenv.py took 2.313 seconds
[2022-03-31 13:19:11,598] {processor.py:163} INFO - Started process (PID=774) to work on /home/lowenhard/acceleration/env/lib/python3.8/site-packages/airflow/example_dags/tutorial_taskflow_api_etl_virtualenv.py
[2022-03-31 13:19:11,616] {processor.py:642} INFO - Processing file /home/lowenhard/acceleration/env/lib/python3.8/site-packages/airflow/example_dags/tutorial_taskflow_api_etl_virtualenv.py for tasks to queue
[2022-03-31 13:19:11,616] {logging_mixin.py:109} INFO - [2022-03-31 13:19:11,616] {dagbag.py:500} INFO - Filling up the DagBag from /home/lowenhard/acceleration/env/lib/python3.8/site-packages/airflow/example_dags/tutorial_taskflow_api_etl_virtualenv.py
[2022-03-31 13:19:11,642] {processor.py:654} INFO - DAG(s) dict_keys(['tutorial_taskflow_api_etl_virtualenv']) retrieved from /home/lowenhard/acceleration/env/lib/python3.8/site-packages/airflow/example_dags/tutorial_taskflow_api_etl_virtualenv.py
[2022-03-31 13:19:11,936] {logging_mixin.py:109} INFO - [2022-03-31 13:19:11,936] {dag.py:2398} INFO - Sync 1 DAGs
[2022-03-31 13:19:12,037] {logging_mixin.py:109} INFO - [2022-03-31 13:19:12,037] {dag.py:2937} INFO - Setting next_dagrun for tutorial_taskflow_api_etl_virtualenv to None
[2022-03-31 13:19:12,204] {processor.py:171} INFO - Processing /home/lowenhard/acceleration/env/lib/python3.8/site-packages/airflow/example_dags/tutorial_taskflow_api_etl_virtualenv.py took 0.609 seconds
[2022-03-31 13:20:56,795] {processor.py:163} INFO - Started process (PID=860) to work on /home/lowenhard/acceleration/env/lib/python3.8/site-packages/airflow/example_dags/tutorial_taskflow_api_etl_virtualenv.py
[2022-03-31 13:20:56,971] {processor.py:642} INFO - Processing file /home/lowenhard/acceleration/env/lib/python3.8/site-packages/airflow/example_dags/tutorial_taskflow_api_etl_virtualenv.py for tasks to queue
[2022-03-31 13:20:56,972] {logging_mixin.py:109} INFO - [2022-03-31 13:20:56,972] {dagbag.py:500} INFO - Filling up the DagBag from /home/lowenhard/acceleration/env/lib/python3.8/site-packages/airflow/example_dags/tutorial_taskflow_api_etl_virtualenv.py
[2022-03-31 13:20:56,996] {processor.py:654} INFO - DAG(s) dict_keys(['tutorial_taskflow_api_etl_virtualenv']) retrieved from /home/lowenhard/acceleration/env/lib/python3.8/site-packages/airflow/example_dags/tutorial_taskflow_api_etl_virtualenv.py
[2022-03-31 13:20:57,254] {logging_mixin.py:109} INFO - [2022-03-31 13:20:57,254] {dag.py:2398} INFO - Sync 1 DAGs
[2022-03-31 13:20:57,265] {logging_mixin.py:109} INFO - [2022-03-31 13:20:57,264] {dag.py:2937} INFO - Setting next_dagrun for tutorial_taskflow_api_etl_virtualenv to None
[2022-03-31 13:20:57,971] {processor.py:171} INFO - Processing /home/lowenhard/acceleration/env/lib/python3.8/site-packages/airflow/example_dags/tutorial_taskflow_api_etl_virtualenv.py took 1.178 seconds
[2022-03-31 13:22:55,551] {processor.py:163} INFO - Started process (PID=948) to work on /home/lowenhard/acceleration/env/lib/python3.8/site-packages/airflow/example_dags/tutorial_taskflow_api_etl_virtualenv.py
[2022-03-31 13:22:55,576] {processor.py:642} INFO - Processing file /home/lowenhard/acceleration/env/lib/python3.8/site-packages/airflow/example_dags/tutorial_taskflow_api_etl_virtualenv.py for tasks to queue
[2022-03-31 13:22:55,577] {logging_mixin.py:109} INFO - [2022-03-31 13:22:55,577] {dagbag.py:500} INFO - Filling up the DagBag from /home/lowenhard/acceleration/env/lib/python3.8/site-packages/airflow/example_dags/tutorial_taskflow_api_etl_virtualenv.py
[2022-03-31 13:22:55,599] {processor.py:654} INFO - DAG(s) dict_keys(['tutorial_taskflow_api_etl_virtualenv']) retrieved from /home/lowenhard/acceleration/env/lib/python3.8/site-packages/airflow/example_dags/tutorial_taskflow_api_etl_virtualenv.py
[2022-03-31 13:22:55,837] {logging_mixin.py:109} INFO - [2022-03-31 13:22:55,837] {dag.py:2398} INFO - Sync 1 DAGs
[2022-03-31 13:22:55,846] {logging_mixin.py:109} INFO - [2022-03-31 13:22:55,846] {dag.py:2937} INFO - Setting next_dagrun for tutorial_taskflow_api_etl_virtualenv to None
[2022-03-31 13:22:57,139] {processor.py:171} INFO - Processing /home/lowenhard/acceleration/env/lib/python3.8/site-packages/airflow/example_dags/tutorial_taskflow_api_etl_virtualenv.py took 1.591 seconds
[2022-03-31 13:24:58,617] {processor.py:163} INFO - Started process (PID=1036) to work on /home/lowenhard/acceleration/env/lib/python3.8/site-packages/airflow/example_dags/tutorial_taskflow_api_etl_virtualenv.py
[2022-03-31 13:24:58,794] {processor.py:642} INFO - Processing file /home/lowenhard/acceleration/env/lib/python3.8/site-packages/airflow/example_dags/tutorial_taskflow_api_etl_virtualenv.py for tasks to queue
[2022-03-31 13:24:58,794] {logging_mixin.py:109} INFO - [2022-03-31 13:24:58,794] {dagbag.py:500} INFO - Filling up the DagBag from /home/lowenhard/acceleration/env/lib/python3.8/site-packages/airflow/example_dags/tutorial_taskflow_api_etl_virtualenv.py
[2022-03-31 13:24:58,822] {processor.py:654} INFO - DAG(s) dict_keys(['tutorial_taskflow_api_etl_virtualenv']) retrieved from /home/lowenhard/acceleration/env/lib/python3.8/site-packages/airflow/example_dags/tutorial_taskflow_api_etl_virtualenv.py
[2022-03-31 13:24:59,075] {logging_mixin.py:109} INFO - [2022-03-31 13:24:59,075] {dag.py:2398} INFO - Sync 1 DAGs
[2022-03-31 13:24:59,083] {logging_mixin.py:109} INFO - [2022-03-31 13:24:59,083] {dag.py:2937} INFO - Setting next_dagrun for tutorial_taskflow_api_etl_virtualenv to None
[2022-03-31 13:25:01,341] {processor.py:171} INFO - Processing /home/lowenhard/acceleration/env/lib/python3.8/site-packages/airflow/example_dags/tutorial_taskflow_api_etl_virtualenv.py took 2.726 seconds
[2022-03-31 13:26:51,330] {processor.py:163} INFO - Started process (PID=1133) to work on /home/lowenhard/acceleration/env/lib/python3.8/site-packages/airflow/example_dags/tutorial_taskflow_api_etl_virtualenv.py
[2022-03-31 13:26:51,341] {processor.py:642} INFO - Processing file /home/lowenhard/acceleration/env/lib/python3.8/site-packages/airflow/example_dags/tutorial_taskflow_api_etl_virtualenv.py for tasks to queue
[2022-03-31 13:26:51,342] {logging_mixin.py:109} INFO - [2022-03-31 13:26:51,342] {dagbag.py:500} INFO - Filling up the DagBag from /home/lowenhard/acceleration/env/lib/python3.8/site-packages/airflow/example_dags/tutorial_taskflow_api_etl_virtualenv.py
[2022-03-31 13:26:51,368] {processor.py:654} INFO - DAG(s) dict_keys(['tutorial_taskflow_api_etl_virtualenv']) retrieved from /home/lowenhard/acceleration/env/lib/python3.8/site-packages/airflow/example_dags/tutorial_taskflow_api_etl_virtualenv.py
[2022-03-31 13:26:51,696] {logging_mixin.py:109} INFO - [2022-03-31 13:26:51,696] {dag.py:2398} INFO - Sync 1 DAGs
[2022-03-31 13:26:51,705] {logging_mixin.py:109} INFO - [2022-03-31 13:26:51,704] {dag.py:2937} INFO - Setting next_dagrun for tutorial_taskflow_api_etl_virtualenv to None
[2022-03-31 13:26:51,859] {processor.py:171} INFO - Processing /home/lowenhard/acceleration/env/lib/python3.8/site-packages/airflow/example_dags/tutorial_taskflow_api_etl_virtualenv.py took 0.532 seconds
[2022-03-31 13:27:46,111] {processor.py:163} INFO - Started process (PID=1191) to work on /home/lowenhard/acceleration/env/lib/python3.8/site-packages/airflow/example_dags/tutorial_taskflow_api_etl_virtualenv.py
[2022-03-31 13:27:46,126] {processor.py:642} INFO - Processing file /home/lowenhard/acceleration/env/lib/python3.8/site-packages/airflow/example_dags/tutorial_taskflow_api_etl_virtualenv.py for tasks to queue
[2022-03-31 13:27:46,126] {logging_mixin.py:109} INFO - [2022-03-31 13:27:46,126] {dagbag.py:500} INFO - Filling up the DagBag from /home/lowenhard/acceleration/env/lib/python3.8/site-packages/airflow/example_dags/tutorial_taskflow_api_etl_virtualenv.py
[2022-03-31 13:27:46,149] {processor.py:654} INFO - DAG(s) dict_keys(['tutorial_taskflow_api_etl_virtualenv']) retrieved from /home/lowenhard/acceleration/env/lib/python3.8/site-packages/airflow/example_dags/tutorial_taskflow_api_etl_virtualenv.py
[2022-03-31 13:27:46,388] {logging_mixin.py:109} INFO - [2022-03-31 13:27:46,388] {dag.py:2398} INFO - Sync 1 DAGs
[2022-03-31 13:27:46,396] {logging_mixin.py:109} INFO - [2022-03-31 13:27:46,396] {dag.py:2937} INFO - Setting next_dagrun for tutorial_taskflow_api_etl_virtualenv to None
[2022-03-31 13:27:46,537] {processor.py:171} INFO - Processing /home/lowenhard/acceleration/env/lib/python3.8/site-packages/airflow/example_dags/tutorial_taskflow_api_etl_virtualenv.py took 0.427 seconds
[2022-03-31 13:28:37,950] {processor.py:163} INFO - Started process (PID=1249) to work on /home/lowenhard/acceleration/env/lib/python3.8/site-packages/airflow/example_dags/tutorial_taskflow_api_etl_virtualenv.py
[2022-03-31 13:28:37,963] {processor.py:642} INFO - Processing file /home/lowenhard/acceleration/env/lib/python3.8/site-packages/airflow/example_dags/tutorial_taskflow_api_etl_virtualenv.py for tasks to queue
[2022-03-31 13:28:37,963] {logging_mixin.py:109} INFO - [2022-03-31 13:28:37,963] {dagbag.py:500} INFO - Filling up the DagBag from /home/lowenhard/acceleration/env/lib/python3.8/site-packages/airflow/example_dags/tutorial_taskflow_api_etl_virtualenv.py
[2022-03-31 13:28:37,987] {processor.py:654} INFO - DAG(s) dict_keys(['tutorial_taskflow_api_etl_virtualenv']) retrieved from /home/lowenhard/acceleration/env/lib/python3.8/site-packages/airflow/example_dags/tutorial_taskflow_api_etl_virtualenv.py
[2022-03-31 13:28:38,242] {logging_mixin.py:109} INFO - [2022-03-31 13:28:38,242] {dag.py:2398} INFO - Sync 1 DAGs
[2022-03-31 13:28:38,251] {logging_mixin.py:109} INFO - [2022-03-31 13:28:38,250] {dag.py:2937} INFO - Setting next_dagrun for tutorial_taskflow_api_etl_virtualenv to None
[2022-03-31 13:28:38,407] {processor.py:171} INFO - Processing /home/lowenhard/acceleration/env/lib/python3.8/site-packages/airflow/example_dags/tutorial_taskflow_api_etl_virtualenv.py took 0.459 seconds
[2022-03-31 13:29:35,176] {processor.py:163} INFO - Started process (PID=1305) to work on /home/lowenhard/acceleration/env/lib/python3.8/site-packages/airflow/example_dags/tutorial_taskflow_api_etl_virtualenv.py
[2022-03-31 13:29:35,214] {processor.py:642} INFO - Processing file /home/lowenhard/acceleration/env/lib/python3.8/site-packages/airflow/example_dags/tutorial_taskflow_api_etl_virtualenv.py for tasks to queue
[2022-03-31 13:29:35,215] {logging_mixin.py:109} INFO - [2022-03-31 13:29:35,215] {dagbag.py:500} INFO - Filling up the DagBag from /home/lowenhard/acceleration/env/lib/python3.8/site-packages/airflow/example_dags/tutorial_taskflow_api_etl_virtualenv.py
[2022-03-31 13:29:35,243] {processor.py:654} INFO - DAG(s) dict_keys(['tutorial_taskflow_api_etl_virtualenv']) retrieved from /home/lowenhard/acceleration/env/lib/python3.8/site-packages/airflow/example_dags/tutorial_taskflow_api_etl_virtualenv.py
[2022-03-31 13:29:35,490] {logging_mixin.py:109} INFO - [2022-03-31 13:29:35,490] {dag.py:2398} INFO - Sync 1 DAGs
[2022-03-31 13:29:35,500] {logging_mixin.py:109} INFO - [2022-03-31 13:29:35,500] {dag.py:2937} INFO - Setting next_dagrun for tutorial_taskflow_api_etl_virtualenv to None
[2022-03-31 13:29:36,830] {processor.py:171} INFO - Processing /home/lowenhard/acceleration/env/lib/python3.8/site-packages/airflow/example_dags/tutorial_taskflow_api_etl_virtualenv.py took 1.656 seconds
[2022-03-31 13:30:32,742] {processor.py:163} INFO - Started process (PID=1367) to work on /home/lowenhard/acceleration/env/lib/python3.8/site-packages/airflow/example_dags/tutorial_taskflow_api_etl_virtualenv.py
[2022-03-31 13:30:32,750] {processor.py:642} INFO - Processing file /home/lowenhard/acceleration/env/lib/python3.8/site-packages/airflow/example_dags/tutorial_taskflow_api_etl_virtualenv.py for tasks to queue
[2022-03-31 13:30:32,751] {logging_mixin.py:109} INFO - [2022-03-31 13:30:32,751] {dagbag.py:500} INFO - Filling up the DagBag from /home/lowenhard/acceleration/env/lib/python3.8/site-packages/airflow/example_dags/tutorial_taskflow_api_etl_virtualenv.py
[2022-03-31 13:30:32,778] {processor.py:654} INFO - DAG(s) dict_keys(['tutorial_taskflow_api_etl_virtualenv']) retrieved from /home/lowenhard/acceleration/env/lib/python3.8/site-packages/airflow/example_dags/tutorial_taskflow_api_etl_virtualenv.py
[2022-03-31 13:30:33,065] {logging_mixin.py:109} INFO - [2022-03-31 13:30:33,065] {dag.py:2398} INFO - Sync 1 DAGs
[2022-03-31 13:30:33,074] {logging_mixin.py:109} INFO - [2022-03-31 13:30:33,074] {dag.py:2937} INFO - Setting next_dagrun for tutorial_taskflow_api_etl_virtualenv to None
[2022-03-31 13:30:34,910] {processor.py:171} INFO - Processing /home/lowenhard/acceleration/env/lib/python3.8/site-packages/airflow/example_dags/tutorial_taskflow_api_etl_virtualenv.py took 2.170 seconds
[2022-03-31 13:31:40,199] {processor.py:163} INFO - Started process (PID=1429) to work on /home/lowenhard/acceleration/env/lib/python3.8/site-packages/airflow/example_dags/tutorial_taskflow_api_etl_virtualenv.py
[2022-03-31 13:31:40,212] {processor.py:642} INFO - Processing file /home/lowenhard/acceleration/env/lib/python3.8/site-packages/airflow/example_dags/tutorial_taskflow_api_etl_virtualenv.py for tasks to queue
[2022-03-31 13:31:40,212] {logging_mixin.py:109} INFO - [2022-03-31 13:31:40,212] {dagbag.py:500} INFO - Filling up the DagBag from /home/lowenhard/acceleration/env/lib/python3.8/site-packages/airflow/example_dags/tutorial_taskflow_api_etl_virtualenv.py
[2022-03-31 13:31:40,235] {processor.py:654} INFO - DAG(s) dict_keys(['tutorial_taskflow_api_etl_virtualenv']) retrieved from /home/lowenhard/acceleration/env/lib/python3.8/site-packages/airflow/example_dags/tutorial_taskflow_api_etl_virtualenv.py
[2022-03-31 13:31:40,481] {logging_mixin.py:109} INFO - [2022-03-31 13:31:40,481] {dag.py:2398} INFO - Sync 1 DAGs
[2022-03-31 13:31:40,490] {logging_mixin.py:109} INFO - [2022-03-31 13:31:40,490] {dag.py:2937} INFO - Setting next_dagrun for tutorial_taskflow_api_etl_virtualenv to None
[2022-03-31 13:31:40,661] {processor.py:171} INFO - Processing /home/lowenhard/acceleration/env/lib/python3.8/site-packages/airflow/example_dags/tutorial_taskflow_api_etl_virtualenv.py took 0.464 seconds
[2022-03-31 13:32:32,058] {processor.py:163} INFO - Started process (PID=1488) to work on /home/lowenhard/acceleration/env/lib/python3.8/site-packages/airflow/example_dags/tutorial_taskflow_api_etl_virtualenv.py
[2022-03-31 13:32:32,067] {processor.py:642} INFO - Processing file /home/lowenhard/acceleration/env/lib/python3.8/site-packages/airflow/example_dags/tutorial_taskflow_api_etl_virtualenv.py for tasks to queue
[2022-03-31 13:32:32,067] {logging_mixin.py:109} INFO - [2022-03-31 13:32:32,067] {dagbag.py:500} INFO - Filling up the DagBag from /home/lowenhard/acceleration/env/lib/python3.8/site-packages/airflow/example_dags/tutorial_taskflow_api_etl_virtualenv.py
[2022-03-31 13:32:32,090] {processor.py:654} INFO - DAG(s) dict_keys(['tutorial_taskflow_api_etl_virtualenv']) retrieved from /home/lowenhard/acceleration/env/lib/python3.8/site-packages/airflow/example_dags/tutorial_taskflow_api_etl_virtualenv.py
[2022-03-31 13:32:32,331] {logging_mixin.py:109} INFO - [2022-03-31 13:32:32,331] {dag.py:2398} INFO - Sync 1 DAGs
[2022-03-31 13:32:32,341] {logging_mixin.py:109} INFO - [2022-03-31 13:32:32,341] {dag.py:2937} INFO - Setting next_dagrun for tutorial_taskflow_api_etl_virtualenv to None
[2022-03-31 13:32:32,483] {processor.py:171} INFO - Processing /home/lowenhard/acceleration/env/lib/python3.8/site-packages/airflow/example_dags/tutorial_taskflow_api_etl_virtualenv.py took 0.428 seconds
[2022-03-31 13:33:30,195] {processor.py:163} INFO - Started process (PID=1557) to work on /home/lowenhard/acceleration/env/lib/python3.8/site-packages/airflow/example_dags/tutorial_taskflow_api_etl_virtualenv.py
[2022-03-31 13:33:30,209] {processor.py:642} INFO - Processing file /home/lowenhard/acceleration/env/lib/python3.8/site-packages/airflow/example_dags/tutorial_taskflow_api_etl_virtualenv.py for tasks to queue
[2022-03-31 13:33:30,209] {logging_mixin.py:109} INFO - [2022-03-31 13:33:30,209] {dagbag.py:500} INFO - Filling up the DagBag from /home/lowenhard/acceleration/env/lib/python3.8/site-packages/airflow/example_dags/tutorial_taskflow_api_etl_virtualenv.py
[2022-03-31 13:33:30,231] {processor.py:654} INFO - DAG(s) dict_keys(['tutorial_taskflow_api_etl_virtualenv']) retrieved from /home/lowenhard/acceleration/env/lib/python3.8/site-packages/airflow/example_dags/tutorial_taskflow_api_etl_virtualenv.py
[2022-03-31 13:33:30,508] {logging_mixin.py:109} INFO - [2022-03-31 13:33:30,507] {dag.py:2398} INFO - Sync 1 DAGs
[2022-03-31 13:33:30,518] {logging_mixin.py:109} INFO - [2022-03-31 13:33:30,518] {dag.py:2937} INFO - Setting next_dagrun for tutorial_taskflow_api_etl_virtualenv to None
[2022-03-31 13:33:30,663] {processor.py:171} INFO - Processing /home/lowenhard/acceleration/env/lib/python3.8/site-packages/airflow/example_dags/tutorial_taskflow_api_etl_virtualenv.py took 0.470 seconds
[2022-03-31 13:35:18,647] {processor.py:163} INFO - Started process (PID=1643) to work on /home/lowenhard/acceleration/env/lib/python3.8/site-packages/airflow/example_dags/tutorial_taskflow_api_etl_virtualenv.py
[2022-03-31 13:35:18,887] {processor.py:642} INFO - Processing file /home/lowenhard/acceleration/env/lib/python3.8/site-packages/airflow/example_dags/tutorial_taskflow_api_etl_virtualenv.py for tasks to queue
[2022-03-31 13:35:18,888] {logging_mixin.py:109} INFO - [2022-03-31 13:35:18,888] {dagbag.py:500} INFO - Filling up the DagBag from /home/lowenhard/acceleration/env/lib/python3.8/site-packages/airflow/example_dags/tutorial_taskflow_api_etl_virtualenv.py
[2022-03-31 13:35:19,944] {processor.py:654} INFO - DAG(s) dict_keys(['tutorial_taskflow_api_etl_virtualenv']) retrieved from /home/lowenhard/acceleration/env/lib/python3.8/site-packages/airflow/example_dags/tutorial_taskflow_api_etl_virtualenv.py
[2022-03-31 13:35:20,211] {logging_mixin.py:109} INFO - [2022-03-31 13:35:20,211] {dag.py:2398} INFO - Sync 1 DAGs
[2022-03-31 13:35:20,220] {logging_mixin.py:109} INFO - [2022-03-31 13:35:20,220] {dag.py:2937} INFO - Setting next_dagrun for tutorial_taskflow_api_etl_virtualenv to None
[2022-03-31 13:35:20,372] {processor.py:171} INFO - Processing /home/lowenhard/acceleration/env/lib/python3.8/site-packages/airflow/example_dags/tutorial_taskflow_api_etl_virtualenv.py took 1.730 seconds
[2022-03-31 13:36:42,914] {processor.py:163} INFO - Started process (PID=1724) to work on /home/lowenhard/acceleration/env/lib/python3.8/site-packages/airflow/example_dags/tutorial_taskflow_api_etl_virtualenv.py
[2022-03-31 13:36:42,926] {processor.py:642} INFO - Processing file /home/lowenhard/acceleration/env/lib/python3.8/site-packages/airflow/example_dags/tutorial_taskflow_api_etl_virtualenv.py for tasks to queue
[2022-03-31 13:36:42,927] {logging_mixin.py:109} INFO - [2022-03-31 13:36:42,927] {dagbag.py:500} INFO - Filling up the DagBag from /home/lowenhard/acceleration/env/lib/python3.8/site-packages/airflow/example_dags/tutorial_taskflow_api_etl_virtualenv.py
[2022-03-31 13:36:42,950] {processor.py:654} INFO - DAG(s) dict_keys(['tutorial_taskflow_api_etl_virtualenv']) retrieved from /home/lowenhard/acceleration/env/lib/python3.8/site-packages/airflow/example_dags/tutorial_taskflow_api_etl_virtualenv.py
[2022-03-31 13:36:43,206] {logging_mixin.py:109} INFO - [2022-03-31 13:36:43,206] {dag.py:2398} INFO - Sync 1 DAGs
[2022-03-31 13:36:43,216] {logging_mixin.py:109} INFO - [2022-03-31 13:36:43,216] {dag.py:2937} INFO - Setting next_dagrun for tutorial_taskflow_api_etl_virtualenv to None
[2022-03-31 13:36:44,818] {processor.py:171} INFO - Processing /home/lowenhard/acceleration/env/lib/python3.8/site-packages/airflow/example_dags/tutorial_taskflow_api_etl_virtualenv.py took 1.906 seconds
[2022-03-31 13:37:44,395] {processor.py:163} INFO - Started process (PID=1799) to work on /home/lowenhard/acceleration/env/lib/python3.8/site-packages/airflow/example_dags/tutorial_taskflow_api_etl_virtualenv.py
[2022-03-31 13:37:44,412] {processor.py:642} INFO - Processing file /home/lowenhard/acceleration/env/lib/python3.8/site-packages/airflow/example_dags/tutorial_taskflow_api_etl_virtualenv.py for tasks to queue
[2022-03-31 13:37:44,412] {logging_mixin.py:109} INFO - [2022-03-31 13:37:44,412] {dagbag.py:500} INFO - Filling up the DagBag from /home/lowenhard/acceleration/env/lib/python3.8/site-packages/airflow/example_dags/tutorial_taskflow_api_etl_virtualenv.py
[2022-03-31 13:37:44,445] {processor.py:654} INFO - DAG(s) dict_keys(['tutorial_taskflow_api_etl_virtualenv']) retrieved from /home/lowenhard/acceleration/env/lib/python3.8/site-packages/airflow/example_dags/tutorial_taskflow_api_etl_virtualenv.py
[2022-03-31 13:37:44,728] {logging_mixin.py:109} INFO - [2022-03-31 13:37:44,727] {dag.py:2398} INFO - Sync 1 DAGs
[2022-03-31 13:37:44,738] {logging_mixin.py:109} INFO - [2022-03-31 13:37:44,738] {dag.py:2937} INFO - Setting next_dagrun for tutorial_taskflow_api_etl_virtualenv to None
[2022-03-31 13:37:44,880] {processor.py:171} INFO - Processing /home/lowenhard/acceleration/env/lib/python3.8/site-packages/airflow/example_dags/tutorial_taskflow_api_etl_virtualenv.py took 0.487 seconds
