[2022-03-31 13:13:46,530] {processor.py:163} INFO - Started process (PID=482) to work on /home/lowenhard/acceleration/env/lib/python3.8/site-packages/airflow/example_dags/tutorial_taskflow_api_etl.py
[2022-03-31 13:13:46,531] {processor.py:642} INFO - Processing file /home/lowenhard/acceleration/env/lib/python3.8/site-packages/airflow/example_dags/tutorial_taskflow_api_etl.py for tasks to queue
[2022-03-31 13:13:46,532] {logging_mixin.py:109} INFO - [2022-03-31 13:13:46,532] {dagbag.py:500} INFO - Filling up the DagBag from /home/lowenhard/acceleration/env/lib/python3.8/site-packages/airflow/example_dags/tutorial_taskflow_api_etl.py
[2022-03-31 13:13:46,555] {processor.py:654} INFO - DAG(s) dict_keys(['tutorial_taskflow_api_etl']) retrieved from /home/lowenhard/acceleration/env/lib/python3.8/site-packages/airflow/example_dags/tutorial_taskflow_api_etl.py
[2022-03-31 13:13:46,722] {logging_mixin.py:109} INFO - [2022-03-31 13:13:46,722] {dag.py:2398} INFO - Sync 1 DAGs
[2022-03-31 13:13:46,733] {logging_mixin.py:109} INFO - [2022-03-31 13:13:46,733] {dag.py:2937} INFO - Setting next_dagrun for tutorial_taskflow_api_etl to None
[2022-03-31 13:13:48,415] {processor.py:171} INFO - Processing /home/lowenhard/acceleration/env/lib/python3.8/site-packages/airflow/example_dags/tutorial_taskflow_api_etl.py took 1.887 seconds
[2022-03-31 13:15:18,519] {processor.py:163} INFO - Started process (PID=605) to work on /home/lowenhard/acceleration/env/lib/python3.8/site-packages/airflow/example_dags/tutorial_taskflow_api_etl.py
[2022-03-31 13:15:18,555] {processor.py:642} INFO - Processing file /home/lowenhard/acceleration/env/lib/python3.8/site-packages/airflow/example_dags/tutorial_taskflow_api_etl.py for tasks to queue
[2022-03-31 13:15:18,555] {logging_mixin.py:109} INFO - [2022-03-31 13:15:18,555] {dagbag.py:500} INFO - Filling up the DagBag from /home/lowenhard/acceleration/env/lib/python3.8/site-packages/airflow/example_dags/tutorial_taskflow_api_etl.py
[2022-03-31 13:15:18,578] {processor.py:654} INFO - DAG(s) dict_keys(['tutorial_taskflow_api_etl']) retrieved from /home/lowenhard/acceleration/env/lib/python3.8/site-packages/airflow/example_dags/tutorial_taskflow_api_etl.py
[2022-03-31 13:15:18,757] {logging_mixin.py:109} INFO - [2022-03-31 13:15:18,757] {dag.py:2398} INFO - Sync 1 DAGs
[2022-03-31 13:15:18,766] {logging_mixin.py:109} INFO - [2022-03-31 13:15:18,766] {dag.py:2937} INFO - Setting next_dagrun for tutorial_taskflow_api_etl to None
[2022-03-31 13:15:19,236] {processor.py:171} INFO - Processing /home/lowenhard/acceleration/env/lib/python3.8/site-packages/airflow/example_dags/tutorial_taskflow_api_etl.py took 0.720 seconds
[2022-03-31 13:17:20,956] {processor.py:163} INFO - Started process (PID=711) to work on /home/lowenhard/acceleration/env/lib/python3.8/site-packages/airflow/example_dags/tutorial_taskflow_api_etl.py
[2022-03-31 13:17:20,960] {processor.py:642} INFO - Processing file /home/lowenhard/acceleration/env/lib/python3.8/site-packages/airflow/example_dags/tutorial_taskflow_api_etl.py for tasks to queue
[2022-03-31 13:17:20,961] {logging_mixin.py:109} INFO - [2022-03-31 13:17:20,961] {dagbag.py:500} INFO - Filling up the DagBag from /home/lowenhard/acceleration/env/lib/python3.8/site-packages/airflow/example_dags/tutorial_taskflow_api_etl.py
[2022-03-31 13:17:21,006] {processor.py:654} INFO - DAG(s) dict_keys(['tutorial_taskflow_api_etl']) retrieved from /home/lowenhard/acceleration/env/lib/python3.8/site-packages/airflow/example_dags/tutorial_taskflow_api_etl.py
[2022-03-31 13:17:21,314] {logging_mixin.py:109} INFO - [2022-03-31 13:17:21,314] {dag.py:2398} INFO - Sync 1 DAGs
[2022-03-31 13:17:21,430] {logging_mixin.py:109} INFO - [2022-03-31 13:17:21,430] {dag.py:2937} INFO - Setting next_dagrun for tutorial_taskflow_api_etl to None
[2022-03-31 13:17:21,710] {processor.py:171} INFO - Processing /home/lowenhard/acceleration/env/lib/python3.8/site-packages/airflow/example_dags/tutorial_taskflow_api_etl.py took 0.757 seconds
[2022-03-31 13:18:57,449] {processor.py:163} INFO - Started process (PID=769) to work on /home/lowenhard/acceleration/env/lib/python3.8/site-packages/airflow/example_dags/tutorial_taskflow_api_etl.py
[2022-03-31 13:18:57,459] {processor.py:642} INFO - Processing file /home/lowenhard/acceleration/env/lib/python3.8/site-packages/airflow/example_dags/tutorial_taskflow_api_etl.py for tasks to queue
[2022-03-31 13:18:57,460] {logging_mixin.py:109} INFO - [2022-03-31 13:18:57,460] {dagbag.py:500} INFO - Filling up the DagBag from /home/lowenhard/acceleration/env/lib/python3.8/site-packages/airflow/example_dags/tutorial_taskflow_api_etl.py
[2022-03-31 13:18:57,483] {processor.py:654} INFO - DAG(s) dict_keys(['tutorial_taskflow_api_etl']) retrieved from /home/lowenhard/acceleration/env/lib/python3.8/site-packages/airflow/example_dags/tutorial_taskflow_api_etl.py
[2022-03-31 13:18:57,686] {logging_mixin.py:109} INFO - [2022-03-31 13:18:57,686] {dag.py:2398} INFO - Sync 1 DAGs
[2022-03-31 13:18:57,763] {logging_mixin.py:109} INFO - [2022-03-31 13:18:57,762] {dag.py:2937} INFO - Setting next_dagrun for tutorial_taskflow_api_etl to None
[2022-03-31 13:18:59,875] {processor.py:171} INFO - Processing /home/lowenhard/acceleration/env/lib/python3.8/site-packages/airflow/example_dags/tutorial_taskflow_api_etl.py took 2.429 seconds
[2022-03-31 13:20:13,054] {processor.py:163} INFO - Started process (PID=822) to work on /home/lowenhard/acceleration/env/lib/python3.8/site-packages/airflow/example_dags/tutorial_taskflow_api_etl.py
[2022-03-31 13:20:13,067] {processor.py:642} INFO - Processing file /home/lowenhard/acceleration/env/lib/python3.8/site-packages/airflow/example_dags/tutorial_taskflow_api_etl.py for tasks to queue
[2022-03-31 13:20:13,068] {logging_mixin.py:109} INFO - [2022-03-31 13:20:13,068] {dagbag.py:500} INFO - Filling up the DagBag from /home/lowenhard/acceleration/env/lib/python3.8/site-packages/airflow/example_dags/tutorial_taskflow_api_etl.py
[2022-03-31 13:20:13,090] {processor.py:654} INFO - DAG(s) dict_keys(['tutorial_taskflow_api_etl']) retrieved from /home/lowenhard/acceleration/env/lib/python3.8/site-packages/airflow/example_dags/tutorial_taskflow_api_etl.py
[2022-03-31 13:20:13,339] {logging_mixin.py:109} INFO - [2022-03-31 13:20:13,339] {dag.py:2398} INFO - Sync 1 DAGs
[2022-03-31 13:20:13,348] {logging_mixin.py:109} INFO - [2022-03-31 13:20:13,348] {dag.py:2937} INFO - Setting next_dagrun for tutorial_taskflow_api_etl to None
[2022-03-31 13:20:13,689] {processor.py:171} INFO - Processing /home/lowenhard/acceleration/env/lib/python3.8/site-packages/airflow/example_dags/tutorial_taskflow_api_etl.py took 0.639 seconds
[2022-03-31 13:22:04,340] {processor.py:163} INFO - Started process (PID=908) to work on /home/lowenhard/acceleration/env/lib/python3.8/site-packages/airflow/example_dags/tutorial_taskflow_api_etl.py
[2022-03-31 13:22:04,353] {processor.py:642} INFO - Processing file /home/lowenhard/acceleration/env/lib/python3.8/site-packages/airflow/example_dags/tutorial_taskflow_api_etl.py for tasks to queue
[2022-03-31 13:22:04,354] {logging_mixin.py:109} INFO - [2022-03-31 13:22:04,354] {dagbag.py:500} INFO - Filling up the DagBag from /home/lowenhard/acceleration/env/lib/python3.8/site-packages/airflow/example_dags/tutorial_taskflow_api_etl.py
[2022-03-31 13:22:04,378] {processor.py:654} INFO - DAG(s) dict_keys(['tutorial_taskflow_api_etl']) retrieved from /home/lowenhard/acceleration/env/lib/python3.8/site-packages/airflow/example_dags/tutorial_taskflow_api_etl.py
[2022-03-31 13:22:04,639] {logging_mixin.py:109} INFO - [2022-03-31 13:22:04,639] {dag.py:2398} INFO - Sync 1 DAGs
[2022-03-31 13:22:04,647] {logging_mixin.py:109} INFO - [2022-03-31 13:22:04,647] {dag.py:2937} INFO - Setting next_dagrun for tutorial_taskflow_api_etl to None
[2022-03-31 13:22:05,950] {processor.py:171} INFO - Processing /home/lowenhard/acceleration/env/lib/python3.8/site-packages/airflow/example_dags/tutorial_taskflow_api_etl.py took 1.612 seconds
[2022-03-31 13:23:59,587] {processor.py:163} INFO - Started process (PID=995) to work on /home/lowenhard/acceleration/env/lib/python3.8/site-packages/airflow/example_dags/tutorial_taskflow_api_etl.py
[2022-03-31 13:23:59,837] {processor.py:642} INFO - Processing file /home/lowenhard/acceleration/env/lib/python3.8/site-packages/airflow/example_dags/tutorial_taskflow_api_etl.py for tasks to queue
[2022-03-31 13:23:59,838] {logging_mixin.py:109} INFO - [2022-03-31 13:23:59,838] {dagbag.py:500} INFO - Filling up the DagBag from /home/lowenhard/acceleration/env/lib/python3.8/site-packages/airflow/example_dags/tutorial_taskflow_api_etl.py
[2022-03-31 13:23:59,864] {processor.py:654} INFO - DAG(s) dict_keys(['tutorial_taskflow_api_etl']) retrieved from /home/lowenhard/acceleration/env/lib/python3.8/site-packages/airflow/example_dags/tutorial_taskflow_api_etl.py
[2022-03-31 13:24:00,124] {logging_mixin.py:109} INFO - [2022-03-31 13:24:00,123] {dag.py:2398} INFO - Sync 1 DAGs
[2022-03-31 13:24:00,135] {logging_mixin.py:109} INFO - [2022-03-31 13:24:00,134] {dag.py:2937} INFO - Setting next_dagrun for tutorial_taskflow_api_etl to None
[2022-03-31 13:24:01,222] {processor.py:171} INFO - Processing /home/lowenhard/acceleration/env/lib/python3.8/site-packages/airflow/example_dags/tutorial_taskflow_api_etl.py took 1.637 seconds
[2022-03-31 13:26:09,178] {processor.py:163} INFO - Started process (PID=1091) to work on /home/lowenhard/acceleration/env/lib/python3.8/site-packages/airflow/example_dags/tutorial_taskflow_api_etl.py
[2022-03-31 13:26:09,181] {processor.py:642} INFO - Processing file /home/lowenhard/acceleration/env/lib/python3.8/site-packages/airflow/example_dags/tutorial_taskflow_api_etl.py for tasks to queue
[2022-03-31 13:26:09,181] {logging_mixin.py:109} INFO - [2022-03-31 13:26:09,181] {dagbag.py:500} INFO - Filling up the DagBag from /home/lowenhard/acceleration/env/lib/python3.8/site-packages/airflow/example_dags/tutorial_taskflow_api_etl.py
[2022-03-31 13:26:09,207] {processor.py:654} INFO - DAG(s) dict_keys(['tutorial_taskflow_api_etl']) retrieved from /home/lowenhard/acceleration/env/lib/python3.8/site-packages/airflow/example_dags/tutorial_taskflow_api_etl.py
[2022-03-31 13:26:09,457] {logging_mixin.py:109} INFO - [2022-03-31 13:26:09,457] {dag.py:2398} INFO - Sync 1 DAGs
[2022-03-31 13:26:09,470] {logging_mixin.py:109} INFO - [2022-03-31 13:26:09,470] {dag.py:2937} INFO - Setting next_dagrun for tutorial_taskflow_api_etl to None
[2022-03-31 13:26:09,616] {processor.py:171} INFO - Processing /home/lowenhard/acceleration/env/lib/python3.8/site-packages/airflow/example_dags/tutorial_taskflow_api_etl.py took 0.441 seconds
[2022-03-31 13:27:24,347] {processor.py:163} INFO - Started process (PID=1175) to work on /home/lowenhard/acceleration/env/lib/python3.8/site-packages/airflow/example_dags/tutorial_taskflow_api_etl.py
[2022-03-31 13:27:24,374] {processor.py:642} INFO - Processing file /home/lowenhard/acceleration/env/lib/python3.8/site-packages/airflow/example_dags/tutorial_taskflow_api_etl.py for tasks to queue
[2022-03-31 13:27:24,375] {logging_mixin.py:109} INFO - [2022-03-31 13:27:24,375] {dagbag.py:500} INFO - Filling up the DagBag from /home/lowenhard/acceleration/env/lib/python3.8/site-packages/airflow/example_dags/tutorial_taskflow_api_etl.py
[2022-03-31 13:27:24,399] {processor.py:654} INFO - DAG(s) dict_keys(['tutorial_taskflow_api_etl']) retrieved from /home/lowenhard/acceleration/env/lib/python3.8/site-packages/airflow/example_dags/tutorial_taskflow_api_etl.py
[2022-03-31 13:27:24,667] {logging_mixin.py:109} INFO - [2022-03-31 13:27:24,667] {dag.py:2398} INFO - Sync 1 DAGs
[2022-03-31 13:27:24,678] {logging_mixin.py:109} INFO - [2022-03-31 13:27:24,677] {dag.py:2937} INFO - Setting next_dagrun for tutorial_taskflow_api_etl to None
[2022-03-31 13:27:24,817] {processor.py:171} INFO - Processing /home/lowenhard/acceleration/env/lib/python3.8/site-packages/airflow/example_dags/tutorial_taskflow_api_etl.py took 0.473 seconds
[2022-03-31 13:28:17,089] {processor.py:163} INFO - Started process (PID=1235) to work on /home/lowenhard/acceleration/env/lib/python3.8/site-packages/airflow/example_dags/tutorial_taskflow_api_etl.py
[2022-03-31 13:28:17,091] {processor.py:642} INFO - Processing file /home/lowenhard/acceleration/env/lib/python3.8/site-packages/airflow/example_dags/tutorial_taskflow_api_etl.py for tasks to queue
[2022-03-31 13:28:17,092] {logging_mixin.py:109} INFO - [2022-03-31 13:28:17,091] {dagbag.py:500} INFO - Filling up the DagBag from /home/lowenhard/acceleration/env/lib/python3.8/site-packages/airflow/example_dags/tutorial_taskflow_api_etl.py
[2022-03-31 13:28:17,125] {processor.py:654} INFO - DAG(s) dict_keys(['tutorial_taskflow_api_etl']) retrieved from /home/lowenhard/acceleration/env/lib/python3.8/site-packages/airflow/example_dags/tutorial_taskflow_api_etl.py
[2022-03-31 13:28:17,386] {logging_mixin.py:109} INFO - [2022-03-31 13:28:17,386] {dag.py:2398} INFO - Sync 1 DAGs
[2022-03-31 13:28:17,396] {logging_mixin.py:109} INFO - [2022-03-31 13:28:17,396] {dag.py:2937} INFO - Setting next_dagrun for tutorial_taskflow_api_etl to None
[2022-03-31 13:28:17,542] {processor.py:171} INFO - Processing /home/lowenhard/acceleration/env/lib/python3.8/site-packages/airflow/example_dags/tutorial_taskflow_api_etl.py took 0.455 seconds
[2022-03-31 13:29:11,437] {processor.py:163} INFO - Started process (PID=1291) to work on /home/lowenhard/acceleration/env/lib/python3.8/site-packages/airflow/example_dags/tutorial_taskflow_api_etl.py
[2022-03-31 13:29:11,440] {processor.py:642} INFO - Processing file /home/lowenhard/acceleration/env/lib/python3.8/site-packages/airflow/example_dags/tutorial_taskflow_api_etl.py for tasks to queue
[2022-03-31 13:29:11,440] {logging_mixin.py:109} INFO - [2022-03-31 13:29:11,440] {dagbag.py:500} INFO - Filling up the DagBag from /home/lowenhard/acceleration/env/lib/python3.8/site-packages/airflow/example_dags/tutorial_taskflow_api_etl.py
[2022-03-31 13:29:11,462] {processor.py:654} INFO - DAG(s) dict_keys(['tutorial_taskflow_api_etl']) retrieved from /home/lowenhard/acceleration/env/lib/python3.8/site-packages/airflow/example_dags/tutorial_taskflow_api_etl.py
[2022-03-31 13:29:11,737] {logging_mixin.py:109} INFO - [2022-03-31 13:29:11,736] {dag.py:2398} INFO - Sync 1 DAGs
[2022-03-31 13:29:11,748] {logging_mixin.py:109} INFO - [2022-03-31 13:29:11,747] {dag.py:2937} INFO - Setting next_dagrun for tutorial_taskflow_api_etl to None
[2022-03-31 13:29:12,477] {processor.py:171} INFO - Processing /home/lowenhard/acceleration/env/lib/python3.8/site-packages/airflow/example_dags/tutorial_taskflow_api_etl.py took 1.043 seconds
[2022-03-31 13:30:13,426] {processor.py:163} INFO - Started process (PID=1348) to work on /home/lowenhard/acceleration/env/lib/python3.8/site-packages/airflow/example_dags/tutorial_taskflow_api_etl.py
[2022-03-31 13:30:13,429] {processor.py:642} INFO - Processing file /home/lowenhard/acceleration/env/lib/python3.8/site-packages/airflow/example_dags/tutorial_taskflow_api_etl.py for tasks to queue
[2022-03-31 13:30:13,430] {logging_mixin.py:109} INFO - [2022-03-31 13:30:13,430] {dagbag.py:500} INFO - Filling up the DagBag from /home/lowenhard/acceleration/env/lib/python3.8/site-packages/airflow/example_dags/tutorial_taskflow_api_etl.py
[2022-03-31 13:30:13,452] {processor.py:654} INFO - DAG(s) dict_keys(['tutorial_taskflow_api_etl']) retrieved from /home/lowenhard/acceleration/env/lib/python3.8/site-packages/airflow/example_dags/tutorial_taskflow_api_etl.py
[2022-03-31 13:30:13,707] {logging_mixin.py:109} INFO - [2022-03-31 13:30:13,707] {dag.py:2398} INFO - Sync 1 DAGs
[2022-03-31 13:30:13,715] {logging_mixin.py:109} INFO - [2022-03-31 13:30:13,715] {dag.py:2937} INFO - Setting next_dagrun for tutorial_taskflow_api_etl to None
[2022-03-31 13:30:13,861] {processor.py:171} INFO - Processing /home/lowenhard/acceleration/env/lib/python3.8/site-packages/airflow/example_dags/tutorial_taskflow_api_etl.py took 0.438 seconds
[2022-03-31 13:31:16,308] {processor.py:163} INFO - Started process (PID=1406) to work on /home/lowenhard/acceleration/env/lib/python3.8/site-packages/airflow/example_dags/tutorial_taskflow_api_etl.py
[2022-03-31 13:31:16,312] {processor.py:642} INFO - Processing file /home/lowenhard/acceleration/env/lib/python3.8/site-packages/airflow/example_dags/tutorial_taskflow_api_etl.py for tasks to queue
[2022-03-31 13:31:16,313] {logging_mixin.py:109} INFO - [2022-03-31 13:31:16,313] {dagbag.py:500} INFO - Filling up the DagBag from /home/lowenhard/acceleration/env/lib/python3.8/site-packages/airflow/example_dags/tutorial_taskflow_api_etl.py
[2022-03-31 13:31:16,336] {processor.py:654} INFO - DAG(s) dict_keys(['tutorial_taskflow_api_etl']) retrieved from /home/lowenhard/acceleration/env/lib/python3.8/site-packages/airflow/example_dags/tutorial_taskflow_api_etl.py
[2022-03-31 13:31:16,644] {logging_mixin.py:109} INFO - [2022-03-31 13:31:16,644] {dag.py:2398} INFO - Sync 1 DAGs
[2022-03-31 13:31:16,654] {logging_mixin.py:109} INFO - [2022-03-31 13:31:16,653] {dag.py:2937} INFO - Setting next_dagrun for tutorial_taskflow_api_etl to None
[2022-03-31 13:31:16,808] {processor.py:171} INFO - Processing /home/lowenhard/acceleration/env/lib/python3.8/site-packages/airflow/example_dags/tutorial_taskflow_api_etl.py took 0.503 seconds
[2022-03-31 13:32:11,234] {processor.py:163} INFO - Started process (PID=1464) to work on /home/lowenhard/acceleration/env/lib/python3.8/site-packages/airflow/example_dags/tutorial_taskflow_api_etl.py
[2022-03-31 13:32:11,246] {processor.py:642} INFO - Processing file /home/lowenhard/acceleration/env/lib/python3.8/site-packages/airflow/example_dags/tutorial_taskflow_api_etl.py for tasks to queue
[2022-03-31 13:32:11,247] {logging_mixin.py:109} INFO - [2022-03-31 13:32:11,247] {dagbag.py:500} INFO - Filling up the DagBag from /home/lowenhard/acceleration/env/lib/python3.8/site-packages/airflow/example_dags/tutorial_taskflow_api_etl.py
[2022-03-31 13:32:11,274] {processor.py:654} INFO - DAG(s) dict_keys(['tutorial_taskflow_api_etl']) retrieved from /home/lowenhard/acceleration/env/lib/python3.8/site-packages/airflow/example_dags/tutorial_taskflow_api_etl.py
[2022-03-31 13:32:11,522] {logging_mixin.py:109} INFO - [2022-03-31 13:32:11,522] {dag.py:2398} INFO - Sync 1 DAGs
[2022-03-31 13:32:11,533] {logging_mixin.py:109} INFO - [2022-03-31 13:32:11,533] {dag.py:2937} INFO - Setting next_dagrun for tutorial_taskflow_api_etl to None
[2022-03-31 13:32:12,427] {processor.py:171} INFO - Processing /home/lowenhard/acceleration/env/lib/python3.8/site-packages/airflow/example_dags/tutorial_taskflow_api_etl.py took 1.195 seconds
[2022-03-31 13:33:10,427] {processor.py:163} INFO - Started process (PID=1536) to work on /home/lowenhard/acceleration/env/lib/python3.8/site-packages/airflow/example_dags/tutorial_taskflow_api_etl.py
[2022-03-31 13:33:10,436] {processor.py:642} INFO - Processing file /home/lowenhard/acceleration/env/lib/python3.8/site-packages/airflow/example_dags/tutorial_taskflow_api_etl.py for tasks to queue
[2022-03-31 13:33:10,436] {logging_mixin.py:109} INFO - [2022-03-31 13:33:10,436] {dagbag.py:500} INFO - Filling up the DagBag from /home/lowenhard/acceleration/env/lib/python3.8/site-packages/airflow/example_dags/tutorial_taskflow_api_etl.py
[2022-03-31 13:33:10,464] {processor.py:654} INFO - DAG(s) dict_keys(['tutorial_taskflow_api_etl']) retrieved from /home/lowenhard/acceleration/env/lib/python3.8/site-packages/airflow/example_dags/tutorial_taskflow_api_etl.py
[2022-03-31 13:33:10,744] {logging_mixin.py:109} INFO - [2022-03-31 13:33:10,744] {dag.py:2398} INFO - Sync 1 DAGs
[2022-03-31 13:33:10,754] {logging_mixin.py:109} INFO - [2022-03-31 13:33:10,754] {dag.py:2937} INFO - Setting next_dagrun for tutorial_taskflow_api_etl to None
[2022-03-31 13:33:10,899] {processor.py:171} INFO - Processing /home/lowenhard/acceleration/env/lib/python3.8/site-packages/airflow/example_dags/tutorial_taskflow_api_etl.py took 0.474 seconds
[2022-03-31 13:34:28,312] {processor.py:163} INFO - Started process (PID=1604) to work on /home/lowenhard/acceleration/env/lib/python3.8/site-packages/airflow/example_dags/tutorial_taskflow_api_etl.py
[2022-03-31 13:34:28,381] {processor.py:642} INFO - Processing file /home/lowenhard/acceleration/env/lib/python3.8/site-packages/airflow/example_dags/tutorial_taskflow_api_etl.py for tasks to queue
[2022-03-31 13:34:28,382] {logging_mixin.py:109} INFO - [2022-03-31 13:34:28,382] {dagbag.py:500} INFO - Filling up the DagBag from /home/lowenhard/acceleration/env/lib/python3.8/site-packages/airflow/example_dags/tutorial_taskflow_api_etl.py
[2022-03-31 13:34:28,404] {processor.py:654} INFO - DAG(s) dict_keys(['tutorial_taskflow_api_etl']) retrieved from /home/lowenhard/acceleration/env/lib/python3.8/site-packages/airflow/example_dags/tutorial_taskflow_api_etl.py
[2022-03-31 13:34:28,651] {logging_mixin.py:109} INFO - [2022-03-31 13:34:28,651] {dag.py:2398} INFO - Sync 1 DAGs
[2022-03-31 13:34:28,661] {logging_mixin.py:109} INFO - [2022-03-31 13:34:28,661] {dag.py:2937} INFO - Setting next_dagrun for tutorial_taskflow_api_etl to None
[2022-03-31 13:34:29,665] {processor.py:171} INFO - Processing /home/lowenhard/acceleration/env/lib/python3.8/site-packages/airflow/example_dags/tutorial_taskflow_api_etl.py took 1.356 seconds
[2022-03-31 13:36:33,148] {processor.py:163} INFO - Started process (PID=1719) to work on /home/lowenhard/acceleration/env/lib/python3.8/site-packages/airflow/example_dags/tutorial_taskflow_api_etl.py
[2022-03-31 13:36:34,002] {processor.py:642} INFO - Processing file /home/lowenhard/acceleration/env/lib/python3.8/site-packages/airflow/example_dags/tutorial_taskflow_api_etl.py for tasks to queue
[2022-03-31 13:36:34,003] {logging_mixin.py:109} INFO - [2022-03-31 13:36:34,003] {dagbag.py:500} INFO - Filling up the DagBag from /home/lowenhard/acceleration/env/lib/python3.8/site-packages/airflow/example_dags/tutorial_taskflow_api_etl.py
[2022-03-31 13:36:34,261] {processor.py:654} INFO - DAG(s) dict_keys(['tutorial_taskflow_api_etl']) retrieved from /home/lowenhard/acceleration/env/lib/python3.8/site-packages/airflow/example_dags/tutorial_taskflow_api_etl.py
[2022-03-31 13:36:34,508] {logging_mixin.py:109} INFO - [2022-03-31 13:36:34,508] {dag.py:2398} INFO - Sync 1 DAGs
[2022-03-31 13:36:34,517] {logging_mixin.py:109} INFO - [2022-03-31 13:36:34,517] {dag.py:2937} INFO - Setting next_dagrun for tutorial_taskflow_api_etl to None
[2022-03-31 13:36:34,655] {processor.py:171} INFO - Processing /home/lowenhard/acceleration/env/lib/python3.8/site-packages/airflow/example_dags/tutorial_taskflow_api_etl.py took 1.510 seconds
[2022-03-31 13:37:37,284] {processor.py:163} INFO - Started process (PID=1790) to work on /home/lowenhard/acceleration/env/lib/python3.8/site-packages/airflow/example_dags/tutorial_taskflow_api_etl.py
[2022-03-31 13:37:37,297] {processor.py:642} INFO - Processing file /home/lowenhard/acceleration/env/lib/python3.8/site-packages/airflow/example_dags/tutorial_taskflow_api_etl.py for tasks to queue
[2022-03-31 13:37:37,297] {logging_mixin.py:109} INFO - [2022-03-31 13:37:37,297] {dagbag.py:500} INFO - Filling up the DagBag from /home/lowenhard/acceleration/env/lib/python3.8/site-packages/airflow/example_dags/tutorial_taskflow_api_etl.py
[2022-03-31 13:37:37,329] {processor.py:654} INFO - DAG(s) dict_keys(['tutorial_taskflow_api_etl']) retrieved from /home/lowenhard/acceleration/env/lib/python3.8/site-packages/airflow/example_dags/tutorial_taskflow_api_etl.py
[2022-03-31 13:37:37,577] {logging_mixin.py:109} INFO - [2022-03-31 13:37:37,576] {dag.py:2398} INFO - Sync 1 DAGs
[2022-03-31 13:37:37,587] {logging_mixin.py:109} INFO - [2022-03-31 13:37:37,587] {dag.py:2937} INFO - Setting next_dagrun for tutorial_taskflow_api_etl to None
[2022-03-31 13:37:37,729] {processor.py:171} INFO - Processing /home/lowenhard/acceleration/env/lib/python3.8/site-packages/airflow/example_dags/tutorial_taskflow_api_etl.py took 0.448 seconds
[2022-03-31 13:38:25,787] {processor.py:163} INFO - Started process (PID=1847) to work on /home/lowenhard/acceleration/env/lib/python3.8/site-packages/airflow/example_dags/tutorial_taskflow_api_etl.py
[2022-03-31 13:38:25,795] {processor.py:642} INFO - Processing file /home/lowenhard/acceleration/env/lib/python3.8/site-packages/airflow/example_dags/tutorial_taskflow_api_etl.py for tasks to queue
[2022-03-31 13:38:25,795] {logging_mixin.py:109} INFO - [2022-03-31 13:38:25,795] {dagbag.py:500} INFO - Filling up the DagBag from /home/lowenhard/acceleration/env/lib/python3.8/site-packages/airflow/example_dags/tutorial_taskflow_api_etl.py
[2022-03-31 13:38:25,819] {processor.py:654} INFO - DAG(s) dict_keys(['tutorial_taskflow_api_etl']) retrieved from /home/lowenhard/acceleration/env/lib/python3.8/site-packages/airflow/example_dags/tutorial_taskflow_api_etl.py
[2022-03-31 13:38:26,054] {logging_mixin.py:109} INFO - [2022-03-31 13:38:26,053] {dag.py:2398} INFO - Sync 1 DAGs
[2022-03-31 13:38:26,064] {logging_mixin.py:109} INFO - [2022-03-31 13:38:26,064] {dag.py:2937} INFO - Setting next_dagrun for tutorial_taskflow_api_etl to None
[2022-03-31 13:38:26,281] {processor.py:171} INFO - Processing /home/lowenhard/acceleration/env/lib/python3.8/site-packages/airflow/example_dags/tutorial_taskflow_api_etl.py took 0.496 seconds
