[2022-03-22 05:35:06,343] {processor.py:163} INFO - Started process (PID=177) to work on /home/lowenhard/acceleration/env/lib/python3.8/site-packages/airflow/example_dags/subdags/subdag.py
[2022-03-22 05:35:06,344] {processor.py:642} INFO - Processing file /home/lowenhard/acceleration/env/lib/python3.8/site-packages/airflow/example_dags/subdags/subdag.py for tasks to queue
[2022-03-22 05:35:06,345] {logging_mixin.py:109} INFO - [2022-03-22 05:35:06,345] {dagbag.py:500} INFO - Filling up the DagBag from /home/lowenhard/acceleration/env/lib/python3.8/site-packages/airflow/example_dags/subdags/subdag.py
[2022-03-22 05:35:06,364] {processor.py:656} WARNING - No viable dags retrieved from /home/lowenhard/acceleration/env/lib/python3.8/site-packages/airflow/example_dags/subdags/subdag.py
[2022-03-22 05:35:06,367] {processor.py:171} INFO - Processing /home/lowenhard/acceleration/env/lib/python3.8/site-packages/airflow/example_dags/subdags/subdag.py took 0.027 seconds
[2022-03-22 05:36:06,392] {processor.py:163} INFO - Started process (PID=216) to work on /home/lowenhard/acceleration/env/lib/python3.8/site-packages/airflow/example_dags/subdags/subdag.py
[2022-03-22 05:36:06,430] {processor.py:642} INFO - Processing file /home/lowenhard/acceleration/env/lib/python3.8/site-packages/airflow/example_dags/subdags/subdag.py for tasks to queue
[2022-03-22 05:36:06,430] {logging_mixin.py:109} INFO - [2022-03-22 05:36:06,430] {dagbag.py:500} INFO - Filling up the DagBag from /home/lowenhard/acceleration/env/lib/python3.8/site-packages/airflow/example_dags/subdags/subdag.py
[2022-03-22 05:36:06,441] {processor.py:656} WARNING - No viable dags retrieved from /home/lowenhard/acceleration/env/lib/python3.8/site-packages/airflow/example_dags/subdags/subdag.py
[2022-03-22 05:36:06,442] {processor.py:171} INFO - Processing /home/lowenhard/acceleration/env/lib/python3.8/site-packages/airflow/example_dags/subdags/subdag.py took 0.053 seconds
[2022-03-22 05:37:16,982] {processor.py:163} INFO - Started process (PID=259) to work on /home/lowenhard/acceleration/env/lib/python3.8/site-packages/airflow/example_dags/subdags/subdag.py
[2022-03-22 05:37:17,005] {processor.py:642} INFO - Processing file /home/lowenhard/acceleration/env/lib/python3.8/site-packages/airflow/example_dags/subdags/subdag.py for tasks to queue
[2022-03-22 05:37:17,006] {logging_mixin.py:109} INFO - [2022-03-22 05:37:17,006] {dagbag.py:500} INFO - Filling up the DagBag from /home/lowenhard/acceleration/env/lib/python3.8/site-packages/airflow/example_dags/subdags/subdag.py
[2022-03-22 05:37:17,036] {processor.py:656} WARNING - No viable dags retrieved from /home/lowenhard/acceleration/env/lib/python3.8/site-packages/airflow/example_dags/subdags/subdag.py
[2022-03-22 05:37:17,039] {processor.py:171} INFO - Processing /home/lowenhard/acceleration/env/lib/python3.8/site-packages/airflow/example_dags/subdags/subdag.py took 0.061 seconds
[2022-03-22 05:38:15,740] {processor.py:163} INFO - Started process (PID=293) to work on /home/lowenhard/acceleration/env/lib/python3.8/site-packages/airflow/example_dags/subdags/subdag.py
[2022-03-22 05:38:15,751] {processor.py:642} INFO - Processing file /home/lowenhard/acceleration/env/lib/python3.8/site-packages/airflow/example_dags/subdags/subdag.py for tasks to queue
[2022-03-22 05:38:15,752] {logging_mixin.py:109} INFO - [2022-03-22 05:38:15,752] {dagbag.py:500} INFO - Filling up the DagBag from /home/lowenhard/acceleration/env/lib/python3.8/site-packages/airflow/example_dags/subdags/subdag.py
[2022-03-22 05:38:15,763] {processor.py:656} WARNING - No viable dags retrieved from /home/lowenhard/acceleration/env/lib/python3.8/site-packages/airflow/example_dags/subdags/subdag.py
[2022-03-22 05:38:15,765] {processor.py:171} INFO - Processing /home/lowenhard/acceleration/env/lib/python3.8/site-packages/airflow/example_dags/subdags/subdag.py took 0.028 seconds
[2022-03-22 05:39:25,054] {processor.py:163} INFO - Started process (PID=329) to work on /home/lowenhard/acceleration/env/lib/python3.8/site-packages/airflow/example_dags/subdags/subdag.py
[2022-03-22 05:39:25,077] {processor.py:642} INFO - Processing file /home/lowenhard/acceleration/env/lib/python3.8/site-packages/airflow/example_dags/subdags/subdag.py for tasks to queue
[2022-03-22 05:39:25,078] {logging_mixin.py:109} INFO - [2022-03-22 05:39:25,078] {dagbag.py:500} INFO - Filling up the DagBag from /home/lowenhard/acceleration/env/lib/python3.8/site-packages/airflow/example_dags/subdags/subdag.py
[2022-03-22 05:39:25,088] {processor.py:656} WARNING - No viable dags retrieved from /home/lowenhard/acceleration/env/lib/python3.8/site-packages/airflow/example_dags/subdags/subdag.py
[2022-03-22 05:39:25,090] {processor.py:171} INFO - Processing /home/lowenhard/acceleration/env/lib/python3.8/site-packages/airflow/example_dags/subdags/subdag.py took 0.038 seconds
[2022-03-22 05:40:24,808] {processor.py:163} INFO - Started process (PID=362) to work on /home/lowenhard/acceleration/env/lib/python3.8/site-packages/airflow/example_dags/subdags/subdag.py
[2022-03-22 05:40:24,840] {processor.py:642} INFO - Processing file /home/lowenhard/acceleration/env/lib/python3.8/site-packages/airflow/example_dags/subdags/subdag.py for tasks to queue
[2022-03-22 05:40:24,841] {logging_mixin.py:109} INFO - [2022-03-22 05:40:24,841] {dagbag.py:500} INFO - Filling up the DagBag from /home/lowenhard/acceleration/env/lib/python3.8/site-packages/airflow/example_dags/subdags/subdag.py
[2022-03-22 05:40:24,859] {processor.py:656} WARNING - No viable dags retrieved from /home/lowenhard/acceleration/env/lib/python3.8/site-packages/airflow/example_dags/subdags/subdag.py
[2022-03-22 05:40:24,863] {processor.py:171} INFO - Processing /home/lowenhard/acceleration/env/lib/python3.8/site-packages/airflow/example_dags/subdags/subdag.py took 0.062 seconds
[2022-03-22 05:41:43,149] {processor.py:163} INFO - Started process (PID=408) to work on /home/lowenhard/acceleration/env/lib/python3.8/site-packages/airflow/example_dags/subdags/subdag.py
[2022-03-22 05:41:43,166] {processor.py:642} INFO - Processing file /home/lowenhard/acceleration/env/lib/python3.8/site-packages/airflow/example_dags/subdags/subdag.py for tasks to queue
[2022-03-22 05:41:43,167] {logging_mixin.py:109} INFO - [2022-03-22 05:41:43,167] {dagbag.py:500} INFO - Filling up the DagBag from /home/lowenhard/acceleration/env/lib/python3.8/site-packages/airflow/example_dags/subdags/subdag.py
[2022-03-22 05:41:43,182] {processor.py:656} WARNING - No viable dags retrieved from /home/lowenhard/acceleration/env/lib/python3.8/site-packages/airflow/example_dags/subdags/subdag.py
[2022-03-22 05:41:43,186] {processor.py:171} INFO - Processing /home/lowenhard/acceleration/env/lib/python3.8/site-packages/airflow/example_dags/subdags/subdag.py took 0.040 seconds
[2022-03-22 05:42:41,452] {processor.py:163} INFO - Started process (PID=443) to work on /home/lowenhard/acceleration/env/lib/python3.8/site-packages/airflow/example_dags/subdags/subdag.py
[2022-03-22 05:42:41,480] {processor.py:642} INFO - Processing file /home/lowenhard/acceleration/env/lib/python3.8/site-packages/airflow/example_dags/subdags/subdag.py for tasks to queue
[2022-03-22 05:42:41,480] {logging_mixin.py:109} INFO - [2022-03-22 05:42:41,480] {dagbag.py:500} INFO - Filling up the DagBag from /home/lowenhard/acceleration/env/lib/python3.8/site-packages/airflow/example_dags/subdags/subdag.py
[2022-03-22 05:42:41,498] {processor.py:656} WARNING - No viable dags retrieved from /home/lowenhard/acceleration/env/lib/python3.8/site-packages/airflow/example_dags/subdags/subdag.py
[2022-03-22 05:42:41,501] {processor.py:171} INFO - Processing /home/lowenhard/acceleration/env/lib/python3.8/site-packages/airflow/example_dags/subdags/subdag.py took 0.053 seconds
[2022-03-22 05:43:52,918] {processor.py:163} INFO - Started process (PID=486) to work on /home/lowenhard/acceleration/env/lib/python3.8/site-packages/airflow/example_dags/subdags/subdag.py
[2022-03-22 05:43:52,964] {processor.py:642} INFO - Processing file /home/lowenhard/acceleration/env/lib/python3.8/site-packages/airflow/example_dags/subdags/subdag.py for tasks to queue
[2022-03-22 05:43:52,965] {logging_mixin.py:109} INFO - [2022-03-22 05:43:52,965] {dagbag.py:500} INFO - Filling up the DagBag from /home/lowenhard/acceleration/env/lib/python3.8/site-packages/airflow/example_dags/subdags/subdag.py
[2022-03-22 05:43:52,984] {processor.py:656} WARNING - No viable dags retrieved from /home/lowenhard/acceleration/env/lib/python3.8/site-packages/airflow/example_dags/subdags/subdag.py
[2022-03-22 05:43:52,986] {processor.py:171} INFO - Processing /home/lowenhard/acceleration/env/lib/python3.8/site-packages/airflow/example_dags/subdags/subdag.py took 0.072 seconds
[2022-03-22 05:45:04,737] {processor.py:163} INFO - Started process (PID=530) to work on /home/lowenhard/acceleration/env/lib/python3.8/site-packages/airflow/example_dags/subdags/subdag.py
[2022-03-22 05:45:04,769] {processor.py:642} INFO - Processing file /home/lowenhard/acceleration/env/lib/python3.8/site-packages/airflow/example_dags/subdags/subdag.py for tasks to queue
[2022-03-22 05:45:04,769] {logging_mixin.py:109} INFO - [2022-03-22 05:45:04,769] {dagbag.py:500} INFO - Filling up the DagBag from /home/lowenhard/acceleration/env/lib/python3.8/site-packages/airflow/example_dags/subdags/subdag.py
[2022-03-22 05:45:04,778] {processor.py:656} WARNING - No viable dags retrieved from /home/lowenhard/acceleration/env/lib/python3.8/site-packages/airflow/example_dags/subdags/subdag.py
[2022-03-22 05:45:04,780] {processor.py:171} INFO - Processing /home/lowenhard/acceleration/env/lib/python3.8/site-packages/airflow/example_dags/subdags/subdag.py took 0.046 seconds
[2022-03-22 05:46:06,558] {processor.py:163} INFO - Started process (PID=571) to work on /home/lowenhard/acceleration/env/lib/python3.8/site-packages/airflow/example_dags/subdags/subdag.py
[2022-03-22 05:46:06,793] {processor.py:642} INFO - Processing file /home/lowenhard/acceleration/env/lib/python3.8/site-packages/airflow/example_dags/subdags/subdag.py for tasks to queue
[2022-03-22 05:46:06,794] {logging_mixin.py:109} INFO - [2022-03-22 05:46:06,794] {dagbag.py:500} INFO - Filling up the DagBag from /home/lowenhard/acceleration/env/lib/python3.8/site-packages/airflow/example_dags/subdags/subdag.py
[2022-03-22 05:46:06,814] {processor.py:656} WARNING - No viable dags retrieved from /home/lowenhard/acceleration/env/lib/python3.8/site-packages/airflow/example_dags/subdags/subdag.py
[2022-03-22 05:46:06,817] {processor.py:171} INFO - Processing /home/lowenhard/acceleration/env/lib/python3.8/site-packages/airflow/example_dags/subdags/subdag.py took 0.262 seconds
[2022-03-22 05:47:11,937] {processor.py:163} INFO - Started process (PID=738) to work on /home/lowenhard/acceleration/env/lib/python3.8/site-packages/airflow/example_dags/subdags/subdag.py
[2022-03-22 05:47:11,956] {processor.py:642} INFO - Processing file /home/lowenhard/acceleration/env/lib/python3.8/site-packages/airflow/example_dags/subdags/subdag.py for tasks to queue
[2022-03-22 05:47:11,957] {logging_mixin.py:109} INFO - [2022-03-22 05:47:11,956] {dagbag.py:500} INFO - Filling up the DagBag from /home/lowenhard/acceleration/env/lib/python3.8/site-packages/airflow/example_dags/subdags/subdag.py
[2022-03-22 05:47:11,966] {processor.py:656} WARNING - No viable dags retrieved from /home/lowenhard/acceleration/env/lib/python3.8/site-packages/airflow/example_dags/subdags/subdag.py
[2022-03-22 05:47:11,969] {processor.py:171} INFO - Processing /home/lowenhard/acceleration/env/lib/python3.8/site-packages/airflow/example_dags/subdags/subdag.py took 0.035 seconds
[2022-03-22 05:48:02,388] {processor.py:163} INFO - Started process (PID=782) to work on /home/lowenhard/acceleration/env/lib/python3.8/site-packages/airflow/example_dags/subdags/subdag.py
[2022-03-22 05:48:02,408] {processor.py:642} INFO - Processing file /home/lowenhard/acceleration/env/lib/python3.8/site-packages/airflow/example_dags/subdags/subdag.py for tasks to queue
[2022-03-22 05:48:02,409] {logging_mixin.py:109} INFO - [2022-03-22 05:48:02,409] {dagbag.py:500} INFO - Filling up the DagBag from /home/lowenhard/acceleration/env/lib/python3.8/site-packages/airflow/example_dags/subdags/subdag.py
[2022-03-22 05:48:02,420] {processor.py:656} WARNING - No viable dags retrieved from /home/lowenhard/acceleration/env/lib/python3.8/site-packages/airflow/example_dags/subdags/subdag.py
[2022-03-22 05:48:02,422] {processor.py:171} INFO - Processing /home/lowenhard/acceleration/env/lib/python3.8/site-packages/airflow/example_dags/subdags/subdag.py took 0.036 seconds
[2022-03-22 05:48:57,774] {processor.py:163} INFO - Started process (PID=820) to work on /home/lowenhard/acceleration/env/lib/python3.8/site-packages/airflow/example_dags/subdags/subdag.py
[2022-03-22 05:48:57,800] {processor.py:642} INFO - Processing file /home/lowenhard/acceleration/env/lib/python3.8/site-packages/airflow/example_dags/subdags/subdag.py for tasks to queue
[2022-03-22 05:48:57,801] {logging_mixin.py:109} INFO - [2022-03-22 05:48:57,801] {dagbag.py:500} INFO - Filling up the DagBag from /home/lowenhard/acceleration/env/lib/python3.8/site-packages/airflow/example_dags/subdags/subdag.py
[2022-03-22 05:48:57,818] {processor.py:656} WARNING - No viable dags retrieved from /home/lowenhard/acceleration/env/lib/python3.8/site-packages/airflow/example_dags/subdags/subdag.py
[2022-03-22 05:48:57,821] {processor.py:171} INFO - Processing /home/lowenhard/acceleration/env/lib/python3.8/site-packages/airflow/example_dags/subdags/subdag.py took 0.049 seconds
[2022-03-22 05:49:56,258] {processor.py:163} INFO - Started process (PID=858) to work on /home/lowenhard/acceleration/env/lib/python3.8/site-packages/airflow/example_dags/subdags/subdag.py
[2022-03-22 05:49:56,288] {processor.py:642} INFO - Processing file /home/lowenhard/acceleration/env/lib/python3.8/site-packages/airflow/example_dags/subdags/subdag.py for tasks to queue
[2022-03-22 05:49:56,289] {logging_mixin.py:109} INFO - [2022-03-22 05:49:56,289] {dagbag.py:500} INFO - Filling up the DagBag from /home/lowenhard/acceleration/env/lib/python3.8/site-packages/airflow/example_dags/subdags/subdag.py
[2022-03-22 05:49:56,298] {processor.py:656} WARNING - No viable dags retrieved from /home/lowenhard/acceleration/env/lib/python3.8/site-packages/airflow/example_dags/subdags/subdag.py
[2022-03-22 05:49:56,301] {processor.py:171} INFO - Processing /home/lowenhard/acceleration/env/lib/python3.8/site-packages/airflow/example_dags/subdags/subdag.py took 0.046 seconds
[2022-03-22 05:50:56,610] {processor.py:163} INFO - Started process (PID=899) to work on /home/lowenhard/acceleration/env/lib/python3.8/site-packages/airflow/example_dags/subdags/subdag.py
[2022-03-22 05:50:57,154] {processor.py:642} INFO - Processing file /home/lowenhard/acceleration/env/lib/python3.8/site-packages/airflow/example_dags/subdags/subdag.py for tasks to queue
[2022-03-22 05:50:57,154] {logging_mixin.py:109} INFO - [2022-03-22 05:50:57,154] {dagbag.py:500} INFO - Filling up the DagBag from /home/lowenhard/acceleration/env/lib/python3.8/site-packages/airflow/example_dags/subdags/subdag.py
[2022-03-22 05:50:57,164] {processor.py:656} WARNING - No viable dags retrieved from /home/lowenhard/acceleration/env/lib/python3.8/site-packages/airflow/example_dags/subdags/subdag.py
[2022-03-22 05:50:57,166] {processor.py:171} INFO - Processing /home/lowenhard/acceleration/env/lib/python3.8/site-packages/airflow/example_dags/subdags/subdag.py took 0.558 seconds
[2022-03-22 05:52:13,405] {processor.py:163} INFO - Started process (PID=941) to work on /home/lowenhard/acceleration/env/lib/python3.8/site-packages/airflow/example_dags/subdags/subdag.py
[2022-03-22 05:52:13,428] {processor.py:642} INFO - Processing file /home/lowenhard/acceleration/env/lib/python3.8/site-packages/airflow/example_dags/subdags/subdag.py for tasks to queue
[2022-03-22 05:52:13,429] {logging_mixin.py:109} INFO - [2022-03-22 05:52:13,429] {dagbag.py:500} INFO - Filling up the DagBag from /home/lowenhard/acceleration/env/lib/python3.8/site-packages/airflow/example_dags/subdags/subdag.py
[2022-03-22 05:52:13,464] {processor.py:656} WARNING - No viable dags retrieved from /home/lowenhard/acceleration/env/lib/python3.8/site-packages/airflow/example_dags/subdags/subdag.py
[2022-03-22 05:52:13,476] {processor.py:171} INFO - Processing /home/lowenhard/acceleration/env/lib/python3.8/site-packages/airflow/example_dags/subdags/subdag.py took 0.074 seconds
[2022-03-22 05:53:22,932] {processor.py:163} INFO - Started process (PID=986) to work on /home/lowenhard/acceleration/env/lib/python3.8/site-packages/airflow/example_dags/subdags/subdag.py
[2022-03-22 05:53:22,935] {processor.py:642} INFO - Processing file /home/lowenhard/acceleration/env/lib/python3.8/site-packages/airflow/example_dags/subdags/subdag.py for tasks to queue
[2022-03-22 05:53:22,935] {logging_mixin.py:109} INFO - [2022-03-22 05:53:22,935] {dagbag.py:500} INFO - Filling up the DagBag from /home/lowenhard/acceleration/env/lib/python3.8/site-packages/airflow/example_dags/subdags/subdag.py
[2022-03-22 05:53:22,946] {processor.py:656} WARNING - No viable dags retrieved from /home/lowenhard/acceleration/env/lib/python3.8/site-packages/airflow/example_dags/subdags/subdag.py
[2022-03-22 05:53:22,948] {processor.py:171} INFO - Processing /home/lowenhard/acceleration/env/lib/python3.8/site-packages/airflow/example_dags/subdags/subdag.py took 0.018 seconds
[2022-03-22 05:55:01,685] {processor.py:163} INFO - Started process (PID=1027) to work on /home/lowenhard/acceleration/env/lib/python3.8/site-packages/airflow/example_dags/subdags/subdag.py
[2022-03-22 05:55:01,950] {processor.py:642} INFO - Processing file /home/lowenhard/acceleration/env/lib/python3.8/site-packages/airflow/example_dags/subdags/subdag.py for tasks to queue
[2022-03-22 05:55:01,950] {logging_mixin.py:109} INFO - [2022-03-22 05:55:01,950] {dagbag.py:500} INFO - Filling up the DagBag from /home/lowenhard/acceleration/env/lib/python3.8/site-packages/airflow/example_dags/subdags/subdag.py
[2022-03-22 05:55:01,959] {processor.py:656} WARNING - No viable dags retrieved from /home/lowenhard/acceleration/env/lib/python3.8/site-packages/airflow/example_dags/subdags/subdag.py
[2022-03-22 05:55:01,961] {processor.py:171} INFO - Processing /home/lowenhard/acceleration/env/lib/python3.8/site-packages/airflow/example_dags/subdags/subdag.py took 0.279 seconds
[2022-03-22 05:56:33,506] {processor.py:163} INFO - Started process (PID=1067) to work on /home/lowenhard/acceleration/env/lib/python3.8/site-packages/airflow/example_dags/subdags/subdag.py
[2022-03-22 05:56:33,808] {processor.py:642} INFO - Processing file /home/lowenhard/acceleration/env/lib/python3.8/site-packages/airflow/example_dags/subdags/subdag.py for tasks to queue
[2022-03-22 05:56:33,809] {logging_mixin.py:109} INFO - [2022-03-22 05:56:33,809] {dagbag.py:500} INFO - Filling up the DagBag from /home/lowenhard/acceleration/env/lib/python3.8/site-packages/airflow/example_dags/subdags/subdag.py
[2022-03-22 05:56:33,823] {processor.py:656} WARNING - No viable dags retrieved from /home/lowenhard/acceleration/env/lib/python3.8/site-packages/airflow/example_dags/subdags/subdag.py
[2022-03-22 05:56:33,826] {processor.py:171} INFO - Processing /home/lowenhard/acceleration/env/lib/python3.8/site-packages/airflow/example_dags/subdags/subdag.py took 0.323 seconds
[2022-03-22 05:57:51,650] {processor.py:163} INFO - Started process (PID=1106) to work on /home/lowenhard/acceleration/env/lib/python3.8/site-packages/airflow/example_dags/subdags/subdag.py
[2022-03-22 05:57:51,896] {processor.py:642} INFO - Processing file /home/lowenhard/acceleration/env/lib/python3.8/site-packages/airflow/example_dags/subdags/subdag.py for tasks to queue
[2022-03-22 05:57:51,897] {logging_mixin.py:109} INFO - [2022-03-22 05:57:51,897] {dagbag.py:500} INFO - Filling up the DagBag from /home/lowenhard/acceleration/env/lib/python3.8/site-packages/airflow/example_dags/subdags/subdag.py
[2022-03-22 05:57:51,907] {processor.py:656} WARNING - No viable dags retrieved from /home/lowenhard/acceleration/env/lib/python3.8/site-packages/airflow/example_dags/subdags/subdag.py
[2022-03-22 05:57:51,909] {processor.py:171} INFO - Processing /home/lowenhard/acceleration/env/lib/python3.8/site-packages/airflow/example_dags/subdags/subdag.py took 0.261 seconds
[2022-03-22 05:59:28,170] {processor.py:163} INFO - Started process (PID=1148) to work on /home/lowenhard/acceleration/env/lib/python3.8/site-packages/airflow/example_dags/subdags/subdag.py
[2022-03-22 05:59:28,179] {processor.py:642} INFO - Processing file /home/lowenhard/acceleration/env/lib/python3.8/site-packages/airflow/example_dags/subdags/subdag.py for tasks to queue
[2022-03-22 05:59:28,179] {logging_mixin.py:109} INFO - [2022-03-22 05:59:28,179] {dagbag.py:500} INFO - Filling up the DagBag from /home/lowenhard/acceleration/env/lib/python3.8/site-packages/airflow/example_dags/subdags/subdag.py
[2022-03-22 05:59:28,188] {processor.py:656} WARNING - No viable dags retrieved from /home/lowenhard/acceleration/env/lib/python3.8/site-packages/airflow/example_dags/subdags/subdag.py
[2022-03-22 05:59:28,190] {processor.py:171} INFO - Processing /home/lowenhard/acceleration/env/lib/python3.8/site-packages/airflow/example_dags/subdags/subdag.py took 0.022 seconds
[2022-03-22 06:00:50,764] {processor.py:163} INFO - Started process (PID=1186) to work on /home/lowenhard/acceleration/env/lib/python3.8/site-packages/airflow/example_dags/subdags/subdag.py
[2022-03-22 06:00:50,767] {processor.py:642} INFO - Processing file /home/lowenhard/acceleration/env/lib/python3.8/site-packages/airflow/example_dags/subdags/subdag.py for tasks to queue
[2022-03-22 06:00:50,767] {logging_mixin.py:109} INFO - [2022-03-22 06:00:50,767] {dagbag.py:500} INFO - Filling up the DagBag from /home/lowenhard/acceleration/env/lib/python3.8/site-packages/airflow/example_dags/subdags/subdag.py
[2022-03-22 06:00:50,776] {processor.py:656} WARNING - No viable dags retrieved from /home/lowenhard/acceleration/env/lib/python3.8/site-packages/airflow/example_dags/subdags/subdag.py
[2022-03-22 06:00:50,779] {processor.py:171} INFO - Processing /home/lowenhard/acceleration/env/lib/python3.8/site-packages/airflow/example_dags/subdags/subdag.py took 0.017 seconds
[2022-03-22 06:02:10,464] {processor.py:163} INFO - Started process (PID=1224) to work on /home/lowenhard/acceleration/env/lib/python3.8/site-packages/airflow/example_dags/subdags/subdag.py
[2022-03-22 06:02:10,480] {processor.py:642} INFO - Processing file /home/lowenhard/acceleration/env/lib/python3.8/site-packages/airflow/example_dags/subdags/subdag.py for tasks to queue
[2022-03-22 06:02:10,480] {logging_mixin.py:109} INFO - [2022-03-22 06:02:10,480] {dagbag.py:500} INFO - Filling up the DagBag from /home/lowenhard/acceleration/env/lib/python3.8/site-packages/airflow/example_dags/subdags/subdag.py
[2022-03-22 06:02:10,490] {processor.py:656} WARNING - No viable dags retrieved from /home/lowenhard/acceleration/env/lib/python3.8/site-packages/airflow/example_dags/subdags/subdag.py
[2022-03-22 06:02:10,492] {processor.py:171} INFO - Processing /home/lowenhard/acceleration/env/lib/python3.8/site-packages/airflow/example_dags/subdags/subdag.py took 0.030 seconds
[2022-03-22 06:03:35,169] {processor.py:163} INFO - Started process (PID=1262) to work on /home/lowenhard/acceleration/env/lib/python3.8/site-packages/airflow/example_dags/subdags/subdag.py
[2022-03-22 06:03:35,172] {processor.py:642} INFO - Processing file /home/lowenhard/acceleration/env/lib/python3.8/site-packages/airflow/example_dags/subdags/subdag.py for tasks to queue
[2022-03-22 06:03:35,173] {logging_mixin.py:109} INFO - [2022-03-22 06:03:35,173] {dagbag.py:500} INFO - Filling up the DagBag from /home/lowenhard/acceleration/env/lib/python3.8/site-packages/airflow/example_dags/subdags/subdag.py
[2022-03-22 06:03:35,181] {processor.py:656} WARNING - No viable dags retrieved from /home/lowenhard/acceleration/env/lib/python3.8/site-packages/airflow/example_dags/subdags/subdag.py
[2022-03-22 06:03:35,183] {processor.py:171} INFO - Processing /home/lowenhard/acceleration/env/lib/python3.8/site-packages/airflow/example_dags/subdags/subdag.py took 0.016 seconds
[2022-03-22 06:04:54,488] {processor.py:163} INFO - Started process (PID=1299) to work on /home/lowenhard/acceleration/env/lib/python3.8/site-packages/airflow/example_dags/subdags/subdag.py
[2022-03-22 06:04:54,500] {processor.py:642} INFO - Processing file /home/lowenhard/acceleration/env/lib/python3.8/site-packages/airflow/example_dags/subdags/subdag.py for tasks to queue
[2022-03-22 06:04:54,500] {logging_mixin.py:109} INFO - [2022-03-22 06:04:54,500] {dagbag.py:500} INFO - Filling up the DagBag from /home/lowenhard/acceleration/env/lib/python3.8/site-packages/airflow/example_dags/subdags/subdag.py
[2022-03-22 06:04:54,510] {processor.py:656} WARNING - No viable dags retrieved from /home/lowenhard/acceleration/env/lib/python3.8/site-packages/airflow/example_dags/subdags/subdag.py
[2022-03-22 06:04:54,512] {processor.py:171} INFO - Processing /home/lowenhard/acceleration/env/lib/python3.8/site-packages/airflow/example_dags/subdags/subdag.py took 0.027 seconds
[2022-03-22 06:06:05,026] {processor.py:163} INFO - Started process (PID=1335) to work on /home/lowenhard/acceleration/env/lib/python3.8/site-packages/airflow/example_dags/subdags/subdag.py
[2022-03-22 06:06:05,567] {processor.py:642} INFO - Processing file /home/lowenhard/acceleration/env/lib/python3.8/site-packages/airflow/example_dags/subdags/subdag.py for tasks to queue
[2022-03-22 06:06:05,568] {logging_mixin.py:109} INFO - [2022-03-22 06:06:05,568] {dagbag.py:500} INFO - Filling up the DagBag from /home/lowenhard/acceleration/env/lib/python3.8/site-packages/airflow/example_dags/subdags/subdag.py
[2022-03-22 06:06:05,579] {processor.py:656} WARNING - No viable dags retrieved from /home/lowenhard/acceleration/env/lib/python3.8/site-packages/airflow/example_dags/subdags/subdag.py
[2022-03-22 06:06:05,581] {processor.py:171} INFO - Processing /home/lowenhard/acceleration/env/lib/python3.8/site-packages/airflow/example_dags/subdags/subdag.py took 0.557 seconds
[2022-03-22 06:07:26,216] {processor.py:163} INFO - Started process (PID=1374) to work on /home/lowenhard/acceleration/env/lib/python3.8/site-packages/airflow/example_dags/subdags/subdag.py
[2022-03-22 06:07:26,228] {processor.py:642} INFO - Processing file /home/lowenhard/acceleration/env/lib/python3.8/site-packages/airflow/example_dags/subdags/subdag.py for tasks to queue
[2022-03-22 06:07:26,229] {logging_mixin.py:109} INFO - [2022-03-22 06:07:26,229] {dagbag.py:500} INFO - Filling up the DagBag from /home/lowenhard/acceleration/env/lib/python3.8/site-packages/airflow/example_dags/subdags/subdag.py
[2022-03-22 06:07:26,239] {processor.py:656} WARNING - No viable dags retrieved from /home/lowenhard/acceleration/env/lib/python3.8/site-packages/airflow/example_dags/subdags/subdag.py
[2022-03-22 06:07:26,241] {processor.py:171} INFO - Processing /home/lowenhard/acceleration/env/lib/python3.8/site-packages/airflow/example_dags/subdags/subdag.py took 0.028 seconds
[2022-03-22 06:08:44,813] {processor.py:163} INFO - Started process (PID=1411) to work on /home/lowenhard/acceleration/env/lib/python3.8/site-packages/airflow/example_dags/subdags/subdag.py
[2022-03-22 06:08:45,206] {processor.py:642} INFO - Processing file /home/lowenhard/acceleration/env/lib/python3.8/site-packages/airflow/example_dags/subdags/subdag.py for tasks to queue
[2022-03-22 06:08:45,207] {logging_mixin.py:109} INFO - [2022-03-22 06:08:45,207] {dagbag.py:500} INFO - Filling up the DagBag from /home/lowenhard/acceleration/env/lib/python3.8/site-packages/airflow/example_dags/subdags/subdag.py
[2022-03-22 06:08:45,217] {processor.py:656} WARNING - No viable dags retrieved from /home/lowenhard/acceleration/env/lib/python3.8/site-packages/airflow/example_dags/subdags/subdag.py
[2022-03-22 06:08:45,219] {processor.py:171} INFO - Processing /home/lowenhard/acceleration/env/lib/python3.8/site-packages/airflow/example_dags/subdags/subdag.py took 0.410 seconds
[2022-03-22 06:09:54,930] {processor.py:163} INFO - Started process (PID=1451) to work on /home/lowenhard/acceleration/env/lib/python3.8/site-packages/airflow/example_dags/subdags/subdag.py
[2022-03-22 06:09:54,962] {processor.py:642} INFO - Processing file /home/lowenhard/acceleration/env/lib/python3.8/site-packages/airflow/example_dags/subdags/subdag.py for tasks to queue
[2022-03-22 06:09:54,962] {logging_mixin.py:109} INFO - [2022-03-22 06:09:54,962] {dagbag.py:500} INFO - Filling up the DagBag from /home/lowenhard/acceleration/env/lib/python3.8/site-packages/airflow/example_dags/subdags/subdag.py
[2022-03-22 06:09:54,971] {processor.py:656} WARNING - No viable dags retrieved from /home/lowenhard/acceleration/env/lib/python3.8/site-packages/airflow/example_dags/subdags/subdag.py
[2022-03-22 06:09:54,973] {processor.py:171} INFO - Processing /home/lowenhard/acceleration/env/lib/python3.8/site-packages/airflow/example_dags/subdags/subdag.py took 0.045 seconds
[2022-03-22 06:11:10,696] {processor.py:163} INFO - Started process (PID=1486) to work on /home/lowenhard/acceleration/env/lib/python3.8/site-packages/airflow/example_dags/subdags/subdag.py
[2022-03-22 06:11:10,787] {processor.py:642} INFO - Processing file /home/lowenhard/acceleration/env/lib/python3.8/site-packages/airflow/example_dags/subdags/subdag.py for tasks to queue
[2022-03-22 06:11:10,788] {logging_mixin.py:109} INFO - [2022-03-22 06:11:10,788] {dagbag.py:500} INFO - Filling up the DagBag from /home/lowenhard/acceleration/env/lib/python3.8/site-packages/airflow/example_dags/subdags/subdag.py
[2022-03-22 06:11:10,798] {processor.py:656} WARNING - No viable dags retrieved from /home/lowenhard/acceleration/env/lib/python3.8/site-packages/airflow/example_dags/subdags/subdag.py
[2022-03-22 06:11:10,800] {processor.py:171} INFO - Processing /home/lowenhard/acceleration/env/lib/python3.8/site-packages/airflow/example_dags/subdags/subdag.py took 0.106 seconds
[2022-03-22 06:12:41,407] {processor.py:163} INFO - Started process (PID=1528) to work on /home/lowenhard/acceleration/env/lib/python3.8/site-packages/airflow/example_dags/subdags/subdag.py
[2022-03-22 06:12:41,463] {processor.py:642} INFO - Processing file /home/lowenhard/acceleration/env/lib/python3.8/site-packages/airflow/example_dags/subdags/subdag.py for tasks to queue
[2022-03-22 06:12:41,464] {logging_mixin.py:109} INFO - [2022-03-22 06:12:41,464] {dagbag.py:500} INFO - Filling up the DagBag from /home/lowenhard/acceleration/env/lib/python3.8/site-packages/airflow/example_dags/subdags/subdag.py
[2022-03-22 06:12:41,473] {processor.py:656} WARNING - No viable dags retrieved from /home/lowenhard/acceleration/env/lib/python3.8/site-packages/airflow/example_dags/subdags/subdag.py
[2022-03-22 06:12:41,475] {processor.py:171} INFO - Processing /home/lowenhard/acceleration/env/lib/python3.8/site-packages/airflow/example_dags/subdags/subdag.py took 0.071 seconds
[2022-03-22 06:13:57,344] {processor.py:163} INFO - Started process (PID=1565) to work on /home/lowenhard/acceleration/env/lib/python3.8/site-packages/airflow/example_dags/subdags/subdag.py
[2022-03-22 06:13:57,392] {processor.py:642} INFO - Processing file /home/lowenhard/acceleration/env/lib/python3.8/site-packages/airflow/example_dags/subdags/subdag.py for tasks to queue
[2022-03-22 06:13:57,393] {logging_mixin.py:109} INFO - [2022-03-22 06:13:57,393] {dagbag.py:500} INFO - Filling up the DagBag from /home/lowenhard/acceleration/env/lib/python3.8/site-packages/airflow/example_dags/subdags/subdag.py
[2022-03-22 06:13:57,406] {processor.py:656} WARNING - No viable dags retrieved from /home/lowenhard/acceleration/env/lib/python3.8/site-packages/airflow/example_dags/subdags/subdag.py
[2022-03-22 06:13:57,408] {processor.py:171} INFO - Processing /home/lowenhard/acceleration/env/lib/python3.8/site-packages/airflow/example_dags/subdags/subdag.py took 0.072 seconds
[2022-03-22 06:15:29,189] {processor.py:163} INFO - Started process (PID=1605) to work on /home/lowenhard/acceleration/env/lib/python3.8/site-packages/airflow/example_dags/subdags/subdag.py
[2022-03-22 06:15:29,243] {processor.py:642} INFO - Processing file /home/lowenhard/acceleration/env/lib/python3.8/site-packages/airflow/example_dags/subdags/subdag.py for tasks to queue
[2022-03-22 06:15:29,244] {logging_mixin.py:109} INFO - [2022-03-22 06:15:29,244] {dagbag.py:500} INFO - Filling up the DagBag from /home/lowenhard/acceleration/env/lib/python3.8/site-packages/airflow/example_dags/subdags/subdag.py
[2022-03-22 06:15:29,253] {processor.py:656} WARNING - No viable dags retrieved from /home/lowenhard/acceleration/env/lib/python3.8/site-packages/airflow/example_dags/subdags/subdag.py
[2022-03-22 06:15:29,256] {processor.py:171} INFO - Processing /home/lowenhard/acceleration/env/lib/python3.8/site-packages/airflow/example_dags/subdags/subdag.py took 0.070 seconds
[2022-03-22 06:16:52,184] {processor.py:163} INFO - Started process (PID=1647) to work on /home/lowenhard/acceleration/env/lib/python3.8/site-packages/airflow/example_dags/subdags/subdag.py
[2022-03-22 06:16:52,187] {processor.py:642} INFO - Processing file /home/lowenhard/acceleration/env/lib/python3.8/site-packages/airflow/example_dags/subdags/subdag.py for tasks to queue
[2022-03-22 06:16:52,188] {logging_mixin.py:109} INFO - [2022-03-22 06:16:52,188] {dagbag.py:500} INFO - Filling up the DagBag from /home/lowenhard/acceleration/env/lib/python3.8/site-packages/airflow/example_dags/subdags/subdag.py
[2022-03-22 06:16:52,199] {processor.py:656} WARNING - No viable dags retrieved from /home/lowenhard/acceleration/env/lib/python3.8/site-packages/airflow/example_dags/subdags/subdag.py
[2022-03-22 06:16:52,201] {processor.py:171} INFO - Processing /home/lowenhard/acceleration/env/lib/python3.8/site-packages/airflow/example_dags/subdags/subdag.py took 0.020 seconds
[2022-03-22 06:18:15,226] {processor.py:163} INFO - Started process (PID=1687) to work on /home/lowenhard/acceleration/env/lib/python3.8/site-packages/airflow/example_dags/subdags/subdag.py
[2022-03-22 06:18:15,228] {processor.py:642} INFO - Processing file /home/lowenhard/acceleration/env/lib/python3.8/site-packages/airflow/example_dags/subdags/subdag.py for tasks to queue
[2022-03-22 06:18:15,229] {logging_mixin.py:109} INFO - [2022-03-22 06:18:15,229] {dagbag.py:500} INFO - Filling up the DagBag from /home/lowenhard/acceleration/env/lib/python3.8/site-packages/airflow/example_dags/subdags/subdag.py
[2022-03-22 06:18:15,242] {processor.py:656} WARNING - No viable dags retrieved from /home/lowenhard/acceleration/env/lib/python3.8/site-packages/airflow/example_dags/subdags/subdag.py
[2022-03-22 06:18:15,244] {processor.py:171} INFO - Processing /home/lowenhard/acceleration/env/lib/python3.8/site-packages/airflow/example_dags/subdags/subdag.py took 0.022 seconds
[2022-03-22 06:19:44,853] {processor.py:163} INFO - Started process (PID=1728) to work on /home/lowenhard/acceleration/env/lib/python3.8/site-packages/airflow/example_dags/subdags/subdag.py
[2022-03-22 06:19:44,856] {processor.py:642} INFO - Processing file /home/lowenhard/acceleration/env/lib/python3.8/site-packages/airflow/example_dags/subdags/subdag.py for tasks to queue
[2022-03-22 06:19:44,857] {logging_mixin.py:109} INFO - [2022-03-22 06:19:44,856] {dagbag.py:500} INFO - Filling up the DagBag from /home/lowenhard/acceleration/env/lib/python3.8/site-packages/airflow/example_dags/subdags/subdag.py
[2022-03-22 06:19:44,866] {processor.py:656} WARNING - No viable dags retrieved from /home/lowenhard/acceleration/env/lib/python3.8/site-packages/airflow/example_dags/subdags/subdag.py
[2022-03-22 06:19:44,869] {processor.py:171} INFO - Processing /home/lowenhard/acceleration/env/lib/python3.8/site-packages/airflow/example_dags/subdags/subdag.py took 0.018 seconds
[2022-03-22 06:21:12,586] {processor.py:163} INFO - Started process (PID=1769) to work on /home/lowenhard/acceleration/env/lib/python3.8/site-packages/airflow/example_dags/subdags/subdag.py
[2022-03-22 06:21:12,594] {processor.py:642} INFO - Processing file /home/lowenhard/acceleration/env/lib/python3.8/site-packages/airflow/example_dags/subdags/subdag.py for tasks to queue
[2022-03-22 06:21:12,594] {logging_mixin.py:109} INFO - [2022-03-22 06:21:12,594] {dagbag.py:500} INFO - Filling up the DagBag from /home/lowenhard/acceleration/env/lib/python3.8/site-packages/airflow/example_dags/subdags/subdag.py
[2022-03-22 06:21:12,603] {processor.py:656} WARNING - No viable dags retrieved from /home/lowenhard/acceleration/env/lib/python3.8/site-packages/airflow/example_dags/subdags/subdag.py
[2022-03-22 06:21:12,608] {processor.py:171} INFO - Processing /home/lowenhard/acceleration/env/lib/python3.8/site-packages/airflow/example_dags/subdags/subdag.py took 0.023 seconds
[2022-03-22 06:22:40,233] {processor.py:163} INFO - Started process (PID=1810) to work on /home/lowenhard/acceleration/env/lib/python3.8/site-packages/airflow/example_dags/subdags/subdag.py
[2022-03-22 06:22:40,820] {processor.py:642} INFO - Processing file /home/lowenhard/acceleration/env/lib/python3.8/site-packages/airflow/example_dags/subdags/subdag.py for tasks to queue
[2022-03-22 06:22:40,821] {logging_mixin.py:109} INFO - [2022-03-22 06:22:40,821] {dagbag.py:500} INFO - Filling up the DagBag from /home/lowenhard/acceleration/env/lib/python3.8/site-packages/airflow/example_dags/subdags/subdag.py
[2022-03-22 06:22:40,831] {processor.py:656} WARNING - No viable dags retrieved from /home/lowenhard/acceleration/env/lib/python3.8/site-packages/airflow/example_dags/subdags/subdag.py
[2022-03-22 06:22:40,835] {processor.py:171} INFO - Processing /home/lowenhard/acceleration/env/lib/python3.8/site-packages/airflow/example_dags/subdags/subdag.py took 0.604 seconds
[2022-03-22 06:23:54,536] {processor.py:163} INFO - Started process (PID=1847) to work on /home/lowenhard/acceleration/env/lib/python3.8/site-packages/airflow/example_dags/subdags/subdag.py
[2022-03-22 06:23:54,574] {processor.py:642} INFO - Processing file /home/lowenhard/acceleration/env/lib/python3.8/site-packages/airflow/example_dags/subdags/subdag.py for tasks to queue
[2022-03-22 06:23:54,574] {logging_mixin.py:109} INFO - [2022-03-22 06:23:54,574] {dagbag.py:500} INFO - Filling up the DagBag from /home/lowenhard/acceleration/env/lib/python3.8/site-packages/airflow/example_dags/subdags/subdag.py
[2022-03-22 06:23:54,586] {processor.py:656} WARNING - No viable dags retrieved from /home/lowenhard/acceleration/env/lib/python3.8/site-packages/airflow/example_dags/subdags/subdag.py
[2022-03-22 06:23:54,588] {processor.py:171} INFO - Processing /home/lowenhard/acceleration/env/lib/python3.8/site-packages/airflow/example_dags/subdags/subdag.py took 0.056 seconds
[2022-03-22 06:25:22,150] {processor.py:163} INFO - Started process (PID=1886) to work on /home/lowenhard/acceleration/env/lib/python3.8/site-packages/airflow/example_dags/subdags/subdag.py
[2022-03-22 06:25:22,360] {processor.py:642} INFO - Processing file /home/lowenhard/acceleration/env/lib/python3.8/site-packages/airflow/example_dags/subdags/subdag.py for tasks to queue
[2022-03-22 06:25:22,361] {logging_mixin.py:109} INFO - [2022-03-22 06:25:22,361] {dagbag.py:500} INFO - Filling up the DagBag from /home/lowenhard/acceleration/env/lib/python3.8/site-packages/airflow/example_dags/subdags/subdag.py
[2022-03-22 06:25:22,382] {processor.py:656} WARNING - No viable dags retrieved from /home/lowenhard/acceleration/env/lib/python3.8/site-packages/airflow/example_dags/subdags/subdag.py
[2022-03-22 06:25:22,386] {processor.py:171} INFO - Processing /home/lowenhard/acceleration/env/lib/python3.8/site-packages/airflow/example_dags/subdags/subdag.py took 0.238 seconds
[2022-03-22 06:27:09,653] {processor.py:163} INFO - Started process (PID=1932) to work on /home/lowenhard/acceleration/env/lib/python3.8/site-packages/airflow/example_dags/subdags/subdag.py
[2022-03-22 06:27:09,750] {processor.py:642} INFO - Processing file /home/lowenhard/acceleration/env/lib/python3.8/site-packages/airflow/example_dags/subdags/subdag.py for tasks to queue
[2022-03-22 06:27:09,751] {logging_mixin.py:109} INFO - [2022-03-22 06:27:09,751] {dagbag.py:500} INFO - Filling up the DagBag from /home/lowenhard/acceleration/env/lib/python3.8/site-packages/airflow/example_dags/subdags/subdag.py
[2022-03-22 06:27:09,763] {processor.py:656} WARNING - No viable dags retrieved from /home/lowenhard/acceleration/env/lib/python3.8/site-packages/airflow/example_dags/subdags/subdag.py
[2022-03-22 06:27:09,767] {processor.py:171} INFO - Processing /home/lowenhard/acceleration/env/lib/python3.8/site-packages/airflow/example_dags/subdags/subdag.py took 0.116 seconds
[2022-03-22 06:28:34,164] {processor.py:163} INFO - Started process (PID=1974) to work on /home/lowenhard/acceleration/env/lib/python3.8/site-packages/airflow/example_dags/subdags/subdag.py
[2022-03-22 06:28:34,168] {processor.py:642} INFO - Processing file /home/lowenhard/acceleration/env/lib/python3.8/site-packages/airflow/example_dags/subdags/subdag.py for tasks to queue
[2022-03-22 06:28:34,169] {logging_mixin.py:109} INFO - [2022-03-22 06:28:34,168] {dagbag.py:500} INFO - Filling up the DagBag from /home/lowenhard/acceleration/env/lib/python3.8/site-packages/airflow/example_dags/subdags/subdag.py
[2022-03-22 06:28:34,180] {processor.py:656} WARNING - No viable dags retrieved from /home/lowenhard/acceleration/env/lib/python3.8/site-packages/airflow/example_dags/subdags/subdag.py
[2022-03-22 06:28:34,182] {processor.py:171} INFO - Processing /home/lowenhard/acceleration/env/lib/python3.8/site-packages/airflow/example_dags/subdags/subdag.py took 0.020 seconds
[2022-03-22 06:29:53,062] {processor.py:163} INFO - Started process (PID=2012) to work on /home/lowenhard/acceleration/env/lib/python3.8/site-packages/airflow/example_dags/subdags/subdag.py
[2022-03-22 06:29:53,081] {processor.py:642} INFO - Processing file /home/lowenhard/acceleration/env/lib/python3.8/site-packages/airflow/example_dags/subdags/subdag.py for tasks to queue
[2022-03-22 06:29:53,082] {logging_mixin.py:109} INFO - [2022-03-22 06:29:53,081] {dagbag.py:500} INFO - Filling up the DagBag from /home/lowenhard/acceleration/env/lib/python3.8/site-packages/airflow/example_dags/subdags/subdag.py
[2022-03-22 06:29:53,092] {processor.py:656} WARNING - No viable dags retrieved from /home/lowenhard/acceleration/env/lib/python3.8/site-packages/airflow/example_dags/subdags/subdag.py
[2022-03-22 06:29:53,094] {processor.py:171} INFO - Processing /home/lowenhard/acceleration/env/lib/python3.8/site-packages/airflow/example_dags/subdags/subdag.py took 0.034 seconds
[2022-03-22 06:31:24,228] {processor.py:163} INFO - Started process (PID=2052) to work on /home/lowenhard/acceleration/env/lib/python3.8/site-packages/airflow/example_dags/subdags/subdag.py
[2022-03-22 06:31:24,343] {processor.py:642} INFO - Processing file /home/lowenhard/acceleration/env/lib/python3.8/site-packages/airflow/example_dags/subdags/subdag.py for tasks to queue
[2022-03-22 06:31:24,344] {logging_mixin.py:109} INFO - [2022-03-22 06:31:24,344] {dagbag.py:500} INFO - Filling up the DagBag from /home/lowenhard/acceleration/env/lib/python3.8/site-packages/airflow/example_dags/subdags/subdag.py
[2022-03-22 06:31:24,352] {processor.py:656} WARNING - No viable dags retrieved from /home/lowenhard/acceleration/env/lib/python3.8/site-packages/airflow/example_dags/subdags/subdag.py
[2022-03-22 06:31:24,356] {processor.py:171} INFO - Processing /home/lowenhard/acceleration/env/lib/python3.8/site-packages/airflow/example_dags/subdags/subdag.py took 0.130 seconds
[2022-03-22 06:32:53,764] {processor.py:163} INFO - Started process (PID=2093) to work on /home/lowenhard/acceleration/env/lib/python3.8/site-packages/airflow/example_dags/subdags/subdag.py
[2022-03-22 06:32:53,844] {processor.py:642} INFO - Processing file /home/lowenhard/acceleration/env/lib/python3.8/site-packages/airflow/example_dags/subdags/subdag.py for tasks to queue
[2022-03-22 06:32:53,844] {logging_mixin.py:109} INFO - [2022-03-22 06:32:53,844] {dagbag.py:500} INFO - Filling up the DagBag from /home/lowenhard/acceleration/env/lib/python3.8/site-packages/airflow/example_dags/subdags/subdag.py
[2022-03-22 06:32:53,853] {processor.py:656} WARNING - No viable dags retrieved from /home/lowenhard/acceleration/env/lib/python3.8/site-packages/airflow/example_dags/subdags/subdag.py
[2022-03-22 06:32:53,855] {processor.py:171} INFO - Processing /home/lowenhard/acceleration/env/lib/python3.8/site-packages/airflow/example_dags/subdags/subdag.py took 0.094 seconds
[2022-03-22 06:34:32,536] {processor.py:163} INFO - Started process (PID=2135) to work on /home/lowenhard/acceleration/env/lib/python3.8/site-packages/airflow/example_dags/subdags/subdag.py
[2022-03-22 06:34:32,549] {processor.py:642} INFO - Processing file /home/lowenhard/acceleration/env/lib/python3.8/site-packages/airflow/example_dags/subdags/subdag.py for tasks to queue
[2022-03-22 06:34:32,550] {logging_mixin.py:109} INFO - [2022-03-22 06:34:32,550] {dagbag.py:500} INFO - Filling up the DagBag from /home/lowenhard/acceleration/env/lib/python3.8/site-packages/airflow/example_dags/subdags/subdag.py
[2022-03-22 06:34:32,559] {processor.py:656} WARNING - No viable dags retrieved from /home/lowenhard/acceleration/env/lib/python3.8/site-packages/airflow/example_dags/subdags/subdag.py
[2022-03-22 06:34:32,563] {processor.py:171} INFO - Processing /home/lowenhard/acceleration/env/lib/python3.8/site-packages/airflow/example_dags/subdags/subdag.py took 0.030 seconds
[2022-03-22 06:35:54,186] {processor.py:163} INFO - Started process (PID=2175) to work on /home/lowenhard/acceleration/env/lib/python3.8/site-packages/airflow/example_dags/subdags/subdag.py
[2022-03-22 06:35:54,210] {processor.py:642} INFO - Processing file /home/lowenhard/acceleration/env/lib/python3.8/site-packages/airflow/example_dags/subdags/subdag.py for tasks to queue
[2022-03-22 06:35:54,211] {logging_mixin.py:109} INFO - [2022-03-22 06:35:54,211] {dagbag.py:500} INFO - Filling up the DagBag from /home/lowenhard/acceleration/env/lib/python3.8/site-packages/airflow/example_dags/subdags/subdag.py
[2022-03-22 06:35:54,226] {processor.py:656} WARNING - No viable dags retrieved from /home/lowenhard/acceleration/env/lib/python3.8/site-packages/airflow/example_dags/subdags/subdag.py
[2022-03-22 06:35:54,229] {processor.py:171} INFO - Processing /home/lowenhard/acceleration/env/lib/python3.8/site-packages/airflow/example_dags/subdags/subdag.py took 0.045 seconds
[2022-03-22 06:37:15,479] {processor.py:163} INFO - Started process (PID=2214) to work on /home/lowenhard/acceleration/env/lib/python3.8/site-packages/airflow/example_dags/subdags/subdag.py
[2022-03-22 06:37:15,493] {processor.py:642} INFO - Processing file /home/lowenhard/acceleration/env/lib/python3.8/site-packages/airflow/example_dags/subdags/subdag.py for tasks to queue
[2022-03-22 06:37:15,493] {logging_mixin.py:109} INFO - [2022-03-22 06:37:15,493] {dagbag.py:500} INFO - Filling up the DagBag from /home/lowenhard/acceleration/env/lib/python3.8/site-packages/airflow/example_dags/subdags/subdag.py
[2022-03-22 06:37:15,503] {processor.py:656} WARNING - No viable dags retrieved from /home/lowenhard/acceleration/env/lib/python3.8/site-packages/airflow/example_dags/subdags/subdag.py
[2022-03-22 06:37:15,505] {processor.py:171} INFO - Processing /home/lowenhard/acceleration/env/lib/python3.8/site-packages/airflow/example_dags/subdags/subdag.py took 0.028 seconds
[2022-03-22 06:38:37,931] {processor.py:163} INFO - Started process (PID=2253) to work on /home/lowenhard/acceleration/env/lib/python3.8/site-packages/airflow/example_dags/subdags/subdag.py
[2022-03-22 06:38:37,957] {processor.py:642} INFO - Processing file /home/lowenhard/acceleration/env/lib/python3.8/site-packages/airflow/example_dags/subdags/subdag.py for tasks to queue
[2022-03-22 06:38:37,958] {logging_mixin.py:109} INFO - [2022-03-22 06:38:37,958] {dagbag.py:500} INFO - Filling up the DagBag from /home/lowenhard/acceleration/env/lib/python3.8/site-packages/airflow/example_dags/subdags/subdag.py
[2022-03-22 06:38:37,967] {processor.py:656} WARNING - No viable dags retrieved from /home/lowenhard/acceleration/env/lib/python3.8/site-packages/airflow/example_dags/subdags/subdag.py
[2022-03-22 06:38:37,969] {processor.py:171} INFO - Processing /home/lowenhard/acceleration/env/lib/python3.8/site-packages/airflow/example_dags/subdags/subdag.py took 0.040 seconds
[2022-03-22 06:40:07,210] {processor.py:163} INFO - Started process (PID=2294) to work on /home/lowenhard/acceleration/env/lib/python3.8/site-packages/airflow/example_dags/subdags/subdag.py
[2022-03-22 06:40:07,219] {processor.py:642} INFO - Processing file /home/lowenhard/acceleration/env/lib/python3.8/site-packages/airflow/example_dags/subdags/subdag.py for tasks to queue
[2022-03-22 06:40:07,220] {logging_mixin.py:109} INFO - [2022-03-22 06:40:07,220] {dagbag.py:500} INFO - Filling up the DagBag from /home/lowenhard/acceleration/env/lib/python3.8/site-packages/airflow/example_dags/subdags/subdag.py
[2022-03-22 06:40:07,236] {processor.py:656} WARNING - No viable dags retrieved from /home/lowenhard/acceleration/env/lib/python3.8/site-packages/airflow/example_dags/subdags/subdag.py
[2022-03-22 06:40:07,238] {processor.py:171} INFO - Processing /home/lowenhard/acceleration/env/lib/python3.8/site-packages/airflow/example_dags/subdags/subdag.py took 0.031 seconds
[2022-03-22 06:41:40,806] {processor.py:163} INFO - Started process (PID=2336) to work on /home/lowenhard/acceleration/env/lib/python3.8/site-packages/airflow/example_dags/subdags/subdag.py
[2022-03-22 06:41:41,425] {processor.py:642} INFO - Processing file /home/lowenhard/acceleration/env/lib/python3.8/site-packages/airflow/example_dags/subdags/subdag.py for tasks to queue
[2022-03-22 06:41:41,426] {logging_mixin.py:109} INFO - [2022-03-22 06:41:41,426] {dagbag.py:500} INFO - Filling up the DagBag from /home/lowenhard/acceleration/env/lib/python3.8/site-packages/airflow/example_dags/subdags/subdag.py
[2022-03-22 06:41:41,434] {processor.py:656} WARNING - No viable dags retrieved from /home/lowenhard/acceleration/env/lib/python3.8/site-packages/airflow/example_dags/subdags/subdag.py
[2022-03-22 06:41:41,436] {processor.py:171} INFO - Processing /home/lowenhard/acceleration/env/lib/python3.8/site-packages/airflow/example_dags/subdags/subdag.py took 0.632 seconds
[2022-03-22 06:42:58,027] {processor.py:163} INFO - Started process (PID=2374) to work on /home/lowenhard/acceleration/env/lib/python3.8/site-packages/airflow/example_dags/subdags/subdag.py
[2022-03-22 06:42:58,030] {processor.py:642} INFO - Processing file /home/lowenhard/acceleration/env/lib/python3.8/site-packages/airflow/example_dags/subdags/subdag.py for tasks to queue
[2022-03-22 06:42:58,031] {logging_mixin.py:109} INFO - [2022-03-22 06:42:58,030] {dagbag.py:500} INFO - Filling up the DagBag from /home/lowenhard/acceleration/env/lib/python3.8/site-packages/airflow/example_dags/subdags/subdag.py
[2022-03-22 06:42:58,040] {processor.py:656} WARNING - No viable dags retrieved from /home/lowenhard/acceleration/env/lib/python3.8/site-packages/airflow/example_dags/subdags/subdag.py
[2022-03-22 06:42:58,043] {processor.py:171} INFO - Processing /home/lowenhard/acceleration/env/lib/python3.8/site-packages/airflow/example_dags/subdags/subdag.py took 0.018 seconds
[2022-03-22 06:44:22,453] {processor.py:163} INFO - Started process (PID=2421) to work on /home/lowenhard/acceleration/env/lib/python3.8/site-packages/airflow/example_dags/subdags/subdag.py
[2022-03-22 06:44:22,489] {processor.py:642} INFO - Processing file /home/lowenhard/acceleration/env/lib/python3.8/site-packages/airflow/example_dags/subdags/subdag.py for tasks to queue
[2022-03-22 06:44:22,490] {logging_mixin.py:109} INFO - [2022-03-22 06:44:22,490] {dagbag.py:500} INFO - Filling up the DagBag from /home/lowenhard/acceleration/env/lib/python3.8/site-packages/airflow/example_dags/subdags/subdag.py
[2022-03-22 06:44:22,501] {processor.py:656} WARNING - No viable dags retrieved from /home/lowenhard/acceleration/env/lib/python3.8/site-packages/airflow/example_dags/subdags/subdag.py
[2022-03-22 06:44:22,503] {processor.py:171} INFO - Processing /home/lowenhard/acceleration/env/lib/python3.8/site-packages/airflow/example_dags/subdags/subdag.py took 0.052 seconds
[2022-03-22 06:45:59,455] {processor.py:163} INFO - Started process (PID=2462) to work on /home/lowenhard/acceleration/env/lib/python3.8/site-packages/airflow/example_dags/subdags/subdag.py
[2022-03-22 06:45:59,588] {processor.py:642} INFO - Processing file /home/lowenhard/acceleration/env/lib/python3.8/site-packages/airflow/example_dags/subdags/subdag.py for tasks to queue
[2022-03-22 06:45:59,589] {logging_mixin.py:109} INFO - [2022-03-22 06:45:59,588] {dagbag.py:500} INFO - Filling up the DagBag from /home/lowenhard/acceleration/env/lib/python3.8/site-packages/airflow/example_dags/subdags/subdag.py
[2022-03-22 06:45:59,602] {processor.py:656} WARNING - No viable dags retrieved from /home/lowenhard/acceleration/env/lib/python3.8/site-packages/airflow/example_dags/subdags/subdag.py
[2022-03-22 06:45:59,607] {processor.py:171} INFO - Processing /home/lowenhard/acceleration/env/lib/python3.8/site-packages/airflow/example_dags/subdags/subdag.py took 0.155 seconds
[2022-03-22 06:47:23,768] {processor.py:163} INFO - Started process (PID=2516) to work on /home/lowenhard/acceleration/env/lib/python3.8/site-packages/airflow/example_dags/subdags/subdag.py
[2022-03-22 06:47:23,802] {processor.py:642} INFO - Processing file /home/lowenhard/acceleration/env/lib/python3.8/site-packages/airflow/example_dags/subdags/subdag.py for tasks to queue
[2022-03-22 06:47:23,802] {logging_mixin.py:109} INFO - [2022-03-22 06:47:23,802] {dagbag.py:500} INFO - Filling up the DagBag from /home/lowenhard/acceleration/env/lib/python3.8/site-packages/airflow/example_dags/subdags/subdag.py
[2022-03-22 06:47:23,811] {processor.py:656} WARNING - No viable dags retrieved from /home/lowenhard/acceleration/env/lib/python3.8/site-packages/airflow/example_dags/subdags/subdag.py
[2022-03-22 06:47:23,813] {processor.py:171} INFO - Processing /home/lowenhard/acceleration/env/lib/python3.8/site-packages/airflow/example_dags/subdags/subdag.py took 0.050 seconds
