[2022-04-03 08:47:19,858] {taskinstance.py:1037} INFO - Dependencies all met for <TaskInstance: hello_dag.print_info manual__2022-04-03T13:47:15.630775+00:00 [queued]>
[2022-04-03 08:47:19,866] {taskinstance.py:1037} INFO - Dependencies all met for <TaskInstance: hello_dag.print_info manual__2022-04-03T13:47:15.630775+00:00 [queued]>
[2022-04-03 08:47:19,866] {taskinstance.py:1243} INFO - 
--------------------------------------------------------------------------------
[2022-04-03 08:47:19,866] {taskinstance.py:1244} INFO - Starting attempt 1 of 2
[2022-04-03 08:47:19,866] {taskinstance.py:1245} INFO - 
--------------------------------------------------------------------------------
[2022-04-03 08:47:20,106] {taskinstance.py:1264} INFO - Executing <Task(BashOperator): print_info> on 2022-04-03 13:47:15.630775+00:00
[2022-04-03 08:47:20,108] {standard_task_runner.py:52} INFO - Started process 4079 to run task
[2022-04-03 08:47:20,114] {standard_task_runner.py:76} INFO - Running: ['airflow', 'tasks', 'run', 'hello_dag', 'print_info', 'manual__2022-04-03T13:47:15.630775+00:00', '--job-id', '253', '--raw', '--subdir', 'DAGS_FOLDER/dag_example.py', '--cfg-path', '/tmp/tmpvq867t9c', '--error-file', '/tmp/tmp4_3mzsvx']
[2022-04-03 08:47:20,115] {standard_task_runner.py:77} INFO - Job 253: Subtask print_info
[2022-04-03 08:47:20,337] {logging_mixin.py:109} INFO - Running <TaskInstance: hello_dag.print_info manual__2022-04-03T13:47:15.630775+00:00 [running]> on host LAPTOP-5HJG55H7.localdomain
[2022-04-03 08:47:21,044] {taskinstance.py:1429} INFO - Exporting the following env vars:
AIRFLOW_CTX_DAG_OWNER=airflow
AIRFLOW_CTX_DAG_ID=hello_dag
AIRFLOW_CTX_TASK_ID=print_info
AIRFLOW_CTX_EXECUTION_DATE=2022-04-03T13:47:15.630775+00:00
AIRFLOW_CTX_DAG_RUN_ID=manual__2022-04-03T13:47:15.630775+00:00
[2022-04-03 08:47:21,044] {subprocess.py:62} INFO - Tmp dir root location: 
 /tmp
[2022-04-03 08:47:21,045] {subprocess.py:74} INFO - Running command: ['bash', '-c', 'echo Starting...Leonardo']
[2022-04-03 08:47:21,053] {subprocess.py:85} INFO - Output:
[2022-04-03 08:47:21,055] {subprocess.py:89} INFO - Starting...Leonardo
[2022-04-03 08:47:21,055] {subprocess.py:93} INFO - Command exited with return code 0
[2022-04-03 08:47:22,136] {taskinstance.py:1272} INFO - Marking task as SUCCESS. dag_id=hello_dag, task_id=print_info, execution_date=20220403T134715, start_date=20220403T134719, end_date=20220403T134722
[2022-04-03 08:47:22,305] {local_task_job.py:154} INFO - Task exited with return code 0
[2022-04-03 08:47:22,597] {local_task_job.py:264} INFO - 1 downstream tasks scheduled from follow-on schedule check
