[2022-03-29 00:12:48,636] {processor.py:163} INFO - Started process (PID=231) to work on /home/lowenhard/acceleration/env/lib/python3.8/site-packages/airflow/example_dags/example_time_delta_sensor_async.py
[2022-03-29 00:12:48,637] {processor.py:642} INFO - Processing file /home/lowenhard/acceleration/env/lib/python3.8/site-packages/airflow/example_dags/example_time_delta_sensor_async.py for tasks to queue
[2022-03-29 00:12:48,637] {logging_mixin.py:109} INFO - [2022-03-29 00:12:48,637] {dagbag.py:500} INFO - Filling up the DagBag from /home/lowenhard/acceleration/env/lib/python3.8/site-packages/airflow/example_dags/example_time_delta_sensor_async.py
[2022-03-29 00:12:48,656] {processor.py:654} INFO - DAG(s) dict_keys(['example_time_delta_sensor_async']) retrieved from /home/lowenhard/acceleration/env/lib/python3.8/site-packages/airflow/example_dags/example_time_delta_sensor_async.py
[2022-03-29 00:12:48,665] {logging_mixin.py:109} INFO - [2022-03-29 00:12:48,665] {dag.py:2398} INFO - Sync 1 DAGs
[2022-03-29 00:12:48,678] {logging_mixin.py:109} INFO - [2022-03-29 00:12:48,678] {dag.py:2937} INFO - Setting next_dagrun for example_time_delta_sensor_async to None
[2022-03-29 00:12:50,399] {processor.py:171} INFO - Processing /home/lowenhard/acceleration/env/lib/python3.8/site-packages/airflow/example_dags/example_time_delta_sensor_async.py took 1.766 seconds
[2022-03-29 00:14:11,494] {processor.py:163} INFO - Started process (PID=285) to work on /home/lowenhard/acceleration/env/lib/python3.8/site-packages/airflow/example_dags/example_time_delta_sensor_async.py
[2022-03-29 00:14:11,589] {processor.py:642} INFO - Processing file /home/lowenhard/acceleration/env/lib/python3.8/site-packages/airflow/example_dags/example_time_delta_sensor_async.py for tasks to queue
[2022-03-29 00:14:11,590] {logging_mixin.py:109} INFO - [2022-03-29 00:14:11,589] {dagbag.py:500} INFO - Filling up the DagBag from /home/lowenhard/acceleration/env/lib/python3.8/site-packages/airflow/example_dags/example_time_delta_sensor_async.py
[2022-03-29 00:14:11,618] {processor.py:654} INFO - DAG(s) dict_keys(['example_time_delta_sensor_async']) retrieved from /home/lowenhard/acceleration/env/lib/python3.8/site-packages/airflow/example_dags/example_time_delta_sensor_async.py
[2022-03-29 00:14:11,627] {logging_mixin.py:109} INFO - [2022-03-29 00:14:11,627] {dag.py:2398} INFO - Sync 1 DAGs
[2022-03-29 00:14:11,642] {logging_mixin.py:109} INFO - [2022-03-29 00:14:11,642] {dag.py:2937} INFO - Setting next_dagrun for example_time_delta_sensor_async to None
[2022-03-29 00:14:13,026] {processor.py:171} INFO - Processing /home/lowenhard/acceleration/env/lib/python3.8/site-packages/airflow/example_dags/example_time_delta_sensor_async.py took 1.534 seconds
[2022-03-29 09:35:23,782] {processor.py:163} INFO - Started process (PID=654) to work on /home/lowenhard/acceleration/env/lib/python3.8/site-packages/airflow/example_dags/example_time_delta_sensor_async.py
[2022-03-29 09:35:23,786] {processor.py:642} INFO - Processing file /home/lowenhard/acceleration/env/lib/python3.8/site-packages/airflow/example_dags/example_time_delta_sensor_async.py for tasks to queue
[2022-03-29 09:35:23,786] {logging_mixin.py:109} INFO - [2022-03-29 09:35:23,786] {dagbag.py:500} INFO - Filling up the DagBag from /home/lowenhard/acceleration/env/lib/python3.8/site-packages/airflow/example_dags/example_time_delta_sensor_async.py
[2022-03-29 09:35:23,813] {processor.py:654} INFO - DAG(s) dict_keys(['example_time_delta_sensor_async']) retrieved from /home/lowenhard/acceleration/env/lib/python3.8/site-packages/airflow/example_dags/example_time_delta_sensor_async.py
[2022-03-29 09:35:23,824] {logging_mixin.py:109} INFO - [2022-03-29 09:35:23,824] {dag.py:2398} INFO - Sync 1 DAGs
[2022-03-29 09:35:23,839] {logging_mixin.py:109} INFO - [2022-03-29 09:35:23,839] {dag.py:2937} INFO - Setting next_dagrun for example_time_delta_sensor_async to None
[2022-03-29 09:35:24,751] {processor.py:171} INFO - Processing /home/lowenhard/acceleration/env/lib/python3.8/site-packages/airflow/example_dags/example_time_delta_sensor_async.py took 0.972 seconds
[2022-03-29 09:36:47,538] {processor.py:163} INFO - Started process (PID=708) to work on /home/lowenhard/acceleration/env/lib/python3.8/site-packages/airflow/example_dags/example_time_delta_sensor_async.py
[2022-03-29 09:36:47,554] {processor.py:642} INFO - Processing file /home/lowenhard/acceleration/env/lib/python3.8/site-packages/airflow/example_dags/example_time_delta_sensor_async.py for tasks to queue
[2022-03-29 09:36:47,555] {logging_mixin.py:109} INFO - [2022-03-29 09:36:47,555] {dagbag.py:500} INFO - Filling up the DagBag from /home/lowenhard/acceleration/env/lib/python3.8/site-packages/airflow/example_dags/example_time_delta_sensor_async.py
[2022-03-29 09:36:47,579] {processor.py:654} INFO - DAG(s) dict_keys(['example_time_delta_sensor_async']) retrieved from /home/lowenhard/acceleration/env/lib/python3.8/site-packages/airflow/example_dags/example_time_delta_sensor_async.py
[2022-03-29 09:36:47,592] {logging_mixin.py:109} INFO - [2022-03-29 09:36:47,591] {dag.py:2398} INFO - Sync 1 DAGs
[2022-03-29 09:36:47,606] {logging_mixin.py:109} INFO - [2022-03-29 09:36:47,606] {dag.py:2937} INFO - Setting next_dagrun for example_time_delta_sensor_async to None
[2022-03-29 09:36:49,012] {processor.py:171} INFO - Processing /home/lowenhard/acceleration/env/lib/python3.8/site-packages/airflow/example_dags/example_time_delta_sensor_async.py took 1.476 seconds
[2022-03-29 09:38:34,948] {processor.py:163} INFO - Started process (PID=870) to work on /home/lowenhard/acceleration/env/lib/python3.8/site-packages/airflow/example_dags/example_time_delta_sensor_async.py
[2022-03-29 09:38:34,954] {processor.py:642} INFO - Processing file /home/lowenhard/acceleration/env/lib/python3.8/site-packages/airflow/example_dags/example_time_delta_sensor_async.py for tasks to queue
[2022-03-29 09:38:34,955] {logging_mixin.py:109} INFO - [2022-03-29 09:38:34,955] {dagbag.py:500} INFO - Filling up the DagBag from /home/lowenhard/acceleration/env/lib/python3.8/site-packages/airflow/example_dags/example_time_delta_sensor_async.py
[2022-03-29 09:38:34,974] {processor.py:654} INFO - DAG(s) dict_keys(['example_time_delta_sensor_async']) retrieved from /home/lowenhard/acceleration/env/lib/python3.8/site-packages/airflow/example_dags/example_time_delta_sensor_async.py
[2022-03-29 09:38:34,982] {logging_mixin.py:109} INFO - [2022-03-29 09:38:34,982] {dag.py:2398} INFO - Sync 1 DAGs
[2022-03-29 09:38:34,993] {logging_mixin.py:109} INFO - [2022-03-29 09:38:34,993] {dag.py:2937} INFO - Setting next_dagrun for example_time_delta_sensor_async to None
[2022-03-29 09:38:36,712] {processor.py:171} INFO - Processing /home/lowenhard/acceleration/env/lib/python3.8/site-packages/airflow/example_dags/example_time_delta_sensor_async.py took 1.767 seconds
[2022-03-29 09:40:31,651] {processor.py:163} INFO - Started process (PID=959) to work on /home/lowenhard/acceleration/env/lib/python3.8/site-packages/airflow/example_dags/example_time_delta_sensor_async.py
[2022-03-29 09:40:31,781] {processor.py:642} INFO - Processing file /home/lowenhard/acceleration/env/lib/python3.8/site-packages/airflow/example_dags/example_time_delta_sensor_async.py for tasks to queue
[2022-03-29 09:40:31,782] {logging_mixin.py:109} INFO - [2022-03-29 09:40:31,782] {dagbag.py:500} INFO - Filling up the DagBag from /home/lowenhard/acceleration/env/lib/python3.8/site-packages/airflow/example_dags/example_time_delta_sensor_async.py
[2022-03-29 09:40:32,734] {processor.py:654} INFO - DAG(s) dict_keys(['example_time_delta_sensor_async']) retrieved from /home/lowenhard/acceleration/env/lib/python3.8/site-packages/airflow/example_dags/example_time_delta_sensor_async.py
[2022-03-29 09:40:32,743] {logging_mixin.py:109} INFO - [2022-03-29 09:40:32,743] {dag.py:2398} INFO - Sync 1 DAGs
[2022-03-29 09:40:32,754] {logging_mixin.py:109} INFO - [2022-03-29 09:40:32,754] {dag.py:2937} INFO - Setting next_dagrun for example_time_delta_sensor_async to None
[2022-03-29 09:40:32,918] {processor.py:171} INFO - Processing /home/lowenhard/acceleration/env/lib/python3.8/site-packages/airflow/example_dags/example_time_delta_sensor_async.py took 1.270 seconds
[2022-03-29 09:42:25,525] {processor.py:163} INFO - Started process (PID=1039) to work on /home/lowenhard/acceleration/env/lib/python3.8/site-packages/airflow/example_dags/example_time_delta_sensor_async.py
[2022-03-29 09:42:25,540] {processor.py:642} INFO - Processing file /home/lowenhard/acceleration/env/lib/python3.8/site-packages/airflow/example_dags/example_time_delta_sensor_async.py for tasks to queue
[2022-03-29 09:42:25,541] {logging_mixin.py:109} INFO - [2022-03-29 09:42:25,541] {dagbag.py:500} INFO - Filling up the DagBag from /home/lowenhard/acceleration/env/lib/python3.8/site-packages/airflow/example_dags/example_time_delta_sensor_async.py
[2022-03-29 09:42:25,561] {processor.py:654} INFO - DAG(s) dict_keys(['example_time_delta_sensor_async']) retrieved from /home/lowenhard/acceleration/env/lib/python3.8/site-packages/airflow/example_dags/example_time_delta_sensor_async.py
[2022-03-29 09:42:25,569] {logging_mixin.py:109} INFO - [2022-03-29 09:42:25,569] {dag.py:2398} INFO - Sync 1 DAGs
[2022-03-29 09:42:25,583] {logging_mixin.py:109} INFO - [2022-03-29 09:42:25,583] {dag.py:2937} INFO - Setting next_dagrun for example_time_delta_sensor_async to None
[2022-03-29 09:42:26,388] {processor.py:171} INFO - Processing /home/lowenhard/acceleration/env/lib/python3.8/site-packages/airflow/example_dags/example_time_delta_sensor_async.py took 0.865 seconds
[2022-03-29 09:44:13,693] {processor.py:163} INFO - Started process (PID=1125) to work on /home/lowenhard/acceleration/env/lib/python3.8/site-packages/airflow/example_dags/example_time_delta_sensor_async.py
[2022-03-29 09:44:13,876] {processor.py:642} INFO - Processing file /home/lowenhard/acceleration/env/lib/python3.8/site-packages/airflow/example_dags/example_time_delta_sensor_async.py for tasks to queue
[2022-03-29 09:44:13,877] {logging_mixin.py:109} INFO - [2022-03-29 09:44:13,877] {dagbag.py:500} INFO - Filling up the DagBag from /home/lowenhard/acceleration/env/lib/python3.8/site-packages/airflow/example_dags/example_time_delta_sensor_async.py
[2022-03-29 09:44:13,897] {processor.py:654} INFO - DAG(s) dict_keys(['example_time_delta_sensor_async']) retrieved from /home/lowenhard/acceleration/env/lib/python3.8/site-packages/airflow/example_dags/example_time_delta_sensor_async.py
[2022-03-29 09:44:13,906] {logging_mixin.py:109} INFO - [2022-03-29 09:44:13,906] {dag.py:2398} INFO - Sync 1 DAGs
[2022-03-29 09:44:13,918] {logging_mixin.py:109} INFO - [2022-03-29 09:44:13,918] {dag.py:2937} INFO - Setting next_dagrun for example_time_delta_sensor_async to None
[2022-03-29 09:44:15,878] {processor.py:171} INFO - Processing /home/lowenhard/acceleration/env/lib/python3.8/site-packages/airflow/example_dags/example_time_delta_sensor_async.py took 2.188 seconds
[2022-03-29 09:45:40,269] {processor.py:163} INFO - Started process (PID=1206) to work on /home/lowenhard/acceleration/env/lib/python3.8/site-packages/airflow/example_dags/example_time_delta_sensor_async.py
[2022-03-29 09:45:40,273] {processor.py:642} INFO - Processing file /home/lowenhard/acceleration/env/lib/python3.8/site-packages/airflow/example_dags/example_time_delta_sensor_async.py for tasks to queue
[2022-03-29 09:45:40,274] {logging_mixin.py:109} INFO - [2022-03-29 09:45:40,274] {dagbag.py:500} INFO - Filling up the DagBag from /home/lowenhard/acceleration/env/lib/python3.8/site-packages/airflow/example_dags/example_time_delta_sensor_async.py
[2022-03-29 09:45:40,293] {processor.py:654} INFO - DAG(s) dict_keys(['example_time_delta_sensor_async']) retrieved from /home/lowenhard/acceleration/env/lib/python3.8/site-packages/airflow/example_dags/example_time_delta_sensor_async.py
[2022-03-29 09:45:40,301] {logging_mixin.py:109} INFO - [2022-03-29 09:45:40,301] {dag.py:2398} INFO - Sync 1 DAGs
[2022-03-29 09:45:40,313] {logging_mixin.py:109} INFO - [2022-03-29 09:45:40,313] {dag.py:2937} INFO - Setting next_dagrun for example_time_delta_sensor_async to None
[2022-03-29 09:45:42,403] {processor.py:171} INFO - Processing /home/lowenhard/acceleration/env/lib/python3.8/site-packages/airflow/example_dags/example_time_delta_sensor_async.py took 2.136 seconds
[2022-03-29 09:47:06,144] {processor.py:163} INFO - Started process (PID=1274) to work on /home/lowenhard/acceleration/env/lib/python3.8/site-packages/airflow/example_dags/example_time_delta_sensor_async.py
[2022-03-29 09:47:06,180] {processor.py:642} INFO - Processing file /home/lowenhard/acceleration/env/lib/python3.8/site-packages/airflow/example_dags/example_time_delta_sensor_async.py for tasks to queue
[2022-03-29 09:47:06,181] {logging_mixin.py:109} INFO - [2022-03-29 09:47:06,181] {dagbag.py:500} INFO - Filling up the DagBag from /home/lowenhard/acceleration/env/lib/python3.8/site-packages/airflow/example_dags/example_time_delta_sensor_async.py
[2022-03-29 09:47:07,536] {processor.py:654} INFO - DAG(s) dict_keys(['example_time_delta_sensor_async']) retrieved from /home/lowenhard/acceleration/env/lib/python3.8/site-packages/airflow/example_dags/example_time_delta_sensor_async.py
[2022-03-29 09:47:07,546] {logging_mixin.py:109} INFO - [2022-03-29 09:47:07,546] {dag.py:2398} INFO - Sync 1 DAGs
[2022-03-29 09:47:07,557] {logging_mixin.py:109} INFO - [2022-03-29 09:47:07,557] {dag.py:2937} INFO - Setting next_dagrun for example_time_delta_sensor_async to None
[2022-03-29 09:47:07,805] {processor.py:171} INFO - Processing /home/lowenhard/acceleration/env/lib/python3.8/site-packages/airflow/example_dags/example_time_delta_sensor_async.py took 1.663 seconds
[2022-03-29 09:48:23,329] {processor.py:163} INFO - Started process (PID=1351) to work on /home/lowenhard/acceleration/env/lib/python3.8/site-packages/airflow/example_dags/example_time_delta_sensor_async.py
[2022-03-29 09:48:23,345] {processor.py:642} INFO - Processing file /home/lowenhard/acceleration/env/lib/python3.8/site-packages/airflow/example_dags/example_time_delta_sensor_async.py for tasks to queue
[2022-03-29 09:48:23,346] {logging_mixin.py:109} INFO - [2022-03-29 09:48:23,345] {dagbag.py:500} INFO - Filling up the DagBag from /home/lowenhard/acceleration/env/lib/python3.8/site-packages/airflow/example_dags/example_time_delta_sensor_async.py
[2022-03-29 09:48:23,365] {processor.py:654} INFO - DAG(s) dict_keys(['example_time_delta_sensor_async']) retrieved from /home/lowenhard/acceleration/env/lib/python3.8/site-packages/airflow/example_dags/example_time_delta_sensor_async.py
[2022-03-29 09:48:23,373] {logging_mixin.py:109} INFO - [2022-03-29 09:48:23,373] {dag.py:2398} INFO - Sync 1 DAGs
[2022-03-29 09:48:23,385] {logging_mixin.py:109} INFO - [2022-03-29 09:48:23,384] {dag.py:2937} INFO - Setting next_dagrun for example_time_delta_sensor_async to None
[2022-03-29 09:48:23,528] {processor.py:171} INFO - Processing /home/lowenhard/acceleration/env/lib/python3.8/site-packages/airflow/example_dags/example_time_delta_sensor_async.py took 0.201 seconds
[2022-03-29 09:49:46,793] {processor.py:163} INFO - Started process (PID=1413) to work on /home/lowenhard/acceleration/env/lib/python3.8/site-packages/airflow/example_dags/example_time_delta_sensor_async.py
[2022-03-29 09:49:46,806] {processor.py:642} INFO - Processing file /home/lowenhard/acceleration/env/lib/python3.8/site-packages/airflow/example_dags/example_time_delta_sensor_async.py for tasks to queue
[2022-03-29 09:49:46,807] {logging_mixin.py:109} INFO - [2022-03-29 09:49:46,807] {dagbag.py:500} INFO - Filling up the DagBag from /home/lowenhard/acceleration/env/lib/python3.8/site-packages/airflow/example_dags/example_time_delta_sensor_async.py
[2022-03-29 09:49:46,828] {processor.py:654} INFO - DAG(s) dict_keys(['example_time_delta_sensor_async']) retrieved from /home/lowenhard/acceleration/env/lib/python3.8/site-packages/airflow/example_dags/example_time_delta_sensor_async.py
[2022-03-29 09:49:46,837] {logging_mixin.py:109} INFO - [2022-03-29 09:49:46,836] {dag.py:2398} INFO - Sync 1 DAGs
[2022-03-29 09:49:46,850] {logging_mixin.py:109} INFO - [2022-03-29 09:49:46,850] {dag.py:2937} INFO - Setting next_dagrun for example_time_delta_sensor_async to None
[2022-03-29 09:49:46,995] {processor.py:171} INFO - Processing /home/lowenhard/acceleration/env/lib/python3.8/site-packages/airflow/example_dags/example_time_delta_sensor_async.py took 0.205 seconds
[2022-03-29 09:51:16,066] {processor.py:163} INFO - Started process (PID=1492) to work on /home/lowenhard/acceleration/env/lib/python3.8/site-packages/airflow/example_dags/example_time_delta_sensor_async.py
[2022-03-29 09:51:16,076] {processor.py:642} INFO - Processing file /home/lowenhard/acceleration/env/lib/python3.8/site-packages/airflow/example_dags/example_time_delta_sensor_async.py for tasks to queue
[2022-03-29 09:51:16,077] {logging_mixin.py:109} INFO - [2022-03-29 09:51:16,076] {dagbag.py:500} INFO - Filling up the DagBag from /home/lowenhard/acceleration/env/lib/python3.8/site-packages/airflow/example_dags/example_time_delta_sensor_async.py
[2022-03-29 09:51:16,101] {processor.py:654} INFO - DAG(s) dict_keys(['example_time_delta_sensor_async']) retrieved from /home/lowenhard/acceleration/env/lib/python3.8/site-packages/airflow/example_dags/example_time_delta_sensor_async.py
[2022-03-29 09:51:16,110] {logging_mixin.py:109} INFO - [2022-03-29 09:51:16,110] {dag.py:2398} INFO - Sync 1 DAGs
[2022-03-29 09:51:16,125] {logging_mixin.py:109} INFO - [2022-03-29 09:51:16,125] {dag.py:2937} INFO - Setting next_dagrun for example_time_delta_sensor_async to None
[2022-03-29 09:51:16,276] {processor.py:171} INFO - Processing /home/lowenhard/acceleration/env/lib/python3.8/site-packages/airflow/example_dags/example_time_delta_sensor_async.py took 0.212 seconds
[2022-03-29 09:52:18,150] {processor.py:163} INFO - Started process (PID=1560) to work on /home/lowenhard/acceleration/env/lib/python3.8/site-packages/airflow/example_dags/example_time_delta_sensor_async.py
[2022-03-29 09:52:18,171] {processor.py:642} INFO - Processing file /home/lowenhard/acceleration/env/lib/python3.8/site-packages/airflow/example_dags/example_time_delta_sensor_async.py for tasks to queue
[2022-03-29 09:52:18,172] {logging_mixin.py:109} INFO - [2022-03-29 09:52:18,172] {dagbag.py:500} INFO - Filling up the DagBag from /home/lowenhard/acceleration/env/lib/python3.8/site-packages/airflow/example_dags/example_time_delta_sensor_async.py
[2022-03-29 09:52:18,200] {processor.py:654} INFO - DAG(s) dict_keys(['example_time_delta_sensor_async']) retrieved from /home/lowenhard/acceleration/env/lib/python3.8/site-packages/airflow/example_dags/example_time_delta_sensor_async.py
[2022-03-29 09:52:18,208] {logging_mixin.py:109} INFO - [2022-03-29 09:52:18,208] {dag.py:2398} INFO - Sync 1 DAGs
[2022-03-29 09:52:18,224] {logging_mixin.py:109} INFO - [2022-03-29 09:52:18,223] {dag.py:2937} INFO - Setting next_dagrun for example_time_delta_sensor_async to None
[2022-03-29 09:52:18,365] {processor.py:171} INFO - Processing /home/lowenhard/acceleration/env/lib/python3.8/site-packages/airflow/example_dags/example_time_delta_sensor_async.py took 0.218 seconds
[2022-03-29 09:53:26,912] {processor.py:163} INFO - Started process (PID=1626) to work on /home/lowenhard/acceleration/env/lib/python3.8/site-packages/airflow/example_dags/example_time_delta_sensor_async.py
[2022-03-29 09:53:26,946] {processor.py:642} INFO - Processing file /home/lowenhard/acceleration/env/lib/python3.8/site-packages/airflow/example_dags/example_time_delta_sensor_async.py for tasks to queue
[2022-03-29 09:53:26,947] {logging_mixin.py:109} INFO - [2022-03-29 09:53:26,946] {dagbag.py:500} INFO - Filling up the DagBag from /home/lowenhard/acceleration/env/lib/python3.8/site-packages/airflow/example_dags/example_time_delta_sensor_async.py
[2022-03-29 09:53:26,966] {processor.py:654} INFO - DAG(s) dict_keys(['example_time_delta_sensor_async']) retrieved from /home/lowenhard/acceleration/env/lib/python3.8/site-packages/airflow/example_dags/example_time_delta_sensor_async.py
[2022-03-29 09:53:26,974] {logging_mixin.py:109} INFO - [2022-03-29 09:53:26,974] {dag.py:2398} INFO - Sync 1 DAGs
[2022-03-29 09:53:26,986] {logging_mixin.py:109} INFO - [2022-03-29 09:53:26,986] {dag.py:2937} INFO - Setting next_dagrun for example_time_delta_sensor_async to None
[2022-03-29 09:53:27,210] {processor.py:171} INFO - Processing /home/lowenhard/acceleration/env/lib/python3.8/site-packages/airflow/example_dags/example_time_delta_sensor_async.py took 0.302 seconds
[2022-03-29 09:54:50,883] {processor.py:163} INFO - Started process (PID=1700) to work on /home/lowenhard/acceleration/env/lib/python3.8/site-packages/airflow/example_dags/example_time_delta_sensor_async.py
[2022-03-29 09:54:50,887] {processor.py:642} INFO - Processing file /home/lowenhard/acceleration/env/lib/python3.8/site-packages/airflow/example_dags/example_time_delta_sensor_async.py for tasks to queue
[2022-03-29 09:54:50,887] {logging_mixin.py:109} INFO - [2022-03-29 09:54:50,887] {dagbag.py:500} INFO - Filling up the DagBag from /home/lowenhard/acceleration/env/lib/python3.8/site-packages/airflow/example_dags/example_time_delta_sensor_async.py
[2022-03-29 09:54:50,907] {processor.py:654} INFO - DAG(s) dict_keys(['example_time_delta_sensor_async']) retrieved from /home/lowenhard/acceleration/env/lib/python3.8/site-packages/airflow/example_dags/example_time_delta_sensor_async.py
[2022-03-29 09:54:50,916] {logging_mixin.py:109} INFO - [2022-03-29 09:54:50,916] {dag.py:2398} INFO - Sync 1 DAGs
[2022-03-29 09:54:50,928] {logging_mixin.py:109} INFO - [2022-03-29 09:54:50,928] {dag.py:2937} INFO - Setting next_dagrun for example_time_delta_sensor_async to None
[2022-03-29 09:54:52,120] {processor.py:171} INFO - Processing /home/lowenhard/acceleration/env/lib/python3.8/site-packages/airflow/example_dags/example_time_delta_sensor_async.py took 1.239 seconds
[2022-03-29 09:55:44,036] {processor.py:163} INFO - Started process (PID=1757) to work on /home/lowenhard/acceleration/env/lib/python3.8/site-packages/airflow/example_dags/example_time_delta_sensor_async.py
[2022-03-29 09:55:44,039] {processor.py:642} INFO - Processing file /home/lowenhard/acceleration/env/lib/python3.8/site-packages/airflow/example_dags/example_time_delta_sensor_async.py for tasks to queue
[2022-03-29 09:55:44,040] {logging_mixin.py:109} INFO - [2022-03-29 09:55:44,040] {dagbag.py:500} INFO - Filling up the DagBag from /home/lowenhard/acceleration/env/lib/python3.8/site-packages/airflow/example_dags/example_time_delta_sensor_async.py
[2022-03-29 09:55:44,057] {processor.py:654} INFO - DAG(s) dict_keys(['example_time_delta_sensor_async']) retrieved from /home/lowenhard/acceleration/env/lib/python3.8/site-packages/airflow/example_dags/example_time_delta_sensor_async.py
[2022-03-29 09:55:44,066] {logging_mixin.py:109} INFO - [2022-03-29 09:55:44,066] {dag.py:2398} INFO - Sync 1 DAGs
[2022-03-29 09:55:44,077] {logging_mixin.py:109} INFO - [2022-03-29 09:55:44,077] {dag.py:2937} INFO - Setting next_dagrun for example_time_delta_sensor_async to None
[2022-03-29 09:55:44,247] {processor.py:171} INFO - Processing /home/lowenhard/acceleration/env/lib/python3.8/site-packages/airflow/example_dags/example_time_delta_sensor_async.py took 0.212 seconds
[2022-03-29 09:56:35,488] {processor.py:163} INFO - Started process (PID=1808) to work on /home/lowenhard/acceleration/env/lib/python3.8/site-packages/airflow/example_dags/example_time_delta_sensor_async.py
[2022-03-29 09:56:35,492] {processor.py:642} INFO - Processing file /home/lowenhard/acceleration/env/lib/python3.8/site-packages/airflow/example_dags/example_time_delta_sensor_async.py for tasks to queue
[2022-03-29 09:56:35,493] {logging_mixin.py:109} INFO - [2022-03-29 09:56:35,492] {dagbag.py:500} INFO - Filling up the DagBag from /home/lowenhard/acceleration/env/lib/python3.8/site-packages/airflow/example_dags/example_time_delta_sensor_async.py
[2022-03-29 09:56:35,511] {processor.py:654} INFO - DAG(s) dict_keys(['example_time_delta_sensor_async']) retrieved from /home/lowenhard/acceleration/env/lib/python3.8/site-packages/airflow/example_dags/example_time_delta_sensor_async.py
[2022-03-29 09:56:35,519] {logging_mixin.py:109} INFO - [2022-03-29 09:56:35,519] {dag.py:2398} INFO - Sync 1 DAGs
[2022-03-29 09:56:35,531] {logging_mixin.py:109} INFO - [2022-03-29 09:56:35,531] {dag.py:2937} INFO - Setting next_dagrun for example_time_delta_sensor_async to None
[2022-03-29 09:56:35,864] {processor.py:171} INFO - Processing /home/lowenhard/acceleration/env/lib/python3.8/site-packages/airflow/example_dags/example_time_delta_sensor_async.py took 0.378 seconds
[2022-03-29 09:57:30,277] {processor.py:163} INFO - Started process (PID=1863) to work on /home/lowenhard/acceleration/env/lib/python3.8/site-packages/airflow/example_dags/example_time_delta_sensor_async.py
[2022-03-29 09:57:30,279] {processor.py:642} INFO - Processing file /home/lowenhard/acceleration/env/lib/python3.8/site-packages/airflow/example_dags/example_time_delta_sensor_async.py for tasks to queue
[2022-03-29 09:57:30,280] {logging_mixin.py:109} INFO - [2022-03-29 09:57:30,280] {dagbag.py:500} INFO - Filling up the DagBag from /home/lowenhard/acceleration/env/lib/python3.8/site-packages/airflow/example_dags/example_time_delta_sensor_async.py
[2022-03-29 09:57:30,298] {processor.py:654} INFO - DAG(s) dict_keys(['example_time_delta_sensor_async']) retrieved from /home/lowenhard/acceleration/env/lib/python3.8/site-packages/airflow/example_dags/example_time_delta_sensor_async.py
[2022-03-29 09:57:30,307] {logging_mixin.py:109} INFO - [2022-03-29 09:57:30,307] {dag.py:2398} INFO - Sync 1 DAGs
[2022-03-29 09:57:30,318] {logging_mixin.py:109} INFO - [2022-03-29 09:57:30,318] {dag.py:2937} INFO - Setting next_dagrun for example_time_delta_sensor_async to None
[2022-03-29 09:57:31,185] {processor.py:171} INFO - Processing /home/lowenhard/acceleration/env/lib/python3.8/site-packages/airflow/example_dags/example_time_delta_sensor_async.py took 0.910 seconds
[2022-03-29 09:58:25,791] {processor.py:163} INFO - Started process (PID=1915) to work on /home/lowenhard/acceleration/env/lib/python3.8/site-packages/airflow/example_dags/example_time_delta_sensor_async.py
[2022-03-29 09:58:25,795] {processor.py:642} INFO - Processing file /home/lowenhard/acceleration/env/lib/python3.8/site-packages/airflow/example_dags/example_time_delta_sensor_async.py for tasks to queue
[2022-03-29 09:58:25,796] {logging_mixin.py:109} INFO - [2022-03-29 09:58:25,795] {dagbag.py:500} INFO - Filling up the DagBag from /home/lowenhard/acceleration/env/lib/python3.8/site-packages/airflow/example_dags/example_time_delta_sensor_async.py
[2022-03-29 09:58:25,814] {processor.py:654} INFO - DAG(s) dict_keys(['example_time_delta_sensor_async']) retrieved from /home/lowenhard/acceleration/env/lib/python3.8/site-packages/airflow/example_dags/example_time_delta_sensor_async.py
[2022-03-29 09:58:25,822] {logging_mixin.py:109} INFO - [2022-03-29 09:58:25,822] {dag.py:2398} INFO - Sync 1 DAGs
[2022-03-29 09:58:25,834] {logging_mixin.py:109} INFO - [2022-03-29 09:58:25,834] {dag.py:2937} INFO - Setting next_dagrun for example_time_delta_sensor_async to None
[2022-03-29 09:58:26,022] {processor.py:171} INFO - Processing /home/lowenhard/acceleration/env/lib/python3.8/site-packages/airflow/example_dags/example_time_delta_sensor_async.py took 0.236 seconds
[2022-03-29 09:59:30,438] {processor.py:163} INFO - Started process (PID=1971) to work on /home/lowenhard/acceleration/env/lib/python3.8/site-packages/airflow/example_dags/example_time_delta_sensor_async.py
[2022-03-29 09:59:30,470] {processor.py:642} INFO - Processing file /home/lowenhard/acceleration/env/lib/python3.8/site-packages/airflow/example_dags/example_time_delta_sensor_async.py for tasks to queue
[2022-03-29 09:59:30,471] {logging_mixin.py:109} INFO - [2022-03-29 09:59:30,471] {dagbag.py:500} INFO - Filling up the DagBag from /home/lowenhard/acceleration/env/lib/python3.8/site-packages/airflow/example_dags/example_time_delta_sensor_async.py
[2022-03-29 09:59:30,499] {processor.py:654} INFO - DAG(s) dict_keys(['example_time_delta_sensor_async']) retrieved from /home/lowenhard/acceleration/env/lib/python3.8/site-packages/airflow/example_dags/example_time_delta_sensor_async.py
[2022-03-29 09:59:30,513] {logging_mixin.py:109} INFO - [2022-03-29 09:59:30,513] {dag.py:2398} INFO - Sync 1 DAGs
[2022-03-29 09:59:30,531] {logging_mixin.py:109} INFO - [2022-03-29 09:59:30,531] {dag.py:2937} INFO - Setting next_dagrun for example_time_delta_sensor_async to None
[2022-03-29 09:59:31,602] {processor.py:171} INFO - Processing /home/lowenhard/acceleration/env/lib/python3.8/site-packages/airflow/example_dags/example_time_delta_sensor_async.py took 1.168 seconds
[2022-03-29 10:01:08,221] {processor.py:163} INFO - Started process (PID=2053) to work on /home/lowenhard/acceleration/env/lib/python3.8/site-packages/airflow/example_dags/example_time_delta_sensor_async.py
[2022-03-29 10:01:08,727] {processor.py:642} INFO - Processing file /home/lowenhard/acceleration/env/lib/python3.8/site-packages/airflow/example_dags/example_time_delta_sensor_async.py for tasks to queue
[2022-03-29 10:01:08,727] {logging_mixin.py:109} INFO - [2022-03-29 10:01:08,727] {dagbag.py:500} INFO - Filling up the DagBag from /home/lowenhard/acceleration/env/lib/python3.8/site-packages/airflow/example_dags/example_time_delta_sensor_async.py
[2022-03-29 10:01:08,746] {processor.py:654} INFO - DAG(s) dict_keys(['example_time_delta_sensor_async']) retrieved from /home/lowenhard/acceleration/env/lib/python3.8/site-packages/airflow/example_dags/example_time_delta_sensor_async.py
[2022-03-29 10:01:08,755] {logging_mixin.py:109} INFO - [2022-03-29 10:01:08,755] {dag.py:2398} INFO - Sync 1 DAGs
[2022-03-29 10:01:08,768] {logging_mixin.py:109} INFO - [2022-03-29 10:01:08,768] {dag.py:2937} INFO - Setting next_dagrun for example_time_delta_sensor_async to None
[2022-03-29 10:01:09,052] {processor.py:171} INFO - Processing /home/lowenhard/acceleration/env/lib/python3.8/site-packages/airflow/example_dags/example_time_delta_sensor_async.py took 0.835 seconds
[2022-03-29 10:02:30,774] {processor.py:163} INFO - Started process (PID=2111) to work on /home/lowenhard/acceleration/env/lib/python3.8/site-packages/airflow/example_dags/example_time_delta_sensor_async.py
[2022-03-29 10:02:30,777] {processor.py:642} INFO - Processing file /home/lowenhard/acceleration/env/lib/python3.8/site-packages/airflow/example_dags/example_time_delta_sensor_async.py for tasks to queue
[2022-03-29 10:02:30,778] {logging_mixin.py:109} INFO - [2022-03-29 10:02:30,778] {dagbag.py:500} INFO - Filling up the DagBag from /home/lowenhard/acceleration/env/lib/python3.8/site-packages/airflow/example_dags/example_time_delta_sensor_async.py
[2022-03-29 10:02:30,797] {processor.py:654} INFO - DAG(s) dict_keys(['example_time_delta_sensor_async']) retrieved from /home/lowenhard/acceleration/env/lib/python3.8/site-packages/airflow/example_dags/example_time_delta_sensor_async.py
[2022-03-29 10:02:30,805] {logging_mixin.py:109} INFO - [2022-03-29 10:02:30,805] {dag.py:2398} INFO - Sync 1 DAGs
[2022-03-29 10:02:30,816] {logging_mixin.py:109} INFO - [2022-03-29 10:02:30,816] {dag.py:2937} INFO - Setting next_dagrun for example_time_delta_sensor_async to None
[2022-03-29 10:02:32,103] {processor.py:171} INFO - Processing /home/lowenhard/acceleration/env/lib/python3.8/site-packages/airflow/example_dags/example_time_delta_sensor_async.py took 1.331 seconds
[2022-03-29 10:03:42,733] {processor.py:163} INFO - Started process (PID=2183) to work on /home/lowenhard/acceleration/env/lib/python3.8/site-packages/airflow/example_dags/example_time_delta_sensor_async.py
[2022-03-29 10:03:42,738] {processor.py:642} INFO - Processing file /home/lowenhard/acceleration/env/lib/python3.8/site-packages/airflow/example_dags/example_time_delta_sensor_async.py for tasks to queue
[2022-03-29 10:03:42,739] {logging_mixin.py:109} INFO - [2022-03-29 10:03:42,739] {dagbag.py:500} INFO - Filling up the DagBag from /home/lowenhard/acceleration/env/lib/python3.8/site-packages/airflow/example_dags/example_time_delta_sensor_async.py
[2022-03-29 10:03:42,761] {processor.py:654} INFO - DAG(s) dict_keys(['example_time_delta_sensor_async']) retrieved from /home/lowenhard/acceleration/env/lib/python3.8/site-packages/airflow/example_dags/example_time_delta_sensor_async.py
[2022-03-29 10:03:42,772] {logging_mixin.py:109} INFO - [2022-03-29 10:03:42,772] {dag.py:2398} INFO - Sync 1 DAGs
[2022-03-29 10:03:42,786] {logging_mixin.py:109} INFO - [2022-03-29 10:03:42,786] {dag.py:2937} INFO - Setting next_dagrun for example_time_delta_sensor_async to None
[2022-03-29 10:03:42,941] {processor.py:171} INFO - Processing /home/lowenhard/acceleration/env/lib/python3.8/site-packages/airflow/example_dags/example_time_delta_sensor_async.py took 0.211 seconds
[2022-03-29 10:05:18,890] {processor.py:163} INFO - Started process (PID=2255) to work on /home/lowenhard/acceleration/env/lib/python3.8/site-packages/airflow/example_dags/example_time_delta_sensor_async.py
[2022-03-29 10:05:18,893] {processor.py:642} INFO - Processing file /home/lowenhard/acceleration/env/lib/python3.8/site-packages/airflow/example_dags/example_time_delta_sensor_async.py for tasks to queue
[2022-03-29 10:05:18,894] {logging_mixin.py:109} INFO - [2022-03-29 10:05:18,894] {dagbag.py:500} INFO - Filling up the DagBag from /home/lowenhard/acceleration/env/lib/python3.8/site-packages/airflow/example_dags/example_time_delta_sensor_async.py
[2022-03-29 10:05:18,914] {processor.py:654} INFO - DAG(s) dict_keys(['example_time_delta_sensor_async']) retrieved from /home/lowenhard/acceleration/env/lib/python3.8/site-packages/airflow/example_dags/example_time_delta_sensor_async.py
[2022-03-29 10:05:18,922] {logging_mixin.py:109} INFO - [2022-03-29 10:05:18,922] {dag.py:2398} INFO - Sync 1 DAGs
[2022-03-29 10:05:18,934] {logging_mixin.py:109} INFO - [2022-03-29 10:05:18,934] {dag.py:2937} INFO - Setting next_dagrun for example_time_delta_sensor_async to None
[2022-03-29 10:05:19,343] {processor.py:171} INFO - Processing /home/lowenhard/acceleration/env/lib/python3.8/site-packages/airflow/example_dags/example_time_delta_sensor_async.py took 0.457 seconds
[2022-03-29 10:06:32,235] {processor.py:163} INFO - Started process (PID=2334) to work on /home/lowenhard/acceleration/env/lib/python3.8/site-packages/airflow/example_dags/example_time_delta_sensor_async.py
[2022-03-29 10:06:32,245] {processor.py:642} INFO - Processing file /home/lowenhard/acceleration/env/lib/python3.8/site-packages/airflow/example_dags/example_time_delta_sensor_async.py for tasks to queue
[2022-03-29 10:06:32,245] {logging_mixin.py:109} INFO - [2022-03-29 10:06:32,245] {dagbag.py:500} INFO - Filling up the DagBag from /home/lowenhard/acceleration/env/lib/python3.8/site-packages/airflow/example_dags/example_time_delta_sensor_async.py
[2022-03-29 10:06:32,268] {processor.py:654} INFO - DAG(s) dict_keys(['example_time_delta_sensor_async']) retrieved from /home/lowenhard/acceleration/env/lib/python3.8/site-packages/airflow/example_dags/example_time_delta_sensor_async.py
[2022-03-29 10:06:32,277] {logging_mixin.py:109} INFO - [2022-03-29 10:06:32,277] {dag.py:2398} INFO - Sync 1 DAGs
[2022-03-29 10:06:32,295] {logging_mixin.py:109} INFO - [2022-03-29 10:06:32,295] {dag.py:2937} INFO - Setting next_dagrun for example_time_delta_sensor_async to None
[2022-03-29 10:06:33,036] {processor.py:171} INFO - Processing /home/lowenhard/acceleration/env/lib/python3.8/site-packages/airflow/example_dags/example_time_delta_sensor_async.py took 0.804 seconds
[2022-03-29 10:07:25,726] {processor.py:163} INFO - Started process (PID=2386) to work on /home/lowenhard/acceleration/env/lib/python3.8/site-packages/airflow/example_dags/example_time_delta_sensor_async.py
[2022-03-29 10:07:25,729] {processor.py:642} INFO - Processing file /home/lowenhard/acceleration/env/lib/python3.8/site-packages/airflow/example_dags/example_time_delta_sensor_async.py for tasks to queue
[2022-03-29 10:07:25,730] {logging_mixin.py:109} INFO - [2022-03-29 10:07:25,730] {dagbag.py:500} INFO - Filling up the DagBag from /home/lowenhard/acceleration/env/lib/python3.8/site-packages/airflow/example_dags/example_time_delta_sensor_async.py
[2022-03-29 10:07:25,749] {processor.py:654} INFO - DAG(s) dict_keys(['example_time_delta_sensor_async']) retrieved from /home/lowenhard/acceleration/env/lib/python3.8/site-packages/airflow/example_dags/example_time_delta_sensor_async.py
[2022-03-29 10:07:25,758] {logging_mixin.py:109} INFO - [2022-03-29 10:07:25,758] {dag.py:2398} INFO - Sync 1 DAGs
[2022-03-29 10:07:25,769] {logging_mixin.py:109} INFO - [2022-03-29 10:07:25,769] {dag.py:2937} INFO - Setting next_dagrun for example_time_delta_sensor_async to None
[2022-03-29 10:07:25,918] {processor.py:171} INFO - Processing /home/lowenhard/acceleration/env/lib/python3.8/site-packages/airflow/example_dags/example_time_delta_sensor_async.py took 0.194 seconds
[2022-03-29 10:08:38,694] {processor.py:163} INFO - Started process (PID=2455) to work on /home/lowenhard/acceleration/env/lib/python3.8/site-packages/airflow/example_dags/example_time_delta_sensor_async.py
[2022-03-29 10:08:38,704] {processor.py:642} INFO - Processing file /home/lowenhard/acceleration/env/lib/python3.8/site-packages/airflow/example_dags/example_time_delta_sensor_async.py for tasks to queue
[2022-03-29 10:08:38,705] {logging_mixin.py:109} INFO - [2022-03-29 10:08:38,705] {dagbag.py:500} INFO - Filling up the DagBag from /home/lowenhard/acceleration/env/lib/python3.8/site-packages/airflow/example_dags/example_time_delta_sensor_async.py
[2022-03-29 10:08:38,724] {processor.py:654} INFO - DAG(s) dict_keys(['example_time_delta_sensor_async']) retrieved from /home/lowenhard/acceleration/env/lib/python3.8/site-packages/airflow/example_dags/example_time_delta_sensor_async.py
[2022-03-29 10:08:38,733] {logging_mixin.py:109} INFO - [2022-03-29 10:08:38,733] {dag.py:2398} INFO - Sync 1 DAGs
[2022-03-29 10:08:38,747] {logging_mixin.py:109} INFO - [2022-03-29 10:08:38,747] {dag.py:2937} INFO - Setting next_dagrun for example_time_delta_sensor_async to None
[2022-03-29 10:08:40,262] {processor.py:171} INFO - Processing /home/lowenhard/acceleration/env/lib/python3.8/site-packages/airflow/example_dags/example_time_delta_sensor_async.py took 1.570 seconds
[2022-03-29 10:09:35,954] {processor.py:163} INFO - Started process (PID=2516) to work on /home/lowenhard/acceleration/env/lib/python3.8/site-packages/airflow/example_dags/example_time_delta_sensor_async.py
[2022-03-29 10:09:35,966] {processor.py:642} INFO - Processing file /home/lowenhard/acceleration/env/lib/python3.8/site-packages/airflow/example_dags/example_time_delta_sensor_async.py for tasks to queue
[2022-03-29 10:09:35,967] {logging_mixin.py:109} INFO - [2022-03-29 10:09:35,966] {dagbag.py:500} INFO - Filling up the DagBag from /home/lowenhard/acceleration/env/lib/python3.8/site-packages/airflow/example_dags/example_time_delta_sensor_async.py
[2022-03-29 10:09:36,028] {processor.py:654} INFO - DAG(s) dict_keys(['example_time_delta_sensor_async']) retrieved from /home/lowenhard/acceleration/env/lib/python3.8/site-packages/airflow/example_dags/example_time_delta_sensor_async.py
[2022-03-29 10:09:36,063] {logging_mixin.py:109} INFO - [2022-03-29 10:09:36,063] {dag.py:2398} INFO - Sync 1 DAGs
[2022-03-29 10:09:36,086] {logging_mixin.py:109} INFO - [2022-03-29 10:09:36,086] {dag.py:2937} INFO - Setting next_dagrun for example_time_delta_sensor_async to None
[2022-03-29 10:09:36,225] {processor.py:171} INFO - Processing /home/lowenhard/acceleration/env/lib/python3.8/site-packages/airflow/example_dags/example_time_delta_sensor_async.py took 0.274 seconds
[2022-03-29 10:10:44,907] {processor.py:163} INFO - Started process (PID=2574) to work on /home/lowenhard/acceleration/env/lib/python3.8/site-packages/airflow/example_dags/example_time_delta_sensor_async.py
[2022-03-29 10:10:44,921] {processor.py:642} INFO - Processing file /home/lowenhard/acceleration/env/lib/python3.8/site-packages/airflow/example_dags/example_time_delta_sensor_async.py for tasks to queue
[2022-03-29 10:10:44,922] {logging_mixin.py:109} INFO - [2022-03-29 10:10:44,922] {dagbag.py:500} INFO - Filling up the DagBag from /home/lowenhard/acceleration/env/lib/python3.8/site-packages/airflow/example_dags/example_time_delta_sensor_async.py
[2022-03-29 10:10:44,940] {processor.py:654} INFO - DAG(s) dict_keys(['example_time_delta_sensor_async']) retrieved from /home/lowenhard/acceleration/env/lib/python3.8/site-packages/airflow/example_dags/example_time_delta_sensor_async.py
[2022-03-29 10:10:44,948] {logging_mixin.py:109} INFO - [2022-03-29 10:10:44,948] {dag.py:2398} INFO - Sync 1 DAGs
[2022-03-29 10:10:44,961] {logging_mixin.py:109} INFO - [2022-03-29 10:10:44,961] {dag.py:2937} INFO - Setting next_dagrun for example_time_delta_sensor_async to None
[2022-03-29 10:10:45,675] {processor.py:171} INFO - Processing /home/lowenhard/acceleration/env/lib/python3.8/site-packages/airflow/example_dags/example_time_delta_sensor_async.py took 0.770 seconds
[2022-03-29 10:12:49,340] {processor.py:163} INFO - Started process (PID=2677) to work on /home/lowenhard/acceleration/env/lib/python3.8/site-packages/airflow/example_dags/example_time_delta_sensor_async.py
[2022-03-29 10:12:49,342] {processor.py:642} INFO - Processing file /home/lowenhard/acceleration/env/lib/python3.8/site-packages/airflow/example_dags/example_time_delta_sensor_async.py for tasks to queue
[2022-03-29 10:12:49,343] {logging_mixin.py:109} INFO - [2022-03-29 10:12:49,343] {dagbag.py:500} INFO - Filling up the DagBag from /home/lowenhard/acceleration/env/lib/python3.8/site-packages/airflow/example_dags/example_time_delta_sensor_async.py
[2022-03-29 10:12:49,363] {processor.py:654} INFO - DAG(s) dict_keys(['example_time_delta_sensor_async']) retrieved from /home/lowenhard/acceleration/env/lib/python3.8/site-packages/airflow/example_dags/example_time_delta_sensor_async.py
[2022-03-29 10:12:49,372] {logging_mixin.py:109} INFO - [2022-03-29 10:12:49,372] {dag.py:2398} INFO - Sync 1 DAGs
[2022-03-29 10:12:49,386] {logging_mixin.py:109} INFO - [2022-03-29 10:12:49,386] {dag.py:2937} INFO - Setting next_dagrun for example_time_delta_sensor_async to None
[2022-03-29 10:12:49,528] {processor.py:171} INFO - Processing /home/lowenhard/acceleration/env/lib/python3.8/site-packages/airflow/example_dags/example_time_delta_sensor_async.py took 0.192 seconds
[2022-03-29 10:13:56,203] {processor.py:163} INFO - Started process (PID=2743) to work on /home/lowenhard/acceleration/env/lib/python3.8/site-packages/airflow/example_dags/example_time_delta_sensor_async.py
[2022-03-29 10:13:56,204] {processor.py:642} INFO - Processing file /home/lowenhard/acceleration/env/lib/python3.8/site-packages/airflow/example_dags/example_time_delta_sensor_async.py for tasks to queue
[2022-03-29 10:13:56,205] {logging_mixin.py:109} INFO - [2022-03-29 10:13:56,205] {dagbag.py:500} INFO - Filling up the DagBag from /home/lowenhard/acceleration/env/lib/python3.8/site-packages/airflow/example_dags/example_time_delta_sensor_async.py
[2022-03-29 10:13:56,241] {processor.py:654} INFO - DAG(s) dict_keys(['example_time_delta_sensor_async']) retrieved from /home/lowenhard/acceleration/env/lib/python3.8/site-packages/airflow/example_dags/example_time_delta_sensor_async.py
[2022-03-29 10:13:56,258] {logging_mixin.py:109} INFO - [2022-03-29 10:13:56,258] {dag.py:2398} INFO - Sync 1 DAGs
[2022-03-29 10:13:56,295] {logging_mixin.py:109} INFO - [2022-03-29 10:13:56,295] {dag.py:2937} INFO - Setting next_dagrun for example_time_delta_sensor_async to None
[2022-03-29 10:13:56,650] {processor.py:171} INFO - Processing /home/lowenhard/acceleration/env/lib/python3.8/site-packages/airflow/example_dags/example_time_delta_sensor_async.py took 0.449 seconds
[2022-03-29 10:15:34,267] {processor.py:163} INFO - Started process (PID=2832) to work on /home/lowenhard/acceleration/env/lib/python3.8/site-packages/airflow/example_dags/example_time_delta_sensor_async.py
[2022-03-29 10:15:34,283] {processor.py:642} INFO - Processing file /home/lowenhard/acceleration/env/lib/python3.8/site-packages/airflow/example_dags/example_time_delta_sensor_async.py for tasks to queue
[2022-03-29 10:15:34,284] {logging_mixin.py:109} INFO - [2022-03-29 10:15:34,283] {dagbag.py:500} INFO - Filling up the DagBag from /home/lowenhard/acceleration/env/lib/python3.8/site-packages/airflow/example_dags/example_time_delta_sensor_async.py
[2022-03-29 10:15:34,309] {processor.py:654} INFO - DAG(s) dict_keys(['example_time_delta_sensor_async']) retrieved from /home/lowenhard/acceleration/env/lib/python3.8/site-packages/airflow/example_dags/example_time_delta_sensor_async.py
[2022-03-29 10:15:34,327] {logging_mixin.py:109} INFO - [2022-03-29 10:15:34,327] {dag.py:2398} INFO - Sync 1 DAGs
[2022-03-29 10:15:34,350] {logging_mixin.py:109} INFO - [2022-03-29 10:15:34,350] {dag.py:2937} INFO - Setting next_dagrun for example_time_delta_sensor_async to None
[2022-03-29 10:15:34,528] {processor.py:171} INFO - Processing /home/lowenhard/acceleration/env/lib/python3.8/site-packages/airflow/example_dags/example_time_delta_sensor_async.py took 0.264 seconds
[2022-03-29 10:17:05,901] {processor.py:163} INFO - Started process (PID=2921) to work on /home/lowenhard/acceleration/env/lib/python3.8/site-packages/airflow/example_dags/example_time_delta_sensor_async.py
[2022-03-29 10:17:06,068] {processor.py:642} INFO - Processing file /home/lowenhard/acceleration/env/lib/python3.8/site-packages/airflow/example_dags/example_time_delta_sensor_async.py for tasks to queue
[2022-03-29 10:17:06,069] {logging_mixin.py:109} INFO - [2022-03-29 10:17:06,069] {dagbag.py:500} INFO - Filling up the DagBag from /home/lowenhard/acceleration/env/lib/python3.8/site-packages/airflow/example_dags/example_time_delta_sensor_async.py
[2022-03-29 10:17:06,090] {processor.py:654} INFO - DAG(s) dict_keys(['example_time_delta_sensor_async']) retrieved from /home/lowenhard/acceleration/env/lib/python3.8/site-packages/airflow/example_dags/example_time_delta_sensor_async.py
[2022-03-29 10:17:06,098] {logging_mixin.py:109} INFO - [2022-03-29 10:17:06,098] {dag.py:2398} INFO - Sync 1 DAGs
[2022-03-29 10:17:06,111] {logging_mixin.py:109} INFO - [2022-03-29 10:17:06,110] {dag.py:2937} INFO - Setting next_dagrun for example_time_delta_sensor_async to None
[2022-03-29 10:17:06,343] {processor.py:171} INFO - Processing /home/lowenhard/acceleration/env/lib/python3.8/site-packages/airflow/example_dags/example_time_delta_sensor_async.py took 0.445 seconds
[2022-03-29 10:18:57,707] {processor.py:163} INFO - Started process (PID=3020) to work on /home/lowenhard/acceleration/env/lib/python3.8/site-packages/airflow/example_dags/example_time_delta_sensor_async.py
[2022-03-29 10:18:57,722] {processor.py:642} INFO - Processing file /home/lowenhard/acceleration/env/lib/python3.8/site-packages/airflow/example_dags/example_time_delta_sensor_async.py for tasks to queue
[2022-03-29 10:18:57,723] {logging_mixin.py:109} INFO - [2022-03-29 10:18:57,723] {dagbag.py:500} INFO - Filling up the DagBag from /home/lowenhard/acceleration/env/lib/python3.8/site-packages/airflow/example_dags/example_time_delta_sensor_async.py
[2022-03-29 10:18:57,747] {processor.py:654} INFO - DAG(s) dict_keys(['example_time_delta_sensor_async']) retrieved from /home/lowenhard/acceleration/env/lib/python3.8/site-packages/airflow/example_dags/example_time_delta_sensor_async.py
[2022-03-29 10:18:57,756] {logging_mixin.py:109} INFO - [2022-03-29 10:18:57,756] {dag.py:2398} INFO - Sync 1 DAGs
[2022-03-29 10:18:57,768] {logging_mixin.py:109} INFO - [2022-03-29 10:18:57,768] {dag.py:2937} INFO - Setting next_dagrun for example_time_delta_sensor_async to None
[2022-03-29 10:18:58,875] {processor.py:171} INFO - Processing /home/lowenhard/acceleration/env/lib/python3.8/site-packages/airflow/example_dags/example_time_delta_sensor_async.py took 1.171 seconds
[2022-03-29 10:20:36,574] {processor.py:163} INFO - Started process (PID=3114) to work on /home/lowenhard/acceleration/env/lib/python3.8/site-packages/airflow/example_dags/example_time_delta_sensor_async.py
[2022-03-29 10:20:37,676] {processor.py:642} INFO - Processing file /home/lowenhard/acceleration/env/lib/python3.8/site-packages/airflow/example_dags/example_time_delta_sensor_async.py for tasks to queue
[2022-03-29 10:20:37,676] {logging_mixin.py:109} INFO - [2022-03-29 10:20:37,676] {dagbag.py:500} INFO - Filling up the DagBag from /home/lowenhard/acceleration/env/lib/python3.8/site-packages/airflow/example_dags/example_time_delta_sensor_async.py
[2022-03-29 10:20:37,696] {processor.py:654} INFO - DAG(s) dict_keys(['example_time_delta_sensor_async']) retrieved from /home/lowenhard/acceleration/env/lib/python3.8/site-packages/airflow/example_dags/example_time_delta_sensor_async.py
[2022-03-29 10:20:37,704] {logging_mixin.py:109} INFO - [2022-03-29 10:20:37,704] {dag.py:2398} INFO - Sync 1 DAGs
[2022-03-29 10:20:37,716] {logging_mixin.py:109} INFO - [2022-03-29 10:20:37,716] {dag.py:2937} INFO - Setting next_dagrun for example_time_delta_sensor_async to None
[2022-03-29 10:20:38,027] {processor.py:171} INFO - Processing /home/lowenhard/acceleration/env/lib/python3.8/site-packages/airflow/example_dags/example_time_delta_sensor_async.py took 1.457 seconds
[2022-03-29 10:22:30,588] {processor.py:163} INFO - Started process (PID=3212) to work on /home/lowenhard/acceleration/env/lib/python3.8/site-packages/airflow/example_dags/example_time_delta_sensor_async.py
[2022-03-29 10:22:30,601] {processor.py:642} INFO - Processing file /home/lowenhard/acceleration/env/lib/python3.8/site-packages/airflow/example_dags/example_time_delta_sensor_async.py for tasks to queue
[2022-03-29 10:22:30,602] {logging_mixin.py:109} INFO - [2022-03-29 10:22:30,602] {dagbag.py:500} INFO - Filling up the DagBag from /home/lowenhard/acceleration/env/lib/python3.8/site-packages/airflow/example_dags/example_time_delta_sensor_async.py
[2022-03-29 10:22:30,621] {processor.py:654} INFO - DAG(s) dict_keys(['example_time_delta_sensor_async']) retrieved from /home/lowenhard/acceleration/env/lib/python3.8/site-packages/airflow/example_dags/example_time_delta_sensor_async.py
[2022-03-29 10:22:30,629] {logging_mixin.py:109} INFO - [2022-03-29 10:22:30,629] {dag.py:2398} INFO - Sync 1 DAGs
[2022-03-29 10:22:30,641] {logging_mixin.py:109} INFO - [2022-03-29 10:22:30,641] {dag.py:2937} INFO - Setting next_dagrun for example_time_delta_sensor_async to None
[2022-03-29 10:22:30,764] {processor.py:171} INFO - Processing /home/lowenhard/acceleration/env/lib/python3.8/site-packages/airflow/example_dags/example_time_delta_sensor_async.py took 0.178 seconds
[2022-03-29 10:23:27,756] {processor.py:163} INFO - Started process (PID=3275) to work on /home/lowenhard/acceleration/env/lib/python3.8/site-packages/airflow/example_dags/example_time_delta_sensor_async.py
[2022-03-29 10:23:27,767] {processor.py:642} INFO - Processing file /home/lowenhard/acceleration/env/lib/python3.8/site-packages/airflow/example_dags/example_time_delta_sensor_async.py for tasks to queue
[2022-03-29 10:23:27,767] {logging_mixin.py:109} INFO - [2022-03-29 10:23:27,767] {dagbag.py:500} INFO - Filling up the DagBag from /home/lowenhard/acceleration/env/lib/python3.8/site-packages/airflow/example_dags/example_time_delta_sensor_async.py
[2022-03-29 10:23:27,791] {processor.py:654} INFO - DAG(s) dict_keys(['example_time_delta_sensor_async']) retrieved from /home/lowenhard/acceleration/env/lib/python3.8/site-packages/airflow/example_dags/example_time_delta_sensor_async.py
[2022-03-29 10:23:27,801] {logging_mixin.py:109} INFO - [2022-03-29 10:23:27,800] {dag.py:2398} INFO - Sync 1 DAGs
[2022-03-29 10:23:27,813] {logging_mixin.py:109} INFO - [2022-03-29 10:23:27,813] {dag.py:2937} INFO - Setting next_dagrun for example_time_delta_sensor_async to None
[2022-03-29 10:23:27,954] {processor.py:171} INFO - Processing /home/lowenhard/acceleration/env/lib/python3.8/site-packages/airflow/example_dags/example_time_delta_sensor_async.py took 0.200 seconds
[2022-03-29 10:24:23,106] {processor.py:163} INFO - Started process (PID=3327) to work on /home/lowenhard/acceleration/env/lib/python3.8/site-packages/airflow/example_dags/example_time_delta_sensor_async.py
[2022-03-29 10:24:23,123] {processor.py:642} INFO - Processing file /home/lowenhard/acceleration/env/lib/python3.8/site-packages/airflow/example_dags/example_time_delta_sensor_async.py for tasks to queue
[2022-03-29 10:24:23,124] {logging_mixin.py:109} INFO - [2022-03-29 10:24:23,124] {dagbag.py:500} INFO - Filling up the DagBag from /home/lowenhard/acceleration/env/lib/python3.8/site-packages/airflow/example_dags/example_time_delta_sensor_async.py
[2022-03-29 10:24:23,143] {processor.py:654} INFO - DAG(s) dict_keys(['example_time_delta_sensor_async']) retrieved from /home/lowenhard/acceleration/env/lib/python3.8/site-packages/airflow/example_dags/example_time_delta_sensor_async.py
[2022-03-29 10:24:23,156] {logging_mixin.py:109} INFO - [2022-03-29 10:24:23,155] {dag.py:2398} INFO - Sync 1 DAGs
[2022-03-29 10:24:23,173] {logging_mixin.py:109} INFO - [2022-03-29 10:24:23,173] {dag.py:2937} INFO - Setting next_dagrun for example_time_delta_sensor_async to None
[2022-03-29 10:24:23,377] {processor.py:171} INFO - Processing /home/lowenhard/acceleration/env/lib/python3.8/site-packages/airflow/example_dags/example_time_delta_sensor_async.py took 0.275 seconds
[2022-03-29 10:25:21,544] {processor.py:163} INFO - Started process (PID=3380) to work on /home/lowenhard/acceleration/env/lib/python3.8/site-packages/airflow/example_dags/example_time_delta_sensor_async.py
[2022-03-29 10:25:21,555] {processor.py:642} INFO - Processing file /home/lowenhard/acceleration/env/lib/python3.8/site-packages/airflow/example_dags/example_time_delta_sensor_async.py for tasks to queue
[2022-03-29 10:25:21,556] {logging_mixin.py:109} INFO - [2022-03-29 10:25:21,556] {dagbag.py:500} INFO - Filling up the DagBag from /home/lowenhard/acceleration/env/lib/python3.8/site-packages/airflow/example_dags/example_time_delta_sensor_async.py
[2022-03-29 10:25:21,575] {processor.py:654} INFO - DAG(s) dict_keys(['example_time_delta_sensor_async']) retrieved from /home/lowenhard/acceleration/env/lib/python3.8/site-packages/airflow/example_dags/example_time_delta_sensor_async.py
[2022-03-29 10:25:21,583] {logging_mixin.py:109} INFO - [2022-03-29 10:25:21,583] {dag.py:2398} INFO - Sync 1 DAGs
[2022-03-29 10:25:21,594] {logging_mixin.py:109} INFO - [2022-03-29 10:25:21,594] {dag.py:2937} INFO - Setting next_dagrun for example_time_delta_sensor_async to None
[2022-03-29 10:25:22,316] {processor.py:171} INFO - Processing /home/lowenhard/acceleration/env/lib/python3.8/site-packages/airflow/example_dags/example_time_delta_sensor_async.py took 0.774 seconds
[2022-03-29 10:26:28,252] {processor.py:163} INFO - Started process (PID=3442) to work on /home/lowenhard/acceleration/env/lib/python3.8/site-packages/airflow/example_dags/example_time_delta_sensor_async.py
[2022-03-29 10:26:28,260] {processor.py:642} INFO - Processing file /home/lowenhard/acceleration/env/lib/python3.8/site-packages/airflow/example_dags/example_time_delta_sensor_async.py for tasks to queue
[2022-03-29 10:26:28,261] {logging_mixin.py:109} INFO - [2022-03-29 10:26:28,261] {dagbag.py:500} INFO - Filling up the DagBag from /home/lowenhard/acceleration/env/lib/python3.8/site-packages/airflow/example_dags/example_time_delta_sensor_async.py
[2022-03-29 10:26:28,280] {processor.py:654} INFO - DAG(s) dict_keys(['example_time_delta_sensor_async']) retrieved from /home/lowenhard/acceleration/env/lib/python3.8/site-packages/airflow/example_dags/example_time_delta_sensor_async.py
[2022-03-29 10:26:28,291] {logging_mixin.py:109} INFO - [2022-03-29 10:26:28,291] {dag.py:2398} INFO - Sync 1 DAGs
[2022-03-29 10:26:28,306] {logging_mixin.py:109} INFO - [2022-03-29 10:26:28,306] {dag.py:2937} INFO - Setting next_dagrun for example_time_delta_sensor_async to None
[2022-03-29 10:26:28,497] {processor.py:171} INFO - Processing /home/lowenhard/acceleration/env/lib/python3.8/site-packages/airflow/example_dags/example_time_delta_sensor_async.py took 0.247 seconds
[2022-03-29 10:27:26,322] {processor.py:163} INFO - Started process (PID=3496) to work on /home/lowenhard/acceleration/env/lib/python3.8/site-packages/airflow/example_dags/example_time_delta_sensor_async.py
[2022-03-29 10:27:26,329] {processor.py:642} INFO - Processing file /home/lowenhard/acceleration/env/lib/python3.8/site-packages/airflow/example_dags/example_time_delta_sensor_async.py for tasks to queue
[2022-03-29 10:27:26,329] {logging_mixin.py:109} INFO - [2022-03-29 10:27:26,329] {dagbag.py:500} INFO - Filling up the DagBag from /home/lowenhard/acceleration/env/lib/python3.8/site-packages/airflow/example_dags/example_time_delta_sensor_async.py
[2022-03-29 10:27:26,348] {processor.py:654} INFO - DAG(s) dict_keys(['example_time_delta_sensor_async']) retrieved from /home/lowenhard/acceleration/env/lib/python3.8/site-packages/airflow/example_dags/example_time_delta_sensor_async.py
[2022-03-29 10:27:26,358] {logging_mixin.py:109} INFO - [2022-03-29 10:27:26,357] {dag.py:2398} INFO - Sync 1 DAGs
[2022-03-29 10:27:26,370] {logging_mixin.py:109} INFO - [2022-03-29 10:27:26,370] {dag.py:2937} INFO - Setting next_dagrun for example_time_delta_sensor_async to None
[2022-03-29 10:27:26,511] {processor.py:171} INFO - Processing /home/lowenhard/acceleration/env/lib/python3.8/site-packages/airflow/example_dags/example_time_delta_sensor_async.py took 0.191 seconds
[2022-03-29 10:28:21,862] {processor.py:163} INFO - Started process (PID=3549) to work on /home/lowenhard/acceleration/env/lib/python3.8/site-packages/airflow/example_dags/example_time_delta_sensor_async.py
[2022-03-29 10:28:21,874] {processor.py:642} INFO - Processing file /home/lowenhard/acceleration/env/lib/python3.8/site-packages/airflow/example_dags/example_time_delta_sensor_async.py for tasks to queue
[2022-03-29 10:28:21,874] {logging_mixin.py:109} INFO - [2022-03-29 10:28:21,874] {dagbag.py:500} INFO - Filling up the DagBag from /home/lowenhard/acceleration/env/lib/python3.8/site-packages/airflow/example_dags/example_time_delta_sensor_async.py
[2022-03-29 10:28:21,892] {processor.py:654} INFO - DAG(s) dict_keys(['example_time_delta_sensor_async']) retrieved from /home/lowenhard/acceleration/env/lib/python3.8/site-packages/airflow/example_dags/example_time_delta_sensor_async.py
[2022-03-29 10:28:21,900] {logging_mixin.py:109} INFO - [2022-03-29 10:28:21,900] {dag.py:2398} INFO - Sync 1 DAGs
[2022-03-29 10:28:21,913] {logging_mixin.py:109} INFO - [2022-03-29 10:28:21,913] {dag.py:2937} INFO - Setting next_dagrun for example_time_delta_sensor_async to None
[2022-03-29 10:28:22,050] {processor.py:171} INFO - Processing /home/lowenhard/acceleration/env/lib/python3.8/site-packages/airflow/example_dags/example_time_delta_sensor_async.py took 0.190 seconds
[2022-03-29 10:29:11,889] {processor.py:163} INFO - Started process (PID=3601) to work on /home/lowenhard/acceleration/env/lib/python3.8/site-packages/airflow/example_dags/example_time_delta_sensor_async.py
[2022-03-29 10:29:12,452] {processor.py:642} INFO - Processing file /home/lowenhard/acceleration/env/lib/python3.8/site-packages/airflow/example_dags/example_time_delta_sensor_async.py for tasks to queue
[2022-03-29 10:29:12,453] {logging_mixin.py:109} INFO - [2022-03-29 10:29:12,453] {dagbag.py:500} INFO - Filling up the DagBag from /home/lowenhard/acceleration/env/lib/python3.8/site-packages/airflow/example_dags/example_time_delta_sensor_async.py
[2022-03-29 10:29:12,659] {processor.py:654} INFO - DAG(s) dict_keys(['example_time_delta_sensor_async']) retrieved from /home/lowenhard/acceleration/env/lib/python3.8/site-packages/airflow/example_dags/example_time_delta_sensor_async.py
[2022-03-29 10:29:12,671] {logging_mixin.py:109} INFO - [2022-03-29 10:29:12,671] {dag.py:2398} INFO - Sync 1 DAGs
[2022-03-29 10:29:12,682] {logging_mixin.py:109} INFO - [2022-03-29 10:29:12,682] {dag.py:2937} INFO - Setting next_dagrun for example_time_delta_sensor_async to None
[2022-03-29 10:29:12,854] {processor.py:171} INFO - Processing /home/lowenhard/acceleration/env/lib/python3.8/site-packages/airflow/example_dags/example_time_delta_sensor_async.py took 0.967 seconds
[2022-03-29 10:30:07,525] {processor.py:163} INFO - Started process (PID=3653) to work on /home/lowenhard/acceleration/env/lib/python3.8/site-packages/airflow/example_dags/example_time_delta_sensor_async.py
[2022-03-29 10:30:07,540] {processor.py:642} INFO - Processing file /home/lowenhard/acceleration/env/lib/python3.8/site-packages/airflow/example_dags/example_time_delta_sensor_async.py for tasks to queue
[2022-03-29 10:30:07,540] {logging_mixin.py:109} INFO - [2022-03-29 10:30:07,540] {dagbag.py:500} INFO - Filling up the DagBag from /home/lowenhard/acceleration/env/lib/python3.8/site-packages/airflow/example_dags/example_time_delta_sensor_async.py
[2022-03-29 10:30:07,564] {processor.py:654} INFO - DAG(s) dict_keys(['example_time_delta_sensor_async']) retrieved from /home/lowenhard/acceleration/env/lib/python3.8/site-packages/airflow/example_dags/example_time_delta_sensor_async.py
[2022-03-29 10:30:07,572] {logging_mixin.py:109} INFO - [2022-03-29 10:30:07,572] {dag.py:2398} INFO - Sync 1 DAGs
[2022-03-29 10:30:07,583] {logging_mixin.py:109} INFO - [2022-03-29 10:30:07,583] {dag.py:2937} INFO - Setting next_dagrun for example_time_delta_sensor_async to None
[2022-03-29 10:30:07,720] {processor.py:171} INFO - Processing /home/lowenhard/acceleration/env/lib/python3.8/site-packages/airflow/example_dags/example_time_delta_sensor_async.py took 0.197 seconds
[2022-03-29 10:31:26,769] {processor.py:163} INFO - Started process (PID=3719) to work on /home/lowenhard/acceleration/env/lib/python3.8/site-packages/airflow/example_dags/example_time_delta_sensor_async.py
[2022-03-29 10:31:26,783] {processor.py:642} INFO - Processing file /home/lowenhard/acceleration/env/lib/python3.8/site-packages/airflow/example_dags/example_time_delta_sensor_async.py for tasks to queue
[2022-03-29 10:31:26,784] {logging_mixin.py:109} INFO - [2022-03-29 10:31:26,784] {dagbag.py:500} INFO - Filling up the DagBag from /home/lowenhard/acceleration/env/lib/python3.8/site-packages/airflow/example_dags/example_time_delta_sensor_async.py
[2022-03-29 10:31:26,805] {processor.py:654} INFO - DAG(s) dict_keys(['example_time_delta_sensor_async']) retrieved from /home/lowenhard/acceleration/env/lib/python3.8/site-packages/airflow/example_dags/example_time_delta_sensor_async.py
[2022-03-29 10:31:26,813] {logging_mixin.py:109} INFO - [2022-03-29 10:31:26,813] {dag.py:2398} INFO - Sync 1 DAGs
[2022-03-29 10:31:26,824] {logging_mixin.py:109} INFO - [2022-03-29 10:31:26,824] {dag.py:2937} INFO - Setting next_dagrun for example_time_delta_sensor_async to None
[2022-03-29 10:31:26,956] {processor.py:171} INFO - Processing /home/lowenhard/acceleration/env/lib/python3.8/site-packages/airflow/example_dags/example_time_delta_sensor_async.py took 0.190 seconds
[2022-03-29 10:32:27,491] {processor.py:163} INFO - Started process (PID=3773) to work on /home/lowenhard/acceleration/env/lib/python3.8/site-packages/airflow/example_dags/example_time_delta_sensor_async.py
[2022-03-29 10:32:27,500] {processor.py:642} INFO - Processing file /home/lowenhard/acceleration/env/lib/python3.8/site-packages/airflow/example_dags/example_time_delta_sensor_async.py for tasks to queue
[2022-03-29 10:32:27,500] {logging_mixin.py:109} INFO - [2022-03-29 10:32:27,500] {dagbag.py:500} INFO - Filling up the DagBag from /home/lowenhard/acceleration/env/lib/python3.8/site-packages/airflow/example_dags/example_time_delta_sensor_async.py
[2022-03-29 10:32:27,519] {processor.py:654} INFO - DAG(s) dict_keys(['example_time_delta_sensor_async']) retrieved from /home/lowenhard/acceleration/env/lib/python3.8/site-packages/airflow/example_dags/example_time_delta_sensor_async.py
[2022-03-29 10:32:27,527] {logging_mixin.py:109} INFO - [2022-03-29 10:32:27,527] {dag.py:2398} INFO - Sync 1 DAGs
[2022-03-29 10:32:27,541] {logging_mixin.py:109} INFO - [2022-03-29 10:32:27,541] {dag.py:2937} INFO - Setting next_dagrun for example_time_delta_sensor_async to None
[2022-03-29 10:32:27,707] {processor.py:171} INFO - Processing /home/lowenhard/acceleration/env/lib/python3.8/site-packages/airflow/example_dags/example_time_delta_sensor_async.py took 0.218 seconds
[2022-03-29 10:33:22,961] {processor.py:163} INFO - Started process (PID=3825) to work on /home/lowenhard/acceleration/env/lib/python3.8/site-packages/airflow/example_dags/example_time_delta_sensor_async.py
[2022-03-29 10:33:22,970] {processor.py:642} INFO - Processing file /home/lowenhard/acceleration/env/lib/python3.8/site-packages/airflow/example_dags/example_time_delta_sensor_async.py for tasks to queue
[2022-03-29 10:33:22,971] {logging_mixin.py:109} INFO - [2022-03-29 10:33:22,971] {dagbag.py:500} INFO - Filling up the DagBag from /home/lowenhard/acceleration/env/lib/python3.8/site-packages/airflow/example_dags/example_time_delta_sensor_async.py
[2022-03-29 10:33:22,988] {processor.py:654} INFO - DAG(s) dict_keys(['example_time_delta_sensor_async']) retrieved from /home/lowenhard/acceleration/env/lib/python3.8/site-packages/airflow/example_dags/example_time_delta_sensor_async.py
[2022-03-29 10:33:22,997] {logging_mixin.py:109} INFO - [2022-03-29 10:33:22,997] {dag.py:2398} INFO - Sync 1 DAGs
[2022-03-29 10:33:23,009] {logging_mixin.py:109} INFO - [2022-03-29 10:33:23,009] {dag.py:2937} INFO - Setting next_dagrun for example_time_delta_sensor_async to None
[2022-03-29 10:33:23,153] {processor.py:171} INFO - Processing /home/lowenhard/acceleration/env/lib/python3.8/site-packages/airflow/example_dags/example_time_delta_sensor_async.py took 0.194 seconds
[2022-03-29 10:34:48,083] {processor.py:163} INFO - Started process (PID=3900) to work on /home/lowenhard/acceleration/env/lib/python3.8/site-packages/airflow/example_dags/example_time_delta_sensor_async.py
[2022-03-29 10:34:48,087] {processor.py:642} INFO - Processing file /home/lowenhard/acceleration/env/lib/python3.8/site-packages/airflow/example_dags/example_time_delta_sensor_async.py for tasks to queue
[2022-03-29 10:34:48,087] {logging_mixin.py:109} INFO - [2022-03-29 10:34:48,087] {dagbag.py:500} INFO - Filling up the DagBag from /home/lowenhard/acceleration/env/lib/python3.8/site-packages/airflow/example_dags/example_time_delta_sensor_async.py
[2022-03-29 10:34:48,107] {processor.py:654} INFO - DAG(s) dict_keys(['example_time_delta_sensor_async']) retrieved from /home/lowenhard/acceleration/env/lib/python3.8/site-packages/airflow/example_dags/example_time_delta_sensor_async.py
[2022-03-29 10:34:48,116] {logging_mixin.py:109} INFO - [2022-03-29 10:34:48,116] {dag.py:2398} INFO - Sync 1 DAGs
[2022-03-29 10:34:48,128] {logging_mixin.py:109} INFO - [2022-03-29 10:34:48,128] {dag.py:2937} INFO - Setting next_dagrun for example_time_delta_sensor_async to None
[2022-03-29 10:34:48,316] {processor.py:171} INFO - Processing /home/lowenhard/acceleration/env/lib/python3.8/site-packages/airflow/example_dags/example_time_delta_sensor_async.py took 0.235 seconds
[2022-03-29 15:22:28,893] {processor.py:163} INFO - Started process (PID=439) to work on /home/lowenhard/acceleration/env/lib/python3.8/site-packages/airflow/example_dags/example_time_delta_sensor_async.py
[2022-03-29 15:22:28,959] {processor.py:642} INFO - Processing file /home/lowenhard/acceleration/env/lib/python3.8/site-packages/airflow/example_dags/example_time_delta_sensor_async.py for tasks to queue
[2022-03-29 15:22:28,960] {logging_mixin.py:109} INFO - [2022-03-29 15:22:28,959] {dagbag.py:500} INFO - Filling up the DagBag from /home/lowenhard/acceleration/env/lib/python3.8/site-packages/airflow/example_dags/example_time_delta_sensor_async.py
[2022-03-29 15:22:28,984] {processor.py:654} INFO - DAG(s) dict_keys(['example_time_delta_sensor_async']) retrieved from /home/lowenhard/acceleration/env/lib/python3.8/site-packages/airflow/example_dags/example_time_delta_sensor_async.py
[2022-03-29 15:22:28,995] {logging_mixin.py:109} INFO - [2022-03-29 15:22:28,995] {dag.py:2398} INFO - Sync 1 DAGs
[2022-03-29 15:22:29,012] {logging_mixin.py:109} INFO - [2022-03-29 15:22:29,012] {dag.py:2937} INFO - Setting next_dagrun for example_time_delta_sensor_async to None
[2022-03-29 15:22:30,657] {processor.py:171} INFO - Processing /home/lowenhard/acceleration/env/lib/python3.8/site-packages/airflow/example_dags/example_time_delta_sensor_async.py took 1.766 seconds
[2022-03-29 15:23:54,574] {processor.py:163} INFO - Started process (PID=491) to work on /home/lowenhard/acceleration/env/lib/python3.8/site-packages/airflow/example_dags/example_time_delta_sensor_async.py
[2022-03-29 15:23:54,626] {processor.py:642} INFO - Processing file /home/lowenhard/acceleration/env/lib/python3.8/site-packages/airflow/example_dags/example_time_delta_sensor_async.py for tasks to queue
[2022-03-29 15:23:54,627] {logging_mixin.py:109} INFO - [2022-03-29 15:23:54,627] {dagbag.py:500} INFO - Filling up the DagBag from /home/lowenhard/acceleration/env/lib/python3.8/site-packages/airflow/example_dags/example_time_delta_sensor_async.py
[2022-03-29 15:23:54,652] {processor.py:654} INFO - DAG(s) dict_keys(['example_time_delta_sensor_async']) retrieved from /home/lowenhard/acceleration/env/lib/python3.8/site-packages/airflow/example_dags/example_time_delta_sensor_async.py
[2022-03-29 15:23:54,663] {logging_mixin.py:109} INFO - [2022-03-29 15:23:54,662] {dag.py:2398} INFO - Sync 1 DAGs
[2022-03-29 15:23:54,677] {logging_mixin.py:109} INFO - [2022-03-29 15:23:54,677] {dag.py:2937} INFO - Setting next_dagrun for example_time_delta_sensor_async to None
[2022-03-29 15:23:55,481] {processor.py:171} INFO - Processing /home/lowenhard/acceleration/env/lib/python3.8/site-packages/airflow/example_dags/example_time_delta_sensor_async.py took 0.909 seconds
[2022-03-29 15:26:06,256] {processor.py:163} INFO - Started process (PID=574) to work on /home/lowenhard/acceleration/env/lib/python3.8/site-packages/airflow/example_dags/example_time_delta_sensor_async.py
[2022-03-29 15:26:07,110] {processor.py:642} INFO - Processing file /home/lowenhard/acceleration/env/lib/python3.8/site-packages/airflow/example_dags/example_time_delta_sensor_async.py for tasks to queue
[2022-03-29 15:26:07,111] {logging_mixin.py:109} INFO - [2022-03-29 15:26:07,110] {dagbag.py:500} INFO - Filling up the DagBag from /home/lowenhard/acceleration/env/lib/python3.8/site-packages/airflow/example_dags/example_time_delta_sensor_async.py
[2022-03-29 15:26:07,137] {processor.py:654} INFO - DAG(s) dict_keys(['example_time_delta_sensor_async']) retrieved from /home/lowenhard/acceleration/env/lib/python3.8/site-packages/airflow/example_dags/example_time_delta_sensor_async.py
[2022-03-29 15:26:07,145] {logging_mixin.py:109} INFO - [2022-03-29 15:26:07,145] {dag.py:2398} INFO - Sync 1 DAGs
[2022-03-29 15:26:07,157] {logging_mixin.py:109} INFO - [2022-03-29 15:26:07,157] {dag.py:2937} INFO - Setting next_dagrun for example_time_delta_sensor_async to None
[2022-03-29 15:26:07,701] {processor.py:171} INFO - Processing /home/lowenhard/acceleration/env/lib/python3.8/site-packages/airflow/example_dags/example_time_delta_sensor_async.py took 1.447 seconds
[2022-03-29 15:28:22,639] {processor.py:163} INFO - Started process (PID=666) to work on /home/lowenhard/acceleration/env/lib/python3.8/site-packages/airflow/example_dags/example_time_delta_sensor_async.py
[2022-03-29 15:28:22,657] {processor.py:642} INFO - Processing file /home/lowenhard/acceleration/env/lib/python3.8/site-packages/airflow/example_dags/example_time_delta_sensor_async.py for tasks to queue
[2022-03-29 15:28:22,658] {logging_mixin.py:109} INFO - [2022-03-29 15:28:22,658] {dagbag.py:500} INFO - Filling up the DagBag from /home/lowenhard/acceleration/env/lib/python3.8/site-packages/airflow/example_dags/example_time_delta_sensor_async.py
[2022-03-29 15:28:22,681] {processor.py:654} INFO - DAG(s) dict_keys(['example_time_delta_sensor_async']) retrieved from /home/lowenhard/acceleration/env/lib/python3.8/site-packages/airflow/example_dags/example_time_delta_sensor_async.py
[2022-03-29 15:28:22,693] {logging_mixin.py:109} INFO - [2022-03-29 15:28:22,693] {dag.py:2398} INFO - Sync 1 DAGs
[2022-03-29 15:28:22,706] {logging_mixin.py:109} INFO - [2022-03-29 15:28:22,706] {dag.py:2937} INFO - Setting next_dagrun for example_time_delta_sensor_async to None
[2022-03-29 15:28:24,933] {processor.py:171} INFO - Processing /home/lowenhard/acceleration/env/lib/python3.8/site-packages/airflow/example_dags/example_time_delta_sensor_async.py took 2.296 seconds
[2022-03-29 15:30:44,173] {processor.py:163} INFO - Started process (PID=764) to work on /home/lowenhard/acceleration/env/lib/python3.8/site-packages/airflow/example_dags/example_time_delta_sensor_async.py
[2022-03-29 15:30:44,194] {processor.py:642} INFO - Processing file /home/lowenhard/acceleration/env/lib/python3.8/site-packages/airflow/example_dags/example_time_delta_sensor_async.py for tasks to queue
[2022-03-29 15:30:44,195] {logging_mixin.py:109} INFO - [2022-03-29 15:30:44,195] {dagbag.py:500} INFO - Filling up the DagBag from /home/lowenhard/acceleration/env/lib/python3.8/site-packages/airflow/example_dags/example_time_delta_sensor_async.py
[2022-03-29 15:30:44,216] {processor.py:654} INFO - DAG(s) dict_keys(['example_time_delta_sensor_async']) retrieved from /home/lowenhard/acceleration/env/lib/python3.8/site-packages/airflow/example_dags/example_time_delta_sensor_async.py
[2022-03-29 15:30:44,224] {logging_mixin.py:109} INFO - [2022-03-29 15:30:44,224] {dag.py:2398} INFO - Sync 1 DAGs
[2022-03-29 15:30:44,236] {logging_mixin.py:109} INFO - [2022-03-29 15:30:44,236] {dag.py:2937} INFO - Setting next_dagrun for example_time_delta_sensor_async to None
[2022-03-29 15:30:45,811] {processor.py:171} INFO - Processing /home/lowenhard/acceleration/env/lib/python3.8/site-packages/airflow/example_dags/example_time_delta_sensor_async.py took 1.641 seconds
[2022-03-29 15:32:34,076] {processor.py:163} INFO - Started process (PID=845) to work on /home/lowenhard/acceleration/env/lib/python3.8/site-packages/airflow/example_dags/example_time_delta_sensor_async.py
[2022-03-29 15:32:34,138] {processor.py:642} INFO - Processing file /home/lowenhard/acceleration/env/lib/python3.8/site-packages/airflow/example_dags/example_time_delta_sensor_async.py for tasks to queue
[2022-03-29 15:32:34,139] {logging_mixin.py:109} INFO - [2022-03-29 15:32:34,139] {dagbag.py:500} INFO - Filling up the DagBag from /home/lowenhard/acceleration/env/lib/python3.8/site-packages/airflow/example_dags/example_time_delta_sensor_async.py
[2022-03-29 15:32:34,159] {processor.py:654} INFO - DAG(s) dict_keys(['example_time_delta_sensor_async']) retrieved from /home/lowenhard/acceleration/env/lib/python3.8/site-packages/airflow/example_dags/example_time_delta_sensor_async.py
[2022-03-29 15:32:34,167] {logging_mixin.py:109} INFO - [2022-03-29 15:32:34,166] {dag.py:2398} INFO - Sync 1 DAGs
[2022-03-29 15:32:34,177] {logging_mixin.py:109} INFO - [2022-03-29 15:32:34,177] {dag.py:2937} INFO - Setting next_dagrun for example_time_delta_sensor_async to None
[2022-03-29 15:32:35,701] {processor.py:171} INFO - Processing /home/lowenhard/acceleration/env/lib/python3.8/site-packages/airflow/example_dags/example_time_delta_sensor_async.py took 1.628 seconds
[2022-03-29 15:34:48,386] {processor.py:163} INFO - Started process (PID=945) to work on /home/lowenhard/acceleration/env/lib/python3.8/site-packages/airflow/example_dags/example_time_delta_sensor_async.py
[2022-03-29 15:34:48,441] {processor.py:642} INFO - Processing file /home/lowenhard/acceleration/env/lib/python3.8/site-packages/airflow/example_dags/example_time_delta_sensor_async.py for tasks to queue
[2022-03-29 15:34:48,442] {logging_mixin.py:109} INFO - [2022-03-29 15:34:48,442] {dagbag.py:500} INFO - Filling up the DagBag from /home/lowenhard/acceleration/env/lib/python3.8/site-packages/airflow/example_dags/example_time_delta_sensor_async.py
[2022-03-29 15:34:48,467] {processor.py:654} INFO - DAG(s) dict_keys(['example_time_delta_sensor_async']) retrieved from /home/lowenhard/acceleration/env/lib/python3.8/site-packages/airflow/example_dags/example_time_delta_sensor_async.py
[2022-03-29 15:34:48,475] {logging_mixin.py:109} INFO - [2022-03-29 15:34:48,475] {dag.py:2398} INFO - Sync 1 DAGs
[2022-03-29 15:34:48,487] {logging_mixin.py:109} INFO - [2022-03-29 15:34:48,487] {dag.py:2937} INFO - Setting next_dagrun for example_time_delta_sensor_async to None
[2022-03-29 15:34:49,543] {processor.py:171} INFO - Processing /home/lowenhard/acceleration/env/lib/python3.8/site-packages/airflow/example_dags/example_time_delta_sensor_async.py took 1.160 seconds
[2022-03-29 15:36:48,728] {processor.py:163} INFO - Started process (PID=1038) to work on /home/lowenhard/acceleration/env/lib/python3.8/site-packages/airflow/example_dags/example_time_delta_sensor_async.py
[2022-03-29 15:36:48,953] {processor.py:642} INFO - Processing file /home/lowenhard/acceleration/env/lib/python3.8/site-packages/airflow/example_dags/example_time_delta_sensor_async.py for tasks to queue
[2022-03-29 15:36:48,954] {logging_mixin.py:109} INFO - [2022-03-29 15:36:48,954] {dagbag.py:500} INFO - Filling up the DagBag from /home/lowenhard/acceleration/env/lib/python3.8/site-packages/airflow/example_dags/example_time_delta_sensor_async.py
[2022-03-29 15:36:48,973] {processor.py:654} INFO - DAG(s) dict_keys(['example_time_delta_sensor_async']) retrieved from /home/lowenhard/acceleration/env/lib/python3.8/site-packages/airflow/example_dags/example_time_delta_sensor_async.py
[2022-03-29 15:36:48,982] {logging_mixin.py:109} INFO - [2022-03-29 15:36:48,982] {dag.py:2398} INFO - Sync 1 DAGs
[2022-03-29 15:36:48,992] {logging_mixin.py:109} INFO - [2022-03-29 15:36:48,992] {dag.py:2937} INFO - Setting next_dagrun for example_time_delta_sensor_async to None
[2022-03-29 15:36:50,306] {processor.py:171} INFO - Processing /home/lowenhard/acceleration/env/lib/python3.8/site-packages/airflow/example_dags/example_time_delta_sensor_async.py took 1.581 seconds
[2022-03-29 15:39:10,244] {processor.py:163} INFO - Started process (PID=1155) to work on /home/lowenhard/acceleration/env/lib/python3.8/site-packages/airflow/example_dags/example_time_delta_sensor_async.py
[2022-03-29 15:39:10,260] {processor.py:642} INFO - Processing file /home/lowenhard/acceleration/env/lib/python3.8/site-packages/airflow/example_dags/example_time_delta_sensor_async.py for tasks to queue
[2022-03-29 15:39:10,261] {logging_mixin.py:109} INFO - [2022-03-29 15:39:10,261] {dagbag.py:500} INFO - Filling up the DagBag from /home/lowenhard/acceleration/env/lib/python3.8/site-packages/airflow/example_dags/example_time_delta_sensor_async.py
[2022-03-29 15:39:10,289] {processor.py:654} INFO - DAG(s) dict_keys(['example_time_delta_sensor_async']) retrieved from /home/lowenhard/acceleration/env/lib/python3.8/site-packages/airflow/example_dags/example_time_delta_sensor_async.py
[2022-03-29 15:39:10,299] {logging_mixin.py:109} INFO - [2022-03-29 15:39:10,298] {dag.py:2398} INFO - Sync 1 DAGs
[2022-03-29 15:39:10,314] {logging_mixin.py:109} INFO - [2022-03-29 15:39:10,314] {dag.py:2937} INFO - Setting next_dagrun for example_time_delta_sensor_async to None
[2022-03-29 15:39:10,473] {processor.py:171} INFO - Processing /home/lowenhard/acceleration/env/lib/python3.8/site-packages/airflow/example_dags/example_time_delta_sensor_async.py took 0.231 seconds
[2022-03-29 15:41:20,623] {processor.py:163} INFO - Started process (PID=1274) to work on /home/lowenhard/acceleration/env/lib/python3.8/site-packages/airflow/example_dags/example_time_delta_sensor_async.py
[2022-03-29 15:41:20,636] {processor.py:642} INFO - Processing file /home/lowenhard/acceleration/env/lib/python3.8/site-packages/airflow/example_dags/example_time_delta_sensor_async.py for tasks to queue
[2022-03-29 15:41:20,636] {logging_mixin.py:109} INFO - [2022-03-29 15:41:20,636] {dagbag.py:500} INFO - Filling up the DagBag from /home/lowenhard/acceleration/env/lib/python3.8/site-packages/airflow/example_dags/example_time_delta_sensor_async.py
[2022-03-29 15:41:20,668] {processor.py:654} INFO - DAG(s) dict_keys(['example_time_delta_sensor_async']) retrieved from /home/lowenhard/acceleration/env/lib/python3.8/site-packages/airflow/example_dags/example_time_delta_sensor_async.py
[2022-03-29 15:41:20,680] {logging_mixin.py:109} INFO - [2022-03-29 15:41:20,680] {dag.py:2398} INFO - Sync 1 DAGs
[2022-03-29 15:41:20,694] {logging_mixin.py:109} INFO - [2022-03-29 15:41:20,694] {dag.py:2937} INFO - Setting next_dagrun for example_time_delta_sensor_async to None
[2022-03-29 15:41:20,989] {processor.py:171} INFO - Processing /home/lowenhard/acceleration/env/lib/python3.8/site-packages/airflow/example_dags/example_time_delta_sensor_async.py took 0.369 seconds
[2022-03-29 15:42:55,906] {processor.py:163} INFO - Started process (PID=1380) to work on /home/lowenhard/acceleration/env/lib/python3.8/site-packages/airflow/example_dags/example_time_delta_sensor_async.py
[2022-03-29 15:42:55,919] {processor.py:642} INFO - Processing file /home/lowenhard/acceleration/env/lib/python3.8/site-packages/airflow/example_dags/example_time_delta_sensor_async.py for tasks to queue
[2022-03-29 15:42:55,919] {logging_mixin.py:109} INFO - [2022-03-29 15:42:55,919] {dagbag.py:500} INFO - Filling up the DagBag from /home/lowenhard/acceleration/env/lib/python3.8/site-packages/airflow/example_dags/example_time_delta_sensor_async.py
[2022-03-29 15:42:55,937] {processor.py:654} INFO - DAG(s) dict_keys(['example_time_delta_sensor_async']) retrieved from /home/lowenhard/acceleration/env/lib/python3.8/site-packages/airflow/example_dags/example_time_delta_sensor_async.py
[2022-03-29 15:42:55,947] {logging_mixin.py:109} INFO - [2022-03-29 15:42:55,947] {dag.py:2398} INFO - Sync 1 DAGs
[2022-03-29 15:42:55,959] {logging_mixin.py:109} INFO - [2022-03-29 15:42:55,958] {dag.py:2937} INFO - Setting next_dagrun for example_time_delta_sensor_async to None
[2022-03-29 15:42:56,106] {processor.py:171} INFO - Processing /home/lowenhard/acceleration/env/lib/python3.8/site-packages/airflow/example_dags/example_time_delta_sensor_async.py took 0.202 seconds
[2022-03-29 15:44:04,210] {processor.py:163} INFO - Started process (PID=1447) to work on /home/lowenhard/acceleration/env/lib/python3.8/site-packages/airflow/example_dags/example_time_delta_sensor_async.py
[2022-03-29 15:44:04,250] {processor.py:642} INFO - Processing file /home/lowenhard/acceleration/env/lib/python3.8/site-packages/airflow/example_dags/example_time_delta_sensor_async.py for tasks to queue
[2022-03-29 15:44:04,251] {logging_mixin.py:109} INFO - [2022-03-29 15:44:04,250] {dagbag.py:500} INFO - Filling up the DagBag from /home/lowenhard/acceleration/env/lib/python3.8/site-packages/airflow/example_dags/example_time_delta_sensor_async.py
[2022-03-29 15:44:04,272] {processor.py:654} INFO - DAG(s) dict_keys(['example_time_delta_sensor_async']) retrieved from /home/lowenhard/acceleration/env/lib/python3.8/site-packages/airflow/example_dags/example_time_delta_sensor_async.py
[2022-03-29 15:44:04,280] {logging_mixin.py:109} INFO - [2022-03-29 15:44:04,280] {dag.py:2398} INFO - Sync 1 DAGs
[2022-03-29 15:44:04,294] {logging_mixin.py:109} INFO - [2022-03-29 15:44:04,294] {dag.py:2937} INFO - Setting next_dagrun for example_time_delta_sensor_async to None
[2022-03-29 15:44:04,425] {processor.py:171} INFO - Processing /home/lowenhard/acceleration/env/lib/python3.8/site-packages/airflow/example_dags/example_time_delta_sensor_async.py took 0.218 seconds
[2022-03-29 15:45:01,205] {processor.py:163} INFO - Started process (PID=1509) to work on /home/lowenhard/acceleration/env/lib/python3.8/site-packages/airflow/example_dags/example_time_delta_sensor_async.py
[2022-03-29 15:45:01,213] {processor.py:642} INFO - Processing file /home/lowenhard/acceleration/env/lib/python3.8/site-packages/airflow/example_dags/example_time_delta_sensor_async.py for tasks to queue
[2022-03-29 15:45:01,214] {logging_mixin.py:109} INFO - [2022-03-29 15:45:01,214] {dagbag.py:500} INFO - Filling up the DagBag from /home/lowenhard/acceleration/env/lib/python3.8/site-packages/airflow/example_dags/example_time_delta_sensor_async.py
[2022-03-29 15:45:01,240] {processor.py:654} INFO - DAG(s) dict_keys(['example_time_delta_sensor_async']) retrieved from /home/lowenhard/acceleration/env/lib/python3.8/site-packages/airflow/example_dags/example_time_delta_sensor_async.py
[2022-03-29 15:45:01,251] {logging_mixin.py:109} INFO - [2022-03-29 15:45:01,251] {dag.py:2398} INFO - Sync 1 DAGs
[2022-03-29 15:45:01,265] {logging_mixin.py:109} INFO - [2022-03-29 15:45:01,265] {dag.py:2937} INFO - Setting next_dagrun for example_time_delta_sensor_async to None
[2022-03-29 15:45:01,421] {processor.py:171} INFO - Processing /home/lowenhard/acceleration/env/lib/python3.8/site-packages/airflow/example_dags/example_time_delta_sensor_async.py took 0.220 seconds
[2022-03-29 15:45:48,939] {processor.py:163} INFO - Started process (PID=1558) to work on /home/lowenhard/acceleration/env/lib/python3.8/site-packages/airflow/example_dags/example_time_delta_sensor_async.py
[2022-03-29 15:45:48,947] {processor.py:642} INFO - Processing file /home/lowenhard/acceleration/env/lib/python3.8/site-packages/airflow/example_dags/example_time_delta_sensor_async.py for tasks to queue
[2022-03-29 15:45:48,948] {logging_mixin.py:109} INFO - [2022-03-29 15:45:48,948] {dagbag.py:500} INFO - Filling up the DagBag from /home/lowenhard/acceleration/env/lib/python3.8/site-packages/airflow/example_dags/example_time_delta_sensor_async.py
[2022-03-29 15:45:48,966] {processor.py:654} INFO - DAG(s) dict_keys(['example_time_delta_sensor_async']) retrieved from /home/lowenhard/acceleration/env/lib/python3.8/site-packages/airflow/example_dags/example_time_delta_sensor_async.py
[2022-03-29 15:45:48,974] {logging_mixin.py:109} INFO - [2022-03-29 15:45:48,974] {dag.py:2398} INFO - Sync 1 DAGs
[2022-03-29 15:45:48,986] {logging_mixin.py:109} INFO - [2022-03-29 15:45:48,986] {dag.py:2937} INFO - Setting next_dagrun for example_time_delta_sensor_async to None
[2022-03-29 15:45:49,784] {processor.py:171} INFO - Processing /home/lowenhard/acceleration/env/lib/python3.8/site-packages/airflow/example_dags/example_time_delta_sensor_async.py took 0.848 seconds
