[2022-03-29 00:13:13,931] {processor.py:163} INFO - Started process (PID=242) to work on /home/lowenhard/acceleration/env/lib/python3.8/site-packages/airflow/example_dags/example_branch_labels.py
[2022-03-29 00:13:13,932] {processor.py:642} INFO - Processing file /home/lowenhard/acceleration/env/lib/python3.8/site-packages/airflow/example_dags/example_branch_labels.py for tasks to queue
[2022-03-29 00:13:13,933] {logging_mixin.py:109} INFO - [2022-03-29 00:13:13,933] {dagbag.py:500} INFO - Filling up the DagBag from /home/lowenhard/acceleration/env/lib/python3.8/site-packages/airflow/example_dags/example_branch_labels.py
[2022-03-29 00:13:13,953] {processor.py:654} INFO - DAG(s) dict_keys(['example_branch_labels']) retrieved from /home/lowenhard/acceleration/env/lib/python3.8/site-packages/airflow/example_dags/example_branch_labels.py
[2022-03-29 00:13:13,961] {logging_mixin.py:109} INFO - [2022-03-29 00:13:13,961] {dag.py:2398} INFO - Sync 1 DAGs
[2022-03-29 00:13:13,974] {logging_mixin.py:109} INFO - [2022-03-29 00:13:13,974] {dag.py:2937} INFO - Setting next_dagrun for example_branch_labels to 2022-03-28 00:00:00+00:00
[2022-03-29 00:13:14,976] {processor.py:171} INFO - Processing /home/lowenhard/acceleration/env/lib/python3.8/site-packages/airflow/example_dags/example_branch_labels.py took 1.049 seconds
[2022-03-29 00:14:56,980] {processor.py:163} INFO - Started process (PID=320) to work on /home/lowenhard/acceleration/env/lib/python3.8/site-packages/airflow/example_dags/example_branch_labels.py
[2022-03-29 00:14:56,981] {processor.py:642} INFO - Processing file /home/lowenhard/acceleration/env/lib/python3.8/site-packages/airflow/example_dags/example_branch_labels.py for tasks to queue
[2022-03-29 00:14:56,982] {logging_mixin.py:109} INFO - [2022-03-29 00:14:56,982] {dagbag.py:500} INFO - Filling up the DagBag from /home/lowenhard/acceleration/env/lib/python3.8/site-packages/airflow/example_dags/example_branch_labels.py
[2022-03-29 00:14:57,006] {processor.py:654} INFO - DAG(s) dict_keys(['example_branch_labels']) retrieved from /home/lowenhard/acceleration/env/lib/python3.8/site-packages/airflow/example_dags/example_branch_labels.py
[2022-03-29 00:14:57,019] {logging_mixin.py:109} INFO - [2022-03-29 00:14:57,019] {dag.py:2398} INFO - Sync 1 DAGs
[2022-03-29 00:14:57,031] {logging_mixin.py:109} INFO - [2022-03-29 00:14:57,031] {dag.py:2937} INFO - Setting next_dagrun for example_branch_labels to 2022-03-28 00:00:00+00:00
[2022-03-29 00:14:57,970] {processor.py:171} INFO - Processing /home/lowenhard/acceleration/env/lib/python3.8/site-packages/airflow/example_dags/example_branch_labels.py took 0.993 seconds
[2022-03-29 09:35:47,030] {processor.py:163} INFO - Started process (PID=665) to work on /home/lowenhard/acceleration/env/lib/python3.8/site-packages/airflow/example_dags/example_branch_labels.py
[2022-03-29 09:35:47,034] {processor.py:642} INFO - Processing file /home/lowenhard/acceleration/env/lib/python3.8/site-packages/airflow/example_dags/example_branch_labels.py for tasks to queue
[2022-03-29 09:35:47,034] {logging_mixin.py:109} INFO - [2022-03-29 09:35:47,034] {dagbag.py:500} INFO - Filling up the DagBag from /home/lowenhard/acceleration/env/lib/python3.8/site-packages/airflow/example_dags/example_branch_labels.py
[2022-03-29 09:35:47,054] {processor.py:654} INFO - DAG(s) dict_keys(['example_branch_labels']) retrieved from /home/lowenhard/acceleration/env/lib/python3.8/site-packages/airflow/example_dags/example_branch_labels.py
[2022-03-29 09:35:47,063] {logging_mixin.py:109} INFO - [2022-03-29 09:35:47,063] {dag.py:2398} INFO - Sync 1 DAGs
[2022-03-29 09:35:47,076] {logging_mixin.py:109} INFO - [2022-03-29 09:35:47,076] {dag.py:2937} INFO - Setting next_dagrun for example_branch_labels to 2022-03-28 00:00:00+00:00
[2022-03-29 09:35:48,199] {processor.py:171} INFO - Processing /home/lowenhard/acceleration/env/lib/python3.8/site-packages/airflow/example_dags/example_branch_labels.py took 1.171 seconds
[2022-03-29 09:37:29,010] {processor.py:163} INFO - Started process (PID=809) to work on /home/lowenhard/acceleration/env/lib/python3.8/site-packages/airflow/example_dags/example_branch_labels.py
[2022-03-29 09:37:29,047] {processor.py:642} INFO - Processing file /home/lowenhard/acceleration/env/lib/python3.8/site-packages/airflow/example_dags/example_branch_labels.py for tasks to queue
[2022-03-29 09:37:29,048] {logging_mixin.py:109} INFO - [2022-03-29 09:37:29,048] {dagbag.py:500} INFO - Filling up the DagBag from /home/lowenhard/acceleration/env/lib/python3.8/site-packages/airflow/example_dags/example_branch_labels.py
[2022-03-29 09:37:29,068] {processor.py:654} INFO - DAG(s) dict_keys(['example_branch_labels']) retrieved from /home/lowenhard/acceleration/env/lib/python3.8/site-packages/airflow/example_dags/example_branch_labels.py
[2022-03-29 09:37:29,076] {logging_mixin.py:109} INFO - [2022-03-29 09:37:29,076] {dag.py:2398} INFO - Sync 1 DAGs
[2022-03-29 09:37:29,090] {logging_mixin.py:109} INFO - [2022-03-29 09:37:29,090] {dag.py:2937} INFO - Setting next_dagrun for example_branch_labels to 2022-03-28 00:00:00+00:00
[2022-03-29 09:37:30,442] {processor.py:171} INFO - Processing /home/lowenhard/acceleration/env/lib/python3.8/site-packages/airflow/example_dags/example_branch_labels.py took 1.435 seconds
[2022-03-29 09:39:25,585] {processor.py:163} INFO - Started process (PID=908) to work on /home/lowenhard/acceleration/env/lib/python3.8/site-packages/airflow/example_dags/example_branch_labels.py
[2022-03-29 09:39:25,587] {processor.py:642} INFO - Processing file /home/lowenhard/acceleration/env/lib/python3.8/site-packages/airflow/example_dags/example_branch_labels.py for tasks to queue
[2022-03-29 09:39:25,587] {logging_mixin.py:109} INFO - [2022-03-29 09:39:25,587] {dagbag.py:500} INFO - Filling up the DagBag from /home/lowenhard/acceleration/env/lib/python3.8/site-packages/airflow/example_dags/example_branch_labels.py
[2022-03-29 09:39:25,607] {processor.py:654} INFO - DAG(s) dict_keys(['example_branch_labels']) retrieved from /home/lowenhard/acceleration/env/lib/python3.8/site-packages/airflow/example_dags/example_branch_labels.py
[2022-03-29 09:39:25,616] {logging_mixin.py:109} INFO - [2022-03-29 09:39:25,616] {dag.py:2398} INFO - Sync 1 DAGs
[2022-03-29 09:39:25,629] {logging_mixin.py:109} INFO - [2022-03-29 09:39:25,629] {dag.py:2937} INFO - Setting next_dagrun for example_branch_labels to 2022-03-28 00:00:00+00:00
[2022-03-29 09:39:25,924] {processor.py:171} INFO - Processing /home/lowenhard/acceleration/env/lib/python3.8/site-packages/airflow/example_dags/example_branch_labels.py took 0.341 seconds
[2022-03-29 09:41:21,378] {processor.py:163} INFO - Started process (PID=996) to work on /home/lowenhard/acceleration/env/lib/python3.8/site-packages/airflow/example_dags/example_branch_labels.py
[2022-03-29 09:41:21,381] {processor.py:642} INFO - Processing file /home/lowenhard/acceleration/env/lib/python3.8/site-packages/airflow/example_dags/example_branch_labels.py for tasks to queue
[2022-03-29 09:41:21,381] {logging_mixin.py:109} INFO - [2022-03-29 09:41:21,381] {dagbag.py:500} INFO - Filling up the DagBag from /home/lowenhard/acceleration/env/lib/python3.8/site-packages/airflow/example_dags/example_branch_labels.py
[2022-03-29 09:41:21,401] {processor.py:654} INFO - DAG(s) dict_keys(['example_branch_labels']) retrieved from /home/lowenhard/acceleration/env/lib/python3.8/site-packages/airflow/example_dags/example_branch_labels.py
[2022-03-29 09:41:21,410] {logging_mixin.py:109} INFO - [2022-03-29 09:41:21,410] {dag.py:2398} INFO - Sync 1 DAGs
[2022-03-29 09:41:21,423] {logging_mixin.py:109} INFO - [2022-03-29 09:41:21,423] {dag.py:2937} INFO - Setting next_dagrun for example_branch_labels to 2022-03-28 00:00:00+00:00
[2022-03-29 09:41:22,955] {processor.py:171} INFO - Processing /home/lowenhard/acceleration/env/lib/python3.8/site-packages/airflow/example_dags/example_branch_labels.py took 1.579 seconds
[2022-03-29 09:43:15,871] {processor.py:163} INFO - Started process (PID=1079) to work on /home/lowenhard/acceleration/env/lib/python3.8/site-packages/airflow/example_dags/example_branch_labels.py
[2022-03-29 09:43:15,885] {processor.py:642} INFO - Processing file /home/lowenhard/acceleration/env/lib/python3.8/site-packages/airflow/example_dags/example_branch_labels.py for tasks to queue
[2022-03-29 09:43:15,885] {logging_mixin.py:109} INFO - [2022-03-29 09:43:15,885] {dagbag.py:500} INFO - Filling up the DagBag from /home/lowenhard/acceleration/env/lib/python3.8/site-packages/airflow/example_dags/example_branch_labels.py
[2022-03-29 09:43:15,907] {processor.py:654} INFO - DAG(s) dict_keys(['example_branch_labels']) retrieved from /home/lowenhard/acceleration/env/lib/python3.8/site-packages/airflow/example_dags/example_branch_labels.py
[2022-03-29 09:43:15,918] {logging_mixin.py:109} INFO - [2022-03-29 09:43:15,918] {dag.py:2398} INFO - Sync 1 DAGs
[2022-03-29 09:43:15,935] {logging_mixin.py:109} INFO - [2022-03-29 09:43:15,934] {dag.py:2937} INFO - Setting next_dagrun for example_branch_labels to 2022-03-28 00:00:00+00:00
[2022-03-29 09:43:17,668] {processor.py:171} INFO - Processing /home/lowenhard/acceleration/env/lib/python3.8/site-packages/airflow/example_dags/example_branch_labels.py took 1.800 seconds
[2022-03-29 09:45:04,934] {processor.py:163} INFO - Started process (PID=1166) to work on /home/lowenhard/acceleration/env/lib/python3.8/site-packages/airflow/example_dags/example_branch_labels.py
[2022-03-29 09:45:04,959] {processor.py:642} INFO - Processing file /home/lowenhard/acceleration/env/lib/python3.8/site-packages/airflow/example_dags/example_branch_labels.py for tasks to queue
[2022-03-29 09:45:04,959] {logging_mixin.py:109} INFO - [2022-03-29 09:45:04,959] {dagbag.py:500} INFO - Filling up the DagBag from /home/lowenhard/acceleration/env/lib/python3.8/site-packages/airflow/example_dags/example_branch_labels.py
[2022-03-29 09:45:04,980] {processor.py:654} INFO - DAG(s) dict_keys(['example_branch_labels']) retrieved from /home/lowenhard/acceleration/env/lib/python3.8/site-packages/airflow/example_dags/example_branch_labels.py
[2022-03-29 09:45:04,988] {logging_mixin.py:109} INFO - [2022-03-29 09:45:04,988] {dag.py:2398} INFO - Sync 1 DAGs
[2022-03-29 09:45:05,002] {logging_mixin.py:109} INFO - [2022-03-29 09:45:05,002] {dag.py:2937} INFO - Setting next_dagrun for example_branch_labels to 2022-03-28 00:00:00+00:00
[2022-03-29 09:45:05,206] {processor.py:171} INFO - Processing /home/lowenhard/acceleration/env/lib/python3.8/site-packages/airflow/example_dags/example_branch_labels.py took 0.275 seconds
[2022-03-29 09:46:10,692] {processor.py:163} INFO - Started process (PID=1234) to work on /home/lowenhard/acceleration/env/lib/python3.8/site-packages/airflow/example_dags/example_branch_labels.py
[2022-03-29 09:46:11,503] {processor.py:642} INFO - Processing file /home/lowenhard/acceleration/env/lib/python3.8/site-packages/airflow/example_dags/example_branch_labels.py for tasks to queue
[2022-03-29 09:46:11,504] {logging_mixin.py:109} INFO - [2022-03-29 09:46:11,504] {dagbag.py:500} INFO - Filling up the DagBag from /home/lowenhard/acceleration/env/lib/python3.8/site-packages/airflow/example_dags/example_branch_labels.py
[2022-03-29 09:46:11,704] {processor.py:654} INFO - DAG(s) dict_keys(['example_branch_labels']) retrieved from /home/lowenhard/acceleration/env/lib/python3.8/site-packages/airflow/example_dags/example_branch_labels.py
[2022-03-29 09:46:11,713] {logging_mixin.py:109} INFO - [2022-03-29 09:46:11,713] {dag.py:2398} INFO - Sync 1 DAGs
[2022-03-29 09:46:11,726] {logging_mixin.py:109} INFO - [2022-03-29 09:46:11,726] {dag.py:2937} INFO - Setting next_dagrun for example_branch_labels to 2022-03-28 00:00:00+00:00
[2022-03-29 09:46:11,876] {processor.py:171} INFO - Processing /home/lowenhard/acceleration/env/lib/python3.8/site-packages/airflow/example_dags/example_branch_labels.py took 1.187 seconds
[2022-03-29 09:47:50,367] {processor.py:163} INFO - Started process (PID=1315) to work on /home/lowenhard/acceleration/env/lib/python3.8/site-packages/airflow/example_dags/example_branch_labels.py
[2022-03-29 09:47:50,382] {processor.py:642} INFO - Processing file /home/lowenhard/acceleration/env/lib/python3.8/site-packages/airflow/example_dags/example_branch_labels.py for tasks to queue
[2022-03-29 09:47:50,382] {logging_mixin.py:109} INFO - [2022-03-29 09:47:50,382] {dagbag.py:500} INFO - Filling up the DagBag from /home/lowenhard/acceleration/env/lib/python3.8/site-packages/airflow/example_dags/example_branch_labels.py
[2022-03-29 09:47:50,403] {processor.py:654} INFO - DAG(s) dict_keys(['example_branch_labels']) retrieved from /home/lowenhard/acceleration/env/lib/python3.8/site-packages/airflow/example_dags/example_branch_labels.py
[2022-03-29 09:47:50,411] {logging_mixin.py:109} INFO - [2022-03-29 09:47:50,411] {dag.py:2398} INFO - Sync 1 DAGs
[2022-03-29 09:47:50,425] {logging_mixin.py:109} INFO - [2022-03-29 09:47:50,425] {dag.py:2937} INFO - Setting next_dagrun for example_branch_labels to 2022-03-28 00:00:00+00:00
[2022-03-29 09:47:50,567] {processor.py:171} INFO - Processing /home/lowenhard/acceleration/env/lib/python3.8/site-packages/airflow/example_dags/example_branch_labels.py took 0.202 seconds
[2022-03-29 09:48:58,921] {processor.py:163} INFO - Started process (PID=1371) to work on /home/lowenhard/acceleration/env/lib/python3.8/site-packages/airflow/example_dags/example_branch_labels.py
[2022-03-29 09:48:58,936] {processor.py:642} INFO - Processing file /home/lowenhard/acceleration/env/lib/python3.8/site-packages/airflow/example_dags/example_branch_labels.py for tasks to queue
[2022-03-29 09:48:58,937] {logging_mixin.py:109} INFO - [2022-03-29 09:48:58,937] {dagbag.py:500} INFO - Filling up the DagBag from /home/lowenhard/acceleration/env/lib/python3.8/site-packages/airflow/example_dags/example_branch_labels.py
[2022-03-29 09:48:58,956] {processor.py:654} INFO - DAG(s) dict_keys(['example_branch_labels']) retrieved from /home/lowenhard/acceleration/env/lib/python3.8/site-packages/airflow/example_dags/example_branch_labels.py
[2022-03-29 09:48:58,965] {logging_mixin.py:109} INFO - [2022-03-29 09:48:58,965] {dag.py:2398} INFO - Sync 1 DAGs
[2022-03-29 09:48:58,979] {logging_mixin.py:109} INFO - [2022-03-29 09:48:58,979] {dag.py:2937} INFO - Setting next_dagrun for example_branch_labels to 2022-03-28 00:00:00+00:00
[2022-03-29 09:48:59,302] {processor.py:171} INFO - Processing /home/lowenhard/acceleration/env/lib/python3.8/site-packages/airflow/example_dags/example_branch_labels.py took 0.383 seconds
[2022-03-29 09:50:36,721] {processor.py:163} INFO - Started process (PID=1450) to work on /home/lowenhard/acceleration/env/lib/python3.8/site-packages/airflow/example_dags/example_branch_labels.py
[2022-03-29 09:50:36,730] {processor.py:642} INFO - Processing file /home/lowenhard/acceleration/env/lib/python3.8/site-packages/airflow/example_dags/example_branch_labels.py for tasks to queue
[2022-03-29 09:50:36,731] {logging_mixin.py:109} INFO - [2022-03-29 09:50:36,730] {dagbag.py:500} INFO - Filling up the DagBag from /home/lowenhard/acceleration/env/lib/python3.8/site-packages/airflow/example_dags/example_branch_labels.py
[2022-03-29 09:50:36,752] {processor.py:654} INFO - DAG(s) dict_keys(['example_branch_labels']) retrieved from /home/lowenhard/acceleration/env/lib/python3.8/site-packages/airflow/example_dags/example_branch_labels.py
[2022-03-29 09:50:36,761] {logging_mixin.py:109} INFO - [2022-03-29 09:50:36,761] {dag.py:2398} INFO - Sync 1 DAGs
[2022-03-29 09:50:36,774] {logging_mixin.py:109} INFO - [2022-03-29 09:50:36,774] {dag.py:2937} INFO - Setting next_dagrun for example_branch_labels to 2022-03-28 00:00:00+00:00
[2022-03-29 09:50:36,919] {processor.py:171} INFO - Processing /home/lowenhard/acceleration/env/lib/python3.8/site-packages/airflow/example_dags/example_branch_labels.py took 0.200 seconds
[2022-03-29 09:51:47,520] {processor.py:163} INFO - Started process (PID=1529) to work on /home/lowenhard/acceleration/env/lib/python3.8/site-packages/airflow/example_dags/example_branch_labels.py
[2022-03-29 09:51:47,529] {processor.py:642} INFO - Processing file /home/lowenhard/acceleration/env/lib/python3.8/site-packages/airflow/example_dags/example_branch_labels.py for tasks to queue
[2022-03-29 09:51:47,529] {logging_mixin.py:109} INFO - [2022-03-29 09:51:47,529] {dagbag.py:500} INFO - Filling up the DagBag from /home/lowenhard/acceleration/env/lib/python3.8/site-packages/airflow/example_dags/example_branch_labels.py
[2022-03-29 09:51:47,547] {processor.py:654} INFO - DAG(s) dict_keys(['example_branch_labels']) retrieved from /home/lowenhard/acceleration/env/lib/python3.8/site-packages/airflow/example_dags/example_branch_labels.py
[2022-03-29 09:51:47,556] {logging_mixin.py:109} INFO - [2022-03-29 09:51:47,556] {dag.py:2398} INFO - Sync 1 DAGs
[2022-03-29 09:51:47,569] {logging_mixin.py:109} INFO - [2022-03-29 09:51:47,569] {dag.py:2937} INFO - Setting next_dagrun for example_branch_labels to 2022-03-28 00:00:00+00:00
[2022-03-29 09:51:47,704] {processor.py:171} INFO - Processing /home/lowenhard/acceleration/env/lib/python3.8/site-packages/airflow/example_dags/example_branch_labels.py took 0.187 seconds
[2022-03-29 09:52:40,951] {processor.py:163} INFO - Started process (PID=1583) to work on /home/lowenhard/acceleration/env/lib/python3.8/site-packages/airflow/example_dags/example_branch_labels.py
[2022-03-29 09:52:40,961] {processor.py:642} INFO - Processing file /home/lowenhard/acceleration/env/lib/python3.8/site-packages/airflow/example_dags/example_branch_labels.py for tasks to queue
[2022-03-29 09:52:40,961] {logging_mixin.py:109} INFO - [2022-03-29 09:52:40,961] {dagbag.py:500} INFO - Filling up the DagBag from /home/lowenhard/acceleration/env/lib/python3.8/site-packages/airflow/example_dags/example_branch_labels.py
[2022-03-29 09:52:40,982] {processor.py:654} INFO - DAG(s) dict_keys(['example_branch_labels']) retrieved from /home/lowenhard/acceleration/env/lib/python3.8/site-packages/airflow/example_dags/example_branch_labels.py
[2022-03-29 09:52:40,991] {logging_mixin.py:109} INFO - [2022-03-29 09:52:40,991] {dag.py:2398} INFO - Sync 1 DAGs
[2022-03-29 09:52:41,005] {logging_mixin.py:109} INFO - [2022-03-29 09:52:41,005] {dag.py:2937} INFO - Setting next_dagrun for example_branch_labels to 2022-03-28 00:00:00+00:00
[2022-03-29 09:52:41,178] {processor.py:171} INFO - Processing /home/lowenhard/acceleration/env/lib/python3.8/site-packages/airflow/example_dags/example_branch_labels.py took 0.229 seconds
[2022-03-29 09:54:09,997] {processor.py:163} INFO - Started process (PID=1669) to work on /home/lowenhard/acceleration/env/lib/python3.8/site-packages/airflow/example_dags/example_branch_labels.py
[2022-03-29 09:54:10,487] {processor.py:642} INFO - Processing file /home/lowenhard/acceleration/env/lib/python3.8/site-packages/airflow/example_dags/example_branch_labels.py for tasks to queue
[2022-03-29 09:54:10,488] {logging_mixin.py:109} INFO - [2022-03-29 09:54:10,488] {dagbag.py:500} INFO - Filling up the DagBag from /home/lowenhard/acceleration/env/lib/python3.8/site-packages/airflow/example_dags/example_branch_labels.py
[2022-03-29 09:54:10,510] {processor.py:654} INFO - DAG(s) dict_keys(['example_branch_labels']) retrieved from /home/lowenhard/acceleration/env/lib/python3.8/site-packages/airflow/example_dags/example_branch_labels.py
[2022-03-29 09:54:10,520] {logging_mixin.py:109} INFO - [2022-03-29 09:54:10,519] {dag.py:2398} INFO - Sync 1 DAGs
[2022-03-29 09:54:10,532] {logging_mixin.py:109} INFO - [2022-03-29 09:54:10,532] {dag.py:2937} INFO - Setting next_dagrun for example_branch_labels to 2022-03-28 00:00:00+00:00
[2022-03-29 09:54:10,878] {processor.py:171} INFO - Processing /home/lowenhard/acceleration/env/lib/python3.8/site-packages/airflow/example_dags/example_branch_labels.py took 0.883 seconds
[2022-03-29 09:55:30,257] {processor.py:163} INFO - Started process (PID=1745) to work on /home/lowenhard/acceleration/env/lib/python3.8/site-packages/airflow/example_dags/example_branch_labels.py
[2022-03-29 09:55:30,261] {processor.py:642} INFO - Processing file /home/lowenhard/acceleration/env/lib/python3.8/site-packages/airflow/example_dags/example_branch_labels.py for tasks to queue
[2022-03-29 09:55:30,261] {logging_mixin.py:109} INFO - [2022-03-29 09:55:30,261] {dagbag.py:500} INFO - Filling up the DagBag from /home/lowenhard/acceleration/env/lib/python3.8/site-packages/airflow/example_dags/example_branch_labels.py
[2022-03-29 09:55:30,281] {processor.py:654} INFO - DAG(s) dict_keys(['example_branch_labels']) retrieved from /home/lowenhard/acceleration/env/lib/python3.8/site-packages/airflow/example_dags/example_branch_labels.py
[2022-03-29 09:55:30,290] {logging_mixin.py:109} INFO - [2022-03-29 09:55:30,290] {dag.py:2398} INFO - Sync 1 DAGs
[2022-03-29 09:55:30,307] {logging_mixin.py:109} INFO - [2022-03-29 09:55:30,307] {dag.py:2937} INFO - Setting next_dagrun for example_branch_labels to 2022-03-28 00:00:00+00:00
[2022-03-29 09:55:30,526] {processor.py:171} INFO - Processing /home/lowenhard/acceleration/env/lib/python3.8/site-packages/airflow/example_dags/example_branch_labels.py took 0.272 seconds
[2022-03-29 09:56:48,282] {processor.py:163} INFO - Started process (PID=1817) to work on /home/lowenhard/acceleration/env/lib/python3.8/site-packages/airflow/example_dags/example_branch_labels.py
[2022-03-29 09:56:48,288] {processor.py:642} INFO - Processing file /home/lowenhard/acceleration/env/lib/python3.8/site-packages/airflow/example_dags/example_branch_labels.py for tasks to queue
[2022-03-29 09:56:48,289] {logging_mixin.py:109} INFO - [2022-03-29 09:56:48,289] {dagbag.py:500} INFO - Filling up the DagBag from /home/lowenhard/acceleration/env/lib/python3.8/site-packages/airflow/example_dags/example_branch_labels.py
[2022-03-29 09:56:48,313] {processor.py:654} INFO - DAG(s) dict_keys(['example_branch_labels']) retrieved from /home/lowenhard/acceleration/env/lib/python3.8/site-packages/airflow/example_dags/example_branch_labels.py
[2022-03-29 09:56:48,323] {logging_mixin.py:109} INFO - [2022-03-29 09:56:48,323] {dag.py:2398} INFO - Sync 1 DAGs
[2022-03-29 09:56:48,340] {logging_mixin.py:109} INFO - [2022-03-29 09:56:48,340] {dag.py:2937} INFO - Setting next_dagrun for example_branch_labels to 2022-03-28 00:00:00+00:00
[2022-03-29 09:56:48,466] {processor.py:171} INFO - Processing /home/lowenhard/acceleration/env/lib/python3.8/site-packages/airflow/example_dags/example_branch_labels.py took 0.186 seconds
[2022-03-29 09:57:43,761] {processor.py:163} INFO - Started process (PID=1872) to work on /home/lowenhard/acceleration/env/lib/python3.8/site-packages/airflow/example_dags/example_branch_labels.py
[2022-03-29 09:57:43,784] {processor.py:642} INFO - Processing file /home/lowenhard/acceleration/env/lib/python3.8/site-packages/airflow/example_dags/example_branch_labels.py for tasks to queue
[2022-03-29 09:57:43,785] {logging_mixin.py:109} INFO - [2022-03-29 09:57:43,785] {dagbag.py:500} INFO - Filling up the DagBag from /home/lowenhard/acceleration/env/lib/python3.8/site-packages/airflow/example_dags/example_branch_labels.py
[2022-03-29 09:57:43,804] {processor.py:654} INFO - DAG(s) dict_keys(['example_branch_labels']) retrieved from /home/lowenhard/acceleration/env/lib/python3.8/site-packages/airflow/example_dags/example_branch_labels.py
[2022-03-29 09:57:43,813] {logging_mixin.py:109} INFO - [2022-03-29 09:57:43,813] {dag.py:2398} INFO - Sync 1 DAGs
[2022-03-29 09:57:43,826] {logging_mixin.py:109} INFO - [2022-03-29 09:57:43,826] {dag.py:2937} INFO - Setting next_dagrun for example_branch_labels to 2022-03-28 00:00:00+00:00
[2022-03-29 09:57:44,305] {processor.py:171} INFO - Processing /home/lowenhard/acceleration/env/lib/python3.8/site-packages/airflow/example_dags/example_branch_labels.py took 0.546 seconds
[2022-03-29 09:58:40,961] {processor.py:163} INFO - Started process (PID=1926) to work on /home/lowenhard/acceleration/env/lib/python3.8/site-packages/airflow/example_dags/example_branch_labels.py
[2022-03-29 09:58:40,973] {processor.py:642} INFO - Processing file /home/lowenhard/acceleration/env/lib/python3.8/site-packages/airflow/example_dags/example_branch_labels.py for tasks to queue
[2022-03-29 09:58:40,974] {logging_mixin.py:109} INFO - [2022-03-29 09:58:40,974] {dagbag.py:500} INFO - Filling up the DagBag from /home/lowenhard/acceleration/env/lib/python3.8/site-packages/airflow/example_dags/example_branch_labels.py
[2022-03-29 09:58:41,006] {processor.py:654} INFO - DAG(s) dict_keys(['example_branch_labels']) retrieved from /home/lowenhard/acceleration/env/lib/python3.8/site-packages/airflow/example_dags/example_branch_labels.py
[2022-03-29 09:58:41,023] {logging_mixin.py:109} INFO - [2022-03-29 09:58:41,022] {dag.py:2398} INFO - Sync 1 DAGs
[2022-03-29 09:58:41,043] {logging_mixin.py:109} INFO - [2022-03-29 09:58:41,043] {dag.py:2937} INFO - Setting next_dagrun for example_branch_labels to 2022-03-28 00:00:00+00:00
[2022-03-29 09:58:41,199] {processor.py:171} INFO - Processing /home/lowenhard/acceleration/env/lib/python3.8/site-packages/airflow/example_dags/example_branch_labels.py took 0.241 seconds
[2022-03-29 09:59:46,542] {processor.py:163} INFO - Started process (PID=1982) to work on /home/lowenhard/acceleration/env/lib/python3.8/site-packages/airflow/example_dags/example_branch_labels.py
[2022-03-29 09:59:46,553] {processor.py:642} INFO - Processing file /home/lowenhard/acceleration/env/lib/python3.8/site-packages/airflow/example_dags/example_branch_labels.py for tasks to queue
[2022-03-29 09:59:46,553] {logging_mixin.py:109} INFO - [2022-03-29 09:59:46,553] {dagbag.py:500} INFO - Filling up the DagBag from /home/lowenhard/acceleration/env/lib/python3.8/site-packages/airflow/example_dags/example_branch_labels.py
[2022-03-29 09:59:46,575] {processor.py:654} INFO - DAG(s) dict_keys(['example_branch_labels']) retrieved from /home/lowenhard/acceleration/env/lib/python3.8/site-packages/airflow/example_dags/example_branch_labels.py
[2022-03-29 09:59:46,584] {logging_mixin.py:109} INFO - [2022-03-29 09:59:46,584] {dag.py:2398} INFO - Sync 1 DAGs
[2022-03-29 09:59:46,599] {logging_mixin.py:109} INFO - [2022-03-29 09:59:46,599] {dag.py:2937} INFO - Setting next_dagrun for example_branch_labels to 2022-03-28 00:00:00+00:00
[2022-03-29 09:59:46,765] {processor.py:171} INFO - Processing /home/lowenhard/acceleration/env/lib/python3.8/site-packages/airflow/example_dags/example_branch_labels.py took 0.226 seconds
[2022-03-29 10:01:29,780] {processor.py:163} INFO - Started process (PID=2064) to work on /home/lowenhard/acceleration/env/lib/python3.8/site-packages/airflow/example_dags/example_branch_labels.py
[2022-03-29 10:01:29,791] {processor.py:642} INFO - Processing file /home/lowenhard/acceleration/env/lib/python3.8/site-packages/airflow/example_dags/example_branch_labels.py for tasks to queue
[2022-03-29 10:01:29,792] {logging_mixin.py:109} INFO - [2022-03-29 10:01:29,792] {dagbag.py:500} INFO - Filling up the DagBag from /home/lowenhard/acceleration/env/lib/python3.8/site-packages/airflow/example_dags/example_branch_labels.py
[2022-03-29 10:01:29,812] {processor.py:654} INFO - DAG(s) dict_keys(['example_branch_labels']) retrieved from /home/lowenhard/acceleration/env/lib/python3.8/site-packages/airflow/example_dags/example_branch_labels.py
[2022-03-29 10:01:29,821] {logging_mixin.py:109} INFO - [2022-03-29 10:01:29,821] {dag.py:2398} INFO - Sync 1 DAGs
[2022-03-29 10:01:29,835] {logging_mixin.py:109} INFO - [2022-03-29 10:01:29,835] {dag.py:2937} INFO - Setting next_dagrun for example_branch_labels to 2022-03-28 00:00:00+00:00
[2022-03-29 10:01:30,494] {processor.py:171} INFO - Processing /home/lowenhard/acceleration/env/lib/python3.8/site-packages/airflow/example_dags/example_branch_labels.py took 0.717 seconds
[2022-03-29 10:03:12,452] {processor.py:163} INFO - Started process (PID=2150) to work on /home/lowenhard/acceleration/env/lib/python3.8/site-packages/airflow/example_dags/example_branch_labels.py
[2022-03-29 10:03:12,453] {processor.py:642} INFO - Processing file /home/lowenhard/acceleration/env/lib/python3.8/site-packages/airflow/example_dags/example_branch_labels.py for tasks to queue
[2022-03-29 10:03:12,454] {logging_mixin.py:109} INFO - [2022-03-29 10:03:12,454] {dagbag.py:500} INFO - Filling up the DagBag from /home/lowenhard/acceleration/env/lib/python3.8/site-packages/airflow/example_dags/example_branch_labels.py
[2022-03-29 10:03:12,480] {processor.py:654} INFO - DAG(s) dict_keys(['example_branch_labels']) retrieved from /home/lowenhard/acceleration/env/lib/python3.8/site-packages/airflow/example_dags/example_branch_labels.py
[2022-03-29 10:03:12,491] {logging_mixin.py:109} INFO - [2022-03-29 10:03:12,490] {dag.py:2398} INFO - Sync 1 DAGs
[2022-03-29 10:03:12,507] {logging_mixin.py:109} INFO - [2022-03-29 10:03:12,507] {dag.py:2937} INFO - Setting next_dagrun for example_branch_labels to 2022-03-28 00:00:00+00:00
[2022-03-29 10:03:12,651] {processor.py:171} INFO - Processing /home/lowenhard/acceleration/env/lib/python3.8/site-packages/airflow/example_dags/example_branch_labels.py took 0.201 seconds
[2022-03-29 10:04:33,924] {processor.py:163} INFO - Started process (PID=2216) to work on /home/lowenhard/acceleration/env/lib/python3.8/site-packages/airflow/example_dags/example_branch_labels.py
[2022-03-29 10:04:33,927] {processor.py:642} INFO - Processing file /home/lowenhard/acceleration/env/lib/python3.8/site-packages/airflow/example_dags/example_branch_labels.py for tasks to queue
[2022-03-29 10:04:33,928] {logging_mixin.py:109} INFO - [2022-03-29 10:04:33,928] {dagbag.py:500} INFO - Filling up the DagBag from /home/lowenhard/acceleration/env/lib/python3.8/site-packages/airflow/example_dags/example_branch_labels.py
[2022-03-29 10:04:33,954] {processor.py:654} INFO - DAG(s) dict_keys(['example_branch_labels']) retrieved from /home/lowenhard/acceleration/env/lib/python3.8/site-packages/airflow/example_dags/example_branch_labels.py
[2022-03-29 10:04:33,967] {logging_mixin.py:109} INFO - [2022-03-29 10:04:33,967] {dag.py:2398} INFO - Sync 1 DAGs
[2022-03-29 10:04:33,985] {logging_mixin.py:109} INFO - [2022-03-29 10:04:33,985] {dag.py:2937} INFO - Setting next_dagrun for example_branch_labels to 2022-03-28 00:00:00+00:00
[2022-03-29 10:04:34,369] {processor.py:171} INFO - Processing /home/lowenhard/acceleration/env/lib/python3.8/site-packages/airflow/example_dags/example_branch_labels.py took 0.448 seconds
[2022-03-29 10:06:08,518] {processor.py:163} INFO - Started process (PID=2302) to work on /home/lowenhard/acceleration/env/lib/python3.8/site-packages/airflow/example_dags/example_branch_labels.py
[2022-03-29 10:06:08,528] {processor.py:642} INFO - Processing file /home/lowenhard/acceleration/env/lib/python3.8/site-packages/airflow/example_dags/example_branch_labels.py for tasks to queue
[2022-03-29 10:06:08,529] {logging_mixin.py:109} INFO - [2022-03-29 10:06:08,529] {dagbag.py:500} INFO - Filling up the DagBag from /home/lowenhard/acceleration/env/lib/python3.8/site-packages/airflow/example_dags/example_branch_labels.py
[2022-03-29 10:06:08,548] {processor.py:654} INFO - DAG(s) dict_keys(['example_branch_labels']) retrieved from /home/lowenhard/acceleration/env/lib/python3.8/site-packages/airflow/example_dags/example_branch_labels.py
[2022-03-29 10:06:08,557] {logging_mixin.py:109} INFO - [2022-03-29 10:06:08,557] {dag.py:2398} INFO - Sync 1 DAGs
[2022-03-29 10:06:08,571] {logging_mixin.py:109} INFO - [2022-03-29 10:06:08,571] {dag.py:2937} INFO - Setting next_dagrun for example_branch_labels to 2022-03-28 00:00:00+00:00
[2022-03-29 10:06:08,718] {processor.py:171} INFO - Processing /home/lowenhard/acceleration/env/lib/python3.8/site-packages/airflow/example_dags/example_branch_labels.py took 0.204 seconds
[2022-03-29 10:07:26,452] {processor.py:163} INFO - Started process (PID=2387) to work on /home/lowenhard/acceleration/env/lib/python3.8/site-packages/airflow/example_dags/example_branch_labels.py
[2022-03-29 10:07:26,455] {processor.py:642} INFO - Processing file /home/lowenhard/acceleration/env/lib/python3.8/site-packages/airflow/example_dags/example_branch_labels.py for tasks to queue
[2022-03-29 10:07:26,456] {logging_mixin.py:109} INFO - [2022-03-29 10:07:26,456] {dagbag.py:500} INFO - Filling up the DagBag from /home/lowenhard/acceleration/env/lib/python3.8/site-packages/airflow/example_dags/example_branch_labels.py
[2022-03-29 10:07:26,476] {processor.py:654} INFO - DAG(s) dict_keys(['example_branch_labels']) retrieved from /home/lowenhard/acceleration/env/lib/python3.8/site-packages/airflow/example_dags/example_branch_labels.py
[2022-03-29 10:07:26,485] {logging_mixin.py:109} INFO - [2022-03-29 10:07:26,485] {dag.py:2398} INFO - Sync 1 DAGs
[2022-03-29 10:07:26,500] {logging_mixin.py:109} INFO - [2022-03-29 10:07:26,500] {dag.py:2937} INFO - Setting next_dagrun for example_branch_labels to 2022-03-28 00:00:00+00:00
[2022-03-29 10:07:26,628] {processor.py:171} INFO - Processing /home/lowenhard/acceleration/env/lib/python3.8/site-packages/airflow/example_dags/example_branch_labels.py took 0.178 seconds
[2022-03-29 10:08:51,429] {processor.py:163} INFO - Started process (PID=2463) to work on /home/lowenhard/acceleration/env/lib/python3.8/site-packages/airflow/example_dags/example_branch_labels.py
[2022-03-29 10:08:51,432] {processor.py:642} INFO - Processing file /home/lowenhard/acceleration/env/lib/python3.8/site-packages/airflow/example_dags/example_branch_labels.py for tasks to queue
[2022-03-29 10:08:51,432] {logging_mixin.py:109} INFO - [2022-03-29 10:08:51,432] {dagbag.py:500} INFO - Filling up the DagBag from /home/lowenhard/acceleration/env/lib/python3.8/site-packages/airflow/example_dags/example_branch_labels.py
[2022-03-29 10:08:51,451] {processor.py:654} INFO - DAG(s) dict_keys(['example_branch_labels']) retrieved from /home/lowenhard/acceleration/env/lib/python3.8/site-packages/airflow/example_dags/example_branch_labels.py
[2022-03-29 10:08:51,460] {logging_mixin.py:109} INFO - [2022-03-29 10:08:51,460] {dag.py:2398} INFO - Sync 1 DAGs
[2022-03-29 10:08:51,474] {logging_mixin.py:109} INFO - [2022-03-29 10:08:51,474] {dag.py:2937} INFO - Setting next_dagrun for example_branch_labels to 2022-03-28 00:00:00+00:00
[2022-03-29 10:08:51,610] {processor.py:171} INFO - Processing /home/lowenhard/acceleration/env/lib/python3.8/site-packages/airflow/example_dags/example_branch_labels.py took 0.184 seconds
[2022-03-29 10:09:51,473] {processor.py:163} INFO - Started process (PID=2524) to work on /home/lowenhard/acceleration/env/lib/python3.8/site-packages/airflow/example_dags/example_branch_labels.py
[2022-03-29 10:09:51,495] {processor.py:642} INFO - Processing file /home/lowenhard/acceleration/env/lib/python3.8/site-packages/airflow/example_dags/example_branch_labels.py for tasks to queue
[2022-03-29 10:09:51,496] {logging_mixin.py:109} INFO - [2022-03-29 10:09:51,496] {dagbag.py:500} INFO - Filling up the DagBag from /home/lowenhard/acceleration/env/lib/python3.8/site-packages/airflow/example_dags/example_branch_labels.py
[2022-03-29 10:09:51,520] {processor.py:654} INFO - DAG(s) dict_keys(['example_branch_labels']) retrieved from /home/lowenhard/acceleration/env/lib/python3.8/site-packages/airflow/example_dags/example_branch_labels.py
[2022-03-29 10:09:51,530] {logging_mixin.py:109} INFO - [2022-03-29 10:09:51,530] {dag.py:2398} INFO - Sync 1 DAGs
[2022-03-29 10:09:51,544] {logging_mixin.py:109} INFO - [2022-03-29 10:09:51,544] {dag.py:2937} INFO - Setting next_dagrun for example_branch_labels to 2022-03-28 00:00:00+00:00
[2022-03-29 10:09:53,203] {processor.py:171} INFO - Processing /home/lowenhard/acceleration/env/lib/python3.8/site-packages/airflow/example_dags/example_branch_labels.py took 1.732 seconds
[2022-03-29 10:10:59,729] {processor.py:163} INFO - Started process (PID=2582) to work on /home/lowenhard/acceleration/env/lib/python3.8/site-packages/airflow/example_dags/example_branch_labels.py
[2022-03-29 10:11:00,665] {processor.py:642} INFO - Processing file /home/lowenhard/acceleration/env/lib/python3.8/site-packages/airflow/example_dags/example_branch_labels.py for tasks to queue
[2022-03-29 10:11:00,665] {logging_mixin.py:109} INFO - [2022-03-29 10:11:00,665] {dagbag.py:500} INFO - Filling up the DagBag from /home/lowenhard/acceleration/env/lib/python3.8/site-packages/airflow/example_dags/example_branch_labels.py
[2022-03-29 10:11:00,685] {processor.py:654} INFO - DAG(s) dict_keys(['example_branch_labels']) retrieved from /home/lowenhard/acceleration/env/lib/python3.8/site-packages/airflow/example_dags/example_branch_labels.py
[2022-03-29 10:11:00,693] {logging_mixin.py:109} INFO - [2022-03-29 10:11:00,693] {dag.py:2398} INFO - Sync 1 DAGs
[2022-03-29 10:11:00,706] {logging_mixin.py:109} INFO - [2022-03-29 10:11:00,706] {dag.py:2937} INFO - Setting next_dagrun for example_branch_labels to 2022-03-28 00:00:00+00:00
[2022-03-29 10:11:01,066] {processor.py:171} INFO - Processing /home/lowenhard/acceleration/env/lib/python3.8/site-packages/airflow/example_dags/example_branch_labels.py took 1.340 seconds
[2022-03-29 10:12:59,499] {processor.py:163} INFO - Started process (PID=2686) to work on /home/lowenhard/acceleration/env/lib/python3.8/site-packages/airflow/example_dags/example_branch_labels.py
[2022-03-29 10:12:59,502] {processor.py:642} INFO - Processing file /home/lowenhard/acceleration/env/lib/python3.8/site-packages/airflow/example_dags/example_branch_labels.py for tasks to queue
[2022-03-29 10:12:59,503] {logging_mixin.py:109} INFO - [2022-03-29 10:12:59,502] {dagbag.py:500} INFO - Filling up the DagBag from /home/lowenhard/acceleration/env/lib/python3.8/site-packages/airflow/example_dags/example_branch_labels.py
[2022-03-29 10:12:59,521] {processor.py:654} INFO - DAG(s) dict_keys(['example_branch_labels']) retrieved from /home/lowenhard/acceleration/env/lib/python3.8/site-packages/airflow/example_dags/example_branch_labels.py
[2022-03-29 10:12:59,530] {logging_mixin.py:109} INFO - [2022-03-29 10:12:59,530] {dag.py:2398} INFO - Sync 1 DAGs
[2022-03-29 10:12:59,543] {logging_mixin.py:109} INFO - [2022-03-29 10:12:59,543] {dag.py:2937} INFO - Setting next_dagrun for example_branch_labels to 2022-03-28 00:00:00+00:00
[2022-03-29 10:12:59,697] {processor.py:171} INFO - Processing /home/lowenhard/acceleration/env/lib/python3.8/site-packages/airflow/example_dags/example_branch_labels.py took 0.200 seconds
[2022-03-29 10:14:12,253] {processor.py:163} INFO - Started process (PID=2751) to work on /home/lowenhard/acceleration/env/lib/python3.8/site-packages/airflow/example_dags/example_branch_labels.py
[2022-03-29 10:14:12,293] {processor.py:642} INFO - Processing file /home/lowenhard/acceleration/env/lib/python3.8/site-packages/airflow/example_dags/example_branch_labels.py for tasks to queue
[2022-03-29 10:14:12,294] {logging_mixin.py:109} INFO - [2022-03-29 10:14:12,294] {dagbag.py:500} INFO - Filling up the DagBag from /home/lowenhard/acceleration/env/lib/python3.8/site-packages/airflow/example_dags/example_branch_labels.py
[2022-03-29 10:14:12,316] {processor.py:654} INFO - DAG(s) dict_keys(['example_branch_labels']) retrieved from /home/lowenhard/acceleration/env/lib/python3.8/site-packages/airflow/example_dags/example_branch_labels.py
[2022-03-29 10:14:12,325] {logging_mixin.py:109} INFO - [2022-03-29 10:14:12,325] {dag.py:2398} INFO - Sync 1 DAGs
[2022-03-29 10:14:12,340] {logging_mixin.py:109} INFO - [2022-03-29 10:14:12,340] {dag.py:2937} INFO - Setting next_dagrun for example_branch_labels to 2022-03-28 00:00:00+00:00
[2022-03-29 10:14:12,660] {processor.py:171} INFO - Processing /home/lowenhard/acceleration/env/lib/python3.8/site-packages/airflow/example_dags/example_branch_labels.py took 0.408 seconds
[2022-03-29 10:15:49,678] {processor.py:163} INFO - Started process (PID=2840) to work on /home/lowenhard/acceleration/env/lib/python3.8/site-packages/airflow/example_dags/example_branch_labels.py
[2022-03-29 10:15:49,681] {processor.py:642} INFO - Processing file /home/lowenhard/acceleration/env/lib/python3.8/site-packages/airflow/example_dags/example_branch_labels.py for tasks to queue
[2022-03-29 10:15:49,681] {logging_mixin.py:109} INFO - [2022-03-29 10:15:49,681] {dagbag.py:500} INFO - Filling up the DagBag from /home/lowenhard/acceleration/env/lib/python3.8/site-packages/airflow/example_dags/example_branch_labels.py
[2022-03-29 10:15:49,706] {processor.py:654} INFO - DAG(s) dict_keys(['example_branch_labels']) retrieved from /home/lowenhard/acceleration/env/lib/python3.8/site-packages/airflow/example_dags/example_branch_labels.py
[2022-03-29 10:15:49,715] {logging_mixin.py:109} INFO - [2022-03-29 10:15:49,715] {dag.py:2398} INFO - Sync 1 DAGs
[2022-03-29 10:15:49,728] {logging_mixin.py:109} INFO - [2022-03-29 10:15:49,727] {dag.py:2937} INFO - Setting next_dagrun for example_branch_labels to 2022-03-28 00:00:00+00:00
[2022-03-29 10:15:49,870] {processor.py:171} INFO - Processing /home/lowenhard/acceleration/env/lib/python3.8/site-packages/airflow/example_dags/example_branch_labels.py took 0.195 seconds
[2022-03-29 10:17:24,056] {processor.py:163} INFO - Started process (PID=2929) to work on /home/lowenhard/acceleration/env/lib/python3.8/site-packages/airflow/example_dags/example_branch_labels.py
[2022-03-29 10:17:24,070] {processor.py:642} INFO - Processing file /home/lowenhard/acceleration/env/lib/python3.8/site-packages/airflow/example_dags/example_branch_labels.py for tasks to queue
[2022-03-29 10:17:24,071] {logging_mixin.py:109} INFO - [2022-03-29 10:17:24,071] {dagbag.py:500} INFO - Filling up the DagBag from /home/lowenhard/acceleration/env/lib/python3.8/site-packages/airflow/example_dags/example_branch_labels.py
[2022-03-29 10:17:24,099] {processor.py:654} INFO - DAG(s) dict_keys(['example_branch_labels']) retrieved from /home/lowenhard/acceleration/env/lib/python3.8/site-packages/airflow/example_dags/example_branch_labels.py
[2022-03-29 10:17:24,111] {logging_mixin.py:109} INFO - [2022-03-29 10:17:24,111] {dag.py:2398} INFO - Sync 1 DAGs
[2022-03-29 10:17:24,126] {logging_mixin.py:109} INFO - [2022-03-29 10:17:24,126] {dag.py:2937} INFO - Setting next_dagrun for example_branch_labels to 2022-03-28 00:00:00+00:00
[2022-03-29 10:17:25,377] {processor.py:171} INFO - Processing /home/lowenhard/acceleration/env/lib/python3.8/site-packages/airflow/example_dags/example_branch_labels.py took 1.326 seconds
[2022-03-29 10:19:13,716] {processor.py:163} INFO - Started process (PID=3029) to work on /home/lowenhard/acceleration/env/lib/python3.8/site-packages/airflow/example_dags/example_branch_labels.py
[2022-03-29 10:19:13,856] {processor.py:642} INFO - Processing file /home/lowenhard/acceleration/env/lib/python3.8/site-packages/airflow/example_dags/example_branch_labels.py for tasks to queue
[2022-03-29 10:19:13,857] {logging_mixin.py:109} INFO - [2022-03-29 10:19:13,857] {dagbag.py:500} INFO - Filling up the DagBag from /home/lowenhard/acceleration/env/lib/python3.8/site-packages/airflow/example_dags/example_branch_labels.py
[2022-03-29 10:19:13,882] {processor.py:654} INFO - DAG(s) dict_keys(['example_branch_labels']) retrieved from /home/lowenhard/acceleration/env/lib/python3.8/site-packages/airflow/example_dags/example_branch_labels.py
[2022-03-29 10:19:13,891] {logging_mixin.py:109} INFO - [2022-03-29 10:19:13,891] {dag.py:2398} INFO - Sync 1 DAGs
[2022-03-29 10:19:13,905] {logging_mixin.py:109} INFO - [2022-03-29 10:19:13,904] {dag.py:2937} INFO - Setting next_dagrun for example_branch_labels to 2022-03-28 00:00:00+00:00
[2022-03-29 10:19:15,100] {processor.py:171} INFO - Processing /home/lowenhard/acceleration/env/lib/python3.8/site-packages/airflow/example_dags/example_branch_labels.py took 1.387 seconds
[2022-03-29 10:20:56,006] {processor.py:163} INFO - Started process (PID=3128) to work on /home/lowenhard/acceleration/env/lib/python3.8/site-packages/airflow/example_dags/example_branch_labels.py
[2022-03-29 10:20:56,008] {processor.py:642} INFO - Processing file /home/lowenhard/acceleration/env/lib/python3.8/site-packages/airflow/example_dags/example_branch_labels.py for tasks to queue
[2022-03-29 10:20:56,008] {logging_mixin.py:109} INFO - [2022-03-29 10:20:56,008] {dagbag.py:500} INFO - Filling up the DagBag from /home/lowenhard/acceleration/env/lib/python3.8/site-packages/airflow/example_dags/example_branch_labels.py
[2022-03-29 10:20:56,028] {processor.py:654} INFO - DAG(s) dict_keys(['example_branch_labels']) retrieved from /home/lowenhard/acceleration/env/lib/python3.8/site-packages/airflow/example_dags/example_branch_labels.py
[2022-03-29 10:20:56,036] {logging_mixin.py:109} INFO - [2022-03-29 10:20:56,036] {dag.py:2398} INFO - Sync 1 DAGs
[2022-03-29 10:20:56,050] {logging_mixin.py:109} INFO - [2022-03-29 10:20:56,049] {dag.py:2937} INFO - Setting next_dagrun for example_branch_labels to 2022-03-28 00:00:00+00:00
[2022-03-29 10:20:56,718] {processor.py:171} INFO - Processing /home/lowenhard/acceleration/env/lib/python3.8/site-packages/airflow/example_dags/example_branch_labels.py took 0.714 seconds
[2022-03-29 10:22:40,249] {processor.py:163} INFO - Started process (PID=3220) to work on /home/lowenhard/acceleration/env/lib/python3.8/site-packages/airflow/example_dags/example_branch_labels.py
[2022-03-29 10:22:40,252] {processor.py:642} INFO - Processing file /home/lowenhard/acceleration/env/lib/python3.8/site-packages/airflow/example_dags/example_branch_labels.py for tasks to queue
[2022-03-29 10:22:40,253] {logging_mixin.py:109} INFO - [2022-03-29 10:22:40,253] {dagbag.py:500} INFO - Filling up the DagBag from /home/lowenhard/acceleration/env/lib/python3.8/site-packages/airflow/example_dags/example_branch_labels.py
[2022-03-29 10:22:40,274] {processor.py:654} INFO - DAG(s) dict_keys(['example_branch_labels']) retrieved from /home/lowenhard/acceleration/env/lib/python3.8/site-packages/airflow/example_dags/example_branch_labels.py
[2022-03-29 10:22:40,283] {logging_mixin.py:109} INFO - [2022-03-29 10:22:40,283] {dag.py:2398} INFO - Sync 1 DAGs
[2022-03-29 10:22:40,296] {logging_mixin.py:109} INFO - [2022-03-29 10:22:40,296] {dag.py:2937} INFO - Setting next_dagrun for example_branch_labels to 2022-03-28 00:00:00+00:00
[2022-03-29 10:22:40,435] {processor.py:171} INFO - Processing /home/lowenhard/acceleration/env/lib/python3.8/site-packages/airflow/example_dags/example_branch_labels.py took 0.189 seconds
[2022-03-29 10:23:39,068] {processor.py:163} INFO - Started process (PID=3283) to work on /home/lowenhard/acceleration/env/lib/python3.8/site-packages/airflow/example_dags/example_branch_labels.py
[2022-03-29 10:23:39,071] {processor.py:642} INFO - Processing file /home/lowenhard/acceleration/env/lib/python3.8/site-packages/airflow/example_dags/example_branch_labels.py for tasks to queue
[2022-03-29 10:23:39,072] {logging_mixin.py:109} INFO - [2022-03-29 10:23:39,072] {dagbag.py:500} INFO - Filling up the DagBag from /home/lowenhard/acceleration/env/lib/python3.8/site-packages/airflow/example_dags/example_branch_labels.py
[2022-03-29 10:23:39,093] {processor.py:654} INFO - DAG(s) dict_keys(['example_branch_labels']) retrieved from /home/lowenhard/acceleration/env/lib/python3.8/site-packages/airflow/example_dags/example_branch_labels.py
[2022-03-29 10:23:39,102] {logging_mixin.py:109} INFO - [2022-03-29 10:23:39,102] {dag.py:2398} INFO - Sync 1 DAGs
[2022-03-29 10:23:39,115] {logging_mixin.py:109} INFO - [2022-03-29 10:23:39,115] {dag.py:2937} INFO - Setting next_dagrun for example_branch_labels to 2022-03-28 00:00:00+00:00
[2022-03-29 10:23:39,263] {processor.py:171} INFO - Processing /home/lowenhard/acceleration/env/lib/python3.8/site-packages/airflow/example_dags/example_branch_labels.py took 0.199 seconds
[2022-03-29 10:24:34,925] {processor.py:163} INFO - Started process (PID=3336) to work on /home/lowenhard/acceleration/env/lib/python3.8/site-packages/airflow/example_dags/example_branch_labels.py
[2022-03-29 10:24:34,940] {processor.py:642} INFO - Processing file /home/lowenhard/acceleration/env/lib/python3.8/site-packages/airflow/example_dags/example_branch_labels.py for tasks to queue
[2022-03-29 10:24:34,940] {logging_mixin.py:109} INFO - [2022-03-29 10:24:34,940] {dagbag.py:500} INFO - Filling up the DagBag from /home/lowenhard/acceleration/env/lib/python3.8/site-packages/airflow/example_dags/example_branch_labels.py
[2022-03-29 10:24:34,965] {processor.py:654} INFO - DAG(s) dict_keys(['example_branch_labels']) retrieved from /home/lowenhard/acceleration/env/lib/python3.8/site-packages/airflow/example_dags/example_branch_labels.py
[2022-03-29 10:24:34,975] {logging_mixin.py:109} INFO - [2022-03-29 10:24:34,975] {dag.py:2398} INFO - Sync 1 DAGs
[2022-03-29 10:24:34,993] {logging_mixin.py:109} INFO - [2022-03-29 10:24:34,993] {dag.py:2937} INFO - Setting next_dagrun for example_branch_labels to 2022-03-28 00:00:00+00:00
[2022-03-29 10:24:35,125] {processor.py:171} INFO - Processing /home/lowenhard/acceleration/env/lib/python3.8/site-packages/airflow/example_dags/example_branch_labels.py took 0.203 seconds
[2022-03-29 10:25:34,691] {processor.py:163} INFO - Started process (PID=3390) to work on /home/lowenhard/acceleration/env/lib/python3.8/site-packages/airflow/example_dags/example_branch_labels.py
[2022-03-29 10:25:34,693] {processor.py:642} INFO - Processing file /home/lowenhard/acceleration/env/lib/python3.8/site-packages/airflow/example_dags/example_branch_labels.py for tasks to queue
[2022-03-29 10:25:34,693] {logging_mixin.py:109} INFO - [2022-03-29 10:25:34,693] {dagbag.py:500} INFO - Filling up the DagBag from /home/lowenhard/acceleration/env/lib/python3.8/site-packages/airflow/example_dags/example_branch_labels.py
[2022-03-29 10:25:34,712] {processor.py:654} INFO - DAG(s) dict_keys(['example_branch_labels']) retrieved from /home/lowenhard/acceleration/env/lib/python3.8/site-packages/airflow/example_dags/example_branch_labels.py
[2022-03-29 10:25:34,722] {logging_mixin.py:109} INFO - [2022-03-29 10:25:34,722] {dag.py:2398} INFO - Sync 1 DAGs
[2022-03-29 10:25:34,736] {logging_mixin.py:109} INFO - [2022-03-29 10:25:34,736] {dag.py:2937} INFO - Setting next_dagrun for example_branch_labels to 2022-03-28 00:00:00+00:00
[2022-03-29 10:25:34,949] {processor.py:171} INFO - Processing /home/lowenhard/acceleration/env/lib/python3.8/site-packages/airflow/example_dags/example_branch_labels.py took 0.260 seconds
[2022-03-29 10:26:41,364] {processor.py:163} INFO - Started process (PID=3452) to work on /home/lowenhard/acceleration/env/lib/python3.8/site-packages/airflow/example_dags/example_branch_labels.py
[2022-03-29 10:26:41,368] {processor.py:642} INFO - Processing file /home/lowenhard/acceleration/env/lib/python3.8/site-packages/airflow/example_dags/example_branch_labels.py for tasks to queue
[2022-03-29 10:26:41,369] {logging_mixin.py:109} INFO - [2022-03-29 10:26:41,368] {dagbag.py:500} INFO - Filling up the DagBag from /home/lowenhard/acceleration/env/lib/python3.8/site-packages/airflow/example_dags/example_branch_labels.py
[2022-03-29 10:26:41,396] {processor.py:654} INFO - DAG(s) dict_keys(['example_branch_labels']) retrieved from /home/lowenhard/acceleration/env/lib/python3.8/site-packages/airflow/example_dags/example_branch_labels.py
[2022-03-29 10:26:41,407] {logging_mixin.py:109} INFO - [2022-03-29 10:26:41,407] {dag.py:2398} INFO - Sync 1 DAGs
[2022-03-29 10:26:41,422] {logging_mixin.py:109} INFO - [2022-03-29 10:26:41,422] {dag.py:2937} INFO - Setting next_dagrun for example_branch_labels to 2022-03-28 00:00:00+00:00
[2022-03-29 10:26:41,559] {processor.py:171} INFO - Processing /home/lowenhard/acceleration/env/lib/python3.8/site-packages/airflow/example_dags/example_branch_labels.py took 0.198 seconds
[2022-03-29 10:27:39,501] {processor.py:163} INFO - Started process (PID=3506) to work on /home/lowenhard/acceleration/env/lib/python3.8/site-packages/airflow/example_dags/example_branch_labels.py
[2022-03-29 10:27:39,525] {processor.py:642} INFO - Processing file /home/lowenhard/acceleration/env/lib/python3.8/site-packages/airflow/example_dags/example_branch_labels.py for tasks to queue
[2022-03-29 10:27:39,525] {logging_mixin.py:109} INFO - [2022-03-29 10:27:39,525] {dagbag.py:500} INFO - Filling up the DagBag from /home/lowenhard/acceleration/env/lib/python3.8/site-packages/airflow/example_dags/example_branch_labels.py
[2022-03-29 10:27:39,545] {processor.py:654} INFO - DAG(s) dict_keys(['example_branch_labels']) retrieved from /home/lowenhard/acceleration/env/lib/python3.8/site-packages/airflow/example_dags/example_branch_labels.py
[2022-03-29 10:27:39,554] {logging_mixin.py:109} INFO - [2022-03-29 10:27:39,554] {dag.py:2398} INFO - Sync 1 DAGs
[2022-03-29 10:27:39,567] {logging_mixin.py:109} INFO - [2022-03-29 10:27:39,567] {dag.py:2937} INFO - Setting next_dagrun for example_branch_labels to 2022-03-28 00:00:00+00:00
[2022-03-29 10:27:39,756] {processor.py:171} INFO - Processing /home/lowenhard/acceleration/env/lib/python3.8/site-packages/airflow/example_dags/example_branch_labels.py took 0.257 seconds
[2022-03-29 10:28:34,321] {processor.py:163} INFO - Started process (PID=3559) to work on /home/lowenhard/acceleration/env/lib/python3.8/site-packages/airflow/example_dags/example_branch_labels.py
[2022-03-29 10:28:34,335] {processor.py:642} INFO - Processing file /home/lowenhard/acceleration/env/lib/python3.8/site-packages/airflow/example_dags/example_branch_labels.py for tasks to queue
[2022-03-29 10:28:34,335] {logging_mixin.py:109} INFO - [2022-03-29 10:28:34,335] {dagbag.py:500} INFO - Filling up the DagBag from /home/lowenhard/acceleration/env/lib/python3.8/site-packages/airflow/example_dags/example_branch_labels.py
[2022-03-29 10:28:34,354] {processor.py:654} INFO - DAG(s) dict_keys(['example_branch_labels']) retrieved from /home/lowenhard/acceleration/env/lib/python3.8/site-packages/airflow/example_dags/example_branch_labels.py
[2022-03-29 10:28:34,364] {logging_mixin.py:109} INFO - [2022-03-29 10:28:34,363] {dag.py:2398} INFO - Sync 1 DAGs
[2022-03-29 10:28:34,380] {logging_mixin.py:109} INFO - [2022-03-29 10:28:34,380] {dag.py:2937} INFO - Setting next_dagrun for example_branch_labels to 2022-03-28 00:00:00+00:00
[2022-03-29 10:28:34,521] {processor.py:171} INFO - Processing /home/lowenhard/acceleration/env/lib/python3.8/site-packages/airflow/example_dags/example_branch_labels.py took 0.203 seconds
[2022-03-29 10:29:47,949] {processor.py:163} INFO - Started process (PID=3634) to work on /home/lowenhard/acceleration/env/lib/python3.8/site-packages/airflow/example_dags/example_branch_labels.py
[2022-03-29 10:29:47,952] {processor.py:642} INFO - Processing file /home/lowenhard/acceleration/env/lib/python3.8/site-packages/airflow/example_dags/example_branch_labels.py for tasks to queue
[2022-03-29 10:29:47,953] {logging_mixin.py:109} INFO - [2022-03-29 10:29:47,953] {dagbag.py:500} INFO - Filling up the DagBag from /home/lowenhard/acceleration/env/lib/python3.8/site-packages/airflow/example_dags/example_branch_labels.py
[2022-03-29 10:29:47,971] {processor.py:654} INFO - DAG(s) dict_keys(['example_branch_labels']) retrieved from /home/lowenhard/acceleration/env/lib/python3.8/site-packages/airflow/example_dags/example_branch_labels.py
[2022-03-29 10:29:47,980] {logging_mixin.py:109} INFO - [2022-03-29 10:29:47,980] {dag.py:2398} INFO - Sync 1 DAGs
[2022-03-29 10:29:47,992] {logging_mixin.py:109} INFO - [2022-03-29 10:29:47,992] {dag.py:2937} INFO - Setting next_dagrun for example_branch_labels to 2022-03-28 00:00:00+00:00
[2022-03-29 10:29:48,124] {processor.py:171} INFO - Processing /home/lowenhard/acceleration/env/lib/python3.8/site-packages/airflow/example_dags/example_branch_labels.py took 0.177 seconds
[2022-03-29 10:30:52,828] {processor.py:163} INFO - Started process (PID=3687) to work on /home/lowenhard/acceleration/env/lib/python3.8/site-packages/airflow/example_dags/example_branch_labels.py
[2022-03-29 10:30:52,846] {processor.py:642} INFO - Processing file /home/lowenhard/acceleration/env/lib/python3.8/site-packages/airflow/example_dags/example_branch_labels.py for tasks to queue
[2022-03-29 10:30:52,846] {logging_mixin.py:109} INFO - [2022-03-29 10:30:52,846] {dagbag.py:500} INFO - Filling up the DagBag from /home/lowenhard/acceleration/env/lib/python3.8/site-packages/airflow/example_dags/example_branch_labels.py
[2022-03-29 10:30:52,868] {processor.py:654} INFO - DAG(s) dict_keys(['example_branch_labels']) retrieved from /home/lowenhard/acceleration/env/lib/python3.8/site-packages/airflow/example_dags/example_branch_labels.py
[2022-03-29 10:30:52,877] {logging_mixin.py:109} INFO - [2022-03-29 10:30:52,877] {dag.py:2398} INFO - Sync 1 DAGs
[2022-03-29 10:30:52,891] {logging_mixin.py:109} INFO - [2022-03-29 10:30:52,891] {dag.py:2937} INFO - Setting next_dagrun for example_branch_labels to 2022-03-28 00:00:00+00:00
[2022-03-29 10:30:53,895] {processor.py:171} INFO - Processing /home/lowenhard/acceleration/env/lib/python3.8/site-packages/airflow/example_dags/example_branch_labels.py took 1.071 seconds
[2022-03-29 10:32:10,246] {processor.py:163} INFO - Started process (PID=3762) to work on /home/lowenhard/acceleration/env/lib/python3.8/site-packages/airflow/example_dags/example_branch_labels.py
[2022-03-29 10:32:10,252] {processor.py:642} INFO - Processing file /home/lowenhard/acceleration/env/lib/python3.8/site-packages/airflow/example_dags/example_branch_labels.py for tasks to queue
[2022-03-29 10:32:10,252] {logging_mixin.py:109} INFO - [2022-03-29 10:32:10,252] {dagbag.py:500} INFO - Filling up the DagBag from /home/lowenhard/acceleration/env/lib/python3.8/site-packages/airflow/example_dags/example_branch_labels.py
[2022-03-29 10:32:10,273] {processor.py:654} INFO - DAG(s) dict_keys(['example_branch_labels']) retrieved from /home/lowenhard/acceleration/env/lib/python3.8/site-packages/airflow/example_dags/example_branch_labels.py
[2022-03-29 10:32:10,282] {logging_mixin.py:109} INFO - [2022-03-29 10:32:10,282] {dag.py:2398} INFO - Sync 1 DAGs
[2022-03-29 10:32:10,297] {logging_mixin.py:109} INFO - [2022-03-29 10:32:10,297] {dag.py:2937} INFO - Setting next_dagrun for example_branch_labels to 2022-03-28 00:00:00+00:00
[2022-03-29 10:32:10,451] {processor.py:171} INFO - Processing /home/lowenhard/acceleration/env/lib/python3.8/site-packages/airflow/example_dags/example_branch_labels.py took 0.207 seconds
[2022-03-29 10:33:32,183] {processor.py:163} INFO - Started process (PID=3831) to work on /home/lowenhard/acceleration/env/lib/python3.8/site-packages/airflow/example_dags/example_branch_labels.py
[2022-03-29 10:33:32,211] {processor.py:642} INFO - Processing file /home/lowenhard/acceleration/env/lib/python3.8/site-packages/airflow/example_dags/example_branch_labels.py for tasks to queue
[2022-03-29 10:33:32,212] {logging_mixin.py:109} INFO - [2022-03-29 10:33:32,212] {dagbag.py:500} INFO - Filling up the DagBag from /home/lowenhard/acceleration/env/lib/python3.8/site-packages/airflow/example_dags/example_branch_labels.py
[2022-03-29 10:33:32,241] {processor.py:654} INFO - DAG(s) dict_keys(['example_branch_labels']) retrieved from /home/lowenhard/acceleration/env/lib/python3.8/site-packages/airflow/example_dags/example_branch_labels.py
[2022-03-29 10:33:32,261] {logging_mixin.py:109} INFO - [2022-03-29 10:33:32,261] {dag.py:2398} INFO - Sync 1 DAGs
[2022-03-29 10:33:32,330] {logging_mixin.py:109} INFO - [2022-03-29 10:33:32,330] {dag.py:2937} INFO - Setting next_dagrun for example_branch_labels to 2022-03-28 00:00:00+00:00
[2022-03-29 10:33:32,549] {processor.py:171} INFO - Processing /home/lowenhard/acceleration/env/lib/python3.8/site-packages/airflow/example_dags/example_branch_labels.py took 0.370 seconds
[2022-03-29 15:22:54,451] {processor.py:163} INFO - Started process (PID=450) to work on /home/lowenhard/acceleration/env/lib/python3.8/site-packages/airflow/example_dags/example_branch_labels.py
[2022-03-29 15:22:54,477] {processor.py:642} INFO - Processing file /home/lowenhard/acceleration/env/lib/python3.8/site-packages/airflow/example_dags/example_branch_labels.py for tasks to queue
[2022-03-29 15:22:54,478] {logging_mixin.py:109} INFO - [2022-03-29 15:22:54,478] {dagbag.py:500} INFO - Filling up the DagBag from /home/lowenhard/acceleration/env/lib/python3.8/site-packages/airflow/example_dags/example_branch_labels.py
[2022-03-29 15:22:54,501] {processor.py:654} INFO - DAG(s) dict_keys(['example_branch_labels']) retrieved from /home/lowenhard/acceleration/env/lib/python3.8/site-packages/airflow/example_dags/example_branch_labels.py
[2022-03-29 15:22:54,511] {logging_mixin.py:109} INFO - [2022-03-29 15:22:54,511] {dag.py:2398} INFO - Sync 1 DAGs
[2022-03-29 15:22:54,525] {logging_mixin.py:109} INFO - [2022-03-29 15:22:54,525] {dag.py:2937} INFO - Setting next_dagrun for example_branch_labels to 2022-03-28 00:00:00+00:00
[2022-03-29 15:22:55,447] {processor.py:171} INFO - Processing /home/lowenhard/acceleration/env/lib/python3.8/site-packages/airflow/example_dags/example_branch_labels.py took 0.998 seconds
[2022-03-29 15:24:42,360] {processor.py:163} INFO - Started process (PID=525) to work on /home/lowenhard/acceleration/env/lib/python3.8/site-packages/airflow/example_dags/example_branch_labels.py
[2022-03-29 15:24:42,370] {processor.py:642} INFO - Processing file /home/lowenhard/acceleration/env/lib/python3.8/site-packages/airflow/example_dags/example_branch_labels.py for tasks to queue
[2022-03-29 15:24:42,371] {logging_mixin.py:109} INFO - [2022-03-29 15:24:42,370] {dagbag.py:500} INFO - Filling up the DagBag from /home/lowenhard/acceleration/env/lib/python3.8/site-packages/airflow/example_dags/example_branch_labels.py
[2022-03-29 15:24:42,389] {processor.py:654} INFO - DAG(s) dict_keys(['example_branch_labels']) retrieved from /home/lowenhard/acceleration/env/lib/python3.8/site-packages/airflow/example_dags/example_branch_labels.py
[2022-03-29 15:24:42,398] {logging_mixin.py:109} INFO - [2022-03-29 15:24:42,398] {dag.py:2398} INFO - Sync 1 DAGs
[2022-03-29 15:24:42,411] {logging_mixin.py:109} INFO - [2022-03-29 15:24:42,411] {dag.py:2937} INFO - Setting next_dagrun for example_branch_labels to 2022-03-28 00:00:00+00:00
[2022-03-29 15:24:42,837] {processor.py:171} INFO - Processing /home/lowenhard/acceleration/env/lib/python3.8/site-packages/airflow/example_dags/example_branch_labels.py took 0.479 seconds
[2022-03-29 15:27:10,845] {processor.py:163} INFO - Started process (PID=617) to work on /home/lowenhard/acceleration/env/lib/python3.8/site-packages/airflow/example_dags/example_branch_labels.py
[2022-03-29 15:27:10,924] {processor.py:642} INFO - Processing file /home/lowenhard/acceleration/env/lib/python3.8/site-packages/airflow/example_dags/example_branch_labels.py for tasks to queue
[2022-03-29 15:27:10,924] {logging_mixin.py:109} INFO - [2022-03-29 15:27:10,924] {dagbag.py:500} INFO - Filling up the DagBag from /home/lowenhard/acceleration/env/lib/python3.8/site-packages/airflow/example_dags/example_branch_labels.py
[2022-03-29 15:27:10,946] {processor.py:654} INFO - DAG(s) dict_keys(['example_branch_labels']) retrieved from /home/lowenhard/acceleration/env/lib/python3.8/site-packages/airflow/example_dags/example_branch_labels.py
[2022-03-29 15:27:10,957] {logging_mixin.py:109} INFO - [2022-03-29 15:27:10,956] {dag.py:2398} INFO - Sync 1 DAGs
[2022-03-29 15:27:10,971] {logging_mixin.py:109} INFO - [2022-03-29 15:27:10,971] {dag.py:2937} INFO - Setting next_dagrun for example_branch_labels to 2022-03-28 00:00:00+00:00
[2022-03-29 15:27:12,519] {processor.py:171} INFO - Processing /home/lowenhard/acceleration/env/lib/python3.8/site-packages/airflow/example_dags/example_branch_labels.py took 1.676 seconds
[2022-03-29 15:29:34,988] {processor.py:163} INFO - Started process (PID=720) to work on /home/lowenhard/acceleration/env/lib/python3.8/site-packages/airflow/example_dags/example_branch_labels.py
[2022-03-29 15:29:35,004] {processor.py:642} INFO - Processing file /home/lowenhard/acceleration/env/lib/python3.8/site-packages/airflow/example_dags/example_branch_labels.py for tasks to queue
[2022-03-29 15:29:35,004] {logging_mixin.py:109} INFO - [2022-03-29 15:29:35,004] {dagbag.py:500} INFO - Filling up the DagBag from /home/lowenhard/acceleration/env/lib/python3.8/site-packages/airflow/example_dags/example_branch_labels.py
[2022-03-29 15:29:35,022] {processor.py:654} INFO - DAG(s) dict_keys(['example_branch_labels']) retrieved from /home/lowenhard/acceleration/env/lib/python3.8/site-packages/airflow/example_dags/example_branch_labels.py
[2022-03-29 15:29:35,033] {logging_mixin.py:109} INFO - [2022-03-29 15:29:35,033] {dag.py:2398} INFO - Sync 1 DAGs
[2022-03-29 15:29:35,048] {logging_mixin.py:109} INFO - [2022-03-29 15:29:35,048] {dag.py:2937} INFO - Setting next_dagrun for example_branch_labels to 2022-03-28 00:00:00+00:00
[2022-03-29 15:29:35,183] {processor.py:171} INFO - Processing /home/lowenhard/acceleration/env/lib/python3.8/site-packages/airflow/example_dags/example_branch_labels.py took 0.197 seconds
[2022-03-29 15:31:43,125] {processor.py:163} INFO - Started process (PID=806) to work on /home/lowenhard/acceleration/env/lib/python3.8/site-packages/airflow/example_dags/example_branch_labels.py
[2022-03-29 15:31:43,155] {processor.py:642} INFO - Processing file /home/lowenhard/acceleration/env/lib/python3.8/site-packages/airflow/example_dags/example_branch_labels.py for tasks to queue
[2022-03-29 15:31:43,156] {logging_mixin.py:109} INFO - [2022-03-29 15:31:43,155] {dagbag.py:500} INFO - Filling up the DagBag from /home/lowenhard/acceleration/env/lib/python3.8/site-packages/airflow/example_dags/example_branch_labels.py
[2022-03-29 15:31:43,177] {processor.py:654} INFO - DAG(s) dict_keys(['example_branch_labels']) retrieved from /home/lowenhard/acceleration/env/lib/python3.8/site-packages/airflow/example_dags/example_branch_labels.py
[2022-03-29 15:31:43,187] {logging_mixin.py:109} INFO - [2022-03-29 15:31:43,187] {dag.py:2398} INFO - Sync 1 DAGs
[2022-03-29 15:31:43,202] {logging_mixin.py:109} INFO - [2022-03-29 15:31:43,202] {dag.py:2937} INFO - Setting next_dagrun for example_branch_labels to 2022-03-28 00:00:00+00:00
[2022-03-29 15:31:43,341] {processor.py:171} INFO - Processing /home/lowenhard/acceleration/env/lib/python3.8/site-packages/airflow/example_dags/example_branch_labels.py took 0.219 seconds
[2022-03-29 15:33:54,929] {processor.py:163} INFO - Started process (PID=898) to work on /home/lowenhard/acceleration/env/lib/python3.8/site-packages/airflow/example_dags/example_branch_labels.py
[2022-03-29 15:33:55,085] {processor.py:642} INFO - Processing file /home/lowenhard/acceleration/env/lib/python3.8/site-packages/airflow/example_dags/example_branch_labels.py for tasks to queue
[2022-03-29 15:33:55,086] {logging_mixin.py:109} INFO - [2022-03-29 15:33:55,086] {dagbag.py:500} INFO - Filling up the DagBag from /home/lowenhard/acceleration/env/lib/python3.8/site-packages/airflow/example_dags/example_branch_labels.py
[2022-03-29 15:33:55,754] {processor.py:654} INFO - DAG(s) dict_keys(['example_branch_labels']) retrieved from /home/lowenhard/acceleration/env/lib/python3.8/site-packages/airflow/example_dags/example_branch_labels.py
[2022-03-29 15:33:55,771] {logging_mixin.py:109} INFO - [2022-03-29 15:33:55,771] {dag.py:2398} INFO - Sync 1 DAGs
[2022-03-29 15:33:55,789] {logging_mixin.py:109} INFO - [2022-03-29 15:33:55,789] {dag.py:2937} INFO - Setting next_dagrun for example_branch_labels to 2022-03-28 00:00:00+00:00
[2022-03-29 15:33:55,953] {processor.py:171} INFO - Processing /home/lowenhard/acceleration/env/lib/python3.8/site-packages/airflow/example_dags/example_branch_labels.py took 1.027 seconds
[2022-03-29 15:35:46,779] {processor.py:163} INFO - Started process (PID=993) to work on /home/lowenhard/acceleration/env/lib/python3.8/site-packages/airflow/example_dags/example_branch_labels.py
[2022-03-29 15:35:46,783] {processor.py:642} INFO - Processing file /home/lowenhard/acceleration/env/lib/python3.8/site-packages/airflow/example_dags/example_branch_labels.py for tasks to queue
[2022-03-29 15:35:46,783] {logging_mixin.py:109} INFO - [2022-03-29 15:35:46,783] {dagbag.py:500} INFO - Filling up the DagBag from /home/lowenhard/acceleration/env/lib/python3.8/site-packages/airflow/example_dags/example_branch_labels.py
[2022-03-29 15:35:46,802] {processor.py:654} INFO - DAG(s) dict_keys(['example_branch_labels']) retrieved from /home/lowenhard/acceleration/env/lib/python3.8/site-packages/airflow/example_dags/example_branch_labels.py
[2022-03-29 15:35:46,811] {logging_mixin.py:109} INFO - [2022-03-29 15:35:46,811] {dag.py:2398} INFO - Sync 1 DAGs
[2022-03-29 15:35:46,824] {logging_mixin.py:109} INFO - [2022-03-29 15:35:46,824] {dag.py:2937} INFO - Setting next_dagrun for example_branch_labels to 2022-03-28 00:00:00+00:00
[2022-03-29 15:35:47,482] {processor.py:171} INFO - Processing /home/lowenhard/acceleration/env/lib/python3.8/site-packages/airflow/example_dags/example_branch_labels.py took 0.705 seconds
[2022-03-29 15:37:49,421] {processor.py:163} INFO - Started process (PID=1099) to work on /home/lowenhard/acceleration/env/lib/python3.8/site-packages/airflow/example_dags/example_branch_labels.py
[2022-03-29 15:37:49,441] {processor.py:642} INFO - Processing file /home/lowenhard/acceleration/env/lib/python3.8/site-packages/airflow/example_dags/example_branch_labels.py for tasks to queue
[2022-03-29 15:37:49,442] {logging_mixin.py:109} INFO - [2022-03-29 15:37:49,442] {dagbag.py:500} INFO - Filling up the DagBag from /home/lowenhard/acceleration/env/lib/python3.8/site-packages/airflow/example_dags/example_branch_labels.py
[2022-03-29 15:37:49,461] {processor.py:654} INFO - DAG(s) dict_keys(['example_branch_labels']) retrieved from /home/lowenhard/acceleration/env/lib/python3.8/site-packages/airflow/example_dags/example_branch_labels.py
[2022-03-29 15:37:49,470] {logging_mixin.py:109} INFO - [2022-03-29 15:37:49,470] {dag.py:2398} INFO - Sync 1 DAGs
[2022-03-29 15:37:49,718] {logging_mixin.py:109} INFO - [2022-03-29 15:37:49,718] {dag.py:2937} INFO - Setting next_dagrun for example_branch_labels to 2022-03-28 00:00:00+00:00
[2022-03-29 15:37:49,933] {processor.py:171} INFO - Processing /home/lowenhard/acceleration/env/lib/python3.8/site-packages/airflow/example_dags/example_branch_labels.py took 0.514 seconds
[2022-03-29 15:40:23,214] {processor.py:163} INFO - Started process (PID=1211) to work on /home/lowenhard/acceleration/env/lib/python3.8/site-packages/airflow/example_dags/example_branch_labels.py
[2022-03-29 15:40:23,824] {processor.py:642} INFO - Processing file /home/lowenhard/acceleration/env/lib/python3.8/site-packages/airflow/example_dags/example_branch_labels.py for tasks to queue
[2022-03-29 15:40:23,825] {logging_mixin.py:109} INFO - [2022-03-29 15:40:23,825] {dagbag.py:500} INFO - Filling up the DagBag from /home/lowenhard/acceleration/env/lib/python3.8/site-packages/airflow/example_dags/example_branch_labels.py
[2022-03-29 15:40:23,852] {processor.py:654} INFO - DAG(s) dict_keys(['example_branch_labels']) retrieved from /home/lowenhard/acceleration/env/lib/python3.8/site-packages/airflow/example_dags/example_branch_labels.py
[2022-03-29 15:40:23,868] {logging_mixin.py:109} INFO - [2022-03-29 15:40:23,868] {dag.py:2398} INFO - Sync 1 DAGs
[2022-03-29 15:40:23,896] {logging_mixin.py:109} INFO - [2022-03-29 15:40:23,896] {dag.py:2937} INFO - Setting next_dagrun for example_branch_labels to 2022-03-28 00:00:00+00:00
[2022-03-29 15:40:24,173] {processor.py:171} INFO - Processing /home/lowenhard/acceleration/env/lib/python3.8/site-packages/airflow/example_dags/example_branch_labels.py took 0.961 seconds
[2022-03-29 15:42:16,381] {processor.py:163} INFO - Started process (PID=1327) to work on /home/lowenhard/acceleration/env/lib/python3.8/site-packages/airflow/example_dags/example_branch_labels.py
[2022-03-29 15:42:16,955] {processor.py:642} INFO - Processing file /home/lowenhard/acceleration/env/lib/python3.8/site-packages/airflow/example_dags/example_branch_labels.py for tasks to queue
[2022-03-29 15:42:16,956] {logging_mixin.py:109} INFO - [2022-03-29 15:42:16,956] {dagbag.py:500} INFO - Filling up the DagBag from /home/lowenhard/acceleration/env/lib/python3.8/site-packages/airflow/example_dags/example_branch_labels.py
[2022-03-29 15:42:16,977] {processor.py:654} INFO - DAG(s) dict_keys(['example_branch_labels']) retrieved from /home/lowenhard/acceleration/env/lib/python3.8/site-packages/airflow/example_dags/example_branch_labels.py
[2022-03-29 15:42:16,986] {logging_mixin.py:109} INFO - [2022-03-29 15:42:16,985] {dag.py:2398} INFO - Sync 1 DAGs
[2022-03-29 15:42:16,999] {logging_mixin.py:109} INFO - [2022-03-29 15:42:16,999] {dag.py:2937} INFO - Setting next_dagrun for example_branch_labels to 2022-03-28 00:00:00+00:00
[2022-03-29 15:42:17,161] {processor.py:171} INFO - Processing /home/lowenhard/acceleration/env/lib/python3.8/site-packages/airflow/example_dags/example_branch_labels.py took 0.782 seconds
[2022-03-29 15:43:26,032] {processor.py:163} INFO - Started process (PID=1419) to work on /home/lowenhard/acceleration/env/lib/python3.8/site-packages/airflow/example_dags/example_branch_labels.py
[2022-03-29 15:43:26,052] {processor.py:642} INFO - Processing file /home/lowenhard/acceleration/env/lib/python3.8/site-packages/airflow/example_dags/example_branch_labels.py for tasks to queue
[2022-03-29 15:43:26,053] {logging_mixin.py:109} INFO - [2022-03-29 15:43:26,053] {dagbag.py:500} INFO - Filling up the DagBag from /home/lowenhard/acceleration/env/lib/python3.8/site-packages/airflow/example_dags/example_branch_labels.py
[2022-03-29 15:43:26,071] {processor.py:654} INFO - DAG(s) dict_keys(['example_branch_labels']) retrieved from /home/lowenhard/acceleration/env/lib/python3.8/site-packages/airflow/example_dags/example_branch_labels.py
[2022-03-29 15:43:26,078] {logging_mixin.py:109} INFO - [2022-03-29 15:43:26,078] {dag.py:2398} INFO - Sync 1 DAGs
[2022-03-29 15:43:26,088] {logging_mixin.py:109} INFO - [2022-03-29 15:43:26,088] {dag.py:2937} INFO - Setting next_dagrun for example_branch_labels to 2022-03-28 00:00:00+00:00
[2022-03-29 15:43:26,225] {processor.py:171} INFO - Processing /home/lowenhard/acceleration/env/lib/python3.8/site-packages/airflow/example_dags/example_branch_labels.py took 0.194 seconds
[2022-03-29 15:44:38,371] {processor.py:163} INFO - Started process (PID=1487) to work on /home/lowenhard/acceleration/env/lib/python3.8/site-packages/airflow/example_dags/example_branch_labels.py
[2022-03-29 15:44:38,388] {processor.py:642} INFO - Processing file /home/lowenhard/acceleration/env/lib/python3.8/site-packages/airflow/example_dags/example_branch_labels.py for tasks to queue
[2022-03-29 15:44:38,389] {logging_mixin.py:109} INFO - [2022-03-29 15:44:38,389] {dagbag.py:500} INFO - Filling up the DagBag from /home/lowenhard/acceleration/env/lib/python3.8/site-packages/airflow/example_dags/example_branch_labels.py
[2022-03-29 15:44:38,408] {processor.py:654} INFO - DAG(s) dict_keys(['example_branch_labels']) retrieved from /home/lowenhard/acceleration/env/lib/python3.8/site-packages/airflow/example_dags/example_branch_labels.py
[2022-03-29 15:44:38,416] {logging_mixin.py:109} INFO - [2022-03-29 15:44:38,416] {dag.py:2398} INFO - Sync 1 DAGs
[2022-03-29 15:44:38,427] {logging_mixin.py:109} INFO - [2022-03-29 15:44:38,427] {dag.py:2937} INFO - Setting next_dagrun for example_branch_labels to 2022-03-28 00:00:00+00:00
[2022-03-29 15:44:38,636] {processor.py:171} INFO - Processing /home/lowenhard/acceleration/env/lib/python3.8/site-packages/airflow/example_dags/example_branch_labels.py took 0.267 seconds
[2022-03-29 15:45:52,523] {processor.py:163} INFO - Started process (PID=1560) to work on /home/lowenhard/acceleration/env/lib/python3.8/site-packages/airflow/example_dags/example_branch_labels.py
[2022-03-29 15:45:52,558] {processor.py:642} INFO - Processing file /home/lowenhard/acceleration/env/lib/python3.8/site-packages/airflow/example_dags/example_branch_labels.py for tasks to queue
[2022-03-29 15:45:52,559] {logging_mixin.py:109} INFO - [2022-03-29 15:45:52,559] {dagbag.py:500} INFO - Filling up the DagBag from /home/lowenhard/acceleration/env/lib/python3.8/site-packages/airflow/example_dags/example_branch_labels.py
[2022-03-29 15:45:52,585] {processor.py:654} INFO - DAG(s) dict_keys(['example_branch_labels']) retrieved from /home/lowenhard/acceleration/env/lib/python3.8/site-packages/airflow/example_dags/example_branch_labels.py
[2022-03-29 15:45:52,593] {logging_mixin.py:109} INFO - [2022-03-29 15:45:52,593] {dag.py:2398} INFO - Sync 1 DAGs
[2022-03-29 15:45:52,608] {logging_mixin.py:109} INFO - [2022-03-29 15:45:52,608] {dag.py:2937} INFO - Setting next_dagrun for example_branch_labels to 2022-03-28 00:00:00+00:00
[2022-03-29 15:45:52,886] {processor.py:171} INFO - Processing /home/lowenhard/acceleration/env/lib/python3.8/site-packages/airflow/example_dags/example_branch_labels.py took 0.366 seconds
