[2022-04-05 05:22:53,294] {processor.py:163} INFO - Started process (PID=378) to work on /home/lowenhard/acceleration/env/lib/python3.8/site-packages/airflow/example_dags/example_python_operator.py
[2022-04-05 05:22:53,295] {processor.py:642} INFO - Processing file /home/lowenhard/acceleration/env/lib/python3.8/site-packages/airflow/example_dags/example_python_operator.py for tasks to queue
[2022-04-05 05:22:53,296] {logging_mixin.py:109} INFO - [2022-04-05 05:22:53,296] {dagbag.py:500} INFO - Filling up the DagBag from /home/lowenhard/acceleration/env/lib/python3.8/site-packages/airflow/example_dags/example_python_operator.py
[2022-04-05 05:22:53,318] {processor.py:654} INFO - DAG(s) dict_keys(['example_python_operator']) retrieved from /home/lowenhard/acceleration/env/lib/python3.8/site-packages/airflow/example_dags/example_python_operator.py
[2022-04-05 05:22:53,328] {logging_mixin.py:109} INFO - [2022-04-05 05:22:53,327] {dag.py:2398} INFO - Sync 1 DAGs
[2022-04-05 05:22:53,338] {logging_mixin.py:109} INFO - [2022-04-05 05:22:53,338] {dag.py:2937} INFO - Setting next_dagrun for example_python_operator to None
[2022-04-05 05:22:53,516] {processor.py:171} INFO - Processing /home/lowenhard/acceleration/env/lib/python3.8/site-packages/airflow/example_dags/example_python_operator.py took 0.224 seconds
[2022-04-05 05:24:35,409] {processor.py:163} INFO - Started process (PID=447) to work on /home/lowenhard/acceleration/env/lib/python3.8/site-packages/airflow/example_dags/example_python_operator.py
[2022-04-05 05:24:35,412] {processor.py:642} INFO - Processing file /home/lowenhard/acceleration/env/lib/python3.8/site-packages/airflow/example_dags/example_python_operator.py for tasks to queue
[2022-04-05 05:24:35,412] {logging_mixin.py:109} INFO - [2022-04-05 05:24:35,412] {dagbag.py:500} INFO - Filling up the DagBag from /home/lowenhard/acceleration/env/lib/python3.8/site-packages/airflow/example_dags/example_python_operator.py
[2022-04-05 05:24:35,435] {processor.py:654} INFO - DAG(s) dict_keys(['example_python_operator']) retrieved from /home/lowenhard/acceleration/env/lib/python3.8/site-packages/airflow/example_dags/example_python_operator.py
[2022-04-05 05:24:35,445] {logging_mixin.py:109} INFO - [2022-04-05 05:24:35,445] {dag.py:2398} INFO - Sync 1 DAGs
[2022-04-05 05:24:35,460] {logging_mixin.py:109} INFO - [2022-04-05 05:24:35,460] {dag.py:2937} INFO - Setting next_dagrun for example_python_operator to None
[2022-04-05 05:24:36,003] {processor.py:171} INFO - Processing /home/lowenhard/acceleration/env/lib/python3.8/site-packages/airflow/example_dags/example_python_operator.py took 0.597 seconds
[2022-04-05 05:26:48,424] {processor.py:163} INFO - Started process (PID=553) to work on /home/lowenhard/acceleration/env/lib/python3.8/site-packages/airflow/example_dags/example_python_operator.py
[2022-04-05 05:26:48,427] {processor.py:642} INFO - Processing file /home/lowenhard/acceleration/env/lib/python3.8/site-packages/airflow/example_dags/example_python_operator.py for tasks to queue
[2022-04-05 05:26:48,427] {logging_mixin.py:109} INFO - [2022-04-05 05:26:48,427] {dagbag.py:500} INFO - Filling up the DagBag from /home/lowenhard/acceleration/env/lib/python3.8/site-packages/airflow/example_dags/example_python_operator.py
[2022-04-05 05:26:48,451] {processor.py:654} INFO - DAG(s) dict_keys(['example_python_operator']) retrieved from /home/lowenhard/acceleration/env/lib/python3.8/site-packages/airflow/example_dags/example_python_operator.py
[2022-04-05 05:26:48,461] {logging_mixin.py:109} INFO - [2022-04-05 05:26:48,460] {dag.py:2398} INFO - Sync 1 DAGs
[2022-04-05 05:26:48,472] {logging_mixin.py:109} INFO - [2022-04-05 05:26:48,472] {dag.py:2937} INFO - Setting next_dagrun for example_python_operator to None
[2022-04-05 05:26:50,196] {processor.py:171} INFO - Processing /home/lowenhard/acceleration/env/lib/python3.8/site-packages/airflow/example_dags/example_python_operator.py took 1.775 seconds
[2022-04-05 05:28:58,838] {processor.py:163} INFO - Started process (PID=660) to work on /home/lowenhard/acceleration/env/lib/python3.8/site-packages/airflow/example_dags/example_python_operator.py
[2022-04-05 05:28:58,842] {processor.py:642} INFO - Processing file /home/lowenhard/acceleration/env/lib/python3.8/site-packages/airflow/example_dags/example_python_operator.py for tasks to queue
[2022-04-05 05:28:58,843] {logging_mixin.py:109} INFO - [2022-04-05 05:28:58,843] {dagbag.py:500} INFO - Filling up the DagBag from /home/lowenhard/acceleration/env/lib/python3.8/site-packages/airflow/example_dags/example_python_operator.py
[2022-04-05 05:28:58,873] {processor.py:654} INFO - DAG(s) dict_keys(['example_python_operator']) retrieved from /home/lowenhard/acceleration/env/lib/python3.8/site-packages/airflow/example_dags/example_python_operator.py
[2022-04-05 05:28:58,887] {logging_mixin.py:109} INFO - [2022-04-05 05:28:58,887] {dag.py:2398} INFO - Sync 1 DAGs
[2022-04-05 05:28:58,903] {logging_mixin.py:109} INFO - [2022-04-05 05:28:58,903] {dag.py:2937} INFO - Setting next_dagrun for example_python_operator to None
[2022-04-05 05:28:59,349] {processor.py:171} INFO - Processing /home/lowenhard/acceleration/env/lib/python3.8/site-packages/airflow/example_dags/example_python_operator.py took 0.515 seconds
[2022-04-05 05:31:06,654] {processor.py:163} INFO - Started process (PID=767) to work on /home/lowenhard/acceleration/env/lib/python3.8/site-packages/airflow/example_dags/example_python_operator.py
[2022-04-05 05:31:07,543] {processor.py:642} INFO - Processing file /home/lowenhard/acceleration/env/lib/python3.8/site-packages/airflow/example_dags/example_python_operator.py for tasks to queue
[2022-04-05 05:31:07,543] {logging_mixin.py:109} INFO - [2022-04-05 05:31:07,543] {dagbag.py:500} INFO - Filling up the DagBag from /home/lowenhard/acceleration/env/lib/python3.8/site-packages/airflow/example_dags/example_python_operator.py
[2022-04-05 05:31:07,577] {processor.py:654} INFO - DAG(s) dict_keys(['example_python_operator']) retrieved from /home/lowenhard/acceleration/env/lib/python3.8/site-packages/airflow/example_dags/example_python_operator.py
[2022-04-05 05:31:07,587] {logging_mixin.py:109} INFO - [2022-04-05 05:31:07,587] {dag.py:2398} INFO - Sync 1 DAGs
[2022-04-05 05:31:07,601] {logging_mixin.py:109} INFO - [2022-04-05 05:31:07,600] {dag.py:2937} INFO - Setting next_dagrun for example_python_operator to None
[2022-04-05 05:31:07,796] {processor.py:171} INFO - Processing /home/lowenhard/acceleration/env/lib/python3.8/site-packages/airflow/example_dags/example_python_operator.py took 1.144 seconds
[2022-04-05 05:33:23,983] {processor.py:163} INFO - Started process (PID=877) to work on /home/lowenhard/acceleration/env/lib/python3.8/site-packages/airflow/example_dags/example_python_operator.py
[2022-04-05 05:33:24,072] {processor.py:642} INFO - Processing file /home/lowenhard/acceleration/env/lib/python3.8/site-packages/airflow/example_dags/example_python_operator.py for tasks to queue
[2022-04-05 05:33:24,073] {logging_mixin.py:109} INFO - [2022-04-05 05:33:24,073] {dagbag.py:500} INFO - Filling up the DagBag from /home/lowenhard/acceleration/env/lib/python3.8/site-packages/airflow/example_dags/example_python_operator.py
[2022-04-05 05:33:24,097] {processor.py:654} INFO - DAG(s) dict_keys(['example_python_operator']) retrieved from /home/lowenhard/acceleration/env/lib/python3.8/site-packages/airflow/example_dags/example_python_operator.py
[2022-04-05 05:33:24,106] {logging_mixin.py:109} INFO - [2022-04-05 05:33:24,106] {dag.py:2398} INFO - Sync 1 DAGs
[2022-04-05 05:33:24,118] {logging_mixin.py:109} INFO - [2022-04-05 05:33:24,118] {dag.py:2937} INFO - Setting next_dagrun for example_python_operator to None
[2022-04-05 05:33:25,090] {processor.py:171} INFO - Processing /home/lowenhard/acceleration/env/lib/python3.8/site-packages/airflow/example_dags/example_python_operator.py took 1.109 seconds
[2022-04-05 05:35:28,556] {processor.py:163} INFO - Started process (PID=986) to work on /home/lowenhard/acceleration/env/lib/python3.8/site-packages/airflow/example_dags/example_python_operator.py
[2022-04-05 05:35:28,570] {processor.py:642} INFO - Processing file /home/lowenhard/acceleration/env/lib/python3.8/site-packages/airflow/example_dags/example_python_operator.py for tasks to queue
[2022-04-05 05:35:28,571] {logging_mixin.py:109} INFO - [2022-04-05 05:35:28,571] {dagbag.py:500} INFO - Filling up the DagBag from /home/lowenhard/acceleration/env/lib/python3.8/site-packages/airflow/example_dags/example_python_operator.py
[2022-04-05 05:35:28,597] {processor.py:654} INFO - DAG(s) dict_keys(['example_python_operator']) retrieved from /home/lowenhard/acceleration/env/lib/python3.8/site-packages/airflow/example_dags/example_python_operator.py
[2022-04-05 05:35:28,608] {logging_mixin.py:109} INFO - [2022-04-05 05:35:28,608] {dag.py:2398} INFO - Sync 1 DAGs
[2022-04-05 05:35:28,622] {logging_mixin.py:109} INFO - [2022-04-05 05:35:28,622] {dag.py:2937} INFO - Setting next_dagrun for example_python_operator to None
[2022-04-05 05:35:32,079] {processor.py:171} INFO - Processing /home/lowenhard/acceleration/env/lib/python3.8/site-packages/airflow/example_dags/example_python_operator.py took 3.524 seconds
[2022-04-05 05:38:05,985] {processor.py:163} INFO - Started process (PID=1102) to work on /home/lowenhard/acceleration/env/lib/python3.8/site-packages/airflow/example_dags/example_python_operator.py
[2022-04-05 05:38:05,987] {processor.py:642} INFO - Processing file /home/lowenhard/acceleration/env/lib/python3.8/site-packages/airflow/example_dags/example_python_operator.py for tasks to queue
[2022-04-05 05:38:05,988] {logging_mixin.py:109} INFO - [2022-04-05 05:38:05,987] {dagbag.py:500} INFO - Filling up the DagBag from /home/lowenhard/acceleration/env/lib/python3.8/site-packages/airflow/example_dags/example_python_operator.py
[2022-04-05 05:38:06,012] {processor.py:654} INFO - DAG(s) dict_keys(['example_python_operator']) retrieved from /home/lowenhard/acceleration/env/lib/python3.8/site-packages/airflow/example_dags/example_python_operator.py
[2022-04-05 05:38:06,022] {logging_mixin.py:109} INFO - [2022-04-05 05:38:06,022] {dag.py:2398} INFO - Sync 1 DAGs
[2022-04-05 05:38:06,033] {logging_mixin.py:109} INFO - [2022-04-05 05:38:06,033] {dag.py:2937} INFO - Setting next_dagrun for example_python_operator to None
[2022-04-05 05:38:07,503] {processor.py:171} INFO - Processing /home/lowenhard/acceleration/env/lib/python3.8/site-packages/airflow/example_dags/example_python_operator.py took 1.521 seconds
[2022-04-05 05:40:43,317] {processor.py:163} INFO - Started process (PID=1216) to work on /home/lowenhard/acceleration/env/lib/python3.8/site-packages/airflow/example_dags/example_python_operator.py
[2022-04-05 05:40:43,320] {processor.py:642} INFO - Processing file /home/lowenhard/acceleration/env/lib/python3.8/site-packages/airflow/example_dags/example_python_operator.py for tasks to queue
[2022-04-05 05:40:43,320] {logging_mixin.py:109} INFO - [2022-04-05 05:40:43,320] {dagbag.py:500} INFO - Filling up the DagBag from /home/lowenhard/acceleration/env/lib/python3.8/site-packages/airflow/example_dags/example_python_operator.py
[2022-04-05 05:40:45,100] {processor.py:654} INFO - DAG(s) dict_keys(['example_python_operator']) retrieved from /home/lowenhard/acceleration/env/lib/python3.8/site-packages/airflow/example_dags/example_python_operator.py
[2022-04-05 05:40:45,354] {logging_mixin.py:109} INFO - [2022-04-05 05:40:45,354] {dag.py:2398} INFO - Sync 1 DAGs
[2022-04-05 05:40:45,370] {logging_mixin.py:109} INFO - [2022-04-05 05:40:45,370] {dag.py:2937} INFO - Setting next_dagrun for example_python_operator to None
[2022-04-05 05:40:45,532] {processor.py:171} INFO - Processing /home/lowenhard/acceleration/env/lib/python3.8/site-packages/airflow/example_dags/example_python_operator.py took 2.219 seconds
[2022-04-05 05:43:39,994] {processor.py:163} INFO - Started process (PID=1339) to work on /home/lowenhard/acceleration/env/lib/python3.8/site-packages/airflow/example_dags/example_python_operator.py
[2022-04-05 05:43:39,997] {processor.py:642} INFO - Processing file /home/lowenhard/acceleration/env/lib/python3.8/site-packages/airflow/example_dags/example_python_operator.py for tasks to queue
[2022-04-05 05:43:39,998] {logging_mixin.py:109} INFO - [2022-04-05 05:43:39,998] {dagbag.py:500} INFO - Filling up the DagBag from /home/lowenhard/acceleration/env/lib/python3.8/site-packages/airflow/example_dags/example_python_operator.py
[2022-04-05 05:43:40,022] {processor.py:654} INFO - DAG(s) dict_keys(['example_python_operator']) retrieved from /home/lowenhard/acceleration/env/lib/python3.8/site-packages/airflow/example_dags/example_python_operator.py
[2022-04-05 05:43:40,031] {logging_mixin.py:109} INFO - [2022-04-05 05:43:40,031] {dag.py:2398} INFO - Sync 1 DAGs
[2022-04-05 05:43:40,043] {logging_mixin.py:109} INFO - [2022-04-05 05:43:40,043] {dag.py:2937} INFO - Setting next_dagrun for example_python_operator to None
[2022-04-05 05:43:41,187] {processor.py:171} INFO - Processing /home/lowenhard/acceleration/env/lib/python3.8/site-packages/airflow/example_dags/example_python_operator.py took 1.195 seconds
[2022-04-05 05:46:05,557] {processor.py:163} INFO - Started process (PID=1459) to work on /home/lowenhard/acceleration/env/lib/python3.8/site-packages/airflow/example_dags/example_python_operator.py
[2022-04-05 05:46:05,560] {processor.py:642} INFO - Processing file /home/lowenhard/acceleration/env/lib/python3.8/site-packages/airflow/example_dags/example_python_operator.py for tasks to queue
[2022-04-05 05:46:05,560] {logging_mixin.py:109} INFO - [2022-04-05 05:46:05,560] {dagbag.py:500} INFO - Filling up the DagBag from /home/lowenhard/acceleration/env/lib/python3.8/site-packages/airflow/example_dags/example_python_operator.py
[2022-04-05 05:46:05,585] {processor.py:654} INFO - DAG(s) dict_keys(['example_python_operator']) retrieved from /home/lowenhard/acceleration/env/lib/python3.8/site-packages/airflow/example_dags/example_python_operator.py
[2022-04-05 05:46:05,594] {logging_mixin.py:109} INFO - [2022-04-05 05:46:05,594] {dag.py:2398} INFO - Sync 1 DAGs
[2022-04-05 05:46:05,606] {logging_mixin.py:109} INFO - [2022-04-05 05:46:05,606] {dag.py:2937} INFO - Setting next_dagrun for example_python_operator to None
[2022-04-05 05:46:06,464] {processor.py:171} INFO - Processing /home/lowenhard/acceleration/env/lib/python3.8/site-packages/airflow/example_dags/example_python_operator.py took 0.910 seconds
[2022-04-05 05:48:42,505] {processor.py:163} INFO - Started process (PID=1592) to work on /home/lowenhard/acceleration/env/lib/python3.8/site-packages/airflow/example_dags/example_python_operator.py
[2022-04-05 05:48:42,508] {processor.py:642} INFO - Processing file /home/lowenhard/acceleration/env/lib/python3.8/site-packages/airflow/example_dags/example_python_operator.py for tasks to queue
[2022-04-05 05:48:42,509] {logging_mixin.py:109} INFO - [2022-04-05 05:48:42,508] {dagbag.py:500} INFO - Filling up the DagBag from /home/lowenhard/acceleration/env/lib/python3.8/site-packages/airflow/example_dags/example_python_operator.py
[2022-04-05 05:48:42,531] {processor.py:654} INFO - DAG(s) dict_keys(['example_python_operator']) retrieved from /home/lowenhard/acceleration/env/lib/python3.8/site-packages/airflow/example_dags/example_python_operator.py
[2022-04-05 05:48:42,541] {logging_mixin.py:109} INFO - [2022-04-05 05:48:42,541] {dag.py:2398} INFO - Sync 1 DAGs
[2022-04-05 05:48:42,552] {logging_mixin.py:109} INFO - [2022-04-05 05:48:42,552] {dag.py:2937} INFO - Setting next_dagrun for example_python_operator to None
[2022-04-05 05:48:42,684] {processor.py:171} INFO - Processing /home/lowenhard/acceleration/env/lib/python3.8/site-packages/airflow/example_dags/example_python_operator.py took 0.182 seconds
[2022-04-05 05:50:49,331] {processor.py:163} INFO - Started process (PID=1722) to work on /home/lowenhard/acceleration/env/lib/python3.8/site-packages/airflow/example_dags/example_python_operator.py
[2022-04-05 05:50:49,334] {processor.py:642} INFO - Processing file /home/lowenhard/acceleration/env/lib/python3.8/site-packages/airflow/example_dags/example_python_operator.py for tasks to queue
[2022-04-05 05:50:49,334] {logging_mixin.py:109} INFO - [2022-04-05 05:50:49,334] {dagbag.py:500} INFO - Filling up the DagBag from /home/lowenhard/acceleration/env/lib/python3.8/site-packages/airflow/example_dags/example_python_operator.py
[2022-04-05 05:50:49,358] {processor.py:654} INFO - DAG(s) dict_keys(['example_python_operator']) retrieved from /home/lowenhard/acceleration/env/lib/python3.8/site-packages/airflow/example_dags/example_python_operator.py
[2022-04-05 05:50:49,368] {logging_mixin.py:109} INFO - [2022-04-05 05:50:49,368] {dag.py:2398} INFO - Sync 1 DAGs
[2022-04-05 05:50:49,380] {logging_mixin.py:109} INFO - [2022-04-05 05:50:49,380] {dag.py:2937} INFO - Setting next_dagrun for example_python_operator to None
[2022-04-05 05:50:49,745] {processor.py:171} INFO - Processing /home/lowenhard/acceleration/env/lib/python3.8/site-packages/airflow/example_dags/example_python_operator.py took 0.416 seconds
[2022-04-05 05:53:11,211] {processor.py:163} INFO - Started process (PID=1847) to work on /home/lowenhard/acceleration/env/lib/python3.8/site-packages/airflow/example_dags/example_python_operator.py
[2022-04-05 05:53:11,246] {processor.py:642} INFO - Processing file /home/lowenhard/acceleration/env/lib/python3.8/site-packages/airflow/example_dags/example_python_operator.py for tasks to queue
[2022-04-05 05:53:11,246] {logging_mixin.py:109} INFO - [2022-04-05 05:53:11,246] {dagbag.py:500} INFO - Filling up the DagBag from /home/lowenhard/acceleration/env/lib/python3.8/site-packages/airflow/example_dags/example_python_operator.py
[2022-04-05 05:53:11,702] {processor.py:654} INFO - DAG(s) dict_keys(['example_python_operator']) retrieved from /home/lowenhard/acceleration/env/lib/python3.8/site-packages/airflow/example_dags/example_python_operator.py
[2022-04-05 05:53:11,716] {logging_mixin.py:109} INFO - [2022-04-05 05:53:11,716] {dag.py:2398} INFO - Sync 1 DAGs
[2022-04-05 05:53:11,727] {logging_mixin.py:109} INFO - [2022-04-05 05:53:11,727] {dag.py:2937} INFO - Setting next_dagrun for example_python_operator to None
[2022-04-05 05:53:11,856] {processor.py:171} INFO - Processing /home/lowenhard/acceleration/env/lib/python3.8/site-packages/airflow/example_dags/example_python_operator.py took 0.648 seconds
[2022-04-05 05:55:25,879] {processor.py:163} INFO - Started process (PID=1964) to work on /home/lowenhard/acceleration/env/lib/python3.8/site-packages/airflow/example_dags/example_python_operator.py
[2022-04-05 05:55:25,892] {processor.py:642} INFO - Processing file /home/lowenhard/acceleration/env/lib/python3.8/site-packages/airflow/example_dags/example_python_operator.py for tasks to queue
[2022-04-05 05:55:25,893] {logging_mixin.py:109} INFO - [2022-04-05 05:55:25,893] {dagbag.py:500} INFO - Filling up the DagBag from /home/lowenhard/acceleration/env/lib/python3.8/site-packages/airflow/example_dags/example_python_operator.py
[2022-04-05 05:55:25,921] {processor.py:654} INFO - DAG(s) dict_keys(['example_python_operator']) retrieved from /home/lowenhard/acceleration/env/lib/python3.8/site-packages/airflow/example_dags/example_python_operator.py
[2022-04-05 05:55:25,930] {logging_mixin.py:109} INFO - [2022-04-05 05:55:25,930] {dag.py:2398} INFO - Sync 1 DAGs
[2022-04-05 05:55:25,941] {logging_mixin.py:109} INFO - [2022-04-05 05:55:25,940] {dag.py:2937} INFO - Setting next_dagrun for example_python_operator to None
[2022-04-05 05:55:26,082] {processor.py:171} INFO - Processing /home/lowenhard/acceleration/env/lib/python3.8/site-packages/airflow/example_dags/example_python_operator.py took 0.205 seconds
[2022-04-05 05:57:41,554] {processor.py:163} INFO - Started process (PID=2082) to work on /home/lowenhard/acceleration/env/lib/python3.8/site-packages/airflow/example_dags/example_python_operator.py
[2022-04-05 05:57:41,567] {processor.py:642} INFO - Processing file /home/lowenhard/acceleration/env/lib/python3.8/site-packages/airflow/example_dags/example_python_operator.py for tasks to queue
[2022-04-05 05:57:41,568] {logging_mixin.py:109} INFO - [2022-04-05 05:57:41,568] {dagbag.py:500} INFO - Filling up the DagBag from /home/lowenhard/acceleration/env/lib/python3.8/site-packages/airflow/example_dags/example_python_operator.py
[2022-04-05 05:57:41,592] {processor.py:654} INFO - DAG(s) dict_keys(['example_python_operator']) retrieved from /home/lowenhard/acceleration/env/lib/python3.8/site-packages/airflow/example_dags/example_python_operator.py
[2022-04-05 05:57:41,601] {logging_mixin.py:109} INFO - [2022-04-05 05:57:41,601] {dag.py:2398} INFO - Sync 1 DAGs
[2022-04-05 05:57:41,613] {logging_mixin.py:109} INFO - [2022-04-05 05:57:41,613] {dag.py:2937} INFO - Setting next_dagrun for example_python_operator to None
[2022-04-05 05:57:41,756] {processor.py:171} INFO - Processing /home/lowenhard/acceleration/env/lib/python3.8/site-packages/airflow/example_dags/example_python_operator.py took 0.204 seconds
