[2022-04-05 05:23:08,269] {processor.py:163} INFO - Started process (PID=384) to work on /home/lowenhard/acceleration/env/lib/python3.8/site-packages/airflow/example_dags/example_branch_python_dop_operator_3.py
[2022-04-05 05:23:08,271] {processor.py:642} INFO - Processing file /home/lowenhard/acceleration/env/lib/python3.8/site-packages/airflow/example_dags/example_branch_python_dop_operator_3.py for tasks to queue
[2022-04-05 05:23:08,271] {logging_mixin.py:109} INFO - [2022-04-05 05:23:08,271] {dagbag.py:500} INFO - Filling up the DagBag from /home/lowenhard/acceleration/env/lib/python3.8/site-packages/airflow/example_dags/example_branch_python_dop_operator_3.py
[2022-04-05 05:23:08,294] {processor.py:654} INFO - DAG(s) dict_keys(['example_branch_dop_operator_v3']) retrieved from /home/lowenhard/acceleration/env/lib/python3.8/site-packages/airflow/example_dags/example_branch_python_dop_operator_3.py
[2022-04-05 05:23:08,302] {logging_mixin.py:109} INFO - [2022-04-05 05:23:08,302] {dag.py:2398} INFO - Sync 1 DAGs
[2022-04-05 05:23:08,318] {logging_mixin.py:109} INFO - [2022-04-05 05:23:08,318] {dag.py:2937} INFO - Setting next_dagrun for example_branch_dop_operator_v3 to 2022-04-05T10:22:00+00:00
[2022-04-05 05:23:08,501] {processor.py:171} INFO - Processing /home/lowenhard/acceleration/env/lib/python3.8/site-packages/airflow/example_dags/example_branch_python_dop_operator_3.py took 0.235 seconds
[2022-04-05 05:25:23,424] {processor.py:163} INFO - Started process (PID=492) to work on /home/lowenhard/acceleration/env/lib/python3.8/site-packages/airflow/example_dags/example_branch_python_dop_operator_3.py
[2022-04-05 05:25:23,427] {processor.py:642} INFO - Processing file /home/lowenhard/acceleration/env/lib/python3.8/site-packages/airflow/example_dags/example_branch_python_dop_operator_3.py for tasks to queue
[2022-04-05 05:25:23,428] {logging_mixin.py:109} INFO - [2022-04-05 05:25:23,428] {dagbag.py:500} INFO - Filling up the DagBag from /home/lowenhard/acceleration/env/lib/python3.8/site-packages/airflow/example_dags/example_branch_python_dop_operator_3.py
[2022-04-05 05:25:23,448] {processor.py:654} INFO - DAG(s) dict_keys(['example_branch_dop_operator_v3']) retrieved from /home/lowenhard/acceleration/env/lib/python3.8/site-packages/airflow/example_dags/example_branch_python_dop_operator_3.py
[2022-04-05 05:25:23,456] {logging_mixin.py:109} INFO - [2022-04-05 05:25:23,456] {dag.py:2398} INFO - Sync 1 DAGs
[2022-04-05 05:25:23,472] {logging_mixin.py:109} INFO - [2022-04-05 05:25:23,472] {dag.py:2937} INFO - Setting next_dagrun for example_branch_dop_operator_v3 to 2022-04-05T10:24:00+00:00
[2022-04-05 05:25:23,654] {processor.py:171} INFO - Processing /home/lowenhard/acceleration/env/lib/python3.8/site-packages/airflow/example_dags/example_branch_python_dop_operator_3.py took 0.232 seconds
[2022-04-05 05:27:34,823] {processor.py:163} INFO - Started process (PID=597) to work on /home/lowenhard/acceleration/env/lib/python3.8/site-packages/airflow/example_dags/example_branch_python_dop_operator_3.py
[2022-04-05 05:27:34,833] {processor.py:642} INFO - Processing file /home/lowenhard/acceleration/env/lib/python3.8/site-packages/airflow/example_dags/example_branch_python_dop_operator_3.py for tasks to queue
[2022-04-05 05:27:34,834] {logging_mixin.py:109} INFO - [2022-04-05 05:27:34,834] {dagbag.py:500} INFO - Filling up the DagBag from /home/lowenhard/acceleration/env/lib/python3.8/site-packages/airflow/example_dags/example_branch_python_dop_operator_3.py
[2022-04-05 05:27:34,856] {processor.py:654} INFO - DAG(s) dict_keys(['example_branch_dop_operator_v3']) retrieved from /home/lowenhard/acceleration/env/lib/python3.8/site-packages/airflow/example_dags/example_branch_python_dop_operator_3.py
[2022-04-05 05:27:34,864] {logging_mixin.py:109} INFO - [2022-04-05 05:27:34,864] {dag.py:2398} INFO - Sync 1 DAGs
[2022-04-05 05:27:34,882] {logging_mixin.py:109} INFO - [2022-04-05 05:27:34,882] {dag.py:2937} INFO - Setting next_dagrun for example_branch_dop_operator_v3 to 2022-04-05T10:26:00+00:00
[2022-04-05 05:27:35,052] {processor.py:171} INFO - Processing /home/lowenhard/acceleration/env/lib/python3.8/site-packages/airflow/example_dags/example_branch_python_dop_operator_3.py took 0.232 seconds
[2022-04-05 05:29:42,246] {processor.py:163} INFO - Started process (PID=704) to work on /home/lowenhard/acceleration/env/lib/python3.8/site-packages/airflow/example_dags/example_branch_python_dop_operator_3.py
[2022-04-05 05:29:42,253] {processor.py:642} INFO - Processing file /home/lowenhard/acceleration/env/lib/python3.8/site-packages/airflow/example_dags/example_branch_python_dop_operator_3.py for tasks to queue
[2022-04-05 05:29:42,254] {logging_mixin.py:109} INFO - [2022-04-05 05:29:42,254] {dagbag.py:500} INFO - Filling up the DagBag from /home/lowenhard/acceleration/env/lib/python3.8/site-packages/airflow/example_dags/example_branch_python_dop_operator_3.py
[2022-04-05 05:29:42,286] {processor.py:654} INFO - DAG(s) dict_keys(['example_branch_dop_operator_v3']) retrieved from /home/lowenhard/acceleration/env/lib/python3.8/site-packages/airflow/example_dags/example_branch_python_dop_operator_3.py
[2022-04-05 05:29:42,296] {logging_mixin.py:109} INFO - [2022-04-05 05:29:42,296] {dag.py:2398} INFO - Sync 1 DAGs
[2022-04-05 05:29:42,316] {logging_mixin.py:109} INFO - [2022-04-05 05:29:42,316] {dag.py:2937} INFO - Setting next_dagrun for example_branch_dop_operator_v3 to 2022-04-05T10:28:00+00:00
[2022-04-05 05:29:44,328] {processor.py:171} INFO - Processing /home/lowenhard/acceleration/env/lib/python3.8/site-packages/airflow/example_dags/example_branch_python_dop_operator_3.py took 2.085 seconds
[2022-04-05 05:31:59,616] {processor.py:163} INFO - Started process (PID=815) to work on /home/lowenhard/acceleration/env/lib/python3.8/site-packages/airflow/example_dags/example_branch_python_dop_operator_3.py
[2022-04-05 05:31:59,772] {processor.py:642} INFO - Processing file /home/lowenhard/acceleration/env/lib/python3.8/site-packages/airflow/example_dags/example_branch_python_dop_operator_3.py for tasks to queue
[2022-04-05 05:31:59,773] {logging_mixin.py:109} INFO - [2022-04-05 05:31:59,773] {dagbag.py:500} INFO - Filling up the DagBag from /home/lowenhard/acceleration/env/lib/python3.8/site-packages/airflow/example_dags/example_branch_python_dop_operator_3.py
[2022-04-05 05:31:59,807] {processor.py:654} INFO - DAG(s) dict_keys(['example_branch_dop_operator_v3']) retrieved from /home/lowenhard/acceleration/env/lib/python3.8/site-packages/airflow/example_dags/example_branch_python_dop_operator_3.py
[2022-04-05 05:31:59,817] {logging_mixin.py:109} INFO - [2022-04-05 05:31:59,816] {dag.py:2398} INFO - Sync 1 DAGs
[2022-04-05 05:31:59,833] {logging_mixin.py:109} INFO - [2022-04-05 05:31:59,833] {dag.py:2937} INFO - Setting next_dagrun for example_branch_dop_operator_v3 to 2022-04-05T10:30:00+00:00
[2022-04-05 05:32:01,380] {processor.py:171} INFO - Processing /home/lowenhard/acceleration/env/lib/python3.8/site-packages/airflow/example_dags/example_branch_python_dop_operator_3.py took 1.767 seconds
[2022-04-05 05:34:12,541] {processor.py:163} INFO - Started process (PID=924) to work on /home/lowenhard/acceleration/env/lib/python3.8/site-packages/airflow/example_dags/example_branch_python_dop_operator_3.py
[2022-04-05 05:34:13,361] {processor.py:642} INFO - Processing file /home/lowenhard/acceleration/env/lib/python3.8/site-packages/airflow/example_dags/example_branch_python_dop_operator_3.py for tasks to queue
[2022-04-05 05:34:13,362] {logging_mixin.py:109} INFO - [2022-04-05 05:34:13,362] {dagbag.py:500} INFO - Filling up the DagBag from /home/lowenhard/acceleration/env/lib/python3.8/site-packages/airflow/example_dags/example_branch_python_dop_operator_3.py
[2022-04-05 05:34:13,814] {processor.py:654} INFO - DAG(s) dict_keys(['example_branch_dop_operator_v3']) retrieved from /home/lowenhard/acceleration/env/lib/python3.8/site-packages/airflow/example_dags/example_branch_python_dop_operator_3.py
[2022-04-05 05:34:13,823] {logging_mixin.py:109} INFO - [2022-04-05 05:34:13,823] {dag.py:2398} INFO - Sync 1 DAGs
[2022-04-05 05:34:13,840] {logging_mixin.py:109} INFO - [2022-04-05 05:34:13,840] {dag.py:2937} INFO - Setting next_dagrun for example_branch_dop_operator_v3 to 2022-04-05T10:33:00+00:00
[2022-04-05 05:34:13,999] {processor.py:171} INFO - Processing /home/lowenhard/acceleration/env/lib/python3.8/site-packages/airflow/example_dags/example_branch_python_dop_operator_3.py took 1.460 seconds
[2022-04-05 05:36:42,244] {processor.py:163} INFO - Started process (PID=1039) to work on /home/lowenhard/acceleration/env/lib/python3.8/site-packages/airflow/example_dags/example_branch_python_dop_operator_3.py
[2022-04-05 05:36:42,249] {processor.py:642} INFO - Processing file /home/lowenhard/acceleration/env/lib/python3.8/site-packages/airflow/example_dags/example_branch_python_dop_operator_3.py for tasks to queue
[2022-04-05 05:36:42,249] {logging_mixin.py:109} INFO - [2022-04-05 05:36:42,249] {dagbag.py:500} INFO - Filling up the DagBag from /home/lowenhard/acceleration/env/lib/python3.8/site-packages/airflow/example_dags/example_branch_python_dop_operator_3.py
[2022-04-05 05:36:42,280] {processor.py:654} INFO - DAG(s) dict_keys(['example_branch_dop_operator_v3']) retrieved from /home/lowenhard/acceleration/env/lib/python3.8/site-packages/airflow/example_dags/example_branch_python_dop_operator_3.py
[2022-04-05 05:36:42,290] {logging_mixin.py:109} INFO - [2022-04-05 05:36:42,290] {dag.py:2398} INFO - Sync 1 DAGs
[2022-04-05 05:36:42,307] {logging_mixin.py:109} INFO - [2022-04-05 05:36:42,306] {dag.py:2937} INFO - Setting next_dagrun for example_branch_dop_operator_v3 to 2022-04-05T10:35:00+00:00
[2022-04-05 05:36:44,194] {processor.py:171} INFO - Processing /home/lowenhard/acceleration/env/lib/python3.8/site-packages/airflow/example_dags/example_branch_python_dop_operator_3.py took 1.952 seconds
[2022-04-05 05:39:12,799] {processor.py:163} INFO - Started process (PID=1153) to work on /home/lowenhard/acceleration/env/lib/python3.8/site-packages/airflow/example_dags/example_branch_python_dop_operator_3.py
[2022-04-05 05:39:12,802] {processor.py:642} INFO - Processing file /home/lowenhard/acceleration/env/lib/python3.8/site-packages/airflow/example_dags/example_branch_python_dop_operator_3.py for tasks to queue
[2022-04-05 05:39:12,803] {logging_mixin.py:109} INFO - [2022-04-05 05:39:12,802] {dagbag.py:500} INFO - Filling up the DagBag from /home/lowenhard/acceleration/env/lib/python3.8/site-packages/airflow/example_dags/example_branch_python_dop_operator_3.py
[2022-04-05 05:39:12,825] {processor.py:654} INFO - DAG(s) dict_keys(['example_branch_dop_operator_v3']) retrieved from /home/lowenhard/acceleration/env/lib/python3.8/site-packages/airflow/example_dags/example_branch_python_dop_operator_3.py
[2022-04-05 05:39:12,837] {logging_mixin.py:109} INFO - [2022-04-05 05:39:12,837] {dag.py:2398} INFO - Sync 1 DAGs
[2022-04-05 05:39:12,856] {logging_mixin.py:109} INFO - [2022-04-05 05:39:12,856] {dag.py:2937} INFO - Setting next_dagrun for example_branch_dop_operator_v3 to 2022-04-05T10:38:00+00:00
[2022-04-05 05:39:13,485] {processor.py:171} INFO - Processing /home/lowenhard/acceleration/env/lib/python3.8/site-packages/airflow/example_dags/example_branch_python_dop_operator_3.py took 0.688 seconds
[2022-04-05 05:42:00,685] {processor.py:163} INFO - Started process (PID=1272) to work on /home/lowenhard/acceleration/env/lib/python3.8/site-packages/airflow/example_dags/example_branch_python_dop_operator_3.py
[2022-04-05 05:42:00,701] {processor.py:642} INFO - Processing file /home/lowenhard/acceleration/env/lib/python3.8/site-packages/airflow/example_dags/example_branch_python_dop_operator_3.py for tasks to queue
[2022-04-05 05:42:00,702] {logging_mixin.py:109} INFO - [2022-04-05 05:42:00,702] {dagbag.py:500} INFO - Filling up the DagBag from /home/lowenhard/acceleration/env/lib/python3.8/site-packages/airflow/example_dags/example_branch_python_dop_operator_3.py
[2022-04-05 05:42:00,724] {processor.py:654} INFO - DAG(s) dict_keys(['example_branch_dop_operator_v3']) retrieved from /home/lowenhard/acceleration/env/lib/python3.8/site-packages/airflow/example_dags/example_branch_python_dop_operator_3.py
[2022-04-05 05:42:00,733] {logging_mixin.py:109} INFO - [2022-04-05 05:42:00,733] {dag.py:2398} INFO - Sync 1 DAGs
[2022-04-05 05:42:00,751] {logging_mixin.py:109} INFO - [2022-04-05 05:42:00,751] {dag.py:2937} INFO - Setting next_dagrun for example_branch_dop_operator_v3 to 2022-04-05T10:41:00+00:00
[2022-04-05 05:42:00,898] {processor.py:171} INFO - Processing /home/lowenhard/acceleration/env/lib/python3.8/site-packages/airflow/example_dags/example_branch_python_dop_operator_3.py took 0.215 seconds
[2022-04-05 05:43:54,114] {processor.py:163} INFO - Started process (PID=1345) to work on /home/lowenhard/acceleration/env/lib/python3.8/site-packages/airflow/example_dags/example_branch_python_dop_operator_3.py
[2022-04-05 05:43:54,117] {processor.py:642} INFO - Processing file /home/lowenhard/acceleration/env/lib/python3.8/site-packages/airflow/example_dags/example_branch_python_dop_operator_3.py for tasks to queue
[2022-04-05 05:43:54,117] {logging_mixin.py:109} INFO - [2022-04-05 05:43:54,117] {dagbag.py:500} INFO - Filling up the DagBag from /home/lowenhard/acceleration/env/lib/python3.8/site-packages/airflow/example_dags/example_branch_python_dop_operator_3.py
[2022-04-05 05:43:54,138] {processor.py:654} INFO - DAG(s) dict_keys(['example_branch_dop_operator_v3']) retrieved from /home/lowenhard/acceleration/env/lib/python3.8/site-packages/airflow/example_dags/example_branch_python_dop_operator_3.py
[2022-04-05 05:43:54,146] {logging_mixin.py:109} INFO - [2022-04-05 05:43:54,146] {dag.py:2398} INFO - Sync 1 DAGs
[2022-04-05 05:43:54,164] {logging_mixin.py:109} INFO - [2022-04-05 05:43:54,164] {dag.py:2937} INFO - Setting next_dagrun for example_branch_dop_operator_v3 to 2022-04-05T10:42:00+00:00
[2022-04-05 05:43:55,612] {processor.py:171} INFO - Processing /home/lowenhard/acceleration/env/lib/python3.8/site-packages/airflow/example_dags/example_branch_python_dop_operator_3.py took 1.500 seconds
[2022-04-05 05:46:21,523] {processor.py:163} INFO - Started process (PID=1467) to work on /home/lowenhard/acceleration/env/lib/python3.8/site-packages/airflow/example_dags/example_branch_python_dop_operator_3.py
[2022-04-05 05:46:22,415] {processor.py:642} INFO - Processing file /home/lowenhard/acceleration/env/lib/python3.8/site-packages/airflow/example_dags/example_branch_python_dop_operator_3.py for tasks to queue
[2022-04-05 05:46:22,416] {logging_mixin.py:109} INFO - [2022-04-05 05:46:22,416] {dagbag.py:500} INFO - Filling up the DagBag from /home/lowenhard/acceleration/env/lib/python3.8/site-packages/airflow/example_dags/example_branch_python_dop_operator_3.py
[2022-04-05 05:46:22,671] {processor.py:654} INFO - DAG(s) dict_keys(['example_branch_dop_operator_v3']) retrieved from /home/lowenhard/acceleration/env/lib/python3.8/site-packages/airflow/example_dags/example_branch_python_dop_operator_3.py
[2022-04-05 05:46:22,680] {logging_mixin.py:109} INFO - [2022-04-05 05:46:22,680] {dag.py:2398} INFO - Sync 1 DAGs
[2022-04-05 05:46:22,697] {logging_mixin.py:109} INFO - [2022-04-05 05:46:22,697] {dag.py:2937} INFO - Setting next_dagrun for example_branch_dop_operator_v3 to 2022-04-05T10:45:00+00:00
[2022-04-05 05:46:22,834] {processor.py:171} INFO - Processing /home/lowenhard/acceleration/env/lib/python3.8/site-packages/airflow/example_dags/example_branch_python_dop_operator_3.py took 1.315 seconds
[2022-04-05 05:48:53,794] {processor.py:163} INFO - Started process (PID=1599) to work on /home/lowenhard/acceleration/env/lib/python3.8/site-packages/airflow/example_dags/example_branch_python_dop_operator_3.py
[2022-04-05 05:48:53,801] {processor.py:642} INFO - Processing file /home/lowenhard/acceleration/env/lib/python3.8/site-packages/airflow/example_dags/example_branch_python_dop_operator_3.py for tasks to queue
[2022-04-05 05:48:53,802] {logging_mixin.py:109} INFO - [2022-04-05 05:48:53,802] {dagbag.py:500} INFO - Filling up the DagBag from /home/lowenhard/acceleration/env/lib/python3.8/site-packages/airflow/example_dags/example_branch_python_dop_operator_3.py
[2022-04-05 05:48:53,823] {processor.py:654} INFO - DAG(s) dict_keys(['example_branch_dop_operator_v3']) retrieved from /home/lowenhard/acceleration/env/lib/python3.8/site-packages/airflow/example_dags/example_branch_python_dop_operator_3.py
[2022-04-05 05:48:53,832] {logging_mixin.py:109} INFO - [2022-04-05 05:48:53,831] {dag.py:2398} INFO - Sync 1 DAGs
[2022-04-05 05:48:53,849] {logging_mixin.py:109} INFO - [2022-04-05 05:48:53,849] {dag.py:2937} INFO - Setting next_dagrun for example_branch_dop_operator_v3 to 2022-04-05T10:47:00+00:00
[2022-04-05 05:48:55,351] {processor.py:171} INFO - Processing /home/lowenhard/acceleration/env/lib/python3.8/site-packages/airflow/example_dags/example_branch_python_dop_operator_3.py took 1.558 seconds
[2022-04-05 05:51:00,146] {processor.py:163} INFO - Started process (PID=1733) to work on /home/lowenhard/acceleration/env/lib/python3.8/site-packages/airflow/example_dags/example_branch_python_dop_operator_3.py
[2022-04-05 05:51:00,152] {processor.py:642} INFO - Processing file /home/lowenhard/acceleration/env/lib/python3.8/site-packages/airflow/example_dags/example_branch_python_dop_operator_3.py for tasks to queue
[2022-04-05 05:51:00,152] {logging_mixin.py:109} INFO - [2022-04-05 05:51:00,152] {dagbag.py:500} INFO - Filling up the DagBag from /home/lowenhard/acceleration/env/lib/python3.8/site-packages/airflow/example_dags/example_branch_python_dop_operator_3.py
[2022-04-05 05:51:00,174] {processor.py:654} INFO - DAG(s) dict_keys(['example_branch_dop_operator_v3']) retrieved from /home/lowenhard/acceleration/env/lib/python3.8/site-packages/airflow/example_dags/example_branch_python_dop_operator_3.py
[2022-04-05 05:51:00,183] {logging_mixin.py:109} INFO - [2022-04-05 05:51:00,183] {dag.py:2398} INFO - Sync 1 DAGs
[2022-04-05 05:51:00,199] {logging_mixin.py:109} INFO - [2022-04-05 05:51:00,199] {dag.py:2937} INFO - Setting next_dagrun for example_branch_dop_operator_v3 to 2022-04-05T10:50:00+00:00
[2022-04-05 05:51:02,972] {processor.py:171} INFO - Processing /home/lowenhard/acceleration/env/lib/python3.8/site-packages/airflow/example_dags/example_branch_python_dop_operator_3.py took 2.829 seconds
[2022-04-05 05:53:22,891] {processor.py:163} INFO - Started process (PID=1853) to work on /home/lowenhard/acceleration/env/lib/python3.8/site-packages/airflow/example_dags/example_branch_python_dop_operator_3.py
[2022-04-05 05:53:22,893] {processor.py:642} INFO - Processing file /home/lowenhard/acceleration/env/lib/python3.8/site-packages/airflow/example_dags/example_branch_python_dop_operator_3.py for tasks to queue
[2022-04-05 05:53:22,894] {logging_mixin.py:109} INFO - [2022-04-05 05:53:22,894] {dagbag.py:500} INFO - Filling up the DagBag from /home/lowenhard/acceleration/env/lib/python3.8/site-packages/airflow/example_dags/example_branch_python_dop_operator_3.py
[2022-04-05 05:53:22,915] {processor.py:654} INFO - DAG(s) dict_keys(['example_branch_dop_operator_v3']) retrieved from /home/lowenhard/acceleration/env/lib/python3.8/site-packages/airflow/example_dags/example_branch_python_dop_operator_3.py
[2022-04-05 05:53:22,924] {logging_mixin.py:109} INFO - [2022-04-05 05:53:22,924] {dag.py:2398} INFO - Sync 1 DAGs
[2022-04-05 05:53:22,940] {logging_mixin.py:109} INFO - [2022-04-05 05:53:22,940] {dag.py:2937} INFO - Setting next_dagrun for example_branch_dop_operator_v3 to 2022-04-05T10:52:00+00:00
[2022-04-05 05:53:24,112] {processor.py:171} INFO - Processing /home/lowenhard/acceleration/env/lib/python3.8/site-packages/airflow/example_dags/example_branch_python_dop_operator_3.py took 1.224 seconds
[2022-04-05 05:55:39,428] {processor.py:163} INFO - Started process (PID=1970) to work on /home/lowenhard/acceleration/env/lib/python3.8/site-packages/airflow/example_dags/example_branch_python_dop_operator_3.py
[2022-04-05 05:55:39,434] {processor.py:642} INFO - Processing file /home/lowenhard/acceleration/env/lib/python3.8/site-packages/airflow/example_dags/example_branch_python_dop_operator_3.py for tasks to queue
[2022-04-05 05:55:39,435] {logging_mixin.py:109} INFO - [2022-04-05 05:55:39,435] {dagbag.py:500} INFO - Filling up the DagBag from /home/lowenhard/acceleration/env/lib/python3.8/site-packages/airflow/example_dags/example_branch_python_dop_operator_3.py
[2022-04-05 05:55:39,456] {processor.py:654} INFO - DAG(s) dict_keys(['example_branch_dop_operator_v3']) retrieved from /home/lowenhard/acceleration/env/lib/python3.8/site-packages/airflow/example_dags/example_branch_python_dop_operator_3.py
[2022-04-05 05:55:39,467] {logging_mixin.py:109} INFO - [2022-04-05 05:55:39,466] {dag.py:2398} INFO - Sync 1 DAGs
[2022-04-05 05:55:39,491] {logging_mixin.py:109} INFO - [2022-04-05 05:55:39,491] {dag.py:2937} INFO - Setting next_dagrun for example_branch_dop_operator_v3 to 2022-04-05T10:54:00+00:00
[2022-04-05 05:55:40,094] {processor.py:171} INFO - Processing /home/lowenhard/acceleration/env/lib/python3.8/site-packages/airflow/example_dags/example_branch_python_dop_operator_3.py took 0.670 seconds
[2022-04-05 05:57:53,873] {processor.py:163} INFO - Started process (PID=2088) to work on /home/lowenhard/acceleration/env/lib/python3.8/site-packages/airflow/example_dags/example_branch_python_dop_operator_3.py
[2022-04-05 05:57:53,881] {processor.py:642} INFO - Processing file /home/lowenhard/acceleration/env/lib/python3.8/site-packages/airflow/example_dags/example_branch_python_dop_operator_3.py for tasks to queue
[2022-04-05 05:57:53,882] {logging_mixin.py:109} INFO - [2022-04-05 05:57:53,882] {dagbag.py:500} INFO - Filling up the DagBag from /home/lowenhard/acceleration/env/lib/python3.8/site-packages/airflow/example_dags/example_branch_python_dop_operator_3.py
[2022-04-05 05:57:53,903] {processor.py:654} INFO - DAG(s) dict_keys(['example_branch_dop_operator_v3']) retrieved from /home/lowenhard/acceleration/env/lib/python3.8/site-packages/airflow/example_dags/example_branch_python_dop_operator_3.py
[2022-04-05 05:57:53,912] {logging_mixin.py:109} INFO - [2022-04-05 05:57:53,912] {dag.py:2398} INFO - Sync 1 DAGs
[2022-04-05 05:57:53,929] {logging_mixin.py:109} INFO - [2022-04-05 05:57:53,928] {dag.py:2937} INFO - Setting next_dagrun for example_branch_dop_operator_v3 to 2022-04-05T10:56:00+00:00
[2022-04-05 05:57:54,709] {processor.py:171} INFO - Processing /home/lowenhard/acceleration/env/lib/python3.8/site-packages/airflow/example_dags/example_branch_python_dop_operator_3.py took 0.839 seconds
