[2022-04-05 05:23:28,145] {processor.py:163} INFO - Started process (PID=395) to work on /home/lowenhard/acceleration/env/lib/python3.8/site-packages/airflow/example_dags/example_branch_operator.py
[2022-04-05 05:23:28,146] {processor.py:642} INFO - Processing file /home/lowenhard/acceleration/env/lib/python3.8/site-packages/airflow/example_dags/example_branch_operator.py for tasks to queue
[2022-04-05 05:23:28,146] {logging_mixin.py:109} INFO - [2022-04-05 05:23:28,146] {dagbag.py:500} INFO - Filling up the DagBag from /home/lowenhard/acceleration/env/lib/python3.8/site-packages/airflow/example_dags/example_branch_operator.py
[2022-04-05 05:23:28,167] {processor.py:654} INFO - DAG(s) dict_keys(['example_branch_operator']) retrieved from /home/lowenhard/acceleration/env/lib/python3.8/site-packages/airflow/example_dags/example_branch_operator.py
[2022-04-05 05:23:28,177] {logging_mixin.py:109} INFO - [2022-04-05 05:23:28,177] {dag.py:2398} INFO - Sync 1 DAGs
[2022-04-05 05:23:28,189] {logging_mixin.py:109} INFO - [2022-04-05 05:23:28,189] {dag.py:2937} INFO - Setting next_dagrun for example_branch_operator to 2022-04-04 00:00:00+00:00
[2022-04-05 05:23:30,210] {processor.py:171} INFO - Processing /home/lowenhard/acceleration/env/lib/python3.8/site-packages/airflow/example_dags/example_branch_operator.py took 2.067 seconds
[2022-04-05 05:25:42,413] {processor.py:163} INFO - Started process (PID=503) to work on /home/lowenhard/acceleration/env/lib/python3.8/site-packages/airflow/example_dags/example_branch_operator.py
[2022-04-05 05:25:42,448] {processor.py:642} INFO - Processing file /home/lowenhard/acceleration/env/lib/python3.8/site-packages/airflow/example_dags/example_branch_operator.py for tasks to queue
[2022-04-05 05:25:42,449] {logging_mixin.py:109} INFO - [2022-04-05 05:25:42,449] {dagbag.py:500} INFO - Filling up the DagBag from /home/lowenhard/acceleration/env/lib/python3.8/site-packages/airflow/example_dags/example_branch_operator.py
[2022-04-05 05:25:42,475] {processor.py:654} INFO - DAG(s) dict_keys(['example_branch_operator']) retrieved from /home/lowenhard/acceleration/env/lib/python3.8/site-packages/airflow/example_dags/example_branch_operator.py
[2022-04-05 05:25:42,485] {logging_mixin.py:109} INFO - [2022-04-05 05:25:42,485] {dag.py:2398} INFO - Sync 1 DAGs
[2022-04-05 05:25:42,500] {logging_mixin.py:109} INFO - [2022-04-05 05:25:42,499] {dag.py:2937} INFO - Setting next_dagrun for example_branch_operator to 2022-04-04 00:00:00+00:00
[2022-04-05 05:25:42,701] {processor.py:171} INFO - Processing /home/lowenhard/acceleration/env/lib/python3.8/site-packages/airflow/example_dags/example_branch_operator.py took 0.290 seconds
[2022-04-05 05:27:56,086] {processor.py:163} INFO - Started process (PID=608) to work on /home/lowenhard/acceleration/env/lib/python3.8/site-packages/airflow/example_dags/example_branch_operator.py
[2022-04-05 05:27:56,090] {processor.py:642} INFO - Processing file /home/lowenhard/acceleration/env/lib/python3.8/site-packages/airflow/example_dags/example_branch_operator.py for tasks to queue
[2022-04-05 05:27:56,090] {logging_mixin.py:109} INFO - [2022-04-05 05:27:56,090] {dagbag.py:500} INFO - Filling up the DagBag from /home/lowenhard/acceleration/env/lib/python3.8/site-packages/airflow/example_dags/example_branch_operator.py
[2022-04-05 05:27:56,114] {processor.py:654} INFO - DAG(s) dict_keys(['example_branch_operator']) retrieved from /home/lowenhard/acceleration/env/lib/python3.8/site-packages/airflow/example_dags/example_branch_operator.py
[2022-04-05 05:27:56,126] {logging_mixin.py:109} INFO - [2022-04-05 05:27:56,126] {dag.py:2398} INFO - Sync 1 DAGs
[2022-04-05 05:27:56,143] {logging_mixin.py:109} INFO - [2022-04-05 05:27:56,143] {dag.py:2937} INFO - Setting next_dagrun for example_branch_operator to 2022-04-04 00:00:00+00:00
[2022-04-05 05:27:57,475] {processor.py:171} INFO - Processing /home/lowenhard/acceleration/env/lib/python3.8/site-packages/airflow/example_dags/example_branch_operator.py took 1.393 seconds
[2022-04-05 05:30:06,297] {processor.py:163} INFO - Started process (PID=715) to work on /home/lowenhard/acceleration/env/lib/python3.8/site-packages/airflow/example_dags/example_branch_operator.py
[2022-04-05 05:30:06,306] {processor.py:642} INFO - Processing file /home/lowenhard/acceleration/env/lib/python3.8/site-packages/airflow/example_dags/example_branch_operator.py for tasks to queue
[2022-04-05 05:30:06,307] {logging_mixin.py:109} INFO - [2022-04-05 05:30:06,306] {dagbag.py:500} INFO - Filling up the DagBag from /home/lowenhard/acceleration/env/lib/python3.8/site-packages/airflow/example_dags/example_branch_operator.py
[2022-04-05 05:30:06,346] {processor.py:654} INFO - DAG(s) dict_keys(['example_branch_operator']) retrieved from /home/lowenhard/acceleration/env/lib/python3.8/site-packages/airflow/example_dags/example_branch_operator.py
[2022-04-05 05:30:06,366] {logging_mixin.py:109} INFO - [2022-04-05 05:30:06,365] {dag.py:2398} INFO - Sync 1 DAGs
[2022-04-05 05:30:06,393] {logging_mixin.py:109} INFO - [2022-04-05 05:30:06,393] {dag.py:2937} INFO - Setting next_dagrun for example_branch_operator to 2022-04-04 00:00:00+00:00
[2022-04-05 05:30:06,572] {processor.py:171} INFO - Processing /home/lowenhard/acceleration/env/lib/python3.8/site-packages/airflow/example_dags/example_branch_operator.py took 0.279 seconds
[2022-04-05 05:32:20,895] {processor.py:163} INFO - Started process (PID=826) to work on /home/lowenhard/acceleration/env/lib/python3.8/site-packages/airflow/example_dags/example_branch_operator.py
[2022-04-05 05:32:20,899] {processor.py:642} INFO - Processing file /home/lowenhard/acceleration/env/lib/python3.8/site-packages/airflow/example_dags/example_branch_operator.py for tasks to queue
[2022-04-05 05:32:20,899] {logging_mixin.py:109} INFO - [2022-04-05 05:32:20,899] {dagbag.py:500} INFO - Filling up the DagBag from /home/lowenhard/acceleration/env/lib/python3.8/site-packages/airflow/example_dags/example_branch_operator.py
[2022-04-05 05:32:20,923] {processor.py:654} INFO - DAG(s) dict_keys(['example_branch_operator']) retrieved from /home/lowenhard/acceleration/env/lib/python3.8/site-packages/airflow/example_dags/example_branch_operator.py
[2022-04-05 05:32:20,933] {logging_mixin.py:109} INFO - [2022-04-05 05:32:20,932] {dag.py:2398} INFO - Sync 1 DAGs
[2022-04-05 05:32:20,946] {logging_mixin.py:109} INFO - [2022-04-05 05:32:20,946] {dag.py:2937} INFO - Setting next_dagrun for example_branch_operator to 2022-04-04 00:00:00+00:00
[2022-04-05 05:32:22,203] {processor.py:171} INFO - Processing /home/lowenhard/acceleration/env/lib/python3.8/site-packages/airflow/example_dags/example_branch_operator.py took 1.310 seconds
[2022-04-05 05:34:33,262] {processor.py:163} INFO - Started process (PID=936) to work on /home/lowenhard/acceleration/env/lib/python3.8/site-packages/airflow/example_dags/example_branch_operator.py
[2022-04-05 05:34:33,264] {processor.py:642} INFO - Processing file /home/lowenhard/acceleration/env/lib/python3.8/site-packages/airflow/example_dags/example_branch_operator.py for tasks to queue
[2022-04-05 05:34:33,265] {logging_mixin.py:109} INFO - [2022-04-05 05:34:33,265] {dagbag.py:500} INFO - Filling up the DagBag from /home/lowenhard/acceleration/env/lib/python3.8/site-packages/airflow/example_dags/example_branch_operator.py
[2022-04-05 05:34:33,291] {processor.py:654} INFO - DAG(s) dict_keys(['example_branch_operator']) retrieved from /home/lowenhard/acceleration/env/lib/python3.8/site-packages/airflow/example_dags/example_branch_operator.py
[2022-04-05 05:34:33,301] {logging_mixin.py:109} INFO - [2022-04-05 05:34:33,301] {dag.py:2398} INFO - Sync 1 DAGs
[2022-04-05 05:34:33,313] {logging_mixin.py:109} INFO - [2022-04-05 05:34:33,313] {dag.py:2937} INFO - Setting next_dagrun for example_branch_operator to 2022-04-04 00:00:00+00:00
[2022-04-05 05:34:33,850] {processor.py:171} INFO - Processing /home/lowenhard/acceleration/env/lib/python3.8/site-packages/airflow/example_dags/example_branch_operator.py took 0.591 seconds
[2022-04-05 05:37:06,265] {processor.py:163} INFO - Started process (PID=1050) to work on /home/lowenhard/acceleration/env/lib/python3.8/site-packages/airflow/example_dags/example_branch_operator.py
[2022-04-05 05:37:06,285] {processor.py:642} INFO - Processing file /home/lowenhard/acceleration/env/lib/python3.8/site-packages/airflow/example_dags/example_branch_operator.py for tasks to queue
[2022-04-05 05:37:06,286] {logging_mixin.py:109} INFO - [2022-04-05 05:37:06,286] {dagbag.py:500} INFO - Filling up the DagBag from /home/lowenhard/acceleration/env/lib/python3.8/site-packages/airflow/example_dags/example_branch_operator.py
[2022-04-05 05:37:06,313] {processor.py:654} INFO - DAG(s) dict_keys(['example_branch_operator']) retrieved from /home/lowenhard/acceleration/env/lib/python3.8/site-packages/airflow/example_dags/example_branch_operator.py
[2022-04-05 05:37:06,324] {logging_mixin.py:109} INFO - [2022-04-05 05:37:06,324] {dag.py:2398} INFO - Sync 1 DAGs
[2022-04-05 05:37:06,341] {logging_mixin.py:109} INFO - [2022-04-05 05:37:06,340] {dag.py:2937} INFO - Setting next_dagrun for example_branch_operator to 2022-04-04 00:00:00+00:00
[2022-04-05 05:37:06,558] {processor.py:171} INFO - Processing /home/lowenhard/acceleration/env/lib/python3.8/site-packages/airflow/example_dags/example_branch_operator.py took 0.296 seconds
[2022-04-05 05:39:32,064] {processor.py:163} INFO - Started process (PID=1164) to work on /home/lowenhard/acceleration/env/lib/python3.8/site-packages/airflow/example_dags/example_branch_operator.py
[2022-04-05 05:39:33,275] {processor.py:642} INFO - Processing file /home/lowenhard/acceleration/env/lib/python3.8/site-packages/airflow/example_dags/example_branch_operator.py for tasks to queue
[2022-04-05 05:39:33,276] {logging_mixin.py:109} INFO - [2022-04-05 05:39:33,276] {dagbag.py:500} INFO - Filling up the DagBag from /home/lowenhard/acceleration/env/lib/python3.8/site-packages/airflow/example_dags/example_branch_operator.py
[2022-04-05 05:39:33,628] {processor.py:654} INFO - DAG(s) dict_keys(['example_branch_operator']) retrieved from /home/lowenhard/acceleration/env/lib/python3.8/site-packages/airflow/example_dags/example_branch_operator.py
[2022-04-05 05:39:33,638] {logging_mixin.py:109} INFO - [2022-04-05 05:39:33,638] {dag.py:2398} INFO - Sync 1 DAGs
[2022-04-05 05:39:33,651] {logging_mixin.py:109} INFO - [2022-04-05 05:39:33,651] {dag.py:2937} INFO - Setting next_dagrun for example_branch_operator to 2022-04-04 00:00:00+00:00
[2022-04-05 05:39:33,845] {processor.py:171} INFO - Processing /home/lowenhard/acceleration/env/lib/python3.8/site-packages/airflow/example_dags/example_branch_operator.py took 1.784 seconds
[2022-04-05 05:42:30,974] {processor.py:163} INFO - Started process (PID=1286) to work on /home/lowenhard/acceleration/env/lib/python3.8/site-packages/airflow/example_dags/example_branch_operator.py
[2022-04-05 05:42:32,005] {processor.py:642} INFO - Processing file /home/lowenhard/acceleration/env/lib/python3.8/site-packages/airflow/example_dags/example_branch_operator.py for tasks to queue
[2022-04-05 05:42:32,006] {logging_mixin.py:109} INFO - [2022-04-05 05:42:32,006] {dagbag.py:500} INFO - Filling up the DagBag from /home/lowenhard/acceleration/env/lib/python3.8/site-packages/airflow/example_dags/example_branch_operator.py
[2022-04-05 05:42:32,029] {processor.py:654} INFO - DAG(s) dict_keys(['example_branch_operator']) retrieved from /home/lowenhard/acceleration/env/lib/python3.8/site-packages/airflow/example_dags/example_branch_operator.py
[2022-04-05 05:42:32,039] {logging_mixin.py:109} INFO - [2022-04-05 05:42:32,039] {dag.py:2398} INFO - Sync 1 DAGs
[2022-04-05 05:42:32,052] {logging_mixin.py:109} INFO - [2022-04-05 05:42:32,052] {dag.py:2937} INFO - Setting next_dagrun for example_branch_operator to 2022-04-04 00:00:00+00:00
[2022-04-05 05:42:32,247] {processor.py:171} INFO - Processing /home/lowenhard/acceleration/env/lib/python3.8/site-packages/airflow/example_dags/example_branch_operator.py took 1.275 seconds
[2022-04-05 05:45:05,096] {processor.py:163} INFO - Started process (PID=1401) to work on /home/lowenhard/acceleration/env/lib/python3.8/site-packages/airflow/example_dags/example_branch_operator.py
[2022-04-05 05:45:05,107] {processor.py:642} INFO - Processing file /home/lowenhard/acceleration/env/lib/python3.8/site-packages/airflow/example_dags/example_branch_operator.py for tasks to queue
[2022-04-05 05:45:05,107] {logging_mixin.py:109} INFO - [2022-04-05 05:45:05,107] {dagbag.py:500} INFO - Filling up the DagBag from /home/lowenhard/acceleration/env/lib/python3.8/site-packages/airflow/example_dags/example_branch_operator.py
[2022-04-05 05:45:05,130] {processor.py:654} INFO - DAG(s) dict_keys(['example_branch_operator']) retrieved from /home/lowenhard/acceleration/env/lib/python3.8/site-packages/airflow/example_dags/example_branch_operator.py
[2022-04-05 05:45:05,140] {logging_mixin.py:109} INFO - [2022-04-05 05:45:05,140] {dag.py:2398} INFO - Sync 1 DAGs
[2022-04-05 05:45:05,154] {logging_mixin.py:109} INFO - [2022-04-05 05:45:05,154] {dag.py:2937} INFO - Setting next_dagrun for example_branch_operator to 2022-04-04 00:00:00+00:00
[2022-04-05 05:45:07,451] {processor.py:171} INFO - Processing /home/lowenhard/acceleration/env/lib/python3.8/site-packages/airflow/example_dags/example_branch_operator.py took 2.358 seconds
[2022-04-05 05:47:33,971] {processor.py:163} INFO - Started process (PID=1532) to work on /home/lowenhard/acceleration/env/lib/python3.8/site-packages/airflow/example_dags/example_branch_operator.py
[2022-04-05 05:47:33,974] {processor.py:642} INFO - Processing file /home/lowenhard/acceleration/env/lib/python3.8/site-packages/airflow/example_dags/example_branch_operator.py for tasks to queue
[2022-04-05 05:47:33,975] {logging_mixin.py:109} INFO - [2022-04-05 05:47:33,975] {dagbag.py:500} INFO - Filling up the DagBag from /home/lowenhard/acceleration/env/lib/python3.8/site-packages/airflow/example_dags/example_branch_operator.py
[2022-04-05 05:47:33,996] {processor.py:654} INFO - DAG(s) dict_keys(['example_branch_operator']) retrieved from /home/lowenhard/acceleration/env/lib/python3.8/site-packages/airflow/example_dags/example_branch_operator.py
[2022-04-05 05:47:34,006] {logging_mixin.py:109} INFO - [2022-04-05 05:47:34,006] {dag.py:2398} INFO - Sync 1 DAGs
[2022-04-05 05:47:34,018] {logging_mixin.py:109} INFO - [2022-04-05 05:47:34,018] {dag.py:2937} INFO - Setting next_dagrun for example_branch_operator to 2022-04-04 00:00:00+00:00
[2022-04-05 05:47:35,594] {processor.py:171} INFO - Processing /home/lowenhard/acceleration/env/lib/python3.8/site-packages/airflow/example_dags/example_branch_operator.py took 1.624 seconds
[2022-04-05 05:49:59,785] {processor.py:163} INFO - Started process (PID=1660) to work on /home/lowenhard/acceleration/env/lib/python3.8/site-packages/airflow/example_dags/example_branch_operator.py
[2022-04-05 05:49:59,789] {processor.py:642} INFO - Processing file /home/lowenhard/acceleration/env/lib/python3.8/site-packages/airflow/example_dags/example_branch_operator.py for tasks to queue
[2022-04-05 05:49:59,789] {logging_mixin.py:109} INFO - [2022-04-05 05:49:59,789] {dagbag.py:500} INFO - Filling up the DagBag from /home/lowenhard/acceleration/env/lib/python3.8/site-packages/airflow/example_dags/example_branch_operator.py
[2022-04-05 05:49:59,820] {processor.py:654} INFO - DAG(s) dict_keys(['example_branch_operator']) retrieved from /home/lowenhard/acceleration/env/lib/python3.8/site-packages/airflow/example_dags/example_branch_operator.py
[2022-04-05 05:49:59,829] {logging_mixin.py:109} INFO - [2022-04-05 05:49:59,829] {dag.py:2398} INFO - Sync 1 DAGs
[2022-04-05 05:49:59,842] {logging_mixin.py:109} INFO - [2022-04-05 05:49:59,842] {dag.py:2937} INFO - Setting next_dagrun for example_branch_operator to 2022-04-04 00:00:00+00:00
[2022-04-05 05:50:00,827] {processor.py:171} INFO - Processing /home/lowenhard/acceleration/env/lib/python3.8/site-packages/airflow/example_dags/example_branch_operator.py took 1.044 seconds
[2022-04-05 05:52:22,291] {processor.py:163} INFO - Started process (PID=1800) to work on /home/lowenhard/acceleration/env/lib/python3.8/site-packages/airflow/example_dags/example_branch_operator.py
[2022-04-05 05:52:22,294] {processor.py:642} INFO - Processing file /home/lowenhard/acceleration/env/lib/python3.8/site-packages/airflow/example_dags/example_branch_operator.py for tasks to queue
[2022-04-05 05:52:22,295] {logging_mixin.py:109} INFO - [2022-04-05 05:52:22,295] {dagbag.py:500} INFO - Filling up the DagBag from /home/lowenhard/acceleration/env/lib/python3.8/site-packages/airflow/example_dags/example_branch_operator.py
[2022-04-05 05:52:22,316] {processor.py:654} INFO - DAG(s) dict_keys(['example_branch_operator']) retrieved from /home/lowenhard/acceleration/env/lib/python3.8/site-packages/airflow/example_dags/example_branch_operator.py
[2022-04-05 05:52:22,326] {logging_mixin.py:109} INFO - [2022-04-05 05:52:22,326] {dag.py:2398} INFO - Sync 1 DAGs
[2022-04-05 05:52:22,340] {logging_mixin.py:109} INFO - [2022-04-05 05:52:22,340] {dag.py:2937} INFO - Setting next_dagrun for example_branch_operator to 2022-04-04 00:00:00+00:00
[2022-04-05 05:52:22,530] {processor.py:171} INFO - Processing /home/lowenhard/acceleration/env/lib/python3.8/site-packages/airflow/example_dags/example_branch_operator.py took 0.241 seconds
[2022-04-05 05:54:30,847] {processor.py:163} INFO - Started process (PID=1914) to work on /home/lowenhard/acceleration/env/lib/python3.8/site-packages/airflow/example_dags/example_branch_operator.py
[2022-04-05 05:54:30,856] {processor.py:642} INFO - Processing file /home/lowenhard/acceleration/env/lib/python3.8/site-packages/airflow/example_dags/example_branch_operator.py for tasks to queue
[2022-04-05 05:54:30,856] {logging_mixin.py:109} INFO - [2022-04-05 05:54:30,856] {dagbag.py:500} INFO - Filling up the DagBag from /home/lowenhard/acceleration/env/lib/python3.8/site-packages/airflow/example_dags/example_branch_operator.py
[2022-04-05 05:54:30,879] {processor.py:654} INFO - DAG(s) dict_keys(['example_branch_operator']) retrieved from /home/lowenhard/acceleration/env/lib/python3.8/site-packages/airflow/example_dags/example_branch_operator.py
[2022-04-05 05:54:30,888] {logging_mixin.py:109} INFO - [2022-04-05 05:54:30,888] {dag.py:2398} INFO - Sync 1 DAGs
[2022-04-05 05:54:30,902] {logging_mixin.py:109} INFO - [2022-04-05 05:54:30,902] {dag.py:2937} INFO - Setting next_dagrun for example_branch_operator to 2022-04-04 00:00:00+00:00
[2022-04-05 05:54:31,673] {processor.py:171} INFO - Processing /home/lowenhard/acceleration/env/lib/python3.8/site-packages/airflow/example_dags/example_branch_operator.py took 0.828 seconds
[2022-04-05 05:56:54,468] {processor.py:163} INFO - Started process (PID=2032) to work on /home/lowenhard/acceleration/env/lib/python3.8/site-packages/airflow/example_dags/example_branch_operator.py
[2022-04-05 05:56:54,483] {processor.py:642} INFO - Processing file /home/lowenhard/acceleration/env/lib/python3.8/site-packages/airflow/example_dags/example_branch_operator.py for tasks to queue
[2022-04-05 05:56:54,484] {logging_mixin.py:109} INFO - [2022-04-05 05:56:54,484] {dagbag.py:500} INFO - Filling up the DagBag from /home/lowenhard/acceleration/env/lib/python3.8/site-packages/airflow/example_dags/example_branch_operator.py
[2022-04-05 05:56:54,505] {processor.py:654} INFO - DAG(s) dict_keys(['example_branch_operator']) retrieved from /home/lowenhard/acceleration/env/lib/python3.8/site-packages/airflow/example_dags/example_branch_operator.py
[2022-04-05 05:56:54,514] {logging_mixin.py:109} INFO - [2022-04-05 05:56:54,514] {dag.py:2398} INFO - Sync 1 DAGs
[2022-04-05 05:56:54,528] {logging_mixin.py:109} INFO - [2022-04-05 05:56:54,528] {dag.py:2937} INFO - Setting next_dagrun for example_branch_operator to 2022-04-04 00:00:00+00:00
[2022-04-05 05:56:54,757] {processor.py:171} INFO - Processing /home/lowenhard/acceleration/env/lib/python3.8/site-packages/airflow/example_dags/example_branch_operator.py took 0.291 seconds
[2022-04-05 05:59:10,873] {processor.py:163} INFO - Started process (PID=2145) to work on /home/lowenhard/acceleration/env/lib/python3.8/site-packages/airflow/example_dags/example_branch_operator.py
[2022-04-05 05:59:12,896] {processor.py:642} INFO - Processing file /home/lowenhard/acceleration/env/lib/python3.8/site-packages/airflow/example_dags/example_branch_operator.py for tasks to queue
[2022-04-05 05:59:12,896] {logging_mixin.py:109} INFO - [2022-04-05 05:59:12,896] {dagbag.py:500} INFO - Filling up the DagBag from /home/lowenhard/acceleration/env/lib/python3.8/site-packages/airflow/example_dags/example_branch_operator.py
[2022-04-05 05:59:13,254] {processor.py:654} INFO - DAG(s) dict_keys(['example_branch_operator']) retrieved from /home/lowenhard/acceleration/env/lib/python3.8/site-packages/airflow/example_dags/example_branch_operator.py
[2022-04-05 05:59:13,265] {logging_mixin.py:109} INFO - [2022-04-05 05:59:13,265] {dag.py:2398} INFO - Sync 1 DAGs
[2022-04-05 05:59:13,281] {logging_mixin.py:109} INFO - [2022-04-05 05:59:13,281] {dag.py:2937} INFO - Setting next_dagrun for example_branch_operator to 2022-04-04 00:00:00+00:00
[2022-04-05 05:59:13,415] {processor.py:171} INFO - Processing /home/lowenhard/acceleration/env/lib/python3.8/site-packages/airflow/example_dags/example_branch_operator.py took 2.545 seconds
