[2022-04-05 05:22:51,125] {processor.py:163} INFO - Started process (PID=377) to work on /home/lowenhard/acceleration/env/lib/python3.8/site-packages/airflow/example_dags/example_latest_only.py
[2022-04-05 05:22:51,127] {processor.py:642} INFO - Processing file /home/lowenhard/acceleration/env/lib/python3.8/site-packages/airflow/example_dags/example_latest_only.py for tasks to queue
[2022-04-05 05:22:51,128] {logging_mixin.py:109} INFO - [2022-04-05 05:22:51,127] {dagbag.py:500} INFO - Filling up the DagBag from /home/lowenhard/acceleration/env/lib/python3.8/site-packages/airflow/example_dags/example_latest_only.py
[2022-04-05 05:22:51,146] {processor.py:654} INFO - DAG(s) dict_keys(['latest_only']) retrieved from /home/lowenhard/acceleration/env/lib/python3.8/site-packages/airflow/example_dags/example_latest_only.py
[2022-04-05 05:22:51,154] {logging_mixin.py:109} INFO - [2022-04-05 05:22:51,154] {dag.py:2398} INFO - Sync 1 DAGs
[2022-04-05 05:22:51,166] {logging_mixin.py:109} INFO - [2022-04-05 05:22:51,166] {dag.py:2937} INFO - Setting next_dagrun for latest_only to 2022-04-05T06:22:51.165923+00:00
[2022-04-05 05:22:52,220] {processor.py:171} INFO - Processing /home/lowenhard/acceleration/env/lib/python3.8/site-packages/airflow/example_dags/example_latest_only.py took 1.098 seconds
[2022-04-05 05:24:33,948] {processor.py:163} INFO - Started process (PID=446) to work on /home/lowenhard/acceleration/env/lib/python3.8/site-packages/airflow/example_dags/example_latest_only.py
[2022-04-05 05:24:33,952] {processor.py:642} INFO - Processing file /home/lowenhard/acceleration/env/lib/python3.8/site-packages/airflow/example_dags/example_latest_only.py for tasks to queue
[2022-04-05 05:24:33,953] {logging_mixin.py:109} INFO - [2022-04-05 05:24:33,953] {dagbag.py:500} INFO - Filling up the DagBag from /home/lowenhard/acceleration/env/lib/python3.8/site-packages/airflow/example_dags/example_latest_only.py
[2022-04-05 05:24:33,972] {processor.py:654} INFO - DAG(s) dict_keys(['latest_only']) retrieved from /home/lowenhard/acceleration/env/lib/python3.8/site-packages/airflow/example_dags/example_latest_only.py
[2022-04-05 05:24:33,981] {logging_mixin.py:109} INFO - [2022-04-05 05:24:33,981] {dag.py:2398} INFO - Sync 1 DAGs
[2022-04-05 05:24:33,992] {logging_mixin.py:109} INFO - [2022-04-05 05:24:33,992] {dag.py:2937} INFO - Setting next_dagrun for latest_only to 2022-04-05T06:24:33.992336+00:00
[2022-04-05 05:24:34,285] {processor.py:171} INFO - Processing /home/lowenhard/acceleration/env/lib/python3.8/site-packages/airflow/example_dags/example_latest_only.py took 0.340 seconds
[2022-04-05 05:26:46,982] {processor.py:163} INFO - Started process (PID=552) to work on /home/lowenhard/acceleration/env/lib/python3.8/site-packages/airflow/example_dags/example_latest_only.py
[2022-04-05 05:26:47,042] {processor.py:642} INFO - Processing file /home/lowenhard/acceleration/env/lib/python3.8/site-packages/airflow/example_dags/example_latest_only.py for tasks to queue
[2022-04-05 05:26:47,042] {logging_mixin.py:109} INFO - [2022-04-05 05:26:47,042] {dagbag.py:500} INFO - Filling up the DagBag from /home/lowenhard/acceleration/env/lib/python3.8/site-packages/airflow/example_dags/example_latest_only.py
[2022-04-05 05:26:47,060] {processor.py:654} INFO - DAG(s) dict_keys(['latest_only']) retrieved from /home/lowenhard/acceleration/env/lib/python3.8/site-packages/airflow/example_dags/example_latest_only.py
[2022-04-05 05:26:47,068] {logging_mixin.py:109} INFO - [2022-04-05 05:26:47,068] {dag.py:2398} INFO - Sync 1 DAGs
[2022-04-05 05:26:47,079] {logging_mixin.py:109} INFO - [2022-04-05 05:26:47,079] {dag.py:2937} INFO - Setting next_dagrun for latest_only to 2022-04-05T06:26:47.079448+00:00
[2022-04-05 05:26:47,351] {processor.py:171} INFO - Processing /home/lowenhard/acceleration/env/lib/python3.8/site-packages/airflow/example_dags/example_latest_only.py took 0.371 seconds
[2022-04-05 05:28:57,452] {processor.py:163} INFO - Started process (PID=659) to work on /home/lowenhard/acceleration/env/lib/python3.8/site-packages/airflow/example_dags/example_latest_only.py
[2022-04-05 05:28:57,461] {processor.py:642} INFO - Processing file /home/lowenhard/acceleration/env/lib/python3.8/site-packages/airflow/example_dags/example_latest_only.py for tasks to queue
[2022-04-05 05:28:57,461] {logging_mixin.py:109} INFO - [2022-04-05 05:28:57,461] {dagbag.py:500} INFO - Filling up the DagBag from /home/lowenhard/acceleration/env/lib/python3.8/site-packages/airflow/example_dags/example_latest_only.py
[2022-04-05 05:28:57,480] {processor.py:654} INFO - DAG(s) dict_keys(['latest_only']) retrieved from /home/lowenhard/acceleration/env/lib/python3.8/site-packages/airflow/example_dags/example_latest_only.py
[2022-04-05 05:28:57,489] {logging_mixin.py:109} INFO - [2022-04-05 05:28:57,489] {dag.py:2398} INFO - Sync 1 DAGs
[2022-04-05 05:28:57,501] {logging_mixin.py:109} INFO - [2022-04-05 05:28:57,501] {dag.py:2937} INFO - Setting next_dagrun for latest_only to 2022-04-05T06:28:57.501174+00:00
[2022-04-05 05:28:57,635] {processor.py:171} INFO - Processing /home/lowenhard/acceleration/env/lib/python3.8/site-packages/airflow/example_dags/example_latest_only.py took 0.185 seconds
[2022-04-05 05:31:04,200] {processor.py:163} INFO - Started process (PID=766) to work on /home/lowenhard/acceleration/env/lib/python3.8/site-packages/airflow/example_dags/example_latest_only.py
[2022-04-05 05:31:04,490] {processor.py:642} INFO - Processing file /home/lowenhard/acceleration/env/lib/python3.8/site-packages/airflow/example_dags/example_latest_only.py for tasks to queue
[2022-04-05 05:31:04,491] {logging_mixin.py:109} INFO - [2022-04-05 05:31:04,490] {dagbag.py:500} INFO - Filling up the DagBag from /home/lowenhard/acceleration/env/lib/python3.8/site-packages/airflow/example_dags/example_latest_only.py
[2022-04-05 05:31:04,748] {processor.py:654} INFO - DAG(s) dict_keys(['latest_only']) retrieved from /home/lowenhard/acceleration/env/lib/python3.8/site-packages/airflow/example_dags/example_latest_only.py
[2022-04-05 05:31:04,762] {logging_mixin.py:109} INFO - [2022-04-05 05:31:04,762] {dag.py:2398} INFO - Sync 1 DAGs
[2022-04-05 05:31:04,776] {logging_mixin.py:109} INFO - [2022-04-05 05:31:04,776] {dag.py:2937} INFO - Setting next_dagrun for latest_only to 2022-04-05T06:31:04.776510+00:00
[2022-04-05 05:31:05,628] {processor.py:171} INFO - Processing /home/lowenhard/acceleration/env/lib/python3.8/site-packages/airflow/example_dags/example_latest_only.py took 1.431 seconds
[2022-04-05 05:33:21,741] {processor.py:163} INFO - Started process (PID=876) to work on /home/lowenhard/acceleration/env/lib/python3.8/site-packages/airflow/example_dags/example_latest_only.py
[2022-04-05 05:33:21,744] {processor.py:642} INFO - Processing file /home/lowenhard/acceleration/env/lib/python3.8/site-packages/airflow/example_dags/example_latest_only.py for tasks to queue
[2022-04-05 05:33:21,745] {logging_mixin.py:109} INFO - [2022-04-05 05:33:21,745] {dagbag.py:500} INFO - Filling up the DagBag from /home/lowenhard/acceleration/env/lib/python3.8/site-packages/airflow/example_dags/example_latest_only.py
[2022-04-05 05:33:21,765] {processor.py:654} INFO - DAG(s) dict_keys(['latest_only']) retrieved from /home/lowenhard/acceleration/env/lib/python3.8/site-packages/airflow/example_dags/example_latest_only.py
[2022-04-05 05:33:21,774] {logging_mixin.py:109} INFO - [2022-04-05 05:33:21,774] {dag.py:2398} INFO - Sync 1 DAGs
[2022-04-05 05:33:21,785] {logging_mixin.py:109} INFO - [2022-04-05 05:33:21,785] {dag.py:2937} INFO - Setting next_dagrun for latest_only to 2022-04-05T06:33:21.785389+00:00
[2022-04-05 05:33:22,676] {processor.py:171} INFO - Processing /home/lowenhard/acceleration/env/lib/python3.8/site-packages/airflow/example_dags/example_latest_only.py took 0.938 seconds
[2022-04-05 05:35:26,921] {processor.py:163} INFO - Started process (PID=985) to work on /home/lowenhard/acceleration/env/lib/python3.8/site-packages/airflow/example_dags/example_latest_only.py
[2022-04-05 05:35:27,000] {processor.py:642} INFO - Processing file /home/lowenhard/acceleration/env/lib/python3.8/site-packages/airflow/example_dags/example_latest_only.py for tasks to queue
[2022-04-05 05:35:27,001] {logging_mixin.py:109} INFO - [2022-04-05 05:35:27,001] {dagbag.py:500} INFO - Filling up the DagBag from /home/lowenhard/acceleration/env/lib/python3.8/site-packages/airflow/example_dags/example_latest_only.py
[2022-04-05 05:35:27,023] {processor.py:654} INFO - DAG(s) dict_keys(['latest_only']) retrieved from /home/lowenhard/acceleration/env/lib/python3.8/site-packages/airflow/example_dags/example_latest_only.py
[2022-04-05 05:35:27,033] {logging_mixin.py:109} INFO - [2022-04-05 05:35:27,033] {dag.py:2398} INFO - Sync 1 DAGs
[2022-04-05 05:35:27,053] {logging_mixin.py:109} INFO - [2022-04-05 05:35:27,053] {dag.py:2937} INFO - Setting next_dagrun for latest_only to 2022-04-05T06:35:27.053188+00:00
[2022-04-05 05:35:27,223] {processor.py:171} INFO - Processing /home/lowenhard/acceleration/env/lib/python3.8/site-packages/airflow/example_dags/example_latest_only.py took 0.303 seconds
[2022-04-05 05:38:02,807] {processor.py:163} INFO - Started process (PID=1101) to work on /home/lowenhard/acceleration/env/lib/python3.8/site-packages/airflow/example_dags/example_latest_only.py
[2022-04-05 05:38:02,810] {processor.py:642} INFO - Processing file /home/lowenhard/acceleration/env/lib/python3.8/site-packages/airflow/example_dags/example_latest_only.py for tasks to queue
[2022-04-05 05:38:02,811] {logging_mixin.py:109} INFO - [2022-04-05 05:38:02,811] {dagbag.py:500} INFO - Filling up the DagBag from /home/lowenhard/acceleration/env/lib/python3.8/site-packages/airflow/example_dags/example_latest_only.py
[2022-04-05 05:38:02,830] {processor.py:654} INFO - DAG(s) dict_keys(['latest_only']) retrieved from /home/lowenhard/acceleration/env/lib/python3.8/site-packages/airflow/example_dags/example_latest_only.py
[2022-04-05 05:38:02,839] {logging_mixin.py:109} INFO - [2022-04-05 05:38:02,839] {dag.py:2398} INFO - Sync 1 DAGs
[2022-04-05 05:38:02,852] {logging_mixin.py:109} INFO - [2022-04-05 05:38:02,852] {dag.py:2937} INFO - Setting next_dagrun for latest_only to 2022-04-05T06:38:02.851719+00:00
[2022-04-05 05:38:04,834] {processor.py:171} INFO - Processing /home/lowenhard/acceleration/env/lib/python3.8/site-packages/airflow/example_dags/example_latest_only.py took 2.029 seconds
[2022-04-05 05:40:41,368] {processor.py:163} INFO - Started process (PID=1215) to work on /home/lowenhard/acceleration/env/lib/python3.8/site-packages/airflow/example_dags/example_latest_only.py
[2022-04-05 05:40:41,729] {processor.py:642} INFO - Processing file /home/lowenhard/acceleration/env/lib/python3.8/site-packages/airflow/example_dags/example_latest_only.py for tasks to queue
[2022-04-05 05:40:41,729] {logging_mixin.py:109} INFO - [2022-04-05 05:40:41,729] {dagbag.py:500} INFO - Filling up the DagBag from /home/lowenhard/acceleration/env/lib/python3.8/site-packages/airflow/example_dags/example_latest_only.py
[2022-04-05 05:40:42,083] {processor.py:654} INFO - DAG(s) dict_keys(['latest_only']) retrieved from /home/lowenhard/acceleration/env/lib/python3.8/site-packages/airflow/example_dags/example_latest_only.py
[2022-04-05 05:40:42,094] {logging_mixin.py:109} INFO - [2022-04-05 05:40:42,093] {dag.py:2398} INFO - Sync 1 DAGs
[2022-04-05 05:40:42,105] {logging_mixin.py:109} INFO - [2022-04-05 05:40:42,105] {dag.py:2937} INFO - Setting next_dagrun for latest_only to 2022-04-05T06:40:42.105186+00:00
[2022-04-05 05:40:42,246] {processor.py:171} INFO - Processing /home/lowenhard/acceleration/env/lib/python3.8/site-packages/airflow/example_dags/example_latest_only.py took 0.880 seconds
[2022-04-05 05:43:37,313] {processor.py:163} INFO - Started process (PID=1338) to work on /home/lowenhard/acceleration/env/lib/python3.8/site-packages/airflow/example_dags/example_latest_only.py
[2022-04-05 05:43:37,316] {processor.py:642} INFO - Processing file /home/lowenhard/acceleration/env/lib/python3.8/site-packages/airflow/example_dags/example_latest_only.py for tasks to queue
[2022-04-05 05:43:37,316] {logging_mixin.py:109} INFO - [2022-04-05 05:43:37,316] {dagbag.py:500} INFO - Filling up the DagBag from /home/lowenhard/acceleration/env/lib/python3.8/site-packages/airflow/example_dags/example_latest_only.py
[2022-04-05 05:43:37,335] {processor.py:654} INFO - DAG(s) dict_keys(['latest_only']) retrieved from /home/lowenhard/acceleration/env/lib/python3.8/site-packages/airflow/example_dags/example_latest_only.py
[2022-04-05 05:43:37,344] {logging_mixin.py:109} INFO - [2022-04-05 05:43:37,344] {dag.py:2398} INFO - Sync 1 DAGs
[2022-04-05 05:43:37,356] {logging_mixin.py:109} INFO - [2022-04-05 05:43:37,356] {dag.py:2937} INFO - Setting next_dagrun for latest_only to 2022-04-05T06:43:37.356336+00:00
[2022-04-05 05:43:38,802] {processor.py:171} INFO - Processing /home/lowenhard/acceleration/env/lib/python3.8/site-packages/airflow/example_dags/example_latest_only.py took 1.491 seconds
[2022-04-05 05:46:03,422] {processor.py:163} INFO - Started process (PID=1458) to work on /home/lowenhard/acceleration/env/lib/python3.8/site-packages/airflow/example_dags/example_latest_only.py
[2022-04-05 05:46:03,424] {processor.py:642} INFO - Processing file /home/lowenhard/acceleration/env/lib/python3.8/site-packages/airflow/example_dags/example_latest_only.py for tasks to queue
[2022-04-05 05:46:03,425] {logging_mixin.py:109} INFO - [2022-04-05 05:46:03,425] {dagbag.py:500} INFO - Filling up the DagBag from /home/lowenhard/acceleration/env/lib/python3.8/site-packages/airflow/example_dags/example_latest_only.py
[2022-04-05 05:46:03,444] {processor.py:654} INFO - DAG(s) dict_keys(['latest_only']) retrieved from /home/lowenhard/acceleration/env/lib/python3.8/site-packages/airflow/example_dags/example_latest_only.py
[2022-04-05 05:46:03,454] {logging_mixin.py:109} INFO - [2022-04-05 05:46:03,453] {dag.py:2398} INFO - Sync 1 DAGs
[2022-04-05 05:46:03,465] {logging_mixin.py:109} INFO - [2022-04-05 05:46:03,465] {dag.py:2937} INFO - Setting next_dagrun for latest_only to 2022-04-05T06:46:03.465384+00:00
[2022-04-05 05:46:04,903] {processor.py:171} INFO - Processing /home/lowenhard/acceleration/env/lib/python3.8/site-packages/airflow/example_dags/example_latest_only.py took 1.484 seconds
[2022-04-05 05:48:41,047] {processor.py:163} INFO - Started process (PID=1591) to work on /home/lowenhard/acceleration/env/lib/python3.8/site-packages/airflow/example_dags/example_latest_only.py
[2022-04-05 05:48:41,784] {processor.py:642} INFO - Processing file /home/lowenhard/acceleration/env/lib/python3.8/site-packages/airflow/example_dags/example_latest_only.py for tasks to queue
[2022-04-05 05:48:41,785] {logging_mixin.py:109} INFO - [2022-04-05 05:48:41,785] {dagbag.py:500} INFO - Filling up the DagBag from /home/lowenhard/acceleration/env/lib/python3.8/site-packages/airflow/example_dags/example_latest_only.py
[2022-04-05 05:48:41,984] {processor.py:654} INFO - DAG(s) dict_keys(['latest_only']) retrieved from /home/lowenhard/acceleration/env/lib/python3.8/site-packages/airflow/example_dags/example_latest_only.py
[2022-04-05 05:48:41,994] {logging_mixin.py:109} INFO - [2022-04-05 05:48:41,994] {dag.py:2398} INFO - Sync 1 DAGs
[2022-04-05 05:48:42,005] {logging_mixin.py:109} INFO - [2022-04-05 05:48:42,005] {dag.py:2937} INFO - Setting next_dagrun for latest_only to 2022-04-05T06:48:42.005553+00:00
[2022-04-05 05:48:42,139] {processor.py:171} INFO - Processing /home/lowenhard/acceleration/env/lib/python3.8/site-packages/airflow/example_dags/example_latest_only.py took 1.095 seconds
[2022-04-05 05:50:47,988] {processor.py:163} INFO - Started process (PID=1721) to work on /home/lowenhard/acceleration/env/lib/python3.8/site-packages/airflow/example_dags/example_latest_only.py
[2022-04-05 05:50:47,997] {processor.py:642} INFO - Processing file /home/lowenhard/acceleration/env/lib/python3.8/site-packages/airflow/example_dags/example_latest_only.py for tasks to queue
[2022-04-05 05:50:47,998] {logging_mixin.py:109} INFO - [2022-04-05 05:50:47,998] {dagbag.py:500} INFO - Filling up the DagBag from /home/lowenhard/acceleration/env/lib/python3.8/site-packages/airflow/example_dags/example_latest_only.py
[2022-04-05 05:50:48,016] {processor.py:654} INFO - DAG(s) dict_keys(['latest_only']) retrieved from /home/lowenhard/acceleration/env/lib/python3.8/site-packages/airflow/example_dags/example_latest_only.py
[2022-04-05 05:50:48,025] {logging_mixin.py:109} INFO - [2022-04-05 05:50:48,025] {dag.py:2398} INFO - Sync 1 DAGs
[2022-04-05 05:50:48,037] {logging_mixin.py:109} INFO - [2022-04-05 05:50:48,037] {dag.py:2937} INFO - Setting next_dagrun for latest_only to 2022-04-05T06:50:48.037485+00:00
[2022-04-05 05:50:48,194] {processor.py:171} INFO - Processing /home/lowenhard/acceleration/env/lib/python3.8/site-packages/airflow/example_dags/example_latest_only.py took 0.208 seconds
[2022-04-05 05:53:09,560] {processor.py:163} INFO - Started process (PID=1846) to work on /home/lowenhard/acceleration/env/lib/python3.8/site-packages/airflow/example_dags/example_latest_only.py
[2022-04-05 05:53:09,574] {processor.py:642} INFO - Processing file /home/lowenhard/acceleration/env/lib/python3.8/site-packages/airflow/example_dags/example_latest_only.py for tasks to queue
[2022-04-05 05:53:09,575] {logging_mixin.py:109} INFO - [2022-04-05 05:53:09,575] {dagbag.py:500} INFO - Filling up the DagBag from /home/lowenhard/acceleration/env/lib/python3.8/site-packages/airflow/example_dags/example_latest_only.py
[2022-04-05 05:53:09,593] {processor.py:654} INFO - DAG(s) dict_keys(['latest_only']) retrieved from /home/lowenhard/acceleration/env/lib/python3.8/site-packages/airflow/example_dags/example_latest_only.py
[2022-04-05 05:53:09,602] {logging_mixin.py:109} INFO - [2022-04-05 05:53:09,602] {dag.py:2398} INFO - Sync 1 DAGs
[2022-04-05 05:53:09,613] {logging_mixin.py:109} INFO - [2022-04-05 05:53:09,613] {dag.py:2937} INFO - Setting next_dagrun for latest_only to 2022-04-05T06:53:09.613155+00:00
[2022-04-05 05:53:10,094] {processor.py:171} INFO - Processing /home/lowenhard/acceleration/env/lib/python3.8/site-packages/airflow/example_dags/example_latest_only.py took 0.536 seconds
[2022-04-05 05:55:22,994] {processor.py:163} INFO - Started process (PID=1963) to work on /home/lowenhard/acceleration/env/lib/python3.8/site-packages/airflow/example_dags/example_latest_only.py
[2022-04-05 05:55:23,011] {processor.py:642} INFO - Processing file /home/lowenhard/acceleration/env/lib/python3.8/site-packages/airflow/example_dags/example_latest_only.py for tasks to queue
[2022-04-05 05:55:23,011] {logging_mixin.py:109} INFO - [2022-04-05 05:55:23,011] {dagbag.py:500} INFO - Filling up the DagBag from /home/lowenhard/acceleration/env/lib/python3.8/site-packages/airflow/example_dags/example_latest_only.py
[2022-04-05 05:55:23,030] {processor.py:654} INFO - DAG(s) dict_keys(['latest_only']) retrieved from /home/lowenhard/acceleration/env/lib/python3.8/site-packages/airflow/example_dags/example_latest_only.py
[2022-04-05 05:55:23,039] {logging_mixin.py:109} INFO - [2022-04-05 05:55:23,039] {dag.py:2398} INFO - Sync 1 DAGs
[2022-04-05 05:55:23,051] {logging_mixin.py:109} INFO - [2022-04-05 05:55:23,051] {dag.py:2937} INFO - Setting next_dagrun for latest_only to 2022-04-05T06:55:23.050959+00:00
[2022-04-05 05:55:24,297] {processor.py:171} INFO - Processing /home/lowenhard/acceleration/env/lib/python3.8/site-packages/airflow/example_dags/example_latest_only.py took 1.305 seconds
[2022-04-05 05:57:39,030] {processor.py:163} INFO - Started process (PID=2081) to work on /home/lowenhard/acceleration/env/lib/python3.8/site-packages/airflow/example_dags/example_latest_only.py
[2022-04-05 05:57:39,599] {processor.py:642} INFO - Processing file /home/lowenhard/acceleration/env/lib/python3.8/site-packages/airflow/example_dags/example_latest_only.py for tasks to queue
[2022-04-05 05:57:39,600] {logging_mixin.py:109} INFO - [2022-04-05 05:57:39,600] {dagbag.py:500} INFO - Filling up the DagBag from /home/lowenhard/acceleration/env/lib/python3.8/site-packages/airflow/example_dags/example_latest_only.py
[2022-04-05 05:57:39,618] {processor.py:654} INFO - DAG(s) dict_keys(['latest_only']) retrieved from /home/lowenhard/acceleration/env/lib/python3.8/site-packages/airflow/example_dags/example_latest_only.py
[2022-04-05 05:57:39,628] {logging_mixin.py:109} INFO - [2022-04-05 05:57:39,627] {dag.py:2398} INFO - Sync 1 DAGs
[2022-04-05 05:57:39,640] {logging_mixin.py:109} INFO - [2022-04-05 05:57:39,640] {dag.py:2937} INFO - Setting next_dagrun for latest_only to 2022-04-05T06:57:39.640254+00:00
[2022-04-05 05:57:40,461] {processor.py:171} INFO - Processing /home/lowenhard/acceleration/env/lib/python3.8/site-packages/airflow/example_dags/example_latest_only.py took 1.433 seconds
