[2022-04-05 05:23:23,929] {processor.py:163} INFO - Started process (PID=393) to work on /home/lowenhard/acceleration/env/lib/python3.8/site-packages/airflow/example_dags/example_branch_labels.py
[2022-04-05 05:23:23,930] {processor.py:642} INFO - Processing file /home/lowenhard/acceleration/env/lib/python3.8/site-packages/airflow/example_dags/example_branch_labels.py for tasks to queue
[2022-04-05 05:23:23,931] {logging_mixin.py:109} INFO - [2022-04-05 05:23:23,931] {dagbag.py:500} INFO - Filling up the DagBag from /home/lowenhard/acceleration/env/lib/python3.8/site-packages/airflow/example_dags/example_branch_labels.py
[2022-04-05 05:23:23,952] {processor.py:654} INFO - DAG(s) dict_keys(['example_branch_labels']) retrieved from /home/lowenhard/acceleration/env/lib/python3.8/site-packages/airflow/example_dags/example_branch_labels.py
[2022-04-05 05:23:23,960] {logging_mixin.py:109} INFO - [2022-04-05 05:23:23,960] {dag.py:2398} INFO - Sync 1 DAGs
[2022-04-05 05:23:23,971] {logging_mixin.py:109} INFO - [2022-04-05 05:23:23,970] {dag.py:2937} INFO - Setting next_dagrun for example_branch_labels to 2022-04-04 00:00:00+00:00
[2022-04-05 05:23:24,630] {processor.py:171} INFO - Processing /home/lowenhard/acceleration/env/lib/python3.8/site-packages/airflow/example_dags/example_branch_labels.py took 0.704 seconds
[2022-04-05 05:25:39,370] {processor.py:163} INFO - Started process (PID=501) to work on /home/lowenhard/acceleration/env/lib/python3.8/site-packages/airflow/example_dags/example_branch_labels.py
[2022-04-05 05:25:39,386] {processor.py:642} INFO - Processing file /home/lowenhard/acceleration/env/lib/python3.8/site-packages/airflow/example_dags/example_branch_labels.py for tasks to queue
[2022-04-05 05:25:39,387] {logging_mixin.py:109} INFO - [2022-04-05 05:25:39,386] {dagbag.py:500} INFO - Filling up the DagBag from /home/lowenhard/acceleration/env/lib/python3.8/site-packages/airflow/example_dags/example_branch_labels.py
[2022-04-05 05:25:39,408] {processor.py:654} INFO - DAG(s) dict_keys(['example_branch_labels']) retrieved from /home/lowenhard/acceleration/env/lib/python3.8/site-packages/airflow/example_dags/example_branch_labels.py
[2022-04-05 05:25:39,417] {logging_mixin.py:109} INFO - [2022-04-05 05:25:39,417] {dag.py:2398} INFO - Sync 1 DAGs
[2022-04-05 05:25:39,430] {logging_mixin.py:109} INFO - [2022-04-05 05:25:39,430] {dag.py:2937} INFO - Setting next_dagrun for example_branch_labels to 2022-04-04 00:00:00+00:00
[2022-04-05 05:25:39,656] {processor.py:171} INFO - Processing /home/lowenhard/acceleration/env/lib/python3.8/site-packages/airflow/example_dags/example_branch_labels.py took 0.288 seconds
[2022-04-05 05:27:50,581] {processor.py:163} INFO - Started process (PID=606) to work on /home/lowenhard/acceleration/env/lib/python3.8/site-packages/airflow/example_dags/example_branch_labels.py
[2022-04-05 05:27:50,923] {processor.py:642} INFO - Processing file /home/lowenhard/acceleration/env/lib/python3.8/site-packages/airflow/example_dags/example_branch_labels.py for tasks to queue
[2022-04-05 05:27:50,924] {logging_mixin.py:109} INFO - [2022-04-05 05:27:50,923] {dagbag.py:500} INFO - Filling up the DagBag from /home/lowenhard/acceleration/env/lib/python3.8/site-packages/airflow/example_dags/example_branch_labels.py
[2022-04-05 05:27:50,944] {processor.py:654} INFO - DAG(s) dict_keys(['example_branch_labels']) retrieved from /home/lowenhard/acceleration/env/lib/python3.8/site-packages/airflow/example_dags/example_branch_labels.py
[2022-04-05 05:27:50,953] {logging_mixin.py:109} INFO - [2022-04-05 05:27:50,953] {dag.py:2398} INFO - Sync 1 DAGs
[2022-04-05 05:27:50,967] {logging_mixin.py:109} INFO - [2022-04-05 05:27:50,966] {dag.py:2937} INFO - Setting next_dagrun for example_branch_labels to 2022-04-04 00:00:00+00:00
[2022-04-05 05:27:51,638] {processor.py:171} INFO - Processing /home/lowenhard/acceleration/env/lib/python3.8/site-packages/airflow/example_dags/example_branch_labels.py took 1.060 seconds
[2022-04-05 05:30:03,462] {processor.py:163} INFO - Started process (PID=713) to work on /home/lowenhard/acceleration/env/lib/python3.8/site-packages/airflow/example_dags/example_branch_labels.py
[2022-04-05 05:30:03,474] {processor.py:642} INFO - Processing file /home/lowenhard/acceleration/env/lib/python3.8/site-packages/airflow/example_dags/example_branch_labels.py for tasks to queue
[2022-04-05 05:30:03,474] {logging_mixin.py:109} INFO - [2022-04-05 05:30:03,474] {dagbag.py:500} INFO - Filling up the DagBag from /home/lowenhard/acceleration/env/lib/python3.8/site-packages/airflow/example_dags/example_branch_labels.py
[2022-04-05 05:30:03,493] {processor.py:654} INFO - DAG(s) dict_keys(['example_branch_labels']) retrieved from /home/lowenhard/acceleration/env/lib/python3.8/site-packages/airflow/example_dags/example_branch_labels.py
[2022-04-05 05:30:03,503] {logging_mixin.py:109} INFO - [2022-04-05 05:30:03,503] {dag.py:2398} INFO - Sync 1 DAGs
[2022-04-05 05:30:03,518] {logging_mixin.py:109} INFO - [2022-04-05 05:30:03,518] {dag.py:2937} INFO - Setting next_dagrun for example_branch_labels to 2022-04-04 00:00:00+00:00
[2022-04-05 05:30:03,665] {processor.py:171} INFO - Processing /home/lowenhard/acceleration/env/lib/python3.8/site-packages/airflow/example_dags/example_branch_labels.py took 0.205 seconds
[2022-04-05 05:32:18,392] {processor.py:163} INFO - Started process (PID=824) to work on /home/lowenhard/acceleration/env/lib/python3.8/site-packages/airflow/example_dags/example_branch_labels.py
[2022-04-05 05:32:18,395] {processor.py:642} INFO - Processing file /home/lowenhard/acceleration/env/lib/python3.8/site-packages/airflow/example_dags/example_branch_labels.py for tasks to queue
[2022-04-05 05:32:18,395] {logging_mixin.py:109} INFO - [2022-04-05 05:32:18,395] {dagbag.py:500} INFO - Filling up the DagBag from /home/lowenhard/acceleration/env/lib/python3.8/site-packages/airflow/example_dags/example_branch_labels.py
[2022-04-05 05:32:18,415] {processor.py:654} INFO - DAG(s) dict_keys(['example_branch_labels']) retrieved from /home/lowenhard/acceleration/env/lib/python3.8/site-packages/airflow/example_dags/example_branch_labels.py
[2022-04-05 05:32:18,424] {logging_mixin.py:109} INFO - [2022-04-05 05:32:18,424] {dag.py:2398} INFO - Sync 1 DAGs
[2022-04-05 05:32:18,438] {logging_mixin.py:109} INFO - [2022-04-05 05:32:18,438] {dag.py:2937} INFO - Setting next_dagrun for example_branch_labels to 2022-04-04 00:00:00+00:00
[2022-04-05 05:32:18,992] {processor.py:171} INFO - Processing /home/lowenhard/acceleration/env/lib/python3.8/site-packages/airflow/example_dags/example_branch_labels.py took 0.602 seconds
[2022-04-05 05:34:30,074] {processor.py:163} INFO - Started process (PID=934) to work on /home/lowenhard/acceleration/env/lib/python3.8/site-packages/airflow/example_dags/example_branch_labels.py
[2022-04-05 05:34:30,083] {processor.py:642} INFO - Processing file /home/lowenhard/acceleration/env/lib/python3.8/site-packages/airflow/example_dags/example_branch_labels.py for tasks to queue
[2022-04-05 05:34:30,083] {logging_mixin.py:109} INFO - [2022-04-05 05:34:30,083] {dagbag.py:500} INFO - Filling up the DagBag from /home/lowenhard/acceleration/env/lib/python3.8/site-packages/airflow/example_dags/example_branch_labels.py
[2022-04-05 05:34:30,101] {processor.py:654} INFO - DAG(s) dict_keys(['example_branch_labels']) retrieved from /home/lowenhard/acceleration/env/lib/python3.8/site-packages/airflow/example_dags/example_branch_labels.py
[2022-04-05 05:34:30,110] {logging_mixin.py:109} INFO - [2022-04-05 05:34:30,110] {dag.py:2398} INFO - Sync 1 DAGs
[2022-04-05 05:34:30,126] {logging_mixin.py:109} INFO - [2022-04-05 05:34:30,126] {dag.py:2937} INFO - Setting next_dagrun for example_branch_labels to 2022-04-04 00:00:00+00:00
[2022-04-05 05:34:30,716] {processor.py:171} INFO - Processing /home/lowenhard/acceleration/env/lib/python3.8/site-packages/airflow/example_dags/example_branch_labels.py took 0.645 seconds
[2022-04-05 05:37:01,281] {processor.py:163} INFO - Started process (PID=1048) to work on /home/lowenhard/acceleration/env/lib/python3.8/site-packages/airflow/example_dags/example_branch_labels.py
[2022-04-05 05:37:01,955] {processor.py:642} INFO - Processing file /home/lowenhard/acceleration/env/lib/python3.8/site-packages/airflow/example_dags/example_branch_labels.py for tasks to queue
[2022-04-05 05:37:01,955] {logging_mixin.py:109} INFO - [2022-04-05 05:37:01,955] {dagbag.py:500} INFO - Filling up the DagBag from /home/lowenhard/acceleration/env/lib/python3.8/site-packages/airflow/example_dags/example_branch_labels.py
[2022-04-05 05:37:01,980] {processor.py:654} INFO - DAG(s) dict_keys(['example_branch_labels']) retrieved from /home/lowenhard/acceleration/env/lib/python3.8/site-packages/airflow/example_dags/example_branch_labels.py
[2022-04-05 05:37:01,990] {logging_mixin.py:109} INFO - [2022-04-05 05:37:01,990] {dag.py:2398} INFO - Sync 1 DAGs
[2022-04-05 05:37:02,004] {logging_mixin.py:109} INFO - [2022-04-05 05:37:02,004] {dag.py:2937} INFO - Setting next_dagrun for example_branch_labels to 2022-04-04 00:00:00+00:00
[2022-04-05 05:37:02,313] {processor.py:171} INFO - Processing /home/lowenhard/acceleration/env/lib/python3.8/site-packages/airflow/example_dags/example_branch_labels.py took 1.036 seconds
[2022-04-05 05:39:28,527] {processor.py:163} INFO - Started process (PID=1162) to work on /home/lowenhard/acceleration/env/lib/python3.8/site-packages/airflow/example_dags/example_branch_labels.py
[2022-04-05 05:39:28,555] {processor.py:642} INFO - Processing file /home/lowenhard/acceleration/env/lib/python3.8/site-packages/airflow/example_dags/example_branch_labels.py for tasks to queue
[2022-04-05 05:39:28,556] {logging_mixin.py:109} INFO - [2022-04-05 05:39:28,555] {dagbag.py:500} INFO - Filling up the DagBag from /home/lowenhard/acceleration/env/lib/python3.8/site-packages/airflow/example_dags/example_branch_labels.py
[2022-04-05 05:39:28,578] {processor.py:654} INFO - DAG(s) dict_keys(['example_branch_labels']) retrieved from /home/lowenhard/acceleration/env/lib/python3.8/site-packages/airflow/example_dags/example_branch_labels.py
[2022-04-05 05:39:28,587] {logging_mixin.py:109} INFO - [2022-04-05 05:39:28,587] {dag.py:2398} INFO - Sync 1 DAGs
[2022-04-05 05:39:28,606] {logging_mixin.py:109} INFO - [2022-04-05 05:39:28,606] {dag.py:2937} INFO - Setting next_dagrun for example_branch_labels to 2022-04-04 00:00:00+00:00
[2022-04-05 05:39:28,740] {processor.py:171} INFO - Processing /home/lowenhard/acceleration/env/lib/python3.8/site-packages/airflow/example_dags/example_branch_labels.py took 0.215 seconds
[2022-04-05 05:42:26,161] {processor.py:163} INFO - Started process (PID=1284) to work on /home/lowenhard/acceleration/env/lib/python3.8/site-packages/airflow/example_dags/example_branch_labels.py
[2022-04-05 05:42:26,165] {processor.py:642} INFO - Processing file /home/lowenhard/acceleration/env/lib/python3.8/site-packages/airflow/example_dags/example_branch_labels.py for tasks to queue
[2022-04-05 05:42:26,165] {logging_mixin.py:109} INFO - [2022-04-05 05:42:26,165] {dagbag.py:500} INFO - Filling up the DagBag from /home/lowenhard/acceleration/env/lib/python3.8/site-packages/airflow/example_dags/example_branch_labels.py
[2022-04-05 05:42:26,185] {processor.py:654} INFO - DAG(s) dict_keys(['example_branch_labels']) retrieved from /home/lowenhard/acceleration/env/lib/python3.8/site-packages/airflow/example_dags/example_branch_labels.py
[2022-04-05 05:42:26,194] {logging_mixin.py:109} INFO - [2022-04-05 05:42:26,194] {dag.py:2398} INFO - Sync 1 DAGs
[2022-04-05 05:42:26,207] {logging_mixin.py:109} INFO - [2022-04-05 05:42:26,207] {dag.py:2937} INFO - Setting next_dagrun for example_branch_labels to 2022-04-04 00:00:00+00:00
[2022-04-05 05:42:27,210] {processor.py:171} INFO - Processing /home/lowenhard/acceleration/env/lib/python3.8/site-packages/airflow/example_dags/example_branch_labels.py took 1.052 seconds
[2022-04-05 05:45:00,208] {processor.py:163} INFO - Started process (PID=1398) to work on /home/lowenhard/acceleration/env/lib/python3.8/site-packages/airflow/example_dags/example_branch_labels.py
[2022-04-05 05:45:00,218] {processor.py:642} INFO - Processing file /home/lowenhard/acceleration/env/lib/python3.8/site-packages/airflow/example_dags/example_branch_labels.py for tasks to queue
[2022-04-05 05:45:00,219] {logging_mixin.py:109} INFO - [2022-04-05 05:45:00,219] {dagbag.py:500} INFO - Filling up the DagBag from /home/lowenhard/acceleration/env/lib/python3.8/site-packages/airflow/example_dags/example_branch_labels.py
[2022-04-05 05:45:00,238] {processor.py:654} INFO - DAG(s) dict_keys(['example_branch_labels']) retrieved from /home/lowenhard/acceleration/env/lib/python3.8/site-packages/airflow/example_dags/example_branch_labels.py
[2022-04-05 05:45:00,247] {logging_mixin.py:109} INFO - [2022-04-05 05:45:00,247] {dag.py:2398} INFO - Sync 1 DAGs
[2022-04-05 05:45:00,261] {logging_mixin.py:109} INFO - [2022-04-05 05:45:00,261] {dag.py:2937} INFO - Setting next_dagrun for example_branch_labels to 2022-04-04 00:00:00+00:00
[2022-04-05 05:45:00,397] {processor.py:171} INFO - Processing /home/lowenhard/acceleration/env/lib/python3.8/site-packages/airflow/example_dags/example_branch_labels.py took 0.192 seconds
[2022-04-05 05:47:29,731] {processor.py:163} INFO - Started process (PID=1530) to work on /home/lowenhard/acceleration/env/lib/python3.8/site-packages/airflow/example_dags/example_branch_labels.py
[2022-04-05 05:47:29,746] {processor.py:642} INFO - Processing file /home/lowenhard/acceleration/env/lib/python3.8/site-packages/airflow/example_dags/example_branch_labels.py for tasks to queue
[2022-04-05 05:47:29,747] {logging_mixin.py:109} INFO - [2022-04-05 05:47:29,747] {dagbag.py:500} INFO - Filling up the DagBag from /home/lowenhard/acceleration/env/lib/python3.8/site-packages/airflow/example_dags/example_branch_labels.py
[2022-04-05 05:47:29,767] {processor.py:654} INFO - DAG(s) dict_keys(['example_branch_labels']) retrieved from /home/lowenhard/acceleration/env/lib/python3.8/site-packages/airflow/example_dags/example_branch_labels.py
[2022-04-05 05:47:29,777] {logging_mixin.py:109} INFO - [2022-04-05 05:47:29,777] {dag.py:2398} INFO - Sync 1 DAGs
[2022-04-05 05:47:29,793] {logging_mixin.py:109} INFO - [2022-04-05 05:47:29,793] {dag.py:2937} INFO - Setting next_dagrun for example_branch_labels to 2022-04-04 00:00:00+00:00
[2022-04-05 05:47:29,927] {processor.py:171} INFO - Processing /home/lowenhard/acceleration/env/lib/python3.8/site-packages/airflow/example_dags/example_branch_labels.py took 0.198 seconds
[2022-04-05 05:49:56,916] {processor.py:163} INFO - Started process (PID=1658) to work on /home/lowenhard/acceleration/env/lib/python3.8/site-packages/airflow/example_dags/example_branch_labels.py
[2022-04-05 05:49:57,080] {processor.py:642} INFO - Processing file /home/lowenhard/acceleration/env/lib/python3.8/site-packages/airflow/example_dags/example_branch_labels.py for tasks to queue
[2022-04-05 05:49:57,080] {logging_mixin.py:109} INFO - [2022-04-05 05:49:57,080] {dagbag.py:500} INFO - Filling up the DagBag from /home/lowenhard/acceleration/env/lib/python3.8/site-packages/airflow/example_dags/example_branch_labels.py
[2022-04-05 05:49:57,100] {processor.py:654} INFO - DAG(s) dict_keys(['example_branch_labels']) retrieved from /home/lowenhard/acceleration/env/lib/python3.8/site-packages/airflow/example_dags/example_branch_labels.py
[2022-04-05 05:49:57,109] {logging_mixin.py:109} INFO - [2022-04-05 05:49:57,109] {dag.py:2398} INFO - Sync 1 DAGs
[2022-04-05 05:49:57,122] {logging_mixin.py:109} INFO - [2022-04-05 05:49:57,122] {dag.py:2937} INFO - Setting next_dagrun for example_branch_labels to 2022-04-04 00:00:00+00:00
[2022-04-05 05:49:57,516] {processor.py:171} INFO - Processing /home/lowenhard/acceleration/env/lib/python3.8/site-packages/airflow/example_dags/example_branch_labels.py took 0.602 seconds
[2022-04-05 05:52:19,431] {processor.py:163} INFO - Started process (PID=1798) to work on /home/lowenhard/acceleration/env/lib/python3.8/site-packages/airflow/example_dags/example_branch_labels.py
[2022-04-05 05:52:19,723] {processor.py:642} INFO - Processing file /home/lowenhard/acceleration/env/lib/python3.8/site-packages/airflow/example_dags/example_branch_labels.py for tasks to queue
[2022-04-05 05:52:19,724] {logging_mixin.py:109} INFO - [2022-04-05 05:52:19,723] {dagbag.py:500} INFO - Filling up the DagBag from /home/lowenhard/acceleration/env/lib/python3.8/site-packages/airflow/example_dags/example_branch_labels.py
[2022-04-05 05:52:19,743] {processor.py:654} INFO - DAG(s) dict_keys(['example_branch_labels']) retrieved from /home/lowenhard/acceleration/env/lib/python3.8/site-packages/airflow/example_dags/example_branch_labels.py
[2022-04-05 05:52:19,752] {logging_mixin.py:109} INFO - [2022-04-05 05:52:19,752] {dag.py:2398} INFO - Sync 1 DAGs
[2022-04-05 05:52:19,766] {logging_mixin.py:109} INFO - [2022-04-05 05:52:19,766] {dag.py:2937} INFO - Setting next_dagrun for example_branch_labels to 2022-04-04 00:00:00+00:00
[2022-04-05 05:52:19,917] {processor.py:171} INFO - Processing /home/lowenhard/acceleration/env/lib/python3.8/site-packages/airflow/example_dags/example_branch_labels.py took 0.488 seconds
[2022-04-05 05:54:26,856] {processor.py:163} INFO - Started process (PID=1912) to work on /home/lowenhard/acceleration/env/lib/python3.8/site-packages/airflow/example_dags/example_branch_labels.py
[2022-04-05 05:54:27,503] {processor.py:642} INFO - Processing file /home/lowenhard/acceleration/env/lib/python3.8/site-packages/airflow/example_dags/example_branch_labels.py for tasks to queue
[2022-04-05 05:54:27,503] {logging_mixin.py:109} INFO - [2022-04-05 05:54:27,503] {dagbag.py:500} INFO - Filling up the DagBag from /home/lowenhard/acceleration/env/lib/python3.8/site-packages/airflow/example_dags/example_branch_labels.py
[2022-04-05 05:54:27,524] {processor.py:654} INFO - DAG(s) dict_keys(['example_branch_labels']) retrieved from /home/lowenhard/acceleration/env/lib/python3.8/site-packages/airflow/example_dags/example_branch_labels.py
[2022-04-05 05:54:27,533] {logging_mixin.py:109} INFO - [2022-04-05 05:54:27,533] {dag.py:2398} INFO - Sync 1 DAGs
[2022-04-05 05:54:27,546] {logging_mixin.py:109} INFO - [2022-04-05 05:54:27,546] {dag.py:2937} INFO - Setting next_dagrun for example_branch_labels to 2022-04-04 00:00:00+00:00
[2022-04-05 05:54:27,710] {processor.py:171} INFO - Processing /home/lowenhard/acceleration/env/lib/python3.8/site-packages/airflow/example_dags/example_branch_labels.py took 0.856 seconds
[2022-04-05 05:56:51,037] {processor.py:163} INFO - Started process (PID=2029) to work on /home/lowenhard/acceleration/env/lib/python3.8/site-packages/airflow/example_dags/example_branch_labels.py
[2022-04-05 05:56:51,040] {processor.py:642} INFO - Processing file /home/lowenhard/acceleration/env/lib/python3.8/site-packages/airflow/example_dags/example_branch_labels.py for tasks to queue
[2022-04-05 05:56:51,040] {logging_mixin.py:109} INFO - [2022-04-05 05:56:51,040] {dagbag.py:500} INFO - Filling up the DagBag from /home/lowenhard/acceleration/env/lib/python3.8/site-packages/airflow/example_dags/example_branch_labels.py
[2022-04-05 05:56:51,062] {processor.py:654} INFO - DAG(s) dict_keys(['example_branch_labels']) retrieved from /home/lowenhard/acceleration/env/lib/python3.8/site-packages/airflow/example_dags/example_branch_labels.py
[2022-04-05 05:56:51,071] {logging_mixin.py:109} INFO - [2022-04-05 05:56:51,071] {dag.py:2398} INFO - Sync 1 DAGs
[2022-04-05 05:56:51,084] {logging_mixin.py:109} INFO - [2022-04-05 05:56:51,083] {dag.py:2937} INFO - Setting next_dagrun for example_branch_labels to 2022-04-04 00:00:00+00:00
[2022-04-05 05:56:51,568] {processor.py:171} INFO - Processing /home/lowenhard/acceleration/env/lib/python3.8/site-packages/airflow/example_dags/example_branch_labels.py took 0.533 seconds
[2022-04-05 05:59:07,366] {processor.py:163} INFO - Started process (PID=2143) to work on /home/lowenhard/acceleration/env/lib/python3.8/site-packages/airflow/example_dags/example_branch_labels.py
[2022-04-05 05:59:07,369] {processor.py:642} INFO - Processing file /home/lowenhard/acceleration/env/lib/python3.8/site-packages/airflow/example_dags/example_branch_labels.py for tasks to queue
[2022-04-05 05:59:07,370] {logging_mixin.py:109} INFO - [2022-04-05 05:59:07,370] {dagbag.py:500} INFO - Filling up the DagBag from /home/lowenhard/acceleration/env/lib/python3.8/site-packages/airflow/example_dags/example_branch_labels.py
[2022-04-05 05:59:07,393] {processor.py:654} INFO - DAG(s) dict_keys(['example_branch_labels']) retrieved from /home/lowenhard/acceleration/env/lib/python3.8/site-packages/airflow/example_dags/example_branch_labels.py
[2022-04-05 05:59:07,404] {logging_mixin.py:109} INFO - [2022-04-05 05:59:07,404] {dag.py:2398} INFO - Sync 1 DAGs
[2022-04-05 05:59:07,439] {logging_mixin.py:109} INFO - [2022-04-05 05:59:07,439] {dag.py:2937} INFO - Setting next_dagrun for example_branch_labels to 2022-04-04 00:00:00+00:00
[2022-04-05 05:59:07,586] {processor.py:171} INFO - Processing /home/lowenhard/acceleration/env/lib/python3.8/site-packages/airflow/example_dags/example_branch_labels.py took 0.221 seconds
