[2022-04-05 05:22:36,271] {processor.py:163} INFO - Started process (PID=370) to work on /home/lowenhard/acceleration/env/lib/python3.8/site-packages/airflow/example_dags/example_dag_decorator.py
[2022-04-05 05:22:36,271] {processor.py:642} INFO - Processing file /home/lowenhard/acceleration/env/lib/python3.8/site-packages/airflow/example_dags/example_dag_decorator.py for tasks to queue
[2022-04-05 05:22:36,272] {logging_mixin.py:109} INFO - [2022-04-05 05:22:36,272] {dagbag.py:500} INFO - Filling up the DagBag from /home/lowenhard/acceleration/env/lib/python3.8/site-packages/airflow/example_dags/example_dag_decorator.py
[2022-04-05 05:22:36,302] {processor.py:654} INFO - DAG(s) dict_keys(['example_dag_decorator']) retrieved from /home/lowenhard/acceleration/env/lib/python3.8/site-packages/airflow/example_dags/example_dag_decorator.py
[2022-04-05 05:22:36,486] {logging_mixin.py:109} INFO - [2022-04-05 05:22:36,486] {dag.py:2398} INFO - Sync 1 DAGs
[2022-04-05 05:22:36,498] {logging_mixin.py:109} INFO - [2022-04-05 05:22:36,498] {dag.py:2937} INFO - Setting next_dagrun for example_dag_decorator to None
[2022-04-05 05:22:37,858] {processor.py:171} INFO - Processing /home/lowenhard/acceleration/env/lib/python3.8/site-packages/airflow/example_dags/example_dag_decorator.py took 1.590 seconds
[2022-04-05 05:24:17,114] {processor.py:163} INFO - Started process (PID=439) to work on /home/lowenhard/acceleration/env/lib/python3.8/site-packages/airflow/example_dags/example_dag_decorator.py
[2022-04-05 05:24:17,407] {processor.py:642} INFO - Processing file /home/lowenhard/acceleration/env/lib/python3.8/site-packages/airflow/example_dags/example_dag_decorator.py for tasks to queue
[2022-04-05 05:24:17,408] {logging_mixin.py:109} INFO - [2022-04-05 05:24:17,408] {dagbag.py:500} INFO - Filling up the DagBag from /home/lowenhard/acceleration/env/lib/python3.8/site-packages/airflow/example_dags/example_dag_decorator.py
[2022-04-05 05:24:17,435] {processor.py:654} INFO - DAG(s) dict_keys(['example_dag_decorator']) retrieved from /home/lowenhard/acceleration/env/lib/python3.8/site-packages/airflow/example_dags/example_dag_decorator.py
[2022-04-05 05:24:17,620] {logging_mixin.py:109} INFO - [2022-04-05 05:24:17,620] {dag.py:2398} INFO - Sync 1 DAGs
[2022-04-05 05:24:17,704] {logging_mixin.py:109} INFO - [2022-04-05 05:24:17,704] {dag.py:2937} INFO - Setting next_dagrun for example_dag_decorator to None
[2022-04-05 05:24:19,305] {processor.py:171} INFO - Processing /home/lowenhard/acceleration/env/lib/python3.8/site-packages/airflow/example_dags/example_dag_decorator.py took 2.193 seconds
[2022-04-05 05:26:32,342] {processor.py:163} INFO - Started process (PID=545) to work on /home/lowenhard/acceleration/env/lib/python3.8/site-packages/airflow/example_dags/example_dag_decorator.py
[2022-04-05 05:26:32,368] {processor.py:642} INFO - Processing file /home/lowenhard/acceleration/env/lib/python3.8/site-packages/airflow/example_dags/example_dag_decorator.py for tasks to queue
[2022-04-05 05:26:32,369] {logging_mixin.py:109} INFO - [2022-04-05 05:26:32,369] {dagbag.py:500} INFO - Filling up the DagBag from /home/lowenhard/acceleration/env/lib/python3.8/site-packages/airflow/example_dags/example_dag_decorator.py
[2022-04-05 05:26:32,403] {processor.py:654} INFO - DAG(s) dict_keys(['example_dag_decorator']) retrieved from /home/lowenhard/acceleration/env/lib/python3.8/site-packages/airflow/example_dags/example_dag_decorator.py
[2022-04-05 05:26:32,646] {logging_mixin.py:109} INFO - [2022-04-05 05:26:32,646] {dag.py:2398} INFO - Sync 1 DAGs
[2022-04-05 05:26:32,655] {logging_mixin.py:109} INFO - [2022-04-05 05:26:32,655] {dag.py:2937} INFO - Setting next_dagrun for example_dag_decorator to None
[2022-04-05 05:26:34,258] {processor.py:171} INFO - Processing /home/lowenhard/acceleration/env/lib/python3.8/site-packages/airflow/example_dags/example_dag_decorator.py took 1.919 seconds
[2022-04-05 05:28:41,670] {processor.py:163} INFO - Started process (PID=652) to work on /home/lowenhard/acceleration/env/lib/python3.8/site-packages/airflow/example_dags/example_dag_decorator.py
[2022-04-05 05:28:41,854] {processor.py:642} INFO - Processing file /home/lowenhard/acceleration/env/lib/python3.8/site-packages/airflow/example_dags/example_dag_decorator.py for tasks to queue
[2022-04-05 05:28:41,854] {logging_mixin.py:109} INFO - [2022-04-05 05:28:41,854] {dagbag.py:500} INFO - Filling up the DagBag from /home/lowenhard/acceleration/env/lib/python3.8/site-packages/airflow/example_dags/example_dag_decorator.py
[2022-04-05 05:28:41,883] {processor.py:654} INFO - DAG(s) dict_keys(['example_dag_decorator']) retrieved from /home/lowenhard/acceleration/env/lib/python3.8/site-packages/airflow/example_dags/example_dag_decorator.py
[2022-04-05 05:28:42,148] {logging_mixin.py:109} INFO - [2022-04-05 05:28:42,148] {dag.py:2398} INFO - Sync 1 DAGs
[2022-04-05 05:28:42,159] {logging_mixin.py:109} INFO - [2022-04-05 05:28:42,159] {dag.py:2937} INFO - Setting next_dagrun for example_dag_decorator to None
[2022-04-05 05:28:44,220] {processor.py:171} INFO - Processing /home/lowenhard/acceleration/env/lib/python3.8/site-packages/airflow/example_dags/example_dag_decorator.py took 2.553 seconds
[2022-04-05 05:30:50,040] {processor.py:163} INFO - Started process (PID=759) to work on /home/lowenhard/acceleration/env/lib/python3.8/site-packages/airflow/example_dags/example_dag_decorator.py
[2022-04-05 05:30:50,363] {processor.py:642} INFO - Processing file /home/lowenhard/acceleration/env/lib/python3.8/site-packages/airflow/example_dags/example_dag_decorator.py for tasks to queue
[2022-04-05 05:30:50,363] {logging_mixin.py:109} INFO - [2022-04-05 05:30:50,363] {dagbag.py:500} INFO - Filling up the DagBag from /home/lowenhard/acceleration/env/lib/python3.8/site-packages/airflow/example_dags/example_dag_decorator.py
[2022-04-05 05:30:50,397] {processor.py:654} INFO - DAG(s) dict_keys(['example_dag_decorator']) retrieved from /home/lowenhard/acceleration/env/lib/python3.8/site-packages/airflow/example_dags/example_dag_decorator.py
[2022-04-05 05:30:50,652] {logging_mixin.py:109} INFO - [2022-04-05 05:30:50,651] {dag.py:2398} INFO - Sync 1 DAGs
[2022-04-05 05:30:50,662] {logging_mixin.py:109} INFO - [2022-04-05 05:30:50,662] {dag.py:2937} INFO - Setting next_dagrun for example_dag_decorator to None
[2022-04-05 05:30:50,926] {processor.py:171} INFO - Processing /home/lowenhard/acceleration/env/lib/python3.8/site-packages/airflow/example_dags/example_dag_decorator.py took 0.888 seconds
[2022-04-05 05:33:06,476] {processor.py:163} INFO - Started process (PID=869) to work on /home/lowenhard/acceleration/env/lib/python3.8/site-packages/airflow/example_dags/example_dag_decorator.py
[2022-04-05 05:33:06,479] {processor.py:642} INFO - Processing file /home/lowenhard/acceleration/env/lib/python3.8/site-packages/airflow/example_dags/example_dag_decorator.py for tasks to queue
[2022-04-05 05:33:06,479] {logging_mixin.py:109} INFO - [2022-04-05 05:33:06,479] {dagbag.py:500} INFO - Filling up the DagBag from /home/lowenhard/acceleration/env/lib/python3.8/site-packages/airflow/example_dags/example_dag_decorator.py
[2022-04-05 05:33:06,506] {processor.py:654} INFO - DAG(s) dict_keys(['example_dag_decorator']) retrieved from /home/lowenhard/acceleration/env/lib/python3.8/site-packages/airflow/example_dags/example_dag_decorator.py
[2022-04-05 05:33:06,763] {logging_mixin.py:109} INFO - [2022-04-05 05:33:06,763] {dag.py:2398} INFO - Sync 1 DAGs
[2022-04-05 05:33:06,774] {logging_mixin.py:109} INFO - [2022-04-05 05:33:06,774] {dag.py:2937} INFO - Setting next_dagrun for example_dag_decorator to None
[2022-04-05 05:33:07,084] {processor.py:171} INFO - Processing /home/lowenhard/acceleration/env/lib/python3.8/site-packages/airflow/example_dags/example_dag_decorator.py took 0.610 seconds
[2022-04-05 05:35:14,624] {processor.py:163} INFO - Started process (PID=978) to work on /home/lowenhard/acceleration/env/lib/python3.8/site-packages/airflow/example_dags/example_dag_decorator.py
[2022-04-05 05:35:14,778] {processor.py:642} INFO - Processing file /home/lowenhard/acceleration/env/lib/python3.8/site-packages/airflow/example_dags/example_dag_decorator.py for tasks to queue
[2022-04-05 05:35:14,779] {logging_mixin.py:109} INFO - [2022-04-05 05:35:14,779] {dagbag.py:500} INFO - Filling up the DagBag from /home/lowenhard/acceleration/env/lib/python3.8/site-packages/airflow/example_dags/example_dag_decorator.py
[2022-04-05 05:35:14,811] {processor.py:654} INFO - DAG(s) dict_keys(['example_dag_decorator']) retrieved from /home/lowenhard/acceleration/env/lib/python3.8/site-packages/airflow/example_dags/example_dag_decorator.py
[2022-04-05 05:35:15,062] {logging_mixin.py:109} INFO - [2022-04-05 05:35:15,062] {dag.py:2398} INFO - Sync 1 DAGs
[2022-04-05 05:35:15,072] {logging_mixin.py:109} INFO - [2022-04-05 05:35:15,071] {dag.py:2937} INFO - Setting next_dagrun for example_dag_decorator to None
[2022-04-05 05:35:16,602] {processor.py:171} INFO - Processing /home/lowenhard/acceleration/env/lib/python3.8/site-packages/airflow/example_dags/example_dag_decorator.py took 1.981 seconds
[2022-04-05 05:37:47,133] {processor.py:163} INFO - Started process (PID=1094) to work on /home/lowenhard/acceleration/env/lib/python3.8/site-packages/airflow/example_dags/example_dag_decorator.py
[2022-04-05 05:37:47,348] {processor.py:642} INFO - Processing file /home/lowenhard/acceleration/env/lib/python3.8/site-packages/airflow/example_dags/example_dag_decorator.py for tasks to queue
[2022-04-05 05:37:47,348] {logging_mixin.py:109} INFO - [2022-04-05 05:37:47,348] {dagbag.py:500} INFO - Filling up the DagBag from /home/lowenhard/acceleration/env/lib/python3.8/site-packages/airflow/example_dags/example_dag_decorator.py
[2022-04-05 05:37:47,375] {processor.py:654} INFO - DAG(s) dict_keys(['example_dag_decorator']) retrieved from /home/lowenhard/acceleration/env/lib/python3.8/site-packages/airflow/example_dags/example_dag_decorator.py
[2022-04-05 05:37:47,615] {logging_mixin.py:109} INFO - [2022-04-05 05:37:47,615] {dag.py:2398} INFO - Sync 1 DAGs
[2022-04-05 05:37:47,623] {logging_mixin.py:109} INFO - [2022-04-05 05:37:47,623] {dag.py:2937} INFO - Setting next_dagrun for example_dag_decorator to None
[2022-04-05 05:37:48,569] {processor.py:171} INFO - Processing /home/lowenhard/acceleration/env/lib/python3.8/site-packages/airflow/example_dags/example_dag_decorator.py took 1.438 seconds
[2022-04-05 05:39:05,792] {processor.py:163} INFO - Started process (PID=1150) to work on /home/lowenhard/acceleration/env/lib/python3.8/site-packages/airflow/example_dags/example_dag_decorator.py
[2022-04-05 05:39:06,001] {processor.py:642} INFO - Processing file /home/lowenhard/acceleration/env/lib/python3.8/site-packages/airflow/example_dags/example_dag_decorator.py for tasks to queue
[2022-04-05 05:39:06,002] {logging_mixin.py:109} INFO - [2022-04-05 05:39:06,002] {dagbag.py:500} INFO - Filling up the DagBag from /home/lowenhard/acceleration/env/lib/python3.8/site-packages/airflow/example_dags/example_dag_decorator.py
[2022-04-05 05:39:06,031] {processor.py:654} INFO - DAG(s) dict_keys(['example_dag_decorator']) retrieved from /home/lowenhard/acceleration/env/lib/python3.8/site-packages/airflow/example_dags/example_dag_decorator.py
[2022-04-05 05:39:06,273] {logging_mixin.py:109} INFO - [2022-04-05 05:39:06,272] {dag.py:2398} INFO - Sync 1 DAGs
[2022-04-05 05:39:06,284] {logging_mixin.py:109} INFO - [2022-04-05 05:39:06,284] {dag.py:2937} INFO - Setting next_dagrun for example_dag_decorator to None
[2022-04-05 05:39:07,564] {processor.py:171} INFO - Processing /home/lowenhard/acceleration/env/lib/python3.8/site-packages/airflow/example_dags/example_dag_decorator.py took 1.774 seconds
[2022-04-05 05:40:26,874] {processor.py:163} INFO - Started process (PID=1208) to work on /home/lowenhard/acceleration/env/lib/python3.8/site-packages/airflow/example_dags/example_dag_decorator.py
[2022-04-05 05:40:27,054] {processor.py:642} INFO - Processing file /home/lowenhard/acceleration/env/lib/python3.8/site-packages/airflow/example_dags/example_dag_decorator.py for tasks to queue
[2022-04-05 05:40:27,055] {logging_mixin.py:109} INFO - [2022-04-05 05:40:27,055] {dagbag.py:500} INFO - Filling up the DagBag from /home/lowenhard/acceleration/env/lib/python3.8/site-packages/airflow/example_dags/example_dag_decorator.py
[2022-04-05 05:40:27,084] {processor.py:654} INFO - DAG(s) dict_keys(['example_dag_decorator']) retrieved from /home/lowenhard/acceleration/env/lib/python3.8/site-packages/airflow/example_dags/example_dag_decorator.py
[2022-04-05 05:40:27,332] {logging_mixin.py:109} INFO - [2022-04-05 05:40:27,331] {dag.py:2398} INFO - Sync 1 DAGs
[2022-04-05 05:40:27,341] {logging_mixin.py:109} INFO - [2022-04-05 05:40:27,341] {dag.py:2937} INFO - Setting next_dagrun for example_dag_decorator to None
[2022-04-05 05:40:28,326] {processor.py:171} INFO - Processing /home/lowenhard/acceleration/env/lib/python3.8/site-packages/airflow/example_dags/example_dag_decorator.py took 1.455 seconds
[2022-04-05 05:41:49,949] {processor.py:163} INFO - Started process (PID=1266) to work on /home/lowenhard/acceleration/env/lib/python3.8/site-packages/airflow/example_dags/example_dag_decorator.py
[2022-04-05 05:41:49,996] {processor.py:642} INFO - Processing file /home/lowenhard/acceleration/env/lib/python3.8/site-packages/airflow/example_dags/example_dag_decorator.py for tasks to queue
[2022-04-05 05:41:49,997] {logging_mixin.py:109} INFO - [2022-04-05 05:41:49,997] {dagbag.py:500} INFO - Filling up the DagBag from /home/lowenhard/acceleration/env/lib/python3.8/site-packages/airflow/example_dags/example_dag_decorator.py
[2022-04-05 05:41:50,025] {processor.py:654} INFO - DAG(s) dict_keys(['example_dag_decorator']) retrieved from /home/lowenhard/acceleration/env/lib/python3.8/site-packages/airflow/example_dags/example_dag_decorator.py
[2022-04-05 05:41:50,282] {logging_mixin.py:109} INFO - [2022-04-05 05:41:50,282] {dag.py:2398} INFO - Sync 1 DAGs
[2022-04-05 05:41:50,291] {logging_mixin.py:109} INFO - [2022-04-05 05:41:50,291] {dag.py:2937} INFO - Setting next_dagrun for example_dag_decorator to None
[2022-04-05 05:41:52,414] {processor.py:171} INFO - Processing /home/lowenhard/acceleration/env/lib/python3.8/site-packages/airflow/example_dags/example_dag_decorator.py took 2.469 seconds
[2022-04-05 05:43:21,951] {processor.py:163} INFO - Started process (PID=1330) to work on /home/lowenhard/acceleration/env/lib/python3.8/site-packages/airflow/example_dags/example_dag_decorator.py
[2022-04-05 05:43:21,954] {processor.py:642} INFO - Processing file /home/lowenhard/acceleration/env/lib/python3.8/site-packages/airflow/example_dags/example_dag_decorator.py for tasks to queue
[2022-04-05 05:43:21,954] {logging_mixin.py:109} INFO - [2022-04-05 05:43:21,954] {dagbag.py:500} INFO - Filling up the DagBag from /home/lowenhard/acceleration/env/lib/python3.8/site-packages/airflow/example_dags/example_dag_decorator.py
[2022-04-05 05:43:21,982] {processor.py:654} INFO - DAG(s) dict_keys(['example_dag_decorator']) retrieved from /home/lowenhard/acceleration/env/lib/python3.8/site-packages/airflow/example_dags/example_dag_decorator.py
[2022-04-05 05:43:22,231] {logging_mixin.py:109} INFO - [2022-04-05 05:43:22,230] {dag.py:2398} INFO - Sync 1 DAGs
[2022-04-05 05:43:22,239] {logging_mixin.py:109} INFO - [2022-04-05 05:43:22,238] {dag.py:2937} INFO - Setting next_dagrun for example_dag_decorator to None
[2022-04-05 05:43:23,037] {processor.py:171} INFO - Processing /home/lowenhard/acceleration/env/lib/python3.8/site-packages/airflow/example_dags/example_dag_decorator.py took 1.088 seconds
[2022-04-05 05:44:41,442] {processor.py:163} INFO - Started process (PID=1389) to work on /home/lowenhard/acceleration/env/lib/python3.8/site-packages/airflow/example_dags/example_dag_decorator.py
[2022-04-05 05:44:41,558] {processor.py:642} INFO - Processing file /home/lowenhard/acceleration/env/lib/python3.8/site-packages/airflow/example_dags/example_dag_decorator.py for tasks to queue
[2022-04-05 05:44:41,558] {logging_mixin.py:109} INFO - [2022-04-05 05:44:41,558] {dagbag.py:500} INFO - Filling up the DagBag from /home/lowenhard/acceleration/env/lib/python3.8/site-packages/airflow/example_dags/example_dag_decorator.py
[2022-04-05 05:44:42,719] {processor.py:654} INFO - DAG(s) dict_keys(['example_dag_decorator']) retrieved from /home/lowenhard/acceleration/env/lib/python3.8/site-packages/airflow/example_dags/example_dag_decorator.py
[2022-04-05 05:44:42,955] {logging_mixin.py:109} INFO - [2022-04-05 05:44:42,955] {dag.py:2398} INFO - Sync 1 DAGs
[2022-04-05 05:44:42,963] {logging_mixin.py:109} INFO - [2022-04-05 05:44:42,963] {dag.py:2937} INFO - Setting next_dagrun for example_dag_decorator to None
[2022-04-05 05:44:44,074] {processor.py:171} INFO - Processing /home/lowenhard/acceleration/env/lib/python3.8/site-packages/airflow/example_dags/example_dag_decorator.py took 2.635 seconds
[2022-04-05 05:45:52,797] {processor.py:163} INFO - Started process (PID=1450) to work on /home/lowenhard/acceleration/env/lib/python3.8/site-packages/airflow/example_dags/example_dag_decorator.py
[2022-04-05 05:45:52,879] {processor.py:642} INFO - Processing file /home/lowenhard/acceleration/env/lib/python3.8/site-packages/airflow/example_dags/example_dag_decorator.py for tasks to queue
[2022-04-05 05:45:52,880] {logging_mixin.py:109} INFO - [2022-04-05 05:45:52,880] {dagbag.py:500} INFO - Filling up the DagBag from /home/lowenhard/acceleration/env/lib/python3.8/site-packages/airflow/example_dags/example_dag_decorator.py
[2022-04-05 05:45:52,909] {processor.py:654} INFO - DAG(s) dict_keys(['example_dag_decorator']) retrieved from /home/lowenhard/acceleration/env/lib/python3.8/site-packages/airflow/example_dags/example_dag_decorator.py
[2022-04-05 05:45:53,153] {logging_mixin.py:109} INFO - [2022-04-05 05:45:53,152] {dag.py:2398} INFO - Sync 1 DAGs
[2022-04-05 05:45:53,161] {logging_mixin.py:109} INFO - [2022-04-05 05:45:53,161] {dag.py:2937} INFO - Setting next_dagrun for example_dag_decorator to None
[2022-04-05 05:45:53,696] {processor.py:171} INFO - Processing /home/lowenhard/acceleration/env/lib/python3.8/site-packages/airflow/example_dags/example_dag_decorator.py took 0.902 seconds
[2022-04-05 05:47:04,504] {processor.py:163} INFO - Started process (PID=1518) to work on /home/lowenhard/acceleration/env/lib/python3.8/site-packages/airflow/example_dags/example_dag_decorator.py
[2022-04-05 05:47:04,741] {processor.py:642} INFO - Processing file /home/lowenhard/acceleration/env/lib/python3.8/site-packages/airflow/example_dags/example_dag_decorator.py for tasks to queue
[2022-04-05 05:47:04,742] {logging_mixin.py:109} INFO - [2022-04-05 05:47:04,742] {dagbag.py:500} INFO - Filling up the DagBag from /home/lowenhard/acceleration/env/lib/python3.8/site-packages/airflow/example_dags/example_dag_decorator.py
[2022-04-05 05:47:04,770] {processor.py:654} INFO - DAG(s) dict_keys(['example_dag_decorator']) retrieved from /home/lowenhard/acceleration/env/lib/python3.8/site-packages/airflow/example_dags/example_dag_decorator.py
[2022-04-05 05:47:05,056] {logging_mixin.py:109} INFO - [2022-04-05 05:47:05,056] {dag.py:2398} INFO - Sync 1 DAGs
[2022-04-05 05:47:05,071] {logging_mixin.py:109} INFO - [2022-04-05 05:47:05,071] {dag.py:2937} INFO - Setting next_dagrun for example_dag_decorator to None
[2022-04-05 05:47:06,539] {processor.py:171} INFO - Processing /home/lowenhard/acceleration/env/lib/python3.8/site-packages/airflow/example_dags/example_dag_decorator.py took 2.038 seconds
[2022-04-05 05:48:29,313] {processor.py:163} INFO - Started process (PID=1585) to work on /home/lowenhard/acceleration/env/lib/python3.8/site-packages/airflow/example_dags/example_dag_decorator.py
[2022-04-05 05:48:29,822] {processor.py:642} INFO - Processing file /home/lowenhard/acceleration/env/lib/python3.8/site-packages/airflow/example_dags/example_dag_decorator.py for tasks to queue
[2022-04-05 05:48:29,823] {logging_mixin.py:109} INFO - [2022-04-05 05:48:29,823] {dagbag.py:500} INFO - Filling up the DagBag from /home/lowenhard/acceleration/env/lib/python3.8/site-packages/airflow/example_dags/example_dag_decorator.py
[2022-04-05 05:48:29,991] {processor.py:654} INFO - DAG(s) dict_keys(['example_dag_decorator']) retrieved from /home/lowenhard/acceleration/env/lib/python3.8/site-packages/airflow/example_dags/example_dag_decorator.py
[2022-04-05 05:48:30,239] {logging_mixin.py:109} INFO - [2022-04-05 05:48:30,239] {dag.py:2398} INFO - Sync 1 DAGs
[2022-04-05 05:48:30,248] {logging_mixin.py:109} INFO - [2022-04-05 05:48:30,248] {dag.py:2937} INFO - Setting next_dagrun for example_dag_decorator to None
[2022-04-05 05:48:30,375] {processor.py:171} INFO - Processing /home/lowenhard/acceleration/env/lib/python3.8/site-packages/airflow/example_dags/example_dag_decorator.py took 1.065 seconds
[2022-04-05 05:49:39,098] {processor.py:163} INFO - Started process (PID=1646) to work on /home/lowenhard/acceleration/env/lib/python3.8/site-packages/airflow/example_dags/example_dag_decorator.py
[2022-04-05 05:49:39,102] {processor.py:642} INFO - Processing file /home/lowenhard/acceleration/env/lib/python3.8/site-packages/airflow/example_dags/example_dag_decorator.py for tasks to queue
[2022-04-05 05:49:39,103] {logging_mixin.py:109} INFO - [2022-04-05 05:49:39,102] {dagbag.py:500} INFO - Filling up the DagBag from /home/lowenhard/acceleration/env/lib/python3.8/site-packages/airflow/example_dags/example_dag_decorator.py
[2022-04-05 05:49:39,134] {processor.py:654} INFO - DAG(s) dict_keys(['example_dag_decorator']) retrieved from /home/lowenhard/acceleration/env/lib/python3.8/site-packages/airflow/example_dags/example_dag_decorator.py
[2022-04-05 05:49:39,372] {logging_mixin.py:109} INFO - [2022-04-05 05:49:39,372] {dag.py:2398} INFO - Sync 1 DAGs
[2022-04-05 05:49:39,383] {logging_mixin.py:109} INFO - [2022-04-05 05:49:39,382] {dag.py:2937} INFO - Setting next_dagrun for example_dag_decorator to None
[2022-04-05 05:49:39,973] {processor.py:171} INFO - Processing /home/lowenhard/acceleration/env/lib/python3.8/site-packages/airflow/example_dags/example_dag_decorator.py took 0.879 seconds
[2022-04-05 05:51:58,434] {processor.py:163} INFO - Started process (PID=1788) to work on /home/lowenhard/acceleration/env/lib/python3.8/site-packages/airflow/example_dags/example_dag_decorator.py
[2022-04-05 05:51:58,438] {processor.py:642} INFO - Processing file /home/lowenhard/acceleration/env/lib/python3.8/site-packages/airflow/example_dags/example_dag_decorator.py for tasks to queue
[2022-04-05 05:51:58,439] {logging_mixin.py:109} INFO - [2022-04-05 05:51:58,439] {dagbag.py:500} INFO - Filling up the DagBag from /home/lowenhard/acceleration/env/lib/python3.8/site-packages/airflow/example_dags/example_dag_decorator.py
[2022-04-05 05:51:58,471] {processor.py:654} INFO - DAG(s) dict_keys(['example_dag_decorator']) retrieved from /home/lowenhard/acceleration/env/lib/python3.8/site-packages/airflow/example_dags/example_dag_decorator.py
[2022-04-05 05:51:58,714] {logging_mixin.py:109} INFO - [2022-04-05 05:51:58,714] {dag.py:2398} INFO - Sync 1 DAGs
[2022-04-05 05:51:58,721] {logging_mixin.py:109} INFO - [2022-04-05 05:51:58,721] {dag.py:2937} INFO - Setting next_dagrun for example_dag_decorator to None
[2022-04-05 05:52:00,116] {processor.py:171} INFO - Processing /home/lowenhard/acceleration/env/lib/python3.8/site-packages/airflow/example_dags/example_dag_decorator.py took 1.686 seconds
[2022-04-05 05:54:05,644] {processor.py:163} INFO - Started process (PID=1902) to work on /home/lowenhard/acceleration/env/lib/python3.8/site-packages/airflow/example_dags/example_dag_decorator.py
[2022-04-05 05:54:05,715] {processor.py:642} INFO - Processing file /home/lowenhard/acceleration/env/lib/python3.8/site-packages/airflow/example_dags/example_dag_decorator.py for tasks to queue
[2022-04-05 05:54:05,716] {logging_mixin.py:109} INFO - [2022-04-05 05:54:05,716] {dagbag.py:500} INFO - Filling up the DagBag from /home/lowenhard/acceleration/env/lib/python3.8/site-packages/airflow/example_dags/example_dag_decorator.py
[2022-04-05 05:54:05,742] {processor.py:654} INFO - DAG(s) dict_keys(['example_dag_decorator']) retrieved from /home/lowenhard/acceleration/env/lib/python3.8/site-packages/airflow/example_dags/example_dag_decorator.py
[2022-04-05 05:54:05,971] {logging_mixin.py:109} INFO - [2022-04-05 05:54:05,971] {dag.py:2398} INFO - Sync 1 DAGs
[2022-04-05 05:54:05,980] {logging_mixin.py:109} INFO - [2022-04-05 05:54:05,980] {dag.py:2937} INFO - Setting next_dagrun for example_dag_decorator to None
[2022-04-05 05:54:07,097] {processor.py:171} INFO - Processing /home/lowenhard/acceleration/env/lib/python3.8/site-packages/airflow/example_dags/example_dag_decorator.py took 1.455 seconds
[2022-04-05 05:56:24,680] {processor.py:163} INFO - Started process (PID=2016) to work on /home/lowenhard/acceleration/env/lib/python3.8/site-packages/airflow/example_dags/example_dag_decorator.py
[2022-04-05 05:56:25,755] {processor.py:642} INFO - Processing file /home/lowenhard/acceleration/env/lib/python3.8/site-packages/airflow/example_dags/example_dag_decorator.py for tasks to queue
[2022-04-05 05:56:25,757] {logging_mixin.py:109} INFO - [2022-04-05 05:56:25,757] {dagbag.py:500} INFO - Filling up the DagBag from /home/lowenhard/acceleration/env/lib/python3.8/site-packages/airflow/example_dags/example_dag_decorator.py
[2022-04-05 05:56:26,114] {processor.py:654} INFO - DAG(s) dict_keys(['example_dag_decorator']) retrieved from /home/lowenhard/acceleration/env/lib/python3.8/site-packages/airflow/example_dags/example_dag_decorator.py
[2022-04-05 05:56:26,616] {logging_mixin.py:109} INFO - [2022-04-05 05:56:26,616] {dag.py:2398} INFO - Sync 1 DAGs
[2022-04-05 05:56:26,640] {logging_mixin.py:109} INFO - [2022-04-05 05:56:26,640] {dag.py:2937} INFO - Setting next_dagrun for example_dag_decorator to None
[2022-04-05 05:56:27,904] {processor.py:171} INFO - Processing /home/lowenhard/acceleration/env/lib/python3.8/site-packages/airflow/example_dags/example_dag_decorator.py took 3.226 seconds
[2022-04-05 05:57:34,500] {processor.py:163} INFO - Started process (PID=2078) to work on /home/lowenhard/acceleration/env/lib/python3.8/site-packages/airflow/example_dags/example_dag_decorator.py
[2022-04-05 05:57:34,526] {processor.py:642} INFO - Processing file /home/lowenhard/acceleration/env/lib/python3.8/site-packages/airflow/example_dags/example_dag_decorator.py for tasks to queue
[2022-04-05 05:57:34,527] {logging_mixin.py:109} INFO - [2022-04-05 05:57:34,526] {dagbag.py:500} INFO - Filling up the DagBag from /home/lowenhard/acceleration/env/lib/python3.8/site-packages/airflow/example_dags/example_dag_decorator.py
[2022-04-05 05:57:34,554] {processor.py:654} INFO - DAG(s) dict_keys(['example_dag_decorator']) retrieved from /home/lowenhard/acceleration/env/lib/python3.8/site-packages/airflow/example_dags/example_dag_decorator.py
[2022-04-05 05:57:34,813] {logging_mixin.py:109} INFO - [2022-04-05 05:57:34,812] {dag.py:2398} INFO - Sync 1 DAGs
[2022-04-05 05:57:34,824] {logging_mixin.py:109} INFO - [2022-04-05 05:57:34,824] {dag.py:2937} INFO - Setting next_dagrun for example_dag_decorator to None
[2022-04-05 05:57:35,067] {processor.py:171} INFO - Processing /home/lowenhard/acceleration/env/lib/python3.8/site-packages/airflow/example_dags/example_dag_decorator.py took 0.569 seconds
