[2022-04-05 05:22:35,336] {processor.py:163} INFO - Started process (PID=369) to work on /home/lowenhard/acceleration/env/lib/python3.8/site-packages/airflow/example_dags/example_kubernetes_executor.py
[2022-04-05 05:22:35,337] {processor.py:642} INFO - Processing file /home/lowenhard/acceleration/env/lib/python3.8/site-packages/airflow/example_dags/example_kubernetes_executor.py for tasks to queue
[2022-04-05 05:22:35,338] {logging_mixin.py:109} INFO - [2022-04-05 05:22:35,338] {dagbag.py:500} INFO - Filling up the DagBag from /home/lowenhard/acceleration/env/lib/python3.8/site-packages/airflow/example_dags/example_kubernetes_executor.py
[2022-04-05 05:22:35,345] {logging_mixin.py:109} INFO - [2022-04-05 05:22:35,345] {example_kubernetes_executor.py:39} WARNING - The example_kubernetes_executor example DAG requires the kubernetes provider. Please install it with: pip install apache-airflow[cncf.kubernetes]
[2022-04-05 05:22:35,352] {processor.py:656} WARNING - No viable dags retrieved from /home/lowenhard/acceleration/env/lib/python3.8/site-packages/airflow/example_dags/example_kubernetes_executor.py
[2022-04-05 05:22:35,354] {processor.py:171} INFO - Processing /home/lowenhard/acceleration/env/lib/python3.8/site-packages/airflow/example_dags/example_kubernetes_executor.py took 0.020 seconds
[2022-04-05 05:24:15,976] {processor.py:163} INFO - Started process (PID=438) to work on /home/lowenhard/acceleration/env/lib/python3.8/site-packages/airflow/example_dags/example_kubernetes_executor.py
[2022-04-05 05:24:15,984] {processor.py:642} INFO - Processing file /home/lowenhard/acceleration/env/lib/python3.8/site-packages/airflow/example_dags/example_kubernetes_executor.py for tasks to queue
[2022-04-05 05:24:15,985] {logging_mixin.py:109} INFO - [2022-04-05 05:24:15,985] {dagbag.py:500} INFO - Filling up the DagBag from /home/lowenhard/acceleration/env/lib/python3.8/site-packages/airflow/example_dags/example_kubernetes_executor.py
[2022-04-05 05:24:15,992] {logging_mixin.py:109} INFO - [2022-04-05 05:24:15,992] {example_kubernetes_executor.py:39} WARNING - The example_kubernetes_executor example DAG requires the kubernetes provider. Please install it with: pip install apache-airflow[cncf.kubernetes]
[2022-04-05 05:24:16,000] {processor.py:656} WARNING - No viable dags retrieved from /home/lowenhard/acceleration/env/lib/python3.8/site-packages/airflow/example_dags/example_kubernetes_executor.py
[2022-04-05 05:24:16,002] {processor.py:171} INFO - Processing /home/lowenhard/acceleration/env/lib/python3.8/site-packages/airflow/example_dags/example_kubernetes_executor.py took 0.029 seconds
[2022-04-05 05:26:31,271] {processor.py:163} INFO - Started process (PID=544) to work on /home/lowenhard/acceleration/env/lib/python3.8/site-packages/airflow/example_dags/example_kubernetes_executor.py
[2022-04-05 05:26:31,289] {processor.py:642} INFO - Processing file /home/lowenhard/acceleration/env/lib/python3.8/site-packages/airflow/example_dags/example_kubernetes_executor.py for tasks to queue
[2022-04-05 05:26:31,289] {logging_mixin.py:109} INFO - [2022-04-05 05:26:31,289] {dagbag.py:500} INFO - Filling up the DagBag from /home/lowenhard/acceleration/env/lib/python3.8/site-packages/airflow/example_dags/example_kubernetes_executor.py
[2022-04-05 05:26:31,297] {logging_mixin.py:109} INFO - [2022-04-05 05:26:31,297] {example_kubernetes_executor.py:39} WARNING - The example_kubernetes_executor example DAG requires the kubernetes provider. Please install it with: pip install apache-airflow[cncf.kubernetes]
[2022-04-05 05:26:31,306] {processor.py:656} WARNING - No viable dags retrieved from /home/lowenhard/acceleration/env/lib/python3.8/site-packages/airflow/example_dags/example_kubernetes_executor.py
[2022-04-05 05:26:31,308] {processor.py:171} INFO - Processing /home/lowenhard/acceleration/env/lib/python3.8/site-packages/airflow/example_dags/example_kubernetes_executor.py took 0.039 seconds
[2022-04-05 05:28:40,518] {processor.py:163} INFO - Started process (PID=651) to work on /home/lowenhard/acceleration/env/lib/python3.8/site-packages/airflow/example_dags/example_kubernetes_executor.py
[2022-04-05 05:28:40,559] {processor.py:642} INFO - Processing file /home/lowenhard/acceleration/env/lib/python3.8/site-packages/airflow/example_dags/example_kubernetes_executor.py for tasks to queue
[2022-04-05 05:28:40,560] {logging_mixin.py:109} INFO - [2022-04-05 05:28:40,560] {dagbag.py:500} INFO - Filling up the DagBag from /home/lowenhard/acceleration/env/lib/python3.8/site-packages/airflow/example_dags/example_kubernetes_executor.py
[2022-04-05 05:28:40,568] {logging_mixin.py:109} INFO - [2022-04-05 05:28:40,568] {example_kubernetes_executor.py:39} WARNING - The example_kubernetes_executor example DAG requires the kubernetes provider. Please install it with: pip install apache-airflow[cncf.kubernetes]
[2022-04-05 05:28:40,575] {processor.py:656} WARNING - No viable dags retrieved from /home/lowenhard/acceleration/env/lib/python3.8/site-packages/airflow/example_dags/example_kubernetes_executor.py
[2022-04-05 05:28:40,577] {processor.py:171} INFO - Processing /home/lowenhard/acceleration/env/lib/python3.8/site-packages/airflow/example_dags/example_kubernetes_executor.py took 0.061 seconds
[2022-04-05 05:30:48,896] {processor.py:163} INFO - Started process (PID=758) to work on /home/lowenhard/acceleration/env/lib/python3.8/site-packages/airflow/example_dags/example_kubernetes_executor.py
[2022-04-05 05:30:48,916] {processor.py:642} INFO - Processing file /home/lowenhard/acceleration/env/lib/python3.8/site-packages/airflow/example_dags/example_kubernetes_executor.py for tasks to queue
[2022-04-05 05:30:48,917] {logging_mixin.py:109} INFO - [2022-04-05 05:30:48,917] {dagbag.py:500} INFO - Filling up the DagBag from /home/lowenhard/acceleration/env/lib/python3.8/site-packages/airflow/example_dags/example_kubernetes_executor.py
[2022-04-05 05:30:48,939] {logging_mixin.py:109} INFO - [2022-04-05 05:30:48,938] {example_kubernetes_executor.py:39} WARNING - The example_kubernetes_executor example DAG requires the kubernetes provider. Please install it with: pip install apache-airflow[cncf.kubernetes]
[2022-04-05 05:30:48,960] {processor.py:656} WARNING - No viable dags retrieved from /home/lowenhard/acceleration/env/lib/python3.8/site-packages/airflow/example_dags/example_kubernetes_executor.py
[2022-04-05 05:30:48,964] {processor.py:171} INFO - Processing /home/lowenhard/acceleration/env/lib/python3.8/site-packages/airflow/example_dags/example_kubernetes_executor.py took 0.080 seconds
[2022-04-05 05:31:58,829] {processor.py:163} INFO - Started process (PID=814) to work on /home/lowenhard/acceleration/env/lib/python3.8/site-packages/airflow/example_dags/example_kubernetes_executor.py
[2022-04-05 05:31:58,961] {processor.py:642} INFO - Processing file /home/lowenhard/acceleration/env/lib/python3.8/site-packages/airflow/example_dags/example_kubernetes_executor.py for tasks to queue
[2022-04-05 05:31:58,961] {logging_mixin.py:109} INFO - [2022-04-05 05:31:58,961] {dagbag.py:500} INFO - Filling up the DagBag from /home/lowenhard/acceleration/env/lib/python3.8/site-packages/airflow/example_dags/example_kubernetes_executor.py
[2022-04-05 05:31:58,969] {logging_mixin.py:109} INFO - [2022-04-05 05:31:58,969] {example_kubernetes_executor.py:39} WARNING - The example_kubernetes_executor example DAG requires the kubernetes provider. Please install it with: pip install apache-airflow[cncf.kubernetes]
[2022-04-05 05:31:59,156] {processor.py:656} WARNING - No viable dags retrieved from /home/lowenhard/acceleration/env/lib/python3.8/site-packages/airflow/example_dags/example_kubernetes_executor.py
[2022-04-05 05:31:59,159] {processor.py:171} INFO - Processing /home/lowenhard/acceleration/env/lib/python3.8/site-packages/airflow/example_dags/example_kubernetes_executor.py took 0.333 seconds
[2022-04-05 05:34:11,402] {processor.py:163} INFO - Started process (PID=923) to work on /home/lowenhard/acceleration/env/lib/python3.8/site-packages/airflow/example_dags/example_kubernetes_executor.py
[2022-04-05 05:34:11,436] {processor.py:642} INFO - Processing file /home/lowenhard/acceleration/env/lib/python3.8/site-packages/airflow/example_dags/example_kubernetes_executor.py for tasks to queue
[2022-04-05 05:34:11,436] {logging_mixin.py:109} INFO - [2022-04-05 05:34:11,436] {dagbag.py:500} INFO - Filling up the DagBag from /home/lowenhard/acceleration/env/lib/python3.8/site-packages/airflow/example_dags/example_kubernetes_executor.py
[2022-04-05 05:34:11,444] {logging_mixin.py:109} INFO - [2022-04-05 05:34:11,444] {example_kubernetes_executor.py:39} WARNING - The example_kubernetes_executor example DAG requires the kubernetes provider. Please install it with: pip install apache-airflow[cncf.kubernetes]
[2022-04-05 05:34:11,451] {processor.py:656} WARNING - No viable dags retrieved from /home/lowenhard/acceleration/env/lib/python3.8/site-packages/airflow/example_dags/example_kubernetes_executor.py
[2022-04-05 05:34:11,453] {processor.py:171} INFO - Processing /home/lowenhard/acceleration/env/lib/python3.8/site-packages/airflow/example_dags/example_kubernetes_executor.py took 0.054 seconds
[2022-04-05 05:36:41,104] {processor.py:163} INFO - Started process (PID=1038) to work on /home/lowenhard/acceleration/env/lib/python3.8/site-packages/airflow/example_dags/example_kubernetes_executor.py
[2022-04-05 05:36:41,108] {processor.py:642} INFO - Processing file /home/lowenhard/acceleration/env/lib/python3.8/site-packages/airflow/example_dags/example_kubernetes_executor.py for tasks to queue
[2022-04-05 05:36:41,108] {logging_mixin.py:109} INFO - [2022-04-05 05:36:41,108] {dagbag.py:500} INFO - Filling up the DagBag from /home/lowenhard/acceleration/env/lib/python3.8/site-packages/airflow/example_dags/example_kubernetes_executor.py
[2022-04-05 05:36:41,117] {logging_mixin.py:109} INFO - [2022-04-05 05:36:41,116] {example_kubernetes_executor.py:39} WARNING - The example_kubernetes_executor example DAG requires the kubernetes provider. Please install it with: pip install apache-airflow[cncf.kubernetes]
[2022-04-05 05:36:41,124] {processor.py:656} WARNING - No viable dags retrieved from /home/lowenhard/acceleration/env/lib/python3.8/site-packages/airflow/example_dags/example_kubernetes_executor.py
[2022-04-05 05:36:41,126] {processor.py:171} INFO - Processing /home/lowenhard/acceleration/env/lib/python3.8/site-packages/airflow/example_dags/example_kubernetes_executor.py took 0.024 seconds
[2022-04-05 05:39:05,392] {processor.py:163} INFO - Started process (PID=1148) to work on /home/lowenhard/acceleration/env/lib/python3.8/site-packages/airflow/example_dags/example_kubernetes_executor.py
[2022-04-05 05:39:05,395] {processor.py:642} INFO - Processing file /home/lowenhard/acceleration/env/lib/python3.8/site-packages/airflow/example_dags/example_kubernetes_executor.py for tasks to queue
[2022-04-05 05:39:05,395] {logging_mixin.py:109} INFO - [2022-04-05 05:39:05,395] {dagbag.py:500} INFO - Filling up the DagBag from /home/lowenhard/acceleration/env/lib/python3.8/site-packages/airflow/example_dags/example_kubernetes_executor.py
[2022-04-05 05:39:05,403] {logging_mixin.py:109} INFO - [2022-04-05 05:39:05,403] {example_kubernetes_executor.py:39} WARNING - The example_kubernetes_executor example DAG requires the kubernetes provider. Please install it with: pip install apache-airflow[cncf.kubernetes]
[2022-04-05 05:39:05,410] {processor.py:656} WARNING - No viable dags retrieved from /home/lowenhard/acceleration/env/lib/python3.8/site-packages/airflow/example_dags/example_kubernetes_executor.py
[2022-04-05 05:39:05,412] {processor.py:171} INFO - Processing /home/lowenhard/acceleration/env/lib/python3.8/site-packages/airflow/example_dags/example_kubernetes_executor.py took 0.022 seconds
[2022-04-05 05:40:24,341] {processor.py:163} INFO - Started process (PID=1207) to work on /home/lowenhard/acceleration/env/lib/python3.8/site-packages/airflow/example_dags/example_kubernetes_executor.py
[2022-04-05 05:40:24,587] {processor.py:642} INFO - Processing file /home/lowenhard/acceleration/env/lib/python3.8/site-packages/airflow/example_dags/example_kubernetes_executor.py for tasks to queue
[2022-04-05 05:40:24,588] {logging_mixin.py:109} INFO - [2022-04-05 05:40:24,588] {dagbag.py:500} INFO - Filling up the DagBag from /home/lowenhard/acceleration/env/lib/python3.8/site-packages/airflow/example_dags/example_kubernetes_executor.py
[2022-04-05 05:40:24,596] {logging_mixin.py:109} INFO - [2022-04-05 05:40:24,596] {example_kubernetes_executor.py:39} WARNING - The example_kubernetes_executor example DAG requires the kubernetes provider. Please install it with: pip install apache-airflow[cncf.kubernetes]
[2022-04-05 05:40:24,603] {processor.py:656} WARNING - No viable dags retrieved from /home/lowenhard/acceleration/env/lib/python3.8/site-packages/airflow/example_dags/example_kubernetes_executor.py
[2022-04-05 05:40:24,605] {processor.py:171} INFO - Processing /home/lowenhard/acceleration/env/lib/python3.8/site-packages/airflow/example_dags/example_kubernetes_executor.py took 0.268 seconds
[2022-04-05 05:41:48,794] {processor.py:163} INFO - Started process (PID=1265) to work on /home/lowenhard/acceleration/env/lib/python3.8/site-packages/airflow/example_dags/example_kubernetes_executor.py
[2022-04-05 05:41:48,797] {processor.py:642} INFO - Processing file /home/lowenhard/acceleration/env/lib/python3.8/site-packages/airflow/example_dags/example_kubernetes_executor.py for tasks to queue
[2022-04-05 05:41:48,798] {logging_mixin.py:109} INFO - [2022-04-05 05:41:48,797] {dagbag.py:500} INFO - Filling up the DagBag from /home/lowenhard/acceleration/env/lib/python3.8/site-packages/airflow/example_dags/example_kubernetes_executor.py
[2022-04-05 05:41:48,805] {logging_mixin.py:109} INFO - [2022-04-05 05:41:48,805] {example_kubernetes_executor.py:39} WARNING - The example_kubernetes_executor example DAG requires the kubernetes provider. Please install it with: pip install apache-airflow[cncf.kubernetes]
[2022-04-05 05:41:48,813] {processor.py:656} WARNING - No viable dags retrieved from /home/lowenhard/acceleration/env/lib/python3.8/site-packages/airflow/example_dags/example_kubernetes_executor.py
[2022-04-05 05:41:48,814] {processor.py:171} INFO - Processing /home/lowenhard/acceleration/env/lib/python3.8/site-packages/airflow/example_dags/example_kubernetes_executor.py took 0.024 seconds
[2022-04-05 05:43:20,811] {processor.py:163} INFO - Started process (PID=1329) to work on /home/lowenhard/acceleration/env/lib/python3.8/site-packages/airflow/example_dags/example_kubernetes_executor.py
[2022-04-05 05:43:20,814] {processor.py:642} INFO - Processing file /home/lowenhard/acceleration/env/lib/python3.8/site-packages/airflow/example_dags/example_kubernetes_executor.py for tasks to queue
[2022-04-05 05:43:20,814] {logging_mixin.py:109} INFO - [2022-04-05 05:43:20,814] {dagbag.py:500} INFO - Filling up the DagBag from /home/lowenhard/acceleration/env/lib/python3.8/site-packages/airflow/example_dags/example_kubernetes_executor.py
[2022-04-05 05:43:20,822] {logging_mixin.py:109} INFO - [2022-04-05 05:43:20,822] {example_kubernetes_executor.py:39} WARNING - The example_kubernetes_executor example DAG requires the kubernetes provider. Please install it with: pip install apache-airflow[cncf.kubernetes]
[2022-04-05 05:43:20,828] {processor.py:656} WARNING - No viable dags retrieved from /home/lowenhard/acceleration/env/lib/python3.8/site-packages/airflow/example_dags/example_kubernetes_executor.py
[2022-04-05 05:43:20,830] {processor.py:171} INFO - Processing /home/lowenhard/acceleration/env/lib/python3.8/site-packages/airflow/example_dags/example_kubernetes_executor.py took 0.022 seconds
[2022-04-05 05:44:40,604] {processor.py:163} INFO - Started process (PID=1388) to work on /home/lowenhard/acceleration/env/lib/python3.8/site-packages/airflow/example_dags/example_kubernetes_executor.py
[2022-04-05 05:44:40,624] {processor.py:642} INFO - Processing file /home/lowenhard/acceleration/env/lib/python3.8/site-packages/airflow/example_dags/example_kubernetes_executor.py for tasks to queue
[2022-04-05 05:44:40,624] {logging_mixin.py:109} INFO - [2022-04-05 05:44:40,624] {dagbag.py:500} INFO - Filling up the DagBag from /home/lowenhard/acceleration/env/lib/python3.8/site-packages/airflow/example_dags/example_kubernetes_executor.py
[2022-04-05 05:44:40,633] {logging_mixin.py:109} INFO - [2022-04-05 05:44:40,633] {example_kubernetes_executor.py:39} WARNING - The example_kubernetes_executor example DAG requires the kubernetes provider. Please install it with: pip install apache-airflow[cncf.kubernetes]
[2022-04-05 05:44:40,639] {processor.py:656} WARNING - No viable dags retrieved from /home/lowenhard/acceleration/env/lib/python3.8/site-packages/airflow/example_dags/example_kubernetes_executor.py
[2022-04-05 05:44:40,641] {processor.py:171} INFO - Processing /home/lowenhard/acceleration/env/lib/python3.8/site-packages/airflow/example_dags/example_kubernetes_executor.py took 0.041 seconds
[2022-04-05 05:45:51,655] {processor.py:163} INFO - Started process (PID=1449) to work on /home/lowenhard/acceleration/env/lib/python3.8/site-packages/airflow/example_dags/example_kubernetes_executor.py
[2022-04-05 05:45:51,657] {processor.py:642} INFO - Processing file /home/lowenhard/acceleration/env/lib/python3.8/site-packages/airflow/example_dags/example_kubernetes_executor.py for tasks to queue
[2022-04-05 05:45:51,658] {logging_mixin.py:109} INFO - [2022-04-05 05:45:51,658] {dagbag.py:500} INFO - Filling up the DagBag from /home/lowenhard/acceleration/env/lib/python3.8/site-packages/airflow/example_dags/example_kubernetes_executor.py
[2022-04-05 05:45:51,665] {logging_mixin.py:109} INFO - [2022-04-05 05:45:51,665] {example_kubernetes_executor.py:39} WARNING - The example_kubernetes_executor example DAG requires the kubernetes provider. Please install it with: pip install apache-airflow[cncf.kubernetes]
[2022-04-05 05:45:51,673] {processor.py:656} WARNING - No viable dags retrieved from /home/lowenhard/acceleration/env/lib/python3.8/site-packages/airflow/example_dags/example_kubernetes_executor.py
[2022-04-05 05:45:51,675] {processor.py:171} INFO - Processing /home/lowenhard/acceleration/env/lib/python3.8/site-packages/airflow/example_dags/example_kubernetes_executor.py took 0.022 seconds
[2022-04-05 05:47:03,356] {processor.py:163} INFO - Started process (PID=1517) to work on /home/lowenhard/acceleration/env/lib/python3.8/site-packages/airflow/example_dags/example_kubernetes_executor.py
[2022-04-05 05:47:03,381] {processor.py:642} INFO - Processing file /home/lowenhard/acceleration/env/lib/python3.8/site-packages/airflow/example_dags/example_kubernetes_executor.py for tasks to queue
[2022-04-05 05:47:03,382] {logging_mixin.py:109} INFO - [2022-04-05 05:47:03,382] {dagbag.py:500} INFO - Filling up the DagBag from /home/lowenhard/acceleration/env/lib/python3.8/site-packages/airflow/example_dags/example_kubernetes_executor.py
[2022-04-05 05:47:03,392] {logging_mixin.py:109} INFO - [2022-04-05 05:47:03,391] {example_kubernetes_executor.py:39} WARNING - The example_kubernetes_executor example DAG requires the kubernetes provider. Please install it with: pip install apache-airflow[cncf.kubernetes]
[2022-04-05 05:47:03,401] {processor.py:656} WARNING - No viable dags retrieved from /home/lowenhard/acceleration/env/lib/python3.8/site-packages/airflow/example_dags/example_kubernetes_executor.py
[2022-04-05 05:47:03,403] {processor.py:171} INFO - Processing /home/lowenhard/acceleration/env/lib/python3.8/site-packages/airflow/example_dags/example_kubernetes_executor.py took 0.049 seconds
[2022-04-05 05:48:27,866] {processor.py:163} INFO - Started process (PID=1583) to work on /home/lowenhard/acceleration/env/lib/python3.8/site-packages/airflow/example_dags/example_kubernetes_executor.py
[2022-04-05 05:48:28,163] {processor.py:642} INFO - Processing file /home/lowenhard/acceleration/env/lib/python3.8/site-packages/airflow/example_dags/example_kubernetes_executor.py for tasks to queue
[2022-04-05 05:48:28,164] {logging_mixin.py:109} INFO - [2022-04-05 05:48:28,163] {dagbag.py:500} INFO - Filling up the DagBag from /home/lowenhard/acceleration/env/lib/python3.8/site-packages/airflow/example_dags/example_kubernetes_executor.py
[2022-04-05 05:48:28,174] {logging_mixin.py:109} INFO - [2022-04-05 05:48:28,174] {example_kubernetes_executor.py:39} WARNING - The example_kubernetes_executor example DAG requires the kubernetes provider. Please install it with: pip install apache-airflow[cncf.kubernetes]
[2022-04-05 05:48:28,181] {processor.py:656} WARNING - No viable dags retrieved from /home/lowenhard/acceleration/env/lib/python3.8/site-packages/airflow/example_dags/example_kubernetes_executor.py
[2022-04-05 05:48:28,183] {processor.py:171} INFO - Processing /home/lowenhard/acceleration/env/lib/python3.8/site-packages/airflow/example_dags/example_kubernetes_executor.py took 0.319 seconds
[2022-04-05 05:49:37,809] {processor.py:163} INFO - Started process (PID=1645) to work on /home/lowenhard/acceleration/env/lib/python3.8/site-packages/airflow/example_dags/example_kubernetes_executor.py
[2022-04-05 05:49:37,825] {processor.py:642} INFO - Processing file /home/lowenhard/acceleration/env/lib/python3.8/site-packages/airflow/example_dags/example_kubernetes_executor.py for tasks to queue
[2022-04-05 05:49:37,825] {logging_mixin.py:109} INFO - [2022-04-05 05:49:37,825] {dagbag.py:500} INFO - Filling up the DagBag from /home/lowenhard/acceleration/env/lib/python3.8/site-packages/airflow/example_dags/example_kubernetes_executor.py
[2022-04-05 05:49:37,834] {logging_mixin.py:109} INFO - [2022-04-05 05:49:37,833] {example_kubernetes_executor.py:39} WARNING - The example_kubernetes_executor example DAG requires the kubernetes provider. Please install it with: pip install apache-airflow[cncf.kubernetes]
[2022-04-05 05:49:37,840] {processor.py:656} WARNING - No viable dags retrieved from /home/lowenhard/acceleration/env/lib/python3.8/site-packages/airflow/example_dags/example_kubernetes_executor.py
[2022-04-05 05:49:37,842] {processor.py:171} INFO - Processing /home/lowenhard/acceleration/env/lib/python3.8/site-packages/airflow/example_dags/example_kubernetes_executor.py took 0.035 seconds
[2022-04-05 05:51:56,562] {processor.py:163} INFO - Started process (PID=1787) to work on /home/lowenhard/acceleration/env/lib/python3.8/site-packages/airflow/example_dags/example_kubernetes_executor.py
[2022-04-05 05:51:56,568] {processor.py:642} INFO - Processing file /home/lowenhard/acceleration/env/lib/python3.8/site-packages/airflow/example_dags/example_kubernetes_executor.py for tasks to queue
[2022-04-05 05:51:56,569] {logging_mixin.py:109} INFO - [2022-04-05 05:51:56,569] {dagbag.py:500} INFO - Filling up the DagBag from /home/lowenhard/acceleration/env/lib/python3.8/site-packages/airflow/example_dags/example_kubernetes_executor.py
[2022-04-05 05:51:56,577] {logging_mixin.py:109} INFO - [2022-04-05 05:51:56,577] {example_kubernetes_executor.py:39} WARNING - The example_kubernetes_executor example DAG requires the kubernetes provider. Please install it with: pip install apache-airflow[cncf.kubernetes]
[2022-04-05 05:51:56,584] {processor.py:656} WARNING - No viable dags retrieved from /home/lowenhard/acceleration/env/lib/python3.8/site-packages/airflow/example_dags/example_kubernetes_executor.py
[2022-04-05 05:51:56,587] {processor.py:171} INFO - Processing /home/lowenhard/acceleration/env/lib/python3.8/site-packages/airflow/example_dags/example_kubernetes_executor.py took 0.028 seconds
[2022-04-05 05:54:04,498] {processor.py:163} INFO - Started process (PID=1901) to work on /home/lowenhard/acceleration/env/lib/python3.8/site-packages/airflow/example_dags/example_kubernetes_executor.py
[2022-04-05 05:54:04,509] {processor.py:642} INFO - Processing file /home/lowenhard/acceleration/env/lib/python3.8/site-packages/airflow/example_dags/example_kubernetes_executor.py for tasks to queue
[2022-04-05 05:54:04,510] {logging_mixin.py:109} INFO - [2022-04-05 05:54:04,510] {dagbag.py:500} INFO - Filling up the DagBag from /home/lowenhard/acceleration/env/lib/python3.8/site-packages/airflow/example_dags/example_kubernetes_executor.py
[2022-04-05 05:54:04,518] {logging_mixin.py:109} INFO - [2022-04-05 05:54:04,518] {example_kubernetes_executor.py:39} WARNING - The example_kubernetes_executor example DAG requires the kubernetes provider. Please install it with: pip install apache-airflow[cncf.kubernetes]
[2022-04-05 05:54:04,524] {processor.py:656} WARNING - No viable dags retrieved from /home/lowenhard/acceleration/env/lib/python3.8/site-packages/airflow/example_dags/example_kubernetes_executor.py
[2022-04-05 05:54:04,526] {processor.py:171} INFO - Processing /home/lowenhard/acceleration/env/lib/python3.8/site-packages/airflow/example_dags/example_kubernetes_executor.py took 0.030 seconds
[2022-04-05 05:55:14,222] {processor.py:163} INFO - Started process (PID=1958) to work on /home/lowenhard/acceleration/env/lib/python3.8/site-packages/airflow/example_dags/example_kubernetes_executor.py
[2022-04-05 05:55:14,223] {processor.py:642} INFO - Processing file /home/lowenhard/acceleration/env/lib/python3.8/site-packages/airflow/example_dags/example_kubernetes_executor.py for tasks to queue
[2022-04-05 05:55:14,224] {logging_mixin.py:109} INFO - [2022-04-05 05:55:14,224] {dagbag.py:500} INFO - Filling up the DagBag from /home/lowenhard/acceleration/env/lib/python3.8/site-packages/airflow/example_dags/example_kubernetes_executor.py
[2022-04-05 05:55:14,231] {logging_mixin.py:109} INFO - [2022-04-05 05:55:14,231] {example_kubernetes_executor.py:39} WARNING - The example_kubernetes_executor example DAG requires the kubernetes provider. Please install it with: pip install apache-airflow[cncf.kubernetes]
[2022-04-05 05:55:14,237] {processor.py:656} WARNING - No viable dags retrieved from /home/lowenhard/acceleration/env/lib/python3.8/site-packages/airflow/example_dags/example_kubernetes_executor.py
[2022-04-05 05:55:14,240] {processor.py:171} INFO - Processing /home/lowenhard/acceleration/env/lib/python3.8/site-packages/airflow/example_dags/example_kubernetes_executor.py took 0.020 seconds
[2022-04-05 05:56:23,791] {processor.py:163} INFO - Started process (PID=2015) to work on /home/lowenhard/acceleration/env/lib/python3.8/site-packages/airflow/example_dags/example_kubernetes_executor.py
[2022-04-05 05:56:23,793] {processor.py:642} INFO - Processing file /home/lowenhard/acceleration/env/lib/python3.8/site-packages/airflow/example_dags/example_kubernetes_executor.py for tasks to queue
[2022-04-05 05:56:23,794] {logging_mixin.py:109} INFO - [2022-04-05 05:56:23,794] {dagbag.py:500} INFO - Filling up the DagBag from /home/lowenhard/acceleration/env/lib/python3.8/site-packages/airflow/example_dags/example_kubernetes_executor.py
[2022-04-05 05:56:23,801] {logging_mixin.py:109} INFO - [2022-04-05 05:56:23,801] {example_kubernetes_executor.py:39} WARNING - The example_kubernetes_executor example DAG requires the kubernetes provider. Please install it with: pip install apache-airflow[cncf.kubernetes]
[2022-04-05 05:56:23,809] {processor.py:656} WARNING - No viable dags retrieved from /home/lowenhard/acceleration/env/lib/python3.8/site-packages/airflow/example_dags/example_kubernetes_executor.py
[2022-04-05 05:56:23,811] {processor.py:171} INFO - Processing /home/lowenhard/acceleration/env/lib/python3.8/site-packages/airflow/example_dags/example_kubernetes_executor.py took 0.022 seconds
[2022-04-05 05:57:33,359] {processor.py:163} INFO - Started process (PID=2077) to work on /home/lowenhard/acceleration/env/lib/python3.8/site-packages/airflow/example_dags/example_kubernetes_executor.py
[2022-04-05 05:57:33,387] {processor.py:642} INFO - Processing file /home/lowenhard/acceleration/env/lib/python3.8/site-packages/airflow/example_dags/example_kubernetes_executor.py for tasks to queue
[2022-04-05 05:57:33,387] {logging_mixin.py:109} INFO - [2022-04-05 05:57:33,387] {dagbag.py:500} INFO - Filling up the DagBag from /home/lowenhard/acceleration/env/lib/python3.8/site-packages/airflow/example_dags/example_kubernetes_executor.py
[2022-04-05 05:57:33,395] {logging_mixin.py:109} INFO - [2022-04-05 05:57:33,395] {example_kubernetes_executor.py:39} WARNING - The example_kubernetes_executor example DAG requires the kubernetes provider. Please install it with: pip install apache-airflow[cncf.kubernetes]
[2022-04-05 05:57:33,402] {processor.py:656} WARNING - No viable dags retrieved from /home/lowenhard/acceleration/env/lib/python3.8/site-packages/airflow/example_dags/example_kubernetes_executor.py
[2022-04-05 05:57:33,405] {processor.py:171} INFO - Processing /home/lowenhard/acceleration/env/lib/python3.8/site-packages/airflow/example_dags/example_kubernetes_executor.py took 0.049 seconds
