[2022-04-05 05:23:02,826] {processor.py:163} INFO - Started process (PID=382) to work on /home/lowenhard/acceleration/env/lib/python3.8/site-packages/airflow/example_dags/example_time_delta_sensor_async.py
[2022-04-05 05:23:02,828] {processor.py:642} INFO - Processing file /home/lowenhard/acceleration/env/lib/python3.8/site-packages/airflow/example_dags/example_time_delta_sensor_async.py for tasks to queue
[2022-04-05 05:23:02,828] {logging_mixin.py:109} INFO - [2022-04-05 05:23:02,828] {dagbag.py:500} INFO - Filling up the DagBag from /home/lowenhard/acceleration/env/lib/python3.8/site-packages/airflow/example_dags/example_time_delta_sensor_async.py
[2022-04-05 05:23:02,847] {processor.py:654} INFO - DAG(s) dict_keys(['example_time_delta_sensor_async']) retrieved from /home/lowenhard/acceleration/env/lib/python3.8/site-packages/airflow/example_dags/example_time_delta_sensor_async.py
[2022-04-05 05:23:02,855] {logging_mixin.py:109} INFO - [2022-04-05 05:23:02,855] {dag.py:2398} INFO - Sync 1 DAGs
[2022-04-05 05:23:02,866] {logging_mixin.py:109} INFO - [2022-04-05 05:23:02,866] {dag.py:2937} INFO - Setting next_dagrun for example_time_delta_sensor_async to None
[2022-04-05 05:23:04,656] {processor.py:171} INFO - Processing /home/lowenhard/acceleration/env/lib/python3.8/site-packages/airflow/example_dags/example_time_delta_sensor_async.py took 1.833 seconds
[2022-04-05 05:24:42,375] {processor.py:163} INFO - Started process (PID=451) to work on /home/lowenhard/acceleration/env/lib/python3.8/site-packages/airflow/example_dags/example_time_delta_sensor_async.py
[2022-04-05 05:24:42,385] {processor.py:642} INFO - Processing file /home/lowenhard/acceleration/env/lib/python3.8/site-packages/airflow/example_dags/example_time_delta_sensor_async.py for tasks to queue
[2022-04-05 05:24:42,386] {logging_mixin.py:109} INFO - [2022-04-05 05:24:42,386] {dagbag.py:500} INFO - Filling up the DagBag from /home/lowenhard/acceleration/env/lib/python3.8/site-packages/airflow/example_dags/example_time_delta_sensor_async.py
[2022-04-05 05:24:42,406] {processor.py:654} INFO - DAG(s) dict_keys(['example_time_delta_sensor_async']) retrieved from /home/lowenhard/acceleration/env/lib/python3.8/site-packages/airflow/example_dags/example_time_delta_sensor_async.py
[2022-04-05 05:24:42,414] {logging_mixin.py:109} INFO - [2022-04-05 05:24:42,414] {dag.py:2398} INFO - Sync 1 DAGs
[2022-04-05 05:24:42,426] {logging_mixin.py:109} INFO - [2022-04-05 05:24:42,426] {dag.py:2937} INFO - Setting next_dagrun for example_time_delta_sensor_async to None
[2022-04-05 05:24:42,566] {processor.py:171} INFO - Processing /home/lowenhard/acceleration/env/lib/python3.8/site-packages/airflow/example_dags/example_time_delta_sensor_async.py took 0.192 seconds
[2022-04-05 05:26:55,527] {processor.py:163} INFO - Started process (PID=557) to work on /home/lowenhard/acceleration/env/lib/python3.8/site-packages/airflow/example_dags/example_time_delta_sensor_async.py
[2022-04-05 05:26:55,538] {processor.py:642} INFO - Processing file /home/lowenhard/acceleration/env/lib/python3.8/site-packages/airflow/example_dags/example_time_delta_sensor_async.py for tasks to queue
[2022-04-05 05:26:55,538] {logging_mixin.py:109} INFO - [2022-04-05 05:26:55,538] {dagbag.py:500} INFO - Filling up the DagBag from /home/lowenhard/acceleration/env/lib/python3.8/site-packages/airflow/example_dags/example_time_delta_sensor_async.py
[2022-04-05 05:26:55,557] {processor.py:654} INFO - DAG(s) dict_keys(['example_time_delta_sensor_async']) retrieved from /home/lowenhard/acceleration/env/lib/python3.8/site-packages/airflow/example_dags/example_time_delta_sensor_async.py
[2022-04-05 05:26:55,565] {logging_mixin.py:109} INFO - [2022-04-05 05:26:55,565] {dag.py:2398} INFO - Sync 1 DAGs
[2022-04-05 05:26:55,576] {logging_mixin.py:109} INFO - [2022-04-05 05:26:55,576] {dag.py:2937} INFO - Setting next_dagrun for example_time_delta_sensor_async to None
[2022-04-05 05:26:56,323] {processor.py:171} INFO - Processing /home/lowenhard/acceleration/env/lib/python3.8/site-packages/airflow/example_dags/example_time_delta_sensor_async.py took 0.798 seconds
[2022-04-05 05:29:03,803] {processor.py:163} INFO - Started process (PID=664) to work on /home/lowenhard/acceleration/env/lib/python3.8/site-packages/airflow/example_dags/example_time_delta_sensor_async.py
[2022-04-05 05:29:03,811] {processor.py:642} INFO - Processing file /home/lowenhard/acceleration/env/lib/python3.8/site-packages/airflow/example_dags/example_time_delta_sensor_async.py for tasks to queue
[2022-04-05 05:29:03,812] {logging_mixin.py:109} INFO - [2022-04-05 05:29:03,812] {dagbag.py:500} INFO - Filling up the DagBag from /home/lowenhard/acceleration/env/lib/python3.8/site-packages/airflow/example_dags/example_time_delta_sensor_async.py
[2022-04-05 05:29:03,834] {processor.py:654} INFO - DAG(s) dict_keys(['example_time_delta_sensor_async']) retrieved from /home/lowenhard/acceleration/env/lib/python3.8/site-packages/airflow/example_dags/example_time_delta_sensor_async.py
[2022-04-05 05:29:03,845] {logging_mixin.py:109} INFO - [2022-04-05 05:29:03,845] {dag.py:2398} INFO - Sync 1 DAGs
[2022-04-05 05:29:03,859] {logging_mixin.py:109} INFO - [2022-04-05 05:29:03,859] {dag.py:2937} INFO - Setting next_dagrun for example_time_delta_sensor_async to None
[2022-04-05 05:29:04,336] {processor.py:171} INFO - Processing /home/lowenhard/acceleration/env/lib/python3.8/site-packages/airflow/example_dags/example_time_delta_sensor_async.py took 0.536 seconds
[2022-04-05 05:31:14,555] {processor.py:163} INFO - Started process (PID=771) to work on /home/lowenhard/acceleration/env/lib/python3.8/site-packages/airflow/example_dags/example_time_delta_sensor_async.py
[2022-04-05 05:31:15,143] {processor.py:642} INFO - Processing file /home/lowenhard/acceleration/env/lib/python3.8/site-packages/airflow/example_dags/example_time_delta_sensor_async.py for tasks to queue
[2022-04-05 05:31:15,143] {logging_mixin.py:109} INFO - [2022-04-05 05:31:15,143] {dagbag.py:500} INFO - Filling up the DagBag from /home/lowenhard/acceleration/env/lib/python3.8/site-packages/airflow/example_dags/example_time_delta_sensor_async.py
[2022-04-05 05:31:15,165] {processor.py:654} INFO - DAG(s) dict_keys(['example_time_delta_sensor_async']) retrieved from /home/lowenhard/acceleration/env/lib/python3.8/site-packages/airflow/example_dags/example_time_delta_sensor_async.py
[2022-04-05 05:31:15,175] {logging_mixin.py:109} INFO - [2022-04-05 05:31:15,175] {dag.py:2398} INFO - Sync 1 DAGs
[2022-04-05 05:31:15,188] {logging_mixin.py:109} INFO - [2022-04-05 05:31:15,188] {dag.py:2937} INFO - Setting next_dagrun for example_time_delta_sensor_async to None
[2022-04-05 05:31:15,418] {processor.py:171} INFO - Processing /home/lowenhard/acceleration/env/lib/python3.8/site-packages/airflow/example_dags/example_time_delta_sensor_async.py took 0.865 seconds
[2022-04-05 05:33:31,291] {processor.py:163} INFO - Started process (PID=881) to work on /home/lowenhard/acceleration/env/lib/python3.8/site-packages/airflow/example_dags/example_time_delta_sensor_async.py
[2022-04-05 05:33:31,319] {processor.py:642} INFO - Processing file /home/lowenhard/acceleration/env/lib/python3.8/site-packages/airflow/example_dags/example_time_delta_sensor_async.py for tasks to queue
[2022-04-05 05:33:31,320] {logging_mixin.py:109} INFO - [2022-04-05 05:33:31,320] {dagbag.py:500} INFO - Filling up the DagBag from /home/lowenhard/acceleration/env/lib/python3.8/site-packages/airflow/example_dags/example_time_delta_sensor_async.py
[2022-04-05 05:33:31,345] {processor.py:654} INFO - DAG(s) dict_keys(['example_time_delta_sensor_async']) retrieved from /home/lowenhard/acceleration/env/lib/python3.8/site-packages/airflow/example_dags/example_time_delta_sensor_async.py
[2022-04-05 05:33:31,354] {logging_mixin.py:109} INFO - [2022-04-05 05:33:31,354] {dag.py:2398} INFO - Sync 1 DAGs
[2022-04-05 05:33:31,365] {logging_mixin.py:109} INFO - [2022-04-05 05:33:31,365] {dag.py:2937} INFO - Setting next_dagrun for example_time_delta_sensor_async to None
[2022-04-05 05:33:31,893] {processor.py:171} INFO - Processing /home/lowenhard/acceleration/env/lib/python3.8/site-packages/airflow/example_dags/example_time_delta_sensor_async.py took 0.604 seconds
[2022-04-05 05:35:39,110] {processor.py:163} INFO - Started process (PID=990) to work on /home/lowenhard/acceleration/env/lib/python3.8/site-packages/airflow/example_dags/example_time_delta_sensor_async.py
[2022-04-05 05:35:39,219] {processor.py:642} INFO - Processing file /home/lowenhard/acceleration/env/lib/python3.8/site-packages/airflow/example_dags/example_time_delta_sensor_async.py for tasks to queue
[2022-04-05 05:35:39,220] {logging_mixin.py:109} INFO - [2022-04-05 05:35:39,220] {dagbag.py:500} INFO - Filling up the DagBag from /home/lowenhard/acceleration/env/lib/python3.8/site-packages/airflow/example_dags/example_time_delta_sensor_async.py
[2022-04-05 05:35:39,975] {processor.py:654} INFO - DAG(s) dict_keys(['example_time_delta_sensor_async']) retrieved from /home/lowenhard/acceleration/env/lib/python3.8/site-packages/airflow/example_dags/example_time_delta_sensor_async.py
[2022-04-05 05:35:39,983] {logging_mixin.py:109} INFO - [2022-04-05 05:35:39,983] {dag.py:2398} INFO - Sync 1 DAGs
[2022-04-05 05:35:39,994] {logging_mixin.py:109} INFO - [2022-04-05 05:35:39,994] {dag.py:2937} INFO - Setting next_dagrun for example_time_delta_sensor_async to None
[2022-04-05 05:35:40,140] {processor.py:171} INFO - Processing /home/lowenhard/acceleration/env/lib/python3.8/site-packages/airflow/example_dags/example_time_delta_sensor_async.py took 1.033 seconds
[2022-04-05 05:38:18,731] {processor.py:163} INFO - Started process (PID=1106) to work on /home/lowenhard/acceleration/env/lib/python3.8/site-packages/airflow/example_dags/example_time_delta_sensor_async.py
[2022-04-05 05:38:18,739] {processor.py:642} INFO - Processing file /home/lowenhard/acceleration/env/lib/python3.8/site-packages/airflow/example_dags/example_time_delta_sensor_async.py for tasks to queue
[2022-04-05 05:38:18,740] {logging_mixin.py:109} INFO - [2022-04-05 05:38:18,740] {dagbag.py:500} INFO - Filling up the DagBag from /home/lowenhard/acceleration/env/lib/python3.8/site-packages/airflow/example_dags/example_time_delta_sensor_async.py
[2022-04-05 05:38:18,763] {processor.py:654} INFO - DAG(s) dict_keys(['example_time_delta_sensor_async']) retrieved from /home/lowenhard/acceleration/env/lib/python3.8/site-packages/airflow/example_dags/example_time_delta_sensor_async.py
[2022-04-05 05:38:18,772] {logging_mixin.py:109} INFO - [2022-04-05 05:38:18,772] {dag.py:2398} INFO - Sync 1 DAGs
[2022-04-05 05:38:18,783] {logging_mixin.py:109} INFO - [2022-04-05 05:38:18,783] {dag.py:2937} INFO - Setting next_dagrun for example_time_delta_sensor_async to None
[2022-04-05 05:38:18,928] {processor.py:171} INFO - Processing /home/lowenhard/acceleration/env/lib/python3.8/site-packages/airflow/example_dags/example_time_delta_sensor_async.py took 0.201 seconds
[2022-04-05 05:41:00,428] {processor.py:163} INFO - Started process (PID=1223) to work on /home/lowenhard/acceleration/env/lib/python3.8/site-packages/airflow/example_dags/example_time_delta_sensor_async.py
[2022-04-05 05:41:00,438] {processor.py:642} INFO - Processing file /home/lowenhard/acceleration/env/lib/python3.8/site-packages/airflow/example_dags/example_time_delta_sensor_async.py for tasks to queue
[2022-04-05 05:41:00,438] {logging_mixin.py:109} INFO - [2022-04-05 05:41:00,438] {dagbag.py:500} INFO - Filling up the DagBag from /home/lowenhard/acceleration/env/lib/python3.8/site-packages/airflow/example_dags/example_time_delta_sensor_async.py
[2022-04-05 05:41:00,457] {processor.py:654} INFO - DAG(s) dict_keys(['example_time_delta_sensor_async']) retrieved from /home/lowenhard/acceleration/env/lib/python3.8/site-packages/airflow/example_dags/example_time_delta_sensor_async.py
[2022-04-05 05:41:00,466] {logging_mixin.py:109} INFO - [2022-04-05 05:41:00,466] {dag.py:2398} INFO - Sync 1 DAGs
[2022-04-05 05:41:00,479] {logging_mixin.py:109} INFO - [2022-04-05 05:41:00,478] {dag.py:2937} INFO - Setting next_dagrun for example_time_delta_sensor_async to None
[2022-04-05 05:41:02,048] {processor.py:171} INFO - Processing /home/lowenhard/acceleration/env/lib/python3.8/site-packages/airflow/example_dags/example_time_delta_sensor_async.py took 1.622 seconds
[2022-04-05 05:43:49,140] {processor.py:163} INFO - Started process (PID=1343) to work on /home/lowenhard/acceleration/env/lib/python3.8/site-packages/airflow/example_dags/example_time_delta_sensor_async.py
[2022-04-05 05:43:49,143] {processor.py:642} INFO - Processing file /home/lowenhard/acceleration/env/lib/python3.8/site-packages/airflow/example_dags/example_time_delta_sensor_async.py for tasks to queue
[2022-04-05 05:43:49,143] {logging_mixin.py:109} INFO - [2022-04-05 05:43:49,143] {dagbag.py:500} INFO - Filling up the DagBag from /home/lowenhard/acceleration/env/lib/python3.8/site-packages/airflow/example_dags/example_time_delta_sensor_async.py
[2022-04-05 05:43:49,167] {processor.py:654} INFO - DAG(s) dict_keys(['example_time_delta_sensor_async']) retrieved from /home/lowenhard/acceleration/env/lib/python3.8/site-packages/airflow/example_dags/example_time_delta_sensor_async.py
[2022-04-05 05:43:49,176] {logging_mixin.py:109} INFO - [2022-04-05 05:43:49,175] {dag.py:2398} INFO - Sync 1 DAGs
[2022-04-05 05:43:49,189] {logging_mixin.py:109} INFO - [2022-04-05 05:43:49,189] {dag.py:2937} INFO - Setting next_dagrun for example_time_delta_sensor_async to None
[2022-04-05 05:43:50,688] {processor.py:171} INFO - Processing /home/lowenhard/acceleration/env/lib/python3.8/site-packages/airflow/example_dags/example_time_delta_sensor_async.py took 1.552 seconds
[2022-04-05 05:46:16,822] {processor.py:163} INFO - Started process (PID=1464) to work on /home/lowenhard/acceleration/env/lib/python3.8/site-packages/airflow/example_dags/example_time_delta_sensor_async.py
[2022-04-05 05:46:17,800] {processor.py:642} INFO - Processing file /home/lowenhard/acceleration/env/lib/python3.8/site-packages/airflow/example_dags/example_time_delta_sensor_async.py for tasks to queue
[2022-04-05 05:46:17,802] {logging_mixin.py:109} INFO - [2022-04-05 05:46:17,802] {dagbag.py:500} INFO - Filling up the DagBag from /home/lowenhard/acceleration/env/lib/python3.8/site-packages/airflow/example_dags/example_time_delta_sensor_async.py
[2022-04-05 05:46:17,825] {processor.py:654} INFO - DAG(s) dict_keys(['example_time_delta_sensor_async']) retrieved from /home/lowenhard/acceleration/env/lib/python3.8/site-packages/airflow/example_dags/example_time_delta_sensor_async.py
[2022-04-05 05:46:17,835] {logging_mixin.py:109} INFO - [2022-04-05 05:46:17,835] {dag.py:2398} INFO - Sync 1 DAGs
[2022-04-05 05:46:17,847] {logging_mixin.py:109} INFO - [2022-04-05 05:46:17,847] {dag.py:2937} INFO - Setting next_dagrun for example_time_delta_sensor_async to None
[2022-04-05 05:46:18,072] {processor.py:171} INFO - Processing /home/lowenhard/acceleration/env/lib/python3.8/site-packages/airflow/example_dags/example_time_delta_sensor_async.py took 1.252 seconds
[2022-04-05 05:48:49,786] {processor.py:163} INFO - Started process (PID=1597) to work on /home/lowenhard/acceleration/env/lib/python3.8/site-packages/airflow/example_dags/example_time_delta_sensor_async.py
[2022-04-05 05:48:49,831] {processor.py:642} INFO - Processing file /home/lowenhard/acceleration/env/lib/python3.8/site-packages/airflow/example_dags/example_time_delta_sensor_async.py for tasks to queue
[2022-04-05 05:48:49,832] {logging_mixin.py:109} INFO - [2022-04-05 05:48:49,832] {dagbag.py:500} INFO - Filling up the DagBag from /home/lowenhard/acceleration/env/lib/python3.8/site-packages/airflow/example_dags/example_time_delta_sensor_async.py
[2022-04-05 05:48:49,852] {processor.py:654} INFO - DAG(s) dict_keys(['example_time_delta_sensor_async']) retrieved from /home/lowenhard/acceleration/env/lib/python3.8/site-packages/airflow/example_dags/example_time_delta_sensor_async.py
[2022-04-05 05:48:49,860] {logging_mixin.py:109} INFO - [2022-04-05 05:48:49,860] {dag.py:2398} INFO - Sync 1 DAGs
[2022-04-05 05:48:49,871] {logging_mixin.py:109} INFO - [2022-04-05 05:48:49,871] {dag.py:2937} INFO - Setting next_dagrun for example_time_delta_sensor_async to None
[2022-04-05 05:48:51,258] {processor.py:171} INFO - Processing /home/lowenhard/acceleration/env/lib/python3.8/site-packages/airflow/example_dags/example_time_delta_sensor_async.py took 1.474 seconds
[2022-04-05 05:50:55,593] {processor.py:163} INFO - Started process (PID=1729) to work on /home/lowenhard/acceleration/env/lib/python3.8/site-packages/airflow/example_dags/example_time_delta_sensor_async.py
[2022-04-05 05:50:56,777] {processor.py:642} INFO - Processing file /home/lowenhard/acceleration/env/lib/python3.8/site-packages/airflow/example_dags/example_time_delta_sensor_async.py for tasks to queue
[2022-04-05 05:50:56,778] {logging_mixin.py:109} INFO - [2022-04-05 05:50:56,778] {dagbag.py:500} INFO - Filling up the DagBag from /home/lowenhard/acceleration/env/lib/python3.8/site-packages/airflow/example_dags/example_time_delta_sensor_async.py
[2022-04-05 05:50:56,831] {processor.py:654} INFO - DAG(s) dict_keys(['example_time_delta_sensor_async']) retrieved from /home/lowenhard/acceleration/env/lib/python3.8/site-packages/airflow/example_dags/example_time_delta_sensor_async.py
[2022-04-05 05:50:56,839] {logging_mixin.py:109} INFO - [2022-04-05 05:50:56,839] {dag.py:2398} INFO - Sync 1 DAGs
[2022-04-05 05:50:56,852] {logging_mixin.py:109} INFO - [2022-04-05 05:50:56,852] {dag.py:2937} INFO - Setting next_dagrun for example_time_delta_sensor_async to None
[2022-04-05 05:50:57,080] {processor.py:171} INFO - Processing /home/lowenhard/acceleration/env/lib/python3.8/site-packages/airflow/example_dags/example_time_delta_sensor_async.py took 1.490 seconds
[2022-04-05 05:53:18,889] {processor.py:163} INFO - Started process (PID=1851) to work on /home/lowenhard/acceleration/env/lib/python3.8/site-packages/airflow/example_dags/example_time_delta_sensor_async.py
[2022-04-05 05:53:18,896] {processor.py:642} INFO - Processing file /home/lowenhard/acceleration/env/lib/python3.8/site-packages/airflow/example_dags/example_time_delta_sensor_async.py for tasks to queue
[2022-04-05 05:53:18,897] {logging_mixin.py:109} INFO - [2022-04-05 05:53:18,897] {dagbag.py:500} INFO - Filling up the DagBag from /home/lowenhard/acceleration/env/lib/python3.8/site-packages/airflow/example_dags/example_time_delta_sensor_async.py
[2022-04-05 05:53:18,916] {processor.py:654} INFO - DAG(s) dict_keys(['example_time_delta_sensor_async']) retrieved from /home/lowenhard/acceleration/env/lib/python3.8/site-packages/airflow/example_dags/example_time_delta_sensor_async.py
[2022-04-05 05:53:18,924] {logging_mixin.py:109} INFO - [2022-04-05 05:53:18,924] {dag.py:2398} INFO - Sync 1 DAGs
[2022-04-05 05:53:18,935] {logging_mixin.py:109} INFO - [2022-04-05 05:53:18,935] {dag.py:2937} INFO - Setting next_dagrun for example_time_delta_sensor_async to None
[2022-04-05 05:53:20,470] {processor.py:171} INFO - Processing /home/lowenhard/acceleration/env/lib/python3.8/site-packages/airflow/example_dags/example_time_delta_sensor_async.py took 1.582 seconds
[2022-04-05 05:55:33,886] {processor.py:163} INFO - Started process (PID=1968) to work on /home/lowenhard/acceleration/env/lib/python3.8/site-packages/airflow/example_dags/example_time_delta_sensor_async.py
[2022-04-05 05:55:33,901] {processor.py:642} INFO - Processing file /home/lowenhard/acceleration/env/lib/python3.8/site-packages/airflow/example_dags/example_time_delta_sensor_async.py for tasks to queue
[2022-04-05 05:55:33,901] {logging_mixin.py:109} INFO - [2022-04-05 05:55:33,901] {dagbag.py:500} INFO - Filling up the DagBag from /home/lowenhard/acceleration/env/lib/python3.8/site-packages/airflow/example_dags/example_time_delta_sensor_async.py
[2022-04-05 05:55:33,920] {processor.py:654} INFO - DAG(s) dict_keys(['example_time_delta_sensor_async']) retrieved from /home/lowenhard/acceleration/env/lib/python3.8/site-packages/airflow/example_dags/example_time_delta_sensor_async.py
[2022-04-05 05:55:33,928] {logging_mixin.py:109} INFO - [2022-04-05 05:55:33,928] {dag.py:2398} INFO - Sync 1 DAGs
[2022-04-05 05:55:33,939] {logging_mixin.py:109} INFO - [2022-04-05 05:55:33,939] {dag.py:2937} INFO - Setting next_dagrun for example_time_delta_sensor_async to None
[2022-04-05 05:55:35,573] {processor.py:171} INFO - Processing /home/lowenhard/acceleration/env/lib/python3.8/site-packages/airflow/example_dags/example_time_delta_sensor_async.py took 1.690 seconds
[2022-04-05 05:57:49,881] {processor.py:163} INFO - Started process (PID=2086) to work on /home/lowenhard/acceleration/env/lib/python3.8/site-packages/airflow/example_dags/example_time_delta_sensor_async.py
[2022-04-05 05:57:49,909] {processor.py:642} INFO - Processing file /home/lowenhard/acceleration/env/lib/python3.8/site-packages/airflow/example_dags/example_time_delta_sensor_async.py for tasks to queue
[2022-04-05 05:57:49,910] {logging_mixin.py:109} INFO - [2022-04-05 05:57:49,910] {dagbag.py:500} INFO - Filling up the DagBag from /home/lowenhard/acceleration/env/lib/python3.8/site-packages/airflow/example_dags/example_time_delta_sensor_async.py
[2022-04-05 05:57:49,927] {processor.py:654} INFO - DAG(s) dict_keys(['example_time_delta_sensor_async']) retrieved from /home/lowenhard/acceleration/env/lib/python3.8/site-packages/airflow/example_dags/example_time_delta_sensor_async.py
[2022-04-05 05:57:49,935] {logging_mixin.py:109} INFO - [2022-04-05 05:57:49,935] {dag.py:2398} INFO - Sync 1 DAGs
[2022-04-05 05:57:49,947] {logging_mixin.py:109} INFO - [2022-04-05 05:57:49,946] {dag.py:2937} INFO - Setting next_dagrun for example_time_delta_sensor_async to None
[2022-04-05 05:57:50,958] {processor.py:171} INFO - Processing /home/lowenhard/acceleration/env/lib/python3.8/site-packages/airflow/example_dags/example_time_delta_sensor_async.py took 1.079 seconds
