[2022-04-05 05:22:32,184] {processor.py:163} INFO - Started process (PID=368) to work on /home/lowenhard/acceleration/env/lib/python3.8/site-packages/airflow/example_dags/example_xcom.py
[2022-04-05 05:22:32,184] {processor.py:642} INFO - Processing file /home/lowenhard/acceleration/env/lib/python3.8/site-packages/airflow/example_dags/example_xcom.py for tasks to queue
[2022-04-05 05:22:32,185] {logging_mixin.py:109} INFO - [2022-04-05 05:22:32,185] {dagbag.py:500} INFO - Filling up the DagBag from /home/lowenhard/acceleration/env/lib/python3.8/site-packages/airflow/example_dags/example_xcom.py
[2022-04-05 05:22:32,208] {processor.py:654} INFO - DAG(s) dict_keys(['example_xcom']) retrieved from /home/lowenhard/acceleration/env/lib/python3.8/site-packages/airflow/example_dags/example_xcom.py
[2022-04-05 05:22:32,386] {logging_mixin.py:109} INFO - [2022-04-05 05:22:32,386] {dag.py:2398} INFO - Sync 1 DAGs
[2022-04-05 05:22:32,396] {logging_mixin.py:109} INFO - [2022-04-05 05:22:32,396] {dag.py:2937} INFO - Setting next_dagrun for example_xcom to 2021-01-01T00:00:00+00:00
[2022-04-05 05:22:34,247] {processor.py:171} INFO - Processing /home/lowenhard/acceleration/env/lib/python3.8/site-packages/airflow/example_dags/example_xcom.py took 2.067 seconds
[2022-04-05 05:24:13,224] {processor.py:163} INFO - Started process (PID=437) to work on /home/lowenhard/acceleration/env/lib/python3.8/site-packages/airflow/example_dags/example_xcom.py
[2022-04-05 05:24:13,227] {processor.py:642} INFO - Processing file /home/lowenhard/acceleration/env/lib/python3.8/site-packages/airflow/example_dags/example_xcom.py for tasks to queue
[2022-04-05 05:24:13,228] {logging_mixin.py:109} INFO - [2022-04-05 05:24:13,228] {dagbag.py:500} INFO - Filling up the DagBag from /home/lowenhard/acceleration/env/lib/python3.8/site-packages/airflow/example_dags/example_xcom.py
[2022-04-05 05:24:13,251] {processor.py:654} INFO - DAG(s) dict_keys(['example_xcom']) retrieved from /home/lowenhard/acceleration/env/lib/python3.8/site-packages/airflow/example_dags/example_xcom.py
[2022-04-05 05:24:13,432] {logging_mixin.py:109} INFO - [2022-04-05 05:24:13,432] {dag.py:2398} INFO - Sync 1 DAGs
[2022-04-05 05:24:13,504] {logging_mixin.py:109} INFO - [2022-04-05 05:24:13,504] {dag.py:2937} INFO - Setting next_dagrun for example_xcom to 2021-01-01T00:00:00+00:00
[2022-04-05 05:24:14,866] {processor.py:171} INFO - Processing /home/lowenhard/acceleration/env/lib/python3.8/site-packages/airflow/example_dags/example_xcom.py took 1.645 seconds
[2022-04-05 05:26:28,254] {processor.py:163} INFO - Started process (PID=543) to work on /home/lowenhard/acceleration/env/lib/python3.8/site-packages/airflow/example_dags/example_xcom.py
[2022-04-05 05:26:28,466] {processor.py:642} INFO - Processing file /home/lowenhard/acceleration/env/lib/python3.8/site-packages/airflow/example_dags/example_xcom.py for tasks to queue
[2022-04-05 05:26:28,466] {logging_mixin.py:109} INFO - [2022-04-05 05:26:28,466] {dagbag.py:500} INFO - Filling up the DagBag from /home/lowenhard/acceleration/env/lib/python3.8/site-packages/airflow/example_dags/example_xcom.py
[2022-04-05 05:26:28,493] {processor.py:654} INFO - DAG(s) dict_keys(['example_xcom']) retrieved from /home/lowenhard/acceleration/env/lib/python3.8/site-packages/airflow/example_dags/example_xcom.py
[2022-04-05 05:26:28,688] {logging_mixin.py:109} INFO - [2022-04-05 05:26:28,688] {dag.py:2398} INFO - Sync 1 DAGs
[2022-04-05 05:26:28,760] {logging_mixin.py:109} INFO - [2022-04-05 05:26:28,760] {dag.py:2937} INFO - Setting next_dagrun for example_xcom to 2021-01-01T00:00:00+00:00
[2022-04-05 05:26:29,672] {processor.py:171} INFO - Processing /home/lowenhard/acceleration/env/lib/python3.8/site-packages/airflow/example_dags/example_xcom.py took 1.421 seconds
[2022-04-05 05:28:36,897] {processor.py:163} INFO - Started process (PID=650) to work on /home/lowenhard/acceleration/env/lib/python3.8/site-packages/airflow/example_dags/example_xcom.py
[2022-04-05 05:28:37,517] {processor.py:642} INFO - Processing file /home/lowenhard/acceleration/env/lib/python3.8/site-packages/airflow/example_dags/example_xcom.py for tasks to queue
[2022-04-05 05:28:37,519] {logging_mixin.py:109} INFO - [2022-04-05 05:28:37,518] {dagbag.py:500} INFO - Filling up the DagBag from /home/lowenhard/acceleration/env/lib/python3.8/site-packages/airflow/example_dags/example_xcom.py
[2022-04-05 05:28:37,546] {processor.py:654} INFO - DAG(s) dict_keys(['example_xcom']) retrieved from /home/lowenhard/acceleration/env/lib/python3.8/site-packages/airflow/example_dags/example_xcom.py
[2022-04-05 05:28:37,889] {logging_mixin.py:109} INFO - [2022-04-05 05:28:37,889] {dag.py:2398} INFO - Sync 1 DAGs
[2022-04-05 05:28:37,902] {logging_mixin.py:109} INFO - [2022-04-05 05:28:37,902] {dag.py:2937} INFO - Setting next_dagrun for example_xcom to 2021-01-01T00:00:00+00:00
[2022-04-05 05:28:39,107] {processor.py:171} INFO - Processing /home/lowenhard/acceleration/env/lib/python3.8/site-packages/airflow/example_dags/example_xcom.py took 2.212 seconds
[2022-04-05 05:30:46,150] {processor.py:163} INFO - Started process (PID=757) to work on /home/lowenhard/acceleration/env/lib/python3.8/site-packages/airflow/example_dags/example_xcom.py
[2022-04-05 05:30:46,164] {processor.py:642} INFO - Processing file /home/lowenhard/acceleration/env/lib/python3.8/site-packages/airflow/example_dags/example_xcom.py for tasks to queue
[2022-04-05 05:30:46,165] {logging_mixin.py:109} INFO - [2022-04-05 05:30:46,165] {dagbag.py:500} INFO - Filling up the DagBag from /home/lowenhard/acceleration/env/lib/python3.8/site-packages/airflow/example_dags/example_xcom.py
[2022-04-05 05:30:46,190] {processor.py:654} INFO - DAG(s) dict_keys(['example_xcom']) retrieved from /home/lowenhard/acceleration/env/lib/python3.8/site-packages/airflow/example_dags/example_xcom.py
[2022-04-05 05:30:46,420] {logging_mixin.py:109} INFO - [2022-04-05 05:30:46,420] {dag.py:2398} INFO - Sync 1 DAGs
[2022-04-05 05:30:46,428] {logging_mixin.py:109} INFO - [2022-04-05 05:30:46,428] {dag.py:2937} INFO - Setting next_dagrun for example_xcom to 2021-01-01T00:00:00+00:00
[2022-04-05 05:30:47,577] {processor.py:171} INFO - Processing /home/lowenhard/acceleration/env/lib/python3.8/site-packages/airflow/example_dags/example_xcom.py took 1.430 seconds
[2022-04-05 05:31:56,481] {processor.py:163} INFO - Started process (PID=813) to work on /home/lowenhard/acceleration/env/lib/python3.8/site-packages/airflow/example_dags/example_xcom.py
[2022-04-05 05:31:57,302] {processor.py:642} INFO - Processing file /home/lowenhard/acceleration/env/lib/python3.8/site-packages/airflow/example_dags/example_xcom.py for tasks to queue
[2022-04-05 05:31:57,303] {logging_mixin.py:109} INFO - [2022-04-05 05:31:57,303] {dagbag.py:500} INFO - Filling up the DagBag from /home/lowenhard/acceleration/env/lib/python3.8/site-packages/airflow/example_dags/example_xcom.py
[2022-04-05 05:31:57,328] {processor.py:654} INFO - DAG(s) dict_keys(['example_xcom']) retrieved from /home/lowenhard/acceleration/env/lib/python3.8/site-packages/airflow/example_dags/example_xcom.py
[2022-04-05 05:31:57,577] {logging_mixin.py:109} INFO - [2022-04-05 05:31:57,577] {dag.py:2398} INFO - Sync 1 DAGs
[2022-04-05 05:31:57,585] {logging_mixin.py:109} INFO - [2022-04-05 05:31:57,585] {dag.py:2937} INFO - Setting next_dagrun for example_xcom to 2021-01-01T00:00:00+00:00
[2022-04-05 05:31:57,759] {processor.py:171} INFO - Processing /home/lowenhard/acceleration/env/lib/python3.8/site-packages/airflow/example_dags/example_xcom.py took 1.280 seconds
[2022-04-05 05:33:04,724] {processor.py:163} INFO - Started process (PID=868) to work on /home/lowenhard/acceleration/env/lib/python3.8/site-packages/airflow/example_dags/example_xcom.py
[2022-04-05 05:33:05,234] {processor.py:642} INFO - Processing file /home/lowenhard/acceleration/env/lib/python3.8/site-packages/airflow/example_dags/example_xcom.py for tasks to queue
[2022-04-05 05:33:05,235] {logging_mixin.py:109} INFO - [2022-04-05 05:33:05,235] {dagbag.py:500} INFO - Filling up the DagBag from /home/lowenhard/acceleration/env/lib/python3.8/site-packages/airflow/example_dags/example_xcom.py
[2022-04-05 05:33:05,443] {processor.py:654} INFO - DAG(s) dict_keys(['example_xcom']) retrieved from /home/lowenhard/acceleration/env/lib/python3.8/site-packages/airflow/example_dags/example_xcom.py
[2022-04-05 05:33:05,698] {logging_mixin.py:109} INFO - [2022-04-05 05:33:05,698] {dag.py:2398} INFO - Sync 1 DAGs
[2022-04-05 05:33:05,707] {logging_mixin.py:109} INFO - [2022-04-05 05:33:05,707] {dag.py:2937} INFO - Setting next_dagrun for example_xcom to 2021-01-01T00:00:00+00:00
[2022-04-05 05:33:05,859] {processor.py:171} INFO - Processing /home/lowenhard/acceleration/env/lib/python3.8/site-packages/airflow/example_dags/example_xcom.py took 1.137 seconds
[2022-04-05 05:35:11,361] {processor.py:163} INFO - Started process (PID=977) to work on /home/lowenhard/acceleration/env/lib/python3.8/site-packages/airflow/example_dags/example_xcom.py
[2022-04-05 05:35:11,538] {processor.py:642} INFO - Processing file /home/lowenhard/acceleration/env/lib/python3.8/site-packages/airflow/example_dags/example_xcom.py for tasks to queue
[2022-04-05 05:35:11,540] {logging_mixin.py:109} INFO - [2022-04-05 05:35:11,539] {dagbag.py:500} INFO - Filling up the DagBag from /home/lowenhard/acceleration/env/lib/python3.8/site-packages/airflow/example_dags/example_xcom.py
[2022-04-05 05:35:11,568] {processor.py:654} INFO - DAG(s) dict_keys(['example_xcom']) retrieved from /home/lowenhard/acceleration/env/lib/python3.8/site-packages/airflow/example_dags/example_xcom.py
[2022-04-05 05:35:11,815] {logging_mixin.py:109} INFO - [2022-04-05 05:35:11,815] {dag.py:2398} INFO - Sync 1 DAGs
[2022-04-05 05:35:11,823] {logging_mixin.py:109} INFO - [2022-04-05 05:35:11,823] {dag.py:2937} INFO - Setting next_dagrun for example_xcom to 2021-01-01T00:00:00+00:00
[2022-04-05 05:35:13,484] {processor.py:171} INFO - Processing /home/lowenhard/acceleration/env/lib/python3.8/site-packages/airflow/example_dags/example_xcom.py took 2.125 seconds
[2022-04-05 05:36:39,420] {processor.py:163} INFO - Started process (PID=1037) to work on /home/lowenhard/acceleration/env/lib/python3.8/site-packages/airflow/example_dags/example_xcom.py
[2022-04-05 05:36:39,423] {processor.py:642} INFO - Processing file /home/lowenhard/acceleration/env/lib/python3.8/site-packages/airflow/example_dags/example_xcom.py for tasks to queue
[2022-04-05 05:36:39,424] {logging_mixin.py:109} INFO - [2022-04-05 05:36:39,424] {dagbag.py:500} INFO - Filling up the DagBag from /home/lowenhard/acceleration/env/lib/python3.8/site-packages/airflow/example_dags/example_xcom.py
[2022-04-05 05:36:39,453] {processor.py:654} INFO - DAG(s) dict_keys(['example_xcom']) retrieved from /home/lowenhard/acceleration/env/lib/python3.8/site-packages/airflow/example_dags/example_xcom.py
[2022-04-05 05:36:39,720] {logging_mixin.py:109} INFO - [2022-04-05 05:36:39,720] {dag.py:2398} INFO - Sync 1 DAGs
[2022-04-05 05:36:39,730] {logging_mixin.py:109} INFO - [2022-04-05 05:36:39,730] {dag.py:2937} INFO - Setting next_dagrun for example_xcom to 2021-01-01T00:00:00+00:00
[2022-04-05 05:36:39,880] {processor.py:171} INFO - Processing /home/lowenhard/acceleration/env/lib/python3.8/site-packages/airflow/example_dags/example_xcom.py took 0.463 seconds
[2022-04-05 05:37:43,992] {processor.py:163} INFO - Started process (PID=1093) to work on /home/lowenhard/acceleration/env/lib/python3.8/site-packages/airflow/example_dags/example_xcom.py
[2022-04-05 05:37:44,383] {processor.py:642} INFO - Processing file /home/lowenhard/acceleration/env/lib/python3.8/site-packages/airflow/example_dags/example_xcom.py for tasks to queue
[2022-04-05 05:37:44,383] {logging_mixin.py:109} INFO - [2022-04-05 05:37:44,383] {dagbag.py:500} INFO - Filling up the DagBag from /home/lowenhard/acceleration/env/lib/python3.8/site-packages/airflow/example_dags/example_xcom.py
[2022-04-05 05:37:44,410] {processor.py:654} INFO - DAG(s) dict_keys(['example_xcom']) retrieved from /home/lowenhard/acceleration/env/lib/python3.8/site-packages/airflow/example_dags/example_xcom.py
[2022-04-05 05:37:44,659] {logging_mixin.py:109} INFO - [2022-04-05 05:37:44,659] {dag.py:2398} INFO - Sync 1 DAGs
[2022-04-05 05:37:44,668] {logging_mixin.py:109} INFO - [2022-04-05 05:37:44,668] {dag.py:2937} INFO - Setting next_dagrun for example_xcom to 2021-01-01T00:00:00+00:00
[2022-04-05 05:37:46,064] {processor.py:171} INFO - Processing /home/lowenhard/acceleration/env/lib/python3.8/site-packages/airflow/example_dags/example_xcom.py took 2.076 seconds
[2022-04-05 05:39:03,536] {processor.py:163} INFO - Started process (PID=1147) to work on /home/lowenhard/acceleration/env/lib/python3.8/site-packages/airflow/example_dags/example_xcom.py
[2022-04-05 05:39:03,791] {processor.py:642} INFO - Processing file /home/lowenhard/acceleration/env/lib/python3.8/site-packages/airflow/example_dags/example_xcom.py for tasks to queue
[2022-04-05 05:39:03,792] {logging_mixin.py:109} INFO - [2022-04-05 05:39:03,792] {dagbag.py:500} INFO - Filling up the DagBag from /home/lowenhard/acceleration/env/lib/python3.8/site-packages/airflow/example_dags/example_xcom.py
[2022-04-05 05:39:03,818] {processor.py:654} INFO - DAG(s) dict_keys(['example_xcom']) retrieved from /home/lowenhard/acceleration/env/lib/python3.8/site-packages/airflow/example_dags/example_xcom.py
[2022-04-05 05:39:04,058] {logging_mixin.py:109} INFO - [2022-04-05 05:39:04,058] {dag.py:2398} INFO - Sync 1 DAGs
[2022-04-05 05:39:04,068] {logging_mixin.py:109} INFO - [2022-04-05 05:39:04,068] {dag.py:2937} INFO - Setting next_dagrun for example_xcom to 2021-01-01T00:00:00+00:00
[2022-04-05 05:39:04,303] {processor.py:171} INFO - Processing /home/lowenhard/acceleration/env/lib/python3.8/site-packages/airflow/example_dags/example_xcom.py took 0.769 seconds
[2022-04-05 05:40:22,589] {processor.py:163} INFO - Started process (PID=1206) to work on /home/lowenhard/acceleration/env/lib/python3.8/site-packages/airflow/example_dags/example_xcom.py
[2022-04-05 05:40:22,591] {processor.py:642} INFO - Processing file /home/lowenhard/acceleration/env/lib/python3.8/site-packages/airflow/example_dags/example_xcom.py for tasks to queue
[2022-04-05 05:40:22,592] {logging_mixin.py:109} INFO - [2022-04-05 05:40:22,592] {dagbag.py:500} INFO - Filling up the DagBag from /home/lowenhard/acceleration/env/lib/python3.8/site-packages/airflow/example_dags/example_xcom.py
[2022-04-05 05:40:22,619] {processor.py:654} INFO - DAG(s) dict_keys(['example_xcom']) retrieved from /home/lowenhard/acceleration/env/lib/python3.8/site-packages/airflow/example_dags/example_xcom.py
[2022-04-05 05:40:22,876] {logging_mixin.py:109} INFO - [2022-04-05 05:40:22,876] {dag.py:2398} INFO - Sync 1 DAGs
[2022-04-05 05:40:22,887] {logging_mixin.py:109} INFO - [2022-04-05 05:40:22,887] {dag.py:2937} INFO - Setting next_dagrun for example_xcom to 2021-01-01T00:00:00+00:00
[2022-04-05 05:40:23,933] {processor.py:171} INFO - Processing /home/lowenhard/acceleration/env/lib/python3.8/site-packages/airflow/example_dags/example_xcom.py took 1.347 seconds
[2022-04-05 05:41:46,602] {processor.py:163} INFO - Started process (PID=1264) to work on /home/lowenhard/acceleration/env/lib/python3.8/site-packages/airflow/example_dags/example_xcom.py
[2022-04-05 05:41:46,717] {processor.py:642} INFO - Processing file /home/lowenhard/acceleration/env/lib/python3.8/site-packages/airflow/example_dags/example_xcom.py for tasks to queue
[2022-04-05 05:41:46,718] {logging_mixin.py:109} INFO - [2022-04-05 05:41:46,717] {dagbag.py:500} INFO - Filling up the DagBag from /home/lowenhard/acceleration/env/lib/python3.8/site-packages/airflow/example_dags/example_xcom.py
[2022-04-05 05:41:46,748] {processor.py:654} INFO - DAG(s) dict_keys(['example_xcom']) retrieved from /home/lowenhard/acceleration/env/lib/python3.8/site-packages/airflow/example_dags/example_xcom.py
[2022-04-05 05:41:46,996] {logging_mixin.py:109} INFO - [2022-04-05 05:41:46,996] {dag.py:2398} INFO - Sync 1 DAGs
[2022-04-05 05:41:47,005] {logging_mixin.py:109} INFO - [2022-04-05 05:41:47,005] {dag.py:2937} INFO - Setting next_dagrun for example_xcom to 2021-01-01T00:00:00+00:00
[2022-04-05 05:41:47,580] {processor.py:171} INFO - Processing /home/lowenhard/acceleration/env/lib/python3.8/site-packages/airflow/example_dags/example_xcom.py took 0.981 seconds
[2022-04-05 05:43:16,606] {processor.py:163} INFO - Started process (PID=1328) to work on /home/lowenhard/acceleration/env/lib/python3.8/site-packages/airflow/example_dags/example_xcom.py
[2022-04-05 05:43:17,132] {processor.py:642} INFO - Processing file /home/lowenhard/acceleration/env/lib/python3.8/site-packages/airflow/example_dags/example_xcom.py for tasks to queue
[2022-04-05 05:43:17,133] {logging_mixin.py:109} INFO - [2022-04-05 05:43:17,132] {dagbag.py:500} INFO - Filling up the DagBag from /home/lowenhard/acceleration/env/lib/python3.8/site-packages/airflow/example_dags/example_xcom.py
[2022-04-05 05:43:17,161] {processor.py:654} INFO - DAG(s) dict_keys(['example_xcom']) retrieved from /home/lowenhard/acceleration/env/lib/python3.8/site-packages/airflow/example_dags/example_xcom.py
[2022-04-05 05:43:17,442] {logging_mixin.py:109} INFO - [2022-04-05 05:43:17,441] {dag.py:2398} INFO - Sync 1 DAGs
[2022-04-05 05:43:17,453] {logging_mixin.py:109} INFO - [2022-04-05 05:43:17,453] {dag.py:2937} INFO - Setting next_dagrun for example_xcom to 2021-01-01T00:00:00+00:00
[2022-04-05 05:43:19,357] {processor.py:171} INFO - Processing /home/lowenhard/acceleration/env/lib/python3.8/site-packages/airflow/example_dags/example_xcom.py took 2.754 seconds
[2022-04-05 05:44:37,442] {processor.py:163} INFO - Started process (PID=1387) to work on /home/lowenhard/acceleration/env/lib/python3.8/site-packages/airflow/example_dags/example_xcom.py
[2022-04-05 05:44:37,471] {processor.py:642} INFO - Processing file /home/lowenhard/acceleration/env/lib/python3.8/site-packages/airflow/example_dags/example_xcom.py for tasks to queue
[2022-04-05 05:44:37,472] {logging_mixin.py:109} INFO - [2022-04-05 05:44:37,471] {dagbag.py:500} INFO - Filling up the DagBag from /home/lowenhard/acceleration/env/lib/python3.8/site-packages/airflow/example_dags/example_xcom.py
[2022-04-05 05:44:37,500] {processor.py:654} INFO - DAG(s) dict_keys(['example_xcom']) retrieved from /home/lowenhard/acceleration/env/lib/python3.8/site-packages/airflow/example_dags/example_xcom.py
[2022-04-05 05:44:37,756] {logging_mixin.py:109} INFO - [2022-04-05 05:44:37,756] {dag.py:2398} INFO - Sync 1 DAGs
[2022-04-05 05:44:37,765] {logging_mixin.py:109} INFO - [2022-04-05 05:44:37,765] {dag.py:2937} INFO - Setting next_dagrun for example_xcom to 2021-01-01T00:00:00+00:00
[2022-04-05 05:44:39,448] {processor.py:171} INFO - Processing /home/lowenhard/acceleration/env/lib/python3.8/site-packages/airflow/example_dags/example_xcom.py took 2.008 seconds
[2022-04-05 05:45:49,109] {processor.py:163} INFO - Started process (PID=1448) to work on /home/lowenhard/acceleration/env/lib/python3.8/site-packages/airflow/example_dags/example_xcom.py
[2022-04-05 05:45:49,582] {processor.py:642} INFO - Processing file /home/lowenhard/acceleration/env/lib/python3.8/site-packages/airflow/example_dags/example_xcom.py for tasks to queue
[2022-04-05 05:45:49,582] {logging_mixin.py:109} INFO - [2022-04-05 05:45:49,582] {dagbag.py:500} INFO - Filling up the DagBag from /home/lowenhard/acceleration/env/lib/python3.8/site-packages/airflow/example_dags/example_xcom.py
[2022-04-05 05:45:49,607] {processor.py:654} INFO - DAG(s) dict_keys(['example_xcom']) retrieved from /home/lowenhard/acceleration/env/lib/python3.8/site-packages/airflow/example_dags/example_xcom.py
[2022-04-05 05:45:49,855] {logging_mixin.py:109} INFO - [2022-04-05 05:45:49,855] {dag.py:2398} INFO - Sync 1 DAGs
[2022-04-05 05:45:49,865] {logging_mixin.py:109} INFO - [2022-04-05 05:45:49,865] {dag.py:2937} INFO - Setting next_dagrun for example_xcom to 2021-01-01T00:00:00+00:00
[2022-04-05 05:45:50,590] {processor.py:171} INFO - Processing /home/lowenhard/acceleration/env/lib/python3.8/site-packages/airflow/example_dags/example_xcom.py took 1.483 seconds
[2022-04-05 05:47:01,075] {processor.py:163} INFO - Started process (PID=1516) to work on /home/lowenhard/acceleration/env/lib/python3.8/site-packages/airflow/example_dags/example_xcom.py
[2022-04-05 05:47:01,079] {processor.py:642} INFO - Processing file /home/lowenhard/acceleration/env/lib/python3.8/site-packages/airflow/example_dags/example_xcom.py for tasks to queue
[2022-04-05 05:47:01,080] {logging_mixin.py:109} INFO - [2022-04-05 05:47:01,079] {dagbag.py:500} INFO - Filling up the DagBag from /home/lowenhard/acceleration/env/lib/python3.8/site-packages/airflow/example_dags/example_xcom.py
[2022-04-05 05:47:01,105] {processor.py:654} INFO - DAG(s) dict_keys(['example_xcom']) retrieved from /home/lowenhard/acceleration/env/lib/python3.8/site-packages/airflow/example_dags/example_xcom.py
[2022-04-05 05:47:01,345] {logging_mixin.py:109} INFO - [2022-04-05 05:47:01,345] {dag.py:2398} INFO - Sync 1 DAGs
[2022-04-05 05:47:01,354] {logging_mixin.py:109} INFO - [2022-04-05 05:47:01,354] {dag.py:2937} INFO - Setting next_dagrun for example_xcom to 2021-01-01T00:00:00+00:00
[2022-04-05 05:47:02,866] {processor.py:171} INFO - Processing /home/lowenhard/acceleration/env/lib/python3.8/site-packages/airflow/example_dags/example_xcom.py took 1.792 seconds
[2022-04-05 05:48:25,813] {processor.py:163} INFO - Started process (PID=1582) to work on /home/lowenhard/acceleration/env/lib/python3.8/site-packages/airflow/example_dags/example_xcom.py
[2022-04-05 05:48:25,889] {processor.py:642} INFO - Processing file /home/lowenhard/acceleration/env/lib/python3.8/site-packages/airflow/example_dags/example_xcom.py for tasks to queue
[2022-04-05 05:48:25,890] {logging_mixin.py:109} INFO - [2022-04-05 05:48:25,890] {dagbag.py:500} INFO - Filling up the DagBag from /home/lowenhard/acceleration/env/lib/python3.8/site-packages/airflow/example_dags/example_xcom.py
[2022-04-05 05:48:25,915] {processor.py:654} INFO - DAG(s) dict_keys(['example_xcom']) retrieved from /home/lowenhard/acceleration/env/lib/python3.8/site-packages/airflow/example_dags/example_xcom.py
[2022-04-05 05:48:26,154] {logging_mixin.py:109} INFO - [2022-04-05 05:48:26,154] {dag.py:2398} INFO - Sync 1 DAGs
[2022-04-05 05:48:26,163] {logging_mixin.py:109} INFO - [2022-04-05 05:48:26,163] {dag.py:2937} INFO - Setting next_dagrun for example_xcom to 2021-01-01T00:00:00+00:00
[2022-04-05 05:48:26,745] {processor.py:171} INFO - Processing /home/lowenhard/acceleration/env/lib/python3.8/site-packages/airflow/example_dags/example_xcom.py took 0.934 seconds
[2022-04-05 05:49:36,445] {processor.py:163} INFO - Started process (PID=1644) to work on /home/lowenhard/acceleration/env/lib/python3.8/site-packages/airflow/example_dags/example_xcom.py
[2022-04-05 05:49:36,451] {processor.py:642} INFO - Processing file /home/lowenhard/acceleration/env/lib/python3.8/site-packages/airflow/example_dags/example_xcom.py for tasks to queue
[2022-04-05 05:49:36,451] {logging_mixin.py:109} INFO - [2022-04-05 05:49:36,451] {dagbag.py:500} INFO - Filling up the DagBag from /home/lowenhard/acceleration/env/lib/python3.8/site-packages/airflow/example_dags/example_xcom.py
[2022-04-05 05:49:36,477] {processor.py:654} INFO - DAG(s) dict_keys(['example_xcom']) retrieved from /home/lowenhard/acceleration/env/lib/python3.8/site-packages/airflow/example_dags/example_xcom.py
[2022-04-05 05:49:36,722] {logging_mixin.py:109} INFO - [2022-04-05 05:49:36,722] {dag.py:2398} INFO - Sync 1 DAGs
[2022-04-05 05:49:36,731] {logging_mixin.py:109} INFO - [2022-04-05 05:49:36,731] {dag.py:2937} INFO - Setting next_dagrun for example_xcom to 2021-01-01T00:00:00+00:00
[2022-04-05 05:49:37,569] {processor.py:171} INFO - Processing /home/lowenhard/acceleration/env/lib/python3.8/site-packages/airflow/example_dags/example_xcom.py took 1.127 seconds
[2022-04-05 05:51:55,100] {processor.py:163} INFO - Started process (PID=1786) to work on /home/lowenhard/acceleration/env/lib/python3.8/site-packages/airflow/example_dags/example_xcom.py
[2022-04-05 05:51:55,241] {processor.py:642} INFO - Processing file /home/lowenhard/acceleration/env/lib/python3.8/site-packages/airflow/example_dags/example_xcom.py for tasks to queue
[2022-04-05 05:51:55,241] {logging_mixin.py:109} INFO - [2022-04-05 05:51:55,241] {dagbag.py:500} INFO - Filling up the DagBag from /home/lowenhard/acceleration/env/lib/python3.8/site-packages/airflow/example_dags/example_xcom.py
[2022-04-05 05:51:55,265] {processor.py:654} INFO - DAG(s) dict_keys(['example_xcom']) retrieved from /home/lowenhard/acceleration/env/lib/python3.8/site-packages/airflow/example_dags/example_xcom.py
[2022-04-05 05:51:55,505] {logging_mixin.py:109} INFO - [2022-04-05 05:51:55,505] {dag.py:2398} INFO - Sync 1 DAGs
[2022-04-05 05:51:55,514] {logging_mixin.py:109} INFO - [2022-04-05 05:51:55,514] {dag.py:2937} INFO - Setting next_dagrun for example_xcom to 2021-01-01T00:00:00+00:00
[2022-04-05 05:51:56,074] {processor.py:171} INFO - Processing /home/lowenhard/acceleration/env/lib/python3.8/site-packages/airflow/example_dags/example_xcom.py took 0.976 seconds
[2022-04-05 05:53:01,064] {processor.py:163} INFO - Started process (PID=1842) to work on /home/lowenhard/acceleration/env/lib/python3.8/site-packages/airflow/example_dags/example_xcom.py
[2022-04-05 05:53:01,097] {processor.py:642} INFO - Processing file /home/lowenhard/acceleration/env/lib/python3.8/site-packages/airflow/example_dags/example_xcom.py for tasks to queue
[2022-04-05 05:53:01,098] {logging_mixin.py:109} INFO - [2022-04-05 05:53:01,098] {dagbag.py:500} INFO - Filling up the DagBag from /home/lowenhard/acceleration/env/lib/python3.8/site-packages/airflow/example_dags/example_xcom.py
[2022-04-05 05:53:01,126] {processor.py:654} INFO - DAG(s) dict_keys(['example_xcom']) retrieved from /home/lowenhard/acceleration/env/lib/python3.8/site-packages/airflow/example_dags/example_xcom.py
[2022-04-05 05:53:01,370] {logging_mixin.py:109} INFO - [2022-04-05 05:53:01,370] {dag.py:2398} INFO - Sync 1 DAGs
[2022-04-05 05:53:01,379] {logging_mixin.py:109} INFO - [2022-04-05 05:53:01,378] {dag.py:2937} INFO - Setting next_dagrun for example_xcom to 2021-01-01T00:00:00+00:00
[2022-04-05 05:53:02,570] {processor.py:171} INFO - Processing /home/lowenhard/acceleration/env/lib/python3.8/site-packages/airflow/example_dags/example_xcom.py took 1.510 seconds
[2022-04-05 05:55:10,737] {processor.py:163} INFO - Started process (PID=1957) to work on /home/lowenhard/acceleration/env/lib/python3.8/site-packages/airflow/example_dags/example_xcom.py
[2022-04-05 05:55:10,748] {processor.py:642} INFO - Processing file /home/lowenhard/acceleration/env/lib/python3.8/site-packages/airflow/example_dags/example_xcom.py for tasks to queue
[2022-04-05 05:55:10,749] {logging_mixin.py:109} INFO - [2022-04-05 05:55:10,749] {dagbag.py:500} INFO - Filling up the DagBag from /home/lowenhard/acceleration/env/lib/python3.8/site-packages/airflow/example_dags/example_xcom.py
[2022-04-05 05:55:10,778] {processor.py:654} INFO - DAG(s) dict_keys(['example_xcom']) retrieved from /home/lowenhard/acceleration/env/lib/python3.8/site-packages/airflow/example_dags/example_xcom.py
[2022-04-05 05:55:11,016] {logging_mixin.py:109} INFO - [2022-04-05 05:55:11,016] {dag.py:2398} INFO - Sync 1 DAGs
[2022-04-05 05:55:11,026] {logging_mixin.py:109} INFO - [2022-04-05 05:55:11,025] {dag.py:2937} INFO - Setting next_dagrun for example_xcom to 2021-01-01T00:00:00+00:00
[2022-04-05 05:55:12,689] {processor.py:171} INFO - Processing /home/lowenhard/acceleration/env/lib/python3.8/site-packages/airflow/example_dags/example_xcom.py took 1.955 seconds
[2022-04-05 05:56:22,049] {processor.py:163} INFO - Started process (PID=2013) to work on /home/lowenhard/acceleration/env/lib/python3.8/site-packages/airflow/example_dags/example_xcom.py
[2022-04-05 05:56:22,064] {processor.py:642} INFO - Processing file /home/lowenhard/acceleration/env/lib/python3.8/site-packages/airflow/example_dags/example_xcom.py for tasks to queue
[2022-04-05 05:56:22,065] {logging_mixin.py:109} INFO - [2022-04-05 05:56:22,065] {dagbag.py:500} INFO - Filling up the DagBag from /home/lowenhard/acceleration/env/lib/python3.8/site-packages/airflow/example_dags/example_xcom.py
[2022-04-05 05:56:22,100] {processor.py:654} INFO - DAG(s) dict_keys(['example_xcom']) retrieved from /home/lowenhard/acceleration/env/lib/python3.8/site-packages/airflow/example_dags/example_xcom.py
[2022-04-05 05:56:22,373] {logging_mixin.py:109} INFO - [2022-04-05 05:56:22,372] {dag.py:2398} INFO - Sync 1 DAGs
[2022-04-05 05:56:22,388] {logging_mixin.py:109} INFO - [2022-04-05 05:56:22,388] {dag.py:2937} INFO - Setting next_dagrun for example_xcom to 2021-01-01T00:00:00+00:00
[2022-04-05 05:56:22,714] {processor.py:171} INFO - Processing /home/lowenhard/acceleration/env/lib/python3.8/site-packages/airflow/example_dags/example_xcom.py took 0.667 seconds
[2022-04-05 05:57:31,614] {processor.py:163} INFO - Started process (PID=2076) to work on /home/lowenhard/acceleration/env/lib/python3.8/site-packages/airflow/example_dags/example_xcom.py
[2022-04-05 05:57:31,686] {processor.py:642} INFO - Processing file /home/lowenhard/acceleration/env/lib/python3.8/site-packages/airflow/example_dags/example_xcom.py for tasks to queue
[2022-04-05 05:57:31,687] {logging_mixin.py:109} INFO - [2022-04-05 05:57:31,687] {dagbag.py:500} INFO - Filling up the DagBag from /home/lowenhard/acceleration/env/lib/python3.8/site-packages/airflow/example_dags/example_xcom.py
[2022-04-05 05:57:31,719] {processor.py:654} INFO - DAG(s) dict_keys(['example_xcom']) retrieved from /home/lowenhard/acceleration/env/lib/python3.8/site-packages/airflow/example_dags/example_xcom.py
[2022-04-05 05:57:31,968] {logging_mixin.py:109} INFO - [2022-04-05 05:57:31,968] {dag.py:2398} INFO - Sync 1 DAGs
[2022-04-05 05:57:31,977] {logging_mixin.py:109} INFO - [2022-04-05 05:57:31,977] {dag.py:2937} INFO - Setting next_dagrun for example_xcom to 2021-01-01T00:00:00+00:00
[2022-04-05 05:57:32,245] {processor.py:171} INFO - Processing /home/lowenhard/acceleration/env/lib/python3.8/site-packages/airflow/example_dags/example_xcom.py took 0.634 seconds
