[2022-03-26 18:26:16,419] {processor.py:163} INFO - Started process (PID=552) to work on /home/lowenhard/airflow/dags/dag_example.py
[2022-03-26 18:26:16,420] {processor.py:642} INFO - Processing file /home/lowenhard/airflow/dags/dag_example.py for tasks to queue
[2022-03-26 18:26:16,420] {logging_mixin.py:109} INFO - [2022-03-26 18:26:16,420] {dagbag.py:500} INFO - Filling up the DagBag from /home/lowenhard/airflow/dags/dag_example.py
[2022-03-26 18:26:16,440] {processor.py:654} INFO - DAG(s) dict_keys(['dummy_dag']) retrieved from /home/lowenhard/airflow/dags/dag_example.py
[2022-03-26 18:26:16,448] {logging_mixin.py:109} INFO - [2022-03-26 18:26:16,448] {dag.py:2398} INFO - Sync 1 DAGs
[2022-03-26 18:26:16,458] {logging_mixin.py:109} INFO - [2022-03-26 18:26:16,458] {dag.py:2937} INFO - Setting next_dagrun for dummy_dag to 2022-03-25T23:26:16.458382+00:00
[2022-03-26 18:26:17,961] {processor.py:171} INFO - Processing /home/lowenhard/airflow/dags/dag_example.py took 1.546 seconds
[2022-03-26 18:27:32,010] {processor.py:163} INFO - Started process (PID=588) to work on /home/lowenhard/airflow/dags/dag_example.py
[2022-03-26 18:27:32,447] {processor.py:642} INFO - Processing file /home/lowenhard/airflow/dags/dag_example.py for tasks to queue
[2022-03-26 18:27:32,448] {logging_mixin.py:109} INFO - [2022-03-26 18:27:32,448] {dagbag.py:500} INFO - Filling up the DagBag from /home/lowenhard/airflow/dags/dag_example.py
[2022-03-26 18:27:32,467] {processor.py:654} INFO - DAG(s) dict_keys(['dummy_dag']) retrieved from /home/lowenhard/airflow/dags/dag_example.py
[2022-03-26 18:27:32,476] {logging_mixin.py:109} INFO - [2022-03-26 18:27:32,476] {dag.py:2398} INFO - Sync 1 DAGs
[2022-03-26 18:27:32,490] {logging_mixin.py:109} INFO - [2022-03-26 18:27:32,490] {dag.py:2937} INFO - Setting next_dagrun for dummy_dag to 2022-03-25T23:27:32.490061+00:00
[2022-03-26 18:27:32,685] {processor.py:171} INFO - Processing /home/lowenhard/airflow/dags/dag_example.py took 0.678 seconds
[2022-03-26 18:28:42,084] {processor.py:163} INFO - Started process (PID=617) to work on /home/lowenhard/airflow/dags/dag_example.py
[2022-03-26 18:28:42,101] {processor.py:642} INFO - Processing file /home/lowenhard/airflow/dags/dag_example.py for tasks to queue
[2022-03-26 18:28:42,102] {logging_mixin.py:109} INFO - [2022-03-26 18:28:42,102] {dagbag.py:500} INFO - Filling up the DagBag from /home/lowenhard/airflow/dags/dag_example.py
[2022-03-26 18:28:42,130] {processor.py:654} INFO - DAG(s) dict_keys(['dummy_dag']) retrieved from /home/lowenhard/airflow/dags/dag_example.py
[2022-03-26 18:28:42,146] {logging_mixin.py:109} INFO - [2022-03-26 18:28:42,146] {dag.py:2398} INFO - Sync 1 DAGs
[2022-03-26 18:28:42,341] {logging_mixin.py:109} INFO - [2022-03-26 18:28:42,341] {dag.py:2937} INFO - Setting next_dagrun for dummy_dag to 2022-03-25T23:28:42.341447+00:00
[2022-03-26 18:28:42,500] {processor.py:171} INFO - Processing /home/lowenhard/airflow/dags/dag_example.py took 0.418 seconds
[2022-03-26 18:30:19,701] {processor.py:163} INFO - Started process (PID=665) to work on /home/lowenhard/airflow/dags/dag_example.py
[2022-03-26 18:30:19,714] {processor.py:642} INFO - Processing file /home/lowenhard/airflow/dags/dag_example.py for tasks to queue
[2022-03-26 18:30:19,714] {logging_mixin.py:109} INFO - [2022-03-26 18:30:19,714] {dagbag.py:500} INFO - Filling up the DagBag from /home/lowenhard/airflow/dags/dag_example.py
[2022-03-26 18:30:19,734] {processor.py:654} INFO - DAG(s) dict_keys(['dummy_dag']) retrieved from /home/lowenhard/airflow/dags/dag_example.py
[2022-03-26 18:30:19,744] {logging_mixin.py:109} INFO - [2022-03-26 18:30:19,743] {dag.py:2398} INFO - Sync 1 DAGs
[2022-03-26 18:30:19,756] {logging_mixin.py:109} INFO - [2022-03-26 18:30:19,756] {dag.py:2937} INFO - Setting next_dagrun for dummy_dag to 2022-03-25T23:30:19.756096+00:00
[2022-03-26 18:30:19,919] {processor.py:171} INFO - Processing /home/lowenhard/airflow/dags/dag_example.py took 0.221 seconds
[2022-03-26 18:31:09,973] {processor.py:163} INFO - Started process (PID=699) to work on /home/lowenhard/airflow/dags/dag_example.py
[2022-03-26 18:31:09,976] {processor.py:642} INFO - Processing file /home/lowenhard/airflow/dags/dag_example.py for tasks to queue
[2022-03-26 18:31:09,977] {logging_mixin.py:109} INFO - [2022-03-26 18:31:09,977] {dagbag.py:500} INFO - Filling up the DagBag from /home/lowenhard/airflow/dags/dag_example.py
[2022-03-26 18:31:09,998] {processor.py:654} INFO - DAG(s) dict_keys(['dummy_dag']) retrieved from /home/lowenhard/airflow/dags/dag_example.py
[2022-03-26 18:31:10,007] {logging_mixin.py:109} INFO - [2022-03-26 18:31:10,007] {dag.py:2398} INFO - Sync 1 DAGs
[2022-03-26 18:31:10,021] {logging_mixin.py:109} INFO - [2022-03-26 18:31:10,021] {dag.py:2937} INFO - Setting next_dagrun for dummy_dag to 2022-03-25T23:31:10.020912+00:00
[2022-03-26 18:31:10,236] {processor.py:171} INFO - Processing /home/lowenhard/airflow/dags/dag_example.py took 0.265 seconds
[2022-03-26 18:31:56,629] {processor.py:163} INFO - Started process (PID=734) to work on /home/lowenhard/airflow/dags/dag_example.py
[2022-03-26 18:31:56,633] {processor.py:642} INFO - Processing file /home/lowenhard/airflow/dags/dag_example.py for tasks to queue
[2022-03-26 18:31:56,634] {logging_mixin.py:109} INFO - [2022-03-26 18:31:56,634] {dagbag.py:500} INFO - Filling up the DagBag from /home/lowenhard/airflow/dags/dag_example.py
[2022-03-26 18:31:56,654] {processor.py:654} INFO - DAG(s) dict_keys(['dummy_dag']) retrieved from /home/lowenhard/airflow/dags/dag_example.py
[2022-03-26 18:31:56,663] {logging_mixin.py:109} INFO - [2022-03-26 18:31:56,663] {dag.py:2398} INFO - Sync 1 DAGs
[2022-03-26 18:31:56,674] {logging_mixin.py:109} INFO - [2022-03-26 18:31:56,674] {dag.py:2937} INFO - Setting next_dagrun for dummy_dag to 2022-03-25T23:31:56.674523+00:00
[2022-03-26 18:31:56,821] {processor.py:171} INFO - Processing /home/lowenhard/airflow/dags/dag_example.py took 0.195 seconds
[2022-03-26 18:32:34,961] {processor.py:163} INFO - Started process (PID=761) to work on /home/lowenhard/airflow/dags/dag_example.py
[2022-03-26 18:32:34,979] {processor.py:642} INFO - Processing file /home/lowenhard/airflow/dags/dag_example.py for tasks to queue
[2022-03-26 18:32:34,979] {logging_mixin.py:109} INFO - [2022-03-26 18:32:34,979] {dagbag.py:500} INFO - Filling up the DagBag from /home/lowenhard/airflow/dags/dag_example.py
[2022-03-26 18:32:34,998] {processor.py:654} INFO - DAG(s) dict_keys(['dummy_dag']) retrieved from /home/lowenhard/airflow/dags/dag_example.py
[2022-03-26 18:32:35,007] {logging_mixin.py:109} INFO - [2022-03-26 18:32:35,007] {dag.py:2398} INFO - Sync 1 DAGs
[2022-03-26 18:32:35,018] {logging_mixin.py:109} INFO - [2022-03-26 18:32:35,018] {dag.py:2937} INFO - Setting next_dagrun for dummy_dag to 2022-03-25T23:32:35.018482+00:00
[2022-03-26 18:32:35,213] {processor.py:171} INFO - Processing /home/lowenhard/airflow/dags/dag_example.py took 0.254 seconds
[2022-03-26 18:33:21,022] {processor.py:163} INFO - Started process (PID=792) to work on /home/lowenhard/airflow/dags/dag_example.py
[2022-03-26 18:33:21,037] {processor.py:642} INFO - Processing file /home/lowenhard/airflow/dags/dag_example.py for tasks to queue
[2022-03-26 18:33:21,037] {logging_mixin.py:109} INFO - [2022-03-26 18:33:21,037] {dagbag.py:500} INFO - Filling up the DagBag from /home/lowenhard/airflow/dags/dag_example.py
[2022-03-26 18:33:21,060] {processor.py:654} INFO - DAG(s) dict_keys(['dummy_dag']) retrieved from /home/lowenhard/airflow/dags/dag_example.py
[2022-03-26 18:33:21,069] {logging_mixin.py:109} INFO - [2022-03-26 18:33:21,069] {dag.py:2398} INFO - Sync 1 DAGs
[2022-03-26 18:33:21,080] {logging_mixin.py:109} INFO - [2022-03-26 18:33:21,079] {dag.py:2937} INFO - Setting next_dagrun for dummy_dag to 2022-03-25T23:33:21.079709+00:00
[2022-03-26 18:33:21,222] {processor.py:171} INFO - Processing /home/lowenhard/airflow/dags/dag_example.py took 0.203 seconds
[2022-03-26 18:34:00,735] {processor.py:163} INFO - Started process (PID=822) to work on /home/lowenhard/airflow/dags/dag_example.py
[2022-03-26 18:34:00,737] {processor.py:642} INFO - Processing file /home/lowenhard/airflow/dags/dag_example.py for tasks to queue
[2022-03-26 18:34:00,737] {logging_mixin.py:109} INFO - [2022-03-26 18:34:00,737] {dagbag.py:500} INFO - Filling up the DagBag from /home/lowenhard/airflow/dags/dag_example.py
[2022-03-26 18:34:00,755] {processor.py:654} INFO - DAG(s) dict_keys(['dummy_dag']) retrieved from /home/lowenhard/airflow/dags/dag_example.py
[2022-03-26 18:34:00,764] {logging_mixin.py:109} INFO - [2022-03-26 18:34:00,764] {dag.py:2398} INFO - Sync 1 DAGs
[2022-03-26 18:34:00,774] {logging_mixin.py:109} INFO - [2022-03-26 18:34:00,774] {dag.py:2937} INFO - Setting next_dagrun for dummy_dag to 2022-03-25T23:34:00.774078+00:00
[2022-03-26 18:34:00,914] {processor.py:171} INFO - Processing /home/lowenhard/airflow/dags/dag_example.py took 0.181 seconds
[2022-03-26 18:34:36,013] {processor.py:163} INFO - Started process (PID=847) to work on /home/lowenhard/airflow/dags/dag_example.py
[2022-03-26 18:34:36,017] {processor.py:642} INFO - Processing file /home/lowenhard/airflow/dags/dag_example.py for tasks to queue
[2022-03-26 18:34:36,017] {logging_mixin.py:109} INFO - [2022-03-26 18:34:36,017] {dagbag.py:500} INFO - Filling up the DagBag from /home/lowenhard/airflow/dags/dag_example.py
[2022-03-26 18:34:36,037] {processor.py:654} INFO - DAG(s) dict_keys(['dummy_dag']) retrieved from /home/lowenhard/airflow/dags/dag_example.py
[2022-03-26 18:34:36,047] {logging_mixin.py:109} INFO - [2022-03-26 18:34:36,047] {dag.py:2398} INFO - Sync 1 DAGs
[2022-03-26 18:34:36,058] {logging_mixin.py:109} INFO - [2022-03-26 18:34:36,058] {dag.py:2937} INFO - Setting next_dagrun for dummy_dag to 2022-03-25T23:34:36.057711+00:00
[2022-03-26 18:34:36,198] {processor.py:171} INFO - Processing /home/lowenhard/airflow/dags/dag_example.py took 0.187 seconds
[2022-03-26 18:35:20,289] {processor.py:163} INFO - Started process (PID=876) to work on /home/lowenhard/airflow/dags/dag_example.py
[2022-03-26 18:35:20,315] {processor.py:642} INFO - Processing file /home/lowenhard/airflow/dags/dag_example.py for tasks to queue
[2022-03-26 18:35:20,316] {logging_mixin.py:109} INFO - [2022-03-26 18:35:20,316] {dagbag.py:500} INFO - Filling up the DagBag from /home/lowenhard/airflow/dags/dag_example.py
[2022-03-26 18:35:20,333] {processor.py:654} INFO - DAG(s) dict_keys(['dummy_dag']) retrieved from /home/lowenhard/airflow/dags/dag_example.py
[2022-03-26 18:35:20,341] {logging_mixin.py:109} INFO - [2022-03-26 18:35:20,341] {dag.py:2398} INFO - Sync 1 DAGs
[2022-03-26 18:35:20,353] {logging_mixin.py:109} INFO - [2022-03-26 18:35:20,353] {dag.py:2937} INFO - Setting next_dagrun for dummy_dag to 2022-03-25T23:35:20.353420+00:00
[2022-03-26 18:35:20,573] {processor.py:171} INFO - Processing /home/lowenhard/airflow/dags/dag_example.py took 0.286 seconds
[2022-03-26 18:36:18,640] {processor.py:163} INFO - Started process (PID=912) to work on /home/lowenhard/airflow/dags/dag_example.py
[2022-03-26 18:36:18,653] {processor.py:642} INFO - Processing file /home/lowenhard/airflow/dags/dag_example.py for tasks to queue
[2022-03-26 18:36:18,653] {logging_mixin.py:109} INFO - [2022-03-26 18:36:18,653] {dagbag.py:500} INFO - Filling up the DagBag from /home/lowenhard/airflow/dags/dag_example.py
[2022-03-26 18:36:18,670] {processor.py:654} INFO - DAG(s) dict_keys(['dummy_dag']) retrieved from /home/lowenhard/airflow/dags/dag_example.py
[2022-03-26 18:36:18,679] {logging_mixin.py:109} INFO - [2022-03-26 18:36:18,679] {dag.py:2398} INFO - Sync 1 DAGs
[2022-03-26 18:36:18,691] {logging_mixin.py:109} INFO - [2022-03-26 18:36:18,691] {dag.py:2937} INFO - Setting next_dagrun for dummy_dag to 2022-03-25T23:36:18.690767+00:00
[2022-03-26 18:36:20,328] {processor.py:171} INFO - Processing /home/lowenhard/airflow/dags/dag_example.py took 1.690 seconds
[2022-03-26 18:37:16,189] {processor.py:163} INFO - Started process (PID=945) to work on /home/lowenhard/airflow/dags/dag_example.py
[2022-03-26 18:37:16,234] {processor.py:642} INFO - Processing file /home/lowenhard/airflow/dags/dag_example.py for tasks to queue
[2022-03-26 18:37:16,234] {logging_mixin.py:109} INFO - [2022-03-26 18:37:16,234] {dagbag.py:500} INFO - Filling up the DagBag from /home/lowenhard/airflow/dags/dag_example.py
[2022-03-26 18:37:16,253] {processor.py:654} INFO - DAG(s) dict_keys(['dummy_dag']) retrieved from /home/lowenhard/airflow/dags/dag_example.py
[2022-03-26 18:37:16,261] {logging_mixin.py:109} INFO - [2022-03-26 18:37:16,261] {dag.py:2398} INFO - Sync 1 DAGs
[2022-03-26 18:37:16,274] {logging_mixin.py:109} INFO - [2022-03-26 18:37:16,274] {dag.py:2937} INFO - Setting next_dagrun for dummy_dag to 2022-03-25T23:37:16.273958+00:00
[2022-03-26 18:37:16,557] {processor.py:171} INFO - Processing /home/lowenhard/airflow/dags/dag_example.py took 0.370 seconds
[2022-03-26 18:37:55,423] {processor.py:163} INFO - Started process (PID=966) to work on /home/lowenhard/airflow/dags/dag_example.py
[2022-03-26 18:37:55,426] {processor.py:642} INFO - Processing file /home/lowenhard/airflow/dags/dag_example.py for tasks to queue
[2022-03-26 18:37:55,427] {logging_mixin.py:109} INFO - [2022-03-26 18:37:55,427] {dagbag.py:500} INFO - Filling up the DagBag from /home/lowenhard/airflow/dags/dag_example.py
[2022-03-26 18:37:55,443] {processor.py:654} INFO - DAG(s) dict_keys(['dummy_dag']) retrieved from /home/lowenhard/airflow/dags/dag_example.py
[2022-03-26 18:37:55,452] {logging_mixin.py:109} INFO - [2022-03-26 18:37:55,451] {dag.py:2398} INFO - Sync 1 DAGs
[2022-03-26 18:37:55,462] {logging_mixin.py:109} INFO - [2022-03-26 18:37:55,462] {dag.py:2937} INFO - Setting next_dagrun for dummy_dag to 2022-03-25T23:37:55.461887+00:00
[2022-03-26 18:37:57,279] {processor.py:171} INFO - Processing /home/lowenhard/airflow/dags/dag_example.py took 1.858 seconds
[2022-03-26 18:38:42,197] {processor.py:163} INFO - Started process (PID=987) to work on /home/lowenhard/airflow/dags/dag_example.py
[2022-03-26 18:38:42,200] {processor.py:642} INFO - Processing file /home/lowenhard/airflow/dags/dag_example.py for tasks to queue
[2022-03-26 18:38:42,200] {logging_mixin.py:109} INFO - [2022-03-26 18:38:42,200] {dagbag.py:500} INFO - Filling up the DagBag from /home/lowenhard/airflow/dags/dag_example.py
[2022-03-26 18:38:42,214] {processor.py:654} INFO - DAG(s) dict_keys(['dummy_dag']) retrieved from /home/lowenhard/airflow/dags/dag_example.py
[2022-03-26 18:38:42,221] {logging_mixin.py:109} INFO - [2022-03-26 18:38:42,221] {dag.py:2398} INFO - Sync 1 DAGs
[2022-03-26 18:38:42,232] {logging_mixin.py:109} INFO - [2022-03-26 18:38:42,232] {dag.py:2937} INFO - Setting next_dagrun for dummy_dag to 2022-03-25T23:38:42.232231+00:00
[2022-03-26 18:38:43,679] {processor.py:171} INFO - Processing /home/lowenhard/airflow/dags/dag_example.py took 1.483 seconds
[2022-03-26 18:39:34,020] {processor.py:163} INFO - Started process (PID=1024) to work on /home/lowenhard/airflow/dags/dag_example.py
[2022-03-26 18:39:34,023] {processor.py:642} INFO - Processing file /home/lowenhard/airflow/dags/dag_example.py for tasks to queue
[2022-03-26 18:39:34,023] {logging_mixin.py:109} INFO - [2022-03-26 18:39:34,023] {dagbag.py:500} INFO - Filling up the DagBag from /home/lowenhard/airflow/dags/dag_example.py
[2022-03-26 18:39:34,043] {processor.py:654} INFO - DAG(s) dict_keys(['dummy_dag']) retrieved from /home/lowenhard/airflow/dags/dag_example.py
[2022-03-26 18:39:34,051] {logging_mixin.py:109} INFO - [2022-03-26 18:39:34,051] {dag.py:2398} INFO - Sync 1 DAGs
[2022-03-26 18:39:34,063] {logging_mixin.py:109} INFO - [2022-03-26 18:39:34,063] {dag.py:2937} INFO - Setting next_dagrun for dummy_dag to 2022-03-25T23:39:34.063075+00:00
[2022-03-26 18:39:35,760] {processor.py:171} INFO - Processing /home/lowenhard/airflow/dags/dag_example.py took 1.742 seconds
[2022-03-26 18:40:18,434] {processor.py:163} INFO - Started process (PID=1047) to work on /home/lowenhard/airflow/dags/dag_example.py
[2022-03-26 18:40:18,447] {processor.py:642} INFO - Processing file /home/lowenhard/airflow/dags/dag_example.py for tasks to queue
[2022-03-26 18:40:18,448] {logging_mixin.py:109} INFO - [2022-03-26 18:40:18,448] {dagbag.py:500} INFO - Filling up the DagBag from /home/lowenhard/airflow/dags/dag_example.py
[2022-03-26 18:40:18,466] {processor.py:654} INFO - DAG(s) dict_keys(['dummy_dag']) retrieved from /home/lowenhard/airflow/dags/dag_example.py
[2022-03-26 18:40:18,474] {logging_mixin.py:109} INFO - [2022-03-26 18:40:18,474] {dag.py:2398} INFO - Sync 1 DAGs
[2022-03-26 18:40:18,486] {logging_mixin.py:109} INFO - [2022-03-26 18:40:18,486] {dag.py:2937} INFO - Setting next_dagrun for dummy_dag to 2022-03-25T23:40:18.486002+00:00
[2022-03-26 18:40:18,631] {processor.py:171} INFO - Processing /home/lowenhard/airflow/dags/dag_example.py took 0.198 seconds
[2022-03-26 18:40:59,049] {processor.py:163} INFO - Started process (PID=1078) to work on /home/lowenhard/airflow/dags/dag_example.py
[2022-03-26 18:40:59,205] {processor.py:642} INFO - Processing file /home/lowenhard/airflow/dags/dag_example.py for tasks to queue
[2022-03-26 18:40:59,206] {logging_mixin.py:109} INFO - [2022-03-26 18:40:59,206] {dagbag.py:500} INFO - Filling up the DagBag from /home/lowenhard/airflow/dags/dag_example.py
[2022-03-26 18:40:59,228] {processor.py:654} INFO - DAG(s) dict_keys(['dummy_dag']) retrieved from /home/lowenhard/airflow/dags/dag_example.py
[2022-03-26 18:40:59,237] {logging_mixin.py:109} INFO - [2022-03-26 18:40:59,237] {dag.py:2398} INFO - Sync 1 DAGs
[2022-03-26 18:40:59,249] {logging_mixin.py:109} INFO - [2022-03-26 18:40:59,248] {dag.py:2937} INFO - Setting next_dagrun for dummy_dag to 2022-03-25T23:40:59.248714+00:00
[2022-03-26 18:41:00,268] {processor.py:171} INFO - Processing /home/lowenhard/airflow/dags/dag_example.py took 1.222 seconds
[2022-03-26 18:41:57,337] {processor.py:163} INFO - Started process (PID=1107) to work on /home/lowenhard/airflow/dags/dag_example.py
[2022-03-26 18:41:58,092] {processor.py:642} INFO - Processing file /home/lowenhard/airflow/dags/dag_example.py for tasks to queue
[2022-03-26 18:41:58,093] {logging_mixin.py:109} INFO - [2022-03-26 18:41:58,093] {dagbag.py:500} INFO - Filling up the DagBag from /home/lowenhard/airflow/dags/dag_example.py
[2022-03-26 18:41:58,205] {processor.py:654} INFO - DAG(s) dict_keys(['dummy_dag']) retrieved from /home/lowenhard/airflow/dags/dag_example.py
[2022-03-26 18:41:58,243] {logging_mixin.py:109} INFO - [2022-03-26 18:41:58,243] {dag.py:2398} INFO - Sync 1 DAGs
[2022-03-26 18:41:58,337] {logging_mixin.py:109} INFO - [2022-03-26 18:41:58,336] {dag.py:2937} INFO - Setting next_dagrun for dummy_dag to 2022-03-25T23:41:58.322808+00:00
[2022-03-26 18:41:58,517] {processor.py:171} INFO - Processing /home/lowenhard/airflow/dags/dag_example.py took 1.195 seconds
[2022-03-26 18:43:20,983] {processor.py:163} INFO - Started process (PID=1143) to work on /home/lowenhard/airflow/dags/dag_example.py
[2022-03-26 18:43:22,136] {processor.py:642} INFO - Processing file /home/lowenhard/airflow/dags/dag_example.py for tasks to queue
[2022-03-26 18:43:22,137] {logging_mixin.py:109} INFO - [2022-03-26 18:43:22,137] {dagbag.py:500} INFO - Filling up the DagBag from /home/lowenhard/airflow/dags/dag_example.py
[2022-03-26 18:43:22,161] {processor.py:654} INFO - DAG(s) dict_keys(['dummy_dag']) retrieved from /home/lowenhard/airflow/dags/dag_example.py
[2022-03-26 18:43:22,170] {logging_mixin.py:109} INFO - [2022-03-26 18:43:22,170] {dag.py:2398} INFO - Sync 1 DAGs
[2022-03-26 18:43:22,189] {logging_mixin.py:109} INFO - [2022-03-26 18:43:22,189] {dag.py:2937} INFO - Setting next_dagrun for dummy_dag to 2022-03-25T23:43:22.188846+00:00
[2022-03-26 18:43:22,490] {processor.py:171} INFO - Processing /home/lowenhard/airflow/dags/dag_example.py took 1.510 seconds
[2022-03-26 18:44:03,302] {processor.py:163} INFO - Started process (PID=1164) to work on /home/lowenhard/airflow/dags/dag_example.py
[2022-03-26 18:44:03,316] {processor.py:642} INFO - Processing file /home/lowenhard/airflow/dags/dag_example.py for tasks to queue
[2022-03-26 18:44:03,317] {logging_mixin.py:109} INFO - [2022-03-26 18:44:03,316] {dagbag.py:500} INFO - Filling up the DagBag from /home/lowenhard/airflow/dags/dag_example.py
[2022-03-26 18:44:03,339] {processor.py:654} INFO - DAG(s) dict_keys(['dummy_dag']) retrieved from /home/lowenhard/airflow/dags/dag_example.py
[2022-03-26 18:44:03,348] {logging_mixin.py:109} INFO - [2022-03-26 18:44:03,348] {dag.py:2398} INFO - Sync 1 DAGs
[2022-03-26 18:44:03,360] {logging_mixin.py:109} INFO - [2022-03-26 18:44:03,360] {dag.py:2937} INFO - Setting next_dagrun for dummy_dag to 2022-03-25T23:44:03.360195+00:00
[2022-03-26 18:44:05,192] {processor.py:171} INFO - Processing /home/lowenhard/airflow/dags/dag_example.py took 1.893 seconds
[2022-03-26 18:44:45,962] {processor.py:163} INFO - Started process (PID=1186) to work on /home/lowenhard/airflow/dags/dag_example.py
[2022-03-26 18:44:46,210] {processor.py:642} INFO - Processing file /home/lowenhard/airflow/dags/dag_example.py for tasks to queue
[2022-03-26 18:44:46,210] {logging_mixin.py:109} INFO - [2022-03-26 18:44:46,210] {dagbag.py:500} INFO - Filling up the DagBag from /home/lowenhard/airflow/dags/dag_example.py
[2022-03-26 18:44:46,231] {processor.py:654} INFO - DAG(s) dict_keys(['dummy_dag']) retrieved from /home/lowenhard/airflow/dags/dag_example.py
[2022-03-26 18:44:46,239] {logging_mixin.py:109} INFO - [2022-03-26 18:44:46,239] {dag.py:2398} INFO - Sync 1 DAGs
[2022-03-26 18:44:46,250] {logging_mixin.py:109} INFO - [2022-03-26 18:44:46,250] {dag.py:2937} INFO - Setting next_dagrun for dummy_dag to 2022-03-25T23:44:46.250298+00:00
[2022-03-26 18:44:47,029] {processor.py:171} INFO - Processing /home/lowenhard/airflow/dags/dag_example.py took 1.070 seconds
[2022-03-26 18:45:30,914] {processor.py:163} INFO - Started process (PID=1207) to work on /home/lowenhard/airflow/dags/dag_example.py
[2022-03-26 18:45:30,973] {processor.py:642} INFO - Processing file /home/lowenhard/airflow/dags/dag_example.py for tasks to queue
[2022-03-26 18:45:30,975] {logging_mixin.py:109} INFO - [2022-03-26 18:45:30,974] {dagbag.py:500} INFO - Filling up the DagBag from /home/lowenhard/airflow/dags/dag_example.py
[2022-03-26 18:45:31,001] {processor.py:654} INFO - DAG(s) dict_keys(['dummy_dag']) retrieved from /home/lowenhard/airflow/dags/dag_example.py
[2022-03-26 18:45:31,010] {logging_mixin.py:109} INFO - [2022-03-26 18:45:31,010] {dag.py:2398} INFO - Sync 1 DAGs
[2022-03-26 18:45:31,023] {logging_mixin.py:109} INFO - [2022-03-26 18:45:31,023] {dag.py:2937} INFO - Setting next_dagrun for dummy_dag to 2022-03-25T23:45:31.023407+00:00
[2022-03-26 18:45:32,388] {processor.py:171} INFO - Processing /home/lowenhard/airflow/dags/dag_example.py took 1.476 seconds
[2022-03-26 18:46:36,058] {processor.py:163} INFO - Started process (PID=1235) to work on /home/lowenhard/airflow/dags/dag_example.py
[2022-03-26 18:46:36,070] {processor.py:642} INFO - Processing file /home/lowenhard/airflow/dags/dag_example.py for tasks to queue
[2022-03-26 18:46:36,071] {logging_mixin.py:109} INFO - [2022-03-26 18:46:36,071] {dagbag.py:500} INFO - Filling up the DagBag from /home/lowenhard/airflow/dags/dag_example.py
[2022-03-26 18:46:36,623] {processor.py:654} INFO - DAG(s) dict_keys(['dummy_dag']) retrieved from /home/lowenhard/airflow/dags/dag_example.py
[2022-03-26 18:46:36,634] {logging_mixin.py:109} INFO - [2022-03-26 18:46:36,634] {dag.py:2398} INFO - Sync 1 DAGs
[2022-03-26 18:46:36,645] {logging_mixin.py:109} INFO - [2022-03-26 18:46:36,645] {dag.py:2937} INFO - Setting next_dagrun for dummy_dag to 2022-03-25T23:46:36.645080+00:00
[2022-03-26 18:46:36,790] {processor.py:171} INFO - Processing /home/lowenhard/airflow/dags/dag_example.py took 0.735 seconds
[2022-03-26 18:48:15,113] {processor.py:163} INFO - Started process (PID=1272) to work on /home/lowenhard/airflow/dags/dag_example.py
[2022-03-26 18:48:15,661] {processor.py:642} INFO - Processing file /home/lowenhard/airflow/dags/dag_example.py for tasks to queue
[2022-03-26 18:48:15,662] {logging_mixin.py:109} INFO - [2022-03-26 18:48:15,662] {dagbag.py:500} INFO - Filling up the DagBag from /home/lowenhard/airflow/dags/dag_example.py
[2022-03-26 18:48:16,211] {processor.py:654} INFO - DAG(s) dict_keys(['dummy_dag']) retrieved from /home/lowenhard/airflow/dags/dag_example.py
[2022-03-26 18:48:16,220] {logging_mixin.py:109} INFO - [2022-03-26 18:48:16,220] {dag.py:2398} INFO - Sync 1 DAGs
[2022-03-26 18:48:16,231] {logging_mixin.py:109} INFO - [2022-03-26 18:48:16,231] {dag.py:2937} INFO - Setting next_dagrun for dummy_dag to 2022-03-25T23:48:16.231045+00:00
[2022-03-26 18:48:16,374] {processor.py:171} INFO - Processing /home/lowenhard/airflow/dags/dag_example.py took 1.263 seconds
[2022-03-26 18:49:22,653] {processor.py:163} INFO - Started process (PID=1301) to work on /home/lowenhard/airflow/dags/dag_example.py
[2022-03-26 18:49:24,044] {processor.py:642} INFO - Processing file /home/lowenhard/airflow/dags/dag_example.py for tasks to queue
[2022-03-26 18:49:24,045] {logging_mixin.py:109} INFO - [2022-03-26 18:49:24,045] {dagbag.py:500} INFO - Filling up the DagBag from /home/lowenhard/airflow/dags/dag_example.py
[2022-03-26 18:49:24,628] {processor.py:654} INFO - DAG(s) dict_keys(['dummy_dag']) retrieved from /home/lowenhard/airflow/dags/dag_example.py
[2022-03-26 18:49:24,638] {logging_mixin.py:109} INFO - [2022-03-26 18:49:24,638] {dag.py:2398} INFO - Sync 1 DAGs
[2022-03-26 18:49:24,648] {logging_mixin.py:109} INFO - [2022-03-26 18:49:24,648] {dag.py:2937} INFO - Setting next_dagrun for dummy_dag to 2022-03-25T23:49:24.648439+00:00
[2022-03-26 18:49:24,778] {processor.py:171} INFO - Processing /home/lowenhard/airflow/dags/dag_example.py took 2.128 seconds
[2022-03-26 18:50:24,386] {processor.py:163} INFO - Started process (PID=1344) to work on /home/lowenhard/airflow/dags/dag_example.py
[2022-03-26 18:50:24,549] {processor.py:642} INFO - Processing file /home/lowenhard/airflow/dags/dag_example.py for tasks to queue
[2022-03-26 18:50:24,550] {logging_mixin.py:109} INFO - [2022-03-26 18:50:24,550] {dagbag.py:500} INFO - Filling up the DagBag from /home/lowenhard/airflow/dags/dag_example.py
[2022-03-26 18:50:24,624] {processor.py:654} INFO - DAG(s) dict_keys(['dummy_dag']) retrieved from /home/lowenhard/airflow/dags/dag_example.py
[2022-03-26 18:50:24,685] {logging_mixin.py:109} INFO - [2022-03-26 18:50:24,675] {dag.py:2398} INFO - Sync 1 DAGs
[2022-03-26 18:50:24,732] {logging_mixin.py:109} INFO - [2022-03-26 18:50:24,732] {dag.py:2937} INFO - Setting next_dagrun for dummy_dag to 2022-03-25T23:50:24.731768+00:00
[2022-03-26 18:50:24,943] {processor.py:171} INFO - Processing /home/lowenhard/airflow/dags/dag_example.py took 0.581 seconds
[2022-03-26 18:52:18,766] {processor.py:163} INFO - Started process (PID=1392) to work on /home/lowenhard/airflow/dags/dag_example.py
[2022-03-26 18:52:18,834] {processor.py:642} INFO - Processing file /home/lowenhard/airflow/dags/dag_example.py for tasks to queue
[2022-03-26 18:52:18,835] {logging_mixin.py:109} INFO - [2022-03-26 18:52:18,835] {dagbag.py:500} INFO - Filling up the DagBag from /home/lowenhard/airflow/dags/dag_example.py
[2022-03-26 18:52:18,856] {processor.py:654} INFO - DAG(s) dict_keys(['dummy_dag']) retrieved from /home/lowenhard/airflow/dags/dag_example.py
[2022-03-26 18:52:18,866] {logging_mixin.py:109} INFO - [2022-03-26 18:52:18,866] {dag.py:2398} INFO - Sync 1 DAGs
[2022-03-26 18:52:18,881] {logging_mixin.py:109} INFO - [2022-03-26 18:52:18,881] {dag.py:2937} INFO - Setting next_dagrun for dummy_dag to 2022-03-25T23:52:18.881492+00:00
[2022-03-26 18:52:20,340] {processor.py:171} INFO - Processing /home/lowenhard/airflow/dags/dag_example.py took 1.577 seconds
[2022-03-26 18:53:36,309] {processor.py:163} INFO - Started process (PID=1423) to work on /home/lowenhard/airflow/dags/dag_example.py
[2022-03-26 18:53:36,613] {processor.py:642} INFO - Processing file /home/lowenhard/airflow/dags/dag_example.py for tasks to queue
[2022-03-26 18:53:36,614] {logging_mixin.py:109} INFO - [2022-03-26 18:53:36,614] {dagbag.py:500} INFO - Filling up the DagBag from /home/lowenhard/airflow/dags/dag_example.py
[2022-03-26 18:53:36,640] {processor.py:654} INFO - DAG(s) dict_keys(['dummy_dag']) retrieved from /home/lowenhard/airflow/dags/dag_example.py
[2022-03-26 18:53:36,653] {logging_mixin.py:109} INFO - [2022-03-26 18:53:36,653] {dag.py:2398} INFO - Sync 1 DAGs
[2022-03-26 18:53:36,674] {logging_mixin.py:109} INFO - [2022-03-26 18:53:36,674] {dag.py:2937} INFO - Setting next_dagrun for dummy_dag to 2022-03-25T23:53:36.674344+00:00
[2022-03-26 18:53:37,005] {processor.py:171} INFO - Processing /home/lowenhard/airflow/dags/dag_example.py took 0.699 seconds
[2022-03-26 18:54:27,118] {processor.py:163} INFO - Started process (PID=1450) to work on /home/lowenhard/airflow/dags/dag_example.py
[2022-03-26 18:54:27,154] {processor.py:642} INFO - Processing file /home/lowenhard/airflow/dags/dag_example.py for tasks to queue
[2022-03-26 18:54:27,154] {logging_mixin.py:109} INFO - [2022-03-26 18:54:27,154] {dagbag.py:500} INFO - Filling up the DagBag from /home/lowenhard/airflow/dags/dag_example.py
[2022-03-26 18:54:27,175] {processor.py:654} INFO - DAG(s) dict_keys(['dummy_dag']) retrieved from /home/lowenhard/airflow/dags/dag_example.py
[2022-03-26 18:54:27,184] {logging_mixin.py:109} INFO - [2022-03-26 18:54:27,184] {dag.py:2398} INFO - Sync 1 DAGs
[2022-03-26 18:54:27,197] {logging_mixin.py:109} INFO - [2022-03-26 18:54:27,197] {dag.py:2937} INFO - Setting next_dagrun for dummy_dag to 2022-03-25T23:54:27.197266+00:00
[2022-03-26 18:54:27,485] {processor.py:171} INFO - Processing /home/lowenhard/airflow/dags/dag_example.py took 0.368 seconds
[2022-03-26 18:54:51,325] {processor.py:163} INFO - Started process (PID=1477) to work on /home/lowenhard/airflow/dags/dag_example.py
[2022-03-26 18:54:51,328] {processor.py:642} INFO - Processing file /home/lowenhard/airflow/dags/dag_example.py for tasks to queue
[2022-03-26 18:54:51,328] {logging_mixin.py:109} INFO - [2022-03-26 18:54:51,328] {dagbag.py:500} INFO - Filling up the DagBag from /home/lowenhard/airflow/dags/dag_example.py
[2022-03-26 18:54:51,403] {processor.py:654} INFO - DAG(s) dict_keys(['dummy_dag']) retrieved from /home/lowenhard/airflow/dags/dag_example.py
[2022-03-26 18:54:51,418] {logging_mixin.py:109} INFO - [2022-03-26 18:54:51,418] {dag.py:2398} INFO - Sync 1 DAGs
[2022-03-26 18:54:51,439] {logging_mixin.py:109} INFO - [2022-03-26 18:54:51,439] {dag.py:2937} INFO - Setting next_dagrun for dummy_dag to 2022-03-25T23:54:51.439127+00:00
[2022-03-26 18:54:51,654] {processor.py:171} INFO - Processing /home/lowenhard/airflow/dags/dag_example.py took 0.333 seconds
[2022-03-26 18:56:40,747] {processor.py:163} INFO - Started process (PID=1525) to work on /home/lowenhard/airflow/dags/dag_example.py
[2022-03-26 18:56:40,797] {processor.py:642} INFO - Processing file /home/lowenhard/airflow/dags/dag_example.py for tasks to queue
[2022-03-26 18:56:40,798] {logging_mixin.py:109} INFO - [2022-03-26 18:56:40,798] {dagbag.py:500} INFO - Filling up the DagBag from /home/lowenhard/airflow/dags/dag_example.py
[2022-03-26 18:56:41,001] {processor.py:654} INFO - DAG(s) dict_keys(['dummy_dag']) retrieved from /home/lowenhard/airflow/dags/dag_example.py
[2022-03-26 18:56:41,016] {logging_mixin.py:109} INFO - [2022-03-26 18:56:41,015] {dag.py:2398} INFO - Sync 1 DAGs
[2022-03-26 18:56:41,027] {logging_mixin.py:109} INFO - [2022-03-26 18:56:41,027] {dag.py:2937} INFO - Setting next_dagrun for dummy_dag to 2022-03-25T23:56:41.027513+00:00
[2022-03-26 18:56:42,162] {processor.py:171} INFO - Processing /home/lowenhard/airflow/dags/dag_example.py took 1.418 seconds
[2022-03-26 18:57:53,959] {processor.py:163} INFO - Started process (PID=1556) to work on /home/lowenhard/airflow/dags/dag_example.py
[2022-03-26 18:57:53,972] {processor.py:642} INFO - Processing file /home/lowenhard/airflow/dags/dag_example.py for tasks to queue
[2022-03-26 18:57:53,973] {logging_mixin.py:109} INFO - [2022-03-26 18:57:53,973] {dagbag.py:500} INFO - Filling up the DagBag from /home/lowenhard/airflow/dags/dag_example.py
[2022-03-26 18:57:53,990] {processor.py:654} INFO - DAG(s) dict_keys(['dummy_dag']) retrieved from /home/lowenhard/airflow/dags/dag_example.py
[2022-03-26 18:57:53,998] {logging_mixin.py:109} INFO - [2022-03-26 18:57:53,998] {dag.py:2398} INFO - Sync 1 DAGs
[2022-03-26 18:57:54,010] {logging_mixin.py:109} INFO - [2022-03-26 18:57:54,010] {dag.py:2937} INFO - Setting next_dagrun for dummy_dag to 2022-03-25T23:57:54.010050+00:00
[2022-03-26 18:57:54,153] {processor.py:171} INFO - Processing /home/lowenhard/airflow/dags/dag_example.py took 0.196 seconds
[2022-03-26 18:58:45,310] {processor.py:163} INFO - Started process (PID=1583) to work on /home/lowenhard/airflow/dags/dag_example.py
[2022-03-26 18:58:46,411] {processor.py:642} INFO - Processing file /home/lowenhard/airflow/dags/dag_example.py for tasks to queue
[2022-03-26 18:58:46,412] {logging_mixin.py:109} INFO - [2022-03-26 18:58:46,412] {dagbag.py:500} INFO - Filling up the DagBag from /home/lowenhard/airflow/dags/dag_example.py
[2022-03-26 18:58:46,765] {processor.py:654} INFO - DAG(s) dict_keys(['dummy_dag']) retrieved from /home/lowenhard/airflow/dags/dag_example.py
[2022-03-26 18:58:46,774] {logging_mixin.py:109} INFO - [2022-03-26 18:58:46,774] {dag.py:2398} INFO - Sync 1 DAGs
[2022-03-26 18:58:46,785] {logging_mixin.py:109} INFO - [2022-03-26 18:58:46,785] {dag.py:2937} INFO - Setting next_dagrun for dummy_dag to 2022-03-25T23:58:46.785527+00:00
[2022-03-26 18:58:46,966] {processor.py:171} INFO - Processing /home/lowenhard/airflow/dags/dag_example.py took 1.658 seconds
[2022-03-26 18:59:27,720] {processor.py:163} INFO - Started process (PID=1603) to work on /home/lowenhard/airflow/dags/dag_example.py
[2022-03-26 18:59:27,735] {processor.py:642} INFO - Processing file /home/lowenhard/airflow/dags/dag_example.py for tasks to queue
[2022-03-26 18:59:27,735] {logging_mixin.py:109} INFO - [2022-03-26 18:59:27,735] {dagbag.py:500} INFO - Filling up the DagBag from /home/lowenhard/airflow/dags/dag_example.py
[2022-03-26 18:59:27,755] {processor.py:654} INFO - DAG(s) dict_keys(['dummy_dag']) retrieved from /home/lowenhard/airflow/dags/dag_example.py
[2022-03-26 18:59:27,763] {logging_mixin.py:109} INFO - [2022-03-26 18:59:27,763] {dag.py:2398} INFO - Sync 1 DAGs
[2022-03-26 18:59:27,775] {logging_mixin.py:109} INFO - [2022-03-26 18:59:27,775] {dag.py:2937} INFO - Setting next_dagrun for dummy_dag to 2022-03-25T23:59:27.774804+00:00
[2022-03-26 18:59:27,976] {processor.py:171} INFO - Processing /home/lowenhard/airflow/dags/dag_example.py took 0.258 seconds
