[2022-03-26 18:26:14,639] {processor.py:163} INFO - Started process (PID=551) to work on /home/lowenhard/airflow/dags/dummy_conn.py
[2022-03-26 18:26:14,640] {processor.py:642} INFO - Processing file /home/lowenhard/airflow/dags/dummy_conn.py for tasks to queue
[2022-03-26 18:26:14,640] {logging_mixin.py:109} INFO - [2022-03-26 18:26:14,640] {dagbag.py:500} INFO - Filling up the DagBag from /home/lowenhard/airflow/dags/dummy_conn.py
[2022-03-26 18:26:14,676] {processor.py:654} INFO - DAG(s) dict_keys(['Etl']) retrieved from /home/lowenhard/airflow/dags/dummy_conn.py
[2022-03-26 18:26:14,684] {logging_mixin.py:109} INFO - [2022-03-26 18:26:14,684] {dag.py:2398} INFO - Sync 1 DAGs
[2022-03-26 18:26:14,699] {logging_mixin.py:109} INFO - [2022-03-26 18:26:14,699] {dag.py:2937} INFO - Setting next_dagrun for Etl to 2022-03-25 00:00:00+00:00
[2022-03-26 18:26:14,965] {processor.py:171} INFO - Processing /home/lowenhard/airflow/dags/dummy_conn.py took 0.328 seconds
[2022-03-26 18:27:29,015] {processor.py:163} INFO - Started process (PID=587) to work on /home/lowenhard/airflow/dags/dummy_conn.py
[2022-03-26 18:27:29,289] {processor.py:642} INFO - Processing file /home/lowenhard/airflow/dags/dummy_conn.py for tasks to queue
[2022-03-26 18:27:29,290] {logging_mixin.py:109} INFO - [2022-03-26 18:27:29,289] {dagbag.py:500} INFO - Filling up the DagBag from /home/lowenhard/airflow/dags/dummy_conn.py
[2022-03-26 18:27:30,470] {processor.py:654} INFO - DAG(s) dict_keys(['Etl']) retrieved from /home/lowenhard/airflow/dags/dummy_conn.py
[2022-03-26 18:27:30,477] {logging_mixin.py:109} INFO - [2022-03-26 18:27:30,477] {dag.py:2398} INFO - Sync 1 DAGs
[2022-03-26 18:27:30,492] {logging_mixin.py:109} INFO - [2022-03-26 18:27:30,492] {dag.py:2937} INFO - Setting next_dagrun for Etl to 2022-03-25 00:00:00+00:00
[2022-03-26 18:27:30,753] {processor.py:171} INFO - Processing /home/lowenhard/airflow/dags/dummy_conn.py took 1.740 seconds
[2022-03-26 18:28:25,076] {processor.py:163} INFO - Started process (PID=610) to work on /home/lowenhard/airflow/dags/dummy_conn.py
[2022-03-26 18:28:25,090] {processor.py:642} INFO - Processing file /home/lowenhard/airflow/dags/dummy_conn.py for tasks to queue
[2022-03-26 18:28:25,090] {logging_mixin.py:109} INFO - [2022-03-26 18:28:25,090] {dagbag.py:500} INFO - Filling up the DagBag from /home/lowenhard/airflow/dags/dummy_conn.py
[2022-03-26 18:28:25,126] {processor.py:654} INFO - DAG(s) dict_keys(['Etl']) retrieved from /home/lowenhard/airflow/dags/dummy_conn.py
[2022-03-26 18:28:25,134] {logging_mixin.py:109} INFO - [2022-03-26 18:28:25,134] {dag.py:2398} INFO - Sync 1 DAGs
[2022-03-26 18:28:25,148] {logging_mixin.py:109} INFO - [2022-03-26 18:28:25,148] {dag.py:2937} INFO - Setting next_dagrun for Etl to 2022-03-25 00:00:00+00:00
[2022-03-26 18:28:27,003] {processor.py:171} INFO - Processing /home/lowenhard/airflow/dags/dummy_conn.py took 1.930 seconds
[2022-03-26 18:30:14,253] {processor.py:163} INFO - Started process (PID=661) to work on /home/lowenhard/airflow/dags/dummy_conn.py
[2022-03-26 18:30:14,256] {processor.py:642} INFO - Processing file /home/lowenhard/airflow/dags/dummy_conn.py for tasks to queue
[2022-03-26 18:30:14,256] {logging_mixin.py:109} INFO - [2022-03-26 18:30:14,256] {dagbag.py:500} INFO - Filling up the DagBag from /home/lowenhard/airflow/dags/dummy_conn.py
[2022-03-26 18:30:14,290] {processor.py:654} INFO - DAG(s) dict_keys(['Etl']) retrieved from /home/lowenhard/airflow/dags/dummy_conn.py
[2022-03-26 18:30:14,300] {logging_mixin.py:109} INFO - [2022-03-26 18:30:14,300] {dag.py:2398} INFO - Sync 1 DAGs
[2022-03-26 18:30:14,312] {logging_mixin.py:109} INFO - [2022-03-26 18:30:14,311] {dag.py:2937} INFO - Setting next_dagrun for Etl to 2022-03-25 00:00:00+00:00
[2022-03-26 18:30:14,453] {processor.py:171} INFO - Processing /home/lowenhard/airflow/dags/dummy_conn.py took 0.202 seconds
[2022-03-26 18:31:08,488] {processor.py:163} INFO - Started process (PID=698) to work on /home/lowenhard/airflow/dags/dummy_conn.py
[2022-03-26 18:31:08,501] {processor.py:642} INFO - Processing file /home/lowenhard/airflow/dags/dummy_conn.py for tasks to queue
[2022-03-26 18:31:08,502] {logging_mixin.py:109} INFO - [2022-03-26 18:31:08,502] {dagbag.py:500} INFO - Filling up the DagBag from /home/lowenhard/airflow/dags/dummy_conn.py
[2022-03-26 18:31:08,538] {processor.py:654} INFO - DAG(s) dict_keys(['Etl']) retrieved from /home/lowenhard/airflow/dags/dummy_conn.py
[2022-03-26 18:31:08,546] {logging_mixin.py:109} INFO - [2022-03-26 18:31:08,546] {dag.py:2398} INFO - Sync 1 DAGs
[2022-03-26 18:31:08,558] {logging_mixin.py:109} INFO - [2022-03-26 18:31:08,558] {dag.py:2937} INFO - Setting next_dagrun for Etl to 2022-03-25 00:00:00+00:00
[2022-03-26 18:31:08,717] {processor.py:171} INFO - Processing /home/lowenhard/airflow/dags/dummy_conn.py took 0.231 seconds
[2022-03-26 18:31:55,283] {processor.py:163} INFO - Started process (PID=733) to work on /home/lowenhard/airflow/dags/dummy_conn.py
[2022-03-26 18:31:55,286] {processor.py:642} INFO - Processing file /home/lowenhard/airflow/dags/dummy_conn.py for tasks to queue
[2022-03-26 18:31:55,287] {logging_mixin.py:109} INFO - [2022-03-26 18:31:55,287] {dagbag.py:500} INFO - Filling up the DagBag from /home/lowenhard/airflow/dags/dummy_conn.py
[2022-03-26 18:31:55,322] {processor.py:654} INFO - DAG(s) dict_keys(['Etl']) retrieved from /home/lowenhard/airflow/dags/dummy_conn.py
[2022-03-26 18:31:55,330] {logging_mixin.py:109} INFO - [2022-03-26 18:31:55,330] {dag.py:2398} INFO - Sync 1 DAGs
[2022-03-26 18:31:55,341] {logging_mixin.py:109} INFO - [2022-03-26 18:31:55,341] {dag.py:2937} INFO - Setting next_dagrun for Etl to 2022-03-25 00:00:00+00:00
[2022-03-26 18:31:55,562] {processor.py:171} INFO - Processing /home/lowenhard/airflow/dags/dummy_conn.py took 0.282 seconds
[2022-03-26 18:32:32,716] {processor.py:163} INFO - Started process (PID=760) to work on /home/lowenhard/airflow/dags/dummy_conn.py
[2022-03-26 18:32:32,728] {processor.py:642} INFO - Processing file /home/lowenhard/airflow/dags/dummy_conn.py for tasks to queue
[2022-03-26 18:32:32,728] {logging_mixin.py:109} INFO - [2022-03-26 18:32:32,728] {dagbag.py:500} INFO - Filling up the DagBag from /home/lowenhard/airflow/dags/dummy_conn.py
[2022-03-26 18:32:32,766] {processor.py:654} INFO - DAG(s) dict_keys(['Etl']) retrieved from /home/lowenhard/airflow/dags/dummy_conn.py
[2022-03-26 18:32:32,773] {logging_mixin.py:109} INFO - [2022-03-26 18:32:32,773] {dag.py:2398} INFO - Sync 1 DAGs
[2022-03-26 18:32:32,787] {logging_mixin.py:109} INFO - [2022-03-26 18:32:32,786] {dag.py:2937} INFO - Setting next_dagrun for Etl to 2022-03-25 00:00:00+00:00
[2022-03-26 18:32:33,610] {processor.py:171} INFO - Processing /home/lowenhard/airflow/dags/dummy_conn.py took 0.897 seconds
[2022-03-26 18:33:19,780] {processor.py:163} INFO - Started process (PID=791) to work on /home/lowenhard/airflow/dags/dummy_conn.py
[2022-03-26 18:33:19,783] {processor.py:642} INFO - Processing file /home/lowenhard/airflow/dags/dummy_conn.py for tasks to queue
[2022-03-26 18:33:19,783] {logging_mixin.py:109} INFO - [2022-03-26 18:33:19,783] {dagbag.py:500} INFO - Filling up the DagBag from /home/lowenhard/airflow/dags/dummy_conn.py
[2022-03-26 18:33:19,822] {processor.py:654} INFO - DAG(s) dict_keys(['Etl']) retrieved from /home/lowenhard/airflow/dags/dummy_conn.py
[2022-03-26 18:33:19,831] {logging_mixin.py:109} INFO - [2022-03-26 18:33:19,830] {dag.py:2398} INFO - Sync 1 DAGs
[2022-03-26 18:33:19,842] {logging_mixin.py:109} INFO - [2022-03-26 18:33:19,842] {dag.py:2937} INFO - Setting next_dagrun for Etl to 2022-03-25 00:00:00+00:00
[2022-03-26 18:33:19,969] {processor.py:171} INFO - Processing /home/lowenhard/airflow/dags/dummy_conn.py took 0.191 seconds
[2022-03-26 18:33:59,205] {processor.py:163} INFO - Started process (PID=821) to work on /home/lowenhard/airflow/dags/dummy_conn.py
[2022-03-26 18:33:59,245] {processor.py:642} INFO - Processing file /home/lowenhard/airflow/dags/dummy_conn.py for tasks to queue
[2022-03-26 18:33:59,246] {logging_mixin.py:109} INFO - [2022-03-26 18:33:59,246] {dagbag.py:500} INFO - Filling up the DagBag from /home/lowenhard/airflow/dags/dummy_conn.py
[2022-03-26 18:33:59,284] {processor.py:654} INFO - DAG(s) dict_keys(['Etl']) retrieved from /home/lowenhard/airflow/dags/dummy_conn.py
[2022-03-26 18:33:59,292] {logging_mixin.py:109} INFO - [2022-03-26 18:33:59,292] {dag.py:2398} INFO - Sync 1 DAGs
[2022-03-26 18:33:59,303] {logging_mixin.py:109} INFO - [2022-03-26 18:33:59,303] {dag.py:2937} INFO - Setting next_dagrun for Etl to 2022-03-25 00:00:00+00:00
[2022-03-26 18:33:59,465] {processor.py:171} INFO - Processing /home/lowenhard/airflow/dags/dummy_conn.py took 0.263 seconds
[2022-03-26 18:34:34,666] {processor.py:163} INFO - Started process (PID=846) to work on /home/lowenhard/airflow/dags/dummy_conn.py
[2022-03-26 18:34:34,674] {processor.py:642} INFO - Processing file /home/lowenhard/airflow/dags/dummy_conn.py for tasks to queue
[2022-03-26 18:34:34,675] {logging_mixin.py:109} INFO - [2022-03-26 18:34:34,675] {dagbag.py:500} INFO - Filling up the DagBag from /home/lowenhard/airflow/dags/dummy_conn.py
[2022-03-26 18:34:34,711] {processor.py:654} INFO - DAG(s) dict_keys(['Etl']) retrieved from /home/lowenhard/airflow/dags/dummy_conn.py
[2022-03-26 18:34:34,719] {logging_mixin.py:109} INFO - [2022-03-26 18:34:34,719] {dag.py:2398} INFO - Sync 1 DAGs
[2022-03-26 18:34:34,731] {logging_mixin.py:109} INFO - [2022-03-26 18:34:34,731] {dag.py:2937} INFO - Setting next_dagrun for Etl to 2022-03-25 00:00:00+00:00
[2022-03-26 18:34:34,910] {processor.py:171} INFO - Processing /home/lowenhard/airflow/dags/dummy_conn.py took 0.248 seconds
[2022-03-26 18:35:19,274] {processor.py:163} INFO - Started process (PID=875) to work on /home/lowenhard/airflow/dags/dummy_conn.py
[2022-03-26 18:35:19,286] {processor.py:642} INFO - Processing file /home/lowenhard/airflow/dags/dummy_conn.py for tasks to queue
[2022-03-26 18:35:19,287] {logging_mixin.py:109} INFO - [2022-03-26 18:35:19,286] {dagbag.py:500} INFO - Filling up the DagBag from /home/lowenhard/airflow/dags/dummy_conn.py
[2022-03-26 18:35:19,343] {processor.py:654} INFO - DAG(s) dict_keys(['Etl']) retrieved from /home/lowenhard/airflow/dags/dummy_conn.py
[2022-03-26 18:35:19,355] {logging_mixin.py:109} INFO - [2022-03-26 18:35:19,355] {dag.py:2398} INFO - Sync 1 DAGs
[2022-03-26 18:35:19,380] {logging_mixin.py:109} INFO - [2022-03-26 18:35:19,380] {dag.py:2937} INFO - Setting next_dagrun for Etl to 2022-03-25 00:00:00+00:00
[2022-03-26 18:35:19,585] {processor.py:171} INFO - Processing /home/lowenhard/airflow/dags/dummy_conn.py took 0.314 seconds
[2022-03-26 18:36:16,557] {processor.py:163} INFO - Started process (PID=911) to work on /home/lowenhard/airflow/dags/dummy_conn.py
[2022-03-26 18:36:16,573] {processor.py:642} INFO - Processing file /home/lowenhard/airflow/dags/dummy_conn.py for tasks to queue
[2022-03-26 18:36:16,573] {logging_mixin.py:109} INFO - [2022-03-26 18:36:16,573] {dagbag.py:500} INFO - Filling up the DagBag from /home/lowenhard/airflow/dags/dummy_conn.py
[2022-03-26 18:36:16,608] {processor.py:654} INFO - DAG(s) dict_keys(['Etl']) retrieved from /home/lowenhard/airflow/dags/dummy_conn.py
[2022-03-26 18:36:16,617] {logging_mixin.py:109} INFO - [2022-03-26 18:36:16,617] {dag.py:2398} INFO - Sync 1 DAGs
[2022-03-26 18:36:16,628] {logging_mixin.py:109} INFO - [2022-03-26 18:36:16,628] {dag.py:2937} INFO - Setting next_dagrun for Etl to 2022-03-25 00:00:00+00:00
[2022-03-26 18:36:17,092] {processor.py:171} INFO - Processing /home/lowenhard/airflow/dags/dummy_conn.py took 0.537 seconds
[2022-03-26 18:37:14,310] {processor.py:163} INFO - Started process (PID=944) to work on /home/lowenhard/airflow/dags/dummy_conn.py
[2022-03-26 18:37:14,331] {processor.py:642} INFO - Processing file /home/lowenhard/airflow/dags/dummy_conn.py for tasks to queue
[2022-03-26 18:37:14,332] {logging_mixin.py:109} INFO - [2022-03-26 18:37:14,332] {dagbag.py:500} INFO - Filling up the DagBag from /home/lowenhard/airflow/dags/dummy_conn.py
[2022-03-26 18:37:14,600] {processor.py:654} INFO - DAG(s) dict_keys(['Etl']) retrieved from /home/lowenhard/airflow/dags/dummy_conn.py
[2022-03-26 18:37:14,610] {logging_mixin.py:109} INFO - [2022-03-26 18:37:14,610] {dag.py:2398} INFO - Sync 1 DAGs
[2022-03-26 18:37:14,624] {logging_mixin.py:109} INFO - [2022-03-26 18:37:14,624] {dag.py:2937} INFO - Setting next_dagrun for Etl to 2022-03-25 00:00:00+00:00
[2022-03-26 18:37:14,869] {processor.py:171} INFO - Processing /home/lowenhard/airflow/dags/dummy_conn.py took 0.561 seconds
[2022-03-26 18:37:53,566] {processor.py:163} INFO - Started process (PID=965) to work on /home/lowenhard/airflow/dags/dummy_conn.py
[2022-03-26 18:37:53,585] {processor.py:642} INFO - Processing file /home/lowenhard/airflow/dags/dummy_conn.py for tasks to queue
[2022-03-26 18:37:53,585] {logging_mixin.py:109} INFO - [2022-03-26 18:37:53,585] {dagbag.py:500} INFO - Filling up the DagBag from /home/lowenhard/airflow/dags/dummy_conn.py
[2022-03-26 18:37:53,620] {processor.py:654} INFO - DAG(s) dict_keys(['Etl']) retrieved from /home/lowenhard/airflow/dags/dummy_conn.py
[2022-03-26 18:37:53,628] {logging_mixin.py:109} INFO - [2022-03-26 18:37:53,627] {dag.py:2398} INFO - Sync 1 DAGs
[2022-03-26 18:37:53,639] {logging_mixin.py:109} INFO - [2022-03-26 18:37:53,639] {dag.py:2937} INFO - Setting next_dagrun for Etl to 2022-03-25 00:00:00+00:00
[2022-03-26 18:37:54,331] {processor.py:171} INFO - Processing /home/lowenhard/airflow/dags/dummy_conn.py took 0.767 seconds
[2022-03-26 18:38:38,404] {processor.py:163} INFO - Started process (PID=986) to work on /home/lowenhard/airflow/dags/dummy_conn.py
[2022-03-26 18:38:38,407] {processor.py:642} INFO - Processing file /home/lowenhard/airflow/dags/dummy_conn.py for tasks to queue
[2022-03-26 18:38:38,408] {logging_mixin.py:109} INFO - [2022-03-26 18:38:38,407] {dagbag.py:500} INFO - Filling up the DagBag from /home/lowenhard/airflow/dags/dummy_conn.py
[2022-03-26 18:38:38,449] {processor.py:654} INFO - DAG(s) dict_keys(['Etl']) retrieved from /home/lowenhard/airflow/dags/dummy_conn.py
[2022-03-26 18:38:38,457] {logging_mixin.py:109} INFO - [2022-03-26 18:38:38,457] {dag.py:2398} INFO - Sync 1 DAGs
[2022-03-26 18:38:38,471] {logging_mixin.py:109} INFO - [2022-03-26 18:38:38,470] {dag.py:2937} INFO - Setting next_dagrun for Etl to 2022-03-25 00:00:00+00:00
[2022-03-26 18:38:40,803] {processor.py:171} INFO - Processing /home/lowenhard/airflow/dags/dummy_conn.py took 2.401 seconds
[2022-03-26 18:39:32,330] {processor.py:163} INFO - Started process (PID=1023) to work on /home/lowenhard/airflow/dags/dummy_conn.py
[2022-03-26 18:39:32,536] {processor.py:642} INFO - Processing file /home/lowenhard/airflow/dags/dummy_conn.py for tasks to queue
[2022-03-26 18:39:32,537] {logging_mixin.py:109} INFO - [2022-03-26 18:39:32,537] {dagbag.py:500} INFO - Filling up the DagBag from /home/lowenhard/airflow/dags/dummy_conn.py
[2022-03-26 18:39:32,577] {processor.py:654} INFO - DAG(s) dict_keys(['Etl']) retrieved from /home/lowenhard/airflow/dags/dummy_conn.py
[2022-03-26 18:39:32,584] {logging_mixin.py:109} INFO - [2022-03-26 18:39:32,584] {dag.py:2398} INFO - Sync 1 DAGs
[2022-03-26 18:39:32,599] {logging_mixin.py:109} INFO - [2022-03-26 18:39:32,599] {dag.py:2937} INFO - Setting next_dagrun for Etl to 2022-03-25 00:00:00+00:00
[2022-03-26 18:39:33,564] {processor.py:171} INFO - Processing /home/lowenhard/airflow/dags/dummy_conn.py took 1.237 seconds
[2022-03-26 18:40:16,246] {processor.py:163} INFO - Started process (PID=1046) to work on /home/lowenhard/airflow/dags/dummy_conn.py
[2022-03-26 18:40:16,501] {processor.py:642} INFO - Processing file /home/lowenhard/airflow/dags/dummy_conn.py for tasks to queue
[2022-03-26 18:40:16,502] {logging_mixin.py:109} INFO - [2022-03-26 18:40:16,502] {dagbag.py:500} INFO - Filling up the DagBag from /home/lowenhard/airflow/dags/dummy_conn.py
[2022-03-26 18:40:16,537] {processor.py:654} INFO - DAG(s) dict_keys(['Etl']) retrieved from /home/lowenhard/airflow/dags/dummy_conn.py
[2022-03-26 18:40:16,546] {logging_mixin.py:109} INFO - [2022-03-26 18:40:16,546] {dag.py:2398} INFO - Sync 1 DAGs
[2022-03-26 18:40:16,559] {logging_mixin.py:109} INFO - [2022-03-26 18:40:16,559] {dag.py:2937} INFO - Setting next_dagrun for Etl to 2022-03-25 00:00:00+00:00
[2022-03-26 18:40:17,055] {processor.py:171} INFO - Processing /home/lowenhard/airflow/dags/dummy_conn.py took 0.811 seconds
[2022-03-26 18:40:57,652] {processor.py:163} INFO - Started process (PID=1077) to work on /home/lowenhard/airflow/dags/dummy_conn.py
[2022-03-26 18:40:57,666] {processor.py:642} INFO - Processing file /home/lowenhard/airflow/dags/dummy_conn.py for tasks to queue
[2022-03-26 18:40:57,667] {logging_mixin.py:109} INFO - [2022-03-26 18:40:57,667] {dagbag.py:500} INFO - Filling up the DagBag from /home/lowenhard/airflow/dags/dummy_conn.py
[2022-03-26 18:40:57,700] {processor.py:654} INFO - DAG(s) dict_keys(['Etl']) retrieved from /home/lowenhard/airflow/dags/dummy_conn.py
[2022-03-26 18:40:57,707] {logging_mixin.py:109} INFO - [2022-03-26 18:40:57,707] {dag.py:2398} INFO - Sync 1 DAGs
[2022-03-26 18:40:57,719] {logging_mixin.py:109} INFO - [2022-03-26 18:40:57,719] {dag.py:2937} INFO - Setting next_dagrun for Etl to 2022-03-25 00:00:00+00:00
[2022-03-26 18:40:57,841] {processor.py:171} INFO - Processing /home/lowenhard/airflow/dags/dummy_conn.py took 0.191 seconds
[2022-03-26 18:41:55,120] {processor.py:163} INFO - Started process (PID=1100) to work on /home/lowenhard/airflow/dags/dummy_conn.py
[2022-03-26 18:41:55,123] {processor.py:642} INFO - Processing file /home/lowenhard/airflow/dags/dummy_conn.py for tasks to queue
[2022-03-26 18:41:55,124] {logging_mixin.py:109} INFO - [2022-03-26 18:41:55,123] {dagbag.py:500} INFO - Filling up the DagBag from /home/lowenhard/airflow/dags/dummy_conn.py
[2022-03-26 18:41:55,162] {processor.py:654} INFO - DAG(s) dict_keys(['Etl']) retrieved from /home/lowenhard/airflow/dags/dummy_conn.py
[2022-03-26 18:41:55,169] {logging_mixin.py:109} INFO - [2022-03-26 18:41:55,169] {dag.py:2398} INFO - Sync 1 DAGs
[2022-03-26 18:41:55,180] {logging_mixin.py:109} INFO - [2022-03-26 18:41:55,180] {dag.py:2937} INFO - Setting next_dagrun for Etl to 2022-03-25 00:00:00+00:00
[2022-03-26 18:41:56,154] {processor.py:171} INFO - Processing /home/lowenhard/airflow/dags/dummy_conn.py took 1.036 seconds
[2022-03-26 18:43:18,056] {processor.py:163} INFO - Started process (PID=1142) to work on /home/lowenhard/airflow/dags/dummy_conn.py
[2022-03-26 18:43:18,242] {processor.py:642} INFO - Processing file /home/lowenhard/airflow/dags/dummy_conn.py for tasks to queue
[2022-03-26 18:43:18,243] {logging_mixin.py:109} INFO - [2022-03-26 18:43:18,243] {dagbag.py:500} INFO - Filling up the DagBag from /home/lowenhard/airflow/dags/dummy_conn.py
[2022-03-26 18:43:18,281] {processor.py:654} INFO - DAG(s) dict_keys(['Etl']) retrieved from /home/lowenhard/airflow/dags/dummy_conn.py
[2022-03-26 18:43:18,289] {logging_mixin.py:109} INFO - [2022-03-26 18:43:18,289] {dag.py:2398} INFO - Sync 1 DAGs
[2022-03-26 18:43:18,303] {logging_mixin.py:109} INFO - [2022-03-26 18:43:18,303] {dag.py:2937} INFO - Setting next_dagrun for Etl to 2022-03-25 00:00:00+00:00
[2022-03-26 18:43:19,594] {processor.py:171} INFO - Processing /home/lowenhard/airflow/dags/dummy_conn.py took 1.540 seconds
[2022-03-26 18:44:01,456] {processor.py:163} INFO - Started process (PID=1163) to work on /home/lowenhard/airflow/dags/dummy_conn.py
[2022-03-26 18:44:01,619] {processor.py:642} INFO - Processing file /home/lowenhard/airflow/dags/dummy_conn.py for tasks to queue
[2022-03-26 18:44:01,619] {logging_mixin.py:109} INFO - [2022-03-26 18:44:01,619] {dagbag.py:500} INFO - Filling up the DagBag from /home/lowenhard/airflow/dags/dummy_conn.py
[2022-03-26 18:44:01,654] {processor.py:654} INFO - DAG(s) dict_keys(['Etl']) retrieved from /home/lowenhard/airflow/dags/dummy_conn.py
[2022-03-26 18:44:01,662] {logging_mixin.py:109} INFO - [2022-03-26 18:44:01,662] {dag.py:2398} INFO - Sync 1 DAGs
[2022-03-26 18:44:01,676] {logging_mixin.py:109} INFO - [2022-03-26 18:44:01,675] {dag.py:2937} INFO - Setting next_dagrun for Etl to 2022-03-25 00:00:00+00:00
[2022-03-26 18:44:02,253] {processor.py:171} INFO - Processing /home/lowenhard/airflow/dags/dummy_conn.py took 0.799 seconds
[2022-03-26 18:44:44,426] {processor.py:163} INFO - Started process (PID=1185) to work on /home/lowenhard/airflow/dags/dummy_conn.py
[2022-03-26 18:44:44,429] {processor.py:642} INFO - Processing file /home/lowenhard/airflow/dags/dummy_conn.py for tasks to queue
[2022-03-26 18:44:44,430] {logging_mixin.py:109} INFO - [2022-03-26 18:44:44,430] {dagbag.py:500} INFO - Filling up the DagBag from /home/lowenhard/airflow/dags/dummy_conn.py
[2022-03-26 18:44:44,467] {processor.py:654} INFO - DAG(s) dict_keys(['Etl']) retrieved from /home/lowenhard/airflow/dags/dummy_conn.py
[2022-03-26 18:44:44,475] {logging_mixin.py:109} INFO - [2022-03-26 18:44:44,475] {dag.py:2398} INFO - Sync 1 DAGs
[2022-03-26 18:44:44,489] {logging_mixin.py:109} INFO - [2022-03-26 18:44:44,489] {dag.py:2937} INFO - Setting next_dagrun for Etl to 2022-03-25 00:00:00+00:00
[2022-03-26 18:44:45,355] {processor.py:171} INFO - Processing /home/lowenhard/airflow/dags/dummy_conn.py took 0.932 seconds
[2022-03-26 18:45:29,148] {processor.py:163} INFO - Started process (PID=1206) to work on /home/lowenhard/airflow/dags/dummy_conn.py
[2022-03-26 18:45:29,313] {processor.py:642} INFO - Processing file /home/lowenhard/airflow/dags/dummy_conn.py for tasks to queue
[2022-03-26 18:45:29,314] {logging_mixin.py:109} INFO - [2022-03-26 18:45:29,314] {dagbag.py:500} INFO - Filling up the DagBag from /home/lowenhard/airflow/dags/dummy_conn.py
[2022-03-26 18:45:29,582] {processor.py:654} INFO - DAG(s) dict_keys(['Etl']) retrieved from /home/lowenhard/airflow/dags/dummy_conn.py
[2022-03-26 18:45:29,592] {logging_mixin.py:109} INFO - [2022-03-26 18:45:29,591] {dag.py:2398} INFO - Sync 1 DAGs
[2022-03-26 18:45:29,605] {logging_mixin.py:109} INFO - [2022-03-26 18:45:29,605] {dag.py:2937} INFO - Setting next_dagrun for Etl to 2022-03-25 00:00:00+00:00
[2022-03-26 18:45:29,753] {processor.py:171} INFO - Processing /home/lowenhard/airflow/dags/dummy_conn.py took 0.608 seconds
[2022-03-26 18:46:32,847] {processor.py:163} INFO - Started process (PID=1234) to work on /home/lowenhard/airflow/dags/dummy_conn.py
[2022-03-26 18:46:34,025] {processor.py:642} INFO - Processing file /home/lowenhard/airflow/dags/dummy_conn.py for tasks to queue
[2022-03-26 18:46:34,025] {logging_mixin.py:109} INFO - [2022-03-26 18:46:34,025] {dagbag.py:500} INFO - Filling up the DagBag from /home/lowenhard/airflow/dags/dummy_conn.py
[2022-03-26 18:46:34,594] {processor.py:654} INFO - DAG(s) dict_keys(['Etl']) retrieved from /home/lowenhard/airflow/dags/dummy_conn.py
[2022-03-26 18:46:34,603] {logging_mixin.py:109} INFO - [2022-03-26 18:46:34,603] {dag.py:2398} INFO - Sync 1 DAGs
[2022-03-26 18:46:34,617] {logging_mixin.py:109} INFO - [2022-03-26 18:46:34,617] {dag.py:2937} INFO - Setting next_dagrun for Etl to 2022-03-25 00:00:00+00:00
[2022-03-26 18:46:34,803] {processor.py:171} INFO - Processing /home/lowenhard/airflow/dags/dummy_conn.py took 1.960 seconds
[2022-03-26 18:48:12,925] {processor.py:163} INFO - Started process (PID=1271) to work on /home/lowenhard/airflow/dags/dummy_conn.py
[2022-03-26 18:48:12,952] {processor.py:642} INFO - Processing file /home/lowenhard/airflow/dags/dummy_conn.py for tasks to queue
[2022-03-26 18:48:12,954] {logging_mixin.py:109} INFO - [2022-03-26 18:48:12,954] {dagbag.py:500} INFO - Filling up the DagBag from /home/lowenhard/airflow/dags/dummy_conn.py
[2022-03-26 18:48:13,254] {processor.py:654} INFO - DAG(s) dict_keys(['Etl']) retrieved from /home/lowenhard/airflow/dags/dummy_conn.py
[2022-03-26 18:48:13,265] {logging_mixin.py:109} INFO - [2022-03-26 18:48:13,265] {dag.py:2398} INFO - Sync 1 DAGs
[2022-03-26 18:48:13,474] {logging_mixin.py:109} INFO - [2022-03-26 18:48:13,474] {dag.py:2937} INFO - Setting next_dagrun for Etl to 2022-03-25 00:00:00+00:00
[2022-03-26 18:48:13,843] {processor.py:171} INFO - Processing /home/lowenhard/airflow/dags/dummy_conn.py took 0.921 seconds
[2022-03-26 18:49:21,149] {processor.py:163} INFO - Started process (PID=1300) to work on /home/lowenhard/airflow/dags/dummy_conn.py
[2022-03-26 18:49:21,156] {processor.py:642} INFO - Processing file /home/lowenhard/airflow/dags/dummy_conn.py for tasks to queue
[2022-03-26 18:49:21,157] {logging_mixin.py:109} INFO - [2022-03-26 18:49:21,156] {dagbag.py:500} INFO - Filling up the DagBag from /home/lowenhard/airflow/dags/dummy_conn.py
[2022-03-26 18:49:21,191] {processor.py:654} INFO - DAG(s) dict_keys(['Etl']) retrieved from /home/lowenhard/airflow/dags/dummy_conn.py
[2022-03-26 18:49:21,199] {logging_mixin.py:109} INFO - [2022-03-26 18:49:21,199] {dag.py:2398} INFO - Sync 1 DAGs
[2022-03-26 18:49:21,211] {logging_mixin.py:109} INFO - [2022-03-26 18:49:21,211] {dag.py:2937} INFO - Setting next_dagrun for Etl to 2022-03-25 00:00:00+00:00
[2022-03-26 18:49:21,371] {processor.py:171} INFO - Processing /home/lowenhard/airflow/dags/dummy_conn.py took 0.225 seconds
[2022-03-26 18:50:21,730] {processor.py:163} INFO - Started process (PID=1339) to work on /home/lowenhard/airflow/dags/dummy_conn.py
[2022-03-26 18:50:21,745] {processor.py:642} INFO - Processing file /home/lowenhard/airflow/dags/dummy_conn.py for tasks to queue
[2022-03-26 18:50:21,746] {logging_mixin.py:109} INFO - [2022-03-26 18:50:21,746] {dagbag.py:500} INFO - Filling up the DagBag from /home/lowenhard/airflow/dags/dummy_conn.py
[2022-03-26 18:50:21,800] {processor.py:654} INFO - DAG(s) dict_keys(['Etl']) retrieved from /home/lowenhard/airflow/dags/dummy_conn.py
[2022-03-26 18:50:21,813] {logging_mixin.py:109} INFO - [2022-03-26 18:50:21,813] {dag.py:2398} INFO - Sync 1 DAGs
[2022-03-26 18:50:21,830] {logging_mixin.py:109} INFO - [2022-03-26 18:50:21,830] {dag.py:2937} INFO - Setting next_dagrun for Etl to 2022-03-25 00:00:00+00:00
[2022-03-26 18:50:23,141] {processor.py:171} INFO - Processing /home/lowenhard/airflow/dags/dummy_conn.py took 1.414 seconds
[2022-03-26 18:52:17,142] {processor.py:163} INFO - Started process (PID=1391) to work on /home/lowenhard/airflow/dags/dummy_conn.py
[2022-03-26 18:52:17,153] {processor.py:642} INFO - Processing file /home/lowenhard/airflow/dags/dummy_conn.py for tasks to queue
[2022-03-26 18:52:17,154] {logging_mixin.py:109} INFO - [2022-03-26 18:52:17,154] {dagbag.py:500} INFO - Filling up the DagBag from /home/lowenhard/airflow/dags/dummy_conn.py
[2022-03-26 18:52:17,203] {processor.py:654} INFO - DAG(s) dict_keys(['Etl']) retrieved from /home/lowenhard/airflow/dags/dummy_conn.py
[2022-03-26 18:52:17,214] {logging_mixin.py:109} INFO - [2022-03-26 18:52:17,214] {dag.py:2398} INFO - Sync 1 DAGs
[2022-03-26 18:52:17,231] {logging_mixin.py:109} INFO - [2022-03-26 18:52:17,231] {dag.py:2937} INFO - Setting next_dagrun for Etl to 2022-03-25 00:00:00+00:00
[2022-03-26 18:52:17,448] {processor.py:171} INFO - Processing /home/lowenhard/airflow/dags/dummy_conn.py took 0.309 seconds
[2022-03-26 18:53:33,674] {processor.py:163} INFO - Started process (PID=1422) to work on /home/lowenhard/airflow/dags/dummy_conn.py
[2022-03-26 18:53:33,681] {processor.py:642} INFO - Processing file /home/lowenhard/airflow/dags/dummy_conn.py for tasks to queue
[2022-03-26 18:53:33,681] {logging_mixin.py:109} INFO - [2022-03-26 18:53:33,681] {dagbag.py:500} INFO - Filling up the DagBag from /home/lowenhard/airflow/dags/dummy_conn.py
[2022-03-26 18:53:33,718] {processor.py:654} INFO - DAG(s) dict_keys(['Etl']) retrieved from /home/lowenhard/airflow/dags/dummy_conn.py
[2022-03-26 18:53:33,730] {logging_mixin.py:109} INFO - [2022-03-26 18:53:33,729] {dag.py:2398} INFO - Sync 1 DAGs
[2022-03-26 18:53:33,745] {logging_mixin.py:109} INFO - [2022-03-26 18:53:33,745] {dag.py:2937} INFO - Setting next_dagrun for Etl to 2022-03-25 00:00:00+00:00
[2022-03-26 18:53:34,993] {processor.py:171} INFO - Processing /home/lowenhard/airflow/dags/dummy_conn.py took 1.322 seconds
[2022-03-26 18:54:24,975] {processor.py:163} INFO - Started process (PID=1449) to work on /home/lowenhard/airflow/dags/dummy_conn.py
[2022-03-26 18:54:25,020] {processor.py:642} INFO - Processing file /home/lowenhard/airflow/dags/dummy_conn.py for tasks to queue
[2022-03-26 18:54:25,021] {logging_mixin.py:109} INFO - [2022-03-26 18:54:25,021] {dagbag.py:500} INFO - Filling up the DagBag from /home/lowenhard/airflow/dags/dummy_conn.py
[2022-03-26 18:54:25,058] {processor.py:654} INFO - DAG(s) dict_keys(['Etl']) retrieved from /home/lowenhard/airflow/dags/dummy_conn.py
[2022-03-26 18:54:25,067] {logging_mixin.py:109} INFO - [2022-03-26 18:54:25,067] {dag.py:2398} INFO - Sync 1 DAGs
[2022-03-26 18:54:25,079] {logging_mixin.py:109} INFO - [2022-03-26 18:54:25,079] {dag.py:2937} INFO - Setting next_dagrun for Etl to 2022-03-25 00:00:00+00:00
[2022-03-26 18:54:26,046] {processor.py:171} INFO - Processing /home/lowenhard/airflow/dags/dummy_conn.py took 1.075 seconds
[2022-03-26 18:54:49,167] {processor.py:163} INFO - Started process (PID=1472) to work on /home/lowenhard/airflow/dags/dummy_conn.py
[2022-03-26 18:54:49,168] {processor.py:642} INFO - Processing file /home/lowenhard/airflow/dags/dummy_conn.py for tasks to queue
[2022-03-26 18:54:49,169] {logging_mixin.py:109} INFO - [2022-03-26 18:54:49,169] {dagbag.py:500} INFO - Filling up the DagBag from /home/lowenhard/airflow/dags/dummy_conn.py
[2022-03-26 18:54:49,213] {processor.py:654} INFO - DAG(s) dict_keys(['Etl']) retrieved from /home/lowenhard/airflow/dags/dummy_conn.py
[2022-03-26 18:54:49,225] {logging_mixin.py:109} INFO - [2022-03-26 18:54:49,225] {dag.py:2398} INFO - Sync 1 DAGs
[2022-03-26 18:54:49,243] {logging_mixin.py:109} INFO - [2022-03-26 18:54:49,243] {dag.py:2937} INFO - Setting next_dagrun for Etl to 2022-03-25 00:00:00+00:00
[2022-03-26 18:54:50,118] {processor.py:171} INFO - Processing /home/lowenhard/airflow/dags/dummy_conn.py took 0.954 seconds
[2022-03-26 18:56:37,952] {processor.py:163} INFO - Started process (PID=1524) to work on /home/lowenhard/airflow/dags/dummy_conn.py
[2022-03-26 18:56:38,165] {processor.py:642} INFO - Processing file /home/lowenhard/airflow/dags/dummy_conn.py for tasks to queue
[2022-03-26 18:56:38,166] {logging_mixin.py:109} INFO - [2022-03-26 18:56:38,166] {dagbag.py:500} INFO - Filling up the DagBag from /home/lowenhard/airflow/dags/dummy_conn.py
[2022-03-26 18:56:38,203] {processor.py:654} INFO - DAG(s) dict_keys(['Etl']) retrieved from /home/lowenhard/airflow/dags/dummy_conn.py
[2022-03-26 18:56:38,211] {logging_mixin.py:109} INFO - [2022-03-26 18:56:38,211] {dag.py:2398} INFO - Sync 1 DAGs
[2022-03-26 18:56:38,225] {logging_mixin.py:109} INFO - [2022-03-26 18:56:38,225] {dag.py:2937} INFO - Setting next_dagrun for Etl to 2022-03-25 00:00:00+00:00
[2022-03-26 18:56:39,257] {processor.py:171} INFO - Processing /home/lowenhard/airflow/dags/dummy_conn.py took 1.307 seconds
[2022-03-26 18:57:51,267] {processor.py:163} INFO - Started process (PID=1555) to work on /home/lowenhard/airflow/dags/dummy_conn.py
[2022-03-26 18:57:51,443] {processor.py:642} INFO - Processing file /home/lowenhard/airflow/dags/dummy_conn.py for tasks to queue
[2022-03-26 18:57:51,444] {logging_mixin.py:109} INFO - [2022-03-26 18:57:51,444] {dagbag.py:500} INFO - Filling up the DagBag from /home/lowenhard/airflow/dags/dummy_conn.py
[2022-03-26 18:57:51,483] {processor.py:654} INFO - DAG(s) dict_keys(['Etl']) retrieved from /home/lowenhard/airflow/dags/dummy_conn.py
[2022-03-26 18:57:51,491] {logging_mixin.py:109} INFO - [2022-03-26 18:57:51,491] {dag.py:2398} INFO - Sync 1 DAGs
[2022-03-26 18:57:51,504] {logging_mixin.py:109} INFO - [2022-03-26 18:57:51,503] {dag.py:2937} INFO - Setting next_dagrun for Etl to 2022-03-25 00:00:00+00:00
[2022-03-26 18:57:52,294] {processor.py:171} INFO - Processing /home/lowenhard/airflow/dags/dummy_conn.py took 1.030 seconds
[2022-03-26 18:58:42,509] {processor.py:163} INFO - Started process (PID=1582) to work on /home/lowenhard/airflow/dags/dummy_conn.py
[2022-03-26 18:58:42,551] {processor.py:642} INFO - Processing file /home/lowenhard/airflow/dags/dummy_conn.py for tasks to queue
[2022-03-26 18:58:42,552] {logging_mixin.py:109} INFO - [2022-03-26 18:58:42,551] {dagbag.py:500} INFO - Filling up the DagBag from /home/lowenhard/airflow/dags/dummy_conn.py
[2022-03-26 18:58:42,614] {processor.py:654} INFO - DAG(s) dict_keys(['Etl']) retrieved from /home/lowenhard/airflow/dags/dummy_conn.py
[2022-03-26 18:58:42,628] {logging_mixin.py:109} INFO - [2022-03-26 18:58:42,627] {dag.py:2398} INFO - Sync 1 DAGs
[2022-03-26 18:58:42,643] {logging_mixin.py:109} INFO - [2022-03-26 18:58:42,643] {dag.py:2937} INFO - Setting next_dagrun for Etl to 2022-03-25 00:00:00+00:00
[2022-03-26 18:58:44,095] {processor.py:171} INFO - Processing /home/lowenhard/airflow/dags/dummy_conn.py took 1.588 seconds
[2022-03-26 18:59:26,134] {processor.py:163} INFO - Started process (PID=1602) to work on /home/lowenhard/airflow/dags/dummy_conn.py
[2022-03-26 18:59:26,840] {processor.py:642} INFO - Processing file /home/lowenhard/airflow/dags/dummy_conn.py for tasks to queue
[2022-03-26 18:59:26,840] {logging_mixin.py:109} INFO - [2022-03-26 18:59:26,840] {dagbag.py:500} INFO - Filling up the DagBag from /home/lowenhard/airflow/dags/dummy_conn.py
[2022-03-26 18:59:27,112] {processor.py:654} INFO - DAG(s) dict_keys(['Etl']) retrieved from /home/lowenhard/airflow/dags/dummy_conn.py
[2022-03-26 18:59:27,127] {logging_mixin.py:109} INFO - [2022-03-26 18:59:27,127] {dag.py:2398} INFO - Sync 1 DAGs
[2022-03-26 18:59:27,140] {logging_mixin.py:109} INFO - [2022-03-26 18:59:27,139] {dag.py:2937} INFO - Setting next_dagrun for Etl to 2022-03-25 00:00:00+00:00
[2022-03-26 18:59:27,422] {processor.py:171} INFO - Processing /home/lowenhard/airflow/dags/dummy_conn.py took 1.290 seconds
