[2022-03-26 18:25:55,659] {processor.py:163} INFO - Started process (PID=537) to work on /home/lowenhard/airflow/dags/etl_retries_universidad_cine.py
[2022-03-26 18:25:55,660] {processor.py:642} INFO - Processing file /home/lowenhard/airflow/dags/etl_retries_universidad_cine.py for tasks to queue
[2022-03-26 18:25:55,661] {logging_mixin.py:109} INFO - [2022-03-26 18:25:55,660] {dagbag.py:500} INFO - Filling up the DagBag from /home/lowenhard/airflow/dags/etl_retries_universidad_cine.py
[2022-03-26 18:25:55,918] {processor.py:654} INFO - DAG(s) dict_keys(['retries_cine']) retrieved from /home/lowenhard/airflow/dags/etl_retries_universidad_cine.py
[2022-03-26 18:25:55,922] {logging_mixin.py:109} INFO - [2022-03-26 18:25:55,922] {dag.py:2398} INFO - Sync 1 DAGs
[2022-03-26 18:25:55,938] {logging_mixin.py:109} INFO - [2022-03-26 18:25:55,938] {dag.py:2937} INFO - Setting next_dagrun for retries_cine to 2022-03-26T22:00:00+00:00
[2022-03-26 18:25:56,092] {processor.py:171} INFO - Processing /home/lowenhard/airflow/dags/etl_retries_universidad_cine.py took 0.436 seconds
[2022-03-26 18:27:25,326] {processor.py:163} INFO - Started process (PID=585) to work on /home/lowenhard/airflow/dags/etl_retries_universidad_cine.py
[2022-03-26 18:27:25,827] {processor.py:642} INFO - Processing file /home/lowenhard/airflow/dags/etl_retries_universidad_cine.py for tasks to queue
[2022-03-26 18:27:25,828] {logging_mixin.py:109} INFO - [2022-03-26 18:27:25,828] {dagbag.py:500} INFO - Filling up the DagBag from /home/lowenhard/airflow/dags/etl_retries_universidad_cine.py
[2022-03-26 18:27:26,052] {processor.py:654} INFO - DAG(s) dict_keys(['retries_cine']) retrieved from /home/lowenhard/airflow/dags/etl_retries_universidad_cine.py
[2022-03-26 18:27:26,059] {logging_mixin.py:109} INFO - [2022-03-26 18:27:26,059] {dag.py:2398} INFO - Sync 1 DAGs
[2022-03-26 18:27:26,074] {logging_mixin.py:109} INFO - [2022-03-26 18:27:26,074] {dag.py:2937} INFO - Setting next_dagrun for retries_cine to 2022-03-26T22:00:00+00:00
[2022-03-26 18:27:26,229] {processor.py:171} INFO - Processing /home/lowenhard/airflow/dags/etl_retries_universidad_cine.py took 0.906 seconds
[2022-03-26 18:28:19,727] {processor.py:163} INFO - Started process (PID=608) to work on /home/lowenhard/airflow/dags/etl_retries_universidad_cine.py
[2022-03-26 18:28:19,735] {processor.py:642} INFO - Processing file /home/lowenhard/airflow/dags/etl_retries_universidad_cine.py for tasks to queue
[2022-03-26 18:28:19,736] {logging_mixin.py:109} INFO - [2022-03-26 18:28:19,736] {dagbag.py:500} INFO - Filling up the DagBag from /home/lowenhard/airflow/dags/etl_retries_universidad_cine.py
[2022-03-26 18:28:19,908] {processor.py:654} INFO - DAG(s) dict_keys(['retries_cine']) retrieved from /home/lowenhard/airflow/dags/etl_retries_universidad_cine.py
[2022-03-26 18:28:19,915] {logging_mixin.py:109} INFO - [2022-03-26 18:28:19,914] {dag.py:2398} INFO - Sync 1 DAGs
[2022-03-26 18:28:19,925] {logging_mixin.py:109} INFO - [2022-03-26 18:28:19,924] {dag.py:2937} INFO - Setting next_dagrun for retries_cine to 2022-03-26T22:00:00+00:00
[2022-03-26 18:28:22,202] {processor.py:171} INFO - Processing /home/lowenhard/airflow/dags/etl_retries_universidad_cine.py took 2.478 seconds
[2022-03-26 18:30:11,780] {processor.py:163} INFO - Started process (PID=659) to work on /home/lowenhard/airflow/dags/etl_retries_universidad_cine.py
[2022-03-26 18:30:11,792] {processor.py:642} INFO - Processing file /home/lowenhard/airflow/dags/etl_retries_universidad_cine.py for tasks to queue
[2022-03-26 18:30:11,792] {logging_mixin.py:109} INFO - [2022-03-26 18:30:11,792] {dagbag.py:500} INFO - Filling up the DagBag from /home/lowenhard/airflow/dags/etl_retries_universidad_cine.py
[2022-03-26 18:30:11,970] {processor.py:654} INFO - DAG(s) dict_keys(['retries_cine']) retrieved from /home/lowenhard/airflow/dags/etl_retries_universidad_cine.py
[2022-03-26 18:30:11,976] {logging_mixin.py:109} INFO - [2022-03-26 18:30:11,976] {dag.py:2398} INFO - Sync 1 DAGs
[2022-03-26 18:30:11,988] {logging_mixin.py:109} INFO - [2022-03-26 18:30:11,987] {dag.py:2937} INFO - Setting next_dagrun for retries_cine to 2022-03-26T23:00:00+00:00
[2022-03-26 18:30:12,134] {processor.py:171} INFO - Processing /home/lowenhard/airflow/dags/etl_retries_universidad_cine.py took 0.357 seconds
[2022-03-26 18:31:04,601] {processor.py:163} INFO - Started process (PID=696) to work on /home/lowenhard/airflow/dags/etl_retries_universidad_cine.py
[2022-03-26 18:31:04,786] {processor.py:642} INFO - Processing file /home/lowenhard/airflow/dags/etl_retries_universidad_cine.py for tasks to queue
[2022-03-26 18:31:04,787] {logging_mixin.py:109} INFO - [2022-03-26 18:31:04,787] {dagbag.py:500} INFO - Filling up the DagBag from /home/lowenhard/airflow/dags/etl_retries_universidad_cine.py
[2022-03-26 18:31:05,030] {processor.py:654} INFO - DAG(s) dict_keys(['retries_cine']) retrieved from /home/lowenhard/airflow/dags/etl_retries_universidad_cine.py
[2022-03-26 18:31:05,039] {logging_mixin.py:109} INFO - [2022-03-26 18:31:05,039] {dag.py:2398} INFO - Sync 1 DAGs
[2022-03-26 18:31:05,054] {logging_mixin.py:109} INFO - [2022-03-26 18:31:05,054] {dag.py:2937} INFO - Setting next_dagrun for retries_cine to 2022-03-26T23:00:00+00:00
[2022-03-26 18:31:05,287] {processor.py:171} INFO - Processing /home/lowenhard/airflow/dags/etl_retries_universidad_cine.py took 0.688 seconds
[2022-03-26 18:31:52,207] {processor.py:163} INFO - Started process (PID=731) to work on /home/lowenhard/airflow/dags/etl_retries_universidad_cine.py
[2022-03-26 18:31:52,218] {processor.py:642} INFO - Processing file /home/lowenhard/airflow/dags/etl_retries_universidad_cine.py for tasks to queue
[2022-03-26 18:31:52,218] {logging_mixin.py:109} INFO - [2022-03-26 18:31:52,218] {dagbag.py:500} INFO - Filling up the DagBag from /home/lowenhard/airflow/dags/etl_retries_universidad_cine.py
[2022-03-26 18:31:52,408] {processor.py:654} INFO - DAG(s) dict_keys(['retries_cine']) retrieved from /home/lowenhard/airflow/dags/etl_retries_universidad_cine.py
[2022-03-26 18:31:52,414] {logging_mixin.py:109} INFO - [2022-03-26 18:31:52,414] {dag.py:2398} INFO - Sync 1 DAGs
[2022-03-26 18:31:52,486] {logging_mixin.py:109} INFO - [2022-03-26 18:31:52,486] {dag.py:2937} INFO - Setting next_dagrun for retries_cine to 2022-03-26T23:00:00+00:00
[2022-03-26 18:31:52,632] {processor.py:171} INFO - Processing /home/lowenhard/airflow/dags/etl_retries_universidad_cine.py took 0.426 seconds
[2022-03-26 18:32:30,046] {processor.py:163} INFO - Started process (PID=758) to work on /home/lowenhard/airflow/dags/etl_retries_universidad_cine.py
[2022-03-26 18:32:30,128] {processor.py:642} INFO - Processing file /home/lowenhard/airflow/dags/etl_retries_universidad_cine.py for tasks to queue
[2022-03-26 18:32:30,129] {logging_mixin.py:109} INFO - [2022-03-26 18:32:30,129] {dagbag.py:500} INFO - Filling up the DagBag from /home/lowenhard/airflow/dags/etl_retries_universidad_cine.py
[2022-03-26 18:32:30,328] {processor.py:654} INFO - DAG(s) dict_keys(['retries_cine']) retrieved from /home/lowenhard/airflow/dags/etl_retries_universidad_cine.py
[2022-03-26 18:32:30,363] {logging_mixin.py:109} INFO - [2022-03-26 18:32:30,363] {dag.py:2398} INFO - Sync 1 DAGs
[2022-03-26 18:32:30,447] {logging_mixin.py:109} INFO - [2022-03-26 18:32:30,447] {dag.py:2937} INFO - Setting next_dagrun for retries_cine to 2022-03-26T23:00:00+00:00
[2022-03-26 18:32:30,803] {processor.py:171} INFO - Processing /home/lowenhard/airflow/dags/etl_retries_universidad_cine.py took 0.759 seconds
[2022-03-26 18:33:16,655] {processor.py:163} INFO - Started process (PID=789) to work on /home/lowenhard/airflow/dags/etl_retries_universidad_cine.py
[2022-03-26 18:33:16,666] {processor.py:642} INFO - Processing file /home/lowenhard/airflow/dags/etl_retries_universidad_cine.py for tasks to queue
[2022-03-26 18:33:16,667] {logging_mixin.py:109} INFO - [2022-03-26 18:33:16,667] {dagbag.py:500} INFO - Filling up the DagBag from /home/lowenhard/airflow/dags/etl_retries_universidad_cine.py
[2022-03-26 18:33:16,843] {processor.py:654} INFO - DAG(s) dict_keys(['retries_cine']) retrieved from /home/lowenhard/airflow/dags/etl_retries_universidad_cine.py
[2022-03-26 18:33:16,851] {logging_mixin.py:109} INFO - [2022-03-26 18:33:16,851] {dag.py:2398} INFO - Sync 1 DAGs
[2022-03-26 18:33:16,927] {logging_mixin.py:109} INFO - [2022-03-26 18:33:16,927] {dag.py:2937} INFO - Setting next_dagrun for retries_cine to 2022-03-26T23:00:00+00:00
[2022-03-26 18:33:17,076] {processor.py:171} INFO - Processing /home/lowenhard/airflow/dags/etl_retries_universidad_cine.py took 0.424 seconds
[2022-03-26 18:33:55,999] {processor.py:163} INFO - Started process (PID=819) to work on /home/lowenhard/airflow/dags/etl_retries_universidad_cine.py
[2022-03-26 18:33:56,015] {processor.py:642} INFO - Processing file /home/lowenhard/airflow/dags/etl_retries_universidad_cine.py for tasks to queue
[2022-03-26 18:33:56,015] {logging_mixin.py:109} INFO - [2022-03-26 18:33:56,015] {dagbag.py:500} INFO - Filling up the DagBag from /home/lowenhard/airflow/dags/etl_retries_universidad_cine.py
[2022-03-26 18:33:56,192] {processor.py:654} INFO - DAG(s) dict_keys(['retries_cine']) retrieved from /home/lowenhard/airflow/dags/etl_retries_universidad_cine.py
[2022-03-26 18:33:56,199] {logging_mixin.py:109} INFO - [2022-03-26 18:33:56,199] {dag.py:2398} INFO - Sync 1 DAGs
[2022-03-26 18:33:56,266] {logging_mixin.py:109} INFO - [2022-03-26 18:33:56,266] {dag.py:2937} INFO - Setting next_dagrun for retries_cine to 2022-03-26T23:00:00+00:00
[2022-03-26 18:33:56,408] {processor.py:171} INFO - Processing /home/lowenhard/airflow/dags/etl_retries_universidad_cine.py took 0.412 seconds
[2022-03-26 18:34:31,136] {processor.py:163} INFO - Started process (PID=844) to work on /home/lowenhard/airflow/dags/etl_retries_universidad_cine.py
[2022-03-26 18:34:31,140] {processor.py:642} INFO - Processing file /home/lowenhard/airflow/dags/etl_retries_universidad_cine.py for tasks to queue
[2022-03-26 18:34:31,140] {logging_mixin.py:109} INFO - [2022-03-26 18:34:31,140] {dagbag.py:500} INFO - Filling up the DagBag from /home/lowenhard/airflow/dags/etl_retries_universidad_cine.py
[2022-03-26 18:34:31,304] {processor.py:654} INFO - DAG(s) dict_keys(['retries_cine']) retrieved from /home/lowenhard/airflow/dags/etl_retries_universidad_cine.py
[2022-03-26 18:34:31,309] {logging_mixin.py:109} INFO - [2022-03-26 18:34:31,309] {dag.py:2398} INFO - Sync 1 DAGs
[2022-03-26 18:34:31,380] {logging_mixin.py:109} INFO - [2022-03-26 18:34:31,380] {dag.py:2937} INFO - Setting next_dagrun for retries_cine to 2022-03-26T23:00:00+00:00
[2022-03-26 18:34:32,127] {processor.py:171} INFO - Processing /home/lowenhard/airflow/dags/etl_retries_universidad_cine.py took 0.994 seconds
[2022-03-26 18:35:15,301] {processor.py:163} INFO - Started process (PID=873) to work on /home/lowenhard/airflow/dags/etl_retries_universidad_cine.py
[2022-03-26 18:35:15,325] {processor.py:642} INFO - Processing file /home/lowenhard/airflow/dags/etl_retries_universidad_cine.py for tasks to queue
[2022-03-26 18:35:15,326] {logging_mixin.py:109} INFO - [2022-03-26 18:35:15,326] {dagbag.py:500} INFO - Filling up the DagBag from /home/lowenhard/airflow/dags/etl_retries_universidad_cine.py
[2022-03-26 18:35:15,501] {processor.py:654} INFO - DAG(s) dict_keys(['retries_cine']) retrieved from /home/lowenhard/airflow/dags/etl_retries_universidad_cine.py
[2022-03-26 18:35:15,565] {logging_mixin.py:109} INFO - [2022-03-26 18:35:15,565] {dag.py:2398} INFO - Sync 1 DAGs
[2022-03-26 18:35:15,574] {logging_mixin.py:109} INFO - [2022-03-26 18:35:15,574] {dag.py:2937} INFO - Setting next_dagrun for retries_cine to 2022-03-26T23:00:00+00:00
[2022-03-26 18:35:15,883] {processor.py:171} INFO - Processing /home/lowenhard/airflow/dags/etl_retries_universidad_cine.py took 0.584 seconds
[2022-03-26 18:36:13,092] {processor.py:163} INFO - Started process (PID=909) to work on /home/lowenhard/airflow/dags/etl_retries_universidad_cine.py
[2022-03-26 18:36:13,119] {processor.py:642} INFO - Processing file /home/lowenhard/airflow/dags/etl_retries_universidad_cine.py for tasks to queue
[2022-03-26 18:36:13,119] {logging_mixin.py:109} INFO - [2022-03-26 18:36:13,119] {dagbag.py:500} INFO - Filling up the DagBag from /home/lowenhard/airflow/dags/etl_retries_universidad_cine.py
[2022-03-26 18:36:13,360] {processor.py:654} INFO - DAG(s) dict_keys(['retries_cine']) retrieved from /home/lowenhard/airflow/dags/etl_retries_universidad_cine.py
[2022-03-26 18:36:13,365] {logging_mixin.py:109} INFO - [2022-03-26 18:36:13,365] {dag.py:2398} INFO - Sync 1 DAGs
[2022-03-26 18:36:13,374] {logging_mixin.py:109} INFO - [2022-03-26 18:36:13,374] {dag.py:2937} INFO - Setting next_dagrun for retries_cine to 2022-03-26T23:00:00+00:00
[2022-03-26 18:36:13,613] {processor.py:171} INFO - Processing /home/lowenhard/airflow/dags/etl_retries_universidad_cine.py took 0.525 seconds
[2022-03-26 18:37:10,326] {processor.py:163} INFO - Started process (PID=942) to work on /home/lowenhard/airflow/dags/etl_retries_universidad_cine.py
[2022-03-26 18:37:10,345] {processor.py:642} INFO - Processing file /home/lowenhard/airflow/dags/etl_retries_universidad_cine.py for tasks to queue
[2022-03-26 18:37:10,346] {logging_mixin.py:109} INFO - [2022-03-26 18:37:10,346] {dagbag.py:500} INFO - Filling up the DagBag from /home/lowenhard/airflow/dags/etl_retries_universidad_cine.py
[2022-03-26 18:37:10,634] {processor.py:654} INFO - DAG(s) dict_keys(['retries_cine']) retrieved from /home/lowenhard/airflow/dags/etl_retries_universidad_cine.py
[2022-03-26 18:37:10,641] {logging_mixin.py:109} INFO - [2022-03-26 18:37:10,641] {dag.py:2398} INFO - Sync 1 DAGs
[2022-03-26 18:37:10,654] {logging_mixin.py:109} INFO - [2022-03-26 18:37:10,653] {dag.py:2937} INFO - Setting next_dagrun for retries_cine to 2022-03-26T23:00:00+00:00
[2022-03-26 18:37:12,269] {processor.py:171} INFO - Processing /home/lowenhard/airflow/dags/etl_retries_universidad_cine.py took 1.945 seconds
[2022-03-26 18:37:49,624] {processor.py:163} INFO - Started process (PID=963) to work on /home/lowenhard/airflow/dags/etl_retries_universidad_cine.py
[2022-03-26 18:37:49,626] {processor.py:642} INFO - Processing file /home/lowenhard/airflow/dags/etl_retries_universidad_cine.py for tasks to queue
[2022-03-26 18:37:49,627] {logging_mixin.py:109} INFO - [2022-03-26 18:37:49,627] {dagbag.py:500} INFO - Filling up the DagBag from /home/lowenhard/airflow/dags/etl_retries_universidad_cine.py
[2022-03-26 18:37:49,869] {processor.py:654} INFO - DAG(s) dict_keys(['retries_cine']) retrieved from /home/lowenhard/airflow/dags/etl_retries_universidad_cine.py
[2022-03-26 18:37:49,875] {logging_mixin.py:109} INFO - [2022-03-26 18:37:49,875] {dag.py:2398} INFO - Sync 1 DAGs
[2022-03-26 18:37:49,885] {logging_mixin.py:109} INFO - [2022-03-26 18:37:49,884] {dag.py:2937} INFO - Setting next_dagrun for retries_cine to 2022-03-26T23:00:00+00:00
[2022-03-26 18:37:50,638] {processor.py:171} INFO - Processing /home/lowenhard/airflow/dags/etl_retries_universidad_cine.py took 1.017 seconds
[2022-03-26 18:38:34,393] {processor.py:163} INFO - Started process (PID=984) to work on /home/lowenhard/airflow/dags/etl_retries_universidad_cine.py
[2022-03-26 18:38:34,838] {processor.py:642} INFO - Processing file /home/lowenhard/airflow/dags/etl_retries_universidad_cine.py for tasks to queue
[2022-03-26 18:38:34,839] {logging_mixin.py:109} INFO - [2022-03-26 18:38:34,839] {dagbag.py:500} INFO - Filling up the DagBag from /home/lowenhard/airflow/dags/etl_retries_universidad_cine.py
[2022-03-26 18:38:35,838] {processor.py:654} INFO - DAG(s) dict_keys(['retries_cine']) retrieved from /home/lowenhard/airflow/dags/etl_retries_universidad_cine.py
[2022-03-26 18:38:35,845] {logging_mixin.py:109} INFO - [2022-03-26 18:38:35,845] {dag.py:2398} INFO - Sync 1 DAGs
[2022-03-26 18:38:35,857] {logging_mixin.py:109} INFO - [2022-03-26 18:38:35,857] {dag.py:2937} INFO - Setting next_dagrun for retries_cine to 2022-03-26T23:00:00+00:00
[2022-03-26 18:38:35,997] {processor.py:171} INFO - Processing /home/lowenhard/airflow/dags/etl_retries_universidad_cine.py took 1.606 seconds
[2022-03-26 18:39:26,909] {processor.py:163} INFO - Started process (PID=1021) to work on /home/lowenhard/airflow/dags/etl_retries_universidad_cine.py
[2022-03-26 18:39:26,926] {processor.py:642} INFO - Processing file /home/lowenhard/airflow/dags/etl_retries_universidad_cine.py for tasks to queue
[2022-03-26 18:39:26,927] {logging_mixin.py:109} INFO - [2022-03-26 18:39:26,927] {dagbag.py:500} INFO - Filling up the DagBag from /home/lowenhard/airflow/dags/etl_retries_universidad_cine.py
[2022-03-26 18:39:27,170] {processor.py:654} INFO - DAG(s) dict_keys(['retries_cine']) retrieved from /home/lowenhard/airflow/dags/etl_retries_universidad_cine.py
[2022-03-26 18:39:27,176] {logging_mixin.py:109} INFO - [2022-03-26 18:39:27,176] {dag.py:2398} INFO - Sync 1 DAGs
[2022-03-26 18:39:27,186] {logging_mixin.py:109} INFO - [2022-03-26 18:39:27,186] {dag.py:2937} INFO - Setting next_dagrun for retries_cine to 2022-03-26T23:00:00+00:00
[2022-03-26 18:39:28,802] {processor.py:171} INFO - Processing /home/lowenhard/airflow/dags/etl_retries_universidad_cine.py took 1.896 seconds
[2022-03-26 18:40:11,584] {processor.py:163} INFO - Started process (PID=1044) to work on /home/lowenhard/airflow/dags/etl_retries_universidad_cine.py
[2022-03-26 18:40:11,690] {processor.py:642} INFO - Processing file /home/lowenhard/airflow/dags/etl_retries_universidad_cine.py for tasks to queue
[2022-03-26 18:40:11,691] {logging_mixin.py:109} INFO - [2022-03-26 18:40:11,691] {dagbag.py:500} INFO - Filling up the DagBag from /home/lowenhard/airflow/dags/etl_retries_universidad_cine.py
[2022-03-26 18:40:12,865] {processor.py:654} INFO - DAG(s) dict_keys(['retries_cine']) retrieved from /home/lowenhard/airflow/dags/etl_retries_universidad_cine.py
[2022-03-26 18:40:12,876] {logging_mixin.py:109} INFO - [2022-03-26 18:40:12,876] {dag.py:2398} INFO - Sync 1 DAGs
[2022-03-26 18:40:12,889] {logging_mixin.py:109} INFO - [2022-03-26 18:40:12,889] {dag.py:2937} INFO - Setting next_dagrun for retries_cine to 2022-03-26T23:00:00+00:00
[2022-03-26 18:40:13,039] {processor.py:171} INFO - Processing /home/lowenhard/airflow/dags/etl_retries_universidad_cine.py took 1.457 seconds
[2022-03-26 18:40:53,640] {processor.py:163} INFO - Started process (PID=1075) to work on /home/lowenhard/airflow/dags/etl_retries_universidad_cine.py
[2022-03-26 18:40:53,740] {processor.py:642} INFO - Processing file /home/lowenhard/airflow/dags/etl_retries_universidad_cine.py for tasks to queue
[2022-03-26 18:40:53,740] {logging_mixin.py:109} INFO - [2022-03-26 18:40:53,740] {dagbag.py:500} INFO - Filling up the DagBag from /home/lowenhard/airflow/dags/etl_retries_universidad_cine.py
[2022-03-26 18:40:53,987] {processor.py:654} INFO - DAG(s) dict_keys(['retries_cine']) retrieved from /home/lowenhard/airflow/dags/etl_retries_universidad_cine.py
[2022-03-26 18:40:53,994] {logging_mixin.py:109} INFO - [2022-03-26 18:40:53,993] {dag.py:2398} INFO - Sync 1 DAGs
[2022-03-26 18:40:54,004] {logging_mixin.py:109} INFO - [2022-03-26 18:40:54,004] {dag.py:2937} INFO - Setting next_dagrun for retries_cine to 2022-03-26T23:00:00+00:00
[2022-03-26 18:40:54,474] {processor.py:171} INFO - Processing /home/lowenhard/airflow/dags/etl_retries_universidad_cine.py took 0.837 seconds
[2022-03-26 18:41:50,185] {processor.py:163} INFO - Started process (PID=1098) to work on /home/lowenhard/airflow/dags/etl_retries_universidad_cine.py
[2022-03-26 18:41:50,191] {processor.py:642} INFO - Processing file /home/lowenhard/airflow/dags/etl_retries_universidad_cine.py for tasks to queue
[2022-03-26 18:41:50,192] {logging_mixin.py:109} INFO - [2022-03-26 18:41:50,192] {dagbag.py:500} INFO - Filling up the DagBag from /home/lowenhard/airflow/dags/etl_retries_universidad_cine.py
[2022-03-26 18:41:50,478] {processor.py:654} INFO - DAG(s) dict_keys(['retries_cine']) retrieved from /home/lowenhard/airflow/dags/etl_retries_universidad_cine.py
[2022-03-26 18:41:50,490] {logging_mixin.py:109} INFO - [2022-03-26 18:41:50,489] {dag.py:2398} INFO - Sync 1 DAGs
[2022-03-26 18:41:50,510] {logging_mixin.py:109} INFO - [2022-03-26 18:41:50,510] {dag.py:2937} INFO - Setting next_dagrun for retries_cine to 2022-03-26T23:00:00+00:00
[2022-03-26 18:41:51,886] {processor.py:171} INFO - Processing /home/lowenhard/airflow/dags/etl_retries_universidad_cine.py took 1.704 seconds
[2022-03-26 18:43:11,066] {processor.py:163} INFO - Started process (PID=1140) to work on /home/lowenhard/airflow/dags/etl_retries_universidad_cine.py
[2022-03-26 18:43:11,178] {processor.py:642} INFO - Processing file /home/lowenhard/airflow/dags/etl_retries_universidad_cine.py for tasks to queue
[2022-03-26 18:43:11,179] {logging_mixin.py:109} INFO - [2022-03-26 18:43:11,178] {dagbag.py:500} INFO - Filling up the DagBag from /home/lowenhard/airflow/dags/etl_retries_universidad_cine.py
[2022-03-26 18:43:11,413] {processor.py:654} INFO - DAG(s) dict_keys(['retries_cine']) retrieved from /home/lowenhard/airflow/dags/etl_retries_universidad_cine.py
[2022-03-26 18:43:11,420] {logging_mixin.py:109} INFO - [2022-03-26 18:43:11,420] {dag.py:2398} INFO - Sync 1 DAGs
[2022-03-26 18:43:11,433] {logging_mixin.py:109} INFO - [2022-03-26 18:43:11,433] {dag.py:2937} INFO - Setting next_dagrun for retries_cine to 2022-03-26T23:00:00+00:00
[2022-03-26 18:43:14,038] {processor.py:171} INFO - Processing /home/lowenhard/airflow/dags/etl_retries_universidad_cine.py took 2.974 seconds
[2022-03-26 18:43:58,287] {processor.py:163} INFO - Started process (PID=1161) to work on /home/lowenhard/airflow/dags/etl_retries_universidad_cine.py
[2022-03-26 18:43:58,297] {processor.py:642} INFO - Processing file /home/lowenhard/airflow/dags/etl_retries_universidad_cine.py for tasks to queue
[2022-03-26 18:43:58,297] {logging_mixin.py:109} INFO - [2022-03-26 18:43:58,297] {dagbag.py:500} INFO - Filling up the DagBag from /home/lowenhard/airflow/dags/etl_retries_universidad_cine.py
[2022-03-26 18:43:58,485] {processor.py:654} INFO - DAG(s) dict_keys(['retries_cine']) retrieved from /home/lowenhard/airflow/dags/etl_retries_universidad_cine.py
[2022-03-26 18:43:58,491] {logging_mixin.py:109} INFO - [2022-03-26 18:43:58,491] {dag.py:2398} INFO - Sync 1 DAGs
[2022-03-26 18:43:58,501] {logging_mixin.py:109} INFO - [2022-03-26 18:43:58,501] {dag.py:2937} INFO - Setting next_dagrun for retries_cine to 2022-03-26T23:00:00+00:00
[2022-03-26 18:43:59,615] {processor.py:171} INFO - Processing /home/lowenhard/airflow/dags/etl_retries_universidad_cine.py took 1.330 seconds
[2022-03-26 18:44:39,667] {processor.py:163} INFO - Started process (PID=1182) to work on /home/lowenhard/airflow/dags/etl_retries_universidad_cine.py
[2022-03-26 18:44:39,682] {processor.py:642} INFO - Processing file /home/lowenhard/airflow/dags/etl_retries_universidad_cine.py for tasks to queue
[2022-03-26 18:44:39,682] {logging_mixin.py:109} INFO - [2022-03-26 18:44:39,682] {dagbag.py:500} INFO - Filling up the DagBag from /home/lowenhard/airflow/dags/etl_retries_universidad_cine.py
[2022-03-26 18:44:39,878] {processor.py:654} INFO - DAG(s) dict_keys(['retries_cine']) retrieved from /home/lowenhard/airflow/dags/etl_retries_universidad_cine.py
[2022-03-26 18:44:39,884] {logging_mixin.py:109} INFO - [2022-03-26 18:44:39,884] {dag.py:2398} INFO - Sync 1 DAGs
[2022-03-26 18:44:39,894] {logging_mixin.py:109} INFO - [2022-03-26 18:44:39,894] {dag.py:2937} INFO - Setting next_dagrun for retries_cine to 2022-03-26T23:00:00+00:00
[2022-03-26 18:44:40,644] {processor.py:171} INFO - Processing /home/lowenhard/airflow/dags/etl_retries_universidad_cine.py took 0.980 seconds
[2022-03-26 18:45:24,668] {processor.py:163} INFO - Started process (PID=1204) to work on /home/lowenhard/airflow/dags/etl_retries_universidad_cine.py
[2022-03-26 18:45:24,677] {processor.py:642} INFO - Processing file /home/lowenhard/airflow/dags/etl_retries_universidad_cine.py for tasks to queue
[2022-03-26 18:45:24,678] {logging_mixin.py:109} INFO - [2022-03-26 18:45:24,678] {dagbag.py:500} INFO - Filling up the DagBag from /home/lowenhard/airflow/dags/etl_retries_universidad_cine.py
[2022-03-26 18:45:24,876] {processor.py:654} INFO - DAG(s) dict_keys(['retries_cine']) retrieved from /home/lowenhard/airflow/dags/etl_retries_universidad_cine.py
[2022-03-26 18:45:24,882] {logging_mixin.py:109} INFO - [2022-03-26 18:45:24,882] {dag.py:2398} INFO - Sync 1 DAGs
[2022-03-26 18:45:24,894] {logging_mixin.py:109} INFO - [2022-03-26 18:45:24,894] {dag.py:2937} INFO - Setting next_dagrun for retries_cine to 2022-03-26T23:00:00+00:00
[2022-03-26 18:45:26,285] {processor.py:171} INFO - Processing /home/lowenhard/airflow/dags/etl_retries_universidad_cine.py took 1.620 seconds
[2022-03-26 18:46:25,026] {processor.py:163} INFO - Started process (PID=1232) to work on /home/lowenhard/airflow/dags/etl_retries_universidad_cine.py
[2022-03-26 18:46:25,042] {processor.py:642} INFO - Processing file /home/lowenhard/airflow/dags/etl_retries_universidad_cine.py for tasks to queue
[2022-03-26 18:46:25,042] {logging_mixin.py:109} INFO - [2022-03-26 18:46:25,042] {dagbag.py:500} INFO - Filling up the DagBag from /home/lowenhard/airflow/dags/etl_retries_universidad_cine.py
[2022-03-26 18:46:25,223] {processor.py:654} INFO - DAG(s) dict_keys(['retries_cine']) retrieved from /home/lowenhard/airflow/dags/etl_retries_universidad_cine.py
[2022-03-26 18:46:25,229] {logging_mixin.py:109} INFO - [2022-03-26 18:46:25,229] {dag.py:2398} INFO - Sync 1 DAGs
[2022-03-26 18:46:25,241] {logging_mixin.py:109} INFO - [2022-03-26 18:46:25,241] {dag.py:2937} INFO - Setting next_dagrun for retries_cine to 2022-03-26T23:00:00+00:00
[2022-03-26 18:46:26,749] {processor.py:171} INFO - Processing /home/lowenhard/airflow/dags/etl_retries_universidad_cine.py took 1.725 seconds
[2022-03-26 18:47:59,482] {processor.py:163} INFO - Started process (PID=1266) to work on /home/lowenhard/airflow/dags/etl_retries_universidad_cine.py
[2022-03-26 18:48:00,361] {processor.py:642} INFO - Processing file /home/lowenhard/airflow/dags/etl_retries_universidad_cine.py for tasks to queue
[2022-03-26 18:48:00,362] {logging_mixin.py:109} INFO - [2022-03-26 18:48:00,362] {dagbag.py:500} INFO - Filling up the DagBag from /home/lowenhard/airflow/dags/etl_retries_universidad_cine.py
[2022-03-26 18:48:01,606] {processor.py:654} INFO - DAG(s) dict_keys(['retries_cine']) retrieved from /home/lowenhard/airflow/dags/etl_retries_universidad_cine.py
[2022-03-26 18:48:01,616] {logging_mixin.py:109} INFO - [2022-03-26 18:48:01,616] {dag.py:2398} INFO - Sync 1 DAGs
[2022-03-26 18:48:01,696] {logging_mixin.py:109} INFO - [2022-03-26 18:48:01,696] {dag.py:2937} INFO - Setting next_dagrun for retries_cine to 2022-03-26T23:00:00+00:00
[2022-03-26 18:48:01,823] {processor.py:171} INFO - Processing /home/lowenhard/airflow/dags/etl_retries_universidad_cine.py took 2.343 seconds
[2022-03-26 18:49:17,138] {processor.py:163} INFO - Started process (PID=1298) to work on /home/lowenhard/airflow/dags/etl_retries_universidad_cine.py
[2022-03-26 18:49:17,150] {processor.py:642} INFO - Processing file /home/lowenhard/airflow/dags/etl_retries_universidad_cine.py for tasks to queue
[2022-03-26 18:49:17,151] {logging_mixin.py:109} INFO - [2022-03-26 18:49:17,151] {dagbag.py:500} INFO - Filling up the DagBag from /home/lowenhard/airflow/dags/etl_retries_universidad_cine.py
[2022-03-26 18:49:17,327] {processor.py:654} INFO - DAG(s) dict_keys(['retries_cine']) retrieved from /home/lowenhard/airflow/dags/etl_retries_universidad_cine.py
[2022-03-26 18:49:17,336] {logging_mixin.py:109} INFO - [2022-03-26 18:49:17,336] {dag.py:2398} INFO - Sync 1 DAGs
[2022-03-26 18:49:17,407] {logging_mixin.py:109} INFO - [2022-03-26 18:49:17,407] {dag.py:2937} INFO - Setting next_dagrun for retries_cine to 2022-03-26T23:00:00+00:00
[2022-03-26 18:49:18,201] {processor.py:171} INFO - Processing /home/lowenhard/airflow/dags/etl_retries_universidad_cine.py took 1.066 seconds
[2022-03-26 18:50:17,310] {processor.py:163} INFO - Started process (PID=1335) to work on /home/lowenhard/airflow/dags/etl_retries_universidad_cine.py
[2022-03-26 18:50:17,338] {processor.py:642} INFO - Processing file /home/lowenhard/airflow/dags/etl_retries_universidad_cine.py for tasks to queue
[2022-03-26 18:50:17,339] {logging_mixin.py:109} INFO - [2022-03-26 18:50:17,339] {dagbag.py:500} INFO - Filling up the DagBag from /home/lowenhard/airflow/dags/etl_retries_universidad_cine.py
[2022-03-26 18:50:17,625] {processor.py:654} INFO - DAG(s) dict_keys(['retries_cine']) retrieved from /home/lowenhard/airflow/dags/etl_retries_universidad_cine.py
[2022-03-26 18:50:17,638] {logging_mixin.py:109} INFO - [2022-03-26 18:50:17,637] {dag.py:2398} INFO - Sync 1 DAGs
[2022-03-26 18:50:17,655] {logging_mixin.py:109} INFO - [2022-03-26 18:50:17,655] {dag.py:2937} INFO - Setting next_dagrun for retries_cine to 2022-03-26T23:00:00+00:00
[2022-03-26 18:50:18,034] {processor.py:171} INFO - Processing /home/lowenhard/airflow/dags/etl_retries_universidad_cine.py took 0.727 seconds
[2022-03-26 18:52:03,961] {processor.py:163} INFO - Started process (PID=1386) to work on /home/lowenhard/airflow/dags/etl_retries_universidad_cine.py
[2022-03-26 18:52:03,969] {processor.py:642} INFO - Processing file /home/lowenhard/airflow/dags/etl_retries_universidad_cine.py for tasks to queue
[2022-03-26 18:52:03,970] {logging_mixin.py:109} INFO - [2022-03-26 18:52:03,969] {dagbag.py:500} INFO - Filling up the DagBag from /home/lowenhard/airflow/dags/etl_retries_universidad_cine.py
[2022-03-26 18:52:04,288] {processor.py:654} INFO - DAG(s) dict_keys(['retries_cine']) retrieved from /home/lowenhard/airflow/dags/etl_retries_universidad_cine.py
[2022-03-26 18:52:04,298] {logging_mixin.py:109} INFO - [2022-03-26 18:52:04,297] {dag.py:2398} INFO - Sync 1 DAGs
[2022-03-26 18:52:04,312] {logging_mixin.py:109} INFO - [2022-03-26 18:52:04,312] {dag.py:2937} INFO - Setting next_dagrun for retries_cine to 2022-03-26T23:00:00+00:00
[2022-03-26 18:52:04,479] {processor.py:171} INFO - Processing /home/lowenhard/airflow/dags/etl_retries_universidad_cine.py took 0.522 seconds
[2022-03-26 18:53:29,673] {processor.py:163} INFO - Started process (PID=1420) to work on /home/lowenhard/airflow/dags/etl_retries_universidad_cine.py
[2022-03-26 18:53:29,682] {processor.py:642} INFO - Processing file /home/lowenhard/airflow/dags/etl_retries_universidad_cine.py for tasks to queue
[2022-03-26 18:53:29,683] {logging_mixin.py:109} INFO - [2022-03-26 18:53:29,683] {dagbag.py:500} INFO - Filling up the DagBag from /home/lowenhard/airflow/dags/etl_retries_universidad_cine.py
[2022-03-26 18:53:29,907] {processor.py:654} INFO - DAG(s) dict_keys(['retries_cine']) retrieved from /home/lowenhard/airflow/dags/etl_retries_universidad_cine.py
[2022-03-26 18:53:29,917] {logging_mixin.py:109} INFO - [2022-03-26 18:53:29,916] {dag.py:2398} INFO - Sync 1 DAGs
[2022-03-26 18:53:29,931] {logging_mixin.py:109} INFO - [2022-03-26 18:53:29,931] {dag.py:2937} INFO - Setting next_dagrun for retries_cine to 2022-03-26T23:00:00+00:00
[2022-03-26 18:53:30,111] {processor.py:171} INFO - Processing /home/lowenhard/airflow/dags/etl_retries_universidad_cine.py took 0.440 seconds
[2022-03-26 18:54:21,247] {processor.py:163} INFO - Started process (PID=1447) to work on /home/lowenhard/airflow/dags/etl_retries_universidad_cine.py
[2022-03-26 18:54:21,281] {processor.py:642} INFO - Processing file /home/lowenhard/airflow/dags/etl_retries_universidad_cine.py for tasks to queue
[2022-03-26 18:54:21,282] {logging_mixin.py:109} INFO - [2022-03-26 18:54:21,282] {dagbag.py:500} INFO - Filling up the DagBag from /home/lowenhard/airflow/dags/etl_retries_universidad_cine.py
[2022-03-26 18:54:21,461] {processor.py:654} INFO - DAG(s) dict_keys(['retries_cine']) retrieved from /home/lowenhard/airflow/dags/etl_retries_universidad_cine.py
[2022-03-26 18:54:21,467] {logging_mixin.py:109} INFO - [2022-03-26 18:54:21,467] {dag.py:2398} INFO - Sync 1 DAGs
[2022-03-26 18:54:21,478] {logging_mixin.py:109} INFO - [2022-03-26 18:54:21,477] {dag.py:2937} INFO - Setting next_dagrun for retries_cine to 2022-03-26T23:00:00+00:00
[2022-03-26 18:54:22,965] {processor.py:171} INFO - Processing /home/lowenhard/airflow/dags/etl_retries_universidad_cine.py took 1.722 seconds
[2022-03-26 18:54:44,754] {processor.py:163} INFO - Started process (PID=1468) to work on /home/lowenhard/airflow/dags/etl_retries_universidad_cine.py
[2022-03-26 18:54:44,755] {processor.py:642} INFO - Processing file /home/lowenhard/airflow/dags/etl_retries_universidad_cine.py for tasks to queue
[2022-03-26 18:54:44,756] {logging_mixin.py:109} INFO - [2022-03-26 18:54:44,756] {dagbag.py:500} INFO - Filling up the DagBag from /home/lowenhard/airflow/dags/etl_retries_universidad_cine.py
[2022-03-26 18:54:45,078] {processor.py:654} INFO - DAG(s) dict_keys(['retries_cine']) retrieved from /home/lowenhard/airflow/dags/etl_retries_universidad_cine.py
[2022-03-26 18:54:45,088] {logging_mixin.py:109} INFO - [2022-03-26 18:54:45,088] {dag.py:2398} INFO - Sync 1 DAGs
[2022-03-26 18:54:45,102] {logging_mixin.py:109} INFO - [2022-03-26 18:54:45,102] {dag.py:2937} INFO - Setting next_dagrun for retries_cine to 2022-03-26T23:00:00+00:00
[2022-03-26 18:54:45,233] {processor.py:171} INFO - Processing /home/lowenhard/airflow/dags/etl_retries_universidad_cine.py took 0.485 seconds
[2022-03-26 18:56:26,808] {processor.py:163} INFO - Started process (PID=1519) to work on /home/lowenhard/airflow/dags/etl_retries_universidad_cine.py
[2022-03-26 18:56:26,825] {processor.py:642} INFO - Processing file /home/lowenhard/airflow/dags/etl_retries_universidad_cine.py for tasks to queue
[2022-03-26 18:56:26,826] {logging_mixin.py:109} INFO - [2022-03-26 18:56:26,826] {dagbag.py:500} INFO - Filling up the DagBag from /home/lowenhard/airflow/dags/etl_retries_universidad_cine.py
[2022-03-26 18:56:27,022] {processor.py:654} INFO - DAG(s) dict_keys(['retries_cine']) retrieved from /home/lowenhard/airflow/dags/etl_retries_universidad_cine.py
[2022-03-26 18:56:27,029] {logging_mixin.py:109} INFO - [2022-03-26 18:56:27,029] {dag.py:2398} INFO - Sync 1 DAGs
[2022-03-26 18:56:27,040] {logging_mixin.py:109} INFO - [2022-03-26 18:56:27,040] {dag.py:2937} INFO - Setting next_dagrun for retries_cine to 2022-03-26T23:00:00+00:00
[2022-03-26 18:56:28,244] {processor.py:171} INFO - Processing /home/lowenhard/airflow/dags/etl_retries_universidad_cine.py took 1.440 seconds
[2022-03-26 18:57:47,647] {processor.py:163} INFO - Started process (PID=1553) to work on /home/lowenhard/airflow/dags/etl_retries_universidad_cine.py
[2022-03-26 18:57:47,672] {processor.py:642} INFO - Processing file /home/lowenhard/airflow/dags/etl_retries_universidad_cine.py for tasks to queue
[2022-03-26 18:57:47,672] {logging_mixin.py:109} INFO - [2022-03-26 18:57:47,672] {dagbag.py:500} INFO - Filling up the DagBag from /home/lowenhard/airflow/dags/etl_retries_universidad_cine.py
[2022-03-26 18:57:47,872] {processor.py:654} INFO - DAG(s) dict_keys(['retries_cine']) retrieved from /home/lowenhard/airflow/dags/etl_retries_universidad_cine.py
[2022-03-26 18:57:47,880] {logging_mixin.py:109} INFO - [2022-03-26 18:57:47,880] {dag.py:2398} INFO - Sync 1 DAGs
[2022-03-26 18:57:47,896] {logging_mixin.py:109} INFO - [2022-03-26 18:57:47,896] {dag.py:2937} INFO - Setting next_dagrun for retries_cine to 2022-03-26T23:00:00+00:00
[2022-03-26 18:57:48,061] {processor.py:171} INFO - Processing /home/lowenhard/airflow/dags/etl_retries_universidad_cine.py took 0.417 seconds
[2022-03-26 18:58:38,755] {processor.py:163} INFO - Started process (PID=1580) to work on /home/lowenhard/airflow/dags/etl_retries_universidad_cine.py
[2022-03-26 18:58:38,779] {processor.py:642} INFO - Processing file /home/lowenhard/airflow/dags/etl_retries_universidad_cine.py for tasks to queue
[2022-03-26 18:58:38,780] {logging_mixin.py:109} INFO - [2022-03-26 18:58:38,780] {dagbag.py:500} INFO - Filling up the DagBag from /home/lowenhard/airflow/dags/etl_retries_universidad_cine.py
[2022-03-26 18:58:39,104] {processor.py:654} INFO - DAG(s) dict_keys(['retries_cine']) retrieved from /home/lowenhard/airflow/dags/etl_retries_universidad_cine.py
[2022-03-26 18:58:39,113] {logging_mixin.py:109} INFO - [2022-03-26 18:58:39,113] {dag.py:2398} INFO - Sync 1 DAGs
[2022-03-26 18:58:39,132] {logging_mixin.py:109} INFO - [2022-03-26 18:58:39,132] {dag.py:2937} INFO - Setting next_dagrun for retries_cine to 2022-03-26T23:00:00+00:00
[2022-03-26 18:58:39,454] {processor.py:171} INFO - Processing /home/lowenhard/airflow/dags/etl_retries_universidad_cine.py took 0.702 seconds
[2022-03-26 18:59:20,656] {processor.py:163} INFO - Started process (PID=1600) to work on /home/lowenhard/airflow/dags/etl_retries_universidad_cine.py
[2022-03-26 18:59:20,666] {processor.py:642} INFO - Processing file /home/lowenhard/airflow/dags/etl_retries_universidad_cine.py for tasks to queue
[2022-03-26 18:59:20,667] {logging_mixin.py:109} INFO - [2022-03-26 18:59:20,666] {dagbag.py:500} INFO - Filling up the DagBag from /home/lowenhard/airflow/dags/etl_retries_universidad_cine.py
[2022-03-26 18:59:20,870] {processor.py:654} INFO - DAG(s) dict_keys(['retries_cine']) retrieved from /home/lowenhard/airflow/dags/etl_retries_universidad_cine.py
[2022-03-26 18:59:20,877] {logging_mixin.py:109} INFO - [2022-03-26 18:59:20,877] {dag.py:2398} INFO - Sync 1 DAGs
[2022-03-26 18:59:20,888] {logging_mixin.py:109} INFO - [2022-03-26 18:59:20,888] {dag.py:2937} INFO - Setting next_dagrun for retries_cine to 2022-03-26T23:00:00+00:00
[2022-03-26 18:59:21,305] {processor.py:171} INFO - Processing /home/lowenhard/airflow/dags/etl_retries_universidad_cine.py took 0.652 seconds
