[2022-04-05 05:23:22,172] {processor.py:163} INFO - Started process (PID=391) to work on /home/lowenhard/acceleration/env/lib/python3.8/site-packages/airflow/example_dags/subdags/subdag.py
[2022-04-05 05:23:22,173] {processor.py:642} INFO - Processing file /home/lowenhard/acceleration/env/lib/python3.8/site-packages/airflow/example_dags/subdags/subdag.py for tasks to queue
[2022-04-05 05:23:22,174] {logging_mixin.py:109} INFO - [2022-04-05 05:23:22,174] {dagbag.py:500} INFO - Filling up the DagBag from /home/lowenhard/acceleration/env/lib/python3.8/site-packages/airflow/example_dags/subdags/subdag.py
[2022-04-05 05:23:22,183] {processor.py:656} WARNING - No viable dags retrieved from /home/lowenhard/acceleration/env/lib/python3.8/site-packages/airflow/example_dags/subdags/subdag.py
[2022-04-05 05:23:22,185] {processor.py:171} INFO - Processing /home/lowenhard/acceleration/env/lib/python3.8/site-packages/airflow/example_dags/subdags/subdag.py took 0.015 seconds
[2022-04-05 05:25:37,056] {processor.py:163} INFO - Started process (PID=499) to work on /home/lowenhard/acceleration/env/lib/python3.8/site-packages/airflow/example_dags/subdags/subdag.py
[2022-04-05 05:25:37,073] {processor.py:642} INFO - Processing file /home/lowenhard/acceleration/env/lib/python3.8/site-packages/airflow/example_dags/subdags/subdag.py for tasks to queue
[2022-04-05 05:25:37,074] {logging_mixin.py:109} INFO - [2022-04-05 05:25:37,073] {dagbag.py:500} INFO - Filling up the DagBag from /home/lowenhard/acceleration/env/lib/python3.8/site-packages/airflow/example_dags/subdags/subdag.py
[2022-04-05 05:25:37,082] {processor.py:656} WARNING - No viable dags retrieved from /home/lowenhard/acceleration/env/lib/python3.8/site-packages/airflow/example_dags/subdags/subdag.py
[2022-04-05 05:25:37,084] {processor.py:171} INFO - Processing /home/lowenhard/acceleration/env/lib/python3.8/site-packages/airflow/example_dags/subdags/subdag.py took 0.030 seconds
[2022-04-05 05:27:47,997] {processor.py:163} INFO - Started process (PID=604) to work on /home/lowenhard/acceleration/env/lib/python3.8/site-packages/airflow/example_dags/subdags/subdag.py
[2022-04-05 05:27:48,196] {processor.py:642} INFO - Processing file /home/lowenhard/acceleration/env/lib/python3.8/site-packages/airflow/example_dags/subdags/subdag.py for tasks to queue
[2022-04-05 05:27:48,197] {logging_mixin.py:109} INFO - [2022-04-05 05:27:48,196] {dagbag.py:500} INFO - Filling up the DagBag from /home/lowenhard/acceleration/env/lib/python3.8/site-packages/airflow/example_dags/subdags/subdag.py
[2022-04-05 05:27:48,209] {processor.py:656} WARNING - No viable dags retrieved from /home/lowenhard/acceleration/env/lib/python3.8/site-packages/airflow/example_dags/subdags/subdag.py
[2022-04-05 05:27:48,211] {processor.py:171} INFO - Processing /home/lowenhard/acceleration/env/lib/python3.8/site-packages/airflow/example_dags/subdags/subdag.py took 0.217 seconds
[2022-04-05 05:29:59,140] {processor.py:163} INFO - Started process (PID=711) to work on /home/lowenhard/acceleration/env/lib/python3.8/site-packages/airflow/example_dags/subdags/subdag.py
[2022-04-05 05:30:00,001] {processor.py:642} INFO - Processing file /home/lowenhard/acceleration/env/lib/python3.8/site-packages/airflow/example_dags/subdags/subdag.py for tasks to queue
[2022-04-05 05:30:00,002] {logging_mixin.py:109} INFO - [2022-04-05 05:30:00,002] {dagbag.py:500} INFO - Filling up the DagBag from /home/lowenhard/acceleration/env/lib/python3.8/site-packages/airflow/example_dags/subdags/subdag.py
[2022-04-05 05:30:00,947] {processor.py:656} WARNING - No viable dags retrieved from /home/lowenhard/acceleration/env/lib/python3.8/site-packages/airflow/example_dags/subdags/subdag.py
[2022-04-05 05:30:00,950] {processor.py:171} INFO - Processing /home/lowenhard/acceleration/env/lib/python3.8/site-packages/airflow/example_dags/subdags/subdag.py took 1.813 seconds
[2022-04-05 05:32:15,412] {processor.py:163} INFO - Started process (PID=822) to work on /home/lowenhard/acceleration/env/lib/python3.8/site-packages/airflow/example_dags/subdags/subdag.py
[2022-04-05 05:32:15,508] {processor.py:642} INFO - Processing file /home/lowenhard/acceleration/env/lib/python3.8/site-packages/airflow/example_dags/subdags/subdag.py for tasks to queue
[2022-04-05 05:32:15,509] {logging_mixin.py:109} INFO - [2022-04-05 05:32:15,509] {dagbag.py:500} INFO - Filling up the DagBag from /home/lowenhard/acceleration/env/lib/python3.8/site-packages/airflow/example_dags/subdags/subdag.py
[2022-04-05 05:32:15,518] {processor.py:656} WARNING - No viable dags retrieved from /home/lowenhard/acceleration/env/lib/python3.8/site-packages/airflow/example_dags/subdags/subdag.py
[2022-04-05 05:32:15,520] {processor.py:171} INFO - Processing /home/lowenhard/acceleration/env/lib/python3.8/site-packages/airflow/example_dags/subdags/subdag.py took 0.112 seconds
[2022-04-05 05:34:26,798] {processor.py:163} INFO - Started process (PID=932) to work on /home/lowenhard/acceleration/env/lib/python3.8/site-packages/airflow/example_dags/subdags/subdag.py
[2022-04-05 05:34:27,041] {processor.py:642} INFO - Processing file /home/lowenhard/acceleration/env/lib/python3.8/site-packages/airflow/example_dags/subdags/subdag.py for tasks to queue
[2022-04-05 05:34:27,042] {logging_mixin.py:109} INFO - [2022-04-05 05:34:27,042] {dagbag.py:500} INFO - Filling up the DagBag from /home/lowenhard/acceleration/env/lib/python3.8/site-packages/airflow/example_dags/subdags/subdag.py
[2022-04-05 05:34:27,053] {processor.py:656} WARNING - No viable dags retrieved from /home/lowenhard/acceleration/env/lib/python3.8/site-packages/airflow/example_dags/subdags/subdag.py
[2022-04-05 05:34:27,056] {processor.py:171} INFO - Processing /home/lowenhard/acceleration/env/lib/python3.8/site-packages/airflow/example_dags/subdags/subdag.py took 0.261 seconds
[2022-04-05 05:36:58,694] {processor.py:163} INFO - Started process (PID=1046) to work on /home/lowenhard/acceleration/env/lib/python3.8/site-packages/airflow/example_dags/subdags/subdag.py
[2022-04-05 05:36:58,708] {processor.py:642} INFO - Processing file /home/lowenhard/acceleration/env/lib/python3.8/site-packages/airflow/example_dags/subdags/subdag.py for tasks to queue
[2022-04-05 05:36:58,709] {logging_mixin.py:109} INFO - [2022-04-05 05:36:58,709] {dagbag.py:500} INFO - Filling up the DagBag from /home/lowenhard/acceleration/env/lib/python3.8/site-packages/airflow/example_dags/subdags/subdag.py
[2022-04-05 05:36:58,718] {processor.py:656} WARNING - No viable dags retrieved from /home/lowenhard/acceleration/env/lib/python3.8/site-packages/airflow/example_dags/subdags/subdag.py
[2022-04-05 05:36:58,720] {processor.py:171} INFO - Processing /home/lowenhard/acceleration/env/lib/python3.8/site-packages/airflow/example_dags/subdags/subdag.py took 0.028 seconds
[2022-04-05 05:39:26,630] {processor.py:163} INFO - Started process (PID=1160) to work on /home/lowenhard/acceleration/env/lib/python3.8/site-packages/airflow/example_dags/subdags/subdag.py
[2022-04-05 05:39:26,639] {processor.py:642} INFO - Processing file /home/lowenhard/acceleration/env/lib/python3.8/site-packages/airflow/example_dags/subdags/subdag.py for tasks to queue
[2022-04-05 05:39:26,639] {logging_mixin.py:109} INFO - [2022-04-05 05:39:26,639] {dagbag.py:500} INFO - Filling up the DagBag from /home/lowenhard/acceleration/env/lib/python3.8/site-packages/airflow/example_dags/subdags/subdag.py
[2022-04-05 05:39:26,649] {processor.py:656} WARNING - No viable dags retrieved from /home/lowenhard/acceleration/env/lib/python3.8/site-packages/airflow/example_dags/subdags/subdag.py
[2022-04-05 05:39:26,651] {processor.py:171} INFO - Processing /home/lowenhard/acceleration/env/lib/python3.8/site-packages/airflow/example_dags/subdags/subdag.py took 0.023 seconds
[2022-04-05 05:42:22,529] {processor.py:163} INFO - Started process (PID=1282) to work on /home/lowenhard/acceleration/env/lib/python3.8/site-packages/airflow/example_dags/subdags/subdag.py
[2022-04-05 05:42:22,547] {processor.py:642} INFO - Processing file /home/lowenhard/acceleration/env/lib/python3.8/site-packages/airflow/example_dags/subdags/subdag.py for tasks to queue
[2022-04-05 05:42:22,550] {logging_mixin.py:109} INFO - [2022-04-05 05:42:22,550] {dagbag.py:500} INFO - Filling up the DagBag from /home/lowenhard/acceleration/env/lib/python3.8/site-packages/airflow/example_dags/subdags/subdag.py
[2022-04-05 05:42:23,693] {processor.py:656} WARNING - No viable dags retrieved from /home/lowenhard/acceleration/env/lib/python3.8/site-packages/airflow/example_dags/subdags/subdag.py
[2022-04-05 05:42:23,695] {processor.py:171} INFO - Processing /home/lowenhard/acceleration/env/lib/python3.8/site-packages/airflow/example_dags/subdags/subdag.py took 1.169 seconds
[2022-04-05 05:44:57,925] {processor.py:163} INFO - Started process (PID=1396) to work on /home/lowenhard/acceleration/env/lib/python3.8/site-packages/airflow/example_dags/subdags/subdag.py
[2022-04-05 05:44:57,931] {processor.py:642} INFO - Processing file /home/lowenhard/acceleration/env/lib/python3.8/site-packages/airflow/example_dags/subdags/subdag.py for tasks to queue
[2022-04-05 05:44:57,932] {logging_mixin.py:109} INFO - [2022-04-05 05:44:57,932] {dagbag.py:500} INFO - Filling up the DagBag from /home/lowenhard/acceleration/env/lib/python3.8/site-packages/airflow/example_dags/subdags/subdag.py
[2022-04-05 05:44:57,942] {processor.py:656} WARNING - No viable dags retrieved from /home/lowenhard/acceleration/env/lib/python3.8/site-packages/airflow/example_dags/subdags/subdag.py
[2022-04-05 05:44:57,943] {processor.py:171} INFO - Processing /home/lowenhard/acceleration/env/lib/python3.8/site-packages/airflow/example_dags/subdags/subdag.py took 0.021 seconds
[2022-04-05 05:47:27,451] {processor.py:163} INFO - Started process (PID=1528) to work on /home/lowenhard/acceleration/env/lib/python3.8/site-packages/airflow/example_dags/subdags/subdag.py
[2022-04-05 05:47:27,455] {processor.py:642} INFO - Processing file /home/lowenhard/acceleration/env/lib/python3.8/site-packages/airflow/example_dags/subdags/subdag.py for tasks to queue
[2022-04-05 05:47:27,455] {logging_mixin.py:109} INFO - [2022-04-05 05:47:27,455] {dagbag.py:500} INFO - Filling up the DagBag from /home/lowenhard/acceleration/env/lib/python3.8/site-packages/airflow/example_dags/subdags/subdag.py
[2022-04-05 05:47:27,465] {processor.py:656} WARNING - No viable dags retrieved from /home/lowenhard/acceleration/env/lib/python3.8/site-packages/airflow/example_dags/subdags/subdag.py
[2022-04-05 05:47:27,467] {processor.py:171} INFO - Processing /home/lowenhard/acceleration/env/lib/python3.8/site-packages/airflow/example_dags/subdags/subdag.py took 0.018 seconds
[2022-04-05 05:49:53,896] {processor.py:163} INFO - Started process (PID=1654) to work on /home/lowenhard/acceleration/env/lib/python3.8/site-packages/airflow/example_dags/subdags/subdag.py
[2022-04-05 05:49:54,029] {processor.py:642} INFO - Processing file /home/lowenhard/acceleration/env/lib/python3.8/site-packages/airflow/example_dags/subdags/subdag.py for tasks to queue
[2022-04-05 05:49:54,030] {logging_mixin.py:109} INFO - [2022-04-05 05:49:54,029] {dagbag.py:500} INFO - Filling up the DagBag from /home/lowenhard/acceleration/env/lib/python3.8/site-packages/airflow/example_dags/subdags/subdag.py
[2022-04-05 05:49:54,574] {processor.py:656} WARNING - No viable dags retrieved from /home/lowenhard/acceleration/env/lib/python3.8/site-packages/airflow/example_dags/subdags/subdag.py
[2022-04-05 05:49:54,578] {processor.py:171} INFO - Processing /home/lowenhard/acceleration/env/lib/python3.8/site-packages/airflow/example_dags/subdags/subdag.py took 0.684 seconds
[2022-04-05 05:52:16,317] {processor.py:163} INFO - Started process (PID=1796) to work on /home/lowenhard/acceleration/env/lib/python3.8/site-packages/airflow/example_dags/subdags/subdag.py
[2022-04-05 05:52:16,998] {processor.py:642} INFO - Processing file /home/lowenhard/acceleration/env/lib/python3.8/site-packages/airflow/example_dags/subdags/subdag.py for tasks to queue
[2022-04-05 05:52:16,999] {logging_mixin.py:109} INFO - [2022-04-05 05:52:16,999] {dagbag.py:500} INFO - Filling up the DagBag from /home/lowenhard/acceleration/env/lib/python3.8/site-packages/airflow/example_dags/subdags/subdag.py
[2022-04-05 05:52:17,008] {processor.py:656} WARNING - No viable dags retrieved from /home/lowenhard/acceleration/env/lib/python3.8/site-packages/airflow/example_dags/subdags/subdag.py
[2022-04-05 05:52:17,010] {processor.py:171} INFO - Processing /home/lowenhard/acceleration/env/lib/python3.8/site-packages/airflow/example_dags/subdags/subdag.py took 0.696 seconds
[2022-04-05 05:54:22,191] {processor.py:163} INFO - Started process (PID=1910) to work on /home/lowenhard/acceleration/env/lib/python3.8/site-packages/airflow/example_dags/subdags/subdag.py
[2022-04-05 05:54:24,070] {processor.py:642} INFO - Processing file /home/lowenhard/acceleration/env/lib/python3.8/site-packages/airflow/example_dags/subdags/subdag.py for tasks to queue
[2022-04-05 05:54:24,071] {logging_mixin.py:109} INFO - [2022-04-05 05:54:24,071] {dagbag.py:500} INFO - Filling up the DagBag from /home/lowenhard/acceleration/env/lib/python3.8/site-packages/airflow/example_dags/subdags/subdag.py
[2022-04-05 05:54:24,082] {processor.py:656} WARNING - No viable dags retrieved from /home/lowenhard/acceleration/env/lib/python3.8/site-packages/airflow/example_dags/subdags/subdag.py
[2022-04-05 05:54:24,085] {processor.py:171} INFO - Processing /home/lowenhard/acceleration/env/lib/python3.8/site-packages/airflow/example_dags/subdags/subdag.py took 1.897 seconds
[2022-04-05 05:56:48,255] {processor.py:163} INFO - Started process (PID=2026) to work on /home/lowenhard/acceleration/env/lib/python3.8/site-packages/airflow/example_dags/subdags/subdag.py
[2022-04-05 05:56:48,268] {processor.py:642} INFO - Processing file /home/lowenhard/acceleration/env/lib/python3.8/site-packages/airflow/example_dags/subdags/subdag.py for tasks to queue
[2022-04-05 05:56:48,268] {logging_mixin.py:109} INFO - [2022-04-05 05:56:48,268] {dagbag.py:500} INFO - Filling up the DagBag from /home/lowenhard/acceleration/env/lib/python3.8/site-packages/airflow/example_dags/subdags/subdag.py
[2022-04-05 05:56:48,278] {processor.py:656} WARNING - No viable dags retrieved from /home/lowenhard/acceleration/env/lib/python3.8/site-packages/airflow/example_dags/subdags/subdag.py
[2022-04-05 05:56:48,280] {processor.py:171} INFO - Processing /home/lowenhard/acceleration/env/lib/python3.8/site-packages/airflow/example_dags/subdags/subdag.py took 0.027 seconds
[2022-04-05 05:59:05,021] {processor.py:163} INFO - Started process (PID=2141) to work on /home/lowenhard/acceleration/env/lib/python3.8/site-packages/airflow/example_dags/subdags/subdag.py
[2022-04-05 05:59:05,546] {processor.py:642} INFO - Processing file /home/lowenhard/acceleration/env/lib/python3.8/site-packages/airflow/example_dags/subdags/subdag.py for tasks to queue
[2022-04-05 05:59:05,546] {logging_mixin.py:109} INFO - [2022-04-05 05:59:05,546] {dagbag.py:500} INFO - Filling up the DagBag from /home/lowenhard/acceleration/env/lib/python3.8/site-packages/airflow/example_dags/subdags/subdag.py
[2022-04-05 05:59:05,559] {processor.py:656} WARNING - No viable dags retrieved from /home/lowenhard/acceleration/env/lib/python3.8/site-packages/airflow/example_dags/subdags/subdag.py
[2022-04-05 05:59:05,561] {processor.py:171} INFO - Processing /home/lowenhard/acceleration/env/lib/python3.8/site-packages/airflow/example_dags/subdags/subdag.py took 0.544 seconds
