[2022-03-17 00:56:14,392] {processor.py:163} INFO - Started process (PID=874) to work on /home/lowenhard/acceleration/env/lib/python3.8/site-packages/airflow/example_dags/example_latest_only_with_trigger.py
[2022-03-17 00:56:14,394] {processor.py:642} INFO - Processing file /home/lowenhard/acceleration/env/lib/python3.8/site-packages/airflow/example_dags/example_latest_only_with_trigger.py for tasks to queue
[2022-03-17 00:56:14,395] {logging_mixin.py:109} INFO - [2022-03-17 00:56:14,394] {dagbag.py:500} INFO - Filling up the DagBag from /home/lowenhard/acceleration/env/lib/python3.8/site-packages/airflow/example_dags/example_latest_only_with_trigger.py
[2022-03-17 00:56:14,416] {processor.py:654} INFO - DAG(s) dict_keys(['latest_only_with_trigger']) retrieved from /home/lowenhard/acceleration/env/lib/python3.8/site-packages/airflow/example_dags/example_latest_only_with_trigger.py
[2022-03-17 00:56:14,425] {logging_mixin.py:109} INFO - [2022-03-17 00:56:14,424] {dag.py:2398} INFO - Sync 1 DAGs
[2022-03-17 00:56:14,438] {logging_mixin.py:109} INFO - [2022-03-17 00:56:14,438] {dag.py:2937} INFO - Setting next_dagrun for latest_only_with_trigger to 2022-03-17T01:56:14.437881+00:00
[2022-03-17 00:56:15,056] {processor.py:171} INFO - Processing /home/lowenhard/acceleration/env/lib/python3.8/site-packages/airflow/example_dags/example_latest_only_with_trigger.py took 0.667 seconds
[2022-03-17 00:57:40,658] {processor.py:163} INFO - Started process (PID=906) to work on /home/lowenhard/acceleration/env/lib/python3.8/site-packages/airflow/example_dags/example_latest_only_with_trigger.py
[2022-03-17 00:57:41,216] {processor.py:642} INFO - Processing file /home/lowenhard/acceleration/env/lib/python3.8/site-packages/airflow/example_dags/example_latest_only_with_trigger.py for tasks to queue
[2022-03-17 00:57:41,217] {logging_mixin.py:109} INFO - [2022-03-17 00:57:41,217] {dagbag.py:500} INFO - Filling up the DagBag from /home/lowenhard/acceleration/env/lib/python3.8/site-packages/airflow/example_dags/example_latest_only_with_trigger.py
[2022-03-17 00:57:41,273] {processor.py:654} INFO - DAG(s) dict_keys(['latest_only_with_trigger']) retrieved from /home/lowenhard/acceleration/env/lib/python3.8/site-packages/airflow/example_dags/example_latest_only_with_trigger.py
[2022-03-17 00:57:41,296] {logging_mixin.py:109} INFO - [2022-03-17 00:57:41,296] {dag.py:2398} INFO - Sync 1 DAGs
[2022-03-17 00:57:41,318] {logging_mixin.py:109} INFO - [2022-03-17 00:57:41,318] {dag.py:2937} INFO - Setting next_dagrun for latest_only_with_trigger to 2022-03-17T01:57:41.317991+00:00
[2022-03-17 00:57:41,851] {processor.py:171} INFO - Processing /home/lowenhard/acceleration/env/lib/python3.8/site-packages/airflow/example_dags/example_latest_only_with_trigger.py took 1.201 seconds
[2022-03-17 00:59:11,616] {processor.py:163} INFO - Started process (PID=944) to work on /home/lowenhard/acceleration/env/lib/python3.8/site-packages/airflow/example_dags/example_latest_only_with_trigger.py
[2022-03-17 00:59:11,665] {processor.py:642} INFO - Processing file /home/lowenhard/acceleration/env/lib/python3.8/site-packages/airflow/example_dags/example_latest_only_with_trigger.py for tasks to queue
[2022-03-17 00:59:11,666] {logging_mixin.py:109} INFO - [2022-03-17 00:59:11,666] {dagbag.py:500} INFO - Filling up the DagBag from /home/lowenhard/acceleration/env/lib/python3.8/site-packages/airflow/example_dags/example_latest_only_with_trigger.py
[2022-03-17 00:59:11,697] {processor.py:654} INFO - DAG(s) dict_keys(['latest_only_with_trigger']) retrieved from /home/lowenhard/acceleration/env/lib/python3.8/site-packages/airflow/example_dags/example_latest_only_with_trigger.py
[2022-03-17 00:59:11,712] {logging_mixin.py:109} INFO - [2022-03-17 00:59:11,712] {dag.py:2398} INFO - Sync 1 DAGs
[2022-03-17 00:59:11,726] {logging_mixin.py:109} INFO - [2022-03-17 00:59:11,726] {dag.py:2937} INFO - Setting next_dagrun for latest_only_with_trigger to 2022-03-17T01:59:11.726516+00:00
[2022-03-17 00:59:13,236] {processor.py:171} INFO - Processing /home/lowenhard/acceleration/env/lib/python3.8/site-packages/airflow/example_dags/example_latest_only_with_trigger.py took 1.623 seconds
[2022-03-17 01:00:30,519] {processor.py:163} INFO - Started process (PID=981) to work on /home/lowenhard/acceleration/env/lib/python3.8/site-packages/airflow/example_dags/example_latest_only_with_trigger.py
[2022-03-17 01:00:30,541] {processor.py:642} INFO - Processing file /home/lowenhard/acceleration/env/lib/python3.8/site-packages/airflow/example_dags/example_latest_only_with_trigger.py for tasks to queue
[2022-03-17 01:00:30,542] {logging_mixin.py:109} INFO - [2022-03-17 01:00:30,542] {dagbag.py:500} INFO - Filling up the DagBag from /home/lowenhard/acceleration/env/lib/python3.8/site-packages/airflow/example_dags/example_latest_only_with_trigger.py
[2022-03-17 01:00:30,568] {processor.py:654} INFO - DAG(s) dict_keys(['latest_only_with_trigger']) retrieved from /home/lowenhard/acceleration/env/lib/python3.8/site-packages/airflow/example_dags/example_latest_only_with_trigger.py
[2022-03-17 01:00:30,580] {logging_mixin.py:109} INFO - [2022-03-17 01:00:30,579] {dag.py:2398} INFO - Sync 1 DAGs
[2022-03-17 01:00:30,595] {logging_mixin.py:109} INFO - [2022-03-17 01:00:30,595] {dag.py:2937} INFO - Setting next_dagrun for latest_only_with_trigger to 2022-03-17T02:00:30.595186+00:00
[2022-03-17 01:00:30,898] {processor.py:171} INFO - Processing /home/lowenhard/acceleration/env/lib/python3.8/site-packages/airflow/example_dags/example_latest_only_with_trigger.py took 0.382 seconds
[2022-03-17 07:15:08,978] {processor.py:163} INFO - Started process (PID=133) to work on /home/lowenhard/acceleration/env/lib/python3.8/site-packages/airflow/example_dags/example_latest_only_with_trigger.py
[2022-03-17 07:15:09,002] {processor.py:642} INFO - Processing file /home/lowenhard/acceleration/env/lib/python3.8/site-packages/airflow/example_dags/example_latest_only_with_trigger.py for tasks to queue
[2022-03-17 07:15:09,003] {logging_mixin.py:109} INFO - [2022-03-17 07:15:09,003] {dagbag.py:500} INFO - Filling up the DagBag from /home/lowenhard/acceleration/env/lib/python3.8/site-packages/airflow/example_dags/example_latest_only_with_trigger.py
[2022-03-17 07:15:09,028] {processor.py:654} INFO - DAG(s) dict_keys(['latest_only_with_trigger']) retrieved from /home/lowenhard/acceleration/env/lib/python3.8/site-packages/airflow/example_dags/example_latest_only_with_trigger.py
[2022-03-17 07:15:09,038] {logging_mixin.py:109} INFO - [2022-03-17 07:15:09,037] {dag.py:2398} INFO - Sync 1 DAGs
[2022-03-17 07:15:09,054] {logging_mixin.py:109} INFO - [2022-03-17 07:15:09,054] {dag.py:2937} INFO - Setting next_dagrun for latest_only_with_trigger to 2022-03-17T08:15:09.053745+00:00
[2022-03-17 07:15:09,255] {processor.py:171} INFO - Processing /home/lowenhard/acceleration/env/lib/python3.8/site-packages/airflow/example_dags/example_latest_only_with_trigger.py took 0.279 seconds
[2022-03-17 07:16:37,102] {processor.py:163} INFO - Started process (PID=172) to work on /home/lowenhard/acceleration/env/lib/python3.8/site-packages/airflow/example_dags/example_latest_only_with_trigger.py
[2022-03-17 07:16:37,104] {processor.py:642} INFO - Processing file /home/lowenhard/acceleration/env/lib/python3.8/site-packages/airflow/example_dags/example_latest_only_with_trigger.py for tasks to queue
[2022-03-17 07:16:37,105] {logging_mixin.py:109} INFO - [2022-03-17 07:16:37,105] {dagbag.py:500} INFO - Filling up the DagBag from /home/lowenhard/acceleration/env/lib/python3.8/site-packages/airflow/example_dags/example_latest_only_with_trigger.py
[2022-03-17 07:16:37,138] {processor.py:654} INFO - DAG(s) dict_keys(['latest_only_with_trigger']) retrieved from /home/lowenhard/acceleration/env/lib/python3.8/site-packages/airflow/example_dags/example_latest_only_with_trigger.py
[2022-03-17 07:16:37,154] {logging_mixin.py:109} INFO - [2022-03-17 07:16:37,154] {dag.py:2398} INFO - Sync 1 DAGs
[2022-03-17 07:16:37,174] {logging_mixin.py:109} INFO - [2022-03-17 07:16:37,174] {dag.py:2937} INFO - Setting next_dagrun for latest_only_with_trigger to 2022-03-17T08:16:37.174240+00:00
[2022-03-17 07:16:38,821] {processor.py:171} INFO - Processing /home/lowenhard/acceleration/env/lib/python3.8/site-packages/airflow/example_dags/example_latest_only_with_trigger.py took 1.723 seconds
[2022-03-17 07:18:04,877] {processor.py:163} INFO - Started process (PID=211) to work on /home/lowenhard/acceleration/env/lib/python3.8/site-packages/airflow/example_dags/example_latest_only_with_trigger.py
[2022-03-17 07:18:05,071] {processor.py:642} INFO - Processing file /home/lowenhard/acceleration/env/lib/python3.8/site-packages/airflow/example_dags/example_latest_only_with_trigger.py for tasks to queue
[2022-03-17 07:18:05,072] {logging_mixin.py:109} INFO - [2022-03-17 07:18:05,072] {dagbag.py:500} INFO - Filling up the DagBag from /home/lowenhard/acceleration/env/lib/python3.8/site-packages/airflow/example_dags/example_latest_only_with_trigger.py
[2022-03-17 07:18:05,104] {processor.py:654} INFO - DAG(s) dict_keys(['latest_only_with_trigger']) retrieved from /home/lowenhard/acceleration/env/lib/python3.8/site-packages/airflow/example_dags/example_latest_only_with_trigger.py
[2022-03-17 07:18:05,119] {logging_mixin.py:109} INFO - [2022-03-17 07:18:05,119] {dag.py:2398} INFO - Sync 1 DAGs
[2022-03-17 07:18:05,137] {logging_mixin.py:109} INFO - [2022-03-17 07:18:05,137] {dag.py:2937} INFO - Setting next_dagrun for latest_only_with_trigger to 2022-03-17T08:18:05.136904+00:00
[2022-03-17 07:18:05,305] {processor.py:171} INFO - Processing /home/lowenhard/acceleration/env/lib/python3.8/site-packages/airflow/example_dags/example_latest_only_with_trigger.py took 0.431 seconds
[2022-03-17 07:19:20,211] {processor.py:163} INFO - Started process (PID=247) to work on /home/lowenhard/acceleration/env/lib/python3.8/site-packages/airflow/example_dags/example_latest_only_with_trigger.py
[2022-03-17 07:19:20,217] {processor.py:642} INFO - Processing file /home/lowenhard/acceleration/env/lib/python3.8/site-packages/airflow/example_dags/example_latest_only_with_trigger.py for tasks to queue
[2022-03-17 07:19:20,218] {logging_mixin.py:109} INFO - [2022-03-17 07:19:20,218] {dagbag.py:500} INFO - Filling up the DagBag from /home/lowenhard/acceleration/env/lib/python3.8/site-packages/airflow/example_dags/example_latest_only_with_trigger.py
[2022-03-17 07:19:20,249] {processor.py:654} INFO - DAG(s) dict_keys(['latest_only_with_trigger']) retrieved from /home/lowenhard/acceleration/env/lib/python3.8/site-packages/airflow/example_dags/example_latest_only_with_trigger.py
[2022-03-17 07:19:20,270] {logging_mixin.py:109} INFO - [2022-03-17 07:19:20,269] {dag.py:2398} INFO - Sync 1 DAGs
[2022-03-17 07:19:20,292] {logging_mixin.py:109} INFO - [2022-03-17 07:19:20,292] {dag.py:2937} INFO - Setting next_dagrun for latest_only_with_trigger to 2022-03-17T08:19:20.291784+00:00
[2022-03-17 07:19:21,161] {processor.py:171} INFO - Processing /home/lowenhard/acceleration/env/lib/python3.8/site-packages/airflow/example_dags/example_latest_only_with_trigger.py took 0.953 seconds
[2022-03-17 07:20:53,411] {processor.py:163} INFO - Started process (PID=286) to work on /home/lowenhard/acceleration/env/lib/python3.8/site-packages/airflow/example_dags/example_latest_only_with_trigger.py
[2022-03-17 07:20:53,489] {processor.py:642} INFO - Processing file /home/lowenhard/acceleration/env/lib/python3.8/site-packages/airflow/example_dags/example_latest_only_with_trigger.py for tasks to queue
[2022-03-17 07:20:53,489] {logging_mixin.py:109} INFO - [2022-03-17 07:20:53,489] {dagbag.py:500} INFO - Filling up the DagBag from /home/lowenhard/acceleration/env/lib/python3.8/site-packages/airflow/example_dags/example_latest_only_with_trigger.py
[2022-03-17 07:20:53,522] {processor.py:654} INFO - DAG(s) dict_keys(['latest_only_with_trigger']) retrieved from /home/lowenhard/acceleration/env/lib/python3.8/site-packages/airflow/example_dags/example_latest_only_with_trigger.py
[2022-03-17 07:20:53,537] {logging_mixin.py:109} INFO - [2022-03-17 07:20:53,537] {dag.py:2398} INFO - Sync 1 DAGs
[2022-03-17 07:20:53,555] {logging_mixin.py:109} INFO - [2022-03-17 07:20:53,554] {dag.py:2937} INFO - Setting next_dagrun for latest_only_with_trigger to 2022-03-17T08:20:53.554403+00:00
[2022-03-17 07:20:53,823] {processor.py:171} INFO - Processing /home/lowenhard/acceleration/env/lib/python3.8/site-packages/airflow/example_dags/example_latest_only_with_trigger.py took 0.416 seconds
[2022-03-17 07:22:12,240] {processor.py:163} INFO - Started process (PID=323) to work on /home/lowenhard/acceleration/env/lib/python3.8/site-packages/airflow/example_dags/example_latest_only_with_trigger.py
[2022-03-17 07:22:12,312] {processor.py:642} INFO - Processing file /home/lowenhard/acceleration/env/lib/python3.8/site-packages/airflow/example_dags/example_latest_only_with_trigger.py for tasks to queue
[2022-03-17 07:22:12,313] {logging_mixin.py:109} INFO - [2022-03-17 07:22:12,313] {dagbag.py:500} INFO - Filling up the DagBag from /home/lowenhard/acceleration/env/lib/python3.8/site-packages/airflow/example_dags/example_latest_only_with_trigger.py
[2022-03-17 07:22:12,345] {processor.py:654} INFO - DAG(s) dict_keys(['latest_only_with_trigger']) retrieved from /home/lowenhard/acceleration/env/lib/python3.8/site-packages/airflow/example_dags/example_latest_only_with_trigger.py
[2022-03-17 07:22:12,361] {logging_mixin.py:109} INFO - [2022-03-17 07:22:12,361] {dag.py:2398} INFO - Sync 1 DAGs
[2022-03-17 07:22:12,379] {logging_mixin.py:109} INFO - [2022-03-17 07:22:12,379] {dag.py:2937} INFO - Setting next_dagrun for latest_only_with_trigger to 2022-03-17T08:22:12.379074+00:00
[2022-03-17 07:22:12,795] {processor.py:171} INFO - Processing /home/lowenhard/acceleration/env/lib/python3.8/site-packages/airflow/example_dags/example_latest_only_with_trigger.py took 0.558 seconds
[2022-03-17 07:23:16,813] {processor.py:163} INFO - Started process (PID=356) to work on /home/lowenhard/acceleration/env/lib/python3.8/site-packages/airflow/example_dags/example_latest_only_with_trigger.py
[2022-03-17 07:23:16,830] {processor.py:642} INFO - Processing file /home/lowenhard/acceleration/env/lib/python3.8/site-packages/airflow/example_dags/example_latest_only_with_trigger.py for tasks to queue
[2022-03-17 07:23:16,831] {logging_mixin.py:109} INFO - [2022-03-17 07:23:16,831] {dagbag.py:500} INFO - Filling up the DagBag from /home/lowenhard/acceleration/env/lib/python3.8/site-packages/airflow/example_dags/example_latest_only_with_trigger.py
[2022-03-17 07:23:16,852] {processor.py:654} INFO - DAG(s) dict_keys(['latest_only_with_trigger']) retrieved from /home/lowenhard/acceleration/env/lib/python3.8/site-packages/airflow/example_dags/example_latest_only_with_trigger.py
[2022-03-17 07:23:16,862] {logging_mixin.py:109} INFO - [2022-03-17 07:23:16,862] {dag.py:2398} INFO - Sync 1 DAGs
[2022-03-17 07:23:16,876] {logging_mixin.py:109} INFO - [2022-03-17 07:23:16,876] {dag.py:2937} INFO - Setting next_dagrun for latest_only_with_trigger to 2022-03-17T08:23:16.876215+00:00
[2022-03-17 07:23:17,085] {processor.py:171} INFO - Processing /home/lowenhard/acceleration/env/lib/python3.8/site-packages/airflow/example_dags/example_latest_only_with_trigger.py took 0.274 seconds
[2022-03-17 07:24:08,933] {processor.py:163} INFO - Started process (PID=388) to work on /home/lowenhard/acceleration/env/lib/python3.8/site-packages/airflow/example_dags/example_latest_only_with_trigger.py
[2022-03-17 07:24:08,979] {processor.py:642} INFO - Processing file /home/lowenhard/acceleration/env/lib/python3.8/site-packages/airflow/example_dags/example_latest_only_with_trigger.py for tasks to queue
[2022-03-17 07:24:08,980] {logging_mixin.py:109} INFO - [2022-03-17 07:24:08,980] {dagbag.py:500} INFO - Filling up the DagBag from /home/lowenhard/acceleration/env/lib/python3.8/site-packages/airflow/example_dags/example_latest_only_with_trigger.py
[2022-03-17 07:24:09,018] {processor.py:654} INFO - DAG(s) dict_keys(['latest_only_with_trigger']) retrieved from /home/lowenhard/acceleration/env/lib/python3.8/site-packages/airflow/example_dags/example_latest_only_with_trigger.py
[2022-03-17 07:24:09,033] {logging_mixin.py:109} INFO - [2022-03-17 07:24:09,033] {dag.py:2398} INFO - Sync 1 DAGs
[2022-03-17 07:24:09,056] {logging_mixin.py:109} INFO - [2022-03-17 07:24:09,055] {dag.py:2937} INFO - Setting next_dagrun for latest_only_with_trigger to 2022-03-17T08:24:09.054694+00:00
[2022-03-17 07:24:09,246] {processor.py:171} INFO - Processing /home/lowenhard/acceleration/env/lib/python3.8/site-packages/airflow/example_dags/example_latest_only_with_trigger.py took 0.316 seconds
[2022-03-17 07:24:59,462] {processor.py:163} INFO - Started process (PID=420) to work on /home/lowenhard/acceleration/env/lib/python3.8/site-packages/airflow/example_dags/example_latest_only_with_trigger.py
[2022-03-17 07:24:59,488] {processor.py:642} INFO - Processing file /home/lowenhard/acceleration/env/lib/python3.8/site-packages/airflow/example_dags/example_latest_only_with_trigger.py for tasks to queue
[2022-03-17 07:24:59,490] {logging_mixin.py:109} INFO - [2022-03-17 07:24:59,489] {dagbag.py:500} INFO - Filling up the DagBag from /home/lowenhard/acceleration/env/lib/python3.8/site-packages/airflow/example_dags/example_latest_only_with_trigger.py
[2022-03-17 07:24:59,516] {processor.py:654} INFO - DAG(s) dict_keys(['latest_only_with_trigger']) retrieved from /home/lowenhard/acceleration/env/lib/python3.8/site-packages/airflow/example_dags/example_latest_only_with_trigger.py
[2022-03-17 07:24:59,530] {logging_mixin.py:109} INFO - [2022-03-17 07:24:59,529] {dag.py:2398} INFO - Sync 1 DAGs
[2022-03-17 07:24:59,553] {logging_mixin.py:109} INFO - [2022-03-17 07:24:59,553] {dag.py:2937} INFO - Setting next_dagrun for latest_only_with_trigger to 2022-03-17T08:24:59.553126+00:00
[2022-03-17 07:25:00,679] {processor.py:171} INFO - Processing /home/lowenhard/acceleration/env/lib/python3.8/site-packages/airflow/example_dags/example_latest_only_with_trigger.py took 1.220 seconds
[2022-03-17 07:26:05,989] {processor.py:163} INFO - Started process (PID=460) to work on /home/lowenhard/acceleration/env/lib/python3.8/site-packages/airflow/example_dags/example_latest_only_with_trigger.py
[2022-03-17 07:26:06,010] {processor.py:642} INFO - Processing file /home/lowenhard/acceleration/env/lib/python3.8/site-packages/airflow/example_dags/example_latest_only_with_trigger.py for tasks to queue
[2022-03-17 07:26:06,010] {logging_mixin.py:109} INFO - [2022-03-17 07:26:06,010] {dagbag.py:500} INFO - Filling up the DagBag from /home/lowenhard/acceleration/env/lib/python3.8/site-packages/airflow/example_dags/example_latest_only_with_trigger.py
[2022-03-17 07:26:06,386] {processor.py:654} INFO - DAG(s) dict_keys(['latest_only_with_trigger']) retrieved from /home/lowenhard/acceleration/env/lib/python3.8/site-packages/airflow/example_dags/example_latest_only_with_trigger.py
[2022-03-17 07:26:06,396] {logging_mixin.py:109} INFO - [2022-03-17 07:26:06,396] {dag.py:2398} INFO - Sync 1 DAGs
[2022-03-17 07:26:06,410] {logging_mixin.py:109} INFO - [2022-03-17 07:26:06,410] {dag.py:2937} INFO - Setting next_dagrun for latest_only_with_trigger to 2022-03-17T08:26:06.410483+00:00
[2022-03-17 07:26:06,698] {processor.py:171} INFO - Processing /home/lowenhard/acceleration/env/lib/python3.8/site-packages/airflow/example_dags/example_latest_only_with_trigger.py took 0.711 seconds
[2022-03-17 07:27:19,510] {processor.py:163} INFO - Started process (PID=492) to work on /home/lowenhard/acceleration/env/lib/python3.8/site-packages/airflow/example_dags/example_latest_only_with_trigger.py
[2022-03-17 07:27:19,524] {processor.py:642} INFO - Processing file /home/lowenhard/acceleration/env/lib/python3.8/site-packages/airflow/example_dags/example_latest_only_with_trigger.py for tasks to queue
[2022-03-17 07:27:19,525] {logging_mixin.py:109} INFO - [2022-03-17 07:27:19,525] {dagbag.py:500} INFO - Filling up the DagBag from /home/lowenhard/acceleration/env/lib/python3.8/site-packages/airflow/example_dags/example_latest_only_with_trigger.py
[2022-03-17 07:27:19,544] {processor.py:654} INFO - DAG(s) dict_keys(['latest_only_with_trigger']) retrieved from /home/lowenhard/acceleration/env/lib/python3.8/site-packages/airflow/example_dags/example_latest_only_with_trigger.py
[2022-03-17 07:27:19,553] {logging_mixin.py:109} INFO - [2022-03-17 07:27:19,553] {dag.py:2398} INFO - Sync 1 DAGs
[2022-03-17 07:27:19,565] {logging_mixin.py:109} INFO - [2022-03-17 07:27:19,565] {dag.py:2937} INFO - Setting next_dagrun for latest_only_with_trigger to 2022-03-17T08:27:19.564809+00:00
[2022-03-17 07:27:19,751] {processor.py:171} INFO - Processing /home/lowenhard/acceleration/env/lib/python3.8/site-packages/airflow/example_dags/example_latest_only_with_trigger.py took 0.244 seconds
[2022-03-17 07:28:11,149] {processor.py:163} INFO - Started process (PID=524) to work on /home/lowenhard/acceleration/env/lib/python3.8/site-packages/airflow/example_dags/example_latest_only_with_trigger.py
[2022-03-17 07:28:11,168] {processor.py:642} INFO - Processing file /home/lowenhard/acceleration/env/lib/python3.8/site-packages/airflow/example_dags/example_latest_only_with_trigger.py for tasks to queue
[2022-03-17 07:28:11,168] {logging_mixin.py:109} INFO - [2022-03-17 07:28:11,168] {dagbag.py:500} INFO - Filling up the DagBag from /home/lowenhard/acceleration/env/lib/python3.8/site-packages/airflow/example_dags/example_latest_only_with_trigger.py
[2022-03-17 07:28:11,189] {processor.py:654} INFO - DAG(s) dict_keys(['latest_only_with_trigger']) retrieved from /home/lowenhard/acceleration/env/lib/python3.8/site-packages/airflow/example_dags/example_latest_only_with_trigger.py
[2022-03-17 07:28:11,200] {logging_mixin.py:109} INFO - [2022-03-17 07:28:11,200] {dag.py:2398} INFO - Sync 1 DAGs
[2022-03-17 07:28:11,215] {logging_mixin.py:109} INFO - [2022-03-17 07:28:11,214] {dag.py:2937} INFO - Setting next_dagrun for latest_only_with_trigger to 2022-03-17T08:28:11.214715+00:00
[2022-03-17 07:28:12,344] {processor.py:171} INFO - Processing /home/lowenhard/acceleration/env/lib/python3.8/site-packages/airflow/example_dags/example_latest_only_with_trigger.py took 1.198 seconds
[2022-03-17 07:29:05,483] {processor.py:163} INFO - Started process (PID=553) to work on /home/lowenhard/acceleration/env/lib/python3.8/site-packages/airflow/example_dags/example_latest_only_with_trigger.py
[2022-03-17 07:29:05,568] {processor.py:642} INFO - Processing file /home/lowenhard/acceleration/env/lib/python3.8/site-packages/airflow/example_dags/example_latest_only_with_trigger.py for tasks to queue
[2022-03-17 07:29:05,569] {logging_mixin.py:109} INFO - [2022-03-17 07:29:05,569] {dagbag.py:500} INFO - Filling up the DagBag from /home/lowenhard/acceleration/env/lib/python3.8/site-packages/airflow/example_dags/example_latest_only_with_trigger.py
[2022-03-17 07:29:05,590] {processor.py:654} INFO - DAG(s) dict_keys(['latest_only_with_trigger']) retrieved from /home/lowenhard/acceleration/env/lib/python3.8/site-packages/airflow/example_dags/example_latest_only_with_trigger.py
[2022-03-17 07:29:05,603] {logging_mixin.py:109} INFO - [2022-03-17 07:29:05,603] {dag.py:2398} INFO - Sync 1 DAGs
[2022-03-17 07:29:05,616] {logging_mixin.py:109} INFO - [2022-03-17 07:29:05,616] {dag.py:2937} INFO - Setting next_dagrun for latest_only_with_trigger to 2022-03-17T08:29:05.616145+00:00
[2022-03-17 07:29:05,965] {processor.py:171} INFO - Processing /home/lowenhard/acceleration/env/lib/python3.8/site-packages/airflow/example_dags/example_latest_only_with_trigger.py took 0.486 seconds
[2022-03-17 07:30:21,112] {processor.py:163} INFO - Started process (PID=588) to work on /home/lowenhard/acceleration/env/lib/python3.8/site-packages/airflow/example_dags/example_latest_only_with_trigger.py
[2022-03-17 07:30:21,115] {processor.py:642} INFO - Processing file /home/lowenhard/acceleration/env/lib/python3.8/site-packages/airflow/example_dags/example_latest_only_with_trigger.py for tasks to queue
[2022-03-17 07:30:21,115] {logging_mixin.py:109} INFO - [2022-03-17 07:30:21,115] {dagbag.py:500} INFO - Filling up the DagBag from /home/lowenhard/acceleration/env/lib/python3.8/site-packages/airflow/example_dags/example_latest_only_with_trigger.py
[2022-03-17 07:30:21,135] {processor.py:654} INFO - DAG(s) dict_keys(['latest_only_with_trigger']) retrieved from /home/lowenhard/acceleration/env/lib/python3.8/site-packages/airflow/example_dags/example_latest_only_with_trigger.py
[2022-03-17 07:30:21,144] {logging_mixin.py:109} INFO - [2022-03-17 07:30:21,144] {dag.py:2398} INFO - Sync 1 DAGs
[2022-03-17 07:30:21,159] {logging_mixin.py:109} INFO - [2022-03-17 07:30:21,159] {dag.py:2937} INFO - Setting next_dagrun for latest_only_with_trigger to 2022-03-17T08:30:21.158899+00:00
[2022-03-17 07:30:21,673] {processor.py:171} INFO - Processing /home/lowenhard/acceleration/env/lib/python3.8/site-packages/airflow/example_dags/example_latest_only_with_trigger.py took 0.563 seconds
[2022-03-17 07:31:43,130] {processor.py:163} INFO - Started process (PID=626) to work on /home/lowenhard/acceleration/env/lib/python3.8/site-packages/airflow/example_dags/example_latest_only_with_trigger.py
[2022-03-17 07:31:43,153] {processor.py:642} INFO - Processing file /home/lowenhard/acceleration/env/lib/python3.8/site-packages/airflow/example_dags/example_latest_only_with_trigger.py for tasks to queue
[2022-03-17 07:31:43,153] {logging_mixin.py:109} INFO - [2022-03-17 07:31:43,153] {dagbag.py:500} INFO - Filling up the DagBag from /home/lowenhard/acceleration/env/lib/python3.8/site-packages/airflow/example_dags/example_latest_only_with_trigger.py
[2022-03-17 07:31:43,179] {processor.py:654} INFO - DAG(s) dict_keys(['latest_only_with_trigger']) retrieved from /home/lowenhard/acceleration/env/lib/python3.8/site-packages/airflow/example_dags/example_latest_only_with_trigger.py
[2022-03-17 07:31:43,188] {logging_mixin.py:109} INFO - [2022-03-17 07:31:43,188] {dag.py:2398} INFO - Sync 1 DAGs
[2022-03-17 07:31:43,203] {logging_mixin.py:109} INFO - [2022-03-17 07:31:43,203] {dag.py:2937} INFO - Setting next_dagrun for latest_only_with_trigger to 2022-03-17T08:31:43.203236+00:00
[2022-03-17 07:31:43,401] {processor.py:171} INFO - Processing /home/lowenhard/acceleration/env/lib/python3.8/site-packages/airflow/example_dags/example_latest_only_with_trigger.py took 0.273 seconds
[2022-03-17 07:33:01,348] {processor.py:163} INFO - Started process (PID=662) to work on /home/lowenhard/acceleration/env/lib/python3.8/site-packages/airflow/example_dags/example_latest_only_with_trigger.py
[2022-03-17 07:33:02,021] {processor.py:642} INFO - Processing file /home/lowenhard/acceleration/env/lib/python3.8/site-packages/airflow/example_dags/example_latest_only_with_trigger.py for tasks to queue
[2022-03-17 07:33:02,022] {logging_mixin.py:109} INFO - [2022-03-17 07:33:02,021] {dagbag.py:500} INFO - Filling up the DagBag from /home/lowenhard/acceleration/env/lib/python3.8/site-packages/airflow/example_dags/example_latest_only_with_trigger.py
[2022-03-17 07:33:02,044] {processor.py:654} INFO - DAG(s) dict_keys(['latest_only_with_trigger']) retrieved from /home/lowenhard/acceleration/env/lib/python3.8/site-packages/airflow/example_dags/example_latest_only_with_trigger.py
[2022-03-17 07:33:02,064] {logging_mixin.py:109} INFO - [2022-03-17 07:33:02,064] {dag.py:2398} INFO - Sync 1 DAGs
[2022-03-17 07:33:02,079] {logging_mixin.py:109} INFO - [2022-03-17 07:33:02,079] {dag.py:2937} INFO - Setting next_dagrun for latest_only_with_trigger to 2022-03-17T08:33:02.079292+00:00
[2022-03-17 07:33:02,238] {processor.py:171} INFO - Processing /home/lowenhard/acceleration/env/lib/python3.8/site-packages/airflow/example_dags/example_latest_only_with_trigger.py took 0.893 seconds
[2022-03-17 07:34:31,819] {processor.py:163} INFO - Started process (PID=701) to work on /home/lowenhard/acceleration/env/lib/python3.8/site-packages/airflow/example_dags/example_latest_only_with_trigger.py
[2022-03-17 07:34:31,822] {processor.py:642} INFO - Processing file /home/lowenhard/acceleration/env/lib/python3.8/site-packages/airflow/example_dags/example_latest_only_with_trigger.py for tasks to queue
[2022-03-17 07:34:31,823] {logging_mixin.py:109} INFO - [2022-03-17 07:34:31,823] {dagbag.py:500} INFO - Filling up the DagBag from /home/lowenhard/acceleration/env/lib/python3.8/site-packages/airflow/example_dags/example_latest_only_with_trigger.py
[2022-03-17 07:34:31,847] {processor.py:654} INFO - DAG(s) dict_keys(['latest_only_with_trigger']) retrieved from /home/lowenhard/acceleration/env/lib/python3.8/site-packages/airflow/example_dags/example_latest_only_with_trigger.py
[2022-03-17 07:34:31,860] {logging_mixin.py:109} INFO - [2022-03-17 07:34:31,860] {dag.py:2398} INFO - Sync 1 DAGs
[2022-03-17 07:34:31,875] {logging_mixin.py:109} INFO - [2022-03-17 07:34:31,874] {dag.py:2937} INFO - Setting next_dagrun for latest_only_with_trigger to 2022-03-17T08:34:31.874284+00:00
[2022-03-17 07:34:33,442] {processor.py:171} INFO - Processing /home/lowenhard/acceleration/env/lib/python3.8/site-packages/airflow/example_dags/example_latest_only_with_trigger.py took 1.625 seconds
[2022-03-17 07:36:01,549] {processor.py:163} INFO - Started process (PID=739) to work on /home/lowenhard/acceleration/env/lib/python3.8/site-packages/airflow/example_dags/example_latest_only_with_trigger.py
[2022-03-17 07:36:01,577] {processor.py:642} INFO - Processing file /home/lowenhard/acceleration/env/lib/python3.8/site-packages/airflow/example_dags/example_latest_only_with_trigger.py for tasks to queue
[2022-03-17 07:36:01,578] {logging_mixin.py:109} INFO - [2022-03-17 07:36:01,578] {dagbag.py:500} INFO - Filling up the DagBag from /home/lowenhard/acceleration/env/lib/python3.8/site-packages/airflow/example_dags/example_latest_only_with_trigger.py
[2022-03-17 07:36:01,596] {processor.py:654} INFO - DAG(s) dict_keys(['latest_only_with_trigger']) retrieved from /home/lowenhard/acceleration/env/lib/python3.8/site-packages/airflow/example_dags/example_latest_only_with_trigger.py
[2022-03-17 07:36:01,605] {logging_mixin.py:109} INFO - [2022-03-17 07:36:01,605] {dag.py:2398} INFO - Sync 1 DAGs
[2022-03-17 07:36:01,620] {logging_mixin.py:109} INFO - [2022-03-17 07:36:01,620] {dag.py:2937} INFO - Setting next_dagrun for latest_only_with_trigger to 2022-03-17T08:36:01.619930+00:00
[2022-03-17 07:36:02,891] {processor.py:171} INFO - Processing /home/lowenhard/acceleration/env/lib/python3.8/site-packages/airflow/example_dags/example_latest_only_with_trigger.py took 1.345 seconds
[2022-03-17 07:37:18,980] {processor.py:163} INFO - Started process (PID=775) to work on /home/lowenhard/acceleration/env/lib/python3.8/site-packages/airflow/example_dags/example_latest_only_with_trigger.py
[2022-03-17 07:37:18,992] {processor.py:642} INFO - Processing file /home/lowenhard/acceleration/env/lib/python3.8/site-packages/airflow/example_dags/example_latest_only_with_trigger.py for tasks to queue
[2022-03-17 07:37:18,993] {logging_mixin.py:109} INFO - [2022-03-17 07:37:18,993] {dagbag.py:500} INFO - Filling up the DagBag from /home/lowenhard/acceleration/env/lib/python3.8/site-packages/airflow/example_dags/example_latest_only_with_trigger.py
[2022-03-17 07:37:19,015] {processor.py:654} INFO - DAG(s) dict_keys(['latest_only_with_trigger']) retrieved from /home/lowenhard/acceleration/env/lib/python3.8/site-packages/airflow/example_dags/example_latest_only_with_trigger.py
[2022-03-17 07:37:19,026] {logging_mixin.py:109} INFO - [2022-03-17 07:37:19,025] {dag.py:2398} INFO - Sync 1 DAGs
[2022-03-17 07:37:19,039] {logging_mixin.py:109} INFO - [2022-03-17 07:37:19,039] {dag.py:2937} INFO - Setting next_dagrun for latest_only_with_trigger to 2022-03-17T08:37:19.038995+00:00
[2022-03-17 07:37:20,354] {processor.py:171} INFO - Processing /home/lowenhard/acceleration/env/lib/python3.8/site-packages/airflow/example_dags/example_latest_only_with_trigger.py took 1.378 seconds
[2022-03-17 07:38:42,385] {processor.py:163} INFO - Started process (PID=812) to work on /home/lowenhard/acceleration/env/lib/python3.8/site-packages/airflow/example_dags/example_latest_only_with_trigger.py
[2022-03-17 07:38:42,387] {processor.py:642} INFO - Processing file /home/lowenhard/acceleration/env/lib/python3.8/site-packages/airflow/example_dags/example_latest_only_with_trigger.py for tasks to queue
[2022-03-17 07:38:42,388] {logging_mixin.py:109} INFO - [2022-03-17 07:38:42,388] {dagbag.py:500} INFO - Filling up the DagBag from /home/lowenhard/acceleration/env/lib/python3.8/site-packages/airflow/example_dags/example_latest_only_with_trigger.py
[2022-03-17 07:38:42,408] {processor.py:654} INFO - DAG(s) dict_keys(['latest_only_with_trigger']) retrieved from /home/lowenhard/acceleration/env/lib/python3.8/site-packages/airflow/example_dags/example_latest_only_with_trigger.py
[2022-03-17 07:38:42,420] {logging_mixin.py:109} INFO - [2022-03-17 07:38:42,419] {dag.py:2398} INFO - Sync 1 DAGs
[2022-03-17 07:38:42,432] {logging_mixin.py:109} INFO - [2022-03-17 07:38:42,432] {dag.py:2937} INFO - Setting next_dagrun for latest_only_with_trigger to 2022-03-17T08:38:42.432209+00:00
[2022-03-17 07:38:43,497] {processor.py:171} INFO - Processing /home/lowenhard/acceleration/env/lib/python3.8/site-packages/airflow/example_dags/example_latest_only_with_trigger.py took 1.115 seconds
