[2022-03-17 00:55:54,968] {processor.py:163} INFO - Started process (PID=866) to work on /home/lowenhard/acceleration/env/lib/python3.8/site-packages/airflow/example_dags/example_python_operator.py
[2022-03-17 00:55:54,969] {processor.py:642} INFO - Processing file /home/lowenhard/acceleration/env/lib/python3.8/site-packages/airflow/example_dags/example_python_operator.py for tasks to queue
[2022-03-17 00:55:54,969] {logging_mixin.py:109} INFO - [2022-03-17 00:55:54,969] {dagbag.py:500} INFO - Filling up the DagBag from /home/lowenhard/acceleration/env/lib/python3.8/site-packages/airflow/example_dags/example_python_operator.py
[2022-03-17 00:55:54,993] {processor.py:654} INFO - DAG(s) dict_keys(['example_python_operator']) retrieved from /home/lowenhard/acceleration/env/lib/python3.8/site-packages/airflow/example_dags/example_python_operator.py
[2022-03-17 00:55:55,002] {logging_mixin.py:109} INFO - [2022-03-17 00:55:55,002] {dag.py:2398} INFO - Sync 1 DAGs
[2022-03-17 00:55:55,014] {logging_mixin.py:109} INFO - [2022-03-17 00:55:55,013] {dag.py:2937} INFO - Setting next_dagrun for example_python_operator to None
[2022-03-17 00:55:56,148] {processor.py:171} INFO - Processing /home/lowenhard/acceleration/env/lib/python3.8/site-packages/airflow/example_dags/example_python_operator.py took 1.182 seconds
[2022-03-17 00:57:21,669] {processor.py:163} INFO - Started process (PID=898) to work on /home/lowenhard/acceleration/env/lib/python3.8/site-packages/airflow/example_dags/example_python_operator.py
[2022-03-17 00:57:21,945] {processor.py:642} INFO - Processing file /home/lowenhard/acceleration/env/lib/python3.8/site-packages/airflow/example_dags/example_python_operator.py for tasks to queue
[2022-03-17 00:57:21,946] {logging_mixin.py:109} INFO - [2022-03-17 00:57:21,946] {dagbag.py:500} INFO - Filling up the DagBag from /home/lowenhard/acceleration/env/lib/python3.8/site-packages/airflow/example_dags/example_python_operator.py
[2022-03-17 00:57:22,205] {processor.py:654} INFO - DAG(s) dict_keys(['example_python_operator']) retrieved from /home/lowenhard/acceleration/env/lib/python3.8/site-packages/airflow/example_dags/example_python_operator.py
[2022-03-17 00:57:22,218] {logging_mixin.py:109} INFO - [2022-03-17 00:57:22,218] {dag.py:2398} INFO - Sync 1 DAGs
[2022-03-17 00:57:22,235] {logging_mixin.py:109} INFO - [2022-03-17 00:57:22,235] {dag.py:2937} INFO - Setting next_dagrun for example_python_operator to None
[2022-03-17 00:57:22,412] {processor.py:171} INFO - Processing /home/lowenhard/acceleration/env/lib/python3.8/site-packages/airflow/example_dags/example_python_operator.py took 0.746 seconds
[2022-03-17 00:58:52,307] {processor.py:163} INFO - Started process (PID=936) to work on /home/lowenhard/acceleration/env/lib/python3.8/site-packages/airflow/example_dags/example_python_operator.py
[2022-03-17 00:58:52,372] {processor.py:642} INFO - Processing file /home/lowenhard/acceleration/env/lib/python3.8/site-packages/airflow/example_dags/example_python_operator.py for tasks to queue
[2022-03-17 00:58:52,373] {logging_mixin.py:109} INFO - [2022-03-17 00:58:52,373] {dagbag.py:500} INFO - Filling up the DagBag from /home/lowenhard/acceleration/env/lib/python3.8/site-packages/airflow/example_dags/example_python_operator.py
[2022-03-17 00:58:52,397] {processor.py:654} INFO - DAG(s) dict_keys(['example_python_operator']) retrieved from /home/lowenhard/acceleration/env/lib/python3.8/site-packages/airflow/example_dags/example_python_operator.py
[2022-03-17 00:58:52,405] {logging_mixin.py:109} INFO - [2022-03-17 00:58:52,405] {dag.py:2398} INFO - Sync 1 DAGs
[2022-03-17 00:58:52,416] {logging_mixin.py:109} INFO - [2022-03-17 00:58:52,416] {dag.py:2937} INFO - Setting next_dagrun for example_python_operator to None
[2022-03-17 00:58:53,651] {processor.py:171} INFO - Processing /home/lowenhard/acceleration/env/lib/python3.8/site-packages/airflow/example_dags/example_python_operator.py took 1.348 seconds
[2022-03-17 01:00:13,431] {processor.py:163} INFO - Started process (PID=973) to work on /home/lowenhard/acceleration/env/lib/python3.8/site-packages/airflow/example_dags/example_python_operator.py
[2022-03-17 01:00:13,479] {processor.py:642} INFO - Processing file /home/lowenhard/acceleration/env/lib/python3.8/site-packages/airflow/example_dags/example_python_operator.py for tasks to queue
[2022-03-17 01:00:13,479] {logging_mixin.py:109} INFO - [2022-03-17 01:00:13,479] {dagbag.py:500} INFO - Filling up the DagBag from /home/lowenhard/acceleration/env/lib/python3.8/site-packages/airflow/example_dags/example_python_operator.py
[2022-03-17 01:00:13,510] {processor.py:654} INFO - DAG(s) dict_keys(['example_python_operator']) retrieved from /home/lowenhard/acceleration/env/lib/python3.8/site-packages/airflow/example_dags/example_python_operator.py
[2022-03-17 01:00:13,523] {logging_mixin.py:109} INFO - [2022-03-17 01:00:13,523] {dag.py:2398} INFO - Sync 1 DAGs
[2022-03-17 01:00:13,541] {logging_mixin.py:109} INFO - [2022-03-17 01:00:13,541] {dag.py:2937} INFO - Setting next_dagrun for example_python_operator to None
[2022-03-17 01:00:13,693] {processor.py:171} INFO - Processing /home/lowenhard/acceleration/env/lib/python3.8/site-packages/airflow/example_dags/example_python_operator.py took 0.264 seconds
[2022-03-17 07:14:41,151] {processor.py:163} INFO - Started process (PID=125) to work on /home/lowenhard/acceleration/env/lib/python3.8/site-packages/airflow/example_dags/example_python_operator.py
[2022-03-17 07:14:41,154] {processor.py:642} INFO - Processing file /home/lowenhard/acceleration/env/lib/python3.8/site-packages/airflow/example_dags/example_python_operator.py for tasks to queue
[2022-03-17 07:14:41,155] {logging_mixin.py:109} INFO - [2022-03-17 07:14:41,155] {dagbag.py:500} INFO - Filling up the DagBag from /home/lowenhard/acceleration/env/lib/python3.8/site-packages/airflow/example_dags/example_python_operator.py
[2022-03-17 07:14:41,202] {processor.py:654} INFO - DAG(s) dict_keys(['example_python_operator']) retrieved from /home/lowenhard/acceleration/env/lib/python3.8/site-packages/airflow/example_dags/example_python_operator.py
[2022-03-17 07:14:41,225] {logging_mixin.py:109} INFO - [2022-03-17 07:14:41,224] {dag.py:2398} INFO - Sync 1 DAGs
[2022-03-17 07:14:41,245] {logging_mixin.py:109} INFO - [2022-03-17 07:14:41,245] {dag.py:2937} INFO - Setting next_dagrun for example_python_operator to None
[2022-03-17 07:14:42,899] {processor.py:171} INFO - Processing /home/lowenhard/acceleration/env/lib/python3.8/site-packages/airflow/example_dags/example_python_operator.py took 1.750 seconds
[2022-03-17 07:16:06,714] {processor.py:163} INFO - Started process (PID=157) to work on /home/lowenhard/acceleration/env/lib/python3.8/site-packages/airflow/example_dags/example_python_operator.py
[2022-03-17 07:16:06,721] {processor.py:642} INFO - Processing file /home/lowenhard/acceleration/env/lib/python3.8/site-packages/airflow/example_dags/example_python_operator.py for tasks to queue
[2022-03-17 07:16:06,722] {logging_mixin.py:109} INFO - [2022-03-17 07:16:06,722] {dagbag.py:500} INFO - Filling up the DagBag from /home/lowenhard/acceleration/env/lib/python3.8/site-packages/airflow/example_dags/example_python_operator.py
[2022-03-17 07:16:06,757] {processor.py:654} INFO - DAG(s) dict_keys(['example_python_operator']) retrieved from /home/lowenhard/acceleration/env/lib/python3.8/site-packages/airflow/example_dags/example_python_operator.py
[2022-03-17 07:16:06,773] {logging_mixin.py:109} INFO - [2022-03-17 07:16:06,773] {dag.py:2398} INFO - Sync 1 DAGs
[2022-03-17 07:16:06,792] {logging_mixin.py:109} INFO - [2022-03-17 07:16:06,792] {dag.py:2937} INFO - Setting next_dagrun for example_python_operator to None
[2022-03-17 07:16:07,045] {processor.py:171} INFO - Processing /home/lowenhard/acceleration/env/lib/python3.8/site-packages/airflow/example_dags/example_python_operator.py took 0.334 seconds
[2022-03-17 07:17:26,196] {processor.py:163} INFO - Started process (PID=196) to work on /home/lowenhard/acceleration/env/lib/python3.8/site-packages/airflow/example_dags/example_python_operator.py
[2022-03-17 07:17:26,207] {processor.py:642} INFO - Processing file /home/lowenhard/acceleration/env/lib/python3.8/site-packages/airflow/example_dags/example_python_operator.py for tasks to queue
[2022-03-17 07:17:26,208] {logging_mixin.py:109} INFO - [2022-03-17 07:17:26,208] {dagbag.py:500} INFO - Filling up the DagBag from /home/lowenhard/acceleration/env/lib/python3.8/site-packages/airflow/example_dags/example_python_operator.py
[2022-03-17 07:17:26,244] {processor.py:654} INFO - DAG(s) dict_keys(['example_python_operator']) retrieved from /home/lowenhard/acceleration/env/lib/python3.8/site-packages/airflow/example_dags/example_python_operator.py
[2022-03-17 07:17:26,258] {logging_mixin.py:109} INFO - [2022-03-17 07:17:26,258] {dag.py:2398} INFO - Sync 1 DAGs
[2022-03-17 07:17:26,273] {logging_mixin.py:109} INFO - [2022-03-17 07:17:26,273] {dag.py:2937} INFO - Setting next_dagrun for example_python_operator to None
[2022-03-17 07:17:28,120] {processor.py:171} INFO - Processing /home/lowenhard/acceleration/env/lib/python3.8/site-packages/airflow/example_dags/example_python_operator.py took 1.928 seconds
[2022-03-17 07:18:48,087] {processor.py:163} INFO - Started process (PID=232) to work on /home/lowenhard/acceleration/env/lib/python3.8/site-packages/airflow/example_dags/example_python_operator.py
[2022-03-17 07:18:48,109] {processor.py:642} INFO - Processing file /home/lowenhard/acceleration/env/lib/python3.8/site-packages/airflow/example_dags/example_python_operator.py for tasks to queue
[2022-03-17 07:18:48,110] {logging_mixin.py:109} INFO - [2022-03-17 07:18:48,110] {dagbag.py:500} INFO - Filling up the DagBag from /home/lowenhard/acceleration/env/lib/python3.8/site-packages/airflow/example_dags/example_python_operator.py
[2022-03-17 07:18:48,153] {processor.py:654} INFO - DAG(s) dict_keys(['example_python_operator']) retrieved from /home/lowenhard/acceleration/env/lib/python3.8/site-packages/airflow/example_dags/example_python_operator.py
[2022-03-17 07:18:48,166] {logging_mixin.py:109} INFO - [2022-03-17 07:18:48,166] {dag.py:2398} INFO - Sync 1 DAGs
[2022-03-17 07:18:48,185] {logging_mixin.py:109} INFO - [2022-03-17 07:18:48,184] {dag.py:2937} INFO - Setting next_dagrun for example_python_operator to None
[2022-03-17 07:18:49,167] {processor.py:171} INFO - Processing /home/lowenhard/acceleration/env/lib/python3.8/site-packages/airflow/example_dags/example_python_operator.py took 1.083 seconds
[2022-03-17 07:20:10,763] {processor.py:163} INFO - Started process (PID=268) to work on /home/lowenhard/acceleration/env/lib/python3.8/site-packages/airflow/example_dags/example_python_operator.py
[2022-03-17 07:20:11,456] {processor.py:642} INFO - Processing file /home/lowenhard/acceleration/env/lib/python3.8/site-packages/airflow/example_dags/example_python_operator.py for tasks to queue
[2022-03-17 07:20:11,457] {logging_mixin.py:109} INFO - [2022-03-17 07:20:11,457] {dagbag.py:500} INFO - Filling up the DagBag from /home/lowenhard/acceleration/env/lib/python3.8/site-packages/airflow/example_dags/example_python_operator.py
[2022-03-17 07:20:11,498] {processor.py:654} INFO - DAG(s) dict_keys(['example_python_operator']) retrieved from /home/lowenhard/acceleration/env/lib/python3.8/site-packages/airflow/example_dags/example_python_operator.py
[2022-03-17 07:20:11,520] {logging_mixin.py:109} INFO - [2022-03-17 07:20:11,520] {dag.py:2398} INFO - Sync 1 DAGs
[2022-03-17 07:20:11,545] {logging_mixin.py:109} INFO - [2022-03-17 07:20:11,545] {dag.py:2937} INFO - Setting next_dagrun for example_python_operator to None
[2022-03-17 07:20:11,828] {processor.py:171} INFO - Processing /home/lowenhard/acceleration/env/lib/python3.8/site-packages/airflow/example_dags/example_python_operator.py took 1.068 seconds
[2022-03-17 07:21:42,849] {processor.py:163} INFO - Started process (PID=309) to work on /home/lowenhard/acceleration/env/lib/python3.8/site-packages/airflow/example_dags/example_python_operator.py
[2022-03-17 07:21:44,675] {processor.py:642} INFO - Processing file /home/lowenhard/acceleration/env/lib/python3.8/site-packages/airflow/example_dags/example_python_operator.py for tasks to queue
[2022-03-17 07:21:44,677] {logging_mixin.py:109} INFO - [2022-03-17 07:21:44,676] {dagbag.py:500} INFO - Filling up the DagBag from /home/lowenhard/acceleration/env/lib/python3.8/site-packages/airflow/example_dags/example_python_operator.py
[2022-03-17 07:21:44,904] {processor.py:654} INFO - DAG(s) dict_keys(['example_python_operator']) retrieved from /home/lowenhard/acceleration/env/lib/python3.8/site-packages/airflow/example_dags/example_python_operator.py
[2022-03-17 07:21:44,921] {logging_mixin.py:109} INFO - [2022-03-17 07:21:44,921] {dag.py:2398} INFO - Sync 1 DAGs
[2022-03-17 07:21:44,941] {logging_mixin.py:109} INFO - [2022-03-17 07:21:44,941] {dag.py:2937} INFO - Setting next_dagrun for example_python_operator to None
[2022-03-17 07:21:45,108] {processor.py:171} INFO - Processing /home/lowenhard/acceleration/env/lib/python3.8/site-packages/airflow/example_dags/example_python_operator.py took 2.264 seconds
[2022-03-17 07:22:49,901] {processor.py:163} INFO - Started process (PID=343) to work on /home/lowenhard/acceleration/env/lib/python3.8/site-packages/airflow/example_dags/example_python_operator.py
[2022-03-17 07:22:50,023] {processor.py:642} INFO - Processing file /home/lowenhard/acceleration/env/lib/python3.8/site-packages/airflow/example_dags/example_python_operator.py for tasks to queue
[2022-03-17 07:22:50,024] {logging_mixin.py:109} INFO - [2022-03-17 07:22:50,024] {dagbag.py:500} INFO - Filling up the DagBag from /home/lowenhard/acceleration/env/lib/python3.8/site-packages/airflow/example_dags/example_python_operator.py
[2022-03-17 07:22:50,165] {processor.py:654} INFO - DAG(s) dict_keys(['example_python_operator']) retrieved from /home/lowenhard/acceleration/env/lib/python3.8/site-packages/airflow/example_dags/example_python_operator.py
[2022-03-17 07:22:50,182] {logging_mixin.py:109} INFO - [2022-03-17 07:22:50,182] {dag.py:2398} INFO - Sync 1 DAGs
[2022-03-17 07:22:50,211] {logging_mixin.py:109} INFO - [2022-03-17 07:22:50,211] {dag.py:2937} INFO - Setting next_dagrun for example_python_operator to None
[2022-03-17 07:22:51,334] {processor.py:171} INFO - Processing /home/lowenhard/acceleration/env/lib/python3.8/site-packages/airflow/example_dags/example_python_operator.py took 1.436 seconds
[2022-03-17 07:23:47,651] {processor.py:163} INFO - Started process (PID=375) to work on /home/lowenhard/acceleration/env/lib/python3.8/site-packages/airflow/example_dags/example_python_operator.py
[2022-03-17 07:23:47,676] {processor.py:642} INFO - Processing file /home/lowenhard/acceleration/env/lib/python3.8/site-packages/airflow/example_dags/example_python_operator.py for tasks to queue
[2022-03-17 07:23:47,677] {logging_mixin.py:109} INFO - [2022-03-17 07:23:47,677] {dagbag.py:500} INFO - Filling up the DagBag from /home/lowenhard/acceleration/env/lib/python3.8/site-packages/airflow/example_dags/example_python_operator.py
[2022-03-17 07:23:47,719] {processor.py:654} INFO - DAG(s) dict_keys(['example_python_operator']) retrieved from /home/lowenhard/acceleration/env/lib/python3.8/site-packages/airflow/example_dags/example_python_operator.py
[2022-03-17 07:23:47,733] {logging_mixin.py:109} INFO - [2022-03-17 07:23:47,733] {dag.py:2398} INFO - Sync 1 DAGs
[2022-03-17 07:23:47,753] {logging_mixin.py:109} INFO - [2022-03-17 07:23:47,753] {dag.py:2937} INFO - Setting next_dagrun for example_python_operator to None
[2022-03-17 07:23:48,185] {processor.py:171} INFO - Processing /home/lowenhard/acceleration/env/lib/python3.8/site-packages/airflow/example_dags/example_python_operator.py took 0.535 seconds
[2022-03-17 07:24:32,497] {processor.py:163} INFO - Started process (PID=404) to work on /home/lowenhard/acceleration/env/lib/python3.8/site-packages/airflow/example_dags/example_python_operator.py
[2022-03-17 07:24:32,507] {processor.py:642} INFO - Processing file /home/lowenhard/acceleration/env/lib/python3.8/site-packages/airflow/example_dags/example_python_operator.py for tasks to queue
[2022-03-17 07:24:32,508] {logging_mixin.py:109} INFO - [2022-03-17 07:24:32,508] {dagbag.py:500} INFO - Filling up the DagBag from /home/lowenhard/acceleration/env/lib/python3.8/site-packages/airflow/example_dags/example_python_operator.py
[2022-03-17 07:24:32,554] {processor.py:654} INFO - DAG(s) dict_keys(['example_python_operator']) retrieved from /home/lowenhard/acceleration/env/lib/python3.8/site-packages/airflow/example_dags/example_python_operator.py
[2022-03-17 07:24:32,575] {logging_mixin.py:109} INFO - [2022-03-17 07:24:32,574] {dag.py:2398} INFO - Sync 1 DAGs
[2022-03-17 07:24:32,593] {logging_mixin.py:109} INFO - [2022-03-17 07:24:32,593] {dag.py:2937} INFO - Setting next_dagrun for example_python_operator to None
[2022-03-17 07:24:32,817] {processor.py:171} INFO - Processing /home/lowenhard/acceleration/env/lib/python3.8/site-packages/airflow/example_dags/example_python_operator.py took 0.323 seconds
[2022-03-17 07:25:13,714] {processor.py:163} INFO - Started process (PID=429) to work on /home/lowenhard/acceleration/env/lib/python3.8/site-packages/airflow/example_dags/example_python_operator.py
[2022-03-17 07:25:13,751] {processor.py:642} INFO - Processing file /home/lowenhard/acceleration/env/lib/python3.8/site-packages/airflow/example_dags/example_python_operator.py for tasks to queue
[2022-03-17 07:25:13,751] {logging_mixin.py:109} INFO - [2022-03-17 07:25:13,751] {dagbag.py:500} INFO - Filling up the DagBag from /home/lowenhard/acceleration/env/lib/python3.8/site-packages/airflow/example_dags/example_python_operator.py
[2022-03-17 07:25:14,910] {processor.py:654} INFO - DAG(s) dict_keys(['example_python_operator']) retrieved from /home/lowenhard/acceleration/env/lib/python3.8/site-packages/airflow/example_dags/example_python_operator.py
[2022-03-17 07:25:14,919] {logging_mixin.py:109} INFO - [2022-03-17 07:25:14,919] {dag.py:2398} INFO - Sync 1 DAGs
[2022-03-17 07:25:14,931] {logging_mixin.py:109} INFO - [2022-03-17 07:25:14,931] {dag.py:2937} INFO - Setting next_dagrun for example_python_operator to None
[2022-03-17 07:25:15,247] {processor.py:171} INFO - Processing /home/lowenhard/acceleration/env/lib/python3.8/site-packages/airflow/example_dags/example_python_operator.py took 1.535 seconds
[2022-03-17 07:26:00,862] {processor.py:163} INFO - Started process (PID=457) to work on /home/lowenhard/acceleration/env/lib/python3.8/site-packages/airflow/example_dags/example_python_operator.py
[2022-03-17 07:26:00,954] {processor.py:642} INFO - Processing file /home/lowenhard/acceleration/env/lib/python3.8/site-packages/airflow/example_dags/example_python_operator.py for tasks to queue
[2022-03-17 07:26:00,954] {logging_mixin.py:109} INFO - [2022-03-17 07:26:00,954] {dagbag.py:500} INFO - Filling up the DagBag from /home/lowenhard/acceleration/env/lib/python3.8/site-packages/airflow/example_dags/example_python_operator.py
[2022-03-17 07:26:00,984] {processor.py:654} INFO - DAG(s) dict_keys(['example_python_operator']) retrieved from /home/lowenhard/acceleration/env/lib/python3.8/site-packages/airflow/example_dags/example_python_operator.py
[2022-03-17 07:26:00,999] {logging_mixin.py:109} INFO - [2022-03-17 07:26:00,999] {dag.py:2398} INFO - Sync 1 DAGs
[2022-03-17 07:26:01,015] {logging_mixin.py:109} INFO - [2022-03-17 07:26:01,015] {dag.py:2937} INFO - Setting next_dagrun for example_python_operator to None
[2022-03-17 07:26:01,923] {processor.py:171} INFO - Processing /home/lowenhard/acceleration/env/lib/python3.8/site-packages/airflow/example_dags/example_python_operator.py took 1.064 seconds
[2022-03-17 07:27:09,132] {processor.py:163} INFO - Started process (PID=488) to work on /home/lowenhard/acceleration/env/lib/python3.8/site-packages/airflow/example_dags/example_python_operator.py
[2022-03-17 07:27:09,264] {processor.py:642} INFO - Processing file /home/lowenhard/acceleration/env/lib/python3.8/site-packages/airflow/example_dags/example_python_operator.py for tasks to queue
[2022-03-17 07:27:09,265] {logging_mixin.py:109} INFO - [2022-03-17 07:27:09,265] {dagbag.py:500} INFO - Filling up the DagBag from /home/lowenhard/acceleration/env/lib/python3.8/site-packages/airflow/example_dags/example_python_operator.py
[2022-03-17 07:27:09,289] {processor.py:654} INFO - DAG(s) dict_keys(['example_python_operator']) retrieved from /home/lowenhard/acceleration/env/lib/python3.8/site-packages/airflow/example_dags/example_python_operator.py
[2022-03-17 07:27:09,300] {logging_mixin.py:109} INFO - [2022-03-17 07:27:09,300] {dag.py:2398} INFO - Sync 1 DAGs
[2022-03-17 07:27:09,331] {logging_mixin.py:109} INFO - [2022-03-17 07:27:09,331] {dag.py:2937} INFO - Setting next_dagrun for example_python_operator to None
[2022-03-17 07:27:11,015] {processor.py:171} INFO - Processing /home/lowenhard/acceleration/env/lib/python3.8/site-packages/airflow/example_dags/example_python_operator.py took 1.884 seconds
[2022-03-17 07:28:04,590] {processor.py:163} INFO - Started process (PID=520) to work on /home/lowenhard/acceleration/env/lib/python3.8/site-packages/airflow/example_dags/example_python_operator.py
[2022-03-17 07:28:04,604] {processor.py:642} INFO - Processing file /home/lowenhard/acceleration/env/lib/python3.8/site-packages/airflow/example_dags/example_python_operator.py for tasks to queue
[2022-03-17 07:28:04,604] {logging_mixin.py:109} INFO - [2022-03-17 07:28:04,604] {dagbag.py:500} INFO - Filling up the DagBag from /home/lowenhard/acceleration/env/lib/python3.8/site-packages/airflow/example_dags/example_python_operator.py
[2022-03-17 07:28:04,630] {processor.py:654} INFO - DAG(s) dict_keys(['example_python_operator']) retrieved from /home/lowenhard/acceleration/env/lib/python3.8/site-packages/airflow/example_dags/example_python_operator.py
[2022-03-17 07:28:04,640] {logging_mixin.py:109} INFO - [2022-03-17 07:28:04,639] {dag.py:2398} INFO - Sync 1 DAGs
[2022-03-17 07:28:04,651] {logging_mixin.py:109} INFO - [2022-03-17 07:28:04,651] {dag.py:2937} INFO - Setting next_dagrun for example_python_operator to None
[2022-03-17 07:28:05,025] {processor.py:171} INFO - Processing /home/lowenhard/acceleration/env/lib/python3.8/site-packages/airflow/example_dags/example_python_operator.py took 0.436 seconds
[2022-03-17 07:28:58,325] {processor.py:163} INFO - Started process (PID=549) to work on /home/lowenhard/acceleration/env/lib/python3.8/site-packages/airflow/example_dags/example_python_operator.py
[2022-03-17 07:28:58,344] {processor.py:642} INFO - Processing file /home/lowenhard/acceleration/env/lib/python3.8/site-packages/airflow/example_dags/example_python_operator.py for tasks to queue
[2022-03-17 07:28:58,345] {logging_mixin.py:109} INFO - [2022-03-17 07:28:58,345] {dagbag.py:500} INFO - Filling up the DagBag from /home/lowenhard/acceleration/env/lib/python3.8/site-packages/airflow/example_dags/example_python_operator.py
[2022-03-17 07:28:58,376] {processor.py:654} INFO - DAG(s) dict_keys(['example_python_operator']) retrieved from /home/lowenhard/acceleration/env/lib/python3.8/site-packages/airflow/example_dags/example_python_operator.py
[2022-03-17 07:28:58,388] {logging_mixin.py:109} INFO - [2022-03-17 07:28:58,388] {dag.py:2398} INFO - Sync 1 DAGs
[2022-03-17 07:28:58,403] {logging_mixin.py:109} INFO - [2022-03-17 07:28:58,402] {dag.py:2937} INFO - Setting next_dagrun for example_python_operator to None
[2022-03-17 07:28:58,578] {processor.py:171} INFO - Processing /home/lowenhard/acceleration/env/lib/python3.8/site-packages/airflow/example_dags/example_python_operator.py took 0.255 seconds
[2022-03-17 07:30:12,954] {processor.py:163} INFO - Started process (PID=584) to work on /home/lowenhard/acceleration/env/lib/python3.8/site-packages/airflow/example_dags/example_python_operator.py
[2022-03-17 07:30:13,081] {processor.py:642} INFO - Processing file /home/lowenhard/acceleration/env/lib/python3.8/site-packages/airflow/example_dags/example_python_operator.py for tasks to queue
[2022-03-17 07:30:13,082] {logging_mixin.py:109} INFO - [2022-03-17 07:30:13,082] {dagbag.py:500} INFO - Filling up the DagBag from /home/lowenhard/acceleration/env/lib/python3.8/site-packages/airflow/example_dags/example_python_operator.py
[2022-03-17 07:30:13,106] {processor.py:654} INFO - DAG(s) dict_keys(['example_python_operator']) retrieved from /home/lowenhard/acceleration/env/lib/python3.8/site-packages/airflow/example_dags/example_python_operator.py
[2022-03-17 07:30:13,117] {logging_mixin.py:109} INFO - [2022-03-17 07:30:13,117] {dag.py:2398} INFO - Sync 1 DAGs
[2022-03-17 07:30:13,130] {logging_mixin.py:109} INFO - [2022-03-17 07:30:13,130] {dag.py:2937} INFO - Setting next_dagrun for example_python_operator to None
[2022-03-17 07:30:13,686] {processor.py:171} INFO - Processing /home/lowenhard/acceleration/env/lib/python3.8/site-packages/airflow/example_dags/example_python_operator.py took 0.735 seconds
[2022-03-17 07:31:36,913] {processor.py:163} INFO - Started process (PID=622) to work on /home/lowenhard/acceleration/env/lib/python3.8/site-packages/airflow/example_dags/example_python_operator.py
[2022-03-17 07:31:36,934] {processor.py:642} INFO - Processing file /home/lowenhard/acceleration/env/lib/python3.8/site-packages/airflow/example_dags/example_python_operator.py for tasks to queue
[2022-03-17 07:31:36,935] {logging_mixin.py:109} INFO - [2022-03-17 07:31:36,935] {dagbag.py:500} INFO - Filling up the DagBag from /home/lowenhard/acceleration/env/lib/python3.8/site-packages/airflow/example_dags/example_python_operator.py
[2022-03-17 07:31:36,985] {processor.py:654} INFO - DAG(s) dict_keys(['example_python_operator']) retrieved from /home/lowenhard/acceleration/env/lib/python3.8/site-packages/airflow/example_dags/example_python_operator.py
[2022-03-17 07:31:37,000] {logging_mixin.py:109} INFO - [2022-03-17 07:31:37,000] {dag.py:2398} INFO - Sync 1 DAGs
[2022-03-17 07:31:37,015] {logging_mixin.py:109} INFO - [2022-03-17 07:31:37,015] {dag.py:2937} INFO - Setting next_dagrun for example_python_operator to None
[2022-03-17 07:31:37,213] {processor.py:171} INFO - Processing /home/lowenhard/acceleration/env/lib/python3.8/site-packages/airflow/example_dags/example_python_operator.py took 0.310 seconds
[2022-03-17 07:32:52,931] {processor.py:163} INFO - Started process (PID=658) to work on /home/lowenhard/acceleration/env/lib/python3.8/site-packages/airflow/example_dags/example_python_operator.py
[2022-03-17 07:32:53,069] {processor.py:642} INFO - Processing file /home/lowenhard/acceleration/env/lib/python3.8/site-packages/airflow/example_dags/example_python_operator.py for tasks to queue
[2022-03-17 07:32:53,070] {logging_mixin.py:109} INFO - [2022-03-17 07:32:53,070] {dagbag.py:500} INFO - Filling up the DagBag from /home/lowenhard/acceleration/env/lib/python3.8/site-packages/airflow/example_dags/example_python_operator.py
[2022-03-17 07:32:53,098] {processor.py:654} INFO - DAG(s) dict_keys(['example_python_operator']) retrieved from /home/lowenhard/acceleration/env/lib/python3.8/site-packages/airflow/example_dags/example_python_operator.py
[2022-03-17 07:32:53,110] {logging_mixin.py:109} INFO - [2022-03-17 07:32:53,109] {dag.py:2398} INFO - Sync 1 DAGs
[2022-03-17 07:32:53,124] {logging_mixin.py:109} INFO - [2022-03-17 07:32:53,124] {dag.py:2937} INFO - Setting next_dagrun for example_python_operator to None
[2022-03-17 07:32:54,211] {processor.py:171} INFO - Processing /home/lowenhard/acceleration/env/lib/python3.8/site-packages/airflow/example_dags/example_python_operator.py took 1.283 seconds
[2022-03-17 07:34:21,101] {processor.py:163} INFO - Started process (PID=697) to work on /home/lowenhard/acceleration/env/lib/python3.8/site-packages/airflow/example_dags/example_python_operator.py
[2022-03-17 07:34:21,104] {processor.py:642} INFO - Processing file /home/lowenhard/acceleration/env/lib/python3.8/site-packages/airflow/example_dags/example_python_operator.py for tasks to queue
[2022-03-17 07:34:21,105] {logging_mixin.py:109} INFO - [2022-03-17 07:34:21,105] {dagbag.py:500} INFO - Filling up the DagBag from /home/lowenhard/acceleration/env/lib/python3.8/site-packages/airflow/example_dags/example_python_operator.py
[2022-03-17 07:34:21,134] {processor.py:654} INFO - DAG(s) dict_keys(['example_python_operator']) retrieved from /home/lowenhard/acceleration/env/lib/python3.8/site-packages/airflow/example_dags/example_python_operator.py
[2022-03-17 07:34:21,145] {logging_mixin.py:109} INFO - [2022-03-17 07:34:21,145] {dag.py:2398} INFO - Sync 1 DAGs
[2022-03-17 07:34:21,162] {logging_mixin.py:109} INFO - [2022-03-17 07:34:21,162] {dag.py:2937} INFO - Setting next_dagrun for example_python_operator to None
[2022-03-17 07:34:21,291] {processor.py:171} INFO - Processing /home/lowenhard/acceleration/env/lib/python3.8/site-packages/airflow/example_dags/example_python_operator.py took 0.192 seconds
[2022-03-17 07:35:51,831] {processor.py:163} INFO - Started process (PID=735) to work on /home/lowenhard/acceleration/env/lib/python3.8/site-packages/airflow/example_dags/example_python_operator.py
[2022-03-17 07:35:51,871] {processor.py:642} INFO - Processing file /home/lowenhard/acceleration/env/lib/python3.8/site-packages/airflow/example_dags/example_python_operator.py for tasks to queue
[2022-03-17 07:35:51,871] {logging_mixin.py:109} INFO - [2022-03-17 07:35:51,871] {dagbag.py:500} INFO - Filling up the DagBag from /home/lowenhard/acceleration/env/lib/python3.8/site-packages/airflow/example_dags/example_python_operator.py
[2022-03-17 07:35:51,909] {processor.py:654} INFO - DAG(s) dict_keys(['example_python_operator']) retrieved from /home/lowenhard/acceleration/env/lib/python3.8/site-packages/airflow/example_dags/example_python_operator.py
[2022-03-17 07:35:51,923] {logging_mixin.py:109} INFO - [2022-03-17 07:35:51,923] {dag.py:2398} INFO - Sync 1 DAGs
[2022-03-17 07:35:51,939] {logging_mixin.py:109} INFO - [2022-03-17 07:35:51,939] {dag.py:2937} INFO - Setting next_dagrun for example_python_operator to None
[2022-03-17 07:35:52,878] {processor.py:171} INFO - Processing /home/lowenhard/acceleration/env/lib/python3.8/site-packages/airflow/example_dags/example_python_operator.py took 1.050 seconds
[2022-03-17 07:37:10,575] {processor.py:163} INFO - Started process (PID=771) to work on /home/lowenhard/acceleration/env/lib/python3.8/site-packages/airflow/example_dags/example_python_operator.py
[2022-03-17 07:37:10,597] {processor.py:642} INFO - Processing file /home/lowenhard/acceleration/env/lib/python3.8/site-packages/airflow/example_dags/example_python_operator.py for tasks to queue
[2022-03-17 07:37:10,597] {logging_mixin.py:109} INFO - [2022-03-17 07:37:10,597] {dagbag.py:500} INFO - Filling up the DagBag from /home/lowenhard/acceleration/env/lib/python3.8/site-packages/airflow/example_dags/example_python_operator.py
[2022-03-17 07:37:10,641] {processor.py:654} INFO - DAG(s) dict_keys(['example_python_operator']) retrieved from /home/lowenhard/acceleration/env/lib/python3.8/site-packages/airflow/example_dags/example_python_operator.py
[2022-03-17 07:37:10,658] {logging_mixin.py:109} INFO - [2022-03-17 07:37:10,658] {dag.py:2398} INFO - Sync 1 DAGs
[2022-03-17 07:37:10,679] {logging_mixin.py:109} INFO - [2022-03-17 07:37:10,679] {dag.py:2937} INFO - Setting next_dagrun for example_python_operator to None
[2022-03-17 07:37:11,052] {processor.py:171} INFO - Processing /home/lowenhard/acceleration/env/lib/python3.8/site-packages/airflow/example_dags/example_python_operator.py took 0.480 seconds
[2022-03-17 07:38:31,334] {processor.py:163} INFO - Started process (PID=808) to work on /home/lowenhard/acceleration/env/lib/python3.8/site-packages/airflow/example_dags/example_python_operator.py
[2022-03-17 07:38:31,341] {processor.py:642} INFO - Processing file /home/lowenhard/acceleration/env/lib/python3.8/site-packages/airflow/example_dags/example_python_operator.py for tasks to queue
[2022-03-17 07:38:31,341] {logging_mixin.py:109} INFO - [2022-03-17 07:38:31,341] {dagbag.py:500} INFO - Filling up the DagBag from /home/lowenhard/acceleration/env/lib/python3.8/site-packages/airflow/example_dags/example_python_operator.py
[2022-03-17 07:38:31,370] {processor.py:654} INFO - DAG(s) dict_keys(['example_python_operator']) retrieved from /home/lowenhard/acceleration/env/lib/python3.8/site-packages/airflow/example_dags/example_python_operator.py
[2022-03-17 07:38:31,384] {logging_mixin.py:109} INFO - [2022-03-17 07:38:31,384] {dag.py:2398} INFO - Sync 1 DAGs
[2022-03-17 07:38:31,397] {logging_mixin.py:109} INFO - [2022-03-17 07:38:31,397] {dag.py:2937} INFO - Setting next_dagrun for example_python_operator to None
[2022-03-17 07:38:32,616] {processor.py:171} INFO - Processing /home/lowenhard/acceleration/env/lib/python3.8/site-packages/airflow/example_dags/example_python_operator.py took 1.284 seconds
