[2022-03-17 00:56:17,251] {processor.py:163} INFO - Started process (PID=875) to work on /home/lowenhard/acceleration/env/lib/python3.8/site-packages/airflow/example_dags/example_trigger_target_dag.py
[2022-03-17 00:56:17,252] {processor.py:642} INFO - Processing file /home/lowenhard/acceleration/env/lib/python3.8/site-packages/airflow/example_dags/example_trigger_target_dag.py for tasks to queue
[2022-03-17 00:56:17,253] {logging_mixin.py:109} INFO - [2022-03-17 00:56:17,253] {dagbag.py:500} INFO - Filling up the DagBag from /home/lowenhard/acceleration/env/lib/python3.8/site-packages/airflow/example_dags/example_trigger_target_dag.py
[2022-03-17 00:56:17,275] {processor.py:654} INFO - DAG(s) dict_keys(['example_trigger_target_dag']) retrieved from /home/lowenhard/acceleration/env/lib/python3.8/site-packages/airflow/example_dags/example_trigger_target_dag.py
[2022-03-17 00:56:17,289] {logging_mixin.py:109} INFO - [2022-03-17 00:56:17,289] {dag.py:2398} INFO - Sync 1 DAGs
[2022-03-17 00:56:17,301] {logging_mixin.py:109} INFO - [2022-03-17 00:56:17,301] {dag.py:2937} INFO - Setting next_dagrun for example_trigger_target_dag to None
[2022-03-17 00:56:17,500] {processor.py:171} INFO - Processing /home/lowenhard/acceleration/env/lib/python3.8/site-packages/airflow/example_dags/example_trigger_target_dag.py took 0.251 seconds
[2022-03-17 00:58:01,817] {processor.py:163} INFO - Started process (PID=915) to work on /home/lowenhard/acceleration/env/lib/python3.8/site-packages/airflow/example_dags/example_trigger_target_dag.py
[2022-03-17 00:58:01,928] {processor.py:642} INFO - Processing file /home/lowenhard/acceleration/env/lib/python3.8/site-packages/airflow/example_dags/example_trigger_target_dag.py for tasks to queue
[2022-03-17 00:58:01,929] {logging_mixin.py:109} INFO - [2022-03-17 00:58:01,929] {dagbag.py:500} INFO - Filling up the DagBag from /home/lowenhard/acceleration/env/lib/python3.8/site-packages/airflow/example_dags/example_trigger_target_dag.py
[2022-03-17 00:58:01,954] {processor.py:654} INFO - DAG(s) dict_keys(['example_trigger_target_dag']) retrieved from /home/lowenhard/acceleration/env/lib/python3.8/site-packages/airflow/example_dags/example_trigger_target_dag.py
[2022-03-17 00:58:01,962] {logging_mixin.py:109} INFO - [2022-03-17 00:58:01,962] {dag.py:2398} INFO - Sync 1 DAGs
[2022-03-17 00:58:01,974] {logging_mixin.py:109} INFO - [2022-03-17 00:58:01,973] {dag.py:2937} INFO - Setting next_dagrun for example_trigger_target_dag to None
[2022-03-17 00:58:03,043] {processor.py:171} INFO - Processing /home/lowenhard/acceleration/env/lib/python3.8/site-packages/airflow/example_dags/example_trigger_target_dag.py took 1.228 seconds
[2022-03-17 00:59:32,091] {processor.py:163} INFO - Started process (PID=954) to work on /home/lowenhard/acceleration/env/lib/python3.8/site-packages/airflow/example_dags/example_trigger_target_dag.py
[2022-03-17 00:59:32,722] {processor.py:642} INFO - Processing file /home/lowenhard/acceleration/env/lib/python3.8/site-packages/airflow/example_dags/example_trigger_target_dag.py for tasks to queue
[2022-03-17 00:59:32,723] {logging_mixin.py:109} INFO - [2022-03-17 00:59:32,723] {dagbag.py:500} INFO - Filling up the DagBag from /home/lowenhard/acceleration/env/lib/python3.8/site-packages/airflow/example_dags/example_trigger_target_dag.py
[2022-03-17 00:59:32,934] {processor.py:654} INFO - DAG(s) dict_keys(['example_trigger_target_dag']) retrieved from /home/lowenhard/acceleration/env/lib/python3.8/site-packages/airflow/example_dags/example_trigger_target_dag.py
[2022-03-17 00:59:32,946] {logging_mixin.py:109} INFO - [2022-03-17 00:59:32,945] {dag.py:2398} INFO - Sync 1 DAGs
[2022-03-17 00:59:32,957] {logging_mixin.py:109} INFO - [2022-03-17 00:59:32,957] {dag.py:2937} INFO - Setting next_dagrun for example_trigger_target_dag to None
[2022-03-17 00:59:33,128] {processor.py:171} INFO - Processing /home/lowenhard/acceleration/env/lib/python3.8/site-packages/airflow/example_dags/example_trigger_target_dag.py took 1.039 seconds
[2022-03-17 01:00:49,422] {processor.py:163} INFO - Started process (PID=990) to work on /home/lowenhard/acceleration/env/lib/python3.8/site-packages/airflow/example_dags/example_trigger_target_dag.py
[2022-03-17 01:00:49,455] {processor.py:642} INFO - Processing file /home/lowenhard/acceleration/env/lib/python3.8/site-packages/airflow/example_dags/example_trigger_target_dag.py for tasks to queue
[2022-03-17 01:00:49,456] {logging_mixin.py:109} INFO - [2022-03-17 01:00:49,456] {dagbag.py:500} INFO - Filling up the DagBag from /home/lowenhard/acceleration/env/lib/python3.8/site-packages/airflow/example_dags/example_trigger_target_dag.py
[2022-03-17 01:00:49,481] {processor.py:654} INFO - DAG(s) dict_keys(['example_trigger_target_dag']) retrieved from /home/lowenhard/acceleration/env/lib/python3.8/site-packages/airflow/example_dags/example_trigger_target_dag.py
[2022-03-17 01:00:49,490] {logging_mixin.py:109} INFO - [2022-03-17 01:00:49,490] {dag.py:2398} INFO - Sync 1 DAGs
[2022-03-17 01:00:49,503] {logging_mixin.py:109} INFO - [2022-03-17 01:00:49,503] {dag.py:2937} INFO - Setting next_dagrun for example_trigger_target_dag to None
[2022-03-17 01:00:51,217] {processor.py:171} INFO - Processing /home/lowenhard/acceleration/env/lib/python3.8/site-packages/airflow/example_dags/example_trigger_target_dag.py took 1.798 seconds
[2022-03-17 07:15:10,345] {processor.py:163} INFO - Started process (PID=134) to work on /home/lowenhard/acceleration/env/lib/python3.8/site-packages/airflow/example_dags/example_trigger_target_dag.py
[2022-03-17 07:15:11,204] {processor.py:642} INFO - Processing file /home/lowenhard/acceleration/env/lib/python3.8/site-packages/airflow/example_dags/example_trigger_target_dag.py for tasks to queue
[2022-03-17 07:15:11,205] {logging_mixin.py:109} INFO - [2022-03-17 07:15:11,205] {dagbag.py:500} INFO - Filling up the DagBag from /home/lowenhard/acceleration/env/lib/python3.8/site-packages/airflow/example_dags/example_trigger_target_dag.py
[2022-03-17 07:15:11,666] {processor.py:654} INFO - DAG(s) dict_keys(['example_trigger_target_dag']) retrieved from /home/lowenhard/acceleration/env/lib/python3.8/site-packages/airflow/example_dags/example_trigger_target_dag.py
[2022-03-17 07:15:11,677] {logging_mixin.py:109} INFO - [2022-03-17 07:15:11,677] {dag.py:2398} INFO - Sync 1 DAGs
[2022-03-17 07:15:11,694] {logging_mixin.py:109} INFO - [2022-03-17 07:15:11,694] {dag.py:2937} INFO - Setting next_dagrun for example_trigger_target_dag to None
[2022-03-17 07:15:11,911] {processor.py:171} INFO - Processing /home/lowenhard/acceleration/env/lib/python3.8/site-packages/airflow/example_dags/example_trigger_target_dag.py took 1.569 seconds
[2022-03-17 07:16:40,692] {processor.py:163} INFO - Started process (PID=173) to work on /home/lowenhard/acceleration/env/lib/python3.8/site-packages/airflow/example_dags/example_trigger_target_dag.py
[2022-03-17 07:16:40,713] {processor.py:642} INFO - Processing file /home/lowenhard/acceleration/env/lib/python3.8/site-packages/airflow/example_dags/example_trigger_target_dag.py for tasks to queue
[2022-03-17 07:16:40,714] {logging_mixin.py:109} INFO - [2022-03-17 07:16:40,714] {dagbag.py:500} INFO - Filling up the DagBag from /home/lowenhard/acceleration/env/lib/python3.8/site-packages/airflow/example_dags/example_trigger_target_dag.py
[2022-03-17 07:16:40,751] {processor.py:654} INFO - DAG(s) dict_keys(['example_trigger_target_dag']) retrieved from /home/lowenhard/acceleration/env/lib/python3.8/site-packages/airflow/example_dags/example_trigger_target_dag.py
[2022-03-17 07:16:40,766] {logging_mixin.py:109} INFO - [2022-03-17 07:16:40,765] {dag.py:2398} INFO - Sync 1 DAGs
[2022-03-17 07:16:40,784] {logging_mixin.py:109} INFO - [2022-03-17 07:16:40,784] {dag.py:2937} INFO - Setting next_dagrun for example_trigger_target_dag to None
[2022-03-17 07:16:42,420] {processor.py:171} INFO - Processing /home/lowenhard/acceleration/env/lib/python3.8/site-packages/airflow/example_dags/example_trigger_target_dag.py took 1.731 seconds
[2022-03-17 07:18:06,440] {processor.py:163} INFO - Started process (PID=212) to work on /home/lowenhard/acceleration/env/lib/python3.8/site-packages/airflow/example_dags/example_trigger_target_dag.py
[2022-03-17 07:18:06,726] {processor.py:642} INFO - Processing file /home/lowenhard/acceleration/env/lib/python3.8/site-packages/airflow/example_dags/example_trigger_target_dag.py for tasks to queue
[2022-03-17 07:18:06,727] {logging_mixin.py:109} INFO - [2022-03-17 07:18:06,727] {dagbag.py:500} INFO - Filling up the DagBag from /home/lowenhard/acceleration/env/lib/python3.8/site-packages/airflow/example_dags/example_trigger_target_dag.py
[2022-03-17 07:18:06,772] {processor.py:654} INFO - DAG(s) dict_keys(['example_trigger_target_dag']) retrieved from /home/lowenhard/acceleration/env/lib/python3.8/site-packages/airflow/example_dags/example_trigger_target_dag.py
[2022-03-17 07:18:06,787] {logging_mixin.py:109} INFO - [2022-03-17 07:18:06,787] {dag.py:2398} INFO - Sync 1 DAGs
[2022-03-17 07:18:06,808] {logging_mixin.py:109} INFO - [2022-03-17 07:18:06,808] {dag.py:2937} INFO - Setting next_dagrun for example_trigger_target_dag to None
[2022-03-17 07:18:07,662] {processor.py:171} INFO - Processing /home/lowenhard/acceleration/env/lib/python3.8/site-packages/airflow/example_dags/example_trigger_target_dag.py took 1.225 seconds
[2022-03-17 07:19:22,291] {processor.py:163} INFO - Started process (PID=248) to work on /home/lowenhard/acceleration/env/lib/python3.8/site-packages/airflow/example_dags/example_trigger_target_dag.py
[2022-03-17 07:19:22,298] {processor.py:642} INFO - Processing file /home/lowenhard/acceleration/env/lib/python3.8/site-packages/airflow/example_dags/example_trigger_target_dag.py for tasks to queue
[2022-03-17 07:19:22,299] {logging_mixin.py:109} INFO - [2022-03-17 07:19:22,299] {dagbag.py:500} INFO - Filling up the DagBag from /home/lowenhard/acceleration/env/lib/python3.8/site-packages/airflow/example_dags/example_trigger_target_dag.py
[2022-03-17 07:19:22,336] {processor.py:654} INFO - DAG(s) dict_keys(['example_trigger_target_dag']) retrieved from /home/lowenhard/acceleration/env/lib/python3.8/site-packages/airflow/example_dags/example_trigger_target_dag.py
[2022-03-17 07:19:22,350] {logging_mixin.py:109} INFO - [2022-03-17 07:19:22,350] {dag.py:2398} INFO - Sync 1 DAGs
[2022-03-17 07:19:22,374] {logging_mixin.py:109} INFO - [2022-03-17 07:19:22,374] {dag.py:2937} INFO - Setting next_dagrun for example_trigger_target_dag to None
[2022-03-17 07:19:23,198] {processor.py:171} INFO - Processing /home/lowenhard/acceleration/env/lib/python3.8/site-packages/airflow/example_dags/example_trigger_target_dag.py took 0.911 seconds
[2022-03-17 07:20:55,225] {processor.py:163} INFO - Started process (PID=287) to work on /home/lowenhard/acceleration/env/lib/python3.8/site-packages/airflow/example_dags/example_trigger_target_dag.py
[2022-03-17 07:20:55,251] {processor.py:642} INFO - Processing file /home/lowenhard/acceleration/env/lib/python3.8/site-packages/airflow/example_dags/example_trigger_target_dag.py for tasks to queue
[2022-03-17 07:20:55,252] {logging_mixin.py:109} INFO - [2022-03-17 07:20:55,252] {dagbag.py:500} INFO - Filling up the DagBag from /home/lowenhard/acceleration/env/lib/python3.8/site-packages/airflow/example_dags/example_trigger_target_dag.py
[2022-03-17 07:20:55,292] {processor.py:654} INFO - DAG(s) dict_keys(['example_trigger_target_dag']) retrieved from /home/lowenhard/acceleration/env/lib/python3.8/site-packages/airflow/example_dags/example_trigger_target_dag.py
[2022-03-17 07:20:55,306] {logging_mixin.py:109} INFO - [2022-03-17 07:20:55,306] {dag.py:2398} INFO - Sync 1 DAGs
[2022-03-17 07:20:55,329] {logging_mixin.py:109} INFO - [2022-03-17 07:20:55,329] {dag.py:2937} INFO - Setting next_dagrun for example_trigger_target_dag to None
[2022-03-17 07:20:56,472] {processor.py:171} INFO - Processing /home/lowenhard/acceleration/env/lib/python3.8/site-packages/airflow/example_dags/example_trigger_target_dag.py took 1.251 seconds
[2022-03-17 07:22:13,904] {processor.py:163} INFO - Started process (PID=324) to work on /home/lowenhard/acceleration/env/lib/python3.8/site-packages/airflow/example_dags/example_trigger_target_dag.py
[2022-03-17 07:22:13,957] {processor.py:642} INFO - Processing file /home/lowenhard/acceleration/env/lib/python3.8/site-packages/airflow/example_dags/example_trigger_target_dag.py for tasks to queue
[2022-03-17 07:22:13,958] {logging_mixin.py:109} INFO - [2022-03-17 07:22:13,958] {dagbag.py:500} INFO - Filling up the DagBag from /home/lowenhard/acceleration/env/lib/python3.8/site-packages/airflow/example_dags/example_trigger_target_dag.py
[2022-03-17 07:22:13,999] {processor.py:654} INFO - DAG(s) dict_keys(['example_trigger_target_dag']) retrieved from /home/lowenhard/acceleration/env/lib/python3.8/site-packages/airflow/example_dags/example_trigger_target_dag.py
[2022-03-17 07:22:14,014] {logging_mixin.py:109} INFO - [2022-03-17 07:22:14,013] {dag.py:2398} INFO - Sync 1 DAGs
[2022-03-17 07:22:14,032] {logging_mixin.py:109} INFO - [2022-03-17 07:22:14,032] {dag.py:2937} INFO - Setting next_dagrun for example_trigger_target_dag to None
[2022-03-17 07:22:14,880] {processor.py:171} INFO - Processing /home/lowenhard/acceleration/env/lib/python3.8/site-packages/airflow/example_dags/example_trigger_target_dag.py took 0.980 seconds
[2022-03-17 07:23:18,167] {processor.py:163} INFO - Started process (PID=357) to work on /home/lowenhard/acceleration/env/lib/python3.8/site-packages/airflow/example_dags/example_trigger_target_dag.py
[2022-03-17 07:23:18,178] {processor.py:642} INFO - Processing file /home/lowenhard/acceleration/env/lib/python3.8/site-packages/airflow/example_dags/example_trigger_target_dag.py for tasks to queue
[2022-03-17 07:23:18,179] {logging_mixin.py:109} INFO - [2022-03-17 07:23:18,179] {dagbag.py:500} INFO - Filling up the DagBag from /home/lowenhard/acceleration/env/lib/python3.8/site-packages/airflow/example_dags/example_trigger_target_dag.py
[2022-03-17 07:23:18,207] {processor.py:654} INFO - DAG(s) dict_keys(['example_trigger_target_dag']) retrieved from /home/lowenhard/acceleration/env/lib/python3.8/site-packages/airflow/example_dags/example_trigger_target_dag.py
[2022-03-17 07:23:18,217] {logging_mixin.py:109} INFO - [2022-03-17 07:23:18,216] {dag.py:2398} INFO - Sync 1 DAGs
[2022-03-17 07:23:18,233] {logging_mixin.py:109} INFO - [2022-03-17 07:23:18,233] {dag.py:2937} INFO - Setting next_dagrun for example_trigger_target_dag to None
[2022-03-17 07:23:18,400] {processor.py:171} INFO - Processing /home/lowenhard/acceleration/env/lib/python3.8/site-packages/airflow/example_dags/example_trigger_target_dag.py took 0.236 seconds
[2022-03-17 07:24:10,399] {processor.py:163} INFO - Started process (PID=389) to work on /home/lowenhard/acceleration/env/lib/python3.8/site-packages/airflow/example_dags/example_trigger_target_dag.py
[2022-03-17 07:24:10,412] {processor.py:642} INFO - Processing file /home/lowenhard/acceleration/env/lib/python3.8/site-packages/airflow/example_dags/example_trigger_target_dag.py for tasks to queue
[2022-03-17 07:24:10,413] {logging_mixin.py:109} INFO - [2022-03-17 07:24:10,413] {dagbag.py:500} INFO - Filling up the DagBag from /home/lowenhard/acceleration/env/lib/python3.8/site-packages/airflow/example_dags/example_trigger_target_dag.py
[2022-03-17 07:24:10,446] {processor.py:654} INFO - DAG(s) dict_keys(['example_trigger_target_dag']) retrieved from /home/lowenhard/acceleration/env/lib/python3.8/site-packages/airflow/example_dags/example_trigger_target_dag.py
[2022-03-17 07:24:10,461] {logging_mixin.py:109} INFO - [2022-03-17 07:24:10,461] {dag.py:2398} INFO - Sync 1 DAGs
[2022-03-17 07:24:10,486] {logging_mixin.py:109} INFO - [2022-03-17 07:24:10,486] {dag.py:2937} INFO - Setting next_dagrun for example_trigger_target_dag to None
[2022-03-17 07:24:10,642] {processor.py:171} INFO - Processing /home/lowenhard/acceleration/env/lib/python3.8/site-packages/airflow/example_dags/example_trigger_target_dag.py took 0.246 seconds
[2022-03-17 07:25:02,411] {processor.py:163} INFO - Started process (PID=421) to work on /home/lowenhard/acceleration/env/lib/python3.8/site-packages/airflow/example_dags/example_trigger_target_dag.py
[2022-03-17 07:25:02,430] {processor.py:642} INFO - Processing file /home/lowenhard/acceleration/env/lib/python3.8/site-packages/airflow/example_dags/example_trigger_target_dag.py for tasks to queue
[2022-03-17 07:25:02,431] {logging_mixin.py:109} INFO - [2022-03-17 07:25:02,431] {dagbag.py:500} INFO - Filling up the DagBag from /home/lowenhard/acceleration/env/lib/python3.8/site-packages/airflow/example_dags/example_trigger_target_dag.py
[2022-03-17 07:25:02,451] {processor.py:654} INFO - DAG(s) dict_keys(['example_trigger_target_dag']) retrieved from /home/lowenhard/acceleration/env/lib/python3.8/site-packages/airflow/example_dags/example_trigger_target_dag.py
[2022-03-17 07:25:02,460] {logging_mixin.py:109} INFO - [2022-03-17 07:25:02,460] {dag.py:2398} INFO - Sync 1 DAGs
[2022-03-17 07:25:02,469] {logging_mixin.py:109} INFO - [2022-03-17 07:25:02,469] {dag.py:2937} INFO - Setting next_dagrun for example_trigger_target_dag to None
[2022-03-17 07:25:03,583] {processor.py:171} INFO - Processing /home/lowenhard/acceleration/env/lib/python3.8/site-packages/airflow/example_dags/example_trigger_target_dag.py took 1.174 seconds
[2022-03-17 07:26:07,875] {processor.py:163} INFO - Started process (PID=461) to work on /home/lowenhard/acceleration/env/lib/python3.8/site-packages/airflow/example_dags/example_trigger_target_dag.py
[2022-03-17 07:26:07,901] {processor.py:642} INFO - Processing file /home/lowenhard/acceleration/env/lib/python3.8/site-packages/airflow/example_dags/example_trigger_target_dag.py for tasks to queue
[2022-03-17 07:26:07,901] {logging_mixin.py:109} INFO - [2022-03-17 07:26:07,901] {dagbag.py:500} INFO - Filling up the DagBag from /home/lowenhard/acceleration/env/lib/python3.8/site-packages/airflow/example_dags/example_trigger_target_dag.py
[2022-03-17 07:26:07,933] {processor.py:654} INFO - DAG(s) dict_keys(['example_trigger_target_dag']) retrieved from /home/lowenhard/acceleration/env/lib/python3.8/site-packages/airflow/example_dags/example_trigger_target_dag.py
[2022-03-17 07:26:07,940] {logging_mixin.py:109} INFO - [2022-03-17 07:26:07,940] {dag.py:2398} INFO - Sync 1 DAGs
[2022-03-17 07:26:07,950] {logging_mixin.py:109} INFO - [2022-03-17 07:26:07,950] {dag.py:2937} INFO - Setting next_dagrun for example_trigger_target_dag to None
[2022-03-17 07:26:08,191] {processor.py:171} INFO - Processing /home/lowenhard/acceleration/env/lib/python3.8/site-packages/airflow/example_dags/example_trigger_target_dag.py took 0.319 seconds
[2022-03-17 07:27:20,854] {processor.py:163} INFO - Started process (PID=493) to work on /home/lowenhard/acceleration/env/lib/python3.8/site-packages/airflow/example_dags/example_trigger_target_dag.py
[2022-03-17 07:27:20,896] {processor.py:642} INFO - Processing file /home/lowenhard/acceleration/env/lib/python3.8/site-packages/airflow/example_dags/example_trigger_target_dag.py for tasks to queue
[2022-03-17 07:27:20,897] {logging_mixin.py:109} INFO - [2022-03-17 07:27:20,897] {dagbag.py:500} INFO - Filling up the DagBag from /home/lowenhard/acceleration/env/lib/python3.8/site-packages/airflow/example_dags/example_trigger_target_dag.py
[2022-03-17 07:27:20,921] {processor.py:654} INFO - DAG(s) dict_keys(['example_trigger_target_dag']) retrieved from /home/lowenhard/acceleration/env/lib/python3.8/site-packages/airflow/example_dags/example_trigger_target_dag.py
[2022-03-17 07:27:20,930] {logging_mixin.py:109} INFO - [2022-03-17 07:27:20,930] {dag.py:2398} INFO - Sync 1 DAGs
[2022-03-17 07:27:20,940] {logging_mixin.py:109} INFO - [2022-03-17 07:27:20,940] {dag.py:2937} INFO - Setting next_dagrun for example_trigger_target_dag to None
[2022-03-17 07:27:21,136] {processor.py:171} INFO - Processing /home/lowenhard/acceleration/env/lib/python3.8/site-packages/airflow/example_dags/example_trigger_target_dag.py took 0.285 seconds
[2022-03-17 07:28:13,762] {processor.py:163} INFO - Started process (PID=525) to work on /home/lowenhard/acceleration/env/lib/python3.8/site-packages/airflow/example_dags/example_trigger_target_dag.py
[2022-03-17 07:28:13,789] {processor.py:642} INFO - Processing file /home/lowenhard/acceleration/env/lib/python3.8/site-packages/airflow/example_dags/example_trigger_target_dag.py for tasks to queue
[2022-03-17 07:28:13,790] {logging_mixin.py:109} INFO - [2022-03-17 07:28:13,790] {dagbag.py:500} INFO - Filling up the DagBag from /home/lowenhard/acceleration/env/lib/python3.8/site-packages/airflow/example_dags/example_trigger_target_dag.py
[2022-03-17 07:28:13,815] {processor.py:654} INFO - DAG(s) dict_keys(['example_trigger_target_dag']) retrieved from /home/lowenhard/acceleration/env/lib/python3.8/site-packages/airflow/example_dags/example_trigger_target_dag.py
[2022-03-17 07:28:13,824] {logging_mixin.py:109} INFO - [2022-03-17 07:28:13,824] {dag.py:2398} INFO - Sync 1 DAGs
[2022-03-17 07:28:13,842] {logging_mixin.py:109} INFO - [2022-03-17 07:28:13,841] {dag.py:2937} INFO - Setting next_dagrun for example_trigger_target_dag to None
[2022-03-17 07:28:14,146] {processor.py:171} INFO - Processing /home/lowenhard/acceleration/env/lib/python3.8/site-packages/airflow/example_dags/example_trigger_target_dag.py took 0.387 seconds
[2022-03-17 07:29:07,027] {processor.py:163} INFO - Started process (PID=554) to work on /home/lowenhard/acceleration/env/lib/python3.8/site-packages/airflow/example_dags/example_trigger_target_dag.py
[2022-03-17 07:29:07,051] {processor.py:642} INFO - Processing file /home/lowenhard/acceleration/env/lib/python3.8/site-packages/airflow/example_dags/example_trigger_target_dag.py for tasks to queue
[2022-03-17 07:29:07,052] {logging_mixin.py:109} INFO - [2022-03-17 07:29:07,051] {dagbag.py:500} INFO - Filling up the DagBag from /home/lowenhard/acceleration/env/lib/python3.8/site-packages/airflow/example_dags/example_trigger_target_dag.py
[2022-03-17 07:29:07,083] {processor.py:654} INFO - DAG(s) dict_keys(['example_trigger_target_dag']) retrieved from /home/lowenhard/acceleration/env/lib/python3.8/site-packages/airflow/example_dags/example_trigger_target_dag.py
[2022-03-17 07:29:07,092] {logging_mixin.py:109} INFO - [2022-03-17 07:29:07,092] {dag.py:2398} INFO - Sync 1 DAGs
[2022-03-17 07:29:07,104] {logging_mixin.py:109} INFO - [2022-03-17 07:29:07,104] {dag.py:2937} INFO - Setting next_dagrun for example_trigger_target_dag to None
[2022-03-17 07:29:07,346] {processor.py:171} INFO - Processing /home/lowenhard/acceleration/env/lib/python3.8/site-packages/airflow/example_dags/example_trigger_target_dag.py took 0.321 seconds
[2022-03-17 07:30:22,756] {processor.py:163} INFO - Started process (PID=589) to work on /home/lowenhard/acceleration/env/lib/python3.8/site-packages/airflow/example_dags/example_trigger_target_dag.py
[2022-03-17 07:30:22,860] {processor.py:642} INFO - Processing file /home/lowenhard/acceleration/env/lib/python3.8/site-packages/airflow/example_dags/example_trigger_target_dag.py for tasks to queue
[2022-03-17 07:30:22,861] {logging_mixin.py:109} INFO - [2022-03-17 07:30:22,861] {dagbag.py:500} INFO - Filling up the DagBag from /home/lowenhard/acceleration/env/lib/python3.8/site-packages/airflow/example_dags/example_trigger_target_dag.py
[2022-03-17 07:30:22,887] {processor.py:654} INFO - DAG(s) dict_keys(['example_trigger_target_dag']) retrieved from /home/lowenhard/acceleration/env/lib/python3.8/site-packages/airflow/example_dags/example_trigger_target_dag.py
[2022-03-17 07:30:22,895] {logging_mixin.py:109} INFO - [2022-03-17 07:30:22,895] {dag.py:2398} INFO - Sync 1 DAGs
[2022-03-17 07:30:22,907] {logging_mixin.py:109} INFO - [2022-03-17 07:30:22,906] {dag.py:2937} INFO - Setting next_dagrun for example_trigger_target_dag to None
[2022-03-17 07:30:24,417] {processor.py:171} INFO - Processing /home/lowenhard/acceleration/env/lib/python3.8/site-packages/airflow/example_dags/example_trigger_target_dag.py took 1.663 seconds
[2022-03-17 07:31:44,335] {processor.py:163} INFO - Started process (PID=627) to work on /home/lowenhard/acceleration/env/lib/python3.8/site-packages/airflow/example_dags/example_trigger_target_dag.py
[2022-03-17 07:31:44,841] {processor.py:642} INFO - Processing file /home/lowenhard/acceleration/env/lib/python3.8/site-packages/airflow/example_dags/example_trigger_target_dag.py for tasks to queue
[2022-03-17 07:31:44,841] {logging_mixin.py:109} INFO - [2022-03-17 07:31:44,841] {dagbag.py:500} INFO - Filling up the DagBag from /home/lowenhard/acceleration/env/lib/python3.8/site-packages/airflow/example_dags/example_trigger_target_dag.py
[2022-03-17 07:31:45,098] {processor.py:654} INFO - DAG(s) dict_keys(['example_trigger_target_dag']) retrieved from /home/lowenhard/acceleration/env/lib/python3.8/site-packages/airflow/example_dags/example_trigger_target_dag.py
[2022-03-17 07:31:45,108] {logging_mixin.py:109} INFO - [2022-03-17 07:31:45,108] {dag.py:2398} INFO - Sync 1 DAGs
[2022-03-17 07:31:45,120] {logging_mixin.py:109} INFO - [2022-03-17 07:31:45,120] {dag.py:2937} INFO - Setting next_dagrun for example_trigger_target_dag to None
[2022-03-17 07:31:45,343] {processor.py:171} INFO - Processing /home/lowenhard/acceleration/env/lib/python3.8/site-packages/airflow/example_dags/example_trigger_target_dag.py took 1.011 seconds
[2022-03-17 07:33:03,491] {processor.py:163} INFO - Started process (PID=663) to work on /home/lowenhard/acceleration/env/lib/python3.8/site-packages/airflow/example_dags/example_trigger_target_dag.py
[2022-03-17 07:33:03,628] {processor.py:642} INFO - Processing file /home/lowenhard/acceleration/env/lib/python3.8/site-packages/airflow/example_dags/example_trigger_target_dag.py for tasks to queue
[2022-03-17 07:33:03,629] {logging_mixin.py:109} INFO - [2022-03-17 07:33:03,628] {dagbag.py:500} INFO - Filling up the DagBag from /home/lowenhard/acceleration/env/lib/python3.8/site-packages/airflow/example_dags/example_trigger_target_dag.py
[2022-03-17 07:33:03,655] {processor.py:654} INFO - DAG(s) dict_keys(['example_trigger_target_dag']) retrieved from /home/lowenhard/acceleration/env/lib/python3.8/site-packages/airflow/example_dags/example_trigger_target_dag.py
[2022-03-17 07:33:03,664] {logging_mixin.py:109} INFO - [2022-03-17 07:33:03,664] {dag.py:2398} INFO - Sync 1 DAGs
[2022-03-17 07:33:03,676] {logging_mixin.py:109} INFO - [2022-03-17 07:33:03,676] {dag.py:2937} INFO - Setting next_dagrun for example_trigger_target_dag to None
[2022-03-17 07:33:04,643] {processor.py:171} INFO - Processing /home/lowenhard/acceleration/env/lib/python3.8/site-packages/airflow/example_dags/example_trigger_target_dag.py took 1.154 seconds
[2022-03-17 07:34:34,752] {processor.py:163} INFO - Started process (PID=702) to work on /home/lowenhard/acceleration/env/lib/python3.8/site-packages/airflow/example_dags/example_trigger_target_dag.py
[2022-03-17 07:34:34,857] {processor.py:642} INFO - Processing file /home/lowenhard/acceleration/env/lib/python3.8/site-packages/airflow/example_dags/example_trigger_target_dag.py for tasks to queue
[2022-03-17 07:34:34,857] {logging_mixin.py:109} INFO - [2022-03-17 07:34:34,857] {dagbag.py:500} INFO - Filling up the DagBag from /home/lowenhard/acceleration/env/lib/python3.8/site-packages/airflow/example_dags/example_trigger_target_dag.py
[2022-03-17 07:34:34,891] {processor.py:654} INFO - DAG(s) dict_keys(['example_trigger_target_dag']) retrieved from /home/lowenhard/acceleration/env/lib/python3.8/site-packages/airflow/example_dags/example_trigger_target_dag.py
[2022-03-17 07:34:34,902] {logging_mixin.py:109} INFO - [2022-03-17 07:34:34,901] {dag.py:2398} INFO - Sync 1 DAGs
[2022-03-17 07:34:34,918] {logging_mixin.py:109} INFO - [2022-03-17 07:34:34,918] {dag.py:2937} INFO - Setting next_dagrun for example_trigger_target_dag to None
[2022-03-17 07:34:35,061] {processor.py:171} INFO - Processing /home/lowenhard/acceleration/env/lib/python3.8/site-packages/airflow/example_dags/example_trigger_target_dag.py took 0.311 seconds
[2022-03-17 07:36:04,011] {processor.py:163} INFO - Started process (PID=740) to work on /home/lowenhard/acceleration/env/lib/python3.8/site-packages/airflow/example_dags/example_trigger_target_dag.py
[2022-03-17 07:36:04,017] {processor.py:642} INFO - Processing file /home/lowenhard/acceleration/env/lib/python3.8/site-packages/airflow/example_dags/example_trigger_target_dag.py for tasks to queue
[2022-03-17 07:36:04,018] {logging_mixin.py:109} INFO - [2022-03-17 07:36:04,018] {dagbag.py:500} INFO - Filling up the DagBag from /home/lowenhard/acceleration/env/lib/python3.8/site-packages/airflow/example_dags/example_trigger_target_dag.py
[2022-03-17 07:36:04,042] {processor.py:654} INFO - DAG(s) dict_keys(['example_trigger_target_dag']) retrieved from /home/lowenhard/acceleration/env/lib/python3.8/site-packages/airflow/example_dags/example_trigger_target_dag.py
[2022-03-17 07:36:04,052] {logging_mixin.py:109} INFO - [2022-03-17 07:36:04,052] {dag.py:2398} INFO - Sync 1 DAGs
[2022-03-17 07:36:04,064] {logging_mixin.py:109} INFO - [2022-03-17 07:36:04,064] {dag.py:2937} INFO - Setting next_dagrun for example_trigger_target_dag to None
[2022-03-17 07:36:05,849] {processor.py:171} INFO - Processing /home/lowenhard/acceleration/env/lib/python3.8/site-packages/airflow/example_dags/example_trigger_target_dag.py took 1.842 seconds
[2022-03-17 07:37:21,744] {processor.py:163} INFO - Started process (PID=776) to work on /home/lowenhard/acceleration/env/lib/python3.8/site-packages/airflow/example_dags/example_trigger_target_dag.py
[2022-03-17 07:37:21,957] {processor.py:642} INFO - Processing file /home/lowenhard/acceleration/env/lib/python3.8/site-packages/airflow/example_dags/example_trigger_target_dag.py for tasks to queue
[2022-03-17 07:37:21,958] {logging_mixin.py:109} INFO - [2022-03-17 07:37:21,957] {dagbag.py:500} INFO - Filling up the DagBag from /home/lowenhard/acceleration/env/lib/python3.8/site-packages/airflow/example_dags/example_trigger_target_dag.py
[2022-03-17 07:37:21,986] {processor.py:654} INFO - DAG(s) dict_keys(['example_trigger_target_dag']) retrieved from /home/lowenhard/acceleration/env/lib/python3.8/site-packages/airflow/example_dags/example_trigger_target_dag.py
[2022-03-17 07:37:21,996] {logging_mixin.py:109} INFO - [2022-03-17 07:37:21,996] {dag.py:2398} INFO - Sync 1 DAGs
[2022-03-17 07:37:22,009] {logging_mixin.py:109} INFO - [2022-03-17 07:37:22,009] {dag.py:2937} INFO - Setting next_dagrun for example_trigger_target_dag to None
[2022-03-17 07:37:23,054] {processor.py:171} INFO - Processing /home/lowenhard/acceleration/env/lib/python3.8/site-packages/airflow/example_dags/example_trigger_target_dag.py took 1.314 seconds
[2022-03-17 07:38:44,718] {processor.py:163} INFO - Started process (PID=813) to work on /home/lowenhard/acceleration/env/lib/python3.8/site-packages/airflow/example_dags/example_trigger_target_dag.py
[2022-03-17 07:38:44,732] {processor.py:642} INFO - Processing file /home/lowenhard/acceleration/env/lib/python3.8/site-packages/airflow/example_dags/example_trigger_target_dag.py for tasks to queue
[2022-03-17 07:38:44,733] {logging_mixin.py:109} INFO - [2022-03-17 07:38:44,733] {dagbag.py:500} INFO - Filling up the DagBag from /home/lowenhard/acceleration/env/lib/python3.8/site-packages/airflow/example_dags/example_trigger_target_dag.py
[2022-03-17 07:38:44,760] {processor.py:654} INFO - DAG(s) dict_keys(['example_trigger_target_dag']) retrieved from /home/lowenhard/acceleration/env/lib/python3.8/site-packages/airflow/example_dags/example_trigger_target_dag.py
[2022-03-17 07:38:44,769] {logging_mixin.py:109} INFO - [2022-03-17 07:38:44,769] {dag.py:2398} INFO - Sync 1 DAGs
[2022-03-17 07:38:44,784] {logging_mixin.py:109} INFO - [2022-03-17 07:38:44,784] {dag.py:2937} INFO - Setting next_dagrun for example_trigger_target_dag to None
[2022-03-17 07:38:46,398] {processor.py:171} INFO - Processing /home/lowenhard/acceleration/env/lib/python3.8/site-packages/airflow/example_dags/example_trigger_target_dag.py took 1.682 seconds
