[2022-03-17 00:56:25,529] {processor.py:163} INFO - Started process (PID=881) to work on /home/lowenhard/acceleration/env/lib/python3.8/site-packages/airflow/example_dags/example_branch_labels.py
[2022-03-17 00:56:25,530] {processor.py:642} INFO - Processing file /home/lowenhard/acceleration/env/lib/python3.8/site-packages/airflow/example_dags/example_branch_labels.py for tasks to queue
[2022-03-17 00:56:25,531] {logging_mixin.py:109} INFO - [2022-03-17 00:56:25,531] {dagbag.py:500} INFO - Filling up the DagBag from /home/lowenhard/acceleration/env/lib/python3.8/site-packages/airflow/example_dags/example_branch_labels.py
[2022-03-17 00:56:25,551] {processor.py:654} INFO - DAG(s) dict_keys(['example_branch_labels']) retrieved from /home/lowenhard/acceleration/env/lib/python3.8/site-packages/airflow/example_dags/example_branch_labels.py
[2022-03-17 00:56:25,562] {logging_mixin.py:109} INFO - [2022-03-17 00:56:25,561] {dag.py:2398} INFO - Sync 1 DAGs
[2022-03-17 00:56:25,580] {logging_mixin.py:109} INFO - [2022-03-17 00:56:25,580] {dag.py:2937} INFO - Setting next_dagrun for example_branch_labels to 2022-03-16 00:00:00+00:00
[2022-03-17 00:56:26,573] {processor.py:171} INFO - Processing /home/lowenhard/acceleration/env/lib/python3.8/site-packages/airflow/example_dags/example_branch_labels.py took 1.046 seconds
[2022-03-17 00:58:16,899] {processor.py:163} INFO - Started process (PID=921) to work on /home/lowenhard/acceleration/env/lib/python3.8/site-packages/airflow/example_dags/example_branch_labels.py
[2022-03-17 00:58:17,187] {processor.py:642} INFO - Processing file /home/lowenhard/acceleration/env/lib/python3.8/site-packages/airflow/example_dags/example_branch_labels.py for tasks to queue
[2022-03-17 00:58:17,228] {logging_mixin.py:109} INFO - [2022-03-17 00:58:17,228] {dagbag.py:500} INFO - Filling up the DagBag from /home/lowenhard/acceleration/env/lib/python3.8/site-packages/airflow/example_dags/example_branch_labels.py
[2022-03-17 00:58:17,681] {processor.py:654} INFO - DAG(s) dict_keys(['example_branch_labels']) retrieved from /home/lowenhard/acceleration/env/lib/python3.8/site-packages/airflow/example_dags/example_branch_labels.py
[2022-03-17 00:58:17,690] {logging_mixin.py:109} INFO - [2022-03-17 00:58:17,690] {dag.py:2398} INFO - Sync 1 DAGs
[2022-03-17 00:58:17,704] {logging_mixin.py:109} INFO - [2022-03-17 00:58:17,704] {dag.py:2937} INFO - Setting next_dagrun for example_branch_labels to 2022-03-16 00:00:00+00:00
[2022-03-17 00:58:18,113] {processor.py:171} INFO - Processing /home/lowenhard/acceleration/env/lib/python3.8/site-packages/airflow/example_dags/example_branch_labels.py took 1.217 seconds
[2022-03-17 00:59:45,279] {processor.py:163} INFO - Started process (PID=960) to work on /home/lowenhard/acceleration/env/lib/python3.8/site-packages/airflow/example_dags/example_branch_labels.py
[2022-03-17 00:59:45,754] {processor.py:642} INFO - Processing file /home/lowenhard/acceleration/env/lib/python3.8/site-packages/airflow/example_dags/example_branch_labels.py for tasks to queue
[2022-03-17 00:59:45,760] {logging_mixin.py:109} INFO - [2022-03-17 00:59:45,760] {dagbag.py:500} INFO - Filling up the DagBag from /home/lowenhard/acceleration/env/lib/python3.8/site-packages/airflow/example_dags/example_branch_labels.py
[2022-03-17 00:59:46,913] {processor.py:654} INFO - DAG(s) dict_keys(['example_branch_labels']) retrieved from /home/lowenhard/acceleration/env/lib/python3.8/site-packages/airflow/example_dags/example_branch_labels.py
[2022-03-17 00:59:46,922] {logging_mixin.py:109} INFO - [2022-03-17 00:59:46,922] {dag.py:2398} INFO - Sync 1 DAGs
[2022-03-17 00:59:46,935] {logging_mixin.py:109} INFO - [2022-03-17 00:59:46,935] {dag.py:2937} INFO - Setting next_dagrun for example_branch_labels to 2022-03-16 00:00:00+00:00
[2022-03-17 00:59:47,164] {processor.py:171} INFO - Processing /home/lowenhard/acceleration/env/lib/python3.8/site-packages/airflow/example_dags/example_branch_labels.py took 1.889 seconds
[2022-03-17 01:01:02,944] {processor.py:163} INFO - Started process (PID=996) to work on /home/lowenhard/acceleration/env/lib/python3.8/site-packages/airflow/example_dags/example_branch_labels.py
[2022-03-17 01:01:03,006] {processor.py:642} INFO - Processing file /home/lowenhard/acceleration/env/lib/python3.8/site-packages/airflow/example_dags/example_branch_labels.py for tasks to queue
[2022-03-17 01:01:03,007] {logging_mixin.py:109} INFO - [2022-03-17 01:01:03,007] {dagbag.py:500} INFO - Filling up the DagBag from /home/lowenhard/acceleration/env/lib/python3.8/site-packages/airflow/example_dags/example_branch_labels.py
[2022-03-17 01:01:03,028] {processor.py:654} INFO - DAG(s) dict_keys(['example_branch_labels']) retrieved from /home/lowenhard/acceleration/env/lib/python3.8/site-packages/airflow/example_dags/example_branch_labels.py
[2022-03-17 01:01:03,037] {logging_mixin.py:109} INFO - [2022-03-17 01:01:03,037] {dag.py:2398} INFO - Sync 1 DAGs
[2022-03-17 01:01:03,052] {logging_mixin.py:109} INFO - [2022-03-17 01:01:03,052] {dag.py:2937} INFO - Setting next_dagrun for example_branch_labels to 2022-03-16 00:00:00+00:00
[2022-03-17 01:01:03,289] {processor.py:171} INFO - Processing /home/lowenhard/acceleration/env/lib/python3.8/site-packages/airflow/example_dags/example_branch_labels.py took 0.348 seconds
[2022-03-17 07:15:24,107] {processor.py:163} INFO - Started process (PID=140) to work on /home/lowenhard/acceleration/env/lib/python3.8/site-packages/airflow/example_dags/example_branch_labels.py
[2022-03-17 07:15:24,163] {processor.py:642} INFO - Processing file /home/lowenhard/acceleration/env/lib/python3.8/site-packages/airflow/example_dags/example_branch_labels.py for tasks to queue
[2022-03-17 07:15:24,164] {logging_mixin.py:109} INFO - [2022-03-17 07:15:24,164] {dagbag.py:500} INFO - Filling up the DagBag from /home/lowenhard/acceleration/env/lib/python3.8/site-packages/airflow/example_dags/example_branch_labels.py
[2022-03-17 07:15:24,198] {processor.py:654} INFO - DAG(s) dict_keys(['example_branch_labels']) retrieved from /home/lowenhard/acceleration/env/lib/python3.8/site-packages/airflow/example_dags/example_branch_labels.py
[2022-03-17 07:15:24,214] {logging_mixin.py:109} INFO - [2022-03-17 07:15:24,214] {dag.py:2398} INFO - Sync 1 DAGs
[2022-03-17 07:15:24,236] {logging_mixin.py:109} INFO - [2022-03-17 07:15:24,236] {dag.py:2937} INFO - Setting next_dagrun for example_branch_labels to 2022-03-16 00:00:00+00:00
[2022-03-17 07:15:26,334] {processor.py:171} INFO - Processing /home/lowenhard/acceleration/env/lib/python3.8/site-packages/airflow/example_dags/example_branch_labels.py took 2.230 seconds
[2022-03-17 07:16:54,659] {processor.py:163} INFO - Started process (PID=179) to work on /home/lowenhard/acceleration/env/lib/python3.8/site-packages/airflow/example_dags/example_branch_labels.py
[2022-03-17 07:16:54,791] {processor.py:642} INFO - Processing file /home/lowenhard/acceleration/env/lib/python3.8/site-packages/airflow/example_dags/example_branch_labels.py for tasks to queue
[2022-03-17 07:16:54,792] {logging_mixin.py:109} INFO - [2022-03-17 07:16:54,792] {dagbag.py:500} INFO - Filling up the DagBag from /home/lowenhard/acceleration/env/lib/python3.8/site-packages/airflow/example_dags/example_branch_labels.py
[2022-03-17 07:16:54,825] {processor.py:654} INFO - DAG(s) dict_keys(['example_branch_labels']) retrieved from /home/lowenhard/acceleration/env/lib/python3.8/site-packages/airflow/example_dags/example_branch_labels.py
[2022-03-17 07:16:54,840] {logging_mixin.py:109} INFO - [2022-03-17 07:16:54,840] {dag.py:2398} INFO - Sync 1 DAGs
[2022-03-17 07:16:54,860] {logging_mixin.py:109} INFO - [2022-03-17 07:16:54,860] {dag.py:2937} INFO - Setting next_dagrun for example_branch_labels to 2022-03-16 00:00:00+00:00
[2022-03-17 07:16:55,922] {processor.py:171} INFO - Processing /home/lowenhard/acceleration/env/lib/python3.8/site-packages/airflow/example_dags/example_branch_labels.py took 1.266 seconds
[2022-03-17 07:18:16,940] {processor.py:163} INFO - Started process (PID=218) to work on /home/lowenhard/acceleration/env/lib/python3.8/site-packages/airflow/example_dags/example_branch_labels.py
[2022-03-17 07:18:17,437] {processor.py:642} INFO - Processing file /home/lowenhard/acceleration/env/lib/python3.8/site-packages/airflow/example_dags/example_branch_labels.py for tasks to queue
[2022-03-17 07:18:17,438] {logging_mixin.py:109} INFO - [2022-03-17 07:18:17,438] {dagbag.py:500} INFO - Filling up the DagBag from /home/lowenhard/acceleration/env/lib/python3.8/site-packages/airflow/example_dags/example_branch_labels.py
[2022-03-17 07:18:17,476] {processor.py:654} INFO - DAG(s) dict_keys(['example_branch_labels']) retrieved from /home/lowenhard/acceleration/env/lib/python3.8/site-packages/airflow/example_dags/example_branch_labels.py
[2022-03-17 07:18:17,492] {logging_mixin.py:109} INFO - [2022-03-17 07:18:17,491] {dag.py:2398} INFO - Sync 1 DAGs
[2022-03-17 07:18:17,515] {logging_mixin.py:109} INFO - [2022-03-17 07:18:17,515] {dag.py:2937} INFO - Setting next_dagrun for example_branch_labels to 2022-03-16 00:00:00+00:00
[2022-03-17 07:18:17,693] {processor.py:171} INFO - Processing /home/lowenhard/acceleration/env/lib/python3.8/site-packages/airflow/example_dags/example_branch_labels.py took 0.757 seconds
[2022-03-17 07:19:33,256] {processor.py:163} INFO - Started process (PID=254) to work on /home/lowenhard/acceleration/env/lib/python3.8/site-packages/airflow/example_dags/example_branch_labels.py
[2022-03-17 07:19:33,494] {processor.py:642} INFO - Processing file /home/lowenhard/acceleration/env/lib/python3.8/site-packages/airflow/example_dags/example_branch_labels.py for tasks to queue
[2022-03-17 07:19:33,495] {logging_mixin.py:109} INFO - [2022-03-17 07:19:33,494] {dagbag.py:500} INFO - Filling up the DagBag from /home/lowenhard/acceleration/env/lib/python3.8/site-packages/airflow/example_dags/example_branch_labels.py
[2022-03-17 07:19:33,528] {processor.py:654} INFO - DAG(s) dict_keys(['example_branch_labels']) retrieved from /home/lowenhard/acceleration/env/lib/python3.8/site-packages/airflow/example_dags/example_branch_labels.py
[2022-03-17 07:19:33,543] {logging_mixin.py:109} INFO - [2022-03-17 07:19:33,543] {dag.py:2398} INFO - Sync 1 DAGs
[2022-03-17 07:19:33,578] {logging_mixin.py:109} INFO - [2022-03-17 07:19:33,578] {dag.py:2937} INFO - Setting next_dagrun for example_branch_labels to 2022-03-16 00:00:00+00:00
[2022-03-17 07:19:35,061] {processor.py:171} INFO - Processing /home/lowenhard/acceleration/env/lib/python3.8/site-packages/airflow/example_dags/example_branch_labels.py took 1.809 seconds
[2022-03-17 07:21:09,225] {processor.py:163} INFO - Started process (PID=293) to work on /home/lowenhard/acceleration/env/lib/python3.8/site-packages/airflow/example_dags/example_branch_labels.py
[2022-03-17 07:21:09,956] {processor.py:642} INFO - Processing file /home/lowenhard/acceleration/env/lib/python3.8/site-packages/airflow/example_dags/example_branch_labels.py for tasks to queue
[2022-03-17 07:21:09,956] {logging_mixin.py:109} INFO - [2022-03-17 07:21:09,956] {dagbag.py:500} INFO - Filling up the DagBag from /home/lowenhard/acceleration/env/lib/python3.8/site-packages/airflow/example_dags/example_branch_labels.py
[2022-03-17 07:21:09,989] {processor.py:654} INFO - DAG(s) dict_keys(['example_branch_labels']) retrieved from /home/lowenhard/acceleration/env/lib/python3.8/site-packages/airflow/example_dags/example_branch_labels.py
[2022-03-17 07:21:10,006] {logging_mixin.py:109} INFO - [2022-03-17 07:21:10,005] {dag.py:2398} INFO - Sync 1 DAGs
[2022-03-17 07:21:10,028] {logging_mixin.py:109} INFO - [2022-03-17 07:21:10,028] {dag.py:2937} INFO - Setting next_dagrun for example_branch_labels to 2022-03-16 00:00:00+00:00
[2022-03-17 07:21:10,903] {processor.py:171} INFO - Processing /home/lowenhard/acceleration/env/lib/python3.8/site-packages/airflow/example_dags/example_branch_labels.py took 1.683 seconds
[2022-03-17 07:22:22,928] {processor.py:163} INFO - Started process (PID=330) to work on /home/lowenhard/acceleration/env/lib/python3.8/site-packages/airflow/example_dags/example_branch_labels.py
[2022-03-17 07:22:22,984] {processor.py:642} INFO - Processing file /home/lowenhard/acceleration/env/lib/python3.8/site-packages/airflow/example_dags/example_branch_labels.py for tasks to queue
[2022-03-17 07:22:22,986] {logging_mixin.py:109} INFO - [2022-03-17 07:22:22,986] {dagbag.py:500} INFO - Filling up the DagBag from /home/lowenhard/acceleration/env/lib/python3.8/site-packages/airflow/example_dags/example_branch_labels.py
[2022-03-17 07:22:23,021] {processor.py:654} INFO - DAG(s) dict_keys(['example_branch_labels']) retrieved from /home/lowenhard/acceleration/env/lib/python3.8/site-packages/airflow/example_dags/example_branch_labels.py
[2022-03-17 07:22:23,037] {logging_mixin.py:109} INFO - [2022-03-17 07:22:23,037] {dag.py:2398} INFO - Sync 1 DAGs
[2022-03-17 07:22:23,062] {logging_mixin.py:109} INFO - [2022-03-17 07:22:23,061] {dag.py:2937} INFO - Setting next_dagrun for example_branch_labels to 2022-03-16 00:00:00+00:00
[2022-03-17 07:22:23,432] {processor.py:171} INFO - Processing /home/lowenhard/acceleration/env/lib/python3.8/site-packages/airflow/example_dags/example_branch_labels.py took 0.508 seconds
[2022-03-17 07:23:29,844] {processor.py:163} INFO - Started process (PID=363) to work on /home/lowenhard/acceleration/env/lib/python3.8/site-packages/airflow/example_dags/example_branch_labels.py
[2022-03-17 07:23:29,876] {processor.py:642} INFO - Processing file /home/lowenhard/acceleration/env/lib/python3.8/site-packages/airflow/example_dags/example_branch_labels.py for tasks to queue
[2022-03-17 07:23:29,876] {logging_mixin.py:109} INFO - [2022-03-17 07:23:29,876] {dagbag.py:500} INFO - Filling up the DagBag from /home/lowenhard/acceleration/env/lib/python3.8/site-packages/airflow/example_dags/example_branch_labels.py
[2022-03-17 07:23:29,907] {processor.py:654} INFO - DAG(s) dict_keys(['example_branch_labels']) retrieved from /home/lowenhard/acceleration/env/lib/python3.8/site-packages/airflow/example_dags/example_branch_labels.py
[2022-03-17 07:23:29,923] {logging_mixin.py:109} INFO - [2022-03-17 07:23:29,923] {dag.py:2398} INFO - Sync 1 DAGs
[2022-03-17 07:23:29,945] {logging_mixin.py:109} INFO - [2022-03-17 07:23:29,944] {dag.py:2937} INFO - Setting next_dagrun for example_branch_labels to 2022-03-16 00:00:00+00:00
[2022-03-17 07:23:30,142] {processor.py:171} INFO - Processing /home/lowenhard/acceleration/env/lib/python3.8/site-packages/airflow/example_dags/example_branch_labels.py took 0.302 seconds
[2022-03-17 07:24:18,746] {processor.py:163} INFO - Started process (PID=395) to work on /home/lowenhard/acceleration/env/lib/python3.8/site-packages/airflow/example_dags/example_branch_labels.py
[2022-03-17 07:24:18,765] {processor.py:642} INFO - Processing file /home/lowenhard/acceleration/env/lib/python3.8/site-packages/airflow/example_dags/example_branch_labels.py for tasks to queue
[2022-03-17 07:24:18,766] {logging_mixin.py:109} INFO - [2022-03-17 07:24:18,766] {dagbag.py:500} INFO - Filling up the DagBag from /home/lowenhard/acceleration/env/lib/python3.8/site-packages/airflow/example_dags/example_branch_labels.py
[2022-03-17 07:24:18,801] {processor.py:654} INFO - DAG(s) dict_keys(['example_branch_labels']) retrieved from /home/lowenhard/acceleration/env/lib/python3.8/site-packages/airflow/example_dags/example_branch_labels.py
[2022-03-17 07:24:18,815] {logging_mixin.py:109} INFO - [2022-03-17 07:24:18,815] {dag.py:2398} INFO - Sync 1 DAGs
[2022-03-17 07:24:18,833] {logging_mixin.py:109} INFO - [2022-03-17 07:24:18,833] {dag.py:2937} INFO - Setting next_dagrun for example_branch_labels to 2022-03-16 00:00:00+00:00
[2022-03-17 07:24:19,086] {processor.py:171} INFO - Processing /home/lowenhard/acceleration/env/lib/python3.8/site-packages/airflow/example_dags/example_branch_labels.py took 0.343 seconds
[2022-03-17 07:25:23,510] {processor.py:163} INFO - Started process (PID=435) to work on /home/lowenhard/acceleration/env/lib/python3.8/site-packages/airflow/example_dags/example_branch_labels.py
[2022-03-17 07:25:23,551] {processor.py:642} INFO - Processing file /home/lowenhard/acceleration/env/lib/python3.8/site-packages/airflow/example_dags/example_branch_labels.py for tasks to queue
[2022-03-17 07:25:23,552] {logging_mixin.py:109} INFO - [2022-03-17 07:25:23,552] {dagbag.py:500} INFO - Filling up the DagBag from /home/lowenhard/acceleration/env/lib/python3.8/site-packages/airflow/example_dags/example_branch_labels.py
[2022-03-17 07:25:23,591] {processor.py:654} INFO - DAG(s) dict_keys(['example_branch_labels']) retrieved from /home/lowenhard/acceleration/env/lib/python3.8/site-packages/airflow/example_dags/example_branch_labels.py
[2022-03-17 07:25:23,605] {logging_mixin.py:109} INFO - [2022-03-17 07:25:23,604] {dag.py:2398} INFO - Sync 1 DAGs
[2022-03-17 07:25:23,626] {logging_mixin.py:109} INFO - [2022-03-17 07:25:23,626] {dag.py:2937} INFO - Setting next_dagrun for example_branch_labels to 2022-03-16 00:00:00+00:00
[2022-03-17 07:25:23,853] {processor.py:171} INFO - Processing /home/lowenhard/acceleration/env/lib/python3.8/site-packages/airflow/example_dags/example_branch_labels.py took 0.345 seconds
[2022-03-17 07:26:35,203] {processor.py:163} INFO - Started process (PID=476) to work on /home/lowenhard/acceleration/env/lib/python3.8/site-packages/airflow/example_dags/example_branch_labels.py
[2022-03-17 07:26:35,404] {processor.py:642} INFO - Processing file /home/lowenhard/acceleration/env/lib/python3.8/site-packages/airflow/example_dags/example_branch_labels.py for tasks to queue
[2022-03-17 07:26:35,404] {logging_mixin.py:109} INFO - [2022-03-17 07:26:35,404] {dagbag.py:500} INFO - Filling up the DagBag from /home/lowenhard/acceleration/env/lib/python3.8/site-packages/airflow/example_dags/example_branch_labels.py
[2022-03-17 07:26:35,436] {processor.py:654} INFO - DAG(s) dict_keys(['example_branch_labels']) retrieved from /home/lowenhard/acceleration/env/lib/python3.8/site-packages/airflow/example_dags/example_branch_labels.py
[2022-03-17 07:26:35,450] {logging_mixin.py:109} INFO - [2022-03-17 07:26:35,450] {dag.py:2398} INFO - Sync 1 DAGs
[2022-03-17 07:26:35,464] {logging_mixin.py:109} INFO - [2022-03-17 07:26:35,464] {dag.py:2937} INFO - Setting next_dagrun for example_branch_labels to 2022-03-16 00:00:00+00:00
[2022-03-17 07:26:37,317] {processor.py:171} INFO - Processing /home/lowenhard/acceleration/env/lib/python3.8/site-packages/airflow/example_dags/example_branch_labels.py took 2.117 seconds
[2022-03-17 07:27:55,742] {processor.py:163} INFO - Started process (PID=514) to work on /home/lowenhard/acceleration/env/lib/python3.8/site-packages/airflow/example_dags/example_branch_labels.py
[2022-03-17 07:27:55,773] {processor.py:642} INFO - Processing file /home/lowenhard/acceleration/env/lib/python3.8/site-packages/airflow/example_dags/example_branch_labels.py for tasks to queue
[2022-03-17 07:27:55,773] {logging_mixin.py:109} INFO - [2022-03-17 07:27:55,773] {dagbag.py:500} INFO - Filling up the DagBag from /home/lowenhard/acceleration/env/lib/python3.8/site-packages/airflow/example_dags/example_branch_labels.py
[2022-03-17 07:27:55,793] {processor.py:654} INFO - DAG(s) dict_keys(['example_branch_labels']) retrieved from /home/lowenhard/acceleration/env/lib/python3.8/site-packages/airflow/example_dags/example_branch_labels.py
[2022-03-17 07:27:55,803] {logging_mixin.py:109} INFO - [2022-03-17 07:27:55,803] {dag.py:2398} INFO - Sync 1 DAGs
[2022-03-17 07:27:55,817] {logging_mixin.py:109} INFO - [2022-03-17 07:27:55,817] {dag.py:2937} INFO - Setting next_dagrun for example_branch_labels to 2022-03-16 00:00:00+00:00
[2022-03-17 07:27:56,609] {processor.py:171} INFO - Processing /home/lowenhard/acceleration/env/lib/python3.8/site-packages/airflow/example_dags/example_branch_labels.py took 0.869 seconds
[2022-03-17 07:29:14,794] {processor.py:163} INFO - Started process (PID=558) to work on /home/lowenhard/acceleration/env/lib/python3.8/site-packages/airflow/example_dags/example_branch_labels.py
[2022-03-17 07:29:16,498] {processor.py:642} INFO - Processing file /home/lowenhard/acceleration/env/lib/python3.8/site-packages/airflow/example_dags/example_branch_labels.py for tasks to queue
[2022-03-17 07:29:16,499] {logging_mixin.py:109} INFO - [2022-03-17 07:29:16,499] {dagbag.py:500} INFO - Filling up the DagBag from /home/lowenhard/acceleration/env/lib/python3.8/site-packages/airflow/example_dags/example_branch_labels.py
[2022-03-17 07:29:16,949] {processor.py:654} INFO - DAG(s) dict_keys(['example_branch_labels']) retrieved from /home/lowenhard/acceleration/env/lib/python3.8/site-packages/airflow/example_dags/example_branch_labels.py
[2022-03-17 07:29:16,958] {logging_mixin.py:109} INFO - [2022-03-17 07:29:16,958] {dag.py:2398} INFO - Sync 1 DAGs
[2022-03-17 07:29:16,971] {logging_mixin.py:109} INFO - [2022-03-17 07:29:16,971] {dag.py:2937} INFO - Setting next_dagrun for example_branch_labels to 2022-03-16 00:00:00+00:00
[2022-03-17 07:29:17,134] {processor.py:171} INFO - Processing /home/lowenhard/acceleration/env/lib/python3.8/site-packages/airflow/example_dags/example_branch_labels.py took 2.343 seconds
[2022-03-17 07:30:29,811] {processor.py:163} INFO - Started process (PID=593) to work on /home/lowenhard/acceleration/env/lib/python3.8/site-packages/airflow/example_dags/example_branch_labels.py
[2022-03-17 07:30:29,814] {processor.py:642} INFO - Processing file /home/lowenhard/acceleration/env/lib/python3.8/site-packages/airflow/example_dags/example_branch_labels.py for tasks to queue
[2022-03-17 07:30:29,814] {logging_mixin.py:109} INFO - [2022-03-17 07:30:29,814] {dagbag.py:500} INFO - Filling up the DagBag from /home/lowenhard/acceleration/env/lib/python3.8/site-packages/airflow/example_dags/example_branch_labels.py
[2022-03-17 07:30:29,832] {processor.py:654} INFO - DAG(s) dict_keys(['example_branch_labels']) retrieved from /home/lowenhard/acceleration/env/lib/python3.8/site-packages/airflow/example_dags/example_branch_labels.py
[2022-03-17 07:30:29,841] {logging_mixin.py:109} INFO - [2022-03-17 07:30:29,841] {dag.py:2398} INFO - Sync 1 DAGs
[2022-03-17 07:30:29,858] {logging_mixin.py:109} INFO - [2022-03-17 07:30:29,857] {dag.py:2937} INFO - Setting next_dagrun for example_branch_labels to 2022-03-16 00:00:00+00:00
[2022-03-17 07:30:30,866] {processor.py:171} INFO - Processing /home/lowenhard/acceleration/env/lib/python3.8/site-packages/airflow/example_dags/example_branch_labels.py took 1.057 seconds
[2022-03-17 07:31:52,218] {processor.py:163} INFO - Started process (PID=631) to work on /home/lowenhard/acceleration/env/lib/python3.8/site-packages/airflow/example_dags/example_branch_labels.py
[2022-03-17 07:31:52,418] {processor.py:642} INFO - Processing file /home/lowenhard/acceleration/env/lib/python3.8/site-packages/airflow/example_dags/example_branch_labels.py for tasks to queue
[2022-03-17 07:31:52,419] {logging_mixin.py:109} INFO - [2022-03-17 07:31:52,419] {dagbag.py:500} INFO - Filling up the DagBag from /home/lowenhard/acceleration/env/lib/python3.8/site-packages/airflow/example_dags/example_branch_labels.py
[2022-03-17 07:31:52,442] {processor.py:654} INFO - DAG(s) dict_keys(['example_branch_labels']) retrieved from /home/lowenhard/acceleration/env/lib/python3.8/site-packages/airflow/example_dags/example_branch_labels.py
[2022-03-17 07:31:52,453] {logging_mixin.py:109} INFO - [2022-03-17 07:31:52,452] {dag.py:2398} INFO - Sync 1 DAGs
[2022-03-17 07:31:52,469] {logging_mixin.py:109} INFO - [2022-03-17 07:31:52,469] {dag.py:2937} INFO - Setting next_dagrun for example_branch_labels to 2022-03-16 00:00:00+00:00
[2022-03-17 07:31:52,821] {processor.py:171} INFO - Processing /home/lowenhard/acceleration/env/lib/python3.8/site-packages/airflow/example_dags/example_branch_labels.py took 0.606 seconds
[2022-03-17 07:33:11,986] {processor.py:163} INFO - Started process (PID=667) to work on /home/lowenhard/acceleration/env/lib/python3.8/site-packages/airflow/example_dags/example_branch_labels.py
[2022-03-17 07:33:12,039] {processor.py:642} INFO - Processing file /home/lowenhard/acceleration/env/lib/python3.8/site-packages/airflow/example_dags/example_branch_labels.py for tasks to queue
[2022-03-17 07:33:12,039] {logging_mixin.py:109} INFO - [2022-03-17 07:33:12,039] {dagbag.py:500} INFO - Filling up the DagBag from /home/lowenhard/acceleration/env/lib/python3.8/site-packages/airflow/example_dags/example_branch_labels.py
[2022-03-17 07:33:12,074] {processor.py:654} INFO - DAG(s) dict_keys(['example_branch_labels']) retrieved from /home/lowenhard/acceleration/env/lib/python3.8/site-packages/airflow/example_dags/example_branch_labels.py
[2022-03-17 07:33:12,084] {logging_mixin.py:109} INFO - [2022-03-17 07:33:12,084] {dag.py:2398} INFO - Sync 1 DAGs
[2022-03-17 07:33:12,100] {logging_mixin.py:109} INFO - [2022-03-17 07:33:12,100] {dag.py:2937} INFO - Setting next_dagrun for example_branch_labels to 2022-03-16 00:00:00+00:00
[2022-03-17 07:33:12,402] {processor.py:171} INFO - Processing /home/lowenhard/acceleration/env/lib/python3.8/site-packages/airflow/example_dags/example_branch_labels.py took 0.420 seconds
[2022-03-17 07:34:41,041] {processor.py:163} INFO - Started process (PID=706) to work on /home/lowenhard/acceleration/env/lib/python3.8/site-packages/airflow/example_dags/example_branch_labels.py
[2022-03-17 07:34:41,274] {processor.py:642} INFO - Processing file /home/lowenhard/acceleration/env/lib/python3.8/site-packages/airflow/example_dags/example_branch_labels.py for tasks to queue
[2022-03-17 07:34:41,274] {logging_mixin.py:109} INFO - [2022-03-17 07:34:41,274] {dagbag.py:500} INFO - Filling up the DagBag from /home/lowenhard/acceleration/env/lib/python3.8/site-packages/airflow/example_dags/example_branch_labels.py
[2022-03-17 07:34:41,296] {processor.py:654} INFO - DAG(s) dict_keys(['example_branch_labels']) retrieved from /home/lowenhard/acceleration/env/lib/python3.8/site-packages/airflow/example_dags/example_branch_labels.py
[2022-03-17 07:34:41,306] {logging_mixin.py:109} INFO - [2022-03-17 07:34:41,306] {dag.py:2398} INFO - Sync 1 DAGs
[2022-03-17 07:34:41,321] {logging_mixin.py:109} INFO - [2022-03-17 07:34:41,321] {dag.py:2937} INFO - Setting next_dagrun for example_branch_labels to 2022-03-16 00:00:00+00:00
[2022-03-17 07:34:41,461] {processor.py:171} INFO - Processing /home/lowenhard/acceleration/env/lib/python3.8/site-packages/airflow/example_dags/example_branch_labels.py took 0.423 seconds
[2022-03-17 07:36:11,751] {processor.py:163} INFO - Started process (PID=744) to work on /home/lowenhard/acceleration/env/lib/python3.8/site-packages/airflow/example_dags/example_branch_labels.py
[2022-03-17 07:36:11,962] {processor.py:642} INFO - Processing file /home/lowenhard/acceleration/env/lib/python3.8/site-packages/airflow/example_dags/example_branch_labels.py for tasks to queue
[2022-03-17 07:36:11,963] {logging_mixin.py:109} INFO - [2022-03-17 07:36:11,963] {dagbag.py:500} INFO - Filling up the DagBag from /home/lowenhard/acceleration/env/lib/python3.8/site-packages/airflow/example_dags/example_branch_labels.py
[2022-03-17 07:36:11,985] {processor.py:654} INFO - DAG(s) dict_keys(['example_branch_labels']) retrieved from /home/lowenhard/acceleration/env/lib/python3.8/site-packages/airflow/example_dags/example_branch_labels.py
[2022-03-17 07:36:11,996] {logging_mixin.py:109} INFO - [2022-03-17 07:36:11,995] {dag.py:2398} INFO - Sync 1 DAGs
[2022-03-17 07:36:12,011] {logging_mixin.py:109} INFO - [2022-03-17 07:36:12,010] {dag.py:2937} INFO - Setting next_dagrun for example_branch_labels to 2022-03-16 00:00:00+00:00
[2022-03-17 07:36:12,667] {processor.py:171} INFO - Processing /home/lowenhard/acceleration/env/lib/python3.8/site-packages/airflow/example_dags/example_branch_labels.py took 0.919 seconds
[2022-03-17 07:37:30,027] {processor.py:163} INFO - Started process (PID=780) to work on /home/lowenhard/acceleration/env/lib/python3.8/site-packages/airflow/example_dags/example_branch_labels.py
[2022-03-17 07:37:30,418] {processor.py:642} INFO - Processing file /home/lowenhard/acceleration/env/lib/python3.8/site-packages/airflow/example_dags/example_branch_labels.py for tasks to queue
[2022-03-17 07:37:30,418] {logging_mixin.py:109} INFO - [2022-03-17 07:37:30,418] {dagbag.py:500} INFO - Filling up the DagBag from /home/lowenhard/acceleration/env/lib/python3.8/site-packages/airflow/example_dags/example_branch_labels.py
[2022-03-17 07:37:30,440] {processor.py:654} INFO - DAG(s) dict_keys(['example_branch_labels']) retrieved from /home/lowenhard/acceleration/env/lib/python3.8/site-packages/airflow/example_dags/example_branch_labels.py
[2022-03-17 07:37:30,451] {logging_mixin.py:109} INFO - [2022-03-17 07:37:30,451] {dag.py:2398} INFO - Sync 1 DAGs
[2022-03-17 07:37:30,466] {logging_mixin.py:109} INFO - [2022-03-17 07:37:30,466] {dag.py:2937} INFO - Setting next_dagrun for example_branch_labels to 2022-03-16 00:00:00+00:00
[2022-03-17 07:37:30,639] {processor.py:171} INFO - Processing /home/lowenhard/acceleration/env/lib/python3.8/site-packages/airflow/example_dags/example_branch_labels.py took 0.616 seconds
[2022-03-17 07:38:51,610] {processor.py:163} INFO - Started process (PID=817) to work on /home/lowenhard/acceleration/env/lib/python3.8/site-packages/airflow/example_dags/example_branch_labels.py
[2022-03-17 07:38:51,614] {processor.py:642} INFO - Processing file /home/lowenhard/acceleration/env/lib/python3.8/site-packages/airflow/example_dags/example_branch_labels.py for tasks to queue
[2022-03-17 07:38:51,614] {logging_mixin.py:109} INFO - [2022-03-17 07:38:51,614] {dagbag.py:500} INFO - Filling up the DagBag from /home/lowenhard/acceleration/env/lib/python3.8/site-packages/airflow/example_dags/example_branch_labels.py
[2022-03-17 07:38:51,641] {processor.py:654} INFO - DAG(s) dict_keys(['example_branch_labels']) retrieved from /home/lowenhard/acceleration/env/lib/python3.8/site-packages/airflow/example_dags/example_branch_labels.py
[2022-03-17 07:38:51,654] {logging_mixin.py:109} INFO - [2022-03-17 07:38:51,654] {dag.py:2398} INFO - Sync 1 DAGs
[2022-03-17 07:38:51,674] {logging_mixin.py:109} INFO - [2022-03-17 07:38:51,673] {dag.py:2937} INFO - Setting next_dagrun for example_branch_labels to 2022-03-16 00:00:00+00:00
[2022-03-17 07:38:52,855] {processor.py:171} INFO - Processing /home/lowenhard/acceleration/env/lib/python3.8/site-packages/airflow/example_dags/example_branch_labels.py took 1.248 seconds
