[2022-03-17 00:56:07,418] {processor.py:163} INFO - Started process (PID=871) to work on /home/lowenhard/acceleration/env/lib/python3.8/site-packages/airflow/example_dags/example_task_group_decorator.py
[2022-03-17 00:56:07,419] {processor.py:642} INFO - Processing file /home/lowenhard/acceleration/env/lib/python3.8/site-packages/airflow/example_dags/example_task_group_decorator.py for tasks to queue
[2022-03-17 00:56:07,419] {logging_mixin.py:109} INFO - [2022-03-17 00:56:07,419] {dagbag.py:500} INFO - Filling up the DagBag from /home/lowenhard/acceleration/env/lib/python3.8/site-packages/airflow/example_dags/example_task_group_decorator.py
[2022-03-17 00:56:07,453] {processor.py:654} INFO - DAG(s) dict_keys(['example_task_group_decorator']) retrieved from /home/lowenhard/acceleration/env/lib/python3.8/site-packages/airflow/example_dags/example_task_group_decorator.py
[2022-03-17 00:56:07,639] {logging_mixin.py:109} INFO - [2022-03-17 00:56:07,639] {dag.py:2398} INFO - Sync 1 DAGs
[2022-03-17 00:56:07,652] {logging_mixin.py:109} INFO - [2022-03-17 00:56:07,652] {dag.py:2937} INFO - Setting next_dagrun for example_task_group_decorator to 2022-03-16T05:56:07.651801+00:00
[2022-03-17 00:56:08,784] {processor.py:171} INFO - Processing /home/lowenhard/acceleration/env/lib/python3.8/site-packages/airflow/example_dags/example_task_group_decorator.py took 1.368 seconds
[2022-03-17 00:57:33,939] {processor.py:163} INFO - Started process (PID=903) to work on /home/lowenhard/acceleration/env/lib/python3.8/site-packages/airflow/example_dags/example_task_group_decorator.py
[2022-03-17 00:57:33,942] {processor.py:642} INFO - Processing file /home/lowenhard/acceleration/env/lib/python3.8/site-packages/airflow/example_dags/example_task_group_decorator.py for tasks to queue
[2022-03-17 00:57:33,943] {logging_mixin.py:109} INFO - [2022-03-17 00:57:33,943] {dagbag.py:500} INFO - Filling up the DagBag from /home/lowenhard/acceleration/env/lib/python3.8/site-packages/airflow/example_dags/example_task_group_decorator.py
[2022-03-17 00:57:34,038] {processor.py:654} INFO - DAG(s) dict_keys(['example_task_group_decorator']) retrieved from /home/lowenhard/acceleration/env/lib/python3.8/site-packages/airflow/example_dags/example_task_group_decorator.py
[2022-03-17 00:57:34,549] {logging_mixin.py:109} INFO - [2022-03-17 00:57:34,549] {dag.py:2398} INFO - Sync 1 DAGs
[2022-03-17 00:57:34,568] {logging_mixin.py:109} INFO - [2022-03-17 00:57:34,567] {dag.py:2937} INFO - Setting next_dagrun for example_task_group_decorator to 2022-03-16T05:57:34.567432+00:00
[2022-03-17 00:57:35,569] {processor.py:171} INFO - Processing /home/lowenhard/acceleration/env/lib/python3.8/site-packages/airflow/example_dags/example_task_group_decorator.py took 1.632 seconds
[2022-03-17 00:59:03,351] {processor.py:163} INFO - Started process (PID=941) to work on /home/lowenhard/acceleration/env/lib/python3.8/site-packages/airflow/example_dags/example_task_group_decorator.py
[2022-03-17 00:59:03,422] {processor.py:642} INFO - Processing file /home/lowenhard/acceleration/env/lib/python3.8/site-packages/airflow/example_dags/example_task_group_decorator.py for tasks to queue
[2022-03-17 00:59:03,423] {logging_mixin.py:109} INFO - [2022-03-17 00:59:03,423] {dagbag.py:500} INFO - Filling up the DagBag from /home/lowenhard/acceleration/env/lib/python3.8/site-packages/airflow/example_dags/example_task_group_decorator.py
[2022-03-17 00:59:03,454] {processor.py:654} INFO - DAG(s) dict_keys(['example_task_group_decorator']) retrieved from /home/lowenhard/acceleration/env/lib/python3.8/site-packages/airflow/example_dags/example_task_group_decorator.py
[2022-03-17 00:59:03,625] {logging_mixin.py:109} INFO - [2022-03-17 00:59:03,625] {dag.py:2398} INFO - Sync 1 DAGs
[2022-03-17 00:59:03,636] {logging_mixin.py:109} INFO - [2022-03-17 00:59:03,636] {dag.py:2937} INFO - Setting next_dagrun for example_task_group_decorator to 2022-03-16T05:59:03.636449+00:00
[2022-03-17 00:59:04,807] {processor.py:171} INFO - Processing /home/lowenhard/acceleration/env/lib/python3.8/site-packages/airflow/example_dags/example_task_group_decorator.py took 1.458 seconds
[2022-03-17 01:00:23,496] {processor.py:163} INFO - Started process (PID=978) to work on /home/lowenhard/acceleration/env/lib/python3.8/site-packages/airflow/example_dags/example_task_group_decorator.py
[2022-03-17 01:00:23,506] {processor.py:642} INFO - Processing file /home/lowenhard/acceleration/env/lib/python3.8/site-packages/airflow/example_dags/example_task_group_decorator.py for tasks to queue
[2022-03-17 01:00:23,507] {logging_mixin.py:109} INFO - [2022-03-17 01:00:23,507] {dagbag.py:500} INFO - Filling up the DagBag from /home/lowenhard/acceleration/env/lib/python3.8/site-packages/airflow/example_dags/example_task_group_decorator.py
[2022-03-17 01:00:23,537] {processor.py:654} INFO - DAG(s) dict_keys(['example_task_group_decorator']) retrieved from /home/lowenhard/acceleration/env/lib/python3.8/site-packages/airflow/example_dags/example_task_group_decorator.py
[2022-03-17 01:00:23,722] {logging_mixin.py:109} INFO - [2022-03-17 01:00:23,722] {dag.py:2398} INFO - Sync 1 DAGs
[2022-03-17 01:00:23,731] {logging_mixin.py:109} INFO - [2022-03-17 01:00:23,731] {dag.py:2937} INFO - Setting next_dagrun for example_task_group_decorator to 2022-03-16T06:00:23.731110+00:00
[2022-03-17 01:00:25,218] {processor.py:171} INFO - Processing /home/lowenhard/acceleration/env/lib/python3.8/site-packages/airflow/example_dags/example_task_group_decorator.py took 1.725 seconds
[2022-03-17 07:14:56,066] {processor.py:163} INFO - Started process (PID=130) to work on /home/lowenhard/acceleration/env/lib/python3.8/site-packages/airflow/example_dags/example_task_group_decorator.py
[2022-03-17 07:14:56,174] {processor.py:642} INFO - Processing file /home/lowenhard/acceleration/env/lib/python3.8/site-packages/airflow/example_dags/example_task_group_decorator.py for tasks to queue
[2022-03-17 07:14:56,175] {logging_mixin.py:109} INFO - [2022-03-17 07:14:56,175] {dagbag.py:500} INFO - Filling up the DagBag from /home/lowenhard/acceleration/env/lib/python3.8/site-packages/airflow/example_dags/example_task_group_decorator.py
[2022-03-17 07:14:56,216] {processor.py:654} INFO - DAG(s) dict_keys(['example_task_group_decorator']) retrieved from /home/lowenhard/acceleration/env/lib/python3.8/site-packages/airflow/example_dags/example_task_group_decorator.py
[2022-03-17 07:14:56,392] {logging_mixin.py:109} INFO - [2022-03-17 07:14:56,392] {dag.py:2398} INFO - Sync 1 DAGs
[2022-03-17 07:14:56,402] {logging_mixin.py:109} INFO - [2022-03-17 07:14:56,402] {dag.py:2937} INFO - Setting next_dagrun for example_task_group_decorator to 2022-03-16T12:14:56.402350+00:00
[2022-03-17 07:14:58,269] {processor.py:171} INFO - Processing /home/lowenhard/acceleration/env/lib/python3.8/site-packages/airflow/example_dags/example_task_group_decorator.py took 2.206 seconds
[2022-03-17 07:16:18,550] {processor.py:163} INFO - Started process (PID=162) to work on /home/lowenhard/acceleration/env/lib/python3.8/site-packages/airflow/example_dags/example_task_group_decorator.py
[2022-03-17 07:16:18,621] {processor.py:642} INFO - Processing file /home/lowenhard/acceleration/env/lib/python3.8/site-packages/airflow/example_dags/example_task_group_decorator.py for tasks to queue
[2022-03-17 07:16:18,622] {logging_mixin.py:109} INFO - [2022-03-17 07:16:18,622] {dagbag.py:500} INFO - Filling up the DagBag from /home/lowenhard/acceleration/env/lib/python3.8/site-packages/airflow/example_dags/example_task_group_decorator.py
[2022-03-17 07:16:18,672] {processor.py:654} INFO - DAG(s) dict_keys(['example_task_group_decorator']) retrieved from /home/lowenhard/acceleration/env/lib/python3.8/site-packages/airflow/example_dags/example_task_group_decorator.py
[2022-03-17 07:16:18,909] {logging_mixin.py:109} INFO - [2022-03-17 07:16:18,909] {dag.py:2398} INFO - Sync 1 DAGs
[2022-03-17 07:16:18,919] {logging_mixin.py:109} INFO - [2022-03-17 07:16:18,919] {dag.py:2937} INFO - Setting next_dagrun for example_task_group_decorator to 2022-03-16T12:16:18.919159+00:00
[2022-03-17 07:16:20,540] {processor.py:171} INFO - Processing /home/lowenhard/acceleration/env/lib/python3.8/site-packages/airflow/example_dags/example_task_group_decorator.py took 1.993 seconds
[2022-03-17 07:17:39,535] {processor.py:163} INFO - Started process (PID=201) to work on /home/lowenhard/acceleration/env/lib/python3.8/site-packages/airflow/example_dags/example_task_group_decorator.py
[2022-03-17 07:17:39,542] {processor.py:642} INFO - Processing file /home/lowenhard/acceleration/env/lib/python3.8/site-packages/airflow/example_dags/example_task_group_decorator.py for tasks to queue
[2022-03-17 07:17:39,543] {logging_mixin.py:109} INFO - [2022-03-17 07:17:39,543] {dagbag.py:500} INFO - Filling up the DagBag from /home/lowenhard/acceleration/env/lib/python3.8/site-packages/airflow/example_dags/example_task_group_decorator.py
[2022-03-17 07:17:39,595] {processor.py:654} INFO - DAG(s) dict_keys(['example_task_group_decorator']) retrieved from /home/lowenhard/acceleration/env/lib/python3.8/site-packages/airflow/example_dags/example_task_group_decorator.py
[2022-03-17 07:17:39,904] {logging_mixin.py:109} INFO - [2022-03-17 07:17:39,904] {dag.py:2398} INFO - Sync 1 DAGs
[2022-03-17 07:17:39,920] {logging_mixin.py:109} INFO - [2022-03-17 07:17:39,920] {dag.py:2937} INFO - Setting next_dagrun for example_task_group_decorator to 2022-03-16T12:17:39.920572+00:00
[2022-03-17 07:17:40,101] {processor.py:171} INFO - Processing /home/lowenhard/acceleration/env/lib/python3.8/site-packages/airflow/example_dags/example_task_group_decorator.py took 0.570 seconds
[2022-03-17 07:19:00,284] {processor.py:163} INFO - Started process (PID=237) to work on /home/lowenhard/acceleration/env/lib/python3.8/site-packages/airflow/example_dags/example_task_group_decorator.py
[2022-03-17 07:19:00,301] {processor.py:642} INFO - Processing file /home/lowenhard/acceleration/env/lib/python3.8/site-packages/airflow/example_dags/example_task_group_decorator.py for tasks to queue
[2022-03-17 07:19:00,302] {logging_mixin.py:109} INFO - [2022-03-17 07:19:00,302] {dagbag.py:500} INFO - Filling up the DagBag from /home/lowenhard/acceleration/env/lib/python3.8/site-packages/airflow/example_dags/example_task_group_decorator.py
[2022-03-17 07:19:00,354] {processor.py:654} INFO - DAG(s) dict_keys(['example_task_group_decorator']) retrieved from /home/lowenhard/acceleration/env/lib/python3.8/site-packages/airflow/example_dags/example_task_group_decorator.py
[2022-03-17 07:19:00,609] {logging_mixin.py:109} INFO - [2022-03-17 07:19:00,609] {dag.py:2398} INFO - Sync 1 DAGs
[2022-03-17 07:19:00,625] {logging_mixin.py:109} INFO - [2022-03-17 07:19:00,625] {dag.py:2937} INFO - Setting next_dagrun for example_task_group_decorator to 2022-03-16T12:19:00.625129+00:00
[2022-03-17 07:19:01,506] {processor.py:171} INFO - Processing /home/lowenhard/acceleration/env/lib/python3.8/site-packages/airflow/example_dags/example_task_group_decorator.py took 1.227 seconds
[2022-03-17 07:20:24,755] {processor.py:163} INFO - Started process (PID=273) to work on /home/lowenhard/acceleration/env/lib/python3.8/site-packages/airflow/example_dags/example_task_group_decorator.py
[2022-03-17 07:20:24,803] {processor.py:642} INFO - Processing file /home/lowenhard/acceleration/env/lib/python3.8/site-packages/airflow/example_dags/example_task_group_decorator.py for tasks to queue
[2022-03-17 07:20:24,804] {logging_mixin.py:109} INFO - [2022-03-17 07:20:24,804] {dagbag.py:500} INFO - Filling up the DagBag from /home/lowenhard/acceleration/env/lib/python3.8/site-packages/airflow/example_dags/example_task_group_decorator.py
[2022-03-17 07:20:24,860] {processor.py:654} INFO - DAG(s) dict_keys(['example_task_group_decorator']) retrieved from /home/lowenhard/acceleration/env/lib/python3.8/site-packages/airflow/example_dags/example_task_group_decorator.py
[2022-03-17 07:20:25,142] {logging_mixin.py:109} INFO - [2022-03-17 07:20:25,142] {dag.py:2398} INFO - Sync 1 DAGs
[2022-03-17 07:20:25,157] {logging_mixin.py:109} INFO - [2022-03-17 07:20:25,157] {dag.py:2937} INFO - Setting next_dagrun for example_task_group_decorator to 2022-03-16T12:20:25.157406+00:00
[2022-03-17 07:20:27,024] {processor.py:171} INFO - Processing /home/lowenhard/acceleration/env/lib/python3.8/site-packages/airflow/example_dags/example_task_group_decorator.py took 2.274 seconds
[2022-03-17 07:21:53,799] {processor.py:163} INFO - Started process (PID=314) to work on /home/lowenhard/acceleration/env/lib/python3.8/site-packages/airflow/example_dags/example_task_group_decorator.py
[2022-03-17 07:21:53,886] {processor.py:642} INFO - Processing file /home/lowenhard/acceleration/env/lib/python3.8/site-packages/airflow/example_dags/example_task_group_decorator.py for tasks to queue
[2022-03-17 07:21:53,887] {logging_mixin.py:109} INFO - [2022-03-17 07:21:53,887] {dagbag.py:500} INFO - Filling up the DagBag from /home/lowenhard/acceleration/env/lib/python3.8/site-packages/airflow/example_dags/example_task_group_decorator.py
[2022-03-17 07:21:53,950] {processor.py:654} INFO - DAG(s) dict_keys(['example_task_group_decorator']) retrieved from /home/lowenhard/acceleration/env/lib/python3.8/site-packages/airflow/example_dags/example_task_group_decorator.py
[2022-03-17 07:21:54,230] {logging_mixin.py:109} INFO - [2022-03-17 07:21:54,230] {dag.py:2398} INFO - Sync 1 DAGs
[2022-03-17 07:21:54,248] {logging_mixin.py:109} INFO - [2022-03-17 07:21:54,248] {dag.py:2937} INFO - Setting next_dagrun for example_task_group_decorator to 2022-03-16T12:21:54.247424+00:00
[2022-03-17 07:21:55,245] {processor.py:171} INFO - Processing /home/lowenhard/acceleration/env/lib/python3.8/site-packages/airflow/example_dags/example_task_group_decorator.py took 1.451 seconds
[2022-03-17 07:23:00,238] {processor.py:163} INFO - Started process (PID=348) to work on /home/lowenhard/acceleration/env/lib/python3.8/site-packages/airflow/example_dags/example_task_group_decorator.py
[2022-03-17 07:23:00,293] {processor.py:642} INFO - Processing file /home/lowenhard/acceleration/env/lib/python3.8/site-packages/airflow/example_dags/example_task_group_decorator.py for tasks to queue
[2022-03-17 07:23:00,294] {logging_mixin.py:109} INFO - [2022-03-17 07:23:00,294] {dagbag.py:500} INFO - Filling up the DagBag from /home/lowenhard/acceleration/env/lib/python3.8/site-packages/airflow/example_dags/example_task_group_decorator.py
[2022-03-17 07:23:00,359] {processor.py:654} INFO - DAG(s) dict_keys(['example_task_group_decorator']) retrieved from /home/lowenhard/acceleration/env/lib/python3.8/site-packages/airflow/example_dags/example_task_group_decorator.py
[2022-03-17 07:23:00,656] {logging_mixin.py:109} INFO - [2022-03-17 07:23:00,656] {dag.py:2398} INFO - Sync 1 DAGs
[2022-03-17 07:23:00,671] {logging_mixin.py:109} INFO - [2022-03-17 07:23:00,671] {dag.py:2937} INFO - Setting next_dagrun for example_task_group_decorator to 2022-03-16T12:23:00.671128+00:00
[2022-03-17 07:23:01,197] {processor.py:171} INFO - Processing /home/lowenhard/acceleration/env/lib/python3.8/site-packages/airflow/example_dags/example_task_group_decorator.py took 0.964 seconds
[2022-03-17 07:23:55,690] {processor.py:163} INFO - Started process (PID=380) to work on /home/lowenhard/acceleration/env/lib/python3.8/site-packages/airflow/example_dags/example_task_group_decorator.py
[2022-03-17 07:23:55,707] {processor.py:642} INFO - Processing file /home/lowenhard/acceleration/env/lib/python3.8/site-packages/airflow/example_dags/example_task_group_decorator.py for tasks to queue
[2022-03-17 07:23:55,708] {logging_mixin.py:109} INFO - [2022-03-17 07:23:55,708] {dagbag.py:500} INFO - Filling up the DagBag from /home/lowenhard/acceleration/env/lib/python3.8/site-packages/airflow/example_dags/example_task_group_decorator.py
[2022-03-17 07:23:55,746] {processor.py:654} INFO - DAG(s) dict_keys(['example_task_group_decorator']) retrieved from /home/lowenhard/acceleration/env/lib/python3.8/site-packages/airflow/example_dags/example_task_group_decorator.py
[2022-03-17 07:23:56,005] {logging_mixin.py:109} INFO - [2022-03-17 07:23:56,004] {dag.py:2398} INFO - Sync 1 DAGs
[2022-03-17 07:23:56,117] {logging_mixin.py:109} INFO - [2022-03-17 07:23:56,117] {dag.py:2937} INFO - Setting next_dagrun for example_task_group_decorator to 2022-03-16T12:23:56.117354+00:00
[2022-03-17 07:23:56,299] {processor.py:171} INFO - Processing /home/lowenhard/acceleration/env/lib/python3.8/site-packages/airflow/example_dags/example_task_group_decorator.py took 0.612 seconds
[2022-03-17 07:24:55,466] {processor.py:163} INFO - Started process (PID=417) to work on /home/lowenhard/acceleration/env/lib/python3.8/site-packages/airflow/example_dags/example_task_group_decorator.py
[2022-03-17 07:24:55,491] {processor.py:642} INFO - Processing file /home/lowenhard/acceleration/env/lib/python3.8/site-packages/airflow/example_dags/example_task_group_decorator.py for tasks to queue
[2022-03-17 07:24:55,492] {logging_mixin.py:109} INFO - [2022-03-17 07:24:55,492] {dagbag.py:500} INFO - Filling up the DagBag from /home/lowenhard/acceleration/env/lib/python3.8/site-packages/airflow/example_dags/example_task_group_decorator.py
[2022-03-17 07:24:55,552] {processor.py:654} INFO - DAG(s) dict_keys(['example_task_group_decorator']) retrieved from /home/lowenhard/acceleration/env/lib/python3.8/site-packages/airflow/example_dags/example_task_group_decorator.py
[2022-03-17 07:24:55,908] {logging_mixin.py:109} INFO - [2022-03-17 07:24:55,908] {dag.py:2398} INFO - Sync 1 DAGs
[2022-03-17 07:24:56,019] {logging_mixin.py:109} INFO - [2022-03-17 07:24:56,018] {dag.py:2937} INFO - Setting next_dagrun for example_task_group_decorator to 2022-03-16T12:24:56.018615+00:00
[2022-03-17 07:24:56,308] {processor.py:171} INFO - Processing /home/lowenhard/acceleration/env/lib/python3.8/site-packages/airflow/example_dags/example_task_group_decorator.py took 0.845 seconds
[2022-03-17 07:25:42,327] {processor.py:163} INFO - Started process (PID=446) to work on /home/lowenhard/acceleration/env/lib/python3.8/site-packages/airflow/example_dags/example_task_group_decorator.py
[2022-03-17 07:25:42,343] {processor.py:642} INFO - Processing file /home/lowenhard/acceleration/env/lib/python3.8/site-packages/airflow/example_dags/example_task_group_decorator.py for tasks to queue
[2022-03-17 07:25:42,343] {logging_mixin.py:109} INFO - [2022-03-17 07:25:42,343] {dagbag.py:500} INFO - Filling up the DagBag from /home/lowenhard/acceleration/env/lib/python3.8/site-packages/airflow/example_dags/example_task_group_decorator.py
[2022-03-17 07:25:42,380] {processor.py:654} INFO - DAG(s) dict_keys(['example_task_group_decorator']) retrieved from /home/lowenhard/acceleration/env/lib/python3.8/site-packages/airflow/example_dags/example_task_group_decorator.py
[2022-03-17 07:25:42,576] {logging_mixin.py:109} INFO - [2022-03-17 07:25:42,576] {dag.py:2398} INFO - Sync 1 DAGs
[2022-03-17 07:25:42,879] {logging_mixin.py:109} INFO - [2022-03-17 07:25:42,878] {dag.py:2937} INFO - Setting next_dagrun for example_task_group_decorator to 2022-03-16T12:25:42.878679+00:00
[2022-03-17 07:25:43,090] {processor.py:171} INFO - Processing /home/lowenhard/acceleration/env/lib/python3.8/site-packages/airflow/example_dags/example_task_group_decorator.py took 0.765 seconds
[2022-03-17 07:27:13,243] {processor.py:163} INFO - Started process (PID=489) to work on /home/lowenhard/acceleration/env/lib/python3.8/site-packages/airflow/example_dags/example_task_group_decorator.py
[2022-03-17 07:27:13,275] {processor.py:642} INFO - Processing file /home/lowenhard/acceleration/env/lib/python3.8/site-packages/airflow/example_dags/example_task_group_decorator.py for tasks to queue
[2022-03-17 07:27:13,275] {logging_mixin.py:109} INFO - [2022-03-17 07:27:13,275] {dagbag.py:500} INFO - Filling up the DagBag from /home/lowenhard/acceleration/env/lib/python3.8/site-packages/airflow/example_dags/example_task_group_decorator.py
[2022-03-17 07:27:13,840] {processor.py:654} INFO - DAG(s) dict_keys(['example_task_group_decorator']) retrieved from /home/lowenhard/acceleration/env/lib/python3.8/site-packages/airflow/example_dags/example_task_group_decorator.py
[2022-03-17 07:27:14,103] {logging_mixin.py:109} INFO - [2022-03-17 07:27:14,103] {dag.py:2398} INFO - Sync 1 DAGs
[2022-03-17 07:27:14,115] {logging_mixin.py:109} INFO - [2022-03-17 07:27:14,115] {dag.py:2937} INFO - Setting next_dagrun for example_task_group_decorator to 2022-03-16T12:27:14.115239+00:00
[2022-03-17 07:27:14,748] {processor.py:171} INFO - Processing /home/lowenhard/acceleration/env/lib/python3.8/site-packages/airflow/example_dags/example_task_group_decorator.py took 1.508 seconds
[2022-03-17 07:28:05,281] {processor.py:163} INFO - Started process (PID=521) to work on /home/lowenhard/acceleration/env/lib/python3.8/site-packages/airflow/example_dags/example_task_group_decorator.py
[2022-03-17 07:28:05,306] {processor.py:642} INFO - Processing file /home/lowenhard/acceleration/env/lib/python3.8/site-packages/airflow/example_dags/example_task_group_decorator.py for tasks to queue
[2022-03-17 07:28:05,306] {logging_mixin.py:109} INFO - [2022-03-17 07:28:05,306] {dagbag.py:500} INFO - Filling up the DagBag from /home/lowenhard/acceleration/env/lib/python3.8/site-packages/airflow/example_dags/example_task_group_decorator.py
[2022-03-17 07:28:05,336] {processor.py:654} INFO - DAG(s) dict_keys(['example_task_group_decorator']) retrieved from /home/lowenhard/acceleration/env/lib/python3.8/site-packages/airflow/example_dags/example_task_group_decorator.py
[2022-03-17 07:28:05,618] {logging_mixin.py:109} INFO - [2022-03-17 07:28:05,618] {dag.py:2398} INFO - Sync 1 DAGs
[2022-03-17 07:28:05,630] {logging_mixin.py:109} INFO - [2022-03-17 07:28:05,630] {dag.py:2937} INFO - Setting next_dagrun for example_task_group_decorator to 2022-03-16T12:28:05.629814+00:00
[2022-03-17 07:28:05,856] {processor.py:171} INFO - Processing /home/lowenhard/acceleration/env/lib/python3.8/site-packages/airflow/example_dags/example_task_group_decorator.py took 0.578 seconds
[2022-03-17 07:28:59,913] {processor.py:163} INFO - Started process (PID=550) to work on /home/lowenhard/acceleration/env/lib/python3.8/site-packages/airflow/example_dags/example_task_group_decorator.py
[2022-03-17 07:28:59,959] {processor.py:642} INFO - Processing file /home/lowenhard/acceleration/env/lib/python3.8/site-packages/airflow/example_dags/example_task_group_decorator.py for tasks to queue
[2022-03-17 07:28:59,960] {logging_mixin.py:109} INFO - [2022-03-17 07:28:59,960] {dagbag.py:500} INFO - Filling up the DagBag from /home/lowenhard/acceleration/env/lib/python3.8/site-packages/airflow/example_dags/example_task_group_decorator.py
[2022-03-17 07:29:00,001] {processor.py:654} INFO - DAG(s) dict_keys(['example_task_group_decorator']) retrieved from /home/lowenhard/acceleration/env/lib/python3.8/site-packages/airflow/example_dags/example_task_group_decorator.py
[2022-03-17 07:29:00,277] {logging_mixin.py:109} INFO - [2022-03-17 07:29:00,277] {dag.py:2398} INFO - Sync 1 DAGs
[2022-03-17 07:29:00,289] {logging_mixin.py:109} INFO - [2022-03-17 07:29:00,289] {dag.py:2937} INFO - Setting next_dagrun for example_task_group_decorator to 2022-03-16T12:29:00.288821+00:00
[2022-03-17 07:29:00,574] {processor.py:171} INFO - Processing /home/lowenhard/acceleration/env/lib/python3.8/site-packages/airflow/example_dags/example_task_group_decorator.py took 0.663 seconds
[2022-03-17 07:30:14,796] {processor.py:163} INFO - Started process (PID=585) to work on /home/lowenhard/acceleration/env/lib/python3.8/site-packages/airflow/example_dags/example_task_group_decorator.py
[2022-03-17 07:30:14,818] {processor.py:642} INFO - Processing file /home/lowenhard/acceleration/env/lib/python3.8/site-packages/airflow/example_dags/example_task_group_decorator.py for tasks to queue
[2022-03-17 07:30:14,819] {logging_mixin.py:109} INFO - [2022-03-17 07:30:14,819] {dagbag.py:500} INFO - Filling up the DagBag from /home/lowenhard/acceleration/env/lib/python3.8/site-packages/airflow/example_dags/example_task_group_decorator.py
[2022-03-17 07:30:14,853] {processor.py:654} INFO - DAG(s) dict_keys(['example_task_group_decorator']) retrieved from /home/lowenhard/acceleration/env/lib/python3.8/site-packages/airflow/example_dags/example_task_group_decorator.py
[2022-03-17 07:30:15,118] {logging_mixin.py:109} INFO - [2022-03-17 07:30:15,118] {dag.py:2398} INFO - Sync 1 DAGs
[2022-03-17 07:30:15,129] {logging_mixin.py:109} INFO - [2022-03-17 07:30:15,129] {dag.py:2937} INFO - Setting next_dagrun for example_task_group_decorator to 2022-03-16T12:30:15.129114+00:00
[2022-03-17 07:30:15,999] {processor.py:171} INFO - Processing /home/lowenhard/acceleration/env/lib/python3.8/site-packages/airflow/example_dags/example_task_group_decorator.py took 1.206 seconds
[2022-03-17 07:31:38,033] {processor.py:163} INFO - Started process (PID=623) to work on /home/lowenhard/acceleration/env/lib/python3.8/site-packages/airflow/example_dags/example_task_group_decorator.py
[2022-03-17 07:31:38,051] {processor.py:642} INFO - Processing file /home/lowenhard/acceleration/env/lib/python3.8/site-packages/airflow/example_dags/example_task_group_decorator.py for tasks to queue
[2022-03-17 07:31:38,052] {logging_mixin.py:109} INFO - [2022-03-17 07:31:38,052] {dagbag.py:500} INFO - Filling up the DagBag from /home/lowenhard/acceleration/env/lib/python3.8/site-packages/airflow/example_dags/example_task_group_decorator.py
[2022-03-17 07:31:38,094] {processor.py:654} INFO - DAG(s) dict_keys(['example_task_group_decorator']) retrieved from /home/lowenhard/acceleration/env/lib/python3.8/site-packages/airflow/example_dags/example_task_group_decorator.py
[2022-03-17 07:31:38,477] {logging_mixin.py:109} INFO - [2022-03-17 07:31:38,477] {dag.py:2398} INFO - Sync 1 DAGs
[2022-03-17 07:31:38,498] {logging_mixin.py:109} INFO - [2022-03-17 07:31:38,498] {dag.py:2937} INFO - Setting next_dagrun for example_task_group_decorator to 2022-03-16T12:31:38.497778+00:00
[2022-03-17 07:31:38,774] {processor.py:171} INFO - Processing /home/lowenhard/acceleration/env/lib/python3.8/site-packages/airflow/example_dags/example_task_group_decorator.py took 0.744 seconds
[2022-03-17 07:32:54,382] {processor.py:163} INFO - Started process (PID=659) to work on /home/lowenhard/acceleration/env/lib/python3.8/site-packages/airflow/example_dags/example_task_group_decorator.py
[2022-03-17 07:32:54,408] {processor.py:642} INFO - Processing file /home/lowenhard/acceleration/env/lib/python3.8/site-packages/airflow/example_dags/example_task_group_decorator.py for tasks to queue
[2022-03-17 07:32:54,409] {logging_mixin.py:109} INFO - [2022-03-17 07:32:54,409] {dagbag.py:500} INFO - Filling up the DagBag from /home/lowenhard/acceleration/env/lib/python3.8/site-packages/airflow/example_dags/example_task_group_decorator.py
[2022-03-17 07:32:54,463] {processor.py:654} INFO - DAG(s) dict_keys(['example_task_group_decorator']) retrieved from /home/lowenhard/acceleration/env/lib/python3.8/site-packages/airflow/example_dags/example_task_group_decorator.py
[2022-03-17 07:32:54,768] {logging_mixin.py:109} INFO - [2022-03-17 07:32:54,767] {dag.py:2398} INFO - Sync 1 DAGs
[2022-03-17 07:32:54,780] {logging_mixin.py:109} INFO - [2022-03-17 07:32:54,780] {dag.py:2937} INFO - Setting next_dagrun for example_task_group_decorator to 2022-03-16T12:32:54.780002+00:00
[2022-03-17 07:32:54,928] {processor.py:171} INFO - Processing /home/lowenhard/acceleration/env/lib/python3.8/site-packages/airflow/example_dags/example_task_group_decorator.py took 0.549 seconds
[2022-03-17 07:34:22,384] {processor.py:163} INFO - Started process (PID=698) to work on /home/lowenhard/acceleration/env/lib/python3.8/site-packages/airflow/example_dags/example_task_group_decorator.py
[2022-03-17 07:34:22,388] {processor.py:642} INFO - Processing file /home/lowenhard/acceleration/env/lib/python3.8/site-packages/airflow/example_dags/example_task_group_decorator.py for tasks to queue
[2022-03-17 07:34:22,389] {logging_mixin.py:109} INFO - [2022-03-17 07:34:22,388] {dagbag.py:500} INFO - Filling up the DagBag from /home/lowenhard/acceleration/env/lib/python3.8/site-packages/airflow/example_dags/example_task_group_decorator.py
[2022-03-17 07:34:22,427] {processor.py:654} INFO - DAG(s) dict_keys(['example_task_group_decorator']) retrieved from /home/lowenhard/acceleration/env/lib/python3.8/site-packages/airflow/example_dags/example_task_group_decorator.py
[2022-03-17 07:34:22,744] {logging_mixin.py:109} INFO - [2022-03-17 07:34:22,743] {dag.py:2398} INFO - Sync 1 DAGs
[2022-03-17 07:34:22,757] {logging_mixin.py:109} INFO - [2022-03-17 07:34:22,757] {dag.py:2937} INFO - Setting next_dagrun for example_task_group_decorator to 2022-03-16T12:34:22.757357+00:00
[2022-03-17 07:34:24,698] {processor.py:171} INFO - Processing /home/lowenhard/acceleration/env/lib/python3.8/site-packages/airflow/example_dags/example_task_group_decorator.py took 2.316 seconds
[2022-03-17 07:35:53,864] {processor.py:163} INFO - Started process (PID=736) to work on /home/lowenhard/acceleration/env/lib/python3.8/site-packages/airflow/example_dags/example_task_group_decorator.py
[2022-03-17 07:35:53,867] {processor.py:642} INFO - Processing file /home/lowenhard/acceleration/env/lib/python3.8/site-packages/airflow/example_dags/example_task_group_decorator.py for tasks to queue
[2022-03-17 07:35:53,868] {logging_mixin.py:109} INFO - [2022-03-17 07:35:53,868] {dagbag.py:500} INFO - Filling up the DagBag from /home/lowenhard/acceleration/env/lib/python3.8/site-packages/airflow/example_dags/example_task_group_decorator.py
[2022-03-17 07:35:53,921] {processor.py:654} INFO - DAG(s) dict_keys(['example_task_group_decorator']) retrieved from /home/lowenhard/acceleration/env/lib/python3.8/site-packages/airflow/example_dags/example_task_group_decorator.py
[2022-03-17 07:35:54,266] {logging_mixin.py:109} INFO - [2022-03-17 07:35:54,265] {dag.py:2398} INFO - Sync 1 DAGs
[2022-03-17 07:35:54,279] {logging_mixin.py:109} INFO - [2022-03-17 07:35:54,279] {dag.py:2937} INFO - Setting next_dagrun for example_task_group_decorator to 2022-03-16T12:35:54.279460+00:00
[2022-03-17 07:35:54,843] {processor.py:171} INFO - Processing /home/lowenhard/acceleration/env/lib/python3.8/site-packages/airflow/example_dags/example_task_group_decorator.py took 0.982 seconds
[2022-03-17 07:37:12,129] {processor.py:163} INFO - Started process (PID=772) to work on /home/lowenhard/acceleration/env/lib/python3.8/site-packages/airflow/example_dags/example_task_group_decorator.py
[2022-03-17 07:37:12,244] {processor.py:642} INFO - Processing file /home/lowenhard/acceleration/env/lib/python3.8/site-packages/airflow/example_dags/example_task_group_decorator.py for tasks to queue
[2022-03-17 07:37:12,245] {logging_mixin.py:109} INFO - [2022-03-17 07:37:12,245] {dagbag.py:500} INFO - Filling up the DagBag from /home/lowenhard/acceleration/env/lib/python3.8/site-packages/airflow/example_dags/example_task_group_decorator.py
[2022-03-17 07:37:12,282] {processor.py:654} INFO - DAG(s) dict_keys(['example_task_group_decorator']) retrieved from /home/lowenhard/acceleration/env/lib/python3.8/site-packages/airflow/example_dags/example_task_group_decorator.py
[2022-03-17 07:37:12,554] {logging_mixin.py:109} INFO - [2022-03-17 07:37:12,554] {dag.py:2398} INFO - Sync 1 DAGs
[2022-03-17 07:37:12,565] {logging_mixin.py:109} INFO - [2022-03-17 07:37:12,565] {dag.py:2937} INFO - Setting next_dagrun for example_task_group_decorator to 2022-03-16T12:37:12.565557+00:00
[2022-03-17 07:37:14,007] {processor.py:171} INFO - Processing /home/lowenhard/acceleration/env/lib/python3.8/site-packages/airflow/example_dags/example_task_group_decorator.py took 1.880 seconds
[2022-03-17 07:38:33,217] {processor.py:163} INFO - Started process (PID=809) to work on /home/lowenhard/acceleration/env/lib/python3.8/site-packages/airflow/example_dags/example_task_group_decorator.py
[2022-03-17 07:38:33,224] {processor.py:642} INFO - Processing file /home/lowenhard/acceleration/env/lib/python3.8/site-packages/airflow/example_dags/example_task_group_decorator.py for tasks to queue
[2022-03-17 07:38:33,225] {logging_mixin.py:109} INFO - [2022-03-17 07:38:33,225] {dagbag.py:500} INFO - Filling up the DagBag from /home/lowenhard/acceleration/env/lib/python3.8/site-packages/airflow/example_dags/example_task_group_decorator.py
[2022-03-17 07:38:33,259] {processor.py:654} INFO - DAG(s) dict_keys(['example_task_group_decorator']) retrieved from /home/lowenhard/acceleration/env/lib/python3.8/site-packages/airflow/example_dags/example_task_group_decorator.py
[2022-03-17 07:38:33,527] {logging_mixin.py:109} INFO - [2022-03-17 07:38:33,527] {dag.py:2398} INFO - Sync 1 DAGs
[2022-03-17 07:38:33,538] {logging_mixin.py:109} INFO - [2022-03-17 07:38:33,538] {dag.py:2937} INFO - Setting next_dagrun for example_task_group_decorator to 2022-03-16T12:38:33.538440+00:00
[2022-03-17 07:38:34,509] {processor.py:171} INFO - Processing /home/lowenhard/acceleration/env/lib/python3.8/site-packages/airflow/example_dags/example_task_group_decorator.py took 1.295 seconds
