[2022-03-17 00:56:10,389] {processor.py:163} INFO - Started process (PID=872) to work on /home/lowenhard/acceleration/env/lib/python3.8/site-packages/airflow/example_dags/example_branch_python_dop_operator_3.py
[2022-03-17 00:56:10,389] {processor.py:642} INFO - Processing file /home/lowenhard/acceleration/env/lib/python3.8/site-packages/airflow/example_dags/example_branch_python_dop_operator_3.py for tasks to queue
[2022-03-17 00:56:10,390] {logging_mixin.py:109} INFO - [2022-03-17 00:56:10,390] {dagbag.py:500} INFO - Filling up the DagBag from /home/lowenhard/acceleration/env/lib/python3.8/site-packages/airflow/example_dags/example_branch_python_dop_operator_3.py
[2022-03-17 00:56:10,411] {processor.py:654} INFO - DAG(s) dict_keys(['example_branch_dop_operator_v3']) retrieved from /home/lowenhard/acceleration/env/lib/python3.8/site-packages/airflow/example_dags/example_branch_python_dop_operator_3.py
[2022-03-17 00:56:10,420] {logging_mixin.py:109} INFO - [2022-03-17 00:56:10,420] {dag.py:2398} INFO - Sync 1 DAGs
[2022-03-17 00:56:10,437] {logging_mixin.py:109} INFO - [2022-03-17 00:56:10,437] {dag.py:2937} INFO - Setting next_dagrun for example_branch_dop_operator_v3 to 2022-03-17T05:55:00+00:00
[2022-03-17 00:56:11,630] {processor.py:171} INFO - Processing /home/lowenhard/acceleration/env/lib/python3.8/site-packages/airflow/example_dags/example_branch_python_dop_operator_3.py took 1.244 seconds
[2022-03-17 00:57:36,989] {processor.py:163} INFO - Started process (PID=904) to work on /home/lowenhard/acceleration/env/lib/python3.8/site-packages/airflow/example_dags/example_branch_python_dop_operator_3.py
[2022-03-17 00:57:37,019] {processor.py:642} INFO - Processing file /home/lowenhard/acceleration/env/lib/python3.8/site-packages/airflow/example_dags/example_branch_python_dop_operator_3.py for tasks to queue
[2022-03-17 00:57:37,019] {logging_mixin.py:109} INFO - [2022-03-17 00:57:37,019] {dagbag.py:500} INFO - Filling up the DagBag from /home/lowenhard/acceleration/env/lib/python3.8/site-packages/airflow/example_dags/example_branch_python_dop_operator_3.py
[2022-03-17 00:57:37,048] {processor.py:654} INFO - DAG(s) dict_keys(['example_branch_dop_operator_v3']) retrieved from /home/lowenhard/acceleration/env/lib/python3.8/site-packages/airflow/example_dags/example_branch_python_dop_operator_3.py
[2022-03-17 00:57:37,061] {logging_mixin.py:109} INFO - [2022-03-17 00:57:37,061] {dag.py:2398} INFO - Sync 1 DAGs
[2022-03-17 00:57:37,079] {logging_mixin.py:109} INFO - [2022-03-17 00:57:37,079] {dag.py:2937} INFO - Setting next_dagrun for example_branch_dop_operator_v3 to 2022-03-17T05:56:00+00:00
[2022-03-17 00:57:37,452] {processor.py:171} INFO - Processing /home/lowenhard/acceleration/env/lib/python3.8/site-packages/airflow/example_dags/example_branch_python_dop_operator_3.py took 0.467 seconds
[2022-03-17 00:59:05,922] {processor.py:163} INFO - Started process (PID=942) to work on /home/lowenhard/acceleration/env/lib/python3.8/site-packages/airflow/example_dags/example_branch_python_dop_operator_3.py
[2022-03-17 00:59:05,954] {processor.py:642} INFO - Processing file /home/lowenhard/acceleration/env/lib/python3.8/site-packages/airflow/example_dags/example_branch_python_dop_operator_3.py for tasks to queue
[2022-03-17 00:59:05,955] {logging_mixin.py:109} INFO - [2022-03-17 00:59:05,955] {dagbag.py:500} INFO - Filling up the DagBag from /home/lowenhard/acceleration/env/lib/python3.8/site-packages/airflow/example_dags/example_branch_python_dop_operator_3.py
[2022-03-17 00:59:05,978] {processor.py:654} INFO - DAG(s) dict_keys(['example_branch_dop_operator_v3']) retrieved from /home/lowenhard/acceleration/env/lib/python3.8/site-packages/airflow/example_dags/example_branch_python_dop_operator_3.py
[2022-03-17 00:59:05,989] {logging_mixin.py:109} INFO - [2022-03-17 00:59:05,989] {dag.py:2398} INFO - Sync 1 DAGs
[2022-03-17 00:59:06,009] {logging_mixin.py:109} INFO - [2022-03-17 00:59:06,009] {dag.py:2937} INFO - Setting next_dagrun for example_branch_dop_operator_v3 to 2022-03-17T05:58:00+00:00
[2022-03-17 00:59:07,337] {processor.py:171} INFO - Processing /home/lowenhard/acceleration/env/lib/python3.8/site-packages/airflow/example_dags/example_branch_python_dop_operator_3.py took 1.417 seconds
[2022-03-17 01:00:26,517] {processor.py:163} INFO - Started process (PID=979) to work on /home/lowenhard/acceleration/env/lib/python3.8/site-packages/airflow/example_dags/example_branch_python_dop_operator_3.py
[2022-03-17 01:00:26,548] {processor.py:642} INFO - Processing file /home/lowenhard/acceleration/env/lib/python3.8/site-packages/airflow/example_dags/example_branch_python_dop_operator_3.py for tasks to queue
[2022-03-17 01:00:26,548] {logging_mixin.py:109} INFO - [2022-03-17 01:00:26,548] {dagbag.py:500} INFO - Filling up the DagBag from /home/lowenhard/acceleration/env/lib/python3.8/site-packages/airflow/example_dags/example_branch_python_dop_operator_3.py
[2022-03-17 01:00:26,573] {processor.py:654} INFO - DAG(s) dict_keys(['example_branch_dop_operator_v3']) retrieved from /home/lowenhard/acceleration/env/lib/python3.8/site-packages/airflow/example_dags/example_branch_python_dop_operator_3.py
[2022-03-17 01:00:26,582] {logging_mixin.py:109} INFO - [2022-03-17 01:00:26,582] {dag.py:2398} INFO - Sync 1 DAGs
[2022-03-17 01:00:26,600] {logging_mixin.py:109} INFO - [2022-03-17 01:00:26,600] {dag.py:2937} INFO - Setting next_dagrun for example_branch_dop_operator_v3 to 2022-03-17T05:59:00+00:00
[2022-03-17 01:00:27,576] {processor.py:171} INFO - Processing /home/lowenhard/acceleration/env/lib/python3.8/site-packages/airflow/example_dags/example_branch_python_dop_operator_3.py took 1.062 seconds
[2022-03-17 07:14:59,423] {processor.py:163} INFO - Started process (PID=131) to work on /home/lowenhard/acceleration/env/lib/python3.8/site-packages/airflow/example_dags/example_branch_python_dop_operator_3.py
[2022-03-17 07:14:59,456] {processor.py:642} INFO - Processing file /home/lowenhard/acceleration/env/lib/python3.8/site-packages/airflow/example_dags/example_branch_python_dop_operator_3.py for tasks to queue
[2022-03-17 07:14:59,457] {logging_mixin.py:109} INFO - [2022-03-17 07:14:59,457] {dagbag.py:500} INFO - Filling up the DagBag from /home/lowenhard/acceleration/env/lib/python3.8/site-packages/airflow/example_dags/example_branch_python_dop_operator_3.py
[2022-03-17 07:14:59,484] {processor.py:654} INFO - DAG(s) dict_keys(['example_branch_dop_operator_v3']) retrieved from /home/lowenhard/acceleration/env/lib/python3.8/site-packages/airflow/example_dags/example_branch_python_dop_operator_3.py
[2022-03-17 07:14:59,497] {logging_mixin.py:109} INFO - [2022-03-17 07:14:59,497] {dag.py:2398} INFO - Sync 1 DAGs
[2022-03-17 07:14:59,520] {logging_mixin.py:109} INFO - [2022-03-17 07:14:59,520] {dag.py:2937} INFO - Setting next_dagrun for example_branch_dop_operator_v3 to 2022-03-17T12:13:00+00:00
[2022-03-17 07:14:59,723] {processor.py:171} INFO - Processing /home/lowenhard/acceleration/env/lib/python3.8/site-packages/airflow/example_dags/example_branch_python_dop_operator_3.py took 0.303 seconds
[2022-03-17 07:16:21,801] {processor.py:163} INFO - Started process (PID=163) to work on /home/lowenhard/acceleration/env/lib/python3.8/site-packages/airflow/example_dags/example_branch_python_dop_operator_3.py
[2022-03-17 07:16:21,831] {processor.py:642} INFO - Processing file /home/lowenhard/acceleration/env/lib/python3.8/site-packages/airflow/example_dags/example_branch_python_dop_operator_3.py for tasks to queue
[2022-03-17 07:16:21,832] {logging_mixin.py:109} INFO - [2022-03-17 07:16:21,832] {dagbag.py:500} INFO - Filling up the DagBag from /home/lowenhard/acceleration/env/lib/python3.8/site-packages/airflow/example_dags/example_branch_python_dop_operator_3.py
[2022-03-17 07:16:21,869] {processor.py:654} INFO - DAG(s) dict_keys(['example_branch_dop_operator_v3']) retrieved from /home/lowenhard/acceleration/env/lib/python3.8/site-packages/airflow/example_dags/example_branch_python_dop_operator_3.py
[2022-03-17 07:16:21,883] {logging_mixin.py:109} INFO - [2022-03-17 07:16:21,883] {dag.py:2398} INFO - Sync 1 DAGs
[2022-03-17 07:16:21,911] {logging_mixin.py:109} INFO - [2022-03-17 07:16:21,911] {dag.py:2937} INFO - Setting next_dagrun for example_branch_dop_operator_v3 to 2022-03-17T12:15:00+00:00
[2022-03-17 07:16:22,064] {processor.py:171} INFO - Processing /home/lowenhard/acceleration/env/lib/python3.8/site-packages/airflow/example_dags/example_branch_python_dop_operator_3.py took 0.266 seconds
[2022-03-17 07:17:41,194] {processor.py:163} INFO - Started process (PID=202) to work on /home/lowenhard/acceleration/env/lib/python3.8/site-packages/airflow/example_dags/example_branch_python_dop_operator_3.py
[2022-03-17 07:17:41,390] {processor.py:642} INFO - Processing file /home/lowenhard/acceleration/env/lib/python3.8/site-packages/airflow/example_dags/example_branch_python_dop_operator_3.py for tasks to queue
[2022-03-17 07:17:41,390] {logging_mixin.py:109} INFO - [2022-03-17 07:17:41,390] {dagbag.py:500} INFO - Filling up the DagBag from /home/lowenhard/acceleration/env/lib/python3.8/site-packages/airflow/example_dags/example_branch_python_dop_operator_3.py
[2022-03-17 07:17:41,424] {processor.py:654} INFO - DAG(s) dict_keys(['example_branch_dop_operator_v3']) retrieved from /home/lowenhard/acceleration/env/lib/python3.8/site-packages/airflow/example_dags/example_branch_python_dop_operator_3.py
[2022-03-17 07:17:41,438] {logging_mixin.py:109} INFO - [2022-03-17 07:17:41,438] {dag.py:2398} INFO - Sync 1 DAGs
[2022-03-17 07:17:41,470] {logging_mixin.py:109} INFO - [2022-03-17 07:17:41,469] {dag.py:2937} INFO - Setting next_dagrun for example_branch_dop_operator_v3 to 2022-03-17T12:16:00+00:00
[2022-03-17 07:17:41,942] {processor.py:171} INFO - Processing /home/lowenhard/acceleration/env/lib/python3.8/site-packages/airflow/example_dags/example_branch_python_dop_operator_3.py took 0.751 seconds
[2022-03-17 07:19:02,072] {processor.py:163} INFO - Started process (PID=238) to work on /home/lowenhard/acceleration/env/lib/python3.8/site-packages/airflow/example_dags/example_branch_python_dop_operator_3.py
[2022-03-17 07:19:02,082] {processor.py:642} INFO - Processing file /home/lowenhard/acceleration/env/lib/python3.8/site-packages/airflow/example_dags/example_branch_python_dop_operator_3.py for tasks to queue
[2022-03-17 07:19:02,083] {logging_mixin.py:109} INFO - [2022-03-17 07:19:02,083] {dagbag.py:500} INFO - Filling up the DagBag from /home/lowenhard/acceleration/env/lib/python3.8/site-packages/airflow/example_dags/example_branch_python_dop_operator_3.py
[2022-03-17 07:19:02,120] {processor.py:654} INFO - DAG(s) dict_keys(['example_branch_dop_operator_v3']) retrieved from /home/lowenhard/acceleration/env/lib/python3.8/site-packages/airflow/example_dags/example_branch_python_dop_operator_3.py
[2022-03-17 07:19:02,135] {logging_mixin.py:109} INFO - [2022-03-17 07:19:02,135] {dag.py:2398} INFO - Sync 1 DAGs
[2022-03-17 07:19:02,161] {logging_mixin.py:109} INFO - [2022-03-17 07:19:02,161] {dag.py:2937} INFO - Setting next_dagrun for example_branch_dop_operator_v3 to 2022-03-17T12:18:00+00:00
[2022-03-17 07:19:03,056] {processor.py:171} INFO - Processing /home/lowenhard/acceleration/env/lib/python3.8/site-packages/airflow/example_dags/example_branch_python_dop_operator_3.py took 0.988 seconds
[2022-03-17 07:20:28,350] {processor.py:163} INFO - Started process (PID=274) to work on /home/lowenhard/acceleration/env/lib/python3.8/site-packages/airflow/example_dags/example_branch_python_dop_operator_3.py
[2022-03-17 07:20:29,174] {processor.py:642} INFO - Processing file /home/lowenhard/acceleration/env/lib/python3.8/site-packages/airflow/example_dags/example_branch_python_dop_operator_3.py for tasks to queue
[2022-03-17 07:20:29,175] {logging_mixin.py:109} INFO - [2022-03-17 07:20:29,175] {dagbag.py:500} INFO - Filling up the DagBag from /home/lowenhard/acceleration/env/lib/python3.8/site-packages/airflow/example_dags/example_branch_python_dop_operator_3.py
[2022-03-17 07:20:29,210] {processor.py:654} INFO - DAG(s) dict_keys(['example_branch_dop_operator_v3']) retrieved from /home/lowenhard/acceleration/env/lib/python3.8/site-packages/airflow/example_dags/example_branch_python_dop_operator_3.py
[2022-03-17 07:20:29,227] {logging_mixin.py:109} INFO - [2022-03-17 07:20:29,227] {dag.py:2398} INFO - Sync 1 DAGs
[2022-03-17 07:20:29,258] {logging_mixin.py:109} INFO - [2022-03-17 07:20:29,258] {dag.py:2937} INFO - Setting next_dagrun for example_branch_dop_operator_v3 to 2022-03-17T12:19:00+00:00
[2022-03-17 07:20:30,016] {processor.py:171} INFO - Processing /home/lowenhard/acceleration/env/lib/python3.8/site-packages/airflow/example_dags/example_branch_python_dop_operator_3.py took 1.671 seconds
[2022-03-17 07:21:56,365] {processor.py:163} INFO - Started process (PID=315) to work on /home/lowenhard/acceleration/env/lib/python3.8/site-packages/airflow/example_dags/example_branch_python_dop_operator_3.py
[2022-03-17 07:21:56,452] {processor.py:642} INFO - Processing file /home/lowenhard/acceleration/env/lib/python3.8/site-packages/airflow/example_dags/example_branch_python_dop_operator_3.py for tasks to queue
[2022-03-17 07:21:56,453] {logging_mixin.py:109} INFO - [2022-03-17 07:21:56,453] {dagbag.py:500} INFO - Filling up the DagBag from /home/lowenhard/acceleration/env/lib/python3.8/site-packages/airflow/example_dags/example_branch_python_dop_operator_3.py
[2022-03-17 07:21:56,825] {processor.py:654} INFO - DAG(s) dict_keys(['example_branch_dop_operator_v3']) retrieved from /home/lowenhard/acceleration/env/lib/python3.8/site-packages/airflow/example_dags/example_branch_python_dop_operator_3.py
[2022-03-17 07:21:56,844] {logging_mixin.py:109} INFO - [2022-03-17 07:21:56,844] {dag.py:2398} INFO - Sync 1 DAGs
[2022-03-17 07:21:56,879] {logging_mixin.py:109} INFO - [2022-03-17 07:21:56,879] {dag.py:2937} INFO - Setting next_dagrun for example_branch_dop_operator_v3 to 2022-03-17T12:20:00+00:00
[2022-03-17 07:21:57,106] {processor.py:171} INFO - Processing /home/lowenhard/acceleration/env/lib/python3.8/site-packages/airflow/example_dags/example_branch_python_dop_operator_3.py took 0.751 seconds
[2022-03-17 07:23:02,606] {processor.py:163} INFO - Started process (PID=349) to work on /home/lowenhard/acceleration/env/lib/python3.8/site-packages/airflow/example_dags/example_branch_python_dop_operator_3.py
[2022-03-17 07:23:02,650] {processor.py:642} INFO - Processing file /home/lowenhard/acceleration/env/lib/python3.8/site-packages/airflow/example_dags/example_branch_python_dop_operator_3.py for tasks to queue
[2022-03-17 07:23:02,650] {logging_mixin.py:109} INFO - [2022-03-17 07:23:02,650] {dagbag.py:500} INFO - Filling up the DagBag from /home/lowenhard/acceleration/env/lib/python3.8/site-packages/airflow/example_dags/example_branch_python_dop_operator_3.py
[2022-03-17 07:23:03,220] {processor.py:654} INFO - DAG(s) dict_keys(['example_branch_dop_operator_v3']) retrieved from /home/lowenhard/acceleration/env/lib/python3.8/site-packages/airflow/example_dags/example_branch_python_dop_operator_3.py
[2022-03-17 07:23:03,232] {logging_mixin.py:109} INFO - [2022-03-17 07:23:03,231] {dag.py:2398} INFO - Sync 1 DAGs
[2022-03-17 07:23:03,259] {logging_mixin.py:109} INFO - [2022-03-17 07:23:03,259] {dag.py:2937} INFO - Setting next_dagrun for example_branch_dop_operator_v3 to 2022-03-17T12:22:00+00:00
[2022-03-17 07:23:03,533] {processor.py:171} INFO - Processing /home/lowenhard/acceleration/env/lib/python3.8/site-packages/airflow/example_dags/example_branch_python_dop_operator_3.py took 0.930 seconds
[2022-03-17 07:23:57,665] {processor.py:163} INFO - Started process (PID=381) to work on /home/lowenhard/acceleration/env/lib/python3.8/site-packages/airflow/example_dags/example_branch_python_dop_operator_3.py
[2022-03-17 07:23:57,688] {processor.py:642} INFO - Processing file /home/lowenhard/acceleration/env/lib/python3.8/site-packages/airflow/example_dags/example_branch_python_dop_operator_3.py for tasks to queue
[2022-03-17 07:23:57,689] {logging_mixin.py:109} INFO - [2022-03-17 07:23:57,689] {dagbag.py:500} INFO - Filling up the DagBag from /home/lowenhard/acceleration/env/lib/python3.8/site-packages/airflow/example_dags/example_branch_python_dop_operator_3.py
[2022-03-17 07:23:57,732] {processor.py:654} INFO - DAG(s) dict_keys(['example_branch_dop_operator_v3']) retrieved from /home/lowenhard/acceleration/env/lib/python3.8/site-packages/airflow/example_dags/example_branch_python_dop_operator_3.py
[2022-03-17 07:23:57,745] {logging_mixin.py:109} INFO - [2022-03-17 07:23:57,745] {dag.py:2398} INFO - Sync 1 DAGs
[2022-03-17 07:23:57,764] {logging_mixin.py:109} INFO - [2022-03-17 07:23:57,764] {dag.py:2937} INFO - Setting next_dagrun for example_branch_dop_operator_v3 to 2022-03-17T12:22:00+00:00
[2022-03-17 07:23:57,962] {processor.py:171} INFO - Processing /home/lowenhard/acceleration/env/lib/python3.8/site-packages/airflow/example_dags/example_branch_python_dop_operator_3.py took 0.300 seconds
[2022-03-17 07:24:57,427] {processor.py:163} INFO - Started process (PID=418) to work on /home/lowenhard/acceleration/env/lib/python3.8/site-packages/airflow/example_dags/example_branch_python_dop_operator_3.py
[2022-03-17 07:24:57,516] {processor.py:642} INFO - Processing file /home/lowenhard/acceleration/env/lib/python3.8/site-packages/airflow/example_dags/example_branch_python_dop_operator_3.py for tasks to queue
[2022-03-17 07:24:57,516] {logging_mixin.py:109} INFO - [2022-03-17 07:24:57,516] {dagbag.py:500} INFO - Filling up the DagBag from /home/lowenhard/acceleration/env/lib/python3.8/site-packages/airflow/example_dags/example_branch_python_dop_operator_3.py
[2022-03-17 07:24:57,551] {processor.py:654} INFO - DAG(s) dict_keys(['example_branch_dop_operator_v3']) retrieved from /home/lowenhard/acceleration/env/lib/python3.8/site-packages/airflow/example_dags/example_branch_python_dop_operator_3.py
[2022-03-17 07:24:57,566] {logging_mixin.py:109} INFO - [2022-03-17 07:24:57,565] {dag.py:2398} INFO - Sync 1 DAGs
[2022-03-17 07:24:57,594] {logging_mixin.py:109} INFO - [2022-03-17 07:24:57,594] {dag.py:2937} INFO - Setting next_dagrun for example_branch_dop_operator_v3 to 2022-03-17T12:23:00+00:00
[2022-03-17 07:24:57,896] {processor.py:171} INFO - Processing /home/lowenhard/acceleration/env/lib/python3.8/site-packages/airflow/example_dags/example_branch_python_dop_operator_3.py took 0.474 seconds
[2022-03-17 07:26:03,004] {processor.py:163} INFO - Started process (PID=458) to work on /home/lowenhard/acceleration/env/lib/python3.8/site-packages/airflow/example_dags/example_branch_python_dop_operator_3.py
[2022-03-17 07:26:03,038] {processor.py:642} INFO - Processing file /home/lowenhard/acceleration/env/lib/python3.8/site-packages/airflow/example_dags/example_branch_python_dop_operator_3.py for tasks to queue
[2022-03-17 07:26:03,039] {logging_mixin.py:109} INFO - [2022-03-17 07:26:03,039] {dagbag.py:500} INFO - Filling up the DagBag from /home/lowenhard/acceleration/env/lib/python3.8/site-packages/airflow/example_dags/example_branch_python_dop_operator_3.py
[2022-03-17 07:26:03,062] {processor.py:654} INFO - DAG(s) dict_keys(['example_branch_dop_operator_v3']) retrieved from /home/lowenhard/acceleration/env/lib/python3.8/site-packages/airflow/example_dags/example_branch_python_dop_operator_3.py
[2022-03-17 07:26:03,072] {logging_mixin.py:109} INFO - [2022-03-17 07:26:03,072] {dag.py:2398} INFO - Sync 1 DAGs
[2022-03-17 07:26:03,090] {logging_mixin.py:109} INFO - [2022-03-17 07:26:03,090] {dag.py:2937} INFO - Setting next_dagrun for example_branch_dop_operator_v3 to 2022-03-17T12:25:00+00:00
[2022-03-17 07:26:03,330] {processor.py:171} INFO - Processing /home/lowenhard/acceleration/env/lib/python3.8/site-packages/airflow/example_dags/example_branch_python_dop_operator_3.py took 0.329 seconds
[2022-03-17 07:27:15,893] {processor.py:163} INFO - Started process (PID=490) to work on /home/lowenhard/acceleration/env/lib/python3.8/site-packages/airflow/example_dags/example_branch_python_dop_operator_3.py
[2022-03-17 07:27:15,912] {processor.py:642} INFO - Processing file /home/lowenhard/acceleration/env/lib/python3.8/site-packages/airflow/example_dags/example_branch_python_dop_operator_3.py for tasks to queue
[2022-03-17 07:27:15,912] {logging_mixin.py:109} INFO - [2022-03-17 07:27:15,912] {dagbag.py:500} INFO - Filling up the DagBag from /home/lowenhard/acceleration/env/lib/python3.8/site-packages/airflow/example_dags/example_branch_python_dop_operator_3.py
[2022-03-17 07:27:15,933] {processor.py:654} INFO - DAG(s) dict_keys(['example_branch_dop_operator_v3']) retrieved from /home/lowenhard/acceleration/env/lib/python3.8/site-packages/airflow/example_dags/example_branch_python_dop_operator_3.py
[2022-03-17 07:27:15,942] {logging_mixin.py:109} INFO - [2022-03-17 07:27:15,942] {dag.py:2398} INFO - Sync 1 DAGs
[2022-03-17 07:27:15,960] {logging_mixin.py:109} INFO - [2022-03-17 07:27:15,960] {dag.py:2937} INFO - Setting next_dagrun for example_branch_dop_operator_v3 to 2022-03-17T12:26:00+00:00
[2022-03-17 07:27:16,208] {processor.py:171} INFO - Processing /home/lowenhard/acceleration/env/lib/python3.8/site-packages/airflow/example_dags/example_branch_python_dop_operator_3.py took 0.318 seconds
[2022-03-17 07:28:07,149] {processor.py:163} INFO - Started process (PID=522) to work on /home/lowenhard/acceleration/env/lib/python3.8/site-packages/airflow/example_dags/example_branch_python_dop_operator_3.py
[2022-03-17 07:28:07,539] {processor.py:642} INFO - Processing file /home/lowenhard/acceleration/env/lib/python3.8/site-packages/airflow/example_dags/example_branch_python_dop_operator_3.py for tasks to queue
[2022-03-17 07:28:07,540] {logging_mixin.py:109} INFO - [2022-03-17 07:28:07,540] {dagbag.py:500} INFO - Filling up the DagBag from /home/lowenhard/acceleration/env/lib/python3.8/site-packages/airflow/example_dags/example_branch_python_dop_operator_3.py
[2022-03-17 07:28:07,561] {processor.py:654} INFO - DAG(s) dict_keys(['example_branch_dop_operator_v3']) retrieved from /home/lowenhard/acceleration/env/lib/python3.8/site-packages/airflow/example_dags/example_branch_python_dop_operator_3.py
[2022-03-17 07:28:07,569] {logging_mixin.py:109} INFO - [2022-03-17 07:28:07,569] {dag.py:2398} INFO - Sync 1 DAGs
[2022-03-17 07:28:07,585] {logging_mixin.py:109} INFO - [2022-03-17 07:28:07,584] {dag.py:2937} INFO - Setting next_dagrun for example_branch_dop_operator_v3 to 2022-03-17T12:27:00+00:00
[2022-03-17 07:28:08,034] {processor.py:171} INFO - Processing /home/lowenhard/acceleration/env/lib/python3.8/site-packages/airflow/example_dags/example_branch_python_dop_operator_3.py took 0.887 seconds
[2022-03-17 07:29:01,669] {processor.py:163} INFO - Started process (PID=551) to work on /home/lowenhard/acceleration/env/lib/python3.8/site-packages/airflow/example_dags/example_branch_python_dop_operator_3.py
[2022-03-17 07:29:02,250] {processor.py:642} INFO - Processing file /home/lowenhard/acceleration/env/lib/python3.8/site-packages/airflow/example_dags/example_branch_python_dop_operator_3.py for tasks to queue
[2022-03-17 07:29:02,250] {logging_mixin.py:109} INFO - [2022-03-17 07:29:02,250] {dagbag.py:500} INFO - Filling up the DagBag from /home/lowenhard/acceleration/env/lib/python3.8/site-packages/airflow/example_dags/example_branch_python_dop_operator_3.py
[2022-03-17 07:29:02,276] {processor.py:654} INFO - DAG(s) dict_keys(['example_branch_dop_operator_v3']) retrieved from /home/lowenhard/acceleration/env/lib/python3.8/site-packages/airflow/example_dags/example_branch_python_dop_operator_3.py
[2022-03-17 07:29:02,285] {logging_mixin.py:109} INFO - [2022-03-17 07:29:02,285] {dag.py:2398} INFO - Sync 1 DAGs
[2022-03-17 07:29:02,303] {logging_mixin.py:109} INFO - [2022-03-17 07:29:02,303] {dag.py:2937} INFO - Setting next_dagrun for example_branch_dop_operator_v3 to 2022-03-17T12:28:00+00:00
[2022-03-17 07:29:02,753] {processor.py:171} INFO - Processing /home/lowenhard/acceleration/env/lib/python3.8/site-packages/airflow/example_dags/example_branch_python_dop_operator_3.py took 1.087 seconds
[2022-03-17 07:30:16,953] {processor.py:163} INFO - Started process (PID=586) to work on /home/lowenhard/acceleration/env/lib/python3.8/site-packages/airflow/example_dags/example_branch_python_dop_operator_3.py
[2022-03-17 07:30:16,956] {processor.py:642} INFO - Processing file /home/lowenhard/acceleration/env/lib/python3.8/site-packages/airflow/example_dags/example_branch_python_dop_operator_3.py for tasks to queue
[2022-03-17 07:30:16,956] {logging_mixin.py:109} INFO - [2022-03-17 07:30:16,956] {dagbag.py:500} INFO - Filling up the DagBag from /home/lowenhard/acceleration/env/lib/python3.8/site-packages/airflow/example_dags/example_branch_python_dop_operator_3.py
[2022-03-17 07:30:16,978] {processor.py:654} INFO - DAG(s) dict_keys(['example_branch_dop_operator_v3']) retrieved from /home/lowenhard/acceleration/env/lib/python3.8/site-packages/airflow/example_dags/example_branch_python_dop_operator_3.py
[2022-03-17 07:30:16,987] {logging_mixin.py:109} INFO - [2022-03-17 07:30:16,987] {dag.py:2398} INFO - Sync 1 DAGs
[2022-03-17 07:30:17,006] {logging_mixin.py:109} INFO - [2022-03-17 07:30:17,006] {dag.py:2937} INFO - Setting next_dagrun for example_branch_dop_operator_v3 to 2022-03-17T12:29:00+00:00
[2022-03-17 07:30:17,594] {processor.py:171} INFO - Processing /home/lowenhard/acceleration/env/lib/python3.8/site-packages/airflow/example_dags/example_branch_python_dop_operator_3.py took 0.644 seconds
[2022-03-17 07:31:40,336] {processor.py:163} INFO - Started process (PID=624) to work on /home/lowenhard/acceleration/env/lib/python3.8/site-packages/airflow/example_dags/example_branch_python_dop_operator_3.py
[2022-03-17 07:31:40,365] {processor.py:642} INFO - Processing file /home/lowenhard/acceleration/env/lib/python3.8/site-packages/airflow/example_dags/example_branch_python_dop_operator_3.py for tasks to queue
[2022-03-17 07:31:40,366] {logging_mixin.py:109} INFO - [2022-03-17 07:31:40,366] {dagbag.py:500} INFO - Filling up the DagBag from /home/lowenhard/acceleration/env/lib/python3.8/site-packages/airflow/example_dags/example_branch_python_dop_operator_3.py
[2022-03-17 07:31:40,392] {processor.py:654} INFO - DAG(s) dict_keys(['example_branch_dop_operator_v3']) retrieved from /home/lowenhard/acceleration/env/lib/python3.8/site-packages/airflow/example_dags/example_branch_python_dop_operator_3.py
[2022-03-17 07:31:40,404] {logging_mixin.py:109} INFO - [2022-03-17 07:31:40,403] {dag.py:2398} INFO - Sync 1 DAGs
[2022-03-17 07:31:40,423] {logging_mixin.py:109} INFO - [2022-03-17 07:31:40,423] {dag.py:2937} INFO - Setting next_dagrun for example_branch_dop_operator_v3 to 2022-03-17T12:30:00+00:00
[2022-03-17 07:31:40,608] {processor.py:171} INFO - Processing /home/lowenhard/acceleration/env/lib/python3.8/site-packages/airflow/example_dags/example_branch_python_dop_operator_3.py took 0.276 seconds
[2022-03-17 07:32:57,725] {processor.py:163} INFO - Started process (PID=660) to work on /home/lowenhard/acceleration/env/lib/python3.8/site-packages/airflow/example_dags/example_branch_python_dop_operator_3.py
[2022-03-17 07:32:57,728] {processor.py:642} INFO - Processing file /home/lowenhard/acceleration/env/lib/python3.8/site-packages/airflow/example_dags/example_branch_python_dop_operator_3.py for tasks to queue
[2022-03-17 07:32:57,728] {logging_mixin.py:109} INFO - [2022-03-17 07:32:57,728] {dagbag.py:500} INFO - Filling up the DagBag from /home/lowenhard/acceleration/env/lib/python3.8/site-packages/airflow/example_dags/example_branch_python_dop_operator_3.py
[2022-03-17 07:32:57,756] {processor.py:654} INFO - DAG(s) dict_keys(['example_branch_dop_operator_v3']) retrieved from /home/lowenhard/acceleration/env/lib/python3.8/site-packages/airflow/example_dags/example_branch_python_dop_operator_3.py
[2022-03-17 07:32:57,766] {logging_mixin.py:109} INFO - [2022-03-17 07:32:57,765] {dag.py:2398} INFO - Sync 1 DAGs
[2022-03-17 07:32:57,788] {logging_mixin.py:109} INFO - [2022-03-17 07:32:57,788] {dag.py:2937} INFO - Setting next_dagrun for example_branch_dop_operator_v3 to 2022-03-17T12:31:00+00:00
[2022-03-17 07:32:58,557] {processor.py:171} INFO - Processing /home/lowenhard/acceleration/env/lib/python3.8/site-packages/airflow/example_dags/example_branch_python_dop_operator_3.py took 0.833 seconds
[2022-03-17 07:34:25,988] {processor.py:163} INFO - Started process (PID=699) to work on /home/lowenhard/acceleration/env/lib/python3.8/site-packages/airflow/example_dags/example_branch_python_dop_operator_3.py
[2022-03-17 07:34:25,992] {processor.py:642} INFO - Processing file /home/lowenhard/acceleration/env/lib/python3.8/site-packages/airflow/example_dags/example_branch_python_dop_operator_3.py for tasks to queue
[2022-03-17 07:34:25,994] {logging_mixin.py:109} INFO - [2022-03-17 07:34:25,994] {dagbag.py:500} INFO - Filling up the DagBag from /home/lowenhard/acceleration/env/lib/python3.8/site-packages/airflow/example_dags/example_branch_python_dop_operator_3.py
[2022-03-17 07:34:26,023] {processor.py:654} INFO - DAG(s) dict_keys(['example_branch_dop_operator_v3']) retrieved from /home/lowenhard/acceleration/env/lib/python3.8/site-packages/airflow/example_dags/example_branch_python_dop_operator_3.py
[2022-03-17 07:34:26,034] {logging_mixin.py:109} INFO - [2022-03-17 07:34:26,034] {dag.py:2398} INFO - Sync 1 DAGs
[2022-03-17 07:34:26,061] {logging_mixin.py:109} INFO - [2022-03-17 07:34:26,061] {dag.py:2937} INFO - Setting next_dagrun for example_branch_dop_operator_v3 to 2022-03-17T12:33:00+00:00
[2022-03-17 07:34:27,983] {processor.py:171} INFO - Processing /home/lowenhard/acceleration/env/lib/python3.8/site-packages/airflow/example_dags/example_branch_python_dop_operator_3.py took 1.998 seconds
[2022-03-17 07:35:56,058] {processor.py:163} INFO - Started process (PID=737) to work on /home/lowenhard/acceleration/env/lib/python3.8/site-packages/airflow/example_dags/example_branch_python_dop_operator_3.py
[2022-03-17 07:35:57,121] {processor.py:642} INFO - Processing file /home/lowenhard/acceleration/env/lib/python3.8/site-packages/airflow/example_dags/example_branch_python_dop_operator_3.py for tasks to queue
[2022-03-17 07:35:57,148] {logging_mixin.py:109} INFO - [2022-03-17 07:35:57,148] {dagbag.py:500} INFO - Filling up the DagBag from /home/lowenhard/acceleration/env/lib/python3.8/site-packages/airflow/example_dags/example_branch_python_dop_operator_3.py
[2022-03-17 07:35:57,503] {processor.py:654} INFO - DAG(s) dict_keys(['example_branch_dop_operator_v3']) retrieved from /home/lowenhard/acceleration/env/lib/python3.8/site-packages/airflow/example_dags/example_branch_python_dop_operator_3.py
[2022-03-17 07:35:57,515] {logging_mixin.py:109} INFO - [2022-03-17 07:35:57,515] {dag.py:2398} INFO - Sync 1 DAGs
[2022-03-17 07:35:57,536] {logging_mixin.py:109} INFO - [2022-03-17 07:35:57,535] {dag.py:2937} INFO - Setting next_dagrun for example_branch_dop_operator_v3 to 2022-03-17T12:34:00+00:00
[2022-03-17 07:35:57,682] {processor.py:171} INFO - Processing /home/lowenhard/acceleration/env/lib/python3.8/site-packages/airflow/example_dags/example_branch_python_dop_operator_3.py took 1.627 seconds
[2022-03-17 07:37:14,678] {processor.py:163} INFO - Started process (PID=773) to work on /home/lowenhard/acceleration/env/lib/python3.8/site-packages/airflow/example_dags/example_branch_python_dop_operator_3.py
[2022-03-17 07:37:14,689] {processor.py:642} INFO - Processing file /home/lowenhard/acceleration/env/lib/python3.8/site-packages/airflow/example_dags/example_branch_python_dop_operator_3.py for tasks to queue
[2022-03-17 07:37:14,690] {logging_mixin.py:109} INFO - [2022-03-17 07:37:14,690] {dagbag.py:500} INFO - Filling up the DagBag from /home/lowenhard/acceleration/env/lib/python3.8/site-packages/airflow/example_dags/example_branch_python_dop_operator_3.py
[2022-03-17 07:37:14,717] {processor.py:654} INFO - DAG(s) dict_keys(['example_branch_dop_operator_v3']) retrieved from /home/lowenhard/acceleration/env/lib/python3.8/site-packages/airflow/example_dags/example_branch_python_dop_operator_3.py
[2022-03-17 07:37:14,726] {logging_mixin.py:109} INFO - [2022-03-17 07:37:14,726] {dag.py:2398} INFO - Sync 1 DAGs
[2022-03-17 07:37:14,746] {logging_mixin.py:109} INFO - [2022-03-17 07:37:14,746] {dag.py:2937} INFO - Setting next_dagrun for example_branch_dop_operator_v3 to 2022-03-17T12:36:00+00:00
[2022-03-17 07:37:14,897] {processor.py:171} INFO - Processing /home/lowenhard/acceleration/env/lib/python3.8/site-packages/airflow/example_dags/example_branch_python_dop_operator_3.py took 0.221 seconds
[2022-03-17 07:38:35,726] {processor.py:163} INFO - Started process (PID=810) to work on /home/lowenhard/acceleration/env/lib/python3.8/site-packages/airflow/example_dags/example_branch_python_dop_operator_3.py
[2022-03-17 07:38:37,196] {processor.py:642} INFO - Processing file /home/lowenhard/acceleration/env/lib/python3.8/site-packages/airflow/example_dags/example_branch_python_dop_operator_3.py for tasks to queue
[2022-03-17 07:38:37,197] {logging_mixin.py:109} INFO - [2022-03-17 07:38:37,197] {dagbag.py:500} INFO - Filling up the DagBag from /home/lowenhard/acceleration/env/lib/python3.8/site-packages/airflow/example_dags/example_branch_python_dop_operator_3.py
[2022-03-17 07:38:37,401] {processor.py:654} INFO - DAG(s) dict_keys(['example_branch_dop_operator_v3']) retrieved from /home/lowenhard/acceleration/env/lib/python3.8/site-packages/airflow/example_dags/example_branch_python_dop_operator_3.py
[2022-03-17 07:38:37,413] {logging_mixin.py:109} INFO - [2022-03-17 07:38:37,413] {dag.py:2398} INFO - Sync 1 DAGs
[2022-03-17 07:38:37,432] {logging_mixin.py:109} INFO - [2022-03-17 07:38:37,432] {dag.py:2937} INFO - Setting next_dagrun for example_branch_dop_operator_v3 to 2022-03-17T12:37:00+00:00
[2022-03-17 07:38:37,578] {processor.py:171} INFO - Processing /home/lowenhard/acceleration/env/lib/python3.8/site-packages/airflow/example_dags/example_branch_python_dop_operator_3.py took 1.854 seconds
