[2022-03-17 00:55:20,834] {processor.py:163} INFO - Started process (PID=849) to work on /home/lowenhard/acceleration/env/lib/python3.8/site-packages/airflow/example_dags/example_short_circuit_operator.py
[2022-03-17 00:55:20,835] {processor.py:642} INFO - Processing file /home/lowenhard/acceleration/env/lib/python3.8/site-packages/airflow/example_dags/example_short_circuit_operator.py for tasks to queue
[2022-03-17 00:55:20,835] {logging_mixin.py:109} INFO - [2022-03-17 00:55:20,835] {dagbag.py:500} INFO - Filling up the DagBag from /home/lowenhard/acceleration/env/lib/python3.8/site-packages/airflow/example_dags/example_short_circuit_operator.py
[2022-03-17 00:55:20,865] {processor.py:654} INFO - DAG(s) dict_keys(['example_short_circuit_operator']) retrieved from /home/lowenhard/acceleration/env/lib/python3.8/site-packages/airflow/example_dags/example_short_circuit_operator.py
[2022-03-17 00:55:20,878] {logging_mixin.py:109} INFO - [2022-03-17 00:55:20,878] {dag.py:2398} INFO - Sync 1 DAGs
[2022-03-17 00:55:20,894] {logging_mixin.py:109} INFO - [2022-03-17 00:55:20,894] {dag.py:2937} INFO - Setting next_dagrun for example_short_circuit_operator to 2022-03-16T05:55:20.893771+00:00
[2022-03-17 00:55:22,277] {processor.py:171} INFO - Processing /home/lowenhard/acceleration/env/lib/python3.8/site-packages/airflow/example_dags/example_short_circuit_operator.py took 1.444 seconds
[2022-03-17 00:56:50,877] {processor.py:163} INFO - Started process (PID=887) to work on /home/lowenhard/acceleration/env/lib/python3.8/site-packages/airflow/example_dags/example_short_circuit_operator.py
[2022-03-17 00:56:50,949] {processor.py:642} INFO - Processing file /home/lowenhard/acceleration/env/lib/python3.8/site-packages/airflow/example_dags/example_short_circuit_operator.py for tasks to queue
[2022-03-17 00:56:50,950] {logging_mixin.py:109} INFO - [2022-03-17 00:56:50,950] {dagbag.py:500} INFO - Filling up the DagBag from /home/lowenhard/acceleration/env/lib/python3.8/site-packages/airflow/example_dags/example_short_circuit_operator.py
[2022-03-17 00:56:52,687] {processor.py:654} INFO - DAG(s) dict_keys(['example_short_circuit_operator']) retrieved from /home/lowenhard/acceleration/env/lib/python3.8/site-packages/airflow/example_dags/example_short_circuit_operator.py
[2022-03-17 00:56:52,705] {logging_mixin.py:109} INFO - [2022-03-17 00:56:52,705] {dag.py:2398} INFO - Sync 1 DAGs
[2022-03-17 00:56:52,726] {logging_mixin.py:109} INFO - [2022-03-17 00:56:52,725] {dag.py:2937} INFO - Setting next_dagrun for example_short_circuit_operator to 2022-03-16T05:56:52.725599+00:00
[2022-03-17 00:56:53,602] {processor.py:171} INFO - Processing /home/lowenhard/acceleration/env/lib/python3.8/site-packages/airflow/example_dags/example_short_circuit_operator.py took 2.728 seconds
[2022-03-17 00:57:45,268] {processor.py:163} INFO - Started process (PID=908) to work on /home/lowenhard/acceleration/env/lib/python3.8/site-packages/airflow/example_dags/example_short_circuit_operator.py
[2022-03-17 00:57:45,441] {processor.py:642} INFO - Processing file /home/lowenhard/acceleration/env/lib/python3.8/site-packages/airflow/example_dags/example_short_circuit_operator.py for tasks to queue
[2022-03-17 00:57:45,443] {logging_mixin.py:109} INFO - [2022-03-17 00:57:45,442] {dagbag.py:500} INFO - Filling up the DagBag from /home/lowenhard/acceleration/env/lib/python3.8/site-packages/airflow/example_dags/example_short_circuit_operator.py
[2022-03-17 00:57:47,906] {processor.py:654} INFO - DAG(s) dict_keys(['example_short_circuit_operator']) retrieved from /home/lowenhard/acceleration/env/lib/python3.8/site-packages/airflow/example_dags/example_short_circuit_operator.py
[2022-03-17 00:57:47,915] {logging_mixin.py:109} INFO - [2022-03-17 00:57:47,915] {dag.py:2398} INFO - Sync 1 DAGs
[2022-03-17 00:57:47,926] {logging_mixin.py:109} INFO - [2022-03-17 00:57:47,926] {dag.py:2937} INFO - Setting next_dagrun for example_short_circuit_operator to 2022-03-16T05:57:47.926253+00:00
[2022-03-17 00:57:48,221] {processor.py:171} INFO - Processing /home/lowenhard/acceleration/env/lib/python3.8/site-packages/airflow/example_dags/example_short_circuit_operator.py took 2.956 seconds
[2022-03-17 00:58:30,482] {processor.py:163} INFO - Started process (PID=927) to work on /home/lowenhard/acceleration/env/lib/python3.8/site-packages/airflow/example_dags/example_short_circuit_operator.py
[2022-03-17 00:58:31,309] {processor.py:642} INFO - Processing file /home/lowenhard/acceleration/env/lib/python3.8/site-packages/airflow/example_dags/example_short_circuit_operator.py for tasks to queue
[2022-03-17 00:58:31,310] {logging_mixin.py:109} INFO - [2022-03-17 00:58:31,310] {dagbag.py:500} INFO - Filling up the DagBag from /home/lowenhard/acceleration/env/lib/python3.8/site-packages/airflow/example_dags/example_short_circuit_operator.py
[2022-03-17 00:58:31,332] {processor.py:654} INFO - DAG(s) dict_keys(['example_short_circuit_operator']) retrieved from /home/lowenhard/acceleration/env/lib/python3.8/site-packages/airflow/example_dags/example_short_circuit_operator.py
[2022-03-17 00:58:31,340] {logging_mixin.py:109} INFO - [2022-03-17 00:58:31,340] {dag.py:2398} INFO - Sync 1 DAGs
[2022-03-17 00:58:31,352] {logging_mixin.py:109} INFO - [2022-03-17 00:58:31,352] {dag.py:2937} INFO - Setting next_dagrun for example_short_circuit_operator to 2022-03-16T05:58:31.352153+00:00
[2022-03-17 00:58:31,496] {processor.py:171} INFO - Processing /home/lowenhard/acceleration/env/lib/python3.8/site-packages/airflow/example_dags/example_short_circuit_operator.py took 1.017 seconds
[2022-03-17 00:59:16,150] {processor.py:163} INFO - Started process (PID=946) to work on /home/lowenhard/acceleration/env/lib/python3.8/site-packages/airflow/example_dags/example_short_circuit_operator.py
[2022-03-17 00:59:16,160] {processor.py:642} INFO - Processing file /home/lowenhard/acceleration/env/lib/python3.8/site-packages/airflow/example_dags/example_short_circuit_operator.py for tasks to queue
[2022-03-17 00:59:16,161] {logging_mixin.py:109} INFO - [2022-03-17 00:59:16,161] {dagbag.py:500} INFO - Filling up the DagBag from /home/lowenhard/acceleration/env/lib/python3.8/site-packages/airflow/example_dags/example_short_circuit_operator.py
[2022-03-17 00:59:16,182] {processor.py:654} INFO - DAG(s) dict_keys(['example_short_circuit_operator']) retrieved from /home/lowenhard/acceleration/env/lib/python3.8/site-packages/airflow/example_dags/example_short_circuit_operator.py
[2022-03-17 00:59:16,191] {logging_mixin.py:109} INFO - [2022-03-17 00:59:16,191] {dag.py:2398} INFO - Sync 1 DAGs
[2022-03-17 00:59:16,203] {logging_mixin.py:109} INFO - [2022-03-17 00:59:16,203] {dag.py:2937} INFO - Setting next_dagrun for example_short_circuit_operator to 2022-03-16T05:59:16.202779+00:00
[2022-03-17 00:59:17,908] {processor.py:171} INFO - Processing /home/lowenhard/acceleration/env/lib/python3.8/site-packages/airflow/example_dags/example_short_circuit_operator.py took 1.761 seconds
[2022-03-17 00:59:57,602] {processor.py:163} INFO - Started process (PID=966) to work on /home/lowenhard/acceleration/env/lib/python3.8/site-packages/airflow/example_dags/example_short_circuit_operator.py
[2022-03-17 00:59:57,673] {processor.py:642} INFO - Processing file /home/lowenhard/acceleration/env/lib/python3.8/site-packages/airflow/example_dags/example_short_circuit_operator.py for tasks to queue
[2022-03-17 00:59:57,675] {logging_mixin.py:109} INFO - [2022-03-17 00:59:57,675] {dagbag.py:500} INFO - Filling up the DagBag from /home/lowenhard/acceleration/env/lib/python3.8/site-packages/airflow/example_dags/example_short_circuit_operator.py
[2022-03-17 00:59:58,233] {processor.py:654} INFO - DAG(s) dict_keys(['example_short_circuit_operator']) retrieved from /home/lowenhard/acceleration/env/lib/python3.8/site-packages/airflow/example_dags/example_short_circuit_operator.py
[2022-03-17 00:59:58,246] {logging_mixin.py:109} INFO - [2022-03-17 00:59:58,245] {dag.py:2398} INFO - Sync 1 DAGs
[2022-03-17 00:59:58,257] {logging_mixin.py:109} INFO - [2022-03-17 00:59:58,257] {dag.py:2937} INFO - Setting next_dagrun for example_short_circuit_operator to 2022-03-16T05:59:58.257350+00:00
[2022-03-17 00:59:58,433] {processor.py:171} INFO - Processing /home/lowenhard/acceleration/env/lib/python3.8/site-packages/airflow/example_dags/example_short_circuit_operator.py took 0.832 seconds
[2022-03-17 01:00:34,909] {processor.py:163} INFO - Started process (PID=983) to work on /home/lowenhard/acceleration/env/lib/python3.8/site-packages/airflow/example_dags/example_short_circuit_operator.py
[2022-03-17 01:00:34,912] {processor.py:642} INFO - Processing file /home/lowenhard/acceleration/env/lib/python3.8/site-packages/airflow/example_dags/example_short_circuit_operator.py for tasks to queue
[2022-03-17 01:00:34,912] {logging_mixin.py:109} INFO - [2022-03-17 01:00:34,912] {dagbag.py:500} INFO - Filling up the DagBag from /home/lowenhard/acceleration/env/lib/python3.8/site-packages/airflow/example_dags/example_short_circuit_operator.py
[2022-03-17 01:00:34,948] {processor.py:654} INFO - DAG(s) dict_keys(['example_short_circuit_operator']) retrieved from /home/lowenhard/acceleration/env/lib/python3.8/site-packages/airflow/example_dags/example_short_circuit_operator.py
[2022-03-17 01:00:34,962] {logging_mixin.py:109} INFO - [2022-03-17 01:00:34,962] {dag.py:2398} INFO - Sync 1 DAGs
[2022-03-17 01:00:34,980] {logging_mixin.py:109} INFO - [2022-03-17 01:00:34,979] {dag.py:2937} INFO - Setting next_dagrun for example_short_circuit_operator to 2022-03-16T06:00:34.979629+00:00
[2022-03-17 01:00:36,455] {processor.py:171} INFO - Processing /home/lowenhard/acceleration/env/lib/python3.8/site-packages/airflow/example_dags/example_short_circuit_operator.py took 1.548 seconds
[2022-03-17 07:14:20,326] {processor.py:163} INFO - Started process (PID=108) to work on /home/lowenhard/acceleration/env/lib/python3.8/site-packages/airflow/example_dags/example_short_circuit_operator.py
[2022-03-17 07:14:20,353] {processor.py:642} INFO - Processing file /home/lowenhard/acceleration/env/lib/python3.8/site-packages/airflow/example_dags/example_short_circuit_operator.py for tasks to queue
[2022-03-17 07:14:20,353] {logging_mixin.py:109} INFO - [2022-03-17 07:14:20,353] {dagbag.py:500} INFO - Filling up the DagBag from /home/lowenhard/acceleration/env/lib/python3.8/site-packages/airflow/example_dags/example_short_circuit_operator.py
[2022-03-17 07:14:20,378] {processor.py:654} INFO - DAG(s) dict_keys(['example_short_circuit_operator']) retrieved from /home/lowenhard/acceleration/env/lib/python3.8/site-packages/airflow/example_dags/example_short_circuit_operator.py
[2022-03-17 07:14:20,391] {logging_mixin.py:109} INFO - [2022-03-17 07:14:20,391] {dag.py:2398} INFO - Sync 1 DAGs
[2022-03-17 07:14:20,404] {logging_mixin.py:109} INFO - [2022-03-17 07:14:20,404] {dag.py:2937} INFO - Setting next_dagrun for example_short_circuit_operator to 2022-03-16T12:14:20.404274+00:00
[2022-03-17 07:14:20,675] {processor.py:171} INFO - Processing /home/lowenhard/acceleration/env/lib/python3.8/site-packages/airflow/example_dags/example_short_circuit_operator.py took 0.350 seconds
[2022-03-17 07:15:37,368] {processor.py:163} INFO - Started process (PID=146) to work on /home/lowenhard/acceleration/env/lib/python3.8/site-packages/airflow/example_dags/example_short_circuit_operator.py
[2022-03-17 07:15:37,523] {processor.py:642} INFO - Processing file /home/lowenhard/acceleration/env/lib/python3.8/site-packages/airflow/example_dags/example_short_circuit_operator.py for tasks to queue
[2022-03-17 07:15:37,524] {logging_mixin.py:109} INFO - [2022-03-17 07:15:37,524] {dagbag.py:500} INFO - Filling up the DagBag from /home/lowenhard/acceleration/env/lib/python3.8/site-packages/airflow/example_dags/example_short_circuit_operator.py
[2022-03-17 07:15:37,559] {processor.py:654} INFO - DAG(s) dict_keys(['example_short_circuit_operator']) retrieved from /home/lowenhard/acceleration/env/lib/python3.8/site-packages/airflow/example_dags/example_short_circuit_operator.py
[2022-03-17 07:15:37,573] {logging_mixin.py:109} INFO - [2022-03-17 07:15:37,573] {dag.py:2398} INFO - Sync 1 DAGs
[2022-03-17 07:15:37,596] {logging_mixin.py:109} INFO - [2022-03-17 07:15:37,595] {dag.py:2937} INFO - Setting next_dagrun for example_short_circuit_operator to 2022-03-16T12:15:37.595446+00:00
[2022-03-17 07:15:38,916] {processor.py:171} INFO - Processing /home/lowenhard/acceleration/env/lib/python3.8/site-packages/airflow/example_dags/example_short_circuit_operator.py took 1.553 seconds
[2022-03-17 07:16:25,605] {processor.py:163} INFO - Started process (PID=166) to work on /home/lowenhard/acceleration/env/lib/python3.8/site-packages/airflow/example_dags/example_short_circuit_operator.py
[2022-03-17 07:16:25,756] {processor.py:642} INFO - Processing file /home/lowenhard/acceleration/env/lib/python3.8/site-packages/airflow/example_dags/example_short_circuit_operator.py for tasks to queue
[2022-03-17 07:16:25,757] {logging_mixin.py:109} INFO - [2022-03-17 07:16:25,757] {dagbag.py:500} INFO - Filling up the DagBag from /home/lowenhard/acceleration/env/lib/python3.8/site-packages/airflow/example_dags/example_short_circuit_operator.py
[2022-03-17 07:16:25,795] {processor.py:654} INFO - DAG(s) dict_keys(['example_short_circuit_operator']) retrieved from /home/lowenhard/acceleration/env/lib/python3.8/site-packages/airflow/example_dags/example_short_circuit_operator.py
[2022-03-17 07:16:25,810] {logging_mixin.py:109} INFO - [2022-03-17 07:16:25,809] {dag.py:2398} INFO - Sync 1 DAGs
[2022-03-17 07:16:25,827] {logging_mixin.py:109} INFO - [2022-03-17 07:16:25,827] {dag.py:2937} INFO - Setting next_dagrun for example_short_circuit_operator to 2022-03-16T12:16:25.827300+00:00
[2022-03-17 07:16:26,033] {processor.py:171} INFO - Processing /home/lowenhard/acceleration/env/lib/python3.8/site-packages/airflow/example_dags/example_short_circuit_operator.py took 0.431 seconds
[2022-03-17 07:17:08,011] {processor.py:163} INFO - Started process (PID=186) to work on /home/lowenhard/acceleration/env/lib/python3.8/site-packages/airflow/example_dags/example_short_circuit_operator.py
[2022-03-17 07:17:08,014] {processor.py:642} INFO - Processing file /home/lowenhard/acceleration/env/lib/python3.8/site-packages/airflow/example_dags/example_short_circuit_operator.py for tasks to queue
[2022-03-17 07:17:08,015] {logging_mixin.py:109} INFO - [2022-03-17 07:17:08,015] {dagbag.py:500} INFO - Filling up the DagBag from /home/lowenhard/acceleration/env/lib/python3.8/site-packages/airflow/example_dags/example_short_circuit_operator.py
[2022-03-17 07:17:08,037] {processor.py:654} INFO - DAG(s) dict_keys(['example_short_circuit_operator']) retrieved from /home/lowenhard/acceleration/env/lib/python3.8/site-packages/airflow/example_dags/example_short_circuit_operator.py
[2022-03-17 07:17:08,048] {logging_mixin.py:109} INFO - [2022-03-17 07:17:08,048] {dag.py:2398} INFO - Sync 1 DAGs
[2022-03-17 07:17:08,067] {logging_mixin.py:109} INFO - [2022-03-17 07:17:08,067] {dag.py:2937} INFO - Setting next_dagrun for example_short_circuit_operator to 2022-03-16T12:17:08.067535+00:00
[2022-03-17 07:17:08,626] {processor.py:171} INFO - Processing /home/lowenhard/acceleration/env/lib/python3.8/site-packages/airflow/example_dags/example_short_circuit_operator.py took 0.618 seconds
[2022-03-17 07:17:48,571] {processor.py:163} INFO - Started process (PID=205) to work on /home/lowenhard/acceleration/env/lib/python3.8/site-packages/airflow/example_dags/example_short_circuit_operator.py
[2022-03-17 07:17:48,700] {processor.py:642} INFO - Processing file /home/lowenhard/acceleration/env/lib/python3.8/site-packages/airflow/example_dags/example_short_circuit_operator.py for tasks to queue
[2022-03-17 07:17:48,701] {logging_mixin.py:109} INFO - [2022-03-17 07:17:48,701] {dagbag.py:500} INFO - Filling up the DagBag from /home/lowenhard/acceleration/env/lib/python3.8/site-packages/airflow/example_dags/example_short_circuit_operator.py
[2022-03-17 07:17:48,741] {processor.py:654} INFO - DAG(s) dict_keys(['example_short_circuit_operator']) retrieved from /home/lowenhard/acceleration/env/lib/python3.8/site-packages/airflow/example_dags/example_short_circuit_operator.py
[2022-03-17 07:17:48,763] {logging_mixin.py:109} INFO - [2022-03-17 07:17:48,763] {dag.py:2398} INFO - Sync 1 DAGs
[2022-03-17 07:17:48,786] {logging_mixin.py:109} INFO - [2022-03-17 07:17:48,786] {dag.py:2937} INFO - Setting next_dagrun for example_short_circuit_operator to 2022-03-16T12:17:48.785808+00:00
[2022-03-17 07:17:49,761] {processor.py:171} INFO - Processing /home/lowenhard/acceleration/env/lib/python3.8/site-packages/airflow/example_dags/example_short_circuit_operator.py took 1.194 seconds
[2022-03-17 07:18:30,200] {processor.py:163} INFO - Started process (PID=224) to work on /home/lowenhard/acceleration/env/lib/python3.8/site-packages/airflow/example_dags/example_short_circuit_operator.py
[2022-03-17 07:18:30,204] {processor.py:642} INFO - Processing file /home/lowenhard/acceleration/env/lib/python3.8/site-packages/airflow/example_dags/example_short_circuit_operator.py for tasks to queue
[2022-03-17 07:18:30,205] {logging_mixin.py:109} INFO - [2022-03-17 07:18:30,205] {dagbag.py:500} INFO - Filling up the DagBag from /home/lowenhard/acceleration/env/lib/python3.8/site-packages/airflow/example_dags/example_short_circuit_operator.py
[2022-03-17 07:18:30,253] {processor.py:654} INFO - DAG(s) dict_keys(['example_short_circuit_operator']) retrieved from /home/lowenhard/acceleration/env/lib/python3.8/site-packages/airflow/example_dags/example_short_circuit_operator.py
[2022-03-17 07:18:30,269] {logging_mixin.py:109} INFO - [2022-03-17 07:18:30,269] {dag.py:2398} INFO - Sync 1 DAGs
[2022-03-17 07:18:30,287] {logging_mixin.py:109} INFO - [2022-03-17 07:18:30,287] {dag.py:2937} INFO - Setting next_dagrun for example_short_circuit_operator to 2022-03-16T12:18:30.286825+00:00
[2022-03-17 07:18:31,695] {processor.py:171} INFO - Processing /home/lowenhard/acceleration/env/lib/python3.8/site-packages/airflow/example_dags/example_short_circuit_operator.py took 1.499 seconds
[2022-03-17 07:19:09,345] {processor.py:163} INFO - Started process (PID=241) to work on /home/lowenhard/acceleration/env/lib/python3.8/site-packages/airflow/example_dags/example_short_circuit_operator.py
[2022-03-17 07:19:09,482] {processor.py:642} INFO - Processing file /home/lowenhard/acceleration/env/lib/python3.8/site-packages/airflow/example_dags/example_short_circuit_operator.py for tasks to queue
[2022-03-17 07:19:09,483] {logging_mixin.py:109} INFO - [2022-03-17 07:19:09,483] {dagbag.py:500} INFO - Filling up the DagBag from /home/lowenhard/acceleration/env/lib/python3.8/site-packages/airflow/example_dags/example_short_circuit_operator.py
[2022-03-17 07:19:09,517] {processor.py:654} INFO - DAG(s) dict_keys(['example_short_circuit_operator']) retrieved from /home/lowenhard/acceleration/env/lib/python3.8/site-packages/airflow/example_dags/example_short_circuit_operator.py
[2022-03-17 07:19:09,533] {logging_mixin.py:109} INFO - [2022-03-17 07:19:09,533] {dag.py:2398} INFO - Sync 1 DAGs
[2022-03-17 07:19:09,554] {logging_mixin.py:109} INFO - [2022-03-17 07:19:09,554] {dag.py:2937} INFO - Setting next_dagrun for example_short_circuit_operator to 2022-03-16T12:19:09.554148+00:00
[2022-03-17 07:19:10,015] {processor.py:171} INFO - Processing /home/lowenhard/acceleration/env/lib/python3.8/site-packages/airflow/example_dags/example_short_circuit_operator.py took 0.674 seconds
[2022-03-17 07:19:49,539] {processor.py:163} INFO - Started process (PID=260) to work on /home/lowenhard/acceleration/env/lib/python3.8/site-packages/airflow/example_dags/example_short_circuit_operator.py
[2022-03-17 07:19:49,542] {processor.py:642} INFO - Processing file /home/lowenhard/acceleration/env/lib/python3.8/site-packages/airflow/example_dags/example_short_circuit_operator.py for tasks to queue
[2022-03-17 07:19:49,543] {logging_mixin.py:109} INFO - [2022-03-17 07:19:49,543] {dagbag.py:500} INFO - Filling up the DagBag from /home/lowenhard/acceleration/env/lib/python3.8/site-packages/airflow/example_dags/example_short_circuit_operator.py
[2022-03-17 07:19:49,577] {processor.py:654} INFO - DAG(s) dict_keys(['example_short_circuit_operator']) retrieved from /home/lowenhard/acceleration/env/lib/python3.8/site-packages/airflow/example_dags/example_short_circuit_operator.py
[2022-03-17 07:19:49,593] {logging_mixin.py:109} INFO - [2022-03-17 07:19:49,593] {dag.py:2398} INFO - Sync 1 DAGs
[2022-03-17 07:19:49,612] {logging_mixin.py:109} INFO - [2022-03-17 07:19:49,612] {dag.py:2937} INFO - Setting next_dagrun for example_short_circuit_operator to 2022-03-16T12:19:49.612142+00:00
[2022-03-17 07:19:50,623] {processor.py:171} INFO - Processing /home/lowenhard/acceleration/env/lib/python3.8/site-packages/airflow/example_dags/example_short_circuit_operator.py took 1.088 seconds
[2022-03-17 07:20:35,270] {processor.py:163} INFO - Started process (PID=277) to work on /home/lowenhard/acceleration/env/lib/python3.8/site-packages/airflow/example_dags/example_short_circuit_operator.py
[2022-03-17 07:20:35,285] {processor.py:642} INFO - Processing file /home/lowenhard/acceleration/env/lib/python3.8/site-packages/airflow/example_dags/example_short_circuit_operator.py for tasks to queue
[2022-03-17 07:20:35,286] {logging_mixin.py:109} INFO - [2022-03-17 07:20:35,286] {dagbag.py:500} INFO - Filling up the DagBag from /home/lowenhard/acceleration/env/lib/python3.8/site-packages/airflow/example_dags/example_short_circuit_operator.py
[2022-03-17 07:20:35,320] {processor.py:654} INFO - DAG(s) dict_keys(['example_short_circuit_operator']) retrieved from /home/lowenhard/acceleration/env/lib/python3.8/site-packages/airflow/example_dags/example_short_circuit_operator.py
[2022-03-17 07:20:35,336] {logging_mixin.py:109} INFO - [2022-03-17 07:20:35,336] {dag.py:2398} INFO - Sync 1 DAGs
[2022-03-17 07:20:35,354] {logging_mixin.py:109} INFO - [2022-03-17 07:20:35,354] {dag.py:2937} INFO - Setting next_dagrun for example_short_circuit_operator to 2022-03-16T12:20:35.353686+00:00
[2022-03-17 07:20:35,505] {processor.py:171} INFO - Processing /home/lowenhard/acceleration/env/lib/python3.8/site-packages/airflow/example_dags/example_short_circuit_operator.py took 0.241 seconds
[2022-03-17 07:21:23,078] {processor.py:163} INFO - Started process (PID=299) to work on /home/lowenhard/acceleration/env/lib/python3.8/site-packages/airflow/example_dags/example_short_circuit_operator.py
[2022-03-17 07:21:23,101] {processor.py:642} INFO - Processing file /home/lowenhard/acceleration/env/lib/python3.8/site-packages/airflow/example_dags/example_short_circuit_operator.py for tasks to queue
[2022-03-17 07:21:23,102] {logging_mixin.py:109} INFO - [2022-03-17 07:21:23,102] {dagbag.py:500} INFO - Filling up the DagBag from /home/lowenhard/acceleration/env/lib/python3.8/site-packages/airflow/example_dags/example_short_circuit_operator.py
[2022-03-17 07:21:23,138] {processor.py:654} INFO - DAG(s) dict_keys(['example_short_circuit_operator']) retrieved from /home/lowenhard/acceleration/env/lib/python3.8/site-packages/airflow/example_dags/example_short_circuit_operator.py
[2022-03-17 07:21:23,156] {logging_mixin.py:109} INFO - [2022-03-17 07:21:23,155] {dag.py:2398} INFO - Sync 1 DAGs
[2022-03-17 07:21:23,180] {logging_mixin.py:109} INFO - [2022-03-17 07:21:23,180] {dag.py:2937} INFO - Setting next_dagrun for example_short_circuit_operator to 2022-03-16T12:21:23.179735+00:00
[2022-03-17 07:21:23,446] {processor.py:171} INFO - Processing /home/lowenhard/acceleration/env/lib/python3.8/site-packages/airflow/example_dags/example_short_circuit_operator.py took 0.372 seconds
[2022-03-17 07:22:01,999] {processor.py:163} INFO - Started process (PID=318) to work on /home/lowenhard/acceleration/env/lib/python3.8/site-packages/airflow/example_dags/example_short_circuit_operator.py
[2022-03-17 07:22:02,041] {processor.py:642} INFO - Processing file /home/lowenhard/acceleration/env/lib/python3.8/site-packages/airflow/example_dags/example_short_circuit_operator.py for tasks to queue
[2022-03-17 07:22:02,042] {logging_mixin.py:109} INFO - [2022-03-17 07:22:02,042] {dagbag.py:500} INFO - Filling up the DagBag from /home/lowenhard/acceleration/env/lib/python3.8/site-packages/airflow/example_dags/example_short_circuit_operator.py
[2022-03-17 07:22:02,081] {processor.py:654} INFO - DAG(s) dict_keys(['example_short_circuit_operator']) retrieved from /home/lowenhard/acceleration/env/lib/python3.8/site-packages/airflow/example_dags/example_short_circuit_operator.py
[2022-03-17 07:22:02,099] {logging_mixin.py:109} INFO - [2022-03-17 07:22:02,099] {dag.py:2398} INFO - Sync 1 DAGs
[2022-03-17 07:22:02,120] {logging_mixin.py:109} INFO - [2022-03-17 07:22:02,120] {dag.py:2937} INFO - Setting next_dagrun for example_short_circuit_operator to 2022-03-16T12:22:02.120031+00:00
[2022-03-17 07:22:02,480] {processor.py:171} INFO - Processing /home/lowenhard/acceleration/env/lib/python3.8/site-packages/airflow/example_dags/example_short_circuit_operator.py took 0.485 seconds
[2022-03-17 07:22:34,395] {processor.py:163} INFO - Started process (PID=336) to work on /home/lowenhard/acceleration/env/lib/python3.8/site-packages/airflow/example_dags/example_short_circuit_operator.py
[2022-03-17 07:22:34,801] {processor.py:642} INFO - Processing file /home/lowenhard/acceleration/env/lib/python3.8/site-packages/airflow/example_dags/example_short_circuit_operator.py for tasks to queue
[2022-03-17 07:22:34,803] {logging_mixin.py:109} INFO - [2022-03-17 07:22:34,802] {dagbag.py:500} INFO - Filling up the DagBag from /home/lowenhard/acceleration/env/lib/python3.8/site-packages/airflow/example_dags/example_short_circuit_operator.py
[2022-03-17 07:22:34,841] {processor.py:654} INFO - DAG(s) dict_keys(['example_short_circuit_operator']) retrieved from /home/lowenhard/acceleration/env/lib/python3.8/site-packages/airflow/example_dags/example_short_circuit_operator.py
[2022-03-17 07:22:34,856] {logging_mixin.py:109} INFO - [2022-03-17 07:22:34,855] {dag.py:2398} INFO - Sync 1 DAGs
[2022-03-17 07:22:34,878] {logging_mixin.py:109} INFO - [2022-03-17 07:22:34,878] {dag.py:2937} INFO - Setting next_dagrun for example_short_circuit_operator to 2022-03-16T12:22:34.878392+00:00
[2022-03-17 07:22:36,476] {processor.py:171} INFO - Processing /home/lowenhard/acceleration/env/lib/python3.8/site-packages/airflow/example_dags/example_short_circuit_operator.py took 2.084 seconds
[2022-03-17 07:23:36,931] {processor.py:163} INFO - Started process (PID=368) to work on /home/lowenhard/acceleration/env/lib/python3.8/site-packages/airflow/example_dags/example_short_circuit_operator.py
[2022-03-17 07:23:36,986] {processor.py:642} INFO - Processing file /home/lowenhard/acceleration/env/lib/python3.8/site-packages/airflow/example_dags/example_short_circuit_operator.py for tasks to queue
[2022-03-17 07:23:36,989] {logging_mixin.py:109} INFO - [2022-03-17 07:23:36,988] {dagbag.py:500} INFO - Filling up the DagBag from /home/lowenhard/acceleration/env/lib/python3.8/site-packages/airflow/example_dags/example_short_circuit_operator.py
[2022-03-17 07:23:37,203] {processor.py:654} INFO - DAG(s) dict_keys(['example_short_circuit_operator']) retrieved from /home/lowenhard/acceleration/env/lib/python3.8/site-packages/airflow/example_dags/example_short_circuit_operator.py
[2022-03-17 07:23:37,223] {logging_mixin.py:109} INFO - [2022-03-17 07:23:37,223] {dag.py:2398} INFO - Sync 1 DAGs
[2022-03-17 07:23:37,246] {logging_mixin.py:109} INFO - [2022-03-17 07:23:37,246] {dag.py:2937} INFO - Setting next_dagrun for example_short_circuit_operator to 2022-03-16T12:23:37.246017+00:00
[2022-03-17 07:23:37,471] {processor.py:171} INFO - Processing /home/lowenhard/acceleration/env/lib/python3.8/site-packages/airflow/example_dags/example_short_circuit_operator.py took 0.544 seconds
[2022-03-17 07:24:21,943] {processor.py:163} INFO - Started process (PID=397) to work on /home/lowenhard/acceleration/env/lib/python3.8/site-packages/airflow/example_dags/example_short_circuit_operator.py
[2022-03-17 07:24:22,526] {processor.py:642} INFO - Processing file /home/lowenhard/acceleration/env/lib/python3.8/site-packages/airflow/example_dags/example_short_circuit_operator.py for tasks to queue
[2022-03-17 07:24:22,527] {logging_mixin.py:109} INFO - [2022-03-17 07:24:22,527] {dagbag.py:500} INFO - Filling up the DagBag from /home/lowenhard/acceleration/env/lib/python3.8/site-packages/airflow/example_dags/example_short_circuit_operator.py
[2022-03-17 07:24:22,896] {processor.py:654} INFO - DAG(s) dict_keys(['example_short_circuit_operator']) retrieved from /home/lowenhard/acceleration/env/lib/python3.8/site-packages/airflow/example_dags/example_short_circuit_operator.py
[2022-03-17 07:24:22,913] {logging_mixin.py:109} INFO - [2022-03-17 07:24:22,913] {dag.py:2398} INFO - Sync 1 DAGs
[2022-03-17 07:24:22,930] {logging_mixin.py:109} INFO - [2022-03-17 07:24:22,930] {dag.py:2937} INFO - Setting next_dagrun for example_short_circuit_operator to 2022-03-16T12:24:22.930365+00:00
[2022-03-17 07:24:23,133] {processor.py:171} INFO - Processing /home/lowenhard/acceleration/env/lib/python3.8/site-packages/airflow/example_dags/example_short_circuit_operator.py took 1.193 seconds
[2022-03-17 07:25:04,084] {processor.py:163} INFO - Started process (PID=422) to work on /home/lowenhard/acceleration/env/lib/python3.8/site-packages/airflow/example_dags/example_short_circuit_operator.py
[2022-03-17 07:25:04,117] {processor.py:642} INFO - Processing file /home/lowenhard/acceleration/env/lib/python3.8/site-packages/airflow/example_dags/example_short_circuit_operator.py for tasks to queue
[2022-03-17 07:25:04,117] {logging_mixin.py:109} INFO - [2022-03-17 07:25:04,117] {dagbag.py:500} INFO - Filling up the DagBag from /home/lowenhard/acceleration/env/lib/python3.8/site-packages/airflow/example_dags/example_short_circuit_operator.py
[2022-03-17 07:25:04,156] {processor.py:654} INFO - DAG(s) dict_keys(['example_short_circuit_operator']) retrieved from /home/lowenhard/acceleration/env/lib/python3.8/site-packages/airflow/example_dags/example_short_circuit_operator.py
[2022-03-17 07:25:04,179] {logging_mixin.py:109} INFO - [2022-03-17 07:25:04,179] {dag.py:2398} INFO - Sync 1 DAGs
[2022-03-17 07:25:04,202] {logging_mixin.py:109} INFO - [2022-03-17 07:25:04,201] {dag.py:2937} INFO - Setting next_dagrun for example_short_circuit_operator to 2022-03-16T12:25:04.201557+00:00
[2022-03-17 07:25:04,426] {processor.py:171} INFO - Processing /home/lowenhard/acceleration/env/lib/python3.8/site-packages/airflow/example_dags/example_short_circuit_operator.py took 0.346 seconds
[2022-03-17 07:25:49,531] {processor.py:163} INFO - Started process (PID=450) to work on /home/lowenhard/acceleration/env/lib/python3.8/site-packages/airflow/example_dags/example_short_circuit_operator.py
[2022-03-17 07:25:49,533] {processor.py:642} INFO - Processing file /home/lowenhard/acceleration/env/lib/python3.8/site-packages/airflow/example_dags/example_short_circuit_operator.py for tasks to queue
[2022-03-17 07:25:49,533] {logging_mixin.py:109} INFO - [2022-03-17 07:25:49,533] {dagbag.py:500} INFO - Filling up the DagBag from /home/lowenhard/acceleration/env/lib/python3.8/site-packages/airflow/example_dags/example_short_circuit_operator.py
[2022-03-17 07:25:49,561] {processor.py:654} INFO - DAG(s) dict_keys(['example_short_circuit_operator']) retrieved from /home/lowenhard/acceleration/env/lib/python3.8/site-packages/airflow/example_dags/example_short_circuit_operator.py
[2022-03-17 07:25:49,576] {logging_mixin.py:109} INFO - [2022-03-17 07:25:49,576] {dag.py:2398} INFO - Sync 1 DAGs
[2022-03-17 07:25:49,588] {logging_mixin.py:109} INFO - [2022-03-17 07:25:49,588] {dag.py:2937} INFO - Setting next_dagrun for example_short_circuit_operator to 2022-03-16T12:25:49.587715+00:00
[2022-03-17 07:25:49,815] {processor.py:171} INFO - Processing /home/lowenhard/acceleration/env/lib/python3.8/site-packages/airflow/example_dags/example_short_circuit_operator.py took 0.287 seconds
[2022-03-17 07:26:48,233] {processor.py:163} INFO - Started process (PID=479) to work on /home/lowenhard/acceleration/env/lib/python3.8/site-packages/airflow/example_dags/example_short_circuit_operator.py
[2022-03-17 07:26:48,292] {processor.py:642} INFO - Processing file /home/lowenhard/acceleration/env/lib/python3.8/site-packages/airflow/example_dags/example_short_circuit_operator.py for tasks to queue
[2022-03-17 07:26:48,294] {logging_mixin.py:109} INFO - [2022-03-17 07:26:48,293] {dagbag.py:500} INFO - Filling up the DagBag from /home/lowenhard/acceleration/env/lib/python3.8/site-packages/airflow/example_dags/example_short_circuit_operator.py
[2022-03-17 07:26:48,341] {processor.py:654} INFO - DAG(s) dict_keys(['example_short_circuit_operator']) retrieved from /home/lowenhard/acceleration/env/lib/python3.8/site-packages/airflow/example_dags/example_short_circuit_operator.py
[2022-03-17 07:26:48,366] {logging_mixin.py:109} INFO - [2022-03-17 07:26:48,366] {dag.py:2398} INFO - Sync 1 DAGs
[2022-03-17 07:26:48,393] {logging_mixin.py:109} INFO - [2022-03-17 07:26:48,393] {dag.py:2937} INFO - Setting next_dagrun for example_short_circuit_operator to 2022-03-16T12:26:48.392933+00:00
[2022-03-17 07:26:49,054] {processor.py:171} INFO - Processing /home/lowenhard/acceleration/env/lib/python3.8/site-packages/airflow/example_dags/example_short_circuit_operator.py took 0.824 seconds
[2022-03-17 07:27:31,916] {processor.py:163} INFO - Started process (PID=500) to work on /home/lowenhard/acceleration/env/lib/python3.8/site-packages/airflow/example_dags/example_short_circuit_operator.py
[2022-03-17 07:27:31,947] {processor.py:642} INFO - Processing file /home/lowenhard/acceleration/env/lib/python3.8/site-packages/airflow/example_dags/example_short_circuit_operator.py for tasks to queue
[2022-03-17 07:27:31,948] {logging_mixin.py:109} INFO - [2022-03-17 07:27:31,948] {dagbag.py:500} INFO - Filling up the DagBag from /home/lowenhard/acceleration/env/lib/python3.8/site-packages/airflow/example_dags/example_short_circuit_operator.py
[2022-03-17 07:27:31,970] {processor.py:654} INFO - DAG(s) dict_keys(['example_short_circuit_operator']) retrieved from /home/lowenhard/acceleration/env/lib/python3.8/site-packages/airflow/example_dags/example_short_circuit_operator.py
[2022-03-17 07:27:31,981] {logging_mixin.py:109} INFO - [2022-03-17 07:27:31,981] {dag.py:2398} INFO - Sync 1 DAGs
[2022-03-17 07:27:31,994] {logging_mixin.py:109} INFO - [2022-03-17 07:27:31,994] {dag.py:2937} INFO - Setting next_dagrun for example_short_circuit_operator to 2022-03-16T12:27:31.994202+00:00
[2022-03-17 07:27:32,261] {processor.py:171} INFO - Processing /home/lowenhard/acceleration/env/lib/python3.8/site-packages/airflow/example_dags/example_short_circuit_operator.py took 0.348 seconds
[2022-03-17 07:28:25,865] {processor.py:163} INFO - Started process (PID=531) to work on /home/lowenhard/acceleration/env/lib/python3.8/site-packages/airflow/example_dags/example_short_circuit_operator.py
[2022-03-17 07:28:26,013] {processor.py:642} INFO - Processing file /home/lowenhard/acceleration/env/lib/python3.8/site-packages/airflow/example_dags/example_short_circuit_operator.py for tasks to queue
[2022-03-17 07:28:26,014] {logging_mixin.py:109} INFO - [2022-03-17 07:28:26,014] {dagbag.py:500} INFO - Filling up the DagBag from /home/lowenhard/acceleration/env/lib/python3.8/site-packages/airflow/example_dags/example_short_circuit_operator.py
[2022-03-17 07:28:26,043] {processor.py:654} INFO - DAG(s) dict_keys(['example_short_circuit_operator']) retrieved from /home/lowenhard/acceleration/env/lib/python3.8/site-packages/airflow/example_dags/example_short_circuit_operator.py
[2022-03-17 07:28:26,054] {logging_mixin.py:109} INFO - [2022-03-17 07:28:26,054] {dag.py:2398} INFO - Sync 1 DAGs
[2022-03-17 07:28:26,070] {logging_mixin.py:109} INFO - [2022-03-17 07:28:26,069] {dag.py:2937} INFO - Setting next_dagrun for example_short_circuit_operator to 2022-03-16T12:28:26.069577+00:00
[2022-03-17 07:28:26,670] {processor.py:171} INFO - Processing /home/lowenhard/acceleration/env/lib/python3.8/site-packages/airflow/example_dags/example_short_circuit_operator.py took 0.808 seconds
[2022-03-17 07:29:28,900] {processor.py:163} INFO - Started process (PID=563) to work on /home/lowenhard/acceleration/env/lib/python3.8/site-packages/airflow/example_dags/example_short_circuit_operator.py
[2022-03-17 07:29:28,908] {processor.py:642} INFO - Processing file /home/lowenhard/acceleration/env/lib/python3.8/site-packages/airflow/example_dags/example_short_circuit_operator.py for tasks to queue
[2022-03-17 07:29:28,909] {logging_mixin.py:109} INFO - [2022-03-17 07:29:28,909] {dagbag.py:500} INFO - Filling up the DagBag from /home/lowenhard/acceleration/env/lib/python3.8/site-packages/airflow/example_dags/example_short_circuit_operator.py
[2022-03-17 07:29:28,934] {processor.py:654} INFO - DAG(s) dict_keys(['example_short_circuit_operator']) retrieved from /home/lowenhard/acceleration/env/lib/python3.8/site-packages/airflow/example_dags/example_short_circuit_operator.py
[2022-03-17 07:29:28,944] {logging_mixin.py:109} INFO - [2022-03-17 07:29:28,944] {dag.py:2398} INFO - Sync 1 DAGs
[2022-03-17 07:29:28,958] {logging_mixin.py:109} INFO - [2022-03-17 07:29:28,958] {dag.py:2937} INFO - Setting next_dagrun for example_short_circuit_operator to 2022-03-16T12:29:28.958356+00:00
[2022-03-17 07:29:29,105] {processor.py:171} INFO - Processing /home/lowenhard/acceleration/env/lib/python3.8/site-packages/airflow/example_dags/example_short_circuit_operator.py took 0.207 seconds
[2022-03-17 07:30:04,457] {processor.py:163} INFO - Started process (PID=581) to work on /home/lowenhard/acceleration/env/lib/python3.8/site-packages/airflow/example_dags/example_short_circuit_operator.py
[2022-03-17 07:30:05,288] {processor.py:642} INFO - Processing file /home/lowenhard/acceleration/env/lib/python3.8/site-packages/airflow/example_dags/example_short_circuit_operator.py for tasks to queue
[2022-03-17 07:30:05,288] {logging_mixin.py:109} INFO - [2022-03-17 07:30:05,288] {dagbag.py:500} INFO - Filling up the DagBag from /home/lowenhard/acceleration/env/lib/python3.8/site-packages/airflow/example_dags/example_short_circuit_operator.py
[2022-03-17 07:30:05,540] {processor.py:654} INFO - DAG(s) dict_keys(['example_short_circuit_operator']) retrieved from /home/lowenhard/acceleration/env/lib/python3.8/site-packages/airflow/example_dags/example_short_circuit_operator.py
[2022-03-17 07:30:05,554] {logging_mixin.py:109} INFO - [2022-03-17 07:30:05,553] {dag.py:2398} INFO - Sync 1 DAGs
[2022-03-17 07:30:05,567] {logging_mixin.py:109} INFO - [2022-03-17 07:30:05,567] {dag.py:2937} INFO - Setting next_dagrun for example_short_circuit_operator to 2022-03-16T12:30:05.566746+00:00
[2022-03-17 07:30:06,065] {processor.py:171} INFO - Processing /home/lowenhard/acceleration/env/lib/python3.8/site-packages/airflow/example_dags/example_short_circuit_operator.py took 1.610 seconds
[2022-03-17 07:30:40,474] {processor.py:163} INFO - Started process (PID=598) to work on /home/lowenhard/acceleration/env/lib/python3.8/site-packages/airflow/example_dags/example_short_circuit_operator.py
[2022-03-17 07:30:40,551] {processor.py:642} INFO - Processing file /home/lowenhard/acceleration/env/lib/python3.8/site-packages/airflow/example_dags/example_short_circuit_operator.py for tasks to queue
[2022-03-17 07:30:40,551] {logging_mixin.py:109} INFO - [2022-03-17 07:30:40,551] {dagbag.py:500} INFO - Filling up the DagBag from /home/lowenhard/acceleration/env/lib/python3.8/site-packages/airflow/example_dags/example_short_circuit_operator.py
[2022-03-17 07:30:40,571] {processor.py:654} INFO - DAG(s) dict_keys(['example_short_circuit_operator']) retrieved from /home/lowenhard/acceleration/env/lib/python3.8/site-packages/airflow/example_dags/example_short_circuit_operator.py
[2022-03-17 07:30:40,580] {logging_mixin.py:109} INFO - [2022-03-17 07:30:40,580] {dag.py:2398} INFO - Sync 1 DAGs
[2022-03-17 07:30:40,591] {logging_mixin.py:109} INFO - [2022-03-17 07:30:40,591] {dag.py:2937} INFO - Setting next_dagrun for example_short_circuit_operator to 2022-03-16T12:30:40.591480+00:00
[2022-03-17 07:30:41,902] {processor.py:171} INFO - Processing /home/lowenhard/acceleration/env/lib/python3.8/site-packages/airflow/example_dags/example_short_circuit_operator.py took 1.431 seconds
[2022-03-17 07:31:21,371] {processor.py:163} INFO - Started process (PID=616) to work on /home/lowenhard/acceleration/env/lib/python3.8/site-packages/airflow/example_dags/example_short_circuit_operator.py
[2022-03-17 07:31:21,431] {processor.py:642} INFO - Processing file /home/lowenhard/acceleration/env/lib/python3.8/site-packages/airflow/example_dags/example_short_circuit_operator.py for tasks to queue
[2022-03-17 07:31:21,432] {logging_mixin.py:109} INFO - [2022-03-17 07:31:21,432] {dagbag.py:500} INFO - Filling up the DagBag from /home/lowenhard/acceleration/env/lib/python3.8/site-packages/airflow/example_dags/example_short_circuit_operator.py
[2022-03-17 07:31:21,461] {processor.py:654} INFO - DAG(s) dict_keys(['example_short_circuit_operator']) retrieved from /home/lowenhard/acceleration/env/lib/python3.8/site-packages/airflow/example_dags/example_short_circuit_operator.py
[2022-03-17 07:31:21,472] {logging_mixin.py:109} INFO - [2022-03-17 07:31:21,472] {dag.py:2398} INFO - Sync 1 DAGs
[2022-03-17 07:31:21,486] {logging_mixin.py:109} INFO - [2022-03-17 07:31:21,486] {dag.py:2937} INFO - Setting next_dagrun for example_short_circuit_operator to 2022-03-16T12:31:21.486098+00:00
[2022-03-17 07:31:22,927] {processor.py:171} INFO - Processing /home/lowenhard/acceleration/env/lib/python3.8/site-packages/airflow/example_dags/example_short_circuit_operator.py took 1.558 seconds
[2022-03-17 07:32:02,322] {processor.py:163} INFO - Started process (PID=636) to work on /home/lowenhard/acceleration/env/lib/python3.8/site-packages/airflow/example_dags/example_short_circuit_operator.py
[2022-03-17 07:32:02,340] {processor.py:642} INFO - Processing file /home/lowenhard/acceleration/env/lib/python3.8/site-packages/airflow/example_dags/example_short_circuit_operator.py for tasks to queue
[2022-03-17 07:32:02,341] {logging_mixin.py:109} INFO - [2022-03-17 07:32:02,341] {dagbag.py:500} INFO - Filling up the DagBag from /home/lowenhard/acceleration/env/lib/python3.8/site-packages/airflow/example_dags/example_short_circuit_operator.py
[2022-03-17 07:32:02,365] {processor.py:654} INFO - DAG(s) dict_keys(['example_short_circuit_operator']) retrieved from /home/lowenhard/acceleration/env/lib/python3.8/site-packages/airflow/example_dags/example_short_circuit_operator.py
[2022-03-17 07:32:02,379] {logging_mixin.py:109} INFO - [2022-03-17 07:32:02,379] {dag.py:2398} INFO - Sync 1 DAGs
[2022-03-17 07:32:02,393] {logging_mixin.py:109} INFO - [2022-03-17 07:32:02,393] {dag.py:2937} INFO - Setting next_dagrun for example_short_circuit_operator to 2022-03-16T12:32:02.393596+00:00
[2022-03-17 07:32:03,596] {processor.py:171} INFO - Processing /home/lowenhard/acceleration/env/lib/python3.8/site-packages/airflow/example_dags/example_short_circuit_operator.py took 1.277 seconds
[2022-03-17 07:32:40,631] {processor.py:163} INFO - Started process (PID=653) to work on /home/lowenhard/acceleration/env/lib/python3.8/site-packages/airflow/example_dags/example_short_circuit_operator.py
[2022-03-17 07:32:40,634] {processor.py:642} INFO - Processing file /home/lowenhard/acceleration/env/lib/python3.8/site-packages/airflow/example_dags/example_short_circuit_operator.py for tasks to queue
[2022-03-17 07:32:40,635] {logging_mixin.py:109} INFO - [2022-03-17 07:32:40,635] {dagbag.py:500} INFO - Filling up the DagBag from /home/lowenhard/acceleration/env/lib/python3.8/site-packages/airflow/example_dags/example_short_circuit_operator.py
[2022-03-17 07:32:40,660] {processor.py:654} INFO - DAG(s) dict_keys(['example_short_circuit_operator']) retrieved from /home/lowenhard/acceleration/env/lib/python3.8/site-packages/airflow/example_dags/example_short_circuit_operator.py
[2022-03-17 07:32:40,670] {logging_mixin.py:109} INFO - [2022-03-17 07:32:40,670] {dag.py:2398} INFO - Sync 1 DAGs
[2022-03-17 07:32:40,683] {logging_mixin.py:109} INFO - [2022-03-17 07:32:40,683] {dag.py:2937} INFO - Setting next_dagrun for example_short_circuit_operator to 2022-03-16T12:32:40.683379+00:00
[2022-03-17 07:32:42,078] {processor.py:171} INFO - Processing /home/lowenhard/acceleration/env/lib/python3.8/site-packages/airflow/example_dags/example_short_circuit_operator.py took 1.450 seconds
[2022-03-17 07:33:22,139] {processor.py:163} INFO - Started process (PID=672) to work on /home/lowenhard/acceleration/env/lib/python3.8/site-packages/airflow/example_dags/example_short_circuit_operator.py
[2022-03-17 07:33:22,234] {processor.py:642} INFO - Processing file /home/lowenhard/acceleration/env/lib/python3.8/site-packages/airflow/example_dags/example_short_circuit_operator.py for tasks to queue
[2022-03-17 07:33:22,234] {logging_mixin.py:109} INFO - [2022-03-17 07:33:22,234] {dagbag.py:500} INFO - Filling up the DagBag from /home/lowenhard/acceleration/env/lib/python3.8/site-packages/airflow/example_dags/example_short_circuit_operator.py
[2022-03-17 07:33:22,258] {processor.py:654} INFO - DAG(s) dict_keys(['example_short_circuit_operator']) retrieved from /home/lowenhard/acceleration/env/lib/python3.8/site-packages/airflow/example_dags/example_short_circuit_operator.py
[2022-03-17 07:33:22,269] {logging_mixin.py:109} INFO - [2022-03-17 07:33:22,269] {dag.py:2398} INFO - Sync 1 DAGs
[2022-03-17 07:33:22,282] {logging_mixin.py:109} INFO - [2022-03-17 07:33:22,282] {dag.py:2937} INFO - Setting next_dagrun for example_short_circuit_operator to 2022-03-16T12:33:22.282335+00:00
[2022-03-17 07:33:23,498] {processor.py:171} INFO - Processing /home/lowenhard/acceleration/env/lib/python3.8/site-packages/airflow/example_dags/example_short_circuit_operator.py took 1.361 seconds
[2022-03-17 07:34:05,268] {processor.py:163} INFO - Started process (PID=690) to work on /home/lowenhard/acceleration/env/lib/python3.8/site-packages/airflow/example_dags/example_short_circuit_operator.py
[2022-03-17 07:34:05,350] {processor.py:642} INFO - Processing file /home/lowenhard/acceleration/env/lib/python3.8/site-packages/airflow/example_dags/example_short_circuit_operator.py for tasks to queue
[2022-03-17 07:34:05,351] {logging_mixin.py:109} INFO - [2022-03-17 07:34:05,351] {dagbag.py:500} INFO - Filling up the DagBag from /home/lowenhard/acceleration/env/lib/python3.8/site-packages/airflow/example_dags/example_short_circuit_operator.py
[2022-03-17 07:34:05,383] {processor.py:654} INFO - DAG(s) dict_keys(['example_short_circuit_operator']) retrieved from /home/lowenhard/acceleration/env/lib/python3.8/site-packages/airflow/example_dags/example_short_circuit_operator.py
[2022-03-17 07:34:05,395] {logging_mixin.py:109} INFO - [2022-03-17 07:34:05,395] {dag.py:2398} INFO - Sync 1 DAGs
[2022-03-17 07:34:05,409] {logging_mixin.py:109} INFO - [2022-03-17 07:34:05,408] {dag.py:2937} INFO - Setting next_dagrun for example_short_circuit_operator to 2022-03-16T12:34:05.408660+00:00
[2022-03-17 07:34:05,532] {processor.py:171} INFO - Processing /home/lowenhard/acceleration/env/lib/python3.8/site-packages/airflow/example_dags/example_short_circuit_operator.py took 0.266 seconds
[2022-03-17 07:34:51,412] {processor.py:163} INFO - Started process (PID=711) to work on /home/lowenhard/acceleration/env/lib/python3.8/site-packages/airflow/example_dags/example_short_circuit_operator.py
[2022-03-17 07:34:52,434] {processor.py:642} INFO - Processing file /home/lowenhard/acceleration/env/lib/python3.8/site-packages/airflow/example_dags/example_short_circuit_operator.py for tasks to queue
[2022-03-17 07:34:52,435] {logging_mixin.py:109} INFO - [2022-03-17 07:34:52,435] {dagbag.py:500} INFO - Filling up the DagBag from /home/lowenhard/acceleration/env/lib/python3.8/site-packages/airflow/example_dags/example_short_circuit_operator.py
[2022-03-17 07:34:52,891] {processor.py:654} INFO - DAG(s) dict_keys(['example_short_circuit_operator']) retrieved from /home/lowenhard/acceleration/env/lib/python3.8/site-packages/airflow/example_dags/example_short_circuit_operator.py
[2022-03-17 07:34:52,900] {logging_mixin.py:109} INFO - [2022-03-17 07:34:52,900] {dag.py:2398} INFO - Sync 1 DAGs
[2022-03-17 07:34:52,916] {logging_mixin.py:109} INFO - [2022-03-17 07:34:52,915] {dag.py:2937} INFO - Setting next_dagrun for example_short_circuit_operator to 2022-03-16T12:34:52.915601+00:00
[2022-03-17 07:34:53,113] {processor.py:171} INFO - Processing /home/lowenhard/acceleration/env/lib/python3.8/site-packages/airflow/example_dags/example_short_circuit_operator.py took 1.703 seconds
[2022-03-17 07:35:38,980] {processor.py:163} INFO - Started process (PID=729) to work on /home/lowenhard/acceleration/env/lib/python3.8/site-packages/airflow/example_dags/example_short_circuit_operator.py
[2022-03-17 07:35:39,014] {processor.py:642} INFO - Processing file /home/lowenhard/acceleration/env/lib/python3.8/site-packages/airflow/example_dags/example_short_circuit_operator.py for tasks to queue
[2022-03-17 07:35:39,015] {logging_mixin.py:109} INFO - [2022-03-17 07:35:39,015] {dagbag.py:500} INFO - Filling up the DagBag from /home/lowenhard/acceleration/env/lib/python3.8/site-packages/airflow/example_dags/example_short_circuit_operator.py
[2022-03-17 07:35:39,039] {processor.py:654} INFO - DAG(s) dict_keys(['example_short_circuit_operator']) retrieved from /home/lowenhard/acceleration/env/lib/python3.8/site-packages/airflow/example_dags/example_short_circuit_operator.py
[2022-03-17 07:35:39,051] {logging_mixin.py:109} INFO - [2022-03-17 07:35:39,051] {dag.py:2398} INFO - Sync 1 DAGs
[2022-03-17 07:35:39,065] {logging_mixin.py:109} INFO - [2022-03-17 07:35:39,065] {dag.py:2937} INFO - Setting next_dagrun for example_short_circuit_operator to 2022-03-16T12:35:39.064984+00:00
[2022-03-17 07:35:39,830] {processor.py:171} INFO - Processing /home/lowenhard/acceleration/env/lib/python3.8/site-packages/airflow/example_dags/example_short_circuit_operator.py took 0.852 seconds
[2022-03-17 07:36:22,644] {processor.py:163} INFO - Started process (PID=749) to work on /home/lowenhard/acceleration/env/lib/python3.8/site-packages/airflow/example_dags/example_short_circuit_operator.py
[2022-03-17 07:36:22,647] {processor.py:642} INFO - Processing file /home/lowenhard/acceleration/env/lib/python3.8/site-packages/airflow/example_dags/example_short_circuit_operator.py for tasks to queue
[2022-03-17 07:36:22,648] {logging_mixin.py:109} INFO - [2022-03-17 07:36:22,648] {dagbag.py:500} INFO - Filling up the DagBag from /home/lowenhard/acceleration/env/lib/python3.8/site-packages/airflow/example_dags/example_short_circuit_operator.py
[2022-03-17 07:36:22,672] {processor.py:654} INFO - DAG(s) dict_keys(['example_short_circuit_operator']) retrieved from /home/lowenhard/acceleration/env/lib/python3.8/site-packages/airflow/example_dags/example_short_circuit_operator.py
[2022-03-17 07:36:22,685] {logging_mixin.py:109} INFO - [2022-03-17 07:36:22,684] {dag.py:2398} INFO - Sync 1 DAGs
[2022-03-17 07:36:22,699] {logging_mixin.py:109} INFO - [2022-03-17 07:36:22,698] {dag.py:2937} INFO - Setting next_dagrun for example_short_circuit_operator to 2022-03-16T12:36:22.698670+00:00
[2022-03-17 07:36:23,796] {processor.py:171} INFO - Processing /home/lowenhard/acceleration/env/lib/python3.8/site-packages/airflow/example_dags/example_short_circuit_operator.py took 1.154 seconds
[2022-03-17 07:37:03,851] {processor.py:163} INFO - Started process (PID=768) to work on /home/lowenhard/acceleration/env/lib/python3.8/site-packages/airflow/example_dags/example_short_circuit_operator.py
[2022-03-17 07:37:05,132] {processor.py:642} INFO - Processing file /home/lowenhard/acceleration/env/lib/python3.8/site-packages/airflow/example_dags/example_short_circuit_operator.py for tasks to queue
[2022-03-17 07:37:05,133] {logging_mixin.py:109} INFO - [2022-03-17 07:37:05,133] {dagbag.py:500} INFO - Filling up the DagBag from /home/lowenhard/acceleration/env/lib/python3.8/site-packages/airflow/example_dags/example_short_circuit_operator.py
[2022-03-17 07:37:05,163] {processor.py:654} INFO - DAG(s) dict_keys(['example_short_circuit_operator']) retrieved from /home/lowenhard/acceleration/env/lib/python3.8/site-packages/airflow/example_dags/example_short_circuit_operator.py
[2022-03-17 07:37:05,173] {logging_mixin.py:109} INFO - [2022-03-17 07:37:05,173] {dag.py:2398} INFO - Sync 1 DAGs
[2022-03-17 07:37:05,186] {logging_mixin.py:109} INFO - [2022-03-17 07:37:05,186] {dag.py:2937} INFO - Setting next_dagrun for example_short_circuit_operator to 2022-03-16T12:37:05.186550+00:00
[2022-03-17 07:37:05,347] {processor.py:171} INFO - Processing /home/lowenhard/acceleration/env/lib/python3.8/site-packages/airflow/example_dags/example_short_circuit_operator.py took 1.498 seconds
[2022-03-17 07:37:40,137] {processor.py:163} INFO - Started process (PID=785) to work on /home/lowenhard/acceleration/env/lib/python3.8/site-packages/airflow/example_dags/example_short_circuit_operator.py
[2022-03-17 07:37:40,140] {processor.py:642} INFO - Processing file /home/lowenhard/acceleration/env/lib/python3.8/site-packages/airflow/example_dags/example_short_circuit_operator.py for tasks to queue
[2022-03-17 07:37:40,140] {logging_mixin.py:109} INFO - [2022-03-17 07:37:40,140] {dagbag.py:500} INFO - Filling up the DagBag from /home/lowenhard/acceleration/env/lib/python3.8/site-packages/airflow/example_dags/example_short_circuit_operator.py
[2022-03-17 07:37:40,168] {processor.py:654} INFO - DAG(s) dict_keys(['example_short_circuit_operator']) retrieved from /home/lowenhard/acceleration/env/lib/python3.8/site-packages/airflow/example_dags/example_short_circuit_operator.py
[2022-03-17 07:37:40,180] {logging_mixin.py:109} INFO - [2022-03-17 07:37:40,179] {dag.py:2398} INFO - Sync 1 DAGs
[2022-03-17 07:37:40,193] {logging_mixin.py:109} INFO - [2022-03-17 07:37:40,192] {dag.py:2937} INFO - Setting next_dagrun for example_short_circuit_operator to 2022-03-16T12:37:40.192476+00:00
[2022-03-17 07:37:40,817] {processor.py:171} INFO - Processing /home/lowenhard/acceleration/env/lib/python3.8/site-packages/airflow/example_dags/example_short_circuit_operator.py took 0.683 seconds
[2022-03-17 07:38:19,206] {processor.py:163} INFO - Started process (PID=803) to work on /home/lowenhard/acceleration/env/lib/python3.8/site-packages/airflow/example_dags/example_short_circuit_operator.py
[2022-03-17 07:38:19,216] {processor.py:642} INFO - Processing file /home/lowenhard/acceleration/env/lib/python3.8/site-packages/airflow/example_dags/example_short_circuit_operator.py for tasks to queue
[2022-03-17 07:38:19,217] {logging_mixin.py:109} INFO - [2022-03-17 07:38:19,217] {dagbag.py:500} INFO - Filling up the DagBag from /home/lowenhard/acceleration/env/lib/python3.8/site-packages/airflow/example_dags/example_short_circuit_operator.py
[2022-03-17 07:38:19,240] {processor.py:654} INFO - DAG(s) dict_keys(['example_short_circuit_operator']) retrieved from /home/lowenhard/acceleration/env/lib/python3.8/site-packages/airflow/example_dags/example_short_circuit_operator.py
[2022-03-17 07:38:19,252] {logging_mixin.py:109} INFO - [2022-03-17 07:38:19,252] {dag.py:2398} INFO - Sync 1 DAGs
[2022-03-17 07:38:19,264] {logging_mixin.py:109} INFO - [2022-03-17 07:38:19,264] {dag.py:2937} INFO - Setting next_dagrun for example_short_circuit_operator to 2022-03-16T12:38:19.264354+00:00
[2022-03-17 07:38:20,157] {processor.py:171} INFO - Processing /home/lowenhard/acceleration/env/lib/python3.8/site-packages/airflow/example_dags/example_short_circuit_operator.py took 0.954 seconds
[2022-03-17 07:39:02,368] {processor.py:163} INFO - Started process (PID=822) to work on /home/lowenhard/acceleration/env/lib/python3.8/site-packages/airflow/example_dags/example_short_circuit_operator.py
[2022-03-17 07:39:02,371] {processor.py:642} INFO - Processing file /home/lowenhard/acceleration/env/lib/python3.8/site-packages/airflow/example_dags/example_short_circuit_operator.py for tasks to queue
[2022-03-17 07:39:02,371] {logging_mixin.py:109} INFO - [2022-03-17 07:39:02,371] {dagbag.py:500} INFO - Filling up the DagBag from /home/lowenhard/acceleration/env/lib/python3.8/site-packages/airflow/example_dags/example_short_circuit_operator.py
[2022-03-17 07:39:02,395] {processor.py:654} INFO - DAG(s) dict_keys(['example_short_circuit_operator']) retrieved from /home/lowenhard/acceleration/env/lib/python3.8/site-packages/airflow/example_dags/example_short_circuit_operator.py
[2022-03-17 07:39:02,405] {logging_mixin.py:109} INFO - [2022-03-17 07:39:02,405] {dag.py:2398} INFO - Sync 1 DAGs
[2022-03-17 07:39:02,421] {logging_mixin.py:109} INFO - [2022-03-17 07:39:02,421] {dag.py:2937} INFO - Setting next_dagrun for example_short_circuit_operator to 2022-03-16T12:39:02.420701+00:00
[2022-03-17 07:39:02,671] {processor.py:171} INFO - Processing /home/lowenhard/acceleration/env/lib/python3.8/site-packages/airflow/example_dags/example_short_circuit_operator.py took 0.306 seconds
[2022-03-17 07:39:41,179] {processor.py:163} INFO - Started process (PID=840) to work on /home/lowenhard/acceleration/env/lib/python3.8/site-packages/airflow/example_dags/example_short_circuit_operator.py
[2022-03-17 07:39:41,338] {processor.py:642} INFO - Processing file /home/lowenhard/acceleration/env/lib/python3.8/site-packages/airflow/example_dags/example_short_circuit_operator.py for tasks to queue
[2022-03-17 07:39:41,338] {logging_mixin.py:109} INFO - [2022-03-17 07:39:41,338] {dagbag.py:500} INFO - Filling up the DagBag from /home/lowenhard/acceleration/env/lib/python3.8/site-packages/airflow/example_dags/example_short_circuit_operator.py
[2022-03-17 07:39:41,371] {processor.py:654} INFO - DAG(s) dict_keys(['example_short_circuit_operator']) retrieved from /home/lowenhard/acceleration/env/lib/python3.8/site-packages/airflow/example_dags/example_short_circuit_operator.py
[2022-03-17 07:39:41,383] {logging_mixin.py:109} INFO - [2022-03-17 07:39:41,383] {dag.py:2398} INFO - Sync 1 DAGs
[2022-03-17 07:39:41,399] {logging_mixin.py:109} INFO - [2022-03-17 07:39:41,398] {dag.py:2937} INFO - Setting next_dagrun for example_short_circuit_operator to 2022-03-16T12:39:41.398418+00:00
[2022-03-17 07:39:42,303] {processor.py:171} INFO - Processing /home/lowenhard/acceleration/env/lib/python3.8/site-packages/airflow/example_dags/example_short_circuit_operator.py took 1.127 seconds
