[2022-03-17 00:56:04,332] {processor.py:163} INFO - Started process (PID=869) to work on /home/lowenhard/acceleration/env/lib/python3.8/site-packages/airflow/example_dags/example_nested_branch_dag.py
[2022-03-17 00:56:04,333] {processor.py:642} INFO - Processing file /home/lowenhard/acceleration/env/lib/python3.8/site-packages/airflow/example_dags/example_nested_branch_dag.py for tasks to queue
[2022-03-17 00:56:04,334] {logging_mixin.py:109} INFO - [2022-03-17 00:56:04,334] {dagbag.py:500} INFO - Filling up the DagBag from /home/lowenhard/acceleration/env/lib/python3.8/site-packages/airflow/example_dags/example_nested_branch_dag.py
[2022-03-17 00:56:04,359] {processor.py:654} INFO - DAG(s) dict_keys(['example_nested_branch_dag']) retrieved from /home/lowenhard/acceleration/env/lib/python3.8/site-packages/airflow/example_dags/example_nested_branch_dag.py
[2022-03-17 00:56:04,368] {logging_mixin.py:109} INFO - [2022-03-17 00:56:04,368] {dag.py:2398} INFO - Sync 1 DAGs
[2022-03-17 00:56:04,382] {logging_mixin.py:109} INFO - [2022-03-17 00:56:04,381] {dag.py:2937} INFO - Setting next_dagrun for example_nested_branch_dag to 2022-03-16 00:00:00+00:00
[2022-03-17 00:56:04,979] {processor.py:171} INFO - Processing /home/lowenhard/acceleration/env/lib/python3.8/site-packages/airflow/example_dags/example_nested_branch_dag.py took 0.651 seconds
[2022-03-17 00:57:29,985] {processor.py:163} INFO - Started process (PID=901) to work on /home/lowenhard/acceleration/env/lib/python3.8/site-packages/airflow/example_dags/example_nested_branch_dag.py
[2022-03-17 00:57:30,005] {processor.py:642} INFO - Processing file /home/lowenhard/acceleration/env/lib/python3.8/site-packages/airflow/example_dags/example_nested_branch_dag.py for tasks to queue
[2022-03-17 00:57:30,006] {logging_mixin.py:109} INFO - [2022-03-17 00:57:30,006] {dagbag.py:500} INFO - Filling up the DagBag from /home/lowenhard/acceleration/env/lib/python3.8/site-packages/airflow/example_dags/example_nested_branch_dag.py
[2022-03-17 00:57:30,083] {processor.py:654} INFO - DAG(s) dict_keys(['example_nested_branch_dag']) retrieved from /home/lowenhard/acceleration/env/lib/python3.8/site-packages/airflow/example_dags/example_nested_branch_dag.py
[2022-03-17 00:57:30,109] {logging_mixin.py:109} INFO - [2022-03-17 00:57:30,109] {dag.py:2398} INFO - Sync 1 DAGs
[2022-03-17 00:57:30,125] {logging_mixin.py:109} INFO - [2022-03-17 00:57:30,125] {dag.py:2937} INFO - Setting next_dagrun for example_nested_branch_dag to 2022-03-16 00:00:00+00:00
[2022-03-17 00:57:31,159] {processor.py:171} INFO - Processing /home/lowenhard/acceleration/env/lib/python3.8/site-packages/airflow/example_dags/example_nested_branch_dag.py took 1.186 seconds
[2022-03-17 00:58:57,886] {processor.py:163} INFO - Started process (PID=939) to work on /home/lowenhard/acceleration/env/lib/python3.8/site-packages/airflow/example_dags/example_nested_branch_dag.py
[2022-03-17 00:58:57,889] {processor.py:642} INFO - Processing file /home/lowenhard/acceleration/env/lib/python3.8/site-packages/airflow/example_dags/example_nested_branch_dag.py for tasks to queue
[2022-03-17 00:58:57,890] {logging_mixin.py:109} INFO - [2022-03-17 00:58:57,890] {dagbag.py:500} INFO - Filling up the DagBag from /home/lowenhard/acceleration/env/lib/python3.8/site-packages/airflow/example_dags/example_nested_branch_dag.py
[2022-03-17 00:58:57,912] {processor.py:654} INFO - DAG(s) dict_keys(['example_nested_branch_dag']) retrieved from /home/lowenhard/acceleration/env/lib/python3.8/site-packages/airflow/example_dags/example_nested_branch_dag.py
[2022-03-17 00:58:57,922] {logging_mixin.py:109} INFO - [2022-03-17 00:58:57,921] {dag.py:2398} INFO - Sync 1 DAGs
[2022-03-17 00:58:57,935] {logging_mixin.py:109} INFO - [2022-03-17 00:58:57,934] {dag.py:2937} INFO - Setting next_dagrun for example_nested_branch_dag to 2022-03-16 00:00:00+00:00
[2022-03-17 00:58:59,561] {processor.py:171} INFO - Processing /home/lowenhard/acceleration/env/lib/python3.8/site-packages/airflow/example_dags/example_nested_branch_dag.py took 1.679 seconds
[2022-03-17 01:00:19,681] {processor.py:163} INFO - Started process (PID=976) to work on /home/lowenhard/acceleration/env/lib/python3.8/site-packages/airflow/example_dags/example_nested_branch_dag.py
[2022-03-17 01:00:19,708] {processor.py:642} INFO - Processing file /home/lowenhard/acceleration/env/lib/python3.8/site-packages/airflow/example_dags/example_nested_branch_dag.py for tasks to queue
[2022-03-17 01:00:19,709] {logging_mixin.py:109} INFO - [2022-03-17 01:00:19,708] {dagbag.py:500} INFO - Filling up the DagBag from /home/lowenhard/acceleration/env/lib/python3.8/site-packages/airflow/example_dags/example_nested_branch_dag.py
[2022-03-17 01:00:19,736] {processor.py:654} INFO - DAG(s) dict_keys(['example_nested_branch_dag']) retrieved from /home/lowenhard/acceleration/env/lib/python3.8/site-packages/airflow/example_dags/example_nested_branch_dag.py
[2022-03-17 01:00:19,748] {logging_mixin.py:109} INFO - [2022-03-17 01:00:19,748] {dag.py:2398} INFO - Sync 1 DAGs
[2022-03-17 01:00:19,768] {logging_mixin.py:109} INFO - [2022-03-17 01:00:19,768] {dag.py:2937} INFO - Setting next_dagrun for example_nested_branch_dag to 2022-03-16 00:00:00+00:00
[2022-03-17 01:00:19,994] {processor.py:171} INFO - Processing /home/lowenhard/acceleration/env/lib/python3.8/site-packages/airflow/example_dags/example_nested_branch_dag.py took 0.316 seconds
[2022-03-17 07:14:50,559] {processor.py:163} INFO - Started process (PID=128) to work on /home/lowenhard/acceleration/env/lib/python3.8/site-packages/airflow/example_dags/example_nested_branch_dag.py
[2022-03-17 07:14:51,264] {processor.py:642} INFO - Processing file /home/lowenhard/acceleration/env/lib/python3.8/site-packages/airflow/example_dags/example_nested_branch_dag.py for tasks to queue
[2022-03-17 07:14:51,265] {logging_mixin.py:109} INFO - [2022-03-17 07:14:51,264] {dagbag.py:500} INFO - Filling up the DagBag from /home/lowenhard/acceleration/env/lib/python3.8/site-packages/airflow/example_dags/example_nested_branch_dag.py
[2022-03-17 07:14:51,307] {processor.py:654} INFO - DAG(s) dict_keys(['example_nested_branch_dag']) retrieved from /home/lowenhard/acceleration/env/lib/python3.8/site-packages/airflow/example_dags/example_nested_branch_dag.py
[2022-03-17 07:14:51,321] {logging_mixin.py:109} INFO - [2022-03-17 07:14:51,321] {dag.py:2398} INFO - Sync 1 DAGs
[2022-03-17 07:14:51,332] {logging_mixin.py:109} INFO - [2022-03-17 07:14:51,332] {dag.py:2937} INFO - Setting next_dagrun for example_nested_branch_dag to 2022-03-16 00:00:00+00:00
[2022-03-17 07:14:51,573] {processor.py:171} INFO - Processing /home/lowenhard/acceleration/env/lib/python3.8/site-packages/airflow/example_dags/example_nested_branch_dag.py took 1.016 seconds
[2022-03-17 07:16:14,603] {processor.py:163} INFO - Started process (PID=160) to work on /home/lowenhard/acceleration/env/lib/python3.8/site-packages/airflow/example_dags/example_nested_branch_dag.py
[2022-03-17 07:16:14,865] {processor.py:642} INFO - Processing file /home/lowenhard/acceleration/env/lib/python3.8/site-packages/airflow/example_dags/example_nested_branch_dag.py for tasks to queue
[2022-03-17 07:16:14,866] {logging_mixin.py:109} INFO - [2022-03-17 07:16:14,866] {dagbag.py:500} INFO - Filling up the DagBag from /home/lowenhard/acceleration/env/lib/python3.8/site-packages/airflow/example_dags/example_nested_branch_dag.py
[2022-03-17 07:16:14,903] {processor.py:654} INFO - DAG(s) dict_keys(['example_nested_branch_dag']) retrieved from /home/lowenhard/acceleration/env/lib/python3.8/site-packages/airflow/example_dags/example_nested_branch_dag.py
[2022-03-17 07:16:14,918] {logging_mixin.py:109} INFO - [2022-03-17 07:16:14,918] {dag.py:2398} INFO - Sync 1 DAGs
[2022-03-17 07:16:14,937] {logging_mixin.py:109} INFO - [2022-03-17 07:16:14,937] {dag.py:2937} INFO - Setting next_dagrun for example_nested_branch_dag to 2022-03-16 00:00:00+00:00
[2022-03-17 07:16:15,120] {processor.py:171} INFO - Processing /home/lowenhard/acceleration/env/lib/python3.8/site-packages/airflow/example_dags/example_nested_branch_dag.py took 0.524 seconds
[2022-03-17 07:17:33,936] {processor.py:163} INFO - Started process (PID=199) to work on /home/lowenhard/acceleration/env/lib/python3.8/site-packages/airflow/example_dags/example_nested_branch_dag.py
[2022-03-17 07:17:34,687] {processor.py:642} INFO - Processing file /home/lowenhard/acceleration/env/lib/python3.8/site-packages/airflow/example_dags/example_nested_branch_dag.py for tasks to queue
[2022-03-17 07:17:34,689] {logging_mixin.py:109} INFO - [2022-03-17 07:17:34,689] {dagbag.py:500} INFO - Filling up the DagBag from /home/lowenhard/acceleration/env/lib/python3.8/site-packages/airflow/example_dags/example_nested_branch_dag.py
[2022-03-17 07:17:34,732] {processor.py:654} INFO - DAG(s) dict_keys(['example_nested_branch_dag']) retrieved from /home/lowenhard/acceleration/env/lib/python3.8/site-packages/airflow/example_dags/example_nested_branch_dag.py
[2022-03-17 07:17:34,747] {logging_mixin.py:109} INFO - [2022-03-17 07:17:34,747] {dag.py:2398} INFO - Sync 1 DAGs
[2022-03-17 07:17:34,767] {logging_mixin.py:109} INFO - [2022-03-17 07:17:34,767] {dag.py:2937} INFO - Setting next_dagrun for example_nested_branch_dag to 2022-03-16 00:00:00+00:00
[2022-03-17 07:17:35,901] {processor.py:171} INFO - Processing /home/lowenhard/acceleration/env/lib/python3.8/site-packages/airflow/example_dags/example_nested_branch_dag.py took 1.969 seconds
[2022-03-17 07:18:54,478] {processor.py:163} INFO - Started process (PID=235) to work on /home/lowenhard/acceleration/env/lib/python3.8/site-packages/airflow/example_dags/example_nested_branch_dag.py
[2022-03-17 07:18:54,490] {processor.py:642} INFO - Processing file /home/lowenhard/acceleration/env/lib/python3.8/site-packages/airflow/example_dags/example_nested_branch_dag.py for tasks to queue
[2022-03-17 07:18:54,491] {logging_mixin.py:109} INFO - [2022-03-17 07:18:54,490] {dagbag.py:500} INFO - Filling up the DagBag from /home/lowenhard/acceleration/env/lib/python3.8/site-packages/airflow/example_dags/example_nested_branch_dag.py
[2022-03-17 07:18:54,538] {processor.py:654} INFO - DAG(s) dict_keys(['example_nested_branch_dag']) retrieved from /home/lowenhard/acceleration/env/lib/python3.8/site-packages/airflow/example_dags/example_nested_branch_dag.py
[2022-03-17 07:18:54,558] {logging_mixin.py:109} INFO - [2022-03-17 07:18:54,558] {dag.py:2398} INFO - Sync 1 DAGs
[2022-03-17 07:18:54,581] {logging_mixin.py:109} INFO - [2022-03-17 07:18:54,581] {dag.py:2937} INFO - Setting next_dagrun for example_nested_branch_dag to 2022-03-16 00:00:00+00:00
[2022-03-17 07:18:56,204] {processor.py:171} INFO - Processing /home/lowenhard/acceleration/env/lib/python3.8/site-packages/airflow/example_dags/example_nested_branch_dag.py took 1.729 seconds
[2022-03-17 07:20:20,589] {processor.py:163} INFO - Started process (PID=271) to work on /home/lowenhard/acceleration/env/lib/python3.8/site-packages/airflow/example_dags/example_nested_branch_dag.py
[2022-03-17 07:20:20,604] {processor.py:642} INFO - Processing file /home/lowenhard/acceleration/env/lib/python3.8/site-packages/airflow/example_dags/example_nested_branch_dag.py for tasks to queue
[2022-03-17 07:20:20,604] {logging_mixin.py:109} INFO - [2022-03-17 07:20:20,604] {dagbag.py:500} INFO - Filling up the DagBag from /home/lowenhard/acceleration/env/lib/python3.8/site-packages/airflow/example_dags/example_nested_branch_dag.py
[2022-03-17 07:20:20,642] {processor.py:654} INFO - DAG(s) dict_keys(['example_nested_branch_dag']) retrieved from /home/lowenhard/acceleration/env/lib/python3.8/site-packages/airflow/example_dags/example_nested_branch_dag.py
[2022-03-17 07:20:20,654] {logging_mixin.py:109} INFO - [2022-03-17 07:20:20,654] {dag.py:2398} INFO - Sync 1 DAGs
[2022-03-17 07:20:20,669] {logging_mixin.py:109} INFO - [2022-03-17 07:20:20,669] {dag.py:2937} INFO - Setting next_dagrun for example_nested_branch_dag to 2022-03-16 00:00:00+00:00
[2022-03-17 07:20:20,826] {processor.py:171} INFO - Processing /home/lowenhard/acceleration/env/lib/python3.8/site-packages/airflow/example_dags/example_nested_branch_dag.py took 0.241 seconds
[2022-03-17 07:21:50,538] {processor.py:163} INFO - Started process (PID=312) to work on /home/lowenhard/acceleration/env/lib/python3.8/site-packages/airflow/example_dags/example_nested_branch_dag.py
[2022-03-17 07:21:50,582] {processor.py:642} INFO - Processing file /home/lowenhard/acceleration/env/lib/python3.8/site-packages/airflow/example_dags/example_nested_branch_dag.py for tasks to queue
[2022-03-17 07:21:50,582] {logging_mixin.py:109} INFO - [2022-03-17 07:21:50,582] {dagbag.py:500} INFO - Filling up the DagBag from /home/lowenhard/acceleration/env/lib/python3.8/site-packages/airflow/example_dags/example_nested_branch_dag.py
[2022-03-17 07:21:51,053] {processor.py:654} INFO - DAG(s) dict_keys(['example_nested_branch_dag']) retrieved from /home/lowenhard/acceleration/env/lib/python3.8/site-packages/airflow/example_dags/example_nested_branch_dag.py
[2022-03-17 07:21:51,069] {logging_mixin.py:109} INFO - [2022-03-17 07:21:51,069] {dag.py:2398} INFO - Sync 1 DAGs
[2022-03-17 07:21:51,092] {logging_mixin.py:109} INFO - [2022-03-17 07:21:51,092] {dag.py:2937} INFO - Setting next_dagrun for example_nested_branch_dag to 2022-03-16 00:00:00+00:00
[2022-03-17 07:21:51,362] {processor.py:171} INFO - Processing /home/lowenhard/acceleration/env/lib/python3.8/site-packages/airflow/example_dags/example_nested_branch_dag.py took 0.829 seconds
[2022-03-17 07:22:56,238] {processor.py:163} INFO - Started process (PID=346) to work on /home/lowenhard/acceleration/env/lib/python3.8/site-packages/airflow/example_dags/example_nested_branch_dag.py
[2022-03-17 07:22:56,318] {processor.py:642} INFO - Processing file /home/lowenhard/acceleration/env/lib/python3.8/site-packages/airflow/example_dags/example_nested_branch_dag.py for tasks to queue
[2022-03-17 07:22:56,319] {logging_mixin.py:109} INFO - [2022-03-17 07:22:56,319] {dagbag.py:500} INFO - Filling up the DagBag from /home/lowenhard/acceleration/env/lib/python3.8/site-packages/airflow/example_dags/example_nested_branch_dag.py
[2022-03-17 07:22:57,393] {processor.py:654} INFO - DAG(s) dict_keys(['example_nested_branch_dag']) retrieved from /home/lowenhard/acceleration/env/lib/python3.8/site-packages/airflow/example_dags/example_nested_branch_dag.py
[2022-03-17 07:22:57,411] {logging_mixin.py:109} INFO - [2022-03-17 07:22:57,411] {dag.py:2398} INFO - Sync 1 DAGs
[2022-03-17 07:22:57,438] {logging_mixin.py:109} INFO - [2022-03-17 07:22:57,438] {dag.py:2937} INFO - Setting next_dagrun for example_nested_branch_dag to 2022-03-16 00:00:00+00:00
[2022-03-17 07:22:58,184] {processor.py:171} INFO - Processing /home/lowenhard/acceleration/env/lib/python3.8/site-packages/airflow/example_dags/example_nested_branch_dag.py took 1.951 seconds
[2022-03-17 07:23:53,358] {processor.py:163} INFO - Started process (PID=378) to work on /home/lowenhard/acceleration/env/lib/python3.8/site-packages/airflow/example_dags/example_nested_branch_dag.py
[2022-03-17 07:23:53,369] {processor.py:642} INFO - Processing file /home/lowenhard/acceleration/env/lib/python3.8/site-packages/airflow/example_dags/example_nested_branch_dag.py for tasks to queue
[2022-03-17 07:23:53,370] {logging_mixin.py:109} INFO - [2022-03-17 07:23:53,370] {dagbag.py:500} INFO - Filling up the DagBag from /home/lowenhard/acceleration/env/lib/python3.8/site-packages/airflow/example_dags/example_nested_branch_dag.py
[2022-03-17 07:23:53,428] {processor.py:654} INFO - DAG(s) dict_keys(['example_nested_branch_dag']) retrieved from /home/lowenhard/acceleration/env/lib/python3.8/site-packages/airflow/example_dags/example_nested_branch_dag.py
[2022-03-17 07:23:53,449] {logging_mixin.py:109} INFO - [2022-03-17 07:23:53,449] {dag.py:2398} INFO - Sync 1 DAGs
[2022-03-17 07:23:53,474] {logging_mixin.py:109} INFO - [2022-03-17 07:23:53,474] {dag.py:2937} INFO - Setting next_dagrun for example_nested_branch_dag to 2022-03-16 00:00:00+00:00
[2022-03-17 07:23:53,684] {processor.py:171} INFO - Processing /home/lowenhard/acceleration/env/lib/python3.8/site-packages/airflow/example_dags/example_nested_branch_dag.py took 0.336 seconds
[2022-03-17 07:24:51,767] {processor.py:163} INFO - Started process (PID=415) to work on /home/lowenhard/acceleration/env/lib/python3.8/site-packages/airflow/example_dags/example_nested_branch_dag.py
[2022-03-17 07:24:51,917] {processor.py:642} INFO - Processing file /home/lowenhard/acceleration/env/lib/python3.8/site-packages/airflow/example_dags/example_nested_branch_dag.py for tasks to queue
[2022-03-17 07:24:51,918] {logging_mixin.py:109} INFO - [2022-03-17 07:24:51,917] {dagbag.py:500} INFO - Filling up the DagBag from /home/lowenhard/acceleration/env/lib/python3.8/site-packages/airflow/example_dags/example_nested_branch_dag.py
[2022-03-17 07:24:51,957] {processor.py:654} INFO - DAG(s) dict_keys(['example_nested_branch_dag']) retrieved from /home/lowenhard/acceleration/env/lib/python3.8/site-packages/airflow/example_dags/example_nested_branch_dag.py
[2022-03-17 07:24:51,976] {logging_mixin.py:109} INFO - [2022-03-17 07:24:51,975] {dag.py:2398} INFO - Sync 1 DAGs
[2022-03-17 07:24:52,001] {logging_mixin.py:109} INFO - [2022-03-17 07:24:52,001] {dag.py:2937} INFO - Setting next_dagrun for example_nested_branch_dag to 2022-03-16 00:00:00+00:00
[2022-03-17 07:24:52,496] {processor.py:171} INFO - Processing /home/lowenhard/acceleration/env/lib/python3.8/site-packages/airflow/example_dags/example_nested_branch_dag.py took 0.733 seconds
[2022-03-17 07:25:39,874] {processor.py:163} INFO - Started process (PID=444) to work on /home/lowenhard/acceleration/env/lib/python3.8/site-packages/airflow/example_dags/example_nested_branch_dag.py
[2022-03-17 07:25:39,901] {processor.py:642} INFO - Processing file /home/lowenhard/acceleration/env/lib/python3.8/site-packages/airflow/example_dags/example_nested_branch_dag.py for tasks to queue
[2022-03-17 07:25:39,901] {logging_mixin.py:109} INFO - [2022-03-17 07:25:39,901] {dagbag.py:500} INFO - Filling up the DagBag from /home/lowenhard/acceleration/env/lib/python3.8/site-packages/airflow/example_dags/example_nested_branch_dag.py
[2022-03-17 07:25:39,938] {processor.py:654} INFO - DAG(s) dict_keys(['example_nested_branch_dag']) retrieved from /home/lowenhard/acceleration/env/lib/python3.8/site-packages/airflow/example_dags/example_nested_branch_dag.py
[2022-03-17 07:25:39,955] {logging_mixin.py:109} INFO - [2022-03-17 07:25:39,955] {dag.py:2398} INFO - Sync 1 DAGs
[2022-03-17 07:25:39,982] {logging_mixin.py:109} INFO - [2022-03-17 07:25:39,982] {dag.py:2937} INFO - Setting next_dagrun for example_nested_branch_dag to 2022-03-16 00:00:00+00:00
[2022-03-17 07:25:40,233] {processor.py:171} INFO - Processing /home/lowenhard/acceleration/env/lib/python3.8/site-packages/airflow/example_dags/example_nested_branch_dag.py took 0.361 seconds
[2022-03-17 07:26:23,946] {processor.py:163} INFO - Started process (PID=471) to work on /home/lowenhard/acceleration/env/lib/python3.8/site-packages/airflow/example_dags/example_nested_branch_dag.py
[2022-03-17 07:26:23,963] {processor.py:642} INFO - Processing file /home/lowenhard/acceleration/env/lib/python3.8/site-packages/airflow/example_dags/example_nested_branch_dag.py for tasks to queue
[2022-03-17 07:26:23,964] {logging_mixin.py:109} INFO - [2022-03-17 07:26:23,964] {dagbag.py:500} INFO - Filling up the DagBag from /home/lowenhard/acceleration/env/lib/python3.8/site-packages/airflow/example_dags/example_nested_branch_dag.py
[2022-03-17 07:26:24,417] {processor.py:654} INFO - DAG(s) dict_keys(['example_nested_branch_dag']) retrieved from /home/lowenhard/acceleration/env/lib/python3.8/site-packages/airflow/example_dags/example_nested_branch_dag.py
[2022-03-17 07:26:24,425] {logging_mixin.py:109} INFO - [2022-03-17 07:26:24,425] {dag.py:2398} INFO - Sync 1 DAGs
[2022-03-17 07:26:24,437] {logging_mixin.py:109} INFO - [2022-03-17 07:26:24,437] {dag.py:2937} INFO - Setting next_dagrun for example_nested_branch_dag to 2022-03-16 00:00:00+00:00
[2022-03-17 07:26:24,667] {processor.py:171} INFO - Processing /home/lowenhard/acceleration/env/lib/python3.8/site-packages/airflow/example_dags/example_nested_branch_dag.py took 0.724 seconds
[2022-03-17 07:27:48,407] {processor.py:163} INFO - Started process (PID=509) to work on /home/lowenhard/acceleration/env/lib/python3.8/site-packages/airflow/example_dags/example_nested_branch_dag.py
[2022-03-17 07:27:48,435] {processor.py:642} INFO - Processing file /home/lowenhard/acceleration/env/lib/python3.8/site-packages/airflow/example_dags/example_nested_branch_dag.py for tasks to queue
[2022-03-17 07:27:48,436] {logging_mixin.py:109} INFO - [2022-03-17 07:27:48,436] {dagbag.py:500} INFO - Filling up the DagBag from /home/lowenhard/acceleration/env/lib/python3.8/site-packages/airflow/example_dags/example_nested_branch_dag.py
[2022-03-17 07:27:48,462] {processor.py:654} INFO - DAG(s) dict_keys(['example_nested_branch_dag']) retrieved from /home/lowenhard/acceleration/env/lib/python3.8/site-packages/airflow/example_dags/example_nested_branch_dag.py
[2022-03-17 07:27:48,473] {logging_mixin.py:109} INFO - [2022-03-17 07:27:48,472] {dag.py:2398} INFO - Sync 1 DAGs
[2022-03-17 07:27:48,495] {logging_mixin.py:109} INFO - [2022-03-17 07:27:48,494] {dag.py:2937} INFO - Setting next_dagrun for example_nested_branch_dag to 2022-03-16 00:00:00+00:00
[2022-03-17 07:27:48,934] {processor.py:171} INFO - Processing /home/lowenhard/acceleration/env/lib/python3.8/site-packages/airflow/example_dags/example_nested_branch_dag.py took 0.529 seconds
[2022-03-17 07:28:46,411] {processor.py:163} INFO - Started process (PID=540) to work on /home/lowenhard/acceleration/env/lib/python3.8/site-packages/airflow/example_dags/example_nested_branch_dag.py
[2022-03-17 07:28:46,466] {processor.py:642} INFO - Processing file /home/lowenhard/acceleration/env/lib/python3.8/site-packages/airflow/example_dags/example_nested_branch_dag.py for tasks to queue
[2022-03-17 07:28:46,467] {logging_mixin.py:109} INFO - [2022-03-17 07:28:46,467] {dagbag.py:500} INFO - Filling up the DagBag from /home/lowenhard/acceleration/env/lib/python3.8/site-packages/airflow/example_dags/example_nested_branch_dag.py
[2022-03-17 07:28:46,490] {processor.py:654} INFO - DAG(s) dict_keys(['example_nested_branch_dag']) retrieved from /home/lowenhard/acceleration/env/lib/python3.8/site-packages/airflow/example_dags/example_nested_branch_dag.py
[2022-03-17 07:28:46,500] {logging_mixin.py:109} INFO - [2022-03-17 07:28:46,500] {dag.py:2398} INFO - Sync 1 DAGs
[2022-03-17 07:28:46,515] {logging_mixin.py:109} INFO - [2022-03-17 07:28:46,514] {dag.py:2937} INFO - Setting next_dagrun for example_nested_branch_dag to 2022-03-16 00:00:00+00:00
[2022-03-17 07:28:46,691] {processor.py:171} INFO - Processing /home/lowenhard/acceleration/env/lib/python3.8/site-packages/airflow/example_dags/example_nested_branch_dag.py took 0.283 seconds
[2022-03-17 07:29:53,108] {processor.py:163} INFO - Started process (PID=575) to work on /home/lowenhard/acceleration/env/lib/python3.8/site-packages/airflow/example_dags/example_nested_branch_dag.py
[2022-03-17 07:29:53,155] {processor.py:642} INFO - Processing file /home/lowenhard/acceleration/env/lib/python3.8/site-packages/airflow/example_dags/example_nested_branch_dag.py for tasks to queue
[2022-03-17 07:29:53,156] {logging_mixin.py:109} INFO - [2022-03-17 07:29:53,156] {dagbag.py:500} INFO - Filling up the DagBag from /home/lowenhard/acceleration/env/lib/python3.8/site-packages/airflow/example_dags/example_nested_branch_dag.py
[2022-03-17 07:29:53,408] {processor.py:654} INFO - DAG(s) dict_keys(['example_nested_branch_dag']) retrieved from /home/lowenhard/acceleration/env/lib/python3.8/site-packages/airflow/example_dags/example_nested_branch_dag.py
[2022-03-17 07:29:53,419] {logging_mixin.py:109} INFO - [2022-03-17 07:29:53,419] {dag.py:2398} INFO - Sync 1 DAGs
[2022-03-17 07:29:53,433] {logging_mixin.py:109} INFO - [2022-03-17 07:29:53,433] {dag.py:2937} INFO - Setting next_dagrun for example_nested_branch_dag to 2022-03-16 00:00:00+00:00
[2022-03-17 07:29:53,698] {processor.py:171} INFO - Processing /home/lowenhard/acceleration/env/lib/python3.8/site-packages/airflow/example_dags/example_nested_branch_dag.py took 0.593 seconds
[2022-03-17 07:31:09,124] {processor.py:163} INFO - Started process (PID=610) to work on /home/lowenhard/acceleration/env/lib/python3.8/site-packages/airflow/example_dags/example_nested_branch_dag.py
[2022-03-17 07:31:09,146] {processor.py:642} INFO - Processing file /home/lowenhard/acceleration/env/lib/python3.8/site-packages/airflow/example_dags/example_nested_branch_dag.py for tasks to queue
[2022-03-17 07:31:09,147] {logging_mixin.py:109} INFO - [2022-03-17 07:31:09,147] {dagbag.py:500} INFO - Filling up the DagBag from /home/lowenhard/acceleration/env/lib/python3.8/site-packages/airflow/example_dags/example_nested_branch_dag.py
[2022-03-17 07:31:09,211] {processor.py:654} INFO - DAG(s) dict_keys(['example_nested_branch_dag']) retrieved from /home/lowenhard/acceleration/env/lib/python3.8/site-packages/airflow/example_dags/example_nested_branch_dag.py
[2022-03-17 07:31:09,233] {logging_mixin.py:109} INFO - [2022-03-17 07:31:09,233] {dag.py:2398} INFO - Sync 1 DAGs
[2022-03-17 07:31:09,255] {logging_mixin.py:109} INFO - [2022-03-17 07:31:09,255] {dag.py:2937} INFO - Setting next_dagrun for example_nested_branch_dag to 2022-03-16 00:00:00+00:00
[2022-03-17 07:31:09,417] {processor.py:171} INFO - Processing /home/lowenhard/acceleration/env/lib/python3.8/site-packages/airflow/example_dags/example_nested_branch_dag.py took 0.296 seconds
[2022-03-17 07:32:25,471] {processor.py:163} INFO - Started process (PID=647) to work on /home/lowenhard/acceleration/env/lib/python3.8/site-packages/airflow/example_dags/example_nested_branch_dag.py
[2022-03-17 07:32:25,643] {processor.py:642} INFO - Processing file /home/lowenhard/acceleration/env/lib/python3.8/site-packages/airflow/example_dags/example_nested_branch_dag.py for tasks to queue
[2022-03-17 07:32:25,643] {logging_mixin.py:109} INFO - [2022-03-17 07:32:25,643] {dagbag.py:500} INFO - Filling up the DagBag from /home/lowenhard/acceleration/env/lib/python3.8/site-packages/airflow/example_dags/example_nested_branch_dag.py
[2022-03-17 07:32:25,669] {processor.py:654} INFO - DAG(s) dict_keys(['example_nested_branch_dag']) retrieved from /home/lowenhard/acceleration/env/lib/python3.8/site-packages/airflow/example_dags/example_nested_branch_dag.py
[2022-03-17 07:32:25,679] {logging_mixin.py:109} INFO - [2022-03-17 07:32:25,679] {dag.py:2398} INFO - Sync 1 DAGs
[2022-03-17 07:32:25,695] {logging_mixin.py:109} INFO - [2022-03-17 07:32:25,695] {dag.py:2937} INFO - Setting next_dagrun for example_nested_branch_dag to 2022-03-16 00:00:00+00:00
[2022-03-17 07:32:27,654] {processor.py:171} INFO - Processing /home/lowenhard/acceleration/env/lib/python3.8/site-packages/airflow/example_dags/example_nested_branch_dag.py took 2.186 seconds
[2022-03-17 07:33:52,866] {processor.py:163} INFO - Started process (PID=684) to work on /home/lowenhard/acceleration/env/lib/python3.8/site-packages/airflow/example_dags/example_nested_branch_dag.py
[2022-03-17 07:33:52,882] {processor.py:642} INFO - Processing file /home/lowenhard/acceleration/env/lib/python3.8/site-packages/airflow/example_dags/example_nested_branch_dag.py for tasks to queue
[2022-03-17 07:33:52,883] {logging_mixin.py:109} INFO - [2022-03-17 07:33:52,883] {dagbag.py:500} INFO - Filling up the DagBag from /home/lowenhard/acceleration/env/lib/python3.8/site-packages/airflow/example_dags/example_nested_branch_dag.py
[2022-03-17 07:33:52,927] {processor.py:654} INFO - DAG(s) dict_keys(['example_nested_branch_dag']) retrieved from /home/lowenhard/acceleration/env/lib/python3.8/site-packages/airflow/example_dags/example_nested_branch_dag.py
[2022-03-17 07:33:52,944] {logging_mixin.py:109} INFO - [2022-03-17 07:33:52,944] {dag.py:2398} INFO - Sync 1 DAGs
[2022-03-17 07:33:52,975] {logging_mixin.py:109} INFO - [2022-03-17 07:33:52,975] {dag.py:2937} INFO - Setting next_dagrun for example_nested_branch_dag to 2022-03-16 00:00:00+00:00
[2022-03-17 07:33:54,761] {processor.py:171} INFO - Processing /home/lowenhard/acceleration/env/lib/python3.8/site-packages/airflow/example_dags/example_nested_branch_dag.py took 1.900 seconds
[2022-03-17 07:35:23,590] {processor.py:163} INFO - Started process (PID=723) to work on /home/lowenhard/acceleration/env/lib/python3.8/site-packages/airflow/example_dags/example_nested_branch_dag.py
[2022-03-17 07:35:23,639] {processor.py:642} INFO - Processing file /home/lowenhard/acceleration/env/lib/python3.8/site-packages/airflow/example_dags/example_nested_branch_dag.py for tasks to queue
[2022-03-17 07:35:23,640] {logging_mixin.py:109} INFO - [2022-03-17 07:35:23,639] {dagbag.py:500} INFO - Filling up the DagBag from /home/lowenhard/acceleration/env/lib/python3.8/site-packages/airflow/example_dags/example_nested_branch_dag.py
[2022-03-17 07:35:23,665] {processor.py:654} INFO - DAG(s) dict_keys(['example_nested_branch_dag']) retrieved from /home/lowenhard/acceleration/env/lib/python3.8/site-packages/airflow/example_dags/example_nested_branch_dag.py
[2022-03-17 07:35:23,677] {logging_mixin.py:109} INFO - [2022-03-17 07:35:23,677] {dag.py:2398} INFO - Sync 1 DAGs
[2022-03-17 07:35:23,692] {logging_mixin.py:109} INFO - [2022-03-17 07:35:23,692] {dag.py:2937} INFO - Setting next_dagrun for example_nested_branch_dag to 2022-03-16 00:00:00+00:00
[2022-03-17 07:35:25,218] {processor.py:171} INFO - Processing /home/lowenhard/acceleration/env/lib/python3.8/site-packages/airflow/example_dags/example_nested_branch_dag.py took 1.631 seconds
[2022-03-17 07:36:50,191] {processor.py:163} INFO - Started process (PID=762) to work on /home/lowenhard/acceleration/env/lib/python3.8/site-packages/airflow/example_dags/example_nested_branch_dag.py
[2022-03-17 07:36:50,194] {processor.py:642} INFO - Processing file /home/lowenhard/acceleration/env/lib/python3.8/site-packages/airflow/example_dags/example_nested_branch_dag.py for tasks to queue
[2022-03-17 07:36:50,195] {logging_mixin.py:109} INFO - [2022-03-17 07:36:50,195] {dagbag.py:500} INFO - Filling up the DagBag from /home/lowenhard/acceleration/env/lib/python3.8/site-packages/airflow/example_dags/example_nested_branch_dag.py
[2022-03-17 07:36:50,225] {processor.py:654} INFO - DAG(s) dict_keys(['example_nested_branch_dag']) retrieved from /home/lowenhard/acceleration/env/lib/python3.8/site-packages/airflow/example_dags/example_nested_branch_dag.py
[2022-03-17 07:36:50,235] {logging_mixin.py:109} INFO - [2022-03-17 07:36:50,235] {dag.py:2398} INFO - Sync 1 DAGs
[2022-03-17 07:36:50,254] {logging_mixin.py:109} INFO - [2022-03-17 07:36:50,254] {dag.py:2937} INFO - Setting next_dagrun for example_nested_branch_dag to 2022-03-16 00:00:00+00:00
[2022-03-17 07:36:50,429] {processor.py:171} INFO - Processing /home/lowenhard/acceleration/env/lib/python3.8/site-packages/airflow/example_dags/example_nested_branch_dag.py took 0.240 seconds
[2022-03-17 07:38:05,979] {processor.py:163} INFO - Started process (PID=797) to work on /home/lowenhard/acceleration/env/lib/python3.8/site-packages/airflow/example_dags/example_nested_branch_dag.py
[2022-03-17 07:38:05,983] {processor.py:642} INFO - Processing file /home/lowenhard/acceleration/env/lib/python3.8/site-packages/airflow/example_dags/example_nested_branch_dag.py for tasks to queue
[2022-03-17 07:38:05,984] {logging_mixin.py:109} INFO - [2022-03-17 07:38:05,983] {dagbag.py:500} INFO - Filling up the DagBag from /home/lowenhard/acceleration/env/lib/python3.8/site-packages/airflow/example_dags/example_nested_branch_dag.py
[2022-03-17 07:38:06,008] {processor.py:654} INFO - DAG(s) dict_keys(['example_nested_branch_dag']) retrieved from /home/lowenhard/acceleration/env/lib/python3.8/site-packages/airflow/example_dags/example_nested_branch_dag.py
[2022-03-17 07:38:06,020] {logging_mixin.py:109} INFO - [2022-03-17 07:38:06,019] {dag.py:2398} INFO - Sync 1 DAGs
[2022-03-17 07:38:06,035] {logging_mixin.py:109} INFO - [2022-03-17 07:38:06,035] {dag.py:2937} INFO - Setting next_dagrun for example_nested_branch_dag to 2022-03-16 00:00:00+00:00
[2022-03-17 07:38:07,732] {processor.py:171} INFO - Processing /home/lowenhard/acceleration/env/lib/python3.8/site-packages/airflow/example_dags/example_nested_branch_dag.py took 1.756 seconds
[2022-03-17 07:39:27,800] {processor.py:163} INFO - Started process (PID=834) to work on /home/lowenhard/acceleration/env/lib/python3.8/site-packages/airflow/example_dags/example_nested_branch_dag.py
[2022-03-17 07:39:27,816] {processor.py:642} INFO - Processing file /home/lowenhard/acceleration/env/lib/python3.8/site-packages/airflow/example_dags/example_nested_branch_dag.py for tasks to queue
[2022-03-17 07:39:27,816] {logging_mixin.py:109} INFO - [2022-03-17 07:39:27,816] {dagbag.py:500} INFO - Filling up the DagBag from /home/lowenhard/acceleration/env/lib/python3.8/site-packages/airflow/example_dags/example_nested_branch_dag.py
[2022-03-17 07:39:27,841] {processor.py:654} INFO - DAG(s) dict_keys(['example_nested_branch_dag']) retrieved from /home/lowenhard/acceleration/env/lib/python3.8/site-packages/airflow/example_dags/example_nested_branch_dag.py
[2022-03-17 07:39:27,852] {logging_mixin.py:109} INFO - [2022-03-17 07:39:27,852] {dag.py:2398} INFO - Sync 1 DAGs
[2022-03-17 07:39:27,868] {logging_mixin.py:109} INFO - [2022-03-17 07:39:27,868] {dag.py:2937} INFO - Setting next_dagrun for example_nested_branch_dag to 2022-03-16 00:00:00+00:00
[2022-03-17 07:39:29,617] {processor.py:171} INFO - Processing /home/lowenhard/acceleration/env/lib/python3.8/site-packages/airflow/example_dags/example_nested_branch_dag.py took 1.819 seconds
