[2022-03-17 00:55:29,119] {processor.py:163} INFO - Started process (PID=858) to work on /home/lowenhard/acceleration/env/lib/python3.8/site-packages/airflow/example_dags/example_dag_decorator.py
[2022-03-17 00:55:29,120] {processor.py:642} INFO - Processing file /home/lowenhard/acceleration/env/lib/python3.8/site-packages/airflow/example_dags/example_dag_decorator.py for tasks to queue
[2022-03-17 00:55:29,121] {logging_mixin.py:109} INFO - [2022-03-17 00:55:29,120] {dagbag.py:500} INFO - Filling up the DagBag from /home/lowenhard/acceleration/env/lib/python3.8/site-packages/airflow/example_dags/example_dag_decorator.py
[2022-03-17 00:55:29,307] {processor.py:654} INFO - DAG(s) dict_keys(['example_dag_decorator']) retrieved from /home/lowenhard/acceleration/env/lib/python3.8/site-packages/airflow/example_dags/example_dag_decorator.py
[2022-03-17 00:55:30,204] {logging_mixin.py:109} INFO - [2022-03-17 00:55:30,204] {dag.py:2398} INFO - Sync 1 DAGs
[2022-03-17 00:55:30,261] {logging_mixin.py:109} INFO - [2022-03-17 00:55:30,261] {dag.py:2937} INFO - Setting next_dagrun for example_dag_decorator to None
[2022-03-17 00:55:31,476] {processor.py:171} INFO - Processing /home/lowenhard/acceleration/env/lib/python3.8/site-packages/airflow/example_dags/example_dag_decorator.py took 2.363 seconds
[2022-03-17 00:57:00,375] {processor.py:163} INFO - Started process (PID=890) to work on /home/lowenhard/acceleration/env/lib/python3.8/site-packages/airflow/example_dags/example_dag_decorator.py
[2022-03-17 00:57:01,804] {processor.py:642} INFO - Processing file /home/lowenhard/acceleration/env/lib/python3.8/site-packages/airflow/example_dags/example_dag_decorator.py for tasks to queue
[2022-03-17 00:57:01,805] {logging_mixin.py:109} INFO - [2022-03-17 00:57:01,804] {dagbag.py:500} INFO - Filling up the DagBag from /home/lowenhard/acceleration/env/lib/python3.8/site-packages/airflow/example_dags/example_dag_decorator.py
[2022-03-17 00:57:02,665] {processor.py:654} INFO - DAG(s) dict_keys(['example_dag_decorator']) retrieved from /home/lowenhard/acceleration/env/lib/python3.8/site-packages/airflow/example_dags/example_dag_decorator.py
[2022-03-17 00:57:02,867] {logging_mixin.py:109} INFO - [2022-03-17 00:57:02,866] {dag.py:2398} INFO - Sync 1 DAGs
[2022-03-17 00:57:02,875] {logging_mixin.py:109} INFO - [2022-03-17 00:57:02,875] {dag.py:2937} INFO - Setting next_dagrun for example_dag_decorator to None
[2022-03-17 00:57:03,109] {processor.py:171} INFO - Processing /home/lowenhard/acceleration/env/lib/python3.8/site-packages/airflow/example_dags/example_dag_decorator.py took 2.737 seconds
[2022-03-17 00:57:53,692] {processor.py:163} INFO - Started process (PID=911) to work on /home/lowenhard/acceleration/env/lib/python3.8/site-packages/airflow/example_dags/example_dag_decorator.py
[2022-03-17 00:57:53,757] {processor.py:642} INFO - Processing file /home/lowenhard/acceleration/env/lib/python3.8/site-packages/airflow/example_dags/example_dag_decorator.py for tasks to queue
[2022-03-17 00:57:53,757] {logging_mixin.py:109} INFO - [2022-03-17 00:57:53,757] {dagbag.py:500} INFO - Filling up the DagBag from /home/lowenhard/acceleration/env/lib/python3.8/site-packages/airflow/example_dags/example_dag_decorator.py
[2022-03-17 00:57:54,417] {processor.py:654} INFO - DAG(s) dict_keys(['example_dag_decorator']) retrieved from /home/lowenhard/acceleration/env/lib/python3.8/site-packages/airflow/example_dags/example_dag_decorator.py
[2022-03-17 00:57:54,581] {logging_mixin.py:109} INFO - [2022-03-17 00:57:54,581] {dag.py:2398} INFO - Sync 1 DAGs
[2022-03-17 00:57:54,589] {logging_mixin.py:109} INFO - [2022-03-17 00:57:54,589] {dag.py:2937} INFO - Setting next_dagrun for example_dag_decorator to None
[2022-03-17 00:57:54,824] {processor.py:171} INFO - Processing /home/lowenhard/acceleration/env/lib/python3.8/site-packages/airflow/example_dags/example_dag_decorator.py took 1.135 seconds
[2022-03-17 00:58:38,691] {processor.py:163} INFO - Started process (PID=930) to work on /home/lowenhard/acceleration/env/lib/python3.8/site-packages/airflow/example_dags/example_dag_decorator.py
[2022-03-17 00:58:38,693] {processor.py:642} INFO - Processing file /home/lowenhard/acceleration/env/lib/python3.8/site-packages/airflow/example_dags/example_dag_decorator.py for tasks to queue
[2022-03-17 00:58:38,693] {logging_mixin.py:109} INFO - [2022-03-17 00:58:38,693] {dagbag.py:500} INFO - Filling up the DagBag from /home/lowenhard/acceleration/env/lib/python3.8/site-packages/airflow/example_dags/example_dag_decorator.py
[2022-03-17 00:58:38,718] {processor.py:654} INFO - DAG(s) dict_keys(['example_dag_decorator']) retrieved from /home/lowenhard/acceleration/env/lib/python3.8/site-packages/airflow/example_dags/example_dag_decorator.py
[2022-03-17 00:58:38,911] {logging_mixin.py:109} INFO - [2022-03-17 00:58:38,911] {dag.py:2398} INFO - Sync 1 DAGs
[2022-03-17 00:58:38,928] {logging_mixin.py:109} INFO - [2022-03-17 00:58:38,928] {dag.py:2937} INFO - Setting next_dagrun for example_dag_decorator to None
[2022-03-17 00:58:39,104] {processor.py:171} INFO - Processing /home/lowenhard/acceleration/env/lib/python3.8/site-packages/airflow/example_dags/example_dag_decorator.py took 0.416 seconds
[2022-03-17 00:59:22,782] {processor.py:163} INFO - Started process (PID=949) to work on /home/lowenhard/acceleration/env/lib/python3.8/site-packages/airflow/example_dags/example_dag_decorator.py
[2022-03-17 00:59:22,954] {processor.py:642} INFO - Processing file /home/lowenhard/acceleration/env/lib/python3.8/site-packages/airflow/example_dags/example_dag_decorator.py for tasks to queue
[2022-03-17 00:59:22,954] {logging_mixin.py:109} INFO - [2022-03-17 00:59:22,954] {dagbag.py:500} INFO - Filling up the DagBag from /home/lowenhard/acceleration/env/lib/python3.8/site-packages/airflow/example_dags/example_dag_decorator.py
[2022-03-17 00:59:22,978] {processor.py:654} INFO - DAG(s) dict_keys(['example_dag_decorator']) retrieved from /home/lowenhard/acceleration/env/lib/python3.8/site-packages/airflow/example_dags/example_dag_decorator.py
[2022-03-17 00:59:23,154] {logging_mixin.py:109} INFO - [2022-03-17 00:59:23,154] {dag.py:2398} INFO - Sync 1 DAGs
[2022-03-17 00:59:23,163] {logging_mixin.py:109} INFO - [2022-03-17 00:59:23,163] {dag.py:2937} INFO - Setting next_dagrun for example_dag_decorator to None
[2022-03-17 00:59:23,568] {processor.py:171} INFO - Processing /home/lowenhard/acceleration/env/lib/python3.8/site-packages/airflow/example_dags/example_dag_decorator.py took 0.789 seconds
[2022-03-17 01:00:03,326] {processor.py:163} INFO - Started process (PID=969) to work on /home/lowenhard/acceleration/env/lib/python3.8/site-packages/airflow/example_dags/example_dag_decorator.py
[2022-03-17 01:00:03,374] {processor.py:642} INFO - Processing file /home/lowenhard/acceleration/env/lib/python3.8/site-packages/airflow/example_dags/example_dag_decorator.py for tasks to queue
[2022-03-17 01:00:03,451] {logging_mixin.py:109} INFO - [2022-03-17 01:00:03,451] {dagbag.py:500} INFO - Filling up the DagBag from /home/lowenhard/acceleration/env/lib/python3.8/site-packages/airflow/example_dags/example_dag_decorator.py
[2022-03-17 01:00:03,811] {processor.py:654} INFO - DAG(s) dict_keys(['example_dag_decorator']) retrieved from /home/lowenhard/acceleration/env/lib/python3.8/site-packages/airflow/example_dags/example_dag_decorator.py
[2022-03-17 01:00:03,981] {logging_mixin.py:109} INFO - [2022-03-17 01:00:03,981] {dag.py:2398} INFO - Sync 1 DAGs
[2022-03-17 01:00:03,991] {logging_mixin.py:109} INFO - [2022-03-17 01:00:03,991] {dag.py:2937} INFO - Setting next_dagrun for example_dag_decorator to None
[2022-03-17 01:00:06,092] {processor.py:171} INFO - Processing /home/lowenhard/acceleration/env/lib/python3.8/site-packages/airflow/example_dags/example_dag_decorator.py took 2.770 seconds
[2022-03-17 07:14:23,826] {processor.py:163} INFO - Started process (PID=117) to work on /home/lowenhard/acceleration/env/lib/python3.8/site-packages/airflow/example_dags/example_dag_decorator.py
[2022-03-17 07:14:23,831] {processor.py:642} INFO - Processing file /home/lowenhard/acceleration/env/lib/python3.8/site-packages/airflow/example_dags/example_dag_decorator.py for tasks to queue
[2022-03-17 07:14:23,833] {logging_mixin.py:109} INFO - [2022-03-17 07:14:23,833] {dagbag.py:500} INFO - Filling up the DagBag from /home/lowenhard/acceleration/env/lib/python3.8/site-packages/airflow/example_dags/example_dag_decorator.py
[2022-03-17 07:14:23,923] {processor.py:654} INFO - DAG(s) dict_keys(['example_dag_decorator']) retrieved from /home/lowenhard/acceleration/env/lib/python3.8/site-packages/airflow/example_dags/example_dag_decorator.py
[2022-03-17 07:14:23,939] {logging_mixin.py:109} INFO - [2022-03-17 07:14:23,939] {dag.py:2398} INFO - Sync 1 DAGs
[2022-03-17 07:14:23,979] {logging_mixin.py:109} INFO - [2022-03-17 07:14:23,979] {dag.py:2937} INFO - Setting next_dagrun for example_dag_decorator to None
[2022-03-17 07:14:24,188] {processor.py:171} INFO - Processing /home/lowenhard/acceleration/env/lib/python3.8/site-packages/airflow/example_dags/example_dag_decorator.py took 0.366 seconds
[2022-03-17 07:15:44,052] {processor.py:163} INFO - Started process (PID=149) to work on /home/lowenhard/acceleration/env/lib/python3.8/site-packages/airflow/example_dags/example_dag_decorator.py
[2022-03-17 07:15:44,103] {processor.py:642} INFO - Processing file /home/lowenhard/acceleration/env/lib/python3.8/site-packages/airflow/example_dags/example_dag_decorator.py for tasks to queue
[2022-03-17 07:15:44,104] {logging_mixin.py:109} INFO - [2022-03-17 07:15:44,104] {dagbag.py:500} INFO - Filling up the DagBag from /home/lowenhard/acceleration/env/lib/python3.8/site-packages/airflow/example_dags/example_dag_decorator.py
[2022-03-17 07:15:44,145] {processor.py:654} INFO - DAG(s) dict_keys(['example_dag_decorator']) retrieved from /home/lowenhard/acceleration/env/lib/python3.8/site-packages/airflow/example_dags/example_dag_decorator.py
[2022-03-17 07:15:44,427] {logging_mixin.py:109} INFO - [2022-03-17 07:15:44,427] {dag.py:2398} INFO - Sync 1 DAGs
[2022-03-17 07:15:44,440] {logging_mixin.py:109} INFO - [2022-03-17 07:15:44,440] {dag.py:2937} INFO - Setting next_dagrun for example_dag_decorator to None
[2022-03-17 07:15:44,933] {processor.py:171} INFO - Processing /home/lowenhard/acceleration/env/lib/python3.8/site-packages/airflow/example_dags/example_dag_decorator.py took 0.883 seconds
[2022-03-17 07:16:30,200] {processor.py:163} INFO - Started process (PID=169) to work on /home/lowenhard/acceleration/env/lib/python3.8/site-packages/airflow/example_dags/example_dag_decorator.py
[2022-03-17 07:16:30,203] {processor.py:642} INFO - Processing file /home/lowenhard/acceleration/env/lib/python3.8/site-packages/airflow/example_dags/example_dag_decorator.py for tasks to queue
[2022-03-17 07:16:30,203] {logging_mixin.py:109} INFO - [2022-03-17 07:16:30,203] {dagbag.py:500} INFO - Filling up the DagBag from /home/lowenhard/acceleration/env/lib/python3.8/site-packages/airflow/example_dags/example_dag_decorator.py
[2022-03-17 07:16:30,249] {processor.py:654} INFO - DAG(s) dict_keys(['example_dag_decorator']) retrieved from /home/lowenhard/acceleration/env/lib/python3.8/site-packages/airflow/example_dags/example_dag_decorator.py
[2022-03-17 07:16:30,542] {logging_mixin.py:109} INFO - [2022-03-17 07:16:30,542] {dag.py:2398} INFO - Sync 1 DAGs
[2022-03-17 07:16:30,554] {logging_mixin.py:109} INFO - [2022-03-17 07:16:30,554] {dag.py:2937} INFO - Setting next_dagrun for example_dag_decorator to None
[2022-03-17 07:16:30,749] {processor.py:171} INFO - Processing /home/lowenhard/acceleration/env/lib/python3.8/site-packages/airflow/example_dags/example_dag_decorator.py took 0.553 seconds
[2022-03-17 07:17:12,184] {processor.py:163} INFO - Started process (PID=189) to work on /home/lowenhard/acceleration/env/lib/python3.8/site-packages/airflow/example_dags/example_dag_decorator.py
[2022-03-17 07:17:12,188] {processor.py:642} INFO - Processing file /home/lowenhard/acceleration/env/lib/python3.8/site-packages/airflow/example_dags/example_dag_decorator.py for tasks to queue
[2022-03-17 07:17:12,188] {logging_mixin.py:109} INFO - [2022-03-17 07:17:12,188] {dagbag.py:500} INFO - Filling up the DagBag from /home/lowenhard/acceleration/env/lib/python3.8/site-packages/airflow/example_dags/example_dag_decorator.py
[2022-03-17 07:17:12,232] {processor.py:654} INFO - DAG(s) dict_keys(['example_dag_decorator']) retrieved from /home/lowenhard/acceleration/env/lib/python3.8/site-packages/airflow/example_dags/example_dag_decorator.py
[2022-03-17 07:17:12,474] {logging_mixin.py:109} INFO - [2022-03-17 07:17:12,474] {dag.py:2398} INFO - Sync 1 DAGs
[2022-03-17 07:17:12,485] {logging_mixin.py:109} INFO - [2022-03-17 07:17:12,485] {dag.py:2937} INFO - Setting next_dagrun for example_dag_decorator to None
[2022-03-17 07:17:13,553] {processor.py:171} INFO - Processing /home/lowenhard/acceleration/env/lib/python3.8/site-packages/airflow/example_dags/example_dag_decorator.py took 1.374 seconds
[2022-03-17 07:17:55,187] {processor.py:163} INFO - Started process (PID=208) to work on /home/lowenhard/acceleration/env/lib/python3.8/site-packages/airflow/example_dags/example_dag_decorator.py
[2022-03-17 07:17:55,199] {processor.py:642} INFO - Processing file /home/lowenhard/acceleration/env/lib/python3.8/site-packages/airflow/example_dags/example_dag_decorator.py for tasks to queue
[2022-03-17 07:17:55,200] {logging_mixin.py:109} INFO - [2022-03-17 07:17:55,200] {dagbag.py:500} INFO - Filling up the DagBag from /home/lowenhard/acceleration/env/lib/python3.8/site-packages/airflow/example_dags/example_dag_decorator.py
[2022-03-17 07:17:55,244] {processor.py:654} INFO - DAG(s) dict_keys(['example_dag_decorator']) retrieved from /home/lowenhard/acceleration/env/lib/python3.8/site-packages/airflow/example_dags/example_dag_decorator.py
[2022-03-17 07:17:57,457] {logging_mixin.py:109} INFO - [2022-03-17 07:17:57,457] {dag.py:2398} INFO - Sync 1 DAGs
[2022-03-17 07:17:57,474] {logging_mixin.py:109} INFO - [2022-03-17 07:17:57,474] {dag.py:2937} INFO - Setting next_dagrun for example_dag_decorator to None
[2022-03-17 07:17:57,693] {processor.py:171} INFO - Processing /home/lowenhard/acceleration/env/lib/python3.8/site-packages/airflow/example_dags/example_dag_decorator.py took 2.510 seconds
[2022-03-17 07:19:15,634] {processor.py:163} INFO - Started process (PID=244) to work on /home/lowenhard/acceleration/env/lib/python3.8/site-packages/airflow/example_dags/example_dag_decorator.py
[2022-03-17 07:19:15,873] {processor.py:642} INFO - Processing file /home/lowenhard/acceleration/env/lib/python3.8/site-packages/airflow/example_dags/example_dag_decorator.py for tasks to queue
[2022-03-17 07:19:15,874] {logging_mixin.py:109} INFO - [2022-03-17 07:19:15,874] {dagbag.py:500} INFO - Filling up the DagBag from /home/lowenhard/acceleration/env/lib/python3.8/site-packages/airflow/example_dags/example_dag_decorator.py
[2022-03-17 07:19:15,928] {processor.py:654} INFO - DAG(s) dict_keys(['example_dag_decorator']) retrieved from /home/lowenhard/acceleration/env/lib/python3.8/site-packages/airflow/example_dags/example_dag_decorator.py
[2022-03-17 07:19:16,242] {logging_mixin.py:109} INFO - [2022-03-17 07:19:16,242] {dag.py:2398} INFO - Sync 1 DAGs
[2022-03-17 07:19:16,259] {logging_mixin.py:109} INFO - [2022-03-17 07:19:16,259] {dag.py:2937} INFO - Setting next_dagrun for example_dag_decorator to None
[2022-03-17 07:19:17,644] {processor.py:171} INFO - Processing /home/lowenhard/acceleration/env/lib/python3.8/site-packages/airflow/example_dags/example_dag_decorator.py took 2.032 seconds
[2022-03-17 07:20:39,904] {processor.py:163} INFO - Started process (PID=280) to work on /home/lowenhard/acceleration/env/lib/python3.8/site-packages/airflow/example_dags/example_dag_decorator.py
[2022-03-17 07:20:40,242] {processor.py:642} INFO - Processing file /home/lowenhard/acceleration/env/lib/python3.8/site-packages/airflow/example_dags/example_dag_decorator.py for tasks to queue
[2022-03-17 07:20:40,243] {logging_mixin.py:109} INFO - [2022-03-17 07:20:40,243] {dagbag.py:500} INFO - Filling up the DagBag from /home/lowenhard/acceleration/env/lib/python3.8/site-packages/airflow/example_dags/example_dag_decorator.py
[2022-03-17 07:20:40,292] {processor.py:654} INFO - DAG(s) dict_keys(['example_dag_decorator']) retrieved from /home/lowenhard/acceleration/env/lib/python3.8/site-packages/airflow/example_dags/example_dag_decorator.py
[2022-03-17 07:20:40,590] {logging_mixin.py:109} INFO - [2022-03-17 07:20:40,589] {dag.py:2398} INFO - Sync 1 DAGs
[2022-03-17 07:20:40,606] {logging_mixin.py:109} INFO - [2022-03-17 07:20:40,606] {dag.py:2937} INFO - Setting next_dagrun for example_dag_decorator to None
[2022-03-17 07:20:41,039] {processor.py:171} INFO - Processing /home/lowenhard/acceleration/env/lib/python3.8/site-packages/airflow/example_dags/example_dag_decorator.py took 1.138 seconds
[2022-03-17 07:21:27,075] {processor.py:163} INFO - Started process (PID=302) to work on /home/lowenhard/acceleration/env/lib/python3.8/site-packages/airflow/example_dags/example_dag_decorator.py
[2022-03-17 07:21:27,393] {processor.py:642} INFO - Processing file /home/lowenhard/acceleration/env/lib/python3.8/site-packages/airflow/example_dags/example_dag_decorator.py for tasks to queue
[2022-03-17 07:21:27,394] {logging_mixin.py:109} INFO - [2022-03-17 07:21:27,394] {dagbag.py:500} INFO - Filling up the DagBag from /home/lowenhard/acceleration/env/lib/python3.8/site-packages/airflow/example_dags/example_dag_decorator.py
[2022-03-17 07:21:27,780] {processor.py:654} INFO - DAG(s) dict_keys(['example_dag_decorator']) retrieved from /home/lowenhard/acceleration/env/lib/python3.8/site-packages/airflow/example_dags/example_dag_decorator.py
[2022-03-17 07:21:28,098] {logging_mixin.py:109} INFO - [2022-03-17 07:21:28,098] {dag.py:2398} INFO - Sync 1 DAGs
[2022-03-17 07:21:28,116] {logging_mixin.py:109} INFO - [2022-03-17 07:21:28,116] {dag.py:2937} INFO - Setting next_dagrun for example_dag_decorator to None
[2022-03-17 07:21:28,399] {processor.py:171} INFO - Processing /home/lowenhard/acceleration/env/lib/python3.8/site-packages/airflow/example_dags/example_dag_decorator.py took 1.328 seconds
[2022-03-17 07:22:08,057] {processor.py:163} INFO - Started process (PID=321) to work on /home/lowenhard/acceleration/env/lib/python3.8/site-packages/airflow/example_dags/example_dag_decorator.py
[2022-03-17 07:22:08,125] {processor.py:642} INFO - Processing file /home/lowenhard/acceleration/env/lib/python3.8/site-packages/airflow/example_dags/example_dag_decorator.py for tasks to queue
[2022-03-17 07:22:08,126] {logging_mixin.py:109} INFO - [2022-03-17 07:22:08,126] {dagbag.py:500} INFO - Filling up the DagBag from /home/lowenhard/acceleration/env/lib/python3.8/site-packages/airflow/example_dags/example_dag_decorator.py
[2022-03-17 07:22:08,406] {processor.py:654} INFO - DAG(s) dict_keys(['example_dag_decorator']) retrieved from /home/lowenhard/acceleration/env/lib/python3.8/site-packages/airflow/example_dags/example_dag_decorator.py
[2022-03-17 07:22:08,707] {logging_mixin.py:109} INFO - [2022-03-17 07:22:08,707] {dag.py:2398} INFO - Sync 1 DAGs
[2022-03-17 07:22:08,726] {logging_mixin.py:109} INFO - [2022-03-17 07:22:08,726] {dag.py:2937} INFO - Setting next_dagrun for example_dag_decorator to None
[2022-03-17 07:22:09,914] {processor.py:171} INFO - Processing /home/lowenhard/acceleration/env/lib/python3.8/site-packages/airflow/example_dags/example_dag_decorator.py took 1.861 seconds
[2022-03-17 07:23:12,241] {processor.py:163} INFO - Started process (PID=354) to work on /home/lowenhard/acceleration/env/lib/python3.8/site-packages/airflow/example_dags/example_dag_decorator.py
[2022-03-17 07:23:12,272] {processor.py:642} INFO - Processing file /home/lowenhard/acceleration/env/lib/python3.8/site-packages/airflow/example_dags/example_dag_decorator.py for tasks to queue
[2022-03-17 07:23:12,273] {logging_mixin.py:109} INFO - [2022-03-17 07:23:12,272] {dagbag.py:500} INFO - Filling up the DagBag from /home/lowenhard/acceleration/env/lib/python3.8/site-packages/airflow/example_dags/example_dag_decorator.py
[2022-03-17 07:23:12,308] {processor.py:654} INFO - DAG(s) dict_keys(['example_dag_decorator']) retrieved from /home/lowenhard/acceleration/env/lib/python3.8/site-packages/airflow/example_dags/example_dag_decorator.py
[2022-03-17 07:23:12,561] {logging_mixin.py:109} INFO - [2022-03-17 07:23:12,560] {dag.py:2398} INFO - Sync 1 DAGs
[2022-03-17 07:23:12,573] {logging_mixin.py:109} INFO - [2022-03-17 07:23:12,573] {dag.py:2937} INFO - Setting next_dagrun for example_dag_decorator to None
[2022-03-17 07:23:12,889] {processor.py:171} INFO - Processing /home/lowenhard/acceleration/env/lib/python3.8/site-packages/airflow/example_dags/example_dag_decorator.py took 0.651 seconds
[2022-03-17 07:24:05,845] {processor.py:163} INFO - Started process (PID=386) to work on /home/lowenhard/acceleration/env/lib/python3.8/site-packages/airflow/example_dags/example_dag_decorator.py
[2022-03-17 07:24:05,854] {processor.py:642} INFO - Processing file /home/lowenhard/acceleration/env/lib/python3.8/site-packages/airflow/example_dags/example_dag_decorator.py for tasks to queue
[2022-03-17 07:24:05,856] {logging_mixin.py:109} INFO - [2022-03-17 07:24:05,855] {dagbag.py:500} INFO - Filling up the DagBag from /home/lowenhard/acceleration/env/lib/python3.8/site-packages/airflow/example_dags/example_dag_decorator.py
[2022-03-17 07:24:05,907] {processor.py:654} INFO - DAG(s) dict_keys(['example_dag_decorator']) retrieved from /home/lowenhard/acceleration/env/lib/python3.8/site-packages/airflow/example_dags/example_dag_decorator.py
[2022-03-17 07:24:06,149] {logging_mixin.py:109} INFO - [2022-03-17 07:24:06,149] {dag.py:2398} INFO - Sync 1 DAGs
[2022-03-17 07:24:06,161] {logging_mixin.py:109} INFO - [2022-03-17 07:24:06,161] {dag.py:2937} INFO - Setting next_dagrun for example_dag_decorator to None
[2022-03-17 07:24:06,462] {processor.py:171} INFO - Processing /home/lowenhard/acceleration/env/lib/python3.8/site-packages/airflow/example_dags/example_dag_decorator.py took 0.621 seconds
[2022-03-17 07:24:45,641] {processor.py:163} INFO - Started process (PID=412) to work on /home/lowenhard/acceleration/env/lib/python3.8/site-packages/airflow/example_dags/example_dag_decorator.py
[2022-03-17 07:24:45,658] {processor.py:642} INFO - Processing file /home/lowenhard/acceleration/env/lib/python3.8/site-packages/airflow/example_dags/example_dag_decorator.py for tasks to queue
[2022-03-17 07:24:45,659] {logging_mixin.py:109} INFO - [2022-03-17 07:24:45,659] {dagbag.py:500} INFO - Filling up the DagBag from /home/lowenhard/acceleration/env/lib/python3.8/site-packages/airflow/example_dags/example_dag_decorator.py
[2022-03-17 07:24:45,708] {processor.py:654} INFO - DAG(s) dict_keys(['example_dag_decorator']) retrieved from /home/lowenhard/acceleration/env/lib/python3.8/site-packages/airflow/example_dags/example_dag_decorator.py
[2022-03-17 07:24:46,013] {logging_mixin.py:109} INFO - [2022-03-17 07:24:46,012] {dag.py:2398} INFO - Sync 1 DAGs
[2022-03-17 07:24:46,120] {logging_mixin.py:109} INFO - [2022-03-17 07:24:46,120] {dag.py:2937} INFO - Setting next_dagrun for example_dag_decorator to None
[2022-03-17 07:24:46,363] {processor.py:171} INFO - Processing /home/lowenhard/acceleration/env/lib/python3.8/site-packages/airflow/example_dags/example_dag_decorator.py took 0.728 seconds
[2022-03-17 07:25:33,294] {processor.py:163} INFO - Started process (PID=440) to work on /home/lowenhard/acceleration/env/lib/python3.8/site-packages/airflow/example_dags/example_dag_decorator.py
[2022-03-17 07:25:33,319] {processor.py:642} INFO - Processing file /home/lowenhard/acceleration/env/lib/python3.8/site-packages/airflow/example_dags/example_dag_decorator.py for tasks to queue
[2022-03-17 07:25:33,319] {logging_mixin.py:109} INFO - [2022-03-17 07:25:33,319] {dagbag.py:500} INFO - Filling up the DagBag from /home/lowenhard/acceleration/env/lib/python3.8/site-packages/airflow/example_dags/example_dag_decorator.py
[2022-03-17 07:25:33,349] {processor.py:654} INFO - DAG(s) dict_keys(['example_dag_decorator']) retrieved from /home/lowenhard/acceleration/env/lib/python3.8/site-packages/airflow/example_dags/example_dag_decorator.py
[2022-03-17 07:25:33,513] {logging_mixin.py:109} INFO - [2022-03-17 07:25:33,513] {dag.py:2398} INFO - Sync 1 DAGs
[2022-03-17 07:25:33,585] {logging_mixin.py:109} INFO - [2022-03-17 07:25:33,585] {dag.py:2937} INFO - Setting next_dagrun for example_dag_decorator to None
[2022-03-17 07:25:33,839] {processor.py:171} INFO - Processing /home/lowenhard/acceleration/env/lib/python3.8/site-packages/airflow/example_dags/example_dag_decorator.py took 0.548 seconds
[2022-03-17 07:26:15,740] {processor.py:163} INFO - Started process (PID=467) to work on /home/lowenhard/acceleration/env/lib/python3.8/site-packages/airflow/example_dags/example_dag_decorator.py
[2022-03-17 07:26:15,754] {processor.py:642} INFO - Processing file /home/lowenhard/acceleration/env/lib/python3.8/site-packages/airflow/example_dags/example_dag_decorator.py for tasks to queue
[2022-03-17 07:26:15,755] {logging_mixin.py:109} INFO - [2022-03-17 07:26:15,755] {dagbag.py:500} INFO - Filling up the DagBag from /home/lowenhard/acceleration/env/lib/python3.8/site-packages/airflow/example_dags/example_dag_decorator.py
[2022-03-17 07:26:15,781] {processor.py:654} INFO - DAG(s) dict_keys(['example_dag_decorator']) retrieved from /home/lowenhard/acceleration/env/lib/python3.8/site-packages/airflow/example_dags/example_dag_decorator.py
[2022-03-17 07:26:15,976] {logging_mixin.py:109} INFO - [2022-03-17 07:26:15,976] {dag.py:2398} INFO - Sync 1 DAGs
[2022-03-17 07:26:16,046] {logging_mixin.py:109} INFO - [2022-03-17 07:26:16,046] {dag.py:2937} INFO - Setting next_dagrun for example_dag_decorator to None
[2022-03-17 07:26:17,641] {processor.py:171} INFO - Processing /home/lowenhard/acceleration/env/lib/python3.8/site-packages/airflow/example_dags/example_dag_decorator.py took 1.904 seconds
[2022-03-17 07:27:35,909] {processor.py:163} INFO - Started process (PID=503) to work on /home/lowenhard/acceleration/env/lib/python3.8/site-packages/airflow/example_dags/example_dag_decorator.py
[2022-03-17 07:27:35,930] {processor.py:642} INFO - Processing file /home/lowenhard/acceleration/env/lib/python3.8/site-packages/airflow/example_dags/example_dag_decorator.py for tasks to queue
[2022-03-17 07:27:35,931] {logging_mixin.py:109} INFO - [2022-03-17 07:27:35,931] {dagbag.py:500} INFO - Filling up the DagBag from /home/lowenhard/acceleration/env/lib/python3.8/site-packages/airflow/example_dags/example_dag_decorator.py
[2022-03-17 07:27:35,958] {processor.py:654} INFO - DAG(s) dict_keys(['example_dag_decorator']) retrieved from /home/lowenhard/acceleration/env/lib/python3.8/site-packages/airflow/example_dags/example_dag_decorator.py
[2022-03-17 07:27:36,211] {logging_mixin.py:109} INFO - [2022-03-17 07:27:36,211] {dag.py:2398} INFO - Sync 1 DAGs
[2022-03-17 07:27:36,222] {logging_mixin.py:109} INFO - [2022-03-17 07:27:36,222] {dag.py:2937} INFO - Setting next_dagrun for example_dag_decorator to None
[2022-03-17 07:27:36,445] {processor.py:171} INFO - Processing /home/lowenhard/acceleration/env/lib/python3.8/site-packages/airflow/example_dags/example_dag_decorator.py took 0.538 seconds
[2022-03-17 07:28:31,405] {processor.py:163} INFO - Started process (PID=534) to work on /home/lowenhard/acceleration/env/lib/python3.8/site-packages/airflow/example_dags/example_dag_decorator.py
[2022-03-17 07:28:31,499] {processor.py:642} INFO - Processing file /home/lowenhard/acceleration/env/lib/python3.8/site-packages/airflow/example_dags/example_dag_decorator.py for tasks to queue
[2022-03-17 07:28:31,500] {logging_mixin.py:109} INFO - [2022-03-17 07:28:31,500] {dagbag.py:500} INFO - Filling up the DagBag from /home/lowenhard/acceleration/env/lib/python3.8/site-packages/airflow/example_dags/example_dag_decorator.py
[2022-03-17 07:28:31,530] {processor.py:654} INFO - DAG(s) dict_keys(['example_dag_decorator']) retrieved from /home/lowenhard/acceleration/env/lib/python3.8/site-packages/airflow/example_dags/example_dag_decorator.py
[2022-03-17 07:28:31,846] {logging_mixin.py:109} INFO - [2022-03-17 07:28:31,846] {dag.py:2398} INFO - Sync 1 DAGs
[2022-03-17 07:28:31,859] {logging_mixin.py:109} INFO - [2022-03-17 07:28:31,858] {dag.py:2937} INFO - Setting next_dagrun for example_dag_decorator to None
[2022-03-17 07:28:32,054] {processor.py:171} INFO - Processing /home/lowenhard/acceleration/env/lib/python3.8/site-packages/airflow/example_dags/example_dag_decorator.py took 0.652 seconds
[2022-03-17 07:29:34,509] {processor.py:163} INFO - Started process (PID=566) to work on /home/lowenhard/acceleration/env/lib/python3.8/site-packages/airflow/example_dags/example_dag_decorator.py
[2022-03-17 07:29:34,528] {processor.py:642} INFO - Processing file /home/lowenhard/acceleration/env/lib/python3.8/site-packages/airflow/example_dags/example_dag_decorator.py for tasks to queue
[2022-03-17 07:29:34,528] {logging_mixin.py:109} INFO - [2022-03-17 07:29:34,528] {dagbag.py:500} INFO - Filling up the DagBag from /home/lowenhard/acceleration/env/lib/python3.8/site-packages/airflow/example_dags/example_dag_decorator.py
[2022-03-17 07:29:34,565] {processor.py:654} INFO - DAG(s) dict_keys(['example_dag_decorator']) retrieved from /home/lowenhard/acceleration/env/lib/python3.8/site-packages/airflow/example_dags/example_dag_decorator.py
[2022-03-17 07:29:34,951] {logging_mixin.py:109} INFO - [2022-03-17 07:29:34,951] {dag.py:2398} INFO - Sync 1 DAGs
[2022-03-17 07:29:34,970] {logging_mixin.py:109} INFO - [2022-03-17 07:29:34,970] {dag.py:2937} INFO - Setting next_dagrun for example_dag_decorator to None
[2022-03-17 07:29:35,120] {processor.py:171} INFO - Processing /home/lowenhard/acceleration/env/lib/python3.8/site-packages/airflow/example_dags/example_dag_decorator.py took 0.613 seconds
[2022-03-17 07:30:47,967] {processor.py:163} INFO - Started process (PID=601) to work on /home/lowenhard/acceleration/env/lib/python3.8/site-packages/airflow/example_dags/example_dag_decorator.py
[2022-03-17 07:30:47,993] {processor.py:642} INFO - Processing file /home/lowenhard/acceleration/env/lib/python3.8/site-packages/airflow/example_dags/example_dag_decorator.py for tasks to queue
[2022-03-17 07:30:47,993] {logging_mixin.py:109} INFO - [2022-03-17 07:30:47,993] {dagbag.py:500} INFO - Filling up the DagBag from /home/lowenhard/acceleration/env/lib/python3.8/site-packages/airflow/example_dags/example_dag_decorator.py
[2022-03-17 07:30:48,021] {processor.py:654} INFO - DAG(s) dict_keys(['example_dag_decorator']) retrieved from /home/lowenhard/acceleration/env/lib/python3.8/site-packages/airflow/example_dags/example_dag_decorator.py
[2022-03-17 07:30:48,294] {logging_mixin.py:109} INFO - [2022-03-17 07:30:48,294] {dag.py:2398} INFO - Sync 1 DAGs
[2022-03-17 07:30:48,305] {logging_mixin.py:109} INFO - [2022-03-17 07:30:48,305] {dag.py:2937} INFO - Setting next_dagrun for example_dag_decorator to None
[2022-03-17 07:30:48,441] {processor.py:171} INFO - Processing /home/lowenhard/acceleration/env/lib/python3.8/site-packages/airflow/example_dags/example_dag_decorator.py took 0.477 seconds
[2022-03-17 07:31:29,105] {processor.py:163} INFO - Started process (PID=619) to work on /home/lowenhard/acceleration/env/lib/python3.8/site-packages/airflow/example_dags/example_dag_decorator.py
[2022-03-17 07:31:29,316] {processor.py:642} INFO - Processing file /home/lowenhard/acceleration/env/lib/python3.8/site-packages/airflow/example_dags/example_dag_decorator.py for tasks to queue
[2022-03-17 07:31:29,317] {logging_mixin.py:109} INFO - [2022-03-17 07:31:29,317] {dagbag.py:500} INFO - Filling up the DagBag from /home/lowenhard/acceleration/env/lib/python3.8/site-packages/airflow/example_dags/example_dag_decorator.py
[2022-03-17 07:31:29,347] {processor.py:654} INFO - DAG(s) dict_keys(['example_dag_decorator']) retrieved from /home/lowenhard/acceleration/env/lib/python3.8/site-packages/airflow/example_dags/example_dag_decorator.py
[2022-03-17 07:31:29,635] {logging_mixin.py:109} INFO - [2022-03-17 07:31:29,635] {dag.py:2398} INFO - Sync 1 DAGs
[2022-03-17 07:31:29,646] {logging_mixin.py:109} INFO - [2022-03-17 07:31:29,646] {dag.py:2937} INFO - Setting next_dagrun for example_dag_decorator to None
[2022-03-17 07:31:30,014] {processor.py:171} INFO - Processing /home/lowenhard/acceleration/env/lib/python3.8/site-packages/airflow/example_dags/example_dag_decorator.py took 0.911 seconds
[2022-03-17 07:32:07,887] {processor.py:163} INFO - Started process (PID=639) to work on /home/lowenhard/acceleration/env/lib/python3.8/site-packages/airflow/example_dags/example_dag_decorator.py
[2022-03-17 07:32:08,110] {processor.py:642} INFO - Processing file /home/lowenhard/acceleration/env/lib/python3.8/site-packages/airflow/example_dags/example_dag_decorator.py for tasks to queue
[2022-03-17 07:32:08,111] {logging_mixin.py:109} INFO - [2022-03-17 07:32:08,111] {dagbag.py:500} INFO - Filling up the DagBag from /home/lowenhard/acceleration/env/lib/python3.8/site-packages/airflow/example_dags/example_dag_decorator.py
[2022-03-17 07:32:08,142] {processor.py:654} INFO - DAG(s) dict_keys(['example_dag_decorator']) retrieved from /home/lowenhard/acceleration/env/lib/python3.8/site-packages/airflow/example_dags/example_dag_decorator.py
[2022-03-17 07:32:08,440] {logging_mixin.py:109} INFO - [2022-03-17 07:32:08,440] {dag.py:2398} INFO - Sync 1 DAGs
[2022-03-17 07:32:08,452] {logging_mixin.py:109} INFO - [2022-03-17 07:32:08,452] {dag.py:2937} INFO - Setting next_dagrun for example_dag_decorator to None
[2022-03-17 07:32:10,165] {processor.py:171} INFO - Processing /home/lowenhard/acceleration/env/lib/python3.8/site-packages/airflow/example_dags/example_dag_decorator.py took 2.281 seconds
[2022-03-17 07:33:29,361] {processor.py:163} INFO - Started process (PID=675) to work on /home/lowenhard/acceleration/env/lib/python3.8/site-packages/airflow/example_dags/example_dag_decorator.py
[2022-03-17 07:33:29,393] {processor.py:642} INFO - Processing file /home/lowenhard/acceleration/env/lib/python3.8/site-packages/airflow/example_dags/example_dag_decorator.py for tasks to queue
[2022-03-17 07:33:29,393] {logging_mixin.py:109} INFO - [2022-03-17 07:33:29,393] {dagbag.py:500} INFO - Filling up the DagBag from /home/lowenhard/acceleration/env/lib/python3.8/site-packages/airflow/example_dags/example_dag_decorator.py
[2022-03-17 07:33:29,426] {processor.py:654} INFO - DAG(s) dict_keys(['example_dag_decorator']) retrieved from /home/lowenhard/acceleration/env/lib/python3.8/site-packages/airflow/example_dags/example_dag_decorator.py
[2022-03-17 07:33:29,745] {logging_mixin.py:109} INFO - [2022-03-17 07:33:29,745] {dag.py:2398} INFO - Sync 1 DAGs
[2022-03-17 07:33:29,758] {logging_mixin.py:109} INFO - [2022-03-17 07:33:29,758] {dag.py:2937} INFO - Setting next_dagrun for example_dag_decorator to None
[2022-03-17 07:33:31,753] {processor.py:171} INFO - Processing /home/lowenhard/acceleration/env/lib/python3.8/site-packages/airflow/example_dags/example_dag_decorator.py took 2.394 seconds
[2022-03-17 07:34:10,748] {processor.py:163} INFO - Started process (PID=693) to work on /home/lowenhard/acceleration/env/lib/python3.8/site-packages/airflow/example_dags/example_dag_decorator.py
[2022-03-17 07:34:10,847] {processor.py:642} INFO - Processing file /home/lowenhard/acceleration/env/lib/python3.8/site-packages/airflow/example_dags/example_dag_decorator.py for tasks to queue
[2022-03-17 07:34:10,848] {logging_mixin.py:109} INFO - [2022-03-17 07:34:10,848] {dagbag.py:500} INFO - Filling up the DagBag from /home/lowenhard/acceleration/env/lib/python3.8/site-packages/airflow/example_dags/example_dag_decorator.py
[2022-03-17 07:34:10,882] {processor.py:654} INFO - DAG(s) dict_keys(['example_dag_decorator']) retrieved from /home/lowenhard/acceleration/env/lib/python3.8/site-packages/airflow/example_dags/example_dag_decorator.py
[2022-03-17 07:34:11,219] {logging_mixin.py:109} INFO - [2022-03-17 07:34:11,219] {dag.py:2398} INFO - Sync 1 DAGs
[2022-03-17 07:34:11,236] {logging_mixin.py:109} INFO - [2022-03-17 07:34:11,236] {dag.py:2937} INFO - Setting next_dagrun for example_dag_decorator to None
[2022-03-17 07:34:11,757] {processor.py:171} INFO - Processing /home/lowenhard/acceleration/env/lib/python3.8/site-packages/airflow/example_dags/example_dag_decorator.py took 1.012 seconds
[2022-03-17 07:34:58,720] {processor.py:163} INFO - Started process (PID=714) to work on /home/lowenhard/acceleration/env/lib/python3.8/site-packages/airflow/example_dags/example_dag_decorator.py
[2022-03-17 07:34:59,025] {processor.py:642} INFO - Processing file /home/lowenhard/acceleration/env/lib/python3.8/site-packages/airflow/example_dags/example_dag_decorator.py for tasks to queue
[2022-03-17 07:34:59,027] {logging_mixin.py:109} INFO - [2022-03-17 07:34:59,026] {dagbag.py:500} INFO - Filling up the DagBag from /home/lowenhard/acceleration/env/lib/python3.8/site-packages/airflow/example_dags/example_dag_decorator.py
[2022-03-17 07:34:59,891] {processor.py:654} INFO - DAG(s) dict_keys(['example_dag_decorator']) retrieved from /home/lowenhard/acceleration/env/lib/python3.8/site-packages/airflow/example_dags/example_dag_decorator.py
[2022-03-17 07:35:00,259] {logging_mixin.py:109} INFO - [2022-03-17 07:35:00,259] {dag.py:2398} INFO - Sync 1 DAGs
[2022-03-17 07:35:00,270] {logging_mixin.py:109} INFO - [2022-03-17 07:35:00,270] {dag.py:2937} INFO - Setting next_dagrun for example_dag_decorator to None
[2022-03-17 07:35:01,980] {processor.py:171} INFO - Processing /home/lowenhard/acceleration/env/lib/python3.8/site-packages/airflow/example_dags/example_dag_decorator.py took 3.263 seconds
[2022-03-17 07:35:45,417] {processor.py:163} INFO - Started process (PID=732) to work on /home/lowenhard/acceleration/env/lib/python3.8/site-packages/airflow/example_dags/example_dag_decorator.py
[2022-03-17 07:35:45,454] {processor.py:642} INFO - Processing file /home/lowenhard/acceleration/env/lib/python3.8/site-packages/airflow/example_dags/example_dag_decorator.py for tasks to queue
[2022-03-17 07:35:45,455] {logging_mixin.py:109} INFO - [2022-03-17 07:35:45,455] {dagbag.py:500} INFO - Filling up the DagBag from /home/lowenhard/acceleration/env/lib/python3.8/site-packages/airflow/example_dags/example_dag_decorator.py
[2022-03-17 07:35:45,486] {processor.py:654} INFO - DAG(s) dict_keys(['example_dag_decorator']) retrieved from /home/lowenhard/acceleration/env/lib/python3.8/site-packages/airflow/example_dags/example_dag_decorator.py
[2022-03-17 07:35:45,755] {logging_mixin.py:109} INFO - [2022-03-17 07:35:45,754] {dag.py:2398} INFO - Sync 1 DAGs
[2022-03-17 07:35:45,768] {logging_mixin.py:109} INFO - [2022-03-17 07:35:45,768] {dag.py:2937} INFO - Setting next_dagrun for example_dag_decorator to None
[2022-03-17 07:35:46,336] {processor.py:171} INFO - Processing /home/lowenhard/acceleration/env/lib/python3.8/site-packages/airflow/example_dags/example_dag_decorator.py took 0.921 seconds
[2022-03-17 07:36:29,108] {processor.py:163} INFO - Started process (PID=752) to work on /home/lowenhard/acceleration/env/lib/python3.8/site-packages/airflow/example_dags/example_dag_decorator.py
[2022-03-17 07:36:29,746] {processor.py:642} INFO - Processing file /home/lowenhard/acceleration/env/lib/python3.8/site-packages/airflow/example_dags/example_dag_decorator.py for tasks to queue
[2022-03-17 07:36:29,747] {logging_mixin.py:109} INFO - [2022-03-17 07:36:29,747] {dagbag.py:500} INFO - Filling up the DagBag from /home/lowenhard/acceleration/env/lib/python3.8/site-packages/airflow/example_dags/example_dag_decorator.py
[2022-03-17 07:36:29,799] {processor.py:654} INFO - DAG(s) dict_keys(['example_dag_decorator']) retrieved from /home/lowenhard/acceleration/env/lib/python3.8/site-packages/airflow/example_dags/example_dag_decorator.py
[2022-03-17 07:36:30,054] {logging_mixin.py:109} INFO - [2022-03-17 07:36:30,053] {dag.py:2398} INFO - Sync 1 DAGs
[2022-03-17 07:36:30,063] {logging_mixin.py:109} INFO - [2022-03-17 07:36:30,063] {dag.py:2937} INFO - Setting next_dagrun for example_dag_decorator to None
[2022-03-17 07:36:31,003] {processor.py:171} INFO - Processing /home/lowenhard/acceleration/env/lib/python3.8/site-packages/airflow/example_dags/example_dag_decorator.py took 1.898 seconds
[2022-03-17 07:37:43,830] {processor.py:163} INFO - Started process (PID=787) to work on /home/lowenhard/acceleration/env/lib/python3.8/site-packages/airflow/example_dags/example_dag_decorator.py
[2022-03-17 07:37:43,833] {processor.py:642} INFO - Processing file /home/lowenhard/acceleration/env/lib/python3.8/site-packages/airflow/example_dags/example_dag_decorator.py for tasks to queue
[2022-03-17 07:37:43,833] {logging_mixin.py:109} INFO - [2022-03-17 07:37:43,833] {dagbag.py:500} INFO - Filling up the DagBag from /home/lowenhard/acceleration/env/lib/python3.8/site-packages/airflow/example_dags/example_dag_decorator.py
[2022-03-17 07:37:43,864] {processor.py:654} INFO - DAG(s) dict_keys(['example_dag_decorator']) retrieved from /home/lowenhard/acceleration/env/lib/python3.8/site-packages/airflow/example_dags/example_dag_decorator.py
[2022-03-17 07:37:44,227] {logging_mixin.py:109} INFO - [2022-03-17 07:37:44,226] {dag.py:2398} INFO - Sync 1 DAGs
[2022-03-17 07:37:44,237] {logging_mixin.py:109} INFO - [2022-03-17 07:37:44,237] {dag.py:2937} INFO - Setting next_dagrun for example_dag_decorator to None
[2022-03-17 07:37:44,373] {processor.py:171} INFO - Processing /home/lowenhard/acceleration/env/lib/python3.8/site-packages/airflow/example_dags/example_dag_decorator.py took 0.546 seconds
[2022-03-17 07:38:25,402] {processor.py:163} INFO - Started process (PID=806) to work on /home/lowenhard/acceleration/env/lib/python3.8/site-packages/airflow/example_dags/example_dag_decorator.py
[2022-03-17 07:38:26,596] {processor.py:642} INFO - Processing file /home/lowenhard/acceleration/env/lib/python3.8/site-packages/airflow/example_dags/example_dag_decorator.py for tasks to queue
[2022-03-17 07:38:26,597] {logging_mixin.py:109} INFO - [2022-03-17 07:38:26,597] {dagbag.py:500} INFO - Filling up the DagBag from /home/lowenhard/acceleration/env/lib/python3.8/site-packages/airflow/example_dags/example_dag_decorator.py
[2022-03-17 07:38:26,632] {processor.py:654} INFO - DAG(s) dict_keys(['example_dag_decorator']) retrieved from /home/lowenhard/acceleration/env/lib/python3.8/site-packages/airflow/example_dags/example_dag_decorator.py
[2022-03-17 07:38:26,891] {logging_mixin.py:109} INFO - [2022-03-17 07:38:26,891] {dag.py:2398} INFO - Sync 1 DAGs
[2022-03-17 07:38:26,900] {logging_mixin.py:109} INFO - [2022-03-17 07:38:26,900] {dag.py:2937} INFO - Setting next_dagrun for example_dag_decorator to None
[2022-03-17 07:38:28,541] {processor.py:171} INFO - Processing /home/lowenhard/acceleration/env/lib/python3.8/site-packages/airflow/example_dags/example_dag_decorator.py took 3.141 seconds
[2022-03-17 07:39:06,426] {processor.py:163} INFO - Started process (PID=825) to work on /home/lowenhard/acceleration/env/lib/python3.8/site-packages/airflow/example_dags/example_dag_decorator.py
[2022-03-17 07:39:06,678] {processor.py:642} INFO - Processing file /home/lowenhard/acceleration/env/lib/python3.8/site-packages/airflow/example_dags/example_dag_decorator.py for tasks to queue
[2022-03-17 07:39:06,679] {logging_mixin.py:109} INFO - [2022-03-17 07:39:06,679] {dagbag.py:500} INFO - Filling up the DagBag from /home/lowenhard/acceleration/env/lib/python3.8/site-packages/airflow/example_dags/example_dag_decorator.py
[2022-03-17 07:39:06,709] {processor.py:654} INFO - DAG(s) dict_keys(['example_dag_decorator']) retrieved from /home/lowenhard/acceleration/env/lib/python3.8/site-packages/airflow/example_dags/example_dag_decorator.py
[2022-03-17 07:39:07,032] {logging_mixin.py:109} INFO - [2022-03-17 07:39:07,032] {dag.py:2398} INFO - Sync 1 DAGs
[2022-03-17 07:39:07,043] {logging_mixin.py:109} INFO - [2022-03-17 07:39:07,043] {dag.py:2937} INFO - Setting next_dagrun for example_dag_decorator to None
[2022-03-17 07:39:07,165] {processor.py:171} INFO - Processing /home/lowenhard/acceleration/env/lib/python3.8/site-packages/airflow/example_dags/example_dag_decorator.py took 0.741 seconds
[2022-03-17 07:39:48,711] {processor.py:163} INFO - Started process (PID=843) to work on /home/lowenhard/acceleration/env/lib/python3.8/site-packages/airflow/example_dags/example_dag_decorator.py
[2022-03-17 07:39:48,714] {processor.py:642} INFO - Processing file /home/lowenhard/acceleration/env/lib/python3.8/site-packages/airflow/example_dags/example_dag_decorator.py for tasks to queue
[2022-03-17 07:39:48,715] {logging_mixin.py:109} INFO - [2022-03-17 07:39:48,715] {dagbag.py:500} INFO - Filling up the DagBag from /home/lowenhard/acceleration/env/lib/python3.8/site-packages/airflow/example_dags/example_dag_decorator.py
[2022-03-17 07:39:48,746] {processor.py:654} INFO - DAG(s) dict_keys(['example_dag_decorator']) retrieved from /home/lowenhard/acceleration/env/lib/python3.8/site-packages/airflow/example_dags/example_dag_decorator.py
[2022-03-17 07:39:49,029] {logging_mixin.py:109} INFO - [2022-03-17 07:39:49,029] {dag.py:2398} INFO - Sync 1 DAGs
[2022-03-17 07:39:49,041] {logging_mixin.py:109} INFO - [2022-03-17 07:39:49,041] {dag.py:2937} INFO - Setting next_dagrun for example_dag_decorator to None
[2022-03-17 07:39:49,410] {processor.py:171} INFO - Processing /home/lowenhard/acceleration/env/lib/python3.8/site-packages/airflow/example_dags/example_dag_decorator.py took 0.701 seconds
