[2022-03-17 00:56:01,242] {processor.py:163} INFO - Started process (PID=868) to work on /home/lowenhard/acceleration/env/lib/python3.8/site-packages/airflow/example_dags/tutorial_taskflow_api_etl_virtualenv.py
[2022-03-17 00:56:01,243] {processor.py:642} INFO - Processing file /home/lowenhard/acceleration/env/lib/python3.8/site-packages/airflow/example_dags/tutorial_taskflow_api_etl_virtualenv.py for tasks to queue
[2022-03-17 00:56:01,243] {logging_mixin.py:109} INFO - [2022-03-17 00:56:01,243] {dagbag.py:500} INFO - Filling up the DagBag from /home/lowenhard/acceleration/env/lib/python3.8/site-packages/airflow/example_dags/tutorial_taskflow_api_etl_virtualenv.py
[2022-03-17 00:56:01,267] {processor.py:654} INFO - DAG(s) dict_keys(['tutorial_taskflow_api_etl_virtualenv']) retrieved from /home/lowenhard/acceleration/env/lib/python3.8/site-packages/airflow/example_dags/tutorial_taskflow_api_etl_virtualenv.py
[2022-03-17 00:56:01,458] {logging_mixin.py:109} INFO - [2022-03-17 00:56:01,458] {dag.py:2398} INFO - Sync 1 DAGs
[2022-03-17 00:56:01,467] {logging_mixin.py:109} INFO - [2022-03-17 00:56:01,467] {dag.py:2937} INFO - Setting next_dagrun for tutorial_taskflow_api_etl_virtualenv to None
[2022-03-17 00:56:03,125] {processor.py:171} INFO - Processing /home/lowenhard/acceleration/env/lib/python3.8/site-packages/airflow/example_dags/tutorial_taskflow_api_etl_virtualenv.py took 1.885 seconds
[2022-03-17 00:57:27,352] {processor.py:163} INFO - Started process (PID=900) to work on /home/lowenhard/acceleration/env/lib/python3.8/site-packages/airflow/example_dags/tutorial_taskflow_api_etl_virtualenv.py
[2022-03-17 00:57:27,428] {processor.py:642} INFO - Processing file /home/lowenhard/acceleration/env/lib/python3.8/site-packages/airflow/example_dags/tutorial_taskflow_api_etl_virtualenv.py for tasks to queue
[2022-03-17 00:57:27,489] {logging_mixin.py:109} INFO - [2022-03-17 00:57:27,488] {dagbag.py:500} INFO - Filling up the DagBag from /home/lowenhard/acceleration/env/lib/python3.8/site-packages/airflow/example_dags/tutorial_taskflow_api_etl_virtualenv.py
[2022-03-17 00:57:27,951] {processor.py:654} INFO - DAG(s) dict_keys(['tutorial_taskflow_api_etl_virtualenv']) retrieved from /home/lowenhard/acceleration/env/lib/python3.8/site-packages/airflow/example_dags/tutorial_taskflow_api_etl_virtualenv.py
[2022-03-17 00:57:28,351] {logging_mixin.py:109} INFO - [2022-03-17 00:57:28,351] {dag.py:2398} INFO - Sync 1 DAGs
[2022-03-17 00:57:28,370] {logging_mixin.py:109} INFO - [2022-03-17 00:57:28,370] {dag.py:2937} INFO - Setting next_dagrun for tutorial_taskflow_api_etl_virtualenv to None
[2022-03-17 00:57:28,573] {processor.py:171} INFO - Processing /home/lowenhard/acceleration/env/lib/python3.8/site-packages/airflow/example_dags/tutorial_taskflow_api_etl_virtualenv.py took 1.224 seconds
[2022-03-17 00:58:56,303] {processor.py:163} INFO - Started process (PID=938) to work on /home/lowenhard/acceleration/env/lib/python3.8/site-packages/airflow/example_dags/tutorial_taskflow_api_etl_virtualenv.py
[2022-03-17 00:58:56,344] {processor.py:642} INFO - Processing file /home/lowenhard/acceleration/env/lib/python3.8/site-packages/airflow/example_dags/tutorial_taskflow_api_etl_virtualenv.py for tasks to queue
[2022-03-17 00:58:56,345] {logging_mixin.py:109} INFO - [2022-03-17 00:58:56,345] {dagbag.py:500} INFO - Filling up the DagBag from /home/lowenhard/acceleration/env/lib/python3.8/site-packages/airflow/example_dags/tutorial_taskflow_api_etl_virtualenv.py
[2022-03-17 00:58:56,369] {processor.py:654} INFO - DAG(s) dict_keys(['tutorial_taskflow_api_etl_virtualenv']) retrieved from /home/lowenhard/acceleration/env/lib/python3.8/site-packages/airflow/example_dags/tutorial_taskflow_api_etl_virtualenv.py
[2022-03-17 00:58:56,529] {logging_mixin.py:109} INFO - [2022-03-17 00:58:56,529] {dag.py:2398} INFO - Sync 1 DAGs
[2022-03-17 00:58:56,538] {logging_mixin.py:109} INFO - [2022-03-17 00:58:56,538] {dag.py:2937} INFO - Setting next_dagrun for tutorial_taskflow_api_etl_virtualenv to None
[2022-03-17 00:58:56,677] {processor.py:171} INFO - Processing /home/lowenhard/acceleration/env/lib/python3.8/site-packages/airflow/example_dags/tutorial_taskflow_api_etl_virtualenv.py took 0.376 seconds
[2022-03-17 01:00:17,325] {processor.py:163} INFO - Started process (PID=975) to work on /home/lowenhard/acceleration/env/lib/python3.8/site-packages/airflow/example_dags/tutorial_taskflow_api_etl_virtualenv.py
[2022-03-17 01:00:17,401] {processor.py:642} INFO - Processing file /home/lowenhard/acceleration/env/lib/python3.8/site-packages/airflow/example_dags/tutorial_taskflow_api_etl_virtualenv.py for tasks to queue
[2022-03-17 01:00:17,401] {logging_mixin.py:109} INFO - [2022-03-17 01:00:17,401] {dagbag.py:500} INFO - Filling up the DagBag from /home/lowenhard/acceleration/env/lib/python3.8/site-packages/airflow/example_dags/tutorial_taskflow_api_etl_virtualenv.py
[2022-03-17 01:00:17,437] {processor.py:654} INFO - DAG(s) dict_keys(['tutorial_taskflow_api_etl_virtualenv']) retrieved from /home/lowenhard/acceleration/env/lib/python3.8/site-packages/airflow/example_dags/tutorial_taskflow_api_etl_virtualenv.py
[2022-03-17 01:00:17,663] {logging_mixin.py:109} INFO - [2022-03-17 01:00:17,662] {dag.py:2398} INFO - Sync 1 DAGs
[2022-03-17 01:00:17,674] {logging_mixin.py:109} INFO - [2022-03-17 01:00:17,673] {dag.py:2937} INFO - Setting next_dagrun for tutorial_taskflow_api_etl_virtualenv to None
[2022-03-17 01:00:19,039] {processor.py:171} INFO - Processing /home/lowenhard/acceleration/env/lib/python3.8/site-packages/airflow/example_dags/tutorial_taskflow_api_etl_virtualenv.py took 1.716 seconds
[2022-03-17 07:14:45,601] {processor.py:163} INFO - Started process (PID=127) to work on /home/lowenhard/acceleration/env/lib/python3.8/site-packages/airflow/example_dags/tutorial_taskflow_api_etl_virtualenv.py
[2022-03-17 07:14:46,256] {processor.py:642} INFO - Processing file /home/lowenhard/acceleration/env/lib/python3.8/site-packages/airflow/example_dags/tutorial_taskflow_api_etl_virtualenv.py for tasks to queue
[2022-03-17 07:14:46,258] {logging_mixin.py:109} INFO - [2022-03-17 07:14:46,258] {dagbag.py:500} INFO - Filling up the DagBag from /home/lowenhard/acceleration/env/lib/python3.8/site-packages/airflow/example_dags/tutorial_taskflow_api_etl_virtualenv.py
[2022-03-17 07:14:47,313] {processor.py:654} INFO - DAG(s) dict_keys(['tutorial_taskflow_api_etl_virtualenv']) retrieved from /home/lowenhard/acceleration/env/lib/python3.8/site-packages/airflow/example_dags/tutorial_taskflow_api_etl_virtualenv.py
[2022-03-17 07:14:47,483] {logging_mixin.py:109} INFO - [2022-03-17 07:14:47,483] {dag.py:2398} INFO - Sync 1 DAGs
[2022-03-17 07:14:47,495] {logging_mixin.py:109} INFO - [2022-03-17 07:14:47,495] {dag.py:2937} INFO - Setting next_dagrun for tutorial_taskflow_api_etl_virtualenv to None
[2022-03-17 07:14:49,265] {processor.py:171} INFO - Processing /home/lowenhard/acceleration/env/lib/python3.8/site-packages/airflow/example_dags/tutorial_taskflow_api_etl_virtualenv.py took 3.668 seconds
[2022-03-17 07:16:10,635] {processor.py:163} INFO - Started process (PID=159) to work on /home/lowenhard/acceleration/env/lib/python3.8/site-packages/airflow/example_dags/tutorial_taskflow_api_etl_virtualenv.py
[2022-03-17 07:16:10,774] {processor.py:642} INFO - Processing file /home/lowenhard/acceleration/env/lib/python3.8/site-packages/airflow/example_dags/tutorial_taskflow_api_etl_virtualenv.py for tasks to queue
[2022-03-17 07:16:10,775] {logging_mixin.py:109} INFO - [2022-03-17 07:16:10,775] {dagbag.py:500} INFO - Filling up the DagBag from /home/lowenhard/acceleration/env/lib/python3.8/site-packages/airflow/example_dags/tutorial_taskflow_api_etl_virtualenv.py
[2022-03-17 07:16:10,805] {processor.py:654} INFO - DAG(s) dict_keys(['tutorial_taskflow_api_etl_virtualenv']) retrieved from /home/lowenhard/acceleration/env/lib/python3.8/site-packages/airflow/example_dags/tutorial_taskflow_api_etl_virtualenv.py
[2022-03-17 07:16:11,076] {logging_mixin.py:109} INFO - [2022-03-17 07:16:11,076] {dag.py:2398} INFO - Sync 1 DAGs
[2022-03-17 07:16:11,086] {logging_mixin.py:109} INFO - [2022-03-17 07:16:11,086] {dag.py:2937} INFO - Setting next_dagrun for tutorial_taskflow_api_etl_virtualenv to None
[2022-03-17 07:16:13,333] {processor.py:171} INFO - Processing /home/lowenhard/acceleration/env/lib/python3.8/site-packages/airflow/example_dags/tutorial_taskflow_api_etl_virtualenv.py took 2.702 seconds
[2022-03-17 07:17:30,564] {processor.py:163} INFO - Started process (PID=198) to work on /home/lowenhard/acceleration/env/lib/python3.8/site-packages/airflow/example_dags/tutorial_taskflow_api_etl_virtualenv.py
[2022-03-17 07:17:30,660] {processor.py:642} INFO - Processing file /home/lowenhard/acceleration/env/lib/python3.8/site-packages/airflow/example_dags/tutorial_taskflow_api_etl_virtualenv.py for tasks to queue
[2022-03-17 07:17:30,661] {logging_mixin.py:109} INFO - [2022-03-17 07:17:30,661] {dagbag.py:500} INFO - Filling up the DagBag from /home/lowenhard/acceleration/env/lib/python3.8/site-packages/airflow/example_dags/tutorial_taskflow_api_etl_virtualenv.py
[2022-03-17 07:17:30,701] {processor.py:654} INFO - DAG(s) dict_keys(['tutorial_taskflow_api_etl_virtualenv']) retrieved from /home/lowenhard/acceleration/env/lib/python3.8/site-packages/airflow/example_dags/tutorial_taskflow_api_etl_virtualenv.py
[2022-03-17 07:17:30,965] {logging_mixin.py:109} INFO - [2022-03-17 07:17:30,965] {dag.py:2398} INFO - Sync 1 DAGs
[2022-03-17 07:17:30,980] {logging_mixin.py:109} INFO - [2022-03-17 07:17:30,980] {dag.py:2937} INFO - Setting next_dagrun for tutorial_taskflow_api_etl_virtualenv to None
[2022-03-17 07:17:32,354] {processor.py:171} INFO - Processing /home/lowenhard/acceleration/env/lib/python3.8/site-packages/airflow/example_dags/tutorial_taskflow_api_etl_virtualenv.py took 1.794 seconds
[2022-03-17 07:18:52,068] {processor.py:163} INFO - Started process (PID=234) to work on /home/lowenhard/acceleration/env/lib/python3.8/site-packages/airflow/example_dags/tutorial_taskflow_api_etl_virtualenv.py
[2022-03-17 07:18:52,085] {processor.py:642} INFO - Processing file /home/lowenhard/acceleration/env/lib/python3.8/site-packages/airflow/example_dags/tutorial_taskflow_api_etl_virtualenv.py for tasks to queue
[2022-03-17 07:18:52,086] {logging_mixin.py:109} INFO - [2022-03-17 07:18:52,086] {dagbag.py:500} INFO - Filling up the DagBag from /home/lowenhard/acceleration/env/lib/python3.8/site-packages/airflow/example_dags/tutorial_taskflow_api_etl_virtualenv.py
[2022-03-17 07:18:52,125] {processor.py:654} INFO - DAG(s) dict_keys(['tutorial_taskflow_api_etl_virtualenv']) retrieved from /home/lowenhard/acceleration/env/lib/python3.8/site-packages/airflow/example_dags/tutorial_taskflow_api_etl_virtualenv.py
[2022-03-17 07:18:52,417] {logging_mixin.py:109} INFO - [2022-03-17 07:18:52,417] {dag.py:2398} INFO - Sync 1 DAGs
[2022-03-17 07:18:52,433] {logging_mixin.py:109} INFO - [2022-03-17 07:18:52,433] {dag.py:2937} INFO - Setting next_dagrun for tutorial_taskflow_api_etl_virtualenv to None
[2022-03-17 07:18:53,175] {processor.py:171} INFO - Processing /home/lowenhard/acceleration/env/lib/python3.8/site-packages/airflow/example_dags/tutorial_taskflow_api_etl_virtualenv.py took 1.111 seconds
[2022-03-17 07:20:14,760] {processor.py:163} INFO - Started process (PID=270) to work on /home/lowenhard/acceleration/env/lib/python3.8/site-packages/airflow/example_dags/tutorial_taskflow_api_etl_virtualenv.py
[2022-03-17 07:20:14,770] {processor.py:642} INFO - Processing file /home/lowenhard/acceleration/env/lib/python3.8/site-packages/airflow/example_dags/tutorial_taskflow_api_etl_virtualenv.py for tasks to queue
[2022-03-17 07:20:14,771] {logging_mixin.py:109} INFO - [2022-03-17 07:20:14,771] {dagbag.py:500} INFO - Filling up the DagBag from /home/lowenhard/acceleration/env/lib/python3.8/site-packages/airflow/example_dags/tutorial_taskflow_api_etl_virtualenv.py
[2022-03-17 07:20:14,811] {processor.py:654} INFO - DAG(s) dict_keys(['tutorial_taskflow_api_etl_virtualenv']) retrieved from /home/lowenhard/acceleration/env/lib/python3.8/site-packages/airflow/example_dags/tutorial_taskflow_api_etl_virtualenv.py
[2022-03-17 07:20:15,088] {logging_mixin.py:109} INFO - [2022-03-17 07:20:15,088] {dag.py:2398} INFO - Sync 1 DAGs
[2022-03-17 07:20:15,100] {logging_mixin.py:109} INFO - [2022-03-17 07:20:15,100] {dag.py:2937} INFO - Setting next_dagrun for tutorial_taskflow_api_etl_virtualenv to None
[2022-03-17 07:20:17,797] {processor.py:171} INFO - Processing /home/lowenhard/acceleration/env/lib/python3.8/site-packages/airflow/example_dags/tutorial_taskflow_api_etl_virtualenv.py took 3.041 seconds
[2022-03-17 07:21:48,146] {processor.py:163} INFO - Started process (PID=311) to work on /home/lowenhard/acceleration/env/lib/python3.8/site-packages/airflow/example_dags/tutorial_taskflow_api_etl_virtualenv.py
[2022-03-17 07:21:48,177] {processor.py:642} INFO - Processing file /home/lowenhard/acceleration/env/lib/python3.8/site-packages/airflow/example_dags/tutorial_taskflow_api_etl_virtualenv.py for tasks to queue
[2022-03-17 07:21:48,178] {logging_mixin.py:109} INFO - [2022-03-17 07:21:48,178] {dagbag.py:500} INFO - Filling up the DagBag from /home/lowenhard/acceleration/env/lib/python3.8/site-packages/airflow/example_dags/tutorial_taskflow_api_etl_virtualenv.py
[2022-03-17 07:21:48,219] {processor.py:654} INFO - DAG(s) dict_keys(['tutorial_taskflow_api_etl_virtualenv']) retrieved from /home/lowenhard/acceleration/env/lib/python3.8/site-packages/airflow/example_dags/tutorial_taskflow_api_etl_virtualenv.py
[2022-03-17 07:21:48,500] {logging_mixin.py:109} INFO - [2022-03-17 07:21:48,500] {dag.py:2398} INFO - Sync 1 DAGs
[2022-03-17 07:21:48,511] {logging_mixin.py:109} INFO - [2022-03-17 07:21:48,511] {dag.py:2937} INFO - Setting next_dagrun for tutorial_taskflow_api_etl_virtualenv to None
[2022-03-17 07:21:49,407] {processor.py:171} INFO - Processing /home/lowenhard/acceleration/env/lib/python3.8/site-packages/airflow/example_dags/tutorial_taskflow_api_etl_virtualenv.py took 1.264 seconds
[2022-03-17 07:22:53,925] {processor.py:163} INFO - Started process (PID=345) to work on /home/lowenhard/acceleration/env/lib/python3.8/site-packages/airflow/example_dags/tutorial_taskflow_api_etl_virtualenv.py
[2022-03-17 07:22:53,963] {processor.py:642} INFO - Processing file /home/lowenhard/acceleration/env/lib/python3.8/site-packages/airflow/example_dags/tutorial_taskflow_api_etl_virtualenv.py for tasks to queue
[2022-03-17 07:22:53,964] {logging_mixin.py:109} INFO - [2022-03-17 07:22:53,964] {dagbag.py:500} INFO - Filling up the DagBag from /home/lowenhard/acceleration/env/lib/python3.8/site-packages/airflow/example_dags/tutorial_taskflow_api_etl_virtualenv.py
[2022-03-17 07:22:54,003] {processor.py:654} INFO - DAG(s) dict_keys(['tutorial_taskflow_api_etl_virtualenv']) retrieved from /home/lowenhard/acceleration/env/lib/python3.8/site-packages/airflow/example_dags/tutorial_taskflow_api_etl_virtualenv.py
[2022-03-17 07:22:54,232] {logging_mixin.py:109} INFO - [2022-03-17 07:22:54,232] {dag.py:2398} INFO - Sync 1 DAGs
[2022-03-17 07:22:54,245] {logging_mixin.py:109} INFO - [2022-03-17 07:22:54,245] {dag.py:2937} INFO - Setting next_dagrun for tutorial_taskflow_api_etl_virtualenv to None
[2022-03-17 07:22:54,872] {processor.py:171} INFO - Processing /home/lowenhard/acceleration/env/lib/python3.8/site-packages/airflow/example_dags/tutorial_taskflow_api_etl_virtualenv.py took 0.954 seconds
[2022-03-17 07:23:51,692] {processor.py:163} INFO - Started process (PID=377) to work on /home/lowenhard/acceleration/env/lib/python3.8/site-packages/airflow/example_dags/tutorial_taskflow_api_etl_virtualenv.py
[2022-03-17 07:23:51,721] {processor.py:642} INFO - Processing file /home/lowenhard/acceleration/env/lib/python3.8/site-packages/airflow/example_dags/tutorial_taskflow_api_etl_virtualenv.py for tasks to queue
[2022-03-17 07:23:51,723] {logging_mixin.py:109} INFO - [2022-03-17 07:23:51,722] {dagbag.py:500} INFO - Filling up the DagBag from /home/lowenhard/acceleration/env/lib/python3.8/site-packages/airflow/example_dags/tutorial_taskflow_api_etl_virtualenv.py
[2022-03-17 07:23:51,775] {processor.py:654} INFO - DAG(s) dict_keys(['tutorial_taskflow_api_etl_virtualenv']) retrieved from /home/lowenhard/acceleration/env/lib/python3.8/site-packages/airflow/example_dags/tutorial_taskflow_api_etl_virtualenv.py
[2022-03-17 07:23:52,028] {logging_mixin.py:109} INFO - [2022-03-17 07:23:52,028] {dag.py:2398} INFO - Sync 1 DAGs
[2022-03-17 07:23:52,039] {logging_mixin.py:109} INFO - [2022-03-17 07:23:52,039] {dag.py:2937} INFO - Setting next_dagrun for tutorial_taskflow_api_etl_virtualenv to None
[2022-03-17 07:23:52,257] {processor.py:171} INFO - Processing /home/lowenhard/acceleration/env/lib/python3.8/site-packages/airflow/example_dags/tutorial_taskflow_api_etl_virtualenv.py took 0.569 seconds
[2022-03-17 07:24:50,086] {processor.py:163} INFO - Started process (PID=414) to work on /home/lowenhard/acceleration/env/lib/python3.8/site-packages/airflow/example_dags/tutorial_taskflow_api_etl_virtualenv.py
[2022-03-17 07:24:50,102] {processor.py:642} INFO - Processing file /home/lowenhard/acceleration/env/lib/python3.8/site-packages/airflow/example_dags/tutorial_taskflow_api_etl_virtualenv.py for tasks to queue
[2022-03-17 07:24:50,103] {logging_mixin.py:109} INFO - [2022-03-17 07:24:50,103] {dagbag.py:500} INFO - Filling up the DagBag from /home/lowenhard/acceleration/env/lib/python3.8/site-packages/airflow/example_dags/tutorial_taskflow_api_etl_virtualenv.py
[2022-03-17 07:24:50,143] {processor.py:654} INFO - DAG(s) dict_keys(['tutorial_taskflow_api_etl_virtualenv']) retrieved from /home/lowenhard/acceleration/env/lib/python3.8/site-packages/airflow/example_dags/tutorial_taskflow_api_etl_virtualenv.py
[2022-03-17 07:24:50,383] {logging_mixin.py:109} INFO - [2022-03-17 07:24:50,383] {dag.py:2398} INFO - Sync 1 DAGs
[2022-03-17 07:24:50,395] {logging_mixin.py:109} INFO - [2022-03-17 07:24:50,395] {dag.py:2937} INFO - Setting next_dagrun for tutorial_taskflow_api_etl_virtualenv to None
[2022-03-17 07:24:50,676] {processor.py:171} INFO - Processing /home/lowenhard/acceleration/env/lib/python3.8/site-packages/airflow/example_dags/tutorial_taskflow_api_etl_virtualenv.py took 0.593 seconds
[2022-03-17 07:25:38,118] {processor.py:163} INFO - Started process (PID=443) to work on /home/lowenhard/acceleration/env/lib/python3.8/site-packages/airflow/example_dags/tutorial_taskflow_api_etl_virtualenv.py
[2022-03-17 07:25:38,152] {processor.py:642} INFO - Processing file /home/lowenhard/acceleration/env/lib/python3.8/site-packages/airflow/example_dags/tutorial_taskflow_api_etl_virtualenv.py for tasks to queue
[2022-03-17 07:25:38,153] {logging_mixin.py:109} INFO - [2022-03-17 07:25:38,153] {dagbag.py:500} INFO - Filling up the DagBag from /home/lowenhard/acceleration/env/lib/python3.8/site-packages/airflow/example_dags/tutorial_taskflow_api_etl_virtualenv.py
[2022-03-17 07:25:38,179] {processor.py:654} INFO - DAG(s) dict_keys(['tutorial_taskflow_api_etl_virtualenv']) retrieved from /home/lowenhard/acceleration/env/lib/python3.8/site-packages/airflow/example_dags/tutorial_taskflow_api_etl_virtualenv.py
[2022-03-17 07:25:38,416] {logging_mixin.py:109} INFO - [2022-03-17 07:25:38,416] {dag.py:2398} INFO - Sync 1 DAGs
[2022-03-17 07:25:38,527] {logging_mixin.py:109} INFO - [2022-03-17 07:25:38,527] {dag.py:2937} INFO - Setting next_dagrun for tutorial_taskflow_api_etl_virtualenv to None
[2022-03-17 07:25:38,756] {processor.py:171} INFO - Processing /home/lowenhard/acceleration/env/lib/python3.8/site-packages/airflow/example_dags/tutorial_taskflow_api_etl_virtualenv.py took 0.640 seconds
[2022-03-17 07:26:21,301] {processor.py:163} INFO - Started process (PID=470) to work on /home/lowenhard/acceleration/env/lib/python3.8/site-packages/airflow/example_dags/tutorial_taskflow_api_etl_virtualenv.py
[2022-03-17 07:26:21,326] {processor.py:642} INFO - Processing file /home/lowenhard/acceleration/env/lib/python3.8/site-packages/airflow/example_dags/tutorial_taskflow_api_etl_virtualenv.py for tasks to queue
[2022-03-17 07:26:21,327] {logging_mixin.py:109} INFO - [2022-03-17 07:26:21,327] {dagbag.py:500} INFO - Filling up the DagBag from /home/lowenhard/acceleration/env/lib/python3.8/site-packages/airflow/example_dags/tutorial_taskflow_api_etl_virtualenv.py
[2022-03-17 07:26:21,364] {processor.py:654} INFO - DAG(s) dict_keys(['tutorial_taskflow_api_etl_virtualenv']) retrieved from /home/lowenhard/acceleration/env/lib/python3.8/site-packages/airflow/example_dags/tutorial_taskflow_api_etl_virtualenv.py
[2022-03-17 07:26:21,707] {logging_mixin.py:109} INFO - [2022-03-17 07:26:21,707] {dag.py:2398} INFO - Sync 1 DAGs
[2022-03-17 07:26:21,922] {logging_mixin.py:109} INFO - [2022-03-17 07:26:21,921] {dag.py:2937} INFO - Setting next_dagrun for tutorial_taskflow_api_etl_virtualenv to None
[2022-03-17 07:26:22,811] {processor.py:171} INFO - Processing /home/lowenhard/acceleration/env/lib/python3.8/site-packages/airflow/example_dags/tutorial_taskflow_api_etl_virtualenv.py took 1.514 seconds
[2022-03-17 07:27:46,754] {processor.py:163} INFO - Started process (PID=508) to work on /home/lowenhard/acceleration/env/lib/python3.8/site-packages/airflow/example_dags/tutorial_taskflow_api_etl_virtualenv.py
[2022-03-17 07:27:46,788] {processor.py:642} INFO - Processing file /home/lowenhard/acceleration/env/lib/python3.8/site-packages/airflow/example_dags/tutorial_taskflow_api_etl_virtualenv.py for tasks to queue
[2022-03-17 07:27:46,790] {logging_mixin.py:109} INFO - [2022-03-17 07:27:46,790] {dagbag.py:500} INFO - Filling up the DagBag from /home/lowenhard/acceleration/env/lib/python3.8/site-packages/airflow/example_dags/tutorial_taskflow_api_etl_virtualenv.py
[2022-03-17 07:27:47,050] {processor.py:654} INFO - DAG(s) dict_keys(['tutorial_taskflow_api_etl_virtualenv']) retrieved from /home/lowenhard/acceleration/env/lib/python3.8/site-packages/airflow/example_dags/tutorial_taskflow_api_etl_virtualenv.py
[2022-03-17 07:27:47,225] {logging_mixin.py:109} INFO - [2022-03-17 07:27:47,225] {dag.py:2398} INFO - Sync 1 DAGs
[2022-03-17 07:27:47,296] {logging_mixin.py:109} INFO - [2022-03-17 07:27:47,296] {dag.py:2937} INFO - Setting next_dagrun for tutorial_taskflow_api_etl_virtualenv to None
[2022-03-17 07:27:47,517] {processor.py:171} INFO - Processing /home/lowenhard/acceleration/env/lib/python3.8/site-packages/airflow/example_dags/tutorial_taskflow_api_etl_virtualenv.py took 0.767 seconds
[2022-03-17 07:28:44,763] {processor.py:163} INFO - Started process (PID=539) to work on /home/lowenhard/acceleration/env/lib/python3.8/site-packages/airflow/example_dags/tutorial_taskflow_api_etl_virtualenv.py
[2022-03-17 07:28:44,774] {processor.py:642} INFO - Processing file /home/lowenhard/acceleration/env/lib/python3.8/site-packages/airflow/example_dags/tutorial_taskflow_api_etl_virtualenv.py for tasks to queue
[2022-03-17 07:28:44,774] {logging_mixin.py:109} INFO - [2022-03-17 07:28:44,774] {dagbag.py:500} INFO - Filling up the DagBag from /home/lowenhard/acceleration/env/lib/python3.8/site-packages/airflow/example_dags/tutorial_taskflow_api_etl_virtualenv.py
[2022-03-17 07:28:44,802] {processor.py:654} INFO - DAG(s) dict_keys(['tutorial_taskflow_api_etl_virtualenv']) retrieved from /home/lowenhard/acceleration/env/lib/python3.8/site-packages/airflow/example_dags/tutorial_taskflow_api_etl_virtualenv.py
[2022-03-17 07:28:45,086] {logging_mixin.py:109} INFO - [2022-03-17 07:28:45,086] {dag.py:2398} INFO - Sync 1 DAGs
[2022-03-17 07:28:45,097] {logging_mixin.py:109} INFO - [2022-03-17 07:28:45,096] {dag.py:2937} INFO - Setting next_dagrun for tutorial_taskflow_api_etl_virtualenv to None
[2022-03-17 07:28:45,289] {processor.py:171} INFO - Processing /home/lowenhard/acceleration/env/lib/python3.8/site-packages/airflow/example_dags/tutorial_taskflow_api_etl_virtualenv.py took 0.529 seconds
[2022-03-17 07:29:51,061] {processor.py:163} INFO - Started process (PID=574) to work on /home/lowenhard/acceleration/env/lib/python3.8/site-packages/airflow/example_dags/tutorial_taskflow_api_etl_virtualenv.py
[2022-03-17 07:29:52,027] {processor.py:642} INFO - Processing file /home/lowenhard/acceleration/env/lib/python3.8/site-packages/airflow/example_dags/tutorial_taskflow_api_etl_virtualenv.py for tasks to queue
[2022-03-17 07:29:52,028] {logging_mixin.py:109} INFO - [2022-03-17 07:29:52,028] {dagbag.py:500} INFO - Filling up the DagBag from /home/lowenhard/acceleration/env/lib/python3.8/site-packages/airflow/example_dags/tutorial_taskflow_api_etl_virtualenv.py
[2022-03-17 07:29:52,060] {processor.py:654} INFO - DAG(s) dict_keys(['tutorial_taskflow_api_etl_virtualenv']) retrieved from /home/lowenhard/acceleration/env/lib/python3.8/site-packages/airflow/example_dags/tutorial_taskflow_api_etl_virtualenv.py
[2022-03-17 07:29:52,353] {logging_mixin.py:109} INFO - [2022-03-17 07:29:52,353] {dag.py:2398} INFO - Sync 1 DAGs
[2022-03-17 07:29:52,365] {logging_mixin.py:109} INFO - [2022-03-17 07:29:52,365] {dag.py:2937} INFO - Setting next_dagrun for tutorial_taskflow_api_etl_virtualenv to None
[2022-03-17 07:29:52,608] {processor.py:171} INFO - Processing /home/lowenhard/acceleration/env/lib/python3.8/site-packages/airflow/example_dags/tutorial_taskflow_api_etl_virtualenv.py took 1.550 seconds
[2022-03-17 07:31:07,372] {processor.py:163} INFO - Started process (PID=609) to work on /home/lowenhard/acceleration/env/lib/python3.8/site-packages/airflow/example_dags/tutorial_taskflow_api_etl_virtualenv.py
[2022-03-17 07:31:07,454] {processor.py:642} INFO - Processing file /home/lowenhard/acceleration/env/lib/python3.8/site-packages/airflow/example_dags/tutorial_taskflow_api_etl_virtualenv.py for tasks to queue
[2022-03-17 07:31:07,455] {logging_mixin.py:109} INFO - [2022-03-17 07:31:07,455] {dagbag.py:500} INFO - Filling up the DagBag from /home/lowenhard/acceleration/env/lib/python3.8/site-packages/airflow/example_dags/tutorial_taskflow_api_etl_virtualenv.py
[2022-03-17 07:31:07,479] {processor.py:654} INFO - DAG(s) dict_keys(['tutorial_taskflow_api_etl_virtualenv']) retrieved from /home/lowenhard/acceleration/env/lib/python3.8/site-packages/airflow/example_dags/tutorial_taskflow_api_etl_virtualenv.py
[2022-03-17 07:31:07,763] {logging_mixin.py:109} INFO - [2022-03-17 07:31:07,763] {dag.py:2398} INFO - Sync 1 DAGs
[2022-03-17 07:31:07,779] {logging_mixin.py:109} INFO - [2022-03-17 07:31:07,779] {dag.py:2937} INFO - Setting next_dagrun for tutorial_taskflow_api_etl_virtualenv to None
[2022-03-17 07:31:08,040] {processor.py:171} INFO - Processing /home/lowenhard/acceleration/env/lib/python3.8/site-packages/airflow/example_dags/tutorial_taskflow_api_etl_virtualenv.py took 0.670 seconds
[2022-03-17 07:32:23,350] {processor.py:163} INFO - Started process (PID=646) to work on /home/lowenhard/acceleration/env/lib/python3.8/site-packages/airflow/example_dags/tutorial_taskflow_api_etl_virtualenv.py
[2022-03-17 07:32:23,486] {processor.py:642} INFO - Processing file /home/lowenhard/acceleration/env/lib/python3.8/site-packages/airflow/example_dags/tutorial_taskflow_api_etl_virtualenv.py for tasks to queue
[2022-03-17 07:32:23,486] {logging_mixin.py:109} INFO - [2022-03-17 07:32:23,486] {dagbag.py:500} INFO - Filling up the DagBag from /home/lowenhard/acceleration/env/lib/python3.8/site-packages/airflow/example_dags/tutorial_taskflow_api_etl_virtualenv.py
[2022-03-17 07:32:23,518] {processor.py:654} INFO - DAG(s) dict_keys(['tutorial_taskflow_api_etl_virtualenv']) retrieved from /home/lowenhard/acceleration/env/lib/python3.8/site-packages/airflow/example_dags/tutorial_taskflow_api_etl_virtualenv.py
[2022-03-17 07:32:23,831] {logging_mixin.py:109} INFO - [2022-03-17 07:32:23,831] {dag.py:2398} INFO - Sync 1 DAGs
[2022-03-17 07:32:23,843] {logging_mixin.py:109} INFO - [2022-03-17 07:32:23,843] {dag.py:2937} INFO - Setting next_dagrun for tutorial_taskflow_api_etl_virtualenv to None
[2022-03-17 07:32:24,387] {processor.py:171} INFO - Processing /home/lowenhard/acceleration/env/lib/python3.8/site-packages/airflow/example_dags/tutorial_taskflow_api_etl_virtualenv.py took 1.040 seconds
[2022-03-17 07:33:50,316] {processor.py:163} INFO - Started process (PID=683) to work on /home/lowenhard/acceleration/env/lib/python3.8/site-packages/airflow/example_dags/tutorial_taskflow_api_etl_virtualenv.py
[2022-03-17 07:33:50,338] {processor.py:642} INFO - Processing file /home/lowenhard/acceleration/env/lib/python3.8/site-packages/airflow/example_dags/tutorial_taskflow_api_etl_virtualenv.py for tasks to queue
[2022-03-17 07:33:50,339] {logging_mixin.py:109} INFO - [2022-03-17 07:33:50,339] {dagbag.py:500} INFO - Filling up the DagBag from /home/lowenhard/acceleration/env/lib/python3.8/site-packages/airflow/example_dags/tutorial_taskflow_api_etl_virtualenv.py
[2022-03-17 07:33:50,403] {processor.py:654} INFO - DAG(s) dict_keys(['tutorial_taskflow_api_etl_virtualenv']) retrieved from /home/lowenhard/acceleration/env/lib/python3.8/site-packages/airflow/example_dags/tutorial_taskflow_api_etl_virtualenv.py
[2022-03-17 07:33:50,804] {logging_mixin.py:109} INFO - [2022-03-17 07:33:50,804] {dag.py:2398} INFO - Sync 1 DAGs
[2022-03-17 07:33:50,817] {logging_mixin.py:109} INFO - [2022-03-17 07:33:50,816] {dag.py:2937} INFO - Setting next_dagrun for tutorial_taskflow_api_etl_virtualenv to None
[2022-03-17 07:33:51,584] {processor.py:171} INFO - Processing /home/lowenhard/acceleration/env/lib/python3.8/site-packages/airflow/example_dags/tutorial_taskflow_api_etl_virtualenv.py took 1.272 seconds
[2022-03-17 07:35:20,589] {processor.py:163} INFO - Started process (PID=722) to work on /home/lowenhard/acceleration/env/lib/python3.8/site-packages/airflow/example_dags/tutorial_taskflow_api_etl_virtualenv.py
[2022-03-17 07:35:20,596] {processor.py:642} INFO - Processing file /home/lowenhard/acceleration/env/lib/python3.8/site-packages/airflow/example_dags/tutorial_taskflow_api_etl_virtualenv.py for tasks to queue
[2022-03-17 07:35:20,597] {logging_mixin.py:109} INFO - [2022-03-17 07:35:20,597] {dagbag.py:500} INFO - Filling up the DagBag from /home/lowenhard/acceleration/env/lib/python3.8/site-packages/airflow/example_dags/tutorial_taskflow_api_etl_virtualenv.py
[2022-03-17 07:35:20,626] {processor.py:654} INFO - DAG(s) dict_keys(['tutorial_taskflow_api_etl_virtualenv']) retrieved from /home/lowenhard/acceleration/env/lib/python3.8/site-packages/airflow/example_dags/tutorial_taskflow_api_etl_virtualenv.py
[2022-03-17 07:35:20,933] {logging_mixin.py:109} INFO - [2022-03-17 07:35:20,933] {dag.py:2398} INFO - Sync 1 DAGs
[2022-03-17 07:35:20,946] {logging_mixin.py:109} INFO - [2022-03-17 07:35:20,945] {dag.py:2937} INFO - Setting next_dagrun for tutorial_taskflow_api_etl_virtualenv to None
[2022-03-17 07:35:22,340] {processor.py:171} INFO - Processing /home/lowenhard/acceleration/env/lib/python3.8/site-packages/airflow/example_dags/tutorial_taskflow_api_etl_virtualenv.py took 1.754 seconds
[2022-03-17 07:36:47,283] {processor.py:163} INFO - Started process (PID=761) to work on /home/lowenhard/acceleration/env/lib/python3.8/site-packages/airflow/example_dags/tutorial_taskflow_api_etl_virtualenv.py
[2022-03-17 07:36:48,361] {processor.py:642} INFO - Processing file /home/lowenhard/acceleration/env/lib/python3.8/site-packages/airflow/example_dags/tutorial_taskflow_api_etl_virtualenv.py for tasks to queue
[2022-03-17 07:36:48,362] {logging_mixin.py:109} INFO - [2022-03-17 07:36:48,362] {dagbag.py:500} INFO - Filling up the DagBag from /home/lowenhard/acceleration/env/lib/python3.8/site-packages/airflow/example_dags/tutorial_taskflow_api_etl_virtualenv.py
[2022-03-17 07:36:48,395] {processor.py:654} INFO - DAG(s) dict_keys(['tutorial_taskflow_api_etl_virtualenv']) retrieved from /home/lowenhard/acceleration/env/lib/python3.8/site-packages/airflow/example_dags/tutorial_taskflow_api_etl_virtualenv.py
[2022-03-17 07:36:48,658] {logging_mixin.py:109} INFO - [2022-03-17 07:36:48,657] {dag.py:2398} INFO - Sync 1 DAGs
[2022-03-17 07:36:48,667] {logging_mixin.py:109} INFO - [2022-03-17 07:36:48,667] {dag.py:2937} INFO - Setting next_dagrun for tutorial_taskflow_api_etl_virtualenv to None
[2022-03-17 07:36:48,898] {processor.py:171} INFO - Processing /home/lowenhard/acceleration/env/lib/python3.8/site-packages/airflow/example_dags/tutorial_taskflow_api_etl_virtualenv.py took 1.618 seconds
[2022-03-17 07:38:03,857] {processor.py:163} INFO - Started process (PID=796) to work on /home/lowenhard/acceleration/env/lib/python3.8/site-packages/airflow/example_dags/tutorial_taskflow_api_etl_virtualenv.py
[2022-03-17 07:38:03,864] {processor.py:642} INFO - Processing file /home/lowenhard/acceleration/env/lib/python3.8/site-packages/airflow/example_dags/tutorial_taskflow_api_etl_virtualenv.py for tasks to queue
[2022-03-17 07:38:03,865] {logging_mixin.py:109} INFO - [2022-03-17 07:38:03,865] {dagbag.py:500} INFO - Filling up the DagBag from /home/lowenhard/acceleration/env/lib/python3.8/site-packages/airflow/example_dags/tutorial_taskflow_api_etl_virtualenv.py
[2022-03-17 07:38:03,890] {processor.py:654} INFO - DAG(s) dict_keys(['tutorial_taskflow_api_etl_virtualenv']) retrieved from /home/lowenhard/acceleration/env/lib/python3.8/site-packages/airflow/example_dags/tutorial_taskflow_api_etl_virtualenv.py
[2022-03-17 07:38:04,142] {logging_mixin.py:109} INFO - [2022-03-17 07:38:04,142] {dag.py:2398} INFO - Sync 1 DAGs
[2022-03-17 07:38:04,157] {logging_mixin.py:109} INFO - [2022-03-17 07:38:04,156] {dag.py:2937} INFO - Setting next_dagrun for tutorial_taskflow_api_etl_virtualenv to None
[2022-03-17 07:38:05,396] {processor.py:171} INFO - Processing /home/lowenhard/acceleration/env/lib/python3.8/site-packages/airflow/example_dags/tutorial_taskflow_api_etl_virtualenv.py took 1.541 seconds
[2022-03-17 07:39:25,510] {processor.py:163} INFO - Started process (PID=833) to work on /home/lowenhard/acceleration/env/lib/python3.8/site-packages/airflow/example_dags/tutorial_taskflow_api_etl_virtualenv.py
[2022-03-17 07:39:25,512] {processor.py:642} INFO - Processing file /home/lowenhard/acceleration/env/lib/python3.8/site-packages/airflow/example_dags/tutorial_taskflow_api_etl_virtualenv.py for tasks to queue
[2022-03-17 07:39:25,513] {logging_mixin.py:109} INFO - [2022-03-17 07:39:25,513] {dagbag.py:500} INFO - Filling up the DagBag from /home/lowenhard/acceleration/env/lib/python3.8/site-packages/airflow/example_dags/tutorial_taskflow_api_etl_virtualenv.py
[2022-03-17 07:39:25,539] {processor.py:654} INFO - DAG(s) dict_keys(['tutorial_taskflow_api_etl_virtualenv']) retrieved from /home/lowenhard/acceleration/env/lib/python3.8/site-packages/airflow/example_dags/tutorial_taskflow_api_etl_virtualenv.py
[2022-03-17 07:39:25,790] {logging_mixin.py:109} INFO - [2022-03-17 07:39:25,790] {dag.py:2398} INFO - Sync 1 DAGs
[2022-03-17 07:39:25,802] {logging_mixin.py:109} INFO - [2022-03-17 07:39:25,801] {dag.py:2937} INFO - Setting next_dagrun for tutorial_taskflow_api_etl_virtualenv to None
[2022-03-17 07:39:26,586] {processor.py:171} INFO - Processing /home/lowenhard/acceleration/env/lib/python3.8/site-packages/airflow/example_dags/tutorial_taskflow_api_etl_virtualenv.py took 1.078 seconds
