[2022-04-03 09:11:54,735] {taskinstance.py:1037} INFO - Dependencies all met for <TaskInstance: hello_dag.pprint manual__2022-04-03T14:11:41.646196+00:00 [queued]>
[2022-04-03 09:11:54,742] {taskinstance.py:1037} INFO - Dependencies all met for <TaskInstance: hello_dag.pprint manual__2022-04-03T14:11:41.646196+00:00 [queued]>
[2022-04-03 09:11:54,742] {taskinstance.py:1243} INFO - 
--------------------------------------------------------------------------------
[2022-04-03 09:11:54,742] {taskinstance.py:1244} INFO - Starting attempt 1 of 2
[2022-04-03 09:11:54,742] {taskinstance.py:1245} INFO - 
--------------------------------------------------------------------------------
[2022-04-03 09:11:54,909] {taskinstance.py:1264} INFO - Executing <Task(PythonOperator): pprint> on 2022-04-03 14:11:41.646196+00:00
[2022-04-03 09:11:54,911] {standard_task_runner.py:52} INFO - Started process 5115 to run task
[2022-04-03 09:11:54,914] {standard_task_runner.py:76} INFO - Running: ['airflow', 'tasks', 'run', 'hello_dag', 'pprint', 'manual__2022-04-03T14:11:41.646196+00:00', '--job-id', '267', '--raw', '--subdir', 'DAGS_FOLDER/dag_example.py', '--cfg-path', '/tmp/tmpvsx77ug3', '--error-file', '/tmp/tmpzjt60po8']
[2022-04-03 09:11:54,915] {standard_task_runner.py:77} INFO - Job 267: Subtask pprint
[2022-04-03 09:11:55,083] {logging_mixin.py:109} INFO - Running <TaskInstance: hello_dag.pprint manual__2022-04-03T14:11:41.646196+00:00 [running]> on host LAPTOP-5HJG55H7.localdomain
[2022-04-03 09:11:55,395] {taskinstance.py:1429} INFO - Exporting the following env vars:
AIRFLOW_CTX_DAG_OWNER=airflow
AIRFLOW_CTX_DAG_ID=hello_dag
AIRFLOW_CTX_TASK_ID=pprint
AIRFLOW_CTX_EXECUTION_DATE=2022-04-03T14:11:41.646196+00:00
AIRFLOW_CTX_DAG_RUN_ID=manual__2022-04-03T14:11:41.646196+00:00
[2022-04-03 09:11:55,395] {python.py:175} INFO - Done. Returned value was: Whatever you return gets printed in the logs
[2022-04-03 09:11:55,540] {taskinstance.py:1272} INFO - Marking task as SUCCESS. dag_id=hello_dag, task_id=pprint, execution_date=20220403T141141, start_date=20220403T141154, end_date=20220403T141155
[2022-04-03 09:11:55,731] {local_task_job.py:154} INFO - Task exited with return code 0
[2022-04-03 09:11:55,888] {local_task_job.py:264} INFO - 1 downstream tasks scheduled from follow-on schedule check
