[2022-03-26 18:25:59,916] {taskinstance.py:1037} INFO - Dependencies all met for <TaskInstance: postgres_dag.get_data_cine scheduled__2022-03-25T23:25:48.345513+00:00 [queued]>
[2022-03-26 18:25:59,924] {taskinstance.py:1037} INFO - Dependencies all met for <TaskInstance: postgres_dag.get_data_cine scheduled__2022-03-25T23:25:48.345513+00:00 [queued]>
[2022-03-26 18:25:59,924] {taskinstance.py:1243} INFO - 
--------------------------------------------------------------------------------
[2022-03-26 18:25:59,925] {taskinstance.py:1244} INFO - Starting attempt 1 of 1
[2022-03-26 18:25:59,925] {taskinstance.py:1245} INFO - 
--------------------------------------------------------------------------------
[2022-03-26 18:26:00,083] {taskinstance.py:1264} INFO - Executing <Task(_PythonDecoratedOperator): get_data_cine> on 2022-03-25 23:25:48.345513+00:00
[2022-03-26 18:26:00,089] {standard_task_runner.py:52} INFO - Started process 542 to run task
[2022-03-26 18:26:00,094] {standard_task_runner.py:76} INFO - Running: ['airflow', 'tasks', 'run', 'postgres_dag', 'get_data_cine', 'scheduled__2022-03-25T23:25:48.345513+00:00', '--job-id', '25', '--raw', '--subdir', 'DAGS_FOLDER/postgres_conn.py', '--cfg-path', '/tmp/tmprih5n7d_', '--error-file', '/tmp/tmp7irolbrc']
[2022-03-26 18:26:00,094] {standard_task_runner.py:77} INFO - Job 25: Subtask get_data_cine
[2022-03-26 18:26:00,305] {logging_mixin.py:109} INFO - Running <TaskInstance: postgres_dag.get_data_cine scheduled__2022-03-25T23:25:48.345513+00:00 [running]> on host LAPTOP-5HJG55H7.localdomain
[2022-03-26 18:26:00,725] {taskinstance.py:1429} INFO - Exporting the following env vars:
AIRFLOW_CTX_DAG_OWNER=airflow
AIRFLOW_CTX_DAG_ID=postgres_dag
AIRFLOW_CTX_TASK_ID=get_data_cine
AIRFLOW_CTX_EXECUTION_DATE=2022-03-25T23:25:48.345513+00:00
AIRFLOW_CTX_DAG_RUN_ID=scheduled__2022-03-25T23:25:48.345513+00:00
[2022-03-26 18:26:00,733] {base.py:70} INFO - Using connection to: id: airflow-universities. Host: training-main.cghe7e6sfljt.us-east-1.rds.amazonaws.com, Port: 5432, Schema: training, Login: alkymer, Password: ***, extra: {}
[2022-03-26 18:26:01,787] {python.py:175} INFO - Done. Returned value was: None
[2022-03-26 18:26:01,797] {taskinstance.py:1272} INFO - Marking task as SUCCESS. dag_id=postgres_dag, task_id=get_data_cine, execution_date=20220325T232548, start_date=20220326T232559, end_date=20220326T232601
[2022-03-26 18:26:02,036] {local_task_job.py:154} INFO - Task exited with return code 0
[2022-03-26 18:26:02,349] {local_task_job.py:264} INFO - 1 downstream tasks scheduled from follow-on schedule check
