[2022-04-03 22:19:48,047] {taskinstance.py:1037} INFO - Dependencies all met for <TaskInstance: python_operator_univ_flores.create_csv manual__2022-04-04T03:19:39.585146+00:00 [queued]>
[2022-04-03 22:19:48,057] {taskinstance.py:1037} INFO - Dependencies all met for <TaskInstance: python_operator_univ_flores.create_csv manual__2022-04-04T03:19:39.585146+00:00 [queued]>
[2022-04-03 22:19:48,058] {taskinstance.py:1243} INFO - 
--------------------------------------------------------------------------------
[2022-04-03 22:19:48,058] {taskinstance.py:1244} INFO - Starting attempt 1 of 1
[2022-04-03 22:19:48,058] {taskinstance.py:1245} INFO - 
--------------------------------------------------------------------------------
[2022-04-03 22:19:48,210] {taskinstance.py:1264} INFO - Executing <Task(_PythonDecoratedOperator): create_csv> on 2022-04-04 03:19:39.585146+00:00
[2022-04-03 22:19:48,215] {standard_task_runner.py:52} INFO - Started process 2497 to run task
[2022-04-03 22:19:48,220] {standard_task_runner.py:76} INFO - Running: ['airflow', 'tasks', 'run', 'python_operator_univ_flores', 'create_csv', 'manual__2022-04-04T03:19:39.585146+00:00', '--job-id', '322', '--raw', '--subdir', 'DAGS_FOLDER/ET_Univ_De_Flores_dag.py', '--cfg-path', '/tmp/tmpbw0duu2g', '--error-file', '/tmp/tmpjdpklf1v']
[2022-04-03 22:19:48,221] {standard_task_runner.py:77} INFO - Job 322: Subtask create_csv
[2022-04-03 22:19:48,404] {logging_mixin.py:109} INFO - Running <TaskInstance: python_operator_univ_flores.create_csv manual__2022-04-04T03:19:39.585146+00:00 [running]> on host LAPTOP-5HJG55H7.localdomain
[2022-04-03 22:19:49,535] {taskinstance.py:1429} INFO - Exporting the following env vars:
AIRFLOW_CTX_DAG_OWNER=airflow
AIRFLOW_CTX_DAG_ID=python_operator_univ_flores
AIRFLOW_CTX_TASK_ID=create_csv
AIRFLOW_CTX_EXECUTION_DATE=2022-04-04T03:19:39.585146+00:00
AIRFLOW_CTX_DAG_RUN_ID=manual__2022-04-04T03:19:39.585146+00:00
[2022-04-03 22:19:49,555] {base.py:70} INFO - Using connection to: id: airflow-universities. Host: training-main.cghe7e6sfljt.us-east-1.rds.amazonaws.com, Port: 5432, Schema: training, Login: alkymer, Password: ***, extra: {}
[2022-04-03 22:19:50,823] {ET_Univ_De_Flores_dag.py:85} INFO - CSV created
[2022-04-03 22:19:50,824] {python.py:175} INFO - Done. Returned value was: None
[2022-04-03 22:19:50,834] {taskinstance.py:1272} INFO - Marking task as SUCCESS. dag_id=python_operator_univ_flores, task_id=create_csv, execution_date=20220404T031939, start_date=20220404T031948, end_date=20220404T031950
[2022-04-03 22:19:51,129] {local_task_job.py:154} INFO - Task exited with return code 0
[2022-04-03 22:19:51,298] {local_task_job.py:264} INFO - 1 downstream tasks scheduled from follow-on schedule check
