[2022-04-04 15:42:32,489] {taskinstance.py:1037} INFO - Dependencies all met for <TaskInstance: s3_uni_flores.upload_to_s3 manual__2022-04-04T20:42:18.551354+00:00 [queued]>
[2022-04-04 15:42:32,502] {taskinstance.py:1037} INFO - Dependencies all met for <TaskInstance: s3_uni_flores.upload_to_s3 manual__2022-04-04T20:42:18.551354+00:00 [queued]>
[2022-04-04 15:42:32,503] {taskinstance.py:1243} INFO - 
--------------------------------------------------------------------------------
[2022-04-04 15:42:32,503] {taskinstance.py:1244} INFO - Starting attempt 1 of 1
[2022-04-04 15:42:32,503] {taskinstance.py:1245} INFO - 
--------------------------------------------------------------------------------
[2022-04-04 15:42:32,707] {taskinstance.py:1264} INFO - Executing <Task(PythonOperator): upload_to_s3> on 2022-04-04 20:42:18.551354+00:00
[2022-04-04 15:42:32,710] {standard_task_runner.py:52} INFO - Started process 4209 to run task
[2022-04-04 15:42:32,715] {standard_task_runner.py:76} INFO - Running: ['airflow', 'tasks', 'run', 's3_uni_flores', 'upload_to_s3', 'manual__2022-04-04T20:42:18.551354+00:00', '--job-id', '353', '--raw', '--subdir', 'DAGS_FOLDER/dag_s3_universidad_de_las_flores.py', '--cfg-path', '/tmp/tmp2ksm87ac', '--error-file', '/tmp/tmpo2r6osw4']
[2022-04-04 15:42:32,715] {standard_task_runner.py:77} INFO - Job 353: Subtask upload_to_s3
[2022-04-04 15:42:33,477] {logging_mixin.py:109} INFO - Running <TaskInstance: s3_uni_flores.upload_to_s3 manual__2022-04-04T20:42:18.551354+00:00 [running]> on host LAPTOP-5HJG55H7.localdomain
[2022-04-04 15:42:33,882] {taskinstance.py:1429} INFO - Exporting the following env vars:
AIRFLOW_CTX_DAG_OWNER=airflow
AIRFLOW_CTX_DAG_ID=s3_uni_flores
AIRFLOW_CTX_TASK_ID=upload_to_s3
AIRFLOW_CTX_EXECUTION_DATE=2022-04-04T20:42:18.551354+00:00
AIRFLOW_CTX_DAG_RUN_ID=manual__2022-04-04T20:42:18.551354+00:00
[2022-04-04 15:42:33,884] {logging_mixin.py:109} INFO - /home/lowenhard/airflow/files/ET_Univ_DE_Flores.txt ET_Univ_DE_Flores.txt cohorte-marzo-77238c6a
[2022-04-04 15:42:33,885] {logging_mixin.py:109} INFO - Created Connection
[2022-04-04 15:42:33,893] {base_aws.py:206} INFO - Credentials retrieved from login
[2022-04-04 15:42:33,922] {logging_mixin.py:109} INFO - Session(region_name=None)
[2022-04-04 15:42:33,923] {logging_mixin.py:109} INFO - <airflow.providers.amazon.aws.hooks.s3.S3Hook object at 0x7f22213f8a30>
[2022-04-04 15:42:33,923] {dag_s3_universidad_de_las_flores.py:29} INFO - Checking s3 connection
[2022-04-04 15:42:33,923] {python.py:175} INFO - Done. Returned value was: None
[2022-04-04 15:42:33,936] {taskinstance.py:1272} INFO - Marking task as SUCCESS. dag_id=s3_uni_flores, task_id=upload_to_s3, execution_date=20220404T204218, start_date=20220404T204232, end_date=20220404T204233
[2022-04-04 15:42:34,134] {local_task_job.py:154} INFO - Task exited with return code 0
[2022-04-04 15:42:34,161] {local_task_job.py:264} INFO - 0 downstream tasks scheduled from follow-on schedule check
