[2022-03-26 18:27:11,991] {processor.py:163} INFO - Started process (PID=579) to work on /home/lowenhard/acceleration/env/lib/python3.8/site-packages/airflow/example_dags/plugins/workday.py
[2022-03-26 18:27:11,992] {processor.py:642} INFO - Processing file /home/lowenhard/acceleration/env/lib/python3.8/site-packages/airflow/example_dags/plugins/workday.py for tasks to queue
[2022-03-26 18:27:11,993] {logging_mixin.py:109} INFO - [2022-03-26 18:27:11,992] {dagbag.py:500} INFO - Filling up the DagBag from /home/lowenhard/acceleration/env/lib/python3.8/site-packages/airflow/example_dags/plugins/workday.py
[2022-03-26 18:27:12,934] {processor.py:656} WARNING - No viable dags retrieved from /home/lowenhard/acceleration/env/lib/python3.8/site-packages/airflow/example_dags/plugins/workday.py
[2022-03-26 18:27:12,937] {processor.py:171} INFO - Processing /home/lowenhard/acceleration/env/lib/python3.8/site-packages/airflow/example_dags/plugins/workday.py took 0.948 seconds
[2022-03-26 18:29:57,810] {processor.py:163} INFO - Started process (PID=650) to work on /home/lowenhard/acceleration/env/lib/python3.8/site-packages/airflow/example_dags/plugins/workday.py
[2022-03-26 18:29:57,827] {processor.py:642} INFO - Processing file /home/lowenhard/acceleration/env/lib/python3.8/site-packages/airflow/example_dags/plugins/workday.py for tasks to queue
[2022-03-26 18:29:57,828] {logging_mixin.py:109} INFO - [2022-03-26 18:29:57,827] {dagbag.py:500} INFO - Filling up the DagBag from /home/lowenhard/acceleration/env/lib/python3.8/site-packages/airflow/example_dags/plugins/workday.py
[2022-03-26 18:29:58,146] {processor.py:656} WARNING - No viable dags retrieved from /home/lowenhard/acceleration/env/lib/python3.8/site-packages/airflow/example_dags/plugins/workday.py
[2022-03-26 18:29:58,149] {processor.py:171} INFO - Processing /home/lowenhard/acceleration/env/lib/python3.8/site-packages/airflow/example_dags/plugins/workday.py took 0.342 seconds
[2022-03-26 18:31:26,334] {processor.py:163} INFO - Started process (PID=711) to work on /home/lowenhard/acceleration/env/lib/python3.8/site-packages/airflow/example_dags/plugins/workday.py
[2022-03-26 18:31:26,337] {processor.py:642} INFO - Processing file /home/lowenhard/acceleration/env/lib/python3.8/site-packages/airflow/example_dags/plugins/workday.py for tasks to queue
[2022-03-26 18:31:26,337] {logging_mixin.py:109} INFO - [2022-03-26 18:31:26,337] {dagbag.py:500} INFO - Filling up the DagBag from /home/lowenhard/acceleration/env/lib/python3.8/site-packages/airflow/example_dags/plugins/workday.py
[2022-03-26 18:31:26,345] {processor.py:656} WARNING - No viable dags retrieved from /home/lowenhard/acceleration/env/lib/python3.8/site-packages/airflow/example_dags/plugins/workday.py
[2022-03-26 18:31:26,347] {processor.py:171} INFO - Processing /home/lowenhard/acceleration/env/lib/python3.8/site-packages/airflow/example_dags/plugins/workday.py took 0.016 seconds
[2022-03-26 18:32:21,380] {processor.py:163} INFO - Started process (PID=752) to work on /home/lowenhard/acceleration/env/lib/python3.8/site-packages/airflow/example_dags/plugins/workday.py
[2022-03-26 18:32:21,398] {processor.py:642} INFO - Processing file /home/lowenhard/acceleration/env/lib/python3.8/site-packages/airflow/example_dags/plugins/workday.py for tasks to queue
[2022-03-26 18:32:21,399] {logging_mixin.py:109} INFO - [2022-03-26 18:32:21,399] {dagbag.py:500} INFO - Filling up the DagBag from /home/lowenhard/acceleration/env/lib/python3.8/site-packages/airflow/example_dags/plugins/workday.py
[2022-03-26 18:32:21,407] {processor.py:656} WARNING - No viable dags retrieved from /home/lowenhard/acceleration/env/lib/python3.8/site-packages/airflow/example_dags/plugins/workday.py
[2022-03-26 18:32:21,409] {processor.py:171} INFO - Processing /home/lowenhard/acceleration/env/lib/python3.8/site-packages/airflow/example_dags/plugins/workday.py took 0.032 seconds
[2022-03-26 18:33:15,510] {processor.py:163} INFO - Started process (PID=788) to work on /home/lowenhard/acceleration/env/lib/python3.8/site-packages/airflow/example_dags/plugins/workday.py
[2022-03-26 18:33:15,516] {processor.py:642} INFO - Processing file /home/lowenhard/acceleration/env/lib/python3.8/site-packages/airflow/example_dags/plugins/workday.py for tasks to queue
[2022-03-26 18:33:15,517] {logging_mixin.py:109} INFO - [2022-03-26 18:33:15,517] {dagbag.py:500} INFO - Filling up the DagBag from /home/lowenhard/acceleration/env/lib/python3.8/site-packages/airflow/example_dags/plugins/workday.py
[2022-03-26 18:33:15,525] {processor.py:656} WARNING - No viable dags retrieved from /home/lowenhard/acceleration/env/lib/python3.8/site-packages/airflow/example_dags/plugins/workday.py
[2022-03-26 18:33:15,527] {processor.py:171} INFO - Processing /home/lowenhard/acceleration/env/lib/python3.8/site-packages/airflow/example_dags/plugins/workday.py took 0.019 seconds
[2022-03-26 18:34:11,543] {processor.py:163} INFO - Started process (PID=831) to work on /home/lowenhard/acceleration/env/lib/python3.8/site-packages/airflow/example_dags/plugins/workday.py
[2022-03-26 18:34:11,546] {processor.py:642} INFO - Processing file /home/lowenhard/acceleration/env/lib/python3.8/site-packages/airflow/example_dags/plugins/workday.py for tasks to queue
[2022-03-26 18:34:11,547] {logging_mixin.py:109} INFO - [2022-03-26 18:34:11,547] {dagbag.py:500} INFO - Filling up the DagBag from /home/lowenhard/acceleration/env/lib/python3.8/site-packages/airflow/example_dags/plugins/workday.py
[2022-03-26 18:34:11,553] {processor.py:656} WARNING - No viable dags retrieved from /home/lowenhard/acceleration/env/lib/python3.8/site-packages/airflow/example_dags/plugins/workday.py
[2022-03-26 18:34:11,556] {processor.py:171} INFO - Processing /home/lowenhard/acceleration/env/lib/python3.8/site-packages/airflow/example_dags/plugins/workday.py took 0.015 seconds
[2022-03-26 18:35:13,955] {processor.py:163} INFO - Started process (PID=872) to work on /home/lowenhard/acceleration/env/lib/python3.8/site-packages/airflow/example_dags/plugins/workday.py
[2022-03-26 18:35:14,012] {processor.py:642} INFO - Processing file /home/lowenhard/acceleration/env/lib/python3.8/site-packages/airflow/example_dags/plugins/workday.py for tasks to queue
[2022-03-26 18:35:14,012] {logging_mixin.py:109} INFO - [2022-03-26 18:35:14,012] {dagbag.py:500} INFO - Filling up the DagBag from /home/lowenhard/acceleration/env/lib/python3.8/site-packages/airflow/example_dags/plugins/workday.py
[2022-03-26 18:35:14,202] {processor.py:656} WARNING - No viable dags retrieved from /home/lowenhard/acceleration/env/lib/python3.8/site-packages/airflow/example_dags/plugins/workday.py
[2022-03-26 18:35:14,203] {processor.py:171} INFO - Processing /home/lowenhard/acceleration/env/lib/python3.8/site-packages/airflow/example_dags/plugins/workday.py took 0.251 seconds
[2022-03-26 18:36:11,838] {processor.py:163} INFO - Started process (PID=908) to work on /home/lowenhard/acceleration/env/lib/python3.8/site-packages/airflow/example_dags/plugins/workday.py
[2022-03-26 18:36:11,892] {processor.py:642} INFO - Processing file /home/lowenhard/acceleration/env/lib/python3.8/site-packages/airflow/example_dags/plugins/workday.py for tasks to queue
[2022-03-26 18:36:11,893] {logging_mixin.py:109} INFO - [2022-03-26 18:36:11,893] {dagbag.py:500} INFO - Filling up the DagBag from /home/lowenhard/acceleration/env/lib/python3.8/site-packages/airflow/example_dags/plugins/workday.py
[2022-03-26 18:36:11,956] {processor.py:656} WARNING - No viable dags retrieved from /home/lowenhard/acceleration/env/lib/python3.8/site-packages/airflow/example_dags/plugins/workday.py
[2022-03-26 18:36:11,959] {processor.py:171} INFO - Processing /home/lowenhard/acceleration/env/lib/python3.8/site-packages/airflow/example_dags/plugins/workday.py took 0.124 seconds
[2022-03-26 18:37:38,298] {processor.py:163} INFO - Started process (PID=958) to work on /home/lowenhard/acceleration/env/lib/python3.8/site-packages/airflow/example_dags/plugins/workday.py
[2022-03-26 18:37:38,376] {processor.py:642} INFO - Processing file /home/lowenhard/acceleration/env/lib/python3.8/site-packages/airflow/example_dags/plugins/workday.py for tasks to queue
[2022-03-26 18:37:38,377] {logging_mixin.py:109} INFO - [2022-03-26 18:37:38,376] {dagbag.py:500} INFO - Filling up the DagBag from /home/lowenhard/acceleration/env/lib/python3.8/site-packages/airflow/example_dags/plugins/workday.py
[2022-03-26 18:37:38,384] {processor.py:656} WARNING - No viable dags retrieved from /home/lowenhard/acceleration/env/lib/python3.8/site-packages/airflow/example_dags/plugins/workday.py
[2022-03-26 18:37:38,386] {processor.py:171} INFO - Processing /home/lowenhard/acceleration/env/lib/python3.8/site-packages/airflow/example_dags/plugins/workday.py took 0.090 seconds
[2022-03-26 18:39:15,783] {processor.py:163} INFO - Started process (PID=1016) to work on /home/lowenhard/acceleration/env/lib/python3.8/site-packages/airflow/example_dags/plugins/workday.py
[2022-03-26 18:39:15,785] {processor.py:642} INFO - Processing file /home/lowenhard/acceleration/env/lib/python3.8/site-packages/airflow/example_dags/plugins/workday.py for tasks to queue
[2022-03-26 18:39:15,786] {logging_mixin.py:109} INFO - [2022-03-26 18:39:15,786] {dagbag.py:500} INFO - Filling up the DagBag from /home/lowenhard/acceleration/env/lib/python3.8/site-packages/airflow/example_dags/plugins/workday.py
[2022-03-26 18:39:15,793] {processor.py:656} WARNING - No viable dags retrieved from /home/lowenhard/acceleration/env/lib/python3.8/site-packages/airflow/example_dags/plugins/workday.py
[2022-03-26 18:39:15,795] {processor.py:171} INFO - Processing /home/lowenhard/acceleration/env/lib/python3.8/site-packages/airflow/example_dags/plugins/workday.py took 0.015 seconds
[2022-03-26 18:40:43,827] {processor.py:163} INFO - Started process (PID=1070) to work on /home/lowenhard/acceleration/env/lib/python3.8/site-packages/airflow/example_dags/plugins/workday.py
[2022-03-26 18:40:43,829] {processor.py:642} INFO - Processing file /home/lowenhard/acceleration/env/lib/python3.8/site-packages/airflow/example_dags/plugins/workday.py for tasks to queue
[2022-03-26 18:40:43,830] {logging_mixin.py:109} INFO - [2022-03-26 18:40:43,830] {dagbag.py:500} INFO - Filling up the DagBag from /home/lowenhard/acceleration/env/lib/python3.8/site-packages/airflow/example_dags/plugins/workday.py
[2022-03-26 18:40:43,837] {processor.py:656} WARNING - No viable dags retrieved from /home/lowenhard/acceleration/env/lib/python3.8/site-packages/airflow/example_dags/plugins/workday.py
[2022-03-26 18:40:43,839] {processor.py:171} INFO - Processing /home/lowenhard/acceleration/env/lib/python3.8/site-packages/airflow/example_dags/plugins/workday.py took 0.015 seconds
[2022-03-26 18:42:57,755] {processor.py:163} INFO - Started process (PID=1134) to work on /home/lowenhard/acceleration/env/lib/python3.8/site-packages/airflow/example_dags/plugins/workday.py
[2022-03-26 18:42:57,877] {processor.py:642} INFO - Processing file /home/lowenhard/acceleration/env/lib/python3.8/site-packages/airflow/example_dags/plugins/workday.py for tasks to queue
[2022-03-26 18:42:57,878] {logging_mixin.py:109} INFO - [2022-03-26 18:42:57,878] {dagbag.py:500} INFO - Filling up the DagBag from /home/lowenhard/acceleration/env/lib/python3.8/site-packages/airflow/example_dags/plugins/workday.py
[2022-03-26 18:42:57,887] {processor.py:656} WARNING - No viable dags retrieved from /home/lowenhard/acceleration/env/lib/python3.8/site-packages/airflow/example_dags/plugins/workday.py
[2022-03-26 18:42:57,889] {processor.py:171} INFO - Processing /home/lowenhard/acceleration/env/lib/python3.8/site-packages/airflow/example_dags/plugins/workday.py took 0.136 seconds
[2022-03-26 18:44:28,313] {processor.py:163} INFO - Started process (PID=1176) to work on /home/lowenhard/acceleration/env/lib/python3.8/site-packages/airflow/example_dags/plugins/workday.py
[2022-03-26 18:44:29,074] {processor.py:642} INFO - Processing file /home/lowenhard/acceleration/env/lib/python3.8/site-packages/airflow/example_dags/plugins/workday.py for tasks to queue
[2022-03-26 18:44:29,075] {logging_mixin.py:109} INFO - [2022-03-26 18:44:29,075] {dagbag.py:500} INFO - Filling up the DagBag from /home/lowenhard/acceleration/env/lib/python3.8/site-packages/airflow/example_dags/plugins/workday.py
[2022-03-26 18:44:29,084] {processor.py:656} WARNING - No viable dags retrieved from /home/lowenhard/acceleration/env/lib/python3.8/site-packages/airflow/example_dags/plugins/workday.py
[2022-03-26 18:44:29,085] {processor.py:171} INFO - Processing /home/lowenhard/acceleration/env/lib/python3.8/site-packages/airflow/example_dags/plugins/workday.py took 0.775 seconds
[2022-03-26 18:46:07,519] {processor.py:163} INFO - Started process (PID=1223) to work on /home/lowenhard/acceleration/env/lib/python3.8/site-packages/airflow/example_dags/plugins/workday.py
[2022-03-26 18:46:07,691] {processor.py:642} INFO - Processing file /home/lowenhard/acceleration/env/lib/python3.8/site-packages/airflow/example_dags/plugins/workday.py for tasks to queue
[2022-03-26 18:46:07,692] {logging_mixin.py:109} INFO - [2022-03-26 18:46:07,692] {dagbag.py:500} INFO - Filling up the DagBag from /home/lowenhard/acceleration/env/lib/python3.8/site-packages/airflow/example_dags/plugins/workday.py
[2022-03-26 18:46:08,835] {processor.py:656} WARNING - No viable dags retrieved from /home/lowenhard/acceleration/env/lib/python3.8/site-packages/airflow/example_dags/plugins/workday.py
[2022-03-26 18:46:08,837] {processor.py:171} INFO - Processing /home/lowenhard/acceleration/env/lib/python3.8/site-packages/airflow/example_dags/plugins/workday.py took 1.320 seconds
[2022-03-26 18:49:04,691] {processor.py:163} INFO - Started process (PID=1291) to work on /home/lowenhard/acceleration/env/lib/python3.8/site-packages/airflow/example_dags/plugins/workday.py
[2022-03-26 18:49:04,729] {processor.py:642} INFO - Processing file /home/lowenhard/acceleration/env/lib/python3.8/site-packages/airflow/example_dags/plugins/workday.py for tasks to queue
[2022-03-26 18:49:04,730] {logging_mixin.py:109} INFO - [2022-03-26 18:49:04,730] {dagbag.py:500} INFO - Filling up the DagBag from /home/lowenhard/acceleration/env/lib/python3.8/site-packages/airflow/example_dags/plugins/workday.py
[2022-03-26 18:49:04,739] {processor.py:656} WARNING - No viable dags retrieved from /home/lowenhard/acceleration/env/lib/python3.8/site-packages/airflow/example_dags/plugins/workday.py
[2022-03-26 18:49:04,740] {processor.py:171} INFO - Processing /home/lowenhard/acceleration/env/lib/python3.8/site-packages/airflow/example_dags/plugins/workday.py took 0.053 seconds
[2022-03-26 18:51:51,858] {processor.py:163} INFO - Started process (PID=1380) to work on /home/lowenhard/acceleration/env/lib/python3.8/site-packages/airflow/example_dags/plugins/workday.py
[2022-03-26 18:51:52,372] {processor.py:642} INFO - Processing file /home/lowenhard/acceleration/env/lib/python3.8/site-packages/airflow/example_dags/plugins/workday.py for tasks to queue
[2022-03-26 18:51:52,406] {logging_mixin.py:109} INFO - [2022-03-26 18:51:52,406] {dagbag.py:500} INFO - Filling up the DagBag from /home/lowenhard/acceleration/env/lib/python3.8/site-packages/airflow/example_dags/plugins/workday.py
[2022-03-26 18:51:52,750] {processor.py:656} WARNING - No viable dags retrieved from /home/lowenhard/acceleration/env/lib/python3.8/site-packages/airflow/example_dags/plugins/workday.py
[2022-03-26 18:51:52,753] {processor.py:171} INFO - Processing /home/lowenhard/acceleration/env/lib/python3.8/site-packages/airflow/example_dags/plugins/workday.py took 0.898 seconds
[2022-03-26 18:54:11,512] {processor.py:163} INFO - Started process (PID=1441) to work on /home/lowenhard/acceleration/env/lib/python3.8/site-packages/airflow/example_dags/plugins/workday.py
[2022-03-26 18:54:11,577] {processor.py:642} INFO - Processing file /home/lowenhard/acceleration/env/lib/python3.8/site-packages/airflow/example_dags/plugins/workday.py for tasks to queue
[2022-03-26 18:54:11,578] {logging_mixin.py:109} INFO - [2022-03-26 18:54:11,578] {dagbag.py:500} INFO - Filling up the DagBag from /home/lowenhard/acceleration/env/lib/python3.8/site-packages/airflow/example_dags/plugins/workday.py
[2022-03-26 18:54:11,586] {processor.py:656} WARNING - No viable dags retrieved from /home/lowenhard/acceleration/env/lib/python3.8/site-packages/airflow/example_dags/plugins/workday.py
[2022-03-26 18:54:11,588] {processor.py:171} INFO - Processing /home/lowenhard/acceleration/env/lib/python3.8/site-packages/airflow/example_dags/plugins/workday.py took 0.077 seconds
[2022-03-26 18:56:14,604] {processor.py:163} INFO - Started process (PID=1513) to work on /home/lowenhard/acceleration/env/lib/python3.8/site-packages/airflow/example_dags/plugins/workday.py
[2022-03-26 18:56:14,697] {processor.py:642} INFO - Processing file /home/lowenhard/acceleration/env/lib/python3.8/site-packages/airflow/example_dags/plugins/workday.py for tasks to queue
[2022-03-26 18:56:14,698] {logging_mixin.py:109} INFO - [2022-03-26 18:56:14,698] {dagbag.py:500} INFO - Filling up the DagBag from /home/lowenhard/acceleration/env/lib/python3.8/site-packages/airflow/example_dags/plugins/workday.py
[2022-03-26 18:56:15,243] {processor.py:656} WARNING - No viable dags retrieved from /home/lowenhard/acceleration/env/lib/python3.8/site-packages/airflow/example_dags/plugins/workday.py
[2022-03-26 18:56:15,246] {processor.py:171} INFO - Processing /home/lowenhard/acceleration/env/lib/python3.8/site-packages/airflow/example_dags/plugins/workday.py took 0.644 seconds
[2022-03-26 18:58:27,506] {processor.py:163} INFO - Started process (PID=1574) to work on /home/lowenhard/acceleration/env/lib/python3.8/site-packages/airflow/example_dags/plugins/workday.py
[2022-03-26 18:58:27,754] {processor.py:642} INFO - Processing file /home/lowenhard/acceleration/env/lib/python3.8/site-packages/airflow/example_dags/plugins/workday.py for tasks to queue
[2022-03-26 18:58:27,755] {logging_mixin.py:109} INFO - [2022-03-26 18:58:27,755] {dagbag.py:500} INFO - Filling up the DagBag from /home/lowenhard/acceleration/env/lib/python3.8/site-packages/airflow/example_dags/plugins/workday.py
[2022-03-26 18:58:27,767] {processor.py:656} WARNING - No viable dags retrieved from /home/lowenhard/acceleration/env/lib/python3.8/site-packages/airflow/example_dags/plugins/workday.py
[2022-03-26 18:58:27,769] {processor.py:171} INFO - Processing /home/lowenhard/acceleration/env/lib/python3.8/site-packages/airflow/example_dags/plugins/workday.py took 0.265 seconds
[2022-03-26 18:59:51,828] {processor.py:163} INFO - Started process (PID=1616) to work on /home/lowenhard/acceleration/env/lib/python3.8/site-packages/airflow/example_dags/plugins/workday.py
[2022-03-26 18:59:51,873] {processor.py:642} INFO - Processing file /home/lowenhard/acceleration/env/lib/python3.8/site-packages/airflow/example_dags/plugins/workday.py for tasks to queue
[2022-03-26 18:59:51,874] {logging_mixin.py:109} INFO - [2022-03-26 18:59:51,874] {dagbag.py:500} INFO - Filling up the DagBag from /home/lowenhard/acceleration/env/lib/python3.8/site-packages/airflow/example_dags/plugins/workday.py
[2022-03-26 18:59:51,882] {processor.py:656} WARNING - No viable dags retrieved from /home/lowenhard/acceleration/env/lib/python3.8/site-packages/airflow/example_dags/plugins/workday.py
[2022-03-26 18:59:51,884] {processor.py:171} INFO - Processing /home/lowenhard/acceleration/env/lib/python3.8/site-packages/airflow/example_dags/plugins/workday.py took 0.060 seconds
