[2022-04-04 16:38:55,907] {taskinstance.py:1037} INFO - Dependencies all met for <TaskInstance: s3_uni_villa_maria.upload_to_s3 scheduled__2022-04-03T00:00:00+00:00 [queued]>
[2022-04-04 16:38:55,915] {taskinstance.py:1037} INFO - Dependencies all met for <TaskInstance: s3_uni_villa_maria.upload_to_s3 scheduled__2022-04-03T00:00:00+00:00 [queued]>
[2022-04-04 16:38:55,915] {taskinstance.py:1243} INFO - 
--------------------------------------------------------------------------------
[2022-04-04 16:38:55,915] {taskinstance.py:1244} INFO - Starting attempt 1 of 1
[2022-04-04 16:38:55,915] {taskinstance.py:1245} INFO - 
--------------------------------------------------------------------------------
[2022-04-04 16:38:56,079] {taskinstance.py:1264} INFO - Executing <Task(PythonOperator): upload_to_s3> on 2022-04-03 00:00:00+00:00
[2022-04-04 16:38:56,081] {standard_task_runner.py:52} INFO - Started process 7353 to run task
[2022-04-04 16:38:56,087] {standard_task_runner.py:76} INFO - Running: ['airflow', 'tasks', 'run', 's3_uni_villa_maria', 'upload_to_s3', 'scheduled__2022-04-03T00:00:00+00:00', '--job-id', '360', '--raw', '--subdir', 'DAGS_FOLDER/dag_s3_universidad_villa_maria.py', '--cfg-path', '/tmp/tmpaiko83ia', '--error-file', '/tmp/tmpbd1d3pr1']
[2022-04-04 16:38:56,087] {standard_task_runner.py:77} INFO - Job 360: Subtask upload_to_s3
[2022-04-04 16:38:56,689] {logging_mixin.py:109} INFO - Running <TaskInstance: s3_uni_villa_maria.upload_to_s3 scheduled__2022-04-03T00:00:00+00:00 [running]> on host LAPTOP-5HJG55H7.localdomain
[2022-04-04 16:38:57,011] {taskinstance.py:1429} INFO - Exporting the following env vars:
AIRFLOW_CTX_DAG_OWNER=airflow
AIRFLOW_CTX_DAG_ID=s3_uni_villa_maria
AIRFLOW_CTX_TASK_ID=upload_to_s3
AIRFLOW_CTX_EXECUTION_DATE=2022-04-03T00:00:00+00:00
AIRFLOW_CTX_DAG_RUN_ID=scheduled__2022-04-03T00:00:00+00:00
[2022-04-04 16:38:57,028] {base_aws.py:210} INFO - Credentials retrieved from extra_config
[2022-04-04 16:38:57,704] {logging_mixin.py:109} INFO - /home/lowenhard/airflow/files/ET_Univ_Villa_Maria.txt ET_Univ_Villa_Maria.txt cohorte-marzo-77238c6a
[2022-04-04 16:38:57,705] {logging_mixin.py:109} INFO - Created Connection
[2022-04-04 16:38:57,709] {base_aws.py:210} INFO - Credentials retrieved from extra_config
[2022-04-04 16:38:57,730] {logging_mixin.py:109} INFO - Session(region_name=None)
[2022-04-04 16:38:57,730] {logging_mixin.py:109} INFO - False
[2022-04-04 16:38:57,730] {dag_s3_universidad_villa_maria.py:30} INFO - Checking s3 connection: False
[2022-04-04 16:38:57,731] {python.py:175} INFO - Done. Returned value was: None
[2022-04-04 16:38:57,738] {taskinstance.py:1272} INFO - Marking task as SUCCESS. dag_id=s3_uni_villa_maria, task_id=upload_to_s3, execution_date=20220403T000000, start_date=20220404T213855, end_date=20220404T213857
[2022-04-04 16:38:59,956] {local_task_job.py:154} INFO - Task exited with return code 0
[2022-04-04 16:39:00,231] {local_task_job.py:264} INFO - 0 downstream tasks scheduled from follow-on schedule check
