[2022-03-21 05:19:17,513] {processor.py:163} INFO - Started process (PID=174) to work on /home/lowenhard/acceleration/env/lib/python3.8/site-packages/airflow/example_dags/subdags/subdag.py
[2022-03-21 05:19:17,514] {processor.py:642} INFO - Processing file /home/lowenhard/acceleration/env/lib/python3.8/site-packages/airflow/example_dags/subdags/subdag.py for tasks to queue
[2022-03-21 05:19:17,515] {logging_mixin.py:109} INFO - [2022-03-21 05:19:17,515] {dagbag.py:500} INFO - Filling up the DagBag from /home/lowenhard/acceleration/env/lib/python3.8/site-packages/airflow/example_dags/subdags/subdag.py
[2022-03-21 05:19:17,530] {processor.py:656} WARNING - No viable dags retrieved from /home/lowenhard/acceleration/env/lib/python3.8/site-packages/airflow/example_dags/subdags/subdag.py
[2022-03-21 05:19:17,534] {processor.py:171} INFO - Processing /home/lowenhard/acceleration/env/lib/python3.8/site-packages/airflow/example_dags/subdags/subdag.py took 0.023 seconds
[2022-03-21 05:21:09,926] {processor.py:163} INFO - Started process (PID=286) to work on /home/lowenhard/acceleration/env/lib/python3.8/site-packages/airflow/example_dags/subdags/subdag.py
[2022-03-21 05:21:09,993] {processor.py:642} INFO - Processing file /home/lowenhard/acceleration/env/lib/python3.8/site-packages/airflow/example_dags/subdags/subdag.py for tasks to queue
[2022-03-21 05:21:09,993] {logging_mixin.py:109} INFO - [2022-03-21 05:21:09,993] {dagbag.py:500} INFO - Filling up the DagBag from /home/lowenhard/acceleration/env/lib/python3.8/site-packages/airflow/example_dags/subdags/subdag.py
[2022-03-21 05:21:10,003] {processor.py:656} WARNING - No viable dags retrieved from /home/lowenhard/acceleration/env/lib/python3.8/site-packages/airflow/example_dags/subdags/subdag.py
[2022-03-21 05:21:10,004] {processor.py:171} INFO - Processing /home/lowenhard/acceleration/env/lib/python3.8/site-packages/airflow/example_dags/subdags/subdag.py took 0.080 seconds
[2022-03-21 05:22:39,630] {processor.py:163} INFO - Started process (PID=326) to work on /home/lowenhard/acceleration/env/lib/python3.8/site-packages/airflow/example_dags/subdags/subdag.py
[2022-03-21 05:22:39,640] {processor.py:642} INFO - Processing file /home/lowenhard/acceleration/env/lib/python3.8/site-packages/airflow/example_dags/subdags/subdag.py for tasks to queue
[2022-03-21 05:22:39,641] {logging_mixin.py:109} INFO - [2022-03-21 05:22:39,641] {dagbag.py:500} INFO - Filling up the DagBag from /home/lowenhard/acceleration/env/lib/python3.8/site-packages/airflow/example_dags/subdags/subdag.py
[2022-03-21 05:22:39,651] {processor.py:656} WARNING - No viable dags retrieved from /home/lowenhard/acceleration/env/lib/python3.8/site-packages/airflow/example_dags/subdags/subdag.py
[2022-03-21 05:22:39,653] {processor.py:171} INFO - Processing /home/lowenhard/acceleration/env/lib/python3.8/site-packages/airflow/example_dags/subdags/subdag.py took 0.027 seconds
[2022-03-21 05:24:04,195] {processor.py:163} INFO - Started process (PID=365) to work on /home/lowenhard/acceleration/env/lib/python3.8/site-packages/airflow/example_dags/subdags/subdag.py
[2022-03-21 05:24:04,325] {processor.py:642} INFO - Processing file /home/lowenhard/acceleration/env/lib/python3.8/site-packages/airflow/example_dags/subdags/subdag.py for tasks to queue
[2022-03-21 05:24:04,326] {logging_mixin.py:109} INFO - [2022-03-21 05:24:04,326] {dagbag.py:500} INFO - Filling up the DagBag from /home/lowenhard/acceleration/env/lib/python3.8/site-packages/airflow/example_dags/subdags/subdag.py
[2022-03-21 05:24:04,336] {processor.py:656} WARNING - No viable dags retrieved from /home/lowenhard/acceleration/env/lib/python3.8/site-packages/airflow/example_dags/subdags/subdag.py
[2022-03-21 05:24:04,339] {processor.py:171} INFO - Processing /home/lowenhard/acceleration/env/lib/python3.8/site-packages/airflow/example_dags/subdags/subdag.py took 0.147 seconds
[2022-03-21 05:25:06,760] {processor.py:163} INFO - Started process (PID=398) to work on /home/lowenhard/acceleration/env/lib/python3.8/site-packages/airflow/example_dags/subdags/subdag.py
[2022-03-21 05:25:07,358] {processor.py:642} INFO - Processing file /home/lowenhard/acceleration/env/lib/python3.8/site-packages/airflow/example_dags/subdags/subdag.py for tasks to queue
[2022-03-21 05:25:07,358] {logging_mixin.py:109} INFO - [2022-03-21 05:25:07,358] {dagbag.py:500} INFO - Filling up the DagBag from /home/lowenhard/acceleration/env/lib/python3.8/site-packages/airflow/example_dags/subdags/subdag.py
[2022-03-21 05:25:07,368] {processor.py:656} WARNING - No viable dags retrieved from /home/lowenhard/acceleration/env/lib/python3.8/site-packages/airflow/example_dags/subdags/subdag.py
[2022-03-21 05:25:07,370] {processor.py:171} INFO - Processing /home/lowenhard/acceleration/env/lib/python3.8/site-packages/airflow/example_dags/subdags/subdag.py took 0.612 seconds
[2022-03-21 05:26:45,764] {processor.py:163} INFO - Started process (PID=438) to work on /home/lowenhard/acceleration/env/lib/python3.8/site-packages/airflow/example_dags/subdags/subdag.py
[2022-03-21 05:26:46,941] {processor.py:642} INFO - Processing file /home/lowenhard/acceleration/env/lib/python3.8/site-packages/airflow/example_dags/subdags/subdag.py for tasks to queue
[2022-03-21 05:26:46,942] {logging_mixin.py:109} INFO - [2022-03-21 05:26:46,941] {dagbag.py:500} INFO - Filling up the DagBag from /home/lowenhard/acceleration/env/lib/python3.8/site-packages/airflow/example_dags/subdags/subdag.py
[2022-03-21 05:26:47,381] {processor.py:656} WARNING - No viable dags retrieved from /home/lowenhard/acceleration/env/lib/python3.8/site-packages/airflow/example_dags/subdags/subdag.py
[2022-03-21 05:26:47,383] {processor.py:171} INFO - Processing /home/lowenhard/acceleration/env/lib/python3.8/site-packages/airflow/example_dags/subdags/subdag.py took 1.621 seconds
[2022-03-21 05:28:10,724] {processor.py:163} INFO - Started process (PID=475) to work on /home/lowenhard/acceleration/env/lib/python3.8/site-packages/airflow/example_dags/subdags/subdag.py
[2022-03-21 05:28:10,821] {processor.py:642} INFO - Processing file /home/lowenhard/acceleration/env/lib/python3.8/site-packages/airflow/example_dags/subdags/subdag.py for tasks to queue
[2022-03-21 05:28:10,822] {logging_mixin.py:109} INFO - [2022-03-21 05:28:10,822] {dagbag.py:500} INFO - Filling up the DagBag from /home/lowenhard/acceleration/env/lib/python3.8/site-packages/airflow/example_dags/subdags/subdag.py
[2022-03-21 05:28:10,844] {processor.py:656} WARNING - No viable dags retrieved from /home/lowenhard/acceleration/env/lib/python3.8/site-packages/airflow/example_dags/subdags/subdag.py
[2022-03-21 05:28:10,847] {processor.py:171} INFO - Processing /home/lowenhard/acceleration/env/lib/python3.8/site-packages/airflow/example_dags/subdags/subdag.py took 0.126 seconds
[2022-03-21 05:29:32,437] {processor.py:163} INFO - Started process (PID=511) to work on /home/lowenhard/acceleration/env/lib/python3.8/site-packages/airflow/example_dags/subdags/subdag.py
[2022-03-21 05:29:32,454] {processor.py:642} INFO - Processing file /home/lowenhard/acceleration/env/lib/python3.8/site-packages/airflow/example_dags/subdags/subdag.py for tasks to queue
[2022-03-21 05:29:32,455] {logging_mixin.py:109} INFO - [2022-03-21 05:29:32,455] {dagbag.py:500} INFO - Filling up the DagBag from /home/lowenhard/acceleration/env/lib/python3.8/site-packages/airflow/example_dags/subdags/subdag.py
[2022-03-21 05:29:32,464] {processor.py:656} WARNING - No viable dags retrieved from /home/lowenhard/acceleration/env/lib/python3.8/site-packages/airflow/example_dags/subdags/subdag.py
[2022-03-21 05:29:32,466] {processor.py:171} INFO - Processing /home/lowenhard/acceleration/env/lib/python3.8/site-packages/airflow/example_dags/subdags/subdag.py took 0.031 seconds
[2022-03-21 05:30:54,602] {processor.py:163} INFO - Started process (PID=556) to work on /home/lowenhard/acceleration/env/lib/python3.8/site-packages/airflow/example_dags/subdags/subdag.py
[2022-03-21 05:30:54,699] {processor.py:642} INFO - Processing file /home/lowenhard/acceleration/env/lib/python3.8/site-packages/airflow/example_dags/subdags/subdag.py for tasks to queue
[2022-03-21 05:30:54,700] {logging_mixin.py:109} INFO - [2022-03-21 05:30:54,700] {dagbag.py:500} INFO - Filling up the DagBag from /home/lowenhard/acceleration/env/lib/python3.8/site-packages/airflow/example_dags/subdags/subdag.py
[2022-03-21 05:30:54,713] {processor.py:656} WARNING - No viable dags retrieved from /home/lowenhard/acceleration/env/lib/python3.8/site-packages/airflow/example_dags/subdags/subdag.py
[2022-03-21 05:30:54,714] {processor.py:171} INFO - Processing /home/lowenhard/acceleration/env/lib/python3.8/site-packages/airflow/example_dags/subdags/subdag.py took 0.116 seconds
[2022-03-21 05:32:23,071] {processor.py:163} INFO - Started process (PID=605) to work on /home/lowenhard/acceleration/env/lib/python3.8/site-packages/airflow/example_dags/subdags/subdag.py
[2022-03-21 05:32:23,087] {processor.py:642} INFO - Processing file /home/lowenhard/acceleration/env/lib/python3.8/site-packages/airflow/example_dags/subdags/subdag.py for tasks to queue
[2022-03-21 05:32:23,087] {logging_mixin.py:109} INFO - [2022-03-21 05:32:23,087] {dagbag.py:500} INFO - Filling up the DagBag from /home/lowenhard/acceleration/env/lib/python3.8/site-packages/airflow/example_dags/subdags/subdag.py
[2022-03-21 05:32:23,098] {processor.py:656} WARNING - No viable dags retrieved from /home/lowenhard/acceleration/env/lib/python3.8/site-packages/airflow/example_dags/subdags/subdag.py
[2022-03-21 05:32:23,101] {processor.py:171} INFO - Processing /home/lowenhard/acceleration/env/lib/python3.8/site-packages/airflow/example_dags/subdags/subdag.py took 0.031 seconds
[2022-03-21 05:33:46,480] {processor.py:163} INFO - Started process (PID=646) to work on /home/lowenhard/acceleration/env/lib/python3.8/site-packages/airflow/example_dags/subdags/subdag.py
[2022-03-21 05:33:47,519] {processor.py:642} INFO - Processing file /home/lowenhard/acceleration/env/lib/python3.8/site-packages/airflow/example_dags/subdags/subdag.py for tasks to queue
[2022-03-21 05:33:47,519] {logging_mixin.py:109} INFO - [2022-03-21 05:33:47,519] {dagbag.py:500} INFO - Filling up the DagBag from /home/lowenhard/acceleration/env/lib/python3.8/site-packages/airflow/example_dags/subdags/subdag.py
[2022-03-21 05:33:47,761] {processor.py:656} WARNING - No viable dags retrieved from /home/lowenhard/acceleration/env/lib/python3.8/site-packages/airflow/example_dags/subdags/subdag.py
[2022-03-21 05:33:47,763] {processor.py:171} INFO - Processing /home/lowenhard/acceleration/env/lib/python3.8/site-packages/airflow/example_dags/subdags/subdag.py took 1.285 seconds
[2022-03-21 05:35:20,091] {processor.py:163} INFO - Started process (PID=703) to work on /home/lowenhard/acceleration/env/lib/python3.8/site-packages/airflow/example_dags/subdags/subdag.py
[2022-03-21 05:35:20,160] {processor.py:642} INFO - Processing file /home/lowenhard/acceleration/env/lib/python3.8/site-packages/airflow/example_dags/subdags/subdag.py for tasks to queue
[2022-03-21 05:35:20,161] {logging_mixin.py:109} INFO - [2022-03-21 05:35:20,161] {dagbag.py:500} INFO - Filling up the DagBag from /home/lowenhard/acceleration/env/lib/python3.8/site-packages/airflow/example_dags/subdags/subdag.py
[2022-03-21 05:35:20,904] {processor.py:656} WARNING - No viable dags retrieved from /home/lowenhard/acceleration/env/lib/python3.8/site-packages/airflow/example_dags/subdags/subdag.py
[2022-03-21 05:35:20,906] {processor.py:171} INFO - Processing /home/lowenhard/acceleration/env/lib/python3.8/site-packages/airflow/example_dags/subdags/subdag.py took 0.818 seconds
[2022-03-21 05:36:53,321] {processor.py:163} INFO - Started process (PID=754) to work on /home/lowenhard/acceleration/env/lib/python3.8/site-packages/airflow/example_dags/subdags/subdag.py
[2022-03-21 05:36:53,894] {processor.py:642} INFO - Processing file /home/lowenhard/acceleration/env/lib/python3.8/site-packages/airflow/example_dags/subdags/subdag.py for tasks to queue
[2022-03-21 05:36:53,895] {logging_mixin.py:109} INFO - [2022-03-21 05:36:53,895] {dagbag.py:500} INFO - Filling up the DagBag from /home/lowenhard/acceleration/env/lib/python3.8/site-packages/airflow/example_dags/subdags/subdag.py
[2022-03-21 05:36:53,904] {processor.py:656} WARNING - No viable dags retrieved from /home/lowenhard/acceleration/env/lib/python3.8/site-packages/airflow/example_dags/subdags/subdag.py
[2022-03-21 05:36:53,906] {processor.py:171} INFO - Processing /home/lowenhard/acceleration/env/lib/python3.8/site-packages/airflow/example_dags/subdags/subdag.py took 0.587 seconds
[2022-03-21 05:38:23,618] {processor.py:163} INFO - Started process (PID=794) to work on /home/lowenhard/acceleration/env/lib/python3.8/site-packages/airflow/example_dags/subdags/subdag.py
[2022-03-21 05:38:24,313] {processor.py:642} INFO - Processing file /home/lowenhard/acceleration/env/lib/python3.8/site-packages/airflow/example_dags/subdags/subdag.py for tasks to queue
[2022-03-21 05:38:24,313] {logging_mixin.py:109} INFO - [2022-03-21 05:38:24,313] {dagbag.py:500} INFO - Filling up the DagBag from /home/lowenhard/acceleration/env/lib/python3.8/site-packages/airflow/example_dags/subdags/subdag.py
[2022-03-21 05:38:24,323] {processor.py:656} WARNING - No viable dags retrieved from /home/lowenhard/acceleration/env/lib/python3.8/site-packages/airflow/example_dags/subdags/subdag.py
[2022-03-21 05:38:24,325] {processor.py:171} INFO - Processing /home/lowenhard/acceleration/env/lib/python3.8/site-packages/airflow/example_dags/subdags/subdag.py took 0.709 seconds
[2022-03-21 05:40:13,370] {processor.py:163} INFO - Started process (PID=840) to work on /home/lowenhard/acceleration/env/lib/python3.8/site-packages/airflow/example_dags/subdags/subdag.py
[2022-03-21 05:40:13,454] {processor.py:642} INFO - Processing file /home/lowenhard/acceleration/env/lib/python3.8/site-packages/airflow/example_dags/subdags/subdag.py for tasks to queue
[2022-03-21 05:40:13,455] {logging_mixin.py:109} INFO - [2022-03-21 05:40:13,455] {dagbag.py:500} INFO - Filling up the DagBag from /home/lowenhard/acceleration/env/lib/python3.8/site-packages/airflow/example_dags/subdags/subdag.py
[2022-03-21 05:40:13,468] {processor.py:656} WARNING - No viable dags retrieved from /home/lowenhard/acceleration/env/lib/python3.8/site-packages/airflow/example_dags/subdags/subdag.py
[2022-03-21 05:40:13,473] {processor.py:171} INFO - Processing /home/lowenhard/acceleration/env/lib/python3.8/site-packages/airflow/example_dags/subdags/subdag.py took 0.106 seconds
[2022-03-21 05:41:45,658] {processor.py:163} INFO - Started process (PID=881) to work on /home/lowenhard/acceleration/env/lib/python3.8/site-packages/airflow/example_dags/subdags/subdag.py
[2022-03-21 05:41:45,689] {processor.py:642} INFO - Processing file /home/lowenhard/acceleration/env/lib/python3.8/site-packages/airflow/example_dags/subdags/subdag.py for tasks to queue
[2022-03-21 05:41:45,689] {logging_mixin.py:109} INFO - [2022-03-21 05:41:45,689] {dagbag.py:500} INFO - Filling up the DagBag from /home/lowenhard/acceleration/env/lib/python3.8/site-packages/airflow/example_dags/subdags/subdag.py
[2022-03-21 05:41:45,698] {processor.py:656} WARNING - No viable dags retrieved from /home/lowenhard/acceleration/env/lib/python3.8/site-packages/airflow/example_dags/subdags/subdag.py
[2022-03-21 05:41:45,701] {processor.py:171} INFO - Processing /home/lowenhard/acceleration/env/lib/python3.8/site-packages/airflow/example_dags/subdags/subdag.py took 0.047 seconds
[2022-03-21 05:43:25,551] {processor.py:163} INFO - Started process (PID=933) to work on /home/lowenhard/acceleration/env/lib/python3.8/site-packages/airflow/example_dags/subdags/subdag.py
[2022-03-21 05:43:25,560] {processor.py:642} INFO - Processing file /home/lowenhard/acceleration/env/lib/python3.8/site-packages/airflow/example_dags/subdags/subdag.py for tasks to queue
[2022-03-21 05:43:25,561] {logging_mixin.py:109} INFO - [2022-03-21 05:43:25,561] {dagbag.py:500} INFO - Filling up the DagBag from /home/lowenhard/acceleration/env/lib/python3.8/site-packages/airflow/example_dags/subdags/subdag.py
[2022-03-21 05:43:25,571] {processor.py:656} WARNING - No viable dags retrieved from /home/lowenhard/acceleration/env/lib/python3.8/site-packages/airflow/example_dags/subdags/subdag.py
[2022-03-21 05:43:25,574] {processor.py:171} INFO - Processing /home/lowenhard/acceleration/env/lib/python3.8/site-packages/airflow/example_dags/subdags/subdag.py took 0.025 seconds
[2022-03-21 05:44:51,798] {processor.py:163} INFO - Started process (PID=972) to work on /home/lowenhard/acceleration/env/lib/python3.8/site-packages/airflow/example_dags/subdags/subdag.py
[2022-03-21 05:44:51,809] {processor.py:642} INFO - Processing file /home/lowenhard/acceleration/env/lib/python3.8/site-packages/airflow/example_dags/subdags/subdag.py for tasks to queue
[2022-03-21 05:44:51,809] {logging_mixin.py:109} INFO - [2022-03-21 05:44:51,809] {dagbag.py:500} INFO - Filling up the DagBag from /home/lowenhard/acceleration/env/lib/python3.8/site-packages/airflow/example_dags/subdags/subdag.py
[2022-03-21 05:44:51,819] {processor.py:656} WARNING - No viable dags retrieved from /home/lowenhard/acceleration/env/lib/python3.8/site-packages/airflow/example_dags/subdags/subdag.py
[2022-03-21 05:44:51,822] {processor.py:171} INFO - Processing /home/lowenhard/acceleration/env/lib/python3.8/site-packages/airflow/example_dags/subdags/subdag.py took 0.026 seconds
[2022-03-21 05:46:19,362] {processor.py:163} INFO - Started process (PID=1012) to work on /home/lowenhard/acceleration/env/lib/python3.8/site-packages/airflow/example_dags/subdags/subdag.py
[2022-03-21 05:46:20,159] {processor.py:642} INFO - Processing file /home/lowenhard/acceleration/env/lib/python3.8/site-packages/airflow/example_dags/subdags/subdag.py for tasks to queue
[2022-03-21 05:46:20,160] {logging_mixin.py:109} INFO - [2022-03-21 05:46:20,159] {dagbag.py:500} INFO - Filling up the DagBag from /home/lowenhard/acceleration/env/lib/python3.8/site-packages/airflow/example_dags/subdags/subdag.py
[2022-03-21 05:46:20,169] {processor.py:656} WARNING - No viable dags retrieved from /home/lowenhard/acceleration/env/lib/python3.8/site-packages/airflow/example_dags/subdags/subdag.py
[2022-03-21 05:46:20,171] {processor.py:171} INFO - Processing /home/lowenhard/acceleration/env/lib/python3.8/site-packages/airflow/example_dags/subdags/subdag.py took 0.812 seconds
[2022-03-21 05:48:03,905] {processor.py:163} INFO - Started process (PID=1053) to work on /home/lowenhard/acceleration/env/lib/python3.8/site-packages/airflow/example_dags/subdags/subdag.py
[2022-03-21 05:48:03,924] {processor.py:642} INFO - Processing file /home/lowenhard/acceleration/env/lib/python3.8/site-packages/airflow/example_dags/subdags/subdag.py for tasks to queue
[2022-03-21 05:48:03,924] {logging_mixin.py:109} INFO - [2022-03-21 05:48:03,924] {dagbag.py:500} INFO - Filling up the DagBag from /home/lowenhard/acceleration/env/lib/python3.8/site-packages/airflow/example_dags/subdags/subdag.py
[2022-03-21 05:48:03,938] {processor.py:656} WARNING - No viable dags retrieved from /home/lowenhard/acceleration/env/lib/python3.8/site-packages/airflow/example_dags/subdags/subdag.py
[2022-03-21 05:48:03,941] {processor.py:171} INFO - Processing /home/lowenhard/acceleration/env/lib/python3.8/site-packages/airflow/example_dags/subdags/subdag.py took 0.038 seconds
[2022-03-21 05:49:24,863] {processor.py:163} INFO - Started process (PID=1091) to work on /home/lowenhard/acceleration/env/lib/python3.8/site-packages/airflow/example_dags/subdags/subdag.py
[2022-03-21 05:49:25,442] {processor.py:642} INFO - Processing file /home/lowenhard/acceleration/env/lib/python3.8/site-packages/airflow/example_dags/subdags/subdag.py for tasks to queue
[2022-03-21 05:49:25,443] {logging_mixin.py:109} INFO - [2022-03-21 05:49:25,442] {dagbag.py:500} INFO - Filling up the DagBag from /home/lowenhard/acceleration/env/lib/python3.8/site-packages/airflow/example_dags/subdags/subdag.py
[2022-03-21 05:49:25,453] {processor.py:656} WARNING - No viable dags retrieved from /home/lowenhard/acceleration/env/lib/python3.8/site-packages/airflow/example_dags/subdags/subdag.py
[2022-03-21 05:49:25,455] {processor.py:171} INFO - Processing /home/lowenhard/acceleration/env/lib/python3.8/site-packages/airflow/example_dags/subdags/subdag.py took 0.594 seconds
[2022-03-21 05:51:10,775] {processor.py:163} INFO - Started process (PID=1137) to work on /home/lowenhard/acceleration/env/lib/python3.8/site-packages/airflow/example_dags/subdags/subdag.py
[2022-03-21 05:51:10,864] {processor.py:642} INFO - Processing file /home/lowenhard/acceleration/env/lib/python3.8/site-packages/airflow/example_dags/subdags/subdag.py for tasks to queue
[2022-03-21 05:51:10,865] {logging_mixin.py:109} INFO - [2022-03-21 05:51:10,865] {dagbag.py:500} INFO - Filling up the DagBag from /home/lowenhard/acceleration/env/lib/python3.8/site-packages/airflow/example_dags/subdags/subdag.py
[2022-03-21 05:51:10,888] {processor.py:656} WARNING - No viable dags retrieved from /home/lowenhard/acceleration/env/lib/python3.8/site-packages/airflow/example_dags/subdags/subdag.py
[2022-03-21 05:51:10,892] {processor.py:171} INFO - Processing /home/lowenhard/acceleration/env/lib/python3.8/site-packages/airflow/example_dags/subdags/subdag.py took 0.123 seconds
[2022-03-21 05:52:55,618] {processor.py:163} INFO - Started process (PID=1179) to work on /home/lowenhard/acceleration/env/lib/python3.8/site-packages/airflow/example_dags/subdags/subdag.py
[2022-03-21 05:52:56,426] {processor.py:642} INFO - Processing file /home/lowenhard/acceleration/env/lib/python3.8/site-packages/airflow/example_dags/subdags/subdag.py for tasks to queue
[2022-03-21 05:52:56,427] {logging_mixin.py:109} INFO - [2022-03-21 05:52:56,426] {dagbag.py:500} INFO - Filling up the DagBag from /home/lowenhard/acceleration/env/lib/python3.8/site-packages/airflow/example_dags/subdags/subdag.py
[2022-03-21 05:52:56,442] {processor.py:656} WARNING - No viable dags retrieved from /home/lowenhard/acceleration/env/lib/python3.8/site-packages/airflow/example_dags/subdags/subdag.py
[2022-03-21 05:52:56,445] {processor.py:171} INFO - Processing /home/lowenhard/acceleration/env/lib/python3.8/site-packages/airflow/example_dags/subdags/subdag.py took 0.830 seconds
[2022-03-21 05:54:23,954] {processor.py:163} INFO - Started process (PID=1217) to work on /home/lowenhard/acceleration/env/lib/python3.8/site-packages/airflow/example_dags/subdags/subdag.py
[2022-03-21 05:54:23,960] {processor.py:642} INFO - Processing file /home/lowenhard/acceleration/env/lib/python3.8/site-packages/airflow/example_dags/subdags/subdag.py for tasks to queue
[2022-03-21 05:54:23,961] {logging_mixin.py:109} INFO - [2022-03-21 05:54:23,961] {dagbag.py:500} INFO - Filling up the DagBag from /home/lowenhard/acceleration/env/lib/python3.8/site-packages/airflow/example_dags/subdags/subdag.py
[2022-03-21 05:54:23,972] {processor.py:656} WARNING - No viable dags retrieved from /home/lowenhard/acceleration/env/lib/python3.8/site-packages/airflow/example_dags/subdags/subdag.py
[2022-03-21 05:54:23,974] {processor.py:171} INFO - Processing /home/lowenhard/acceleration/env/lib/python3.8/site-packages/airflow/example_dags/subdags/subdag.py took 0.023 seconds
[2022-03-21 05:55:55,680] {processor.py:163} INFO - Started process (PID=1257) to work on /home/lowenhard/acceleration/env/lib/python3.8/site-packages/airflow/example_dags/subdags/subdag.py
[2022-03-21 05:55:55,860] {processor.py:642} INFO - Processing file /home/lowenhard/acceleration/env/lib/python3.8/site-packages/airflow/example_dags/subdags/subdag.py for tasks to queue
[2022-03-21 05:55:55,860] {logging_mixin.py:109} INFO - [2022-03-21 05:55:55,860] {dagbag.py:500} INFO - Filling up the DagBag from /home/lowenhard/acceleration/env/lib/python3.8/site-packages/airflow/example_dags/subdags/subdag.py
[2022-03-21 05:55:55,870] {processor.py:656} WARNING - No viable dags retrieved from /home/lowenhard/acceleration/env/lib/python3.8/site-packages/airflow/example_dags/subdags/subdag.py
[2022-03-21 05:55:55,872] {processor.py:171} INFO - Processing /home/lowenhard/acceleration/env/lib/python3.8/site-packages/airflow/example_dags/subdags/subdag.py took 0.194 seconds
[2022-03-21 05:57:41,103] {processor.py:163} INFO - Started process (PID=1300) to work on /home/lowenhard/acceleration/env/lib/python3.8/site-packages/airflow/example_dags/subdags/subdag.py
[2022-03-21 05:57:41,267] {processor.py:642} INFO - Processing file /home/lowenhard/acceleration/env/lib/python3.8/site-packages/airflow/example_dags/subdags/subdag.py for tasks to queue
[2022-03-21 05:57:41,267] {logging_mixin.py:109} INFO - [2022-03-21 05:57:41,267] {dagbag.py:500} INFO - Filling up the DagBag from /home/lowenhard/acceleration/env/lib/python3.8/site-packages/airflow/example_dags/subdags/subdag.py
[2022-03-21 05:57:41,281] {processor.py:656} WARNING - No viable dags retrieved from /home/lowenhard/acceleration/env/lib/python3.8/site-packages/airflow/example_dags/subdags/subdag.py
[2022-03-21 05:57:41,284] {processor.py:171} INFO - Processing /home/lowenhard/acceleration/env/lib/python3.8/site-packages/airflow/example_dags/subdags/subdag.py took 0.185 seconds
[2022-03-21 05:59:21,670] {processor.py:163} INFO - Started process (PID=1341) to work on /home/lowenhard/acceleration/env/lib/python3.8/site-packages/airflow/example_dags/subdags/subdag.py
[2022-03-21 05:59:21,789] {processor.py:642} INFO - Processing file /home/lowenhard/acceleration/env/lib/python3.8/site-packages/airflow/example_dags/subdags/subdag.py for tasks to queue
[2022-03-21 05:59:21,790] {logging_mixin.py:109} INFO - [2022-03-21 05:59:21,790] {dagbag.py:500} INFO - Filling up the DagBag from /home/lowenhard/acceleration/env/lib/python3.8/site-packages/airflow/example_dags/subdags/subdag.py
[2022-03-21 05:59:21,807] {processor.py:656} WARNING - No viable dags retrieved from /home/lowenhard/acceleration/env/lib/python3.8/site-packages/airflow/example_dags/subdags/subdag.py
[2022-03-21 05:59:21,812] {processor.py:171} INFO - Processing /home/lowenhard/acceleration/env/lib/python3.8/site-packages/airflow/example_dags/subdags/subdag.py took 0.146 seconds
[2022-03-21 06:00:45,187] {processor.py:163} INFO - Started process (PID=1380) to work on /home/lowenhard/acceleration/env/lib/python3.8/site-packages/airflow/example_dags/subdags/subdag.py
[2022-03-21 06:00:45,211] {processor.py:642} INFO - Processing file /home/lowenhard/acceleration/env/lib/python3.8/site-packages/airflow/example_dags/subdags/subdag.py for tasks to queue
[2022-03-21 06:00:45,212] {logging_mixin.py:109} INFO - [2022-03-21 06:00:45,212] {dagbag.py:500} INFO - Filling up the DagBag from /home/lowenhard/acceleration/env/lib/python3.8/site-packages/airflow/example_dags/subdags/subdag.py
[2022-03-21 06:00:45,246] {processor.py:656} WARNING - No viable dags retrieved from /home/lowenhard/acceleration/env/lib/python3.8/site-packages/airflow/example_dags/subdags/subdag.py
[2022-03-21 06:00:45,250] {processor.py:171} INFO - Processing /home/lowenhard/acceleration/env/lib/python3.8/site-packages/airflow/example_dags/subdags/subdag.py took 0.067 seconds
[2022-03-21 06:02:21,471] {processor.py:163} INFO - Started process (PID=1419) to work on /home/lowenhard/acceleration/env/lib/python3.8/site-packages/airflow/example_dags/subdags/subdag.py
[2022-03-21 06:02:21,573] {processor.py:642} INFO - Processing file /home/lowenhard/acceleration/env/lib/python3.8/site-packages/airflow/example_dags/subdags/subdag.py for tasks to queue
[2022-03-21 06:02:21,576] {logging_mixin.py:109} INFO - [2022-03-21 06:02:21,576] {dagbag.py:500} INFO - Filling up the DagBag from /home/lowenhard/acceleration/env/lib/python3.8/site-packages/airflow/example_dags/subdags/subdag.py
[2022-03-21 06:02:22,624] {processor.py:656} WARNING - No viable dags retrieved from /home/lowenhard/acceleration/env/lib/python3.8/site-packages/airflow/example_dags/subdags/subdag.py
[2022-03-21 06:02:22,629] {processor.py:171} INFO - Processing /home/lowenhard/acceleration/env/lib/python3.8/site-packages/airflow/example_dags/subdags/subdag.py took 1.161 seconds
[2022-03-21 06:03:56,975] {processor.py:163} INFO - Started process (PID=1461) to work on /home/lowenhard/acceleration/env/lib/python3.8/site-packages/airflow/example_dags/subdags/subdag.py
[2022-03-21 06:03:57,012] {processor.py:642} INFO - Processing file /home/lowenhard/acceleration/env/lib/python3.8/site-packages/airflow/example_dags/subdags/subdag.py for tasks to queue
[2022-03-21 06:03:57,013] {logging_mixin.py:109} INFO - [2022-03-21 06:03:57,013] {dagbag.py:500} INFO - Filling up the DagBag from /home/lowenhard/acceleration/env/lib/python3.8/site-packages/airflow/example_dags/subdags/subdag.py
[2022-03-21 06:03:57,029] {processor.py:656} WARNING - No viable dags retrieved from /home/lowenhard/acceleration/env/lib/python3.8/site-packages/airflow/example_dags/subdags/subdag.py
[2022-03-21 06:03:57,034] {processor.py:171} INFO - Processing /home/lowenhard/acceleration/env/lib/python3.8/site-packages/airflow/example_dags/subdags/subdag.py took 0.063 seconds
[2022-03-21 06:05:29,422] {processor.py:163} INFO - Started process (PID=1500) to work on /home/lowenhard/acceleration/env/lib/python3.8/site-packages/airflow/example_dags/subdags/subdag.py
[2022-03-21 06:05:29,512] {processor.py:642} INFO - Processing file /home/lowenhard/acceleration/env/lib/python3.8/site-packages/airflow/example_dags/subdags/subdag.py for tasks to queue
[2022-03-21 06:05:29,512] {logging_mixin.py:109} INFO - [2022-03-21 06:05:29,512] {dagbag.py:500} INFO - Filling up the DagBag from /home/lowenhard/acceleration/env/lib/python3.8/site-packages/airflow/example_dags/subdags/subdag.py
[2022-03-21 06:05:29,520] {processor.py:656} WARNING - No viable dags retrieved from /home/lowenhard/acceleration/env/lib/python3.8/site-packages/airflow/example_dags/subdags/subdag.py
[2022-03-21 06:05:29,523] {processor.py:171} INFO - Processing /home/lowenhard/acceleration/env/lib/python3.8/site-packages/airflow/example_dags/subdags/subdag.py took 0.103 seconds
[2022-03-21 06:07:00,529] {processor.py:163} INFO - Started process (PID=1541) to work on /home/lowenhard/acceleration/env/lib/python3.8/site-packages/airflow/example_dags/subdags/subdag.py
[2022-03-21 06:07:00,651] {processor.py:642} INFO - Processing file /home/lowenhard/acceleration/env/lib/python3.8/site-packages/airflow/example_dags/subdags/subdag.py for tasks to queue
[2022-03-21 06:07:00,652] {logging_mixin.py:109} INFO - [2022-03-21 06:07:00,652] {dagbag.py:500} INFO - Filling up the DagBag from /home/lowenhard/acceleration/env/lib/python3.8/site-packages/airflow/example_dags/subdags/subdag.py
[2022-03-21 06:07:00,670] {processor.py:656} WARNING - No viable dags retrieved from /home/lowenhard/acceleration/env/lib/python3.8/site-packages/airflow/example_dags/subdags/subdag.py
[2022-03-21 06:07:00,672] {processor.py:171} INFO - Processing /home/lowenhard/acceleration/env/lib/python3.8/site-packages/airflow/example_dags/subdags/subdag.py took 0.145 seconds
[2022-03-21 06:08:32,149] {processor.py:163} INFO - Started process (PID=1580) to work on /home/lowenhard/acceleration/env/lib/python3.8/site-packages/airflow/example_dags/subdags/subdag.py
[2022-03-21 06:08:32,187] {processor.py:642} INFO - Processing file /home/lowenhard/acceleration/env/lib/python3.8/site-packages/airflow/example_dags/subdags/subdag.py for tasks to queue
[2022-03-21 06:08:32,188] {logging_mixin.py:109} INFO - [2022-03-21 06:08:32,188] {dagbag.py:500} INFO - Filling up the DagBag from /home/lowenhard/acceleration/env/lib/python3.8/site-packages/airflow/example_dags/subdags/subdag.py
[2022-03-21 06:08:32,198] {processor.py:656} WARNING - No viable dags retrieved from /home/lowenhard/acceleration/env/lib/python3.8/site-packages/airflow/example_dags/subdags/subdag.py
[2022-03-21 06:08:32,199] {processor.py:171} INFO - Processing /home/lowenhard/acceleration/env/lib/python3.8/site-packages/airflow/example_dags/subdags/subdag.py took 0.053 seconds
[2022-03-21 06:09:45,367] {processor.py:163} INFO - Started process (PID=1616) to work on /home/lowenhard/acceleration/env/lib/python3.8/site-packages/airflow/example_dags/subdags/subdag.py
[2022-03-21 06:09:45,374] {processor.py:642} INFO - Processing file /home/lowenhard/acceleration/env/lib/python3.8/site-packages/airflow/example_dags/subdags/subdag.py for tasks to queue
[2022-03-21 06:09:45,375] {logging_mixin.py:109} INFO - [2022-03-21 06:09:45,375] {dagbag.py:500} INFO - Filling up the DagBag from /home/lowenhard/acceleration/env/lib/python3.8/site-packages/airflow/example_dags/subdags/subdag.py
[2022-03-21 06:09:45,385] {processor.py:656} WARNING - No viable dags retrieved from /home/lowenhard/acceleration/env/lib/python3.8/site-packages/airflow/example_dags/subdags/subdag.py
[2022-03-21 06:09:45,387] {processor.py:171} INFO - Processing /home/lowenhard/acceleration/env/lib/python3.8/site-packages/airflow/example_dags/subdags/subdag.py took 0.022 seconds
[2022-03-21 06:11:09,978] {processor.py:163} INFO - Started process (PID=1655) to work on /home/lowenhard/acceleration/env/lib/python3.8/site-packages/airflow/example_dags/subdags/subdag.py
[2022-03-21 06:11:10,022] {processor.py:642} INFO - Processing file /home/lowenhard/acceleration/env/lib/python3.8/site-packages/airflow/example_dags/subdags/subdag.py for tasks to queue
[2022-03-21 06:11:10,022] {logging_mixin.py:109} INFO - [2022-03-21 06:11:10,022] {dagbag.py:500} INFO - Filling up the DagBag from /home/lowenhard/acceleration/env/lib/python3.8/site-packages/airflow/example_dags/subdags/subdag.py
[2022-03-21 06:11:10,032] {processor.py:656} WARNING - No viable dags retrieved from /home/lowenhard/acceleration/env/lib/python3.8/site-packages/airflow/example_dags/subdags/subdag.py
[2022-03-21 06:11:10,034] {processor.py:171} INFO - Processing /home/lowenhard/acceleration/env/lib/python3.8/site-packages/airflow/example_dags/subdags/subdag.py took 0.059 seconds
[2022-03-21 06:12:25,227] {processor.py:163} INFO - Started process (PID=1691) to work on /home/lowenhard/acceleration/env/lib/python3.8/site-packages/airflow/example_dags/subdags/subdag.py
[2022-03-21 06:12:25,262] {processor.py:642} INFO - Processing file /home/lowenhard/acceleration/env/lib/python3.8/site-packages/airflow/example_dags/subdags/subdag.py for tasks to queue
[2022-03-21 06:12:25,262] {logging_mixin.py:109} INFO - [2022-03-21 06:12:25,262] {dagbag.py:500} INFO - Filling up the DagBag from /home/lowenhard/acceleration/env/lib/python3.8/site-packages/airflow/example_dags/subdags/subdag.py
[2022-03-21 06:12:25,273] {processor.py:656} WARNING - No viable dags retrieved from /home/lowenhard/acceleration/env/lib/python3.8/site-packages/airflow/example_dags/subdags/subdag.py
[2022-03-21 06:12:25,275] {processor.py:171} INFO - Processing /home/lowenhard/acceleration/env/lib/python3.8/site-packages/airflow/example_dags/subdags/subdag.py took 0.050 seconds
[2022-03-21 06:13:48,285] {processor.py:163} INFO - Started process (PID=1729) to work on /home/lowenhard/acceleration/env/lib/python3.8/site-packages/airflow/example_dags/subdags/subdag.py
[2022-03-21 06:13:48,378] {processor.py:642} INFO - Processing file /home/lowenhard/acceleration/env/lib/python3.8/site-packages/airflow/example_dags/subdags/subdag.py for tasks to queue
[2022-03-21 06:13:48,379] {logging_mixin.py:109} INFO - [2022-03-21 06:13:48,379] {dagbag.py:500} INFO - Filling up the DagBag from /home/lowenhard/acceleration/env/lib/python3.8/site-packages/airflow/example_dags/subdags/subdag.py
[2022-03-21 06:13:48,390] {processor.py:656} WARNING - No viable dags retrieved from /home/lowenhard/acceleration/env/lib/python3.8/site-packages/airflow/example_dags/subdags/subdag.py
[2022-03-21 06:13:48,393] {processor.py:171} INFO - Processing /home/lowenhard/acceleration/env/lib/python3.8/site-packages/airflow/example_dags/subdags/subdag.py took 0.110 seconds
[2022-03-21 06:15:15,921] {processor.py:163} INFO - Started process (PID=1768) to work on /home/lowenhard/acceleration/env/lib/python3.8/site-packages/airflow/example_dags/subdags/subdag.py
[2022-03-21 06:15:16,051] {processor.py:642} INFO - Processing file /home/lowenhard/acceleration/env/lib/python3.8/site-packages/airflow/example_dags/subdags/subdag.py for tasks to queue
[2022-03-21 06:15:16,052] {logging_mixin.py:109} INFO - [2022-03-21 06:15:16,052] {dagbag.py:500} INFO - Filling up the DagBag from /home/lowenhard/acceleration/env/lib/python3.8/site-packages/airflow/example_dags/subdags/subdag.py
[2022-03-21 06:15:16,063] {processor.py:656} WARNING - No viable dags retrieved from /home/lowenhard/acceleration/env/lib/python3.8/site-packages/airflow/example_dags/subdags/subdag.py
[2022-03-21 06:15:16,065] {processor.py:171} INFO - Processing /home/lowenhard/acceleration/env/lib/python3.8/site-packages/airflow/example_dags/subdags/subdag.py took 0.146 seconds
[2022-03-21 06:16:52,060] {processor.py:163} INFO - Started process (PID=1808) to work on /home/lowenhard/acceleration/env/lib/python3.8/site-packages/airflow/example_dags/subdags/subdag.py
[2022-03-21 06:16:52,093] {processor.py:642} INFO - Processing file /home/lowenhard/acceleration/env/lib/python3.8/site-packages/airflow/example_dags/subdags/subdag.py for tasks to queue
[2022-03-21 06:16:52,094] {logging_mixin.py:109} INFO - [2022-03-21 06:16:52,094] {dagbag.py:500} INFO - Filling up the DagBag from /home/lowenhard/acceleration/env/lib/python3.8/site-packages/airflow/example_dags/subdags/subdag.py
[2022-03-21 06:16:52,103] {processor.py:656} WARNING - No viable dags retrieved from /home/lowenhard/acceleration/env/lib/python3.8/site-packages/airflow/example_dags/subdags/subdag.py
[2022-03-21 06:16:52,105] {processor.py:171} INFO - Processing /home/lowenhard/acceleration/env/lib/python3.8/site-packages/airflow/example_dags/subdags/subdag.py took 0.048 seconds
[2022-03-21 06:18:20,241] {processor.py:163} INFO - Started process (PID=1847) to work on /home/lowenhard/acceleration/env/lib/python3.8/site-packages/airflow/example_dags/subdags/subdag.py
[2022-03-21 06:18:20,356] {processor.py:642} INFO - Processing file /home/lowenhard/acceleration/env/lib/python3.8/site-packages/airflow/example_dags/subdags/subdag.py for tasks to queue
[2022-03-21 06:18:20,357] {logging_mixin.py:109} INFO - [2022-03-21 06:18:20,357] {dagbag.py:500} INFO - Filling up the DagBag from /home/lowenhard/acceleration/env/lib/python3.8/site-packages/airflow/example_dags/subdags/subdag.py
[2022-03-21 06:18:20,367] {processor.py:656} WARNING - No viable dags retrieved from /home/lowenhard/acceleration/env/lib/python3.8/site-packages/airflow/example_dags/subdags/subdag.py
[2022-03-21 06:18:20,369] {processor.py:171} INFO - Processing /home/lowenhard/acceleration/env/lib/python3.8/site-packages/airflow/example_dags/subdags/subdag.py took 0.130 seconds
[2022-03-21 06:19:37,860] {processor.py:163} INFO - Started process (PID=1883) to work on /home/lowenhard/acceleration/env/lib/python3.8/site-packages/airflow/example_dags/subdags/subdag.py
[2022-03-21 06:19:38,015] {processor.py:642} INFO - Processing file /home/lowenhard/acceleration/env/lib/python3.8/site-packages/airflow/example_dags/subdags/subdag.py for tasks to queue
[2022-03-21 06:19:38,016] {logging_mixin.py:109} INFO - [2022-03-21 06:19:38,016] {dagbag.py:500} INFO - Filling up the DagBag from /home/lowenhard/acceleration/env/lib/python3.8/site-packages/airflow/example_dags/subdags/subdag.py
[2022-03-21 06:19:38,025] {processor.py:656} WARNING - No viable dags retrieved from /home/lowenhard/acceleration/env/lib/python3.8/site-packages/airflow/example_dags/subdags/subdag.py
[2022-03-21 06:19:38,027] {processor.py:171} INFO - Processing /home/lowenhard/acceleration/env/lib/python3.8/site-packages/airflow/example_dags/subdags/subdag.py took 0.169 seconds
[2022-03-21 06:20:57,281] {processor.py:163} INFO - Started process (PID=1921) to work on /home/lowenhard/acceleration/env/lib/python3.8/site-packages/airflow/example_dags/subdags/subdag.py
[2022-03-21 06:20:57,862] {processor.py:642} INFO - Processing file /home/lowenhard/acceleration/env/lib/python3.8/site-packages/airflow/example_dags/subdags/subdag.py for tasks to queue
[2022-03-21 06:20:57,862] {logging_mixin.py:109} INFO - [2022-03-21 06:20:57,862] {dagbag.py:500} INFO - Filling up the DagBag from /home/lowenhard/acceleration/env/lib/python3.8/site-packages/airflow/example_dags/subdags/subdag.py
[2022-03-21 06:20:57,874] {processor.py:656} WARNING - No viable dags retrieved from /home/lowenhard/acceleration/env/lib/python3.8/site-packages/airflow/example_dags/subdags/subdag.py
[2022-03-21 06:20:57,876] {processor.py:171} INFO - Processing /home/lowenhard/acceleration/env/lib/python3.8/site-packages/airflow/example_dags/subdags/subdag.py took 0.598 seconds
[2022-03-21 06:22:31,399] {processor.py:163} INFO - Started process (PID=1960) to work on /home/lowenhard/acceleration/env/lib/python3.8/site-packages/airflow/example_dags/subdags/subdag.py
[2022-03-21 06:22:31,407] {processor.py:642} INFO - Processing file /home/lowenhard/acceleration/env/lib/python3.8/site-packages/airflow/example_dags/subdags/subdag.py for tasks to queue
[2022-03-21 06:22:31,407] {logging_mixin.py:109} INFO - [2022-03-21 06:22:31,407] {dagbag.py:500} INFO - Filling up the DagBag from /home/lowenhard/acceleration/env/lib/python3.8/site-packages/airflow/example_dags/subdags/subdag.py
[2022-03-21 06:22:31,416] {processor.py:656} WARNING - No viable dags retrieved from /home/lowenhard/acceleration/env/lib/python3.8/site-packages/airflow/example_dags/subdags/subdag.py
[2022-03-21 06:22:31,419] {processor.py:171} INFO - Processing /home/lowenhard/acceleration/env/lib/python3.8/site-packages/airflow/example_dags/subdags/subdag.py took 0.022 seconds
[2022-03-21 06:24:09,709] {processor.py:163} INFO - Started process (PID=2004) to work on /home/lowenhard/acceleration/env/lib/python3.8/site-packages/airflow/example_dags/subdags/subdag.py
[2022-03-21 06:24:09,934] {processor.py:642} INFO - Processing file /home/lowenhard/acceleration/env/lib/python3.8/site-packages/airflow/example_dags/subdags/subdag.py for tasks to queue
[2022-03-21 06:24:09,935] {logging_mixin.py:109} INFO - [2022-03-21 06:24:09,935] {dagbag.py:500} INFO - Filling up the DagBag from /home/lowenhard/acceleration/env/lib/python3.8/site-packages/airflow/example_dags/subdags/subdag.py
[2022-03-21 06:24:09,959] {processor.py:656} WARNING - No viable dags retrieved from /home/lowenhard/acceleration/env/lib/python3.8/site-packages/airflow/example_dags/subdags/subdag.py
[2022-03-21 06:24:09,962] {processor.py:171} INFO - Processing /home/lowenhard/acceleration/env/lib/python3.8/site-packages/airflow/example_dags/subdags/subdag.py took 0.258 seconds
[2022-03-21 06:25:37,749] {processor.py:163} INFO - Started process (PID=2043) to work on /home/lowenhard/acceleration/env/lib/python3.8/site-packages/airflow/example_dags/subdags/subdag.py
[2022-03-21 06:25:37,767] {processor.py:642} INFO - Processing file /home/lowenhard/acceleration/env/lib/python3.8/site-packages/airflow/example_dags/subdags/subdag.py for tasks to queue
[2022-03-21 06:25:37,767] {logging_mixin.py:109} INFO - [2022-03-21 06:25:37,767] {dagbag.py:500} INFO - Filling up the DagBag from /home/lowenhard/acceleration/env/lib/python3.8/site-packages/airflow/example_dags/subdags/subdag.py
[2022-03-21 06:25:37,778] {processor.py:656} WARNING - No viable dags retrieved from /home/lowenhard/acceleration/env/lib/python3.8/site-packages/airflow/example_dags/subdags/subdag.py
[2022-03-21 06:25:37,780] {processor.py:171} INFO - Processing /home/lowenhard/acceleration/env/lib/python3.8/site-packages/airflow/example_dags/subdags/subdag.py took 0.033 seconds
[2022-03-21 06:26:30,429] {processor.py:163} INFO - Started process (PID=2076) to work on /home/lowenhard/acceleration/env/lib/python3.8/site-packages/airflow/example_dags/subdags/subdag.py
[2022-03-21 06:26:30,489] {processor.py:642} INFO - Processing file /home/lowenhard/acceleration/env/lib/python3.8/site-packages/airflow/example_dags/subdags/subdag.py for tasks to queue
[2022-03-21 06:26:30,489] {logging_mixin.py:109} INFO - [2022-03-21 06:26:30,489] {dagbag.py:500} INFO - Filling up the DagBag from /home/lowenhard/acceleration/env/lib/python3.8/site-packages/airflow/example_dags/subdags/subdag.py
[2022-03-21 06:26:30,501] {processor.py:656} WARNING - No viable dags retrieved from /home/lowenhard/acceleration/env/lib/python3.8/site-packages/airflow/example_dags/subdags/subdag.py
[2022-03-21 06:26:30,503] {processor.py:171} INFO - Processing /home/lowenhard/acceleration/env/lib/python3.8/site-packages/airflow/example_dags/subdags/subdag.py took 0.078 seconds
[2022-03-21 06:27:59,380] {processor.py:163} INFO - Started process (PID=2123) to work on /home/lowenhard/acceleration/env/lib/python3.8/site-packages/airflow/example_dags/subdags/subdag.py
[2022-03-21 06:27:59,390] {processor.py:642} INFO - Processing file /home/lowenhard/acceleration/env/lib/python3.8/site-packages/airflow/example_dags/subdags/subdag.py for tasks to queue
[2022-03-21 06:27:59,390] {logging_mixin.py:109} INFO - [2022-03-21 06:27:59,390] {dagbag.py:500} INFO - Filling up the DagBag from /home/lowenhard/acceleration/env/lib/python3.8/site-packages/airflow/example_dags/subdags/subdag.py
[2022-03-21 06:27:59,401] {processor.py:656} WARNING - No viable dags retrieved from /home/lowenhard/acceleration/env/lib/python3.8/site-packages/airflow/example_dags/subdags/subdag.py
[2022-03-21 06:27:59,403] {processor.py:171} INFO - Processing /home/lowenhard/acceleration/env/lib/python3.8/site-packages/airflow/example_dags/subdags/subdag.py took 0.025 seconds
[2022-03-21 06:30:22,439] {processor.py:163} INFO - Started process (PID=2183) to work on /home/lowenhard/acceleration/env/lib/python3.8/site-packages/airflow/example_dags/subdags/subdag.py
[2022-03-21 06:30:22,447] {processor.py:642} INFO - Processing file /home/lowenhard/acceleration/env/lib/python3.8/site-packages/airflow/example_dags/subdags/subdag.py for tasks to queue
[2022-03-21 06:30:22,448] {logging_mixin.py:109} INFO - [2022-03-21 06:30:22,448] {dagbag.py:500} INFO - Filling up the DagBag from /home/lowenhard/acceleration/env/lib/python3.8/site-packages/airflow/example_dags/subdags/subdag.py
[2022-03-21 06:30:22,458] {processor.py:656} WARNING - No viable dags retrieved from /home/lowenhard/acceleration/env/lib/python3.8/site-packages/airflow/example_dags/subdags/subdag.py
[2022-03-21 06:30:22,460] {processor.py:171} INFO - Processing /home/lowenhard/acceleration/env/lib/python3.8/site-packages/airflow/example_dags/subdags/subdag.py took 0.024 seconds
[2022-03-21 06:31:43,493] {processor.py:163} INFO - Started process (PID=2233) to work on /home/lowenhard/acceleration/env/lib/python3.8/site-packages/airflow/example_dags/subdags/subdag.py
[2022-03-21 06:31:44,171] {processor.py:642} INFO - Processing file /home/lowenhard/acceleration/env/lib/python3.8/site-packages/airflow/example_dags/subdags/subdag.py for tasks to queue
[2022-03-21 06:31:44,172] {logging_mixin.py:109} INFO - [2022-03-21 06:31:44,172] {dagbag.py:500} INFO - Filling up the DagBag from /home/lowenhard/acceleration/env/lib/python3.8/site-packages/airflow/example_dags/subdags/subdag.py
[2022-03-21 06:31:44,513] {processor.py:656} WARNING - No viable dags retrieved from /home/lowenhard/acceleration/env/lib/python3.8/site-packages/airflow/example_dags/subdags/subdag.py
[2022-03-21 06:31:44,515] {processor.py:171} INFO - Processing /home/lowenhard/acceleration/env/lib/python3.8/site-packages/airflow/example_dags/subdags/subdag.py took 1.025 seconds
