[2022-04-03 03:49:15,706] {taskinstance.py:1037} INFO - Dependencies all met for <TaskInstance: hello_dag.print_info manual__2022-04-03T08:49:11.494264+00:00 [queued]>
[2022-04-03 03:49:15,717] {taskinstance.py:1037} INFO - Dependencies all met for <TaskInstance: hello_dag.print_info manual__2022-04-03T08:49:11.494264+00:00 [queued]>
[2022-04-03 03:49:15,718] {taskinstance.py:1243} INFO - 
--------------------------------------------------------------------------------
[2022-04-03 03:49:15,718] {taskinstance.py:1244} INFO - Starting attempt 1 of 2
[2022-04-03 03:49:15,718] {taskinstance.py:1245} INFO - 
--------------------------------------------------------------------------------
[2022-04-03 03:49:15,888] {taskinstance.py:1264} INFO - Executing <Task(BashOperator): print_info> on 2022-04-03 08:49:11.494264+00:00
[2022-04-03 03:49:15,890] {standard_task_runner.py:52} INFO - Started process 2488 to run task
[2022-04-03 03:49:15,895] {standard_task_runner.py:76} INFO - Running: ['airflow', 'tasks', 'run', 'hello_dag', 'print_info', 'manual__2022-04-03T08:49:11.494264+00:00', '--job-id', '247', '--raw', '--subdir', 'DAGS_FOLDER/dag_example.py', '--cfg-path', '/tmp/tmp_mmoj66h', '--error-file', '/tmp/tmpwueoeea8']
[2022-04-03 03:49:15,896] {standard_task_runner.py:77} INFO - Job 247: Subtask print_info
[2022-04-03 03:49:16,166] {logging_mixin.py:109} INFO - Running <TaskInstance: hello_dag.print_info manual__2022-04-03T08:49:11.494264+00:00 [running]> on host LAPTOP-5HJG55H7.localdomain
[2022-04-03 03:49:17,191] {taskinstance.py:1429} INFO - Exporting the following env vars:
AIRFLOW_CTX_DAG_OWNER=airflow
AIRFLOW_CTX_DAG_ID=hello_dag
AIRFLOW_CTX_TASK_ID=print_info
AIRFLOW_CTX_EXECUTION_DATE=2022-04-03T08:49:11.494264+00:00
AIRFLOW_CTX_DAG_RUN_ID=manual__2022-04-03T08:49:11.494264+00:00
[2022-04-03 03:49:17,193] {subprocess.py:62} INFO - Tmp dir root location: 
 /tmp
[2022-04-03 03:49:17,194] {subprocess.py:74} INFO - Running command: ['bash', '-c', 'echo Starting...Leonardo']
[2022-04-03 03:49:17,202] {subprocess.py:85} INFO - Output:
[2022-04-03 03:49:17,212] {subprocess.py:89} INFO - Starting...Leonardo
[2022-04-03 03:49:17,213] {subprocess.py:93} INFO - Command exited with return code 0
[2022-04-03 03:49:17,392] {taskinstance.py:1272} INFO - Marking task as SUCCESS. dag_id=hello_dag, task_id=print_info, execution_date=20220403T084911, start_date=20220403T084915, end_date=20220403T084917
[2022-04-03 03:49:17,556] {local_task_job.py:154} INFO - Task exited with return code 0
[2022-04-03 03:49:18,272] {local_task_job.py:264} INFO - 1 downstream tasks scheduled from follow-on schedule check
