[2022-04-07 15:08:23,100] {processor.py:163} INFO - Started process (PID=157) to work on /home/lowenhard/airflow/dags/dag_s3_universidad_villa_maria.py
[2022-04-07 15:08:23,101] {processor.py:642} INFO - Processing file /home/lowenhard/airflow/dags/dag_s3_universidad_villa_maria.py for tasks to queue
[2022-04-07 15:08:23,102] {logging_mixin.py:109} INFO - [2022-04-07 15:08:23,102] {dagbag.py:500} INFO - Filling up the DagBag from /home/lowenhard/airflow/dags/dag_s3_universidad_villa_maria.py
[2022-04-07 15:08:23,239] {processor.py:654} INFO - DAG(s) dict_keys(['s3_uni_villa_maria']) retrieved from /home/lowenhard/airflow/dags/dag_s3_universidad_villa_maria.py
[2022-04-07 15:08:23,257] {logging_mixin.py:109} INFO - [2022-04-07 15:08:23,257] {dag.py:2398} INFO - Sync 1 DAGs
[2022-04-07 15:08:23,346] {logging_mixin.py:109} INFO - [2022-04-07 15:08:23,346] {dag.py:2937} INFO - Setting next_dagrun for s3_uni_villa_maria to 2022-04-06 00:00:00+00:00
[2022-04-07 15:08:24,566] {processor.py:171} INFO - Processing /home/lowenhard/airflow/dags/dag_s3_universidad_villa_maria.py took 1.467 seconds
[2022-04-07 15:10:19,814] {processor.py:163} INFO - Started process (PID=247) to work on /home/lowenhard/airflow/dags/dag_s3_universidad_villa_maria.py
[2022-04-07 15:10:20,709] {processor.py:642} INFO - Processing file /home/lowenhard/airflow/dags/dag_s3_universidad_villa_maria.py for tasks to queue
[2022-04-07 15:10:20,709] {logging_mixin.py:109} INFO - [2022-04-07 15:10:20,709] {dagbag.py:500} INFO - Filling up the DagBag from /home/lowenhard/airflow/dags/dag_s3_universidad_villa_maria.py
[2022-04-07 15:10:20,894] {processor.py:654} INFO - DAG(s) dict_keys(['s3_uni_villa_maria']) retrieved from /home/lowenhard/airflow/dags/dag_s3_universidad_villa_maria.py
[2022-04-07 15:10:20,905] {logging_mixin.py:109} INFO - [2022-04-07 15:10:20,905] {dag.py:2398} INFO - Sync 1 DAGs
[2022-04-07 15:10:20,920] {logging_mixin.py:109} INFO - [2022-04-07 15:10:20,920] {dag.py:2937} INFO - Setting next_dagrun for s3_uni_villa_maria to 2022-04-06 00:00:00+00:00
[2022-04-07 15:10:21,065] {processor.py:171} INFO - Processing /home/lowenhard/airflow/dags/dag_s3_universidad_villa_maria.py took 1.254 seconds
[2022-04-07 15:11:48,012] {processor.py:163} INFO - Started process (PID=301) to work on /home/lowenhard/airflow/dags/dag_s3_universidad_villa_maria.py
[2022-04-07 15:11:48,020] {processor.py:642} INFO - Processing file /home/lowenhard/airflow/dags/dag_s3_universidad_villa_maria.py for tasks to queue
[2022-04-07 15:11:48,020] {logging_mixin.py:109} INFO - [2022-04-07 15:11:48,020] {dagbag.py:500} INFO - Filling up the DagBag from /home/lowenhard/airflow/dags/dag_s3_universidad_villa_maria.py
[2022-04-07 15:11:48,123] {processor.py:654} INFO - DAG(s) dict_keys(['s3_uni_villa_maria']) retrieved from /home/lowenhard/airflow/dags/dag_s3_universidad_villa_maria.py
[2022-04-07 15:11:48,131] {logging_mixin.py:109} INFO - [2022-04-07 15:11:48,131] {dag.py:2398} INFO - Sync 1 DAGs
[2022-04-07 15:11:48,145] {logging_mixin.py:109} INFO - [2022-04-07 15:11:48,145] {dag.py:2937} INFO - Setting next_dagrun for s3_uni_villa_maria to 2022-04-06 00:00:00+00:00
[2022-04-07 15:11:49,883] {processor.py:171} INFO - Processing /home/lowenhard/airflow/dags/dag_s3_universidad_villa_maria.py took 1.873 seconds
