[2022-04-07 15:08:42,705] {processor.py:163} INFO - Started process (PID=180) to work on /home/lowenhard/airflow/dags/ET_Univ_De_Flores_dag.py
[2022-04-07 15:08:42,705] {processor.py:642} INFO - Processing file /home/lowenhard/airflow/dags/ET_Univ_De_Flores_dag.py for tasks to queue
[2022-04-07 15:08:42,706] {logging_mixin.py:109} INFO - [2022-04-07 15:08:42,706] {dagbag.py:500} INFO - Filling up the DagBag from /home/lowenhard/airflow/dags/ET_Univ_De_Flores_dag.py
[2022-04-07 15:08:43,159] {processor.py:654} INFO - DAG(s) dict_keys(['python_operator_univ_flores']) retrieved from /home/lowenhard/airflow/dags/ET_Univ_De_Flores_dag.py
[2022-04-07 15:08:43,169] {logging_mixin.py:109} INFO - [2022-04-07 15:08:43,169] {dag.py:2398} INFO - Sync 1 DAGs
[2022-04-07 15:08:43,182] {logging_mixin.py:109} INFO - [2022-04-07 15:08:43,182] {dag.py:2937} INFO - Setting next_dagrun for python_operator_univ_flores to None
[2022-04-07 15:08:43,460] {processor.py:171} INFO - Processing /home/lowenhard/airflow/dags/ET_Univ_De_Flores_dag.py took 0.757 seconds
[2022-04-07 15:10:23,816] {processor.py:163} INFO - Started process (PID=249) to work on /home/lowenhard/airflow/dags/ET_Univ_De_Flores_dag.py
[2022-04-07 15:10:23,829] {processor.py:642} INFO - Processing file /home/lowenhard/airflow/dags/ET_Univ_De_Flores_dag.py for tasks to queue
[2022-04-07 15:10:23,830] {logging_mixin.py:109} INFO - [2022-04-07 15:10:23,830] {dagbag.py:500} INFO - Filling up the DagBag from /home/lowenhard/airflow/dags/ET_Univ_De_Flores_dag.py
[2022-04-07 15:10:24,260] {processor.py:654} INFO - DAG(s) dict_keys(['python_operator_univ_flores']) retrieved from /home/lowenhard/airflow/dags/ET_Univ_De_Flores_dag.py
[2022-04-07 15:10:24,269] {logging_mixin.py:109} INFO - [2022-04-07 15:10:24,269] {dag.py:2398} INFO - Sync 1 DAGs
[2022-04-07 15:10:24,280] {logging_mixin.py:109} INFO - [2022-04-07 15:10:24,280] {dag.py:2937} INFO - Setting next_dagrun for python_operator_univ_flores to None
[2022-04-07 15:10:26,211] {processor.py:171} INFO - Processing /home/lowenhard/airflow/dags/ET_Univ_De_Flores_dag.py took 2.398 seconds
[2022-04-07 15:11:53,793] {processor.py:163} INFO - Started process (PID=303) to work on /home/lowenhard/airflow/dags/ET_Univ_De_Flores_dag.py
[2022-04-07 15:11:53,797] {processor.py:642} INFO - Processing file /home/lowenhard/airflow/dags/ET_Univ_De_Flores_dag.py for tasks to queue
[2022-04-07 15:11:53,798] {logging_mixin.py:109} INFO - [2022-04-07 15:11:53,798] {dagbag.py:500} INFO - Filling up the DagBag from /home/lowenhard/airflow/dags/ET_Univ_De_Flores_dag.py
[2022-04-07 15:11:54,234] {processor.py:654} INFO - DAG(s) dict_keys(['python_operator_univ_flores']) retrieved from /home/lowenhard/airflow/dags/ET_Univ_De_Flores_dag.py
[2022-04-07 15:11:54,242] {logging_mixin.py:109} INFO - [2022-04-07 15:11:54,242] {dag.py:2398} INFO - Sync 1 DAGs
[2022-04-07 15:11:54,255] {logging_mixin.py:109} INFO - [2022-04-07 15:11:54,255] {dag.py:2937} INFO - Setting next_dagrun for python_operator_univ_flores to None
[2022-04-07 15:11:55,045] {processor.py:171} INFO - Processing /home/lowenhard/airflow/dags/ET_Univ_De_Flores_dag.py took 1.255 seconds
