[2022-03-26 22:34:06,276] {taskinstance.py:1037} INFO - Dependencies all met for <TaskInstance: python_operator.print manual__2022-03-27T03:33:57.048221+00:00 [queued]>
[2022-03-26 22:34:06,282] {taskinstance.py:1037} INFO - Dependencies all met for <TaskInstance: python_operator.print manual__2022-03-27T03:33:57.048221+00:00 [queued]>
[2022-03-26 22:34:06,282] {taskinstance.py:1243} INFO - 
--------------------------------------------------------------------------------
[2022-03-26 22:34:06,282] {taskinstance.py:1244} INFO - Starting attempt 1 of 1
[2022-03-26 22:34:06,282] {taskinstance.py:1245} INFO - 
--------------------------------------------------------------------------------
[2022-03-26 22:34:06,448] {taskinstance.py:1264} INFO - Executing <Task(PythonOperator): print> on 2022-03-27 03:33:57.048221+00:00
[2022-03-26 22:34:06,449] {standard_task_runner.py:52} INFO - Started process 7008 to run task
[2022-03-26 22:34:06,453] {standard_task_runner.py:76} INFO - Running: ['airflow', 'tasks', 'run', 'python_operator', 'print', 'manual__2022-03-27T03:33:57.048221+00:00', '--job-id', '102', '--raw', '--subdir', 'DAGS_FOLDER/etl_python_operator.py', '--cfg-path', '/tmp/tmpetq_5osr', '--error-file', '/tmp/tmp_hkm853w']
[2022-03-26 22:34:06,453] {standard_task_runner.py:77} INFO - Job 102: Subtask print
[2022-03-26 22:34:06,666] {logging_mixin.py:109} INFO - Running <TaskInstance: python_operator.print manual__2022-03-27T03:33:57.048221+00:00 [running]> on host LAPTOP-5HJG55H7.localdomain
[2022-03-26 22:34:07,009] {taskinstance.py:1429} INFO - Exporting the following env vars:
AIRFLOW_CTX_DAG_OWNER=airflow
AIRFLOW_CTX_DAG_ID=python_operator
AIRFLOW_CTX_TASK_ID=print
AIRFLOW_CTX_EXECUTION_DATE=2022-03-27T03:33:57.048221+00:00
AIRFLOW_CTX_DAG_RUN_ID=manual__2022-03-27T03:33:57.048221+00:00
[2022-03-26 22:34:07,010] {logging_mixin.py:109} INFO - Yerda
[2022-03-26 22:34:07,010] {python.py:175} INFO - Done. Returned value was: Whatever you return gets printed in the logs
[2022-03-26 22:34:07,211] {taskinstance.py:1272} INFO - Marking task as SUCCESS. dag_id=python_operator, task_id=print, execution_date=20220327T033357, start_date=20220327T033406, end_date=20220327T033407
[2022-03-26 22:34:07,392] {local_task_job.py:154} INFO - Task exited with return code 0
[2022-03-26 22:34:07,416] {local_task_job.py:264} INFO - 0 downstream tasks scheduled from follow-on schedule check
