[2022-03-17 00:56:24,124] {processor.py:163} INFO - Started process (PID=879) to work on /home/lowenhard/acceleration/env/lib/python3.8/site-packages/airflow/example_dags/subdags/subdag.py
[2022-03-17 00:56:24,124] {processor.py:642} INFO - Processing file /home/lowenhard/acceleration/env/lib/python3.8/site-packages/airflow/example_dags/subdags/subdag.py for tasks to queue
[2022-03-17 00:56:24,125] {logging_mixin.py:109} INFO - [2022-03-17 00:56:24,125] {dagbag.py:500} INFO - Filling up the DagBag from /home/lowenhard/acceleration/env/lib/python3.8/site-packages/airflow/example_dags/subdags/subdag.py
[2022-03-17 00:56:24,139] {processor.py:656} WARNING - No viable dags retrieved from /home/lowenhard/acceleration/env/lib/python3.8/site-packages/airflow/example_dags/subdags/subdag.py
[2022-03-17 00:56:24,141] {processor.py:171} INFO - Processing /home/lowenhard/acceleration/env/lib/python3.8/site-packages/airflow/example_dags/subdags/subdag.py took 0.021 seconds
[2022-03-17 00:58:11,825] {processor.py:163} INFO - Started process (PID=919) to work on /home/lowenhard/acceleration/env/lib/python3.8/site-packages/airflow/example_dags/subdags/subdag.py
[2022-03-17 00:58:11,911] {processor.py:642} INFO - Processing file /home/lowenhard/acceleration/env/lib/python3.8/site-packages/airflow/example_dags/subdags/subdag.py for tasks to queue
[2022-03-17 00:58:11,911] {logging_mixin.py:109} INFO - [2022-03-17 00:58:11,911] {dagbag.py:500} INFO - Filling up the DagBag from /home/lowenhard/acceleration/env/lib/python3.8/site-packages/airflow/example_dags/subdags/subdag.py
[2022-03-17 00:58:11,927] {processor.py:656} WARNING - No viable dags retrieved from /home/lowenhard/acceleration/env/lib/python3.8/site-packages/airflow/example_dags/subdags/subdag.py
[2022-03-17 00:58:11,930] {processor.py:171} INFO - Processing /home/lowenhard/acceleration/env/lib/python3.8/site-packages/airflow/example_dags/subdags/subdag.py took 0.107 seconds
[2022-03-17 00:59:41,691] {processor.py:163} INFO - Started process (PID=958) to work on /home/lowenhard/acceleration/env/lib/python3.8/site-packages/airflow/example_dags/subdags/subdag.py
[2022-03-17 00:59:42,362] {processor.py:642} INFO - Processing file /home/lowenhard/acceleration/env/lib/python3.8/site-packages/airflow/example_dags/subdags/subdag.py for tasks to queue
[2022-03-17 00:59:42,363] {logging_mixin.py:109} INFO - [2022-03-17 00:59:42,363] {dagbag.py:500} INFO - Filling up the DagBag from /home/lowenhard/acceleration/env/lib/python3.8/site-packages/airflow/example_dags/subdags/subdag.py
[2022-03-17 00:59:42,377] {processor.py:656} WARNING - No viable dags retrieved from /home/lowenhard/acceleration/env/lib/python3.8/site-packages/airflow/example_dags/subdags/subdag.py
[2022-03-17 00:59:42,380] {processor.py:171} INFO - Processing /home/lowenhard/acceleration/env/lib/python3.8/site-packages/airflow/example_dags/subdags/subdag.py took 0.692 seconds
[2022-03-17 01:00:59,254] {processor.py:163} INFO - Started process (PID=994) to work on /home/lowenhard/acceleration/env/lib/python3.8/site-packages/airflow/example_dags/subdags/subdag.py
[2022-03-17 01:00:59,268] {processor.py:642} INFO - Processing file /home/lowenhard/acceleration/env/lib/python3.8/site-packages/airflow/example_dags/subdags/subdag.py for tasks to queue
[2022-03-17 01:00:59,269] {logging_mixin.py:109} INFO - [2022-03-17 01:00:59,269] {dagbag.py:500} INFO - Filling up the DagBag from /home/lowenhard/acceleration/env/lib/python3.8/site-packages/airflow/example_dags/subdags/subdag.py
[2022-03-17 01:00:59,280] {processor.py:656} WARNING - No viable dags retrieved from /home/lowenhard/acceleration/env/lib/python3.8/site-packages/airflow/example_dags/subdags/subdag.py
[2022-03-17 01:00:59,282] {processor.py:171} INFO - Processing /home/lowenhard/acceleration/env/lib/python3.8/site-packages/airflow/example_dags/subdags/subdag.py took 0.032 seconds
[2022-03-17 07:15:20,863] {processor.py:163} INFO - Started process (PID=138) to work on /home/lowenhard/acceleration/env/lib/python3.8/site-packages/airflow/example_dags/subdags/subdag.py
[2022-03-17 07:15:20,870] {processor.py:642} INFO - Processing file /home/lowenhard/acceleration/env/lib/python3.8/site-packages/airflow/example_dags/subdags/subdag.py for tasks to queue
[2022-03-17 07:15:20,870] {logging_mixin.py:109} INFO - [2022-03-17 07:15:20,870] {dagbag.py:500} INFO - Filling up the DagBag from /home/lowenhard/acceleration/env/lib/python3.8/site-packages/airflow/example_dags/subdags/subdag.py
[2022-03-17 07:15:20,887] {processor.py:656} WARNING - No viable dags retrieved from /home/lowenhard/acceleration/env/lib/python3.8/site-packages/airflow/example_dags/subdags/subdag.py
[2022-03-17 07:15:20,890] {processor.py:171} INFO - Processing /home/lowenhard/acceleration/env/lib/python3.8/site-packages/airflow/example_dags/subdags/subdag.py took 0.030 seconds
[2022-03-17 07:16:52,054] {processor.py:163} INFO - Started process (PID=177) to work on /home/lowenhard/acceleration/env/lib/python3.8/site-packages/airflow/example_dags/subdags/subdag.py
[2022-03-17 07:16:53,177] {processor.py:642} INFO - Processing file /home/lowenhard/acceleration/env/lib/python3.8/site-packages/airflow/example_dags/subdags/subdag.py for tasks to queue
[2022-03-17 07:16:53,179] {logging_mixin.py:109} INFO - [2022-03-17 07:16:53,179] {dagbag.py:500} INFO - Filling up the DagBag from /home/lowenhard/acceleration/env/lib/python3.8/site-packages/airflow/example_dags/subdags/subdag.py
[2022-03-17 07:16:53,193] {processor.py:656} WARNING - No viable dags retrieved from /home/lowenhard/acceleration/env/lib/python3.8/site-packages/airflow/example_dags/subdags/subdag.py
[2022-03-17 07:16:53,198] {processor.py:171} INFO - Processing /home/lowenhard/acceleration/env/lib/python3.8/site-packages/airflow/example_dags/subdags/subdag.py took 1.148 seconds
[2022-03-17 07:18:15,121] {processor.py:163} INFO - Started process (PID=216) to work on /home/lowenhard/acceleration/env/lib/python3.8/site-packages/airflow/example_dags/subdags/subdag.py
[2022-03-17 07:18:15,131] {processor.py:642} INFO - Processing file /home/lowenhard/acceleration/env/lib/python3.8/site-packages/airflow/example_dags/subdags/subdag.py for tasks to queue
[2022-03-17 07:18:15,133] {logging_mixin.py:109} INFO - [2022-03-17 07:18:15,133] {dagbag.py:500} INFO - Filling up the DagBag from /home/lowenhard/acceleration/env/lib/python3.8/site-packages/airflow/example_dags/subdags/subdag.py
[2022-03-17 07:18:15,478] {processor.py:656} WARNING - No viable dags retrieved from /home/lowenhard/acceleration/env/lib/python3.8/site-packages/airflow/example_dags/subdags/subdag.py
[2022-03-17 07:18:15,483] {processor.py:171} INFO - Processing /home/lowenhard/acceleration/env/lib/python3.8/site-packages/airflow/example_dags/subdags/subdag.py took 0.366 seconds
[2022-03-17 07:19:29,518] {processor.py:163} INFO - Started process (PID=252) to work on /home/lowenhard/acceleration/env/lib/python3.8/site-packages/airflow/example_dags/subdags/subdag.py
[2022-03-17 07:19:29,525] {processor.py:642} INFO - Processing file /home/lowenhard/acceleration/env/lib/python3.8/site-packages/airflow/example_dags/subdags/subdag.py for tasks to queue
[2022-03-17 07:19:29,526] {logging_mixin.py:109} INFO - [2022-03-17 07:19:29,526] {dagbag.py:500} INFO - Filling up the DagBag from /home/lowenhard/acceleration/env/lib/python3.8/site-packages/airflow/example_dags/subdags/subdag.py
[2022-03-17 07:19:29,543] {processor.py:656} WARNING - No viable dags retrieved from /home/lowenhard/acceleration/env/lib/python3.8/site-packages/airflow/example_dags/subdags/subdag.py
[2022-03-17 07:19:29,546] {processor.py:171} INFO - Processing /home/lowenhard/acceleration/env/lib/python3.8/site-packages/airflow/example_dags/subdags/subdag.py took 0.032 seconds
[2022-03-17 07:21:06,205] {processor.py:163} INFO - Started process (PID=291) to work on /home/lowenhard/acceleration/env/lib/python3.8/site-packages/airflow/example_dags/subdags/subdag.py
[2022-03-17 07:21:06,233] {processor.py:642} INFO - Processing file /home/lowenhard/acceleration/env/lib/python3.8/site-packages/airflow/example_dags/subdags/subdag.py for tasks to queue
[2022-03-17 07:21:06,234] {logging_mixin.py:109} INFO - [2022-03-17 07:21:06,234] {dagbag.py:500} INFO - Filling up the DagBag from /home/lowenhard/acceleration/env/lib/python3.8/site-packages/airflow/example_dags/subdags/subdag.py
[2022-03-17 07:21:06,249] {processor.py:656} WARNING - No viable dags retrieved from /home/lowenhard/acceleration/env/lib/python3.8/site-packages/airflow/example_dags/subdags/subdag.py
[2022-03-17 07:21:06,253] {processor.py:171} INFO - Processing /home/lowenhard/acceleration/env/lib/python3.8/site-packages/airflow/example_dags/subdags/subdag.py took 0.051 seconds
[2022-03-17 07:22:21,399] {processor.py:163} INFO - Started process (PID=328) to work on /home/lowenhard/acceleration/env/lib/python3.8/site-packages/airflow/example_dags/subdags/subdag.py
[2022-03-17 07:22:21,475] {processor.py:642} INFO - Processing file /home/lowenhard/acceleration/env/lib/python3.8/site-packages/airflow/example_dags/subdags/subdag.py for tasks to queue
[2022-03-17 07:22:21,476] {logging_mixin.py:109} INFO - [2022-03-17 07:22:21,476] {dagbag.py:500} INFO - Filling up the DagBag from /home/lowenhard/acceleration/env/lib/python3.8/site-packages/airflow/example_dags/subdags/subdag.py
[2022-03-17 07:22:21,502] {processor.py:656} WARNING - No viable dags retrieved from /home/lowenhard/acceleration/env/lib/python3.8/site-packages/airflow/example_dags/subdags/subdag.py
[2022-03-17 07:22:21,507] {processor.py:171} INFO - Processing /home/lowenhard/acceleration/env/lib/python3.8/site-packages/airflow/example_dags/subdags/subdag.py took 0.113 seconds
[2022-03-17 07:23:27,535] {processor.py:163} INFO - Started process (PID=361) to work on /home/lowenhard/acceleration/env/lib/python3.8/site-packages/airflow/example_dags/subdags/subdag.py
[2022-03-17 07:23:27,547] {processor.py:642} INFO - Processing file /home/lowenhard/acceleration/env/lib/python3.8/site-packages/airflow/example_dags/subdags/subdag.py for tasks to queue
[2022-03-17 07:23:27,548] {logging_mixin.py:109} INFO - [2022-03-17 07:23:27,548] {dagbag.py:500} INFO - Filling up the DagBag from /home/lowenhard/acceleration/env/lib/python3.8/site-packages/airflow/example_dags/subdags/subdag.py
[2022-03-17 07:23:27,561] {processor.py:656} WARNING - No viable dags retrieved from /home/lowenhard/acceleration/env/lib/python3.8/site-packages/airflow/example_dags/subdags/subdag.py
[2022-03-17 07:23:27,564] {processor.py:171} INFO - Processing /home/lowenhard/acceleration/env/lib/python3.8/site-packages/airflow/example_dags/subdags/subdag.py took 0.032 seconds
[2022-03-17 07:24:17,027] {processor.py:163} INFO - Started process (PID=393) to work on /home/lowenhard/acceleration/env/lib/python3.8/site-packages/airflow/example_dags/subdags/subdag.py
[2022-03-17 07:24:17,045] {processor.py:642} INFO - Processing file /home/lowenhard/acceleration/env/lib/python3.8/site-packages/airflow/example_dags/subdags/subdag.py for tasks to queue
[2022-03-17 07:24:17,047] {logging_mixin.py:109} INFO - [2022-03-17 07:24:17,046] {dagbag.py:500} INFO - Filling up the DagBag from /home/lowenhard/acceleration/env/lib/python3.8/site-packages/airflow/example_dags/subdags/subdag.py
[2022-03-17 07:24:17,395] {processor.py:656} WARNING - No viable dags retrieved from /home/lowenhard/acceleration/env/lib/python3.8/site-packages/airflow/example_dags/subdags/subdag.py
[2022-03-17 07:24:17,399] {processor.py:171} INFO - Processing /home/lowenhard/acceleration/env/lib/python3.8/site-packages/airflow/example_dags/subdags/subdag.py took 0.378 seconds
[2022-03-17 07:25:21,263] {processor.py:163} INFO - Started process (PID=433) to work on /home/lowenhard/acceleration/env/lib/python3.8/site-packages/airflow/example_dags/subdags/subdag.py
[2022-03-17 07:25:21,307] {processor.py:642} INFO - Processing file /home/lowenhard/acceleration/env/lib/python3.8/site-packages/airflow/example_dags/subdags/subdag.py for tasks to queue
[2022-03-17 07:25:21,308] {logging_mixin.py:109} INFO - [2022-03-17 07:25:21,308] {dagbag.py:500} INFO - Filling up the DagBag from /home/lowenhard/acceleration/env/lib/python3.8/site-packages/airflow/example_dags/subdags/subdag.py
[2022-03-17 07:25:21,317] {processor.py:656} WARNING - No viable dags retrieved from /home/lowenhard/acceleration/env/lib/python3.8/site-packages/airflow/example_dags/subdags/subdag.py
[2022-03-17 07:25:21,319] {processor.py:171} INFO - Processing /home/lowenhard/acceleration/env/lib/python3.8/site-packages/airflow/example_dags/subdags/subdag.py took 0.059 seconds
[2022-03-17 07:26:30,270] {processor.py:163} INFO - Started process (PID=474) to work on /home/lowenhard/acceleration/env/lib/python3.8/site-packages/airflow/example_dags/subdags/subdag.py
[2022-03-17 07:26:30,448] {processor.py:642} INFO - Processing file /home/lowenhard/acceleration/env/lib/python3.8/site-packages/airflow/example_dags/subdags/subdag.py for tasks to queue
[2022-03-17 07:26:30,450] {logging_mixin.py:109} INFO - [2022-03-17 07:26:30,450] {dagbag.py:500} INFO - Filling up the DagBag from /home/lowenhard/acceleration/env/lib/python3.8/site-packages/airflow/example_dags/subdags/subdag.py
[2022-03-17 07:26:31,502] {processor.py:656} WARNING - No viable dags retrieved from /home/lowenhard/acceleration/env/lib/python3.8/site-packages/airflow/example_dags/subdags/subdag.py
[2022-03-17 07:26:31,505] {processor.py:171} INFO - Processing /home/lowenhard/acceleration/env/lib/python3.8/site-packages/airflow/example_dags/subdags/subdag.py took 1.237 seconds
[2022-03-17 07:27:53,286] {processor.py:163} INFO - Started process (PID=512) to work on /home/lowenhard/acceleration/env/lib/python3.8/site-packages/airflow/example_dags/subdags/subdag.py
[2022-03-17 07:27:53,306] {processor.py:642} INFO - Processing file /home/lowenhard/acceleration/env/lib/python3.8/site-packages/airflow/example_dags/subdags/subdag.py for tasks to queue
[2022-03-17 07:27:53,307] {logging_mixin.py:109} INFO - [2022-03-17 07:27:53,307] {dagbag.py:500} INFO - Filling up the DagBag from /home/lowenhard/acceleration/env/lib/python3.8/site-packages/airflow/example_dags/subdags/subdag.py
[2022-03-17 07:27:53,320] {processor.py:656} WARNING - No viable dags retrieved from /home/lowenhard/acceleration/env/lib/python3.8/site-packages/airflow/example_dags/subdags/subdag.py
[2022-03-17 07:27:53,323] {processor.py:171} INFO - Processing /home/lowenhard/acceleration/env/lib/python3.8/site-packages/airflow/example_dags/subdags/subdag.py took 0.039 seconds
[2022-03-17 07:28:50,416] {processor.py:163} INFO - Started process (PID=543) to work on /home/lowenhard/acceleration/env/lib/python3.8/site-packages/airflow/example_dags/subdags/subdag.py
[2022-03-17 07:28:50,449] {processor.py:642} INFO - Processing file /home/lowenhard/acceleration/env/lib/python3.8/site-packages/airflow/example_dags/subdags/subdag.py for tasks to queue
[2022-03-17 07:28:50,449] {logging_mixin.py:109} INFO - [2022-03-17 07:28:50,449] {dagbag.py:500} INFO - Filling up the DagBag from /home/lowenhard/acceleration/env/lib/python3.8/site-packages/airflow/example_dags/subdags/subdag.py
[2022-03-17 07:28:50,459] {processor.py:656} WARNING - No viable dags retrieved from /home/lowenhard/acceleration/env/lib/python3.8/site-packages/airflow/example_dags/subdags/subdag.py
[2022-03-17 07:28:50,462] {processor.py:171} INFO - Processing /home/lowenhard/acceleration/env/lib/python3.8/site-packages/airflow/example_dags/subdags/subdag.py took 0.049 seconds
[2022-03-17 07:30:01,507] {processor.py:163} INFO - Started process (PID=578) to work on /home/lowenhard/acceleration/env/lib/python3.8/site-packages/airflow/example_dags/subdags/subdag.py
[2022-03-17 07:30:01,569] {processor.py:642} INFO - Processing file /home/lowenhard/acceleration/env/lib/python3.8/site-packages/airflow/example_dags/subdags/subdag.py for tasks to queue
[2022-03-17 07:30:01,569] {logging_mixin.py:109} INFO - [2022-03-17 07:30:01,569] {dagbag.py:500} INFO - Filling up the DagBag from /home/lowenhard/acceleration/env/lib/python3.8/site-packages/airflow/example_dags/subdags/subdag.py
[2022-03-17 07:30:01,584] {processor.py:656} WARNING - No viable dags retrieved from /home/lowenhard/acceleration/env/lib/python3.8/site-packages/airflow/example_dags/subdags/subdag.py
[2022-03-17 07:30:01,587] {processor.py:171} INFO - Processing /home/lowenhard/acceleration/env/lib/python3.8/site-packages/airflow/example_dags/subdags/subdag.py took 0.083 seconds
[2022-03-17 07:31:15,109] {processor.py:163} INFO - Started process (PID=613) to work on /home/lowenhard/acceleration/env/lib/python3.8/site-packages/airflow/example_dags/subdags/subdag.py
[2022-03-17 07:31:16,827] {processor.py:642} INFO - Processing file /home/lowenhard/acceleration/env/lib/python3.8/site-packages/airflow/example_dags/subdags/subdag.py for tasks to queue
[2022-03-17 07:31:16,828] {logging_mixin.py:109} INFO - [2022-03-17 07:31:16,828] {dagbag.py:500} INFO - Filling up the DagBag from /home/lowenhard/acceleration/env/lib/python3.8/site-packages/airflow/example_dags/subdags/subdag.py
[2022-03-17 07:31:16,840] {processor.py:656} WARNING - No viable dags retrieved from /home/lowenhard/acceleration/env/lib/python3.8/site-packages/airflow/example_dags/subdags/subdag.py
[2022-03-17 07:31:16,842] {processor.py:171} INFO - Processing /home/lowenhard/acceleration/env/lib/python3.8/site-packages/airflow/example_dags/subdags/subdag.py took 1.735 seconds
[2022-03-17 07:32:33,913] {processor.py:163} INFO - Started process (PID=650) to work on /home/lowenhard/acceleration/env/lib/python3.8/site-packages/airflow/example_dags/subdags/subdag.py
[2022-03-17 07:32:33,927] {processor.py:642} INFO - Processing file /home/lowenhard/acceleration/env/lib/python3.8/site-packages/airflow/example_dags/subdags/subdag.py for tasks to queue
[2022-03-17 07:32:33,928] {logging_mixin.py:109} INFO - [2022-03-17 07:32:33,928] {dagbag.py:500} INFO - Filling up the DagBag from /home/lowenhard/acceleration/env/lib/python3.8/site-packages/airflow/example_dags/subdags/subdag.py
[2022-03-17 07:32:33,938] {processor.py:656} WARNING - No viable dags retrieved from /home/lowenhard/acceleration/env/lib/python3.8/site-packages/airflow/example_dags/subdags/subdag.py
[2022-03-17 07:32:33,940] {processor.py:171} INFO - Processing /home/lowenhard/acceleration/env/lib/python3.8/site-packages/airflow/example_dags/subdags/subdag.py took 0.030 seconds
[2022-03-17 07:33:59,970] {processor.py:163} INFO - Started process (PID=687) to work on /home/lowenhard/acceleration/env/lib/python3.8/site-packages/airflow/example_dags/subdags/subdag.py
[2022-03-17 07:33:59,983] {processor.py:642} INFO - Processing file /home/lowenhard/acceleration/env/lib/python3.8/site-packages/airflow/example_dags/subdags/subdag.py for tasks to queue
[2022-03-17 07:33:59,984] {logging_mixin.py:109} INFO - [2022-03-17 07:33:59,984] {dagbag.py:500} INFO - Filling up the DagBag from /home/lowenhard/acceleration/env/lib/python3.8/site-packages/airflow/example_dags/subdags/subdag.py
[2022-03-17 07:33:59,998] {processor.py:656} WARNING - No viable dags retrieved from /home/lowenhard/acceleration/env/lib/python3.8/site-packages/airflow/example_dags/subdags/subdag.py
[2022-03-17 07:34:00,001] {processor.py:171} INFO - Processing /home/lowenhard/acceleration/env/lib/python3.8/site-packages/airflow/example_dags/subdags/subdag.py took 0.035 seconds
[2022-03-17 07:35:32,278] {processor.py:163} INFO - Started process (PID=726) to work on /home/lowenhard/acceleration/env/lib/python3.8/site-packages/airflow/example_dags/subdags/subdag.py
[2022-03-17 07:35:32,288] {processor.py:642} INFO - Processing file /home/lowenhard/acceleration/env/lib/python3.8/site-packages/airflow/example_dags/subdags/subdag.py for tasks to queue
[2022-03-17 07:35:32,289] {logging_mixin.py:109} INFO - [2022-03-17 07:35:32,289] {dagbag.py:500} INFO - Filling up the DagBag from /home/lowenhard/acceleration/env/lib/python3.8/site-packages/airflow/example_dags/subdags/subdag.py
[2022-03-17 07:35:32,300] {processor.py:656} WARNING - No viable dags retrieved from /home/lowenhard/acceleration/env/lib/python3.8/site-packages/airflow/example_dags/subdags/subdag.py
[2022-03-17 07:35:32,302] {processor.py:171} INFO - Processing /home/lowenhard/acceleration/env/lib/python3.8/site-packages/airflow/example_dags/subdags/subdag.py took 0.027 seconds
[2022-03-17 07:36:56,682] {processor.py:163} INFO - Started process (PID=765) to work on /home/lowenhard/acceleration/env/lib/python3.8/site-packages/airflow/example_dags/subdags/subdag.py
[2022-03-17 07:36:56,692] {processor.py:642} INFO - Processing file /home/lowenhard/acceleration/env/lib/python3.8/site-packages/airflow/example_dags/subdags/subdag.py for tasks to queue
[2022-03-17 07:36:56,693] {logging_mixin.py:109} INFO - [2022-03-17 07:36:56,693] {dagbag.py:500} INFO - Filling up the DagBag from /home/lowenhard/acceleration/env/lib/python3.8/site-packages/airflow/example_dags/subdags/subdag.py
[2022-03-17 07:36:56,885] {processor.py:656} WARNING - No viable dags retrieved from /home/lowenhard/acceleration/env/lib/python3.8/site-packages/airflow/example_dags/subdags/subdag.py
[2022-03-17 07:36:56,887] {processor.py:171} INFO - Processing /home/lowenhard/acceleration/env/lib/python3.8/site-packages/airflow/example_dags/subdags/subdag.py took 0.208 seconds
[2022-03-17 07:38:13,050] {processor.py:163} INFO - Started process (PID=800) to work on /home/lowenhard/acceleration/env/lib/python3.8/site-packages/airflow/example_dags/subdags/subdag.py
[2022-03-17 07:38:13,054] {processor.py:642} INFO - Processing file /home/lowenhard/acceleration/env/lib/python3.8/site-packages/airflow/example_dags/subdags/subdag.py for tasks to queue
[2022-03-17 07:38:13,054] {logging_mixin.py:109} INFO - [2022-03-17 07:38:13,054] {dagbag.py:500} INFO - Filling up the DagBag from /home/lowenhard/acceleration/env/lib/python3.8/site-packages/airflow/example_dags/subdags/subdag.py
[2022-03-17 07:38:13,071] {processor.py:656} WARNING - No viable dags retrieved from /home/lowenhard/acceleration/env/lib/python3.8/site-packages/airflow/example_dags/subdags/subdag.py
[2022-03-17 07:38:13,077] {processor.py:171} INFO - Processing /home/lowenhard/acceleration/env/lib/python3.8/site-packages/airflow/example_dags/subdags/subdag.py took 0.030 seconds
[2022-03-17 07:39:36,101] {processor.py:163} INFO - Started process (PID=837) to work on /home/lowenhard/acceleration/env/lib/python3.8/site-packages/airflow/example_dags/subdags/subdag.py
[2022-03-17 07:39:36,103] {processor.py:642} INFO - Processing file /home/lowenhard/acceleration/env/lib/python3.8/site-packages/airflow/example_dags/subdags/subdag.py for tasks to queue
[2022-03-17 07:39:36,104] {logging_mixin.py:109} INFO - [2022-03-17 07:39:36,104] {dagbag.py:500} INFO - Filling up the DagBag from /home/lowenhard/acceleration/env/lib/python3.8/site-packages/airflow/example_dags/subdags/subdag.py
[2022-03-17 07:39:36,115] {processor.py:656} WARNING - No viable dags retrieved from /home/lowenhard/acceleration/env/lib/python3.8/site-packages/airflow/example_dags/subdags/subdag.py
[2022-03-17 07:39:36,117] {processor.py:171} INFO - Processing /home/lowenhard/acceleration/env/lib/python3.8/site-packages/airflow/example_dags/subdags/subdag.py took 0.018 seconds
