[2022-04-03 18:13:04,721] {taskinstance.py:1037} INFO - Dependencies all met for <TaskInstance: pandas_python_operator.get_dataframe manual__2022-04-03T23:12:57.080590+00:00 [queued]>
[2022-04-03 18:13:04,728] {taskinstance.py:1037} INFO - Dependencies all met for <TaskInstance: pandas_python_operator.get_dataframe manual__2022-04-03T23:12:57.080590+00:00 [queued]>
[2022-04-03 18:13:04,729] {taskinstance.py:1243} INFO - 
--------------------------------------------------------------------------------
[2022-04-03 18:13:04,729] {taskinstance.py:1244} INFO - Starting attempt 1 of 1
[2022-04-03 18:13:04,729] {taskinstance.py:1245} INFO - 
--------------------------------------------------------------------------------
[2022-04-03 18:13:04,891] {taskinstance.py:1264} INFO - Executing <Task(_PythonDecoratedOperator): get_dataframe> on 2022-04-03 23:12:57.080590+00:00
[2022-04-03 18:13:04,896] {standard_task_runner.py:52} INFO - Started process 10692 to run task
[2022-04-03 18:13:04,900] {standard_task_runner.py:76} INFO - Running: ['airflow', 'tasks', 'run', 'pandas_python_operator', 'get_dataframe', 'manual__2022-04-03T23:12:57.080590+00:00', '--job-id', '304', '--raw', '--subdir', 'DAGS_FOLDER/procesar_datos_uni_villa_maria.py', '--cfg-path', '/tmp/tmpuodq9igh', '--error-file', '/tmp/tmpklkrrsbj']
[2022-04-03 18:13:04,900] {standard_task_runner.py:77} INFO - Job 304: Subtask get_dataframe
[2022-04-03 18:13:05,429] {logging_mixin.py:109} INFO - Running <TaskInstance: pandas_python_operator.get_dataframe manual__2022-04-03T23:12:57.080590+00:00 [running]> on host LAPTOP-5HJG55H7.localdomain
[2022-04-03 18:13:05,904] {taskinstance.py:1429} INFO - Exporting the following env vars:
AIRFLOW_CTX_DAG_OWNER=airflow
AIRFLOW_CTX_DAG_ID=pandas_python_operator
AIRFLOW_CTX_TASK_ID=get_dataframe
AIRFLOW_CTX_EXECUTION_DATE=2022-04-03T23:12:57.080590+00:00
AIRFLOW_CTX_DAG_RUN_ID=manual__2022-04-03T23:12:57.080590+00:00
[2022-04-03 18:13:05,916] {base.py:70} INFO - Using connection to: id: airflow-universities. Host: training-main.cghe7e6sfljt.us-east-1.rds.amazonaws.com, Port: 5432, Schema: training, Login: alkymer, Password: ***, extra: {}
[2022-04-03 18:13:07,092] {procesar_datos_uni_villa_maria.py:100} INFO - Got dataframe university                       universidad nacional de villa maría
career                              licenciatura en ciencia política
inscription_date                                          2020-09-15
first_name                                               WELCHMIGUEL
gender                                                          male
age                                                                6
location            594 alvarado street suite 945 chanside, il 06393
email                                          richard21@hotmail.com
last_name                                                        NaN
postal_code                                                      NaN
Name: 0, dtype: object
[2022-04-03 18:13:07,093] {procesar_datos_uni_villa_maria.py:101} INFO - Index(['university', 'career', 'inscription_date', 'first_name', 'gender',
       'age', 'location', 'email', 'last_name', 'postal_code'],
      dtype='object')
[2022-04-03 18:13:07,093] {python.py:175} INFO - Done. Returned value was: None
[2022-04-03 18:13:07,099] {taskinstance.py:1272} INFO - Marking task as SUCCESS. dag_id=pandas_python_operator, task_id=get_dataframe, execution_date=20220403T231257, start_date=20220403T231304, end_date=20220403T231307
[2022-04-03 18:13:07,289] {local_task_job.py:154} INFO - Task exited with return code 0
[2022-04-03 18:13:07,449] {local_task_job.py:264} INFO - 1 downstream tasks scheduled from follow-on schedule check
