[2022-04-03 03:10:30,895] {taskinstance.py:1037} INFO - Dependencies all met for <TaskInstance: hello_dag.print_info manual__2022-04-03T08:10:26.441704+00:00 [queued]>
[2022-04-03 03:10:30,902] {taskinstance.py:1037} INFO - Dependencies all met for <TaskInstance: hello_dag.print_info manual__2022-04-03T08:10:26.441704+00:00 [queued]>
[2022-04-03 03:10:30,902] {taskinstance.py:1243} INFO - 
--------------------------------------------------------------------------------
[2022-04-03 03:10:30,902] {taskinstance.py:1244} INFO - Starting attempt 1 of 2
[2022-04-03 03:10:30,902] {taskinstance.py:1245} INFO - 
--------------------------------------------------------------------------------
[2022-04-03 03:10:31,047] {taskinstance.py:1264} INFO - Executing <Task(BashOperator): print_info> on 2022-04-03 08:10:26.441704+00:00
[2022-04-03 03:10:31,049] {standard_task_runner.py:52} INFO - Started process 756 to run task
[2022-04-03 03:10:31,052] {standard_task_runner.py:76} INFO - Running: ['airflow', 'tasks', 'run', 'hello_dag', 'print_info', 'manual__2022-04-03T08:10:26.441704+00:00', '--job-id', '234', '--raw', '--subdir', 'DAGS_FOLDER/dag_example.py', '--cfg-path', '/tmp/tmp16v099t0', '--error-file', '/tmp/tmpbvgfblo3']
[2022-04-03 03:10:31,053] {standard_task_runner.py:77} INFO - Job 234: Subtask print_info
[2022-04-03 03:10:31,235] {logging_mixin.py:109} INFO - Running <TaskInstance: hello_dag.print_info manual__2022-04-03T08:10:26.441704+00:00 [running]> on host LAPTOP-5HJG55H7.localdomain
[2022-04-03 03:10:31,538] {taskinstance.py:1429} INFO - Exporting the following env vars:
AIRFLOW_CTX_DAG_OWNER=airflow
AIRFLOW_CTX_DAG_ID=hello_dag
AIRFLOW_CTX_TASK_ID=print_info
AIRFLOW_CTX_EXECUTION_DATE=2022-04-03T08:10:26.441704+00:00
AIRFLOW_CTX_DAG_RUN_ID=manual__2022-04-03T08:10:26.441704+00:00
[2022-04-03 03:10:31,538] {subprocess.py:62} INFO - Tmp dir root location: 
 /tmp
[2022-04-03 03:10:31,539] {subprocess.py:74} INFO - Running command: ['bash', '-c', 'echo "Starting..."']
[2022-04-03 03:10:31,545] {subprocess.py:85} INFO - Output:
[2022-04-03 03:10:31,547] {subprocess.py:89} INFO - Starting...
[2022-04-03 03:10:31,547] {subprocess.py:93} INFO - Command exited with return code 0
[2022-04-03 03:10:31,691] {taskinstance.py:1272} INFO - Marking task as SUCCESS. dag_id=hello_dag, task_id=print_info, execution_date=20220403T081026, start_date=20220403T081030, end_date=20220403T081031
[2022-04-03 03:10:31,990] {local_task_job.py:154} INFO - Task exited with return code 0
[2022-04-03 03:10:32,249] {local_task_job.py:264} INFO - 1 downstream tasks scheduled from follow-on schedule check
