[2022-03-27 08:15:26,397] {taskinstance.py:1037} INFO - Dependencies all met for <TaskInstance: python_operator.get_sql manual__2022-03-27T13:15:15.849838+00:00 [queued]>
[2022-03-27 08:15:26,405] {taskinstance.py:1037} INFO - Dependencies all met for <TaskInstance: python_operator.get_sql manual__2022-03-27T13:15:15.849838+00:00 [queued]>
[2022-03-27 08:15:26,405] {taskinstance.py:1243} INFO - 
--------------------------------------------------------------------------------
[2022-03-27 08:15:26,405] {taskinstance.py:1244} INFO - Starting attempt 1 of 1
[2022-03-27 08:15:26,405] {taskinstance.py:1245} INFO - 
--------------------------------------------------------------------------------
[2022-03-27 08:15:26,548] {taskinstance.py:1264} INFO - Executing <Task(_PythonDecoratedOperator): get_sql> on 2022-03-27 13:15:15.849838+00:00
[2022-03-27 08:15:26,551] {standard_task_runner.py:52} INFO - Started process 2632 to run task
[2022-03-27 08:15:26,556] {standard_task_runner.py:76} INFO - Running: ['airflow', 'tasks', 'run', 'python_operator', 'get_sql', 'manual__2022-03-27T13:15:15.849838+00:00', '--job-id', '111', '--raw', '--subdir', 'DAGS_FOLDER/etl_python_operator.py', '--cfg-path', '/tmp/tmpg8g6k5is', '--error-file', '/tmp/tmp187wlvtc']
[2022-03-27 08:15:26,556] {standard_task_runner.py:77} INFO - Job 111: Subtask get_sql
[2022-03-27 08:15:26,729] {logging_mixin.py:109} INFO - Running <TaskInstance: python_operator.get_sql manual__2022-03-27T13:15:15.849838+00:00 [running]> on host LAPTOP-5HJG55H7.localdomain
[2022-03-27 08:15:27,050] {taskinstance.py:1429} INFO - Exporting the following env vars:
AIRFLOW_CTX_DAG_OWNER=airflow
AIRFLOW_CTX_DAG_ID=python_operator
AIRFLOW_CTX_TASK_ID=get_sql
AIRFLOW_CTX_EXECUTION_DATE=2022-03-27T13:15:15.849838+00:00
AIRFLOW_CTX_DAG_RUN_ID=manual__2022-03-27T13:15:15.849838+00:00
[2022-03-27 08:15:27,055] {base.py:70} INFO - Using connection to: id: airflow-universities. Host: training-main.cghe7e6sfljt.us-east-1.rds.amazonaws.com, Port: 5432, Schema: training, Login: alkymer, Password: ***, extra: {}
[2022-03-27 08:15:27,821] {logging_mixin.py:109} INFO - [('universidad-de-buenos-aires',), ('universidad-j.-f.-kennedy',)]
[2022-03-27 08:15:27,822] {python.py:175} INFO - Done. Returned value was: None
[2022-03-27 08:15:29,063] {taskinstance.py:1272} INFO - Marking task as SUCCESS. dag_id=python_operator, task_id=get_sql, execution_date=20220327T131515, start_date=20220327T131526, end_date=20220327T131529
[2022-03-27 08:15:29,227] {local_task_job.py:154} INFO - Task exited with return code 0
[2022-03-27 08:15:29,391] {local_task_job.py:264} INFO - 1 downstream tasks scheduled from follow-on schedule check
