[2022-04-03 03:01:29,585] {taskinstance.py:1037} INFO - Dependencies all met for <TaskInstance: postgres_dag.get_data_uba scheduled__2022-04-02T08:00:27.340990+00:00 [queued]>
[2022-04-03 03:01:29,592] {taskinstance.py:1037} INFO - Dependencies all met for <TaskInstance: postgres_dag.get_data_uba scheduled__2022-04-02T08:00:27.340990+00:00 [queued]>
[2022-04-03 03:01:29,592] {taskinstance.py:1243} INFO - 
--------------------------------------------------------------------------------
[2022-04-03 03:01:29,592] {taskinstance.py:1244} INFO - Starting attempt 1 of 1
[2022-04-03 03:01:29,592] {taskinstance.py:1245} INFO - 
--------------------------------------------------------------------------------
[2022-04-03 03:01:29,971] {taskinstance.py:1264} INFO - Executing <Task(_PythonDecoratedOperator): get_data_uba> on 2022-04-02 08:00:27.340990+00:00
[2022-04-03 03:01:29,975] {standard_task_runner.py:52} INFO - Started process 348 to run task
[2022-04-03 03:01:29,978] {standard_task_runner.py:76} INFO - Running: ['airflow', 'tasks', 'run', 'postgres_dag', 'get_data_uba', 'scheduled__2022-04-02T08:00:27.340990+00:00', '--job-id', '225', '--raw', '--subdir', 'DAGS_FOLDER/postgres_conn.py', '--cfg-path', '/tmp/tmp49t010ir', '--error-file', '/tmp/tmpr0lgh07r']
[2022-04-03 03:01:29,979] {standard_task_runner.py:77} INFO - Job 225: Subtask get_data_uba
[2022-04-03 03:01:30,182] {logging_mixin.py:109} INFO - Running <TaskInstance: postgres_dag.get_data_uba scheduled__2022-04-02T08:00:27.340990+00:00 [running]> on host LAPTOP-5HJG55H7.localdomain
[2022-04-03 03:01:30,483] {taskinstance.py:1429} INFO - Exporting the following env vars:
AIRFLOW_CTX_DAG_OWNER=airflow
AIRFLOW_CTX_DAG_ID=postgres_dag
AIRFLOW_CTX_TASK_ID=get_data_uba
AIRFLOW_CTX_EXECUTION_DATE=2022-04-02T08:00:27.340990+00:00
AIRFLOW_CTX_DAG_RUN_ID=scheduled__2022-04-02T08:00:27.340990+00:00
[2022-04-03 03:01:30,487] {base.py:70} INFO - Using connection to: id: airflow-universities. Host: training-main.cghe7e6sfljt.us-east-1.rds.amazonaws.com, Port: 5432, Schema: training, Login: alkymer, Password: ***, extra: {}
[2022-04-03 03:01:31,111] {python.py:175} INFO - Done. Returned value was: None
[2022-04-03 03:01:31,117] {taskinstance.py:1272} INFO - Marking task as SUCCESS. dag_id=postgres_dag, task_id=get_data_uba, execution_date=20220402T080027, start_date=20220403T080129, end_date=20220403T080131
[2022-04-03 03:01:31,279] {local_task_job.py:154} INFO - Task exited with return code 0
[2022-04-03 03:01:31,296] {local_task_job.py:264} INFO - 0 downstream tasks scheduled from follow-on schedule check
