[2022-04-03 09:13:18,076] {taskinstance.py:1037} INFO - Dependencies all met for <TaskInstance: hello_dag.print_final manual__2022-04-03T14:12:53.534093+00:00 [queued]>
[2022-04-03 09:13:18,084] {taskinstance.py:1037} INFO - Dependencies all met for <TaskInstance: hello_dag.print_final manual__2022-04-03T14:12:53.534093+00:00 [queued]>
[2022-04-03 09:13:18,084] {taskinstance.py:1243} INFO - 
--------------------------------------------------------------------------------
[2022-04-03 09:13:18,084] {taskinstance.py:1244} INFO - Starting attempt 1 of 2
[2022-04-03 09:13:18,084] {taskinstance.py:1245} INFO - 
--------------------------------------------------------------------------------
[2022-04-03 09:13:18,288] {taskinstance.py:1264} INFO - Executing <Task(BashOperator): print_final> on 2022-04-03 14:12:53.534093+00:00
[2022-04-03 09:13:18,290] {standard_task_runner.py:52} INFO - Started process 5171 to run task
[2022-04-03 09:13:18,294] {standard_task_runner.py:76} INFO - Running: ['airflow', 'tasks', 'run', 'hello_dag', 'print_final', 'manual__2022-04-03T14:12:53.534093+00:00', '--job-id', '271', '--raw', '--subdir', 'DAGS_FOLDER/dag_example.py', '--cfg-path', '/tmp/tmprbn337gq', '--error-file', '/tmp/tmpizpgurvk']
[2022-04-03 09:13:18,294] {standard_task_runner.py:77} INFO - Job 271: Subtask print_final
[2022-04-03 09:13:18,476] {logging_mixin.py:109} INFO - Running <TaskInstance: hello_dag.print_final manual__2022-04-03T14:12:53.534093+00:00 [running]> on host LAPTOP-5HJG55H7.localdomain
[2022-04-03 09:13:18,842] {taskinstance.py:1429} INFO - Exporting the following env vars:
AIRFLOW_CTX_DAG_OWNER=airflow
AIRFLOW_CTX_DAG_ID=hello_dag
AIRFLOW_CTX_TASK_ID=print_final
AIRFLOW_CTX_EXECUTION_DATE=2022-04-03T14:12:53.534093+00:00
AIRFLOW_CTX_DAG_RUN_ID=manual__2022-04-03T14:12:53.534093+00:00
[2022-04-03 09:13:18,843] {subprocess.py:62} INFO - Tmp dir root location: 
 /tmp
[2022-04-03 09:13:18,845] {subprocess.py:74} INFO - Running command: ['bash', '-c', 'echo "Finish..."']
[2022-04-03 09:13:18,851] {subprocess.py:85} INFO - Output:
[2022-04-03 09:13:18,852] {subprocess.py:89} INFO - Finish...
[2022-04-03 09:13:18,853] {subprocess.py:93} INFO - Command exited with return code 0
[2022-04-03 09:13:19,036] {taskinstance.py:1272} INFO - Marking task as SUCCESS. dag_id=hello_dag, task_id=print_final, execution_date=20220403T141253, start_date=20220403T141318, end_date=20220403T141319
[2022-04-03 09:13:19,234] {local_task_job.py:154} INFO - Task exited with return code 0
[2022-04-03 09:13:19,484] {local_task_job.py:264} INFO - 0 downstream tasks scheduled from follow-on schedule check
