[2022-03-21 05:19:18,648] {processor.py:163} INFO - Started process (PID=175) to work on /home/lowenhard/acceleration/env/lib/python3.8/site-packages/airflow/example_dags/plugins/workday.py
[2022-03-21 05:19:18,649] {processor.py:642} INFO - Processing file /home/lowenhard/acceleration/env/lib/python3.8/site-packages/airflow/example_dags/plugins/workday.py for tasks to queue
[2022-03-21 05:19:18,650] {logging_mixin.py:109} INFO - [2022-03-21 05:19:18,649] {dagbag.py:500} INFO - Filling up the DagBag from /home/lowenhard/acceleration/env/lib/python3.8/site-packages/airflow/example_dags/plugins/workday.py
[2022-03-21 05:19:18,659] {processor.py:656} WARNING - No viable dags retrieved from /home/lowenhard/acceleration/env/lib/python3.8/site-packages/airflow/example_dags/plugins/workday.py
[2022-03-21 05:19:18,661] {processor.py:171} INFO - Processing /home/lowenhard/acceleration/env/lib/python3.8/site-packages/airflow/example_dags/plugins/workday.py took 0.016 seconds
[2022-03-21 05:21:11,069] {processor.py:163} INFO - Started process (PID=287) to work on /home/lowenhard/acceleration/env/lib/python3.8/site-packages/airflow/example_dags/plugins/workday.py
[2022-03-21 05:21:11,099] {processor.py:642} INFO - Processing file /home/lowenhard/acceleration/env/lib/python3.8/site-packages/airflow/example_dags/plugins/workday.py for tasks to queue
[2022-03-21 05:21:11,100] {logging_mixin.py:109} INFO - [2022-03-21 05:21:11,100] {dagbag.py:500} INFO - Filling up the DagBag from /home/lowenhard/acceleration/env/lib/python3.8/site-packages/airflow/example_dags/plugins/workday.py
[2022-03-21 05:21:11,109] {processor.py:656} WARNING - No viable dags retrieved from /home/lowenhard/acceleration/env/lib/python3.8/site-packages/airflow/example_dags/plugins/workday.py
[2022-03-21 05:21:11,111] {processor.py:171} INFO - Processing /home/lowenhard/acceleration/env/lib/python3.8/site-packages/airflow/example_dags/plugins/workday.py took 0.045 seconds
[2022-03-21 05:22:40,540] {processor.py:163} INFO - Started process (PID=327) to work on /home/lowenhard/acceleration/env/lib/python3.8/site-packages/airflow/example_dags/plugins/workday.py
[2022-03-21 05:22:41,488] {processor.py:642} INFO - Processing file /home/lowenhard/acceleration/env/lib/python3.8/site-packages/airflow/example_dags/plugins/workday.py for tasks to queue
[2022-03-21 05:22:41,489] {logging_mixin.py:109} INFO - [2022-03-21 05:22:41,489] {dagbag.py:500} INFO - Filling up the DagBag from /home/lowenhard/acceleration/env/lib/python3.8/site-packages/airflow/example_dags/plugins/workday.py
[2022-03-21 05:22:41,828] {processor.py:656} WARNING - No viable dags retrieved from /home/lowenhard/acceleration/env/lib/python3.8/site-packages/airflow/example_dags/plugins/workday.py
[2022-03-21 05:22:41,831] {processor.py:171} INFO - Processing /home/lowenhard/acceleration/env/lib/python3.8/site-packages/airflow/example_dags/plugins/workday.py took 1.293 seconds
[2022-03-21 05:24:05,435] {processor.py:163} INFO - Started process (PID=366) to work on /home/lowenhard/acceleration/env/lib/python3.8/site-packages/airflow/example_dags/plugins/workday.py
[2022-03-21 05:24:05,710] {processor.py:642} INFO - Processing file /home/lowenhard/acceleration/env/lib/python3.8/site-packages/airflow/example_dags/plugins/workday.py for tasks to queue
[2022-03-21 05:24:05,710] {logging_mixin.py:109} INFO - [2022-03-21 05:24:05,710] {dagbag.py:500} INFO - Filling up the DagBag from /home/lowenhard/acceleration/env/lib/python3.8/site-packages/airflow/example_dags/plugins/workday.py
[2022-03-21 05:24:05,720] {processor.py:656} WARNING - No viable dags retrieved from /home/lowenhard/acceleration/env/lib/python3.8/site-packages/airflow/example_dags/plugins/workday.py
[2022-03-21 05:24:05,724] {processor.py:171} INFO - Processing /home/lowenhard/acceleration/env/lib/python3.8/site-packages/airflow/example_dags/plugins/workday.py took 0.291 seconds
[2022-03-21 05:25:09,313] {processor.py:163} INFO - Started process (PID=399) to work on /home/lowenhard/acceleration/env/lib/python3.8/site-packages/airflow/example_dags/plugins/workday.py
[2022-03-21 05:25:09,329] {processor.py:642} INFO - Processing file /home/lowenhard/acceleration/env/lib/python3.8/site-packages/airflow/example_dags/plugins/workday.py for tasks to queue
[2022-03-21 05:25:09,330] {logging_mixin.py:109} INFO - [2022-03-21 05:25:09,330] {dagbag.py:500} INFO - Filling up the DagBag from /home/lowenhard/acceleration/env/lib/python3.8/site-packages/airflow/example_dags/plugins/workday.py
[2022-03-21 05:25:09,342] {processor.py:656} WARNING - No viable dags retrieved from /home/lowenhard/acceleration/env/lib/python3.8/site-packages/airflow/example_dags/plugins/workday.py
[2022-03-21 05:25:09,345] {processor.py:171} INFO - Processing /home/lowenhard/acceleration/env/lib/python3.8/site-packages/airflow/example_dags/plugins/workday.py took 0.034 seconds
[2022-03-21 05:26:47,803] {processor.py:163} INFO - Started process (PID=439) to work on /home/lowenhard/acceleration/env/lib/python3.8/site-packages/airflow/example_dags/plugins/workday.py
[2022-03-21 05:26:47,815] {processor.py:642} INFO - Processing file /home/lowenhard/acceleration/env/lib/python3.8/site-packages/airflow/example_dags/plugins/workday.py for tasks to queue
[2022-03-21 05:26:47,815] {logging_mixin.py:109} INFO - [2022-03-21 05:26:47,815] {dagbag.py:500} INFO - Filling up the DagBag from /home/lowenhard/acceleration/env/lib/python3.8/site-packages/airflow/example_dags/plugins/workday.py
[2022-03-21 05:26:47,826] {processor.py:656} WARNING - No viable dags retrieved from /home/lowenhard/acceleration/env/lib/python3.8/site-packages/airflow/example_dags/plugins/workday.py
[2022-03-21 05:26:47,828] {processor.py:171} INFO - Processing /home/lowenhard/acceleration/env/lib/python3.8/site-packages/airflow/example_dags/plugins/workday.py took 0.027 seconds
[2022-03-21 05:28:11,971] {processor.py:163} INFO - Started process (PID=476) to work on /home/lowenhard/acceleration/env/lib/python3.8/site-packages/airflow/example_dags/plugins/workday.py
[2022-03-21 05:28:11,982] {processor.py:642} INFO - Processing file /home/lowenhard/acceleration/env/lib/python3.8/site-packages/airflow/example_dags/plugins/workday.py for tasks to queue
[2022-03-21 05:28:11,983] {logging_mixin.py:109} INFO - [2022-03-21 05:28:11,982] {dagbag.py:500} INFO - Filling up the DagBag from /home/lowenhard/acceleration/env/lib/python3.8/site-packages/airflow/example_dags/plugins/workday.py
[2022-03-21 05:28:11,991] {processor.py:656} WARNING - No viable dags retrieved from /home/lowenhard/acceleration/env/lib/python3.8/site-packages/airflow/example_dags/plugins/workday.py
[2022-03-21 05:28:11,993] {processor.py:171} INFO - Processing /home/lowenhard/acceleration/env/lib/python3.8/site-packages/airflow/example_dags/plugins/workday.py took 0.024 seconds
[2022-03-21 05:29:33,756] {processor.py:163} INFO - Started process (PID=512) to work on /home/lowenhard/acceleration/env/lib/python3.8/site-packages/airflow/example_dags/plugins/workday.py
[2022-03-21 05:29:33,771] {processor.py:642} INFO - Processing file /home/lowenhard/acceleration/env/lib/python3.8/site-packages/airflow/example_dags/plugins/workday.py for tasks to queue
[2022-03-21 05:29:33,771] {logging_mixin.py:109} INFO - [2022-03-21 05:29:33,771] {dagbag.py:500} INFO - Filling up the DagBag from /home/lowenhard/acceleration/env/lib/python3.8/site-packages/airflow/example_dags/plugins/workday.py
[2022-03-21 05:29:33,781] {processor.py:656} WARNING - No viable dags retrieved from /home/lowenhard/acceleration/env/lib/python3.8/site-packages/airflow/example_dags/plugins/workday.py
[2022-03-21 05:29:33,783] {processor.py:171} INFO - Processing /home/lowenhard/acceleration/env/lib/python3.8/site-packages/airflow/example_dags/plugins/workday.py took 0.030 seconds
[2022-03-21 05:30:55,114] {processor.py:163} INFO - Started process (PID=557) to work on /home/lowenhard/acceleration/env/lib/python3.8/site-packages/airflow/example_dags/plugins/workday.py
[2022-03-21 05:30:55,284] {processor.py:642} INFO - Processing file /home/lowenhard/acceleration/env/lib/python3.8/site-packages/airflow/example_dags/plugins/workday.py for tasks to queue
[2022-03-21 05:30:55,285] {logging_mixin.py:109} INFO - [2022-03-21 05:30:55,285] {dagbag.py:500} INFO - Filling up the DagBag from /home/lowenhard/acceleration/env/lib/python3.8/site-packages/airflow/example_dags/plugins/workday.py
[2022-03-21 05:30:55,294] {processor.py:656} WARNING - No viable dags retrieved from /home/lowenhard/acceleration/env/lib/python3.8/site-packages/airflow/example_dags/plugins/workday.py
[2022-03-21 05:30:55,296] {processor.py:171} INFO - Processing /home/lowenhard/acceleration/env/lib/python3.8/site-packages/airflow/example_dags/plugins/workday.py took 0.184 seconds
[2022-03-21 05:32:23,764] {processor.py:163} INFO - Started process (PID=606) to work on /home/lowenhard/acceleration/env/lib/python3.8/site-packages/airflow/example_dags/plugins/workday.py
[2022-03-21 05:32:23,993] {processor.py:642} INFO - Processing file /home/lowenhard/acceleration/env/lib/python3.8/site-packages/airflow/example_dags/plugins/workday.py for tasks to queue
[2022-03-21 05:32:23,994] {logging_mixin.py:109} INFO - [2022-03-21 05:32:23,993] {dagbag.py:500} INFO - Filling up the DagBag from /home/lowenhard/acceleration/env/lib/python3.8/site-packages/airflow/example_dags/plugins/workday.py
[2022-03-21 05:32:24,003] {processor.py:656} WARNING - No viable dags retrieved from /home/lowenhard/acceleration/env/lib/python3.8/site-packages/airflow/example_dags/plugins/workday.py
[2022-03-21 05:32:24,005] {processor.py:171} INFO - Processing /home/lowenhard/acceleration/env/lib/python3.8/site-packages/airflow/example_dags/plugins/workday.py took 0.243 seconds
[2022-03-21 05:33:48,829] {processor.py:163} INFO - Started process (PID=647) to work on /home/lowenhard/acceleration/env/lib/python3.8/site-packages/airflow/example_dags/plugins/workday.py
[2022-03-21 05:33:49,080] {processor.py:642} INFO - Processing file /home/lowenhard/acceleration/env/lib/python3.8/site-packages/airflow/example_dags/plugins/workday.py for tasks to queue
[2022-03-21 05:33:49,081] {logging_mixin.py:109} INFO - [2022-03-21 05:33:49,081] {dagbag.py:500} INFO - Filling up the DagBag from /home/lowenhard/acceleration/env/lib/python3.8/site-packages/airflow/example_dags/plugins/workday.py
[2022-03-21 05:33:49,090] {processor.py:656} WARNING - No viable dags retrieved from /home/lowenhard/acceleration/env/lib/python3.8/site-packages/airflow/example_dags/plugins/workday.py
[2022-03-21 05:33:49,093] {processor.py:171} INFO - Processing /home/lowenhard/acceleration/env/lib/python3.8/site-packages/airflow/example_dags/plugins/workday.py took 0.266 seconds
[2022-03-21 05:35:22,034] {processor.py:163} INFO - Started process (PID=704) to work on /home/lowenhard/acceleration/env/lib/python3.8/site-packages/airflow/example_dags/plugins/workday.py
[2022-03-21 05:35:22,208] {processor.py:642} INFO - Processing file /home/lowenhard/acceleration/env/lib/python3.8/site-packages/airflow/example_dags/plugins/workday.py for tasks to queue
[2022-03-21 05:35:22,208] {logging_mixin.py:109} INFO - [2022-03-21 05:35:22,208] {dagbag.py:500} INFO - Filling up the DagBag from /home/lowenhard/acceleration/env/lib/python3.8/site-packages/airflow/example_dags/plugins/workday.py
[2022-03-21 05:35:22,218] {processor.py:656} WARNING - No viable dags retrieved from /home/lowenhard/acceleration/env/lib/python3.8/site-packages/airflow/example_dags/plugins/workday.py
[2022-03-21 05:35:22,220] {processor.py:171} INFO - Processing /home/lowenhard/acceleration/env/lib/python3.8/site-packages/airflow/example_dags/plugins/workday.py took 0.189 seconds
[2022-03-21 05:36:54,965] {processor.py:163} INFO - Started process (PID=756) to work on /home/lowenhard/acceleration/env/lib/python3.8/site-packages/airflow/example_dags/plugins/workday.py
[2022-03-21 05:36:55,118] {processor.py:642} INFO - Processing file /home/lowenhard/acceleration/env/lib/python3.8/site-packages/airflow/example_dags/plugins/workday.py for tasks to queue
[2022-03-21 05:36:55,119] {logging_mixin.py:109} INFO - [2022-03-21 05:36:55,119] {dagbag.py:500} INFO - Filling up the DagBag from /home/lowenhard/acceleration/env/lib/python3.8/site-packages/airflow/example_dags/plugins/workday.py
[2022-03-21 05:36:55,960] {processor.py:656} WARNING - No viable dags retrieved from /home/lowenhard/acceleration/env/lib/python3.8/site-packages/airflow/example_dags/plugins/workday.py
[2022-03-21 05:36:55,963] {processor.py:171} INFO - Processing /home/lowenhard/acceleration/env/lib/python3.8/site-packages/airflow/example_dags/plugins/workday.py took 1.001 seconds
[2022-03-21 05:38:25,466] {processor.py:163} INFO - Started process (PID=795) to work on /home/lowenhard/acceleration/env/lib/python3.8/site-packages/airflow/example_dags/plugins/workday.py
[2022-03-21 05:38:25,708] {processor.py:642} INFO - Processing file /home/lowenhard/acceleration/env/lib/python3.8/site-packages/airflow/example_dags/plugins/workday.py for tasks to queue
[2022-03-21 05:38:25,708] {logging_mixin.py:109} INFO - [2022-03-21 05:38:25,708] {dagbag.py:500} INFO - Filling up the DagBag from /home/lowenhard/acceleration/env/lib/python3.8/site-packages/airflow/example_dags/plugins/workday.py
[2022-03-21 05:38:25,717] {processor.py:656} WARNING - No viable dags retrieved from /home/lowenhard/acceleration/env/lib/python3.8/site-packages/airflow/example_dags/plugins/workday.py
[2022-03-21 05:38:25,720] {processor.py:171} INFO - Processing /home/lowenhard/acceleration/env/lib/python3.8/site-packages/airflow/example_dags/plugins/workday.py took 0.257 seconds
[2022-03-21 05:40:17,149] {processor.py:163} INFO - Started process (PID=841) to work on /home/lowenhard/acceleration/env/lib/python3.8/site-packages/airflow/example_dags/plugins/workday.py
[2022-03-21 05:40:17,164] {processor.py:642} INFO - Processing file /home/lowenhard/acceleration/env/lib/python3.8/site-packages/airflow/example_dags/plugins/workday.py for tasks to queue
[2022-03-21 05:40:17,165] {logging_mixin.py:109} INFO - [2022-03-21 05:40:17,165] {dagbag.py:500} INFO - Filling up the DagBag from /home/lowenhard/acceleration/env/lib/python3.8/site-packages/airflow/example_dags/plugins/workday.py
[2022-03-21 05:40:17,173] {processor.py:656} WARNING - No viable dags retrieved from /home/lowenhard/acceleration/env/lib/python3.8/site-packages/airflow/example_dags/plugins/workday.py
[2022-03-21 05:40:17,175] {processor.py:171} INFO - Processing /home/lowenhard/acceleration/env/lib/python3.8/site-packages/airflow/example_dags/plugins/workday.py took 0.028 seconds
[2022-03-21 05:41:46,802] {processor.py:163} INFO - Started process (PID=882) to work on /home/lowenhard/acceleration/env/lib/python3.8/site-packages/airflow/example_dags/plugins/workday.py
[2022-03-21 05:41:46,950] {processor.py:642} INFO - Processing file /home/lowenhard/acceleration/env/lib/python3.8/site-packages/airflow/example_dags/plugins/workday.py for tasks to queue
[2022-03-21 05:41:46,951] {logging_mixin.py:109} INFO - [2022-03-21 05:41:46,951] {dagbag.py:500} INFO - Filling up the DagBag from /home/lowenhard/acceleration/env/lib/python3.8/site-packages/airflow/example_dags/plugins/workday.py
[2022-03-21 05:41:46,960] {processor.py:656} WARNING - No viable dags retrieved from /home/lowenhard/acceleration/env/lib/python3.8/site-packages/airflow/example_dags/plugins/workday.py
[2022-03-21 05:41:46,961] {processor.py:171} INFO - Processing /home/lowenhard/acceleration/env/lib/python3.8/site-packages/airflow/example_dags/plugins/workday.py took 0.162 seconds
[2022-03-21 05:43:26,696] {processor.py:163} INFO - Started process (PID=934) to work on /home/lowenhard/acceleration/env/lib/python3.8/site-packages/airflow/example_dags/plugins/workday.py
[2022-03-21 05:43:26,976] {processor.py:642} INFO - Processing file /home/lowenhard/acceleration/env/lib/python3.8/site-packages/airflow/example_dags/plugins/workday.py for tasks to queue
[2022-03-21 05:43:26,976] {logging_mixin.py:109} INFO - [2022-03-21 05:43:26,976] {dagbag.py:500} INFO - Filling up the DagBag from /home/lowenhard/acceleration/env/lib/python3.8/site-packages/airflow/example_dags/plugins/workday.py
[2022-03-21 05:43:26,985] {processor.py:656} WARNING - No viable dags retrieved from /home/lowenhard/acceleration/env/lib/python3.8/site-packages/airflow/example_dags/plugins/workday.py
[2022-03-21 05:43:26,988] {processor.py:171} INFO - Processing /home/lowenhard/acceleration/env/lib/python3.8/site-packages/airflow/example_dags/plugins/workday.py took 0.295 seconds
[2022-03-21 05:44:52,111] {processor.py:163} INFO - Started process (PID=973) to work on /home/lowenhard/acceleration/env/lib/python3.8/site-packages/airflow/example_dags/plugins/workday.py
[2022-03-21 05:44:53,148] {processor.py:642} INFO - Processing file /home/lowenhard/acceleration/env/lib/python3.8/site-packages/airflow/example_dags/plugins/workday.py for tasks to queue
[2022-03-21 05:44:53,148] {logging_mixin.py:109} INFO - [2022-03-21 05:44:53,148] {dagbag.py:500} INFO - Filling up the DagBag from /home/lowenhard/acceleration/env/lib/python3.8/site-packages/airflow/example_dags/plugins/workday.py
[2022-03-21 05:44:53,157] {processor.py:656} WARNING - No viable dags retrieved from /home/lowenhard/acceleration/env/lib/python3.8/site-packages/airflow/example_dags/plugins/workday.py
[2022-03-21 05:44:53,160] {processor.py:171} INFO - Processing /home/lowenhard/acceleration/env/lib/python3.8/site-packages/airflow/example_dags/plugins/workday.py took 1.051 seconds
[2022-03-21 05:46:21,308] {processor.py:163} INFO - Started process (PID=1013) to work on /home/lowenhard/acceleration/env/lib/python3.8/site-packages/airflow/example_dags/plugins/workday.py
[2022-03-21 05:46:21,940] {processor.py:642} INFO - Processing file /home/lowenhard/acceleration/env/lib/python3.8/site-packages/airflow/example_dags/plugins/workday.py for tasks to queue
[2022-03-21 05:46:21,942] {logging_mixin.py:109} INFO - [2022-03-21 05:46:21,941] {dagbag.py:500} INFO - Filling up the DagBag from /home/lowenhard/acceleration/env/lib/python3.8/site-packages/airflow/example_dags/plugins/workday.py
[2022-03-21 05:46:21,953] {processor.py:656} WARNING - No viable dags retrieved from /home/lowenhard/acceleration/env/lib/python3.8/site-packages/airflow/example_dags/plugins/workday.py
[2022-03-21 05:46:21,956] {processor.py:171} INFO - Processing /home/lowenhard/acceleration/env/lib/python3.8/site-packages/airflow/example_dags/plugins/workday.py took 0.651 seconds
[2022-03-21 05:48:05,070] {processor.py:163} INFO - Started process (PID=1054) to work on /home/lowenhard/acceleration/env/lib/python3.8/site-packages/airflow/example_dags/plugins/workday.py
[2022-03-21 05:48:05,440] {processor.py:642} INFO - Processing file /home/lowenhard/acceleration/env/lib/python3.8/site-packages/airflow/example_dags/plugins/workday.py for tasks to queue
[2022-03-21 05:48:05,440] {logging_mixin.py:109} INFO - [2022-03-21 05:48:05,440] {dagbag.py:500} INFO - Filling up the DagBag from /home/lowenhard/acceleration/env/lib/python3.8/site-packages/airflow/example_dags/plugins/workday.py
[2022-03-21 05:48:05,459] {processor.py:656} WARNING - No viable dags retrieved from /home/lowenhard/acceleration/env/lib/python3.8/site-packages/airflow/example_dags/plugins/workday.py
[2022-03-21 05:48:05,462] {processor.py:171} INFO - Processing /home/lowenhard/acceleration/env/lib/python3.8/site-packages/airflow/example_dags/plugins/workday.py took 0.395 seconds
[2022-03-21 05:49:25,834] {processor.py:163} INFO - Started process (PID=1092) to work on /home/lowenhard/acceleration/env/lib/python3.8/site-packages/airflow/example_dags/plugins/workday.py
[2022-03-21 05:49:25,840] {processor.py:642} INFO - Processing file /home/lowenhard/acceleration/env/lib/python3.8/site-packages/airflow/example_dags/plugins/workday.py for tasks to queue
[2022-03-21 05:49:25,841] {logging_mixin.py:109} INFO - [2022-03-21 05:49:25,841] {dagbag.py:500} INFO - Filling up the DagBag from /home/lowenhard/acceleration/env/lib/python3.8/site-packages/airflow/example_dags/plugins/workday.py
[2022-03-21 05:49:25,852] {processor.py:656} WARNING - No viable dags retrieved from /home/lowenhard/acceleration/env/lib/python3.8/site-packages/airflow/example_dags/plugins/workday.py
[2022-03-21 05:49:25,855] {processor.py:171} INFO - Processing /home/lowenhard/acceleration/env/lib/python3.8/site-packages/airflow/example_dags/plugins/workday.py took 0.023 seconds
[2022-03-21 05:51:12,022] {processor.py:163} INFO - Started process (PID=1138) to work on /home/lowenhard/acceleration/env/lib/python3.8/site-packages/airflow/example_dags/plugins/workday.py
[2022-03-21 05:51:12,154] {processor.py:642} INFO - Processing file /home/lowenhard/acceleration/env/lib/python3.8/site-packages/airflow/example_dags/plugins/workday.py for tasks to queue
[2022-03-21 05:51:12,155] {logging_mixin.py:109} INFO - [2022-03-21 05:51:12,155] {dagbag.py:500} INFO - Filling up the DagBag from /home/lowenhard/acceleration/env/lib/python3.8/site-packages/airflow/example_dags/plugins/workday.py
[2022-03-21 05:51:12,165] {processor.py:656} WARNING - No viable dags retrieved from /home/lowenhard/acceleration/env/lib/python3.8/site-packages/airflow/example_dags/plugins/workday.py
[2022-03-21 05:51:12,168] {processor.py:171} INFO - Processing /home/lowenhard/acceleration/env/lib/python3.8/site-packages/airflow/example_dags/plugins/workday.py took 0.148 seconds
[2022-03-21 05:52:57,570] {processor.py:163} INFO - Started process (PID=1180) to work on /home/lowenhard/acceleration/env/lib/python3.8/site-packages/airflow/example_dags/plugins/workday.py
[2022-03-21 05:52:57,587] {processor.py:642} INFO - Processing file /home/lowenhard/acceleration/env/lib/python3.8/site-packages/airflow/example_dags/plugins/workday.py for tasks to queue
[2022-03-21 05:52:57,588] {logging_mixin.py:109} INFO - [2022-03-21 05:52:57,588] {dagbag.py:500} INFO - Filling up the DagBag from /home/lowenhard/acceleration/env/lib/python3.8/site-packages/airflow/example_dags/plugins/workday.py
[2022-03-21 05:52:57,607] {processor.py:656} WARNING - No viable dags retrieved from /home/lowenhard/acceleration/env/lib/python3.8/site-packages/airflow/example_dags/plugins/workday.py
[2022-03-21 05:52:57,611] {processor.py:171} INFO - Processing /home/lowenhard/acceleration/env/lib/python3.8/site-packages/airflow/example_dags/plugins/workday.py took 0.045 seconds
[2022-03-21 05:54:25,126] {processor.py:163} INFO - Started process (PID=1218) to work on /home/lowenhard/acceleration/env/lib/python3.8/site-packages/airflow/example_dags/plugins/workday.py
[2022-03-21 05:54:26,029] {processor.py:642} INFO - Processing file /home/lowenhard/acceleration/env/lib/python3.8/site-packages/airflow/example_dags/plugins/workday.py for tasks to queue
[2022-03-21 05:54:26,030] {logging_mixin.py:109} INFO - [2022-03-21 05:54:26,030] {dagbag.py:500} INFO - Filling up the DagBag from /home/lowenhard/acceleration/env/lib/python3.8/site-packages/airflow/example_dags/plugins/workday.py
[2022-03-21 05:54:26,038] {processor.py:656} WARNING - No viable dags retrieved from /home/lowenhard/acceleration/env/lib/python3.8/site-packages/airflow/example_dags/plugins/workday.py
[2022-03-21 05:54:26,040] {processor.py:171} INFO - Processing /home/lowenhard/acceleration/env/lib/python3.8/site-packages/airflow/example_dags/plugins/workday.py took 0.916 seconds
[2022-03-21 05:55:56,625] {processor.py:163} INFO - Started process (PID=1258) to work on /home/lowenhard/acceleration/env/lib/python3.8/site-packages/airflow/example_dags/plugins/workday.py
[2022-03-21 05:55:56,844] {processor.py:642} INFO - Processing file /home/lowenhard/acceleration/env/lib/python3.8/site-packages/airflow/example_dags/plugins/workday.py for tasks to queue
[2022-03-21 05:55:56,878] {logging_mixin.py:109} INFO - [2022-03-21 05:55:56,878] {dagbag.py:500} INFO - Filling up the DagBag from /home/lowenhard/acceleration/env/lib/python3.8/site-packages/airflow/example_dags/plugins/workday.py
[2022-03-21 05:55:57,220] {processor.py:656} WARNING - No viable dags retrieved from /home/lowenhard/acceleration/env/lib/python3.8/site-packages/airflow/example_dags/plugins/workday.py
[2022-03-21 05:55:57,223] {processor.py:171} INFO - Processing /home/lowenhard/acceleration/env/lib/python3.8/site-packages/airflow/example_dags/plugins/workday.py took 0.600 seconds
[2022-03-21 05:57:42,365] {processor.py:163} INFO - Started process (PID=1301) to work on /home/lowenhard/acceleration/env/lib/python3.8/site-packages/airflow/example_dags/plugins/workday.py
[2022-03-21 05:57:42,377] {processor.py:642} INFO - Processing file /home/lowenhard/acceleration/env/lib/python3.8/site-packages/airflow/example_dags/plugins/workday.py for tasks to queue
[2022-03-21 05:57:42,378] {logging_mixin.py:109} INFO - [2022-03-21 05:57:42,378] {dagbag.py:500} INFO - Filling up the DagBag from /home/lowenhard/acceleration/env/lib/python3.8/site-packages/airflow/example_dags/plugins/workday.py
[2022-03-21 05:57:42,392] {processor.py:656} WARNING - No viable dags retrieved from /home/lowenhard/acceleration/env/lib/python3.8/site-packages/airflow/example_dags/plugins/workday.py
[2022-03-21 05:57:42,396] {processor.py:171} INFO - Processing /home/lowenhard/acceleration/env/lib/python3.8/site-packages/airflow/example_dags/plugins/workday.py took 0.035 seconds
[2022-03-21 05:59:22,924] {processor.py:163} INFO - Started process (PID=1342) to work on /home/lowenhard/acceleration/env/lib/python3.8/site-packages/airflow/example_dags/plugins/workday.py
[2022-03-21 05:59:23,482] {processor.py:642} INFO - Processing file /home/lowenhard/acceleration/env/lib/python3.8/site-packages/airflow/example_dags/plugins/workday.py for tasks to queue
[2022-03-21 05:59:23,482] {logging_mixin.py:109} INFO - [2022-03-21 05:59:23,482] {dagbag.py:500} INFO - Filling up the DagBag from /home/lowenhard/acceleration/env/lib/python3.8/site-packages/airflow/example_dags/plugins/workday.py
[2022-03-21 05:59:23,496] {processor.py:656} WARNING - No viable dags retrieved from /home/lowenhard/acceleration/env/lib/python3.8/site-packages/airflow/example_dags/plugins/workday.py
[2022-03-21 05:59:23,500] {processor.py:171} INFO - Processing /home/lowenhard/acceleration/env/lib/python3.8/site-packages/airflow/example_dags/plugins/workday.py took 0.579 seconds
[2022-03-21 06:00:46,326] {processor.py:163} INFO - Started process (PID=1381) to work on /home/lowenhard/acceleration/env/lib/python3.8/site-packages/airflow/example_dags/plugins/workday.py
[2022-03-21 06:00:46,484] {processor.py:642} INFO - Processing file /home/lowenhard/acceleration/env/lib/python3.8/site-packages/airflow/example_dags/plugins/workday.py for tasks to queue
[2022-03-21 06:00:46,484] {logging_mixin.py:109} INFO - [2022-03-21 06:00:46,484] {dagbag.py:500} INFO - Filling up the DagBag from /home/lowenhard/acceleration/env/lib/python3.8/site-packages/airflow/example_dags/plugins/workday.py
[2022-03-21 06:00:46,493] {processor.py:656} WARNING - No viable dags retrieved from /home/lowenhard/acceleration/env/lib/python3.8/site-packages/airflow/example_dags/plugins/workday.py
[2022-03-21 06:00:46,495] {processor.py:171} INFO - Processing /home/lowenhard/acceleration/env/lib/python3.8/site-packages/airflow/example_dags/plugins/workday.py took 0.171 seconds
[2022-03-21 06:02:23,797] {processor.py:163} INFO - Started process (PID=1420) to work on /home/lowenhard/acceleration/env/lib/python3.8/site-packages/airflow/example_dags/plugins/workday.py
[2022-03-21 06:02:24,146] {processor.py:642} INFO - Processing file /home/lowenhard/acceleration/env/lib/python3.8/site-packages/airflow/example_dags/plugins/workday.py for tasks to queue
[2022-03-21 06:02:24,147] {logging_mixin.py:109} INFO - [2022-03-21 06:02:24,146] {dagbag.py:500} INFO - Filling up the DagBag from /home/lowenhard/acceleration/env/lib/python3.8/site-packages/airflow/example_dags/plugins/workday.py
[2022-03-21 06:02:24,169] {processor.py:656} WARNING - No viable dags retrieved from /home/lowenhard/acceleration/env/lib/python3.8/site-packages/airflow/example_dags/plugins/workday.py
[2022-03-21 06:02:24,174] {processor.py:171} INFO - Processing /home/lowenhard/acceleration/env/lib/python3.8/site-packages/airflow/example_dags/plugins/workday.py took 0.380 seconds
[2022-03-21 06:03:58,163] {processor.py:163} INFO - Started process (PID=1462) to work on /home/lowenhard/acceleration/env/lib/python3.8/site-packages/airflow/example_dags/plugins/workday.py
[2022-03-21 06:03:58,239] {processor.py:642} INFO - Processing file /home/lowenhard/acceleration/env/lib/python3.8/site-packages/airflow/example_dags/plugins/workday.py for tasks to queue
[2022-03-21 06:03:58,240] {logging_mixin.py:109} INFO - [2022-03-21 06:03:58,240] {dagbag.py:500} INFO - Filling up the DagBag from /home/lowenhard/acceleration/env/lib/python3.8/site-packages/airflow/example_dags/plugins/workday.py
[2022-03-21 06:03:58,252] {processor.py:656} WARNING - No viable dags retrieved from /home/lowenhard/acceleration/env/lib/python3.8/site-packages/airflow/example_dags/plugins/workday.py
[2022-03-21 06:03:58,257] {processor.py:171} INFO - Processing /home/lowenhard/acceleration/env/lib/python3.8/site-packages/airflow/example_dags/plugins/workday.py took 0.096 seconds
[2022-03-21 06:05:30,667] {processor.py:163} INFO - Started process (PID=1501) to work on /home/lowenhard/acceleration/env/lib/python3.8/site-packages/airflow/example_dags/plugins/workday.py
[2022-03-21 06:05:30,675] {processor.py:642} INFO - Processing file /home/lowenhard/acceleration/env/lib/python3.8/site-packages/airflow/example_dags/plugins/workday.py for tasks to queue
[2022-03-21 06:05:30,676] {logging_mixin.py:109} INFO - [2022-03-21 06:05:30,675] {dagbag.py:500} INFO - Filling up the DagBag from /home/lowenhard/acceleration/env/lib/python3.8/site-packages/airflow/example_dags/plugins/workday.py
[2022-03-21 06:05:30,686] {processor.py:656} WARNING - No viable dags retrieved from /home/lowenhard/acceleration/env/lib/python3.8/site-packages/airflow/example_dags/plugins/workday.py
[2022-03-21 06:05:30,689] {processor.py:171} INFO - Processing /home/lowenhard/acceleration/env/lib/python3.8/site-packages/airflow/example_dags/plugins/workday.py took 0.024 seconds
[2022-03-21 06:07:02,756] {processor.py:163} INFO - Started process (PID=1542) to work on /home/lowenhard/acceleration/env/lib/python3.8/site-packages/airflow/example_dags/plugins/workday.py
[2022-03-21 06:07:02,764] {processor.py:642} INFO - Processing file /home/lowenhard/acceleration/env/lib/python3.8/site-packages/airflow/example_dags/plugins/workday.py for tasks to queue
[2022-03-21 06:07:02,765] {logging_mixin.py:109} INFO - [2022-03-21 06:07:02,764] {dagbag.py:500} INFO - Filling up the DagBag from /home/lowenhard/acceleration/env/lib/python3.8/site-packages/airflow/example_dags/plugins/workday.py
[2022-03-21 06:07:02,775] {processor.py:656} WARNING - No viable dags retrieved from /home/lowenhard/acceleration/env/lib/python3.8/site-packages/airflow/example_dags/plugins/workday.py
[2022-03-21 06:07:02,777] {processor.py:171} INFO - Processing /home/lowenhard/acceleration/env/lib/python3.8/site-packages/airflow/example_dags/plugins/workday.py took 0.023 seconds
[2022-03-21 06:08:34,377] {processor.py:163} INFO - Started process (PID=1581) to work on /home/lowenhard/acceleration/env/lib/python3.8/site-packages/airflow/example_dags/plugins/workday.py
[2022-03-21 06:08:34,588] {processor.py:642} INFO - Processing file /home/lowenhard/acceleration/env/lib/python3.8/site-packages/airflow/example_dags/plugins/workday.py for tasks to queue
[2022-03-21 06:08:34,589] {logging_mixin.py:109} INFO - [2022-03-21 06:08:34,588] {dagbag.py:500} INFO - Filling up the DagBag from /home/lowenhard/acceleration/env/lib/python3.8/site-packages/airflow/example_dags/plugins/workday.py
[2022-03-21 06:08:34,597] {processor.py:656} WARNING - No viable dags retrieved from /home/lowenhard/acceleration/env/lib/python3.8/site-packages/airflow/example_dags/plugins/workday.py
[2022-03-21 06:08:34,599] {processor.py:171} INFO - Processing /home/lowenhard/acceleration/env/lib/python3.8/site-packages/airflow/example_dags/plugins/workday.py took 0.225 seconds
[2022-03-21 06:09:46,515] {processor.py:163} INFO - Started process (PID=1617) to work on /home/lowenhard/acceleration/env/lib/python3.8/site-packages/airflow/example_dags/plugins/workday.py
[2022-03-21 06:09:46,713] {processor.py:642} INFO - Processing file /home/lowenhard/acceleration/env/lib/python3.8/site-packages/airflow/example_dags/plugins/workday.py for tasks to queue
[2022-03-21 06:09:46,713] {logging_mixin.py:109} INFO - [2022-03-21 06:09:46,713] {dagbag.py:500} INFO - Filling up the DagBag from /home/lowenhard/acceleration/env/lib/python3.8/site-packages/airflow/example_dags/plugins/workday.py
[2022-03-21 06:09:46,722] {processor.py:656} WARNING - No viable dags retrieved from /home/lowenhard/acceleration/env/lib/python3.8/site-packages/airflow/example_dags/plugins/workday.py
[2022-03-21 06:09:46,725] {processor.py:171} INFO - Processing /home/lowenhard/acceleration/env/lib/python3.8/site-packages/airflow/example_dags/plugins/workday.py took 0.212 seconds
[2022-03-21 06:11:11,118] {processor.py:163} INFO - Started process (PID=1656) to work on /home/lowenhard/acceleration/env/lib/python3.8/site-packages/airflow/example_dags/plugins/workday.py
[2022-03-21 06:11:11,185] {processor.py:642} INFO - Processing file /home/lowenhard/acceleration/env/lib/python3.8/site-packages/airflow/example_dags/plugins/workday.py for tasks to queue
[2022-03-21 06:11:11,185] {logging_mixin.py:109} INFO - [2022-03-21 06:11:11,185] {dagbag.py:500} INFO - Filling up the DagBag from /home/lowenhard/acceleration/env/lib/python3.8/site-packages/airflow/example_dags/plugins/workday.py
[2022-03-21 06:11:11,194] {processor.py:656} WARNING - No viable dags retrieved from /home/lowenhard/acceleration/env/lib/python3.8/site-packages/airflow/example_dags/plugins/workday.py
[2022-03-21 06:11:11,196] {processor.py:171} INFO - Processing /home/lowenhard/acceleration/env/lib/python3.8/site-packages/airflow/example_dags/plugins/workday.py took 0.081 seconds
[2022-03-21 06:12:26,367] {processor.py:163} INFO - Started process (PID=1692) to work on /home/lowenhard/acceleration/env/lib/python3.8/site-packages/airflow/example_dags/plugins/workday.py
[2022-03-21 06:12:26,567] {processor.py:642} INFO - Processing file /home/lowenhard/acceleration/env/lib/python3.8/site-packages/airflow/example_dags/plugins/workday.py for tasks to queue
[2022-03-21 06:12:26,568] {logging_mixin.py:109} INFO - [2022-03-21 06:12:26,568] {dagbag.py:500} INFO - Filling up the DagBag from /home/lowenhard/acceleration/env/lib/python3.8/site-packages/airflow/example_dags/plugins/workday.py
[2022-03-21 06:12:26,582] {processor.py:656} WARNING - No viable dags retrieved from /home/lowenhard/acceleration/env/lib/python3.8/site-packages/airflow/example_dags/plugins/workday.py
[2022-03-21 06:12:26,585] {processor.py:171} INFO - Processing /home/lowenhard/acceleration/env/lib/python3.8/site-packages/airflow/example_dags/plugins/workday.py took 0.220 seconds
[2022-03-21 06:13:49,528] {processor.py:163} INFO - Started process (PID=1730) to work on /home/lowenhard/acceleration/env/lib/python3.8/site-packages/airflow/example_dags/plugins/workday.py
[2022-03-21 06:13:49,539] {processor.py:642} INFO - Processing file /home/lowenhard/acceleration/env/lib/python3.8/site-packages/airflow/example_dags/plugins/workday.py for tasks to queue
[2022-03-21 06:13:49,540] {logging_mixin.py:109} INFO - [2022-03-21 06:13:49,540] {dagbag.py:500} INFO - Filling up the DagBag from /home/lowenhard/acceleration/env/lib/python3.8/site-packages/airflow/example_dags/plugins/workday.py
[2022-03-21 06:13:49,550] {processor.py:656} WARNING - No viable dags retrieved from /home/lowenhard/acceleration/env/lib/python3.8/site-packages/airflow/example_dags/plugins/workday.py
[2022-03-21 06:13:49,552] {processor.py:171} INFO - Processing /home/lowenhard/acceleration/env/lib/python3.8/site-packages/airflow/example_dags/plugins/workday.py took 0.026 seconds
[2022-03-21 06:15:16,408] {processor.py:163} INFO - Started process (PID=1769) to work on /home/lowenhard/acceleration/env/lib/python3.8/site-packages/airflow/example_dags/plugins/workday.py
[2022-03-21 06:15:16,437] {processor.py:642} INFO - Processing file /home/lowenhard/acceleration/env/lib/python3.8/site-packages/airflow/example_dags/plugins/workday.py for tasks to queue
[2022-03-21 06:15:16,438] {logging_mixin.py:109} INFO - [2022-03-21 06:15:16,438] {dagbag.py:500} INFO - Filling up the DagBag from /home/lowenhard/acceleration/env/lib/python3.8/site-packages/airflow/example_dags/plugins/workday.py
[2022-03-21 06:15:16,448] {processor.py:656} WARNING - No viable dags retrieved from /home/lowenhard/acceleration/env/lib/python3.8/site-packages/airflow/example_dags/plugins/workday.py
[2022-03-21 06:15:16,450] {processor.py:171} INFO - Processing /home/lowenhard/acceleration/env/lib/python3.8/site-packages/airflow/example_dags/plugins/workday.py took 0.045 seconds
[2022-03-21 06:16:52,876] {processor.py:163} INFO - Started process (PID=1809) to work on /home/lowenhard/acceleration/env/lib/python3.8/site-packages/airflow/example_dags/plugins/workday.py
[2022-03-21 06:16:53,010] {processor.py:642} INFO - Processing file /home/lowenhard/acceleration/env/lib/python3.8/site-packages/airflow/example_dags/plugins/workday.py for tasks to queue
[2022-03-21 06:16:53,011] {logging_mixin.py:109} INFO - [2022-03-21 06:16:53,011] {dagbag.py:500} INFO - Filling up the DagBag from /home/lowenhard/acceleration/env/lib/python3.8/site-packages/airflow/example_dags/plugins/workday.py
[2022-03-21 06:16:53,020] {processor.py:656} WARNING - No viable dags retrieved from /home/lowenhard/acceleration/env/lib/python3.8/site-packages/airflow/example_dags/plugins/workday.py
[2022-03-21 06:16:53,022] {processor.py:171} INFO - Processing /home/lowenhard/acceleration/env/lib/python3.8/site-packages/airflow/example_dags/plugins/workday.py took 0.149 seconds
[2022-03-21 06:18:21,481] {processor.py:163} INFO - Started process (PID=1848) to work on /home/lowenhard/acceleration/env/lib/python3.8/site-packages/airflow/example_dags/plugins/workday.py
[2022-03-21 06:18:21,496] {processor.py:642} INFO - Processing file /home/lowenhard/acceleration/env/lib/python3.8/site-packages/airflow/example_dags/plugins/workday.py for tasks to queue
[2022-03-21 06:18:21,496] {logging_mixin.py:109} INFO - [2022-03-21 06:18:21,496] {dagbag.py:500} INFO - Filling up the DagBag from /home/lowenhard/acceleration/env/lib/python3.8/site-packages/airflow/example_dags/plugins/workday.py
[2022-03-21 06:18:21,505] {processor.py:656} WARNING - No viable dags retrieved from /home/lowenhard/acceleration/env/lib/python3.8/site-packages/airflow/example_dags/plugins/workday.py
[2022-03-21 06:18:21,507] {processor.py:171} INFO - Processing /home/lowenhard/acceleration/env/lib/python3.8/site-packages/airflow/example_dags/plugins/workday.py took 0.028 seconds
[2022-03-21 06:19:39,004] {processor.py:163} INFO - Started process (PID=1884) to work on /home/lowenhard/acceleration/env/lib/python3.8/site-packages/airflow/example_dags/plugins/workday.py
[2022-03-21 06:19:40,449] {processor.py:642} INFO - Processing file /home/lowenhard/acceleration/env/lib/python3.8/site-packages/airflow/example_dags/plugins/workday.py for tasks to queue
[2022-03-21 06:19:40,450] {logging_mixin.py:109} INFO - [2022-03-21 06:19:40,450] {dagbag.py:500} INFO - Filling up the DagBag from /home/lowenhard/acceleration/env/lib/python3.8/site-packages/airflow/example_dags/plugins/workday.py
[2022-03-21 06:19:40,462] {processor.py:656} WARNING - No viable dags retrieved from /home/lowenhard/acceleration/env/lib/python3.8/site-packages/airflow/example_dags/plugins/workday.py
[2022-03-21 06:19:40,465] {processor.py:171} INFO - Processing /home/lowenhard/acceleration/env/lib/python3.8/site-packages/airflow/example_dags/plugins/workday.py took 1.463 seconds
[2022-03-21 06:20:59,040] {processor.py:163} INFO - Started process (PID=1922) to work on /home/lowenhard/acceleration/env/lib/python3.8/site-packages/airflow/example_dags/plugins/workday.py
[2022-03-21 06:20:59,223] {processor.py:642} INFO - Processing file /home/lowenhard/acceleration/env/lib/python3.8/site-packages/airflow/example_dags/plugins/workday.py for tasks to queue
[2022-03-21 06:20:59,223] {logging_mixin.py:109} INFO - [2022-03-21 06:20:59,223] {dagbag.py:500} INFO - Filling up the DagBag from /home/lowenhard/acceleration/env/lib/python3.8/site-packages/airflow/example_dags/plugins/workday.py
[2022-03-21 06:20:59,233] {processor.py:656} WARNING - No viable dags retrieved from /home/lowenhard/acceleration/env/lib/python3.8/site-packages/airflow/example_dags/plugins/workday.py
[2022-03-21 06:20:59,236] {processor.py:171} INFO - Processing /home/lowenhard/acceleration/env/lib/python3.8/site-packages/airflow/example_dags/plugins/workday.py took 0.198 seconds
[2022-03-21 06:22:33,758] {processor.py:163} INFO - Started process (PID=1961) to work on /home/lowenhard/acceleration/env/lib/python3.8/site-packages/airflow/example_dags/plugins/workday.py
[2022-03-21 06:22:33,932] {processor.py:642} INFO - Processing file /home/lowenhard/acceleration/env/lib/python3.8/site-packages/airflow/example_dags/plugins/workday.py for tasks to queue
[2022-03-21 06:22:33,933] {logging_mixin.py:109} INFO - [2022-03-21 06:22:33,933] {dagbag.py:500} INFO - Filling up the DagBag from /home/lowenhard/acceleration/env/lib/python3.8/site-packages/airflow/example_dags/plugins/workday.py
[2022-03-21 06:22:33,943] {processor.py:656} WARNING - No viable dags retrieved from /home/lowenhard/acceleration/env/lib/python3.8/site-packages/airflow/example_dags/plugins/workday.py
[2022-03-21 06:22:33,945] {processor.py:171} INFO - Processing /home/lowenhard/acceleration/env/lib/python3.8/site-packages/airflow/example_dags/plugins/workday.py took 0.189 seconds
[2022-03-21 06:24:12,295] {processor.py:163} INFO - Started process (PID=2005) to work on /home/lowenhard/acceleration/env/lib/python3.8/site-packages/airflow/example_dags/plugins/workday.py
[2022-03-21 06:24:13,041] {processor.py:642} INFO - Processing file /home/lowenhard/acceleration/env/lib/python3.8/site-packages/airflow/example_dags/plugins/workday.py for tasks to queue
[2022-03-21 06:24:13,041] {logging_mixin.py:109} INFO - [2022-03-21 06:24:13,041] {dagbag.py:500} INFO - Filling up the DagBag from /home/lowenhard/acceleration/env/lib/python3.8/site-packages/airflow/example_dags/plugins/workday.py
[2022-03-21 06:24:13,049] {processor.py:656} WARNING - No viable dags retrieved from /home/lowenhard/acceleration/env/lib/python3.8/site-packages/airflow/example_dags/plugins/workday.py
[2022-03-21 06:24:13,051] {processor.py:171} INFO - Processing /home/lowenhard/acceleration/env/lib/python3.8/site-packages/airflow/example_dags/plugins/workday.py took 0.759 seconds
[2022-03-21 06:25:39,128] {processor.py:163} INFO - Started process (PID=2044) to work on /home/lowenhard/acceleration/env/lib/python3.8/site-packages/airflow/example_dags/plugins/workday.py
[2022-03-21 06:25:39,149] {processor.py:642} INFO - Processing file /home/lowenhard/acceleration/env/lib/python3.8/site-packages/airflow/example_dags/plugins/workday.py for tasks to queue
[2022-03-21 06:25:39,150] {logging_mixin.py:109} INFO - [2022-03-21 06:25:39,150] {dagbag.py:500} INFO - Filling up the DagBag from /home/lowenhard/acceleration/env/lib/python3.8/site-packages/airflow/example_dags/plugins/workday.py
[2022-03-21 06:25:39,159] {processor.py:656} WARNING - No viable dags retrieved from /home/lowenhard/acceleration/env/lib/python3.8/site-packages/airflow/example_dags/plugins/workday.py
[2022-03-21 06:25:39,161] {processor.py:171} INFO - Processing /home/lowenhard/acceleration/env/lib/python3.8/site-packages/airflow/example_dags/plugins/workday.py took 0.035 seconds
[2022-03-21 06:26:31,116] {processor.py:163} INFO - Started process (PID=2077) to work on /home/lowenhard/acceleration/env/lib/python3.8/site-packages/airflow/example_dags/plugins/workday.py
[2022-03-21 06:26:31,141] {processor.py:642} INFO - Processing file /home/lowenhard/acceleration/env/lib/python3.8/site-packages/airflow/example_dags/plugins/workday.py for tasks to queue
[2022-03-21 06:26:31,142] {logging_mixin.py:109} INFO - [2022-03-21 06:26:31,142] {dagbag.py:500} INFO - Filling up the DagBag from /home/lowenhard/acceleration/env/lib/python3.8/site-packages/airflow/example_dags/plugins/workday.py
[2022-03-21 06:26:31,152] {processor.py:656} WARNING - No viable dags retrieved from /home/lowenhard/acceleration/env/lib/python3.8/site-packages/airflow/example_dags/plugins/workday.py
[2022-03-21 06:26:31,154] {processor.py:171} INFO - Processing /home/lowenhard/acceleration/env/lib/python3.8/site-packages/airflow/example_dags/plugins/workday.py took 0.040 seconds
[2022-03-21 06:28:00,714] {processor.py:163} INFO - Started process (PID=2124) to work on /home/lowenhard/acceleration/env/lib/python3.8/site-packages/airflow/example_dags/plugins/workday.py
[2022-03-21 06:28:00,759] {processor.py:642} INFO - Processing file /home/lowenhard/acceleration/env/lib/python3.8/site-packages/airflow/example_dags/plugins/workday.py for tasks to queue
[2022-03-21 06:28:00,760] {logging_mixin.py:109} INFO - [2022-03-21 06:28:00,760] {dagbag.py:500} INFO - Filling up the DagBag from /home/lowenhard/acceleration/env/lib/python3.8/site-packages/airflow/example_dags/plugins/workday.py
[2022-03-21 06:28:00,772] {processor.py:656} WARNING - No viable dags retrieved from /home/lowenhard/acceleration/env/lib/python3.8/site-packages/airflow/example_dags/plugins/workday.py
[2022-03-21 06:28:00,774] {processor.py:171} INFO - Processing /home/lowenhard/acceleration/env/lib/python3.8/site-packages/airflow/example_dags/plugins/workday.py took 0.063 seconds
[2022-03-21 06:30:23,589] {processor.py:163} INFO - Started process (PID=2184) to work on /home/lowenhard/acceleration/env/lib/python3.8/site-packages/airflow/example_dags/plugins/workday.py
[2022-03-21 06:30:23,876] {processor.py:642} INFO - Processing file /home/lowenhard/acceleration/env/lib/python3.8/site-packages/airflow/example_dags/plugins/workday.py for tasks to queue
[2022-03-21 06:30:23,877] {logging_mixin.py:109} INFO - [2022-03-21 06:30:23,877] {dagbag.py:500} INFO - Filling up the DagBag from /home/lowenhard/acceleration/env/lib/python3.8/site-packages/airflow/example_dags/plugins/workday.py
[2022-03-21 06:30:23,887] {processor.py:656} WARNING - No viable dags retrieved from /home/lowenhard/acceleration/env/lib/python3.8/site-packages/airflow/example_dags/plugins/workday.py
[2022-03-21 06:30:23,889] {processor.py:171} INFO - Processing /home/lowenhard/acceleration/env/lib/python3.8/site-packages/airflow/example_dags/plugins/workday.py took 0.303 seconds
[2022-03-21 06:31:45,775] {processor.py:163} INFO - Started process (PID=2234) to work on /home/lowenhard/acceleration/env/lib/python3.8/site-packages/airflow/example_dags/plugins/workday.py
[2022-03-21 06:31:45,842] {processor.py:642} INFO - Processing file /home/lowenhard/acceleration/env/lib/python3.8/site-packages/airflow/example_dags/plugins/workday.py for tasks to queue
[2022-03-21 06:31:45,843] {logging_mixin.py:109} INFO - [2022-03-21 06:31:45,843] {dagbag.py:500} INFO - Filling up the DagBag from /home/lowenhard/acceleration/env/lib/python3.8/site-packages/airflow/example_dags/plugins/workday.py
[2022-03-21 06:31:45,853] {processor.py:656} WARNING - No viable dags retrieved from /home/lowenhard/acceleration/env/lib/python3.8/site-packages/airflow/example_dags/plugins/workday.py
[2022-03-21 06:31:45,856] {processor.py:171} INFO - Processing /home/lowenhard/acceleration/env/lib/python3.8/site-packages/airflow/example_dags/plugins/workday.py took 0.083 seconds
