[2022-03-22 05:34:52,016] {processor.py:163} INFO - Started process (PID=168) to work on /home/lowenhard/acceleration/env/lib/python3.8/site-packages/airflow/example_dags/example_time_delta_sensor_async.py
[2022-03-22 05:34:52,016] {processor.py:642} INFO - Processing file /home/lowenhard/acceleration/env/lib/python3.8/site-packages/airflow/example_dags/example_time_delta_sensor_async.py for tasks to queue
[2022-03-22 05:34:52,017] {logging_mixin.py:109} INFO - [2022-03-22 05:34:52,017] {dagbag.py:500} INFO - Filling up the DagBag from /home/lowenhard/acceleration/env/lib/python3.8/site-packages/airflow/example_dags/example_time_delta_sensor_async.py
[2022-03-22 05:34:52,034] {processor.py:654} INFO - DAG(s) dict_keys(['example_time_delta_sensor_async']) retrieved from /home/lowenhard/acceleration/env/lib/python3.8/site-packages/airflow/example_dags/example_time_delta_sensor_async.py
[2022-03-22 05:34:52,042] {logging_mixin.py:109} INFO - [2022-03-22 05:34:52,042] {dag.py:2398} INFO - Sync 1 DAGs
[2022-03-22 05:34:52,053] {logging_mixin.py:109} INFO - [2022-03-22 05:34:52,053] {dag.py:2937} INFO - Setting next_dagrun for example_time_delta_sensor_async to None
[2022-03-22 05:34:52,242] {processor.py:171} INFO - Processing /home/lowenhard/acceleration/env/lib/python3.8/site-packages/airflow/example_dags/example_time_delta_sensor_async.py took 0.229 seconds
[2022-03-22 05:35:41,830] {processor.py:163} INFO - Started process (PID=201) to work on /home/lowenhard/acceleration/env/lib/python3.8/site-packages/airflow/example_dags/example_time_delta_sensor_async.py
[2022-03-22 05:35:41,862] {processor.py:642} INFO - Processing file /home/lowenhard/acceleration/env/lib/python3.8/site-packages/airflow/example_dags/example_time_delta_sensor_async.py for tasks to queue
[2022-03-22 05:35:41,863] {logging_mixin.py:109} INFO - [2022-03-22 05:35:41,863] {dagbag.py:500} INFO - Filling up the DagBag from /home/lowenhard/acceleration/env/lib/python3.8/site-packages/airflow/example_dags/example_time_delta_sensor_async.py
[2022-03-22 05:35:41,881] {processor.py:654} INFO - DAG(s) dict_keys(['example_time_delta_sensor_async']) retrieved from /home/lowenhard/acceleration/env/lib/python3.8/site-packages/airflow/example_dags/example_time_delta_sensor_async.py
[2022-03-22 05:35:41,890] {logging_mixin.py:109} INFO - [2022-03-22 05:35:41,890] {dag.py:2398} INFO - Sync 1 DAGs
[2022-03-22 05:35:41,901] {logging_mixin.py:109} INFO - [2022-03-22 05:35:41,900] {dag.py:2937} INFO - Setting next_dagrun for example_time_delta_sensor_async to None
[2022-03-22 05:35:42,752] {processor.py:171} INFO - Processing /home/lowenhard/acceleration/env/lib/python3.8/site-packages/airflow/example_dags/example_time_delta_sensor_async.py took 0.923 seconds
[2022-03-22 05:36:31,592] {processor.py:163} INFO - Started process (PID=234) to work on /home/lowenhard/acceleration/env/lib/python3.8/site-packages/airflow/example_dags/example_time_delta_sensor_async.py
[2022-03-22 05:36:32,056] {processor.py:642} INFO - Processing file /home/lowenhard/acceleration/env/lib/python3.8/site-packages/airflow/example_dags/example_time_delta_sensor_async.py for tasks to queue
[2022-03-22 05:36:32,056] {logging_mixin.py:109} INFO - [2022-03-22 05:36:32,056] {dagbag.py:500} INFO - Filling up the DagBag from /home/lowenhard/acceleration/env/lib/python3.8/site-packages/airflow/example_dags/example_time_delta_sensor_async.py
[2022-03-22 05:36:32,075] {processor.py:654} INFO - DAG(s) dict_keys(['example_time_delta_sensor_async']) retrieved from /home/lowenhard/acceleration/env/lib/python3.8/site-packages/airflow/example_dags/example_time_delta_sensor_async.py
[2022-03-22 05:36:32,086] {logging_mixin.py:109} INFO - [2022-03-22 05:36:32,086] {dag.py:2398} INFO - Sync 1 DAGs
[2022-03-22 05:36:32,097] {logging_mixin.py:109} INFO - [2022-03-22 05:36:32,097] {dag.py:2937} INFO - Setting next_dagrun for example_time_delta_sensor_async to None
[2022-03-22 05:36:32,391] {processor.py:171} INFO - Processing /home/lowenhard/acceleration/env/lib/python3.8/site-packages/airflow/example_dags/example_time_delta_sensor_async.py took 0.802 seconds
[2022-03-22 05:37:45,769] {processor.py:163} INFO - Started process (PID=273) to work on /home/lowenhard/acceleration/env/lib/python3.8/site-packages/airflow/example_dags/example_time_delta_sensor_async.py
[2022-03-22 05:37:45,939] {processor.py:642} INFO - Processing file /home/lowenhard/acceleration/env/lib/python3.8/site-packages/airflow/example_dags/example_time_delta_sensor_async.py for tasks to queue
[2022-03-22 05:37:45,940] {logging_mixin.py:109} INFO - [2022-03-22 05:37:45,940] {dagbag.py:500} INFO - Filling up the DagBag from /home/lowenhard/acceleration/env/lib/python3.8/site-packages/airflow/example_dags/example_time_delta_sensor_async.py
[2022-03-22 05:37:45,966] {processor.py:654} INFO - DAG(s) dict_keys(['example_time_delta_sensor_async']) retrieved from /home/lowenhard/acceleration/env/lib/python3.8/site-packages/airflow/example_dags/example_time_delta_sensor_async.py
[2022-03-22 05:37:45,977] {logging_mixin.py:109} INFO - [2022-03-22 05:37:45,977] {dag.py:2398} INFO - Sync 1 DAGs
[2022-03-22 05:37:45,993] {logging_mixin.py:109} INFO - [2022-03-22 05:37:45,993] {dag.py:2937} INFO - Setting next_dagrun for example_time_delta_sensor_async to None
[2022-03-22 05:37:46,195] {processor.py:171} INFO - Processing /home/lowenhard/acceleration/env/lib/python3.8/site-packages/airflow/example_dags/example_time_delta_sensor_async.py took 0.429 seconds
[2022-03-22 05:39:03,197] {processor.py:163} INFO - Started process (PID=315) to work on /home/lowenhard/acceleration/env/lib/python3.8/site-packages/airflow/example_dags/example_time_delta_sensor_async.py
[2022-03-22 05:39:03,223] {processor.py:642} INFO - Processing file /home/lowenhard/acceleration/env/lib/python3.8/site-packages/airflow/example_dags/example_time_delta_sensor_async.py for tasks to queue
[2022-03-22 05:39:03,224] {logging_mixin.py:109} INFO - [2022-03-22 05:39:03,224] {dagbag.py:500} INFO - Filling up the DagBag from /home/lowenhard/acceleration/env/lib/python3.8/site-packages/airflow/example_dags/example_time_delta_sensor_async.py
[2022-03-22 05:39:03,243] {processor.py:654} INFO - DAG(s) dict_keys(['example_time_delta_sensor_async']) retrieved from /home/lowenhard/acceleration/env/lib/python3.8/site-packages/airflow/example_dags/example_time_delta_sensor_async.py
[2022-03-22 05:39:03,253] {logging_mixin.py:109} INFO - [2022-03-22 05:39:03,253] {dag.py:2398} INFO - Sync 1 DAGs
[2022-03-22 05:39:03,270] {logging_mixin.py:109} INFO - [2022-03-22 05:39:03,269] {dag.py:2937} INFO - Setting next_dagrun for example_time_delta_sensor_async to None
[2022-03-22 05:39:03,482] {processor.py:171} INFO - Processing /home/lowenhard/acceleration/env/lib/python3.8/site-packages/airflow/example_dags/example_time_delta_sensor_async.py took 0.288 seconds
[2022-03-22 05:39:54,497] {processor.py:163} INFO - Started process (PID=348) to work on /home/lowenhard/acceleration/env/lib/python3.8/site-packages/airflow/example_dags/example_time_delta_sensor_async.py
[2022-03-22 05:39:54,523] {processor.py:642} INFO - Processing file /home/lowenhard/acceleration/env/lib/python3.8/site-packages/airflow/example_dags/example_time_delta_sensor_async.py for tasks to queue
[2022-03-22 05:39:54,524] {logging_mixin.py:109} INFO - [2022-03-22 05:39:54,524] {dagbag.py:500} INFO - Filling up the DagBag from /home/lowenhard/acceleration/env/lib/python3.8/site-packages/airflow/example_dags/example_time_delta_sensor_async.py
[2022-03-22 05:39:54,583] {processor.py:654} INFO - DAG(s) dict_keys(['example_time_delta_sensor_async']) retrieved from /home/lowenhard/acceleration/env/lib/python3.8/site-packages/airflow/example_dags/example_time_delta_sensor_async.py
[2022-03-22 05:39:54,607] {logging_mixin.py:109} INFO - [2022-03-22 05:39:54,606] {dag.py:2398} INFO - Sync 1 DAGs
[2022-03-22 05:39:54,643] {logging_mixin.py:109} INFO - [2022-03-22 05:39:54,643] {dag.py:2937} INFO - Setting next_dagrun for example_time_delta_sensor_async to None
[2022-03-22 05:39:54,847] {processor.py:171} INFO - Processing /home/lowenhard/acceleration/env/lib/python3.8/site-packages/airflow/example_dags/example_time_delta_sensor_async.py took 0.353 seconds
[2022-03-22 05:40:43,842] {processor.py:163} INFO - Started process (PID=376) to work on /home/lowenhard/acceleration/env/lib/python3.8/site-packages/airflow/example_dags/example_time_delta_sensor_async.py
[2022-03-22 05:40:43,912] {processor.py:642} INFO - Processing file /home/lowenhard/acceleration/env/lib/python3.8/site-packages/airflow/example_dags/example_time_delta_sensor_async.py for tasks to queue
[2022-03-22 05:40:43,913] {logging_mixin.py:109} INFO - [2022-03-22 05:40:43,913] {dagbag.py:500} INFO - Filling up the DagBag from /home/lowenhard/acceleration/env/lib/python3.8/site-packages/airflow/example_dags/example_time_delta_sensor_async.py
[2022-03-22 05:40:43,939] {processor.py:654} INFO - DAG(s) dict_keys(['example_time_delta_sensor_async']) retrieved from /home/lowenhard/acceleration/env/lib/python3.8/site-packages/airflow/example_dags/example_time_delta_sensor_async.py
[2022-03-22 05:40:43,947] {logging_mixin.py:109} INFO - [2022-03-22 05:40:43,947] {dag.py:2398} INFO - Sync 1 DAGs
[2022-03-22 05:40:43,962] {logging_mixin.py:109} INFO - [2022-03-22 05:40:43,962] {dag.py:2937} INFO - Setting next_dagrun for example_time_delta_sensor_async to None
[2022-03-22 05:40:45,031] {processor.py:171} INFO - Processing /home/lowenhard/acceleration/env/lib/python3.8/site-packages/airflow/example_dags/example_time_delta_sensor_async.py took 1.192 seconds
[2022-03-22 05:41:52,812] {processor.py:163} INFO - Started process (PID=414) to work on /home/lowenhard/acceleration/env/lib/python3.8/site-packages/airflow/example_dags/example_time_delta_sensor_async.py
[2022-03-22 05:41:53,337] {processor.py:642} INFO - Processing file /home/lowenhard/acceleration/env/lib/python3.8/site-packages/airflow/example_dags/example_time_delta_sensor_async.py for tasks to queue
[2022-03-22 05:41:53,339] {logging_mixin.py:109} INFO - [2022-03-22 05:41:53,338] {dagbag.py:500} INFO - Filling up the DagBag from /home/lowenhard/acceleration/env/lib/python3.8/site-packages/airflow/example_dags/example_time_delta_sensor_async.py
[2022-03-22 05:41:53,378] {processor.py:654} INFO - DAG(s) dict_keys(['example_time_delta_sensor_async']) retrieved from /home/lowenhard/acceleration/env/lib/python3.8/site-packages/airflow/example_dags/example_time_delta_sensor_async.py
[2022-03-22 05:41:53,395] {logging_mixin.py:109} INFO - [2022-03-22 05:41:53,395] {dag.py:2398} INFO - Sync 1 DAGs
[2022-03-22 05:41:53,413] {logging_mixin.py:109} INFO - [2022-03-22 05:41:53,413] {dag.py:2937} INFO - Setting next_dagrun for example_time_delta_sensor_async to None
[2022-03-22 05:41:53,720] {processor.py:171} INFO - Processing /home/lowenhard/acceleration/env/lib/python3.8/site-packages/airflow/example_dags/example_time_delta_sensor_async.py took 0.911 seconds
[2022-03-22 05:42:47,246] {processor.py:163} INFO - Started process (PID=447) to work on /home/lowenhard/acceleration/env/lib/python3.8/site-packages/airflow/example_dags/example_time_delta_sensor_async.py
[2022-03-22 05:42:47,270] {processor.py:642} INFO - Processing file /home/lowenhard/acceleration/env/lib/python3.8/site-packages/airflow/example_dags/example_time_delta_sensor_async.py for tasks to queue
[2022-03-22 05:42:47,271] {logging_mixin.py:109} INFO - [2022-03-22 05:42:47,270] {dagbag.py:500} INFO - Filling up the DagBag from /home/lowenhard/acceleration/env/lib/python3.8/site-packages/airflow/example_dags/example_time_delta_sensor_async.py
[2022-03-22 05:42:47,303] {processor.py:654} INFO - DAG(s) dict_keys(['example_time_delta_sensor_async']) retrieved from /home/lowenhard/acceleration/env/lib/python3.8/site-packages/airflow/example_dags/example_time_delta_sensor_async.py
[2022-03-22 05:42:47,318] {logging_mixin.py:109} INFO - [2022-03-22 05:42:47,318] {dag.py:2398} INFO - Sync 1 DAGs
[2022-03-22 05:42:47,346] {logging_mixin.py:109} INFO - [2022-03-22 05:42:47,346] {dag.py:2937} INFO - Setting next_dagrun for example_time_delta_sensor_async to None
[2022-03-22 05:42:47,581] {processor.py:171} INFO - Processing /home/lowenhard/acceleration/env/lib/python3.8/site-packages/airflow/example_dags/example_time_delta_sensor_async.py took 0.338 seconds
[2022-03-22 05:43:38,809] {processor.py:163} INFO - Started process (PID=478) to work on /home/lowenhard/acceleration/env/lib/python3.8/site-packages/airflow/example_dags/example_time_delta_sensor_async.py
[2022-03-22 05:43:38,829] {processor.py:642} INFO - Processing file /home/lowenhard/acceleration/env/lib/python3.8/site-packages/airflow/example_dags/example_time_delta_sensor_async.py for tasks to queue
[2022-03-22 05:43:38,830] {logging_mixin.py:109} INFO - [2022-03-22 05:43:38,830] {dagbag.py:500} INFO - Filling up the DagBag from /home/lowenhard/acceleration/env/lib/python3.8/site-packages/airflow/example_dags/example_time_delta_sensor_async.py
[2022-03-22 05:43:38,866] {processor.py:654} INFO - DAG(s) dict_keys(['example_time_delta_sensor_async']) retrieved from /home/lowenhard/acceleration/env/lib/python3.8/site-packages/airflow/example_dags/example_time_delta_sensor_async.py
[2022-03-22 05:43:38,882] {logging_mixin.py:109} INFO - [2022-03-22 05:43:38,882] {dag.py:2398} INFO - Sync 1 DAGs
[2022-03-22 05:43:38,897] {logging_mixin.py:109} INFO - [2022-03-22 05:43:38,897] {dag.py:2937} INFO - Setting next_dagrun for example_time_delta_sensor_async to None
[2022-03-22 05:43:39,144] {processor.py:171} INFO - Processing /home/lowenhard/acceleration/env/lib/python3.8/site-packages/airflow/example_dags/example_time_delta_sensor_async.py took 0.339 seconds
[2022-03-22 05:44:30,669] {processor.py:163} INFO - Started process (PID=508) to work on /home/lowenhard/acceleration/env/lib/python3.8/site-packages/airflow/example_dags/example_time_delta_sensor_async.py
[2022-03-22 05:44:30,734] {processor.py:642} INFO - Processing file /home/lowenhard/acceleration/env/lib/python3.8/site-packages/airflow/example_dags/example_time_delta_sensor_async.py for tasks to queue
[2022-03-22 05:44:30,735] {logging_mixin.py:109} INFO - [2022-03-22 05:44:30,735] {dagbag.py:500} INFO - Filling up the DagBag from /home/lowenhard/acceleration/env/lib/python3.8/site-packages/airflow/example_dags/example_time_delta_sensor_async.py
[2022-03-22 05:44:30,757] {processor.py:654} INFO - DAG(s) dict_keys(['example_time_delta_sensor_async']) retrieved from /home/lowenhard/acceleration/env/lib/python3.8/site-packages/airflow/example_dags/example_time_delta_sensor_async.py
[2022-03-22 05:44:30,766] {logging_mixin.py:109} INFO - [2022-03-22 05:44:30,766] {dag.py:2398} INFO - Sync 1 DAGs
[2022-03-22 05:44:30,781] {logging_mixin.py:109} INFO - [2022-03-22 05:44:30,781] {dag.py:2937} INFO - Setting next_dagrun for example_time_delta_sensor_async to None
[2022-03-22 05:44:30,999] {processor.py:171} INFO - Processing /home/lowenhard/acceleration/env/lib/python3.8/site-packages/airflow/example_dags/example_time_delta_sensor_async.py took 0.332 seconds
[2022-03-22 05:45:15,407] {processor.py:163} INFO - Started process (PID=537) to work on /home/lowenhard/acceleration/env/lib/python3.8/site-packages/airflow/example_dags/example_time_delta_sensor_async.py
[2022-03-22 05:45:15,422] {processor.py:642} INFO - Processing file /home/lowenhard/acceleration/env/lib/python3.8/site-packages/airflow/example_dags/example_time_delta_sensor_async.py for tasks to queue
[2022-03-22 05:45:15,422] {logging_mixin.py:109} INFO - [2022-03-22 05:45:15,422] {dagbag.py:500} INFO - Filling up the DagBag from /home/lowenhard/acceleration/env/lib/python3.8/site-packages/airflow/example_dags/example_time_delta_sensor_async.py
[2022-03-22 05:45:15,442] {processor.py:654} INFO - DAG(s) dict_keys(['example_time_delta_sensor_async']) retrieved from /home/lowenhard/acceleration/env/lib/python3.8/site-packages/airflow/example_dags/example_time_delta_sensor_async.py
[2022-03-22 05:45:15,451] {logging_mixin.py:109} INFO - [2022-03-22 05:45:15,451] {dag.py:2398} INFO - Sync 1 DAGs
[2022-03-22 05:45:15,465] {logging_mixin.py:109} INFO - [2022-03-22 05:45:15,465] {dag.py:2937} INFO - Setting next_dagrun for example_time_delta_sensor_async to None
[2022-03-22 05:45:15,678] {processor.py:171} INFO - Processing /home/lowenhard/acceleration/env/lib/python3.8/site-packages/airflow/example_dags/example_time_delta_sensor_async.py took 0.273 seconds
[2022-03-22 05:46:00,980] {processor.py:163} INFO - Started process (PID=568) to work on /home/lowenhard/acceleration/env/lib/python3.8/site-packages/airflow/example_dags/example_time_delta_sensor_async.py
[2022-03-22 05:46:00,982] {processor.py:642} INFO - Processing file /home/lowenhard/acceleration/env/lib/python3.8/site-packages/airflow/example_dags/example_time_delta_sensor_async.py for tasks to queue
[2022-03-22 05:46:00,985] {logging_mixin.py:109} INFO - [2022-03-22 05:46:00,983] {dagbag.py:500} INFO - Filling up the DagBag from /home/lowenhard/acceleration/env/lib/python3.8/site-packages/airflow/example_dags/example_time_delta_sensor_async.py
[2022-03-22 05:46:01,011] {processor.py:654} INFO - DAG(s) dict_keys(['example_time_delta_sensor_async']) retrieved from /home/lowenhard/acceleration/env/lib/python3.8/site-packages/airflow/example_dags/example_time_delta_sensor_async.py
[2022-03-22 05:46:01,024] {logging_mixin.py:109} INFO - [2022-03-22 05:46:01,024] {dag.py:2398} INFO - Sync 1 DAGs
[2022-03-22 05:46:01,037] {logging_mixin.py:109} INFO - [2022-03-22 05:46:01,037] {dag.py:2937} INFO - Setting next_dagrun for example_time_delta_sensor_async to None
[2022-03-22 05:46:01,203] {processor.py:171} INFO - Processing /home/lowenhard/acceleration/env/lib/python3.8/site-packages/airflow/example_dags/example_time_delta_sensor_async.py took 0.225 seconds
[2022-03-22 05:47:04,716] {processor.py:163} INFO - Started process (PID=733) to work on /home/lowenhard/acceleration/env/lib/python3.8/site-packages/airflow/example_dags/example_time_delta_sensor_async.py
[2022-03-22 05:47:04,733] {processor.py:642} INFO - Processing file /home/lowenhard/acceleration/env/lib/python3.8/site-packages/airflow/example_dags/example_time_delta_sensor_async.py for tasks to queue
[2022-03-22 05:47:04,734] {logging_mixin.py:109} INFO - [2022-03-22 05:47:04,734] {dagbag.py:500} INFO - Filling up the DagBag from /home/lowenhard/acceleration/env/lib/python3.8/site-packages/airflow/example_dags/example_time_delta_sensor_async.py
[2022-03-22 05:47:04,758] {processor.py:654} INFO - DAG(s) dict_keys(['example_time_delta_sensor_async']) retrieved from /home/lowenhard/acceleration/env/lib/python3.8/site-packages/airflow/example_dags/example_time_delta_sensor_async.py
[2022-03-22 05:47:04,769] {logging_mixin.py:109} INFO - [2022-03-22 05:47:04,769] {dag.py:2398} INFO - Sync 1 DAGs
[2022-03-22 05:47:04,781] {logging_mixin.py:109} INFO - [2022-03-22 05:47:04,781] {dag.py:2937} INFO - Setting next_dagrun for example_time_delta_sensor_async to None
[2022-03-22 05:47:04,960] {processor.py:171} INFO - Processing /home/lowenhard/acceleration/env/lib/python3.8/site-packages/airflow/example_dags/example_time_delta_sensor_async.py took 0.246 seconds
[2022-03-22 05:47:53,853] {processor.py:163} INFO - Started process (PID=777) to work on /home/lowenhard/acceleration/env/lib/python3.8/site-packages/airflow/example_dags/example_time_delta_sensor_async.py
[2022-03-22 05:47:53,879] {processor.py:642} INFO - Processing file /home/lowenhard/acceleration/env/lib/python3.8/site-packages/airflow/example_dags/example_time_delta_sensor_async.py for tasks to queue
[2022-03-22 05:47:53,879] {logging_mixin.py:109} INFO - [2022-03-22 05:47:53,879] {dagbag.py:500} INFO - Filling up the DagBag from /home/lowenhard/acceleration/env/lib/python3.8/site-packages/airflow/example_dags/example_time_delta_sensor_async.py
[2022-03-22 05:47:53,900] {processor.py:654} INFO - DAG(s) dict_keys(['example_time_delta_sensor_async']) retrieved from /home/lowenhard/acceleration/env/lib/python3.8/site-packages/airflow/example_dags/example_time_delta_sensor_async.py
[2022-03-22 05:47:53,908] {logging_mixin.py:109} INFO - [2022-03-22 05:47:53,908] {dag.py:2398} INFO - Sync 1 DAGs
[2022-03-22 05:47:53,922] {logging_mixin.py:109} INFO - [2022-03-22 05:47:53,922] {dag.py:2937} INFO - Setting next_dagrun for example_time_delta_sensor_async to None
[2022-03-22 05:47:54,109] {processor.py:171} INFO - Processing /home/lowenhard/acceleration/env/lib/python3.8/site-packages/airflow/example_dags/example_time_delta_sensor_async.py took 0.258 seconds
[2022-03-22 05:48:50,536] {processor.py:163} INFO - Started process (PID=815) to work on /home/lowenhard/acceleration/env/lib/python3.8/site-packages/airflow/example_dags/example_time_delta_sensor_async.py
[2022-03-22 05:48:50,560] {processor.py:642} INFO - Processing file /home/lowenhard/acceleration/env/lib/python3.8/site-packages/airflow/example_dags/example_time_delta_sensor_async.py for tasks to queue
[2022-03-22 05:48:50,561] {logging_mixin.py:109} INFO - [2022-03-22 05:48:50,561] {dagbag.py:500} INFO - Filling up the DagBag from /home/lowenhard/acceleration/env/lib/python3.8/site-packages/airflow/example_dags/example_time_delta_sensor_async.py
[2022-03-22 05:48:50,589] {processor.py:654} INFO - DAG(s) dict_keys(['example_time_delta_sensor_async']) retrieved from /home/lowenhard/acceleration/env/lib/python3.8/site-packages/airflow/example_dags/example_time_delta_sensor_async.py
[2022-03-22 05:48:50,598] {logging_mixin.py:109} INFO - [2022-03-22 05:48:50,598] {dag.py:2398} INFO - Sync 1 DAGs
[2022-03-22 05:48:50,614] {logging_mixin.py:109} INFO - [2022-03-22 05:48:50,614] {dag.py:2937} INFO - Setting next_dagrun for example_time_delta_sensor_async to None
[2022-03-22 05:48:50,806] {processor.py:171} INFO - Processing /home/lowenhard/acceleration/env/lib/python3.8/site-packages/airflow/example_dags/example_time_delta_sensor_async.py took 0.272 seconds
[2022-03-22 05:49:45,400] {processor.py:163} INFO - Started process (PID=853) to work on /home/lowenhard/acceleration/env/lib/python3.8/site-packages/airflow/example_dags/example_time_delta_sensor_async.py
[2022-03-22 05:49:45,415] {processor.py:642} INFO - Processing file /home/lowenhard/acceleration/env/lib/python3.8/site-packages/airflow/example_dags/example_time_delta_sensor_async.py for tasks to queue
[2022-03-22 05:49:45,415] {logging_mixin.py:109} INFO - [2022-03-22 05:49:45,415] {dagbag.py:500} INFO - Filling up the DagBag from /home/lowenhard/acceleration/env/lib/python3.8/site-packages/airflow/example_dags/example_time_delta_sensor_async.py
[2022-03-22 05:49:45,437] {processor.py:654} INFO - DAG(s) dict_keys(['example_time_delta_sensor_async']) retrieved from /home/lowenhard/acceleration/env/lib/python3.8/site-packages/airflow/example_dags/example_time_delta_sensor_async.py
[2022-03-22 05:49:45,445] {logging_mixin.py:109} INFO - [2022-03-22 05:49:45,445] {dag.py:2398} INFO - Sync 1 DAGs
[2022-03-22 05:49:45,457] {logging_mixin.py:109} INFO - [2022-03-22 05:49:45,457] {dag.py:2937} INFO - Setting next_dagrun for example_time_delta_sensor_async to None
[2022-03-22 05:49:45,654] {processor.py:171} INFO - Processing /home/lowenhard/acceleration/env/lib/python3.8/site-packages/airflow/example_dags/example_time_delta_sensor_async.py took 0.256 seconds
[2022-03-22 05:50:30,183] {processor.py:163} INFO - Started process (PID=882) to work on /home/lowenhard/acceleration/env/lib/python3.8/site-packages/airflow/example_dags/example_time_delta_sensor_async.py
[2022-03-22 05:50:30,206] {processor.py:642} INFO - Processing file /home/lowenhard/acceleration/env/lib/python3.8/site-packages/airflow/example_dags/example_time_delta_sensor_async.py for tasks to queue
[2022-03-22 05:50:30,206] {logging_mixin.py:109} INFO - [2022-03-22 05:50:30,206] {dagbag.py:500} INFO - Filling up the DagBag from /home/lowenhard/acceleration/env/lib/python3.8/site-packages/airflow/example_dags/example_time_delta_sensor_async.py
[2022-03-22 05:50:30,224] {processor.py:654} INFO - DAG(s) dict_keys(['example_time_delta_sensor_async']) retrieved from /home/lowenhard/acceleration/env/lib/python3.8/site-packages/airflow/example_dags/example_time_delta_sensor_async.py
[2022-03-22 05:50:30,234] {logging_mixin.py:109} INFO - [2022-03-22 05:50:30,234] {dag.py:2398} INFO - Sync 1 DAGs
[2022-03-22 05:50:30,245] {logging_mixin.py:109} INFO - [2022-03-22 05:50:30,245] {dag.py:2937} INFO - Setting next_dagrun for example_time_delta_sensor_async to None
[2022-03-22 05:50:30,479] {processor.py:171} INFO - Processing /home/lowenhard/acceleration/env/lib/python3.8/site-packages/airflow/example_dags/example_time_delta_sensor_async.py took 0.299 seconds
[2022-03-22 05:51:31,092] {processor.py:163} INFO - Started process (PID=922) to work on /home/lowenhard/acceleration/env/lib/python3.8/site-packages/airflow/example_dags/example_time_delta_sensor_async.py
[2022-03-22 05:51:31,133] {processor.py:642} INFO - Processing file /home/lowenhard/acceleration/env/lib/python3.8/site-packages/airflow/example_dags/example_time_delta_sensor_async.py for tasks to queue
[2022-03-22 05:51:31,134] {logging_mixin.py:109} INFO - [2022-03-22 05:51:31,134] {dagbag.py:500} INFO - Filling up the DagBag from /home/lowenhard/acceleration/env/lib/python3.8/site-packages/airflow/example_dags/example_time_delta_sensor_async.py
[2022-03-22 05:51:31,202] {processor.py:654} INFO - DAG(s) dict_keys(['example_time_delta_sensor_async']) retrieved from /home/lowenhard/acceleration/env/lib/python3.8/site-packages/airflow/example_dags/example_time_delta_sensor_async.py
[2022-03-22 05:51:31,226] {logging_mixin.py:109} INFO - [2022-03-22 05:51:31,226] {dag.py:2398} INFO - Sync 1 DAGs
[2022-03-22 05:51:31,266] {logging_mixin.py:109} INFO - [2022-03-22 05:51:31,266] {dag.py:2937} INFO - Setting next_dagrun for example_time_delta_sensor_async to None
[2022-03-22 05:51:31,498] {processor.py:171} INFO - Processing /home/lowenhard/acceleration/env/lib/python3.8/site-packages/airflow/example_dags/example_time_delta_sensor_async.py took 0.418 seconds
[2022-03-22 05:52:29,145] {processor.py:163} INFO - Started process (PID=951) to work on /home/lowenhard/acceleration/env/lib/python3.8/site-packages/airflow/example_dags/example_time_delta_sensor_async.py
[2022-03-22 05:52:29,177] {processor.py:642} INFO - Processing file /home/lowenhard/acceleration/env/lib/python3.8/site-packages/airflow/example_dags/example_time_delta_sensor_async.py for tasks to queue
[2022-03-22 05:52:29,177] {logging_mixin.py:109} INFO - [2022-03-22 05:52:29,177] {dagbag.py:500} INFO - Filling up the DagBag from /home/lowenhard/acceleration/env/lib/python3.8/site-packages/airflow/example_dags/example_time_delta_sensor_async.py
[2022-03-22 05:52:29,202] {processor.py:654} INFO - DAG(s) dict_keys(['example_time_delta_sensor_async']) retrieved from /home/lowenhard/acceleration/env/lib/python3.8/site-packages/airflow/example_dags/example_time_delta_sensor_async.py
[2022-03-22 05:52:29,213] {logging_mixin.py:109} INFO - [2022-03-22 05:52:29,213] {dag.py:2398} INFO - Sync 1 DAGs
[2022-03-22 05:52:29,227] {logging_mixin.py:109} INFO - [2022-03-22 05:52:29,227] {dag.py:2937} INFO - Setting next_dagrun for example_time_delta_sensor_async to None
[2022-03-22 05:52:29,375] {processor.py:171} INFO - Processing /home/lowenhard/acceleration/env/lib/python3.8/site-packages/airflow/example_dags/example_time_delta_sensor_async.py took 0.232 seconds
[2022-03-22 05:53:48,805] {processor.py:163} INFO - Started process (PID=997) to work on /home/lowenhard/acceleration/env/lib/python3.8/site-packages/airflow/example_dags/example_time_delta_sensor_async.py
[2022-03-22 05:53:49,527] {processor.py:642} INFO - Processing file /home/lowenhard/acceleration/env/lib/python3.8/site-packages/airflow/example_dags/example_time_delta_sensor_async.py for tasks to queue
[2022-03-22 05:53:49,527] {logging_mixin.py:109} INFO - [2022-03-22 05:53:49,527] {dagbag.py:500} INFO - Filling up the DagBag from /home/lowenhard/acceleration/env/lib/python3.8/site-packages/airflow/example_dags/example_time_delta_sensor_async.py
[2022-03-22 05:53:49,546] {processor.py:654} INFO - DAG(s) dict_keys(['example_time_delta_sensor_async']) retrieved from /home/lowenhard/acceleration/env/lib/python3.8/site-packages/airflow/example_dags/example_time_delta_sensor_async.py
[2022-03-22 05:53:49,556] {logging_mixin.py:109} INFO - [2022-03-22 05:53:49,555] {dag.py:2398} INFO - Sync 1 DAGs
[2022-03-22 05:53:49,568] {logging_mixin.py:109} INFO - [2022-03-22 05:53:49,567] {dag.py:2937} INFO - Setting next_dagrun for example_time_delta_sensor_async to None
[2022-03-22 05:53:50,431] {processor.py:171} INFO - Processing /home/lowenhard/acceleration/env/lib/python3.8/site-packages/airflow/example_dags/example_time_delta_sensor_async.py took 1.628 seconds
[2022-03-22 05:55:22,063] {processor.py:163} INFO - Started process (PID=1038) to work on /home/lowenhard/acceleration/env/lib/python3.8/site-packages/airflow/example_dags/example_time_delta_sensor_async.py
[2022-03-22 05:55:22,399] {processor.py:642} INFO - Processing file /home/lowenhard/acceleration/env/lib/python3.8/site-packages/airflow/example_dags/example_time_delta_sensor_async.py for tasks to queue
[2022-03-22 05:55:22,400] {logging_mixin.py:109} INFO - [2022-03-22 05:55:22,400] {dagbag.py:500} INFO - Filling up the DagBag from /home/lowenhard/acceleration/env/lib/python3.8/site-packages/airflow/example_dags/example_time_delta_sensor_async.py
[2022-03-22 05:55:22,431] {processor.py:654} INFO - DAG(s) dict_keys(['example_time_delta_sensor_async']) retrieved from /home/lowenhard/acceleration/env/lib/python3.8/site-packages/airflow/example_dags/example_time_delta_sensor_async.py
[2022-03-22 05:55:22,446] {logging_mixin.py:109} INFO - [2022-03-22 05:55:22,446] {dag.py:2398} INFO - Sync 1 DAGs
[2022-03-22 05:55:22,463] {logging_mixin.py:109} INFO - [2022-03-22 05:55:22,463] {dag.py:2937} INFO - Setting next_dagrun for example_time_delta_sensor_async to None
[2022-03-22 05:55:23,192] {processor.py:171} INFO - Processing /home/lowenhard/acceleration/env/lib/python3.8/site-packages/airflow/example_dags/example_time_delta_sensor_async.py took 1.132 seconds
[2022-03-22 05:56:54,040] {processor.py:163} INFO - Started process (PID=1078) to work on /home/lowenhard/acceleration/env/lib/python3.8/site-packages/airflow/example_dags/example_time_delta_sensor_async.py
[2022-03-22 05:56:54,122] {processor.py:642} INFO - Processing file /home/lowenhard/acceleration/env/lib/python3.8/site-packages/airflow/example_dags/example_time_delta_sensor_async.py for tasks to queue
[2022-03-22 05:56:54,122] {logging_mixin.py:109} INFO - [2022-03-22 05:56:54,122] {dagbag.py:500} INFO - Filling up the DagBag from /home/lowenhard/acceleration/env/lib/python3.8/site-packages/airflow/example_dags/example_time_delta_sensor_async.py
[2022-03-22 05:56:54,141] {processor.py:654} INFO - DAG(s) dict_keys(['example_time_delta_sensor_async']) retrieved from /home/lowenhard/acceleration/env/lib/python3.8/site-packages/airflow/example_dags/example_time_delta_sensor_async.py
[2022-03-22 05:56:54,150] {logging_mixin.py:109} INFO - [2022-03-22 05:56:54,150] {dag.py:2398} INFO - Sync 1 DAGs
[2022-03-22 05:56:54,162] {logging_mixin.py:109} INFO - [2022-03-22 05:56:54,161] {dag.py:2937} INFO - Setting next_dagrun for example_time_delta_sensor_async to None
[2022-03-22 05:56:55,745] {processor.py:171} INFO - Processing /home/lowenhard/acceleration/env/lib/python3.8/site-packages/airflow/example_dags/example_time_delta_sensor_async.py took 1.707 seconds
[2022-03-22 05:58:16,873] {processor.py:163} INFO - Started process (PID=1116) to work on /home/lowenhard/acceleration/env/lib/python3.8/site-packages/airflow/example_dags/example_time_delta_sensor_async.py
[2022-03-22 05:58:16,882] {processor.py:642} INFO - Processing file /home/lowenhard/acceleration/env/lib/python3.8/site-packages/airflow/example_dags/example_time_delta_sensor_async.py for tasks to queue
[2022-03-22 05:58:16,883] {logging_mixin.py:109} INFO - [2022-03-22 05:58:16,883] {dagbag.py:500} INFO - Filling up the DagBag from /home/lowenhard/acceleration/env/lib/python3.8/site-packages/airflow/example_dags/example_time_delta_sensor_async.py
[2022-03-22 05:58:16,902] {processor.py:654} INFO - DAG(s) dict_keys(['example_time_delta_sensor_async']) retrieved from /home/lowenhard/acceleration/env/lib/python3.8/site-packages/airflow/example_dags/example_time_delta_sensor_async.py
[2022-03-22 05:58:16,910] {logging_mixin.py:109} INFO - [2022-03-22 05:58:16,910] {dag.py:2398} INFO - Sync 1 DAGs
[2022-03-22 05:58:16,923] {logging_mixin.py:109} INFO - [2022-03-22 05:58:16,922] {dag.py:2937} INFO - Setting next_dagrun for example_time_delta_sensor_async to None
[2022-03-22 05:58:19,303] {processor.py:171} INFO - Processing /home/lowenhard/acceleration/env/lib/python3.8/site-packages/airflow/example_dags/example_time_delta_sensor_async.py took 2.433 seconds
[2022-03-22 05:59:47,499] {processor.py:163} INFO - Started process (PID=1157) to work on /home/lowenhard/acceleration/env/lib/python3.8/site-packages/airflow/example_dags/example_time_delta_sensor_async.py
[2022-03-22 05:59:47,510] {processor.py:642} INFO - Processing file /home/lowenhard/acceleration/env/lib/python3.8/site-packages/airflow/example_dags/example_time_delta_sensor_async.py for tasks to queue
[2022-03-22 05:59:47,510] {logging_mixin.py:109} INFO - [2022-03-22 05:59:47,510] {dagbag.py:500} INFO - Filling up the DagBag from /home/lowenhard/acceleration/env/lib/python3.8/site-packages/airflow/example_dags/example_time_delta_sensor_async.py
[2022-03-22 05:59:47,533] {processor.py:654} INFO - DAG(s) dict_keys(['example_time_delta_sensor_async']) retrieved from /home/lowenhard/acceleration/env/lib/python3.8/site-packages/airflow/example_dags/example_time_delta_sensor_async.py
[2022-03-22 05:59:47,542] {logging_mixin.py:109} INFO - [2022-03-22 05:59:47,542] {dag.py:2398} INFO - Sync 1 DAGs
[2022-03-22 05:59:47,555] {logging_mixin.py:109} INFO - [2022-03-22 05:59:47,555] {dag.py:2937} INFO - Setting next_dagrun for example_time_delta_sensor_async to None
[2022-03-22 05:59:48,673] {processor.py:171} INFO - Processing /home/lowenhard/acceleration/env/lib/python3.8/site-packages/airflow/example_dags/example_time_delta_sensor_async.py took 1.177 seconds
[2022-03-22 06:01:07,039] {processor.py:163} INFO - Started process (PID=1195) to work on /home/lowenhard/acceleration/env/lib/python3.8/site-packages/airflow/example_dags/example_time_delta_sensor_async.py
[2022-03-22 06:01:07,040] {processor.py:642} INFO - Processing file /home/lowenhard/acceleration/env/lib/python3.8/site-packages/airflow/example_dags/example_time_delta_sensor_async.py for tasks to queue
[2022-03-22 06:01:07,041] {logging_mixin.py:109} INFO - [2022-03-22 06:01:07,041] {dagbag.py:500} INFO - Filling up the DagBag from /home/lowenhard/acceleration/env/lib/python3.8/site-packages/airflow/example_dags/example_time_delta_sensor_async.py
[2022-03-22 06:01:07,059] {processor.py:654} INFO - DAG(s) dict_keys(['example_time_delta_sensor_async']) retrieved from /home/lowenhard/acceleration/env/lib/python3.8/site-packages/airflow/example_dags/example_time_delta_sensor_async.py
[2022-03-22 06:01:07,068] {logging_mixin.py:109} INFO - [2022-03-22 06:01:07,068] {dag.py:2398} INFO - Sync 1 DAGs
[2022-03-22 06:01:07,080] {logging_mixin.py:109} INFO - [2022-03-22 06:01:07,080] {dag.py:2937} INFO - Setting next_dagrun for example_time_delta_sensor_async to None
[2022-03-22 06:01:08,108] {processor.py:171} INFO - Processing /home/lowenhard/acceleration/env/lib/python3.8/site-packages/airflow/example_dags/example_time_delta_sensor_async.py took 1.071 seconds
[2022-03-22 06:02:26,840] {processor.py:163} INFO - Started process (PID=1232) to work on /home/lowenhard/acceleration/env/lib/python3.8/site-packages/airflow/example_dags/example_time_delta_sensor_async.py
[2022-03-22 06:02:26,948] {processor.py:642} INFO - Processing file /home/lowenhard/acceleration/env/lib/python3.8/site-packages/airflow/example_dags/example_time_delta_sensor_async.py for tasks to queue
[2022-03-22 06:02:26,949] {logging_mixin.py:109} INFO - [2022-03-22 06:02:26,949] {dagbag.py:500} INFO - Filling up the DagBag from /home/lowenhard/acceleration/env/lib/python3.8/site-packages/airflow/example_dags/example_time_delta_sensor_async.py
[2022-03-22 06:02:26,969] {processor.py:654} INFO - DAG(s) dict_keys(['example_time_delta_sensor_async']) retrieved from /home/lowenhard/acceleration/env/lib/python3.8/site-packages/airflow/example_dags/example_time_delta_sensor_async.py
[2022-03-22 06:02:26,977] {logging_mixin.py:109} INFO - [2022-03-22 06:02:26,977] {dag.py:2398} INFO - Sync 1 DAGs
[2022-03-22 06:02:26,989] {logging_mixin.py:109} INFO - [2022-03-22 06:02:26,989] {dag.py:2937} INFO - Setting next_dagrun for example_time_delta_sensor_async to None
[2022-03-22 06:02:27,467] {processor.py:171} INFO - Processing /home/lowenhard/acceleration/env/lib/python3.8/site-packages/airflow/example_dags/example_time_delta_sensor_async.py took 0.630 seconds
[2022-03-22 06:03:51,863] {processor.py:163} INFO - Started process (PID=1271) to work on /home/lowenhard/acceleration/env/lib/python3.8/site-packages/airflow/example_dags/example_time_delta_sensor_async.py
[2022-03-22 06:03:51,866] {processor.py:642} INFO - Processing file /home/lowenhard/acceleration/env/lib/python3.8/site-packages/airflow/example_dags/example_time_delta_sensor_async.py for tasks to queue
[2022-03-22 06:03:51,867] {logging_mixin.py:109} INFO - [2022-03-22 06:03:51,867] {dagbag.py:500} INFO - Filling up the DagBag from /home/lowenhard/acceleration/env/lib/python3.8/site-packages/airflow/example_dags/example_time_delta_sensor_async.py
[2022-03-22 06:03:51,886] {processor.py:654} INFO - DAG(s) dict_keys(['example_time_delta_sensor_async']) retrieved from /home/lowenhard/acceleration/env/lib/python3.8/site-packages/airflow/example_dags/example_time_delta_sensor_async.py
[2022-03-22 06:03:51,894] {logging_mixin.py:109} INFO - [2022-03-22 06:03:51,894] {dag.py:2398} INFO - Sync 1 DAGs
[2022-03-22 06:03:51,906] {logging_mixin.py:109} INFO - [2022-03-22 06:03:51,906] {dag.py:2937} INFO - Setting next_dagrun for example_time_delta_sensor_async to None
[2022-03-22 06:03:53,127] {processor.py:171} INFO - Processing /home/lowenhard/acceleration/env/lib/python3.8/site-packages/airflow/example_dags/example_time_delta_sensor_async.py took 1.266 seconds
[2022-03-22 06:05:14,210] {processor.py:163} INFO - Started process (PID=1309) to work on /home/lowenhard/acceleration/env/lib/python3.8/site-packages/airflow/example_dags/example_time_delta_sensor_async.py
[2022-03-22 06:05:14,326] {processor.py:642} INFO - Processing file /home/lowenhard/acceleration/env/lib/python3.8/site-packages/airflow/example_dags/example_time_delta_sensor_async.py for tasks to queue
[2022-03-22 06:05:14,327] {logging_mixin.py:109} INFO - [2022-03-22 06:05:14,327] {dagbag.py:500} INFO - Filling up the DagBag from /home/lowenhard/acceleration/env/lib/python3.8/site-packages/airflow/example_dags/example_time_delta_sensor_async.py
[2022-03-22 06:05:14,348] {processor.py:654} INFO - DAG(s) dict_keys(['example_time_delta_sensor_async']) retrieved from /home/lowenhard/acceleration/env/lib/python3.8/site-packages/airflow/example_dags/example_time_delta_sensor_async.py
[2022-03-22 06:05:14,357] {logging_mixin.py:109} INFO - [2022-03-22 06:05:14,356] {dag.py:2398} INFO - Sync 1 DAGs
[2022-03-22 06:05:14,369] {logging_mixin.py:109} INFO - [2022-03-22 06:05:14,369] {dag.py:2937} INFO - Setting next_dagrun for example_time_delta_sensor_async to None
[2022-03-22 06:05:16,366] {processor.py:171} INFO - Processing /home/lowenhard/acceleration/env/lib/python3.8/site-packages/airflow/example_dags/example_time_delta_sensor_async.py took 2.158 seconds
[2022-03-22 06:06:26,474] {processor.py:163} INFO - Started process (PID=1345) to work on /home/lowenhard/acceleration/env/lib/python3.8/site-packages/airflow/example_dags/example_time_delta_sensor_async.py
[2022-03-22 06:06:26,486] {processor.py:642} INFO - Processing file /home/lowenhard/acceleration/env/lib/python3.8/site-packages/airflow/example_dags/example_time_delta_sensor_async.py for tasks to queue
[2022-03-22 06:06:26,486] {logging_mixin.py:109} INFO - [2022-03-22 06:06:26,486] {dagbag.py:500} INFO - Filling up the DagBag from /home/lowenhard/acceleration/env/lib/python3.8/site-packages/airflow/example_dags/example_time_delta_sensor_async.py
[2022-03-22 06:06:26,510] {processor.py:654} INFO - DAG(s) dict_keys(['example_time_delta_sensor_async']) retrieved from /home/lowenhard/acceleration/env/lib/python3.8/site-packages/airflow/example_dags/example_time_delta_sensor_async.py
[2022-03-22 06:06:26,523] {logging_mixin.py:109} INFO - [2022-03-22 06:06:26,523] {dag.py:2398} INFO - Sync 1 DAGs
[2022-03-22 06:06:26,540] {logging_mixin.py:109} INFO - [2022-03-22 06:06:26,539] {dag.py:2937} INFO - Setting next_dagrun for example_time_delta_sensor_async to None
[2022-03-22 06:06:28,526] {processor.py:171} INFO - Processing /home/lowenhard/acceleration/env/lib/python3.8/site-packages/airflow/example_dags/example_time_delta_sensor_async.py took 2.054 seconds
[2022-03-22 06:07:38,801] {processor.py:163} INFO - Started process (PID=1381) to work on /home/lowenhard/acceleration/env/lib/python3.8/site-packages/airflow/example_dags/example_time_delta_sensor_async.py
[2022-03-22 06:07:39,067] {processor.py:642} INFO - Processing file /home/lowenhard/acceleration/env/lib/python3.8/site-packages/airflow/example_dags/example_time_delta_sensor_async.py for tasks to queue
[2022-03-22 06:07:39,068] {logging_mixin.py:109} INFO - [2022-03-22 06:07:39,068] {dagbag.py:500} INFO - Filling up the DagBag from /home/lowenhard/acceleration/env/lib/python3.8/site-packages/airflow/example_dags/example_time_delta_sensor_async.py
[2022-03-22 06:07:39,088] {processor.py:654} INFO - DAG(s) dict_keys(['example_time_delta_sensor_async']) retrieved from /home/lowenhard/acceleration/env/lib/python3.8/site-packages/airflow/example_dags/example_time_delta_sensor_async.py
[2022-03-22 06:07:39,097] {logging_mixin.py:109} INFO - [2022-03-22 06:07:39,097] {dag.py:2398} INFO - Sync 1 DAGs
[2022-03-22 06:07:39,109] {logging_mixin.py:109} INFO - [2022-03-22 06:07:39,109] {dag.py:2937} INFO - Setting next_dagrun for example_time_delta_sensor_async to None
[2022-03-22 06:07:40,478] {processor.py:171} INFO - Processing /home/lowenhard/acceleration/env/lib/python3.8/site-packages/airflow/example_dags/example_time_delta_sensor_async.py took 1.681 seconds
[2022-03-22 06:08:59,482] {processor.py:163} INFO - Started process (PID=1419) to work on /home/lowenhard/acceleration/env/lib/python3.8/site-packages/airflow/example_dags/example_time_delta_sensor_async.py
[2022-03-22 06:08:59,580] {processor.py:642} INFO - Processing file /home/lowenhard/acceleration/env/lib/python3.8/site-packages/airflow/example_dags/example_time_delta_sensor_async.py for tasks to queue
[2022-03-22 06:08:59,580] {logging_mixin.py:109} INFO - [2022-03-22 06:08:59,580] {dagbag.py:500} INFO - Filling up the DagBag from /home/lowenhard/acceleration/env/lib/python3.8/site-packages/airflow/example_dags/example_time_delta_sensor_async.py
[2022-03-22 06:08:59,600] {processor.py:654} INFO - DAG(s) dict_keys(['example_time_delta_sensor_async']) retrieved from /home/lowenhard/acceleration/env/lib/python3.8/site-packages/airflow/example_dags/example_time_delta_sensor_async.py
[2022-03-22 06:08:59,610] {logging_mixin.py:109} INFO - [2022-03-22 06:08:59,610] {dag.py:2398} INFO - Sync 1 DAGs
[2022-03-22 06:08:59,623] {logging_mixin.py:109} INFO - [2022-03-22 06:08:59,623] {dag.py:2937} INFO - Setting next_dagrun for example_time_delta_sensor_async to None
[2022-03-22 06:08:59,990] {processor.py:171} INFO - Processing /home/lowenhard/acceleration/env/lib/python3.8/site-packages/airflow/example_dags/example_time_delta_sensor_async.py took 0.511 seconds
[2022-03-22 06:10:07,671] {processor.py:163} INFO - Started process (PID=1459) to work on /home/lowenhard/acceleration/env/lib/python3.8/site-packages/airflow/example_dags/example_time_delta_sensor_async.py
[2022-03-22 06:10:07,684] {processor.py:642} INFO - Processing file /home/lowenhard/acceleration/env/lib/python3.8/site-packages/airflow/example_dags/example_time_delta_sensor_async.py for tasks to queue
[2022-03-22 06:10:07,685] {logging_mixin.py:109} INFO - [2022-03-22 06:10:07,685] {dagbag.py:500} INFO - Filling up the DagBag from /home/lowenhard/acceleration/env/lib/python3.8/site-packages/airflow/example_dags/example_time_delta_sensor_async.py
[2022-03-22 06:10:07,712] {processor.py:654} INFO - DAG(s) dict_keys(['example_time_delta_sensor_async']) retrieved from /home/lowenhard/acceleration/env/lib/python3.8/site-packages/airflow/example_dags/example_time_delta_sensor_async.py
[2022-03-22 06:10:07,727] {logging_mixin.py:109} INFO - [2022-03-22 06:10:07,727] {dag.py:2398} INFO - Sync 1 DAGs
[2022-03-22 06:10:07,742] {logging_mixin.py:109} INFO - [2022-03-22 06:10:07,742] {dag.py:2937} INFO - Setting next_dagrun for example_time_delta_sensor_async to None
[2022-03-22 06:10:07,889] {processor.py:171} INFO - Processing /home/lowenhard/acceleration/env/lib/python3.8/site-packages/airflow/example_dags/example_time_delta_sensor_async.py took 0.221 seconds
[2022-03-22 06:11:30,937] {processor.py:163} INFO - Started process (PID=1497) to work on /home/lowenhard/acceleration/env/lib/python3.8/site-packages/airflow/example_dags/example_time_delta_sensor_async.py
[2022-03-22 06:11:31,259] {processor.py:642} INFO - Processing file /home/lowenhard/acceleration/env/lib/python3.8/site-packages/airflow/example_dags/example_time_delta_sensor_async.py for tasks to queue
[2022-03-22 06:11:31,260] {logging_mixin.py:109} INFO - [2022-03-22 06:11:31,259] {dagbag.py:500} INFO - Filling up the DagBag from /home/lowenhard/acceleration/env/lib/python3.8/site-packages/airflow/example_dags/example_time_delta_sensor_async.py
[2022-03-22 06:11:31,283] {processor.py:654} INFO - DAG(s) dict_keys(['example_time_delta_sensor_async']) retrieved from /home/lowenhard/acceleration/env/lib/python3.8/site-packages/airflow/example_dags/example_time_delta_sensor_async.py
[2022-03-22 06:11:31,292] {logging_mixin.py:109} INFO - [2022-03-22 06:11:31,292] {dag.py:2398} INFO - Sync 1 DAGs
[2022-03-22 06:11:31,304] {logging_mixin.py:109} INFO - [2022-03-22 06:11:31,303] {dag.py:2937} INFO - Setting next_dagrun for example_time_delta_sensor_async to None
[2022-03-22 06:11:32,685] {processor.py:171} INFO - Processing /home/lowenhard/acceleration/env/lib/python3.8/site-packages/airflow/example_dags/example_time_delta_sensor_async.py took 1.750 seconds
[2022-03-22 06:12:59,955] {processor.py:163} INFO - Started process (PID=1537) to work on /home/lowenhard/acceleration/env/lib/python3.8/site-packages/airflow/example_dags/example_time_delta_sensor_async.py
[2022-03-22 06:12:59,967] {processor.py:642} INFO - Processing file /home/lowenhard/acceleration/env/lib/python3.8/site-packages/airflow/example_dags/example_time_delta_sensor_async.py for tasks to queue
[2022-03-22 06:12:59,968] {logging_mixin.py:109} INFO - [2022-03-22 06:12:59,968] {dagbag.py:500} INFO - Filling up the DagBag from /home/lowenhard/acceleration/env/lib/python3.8/site-packages/airflow/example_dags/example_time_delta_sensor_async.py
[2022-03-22 06:12:59,989] {processor.py:654} INFO - DAG(s) dict_keys(['example_time_delta_sensor_async']) retrieved from /home/lowenhard/acceleration/env/lib/python3.8/site-packages/airflow/example_dags/example_time_delta_sensor_async.py
[2022-03-22 06:12:59,998] {logging_mixin.py:109} INFO - [2022-03-22 06:12:59,998] {dag.py:2398} INFO - Sync 1 DAGs
[2022-03-22 06:13:00,011] {logging_mixin.py:109} INFO - [2022-03-22 06:13:00,010] {dag.py:2937} INFO - Setting next_dagrun for example_time_delta_sensor_async to None
[2022-03-22 06:13:00,667] {processor.py:171} INFO - Processing /home/lowenhard/acceleration/env/lib/python3.8/site-packages/airflow/example_dags/example_time_delta_sensor_async.py took 0.714 seconds
[2022-03-22 06:14:17,017] {processor.py:163} INFO - Started process (PID=1574) to work on /home/lowenhard/acceleration/env/lib/python3.8/site-packages/airflow/example_dags/example_time_delta_sensor_async.py
[2022-03-22 06:14:17,225] {processor.py:642} INFO - Processing file /home/lowenhard/acceleration/env/lib/python3.8/site-packages/airflow/example_dags/example_time_delta_sensor_async.py for tasks to queue
[2022-03-22 06:14:17,225] {logging_mixin.py:109} INFO - [2022-03-22 06:14:17,225] {dagbag.py:500} INFO - Filling up the DagBag from /home/lowenhard/acceleration/env/lib/python3.8/site-packages/airflow/example_dags/example_time_delta_sensor_async.py
[2022-03-22 06:14:17,245] {processor.py:654} INFO - DAG(s) dict_keys(['example_time_delta_sensor_async']) retrieved from /home/lowenhard/acceleration/env/lib/python3.8/site-packages/airflow/example_dags/example_time_delta_sensor_async.py
[2022-03-22 06:14:17,254] {logging_mixin.py:109} INFO - [2022-03-22 06:14:17,254] {dag.py:2398} INFO - Sync 1 DAGs
[2022-03-22 06:14:17,266] {logging_mixin.py:109} INFO - [2022-03-22 06:14:17,266] {dag.py:2937} INFO - Setting next_dagrun for example_time_delta_sensor_async to None
[2022-03-22 06:14:17,872] {processor.py:171} INFO - Processing /home/lowenhard/acceleration/env/lib/python3.8/site-packages/airflow/example_dags/example_time_delta_sensor_async.py took 0.857 seconds
[2022-03-22 06:15:52,551] {processor.py:163} INFO - Started process (PID=1618) to work on /home/lowenhard/acceleration/env/lib/python3.8/site-packages/airflow/example_dags/example_time_delta_sensor_async.py
[2022-03-22 06:15:52,591] {processor.py:642} INFO - Processing file /home/lowenhard/acceleration/env/lib/python3.8/site-packages/airflow/example_dags/example_time_delta_sensor_async.py for tasks to queue
[2022-03-22 06:15:52,592] {logging_mixin.py:109} INFO - [2022-03-22 06:15:52,592] {dagbag.py:500} INFO - Filling up the DagBag from /home/lowenhard/acceleration/env/lib/python3.8/site-packages/airflow/example_dags/example_time_delta_sensor_async.py
[2022-03-22 06:15:52,615] {processor.py:654} INFO - DAG(s) dict_keys(['example_time_delta_sensor_async']) retrieved from /home/lowenhard/acceleration/env/lib/python3.8/site-packages/airflow/example_dags/example_time_delta_sensor_async.py
[2022-03-22 06:15:52,631] {logging_mixin.py:109} INFO - [2022-03-22 06:15:52,631] {dag.py:2398} INFO - Sync 1 DAGs
[2022-03-22 06:15:52,649] {logging_mixin.py:109} INFO - [2022-03-22 06:15:52,649] {dag.py:2937} INFO - Setting next_dagrun for example_time_delta_sensor_async to None
[2022-03-22 06:15:52,997] {processor.py:171} INFO - Processing /home/lowenhard/acceleration/env/lib/python3.8/site-packages/airflow/example_dags/example_time_delta_sensor_async.py took 0.448 seconds
[2022-03-22 06:17:08,500] {processor.py:163} INFO - Started process (PID=1656) to work on /home/lowenhard/acceleration/env/lib/python3.8/site-packages/airflow/example_dags/example_time_delta_sensor_async.py
[2022-03-22 06:17:08,699] {processor.py:642} INFO - Processing file /home/lowenhard/acceleration/env/lib/python3.8/site-packages/airflow/example_dags/example_time_delta_sensor_async.py for tasks to queue
[2022-03-22 06:17:08,700] {logging_mixin.py:109} INFO - [2022-03-22 06:17:08,700] {dagbag.py:500} INFO - Filling up the DagBag from /home/lowenhard/acceleration/env/lib/python3.8/site-packages/airflow/example_dags/example_time_delta_sensor_async.py
[2022-03-22 06:17:08,721] {processor.py:654} INFO - DAG(s) dict_keys(['example_time_delta_sensor_async']) retrieved from /home/lowenhard/acceleration/env/lib/python3.8/site-packages/airflow/example_dags/example_time_delta_sensor_async.py
[2022-03-22 06:17:08,730] {logging_mixin.py:109} INFO - [2022-03-22 06:17:08,730] {dag.py:2398} INFO - Sync 1 DAGs
[2022-03-22 06:17:08,743] {logging_mixin.py:109} INFO - [2022-03-22 06:17:08,743] {dag.py:2937} INFO - Setting next_dagrun for example_time_delta_sensor_async to None
[2022-03-22 06:17:09,629] {processor.py:171} INFO - Processing /home/lowenhard/acceleration/env/lib/python3.8/site-packages/airflow/example_dags/example_time_delta_sensor_async.py took 1.131 seconds
[2022-03-22 06:18:38,794] {processor.py:163} INFO - Started process (PID=1697) to work on /home/lowenhard/acceleration/env/lib/python3.8/site-packages/airflow/example_dags/example_time_delta_sensor_async.py
[2022-03-22 06:18:38,814] {processor.py:642} INFO - Processing file /home/lowenhard/acceleration/env/lib/python3.8/site-packages/airflow/example_dags/example_time_delta_sensor_async.py for tasks to queue
[2022-03-22 06:18:38,815] {logging_mixin.py:109} INFO - [2022-03-22 06:18:38,815] {dagbag.py:500} INFO - Filling up the DagBag from /home/lowenhard/acceleration/env/lib/python3.8/site-packages/airflow/example_dags/example_time_delta_sensor_async.py
[2022-03-22 06:18:38,836] {processor.py:654} INFO - DAG(s) dict_keys(['example_time_delta_sensor_async']) retrieved from /home/lowenhard/acceleration/env/lib/python3.8/site-packages/airflow/example_dags/example_time_delta_sensor_async.py
[2022-03-22 06:18:38,844] {logging_mixin.py:109} INFO - [2022-03-22 06:18:38,844] {dag.py:2398} INFO - Sync 1 DAGs
[2022-03-22 06:18:38,857] {logging_mixin.py:109} INFO - [2022-03-22 06:18:38,857] {dag.py:2937} INFO - Setting next_dagrun for example_time_delta_sensor_async to None
[2022-03-22 06:18:40,381] {processor.py:171} INFO - Processing /home/lowenhard/acceleration/env/lib/python3.8/site-packages/airflow/example_dags/example_time_delta_sensor_async.py took 1.590 seconds
[2022-03-22 06:20:05,671] {processor.py:163} INFO - Started process (PID=1738) to work on /home/lowenhard/acceleration/env/lib/python3.8/site-packages/airflow/example_dags/example_time_delta_sensor_async.py
[2022-03-22 06:20:05,689] {processor.py:642} INFO - Processing file /home/lowenhard/acceleration/env/lib/python3.8/site-packages/airflow/example_dags/example_time_delta_sensor_async.py for tasks to queue
[2022-03-22 06:20:05,690] {logging_mixin.py:109} INFO - [2022-03-22 06:20:05,690] {dagbag.py:500} INFO - Filling up the DagBag from /home/lowenhard/acceleration/env/lib/python3.8/site-packages/airflow/example_dags/example_time_delta_sensor_async.py
[2022-03-22 06:20:05,708] {processor.py:654} INFO - DAG(s) dict_keys(['example_time_delta_sensor_async']) retrieved from /home/lowenhard/acceleration/env/lib/python3.8/site-packages/airflow/example_dags/example_time_delta_sensor_async.py
[2022-03-22 06:20:05,717] {logging_mixin.py:109} INFO - [2022-03-22 06:20:05,717] {dag.py:2398} INFO - Sync 1 DAGs
[2022-03-22 06:20:05,729] {logging_mixin.py:109} INFO - [2022-03-22 06:20:05,729] {dag.py:2937} INFO - Setting next_dagrun for example_time_delta_sensor_async to None
[2022-03-22 06:20:06,497] {processor.py:171} INFO - Processing /home/lowenhard/acceleration/env/lib/python3.8/site-packages/airflow/example_dags/example_time_delta_sensor_async.py took 0.829 seconds
[2022-03-22 06:21:33,738] {processor.py:163} INFO - Started process (PID=1779) to work on /home/lowenhard/acceleration/env/lib/python3.8/site-packages/airflow/example_dags/example_time_delta_sensor_async.py
[2022-03-22 06:21:33,767] {processor.py:642} INFO - Processing file /home/lowenhard/acceleration/env/lib/python3.8/site-packages/airflow/example_dags/example_time_delta_sensor_async.py for tasks to queue
[2022-03-22 06:21:33,768] {logging_mixin.py:109} INFO - [2022-03-22 06:21:33,767] {dagbag.py:500} INFO - Filling up the DagBag from /home/lowenhard/acceleration/env/lib/python3.8/site-packages/airflow/example_dags/example_time_delta_sensor_async.py
[2022-03-22 06:21:33,787] {processor.py:654} INFO - DAG(s) dict_keys(['example_time_delta_sensor_async']) retrieved from /home/lowenhard/acceleration/env/lib/python3.8/site-packages/airflow/example_dags/example_time_delta_sensor_async.py
[2022-03-22 06:21:33,795] {logging_mixin.py:109} INFO - [2022-03-22 06:21:33,795] {dag.py:2398} INFO - Sync 1 DAGs
[2022-03-22 06:21:33,811] {logging_mixin.py:109} INFO - [2022-03-22 06:21:33,811] {dag.py:2937} INFO - Setting next_dagrun for example_time_delta_sensor_async to None
[2022-03-22 06:21:34,766] {processor.py:171} INFO - Processing /home/lowenhard/acceleration/env/lib/python3.8/site-packages/airflow/example_dags/example_time_delta_sensor_async.py took 1.030 seconds
[2022-03-22 06:22:56,502] {processor.py:163} INFO - Started process (PID=1818) to work on /home/lowenhard/acceleration/env/lib/python3.8/site-packages/airflow/example_dags/example_time_delta_sensor_async.py
[2022-03-22 06:22:56,715] {processor.py:642} INFO - Processing file /home/lowenhard/acceleration/env/lib/python3.8/site-packages/airflow/example_dags/example_time_delta_sensor_async.py for tasks to queue
[2022-03-22 06:22:56,715] {logging_mixin.py:109} INFO - [2022-03-22 06:22:56,715] {dagbag.py:500} INFO - Filling up the DagBag from /home/lowenhard/acceleration/env/lib/python3.8/site-packages/airflow/example_dags/example_time_delta_sensor_async.py
[2022-03-22 06:22:56,738] {processor.py:654} INFO - DAG(s) dict_keys(['example_time_delta_sensor_async']) retrieved from /home/lowenhard/acceleration/env/lib/python3.8/site-packages/airflow/example_dags/example_time_delta_sensor_async.py
[2022-03-22 06:22:56,747] {logging_mixin.py:109} INFO - [2022-03-22 06:22:56,747] {dag.py:2398} INFO - Sync 1 DAGs
[2022-03-22 06:22:56,760] {logging_mixin.py:109} INFO - [2022-03-22 06:22:56,760] {dag.py:2937} INFO - Setting next_dagrun for example_time_delta_sensor_async to None
[2022-03-22 06:22:57,745] {processor.py:171} INFO - Processing /home/lowenhard/acceleration/env/lib/python3.8/site-packages/airflow/example_dags/example_time_delta_sensor_async.py took 1.246 seconds
[2022-03-22 06:24:13,591] {processor.py:163} INFO - Started process (PID=1856) to work on /home/lowenhard/acceleration/env/lib/python3.8/site-packages/airflow/example_dags/example_time_delta_sensor_async.py
[2022-03-22 06:24:13,614] {processor.py:642} INFO - Processing file /home/lowenhard/acceleration/env/lib/python3.8/site-packages/airflow/example_dags/example_time_delta_sensor_async.py for tasks to queue
[2022-03-22 06:24:13,614] {logging_mixin.py:109} INFO - [2022-03-22 06:24:13,614] {dagbag.py:500} INFO - Filling up the DagBag from /home/lowenhard/acceleration/env/lib/python3.8/site-packages/airflow/example_dags/example_time_delta_sensor_async.py
[2022-03-22 06:24:13,632] {processor.py:654} INFO - DAG(s) dict_keys(['example_time_delta_sensor_async']) retrieved from /home/lowenhard/acceleration/env/lib/python3.8/site-packages/airflow/example_dags/example_time_delta_sensor_async.py
[2022-03-22 06:24:13,641] {logging_mixin.py:109} INFO - [2022-03-22 06:24:13,640] {dag.py:2398} INFO - Sync 1 DAGs
[2022-03-22 06:24:13,652] {logging_mixin.py:109} INFO - [2022-03-22 06:24:13,652] {dag.py:2937} INFO - Setting next_dagrun for example_time_delta_sensor_async to None
[2022-03-22 06:24:13,797] {processor.py:171} INFO - Processing /home/lowenhard/acceleration/env/lib/python3.8/site-packages/airflow/example_dags/example_time_delta_sensor_async.py took 0.208 seconds
[2022-03-22 06:25:43,169] {processor.py:163} INFO - Started process (PID=1898) to work on /home/lowenhard/acceleration/env/lib/python3.8/site-packages/airflow/example_dags/example_time_delta_sensor_async.py
[2022-03-22 06:25:43,257] {processor.py:642} INFO - Processing file /home/lowenhard/acceleration/env/lib/python3.8/site-packages/airflow/example_dags/example_time_delta_sensor_async.py for tasks to queue
[2022-03-22 06:25:43,258] {logging_mixin.py:109} INFO - [2022-03-22 06:25:43,258] {dagbag.py:500} INFO - Filling up the DagBag from /home/lowenhard/acceleration/env/lib/python3.8/site-packages/airflow/example_dags/example_time_delta_sensor_async.py
[2022-03-22 06:25:43,277] {processor.py:654} INFO - DAG(s) dict_keys(['example_time_delta_sensor_async']) retrieved from /home/lowenhard/acceleration/env/lib/python3.8/site-packages/airflow/example_dags/example_time_delta_sensor_async.py
[2022-03-22 06:25:43,286] {logging_mixin.py:109} INFO - [2022-03-22 06:25:43,286] {dag.py:2398} INFO - Sync 1 DAGs
[2022-03-22 06:25:43,303] {logging_mixin.py:109} INFO - [2022-03-22 06:25:43,303] {dag.py:2937} INFO - Setting next_dagrun for example_time_delta_sensor_async to None
[2022-03-22 06:25:43,485] {processor.py:171} INFO - Processing /home/lowenhard/acceleration/env/lib/python3.8/site-packages/airflow/example_dags/example_time_delta_sensor_async.py took 0.318 seconds
[2022-03-22 06:26:55,952] {processor.py:163} INFO - Started process (PID=1927) to work on /home/lowenhard/acceleration/env/lib/python3.8/site-packages/airflow/example_dags/example_time_delta_sensor_async.py
[2022-03-22 06:26:56,161] {processor.py:642} INFO - Processing file /home/lowenhard/acceleration/env/lib/python3.8/site-packages/airflow/example_dags/example_time_delta_sensor_async.py for tasks to queue
[2022-03-22 06:26:56,162] {logging_mixin.py:109} INFO - [2022-03-22 06:26:56,162] {dagbag.py:500} INFO - Filling up the DagBag from /home/lowenhard/acceleration/env/lib/python3.8/site-packages/airflow/example_dags/example_time_delta_sensor_async.py
[2022-03-22 06:26:56,183] {processor.py:654} INFO - DAG(s) dict_keys(['example_time_delta_sensor_async']) retrieved from /home/lowenhard/acceleration/env/lib/python3.8/site-packages/airflow/example_dags/example_time_delta_sensor_async.py
[2022-03-22 06:26:56,191] {logging_mixin.py:109} INFO - [2022-03-22 06:26:56,191] {dag.py:2398} INFO - Sync 1 DAGs
[2022-03-22 06:26:56,204] {logging_mixin.py:109} INFO - [2022-03-22 06:26:56,204] {dag.py:2937} INFO - Setting next_dagrun for example_time_delta_sensor_async to None
[2022-03-22 06:26:56,344] {processor.py:171} INFO - Processing /home/lowenhard/acceleration/env/lib/python3.8/site-packages/airflow/example_dags/example_time_delta_sensor_async.py took 0.395 seconds
[2022-03-22 06:28:23,466] {processor.py:163} INFO - Started process (PID=1969) to work on /home/lowenhard/acceleration/env/lib/python3.8/site-packages/airflow/example_dags/example_time_delta_sensor_async.py
[2022-03-22 06:28:23,918] {processor.py:642} INFO - Processing file /home/lowenhard/acceleration/env/lib/python3.8/site-packages/airflow/example_dags/example_time_delta_sensor_async.py for tasks to queue
[2022-03-22 06:28:23,918] {logging_mixin.py:109} INFO - [2022-03-22 06:28:23,918] {dagbag.py:500} INFO - Filling up the DagBag from /home/lowenhard/acceleration/env/lib/python3.8/site-packages/airflow/example_dags/example_time_delta_sensor_async.py
[2022-03-22 06:28:23,937] {processor.py:654} INFO - DAG(s) dict_keys(['example_time_delta_sensor_async']) retrieved from /home/lowenhard/acceleration/env/lib/python3.8/site-packages/airflow/example_dags/example_time_delta_sensor_async.py
[2022-03-22 06:28:23,945] {logging_mixin.py:109} INFO - [2022-03-22 06:28:23,944] {dag.py:2398} INFO - Sync 1 DAGs
[2022-03-22 06:28:23,956] {logging_mixin.py:109} INFO - [2022-03-22 06:28:23,956] {dag.py:2937} INFO - Setting next_dagrun for example_time_delta_sensor_async to None
[2022-03-22 06:28:24,131] {processor.py:171} INFO - Processing /home/lowenhard/acceleration/env/lib/python3.8/site-packages/airflow/example_dags/example_time_delta_sensor_async.py took 0.668 seconds
[2022-03-22 06:29:43,174] {processor.py:163} INFO - Started process (PID=2007) to work on /home/lowenhard/acceleration/env/lib/python3.8/site-packages/airflow/example_dags/example_time_delta_sensor_async.py
[2022-03-22 06:29:43,179] {processor.py:642} INFO - Processing file /home/lowenhard/acceleration/env/lib/python3.8/site-packages/airflow/example_dags/example_time_delta_sensor_async.py for tasks to queue
[2022-03-22 06:29:43,179] {logging_mixin.py:109} INFO - [2022-03-22 06:29:43,179] {dagbag.py:500} INFO - Filling up the DagBag from /home/lowenhard/acceleration/env/lib/python3.8/site-packages/airflow/example_dags/example_time_delta_sensor_async.py
[2022-03-22 06:29:43,198] {processor.py:654} INFO - DAG(s) dict_keys(['example_time_delta_sensor_async']) retrieved from /home/lowenhard/acceleration/env/lib/python3.8/site-packages/airflow/example_dags/example_time_delta_sensor_async.py
[2022-03-22 06:29:43,207] {logging_mixin.py:109} INFO - [2022-03-22 06:29:43,207] {dag.py:2398} INFO - Sync 1 DAGs
[2022-03-22 06:29:43,219] {logging_mixin.py:109} INFO - [2022-03-22 06:29:43,219] {dag.py:2937} INFO - Setting next_dagrun for example_time_delta_sensor_async to None
[2022-03-22 06:29:43,603] {processor.py:171} INFO - Processing /home/lowenhard/acceleration/env/lib/python3.8/site-packages/airflow/example_dags/example_time_delta_sensor_async.py took 0.431 seconds
[2022-03-22 06:31:12,602] {processor.py:163} INFO - Started process (PID=2047) to work on /home/lowenhard/acceleration/env/lib/python3.8/site-packages/airflow/example_dags/example_time_delta_sensor_async.py
[2022-03-22 06:31:12,646] {processor.py:642} INFO - Processing file /home/lowenhard/acceleration/env/lib/python3.8/site-packages/airflow/example_dags/example_time_delta_sensor_async.py for tasks to queue
[2022-03-22 06:31:12,647] {logging_mixin.py:109} INFO - [2022-03-22 06:31:12,647] {dagbag.py:500} INFO - Filling up the DagBag from /home/lowenhard/acceleration/env/lib/python3.8/site-packages/airflow/example_dags/example_time_delta_sensor_async.py
[2022-03-22 06:31:12,676] {processor.py:654} INFO - DAG(s) dict_keys(['example_time_delta_sensor_async']) retrieved from /home/lowenhard/acceleration/env/lib/python3.8/site-packages/airflow/example_dags/example_time_delta_sensor_async.py
[2022-03-22 06:31:12,693] {logging_mixin.py:109} INFO - [2022-03-22 06:31:12,692] {dag.py:2398} INFO - Sync 1 DAGs
[2022-03-22 06:31:12,702] {logging_mixin.py:109} INFO - [2022-03-22 06:31:12,702] {dag.py:2937} INFO - Setting next_dagrun for example_time_delta_sensor_async to None
[2022-03-22 06:31:13,874] {processor.py:171} INFO - Processing /home/lowenhard/acceleration/env/lib/python3.8/site-packages/airflow/example_dags/example_time_delta_sensor_async.py took 1.275 seconds
[2022-03-22 06:32:40,260] {processor.py:163} INFO - Started process (PID=2088) to work on /home/lowenhard/acceleration/env/lib/python3.8/site-packages/airflow/example_dags/example_time_delta_sensor_async.py
[2022-03-22 06:32:40,414] {processor.py:642} INFO - Processing file /home/lowenhard/acceleration/env/lib/python3.8/site-packages/airflow/example_dags/example_time_delta_sensor_async.py for tasks to queue
[2022-03-22 06:32:40,415] {logging_mixin.py:109} INFO - [2022-03-22 06:32:40,415] {dagbag.py:500} INFO - Filling up the DagBag from /home/lowenhard/acceleration/env/lib/python3.8/site-packages/airflow/example_dags/example_time_delta_sensor_async.py
[2022-03-22 06:32:40,433] {processor.py:654} INFO - DAG(s) dict_keys(['example_time_delta_sensor_async']) retrieved from /home/lowenhard/acceleration/env/lib/python3.8/site-packages/airflow/example_dags/example_time_delta_sensor_async.py
[2022-03-22 06:32:40,441] {logging_mixin.py:109} INFO - [2022-03-22 06:32:40,441] {dag.py:2398} INFO - Sync 1 DAGs
[2022-03-22 06:32:40,451] {logging_mixin.py:109} INFO - [2022-03-22 06:32:40,451] {dag.py:2937} INFO - Setting next_dagrun for example_time_delta_sensor_async to None
[2022-03-22 06:32:42,511] {processor.py:171} INFO - Processing /home/lowenhard/acceleration/env/lib/python3.8/site-packages/airflow/example_dags/example_time_delta_sensor_async.py took 2.253 seconds
[2022-03-22 06:34:21,463] {processor.py:163} INFO - Started process (PID=2130) to work on /home/lowenhard/acceleration/env/lib/python3.8/site-packages/airflow/example_dags/example_time_delta_sensor_async.py
[2022-03-22 06:34:22,154] {processor.py:642} INFO - Processing file /home/lowenhard/acceleration/env/lib/python3.8/site-packages/airflow/example_dags/example_time_delta_sensor_async.py for tasks to queue
[2022-03-22 06:34:22,155] {logging_mixin.py:109} INFO - [2022-03-22 06:34:22,155] {dagbag.py:500} INFO - Filling up the DagBag from /home/lowenhard/acceleration/env/lib/python3.8/site-packages/airflow/example_dags/example_time_delta_sensor_async.py
[2022-03-22 06:34:22,174] {processor.py:654} INFO - DAG(s) dict_keys(['example_time_delta_sensor_async']) retrieved from /home/lowenhard/acceleration/env/lib/python3.8/site-packages/airflow/example_dags/example_time_delta_sensor_async.py
[2022-03-22 06:34:22,183] {logging_mixin.py:109} INFO - [2022-03-22 06:34:22,183] {dag.py:2398} INFO - Sync 1 DAGs
[2022-03-22 06:34:22,195] {logging_mixin.py:109} INFO - [2022-03-22 06:34:22,195] {dag.py:2937} INFO - Setting next_dagrun for example_time_delta_sensor_async to None
[2022-03-22 06:34:22,434] {processor.py:171} INFO - Processing /home/lowenhard/acceleration/env/lib/python3.8/site-packages/airflow/example_dags/example_time_delta_sensor_async.py took 0.974 seconds
[2022-03-22 06:35:44,050] {processor.py:163} INFO - Started process (PID=2170) to work on /home/lowenhard/acceleration/env/lib/python3.8/site-packages/airflow/example_dags/example_time_delta_sensor_async.py
[2022-03-22 06:35:44,058] {processor.py:642} INFO - Processing file /home/lowenhard/acceleration/env/lib/python3.8/site-packages/airflow/example_dags/example_time_delta_sensor_async.py for tasks to queue
[2022-03-22 06:35:44,058] {logging_mixin.py:109} INFO - [2022-03-22 06:35:44,058] {dagbag.py:500} INFO - Filling up the DagBag from /home/lowenhard/acceleration/env/lib/python3.8/site-packages/airflow/example_dags/example_time_delta_sensor_async.py
[2022-03-22 06:35:44,085] {processor.py:654} INFO - DAG(s) dict_keys(['example_time_delta_sensor_async']) retrieved from /home/lowenhard/acceleration/env/lib/python3.8/site-packages/airflow/example_dags/example_time_delta_sensor_async.py
[2022-03-22 06:35:44,103] {logging_mixin.py:109} INFO - [2022-03-22 06:35:44,103] {dag.py:2398} INFO - Sync 1 DAGs
[2022-03-22 06:35:44,121] {logging_mixin.py:109} INFO - [2022-03-22 06:35:44,121] {dag.py:2937} INFO - Setting next_dagrun for example_time_delta_sensor_async to None
[2022-03-22 06:35:44,539] {processor.py:171} INFO - Processing /home/lowenhard/acceleration/env/lib/python3.8/site-packages/airflow/example_dags/example_time_delta_sensor_async.py took 0.491 seconds
[2022-03-22 06:37:05,377] {processor.py:163} INFO - Started process (PID=2209) to work on /home/lowenhard/acceleration/env/lib/python3.8/site-packages/airflow/example_dags/example_time_delta_sensor_async.py
[2022-03-22 06:37:05,381] {processor.py:642} INFO - Processing file /home/lowenhard/acceleration/env/lib/python3.8/site-packages/airflow/example_dags/example_time_delta_sensor_async.py for tasks to queue
[2022-03-22 06:37:05,382] {logging_mixin.py:109} INFO - [2022-03-22 06:37:05,381] {dagbag.py:500} INFO - Filling up the DagBag from /home/lowenhard/acceleration/env/lib/python3.8/site-packages/airflow/example_dags/example_time_delta_sensor_async.py
[2022-03-22 06:37:05,436] {processor.py:654} INFO - DAG(s) dict_keys(['example_time_delta_sensor_async']) retrieved from /home/lowenhard/acceleration/env/lib/python3.8/site-packages/airflow/example_dags/example_time_delta_sensor_async.py
[2022-03-22 06:37:05,461] {logging_mixin.py:109} INFO - [2022-03-22 06:37:05,461] {dag.py:2398} INFO - Sync 1 DAGs
[2022-03-22 06:37:05,500] {logging_mixin.py:109} INFO - [2022-03-22 06:37:05,499] {dag.py:2937} INFO - Setting next_dagrun for example_time_delta_sensor_async to None
[2022-03-22 06:37:05,832] {processor.py:171} INFO - Processing /home/lowenhard/acceleration/env/lib/python3.8/site-packages/airflow/example_dags/example_time_delta_sensor_async.py took 0.458 seconds
[2022-03-22 06:38:23,707] {processor.py:163} INFO - Started process (PID=2248) to work on /home/lowenhard/acceleration/env/lib/python3.8/site-packages/airflow/example_dags/example_time_delta_sensor_async.py
[2022-03-22 06:38:23,710] {processor.py:642} INFO - Processing file /home/lowenhard/acceleration/env/lib/python3.8/site-packages/airflow/example_dags/example_time_delta_sensor_async.py for tasks to queue
[2022-03-22 06:38:23,711] {logging_mixin.py:109} INFO - [2022-03-22 06:38:23,711] {dagbag.py:500} INFO - Filling up the DagBag from /home/lowenhard/acceleration/env/lib/python3.8/site-packages/airflow/example_dags/example_time_delta_sensor_async.py
[2022-03-22 06:38:23,731] {processor.py:654} INFO - DAG(s) dict_keys(['example_time_delta_sensor_async']) retrieved from /home/lowenhard/acceleration/env/lib/python3.8/site-packages/airflow/example_dags/example_time_delta_sensor_async.py
[2022-03-22 06:38:23,740] {logging_mixin.py:109} INFO - [2022-03-22 06:38:23,740] {dag.py:2398} INFO - Sync 1 DAGs
[2022-03-22 06:38:23,751] {logging_mixin.py:109} INFO - [2022-03-22 06:38:23,751] {dag.py:2937} INFO - Setting next_dagrun for example_time_delta_sensor_async to None
[2022-03-22 06:38:24,829] {processor.py:171} INFO - Processing /home/lowenhard/acceleration/env/lib/python3.8/site-packages/airflow/example_dags/example_time_delta_sensor_async.py took 1.124 seconds
[2022-03-22 06:39:56,226] {processor.py:163} INFO - Started process (PID=2289) to work on /home/lowenhard/acceleration/env/lib/python3.8/site-packages/airflow/example_dags/example_time_delta_sensor_async.py
[2022-03-22 06:39:56,233] {processor.py:642} INFO - Processing file /home/lowenhard/acceleration/env/lib/python3.8/site-packages/airflow/example_dags/example_time_delta_sensor_async.py for tasks to queue
[2022-03-22 06:39:56,234] {logging_mixin.py:109} INFO - [2022-03-22 06:39:56,234] {dagbag.py:500} INFO - Filling up the DagBag from /home/lowenhard/acceleration/env/lib/python3.8/site-packages/airflow/example_dags/example_time_delta_sensor_async.py
[2022-03-22 06:39:56,252] {processor.py:654} INFO - DAG(s) dict_keys(['example_time_delta_sensor_async']) retrieved from /home/lowenhard/acceleration/env/lib/python3.8/site-packages/airflow/example_dags/example_time_delta_sensor_async.py
[2022-03-22 06:39:56,261] {logging_mixin.py:109} INFO - [2022-03-22 06:39:56,261] {dag.py:2398} INFO - Sync 1 DAGs
[2022-03-22 06:39:56,274] {logging_mixin.py:109} INFO - [2022-03-22 06:39:56,274] {dag.py:2937} INFO - Setting next_dagrun for example_time_delta_sensor_async to None
[2022-03-22 06:39:57,108] {processor.py:171} INFO - Processing /home/lowenhard/acceleration/env/lib/python3.8/site-packages/airflow/example_dags/example_time_delta_sensor_async.py took 0.884 seconds
[2022-03-22 06:41:31,765] {processor.py:163} INFO - Started process (PID=2331) to work on /home/lowenhard/acceleration/env/lib/python3.8/site-packages/airflow/example_dags/example_time_delta_sensor_async.py
[2022-03-22 06:41:31,768] {processor.py:642} INFO - Processing file /home/lowenhard/acceleration/env/lib/python3.8/site-packages/airflow/example_dags/example_time_delta_sensor_async.py for tasks to queue
[2022-03-22 06:41:31,768] {logging_mixin.py:109} INFO - [2022-03-22 06:41:31,768] {dagbag.py:500} INFO - Filling up the DagBag from /home/lowenhard/acceleration/env/lib/python3.8/site-packages/airflow/example_dags/example_time_delta_sensor_async.py
[2022-03-22 06:41:31,787] {processor.py:654} INFO - DAG(s) dict_keys(['example_time_delta_sensor_async']) retrieved from /home/lowenhard/acceleration/env/lib/python3.8/site-packages/airflow/example_dags/example_time_delta_sensor_async.py
[2022-03-22 06:41:31,794] {logging_mixin.py:109} INFO - [2022-03-22 06:41:31,794] {dag.py:2398} INFO - Sync 1 DAGs
[2022-03-22 06:41:31,803] {logging_mixin.py:109} INFO - [2022-03-22 06:41:31,803] {dag.py:2937} INFO - Setting next_dagrun for example_time_delta_sensor_async to None
[2022-03-22 06:41:32,695] {processor.py:171} INFO - Processing /home/lowenhard/acceleration/env/lib/python3.8/site-packages/airflow/example_dags/example_time_delta_sensor_async.py took 0.932 seconds
[2022-03-22 06:42:49,129] {processor.py:163} INFO - Started process (PID=2369) to work on /home/lowenhard/acceleration/env/lib/python3.8/site-packages/airflow/example_dags/example_time_delta_sensor_async.py
[2022-03-22 06:42:49,163] {processor.py:642} INFO - Processing file /home/lowenhard/acceleration/env/lib/python3.8/site-packages/airflow/example_dags/example_time_delta_sensor_async.py for tasks to queue
[2022-03-22 06:42:49,163] {logging_mixin.py:109} INFO - [2022-03-22 06:42:49,163] {dagbag.py:500} INFO - Filling up the DagBag from /home/lowenhard/acceleration/env/lib/python3.8/site-packages/airflow/example_dags/example_time_delta_sensor_async.py
[2022-03-22 06:42:49,184] {processor.py:654} INFO - DAG(s) dict_keys(['example_time_delta_sensor_async']) retrieved from /home/lowenhard/acceleration/env/lib/python3.8/site-packages/airflow/example_dags/example_time_delta_sensor_async.py
[2022-03-22 06:42:49,192] {logging_mixin.py:109} INFO - [2022-03-22 06:42:49,192] {dag.py:2398} INFO - Sync 1 DAGs
[2022-03-22 06:42:49,203] {logging_mixin.py:109} INFO - [2022-03-22 06:42:49,203] {dag.py:2937} INFO - Setting next_dagrun for example_time_delta_sensor_async to None
[2022-03-22 06:42:50,495] {processor.py:171} INFO - Processing /home/lowenhard/acceleration/env/lib/python3.8/site-packages/airflow/example_dags/example_time_delta_sensor_async.py took 1.368 seconds
[2022-03-22 06:44:11,377] {processor.py:163} INFO - Started process (PID=2411) to work on /home/lowenhard/acceleration/env/lib/python3.8/site-packages/airflow/example_dags/example_time_delta_sensor_async.py
[2022-03-22 06:44:11,571] {processor.py:642} INFO - Processing file /home/lowenhard/acceleration/env/lib/python3.8/site-packages/airflow/example_dags/example_time_delta_sensor_async.py for tasks to queue
[2022-03-22 06:44:11,572] {logging_mixin.py:109} INFO - [2022-03-22 06:44:11,572] {dagbag.py:500} INFO - Filling up the DagBag from /home/lowenhard/acceleration/env/lib/python3.8/site-packages/airflow/example_dags/example_time_delta_sensor_async.py
[2022-03-22 06:44:11,592] {processor.py:654} INFO - DAG(s) dict_keys(['example_time_delta_sensor_async']) retrieved from /home/lowenhard/acceleration/env/lib/python3.8/site-packages/airflow/example_dags/example_time_delta_sensor_async.py
[2022-03-22 06:44:11,600] {logging_mixin.py:109} INFO - [2022-03-22 06:44:11,600] {dag.py:2398} INFO - Sync 1 DAGs
[2022-03-22 06:44:11,612] {logging_mixin.py:109} INFO - [2022-03-22 06:44:11,612] {dag.py:2937} INFO - Setting next_dagrun for example_time_delta_sensor_async to None
[2022-03-22 06:44:12,674] {processor.py:171} INFO - Processing /home/lowenhard/acceleration/env/lib/python3.8/site-packages/airflow/example_dags/example_time_delta_sensor_async.py took 1.300 seconds
[2022-03-22 06:45:48,147] {processor.py:163} INFO - Started process (PID=2457) to work on /home/lowenhard/acceleration/env/lib/python3.8/site-packages/airflow/example_dags/example_time_delta_sensor_async.py
[2022-03-22 06:45:49,114] {processor.py:642} INFO - Processing file /home/lowenhard/acceleration/env/lib/python3.8/site-packages/airflow/example_dags/example_time_delta_sensor_async.py for tasks to queue
[2022-03-22 06:45:49,115] {logging_mixin.py:109} INFO - [2022-03-22 06:45:49,114] {dagbag.py:500} INFO - Filling up the DagBag from /home/lowenhard/acceleration/env/lib/python3.8/site-packages/airflow/example_dags/example_time_delta_sensor_async.py
[2022-03-22 06:45:49,133] {processor.py:654} INFO - DAG(s) dict_keys(['example_time_delta_sensor_async']) retrieved from /home/lowenhard/acceleration/env/lib/python3.8/site-packages/airflow/example_dags/example_time_delta_sensor_async.py
[2022-03-22 06:45:49,142] {logging_mixin.py:109} INFO - [2022-03-22 06:45:49,142] {dag.py:2398} INFO - Sync 1 DAGs
[2022-03-22 06:45:49,212] {logging_mixin.py:109} INFO - [2022-03-22 06:45:49,212] {dag.py:2937} INFO - Setting next_dagrun for example_time_delta_sensor_async to None
[2022-03-22 06:45:49,868] {processor.py:171} INFO - Processing /home/lowenhard/acceleration/env/lib/python3.8/site-packages/airflow/example_dags/example_time_delta_sensor_async.py took 1.724 seconds
[2022-03-22 06:47:12,215] {processor.py:163} INFO - Started process (PID=2507) to work on /home/lowenhard/acceleration/env/lib/python3.8/site-packages/airflow/example_dags/example_time_delta_sensor_async.py
[2022-03-22 06:47:12,228] {processor.py:642} INFO - Processing file /home/lowenhard/acceleration/env/lib/python3.8/site-packages/airflow/example_dags/example_time_delta_sensor_async.py for tasks to queue
[2022-03-22 06:47:12,229] {logging_mixin.py:109} INFO - [2022-03-22 06:47:12,228] {dagbag.py:500} INFO - Filling up the DagBag from /home/lowenhard/acceleration/env/lib/python3.8/site-packages/airflow/example_dags/example_time_delta_sensor_async.py
[2022-03-22 06:47:12,254] {processor.py:654} INFO - DAG(s) dict_keys(['example_time_delta_sensor_async']) retrieved from /home/lowenhard/acceleration/env/lib/python3.8/site-packages/airflow/example_dags/example_time_delta_sensor_async.py
[2022-03-22 06:47:12,267] {logging_mixin.py:109} INFO - [2022-03-22 06:47:12,267] {dag.py:2398} INFO - Sync 1 DAGs
[2022-03-22 06:47:12,338] {logging_mixin.py:109} INFO - [2022-03-22 06:47:12,338] {dag.py:2937} INFO - Setting next_dagrun for example_time_delta_sensor_async to None
[2022-03-22 06:47:13,837] {processor.py:171} INFO - Processing /home/lowenhard/acceleration/env/lib/python3.8/site-packages/airflow/example_dags/example_time_delta_sensor_async.py took 1.624 seconds
