[2022-03-22 05:35:08,015] {processor.py:163} INFO - Started process (PID=179) to work on /home/lowenhard/acceleration/env/lib/python3.8/site-packages/airflow/example_dags/example_branch_labels.py
[2022-03-22 05:35:08,017] {processor.py:642} INFO - Processing file /home/lowenhard/acceleration/env/lib/python3.8/site-packages/airflow/example_dags/example_branch_labels.py for tasks to queue
[2022-03-22 05:35:08,018] {logging_mixin.py:109} INFO - [2022-03-22 05:35:08,018] {dagbag.py:500} INFO - Filling up the DagBag from /home/lowenhard/acceleration/env/lib/python3.8/site-packages/airflow/example_dags/example_branch_labels.py
[2022-03-22 05:35:08,038] {processor.py:654} INFO - DAG(s) dict_keys(['example_branch_labels']) retrieved from /home/lowenhard/acceleration/env/lib/python3.8/site-packages/airflow/example_dags/example_branch_labels.py
[2022-03-22 05:35:08,047] {logging_mixin.py:109} INFO - [2022-03-22 05:35:08,047] {dag.py:2398} INFO - Sync 1 DAGs
[2022-03-22 05:35:08,062] {logging_mixin.py:109} INFO - [2022-03-22 05:35:08,062] {dag.py:2937} INFO - Setting next_dagrun for example_branch_labels to 2022-03-21 00:00:00+00:00
[2022-03-22 05:35:08,522] {processor.py:171} INFO - Processing /home/lowenhard/acceleration/env/lib/python3.8/site-packages/airflow/example_dags/example_branch_labels.py took 0.511 seconds
[2022-03-22 05:36:08,343] {processor.py:163} INFO - Started process (PID=218) to work on /home/lowenhard/acceleration/env/lib/python3.8/site-packages/airflow/example_dags/example_branch_labels.py
[2022-03-22 05:36:08,377] {processor.py:642} INFO - Processing file /home/lowenhard/acceleration/env/lib/python3.8/site-packages/airflow/example_dags/example_branch_labels.py for tasks to queue
[2022-03-22 05:36:08,378] {logging_mixin.py:109} INFO - [2022-03-22 05:36:08,378] {dagbag.py:500} INFO - Filling up the DagBag from /home/lowenhard/acceleration/env/lib/python3.8/site-packages/airflow/example_dags/example_branch_labels.py
[2022-03-22 05:36:08,399] {processor.py:654} INFO - DAG(s) dict_keys(['example_branch_labels']) retrieved from /home/lowenhard/acceleration/env/lib/python3.8/site-packages/airflow/example_dags/example_branch_labels.py
[2022-03-22 05:36:08,408] {logging_mixin.py:109} INFO - [2022-03-22 05:36:08,408] {dag.py:2398} INFO - Sync 1 DAGs
[2022-03-22 05:36:08,421] {logging_mixin.py:109} INFO - [2022-03-22 05:36:08,421] {dag.py:2937} INFO - Setting next_dagrun for example_branch_labels to 2022-03-21 00:00:00+00:00
[2022-03-22 05:36:08,648] {processor.py:171} INFO - Processing /home/lowenhard/acceleration/env/lib/python3.8/site-packages/airflow/example_dags/example_branch_labels.py took 0.307 seconds
[2022-03-22 05:37:19,103] {processor.py:163} INFO - Started process (PID=261) to work on /home/lowenhard/acceleration/env/lib/python3.8/site-packages/airflow/example_dags/example_branch_labels.py
[2022-03-22 05:37:19,128] {processor.py:642} INFO - Processing file /home/lowenhard/acceleration/env/lib/python3.8/site-packages/airflow/example_dags/example_branch_labels.py for tasks to queue
[2022-03-22 05:37:19,129] {logging_mixin.py:109} INFO - [2022-03-22 05:37:19,129] {dagbag.py:500} INFO - Filling up the DagBag from /home/lowenhard/acceleration/env/lib/python3.8/site-packages/airflow/example_dags/example_branch_labels.py
[2022-03-22 05:37:19,165] {processor.py:654} INFO - DAG(s) dict_keys(['example_branch_labels']) retrieved from /home/lowenhard/acceleration/env/lib/python3.8/site-packages/airflow/example_dags/example_branch_labels.py
[2022-03-22 05:37:19,180] {logging_mixin.py:109} INFO - [2022-03-22 05:37:19,180] {dag.py:2398} INFO - Sync 1 DAGs
[2022-03-22 05:37:19,202] {logging_mixin.py:109} INFO - [2022-03-22 05:37:19,202] {dag.py:2937} INFO - Setting next_dagrun for example_branch_labels to 2022-03-21 00:00:00+00:00
[2022-03-22 05:37:19,554] {processor.py:171} INFO - Processing /home/lowenhard/acceleration/env/lib/python3.8/site-packages/airflow/example_dags/example_branch_labels.py took 0.456 seconds
[2022-03-22 05:38:18,024] {processor.py:163} INFO - Started process (PID=295) to work on /home/lowenhard/acceleration/env/lib/python3.8/site-packages/airflow/example_dags/example_branch_labels.py
[2022-03-22 05:38:18,750] {processor.py:642} INFO - Processing file /home/lowenhard/acceleration/env/lib/python3.8/site-packages/airflow/example_dags/example_branch_labels.py for tasks to queue
[2022-03-22 05:38:18,751] {logging_mixin.py:109} INFO - [2022-03-22 05:38:18,751] {dagbag.py:500} INFO - Filling up the DagBag from /home/lowenhard/acceleration/env/lib/python3.8/site-packages/airflow/example_dags/example_branch_labels.py
[2022-03-22 05:38:18,777] {processor.py:654} INFO - DAG(s) dict_keys(['example_branch_labels']) retrieved from /home/lowenhard/acceleration/env/lib/python3.8/site-packages/airflow/example_dags/example_branch_labels.py
[2022-03-22 05:38:18,786] {logging_mixin.py:109} INFO - [2022-03-22 05:38:18,786] {dag.py:2398} INFO - Sync 1 DAGs
[2022-03-22 05:38:18,799] {logging_mixin.py:109} INFO - [2022-03-22 05:38:18,798] {dag.py:2937} INFO - Setting next_dagrun for example_branch_labels to 2022-03-21 00:00:00+00:00
[2022-03-22 05:38:19,280] {processor.py:171} INFO - Processing /home/lowenhard/acceleration/env/lib/python3.8/site-packages/airflow/example_dags/example_branch_labels.py took 1.258 seconds
[2022-03-22 05:39:27,537] {processor.py:163} INFO - Started process (PID=331) to work on /home/lowenhard/acceleration/env/lib/python3.8/site-packages/airflow/example_dags/example_branch_labels.py
[2022-03-22 05:39:27,621] {processor.py:642} INFO - Processing file /home/lowenhard/acceleration/env/lib/python3.8/site-packages/airflow/example_dags/example_branch_labels.py for tasks to queue
[2022-03-22 05:39:27,622] {logging_mixin.py:109} INFO - [2022-03-22 05:39:27,621] {dagbag.py:500} INFO - Filling up the DagBag from /home/lowenhard/acceleration/env/lib/python3.8/site-packages/airflow/example_dags/example_branch_labels.py
[2022-03-22 05:39:27,643] {processor.py:654} INFO - DAG(s) dict_keys(['example_branch_labels']) retrieved from /home/lowenhard/acceleration/env/lib/python3.8/site-packages/airflow/example_dags/example_branch_labels.py
[2022-03-22 05:39:27,652] {logging_mixin.py:109} INFO - [2022-03-22 05:39:27,652] {dag.py:2398} INFO - Sync 1 DAGs
[2022-03-22 05:39:27,665] {logging_mixin.py:109} INFO - [2022-03-22 05:39:27,665] {dag.py:2937} INFO - Setting next_dagrun for example_branch_labels to 2022-03-21 00:00:00+00:00
[2022-03-22 05:39:28,454] {processor.py:171} INFO - Processing /home/lowenhard/acceleration/env/lib/python3.8/site-packages/airflow/example_dags/example_branch_labels.py took 0.921 seconds
[2022-03-22 05:40:47,264] {processor.py:163} INFO - Started process (PID=378) to work on /home/lowenhard/acceleration/env/lib/python3.8/site-packages/airflow/example_dags/example_branch_labels.py
[2022-03-22 05:40:47,286] {processor.py:642} INFO - Processing file /home/lowenhard/acceleration/env/lib/python3.8/site-packages/airflow/example_dags/example_branch_labels.py for tasks to queue
[2022-03-22 05:40:47,287] {logging_mixin.py:109} INFO - [2022-03-22 05:40:47,287] {dagbag.py:500} INFO - Filling up the DagBag from /home/lowenhard/acceleration/env/lib/python3.8/site-packages/airflow/example_dags/example_branch_labels.py
[2022-03-22 05:40:47,318] {processor.py:654} INFO - DAG(s) dict_keys(['example_branch_labels']) retrieved from /home/lowenhard/acceleration/env/lib/python3.8/site-packages/airflow/example_dags/example_branch_labels.py
[2022-03-22 05:40:47,335] {logging_mixin.py:109} INFO - [2022-03-22 05:40:47,334] {dag.py:2398} INFO - Sync 1 DAGs
[2022-03-22 05:40:47,358] {logging_mixin.py:109} INFO - [2022-03-22 05:40:47,358] {dag.py:2937} INFO - Setting next_dagrun for example_branch_labels to 2022-03-21 00:00:00+00:00
[2022-03-22 05:40:47,612] {processor.py:171} INFO - Processing /home/lowenhard/acceleration/env/lib/python3.8/site-packages/airflow/example_dags/example_branch_labels.py took 0.352 seconds
[2022-03-22 05:42:08,928] {processor.py:163} INFO - Started process (PID=423) to work on /home/lowenhard/acceleration/env/lib/python3.8/site-packages/airflow/example_dags/example_branch_labels.py
[2022-03-22 05:42:09,052] {processor.py:642} INFO - Processing file /home/lowenhard/acceleration/env/lib/python3.8/site-packages/airflow/example_dags/example_branch_labels.py for tasks to queue
[2022-03-22 05:42:09,053] {logging_mixin.py:109} INFO - [2022-03-22 05:42:09,053] {dagbag.py:500} INFO - Filling up the DagBag from /home/lowenhard/acceleration/env/lib/python3.8/site-packages/airflow/example_dags/example_branch_labels.py
[2022-03-22 05:42:09,110] {processor.py:654} INFO - DAG(s) dict_keys(['example_branch_labels']) retrieved from /home/lowenhard/acceleration/env/lib/python3.8/site-packages/airflow/example_dags/example_branch_labels.py
[2022-03-22 05:42:09,129] {logging_mixin.py:109} INFO - [2022-03-22 05:42:09,129] {dag.py:2398} INFO - Sync 1 DAGs
[2022-03-22 05:42:09,159] {logging_mixin.py:109} INFO - [2022-03-22 05:42:09,159] {dag.py:2937} INFO - Setting next_dagrun for example_branch_labels to 2022-03-21 00:00:00+00:00
[2022-03-22 05:42:09,613] {processor.py:171} INFO - Processing /home/lowenhard/acceleration/env/lib/python3.8/site-packages/airflow/example_dags/example_branch_labels.py took 0.693 seconds
[2022-03-22 05:43:02,509] {processor.py:163} INFO - Started process (PID=456) to work on /home/lowenhard/acceleration/env/lib/python3.8/site-packages/airflow/example_dags/example_branch_labels.py
[2022-03-22 05:43:02,666] {processor.py:642} INFO - Processing file /home/lowenhard/acceleration/env/lib/python3.8/site-packages/airflow/example_dags/example_branch_labels.py for tasks to queue
[2022-03-22 05:43:02,667] {logging_mixin.py:109} INFO - [2022-03-22 05:43:02,667] {dagbag.py:500} INFO - Filling up the DagBag from /home/lowenhard/acceleration/env/lib/python3.8/site-packages/airflow/example_dags/example_branch_labels.py
[2022-03-22 05:43:02,701] {processor.py:654} INFO - DAG(s) dict_keys(['example_branch_labels']) retrieved from /home/lowenhard/acceleration/env/lib/python3.8/site-packages/airflow/example_dags/example_branch_labels.py
[2022-03-22 05:43:02,716] {logging_mixin.py:109} INFO - [2022-03-22 05:43:02,715] {dag.py:2398} INFO - Sync 1 DAGs
[2022-03-22 05:43:02,736] {logging_mixin.py:109} INFO - [2022-03-22 05:43:02,736] {dag.py:2937} INFO - Setting next_dagrun for example_branch_labels to 2022-03-21 00:00:00+00:00
[2022-03-22 05:43:03,022] {processor.py:171} INFO - Processing /home/lowenhard/acceleration/env/lib/python3.8/site-packages/airflow/example_dags/example_branch_labels.py took 0.517 seconds
[2022-03-22 05:44:16,603] {processor.py:163} INFO - Started process (PID=500) to work on /home/lowenhard/acceleration/env/lib/python3.8/site-packages/airflow/example_dags/example_branch_labels.py
[2022-03-22 05:44:16,628] {processor.py:642} INFO - Processing file /home/lowenhard/acceleration/env/lib/python3.8/site-packages/airflow/example_dags/example_branch_labels.py for tasks to queue
[2022-03-22 05:44:16,629] {logging_mixin.py:109} INFO - [2022-03-22 05:44:16,629] {dagbag.py:500} INFO - Filling up the DagBag from /home/lowenhard/acceleration/env/lib/python3.8/site-packages/airflow/example_dags/example_branch_labels.py
[2022-03-22 05:44:16,651] {processor.py:654} INFO - DAG(s) dict_keys(['example_branch_labels']) retrieved from /home/lowenhard/acceleration/env/lib/python3.8/site-packages/airflow/example_dags/example_branch_labels.py
[2022-03-22 05:44:16,668] {logging_mixin.py:109} INFO - [2022-03-22 05:44:16,668] {dag.py:2398} INFO - Sync 1 DAGs
[2022-03-22 05:44:16,685] {logging_mixin.py:109} INFO - [2022-03-22 05:44:16,684] {dag.py:2937} INFO - Setting next_dagrun for example_branch_labels to 2022-03-21 00:00:00+00:00
[2022-03-22 05:44:16,948] {processor.py:171} INFO - Processing /home/lowenhard/acceleration/env/lib/python3.8/site-packages/airflow/example_dags/example_branch_labels.py took 0.347 seconds
[2022-03-22 05:45:23,444] {processor.py:163} INFO - Started process (PID=542) to work on /home/lowenhard/acceleration/env/lib/python3.8/site-packages/airflow/example_dags/example_branch_labels.py
[2022-03-22 05:45:23,493] {processor.py:642} INFO - Processing file /home/lowenhard/acceleration/env/lib/python3.8/site-packages/airflow/example_dags/example_branch_labels.py for tasks to queue
[2022-03-22 05:45:23,494] {logging_mixin.py:109} INFO - [2022-03-22 05:45:23,494] {dagbag.py:500} INFO - Filling up the DagBag from /home/lowenhard/acceleration/env/lib/python3.8/site-packages/airflow/example_dags/example_branch_labels.py
[2022-03-22 05:45:23,514] {processor.py:654} INFO - DAG(s) dict_keys(['example_branch_labels']) retrieved from /home/lowenhard/acceleration/env/lib/python3.8/site-packages/airflow/example_dags/example_branch_labels.py
[2022-03-22 05:45:23,523] {logging_mixin.py:109} INFO - [2022-03-22 05:45:23,523] {dag.py:2398} INFO - Sync 1 DAGs
[2022-03-22 05:45:23,537] {logging_mixin.py:109} INFO - [2022-03-22 05:45:23,537] {dag.py:2937} INFO - Setting next_dagrun for example_branch_labels to 2022-03-21 00:00:00+00:00
[2022-03-22 05:45:23,820] {processor.py:171} INFO - Processing /home/lowenhard/acceleration/env/lib/python3.8/site-packages/airflow/example_dags/example_branch_labels.py took 0.379 seconds
[2022-03-22 05:46:26,933] {processor.py:163} INFO - Started process (PID=630) to work on /home/lowenhard/acceleration/env/lib/python3.8/site-packages/airflow/example_dags/example_branch_labels.py
[2022-03-22 05:46:26,976] {processor.py:642} INFO - Processing file /home/lowenhard/acceleration/env/lib/python3.8/site-packages/airflow/example_dags/example_branch_labels.py for tasks to queue
[2022-03-22 05:46:26,977] {logging_mixin.py:109} INFO - [2022-03-22 05:46:26,977] {dagbag.py:500} INFO - Filling up the DagBag from /home/lowenhard/acceleration/env/lib/python3.8/site-packages/airflow/example_dags/example_branch_labels.py
[2022-03-22 05:46:27,005] {processor.py:654} INFO - DAG(s) dict_keys(['example_branch_labels']) retrieved from /home/lowenhard/acceleration/env/lib/python3.8/site-packages/airflow/example_dags/example_branch_labels.py
[2022-03-22 05:46:27,016] {logging_mixin.py:109} INFO - [2022-03-22 05:46:27,016] {dag.py:2398} INFO - Sync 1 DAGs
[2022-03-22 05:46:27,031] {logging_mixin.py:109} INFO - [2022-03-22 05:46:27,030] {dag.py:2937} INFO - Setting next_dagrun for example_branch_labels to 2022-03-21 00:00:00+00:00
[2022-03-22 05:46:27,612] {processor.py:171} INFO - Processing /home/lowenhard/acceleration/env/lib/python3.8/site-packages/airflow/example_dags/example_branch_labels.py took 0.681 seconds
[2022-03-22 05:47:28,528] {processor.py:163} INFO - Started process (PID=755) to work on /home/lowenhard/acceleration/env/lib/python3.8/site-packages/airflow/example_dags/example_branch_labels.py
[2022-03-22 05:47:28,538] {processor.py:642} INFO - Processing file /home/lowenhard/acceleration/env/lib/python3.8/site-packages/airflow/example_dags/example_branch_labels.py for tasks to queue
[2022-03-22 05:47:28,539] {logging_mixin.py:109} INFO - [2022-03-22 05:47:28,539] {dagbag.py:500} INFO - Filling up the DagBag from /home/lowenhard/acceleration/env/lib/python3.8/site-packages/airflow/example_dags/example_branch_labels.py
[2022-03-22 05:47:28,563] {processor.py:654} INFO - DAG(s) dict_keys(['example_branch_labels']) retrieved from /home/lowenhard/acceleration/env/lib/python3.8/site-packages/airflow/example_dags/example_branch_labels.py
[2022-03-22 05:47:28,573] {logging_mixin.py:109} INFO - [2022-03-22 05:47:28,573] {dag.py:2398} INFO - Sync 1 DAGs
[2022-03-22 05:47:28,589] {logging_mixin.py:109} INFO - [2022-03-22 05:47:28,589] {dag.py:2937} INFO - Setting next_dagrun for example_branch_labels to 2022-03-21 00:00:00+00:00
[2022-03-22 05:47:28,806] {processor.py:171} INFO - Processing /home/lowenhard/acceleration/env/lib/python3.8/site-packages/airflow/example_dags/example_branch_labels.py took 0.280 seconds
[2022-03-22 05:48:19,127] {processor.py:163} INFO - Started process (PID=793) to work on /home/lowenhard/acceleration/env/lib/python3.8/site-packages/airflow/example_dags/example_branch_labels.py
[2022-03-22 05:48:19,163] {processor.py:642} INFO - Processing file /home/lowenhard/acceleration/env/lib/python3.8/site-packages/airflow/example_dags/example_branch_labels.py for tasks to queue
[2022-03-22 05:48:19,163] {logging_mixin.py:109} INFO - [2022-03-22 05:48:19,163] {dagbag.py:500} INFO - Filling up the DagBag from /home/lowenhard/acceleration/env/lib/python3.8/site-packages/airflow/example_dags/example_branch_labels.py
[2022-03-22 05:48:19,191] {processor.py:654} INFO - DAG(s) dict_keys(['example_branch_labels']) retrieved from /home/lowenhard/acceleration/env/lib/python3.8/site-packages/airflow/example_dags/example_branch_labels.py
[2022-03-22 05:48:19,204] {logging_mixin.py:109} INFO - [2022-03-22 05:48:19,204] {dag.py:2398} INFO - Sync 1 DAGs
[2022-03-22 05:48:19,217] {logging_mixin.py:109} INFO - [2022-03-22 05:48:19,217] {dag.py:2937} INFO - Setting next_dagrun for example_branch_labels to 2022-03-21 00:00:00+00:00
[2022-03-22 05:48:19,406] {processor.py:171} INFO - Processing /home/lowenhard/acceleration/env/lib/python3.8/site-packages/airflow/example_dags/example_branch_labels.py took 0.281 seconds
[2022-03-22 05:49:13,470] {processor.py:163} INFO - Started process (PID=831) to work on /home/lowenhard/acceleration/env/lib/python3.8/site-packages/airflow/example_dags/example_branch_labels.py
[2022-03-22 05:49:13,493] {processor.py:642} INFO - Processing file /home/lowenhard/acceleration/env/lib/python3.8/site-packages/airflow/example_dags/example_branch_labels.py for tasks to queue
[2022-03-22 05:49:13,494] {logging_mixin.py:109} INFO - [2022-03-22 05:49:13,494] {dagbag.py:500} INFO - Filling up the DagBag from /home/lowenhard/acceleration/env/lib/python3.8/site-packages/airflow/example_dags/example_branch_labels.py
[2022-03-22 05:49:13,514] {processor.py:654} INFO - DAG(s) dict_keys(['example_branch_labels']) retrieved from /home/lowenhard/acceleration/env/lib/python3.8/site-packages/airflow/example_dags/example_branch_labels.py
[2022-03-22 05:49:13,523] {logging_mixin.py:109} INFO - [2022-03-22 05:49:13,523] {dag.py:2398} INFO - Sync 1 DAGs
[2022-03-22 05:49:13,538] {logging_mixin.py:109} INFO - [2022-03-22 05:49:13,538] {dag.py:2937} INFO - Setting next_dagrun for example_branch_labels to 2022-03-21 00:00:00+00:00
[2022-03-22 05:49:13,719] {processor.py:171} INFO - Processing /home/lowenhard/acceleration/env/lib/python3.8/site-packages/airflow/example_dags/example_branch_labels.py took 0.252 seconds
[2022-03-22 05:50:16,172] {processor.py:163} INFO - Started process (PID=872) to work on /home/lowenhard/acceleration/env/lib/python3.8/site-packages/airflow/example_dags/example_branch_labels.py
[2022-03-22 05:50:16,193] {processor.py:642} INFO - Processing file /home/lowenhard/acceleration/env/lib/python3.8/site-packages/airflow/example_dags/example_branch_labels.py for tasks to queue
[2022-03-22 05:50:16,194] {logging_mixin.py:109} INFO - [2022-03-22 05:50:16,194] {dagbag.py:500} INFO - Filling up the DagBag from /home/lowenhard/acceleration/env/lib/python3.8/site-packages/airflow/example_dags/example_branch_labels.py
[2022-03-22 05:50:16,214] {processor.py:654} INFO - DAG(s) dict_keys(['example_branch_labels']) retrieved from /home/lowenhard/acceleration/env/lib/python3.8/site-packages/airflow/example_dags/example_branch_labels.py
[2022-03-22 05:50:16,224] {logging_mixin.py:109} INFO - [2022-03-22 05:50:16,224] {dag.py:2398} INFO - Sync 1 DAGs
[2022-03-22 05:50:16,237] {logging_mixin.py:109} INFO - [2022-03-22 05:50:16,237] {dag.py:2937} INFO - Setting next_dagrun for example_branch_labels to 2022-03-21 00:00:00+00:00
[2022-03-22 05:50:16,427] {processor.py:171} INFO - Processing /home/lowenhard/acceleration/env/lib/python3.8/site-packages/airflow/example_dags/example_branch_labels.py took 0.258 seconds
[2022-03-22 05:51:15,943] {processor.py:163} INFO - Started process (PID=912) to work on /home/lowenhard/acceleration/env/lib/python3.8/site-packages/airflow/example_dags/example_branch_labels.py
[2022-03-22 05:51:15,957] {processor.py:642} INFO - Processing file /home/lowenhard/acceleration/env/lib/python3.8/site-packages/airflow/example_dags/example_branch_labels.py for tasks to queue
[2022-03-22 05:51:15,958] {logging_mixin.py:109} INFO - [2022-03-22 05:51:15,958] {dagbag.py:500} INFO - Filling up the DagBag from /home/lowenhard/acceleration/env/lib/python3.8/site-packages/airflow/example_dags/example_branch_labels.py
[2022-03-22 05:51:15,980] {processor.py:654} INFO - DAG(s) dict_keys(['example_branch_labels']) retrieved from /home/lowenhard/acceleration/env/lib/python3.8/site-packages/airflow/example_dags/example_branch_labels.py
[2022-03-22 05:51:15,992] {logging_mixin.py:109} INFO - [2022-03-22 05:51:15,991] {dag.py:2398} INFO - Sync 1 DAGs
[2022-03-22 05:51:16,008] {logging_mixin.py:109} INFO - [2022-03-22 05:51:16,008] {dag.py:2937} INFO - Setting next_dagrun for example_branch_labels to 2022-03-21 00:00:00+00:00
[2022-03-22 05:51:16,223] {processor.py:171} INFO - Processing /home/lowenhard/acceleration/env/lib/python3.8/site-packages/airflow/example_dags/example_branch_labels.py took 0.282 seconds
[2022-03-22 05:52:40,227] {processor.py:163} INFO - Started process (PID=957) to work on /home/lowenhard/acceleration/env/lib/python3.8/site-packages/airflow/example_dags/example_branch_labels.py
[2022-03-22 05:52:40,244] {processor.py:642} INFO - Processing file /home/lowenhard/acceleration/env/lib/python3.8/site-packages/airflow/example_dags/example_branch_labels.py for tasks to queue
[2022-03-22 05:52:40,244] {logging_mixin.py:109} INFO - [2022-03-22 05:52:40,244] {dagbag.py:500} INFO - Filling up the DagBag from /home/lowenhard/acceleration/env/lib/python3.8/site-packages/airflow/example_dags/example_branch_labels.py
[2022-03-22 05:52:40,264] {processor.py:654} INFO - DAG(s) dict_keys(['example_branch_labels']) retrieved from /home/lowenhard/acceleration/env/lib/python3.8/site-packages/airflow/example_dags/example_branch_labels.py
[2022-03-22 05:52:40,276] {logging_mixin.py:109} INFO - [2022-03-22 05:52:40,276] {dag.py:2398} INFO - Sync 1 DAGs
[2022-03-22 05:52:40,292] {logging_mixin.py:109} INFO - [2022-03-22 05:52:40,292] {dag.py:2937} INFO - Setting next_dagrun for example_branch_labels to 2022-03-21 00:00:00+00:00
[2022-03-22 05:52:40,499] {processor.py:171} INFO - Processing /home/lowenhard/acceleration/env/lib/python3.8/site-packages/airflow/example_dags/example_branch_labels.py took 0.275 seconds
[2022-03-22 05:54:02,310] {processor.py:163} INFO - Started process (PID=1003) to work on /home/lowenhard/acceleration/env/lib/python3.8/site-packages/airflow/example_dags/example_branch_labels.py
[2022-03-22 05:54:02,746] {processor.py:642} INFO - Processing file /home/lowenhard/acceleration/env/lib/python3.8/site-packages/airflow/example_dags/example_branch_labels.py for tasks to queue
[2022-03-22 05:54:02,746] {logging_mixin.py:109} INFO - [2022-03-22 05:54:02,746] {dagbag.py:500} INFO - Filling up the DagBag from /home/lowenhard/acceleration/env/lib/python3.8/site-packages/airflow/example_dags/example_branch_labels.py
[2022-03-22 05:54:02,767] {processor.py:654} INFO - DAG(s) dict_keys(['example_branch_labels']) retrieved from /home/lowenhard/acceleration/env/lib/python3.8/site-packages/airflow/example_dags/example_branch_labels.py
[2022-03-22 05:54:02,779] {logging_mixin.py:109} INFO - [2022-03-22 05:54:02,779] {dag.py:2398} INFO - Sync 1 DAGs
[2022-03-22 05:54:02,793] {logging_mixin.py:109} INFO - [2022-03-22 05:54:02,793] {dag.py:2937} INFO - Setting next_dagrun for example_branch_labels to 2022-03-21 00:00:00+00:00
[2022-03-22 05:54:04,489] {processor.py:171} INFO - Processing /home/lowenhard/acceleration/env/lib/python3.8/site-packages/airflow/example_dags/example_branch_labels.py took 2.182 seconds
[2022-03-22 05:55:34,849] {processor.py:163} INFO - Started process (PID=1044) to work on /home/lowenhard/acceleration/env/lib/python3.8/site-packages/airflow/example_dags/example_branch_labels.py
[2022-03-22 05:55:34,864] {processor.py:642} INFO - Processing file /home/lowenhard/acceleration/env/lib/python3.8/site-packages/airflow/example_dags/example_branch_labels.py for tasks to queue
[2022-03-22 05:55:34,864] {logging_mixin.py:109} INFO - [2022-03-22 05:55:34,864] {dagbag.py:500} INFO - Filling up the DagBag from /home/lowenhard/acceleration/env/lib/python3.8/site-packages/airflow/example_dags/example_branch_labels.py
[2022-03-22 05:55:34,884] {processor.py:654} INFO - DAG(s) dict_keys(['example_branch_labels']) retrieved from /home/lowenhard/acceleration/env/lib/python3.8/site-packages/airflow/example_dags/example_branch_labels.py
[2022-03-22 05:55:34,893] {logging_mixin.py:109} INFO - [2022-03-22 05:55:34,893] {dag.py:2398} INFO - Sync 1 DAGs
[2022-03-22 05:55:34,907] {logging_mixin.py:109} INFO - [2022-03-22 05:55:34,907] {dag.py:2937} INFO - Setting next_dagrun for example_branch_labels to 2022-03-21 00:00:00+00:00
[2022-03-22 05:55:36,172] {processor.py:171} INFO - Processing /home/lowenhard/acceleration/env/lib/python3.8/site-packages/airflow/example_dags/example_branch_labels.py took 1.325 seconds
[2022-03-22 05:57:05,678] {processor.py:163} INFO - Started process (PID=1084) to work on /home/lowenhard/acceleration/env/lib/python3.8/site-packages/airflow/example_dags/example_branch_labels.py
[2022-03-22 05:57:05,745] {processor.py:642} INFO - Processing file /home/lowenhard/acceleration/env/lib/python3.8/site-packages/airflow/example_dags/example_branch_labels.py for tasks to queue
[2022-03-22 05:57:05,746] {logging_mixin.py:109} INFO - [2022-03-22 05:57:05,746] {dagbag.py:500} INFO - Filling up the DagBag from /home/lowenhard/acceleration/env/lib/python3.8/site-packages/airflow/example_dags/example_branch_labels.py
[2022-03-22 05:57:05,773] {processor.py:654} INFO - DAG(s) dict_keys(['example_branch_labels']) retrieved from /home/lowenhard/acceleration/env/lib/python3.8/site-packages/airflow/example_dags/example_branch_labels.py
[2022-03-22 05:57:05,787] {logging_mixin.py:109} INFO - [2022-03-22 05:57:05,787] {dag.py:2398} INFO - Sync 1 DAGs
[2022-03-22 05:57:05,805] {logging_mixin.py:109} INFO - [2022-03-22 05:57:05,805] {dag.py:2937} INFO - Setting next_dagrun for example_branch_labels to 2022-03-21 00:00:00+00:00
[2022-03-22 05:57:06,089] {processor.py:171} INFO - Processing /home/lowenhard/acceleration/env/lib/python3.8/site-packages/airflow/example_dags/example_branch_labels.py took 0.413 seconds
[2022-03-22 05:58:32,119] {processor.py:163} INFO - Started process (PID=1122) to work on /home/lowenhard/acceleration/env/lib/python3.8/site-packages/airflow/example_dags/example_branch_labels.py
[2022-03-22 05:58:32,157] {processor.py:642} INFO - Processing file /home/lowenhard/acceleration/env/lib/python3.8/site-packages/airflow/example_dags/example_branch_labels.py for tasks to queue
[2022-03-22 05:58:32,158] {logging_mixin.py:109} INFO - [2022-03-22 05:58:32,158] {dagbag.py:500} INFO - Filling up the DagBag from /home/lowenhard/acceleration/env/lib/python3.8/site-packages/airflow/example_dags/example_branch_labels.py
[2022-03-22 05:58:32,183] {processor.py:654} INFO - DAG(s) dict_keys(['example_branch_labels']) retrieved from /home/lowenhard/acceleration/env/lib/python3.8/site-packages/airflow/example_dags/example_branch_labels.py
[2022-03-22 05:58:32,197] {logging_mixin.py:109} INFO - [2022-03-22 05:58:32,197] {dag.py:2398} INFO - Sync 1 DAGs
[2022-03-22 05:58:32,217] {logging_mixin.py:109} INFO - [2022-03-22 05:58:32,217] {dag.py:2937} INFO - Setting next_dagrun for example_branch_labels to 2022-03-21 00:00:00+00:00
[2022-03-22 05:58:33,821] {processor.py:171} INFO - Processing /home/lowenhard/acceleration/env/lib/python3.8/site-packages/airflow/example_dags/example_branch_labels.py took 1.705 seconds
[2022-03-22 05:59:57,892] {processor.py:163} INFO - Started process (PID=1163) to work on /home/lowenhard/acceleration/env/lib/python3.8/site-packages/airflow/example_dags/example_branch_labels.py
[2022-03-22 05:59:57,953] {processor.py:642} INFO - Processing file /home/lowenhard/acceleration/env/lib/python3.8/site-packages/airflow/example_dags/example_branch_labels.py for tasks to queue
[2022-03-22 05:59:57,954] {logging_mixin.py:109} INFO - [2022-03-22 05:59:57,954] {dagbag.py:500} INFO - Filling up the DagBag from /home/lowenhard/acceleration/env/lib/python3.8/site-packages/airflow/example_dags/example_branch_labels.py
[2022-03-22 05:59:57,974] {processor.py:654} INFO - DAG(s) dict_keys(['example_branch_labels']) retrieved from /home/lowenhard/acceleration/env/lib/python3.8/site-packages/airflow/example_dags/example_branch_labels.py
[2022-03-22 05:59:57,984] {logging_mixin.py:109} INFO - [2022-03-22 05:59:57,983] {dag.py:2398} INFO - Sync 1 DAGs
[2022-03-22 05:59:57,999] {logging_mixin.py:109} INFO - [2022-03-22 05:59:57,998] {dag.py:2937} INFO - Setting next_dagrun for example_branch_labels to 2022-03-21 00:00:00+00:00
[2022-03-22 05:59:59,512] {processor.py:171} INFO - Processing /home/lowenhard/acceleration/env/lib/python3.8/site-packages/airflow/example_dags/example_branch_labels.py took 1.622 seconds
[2022-03-22 06:01:20,855] {processor.py:163} INFO - Started process (PID=1201) to work on /home/lowenhard/acceleration/env/lib/python3.8/site-packages/airflow/example_dags/example_branch_labels.py
[2022-03-22 06:01:20,929] {processor.py:642} INFO - Processing file /home/lowenhard/acceleration/env/lib/python3.8/site-packages/airflow/example_dags/example_branch_labels.py for tasks to queue
[2022-03-22 06:01:20,930] {logging_mixin.py:109} INFO - [2022-03-22 06:01:20,929] {dagbag.py:500} INFO - Filling up the DagBag from /home/lowenhard/acceleration/env/lib/python3.8/site-packages/airflow/example_dags/example_branch_labels.py
[2022-03-22 06:01:20,949] {processor.py:654} INFO - DAG(s) dict_keys(['example_branch_labels']) retrieved from /home/lowenhard/acceleration/env/lib/python3.8/site-packages/airflow/example_dags/example_branch_labels.py
[2022-03-22 06:01:20,959] {logging_mixin.py:109} INFO - [2022-03-22 06:01:20,959] {dag.py:2398} INFO - Sync 1 DAGs
[2022-03-22 06:01:20,973] {logging_mixin.py:109} INFO - [2022-03-22 06:01:20,972] {dag.py:2937} INFO - Setting next_dagrun for example_branch_labels to 2022-03-21 00:00:00+00:00
[2022-03-22 06:01:22,426] {processor.py:171} INFO - Processing /home/lowenhard/acceleration/env/lib/python3.8/site-packages/airflow/example_dags/example_branch_labels.py took 1.573 seconds
[2022-03-22 06:02:40,666] {processor.py:163} INFO - Started process (PID=1238) to work on /home/lowenhard/acceleration/env/lib/python3.8/site-packages/airflow/example_dags/example_branch_labels.py
[2022-03-22 06:02:40,853] {processor.py:642} INFO - Processing file /home/lowenhard/acceleration/env/lib/python3.8/site-packages/airflow/example_dags/example_branch_labels.py for tasks to queue
[2022-03-22 06:02:40,854] {logging_mixin.py:109} INFO - [2022-03-22 06:02:40,854] {dagbag.py:500} INFO - Filling up the DagBag from /home/lowenhard/acceleration/env/lib/python3.8/site-packages/airflow/example_dags/example_branch_labels.py
[2022-03-22 06:02:40,877] {processor.py:654} INFO - DAG(s) dict_keys(['example_branch_labels']) retrieved from /home/lowenhard/acceleration/env/lib/python3.8/site-packages/airflow/example_dags/example_branch_labels.py
[2022-03-22 06:02:40,886] {logging_mixin.py:109} INFO - [2022-03-22 06:02:40,886] {dag.py:2398} INFO - Sync 1 DAGs
[2022-03-22 06:02:40,899] {logging_mixin.py:109} INFO - [2022-03-22 06:02:40,899] {dag.py:2937} INFO - Setting next_dagrun for example_branch_labels to 2022-03-21 00:00:00+00:00
[2022-03-22 06:02:41,059] {processor.py:171} INFO - Processing /home/lowenhard/acceleration/env/lib/python3.8/site-packages/airflow/example_dags/example_branch_labels.py took 0.396 seconds
[2022-03-22 06:04:04,586] {processor.py:163} INFO - Started process (PID=1277) to work on /home/lowenhard/acceleration/env/lib/python3.8/site-packages/airflow/example_dags/example_branch_labels.py
[2022-03-22 06:04:04,647] {processor.py:642} INFO - Processing file /home/lowenhard/acceleration/env/lib/python3.8/site-packages/airflow/example_dags/example_branch_labels.py for tasks to queue
[2022-03-22 06:04:04,648] {logging_mixin.py:109} INFO - [2022-03-22 06:04:04,648] {dagbag.py:500} INFO - Filling up the DagBag from /home/lowenhard/acceleration/env/lib/python3.8/site-packages/airflow/example_dags/example_branch_labels.py
[2022-03-22 06:04:04,668] {processor.py:654} INFO - DAG(s) dict_keys(['example_branch_labels']) retrieved from /home/lowenhard/acceleration/env/lib/python3.8/site-packages/airflow/example_dags/example_branch_labels.py
[2022-03-22 06:04:04,680] {logging_mixin.py:109} INFO - [2022-03-22 06:04:04,678] {dag.py:2398} INFO - Sync 1 DAGs
[2022-03-22 06:04:04,696] {logging_mixin.py:109} INFO - [2022-03-22 06:04:04,696] {dag.py:2937} INFO - Setting next_dagrun for example_branch_labels to 2022-03-21 00:00:00+00:00
[2022-03-22 06:04:05,095] {processor.py:171} INFO - Processing /home/lowenhard/acceleration/env/lib/python3.8/site-packages/airflow/example_dags/example_branch_labels.py took 0.511 seconds
[2022-03-22 06:05:23,293] {processor.py:163} INFO - Started process (PID=1315) to work on /home/lowenhard/acceleration/env/lib/python3.8/site-packages/airflow/example_dags/example_branch_labels.py
[2022-03-22 06:05:23,530] {processor.py:642} INFO - Processing file /home/lowenhard/acceleration/env/lib/python3.8/site-packages/airflow/example_dags/example_branch_labels.py for tasks to queue
[2022-03-22 06:05:23,530] {logging_mixin.py:109} INFO - [2022-03-22 06:05:23,530] {dagbag.py:500} INFO - Filling up the DagBag from /home/lowenhard/acceleration/env/lib/python3.8/site-packages/airflow/example_dags/example_branch_labels.py
[2022-03-22 06:05:23,550] {processor.py:654} INFO - DAG(s) dict_keys(['example_branch_labels']) retrieved from /home/lowenhard/acceleration/env/lib/python3.8/site-packages/airflow/example_dags/example_branch_labels.py
[2022-03-22 06:05:23,559] {logging_mixin.py:109} INFO - [2022-03-22 06:05:23,559] {dag.py:2398} INFO - Sync 1 DAGs
[2022-03-22 06:05:23,573] {logging_mixin.py:109} INFO - [2022-03-22 06:05:23,573] {dag.py:2937} INFO - Setting next_dagrun for example_branch_labels to 2022-03-21 00:00:00+00:00
[2022-03-22 06:05:24,702] {processor.py:171} INFO - Processing /home/lowenhard/acceleration/env/lib/python3.8/site-packages/airflow/example_dags/example_branch_labels.py took 1.411 seconds
[2022-03-22 06:06:40,465] {processor.py:163} INFO - Started process (PID=1351) to work on /home/lowenhard/acceleration/env/lib/python3.8/site-packages/airflow/example_dags/example_branch_labels.py
[2022-03-22 06:06:40,611] {processor.py:642} INFO - Processing file /home/lowenhard/acceleration/env/lib/python3.8/site-packages/airflow/example_dags/example_branch_labels.py for tasks to queue
[2022-03-22 06:06:40,611] {logging_mixin.py:109} INFO - [2022-03-22 06:06:40,611] {dagbag.py:500} INFO - Filling up the DagBag from /home/lowenhard/acceleration/env/lib/python3.8/site-packages/airflow/example_dags/example_branch_labels.py
[2022-03-22 06:06:40,635] {processor.py:654} INFO - DAG(s) dict_keys(['example_branch_labels']) retrieved from /home/lowenhard/acceleration/env/lib/python3.8/site-packages/airflow/example_dags/example_branch_labels.py
[2022-03-22 06:06:40,644] {logging_mixin.py:109} INFO - [2022-03-22 06:06:40,644] {dag.py:2398} INFO - Sync 1 DAGs
[2022-03-22 06:06:40,657] {logging_mixin.py:109} INFO - [2022-03-22 06:06:40,657] {dag.py:2937} INFO - Setting next_dagrun for example_branch_labels to 2022-03-21 00:00:00+00:00
[2022-03-22 06:06:41,872] {processor.py:171} INFO - Processing /home/lowenhard/acceleration/env/lib/python3.8/site-packages/airflow/example_dags/example_branch_labels.py took 1.410 seconds
[2022-03-22 06:07:51,940] {processor.py:163} INFO - Started process (PID=1387) to work on /home/lowenhard/acceleration/env/lib/python3.8/site-packages/airflow/example_dags/example_branch_labels.py
[2022-03-22 06:07:52,009] {processor.py:642} INFO - Processing file /home/lowenhard/acceleration/env/lib/python3.8/site-packages/airflow/example_dags/example_branch_labels.py for tasks to queue
[2022-03-22 06:07:52,010] {logging_mixin.py:109} INFO - [2022-03-22 06:07:52,010] {dagbag.py:500} INFO - Filling up the DagBag from /home/lowenhard/acceleration/env/lib/python3.8/site-packages/airflow/example_dags/example_branch_labels.py
[2022-03-22 06:07:52,032] {processor.py:654} INFO - DAG(s) dict_keys(['example_branch_labels']) retrieved from /home/lowenhard/acceleration/env/lib/python3.8/site-packages/airflow/example_dags/example_branch_labels.py
[2022-03-22 06:07:52,043] {logging_mixin.py:109} INFO - [2022-03-22 06:07:52,043] {dag.py:2398} INFO - Sync 1 DAGs
[2022-03-22 06:07:52,059] {logging_mixin.py:109} INFO - [2022-03-22 06:07:52,059] {dag.py:2937} INFO - Setting next_dagrun for example_branch_labels to 2022-03-21 00:00:00+00:00
[2022-03-22 06:07:53,277] {processor.py:171} INFO - Processing /home/lowenhard/acceleration/env/lib/python3.8/site-packages/airflow/example_dags/example_branch_labels.py took 1.339 seconds
[2022-03-22 06:09:10,369] {processor.py:163} INFO - Started process (PID=1425) to work on /home/lowenhard/acceleration/env/lib/python3.8/site-packages/airflow/example_dags/example_branch_labels.py
[2022-03-22 06:09:10,372] {processor.py:642} INFO - Processing file /home/lowenhard/acceleration/env/lib/python3.8/site-packages/airflow/example_dags/example_branch_labels.py for tasks to queue
[2022-03-22 06:09:10,373] {logging_mixin.py:109} INFO - [2022-03-22 06:09:10,373] {dagbag.py:500} INFO - Filling up the DagBag from /home/lowenhard/acceleration/env/lib/python3.8/site-packages/airflow/example_dags/example_branch_labels.py
[2022-03-22 06:09:10,391] {processor.py:654} INFO - DAG(s) dict_keys(['example_branch_labels']) retrieved from /home/lowenhard/acceleration/env/lib/python3.8/site-packages/airflow/example_dags/example_branch_labels.py
[2022-03-22 06:09:10,400] {logging_mixin.py:109} INFO - [2022-03-22 06:09:10,400] {dag.py:2398} INFO - Sync 1 DAGs
[2022-03-22 06:09:10,413] {logging_mixin.py:109} INFO - [2022-03-22 06:09:10,413] {dag.py:2937} INFO - Setting next_dagrun for example_branch_labels to 2022-03-21 00:00:00+00:00
[2022-03-22 06:09:11,354] {processor.py:171} INFO - Processing /home/lowenhard/acceleration/env/lib/python3.8/site-packages/airflow/example_dags/example_branch_labels.py took 0.986 seconds
[2022-03-22 06:10:18,445] {processor.py:163} INFO - Started process (PID=1465) to work on /home/lowenhard/acceleration/env/lib/python3.8/site-packages/airflow/example_dags/example_branch_labels.py
[2022-03-22 06:10:18,458] {processor.py:642} INFO - Processing file /home/lowenhard/acceleration/env/lib/python3.8/site-packages/airflow/example_dags/example_branch_labels.py for tasks to queue
[2022-03-22 06:10:18,459] {logging_mixin.py:109} INFO - [2022-03-22 06:10:18,459] {dagbag.py:500} INFO - Filling up the DagBag from /home/lowenhard/acceleration/env/lib/python3.8/site-packages/airflow/example_dags/example_branch_labels.py
[2022-03-22 06:10:18,478] {processor.py:654} INFO - DAG(s) dict_keys(['example_branch_labels']) retrieved from /home/lowenhard/acceleration/env/lib/python3.8/site-packages/airflow/example_dags/example_branch_labels.py
[2022-03-22 06:10:18,487] {logging_mixin.py:109} INFO - [2022-03-22 06:10:18,487] {dag.py:2398} INFO - Sync 1 DAGs
[2022-03-22 06:10:18,501] {logging_mixin.py:109} INFO - [2022-03-22 06:10:18,500] {dag.py:2937} INFO - Setting next_dagrun for example_branch_labels to 2022-03-21 00:00:00+00:00
[2022-03-22 06:10:19,247] {processor.py:171} INFO - Processing /home/lowenhard/acceleration/env/lib/python3.8/site-packages/airflow/example_dags/example_branch_labels.py took 0.804 seconds
[2022-03-22 06:11:46,398] {processor.py:163} INFO - Started process (PID=1503) to work on /home/lowenhard/acceleration/env/lib/python3.8/site-packages/airflow/example_dags/example_branch_labels.py
[2022-03-22 06:11:46,566] {processor.py:642} INFO - Processing file /home/lowenhard/acceleration/env/lib/python3.8/site-packages/airflow/example_dags/example_branch_labels.py for tasks to queue
[2022-03-22 06:11:46,567] {logging_mixin.py:109} INFO - [2022-03-22 06:11:46,567] {dagbag.py:500} INFO - Filling up the DagBag from /home/lowenhard/acceleration/env/lib/python3.8/site-packages/airflow/example_dags/example_branch_labels.py
[2022-03-22 06:11:46,587] {processor.py:654} INFO - DAG(s) dict_keys(['example_branch_labels']) retrieved from /home/lowenhard/acceleration/env/lib/python3.8/site-packages/airflow/example_dags/example_branch_labels.py
[2022-03-22 06:11:46,596] {logging_mixin.py:109} INFO - [2022-03-22 06:11:46,596] {dag.py:2398} INFO - Sync 1 DAGs
[2022-03-22 06:11:46,611] {logging_mixin.py:109} INFO - [2022-03-22 06:11:46,611] {dag.py:2937} INFO - Setting next_dagrun for example_branch_labels to 2022-03-21 00:00:00+00:00
[2022-03-22 06:11:46,864] {processor.py:171} INFO - Processing /home/lowenhard/acceleration/env/lib/python3.8/site-packages/airflow/example_dags/example_branch_labels.py took 0.469 seconds
[2022-03-22 06:13:11,596] {processor.py:163} INFO - Started process (PID=1543) to work on /home/lowenhard/acceleration/env/lib/python3.8/site-packages/airflow/example_dags/example_branch_labels.py
[2022-03-22 06:13:11,688] {processor.py:642} INFO - Processing file /home/lowenhard/acceleration/env/lib/python3.8/site-packages/airflow/example_dags/example_branch_labels.py for tasks to queue
[2022-03-22 06:13:11,688] {logging_mixin.py:109} INFO - [2022-03-22 06:13:11,688] {dagbag.py:500} INFO - Filling up the DagBag from /home/lowenhard/acceleration/env/lib/python3.8/site-packages/airflow/example_dags/example_branch_labels.py
[2022-03-22 06:13:11,710] {processor.py:654} INFO - DAG(s) dict_keys(['example_branch_labels']) retrieved from /home/lowenhard/acceleration/env/lib/python3.8/site-packages/airflow/example_dags/example_branch_labels.py
[2022-03-22 06:13:11,719] {logging_mixin.py:109} INFO - [2022-03-22 06:13:11,719] {dag.py:2398} INFO - Sync 1 DAGs
[2022-03-22 06:13:11,734] {logging_mixin.py:109} INFO - [2022-03-22 06:13:11,734] {dag.py:2937} INFO - Setting next_dagrun for example_branch_labels to 2022-03-21 00:00:00+00:00
[2022-03-22 06:13:12,430] {processor.py:171} INFO - Processing /home/lowenhard/acceleration/env/lib/python3.8/site-packages/airflow/example_dags/example_branch_labels.py took 0.836 seconds
[2022-03-22 06:14:29,285] {processor.py:163} INFO - Started process (PID=1580) to work on /home/lowenhard/acceleration/env/lib/python3.8/site-packages/airflow/example_dags/example_branch_labels.py
[2022-03-22 06:14:29,411] {processor.py:642} INFO - Processing file /home/lowenhard/acceleration/env/lib/python3.8/site-packages/airflow/example_dags/example_branch_labels.py for tasks to queue
[2022-03-22 06:14:29,411] {logging_mixin.py:109} INFO - [2022-03-22 06:14:29,411] {dagbag.py:500} INFO - Filling up the DagBag from /home/lowenhard/acceleration/env/lib/python3.8/site-packages/airflow/example_dags/example_branch_labels.py
[2022-03-22 06:14:29,431] {processor.py:654} INFO - DAG(s) dict_keys(['example_branch_labels']) retrieved from /home/lowenhard/acceleration/env/lib/python3.8/site-packages/airflow/example_dags/example_branch_labels.py
[2022-03-22 06:14:29,440] {logging_mixin.py:109} INFO - [2022-03-22 06:14:29,440] {dag.py:2398} INFO - Sync 1 DAGs
[2022-03-22 06:14:29,453] {logging_mixin.py:109} INFO - [2022-03-22 06:14:29,453] {dag.py:2937} INFO - Setting next_dagrun for example_branch_labels to 2022-03-21 00:00:00+00:00
[2022-03-22 06:14:31,238] {processor.py:171} INFO - Processing /home/lowenhard/acceleration/env/lib/python3.8/site-packages/airflow/example_dags/example_branch_labels.py took 1.955 seconds
[2022-03-22 06:16:01,846] {processor.py:163} INFO - Started process (PID=1624) to work on /home/lowenhard/acceleration/env/lib/python3.8/site-packages/airflow/example_dags/example_branch_labels.py
[2022-03-22 06:16:02,012] {processor.py:642} INFO - Processing file /home/lowenhard/acceleration/env/lib/python3.8/site-packages/airflow/example_dags/example_branch_labels.py for tasks to queue
[2022-03-22 06:16:02,013] {logging_mixin.py:109} INFO - [2022-03-22 06:16:02,013] {dagbag.py:500} INFO - Filling up the DagBag from /home/lowenhard/acceleration/env/lib/python3.8/site-packages/airflow/example_dags/example_branch_labels.py
[2022-03-22 06:16:02,034] {processor.py:654} INFO - DAG(s) dict_keys(['example_branch_labels']) retrieved from /home/lowenhard/acceleration/env/lib/python3.8/site-packages/airflow/example_dags/example_branch_labels.py
[2022-03-22 06:16:02,044] {logging_mixin.py:109} INFO - [2022-03-22 06:16:02,044] {dag.py:2398} INFO - Sync 1 DAGs
[2022-03-22 06:16:02,058] {logging_mixin.py:109} INFO - [2022-03-22 06:16:02,058] {dag.py:2937} INFO - Setting next_dagrun for example_branch_labels to 2022-03-21 00:00:00+00:00
[2022-03-22 06:16:02,507] {processor.py:171} INFO - Processing /home/lowenhard/acceleration/env/lib/python3.8/site-packages/airflow/example_dags/example_branch_labels.py took 0.665 seconds
[2022-03-22 06:17:20,254] {processor.py:163} INFO - Started process (PID=1662) to work on /home/lowenhard/acceleration/env/lib/python3.8/site-packages/airflow/example_dags/example_branch_labels.py
[2022-03-22 06:17:20,256] {processor.py:642} INFO - Processing file /home/lowenhard/acceleration/env/lib/python3.8/site-packages/airflow/example_dags/example_branch_labels.py for tasks to queue
[2022-03-22 06:17:20,256] {logging_mixin.py:109} INFO - [2022-03-22 06:17:20,256] {dagbag.py:500} INFO - Filling up the DagBag from /home/lowenhard/acceleration/env/lib/python3.8/site-packages/airflow/example_dags/example_branch_labels.py
[2022-03-22 06:17:20,276] {processor.py:654} INFO - DAG(s) dict_keys(['example_branch_labels']) retrieved from /home/lowenhard/acceleration/env/lib/python3.8/site-packages/airflow/example_dags/example_branch_labels.py
[2022-03-22 06:17:20,286] {logging_mixin.py:109} INFO - [2022-03-22 06:17:20,286] {dag.py:2398} INFO - Sync 1 DAGs
[2022-03-22 06:17:20,301] {logging_mixin.py:109} INFO - [2022-03-22 06:17:20,301] {dag.py:2937} INFO - Setting next_dagrun for example_branch_labels to 2022-03-21 00:00:00+00:00
[2022-03-22 06:17:20,532] {processor.py:171} INFO - Processing /home/lowenhard/acceleration/env/lib/python3.8/site-packages/airflow/example_dags/example_branch_labels.py took 0.280 seconds
[2022-03-22 06:18:52,503] {processor.py:163} INFO - Started process (PID=1703) to work on /home/lowenhard/acceleration/env/lib/python3.8/site-packages/airflow/example_dags/example_branch_labels.py
[2022-03-22 06:18:52,639] {processor.py:642} INFO - Processing file /home/lowenhard/acceleration/env/lib/python3.8/site-packages/airflow/example_dags/example_branch_labels.py for tasks to queue
[2022-03-22 06:18:52,640] {logging_mixin.py:109} INFO - [2022-03-22 06:18:52,640] {dagbag.py:500} INFO - Filling up the DagBag from /home/lowenhard/acceleration/env/lib/python3.8/site-packages/airflow/example_dags/example_branch_labels.py
[2022-03-22 06:18:52,662] {processor.py:654} INFO - DAG(s) dict_keys(['example_branch_labels']) retrieved from /home/lowenhard/acceleration/env/lib/python3.8/site-packages/airflow/example_dags/example_branch_labels.py
[2022-03-22 06:18:52,674] {logging_mixin.py:109} INFO - [2022-03-22 06:18:52,674] {dag.py:2398} INFO - Sync 1 DAGs
[2022-03-22 06:18:52,691] {logging_mixin.py:109} INFO - [2022-03-22 06:18:52,691] {dag.py:2937} INFO - Setting next_dagrun for example_branch_labels to 2022-03-21 00:00:00+00:00
[2022-03-22 06:18:52,976] {processor.py:171} INFO - Processing /home/lowenhard/acceleration/env/lib/python3.8/site-packages/airflow/example_dags/example_branch_labels.py took 0.475 seconds
[2022-03-22 06:20:19,937] {processor.py:163} INFO - Started process (PID=1744) to work on /home/lowenhard/acceleration/env/lib/python3.8/site-packages/airflow/example_dags/example_branch_labels.py
[2022-03-22 06:20:20,151] {processor.py:642} INFO - Processing file /home/lowenhard/acceleration/env/lib/python3.8/site-packages/airflow/example_dags/example_branch_labels.py for tasks to queue
[2022-03-22 06:20:20,152] {logging_mixin.py:109} INFO - [2022-03-22 06:20:20,152] {dagbag.py:500} INFO - Filling up the DagBag from /home/lowenhard/acceleration/env/lib/python3.8/site-packages/airflow/example_dags/example_branch_labels.py
[2022-03-22 06:20:20,172] {processor.py:654} INFO - DAG(s) dict_keys(['example_branch_labels']) retrieved from /home/lowenhard/acceleration/env/lib/python3.8/site-packages/airflow/example_dags/example_branch_labels.py
[2022-03-22 06:20:20,183] {logging_mixin.py:109} INFO - [2022-03-22 06:20:20,183] {dag.py:2398} INFO - Sync 1 DAGs
[2022-03-22 06:20:20,201] {logging_mixin.py:109} INFO - [2022-03-22 06:20:20,201] {dag.py:2937} INFO - Setting next_dagrun for example_branch_labels to 2022-03-21 00:00:00+00:00
[2022-03-22 06:20:20,622] {processor.py:171} INFO - Processing /home/lowenhard/acceleration/env/lib/python3.8/site-packages/airflow/example_dags/example_branch_labels.py took 0.687 seconds
[2022-03-22 06:21:46,418] {processor.py:163} INFO - Started process (PID=1785) to work on /home/lowenhard/acceleration/env/lib/python3.8/site-packages/airflow/example_dags/example_branch_labels.py
[2022-03-22 06:21:46,434] {processor.py:642} INFO - Processing file /home/lowenhard/acceleration/env/lib/python3.8/site-packages/airflow/example_dags/example_branch_labels.py for tasks to queue
[2022-03-22 06:21:46,434] {logging_mixin.py:109} INFO - [2022-03-22 06:21:46,434] {dagbag.py:500} INFO - Filling up the DagBag from /home/lowenhard/acceleration/env/lib/python3.8/site-packages/airflow/example_dags/example_branch_labels.py
[2022-03-22 06:21:46,451] {processor.py:654} INFO - DAG(s) dict_keys(['example_branch_labels']) retrieved from /home/lowenhard/acceleration/env/lib/python3.8/site-packages/airflow/example_dags/example_branch_labels.py
[2022-03-22 06:21:46,458] {logging_mixin.py:109} INFO - [2022-03-22 06:21:46,458] {dag.py:2398} INFO - Sync 1 DAGs
[2022-03-22 06:21:46,470] {logging_mixin.py:109} INFO - [2022-03-22 06:21:46,470] {dag.py:2937} INFO - Setting next_dagrun for example_branch_labels to 2022-03-21 00:00:00+00:00
[2022-03-22 06:21:47,101] {processor.py:171} INFO - Processing /home/lowenhard/acceleration/env/lib/python3.8/site-packages/airflow/example_dags/example_branch_labels.py took 0.687 seconds
[2022-03-22 06:23:08,469] {processor.py:163} INFO - Started process (PID=1824) to work on /home/lowenhard/acceleration/env/lib/python3.8/site-packages/airflow/example_dags/example_branch_labels.py
[2022-03-22 06:23:08,485] {processor.py:642} INFO - Processing file /home/lowenhard/acceleration/env/lib/python3.8/site-packages/airflow/example_dags/example_branch_labels.py for tasks to queue
[2022-03-22 06:23:08,485] {logging_mixin.py:109} INFO - [2022-03-22 06:23:08,485] {dagbag.py:500} INFO - Filling up the DagBag from /home/lowenhard/acceleration/env/lib/python3.8/site-packages/airflow/example_dags/example_branch_labels.py
[2022-03-22 06:23:08,505] {processor.py:654} INFO - DAG(s) dict_keys(['example_branch_labels']) retrieved from /home/lowenhard/acceleration/env/lib/python3.8/site-packages/airflow/example_dags/example_branch_labels.py
[2022-03-22 06:23:08,517] {logging_mixin.py:109} INFO - [2022-03-22 06:23:08,517] {dag.py:2398} INFO - Sync 1 DAGs
[2022-03-22 06:23:08,531] {logging_mixin.py:109} INFO - [2022-03-22 06:23:08,531] {dag.py:2937} INFO - Setting next_dagrun for example_branch_labels to 2022-03-21 00:00:00+00:00
[2022-03-22 06:23:11,055] {processor.py:171} INFO - Processing /home/lowenhard/acceleration/env/lib/python3.8/site-packages/airflow/example_dags/example_branch_labels.py took 2.588 seconds
[2022-03-22 06:24:24,753] {processor.py:163} INFO - Started process (PID=1862) to work on /home/lowenhard/acceleration/env/lib/python3.8/site-packages/airflow/example_dags/example_branch_labels.py
[2022-03-22 06:24:24,774] {processor.py:642} INFO - Processing file /home/lowenhard/acceleration/env/lib/python3.8/site-packages/airflow/example_dags/example_branch_labels.py for tasks to queue
[2022-03-22 06:24:24,775] {logging_mixin.py:109} INFO - [2022-03-22 06:24:24,775] {dagbag.py:500} INFO - Filling up the DagBag from /home/lowenhard/acceleration/env/lib/python3.8/site-packages/airflow/example_dags/example_branch_labels.py
[2022-03-22 06:24:24,795] {processor.py:654} INFO - DAG(s) dict_keys(['example_branch_labels']) retrieved from /home/lowenhard/acceleration/env/lib/python3.8/site-packages/airflow/example_dags/example_branch_labels.py
[2022-03-22 06:24:24,805] {logging_mixin.py:109} INFO - [2022-03-22 06:24:24,804] {dag.py:2398} INFO - Sync 1 DAGs
[2022-03-22 06:24:24,819] {logging_mixin.py:109} INFO - [2022-03-22 06:24:24,819] {dag.py:2937} INFO - Setting next_dagrun for example_branch_labels to 2022-03-21 00:00:00+00:00
[2022-03-22 06:24:24,988] {processor.py:171} INFO - Processing /home/lowenhard/acceleration/env/lib/python3.8/site-packages/airflow/example_dags/example_branch_labels.py took 0.238 seconds
[2022-03-22 06:25:59,864] {processor.py:163} INFO - Started process (PID=1904) to work on /home/lowenhard/acceleration/env/lib/python3.8/site-packages/airflow/example_dags/example_branch_labels.py
[2022-03-22 06:26:00,774] {processor.py:642} INFO - Processing file /home/lowenhard/acceleration/env/lib/python3.8/site-packages/airflow/example_dags/example_branch_labels.py for tasks to queue
[2022-03-22 06:26:00,775] {logging_mixin.py:109} INFO - [2022-03-22 06:26:00,774] {dagbag.py:500} INFO - Filling up the DagBag from /home/lowenhard/acceleration/env/lib/python3.8/site-packages/airflow/example_dags/example_branch_labels.py
[2022-03-22 06:26:00,797] {processor.py:654} INFO - DAG(s) dict_keys(['example_branch_labels']) retrieved from /home/lowenhard/acceleration/env/lib/python3.8/site-packages/airflow/example_dags/example_branch_labels.py
[2022-03-22 06:26:00,808] {logging_mixin.py:109} INFO - [2022-03-22 06:26:00,808] {dag.py:2398} INFO - Sync 1 DAGs
[2022-03-22 06:26:00,825] {logging_mixin.py:109} INFO - [2022-03-22 06:26:00,825] {dag.py:2937} INFO - Setting next_dagrun for example_branch_labels to 2022-03-21 00:00:00+00:00
[2022-03-22 06:26:01,857] {processor.py:171} INFO - Processing /home/lowenhard/acceleration/env/lib/python3.8/site-packages/airflow/example_dags/example_branch_labels.py took 1.995 seconds
[2022-03-22 06:27:45,469] {processor.py:163} INFO - Started process (PID=1950) to work on /home/lowenhard/acceleration/env/lib/python3.8/site-packages/airflow/example_dags/example_branch_labels.py
[2022-03-22 06:27:45,528] {processor.py:642} INFO - Processing file /home/lowenhard/acceleration/env/lib/python3.8/site-packages/airflow/example_dags/example_branch_labels.py for tasks to queue
[2022-03-22 06:27:45,529] {logging_mixin.py:109} INFO - [2022-03-22 06:27:45,529] {dagbag.py:500} INFO - Filling up the DagBag from /home/lowenhard/acceleration/env/lib/python3.8/site-packages/airflow/example_dags/example_branch_labels.py
[2022-03-22 06:27:45,551] {processor.py:654} INFO - DAG(s) dict_keys(['example_branch_labels']) retrieved from /home/lowenhard/acceleration/env/lib/python3.8/site-packages/airflow/example_dags/example_branch_labels.py
[2022-03-22 06:27:45,561] {logging_mixin.py:109} INFO - [2022-03-22 06:27:45,561] {dag.py:2398} INFO - Sync 1 DAGs
[2022-03-22 06:27:45,580] {logging_mixin.py:109} INFO - [2022-03-22 06:27:45,580] {dag.py:2937} INFO - Setting next_dagrun for example_branch_labels to 2022-03-21 00:00:00+00:00
[2022-03-22 06:27:46,706] {processor.py:171} INFO - Processing /home/lowenhard/acceleration/env/lib/python3.8/site-packages/airflow/example_dags/example_branch_labels.py took 1.239 seconds
[2022-03-22 06:29:05,065] {processor.py:163} INFO - Started process (PID=1989) to work on /home/lowenhard/acceleration/env/lib/python3.8/site-packages/airflow/example_dags/example_branch_labels.py
[2022-03-22 06:29:05,068] {processor.py:642} INFO - Processing file /home/lowenhard/acceleration/env/lib/python3.8/site-packages/airflow/example_dags/example_branch_labels.py for tasks to queue
[2022-03-22 06:29:05,069] {logging_mixin.py:109} INFO - [2022-03-22 06:29:05,069] {dagbag.py:500} INFO - Filling up the DagBag from /home/lowenhard/acceleration/env/lib/python3.8/site-packages/airflow/example_dags/example_branch_labels.py
[2022-03-22 06:29:05,089] {processor.py:654} INFO - DAG(s) dict_keys(['example_branch_labels']) retrieved from /home/lowenhard/acceleration/env/lib/python3.8/site-packages/airflow/example_dags/example_branch_labels.py
[2022-03-22 06:29:05,099] {logging_mixin.py:109} INFO - [2022-03-22 06:29:05,098] {dag.py:2398} INFO - Sync 1 DAGs
[2022-03-22 06:29:05,113] {logging_mixin.py:109} INFO - [2022-03-22 06:29:05,113] {dag.py:2937} INFO - Setting next_dagrun for example_branch_labels to 2022-03-21 00:00:00+00:00
[2022-03-22 06:29:05,263] {processor.py:171} INFO - Processing /home/lowenhard/acceleration/env/lib/python3.8/site-packages/airflow/example_dags/example_branch_labels.py took 0.200 seconds
[2022-03-22 06:30:27,919] {processor.py:163} INFO - Started process (PID=2028) to work on /home/lowenhard/acceleration/env/lib/python3.8/site-packages/airflow/example_dags/example_branch_labels.py
[2022-03-22 06:30:28,051] {processor.py:642} INFO - Processing file /home/lowenhard/acceleration/env/lib/python3.8/site-packages/airflow/example_dags/example_branch_labels.py for tasks to queue
[2022-03-22 06:30:28,052] {logging_mixin.py:109} INFO - [2022-03-22 06:30:28,052] {dagbag.py:500} INFO - Filling up the DagBag from /home/lowenhard/acceleration/env/lib/python3.8/site-packages/airflow/example_dags/example_branch_labels.py
[2022-03-22 06:30:28,076] {processor.py:654} INFO - DAG(s) dict_keys(['example_branch_labels']) retrieved from /home/lowenhard/acceleration/env/lib/python3.8/site-packages/airflow/example_dags/example_branch_labels.py
[2022-03-22 06:30:28,085] {logging_mixin.py:109} INFO - [2022-03-22 06:30:28,085] {dag.py:2398} INFO - Sync 1 DAGs
[2022-03-22 06:30:28,100] {logging_mixin.py:109} INFO - [2022-03-22 06:30:28,100] {dag.py:2937} INFO - Setting next_dagrun for example_branch_labels to 2022-03-21 00:00:00+00:00
[2022-03-22 06:30:29,301] {processor.py:171} INFO - Processing /home/lowenhard/acceleration/env/lib/python3.8/site-packages/airflow/example_dags/example_branch_labels.py took 1.384 seconds
[2022-03-22 06:31:55,369] {processor.py:163} INFO - Started process (PID=2069) to work on /home/lowenhard/acceleration/env/lib/python3.8/site-packages/airflow/example_dags/example_branch_labels.py
[2022-03-22 06:31:55,609] {processor.py:642} INFO - Processing file /home/lowenhard/acceleration/env/lib/python3.8/site-packages/airflow/example_dags/example_branch_labels.py for tasks to queue
[2022-03-22 06:31:55,609] {logging_mixin.py:109} INFO - [2022-03-22 06:31:55,609] {dagbag.py:500} INFO - Filling up the DagBag from /home/lowenhard/acceleration/env/lib/python3.8/site-packages/airflow/example_dags/example_branch_labels.py
[2022-03-22 06:31:55,630] {processor.py:654} INFO - DAG(s) dict_keys(['example_branch_labels']) retrieved from /home/lowenhard/acceleration/env/lib/python3.8/site-packages/airflow/example_dags/example_branch_labels.py
[2022-03-22 06:31:55,639] {logging_mixin.py:109} INFO - [2022-03-22 06:31:55,639] {dag.py:2398} INFO - Sync 1 DAGs
[2022-03-22 06:31:55,652] {logging_mixin.py:109} INFO - [2022-03-22 06:31:55,652] {dag.py:2937} INFO - Setting next_dagrun for example_branch_labels to 2022-03-21 00:00:00+00:00
[2022-03-22 06:31:55,801] {processor.py:171} INFO - Processing /home/lowenhard/acceleration/env/lib/python3.8/site-packages/airflow/example_dags/example_branch_labels.py took 0.434 seconds
[2022-03-22 06:33:32,784] {processor.py:163} INFO - Started process (PID=2110) to work on /home/lowenhard/acceleration/env/lib/python3.8/site-packages/airflow/example_dags/example_branch_labels.py
[2022-03-22 06:33:32,930] {processor.py:642} INFO - Processing file /home/lowenhard/acceleration/env/lib/python3.8/site-packages/airflow/example_dags/example_branch_labels.py for tasks to queue
[2022-03-22 06:33:32,931] {logging_mixin.py:109} INFO - [2022-03-22 06:33:32,930] {dagbag.py:500} INFO - Filling up the DagBag from /home/lowenhard/acceleration/env/lib/python3.8/site-packages/airflow/example_dags/example_branch_labels.py
[2022-03-22 06:33:32,950] {processor.py:654} INFO - DAG(s) dict_keys(['example_branch_labels']) retrieved from /home/lowenhard/acceleration/env/lib/python3.8/site-packages/airflow/example_dags/example_branch_labels.py
[2022-03-22 06:33:32,959] {logging_mixin.py:109} INFO - [2022-03-22 06:33:32,959] {dag.py:2398} INFO - Sync 1 DAGs
[2022-03-22 06:33:32,972] {logging_mixin.py:109} INFO - [2022-03-22 06:33:32,972] {dag.py:2937} INFO - Setting next_dagrun for example_branch_labels to 2022-03-21 00:00:00+00:00
[2022-03-22 06:33:33,290] {processor.py:171} INFO - Processing /home/lowenhard/acceleration/env/lib/python3.8/site-packages/airflow/example_dags/example_branch_labels.py took 0.507 seconds
[2022-03-22 06:35:07,858] {processor.py:163} INFO - Started process (PID=2152) to work on /home/lowenhard/acceleration/env/lib/python3.8/site-packages/airflow/example_dags/example_branch_labels.py
[2022-03-22 06:35:08,409] {processor.py:642} INFO - Processing file /home/lowenhard/acceleration/env/lib/python3.8/site-packages/airflow/example_dags/example_branch_labels.py for tasks to queue
[2022-03-22 06:35:08,410] {logging_mixin.py:109} INFO - [2022-03-22 06:35:08,410] {dagbag.py:500} INFO - Filling up the DagBag from /home/lowenhard/acceleration/env/lib/python3.8/site-packages/airflow/example_dags/example_branch_labels.py
[2022-03-22 06:35:08,435] {processor.py:654} INFO - DAG(s) dict_keys(['example_branch_labels']) retrieved from /home/lowenhard/acceleration/env/lib/python3.8/site-packages/airflow/example_dags/example_branch_labels.py
[2022-03-22 06:35:08,448] {logging_mixin.py:109} INFO - [2022-03-22 06:35:08,448] {dag.py:2398} INFO - Sync 1 DAGs
[2022-03-22 06:35:08,464] {logging_mixin.py:109} INFO - [2022-03-22 06:35:08,464] {dag.py:2937} INFO - Setting next_dagrun for example_branch_labels to 2022-03-21 00:00:00+00:00
[2022-03-22 06:35:08,612] {processor.py:171} INFO - Processing /home/lowenhard/acceleration/env/lib/python3.8/site-packages/airflow/example_dags/example_branch_labels.py took 0.756 seconds
[2022-03-22 06:36:25,031] {processor.py:163} INFO - Started process (PID=2190) to work on /home/lowenhard/acceleration/env/lib/python3.8/site-packages/airflow/example_dags/example_branch_labels.py
[2022-03-22 06:36:26,688] {processor.py:642} INFO - Processing file /home/lowenhard/acceleration/env/lib/python3.8/site-packages/airflow/example_dags/example_branch_labels.py for tasks to queue
[2022-03-22 06:36:26,688] {logging_mixin.py:109} INFO - [2022-03-22 06:36:26,688] {dagbag.py:500} INFO - Filling up the DagBag from /home/lowenhard/acceleration/env/lib/python3.8/site-packages/airflow/example_dags/example_branch_labels.py
[2022-03-22 06:36:26,707] {processor.py:654} INFO - DAG(s) dict_keys(['example_branch_labels']) retrieved from /home/lowenhard/acceleration/env/lib/python3.8/site-packages/airflow/example_dags/example_branch_labels.py
[2022-03-22 06:36:26,717] {logging_mixin.py:109} INFO - [2022-03-22 06:36:26,716] {dag.py:2398} INFO - Sync 1 DAGs
[2022-03-22 06:36:26,729] {logging_mixin.py:109} INFO - [2022-03-22 06:36:26,729] {dag.py:2937} INFO - Setting next_dagrun for example_branch_labels to 2022-03-21 00:00:00+00:00
[2022-03-22 06:36:26,849] {processor.py:171} INFO - Processing /home/lowenhard/acceleration/env/lib/python3.8/site-packages/airflow/example_dags/example_branch_labels.py took 1.821 seconds
[2022-03-22 06:37:45,181] {processor.py:163} INFO - Started process (PID=2229) to work on /home/lowenhard/acceleration/env/lib/python3.8/site-packages/airflow/example_dags/example_branch_labels.py
[2022-03-22 06:37:45,267] {processor.py:642} INFO - Processing file /home/lowenhard/acceleration/env/lib/python3.8/site-packages/airflow/example_dags/example_branch_labels.py for tasks to queue
[2022-03-22 06:37:45,268] {logging_mixin.py:109} INFO - [2022-03-22 06:37:45,268] {dagbag.py:500} INFO - Filling up the DagBag from /home/lowenhard/acceleration/env/lib/python3.8/site-packages/airflow/example_dags/example_branch_labels.py
[2022-03-22 06:37:45,286] {processor.py:654} INFO - DAG(s) dict_keys(['example_branch_labels']) retrieved from /home/lowenhard/acceleration/env/lib/python3.8/site-packages/airflow/example_dags/example_branch_labels.py
[2022-03-22 06:37:45,295] {logging_mixin.py:109} INFO - [2022-03-22 06:37:45,295] {dag.py:2398} INFO - Sync 1 DAGs
[2022-03-22 06:37:45,314] {logging_mixin.py:109} INFO - [2022-03-22 06:37:45,314] {dag.py:2937} INFO - Setting next_dagrun for example_branch_labels to 2022-03-21 00:00:00+00:00
[2022-03-22 06:37:46,085] {processor.py:171} INFO - Processing /home/lowenhard/acceleration/env/lib/python3.8/site-packages/airflow/example_dags/example_branch_labels.py took 0.906 seconds
[2022-03-22 06:39:15,596] {processor.py:163} INFO - Started process (PID=2270) to work on /home/lowenhard/acceleration/env/lib/python3.8/site-packages/airflow/example_dags/example_branch_labels.py
[2022-03-22 06:39:15,605] {processor.py:642} INFO - Processing file /home/lowenhard/acceleration/env/lib/python3.8/site-packages/airflow/example_dags/example_branch_labels.py for tasks to queue
[2022-03-22 06:39:15,605] {logging_mixin.py:109} INFO - [2022-03-22 06:39:15,605] {dagbag.py:500} INFO - Filling up the DagBag from /home/lowenhard/acceleration/env/lib/python3.8/site-packages/airflow/example_dags/example_branch_labels.py
[2022-03-22 06:39:15,623] {processor.py:654} INFO - DAG(s) dict_keys(['example_branch_labels']) retrieved from /home/lowenhard/acceleration/env/lib/python3.8/site-packages/airflow/example_dags/example_branch_labels.py
[2022-03-22 06:39:15,631] {logging_mixin.py:109} INFO - [2022-03-22 06:39:15,631] {dag.py:2398} INFO - Sync 1 DAGs
[2022-03-22 06:39:15,645] {logging_mixin.py:109} INFO - [2022-03-22 06:39:15,645] {dag.py:2937} INFO - Setting next_dagrun for example_branch_labels to 2022-03-21 00:00:00+00:00
[2022-03-22 06:39:16,307] {processor.py:171} INFO - Processing /home/lowenhard/acceleration/env/lib/python3.8/site-packages/airflow/example_dags/example_branch_labels.py took 0.713 seconds
[2022-03-22 06:40:41,952] {processor.py:163} INFO - Started process (PID=2310) to work on /home/lowenhard/acceleration/env/lib/python3.8/site-packages/airflow/example_dags/example_branch_labels.py
[2022-03-22 06:40:42,310] {processor.py:642} INFO - Processing file /home/lowenhard/acceleration/env/lib/python3.8/site-packages/airflow/example_dags/example_branch_labels.py for tasks to queue
[2022-03-22 06:40:42,310] {logging_mixin.py:109} INFO - [2022-03-22 06:40:42,310] {dagbag.py:500} INFO - Filling up the DagBag from /home/lowenhard/acceleration/env/lib/python3.8/site-packages/airflow/example_dags/example_branch_labels.py
[2022-03-22 06:40:42,329] {processor.py:654} INFO - DAG(s) dict_keys(['example_branch_labels']) retrieved from /home/lowenhard/acceleration/env/lib/python3.8/site-packages/airflow/example_dags/example_branch_labels.py
[2022-03-22 06:40:42,339] {logging_mixin.py:109} INFO - [2022-03-22 06:40:42,339] {dag.py:2398} INFO - Sync 1 DAGs
[2022-03-22 06:40:42,355] {logging_mixin.py:109} INFO - [2022-03-22 06:40:42,354] {dag.py:2937} INFO - Setting next_dagrun for example_branch_labels to 2022-03-21 00:00:00+00:00
[2022-03-22 06:40:42,578] {processor.py:171} INFO - Processing /home/lowenhard/acceleration/env/lib/python3.8/site-packages/airflow/example_dags/example_branch_labels.py took 0.628 seconds
[2022-03-22 06:42:15,629] {processor.py:163} INFO - Started process (PID=2352) to work on /home/lowenhard/acceleration/env/lib/python3.8/site-packages/airflow/example_dags/example_branch_labels.py
[2022-03-22 06:42:15,643] {processor.py:642} INFO - Processing file /home/lowenhard/acceleration/env/lib/python3.8/site-packages/airflow/example_dags/example_branch_labels.py for tasks to queue
[2022-03-22 06:42:15,643] {logging_mixin.py:109} INFO - [2022-03-22 06:42:15,643] {dagbag.py:500} INFO - Filling up the DagBag from /home/lowenhard/acceleration/env/lib/python3.8/site-packages/airflow/example_dags/example_branch_labels.py
[2022-03-22 06:42:15,666] {processor.py:654} INFO - DAG(s) dict_keys(['example_branch_labels']) retrieved from /home/lowenhard/acceleration/env/lib/python3.8/site-packages/airflow/example_dags/example_branch_labels.py
[2022-03-22 06:42:15,677] {logging_mixin.py:109} INFO - [2022-03-22 06:42:15,677] {dag.py:2398} INFO - Sync 1 DAGs
[2022-03-22 06:42:15,695] {logging_mixin.py:109} INFO - [2022-03-22 06:42:15,695] {dag.py:2937} INFO - Setting next_dagrun for example_branch_labels to 2022-03-21 00:00:00+00:00
[2022-03-22 06:42:15,896] {processor.py:171} INFO - Processing /home/lowenhard/acceleration/env/lib/python3.8/site-packages/airflow/example_dags/example_branch_labels.py took 0.269 seconds
[2022-03-22 06:43:30,762] {processor.py:163} INFO - Started process (PID=2388) to work on /home/lowenhard/acceleration/env/lib/python3.8/site-packages/airflow/example_dags/example_branch_labels.py
[2022-03-22 06:43:30,765] {processor.py:642} INFO - Processing file /home/lowenhard/acceleration/env/lib/python3.8/site-packages/airflow/example_dags/example_branch_labels.py for tasks to queue
[2022-03-22 06:43:30,765] {logging_mixin.py:109} INFO - [2022-03-22 06:43:30,765] {dagbag.py:500} INFO - Filling up the DagBag from /home/lowenhard/acceleration/env/lib/python3.8/site-packages/airflow/example_dags/example_branch_labels.py
[2022-03-22 06:43:30,784] {processor.py:654} INFO - DAG(s) dict_keys(['example_branch_labels']) retrieved from /home/lowenhard/acceleration/env/lib/python3.8/site-packages/airflow/example_dags/example_branch_labels.py
[2022-03-22 06:43:30,793] {logging_mixin.py:109} INFO - [2022-03-22 06:43:30,793] {dag.py:2398} INFO - Sync 1 DAGs
[2022-03-22 06:43:30,809] {logging_mixin.py:109} INFO - [2022-03-22 06:43:30,809] {dag.py:2937} INFO - Setting next_dagrun for example_branch_labels to 2022-03-21 00:00:00+00:00
[2022-03-22 06:43:31,482] {processor.py:171} INFO - Processing /home/lowenhard/acceleration/env/lib/python3.8/site-packages/airflow/example_dags/example_branch_labels.py took 0.722 seconds
[2022-03-22 06:44:56,389] {processor.py:163} INFO - Started process (PID=2437) to work on /home/lowenhard/acceleration/env/lib/python3.8/site-packages/airflow/example_dags/example_branch_labels.py
[2022-03-22 06:44:56,474] {processor.py:642} INFO - Processing file /home/lowenhard/acceleration/env/lib/python3.8/site-packages/airflow/example_dags/example_branch_labels.py for tasks to queue
[2022-03-22 06:44:56,475] {logging_mixin.py:109} INFO - [2022-03-22 06:44:56,475] {dagbag.py:500} INFO - Filling up the DagBag from /home/lowenhard/acceleration/env/lib/python3.8/site-packages/airflow/example_dags/example_branch_labels.py
[2022-03-22 06:44:56,496] {processor.py:654} INFO - DAG(s) dict_keys(['example_branch_labels']) retrieved from /home/lowenhard/acceleration/env/lib/python3.8/site-packages/airflow/example_dags/example_branch_labels.py
[2022-03-22 06:44:56,505] {logging_mixin.py:109} INFO - [2022-03-22 06:44:56,505] {dag.py:2398} INFO - Sync 1 DAGs
[2022-03-22 06:44:56,520] {logging_mixin.py:109} INFO - [2022-03-22 06:44:56,520] {dag.py:2937} INFO - Setting next_dagrun for example_branch_labels to 2022-03-21 00:00:00+00:00
[2022-03-22 06:44:58,176] {processor.py:171} INFO - Processing /home/lowenhard/acceleration/env/lib/python3.8/site-packages/airflow/example_dags/example_branch_labels.py took 1.792 seconds
[2022-03-22 06:46:31,571] {processor.py:163} INFO - Started process (PID=2482) to work on /home/lowenhard/acceleration/env/lib/python3.8/site-packages/airflow/example_dags/example_branch_labels.py
[2022-03-22 06:46:31,804] {processor.py:642} INFO - Processing file /home/lowenhard/acceleration/env/lib/python3.8/site-packages/airflow/example_dags/example_branch_labels.py for tasks to queue
[2022-03-22 06:46:31,805] {logging_mixin.py:109} INFO - [2022-03-22 06:46:31,805] {dagbag.py:500} INFO - Filling up the DagBag from /home/lowenhard/acceleration/env/lib/python3.8/site-packages/airflow/example_dags/example_branch_labels.py
[2022-03-22 06:46:31,825] {processor.py:654} INFO - DAG(s) dict_keys(['example_branch_labels']) retrieved from /home/lowenhard/acceleration/env/lib/python3.8/site-packages/airflow/example_dags/example_branch_labels.py
[2022-03-22 06:46:31,834] {logging_mixin.py:109} INFO - [2022-03-22 06:46:31,834] {dag.py:2398} INFO - Sync 1 DAGs
[2022-03-22 06:46:31,907] {logging_mixin.py:109} INFO - [2022-03-22 06:46:31,907] {dag.py:2937} INFO - Setting next_dagrun for example_branch_labels to 2022-03-21 00:00:00+00:00
[2022-03-22 06:46:33,577] {processor.py:171} INFO - Processing /home/lowenhard/acceleration/env/lib/python3.8/site-packages/airflow/example_dags/example_branch_labels.py took 2.008 seconds
[2022-03-22 06:47:53,317] {processor.py:163} INFO - Started process (PID=2541) to work on /home/lowenhard/acceleration/env/lib/python3.8/site-packages/airflow/example_dags/example_branch_labels.py
[2022-03-22 06:47:53,400] {processor.py:642} INFO - Processing file /home/lowenhard/acceleration/env/lib/python3.8/site-packages/airflow/example_dags/example_branch_labels.py for tasks to queue
[2022-03-22 06:47:53,400] {logging_mixin.py:109} INFO - [2022-03-22 06:47:53,400] {dagbag.py:500} INFO - Filling up the DagBag from /home/lowenhard/acceleration/env/lib/python3.8/site-packages/airflow/example_dags/example_branch_labels.py
[2022-03-22 06:47:53,424] {processor.py:654} INFO - DAG(s) dict_keys(['example_branch_labels']) retrieved from /home/lowenhard/acceleration/env/lib/python3.8/site-packages/airflow/example_dags/example_branch_labels.py
[2022-03-22 06:47:53,519] {logging_mixin.py:109} INFO - [2022-03-22 06:47:53,519] {dag.py:2398} INFO - Sync 1 DAGs
[2022-03-22 06:47:53,530] {logging_mixin.py:109} INFO - [2022-03-22 06:47:53,530] {dag.py:2937} INFO - Setting next_dagrun for example_branch_labels to 2022-03-21 00:00:00+00:00
