[2022-03-22 05:34:54,763] {processor.py:163} INFO - Started process (PID=170) to work on /home/lowenhard/acceleration/env/lib/python3.8/site-packages/airflow/example_dags/example_branch_python_dop_operator_3.py
[2022-03-22 05:34:54,764] {processor.py:642} INFO - Processing file /home/lowenhard/acceleration/env/lib/python3.8/site-packages/airflow/example_dags/example_branch_python_dop_operator_3.py for tasks to queue
[2022-03-22 05:34:54,764] {logging_mixin.py:109} INFO - [2022-03-22 05:34:54,764] {dagbag.py:500} INFO - Filling up the DagBag from /home/lowenhard/acceleration/env/lib/python3.8/site-packages/airflow/example_dags/example_branch_python_dop_operator_3.py
[2022-03-22 05:34:54,784] {processor.py:654} INFO - DAG(s) dict_keys(['example_branch_dop_operator_v3']) retrieved from /home/lowenhard/acceleration/env/lib/python3.8/site-packages/airflow/example_dags/example_branch_python_dop_operator_3.py
[2022-03-22 05:34:54,794] {logging_mixin.py:109} INFO - [2022-03-22 05:34:54,794] {dag.py:2398} INFO - Sync 1 DAGs
[2022-03-22 05:34:54,812] {logging_mixin.py:109} INFO - [2022-03-22 05:34:54,812] {dag.py:2937} INFO - Setting next_dagrun for example_branch_dop_operator_v3 to 2022-03-22T10:33:00+00:00
[2022-03-22 05:34:55,725] {processor.py:171} INFO - Processing /home/lowenhard/acceleration/env/lib/python3.8/site-packages/airflow/example_dags/example_branch_python_dop_operator_3.py took 0.964 seconds
[2022-03-22 05:35:45,419] {processor.py:163} INFO - Started process (PID=203) to work on /home/lowenhard/acceleration/env/lib/python3.8/site-packages/airflow/example_dags/example_branch_python_dop_operator_3.py
[2022-03-22 05:35:45,458] {processor.py:642} INFO - Processing file /home/lowenhard/acceleration/env/lib/python3.8/site-packages/airflow/example_dags/example_branch_python_dop_operator_3.py for tasks to queue
[2022-03-22 05:35:45,458] {logging_mixin.py:109} INFO - [2022-03-22 05:35:45,458] {dagbag.py:500} INFO - Filling up the DagBag from /home/lowenhard/acceleration/env/lib/python3.8/site-packages/airflow/example_dags/example_branch_python_dop_operator_3.py
[2022-03-22 05:35:45,478] {processor.py:654} INFO - DAG(s) dict_keys(['example_branch_dop_operator_v3']) retrieved from /home/lowenhard/acceleration/env/lib/python3.8/site-packages/airflow/example_dags/example_branch_python_dop_operator_3.py
[2022-03-22 05:35:45,487] {logging_mixin.py:109} INFO - [2022-03-22 05:35:45,487] {dag.py:2398} INFO - Sync 1 DAGs
[2022-03-22 05:35:45,504] {logging_mixin.py:109} INFO - [2022-03-22 05:35:45,504] {dag.py:2937} INFO - Setting next_dagrun for example_branch_dop_operator_v3 to 2022-03-22T10:34:00+00:00
[2022-03-22 05:35:45,802] {processor.py:171} INFO - Processing /home/lowenhard/acceleration/env/lib/python3.8/site-packages/airflow/example_dags/example_branch_python_dop_operator_3.py took 0.384 seconds
[2022-03-22 05:36:45,529] {processor.py:163} INFO - Started process (PID=242) to work on /home/lowenhard/acceleration/env/lib/python3.8/site-packages/airflow/example_dags/example_branch_python_dop_operator_3.py
[2022-03-22 05:36:45,567] {processor.py:642} INFO - Processing file /home/lowenhard/acceleration/env/lib/python3.8/site-packages/airflow/example_dags/example_branch_python_dop_operator_3.py for tasks to queue
[2022-03-22 05:36:45,568] {logging_mixin.py:109} INFO - [2022-03-22 05:36:45,568] {dagbag.py:500} INFO - Filling up the DagBag from /home/lowenhard/acceleration/env/lib/python3.8/site-packages/airflow/example_dags/example_branch_python_dop_operator_3.py
[2022-03-22 05:36:45,588] {processor.py:654} INFO - DAG(s) dict_keys(['example_branch_dop_operator_v3']) retrieved from /home/lowenhard/acceleration/env/lib/python3.8/site-packages/airflow/example_dags/example_branch_python_dop_operator_3.py
[2022-03-22 05:36:45,596] {logging_mixin.py:109} INFO - [2022-03-22 05:36:45,596] {dag.py:2398} INFO - Sync 1 DAGs
[2022-03-22 05:36:45,614] {logging_mixin.py:109} INFO - [2022-03-22 05:36:45,614] {dag.py:2937} INFO - Setting next_dagrun for example_branch_dop_operator_v3 to 2022-03-22T10:35:00+00:00
[2022-03-22 05:36:45,967] {processor.py:171} INFO - Processing /home/lowenhard/acceleration/env/lib/python3.8/site-packages/airflow/example_dags/example_branch_python_dop_operator_3.py took 0.440 seconds
[2022-03-22 05:37:48,228] {processor.py:163} INFO - Started process (PID=275) to work on /home/lowenhard/acceleration/env/lib/python3.8/site-packages/airflow/example_dags/example_branch_python_dop_operator_3.py
[2022-03-22 05:37:48,249] {processor.py:642} INFO - Processing file /home/lowenhard/acceleration/env/lib/python3.8/site-packages/airflow/example_dags/example_branch_python_dop_operator_3.py for tasks to queue
[2022-03-22 05:37:48,250] {logging_mixin.py:109} INFO - [2022-03-22 05:37:48,250] {dagbag.py:500} INFO - Filling up the DagBag from /home/lowenhard/acceleration/env/lib/python3.8/site-packages/airflow/example_dags/example_branch_python_dop_operator_3.py
[2022-03-22 05:37:48,271] {processor.py:654} INFO - DAG(s) dict_keys(['example_branch_dop_operator_v3']) retrieved from /home/lowenhard/acceleration/env/lib/python3.8/site-packages/airflow/example_dags/example_branch_python_dop_operator_3.py
[2022-03-22 05:37:48,279] {logging_mixin.py:109} INFO - [2022-03-22 05:37:48,279] {dag.py:2398} INFO - Sync 1 DAGs
[2022-03-22 05:37:48,296] {logging_mixin.py:109} INFO - [2022-03-22 05:37:48,296] {dag.py:2937} INFO - Setting next_dagrun for example_branch_dop_operator_v3 to 2022-03-22T10:36:00+00:00
[2022-03-22 05:37:49,232] {processor.py:171} INFO - Processing /home/lowenhard/acceleration/env/lib/python3.8/site-packages/airflow/example_dags/example_branch_python_dop_operator_3.py took 1.006 seconds
[2022-03-22 05:39:06,211] {processor.py:163} INFO - Started process (PID=317) to work on /home/lowenhard/acceleration/env/lib/python3.8/site-packages/airflow/example_dags/example_branch_python_dop_operator_3.py
[2022-03-22 05:39:06,225] {processor.py:642} INFO - Processing file /home/lowenhard/acceleration/env/lib/python3.8/site-packages/airflow/example_dags/example_branch_python_dop_operator_3.py for tasks to queue
[2022-03-22 05:39:06,225] {logging_mixin.py:109} INFO - [2022-03-22 05:39:06,225] {dagbag.py:500} INFO - Filling up the DagBag from /home/lowenhard/acceleration/env/lib/python3.8/site-packages/airflow/example_dags/example_branch_python_dop_operator_3.py
[2022-03-22 05:39:06,247] {processor.py:654} INFO - DAG(s) dict_keys(['example_branch_dop_operator_v3']) retrieved from /home/lowenhard/acceleration/env/lib/python3.8/site-packages/airflow/example_dags/example_branch_python_dop_operator_3.py
[2022-03-22 05:39:06,257] {logging_mixin.py:109} INFO - [2022-03-22 05:39:06,257] {dag.py:2398} INFO - Sync 1 DAGs
[2022-03-22 05:39:06,273] {logging_mixin.py:109} INFO - [2022-03-22 05:39:06,273] {dag.py:2937} INFO - Setting next_dagrun for example_branch_dop_operator_v3 to 2022-03-22T10:38:00+00:00
[2022-03-22 05:39:06,412] {processor.py:171} INFO - Processing /home/lowenhard/acceleration/env/lib/python3.8/site-packages/airflow/example_dags/example_branch_python_dop_operator_3.py took 0.203 seconds
[2022-03-22 05:40:06,157] {processor.py:163} INFO - Started process (PID=355) to work on /home/lowenhard/acceleration/env/lib/python3.8/site-packages/airflow/example_dags/example_branch_python_dop_operator_3.py
[2022-03-22 05:40:06,172] {processor.py:642} INFO - Processing file /home/lowenhard/acceleration/env/lib/python3.8/site-packages/airflow/example_dags/example_branch_python_dop_operator_3.py for tasks to queue
[2022-03-22 05:40:06,173] {logging_mixin.py:109} INFO - [2022-03-22 05:40:06,173] {dagbag.py:500} INFO - Filling up the DagBag from /home/lowenhard/acceleration/env/lib/python3.8/site-packages/airflow/example_dags/example_branch_python_dop_operator_3.py
[2022-03-22 05:40:06,210] {processor.py:654} INFO - DAG(s) dict_keys(['example_branch_dop_operator_v3']) retrieved from /home/lowenhard/acceleration/env/lib/python3.8/site-packages/airflow/example_dags/example_branch_python_dop_operator_3.py
[2022-03-22 05:40:06,225] {logging_mixin.py:109} INFO - [2022-03-22 05:40:06,225] {dag.py:2398} INFO - Sync 1 DAGs
[2022-03-22 05:40:06,255] {logging_mixin.py:109} INFO - [2022-03-22 05:40:06,255] {dag.py:2937} INFO - Setting next_dagrun for example_branch_dop_operator_v3 to 2022-03-22T10:39:00+00:00
[2022-03-22 05:40:14,275] {processor.py:171} INFO - Processing /home/lowenhard/acceleration/env/lib/python3.8/site-packages/airflow/example_dags/example_branch_python_dop_operator_3.py took 8.122 seconds
[2022-03-22 05:41:04,135] {processor.py:163} INFO - Started process (PID=389) to work on /home/lowenhard/acceleration/env/lib/python3.8/site-packages/airflow/example_dags/example_branch_python_dop_operator_3.py
[2022-03-22 05:41:04,167] {processor.py:642} INFO - Processing file /home/lowenhard/acceleration/env/lib/python3.8/site-packages/airflow/example_dags/example_branch_python_dop_operator_3.py for tasks to queue
[2022-03-22 05:41:04,167] {logging_mixin.py:109} INFO - [2022-03-22 05:41:04,167] {dagbag.py:500} INFO - Filling up the DagBag from /home/lowenhard/acceleration/env/lib/python3.8/site-packages/airflow/example_dags/example_branch_python_dop_operator_3.py
[2022-03-22 05:41:04,202] {processor.py:654} INFO - DAG(s) dict_keys(['example_branch_dop_operator_v3']) retrieved from /home/lowenhard/acceleration/env/lib/python3.8/site-packages/airflow/example_dags/example_branch_python_dop_operator_3.py
[2022-03-22 05:41:04,223] {logging_mixin.py:109} INFO - [2022-03-22 05:41:04,223] {dag.py:2398} INFO - Sync 1 DAGs
[2022-03-22 05:41:04,260] {logging_mixin.py:109} INFO - [2022-03-22 05:41:04,260] {dag.py:2937} INFO - Setting next_dagrun for example_branch_dop_operator_v3 to 2022-03-22T10:40:00+00:00
[2022-03-22 05:41:04,513] {processor.py:171} INFO - Processing /home/lowenhard/acceleration/env/lib/python3.8/site-packages/airflow/example_dags/example_branch_python_dop_operator_3.py took 0.381 seconds
[2022-03-22 05:41:56,949] {processor.py:163} INFO - Started process (PID=416) to work on /home/lowenhard/acceleration/env/lib/python3.8/site-packages/airflow/example_dags/example_branch_python_dop_operator_3.py
[2022-03-22 05:41:56,976] {processor.py:642} INFO - Processing file /home/lowenhard/acceleration/env/lib/python3.8/site-packages/airflow/example_dags/example_branch_python_dop_operator_3.py for tasks to queue
[2022-03-22 05:41:56,977] {logging_mixin.py:109} INFO - [2022-03-22 05:41:56,976] {dagbag.py:500} INFO - Filling up the DagBag from /home/lowenhard/acceleration/env/lib/python3.8/site-packages/airflow/example_dags/example_branch_python_dop_operator_3.py
[2022-03-22 05:41:57,015] {processor.py:654} INFO - DAG(s) dict_keys(['example_branch_dop_operator_v3']) retrieved from /home/lowenhard/acceleration/env/lib/python3.8/site-packages/airflow/example_dags/example_branch_python_dop_operator_3.py
[2022-03-22 05:41:57,032] {logging_mixin.py:109} INFO - [2022-03-22 05:41:57,032] {dag.py:2398} INFO - Sync 1 DAGs
[2022-03-22 05:41:57,064] {logging_mixin.py:109} INFO - [2022-03-22 05:41:57,064] {dag.py:2937} INFO - Setting next_dagrun for example_branch_dop_operator_v3 to 2022-03-22T10:40:00+00:00
[2022-03-22 05:41:57,353] {processor.py:171} INFO - Processing /home/lowenhard/acceleration/env/lib/python3.8/site-packages/airflow/example_dags/example_branch_python_dop_operator_3.py took 0.408 seconds
[2022-03-22 05:42:50,752] {processor.py:163} INFO - Started process (PID=449) to work on /home/lowenhard/acceleration/env/lib/python3.8/site-packages/airflow/example_dags/example_branch_python_dop_operator_3.py
[2022-03-22 05:42:50,774] {processor.py:642} INFO - Processing file /home/lowenhard/acceleration/env/lib/python3.8/site-packages/airflow/example_dags/example_branch_python_dop_operator_3.py for tasks to queue
[2022-03-22 05:42:50,776] {logging_mixin.py:109} INFO - [2022-03-22 05:42:50,775] {dagbag.py:500} INFO - Filling up the DagBag from /home/lowenhard/acceleration/env/lib/python3.8/site-packages/airflow/example_dags/example_branch_python_dop_operator_3.py
[2022-03-22 05:42:50,810] {processor.py:654} INFO - DAG(s) dict_keys(['example_branch_dop_operator_v3']) retrieved from /home/lowenhard/acceleration/env/lib/python3.8/site-packages/airflow/example_dags/example_branch_python_dop_operator_3.py
[2022-03-22 05:42:50,823] {logging_mixin.py:109} INFO - [2022-03-22 05:42:50,823] {dag.py:2398} INFO - Sync 1 DAGs
[2022-03-22 05:42:50,851] {logging_mixin.py:109} INFO - [2022-03-22 05:42:50,851] {dag.py:2937} INFO - Setting next_dagrun for example_branch_dop_operator_v3 to 2022-03-22T10:41:00+00:00
[2022-03-22 05:42:51,107] {processor.py:171} INFO - Processing /home/lowenhard/acceleration/env/lib/python3.8/site-packages/airflow/example_dags/example_branch_python_dop_operator_3.py took 0.358 seconds
[2022-03-22 05:43:41,485] {processor.py:163} INFO - Started process (PID=480) to work on /home/lowenhard/acceleration/env/lib/python3.8/site-packages/airflow/example_dags/example_branch_python_dop_operator_3.py
[2022-03-22 05:43:41,506] {processor.py:642} INFO - Processing file /home/lowenhard/acceleration/env/lib/python3.8/site-packages/airflow/example_dags/example_branch_python_dop_operator_3.py for tasks to queue
[2022-03-22 05:43:41,507] {logging_mixin.py:109} INFO - [2022-03-22 05:43:41,506] {dagbag.py:500} INFO - Filling up the DagBag from /home/lowenhard/acceleration/env/lib/python3.8/site-packages/airflow/example_dags/example_branch_python_dop_operator_3.py
[2022-03-22 05:43:41,544] {processor.py:654} INFO - DAG(s) dict_keys(['example_branch_dop_operator_v3']) retrieved from /home/lowenhard/acceleration/env/lib/python3.8/site-packages/airflow/example_dags/example_branch_python_dop_operator_3.py
[2022-03-22 05:43:41,557] {logging_mixin.py:109} INFO - [2022-03-22 05:43:41,557] {dag.py:2398} INFO - Sync 1 DAGs
[2022-03-22 05:43:41,581] {logging_mixin.py:109} INFO - [2022-03-22 05:43:41,581] {dag.py:2937} INFO - Setting next_dagrun for example_branch_dop_operator_v3 to 2022-03-22T10:42:00+00:00
[2022-03-22 05:43:43,509] {processor.py:171} INFO - Processing /home/lowenhard/acceleration/env/lib/python3.8/site-packages/airflow/example_dags/example_branch_python_dop_operator_3.py took 2.027 seconds
[2022-03-22 05:44:33,846] {processor.py:163} INFO - Started process (PID=510) to work on /home/lowenhard/acceleration/env/lib/python3.8/site-packages/airflow/example_dags/example_branch_python_dop_operator_3.py
[2022-03-22 05:44:33,876] {processor.py:642} INFO - Processing file /home/lowenhard/acceleration/env/lib/python3.8/site-packages/airflow/example_dags/example_branch_python_dop_operator_3.py for tasks to queue
[2022-03-22 05:44:33,877] {logging_mixin.py:109} INFO - [2022-03-22 05:44:33,876] {dagbag.py:500} INFO - Filling up the DagBag from /home/lowenhard/acceleration/env/lib/python3.8/site-packages/airflow/example_dags/example_branch_python_dop_operator_3.py
[2022-03-22 05:44:33,899] {processor.py:654} INFO - DAG(s) dict_keys(['example_branch_dop_operator_v3']) retrieved from /home/lowenhard/acceleration/env/lib/python3.8/site-packages/airflow/example_dags/example_branch_python_dop_operator_3.py
[2022-03-22 05:44:33,910] {logging_mixin.py:109} INFO - [2022-03-22 05:44:33,910] {dag.py:2398} INFO - Sync 1 DAGs
[2022-03-22 05:44:33,929] {logging_mixin.py:109} INFO - [2022-03-22 05:44:33,929] {dag.py:2937} INFO - Setting next_dagrun for example_branch_dop_operator_v3 to 2022-03-22T10:43:00+00:00
[2022-03-22 05:44:34,137] {processor.py:171} INFO - Processing /home/lowenhard/acceleration/env/lib/python3.8/site-packages/airflow/example_dags/example_branch_python_dop_operator_3.py took 0.293 seconds
[2022-03-22 05:45:18,091] {processor.py:163} INFO - Started process (PID=539) to work on /home/lowenhard/acceleration/env/lib/python3.8/site-packages/airflow/example_dags/example_branch_python_dop_operator_3.py
[2022-03-22 05:45:18,117] {processor.py:642} INFO - Processing file /home/lowenhard/acceleration/env/lib/python3.8/site-packages/airflow/example_dags/example_branch_python_dop_operator_3.py for tasks to queue
[2022-03-22 05:45:18,117] {logging_mixin.py:109} INFO - [2022-03-22 05:45:18,117] {dagbag.py:500} INFO - Filling up the DagBag from /home/lowenhard/acceleration/env/lib/python3.8/site-packages/airflow/example_dags/example_branch_python_dop_operator_3.py
[2022-03-22 05:45:18,144] {processor.py:654} INFO - DAG(s) dict_keys(['example_branch_dop_operator_v3']) retrieved from /home/lowenhard/acceleration/env/lib/python3.8/site-packages/airflow/example_dags/example_branch_python_dop_operator_3.py
[2022-03-22 05:45:18,155] {logging_mixin.py:109} INFO - [2022-03-22 05:45:18,155] {dag.py:2398} INFO - Sync 1 DAGs
[2022-03-22 05:45:18,174] {logging_mixin.py:109} INFO - [2022-03-22 05:45:18,174] {dag.py:2937} INFO - Setting next_dagrun for example_branch_dop_operator_v3 to 2022-03-22T10:44:00+00:00
[2022-03-22 05:45:18,603] {processor.py:171} INFO - Processing /home/lowenhard/acceleration/env/lib/python3.8/site-packages/airflow/example_dags/example_branch_python_dop_operator_3.py took 0.515 seconds
[2022-03-22 05:46:20,265] {processor.py:163} INFO - Started process (PID=605) to work on /home/lowenhard/acceleration/env/lib/python3.8/site-packages/airflow/example_dags/example_branch_python_dop_operator_3.py
[2022-03-22 05:46:20,344] {processor.py:642} INFO - Processing file /home/lowenhard/acceleration/env/lib/python3.8/site-packages/airflow/example_dags/example_branch_python_dop_operator_3.py for tasks to queue
[2022-03-22 05:46:20,345] {logging_mixin.py:109} INFO - [2022-03-22 05:46:20,344] {dagbag.py:500} INFO - Filling up the DagBag from /home/lowenhard/acceleration/env/lib/python3.8/site-packages/airflow/example_dags/example_branch_python_dop_operator_3.py
[2022-03-22 05:46:20,369] {processor.py:654} INFO - DAG(s) dict_keys(['example_branch_dop_operator_v3']) retrieved from /home/lowenhard/acceleration/env/lib/python3.8/site-packages/airflow/example_dags/example_branch_python_dop_operator_3.py
[2022-03-22 05:46:20,378] {logging_mixin.py:109} INFO - [2022-03-22 05:46:20,378] {dag.py:2398} INFO - Sync 1 DAGs
[2022-03-22 05:46:20,396] {logging_mixin.py:109} INFO - [2022-03-22 05:46:20,396] {dag.py:2937} INFO - Setting next_dagrun for example_branch_dop_operator_v3 to 2022-03-22T10:45:00+00:00
[2022-03-22 05:46:20,785] {processor.py:171} INFO - Processing /home/lowenhard/acceleration/env/lib/python3.8/site-packages/airflow/example_dags/example_branch_python_dop_operator_3.py took 0.522 seconds
[2022-03-22 05:47:07,323] {processor.py:163} INFO - Started process (PID=735) to work on /home/lowenhard/acceleration/env/lib/python3.8/site-packages/airflow/example_dags/example_branch_python_dop_operator_3.py
[2022-03-22 05:47:07,351] {processor.py:642} INFO - Processing file /home/lowenhard/acceleration/env/lib/python3.8/site-packages/airflow/example_dags/example_branch_python_dop_operator_3.py for tasks to queue
[2022-03-22 05:47:07,351] {logging_mixin.py:109} INFO - [2022-03-22 05:47:07,351] {dagbag.py:500} INFO - Filling up the DagBag from /home/lowenhard/acceleration/env/lib/python3.8/site-packages/airflow/example_dags/example_branch_python_dop_operator_3.py
[2022-03-22 05:47:07,375] {processor.py:654} INFO - DAG(s) dict_keys(['example_branch_dop_operator_v3']) retrieved from /home/lowenhard/acceleration/env/lib/python3.8/site-packages/airflow/example_dags/example_branch_python_dop_operator_3.py
[2022-03-22 05:47:07,385] {logging_mixin.py:109} INFO - [2022-03-22 05:47:07,384] {dag.py:2398} INFO - Sync 1 DAGs
[2022-03-22 05:47:07,400] {logging_mixin.py:109} INFO - [2022-03-22 05:47:07,400] {dag.py:2937} INFO - Setting next_dagrun for example_branch_dop_operator_v3 to 2022-03-22T10:46:00+00:00
[2022-03-22 05:47:08,230] {processor.py:171} INFO - Processing /home/lowenhard/acceleration/env/lib/python3.8/site-packages/airflow/example_dags/example_branch_python_dop_operator_3.py took 0.910 seconds
[2022-03-22 05:47:57,167] {processor.py:163} INFO - Started process (PID=779) to work on /home/lowenhard/acceleration/env/lib/python3.8/site-packages/airflow/example_dags/example_branch_python_dop_operator_3.py
[2022-03-22 05:47:57,200] {processor.py:642} INFO - Processing file /home/lowenhard/acceleration/env/lib/python3.8/site-packages/airflow/example_dags/example_branch_python_dop_operator_3.py for tasks to queue
[2022-03-22 05:47:57,200] {logging_mixin.py:109} INFO - [2022-03-22 05:47:57,200] {dagbag.py:500} INFO - Filling up the DagBag from /home/lowenhard/acceleration/env/lib/python3.8/site-packages/airflow/example_dags/example_branch_python_dop_operator_3.py
[2022-03-22 05:47:57,224] {processor.py:654} INFO - DAG(s) dict_keys(['example_branch_dop_operator_v3']) retrieved from /home/lowenhard/acceleration/env/lib/python3.8/site-packages/airflow/example_dags/example_branch_python_dop_operator_3.py
[2022-03-22 05:47:57,233] {logging_mixin.py:109} INFO - [2022-03-22 05:47:57,233] {dag.py:2398} INFO - Sync 1 DAGs
[2022-03-22 05:47:57,252] {logging_mixin.py:109} INFO - [2022-03-22 05:47:57,252] {dag.py:2937} INFO - Setting next_dagrun for example_branch_dop_operator_v3 to 2022-03-22T10:46:00+00:00
[2022-03-22 05:47:57,425] {processor.py:171} INFO - Processing /home/lowenhard/acceleration/env/lib/python3.8/site-packages/airflow/example_dags/example_branch_python_dop_operator_3.py took 0.261 seconds
[2022-03-22 05:48:53,791] {processor.py:163} INFO - Started process (PID=817) to work on /home/lowenhard/acceleration/env/lib/python3.8/site-packages/airflow/example_dags/example_branch_python_dop_operator_3.py
[2022-03-22 05:48:53,816] {processor.py:642} INFO - Processing file /home/lowenhard/acceleration/env/lib/python3.8/site-packages/airflow/example_dags/example_branch_python_dop_operator_3.py for tasks to queue
[2022-03-22 05:48:53,817] {logging_mixin.py:109} INFO - [2022-03-22 05:48:53,816] {dagbag.py:500} INFO - Filling up the DagBag from /home/lowenhard/acceleration/env/lib/python3.8/site-packages/airflow/example_dags/example_branch_python_dop_operator_3.py
[2022-03-22 05:48:53,843] {processor.py:654} INFO - DAG(s) dict_keys(['example_branch_dop_operator_v3']) retrieved from /home/lowenhard/acceleration/env/lib/python3.8/site-packages/airflow/example_dags/example_branch_python_dop_operator_3.py
[2022-03-22 05:48:53,852] {logging_mixin.py:109} INFO - [2022-03-22 05:48:53,852] {dag.py:2398} INFO - Sync 1 DAGs
[2022-03-22 05:48:53,869] {logging_mixin.py:109} INFO - [2022-03-22 05:48:53,869] {dag.py:2937} INFO - Setting next_dagrun for example_branch_dop_operator_v3 to 2022-03-22T10:47:00+00:00
[2022-03-22 05:48:54,052] {processor.py:171} INFO - Processing /home/lowenhard/acceleration/env/lib/python3.8/site-packages/airflow/example_dags/example_branch_python_dop_operator_3.py took 0.264 seconds
[2022-03-22 05:49:48,048] {processor.py:163} INFO - Started process (PID=855) to work on /home/lowenhard/acceleration/env/lib/python3.8/site-packages/airflow/example_dags/example_branch_python_dop_operator_3.py
[2022-03-22 05:49:48,070] {processor.py:642} INFO - Processing file /home/lowenhard/acceleration/env/lib/python3.8/site-packages/airflow/example_dags/example_branch_python_dop_operator_3.py for tasks to queue
[2022-03-22 05:49:48,071] {logging_mixin.py:109} INFO - [2022-03-22 05:49:48,070] {dagbag.py:500} INFO - Filling up the DagBag from /home/lowenhard/acceleration/env/lib/python3.8/site-packages/airflow/example_dags/example_branch_python_dop_operator_3.py
[2022-03-22 05:49:48,095] {processor.py:654} INFO - DAG(s) dict_keys(['example_branch_dop_operator_v3']) retrieved from /home/lowenhard/acceleration/env/lib/python3.8/site-packages/airflow/example_dags/example_branch_python_dop_operator_3.py
[2022-03-22 05:49:48,105] {logging_mixin.py:109} INFO - [2022-03-22 05:49:48,105] {dag.py:2398} INFO - Sync 1 DAGs
[2022-03-22 05:49:48,123] {logging_mixin.py:109} INFO - [2022-03-22 05:49:48,122] {dag.py:2937} INFO - Setting next_dagrun for example_branch_dop_operator_v3 to 2022-03-22T10:48:00+00:00
[2022-03-22 05:49:51,809] {processor.py:171} INFO - Processing /home/lowenhard/acceleration/env/lib/python3.8/site-packages/airflow/example_dags/example_branch_python_dop_operator_3.py took 3.763 seconds
[2022-03-22 05:50:51,714] {processor.py:163} INFO - Started process (PID=896) to work on /home/lowenhard/acceleration/env/lib/python3.8/site-packages/airflow/example_dags/example_branch_python_dop_operator_3.py
[2022-03-22 05:50:51,754] {processor.py:642} INFO - Processing file /home/lowenhard/acceleration/env/lib/python3.8/site-packages/airflow/example_dags/example_branch_python_dop_operator_3.py for tasks to queue
[2022-03-22 05:50:51,755] {logging_mixin.py:109} INFO - [2022-03-22 05:50:51,755] {dagbag.py:500} INFO - Filling up the DagBag from /home/lowenhard/acceleration/env/lib/python3.8/site-packages/airflow/example_dags/example_branch_python_dop_operator_3.py
[2022-03-22 05:50:51,786] {processor.py:654} INFO - DAG(s) dict_keys(['example_branch_dop_operator_v3']) retrieved from /home/lowenhard/acceleration/env/lib/python3.8/site-packages/airflow/example_dags/example_branch_python_dop_operator_3.py
[2022-03-22 05:50:51,798] {logging_mixin.py:109} INFO - [2022-03-22 05:50:51,798] {dag.py:2398} INFO - Sync 1 DAGs
[2022-03-22 05:50:51,815] {logging_mixin.py:109} INFO - [2022-03-22 05:50:51,815] {dag.py:2937} INFO - Setting next_dagrun for example_branch_dop_operator_v3 to 2022-03-22T10:49:00+00:00
[2022-03-22 05:50:52,137] {processor.py:171} INFO - Processing /home/lowenhard/acceleration/env/lib/python3.8/site-packages/airflow/example_dags/example_branch_python_dop_operator_3.py took 0.426 seconds
[2022-03-22 05:51:59,387] {processor.py:163} INFO - Started process (PID=937) to work on /home/lowenhard/acceleration/env/lib/python3.8/site-packages/airflow/example_dags/example_branch_python_dop_operator_3.py
[2022-03-22 05:51:59,414] {processor.py:642} INFO - Processing file /home/lowenhard/acceleration/env/lib/python3.8/site-packages/airflow/example_dags/example_branch_python_dop_operator_3.py for tasks to queue
[2022-03-22 05:51:59,415] {logging_mixin.py:109} INFO - [2022-03-22 05:51:59,414] {dagbag.py:500} INFO - Filling up the DagBag from /home/lowenhard/acceleration/env/lib/python3.8/site-packages/airflow/example_dags/example_branch_python_dop_operator_3.py
[2022-03-22 05:51:59,486] {processor.py:654} INFO - DAG(s) dict_keys(['example_branch_dop_operator_v3']) retrieved from /home/lowenhard/acceleration/env/lib/python3.8/site-packages/airflow/example_dags/example_branch_python_dop_operator_3.py
[2022-03-22 05:51:59,517] {logging_mixin.py:109} INFO - [2022-03-22 05:51:59,517] {dag.py:2398} INFO - Sync 1 DAGs
[2022-03-22 05:51:59,582] {logging_mixin.py:109} INFO - [2022-03-22 05:51:59,581] {dag.py:2937} INFO - Setting next_dagrun for example_branch_dop_operator_v3 to 2022-03-22T10:50:00+00:00
[2022-03-22 05:52:00,377] {processor.py:171} INFO - Processing /home/lowenhard/acceleration/env/lib/python3.8/site-packages/airflow/example_dags/example_branch_python_dop_operator_3.py took 1.002 seconds
[2022-03-22 05:53:11,544] {processor.py:163} INFO - Started process (PID=981) to work on /home/lowenhard/acceleration/env/lib/python3.8/site-packages/airflow/example_dags/example_branch_python_dop_operator_3.py
[2022-03-22 05:53:11,551] {processor.py:642} INFO - Processing file /home/lowenhard/acceleration/env/lib/python3.8/site-packages/airflow/example_dags/example_branch_python_dop_operator_3.py for tasks to queue
[2022-03-22 05:53:11,552] {logging_mixin.py:109} INFO - [2022-03-22 05:53:11,552] {dagbag.py:500} INFO - Filling up the DagBag from /home/lowenhard/acceleration/env/lib/python3.8/site-packages/airflow/example_dags/example_branch_python_dop_operator_3.py
[2022-03-22 05:53:11,581] {processor.py:654} INFO - DAG(s) dict_keys(['example_branch_dop_operator_v3']) retrieved from /home/lowenhard/acceleration/env/lib/python3.8/site-packages/airflow/example_dags/example_branch_python_dop_operator_3.py
[2022-03-22 05:53:11,594] {logging_mixin.py:109} INFO - [2022-03-22 05:53:11,594] {dag.py:2398} INFO - Sync 1 DAGs
[2022-03-22 05:53:11,626] {logging_mixin.py:109} INFO - [2022-03-22 05:53:11,626] {dag.py:2937} INFO - Setting next_dagrun for example_branch_dop_operator_v3 to 2022-03-22T10:52:00+00:00
[2022-03-22 05:53:13,281] {processor.py:171} INFO - Processing /home/lowenhard/acceleration/env/lib/python3.8/site-packages/airflow/example_dags/example_branch_python_dop_operator_3.py took 1.739 seconds
[2022-03-22 05:54:51,582] {processor.py:163} INFO - Started process (PID=1023) to work on /home/lowenhard/acceleration/env/lib/python3.8/site-packages/airflow/example_dags/example_branch_python_dop_operator_3.py
[2022-03-22 05:54:52,167] {processor.py:642} INFO - Processing file /home/lowenhard/acceleration/env/lib/python3.8/site-packages/airflow/example_dags/example_branch_python_dop_operator_3.py for tasks to queue
[2022-03-22 05:54:52,168] {logging_mixin.py:109} INFO - [2022-03-22 05:54:52,168] {dagbag.py:500} INFO - Filling up the DagBag from /home/lowenhard/acceleration/env/lib/python3.8/site-packages/airflow/example_dags/example_branch_python_dop_operator_3.py
[2022-03-22 05:54:52,191] {processor.py:654} INFO - DAG(s) dict_keys(['example_branch_dop_operator_v3']) retrieved from /home/lowenhard/acceleration/env/lib/python3.8/site-packages/airflow/example_dags/example_branch_python_dop_operator_3.py
[2022-03-22 05:54:52,200] {logging_mixin.py:109} INFO - [2022-03-22 05:54:52,200] {dag.py:2398} INFO - Sync 1 DAGs
[2022-03-22 05:54:52,218] {logging_mixin.py:109} INFO - [2022-03-22 05:54:52,217] {dag.py:2937} INFO - Setting next_dagrun for example_branch_dop_operator_v3 to 2022-03-22T10:53:00+00:00
[2022-03-22 05:54:53,475] {processor.py:171} INFO - Processing /home/lowenhard/acceleration/env/lib/python3.8/site-packages/airflow/example_dags/example_branch_python_dop_operator_3.py took 1.895 seconds
[2022-03-22 05:56:24,018] {processor.py:163} INFO - Started process (PID=1063) to work on /home/lowenhard/acceleration/env/lib/python3.8/site-packages/airflow/example_dags/example_branch_python_dop_operator_3.py
[2022-03-22 05:56:24,080] {processor.py:642} INFO - Processing file /home/lowenhard/acceleration/env/lib/python3.8/site-packages/airflow/example_dags/example_branch_python_dop_operator_3.py for tasks to queue
[2022-03-22 05:56:24,081] {logging_mixin.py:109} INFO - [2022-03-22 05:56:24,080] {dagbag.py:500} INFO - Filling up the DagBag from /home/lowenhard/acceleration/env/lib/python3.8/site-packages/airflow/example_dags/example_branch_python_dop_operator_3.py
[2022-03-22 05:56:24,105] {processor.py:654} INFO - DAG(s) dict_keys(['example_branch_dop_operator_v3']) retrieved from /home/lowenhard/acceleration/env/lib/python3.8/site-packages/airflow/example_dags/example_branch_python_dop_operator_3.py
[2022-03-22 05:56:24,114] {logging_mixin.py:109} INFO - [2022-03-22 05:56:24,114] {dag.py:2398} INFO - Sync 1 DAGs
[2022-03-22 05:56:24,132] {logging_mixin.py:109} INFO - [2022-03-22 05:56:24,132] {dag.py:2937} INFO - Setting next_dagrun for example_branch_dop_operator_v3 to 2022-03-22T10:55:00+00:00
[2022-03-22 05:56:24,772] {processor.py:171} INFO - Processing /home/lowenhard/acceleration/env/lib/python3.8/site-packages/airflow/example_dags/example_branch_python_dop_operator_3.py took 0.757 seconds
[2022-03-22 05:57:41,659] {processor.py:163} INFO - Started process (PID=1102) to work on /home/lowenhard/acceleration/env/lib/python3.8/site-packages/airflow/example_dags/example_branch_python_dop_operator_3.py
[2022-03-22 05:57:41,684] {processor.py:642} INFO - Processing file /home/lowenhard/acceleration/env/lib/python3.8/site-packages/airflow/example_dags/example_branch_python_dop_operator_3.py for tasks to queue
[2022-03-22 05:57:41,685] {logging_mixin.py:109} INFO - [2022-03-22 05:57:41,685] {dagbag.py:500} INFO - Filling up the DagBag from /home/lowenhard/acceleration/env/lib/python3.8/site-packages/airflow/example_dags/example_branch_python_dop_operator_3.py
[2022-03-22 05:57:41,706] {processor.py:654} INFO - DAG(s) dict_keys(['example_branch_dop_operator_v3']) retrieved from /home/lowenhard/acceleration/env/lib/python3.8/site-packages/airflow/example_dags/example_branch_python_dop_operator_3.py
[2022-03-22 05:57:41,715] {logging_mixin.py:109} INFO - [2022-03-22 05:57:41,715] {dag.py:2398} INFO - Sync 1 DAGs
[2022-03-22 05:57:41,735] {logging_mixin.py:109} INFO - [2022-03-22 05:57:41,735] {dag.py:2937} INFO - Setting next_dagrun for example_branch_dop_operator_v3 to 2022-03-22T10:56:00+00:00
[2022-03-22 05:57:42,899] {processor.py:171} INFO - Processing /home/lowenhard/acceleration/env/lib/python3.8/site-packages/airflow/example_dags/example_branch_python_dop_operator_3.py took 1.242 seconds
[2022-03-22 05:59:19,238] {processor.py:163} INFO - Started process (PID=1144) to work on /home/lowenhard/acceleration/env/lib/python3.8/site-packages/airflow/example_dags/example_branch_python_dop_operator_3.py
[2022-03-22 05:59:19,501] {processor.py:642} INFO - Processing file /home/lowenhard/acceleration/env/lib/python3.8/site-packages/airflow/example_dags/example_branch_python_dop_operator_3.py for tasks to queue
[2022-03-22 05:59:19,502] {logging_mixin.py:109} INFO - [2022-03-22 05:59:19,502] {dagbag.py:500} INFO - Filling up the DagBag from /home/lowenhard/acceleration/env/lib/python3.8/site-packages/airflow/example_dags/example_branch_python_dop_operator_3.py
[2022-03-22 05:59:19,528] {processor.py:654} INFO - DAG(s) dict_keys(['example_branch_dop_operator_v3']) retrieved from /home/lowenhard/acceleration/env/lib/python3.8/site-packages/airflow/example_dags/example_branch_python_dop_operator_3.py
[2022-03-22 05:59:19,537] {logging_mixin.py:109} INFO - [2022-03-22 05:59:19,537] {dag.py:2398} INFO - Sync 1 DAGs
[2022-03-22 05:59:19,554] {logging_mixin.py:109} INFO - [2022-03-22 05:59:19,554] {dag.py:2937} INFO - Setting next_dagrun for example_branch_dop_operator_v3 to 2022-03-22T10:58:00+00:00
[2022-03-22 05:59:20,281] {processor.py:171} INFO - Processing /home/lowenhard/acceleration/env/lib/python3.8/site-packages/airflow/example_dags/example_branch_python_dop_operator_3.py took 1.046 seconds
[2022-03-22 06:00:41,831] {processor.py:163} INFO - Started process (PID=1182) to work on /home/lowenhard/acceleration/env/lib/python3.8/site-packages/airflow/example_dags/example_branch_python_dop_operator_3.py
[2022-03-22 06:00:41,841] {processor.py:642} INFO - Processing file /home/lowenhard/acceleration/env/lib/python3.8/site-packages/airflow/example_dags/example_branch_python_dop_operator_3.py for tasks to queue
[2022-03-22 06:00:41,842] {logging_mixin.py:109} INFO - [2022-03-22 06:00:41,842] {dagbag.py:500} INFO - Filling up the DagBag from /home/lowenhard/acceleration/env/lib/python3.8/site-packages/airflow/example_dags/example_branch_python_dop_operator_3.py
[2022-03-22 06:00:41,863] {processor.py:654} INFO - DAG(s) dict_keys(['example_branch_dop_operator_v3']) retrieved from /home/lowenhard/acceleration/env/lib/python3.8/site-packages/airflow/example_dags/example_branch_python_dop_operator_3.py
[2022-03-22 06:00:41,876] {logging_mixin.py:109} INFO - [2022-03-22 06:00:41,876] {dag.py:2398} INFO - Sync 1 DAGs
[2022-03-22 06:00:41,893] {logging_mixin.py:109} INFO - [2022-03-22 06:00:41,893] {dag.py:2937} INFO - Setting next_dagrun for example_branch_dop_operator_v3 to 2022-03-22T10:59:00+00:00
[2022-03-22 06:00:42,244] {processor.py:171} INFO - Processing /home/lowenhard/acceleration/env/lib/python3.8/site-packages/airflow/example_dags/example_branch_python_dop_operator_3.py took 0.416 seconds
[2022-03-22 06:02:03,726] {processor.py:163} INFO - Started process (PID=1220) to work on /home/lowenhard/acceleration/env/lib/python3.8/site-packages/airflow/example_dags/example_branch_python_dop_operator_3.py
[2022-03-22 06:02:03,821] {processor.py:642} INFO - Processing file /home/lowenhard/acceleration/env/lib/python3.8/site-packages/airflow/example_dags/example_branch_python_dop_operator_3.py for tasks to queue
[2022-03-22 06:02:03,822] {logging_mixin.py:109} INFO - [2022-03-22 06:02:03,822] {dagbag.py:500} INFO - Filling up the DagBag from /home/lowenhard/acceleration/env/lib/python3.8/site-packages/airflow/example_dags/example_branch_python_dop_operator_3.py
[2022-03-22 06:02:03,848] {processor.py:654} INFO - DAG(s) dict_keys(['example_branch_dop_operator_v3']) retrieved from /home/lowenhard/acceleration/env/lib/python3.8/site-packages/airflow/example_dags/example_branch_python_dop_operator_3.py
[2022-03-22 06:02:03,861] {logging_mixin.py:109} INFO - [2022-03-22 06:02:03,861] {dag.py:2398} INFO - Sync 1 DAGs
[2022-03-22 06:02:03,890] {logging_mixin.py:109} INFO - [2022-03-22 06:02:03,890] {dag.py:2937} INFO - Setting next_dagrun for example_branch_dop_operator_v3 to 2022-03-22T11:01:00+00:00
[2022-03-22 06:02:04,675] {processor.py:171} INFO - Processing /home/lowenhard/acceleration/env/lib/python3.8/site-packages/airflow/example_dags/example_branch_python_dop_operator_3.py took 0.951 seconds
[2022-03-22 06:03:25,490] {processor.py:163} INFO - Started process (PID=1258) to work on /home/lowenhard/acceleration/env/lib/python3.8/site-packages/airflow/example_dags/example_branch_python_dop_operator_3.py
[2022-03-22 06:03:25,598] {processor.py:642} INFO - Processing file /home/lowenhard/acceleration/env/lib/python3.8/site-packages/airflow/example_dags/example_branch_python_dop_operator_3.py for tasks to queue
[2022-03-22 06:03:25,598] {logging_mixin.py:109} INFO - [2022-03-22 06:03:25,598] {dagbag.py:500} INFO - Filling up the DagBag from /home/lowenhard/acceleration/env/lib/python3.8/site-packages/airflow/example_dags/example_branch_python_dop_operator_3.py
[2022-03-22 06:03:25,623] {processor.py:654} INFO - DAG(s) dict_keys(['example_branch_dop_operator_v3']) retrieved from /home/lowenhard/acceleration/env/lib/python3.8/site-packages/airflow/example_dags/example_branch_python_dop_operator_3.py
[2022-03-22 06:03:25,633] {logging_mixin.py:109} INFO - [2022-03-22 06:03:25,633] {dag.py:2398} INFO - Sync 1 DAGs
[2022-03-22 06:03:25,650] {logging_mixin.py:109} INFO - [2022-03-22 06:03:25,650] {dag.py:2937} INFO - Setting next_dagrun for example_branch_dop_operator_v3 to 2022-03-22T11:02:00+00:00
[2022-03-22 06:03:27,502] {processor.py:171} INFO - Processing /home/lowenhard/acceleration/env/lib/python3.8/site-packages/airflow/example_dags/example_branch_python_dop_operator_3.py took 2.016 seconds
[2022-03-22 06:04:44,935] {processor.py:163} INFO - Started process (PID=1295) to work on /home/lowenhard/acceleration/env/lib/python3.8/site-packages/airflow/example_dags/example_branch_python_dop_operator_3.py
[2022-03-22 06:04:44,947] {processor.py:642} INFO - Processing file /home/lowenhard/acceleration/env/lib/python3.8/site-packages/airflow/example_dags/example_branch_python_dop_operator_3.py for tasks to queue
[2022-03-22 06:04:44,948] {logging_mixin.py:109} INFO - [2022-03-22 06:04:44,948] {dagbag.py:500} INFO - Filling up the DagBag from /home/lowenhard/acceleration/env/lib/python3.8/site-packages/airflow/example_dags/example_branch_python_dop_operator_3.py
[2022-03-22 06:04:44,970] {processor.py:654} INFO - DAG(s) dict_keys(['example_branch_dop_operator_v3']) retrieved from /home/lowenhard/acceleration/env/lib/python3.8/site-packages/airflow/example_dags/example_branch_python_dop_operator_3.py
[2022-03-22 06:04:44,981] {logging_mixin.py:109} INFO - [2022-03-22 06:04:44,981] {dag.py:2398} INFO - Sync 1 DAGs
[2022-03-22 06:04:45,006] {logging_mixin.py:109} INFO - [2022-03-22 06:04:45,006] {dag.py:2937} INFO - Setting next_dagrun for example_branch_dop_operator_v3 to 2022-03-22T11:03:00+00:00
[2022-03-22 06:04:46,462] {processor.py:171} INFO - Processing /home/lowenhard/acceleration/env/lib/python3.8/site-packages/airflow/example_dags/example_branch_python_dop_operator_3.py took 1.529 seconds
[2022-03-22 06:05:58,485] {processor.py:163} INFO - Started process (PID=1331) to work on /home/lowenhard/acceleration/env/lib/python3.8/site-packages/airflow/example_dags/example_branch_python_dop_operator_3.py
[2022-03-22 06:05:58,880] {processor.py:642} INFO - Processing file /home/lowenhard/acceleration/env/lib/python3.8/site-packages/airflow/example_dags/example_branch_python_dop_operator_3.py for tasks to queue
[2022-03-22 06:05:58,880] {logging_mixin.py:109} INFO - [2022-03-22 06:05:58,880] {dagbag.py:500} INFO - Filling up the DagBag from /home/lowenhard/acceleration/env/lib/python3.8/site-packages/airflow/example_dags/example_branch_python_dop_operator_3.py
[2022-03-22 06:05:58,905] {processor.py:654} INFO - DAG(s) dict_keys(['example_branch_dop_operator_v3']) retrieved from /home/lowenhard/acceleration/env/lib/python3.8/site-packages/airflow/example_dags/example_branch_python_dop_operator_3.py
[2022-03-22 06:05:58,920] {logging_mixin.py:109} INFO - [2022-03-22 06:05:58,920] {dag.py:2398} INFO - Sync 1 DAGs
[2022-03-22 06:05:58,948] {logging_mixin.py:109} INFO - [2022-03-22 06:05:58,948] {dag.py:2937} INFO - Setting next_dagrun for example_branch_dop_operator_v3 to 2022-03-22T11:04:00+00:00
[2022-03-22 06:05:59,129] {processor.py:171} INFO - Processing /home/lowenhard/acceleration/env/lib/python3.8/site-packages/airflow/example_dags/example_branch_python_dop_operator_3.py took 0.647 seconds
[2022-03-22 06:07:19,449] {processor.py:163} INFO - Started process (PID=1370) to work on /home/lowenhard/acceleration/env/lib/python3.8/site-packages/airflow/example_dags/example_branch_python_dop_operator_3.py
[2022-03-22 06:07:19,575] {processor.py:642} INFO - Processing file /home/lowenhard/acceleration/env/lib/python3.8/site-packages/airflow/example_dags/example_branch_python_dop_operator_3.py for tasks to queue
[2022-03-22 06:07:19,575] {logging_mixin.py:109} INFO - [2022-03-22 06:07:19,575] {dagbag.py:500} INFO - Filling up the DagBag from /home/lowenhard/acceleration/env/lib/python3.8/site-packages/airflow/example_dags/example_branch_python_dop_operator_3.py
[2022-03-22 06:07:19,597] {processor.py:654} INFO - DAG(s) dict_keys(['example_branch_dop_operator_v3']) retrieved from /home/lowenhard/acceleration/env/lib/python3.8/site-packages/airflow/example_dags/example_branch_python_dop_operator_3.py
[2022-03-22 06:07:19,608] {logging_mixin.py:109} INFO - [2022-03-22 06:07:19,608] {dag.py:2398} INFO - Sync 1 DAGs
[2022-03-22 06:07:19,625] {logging_mixin.py:109} INFO - [2022-03-22 06:07:19,625] {dag.py:2937} INFO - Setting next_dagrun for example_branch_dop_operator_v3 to 2022-03-22T11:06:00+00:00
[2022-03-22 06:07:20,029] {processor.py:171} INFO - Processing /home/lowenhard/acceleration/env/lib/python3.8/site-packages/airflow/example_dags/example_branch_python_dop_operator_3.py took 0.582 seconds
[2022-03-22 06:08:36,522] {processor.py:163} INFO - Started process (PID=1407) to work on /home/lowenhard/acceleration/env/lib/python3.8/site-packages/airflow/example_dags/example_branch_python_dop_operator_3.py
[2022-03-22 06:08:36,683] {processor.py:642} INFO - Processing file /home/lowenhard/acceleration/env/lib/python3.8/site-packages/airflow/example_dags/example_branch_python_dop_operator_3.py for tasks to queue
[2022-03-22 06:08:36,684] {logging_mixin.py:109} INFO - [2022-03-22 06:08:36,684] {dagbag.py:500} INFO - Filling up the DagBag from /home/lowenhard/acceleration/env/lib/python3.8/site-packages/airflow/example_dags/example_branch_python_dop_operator_3.py
[2022-03-22 06:08:36,706] {processor.py:654} INFO - DAG(s) dict_keys(['example_branch_dop_operator_v3']) retrieved from /home/lowenhard/acceleration/env/lib/python3.8/site-packages/airflow/example_dags/example_branch_python_dop_operator_3.py
[2022-03-22 06:08:36,715] {logging_mixin.py:109} INFO - [2022-03-22 06:08:36,715] {dag.py:2398} INFO - Sync 1 DAGs
[2022-03-22 06:08:36,732] {logging_mixin.py:109} INFO - [2022-03-22 06:08:36,732] {dag.py:2937} INFO - Setting next_dagrun for example_branch_dop_operator_v3 to 2022-03-22T11:07:00+00:00
[2022-03-22 06:08:37,788] {processor.py:171} INFO - Processing /home/lowenhard/acceleration/env/lib/python3.8/site-packages/airflow/example_dags/example_branch_python_dop_operator_3.py took 1.268 seconds
[2022-03-22 06:09:47,263] {processor.py:163} INFO - Started process (PID=1447) to work on /home/lowenhard/acceleration/env/lib/python3.8/site-packages/airflow/example_dags/example_branch_python_dop_operator_3.py
[2022-03-22 06:09:47,273] {processor.py:642} INFO - Processing file /home/lowenhard/acceleration/env/lib/python3.8/site-packages/airflow/example_dags/example_branch_python_dop_operator_3.py for tasks to queue
[2022-03-22 06:09:47,274] {logging_mixin.py:109} INFO - [2022-03-22 06:09:47,273] {dagbag.py:500} INFO - Filling up the DagBag from /home/lowenhard/acceleration/env/lib/python3.8/site-packages/airflow/example_dags/example_branch_python_dop_operator_3.py
[2022-03-22 06:09:47,295] {processor.py:654} INFO - DAG(s) dict_keys(['example_branch_dop_operator_v3']) retrieved from /home/lowenhard/acceleration/env/lib/python3.8/site-packages/airflow/example_dags/example_branch_python_dop_operator_3.py
[2022-03-22 06:09:47,308] {logging_mixin.py:109} INFO - [2022-03-22 06:09:47,308] {dag.py:2398} INFO - Sync 1 DAGs
[2022-03-22 06:09:47,327] {logging_mixin.py:109} INFO - [2022-03-22 06:09:47,327] {dag.py:2937} INFO - Setting next_dagrun for example_branch_dop_operator_v3 to 2022-03-22T11:08:00+00:00
[2022-03-22 06:09:48,379] {processor.py:171} INFO - Processing /home/lowenhard/acceleration/env/lib/python3.8/site-packages/airflow/example_dags/example_branch_python_dop_operator_3.py took 1.120 seconds
[2022-03-22 06:10:58,302] {processor.py:163} INFO - Started process (PID=1482) to work on /home/lowenhard/acceleration/env/lib/python3.8/site-packages/airflow/example_dags/example_branch_python_dop_operator_3.py
[2022-03-22 06:10:58,807] {processor.py:642} INFO - Processing file /home/lowenhard/acceleration/env/lib/python3.8/site-packages/airflow/example_dags/example_branch_python_dop_operator_3.py for tasks to queue
[2022-03-22 06:10:58,808] {logging_mixin.py:109} INFO - [2022-03-22 06:10:58,807] {dagbag.py:500} INFO - Filling up the DagBag from /home/lowenhard/acceleration/env/lib/python3.8/site-packages/airflow/example_dags/example_branch_python_dop_operator_3.py
[2022-03-22 06:10:58,829] {processor.py:654} INFO - DAG(s) dict_keys(['example_branch_dop_operator_v3']) retrieved from /home/lowenhard/acceleration/env/lib/python3.8/site-packages/airflow/example_dags/example_branch_python_dop_operator_3.py
[2022-03-22 06:10:58,838] {logging_mixin.py:109} INFO - [2022-03-22 06:10:58,838] {dag.py:2398} INFO - Sync 1 DAGs
[2022-03-22 06:10:58,855] {logging_mixin.py:109} INFO - [2022-03-22 06:10:58,855] {dag.py:2937} INFO - Setting next_dagrun for example_branch_dop_operator_v3 to 2022-03-22T11:09:00+00:00
[2022-03-22 06:11:00,007] {processor.py:171} INFO - Processing /home/lowenhard/acceleration/env/lib/python3.8/site-packages/airflow/example_dags/example_branch_python_dop_operator_3.py took 1.707 seconds
[2022-03-22 06:12:34,901] {processor.py:163} INFO - Started process (PID=1524) to work on /home/lowenhard/acceleration/env/lib/python3.8/site-packages/airflow/example_dags/example_branch_python_dop_operator_3.py
[2022-03-22 06:12:35,018] {processor.py:642} INFO - Processing file /home/lowenhard/acceleration/env/lib/python3.8/site-packages/airflow/example_dags/example_branch_python_dop_operator_3.py for tasks to queue
[2022-03-22 06:12:35,019] {logging_mixin.py:109} INFO - [2022-03-22 06:12:35,019] {dagbag.py:500} INFO - Filling up the DagBag from /home/lowenhard/acceleration/env/lib/python3.8/site-packages/airflow/example_dags/example_branch_python_dop_operator_3.py
[2022-03-22 06:12:35,041] {processor.py:654} INFO - DAG(s) dict_keys(['example_branch_dop_operator_v3']) retrieved from /home/lowenhard/acceleration/env/lib/python3.8/site-packages/airflow/example_dags/example_branch_python_dop_operator_3.py
[2022-03-22 06:12:35,049] {logging_mixin.py:109} INFO - [2022-03-22 06:12:35,049] {dag.py:2398} INFO - Sync 1 DAGs
[2022-03-22 06:12:35,066] {logging_mixin.py:109} INFO - [2022-03-22 06:12:35,066] {dag.py:2937} INFO - Setting next_dagrun for example_branch_dop_operator_v3 to 2022-03-22T11:11:00+00:00
[2022-03-22 06:12:36,077] {processor.py:171} INFO - Processing /home/lowenhard/acceleration/env/lib/python3.8/site-packages/airflow/example_dags/example_branch_python_dop_operator_3.py took 1.179 seconds
[2022-03-22 06:13:47,996] {processor.py:163} INFO - Started process (PID=1561) to work on /home/lowenhard/acceleration/env/lib/python3.8/site-packages/airflow/example_dags/example_branch_python_dop_operator_3.py
[2022-03-22 06:13:48,012] {processor.py:642} INFO - Processing file /home/lowenhard/acceleration/env/lib/python3.8/site-packages/airflow/example_dags/example_branch_python_dop_operator_3.py for tasks to queue
[2022-03-22 06:13:48,013] {logging_mixin.py:109} INFO - [2022-03-22 06:13:48,013] {dagbag.py:500} INFO - Filling up the DagBag from /home/lowenhard/acceleration/env/lib/python3.8/site-packages/airflow/example_dags/example_branch_python_dop_operator_3.py
[2022-03-22 06:13:48,033] {processor.py:654} INFO - DAG(s) dict_keys(['example_branch_dop_operator_v3']) retrieved from /home/lowenhard/acceleration/env/lib/python3.8/site-packages/airflow/example_dags/example_branch_python_dop_operator_3.py
[2022-03-22 06:13:48,041] {logging_mixin.py:109} INFO - [2022-03-22 06:13:48,041] {dag.py:2398} INFO - Sync 1 DAGs
[2022-03-22 06:13:48,062] {logging_mixin.py:109} INFO - [2022-03-22 06:13:48,062] {dag.py:2937} INFO - Setting next_dagrun for example_branch_dop_operator_v3 to 2022-03-22T11:12:00+00:00
[2022-03-22 06:13:50,095] {processor.py:171} INFO - Processing /home/lowenhard/acceleration/env/lib/python3.8/site-packages/airflow/example_dags/example_branch_python_dop_operator_3.py took 2.101 seconds
[2022-03-22 06:15:17,585] {processor.py:163} INFO - Started process (PID=1601) to work on /home/lowenhard/acceleration/env/lib/python3.8/site-packages/airflow/example_dags/example_branch_python_dop_operator_3.py
[2022-03-22 06:15:17,627] {processor.py:642} INFO - Processing file /home/lowenhard/acceleration/env/lib/python3.8/site-packages/airflow/example_dags/example_branch_python_dop_operator_3.py for tasks to queue
[2022-03-22 06:15:17,628] {logging_mixin.py:109} INFO - [2022-03-22 06:15:17,628] {dagbag.py:500} INFO - Filling up the DagBag from /home/lowenhard/acceleration/env/lib/python3.8/site-packages/airflow/example_dags/example_branch_python_dop_operator_3.py
[2022-03-22 06:15:17,650] {processor.py:654} INFO - DAG(s) dict_keys(['example_branch_dop_operator_v3']) retrieved from /home/lowenhard/acceleration/env/lib/python3.8/site-packages/airflow/example_dags/example_branch_python_dop_operator_3.py
[2022-03-22 06:15:17,662] {logging_mixin.py:109} INFO - [2022-03-22 06:15:17,662] {dag.py:2398} INFO - Sync 1 DAGs
[2022-03-22 06:15:17,688] {logging_mixin.py:109} INFO - [2022-03-22 06:15:17,688] {dag.py:2937} INFO - Setting next_dagrun for example_branch_dop_operator_v3 to 2022-03-22T11:14:00+00:00
[2022-03-22 06:15:18,617] {processor.py:171} INFO - Processing /home/lowenhard/acceleration/env/lib/python3.8/site-packages/airflow/example_dags/example_branch_python_dop_operator_3.py took 1.034 seconds
[2022-03-22 06:16:43,352] {processor.py:163} INFO - Started process (PID=1643) to work on /home/lowenhard/acceleration/env/lib/python3.8/site-packages/airflow/example_dags/example_branch_python_dop_operator_3.py
[2022-03-22 06:16:43,365] {processor.py:642} INFO - Processing file /home/lowenhard/acceleration/env/lib/python3.8/site-packages/airflow/example_dags/example_branch_python_dop_operator_3.py for tasks to queue
[2022-03-22 06:16:43,366] {logging_mixin.py:109} INFO - [2022-03-22 06:16:43,366] {dagbag.py:500} INFO - Filling up the DagBag from /home/lowenhard/acceleration/env/lib/python3.8/site-packages/airflow/example_dags/example_branch_python_dop_operator_3.py
[2022-03-22 06:16:43,398] {processor.py:654} INFO - DAG(s) dict_keys(['example_branch_dop_operator_v3']) retrieved from /home/lowenhard/acceleration/env/lib/python3.8/site-packages/airflow/example_dags/example_branch_python_dop_operator_3.py
[2022-03-22 06:16:43,409] {logging_mixin.py:109} INFO - [2022-03-22 06:16:43,408] {dag.py:2398} INFO - Sync 1 DAGs
[2022-03-22 06:16:43,435] {logging_mixin.py:109} INFO - [2022-03-22 06:16:43,435] {dag.py:2937} INFO - Setting next_dagrun for example_branch_dop_operator_v3 to 2022-03-22T11:15:00+00:00
[2022-03-22 06:16:43,784] {processor.py:171} INFO - Processing /home/lowenhard/acceleration/env/lib/python3.8/site-packages/airflow/example_dags/example_branch_python_dop_operator_3.py took 0.436 seconds
[2022-03-22 06:18:07,332] {processor.py:163} INFO - Started process (PID=1683) to work on /home/lowenhard/acceleration/env/lib/python3.8/site-packages/airflow/example_dags/example_branch_python_dop_operator_3.py
[2022-03-22 06:18:07,335] {processor.py:642} INFO - Processing file /home/lowenhard/acceleration/env/lib/python3.8/site-packages/airflow/example_dags/example_branch_python_dop_operator_3.py for tasks to queue
[2022-03-22 06:18:07,335] {logging_mixin.py:109} INFO - [2022-03-22 06:18:07,335] {dagbag.py:500} INFO - Filling up the DagBag from /home/lowenhard/acceleration/env/lib/python3.8/site-packages/airflow/example_dags/example_branch_python_dop_operator_3.py
[2022-03-22 06:18:07,361] {processor.py:654} INFO - DAG(s) dict_keys(['example_branch_dop_operator_v3']) retrieved from /home/lowenhard/acceleration/env/lib/python3.8/site-packages/airflow/example_dags/example_branch_python_dop_operator_3.py
[2022-03-22 06:18:07,373] {logging_mixin.py:109} INFO - [2022-03-22 06:18:07,373] {dag.py:2398} INFO - Sync 1 DAGs
[2022-03-22 06:18:07,400] {logging_mixin.py:109} INFO - [2022-03-22 06:18:07,400] {dag.py:2937} INFO - Setting next_dagrun for example_branch_dop_operator_v3 to 2022-03-22T11:17:00+00:00
[2022-03-22 06:18:07,567] {processor.py:171} INFO - Processing /home/lowenhard/acceleration/env/lib/python3.8/site-packages/airflow/example_dags/example_branch_python_dop_operator_3.py took 0.237 seconds
[2022-03-22 06:19:35,498] {processor.py:163} INFO - Started process (PID=1724) to work on /home/lowenhard/acceleration/env/lib/python3.8/site-packages/airflow/example_dags/example_branch_python_dop_operator_3.py
[2022-03-22 06:19:35,509] {processor.py:642} INFO - Processing file /home/lowenhard/acceleration/env/lib/python3.8/site-packages/airflow/example_dags/example_branch_python_dop_operator_3.py for tasks to queue
[2022-03-22 06:19:35,509] {logging_mixin.py:109} INFO - [2022-03-22 06:19:35,509] {dagbag.py:500} INFO - Filling up the DagBag from /home/lowenhard/acceleration/env/lib/python3.8/site-packages/airflow/example_dags/example_branch_python_dop_operator_3.py
[2022-03-22 06:19:35,529] {processor.py:654} INFO - DAG(s) dict_keys(['example_branch_dop_operator_v3']) retrieved from /home/lowenhard/acceleration/env/lib/python3.8/site-packages/airflow/example_dags/example_branch_python_dop_operator_3.py
[2022-03-22 06:19:35,537] {logging_mixin.py:109} INFO - [2022-03-22 06:19:35,537] {dag.py:2398} INFO - Sync 1 DAGs
[2022-03-22 06:19:35,552] {logging_mixin.py:109} INFO - [2022-03-22 06:19:35,551] {dag.py:2937} INFO - Setting next_dagrun for example_branch_dop_operator_v3 to 2022-03-22T11:18:00+00:00
[2022-03-22 06:19:37,373] {processor.py:171} INFO - Processing /home/lowenhard/acceleration/env/lib/python3.8/site-packages/airflow/example_dags/example_branch_python_dop_operator_3.py took 1.878 seconds
[2022-03-22 06:21:04,693] {processor.py:163} INFO - Started process (PID=1765) to work on /home/lowenhard/acceleration/env/lib/python3.8/site-packages/airflow/example_dags/example_branch_python_dop_operator_3.py
[2022-03-22 06:21:06,446] {processor.py:642} INFO - Processing file /home/lowenhard/acceleration/env/lib/python3.8/site-packages/airflow/example_dags/example_branch_python_dop_operator_3.py for tasks to queue
[2022-03-22 06:21:06,447] {logging_mixin.py:109} INFO - [2022-03-22 06:21:06,447] {dagbag.py:500} INFO - Filling up the DagBag from /home/lowenhard/acceleration/env/lib/python3.8/site-packages/airflow/example_dags/example_branch_python_dop_operator_3.py
[2022-03-22 06:21:06,468] {processor.py:654} INFO - DAG(s) dict_keys(['example_branch_dop_operator_v3']) retrieved from /home/lowenhard/acceleration/env/lib/python3.8/site-packages/airflow/example_dags/example_branch_python_dop_operator_3.py
[2022-03-22 06:21:06,481] {logging_mixin.py:109} INFO - [2022-03-22 06:21:06,481] {dag.py:2398} INFO - Sync 1 DAGs
[2022-03-22 06:21:06,500] {logging_mixin.py:109} INFO - [2022-03-22 06:21:06,500] {dag.py:2937} INFO - Setting next_dagrun for example_branch_dop_operator_v3 to 2022-03-22T11:20:00+00:00
[2022-03-22 06:21:07,360] {processor.py:171} INFO - Processing /home/lowenhard/acceleration/env/lib/python3.8/site-packages/airflow/example_dags/example_branch_python_dop_operator_3.py took 2.669 seconds
[2022-03-22 06:22:34,317] {processor.py:163} INFO - Started process (PID=1806) to work on /home/lowenhard/acceleration/env/lib/python3.8/site-packages/airflow/example_dags/example_branch_python_dop_operator_3.py
[2022-03-22 06:22:34,329] {processor.py:642} INFO - Processing file /home/lowenhard/acceleration/env/lib/python3.8/site-packages/airflow/example_dags/example_branch_python_dop_operator_3.py for tasks to queue
[2022-03-22 06:22:34,329] {logging_mixin.py:109} INFO - [2022-03-22 06:22:34,329] {dagbag.py:500} INFO - Filling up the DagBag from /home/lowenhard/acceleration/env/lib/python3.8/site-packages/airflow/example_dags/example_branch_python_dop_operator_3.py
[2022-03-22 06:22:34,352] {processor.py:654} INFO - DAG(s) dict_keys(['example_branch_dop_operator_v3']) retrieved from /home/lowenhard/acceleration/env/lib/python3.8/site-packages/airflow/example_dags/example_branch_python_dop_operator_3.py
[2022-03-22 06:22:34,362] {logging_mixin.py:109} INFO - [2022-03-22 06:22:34,362] {dag.py:2398} INFO - Sync 1 DAGs
[2022-03-22 06:22:34,383] {logging_mixin.py:109} INFO - [2022-03-22 06:22:34,383] {dag.py:2937} INFO - Setting next_dagrun for example_branch_dop_operator_v3 to 2022-03-22T11:21:00+00:00
[2022-03-22 06:22:34,611] {processor.py:171} INFO - Processing /home/lowenhard/acceleration/env/lib/python3.8/site-packages/airflow/example_dags/example_branch_python_dop_operator_3.py took 0.298 seconds
[2022-03-22 06:23:45,980] {processor.py:163} INFO - Started process (PID=1843) to work on /home/lowenhard/acceleration/env/lib/python3.8/site-packages/airflow/example_dags/example_branch_python_dop_operator_3.py
[2022-03-22 06:23:47,190] {processor.py:642} INFO - Processing file /home/lowenhard/acceleration/env/lib/python3.8/site-packages/airflow/example_dags/example_branch_python_dop_operator_3.py for tasks to queue
[2022-03-22 06:23:47,192] {logging_mixin.py:109} INFO - [2022-03-22 06:23:47,192] {dagbag.py:500} INFO - Filling up the DagBag from /home/lowenhard/acceleration/env/lib/python3.8/site-packages/airflow/example_dags/example_branch_python_dop_operator_3.py
[2022-03-22 06:23:47,222] {processor.py:654} INFO - DAG(s) dict_keys(['example_branch_dop_operator_v3']) retrieved from /home/lowenhard/acceleration/env/lib/python3.8/site-packages/airflow/example_dags/example_branch_python_dop_operator_3.py
[2022-03-22 06:23:47,231] {logging_mixin.py:109} INFO - [2022-03-22 06:23:47,231] {dag.py:2398} INFO - Sync 1 DAGs
[2022-03-22 06:23:47,248] {logging_mixin.py:109} INFO - [2022-03-22 06:23:47,248] {dag.py:2937} INFO - Setting next_dagrun for example_branch_dop_operator_v3 to 2022-03-22T11:22:00+00:00
[2022-03-22 06:23:47,462] {processor.py:171} INFO - Processing /home/lowenhard/acceleration/env/lib/python3.8/site-packages/airflow/example_dags/example_branch_python_dop_operator_3.py took 1.485 seconds
[2022-03-22 06:25:09,414] {processor.py:163} INFO - Started process (PID=1882) to work on /home/lowenhard/acceleration/env/lib/python3.8/site-packages/airflow/example_dags/example_branch_python_dop_operator_3.py
[2022-03-22 06:25:09,460] {processor.py:642} INFO - Processing file /home/lowenhard/acceleration/env/lib/python3.8/site-packages/airflow/example_dags/example_branch_python_dop_operator_3.py for tasks to queue
[2022-03-22 06:25:09,461] {logging_mixin.py:109} INFO - [2022-03-22 06:25:09,461] {dagbag.py:500} INFO - Filling up the DagBag from /home/lowenhard/acceleration/env/lib/python3.8/site-packages/airflow/example_dags/example_branch_python_dop_operator_3.py
[2022-03-22 06:25:09,486] {processor.py:654} INFO - DAG(s) dict_keys(['example_branch_dop_operator_v3']) retrieved from /home/lowenhard/acceleration/env/lib/python3.8/site-packages/airflow/example_dags/example_branch_python_dop_operator_3.py
[2022-03-22 06:25:09,500] {logging_mixin.py:109} INFO - [2022-03-22 06:25:09,500] {dag.py:2398} INFO - Sync 1 DAGs
[2022-03-22 06:25:09,544] {logging_mixin.py:109} INFO - [2022-03-22 06:25:09,544] {dag.py:2937} INFO - Setting next_dagrun for example_branch_dop_operator_v3 to 2022-03-22T11:24:00+00:00
[2022-03-22 06:25:12,934] {processor.py:171} INFO - Processing /home/lowenhard/acceleration/env/lib/python3.8/site-packages/airflow/example_dags/example_branch_python_dop_operator_3.py took 3.524 seconds
[2022-03-22 06:26:57,393] {processor.py:163} INFO - Started process (PID=1928) to work on /home/lowenhard/acceleration/env/lib/python3.8/site-packages/airflow/example_dags/example_branch_python_dop_operator_3.py
[2022-03-22 06:26:57,407] {processor.py:642} INFO - Processing file /home/lowenhard/acceleration/env/lib/python3.8/site-packages/airflow/example_dags/example_branch_python_dop_operator_3.py for tasks to queue
[2022-03-22 06:26:57,408] {logging_mixin.py:109} INFO - [2022-03-22 06:26:57,408] {dagbag.py:500} INFO - Filling up the DagBag from /home/lowenhard/acceleration/env/lib/python3.8/site-packages/airflow/example_dags/example_branch_python_dop_operator_3.py
[2022-03-22 06:26:57,438] {processor.py:654} INFO - DAG(s) dict_keys(['example_branch_dop_operator_v3']) retrieved from /home/lowenhard/acceleration/env/lib/python3.8/site-packages/airflow/example_dags/example_branch_python_dop_operator_3.py
[2022-03-22 06:26:57,449] {logging_mixin.py:109} INFO - [2022-03-22 06:26:57,448] {dag.py:2398} INFO - Sync 1 DAGs
[2022-03-22 06:26:57,476] {logging_mixin.py:109} INFO - [2022-03-22 06:26:57,476] {dag.py:2937} INFO - Setting next_dagrun for example_branch_dop_operator_v3 to 2022-03-22T11:25:00+00:00
[2022-03-22 06:26:59,440] {processor.py:171} INFO - Processing /home/lowenhard/acceleration/env/lib/python3.8/site-packages/airflow/example_dags/example_branch_python_dop_operator_3.py took 2.048 seconds
[2022-03-22 06:28:25,344] {processor.py:163} INFO - Started process (PID=1970) to work on /home/lowenhard/acceleration/env/lib/python3.8/site-packages/airflow/example_dags/example_branch_python_dop_operator_3.py
[2022-03-22 06:28:25,381] {processor.py:642} INFO - Processing file /home/lowenhard/acceleration/env/lib/python3.8/site-packages/airflow/example_dags/example_branch_python_dop_operator_3.py for tasks to queue
[2022-03-22 06:28:25,381] {logging_mixin.py:109} INFO - [2022-03-22 06:28:25,381] {dagbag.py:500} INFO - Filling up the DagBag from /home/lowenhard/acceleration/env/lib/python3.8/site-packages/airflow/example_dags/example_branch_python_dop_operator_3.py
[2022-03-22 06:28:25,409] {processor.py:654} INFO - DAG(s) dict_keys(['example_branch_dop_operator_v3']) retrieved from /home/lowenhard/acceleration/env/lib/python3.8/site-packages/airflow/example_dags/example_branch_python_dop_operator_3.py
[2022-03-22 06:28:25,422] {logging_mixin.py:109} INFO - [2022-03-22 06:28:25,422] {dag.py:2398} INFO - Sync 1 DAGs
[2022-03-22 06:28:25,442] {logging_mixin.py:109} INFO - [2022-03-22 06:28:25,441] {dag.py:2937} INFO - Setting next_dagrun for example_branch_dop_operator_v3 to 2022-03-22T11:27:00+00:00
[2022-03-22 06:28:25,742] {processor.py:171} INFO - Processing /home/lowenhard/acceleration/env/lib/python3.8/site-packages/airflow/example_dags/example_branch_python_dop_operator_3.py took 0.399 seconds
[2022-03-22 06:29:44,862] {processor.py:163} INFO - Started process (PID=2008) to work on /home/lowenhard/acceleration/env/lib/python3.8/site-packages/airflow/example_dags/example_branch_python_dop_operator_3.py
[2022-03-22 06:29:44,871] {processor.py:642} INFO - Processing file /home/lowenhard/acceleration/env/lib/python3.8/site-packages/airflow/example_dags/example_branch_python_dop_operator_3.py for tasks to queue
[2022-03-22 06:29:44,872] {logging_mixin.py:109} INFO - [2022-03-22 06:29:44,872] {dagbag.py:500} INFO - Filling up the DagBag from /home/lowenhard/acceleration/env/lib/python3.8/site-packages/airflow/example_dags/example_branch_python_dop_operator_3.py
[2022-03-22 06:29:44,892] {processor.py:654} INFO - DAG(s) dict_keys(['example_branch_dop_operator_v3']) retrieved from /home/lowenhard/acceleration/env/lib/python3.8/site-packages/airflow/example_dags/example_branch_python_dop_operator_3.py
[2022-03-22 06:29:44,901] {logging_mixin.py:109} INFO - [2022-03-22 06:29:44,900] {dag.py:2398} INFO - Sync 1 DAGs
[2022-03-22 06:29:44,918] {logging_mixin.py:109} INFO - [2022-03-22 06:29:44,918] {dag.py:2937} INFO - Setting next_dagrun for example_branch_dop_operator_v3 to 2022-03-22T11:28:00+00:00
[2022-03-22 06:29:46,516] {processor.py:171} INFO - Processing /home/lowenhard/acceleration/env/lib/python3.8/site-packages/airflow/example_dags/example_branch_python_dop_operator_3.py took 1.657 seconds
[2022-03-22 06:31:14,947] {processor.py:163} INFO - Started process (PID=2048) to work on /home/lowenhard/acceleration/env/lib/python3.8/site-packages/airflow/example_dags/example_branch_python_dop_operator_3.py
[2022-03-22 06:31:14,980] {processor.py:642} INFO - Processing file /home/lowenhard/acceleration/env/lib/python3.8/site-packages/airflow/example_dags/example_branch_python_dop_operator_3.py for tasks to queue
[2022-03-22 06:31:14,980] {logging_mixin.py:109} INFO - [2022-03-22 06:31:14,980] {dagbag.py:500} INFO - Filling up the DagBag from /home/lowenhard/acceleration/env/lib/python3.8/site-packages/airflow/example_dags/example_branch_python_dop_operator_3.py
[2022-03-22 06:31:15,009] {processor.py:654} INFO - DAG(s) dict_keys(['example_branch_dop_operator_v3']) retrieved from /home/lowenhard/acceleration/env/lib/python3.8/site-packages/airflow/example_dags/example_branch_python_dop_operator_3.py
[2022-03-22 06:31:15,019] {logging_mixin.py:109} INFO - [2022-03-22 06:31:15,018] {dag.py:2398} INFO - Sync 1 DAGs
[2022-03-22 06:31:15,037] {logging_mixin.py:109} INFO - [2022-03-22 06:31:15,037] {dag.py:2937} INFO - Setting next_dagrun for example_branch_dop_operator_v3 to 2022-03-22T11:30:00+00:00
[2022-03-22 06:31:15,324] {processor.py:171} INFO - Processing /home/lowenhard/acceleration/env/lib/python3.8/site-packages/airflow/example_dags/example_branch_python_dop_operator_3.py took 0.379 seconds
[2022-03-22 06:32:43,746] {processor.py:163} INFO - Started process (PID=2089) to work on /home/lowenhard/acceleration/env/lib/python3.8/site-packages/airflow/example_dags/example_branch_python_dop_operator_3.py
[2022-03-22 06:32:43,791] {processor.py:642} INFO - Processing file /home/lowenhard/acceleration/env/lib/python3.8/site-packages/airflow/example_dags/example_branch_python_dop_operator_3.py for tasks to queue
[2022-03-22 06:32:43,792] {logging_mixin.py:109} INFO - [2022-03-22 06:32:43,792] {dagbag.py:500} INFO - Filling up the DagBag from /home/lowenhard/acceleration/env/lib/python3.8/site-packages/airflow/example_dags/example_branch_python_dop_operator_3.py
[2022-03-22 06:32:43,816] {processor.py:654} INFO - DAG(s) dict_keys(['example_branch_dop_operator_v3']) retrieved from /home/lowenhard/acceleration/env/lib/python3.8/site-packages/airflow/example_dags/example_branch_python_dop_operator_3.py
[2022-03-22 06:32:43,825] {logging_mixin.py:109} INFO - [2022-03-22 06:32:43,825] {dag.py:2398} INFO - Sync 1 DAGs
[2022-03-22 06:32:43,842] {logging_mixin.py:109} INFO - [2022-03-22 06:32:43,842] {dag.py:2937} INFO - Setting next_dagrun for example_branch_dop_operator_v3 to 2022-03-22T11:31:00+00:00
[2022-03-22 06:32:46,622] {processor.py:171} INFO - Processing /home/lowenhard/acceleration/env/lib/python3.8/site-packages/airflow/example_dags/example_branch_python_dop_operator_3.py took 2.879 seconds
[2022-03-22 06:34:23,516] {processor.py:163} INFO - Started process (PID=2131) to work on /home/lowenhard/acceleration/env/lib/python3.8/site-packages/airflow/example_dags/example_branch_python_dop_operator_3.py
[2022-03-22 06:34:23,530] {processor.py:642} INFO - Processing file /home/lowenhard/acceleration/env/lib/python3.8/site-packages/airflow/example_dags/example_branch_python_dop_operator_3.py for tasks to queue
[2022-03-22 06:34:23,531] {logging_mixin.py:109} INFO - [2022-03-22 06:34:23,531] {dagbag.py:500} INFO - Filling up the DagBag from /home/lowenhard/acceleration/env/lib/python3.8/site-packages/airflow/example_dags/example_branch_python_dop_operator_3.py
[2022-03-22 06:34:23,550] {processor.py:654} INFO - DAG(s) dict_keys(['example_branch_dop_operator_v3']) retrieved from /home/lowenhard/acceleration/env/lib/python3.8/site-packages/airflow/example_dags/example_branch_python_dop_operator_3.py
[2022-03-22 06:34:23,558] {logging_mixin.py:109} INFO - [2022-03-22 06:34:23,558] {dag.py:2398} INFO - Sync 1 DAGs
[2022-03-22 06:34:23,575] {logging_mixin.py:109} INFO - [2022-03-22 06:34:23,574] {dag.py:2937} INFO - Setting next_dagrun for example_branch_dop_operator_v3 to 2022-03-22T11:33:00+00:00
[2022-03-22 06:34:24,684] {processor.py:171} INFO - Processing /home/lowenhard/acceleration/env/lib/python3.8/site-packages/airflow/example_dags/example_branch_python_dop_operator_3.py took 1.170 seconds
[2022-03-22 06:35:45,288] {processor.py:163} INFO - Started process (PID=2171) to work on /home/lowenhard/acceleration/env/lib/python3.8/site-packages/airflow/example_dags/example_branch_python_dop_operator_3.py
[2022-03-22 06:35:45,396] {processor.py:642} INFO - Processing file /home/lowenhard/acceleration/env/lib/python3.8/site-packages/airflow/example_dags/example_branch_python_dop_operator_3.py for tasks to queue
[2022-03-22 06:35:45,396] {logging_mixin.py:109} INFO - [2022-03-22 06:35:45,396] {dagbag.py:500} INFO - Filling up the DagBag from /home/lowenhard/acceleration/env/lib/python3.8/site-packages/airflow/example_dags/example_branch_python_dop_operator_3.py
[2022-03-22 06:35:45,418] {processor.py:654} INFO - DAG(s) dict_keys(['example_branch_dop_operator_v3']) retrieved from /home/lowenhard/acceleration/env/lib/python3.8/site-packages/airflow/example_dags/example_branch_python_dop_operator_3.py
[2022-03-22 06:35:45,430] {logging_mixin.py:109} INFO - [2022-03-22 06:35:45,430] {dag.py:2398} INFO - Sync 1 DAGs
[2022-03-22 06:35:45,447] {logging_mixin.py:109} INFO - [2022-03-22 06:35:45,447] {dag.py:2937} INFO - Setting next_dagrun for example_branch_dop_operator_v3 to 2022-03-22T11:34:00+00:00
[2022-03-22 06:35:46,389] {processor.py:171} INFO - Processing /home/lowenhard/acceleration/env/lib/python3.8/site-packages/airflow/example_dags/example_branch_python_dop_operator_3.py took 1.104 seconds
[2022-03-22 06:37:06,920] {processor.py:163} INFO - Started process (PID=2210) to work on /home/lowenhard/acceleration/env/lib/python3.8/site-packages/airflow/example_dags/example_branch_python_dop_operator_3.py
[2022-03-22 06:37:06,932] {processor.py:642} INFO - Processing file /home/lowenhard/acceleration/env/lib/python3.8/site-packages/airflow/example_dags/example_branch_python_dop_operator_3.py for tasks to queue
[2022-03-22 06:37:06,933] {logging_mixin.py:109} INFO - [2022-03-22 06:37:06,933] {dagbag.py:500} INFO - Filling up the DagBag from /home/lowenhard/acceleration/env/lib/python3.8/site-packages/airflow/example_dags/example_branch_python_dop_operator_3.py
[2022-03-22 06:37:06,960] {processor.py:654} INFO - DAG(s) dict_keys(['example_branch_dop_operator_v3']) retrieved from /home/lowenhard/acceleration/env/lib/python3.8/site-packages/airflow/example_dags/example_branch_python_dop_operator_3.py
[2022-03-22 06:37:06,970] {logging_mixin.py:109} INFO - [2022-03-22 06:37:06,970] {dag.py:2398} INFO - Sync 1 DAGs
[2022-03-22 06:37:06,989] {logging_mixin.py:109} INFO - [2022-03-22 06:37:06,989] {dag.py:2937} INFO - Setting next_dagrun for example_branch_dop_operator_v3 to 2022-03-22T11:36:00+00:00
[2022-03-22 06:37:09,599] {processor.py:171} INFO - Processing /home/lowenhard/acceleration/env/lib/python3.8/site-packages/airflow/example_dags/example_branch_python_dop_operator_3.py took 2.682 seconds
[2022-03-22 06:38:25,958] {processor.py:163} INFO - Started process (PID=2249) to work on /home/lowenhard/acceleration/env/lib/python3.8/site-packages/airflow/example_dags/example_branch_python_dop_operator_3.py
[2022-03-22 06:38:25,988] {processor.py:642} INFO - Processing file /home/lowenhard/acceleration/env/lib/python3.8/site-packages/airflow/example_dags/example_branch_python_dop_operator_3.py for tasks to queue
[2022-03-22 06:38:25,988] {logging_mixin.py:109} INFO - [2022-03-22 06:38:25,988] {dagbag.py:500} INFO - Filling up the DagBag from /home/lowenhard/acceleration/env/lib/python3.8/site-packages/airflow/example_dags/example_branch_python_dop_operator_3.py
[2022-03-22 06:38:26,009] {processor.py:654} INFO - DAG(s) dict_keys(['example_branch_dop_operator_v3']) retrieved from /home/lowenhard/acceleration/env/lib/python3.8/site-packages/airflow/example_dags/example_branch_python_dop_operator_3.py
[2022-03-22 06:38:26,018] {logging_mixin.py:109} INFO - [2022-03-22 06:38:26,018] {dag.py:2398} INFO - Sync 1 DAGs
[2022-03-22 06:38:26,035] {logging_mixin.py:109} INFO - [2022-03-22 06:38:26,035] {dag.py:2937} INFO - Setting next_dagrun for example_branch_dop_operator_v3 to 2022-03-22T11:37:00+00:00
[2022-03-22 06:38:28,403] {processor.py:171} INFO - Processing /home/lowenhard/acceleration/env/lib/python3.8/site-packages/airflow/example_dags/example_branch_python_dop_operator_3.py took 2.446 seconds
[2022-03-22 06:39:57,915] {processor.py:163} INFO - Started process (PID=2290) to work on /home/lowenhard/acceleration/env/lib/python3.8/site-packages/airflow/example_dags/example_branch_python_dop_operator_3.py
[2022-03-22 06:39:57,926] {processor.py:642} INFO - Processing file /home/lowenhard/acceleration/env/lib/python3.8/site-packages/airflow/example_dags/example_branch_python_dop_operator_3.py for tasks to queue
[2022-03-22 06:39:57,927] {logging_mixin.py:109} INFO - [2022-03-22 06:39:57,927] {dagbag.py:500} INFO - Filling up the DagBag from /home/lowenhard/acceleration/env/lib/python3.8/site-packages/airflow/example_dags/example_branch_python_dop_operator_3.py
[2022-03-22 06:39:57,949] {processor.py:654} INFO - DAG(s) dict_keys(['example_branch_dop_operator_v3']) retrieved from /home/lowenhard/acceleration/env/lib/python3.8/site-packages/airflow/example_dags/example_branch_python_dop_operator_3.py
[2022-03-22 06:39:57,957] {logging_mixin.py:109} INFO - [2022-03-22 06:39:57,957] {dag.py:2398} INFO - Sync 1 DAGs
[2022-03-22 06:39:57,974] {logging_mixin.py:109} INFO - [2022-03-22 06:39:57,974] {dag.py:2937} INFO - Setting next_dagrun for example_branch_dop_operator_v3 to 2022-03-22T11:38:00+00:00
[2022-03-22 06:39:58,759] {processor.py:171} INFO - Processing /home/lowenhard/acceleration/env/lib/python3.8/site-packages/airflow/example_dags/example_branch_python_dop_operator_3.py took 0.847 seconds
[2022-03-22 06:41:33,126] {processor.py:163} INFO - Started process (PID=2332) to work on /home/lowenhard/acceleration/env/lib/python3.8/site-packages/airflow/example_dags/example_branch_python_dop_operator_3.py
[2022-03-22 06:41:33,146] {processor.py:642} INFO - Processing file /home/lowenhard/acceleration/env/lib/python3.8/site-packages/airflow/example_dags/example_branch_python_dop_operator_3.py for tasks to queue
[2022-03-22 06:41:33,147] {logging_mixin.py:109} INFO - [2022-03-22 06:41:33,146] {dagbag.py:500} INFO - Filling up the DagBag from /home/lowenhard/acceleration/env/lib/python3.8/site-packages/airflow/example_dags/example_branch_python_dop_operator_3.py
[2022-03-22 06:41:33,167] {processor.py:654} INFO - DAG(s) dict_keys(['example_branch_dop_operator_v3']) retrieved from /home/lowenhard/acceleration/env/lib/python3.8/site-packages/airflow/example_dags/example_branch_python_dop_operator_3.py
[2022-03-22 06:41:33,176] {logging_mixin.py:109} INFO - [2022-03-22 06:41:33,175] {dag.py:2398} INFO - Sync 1 DAGs
[2022-03-22 06:41:33,192] {logging_mixin.py:109} INFO - [2022-03-22 06:41:33,192] {dag.py:2937} INFO - Setting next_dagrun for example_branch_dop_operator_v3 to 2022-03-22T11:40:00+00:00
[2022-03-22 06:41:33,334] {processor.py:171} INFO - Processing /home/lowenhard/acceleration/env/lib/python3.8/site-packages/airflow/example_dags/example_branch_python_dop_operator_3.py took 0.213 seconds
[2022-03-22 06:42:50,861] {processor.py:163} INFO - Started process (PID=2370) to work on /home/lowenhard/acceleration/env/lib/python3.8/site-packages/airflow/example_dags/example_branch_python_dop_operator_3.py
[2022-03-22 06:42:50,862] {processor.py:642} INFO - Processing file /home/lowenhard/acceleration/env/lib/python3.8/site-packages/airflow/example_dags/example_branch_python_dop_operator_3.py for tasks to queue
[2022-03-22 06:42:50,863] {logging_mixin.py:109} INFO - [2022-03-22 06:42:50,863] {dagbag.py:500} INFO - Filling up the DagBag from /home/lowenhard/acceleration/env/lib/python3.8/site-packages/airflow/example_dags/example_branch_python_dop_operator_3.py
[2022-03-22 06:42:50,884] {processor.py:654} INFO - DAG(s) dict_keys(['example_branch_dop_operator_v3']) retrieved from /home/lowenhard/acceleration/env/lib/python3.8/site-packages/airflow/example_dags/example_branch_python_dop_operator_3.py
[2022-03-22 06:42:50,893] {logging_mixin.py:109} INFO - [2022-03-22 06:42:50,893] {dag.py:2398} INFO - Sync 1 DAGs
[2022-03-22 06:42:50,910] {logging_mixin.py:109} INFO - [2022-03-22 06:42:50,910] {dag.py:2937} INFO - Setting next_dagrun for example_branch_dop_operator_v3 to 2022-03-22T11:41:00+00:00
[2022-03-22 06:42:51,070] {processor.py:171} INFO - Processing /home/lowenhard/acceleration/env/lib/python3.8/site-packages/airflow/example_dags/example_branch_python_dop_operator_3.py took 0.212 seconds
[2022-03-22 06:44:13,730] {processor.py:163} INFO - Started process (PID=2412) to work on /home/lowenhard/acceleration/env/lib/python3.8/site-packages/airflow/example_dags/example_branch_python_dop_operator_3.py
[2022-03-22 06:44:13,739] {processor.py:642} INFO - Processing file /home/lowenhard/acceleration/env/lib/python3.8/site-packages/airflow/example_dags/example_branch_python_dop_operator_3.py for tasks to queue
[2022-03-22 06:44:13,740] {logging_mixin.py:109} INFO - [2022-03-22 06:44:13,740] {dagbag.py:500} INFO - Filling up the DagBag from /home/lowenhard/acceleration/env/lib/python3.8/site-packages/airflow/example_dags/example_branch_python_dop_operator_3.py
[2022-03-22 06:44:13,761] {processor.py:654} INFO - DAG(s) dict_keys(['example_branch_dop_operator_v3']) retrieved from /home/lowenhard/acceleration/env/lib/python3.8/site-packages/airflow/example_dags/example_branch_python_dop_operator_3.py
[2022-03-22 06:44:13,769] {logging_mixin.py:109} INFO - [2022-03-22 06:44:13,769] {dag.py:2398} INFO - Sync 1 DAGs
[2022-03-22 06:44:13,787] {logging_mixin.py:109} INFO - [2022-03-22 06:44:13,787] {dag.py:2937} INFO - Setting next_dagrun for example_branch_dop_operator_v3 to 2022-03-22T11:43:00+00:00
[2022-03-22 06:44:15,444] {processor.py:171} INFO - Processing /home/lowenhard/acceleration/env/lib/python3.8/site-packages/airflow/example_dags/example_branch_python_dop_operator_3.py took 1.716 seconds
[2022-03-22 06:45:51,138] {processor.py:163} INFO - Started process (PID=2458) to work on /home/lowenhard/acceleration/env/lib/python3.8/site-packages/airflow/example_dags/example_branch_python_dop_operator_3.py
[2022-03-22 06:45:51,224] {processor.py:642} INFO - Processing file /home/lowenhard/acceleration/env/lib/python3.8/site-packages/airflow/example_dags/example_branch_python_dop_operator_3.py for tasks to queue
[2022-03-22 06:45:51,225] {logging_mixin.py:109} INFO - [2022-03-22 06:45:51,225] {dagbag.py:500} INFO - Filling up the DagBag from /home/lowenhard/acceleration/env/lib/python3.8/site-packages/airflow/example_dags/example_branch_python_dop_operator_3.py
[2022-03-22 06:45:51,248] {processor.py:654} INFO - DAG(s) dict_keys(['example_branch_dop_operator_v3']) retrieved from /home/lowenhard/acceleration/env/lib/python3.8/site-packages/airflow/example_dags/example_branch_python_dop_operator_3.py
[2022-03-22 06:45:51,258] {logging_mixin.py:109} INFO - [2022-03-22 06:45:51,258] {dag.py:2398} INFO - Sync 1 DAGs
[2022-03-22 06:45:51,352] {logging_mixin.py:109} INFO - [2022-03-22 06:45:51,352] {dag.py:2937} INFO - Setting next_dagrun for example_branch_dop_operator_v3 to 2022-03-22T11:44:00+00:00
[2022-03-22 06:45:51,687] {processor.py:171} INFO - Processing /home/lowenhard/acceleration/env/lib/python3.8/site-packages/airflow/example_dags/example_branch_python_dop_operator_3.py took 0.551 seconds
[2022-03-22 06:47:14,270] {processor.py:163} INFO - Started process (PID=2509) to work on /home/lowenhard/acceleration/env/lib/python3.8/site-packages/airflow/example_dags/example_branch_python_dop_operator_3.py
[2022-03-22 06:47:14,280] {processor.py:642} INFO - Processing file /home/lowenhard/acceleration/env/lib/python3.8/site-packages/airflow/example_dags/example_branch_python_dop_operator_3.py for tasks to queue
[2022-03-22 06:47:14,280] {logging_mixin.py:109} INFO - [2022-03-22 06:47:14,280] {dagbag.py:500} INFO - Filling up the DagBag from /home/lowenhard/acceleration/env/lib/python3.8/site-packages/airflow/example_dags/example_branch_python_dop_operator_3.py
[2022-03-22 06:47:14,304] {processor.py:654} INFO - DAG(s) dict_keys(['example_branch_dop_operator_v3']) retrieved from /home/lowenhard/acceleration/env/lib/python3.8/site-packages/airflow/example_dags/example_branch_python_dop_operator_3.py
[2022-03-22 06:47:14,375] {logging_mixin.py:109} INFO - [2022-03-22 06:47:14,375] {dag.py:2398} INFO - Sync 1 DAGs
[2022-03-22 06:47:14,391] {logging_mixin.py:109} INFO - [2022-03-22 06:47:14,391] {dag.py:2937} INFO - Setting next_dagrun for example_branch_dop_operator_v3 to 2022-03-22T11:46:00+00:00
[2022-03-22 06:47:16,094] {processor.py:171} INFO - Processing /home/lowenhard/acceleration/env/lib/python3.8/site-packages/airflow/example_dags/example_branch_python_dop_operator_3.py took 1.825 seconds
