[2022-03-22 05:35:13,533] {processor.py:163} INFO - Started process (PID=183) to work on /home/lowenhard/acceleration/env/lib/python3.8/site-packages/airflow/example_dags/example_branch_datetime_operator.py
[2022-03-22 05:35:13,534] {processor.py:642} INFO - Processing file /home/lowenhard/acceleration/env/lib/python3.8/site-packages/airflow/example_dags/example_branch_datetime_operator.py for tasks to queue
[2022-03-22 05:35:13,535] {logging_mixin.py:109} INFO - [2022-03-22 05:35:13,535] {dagbag.py:500} INFO - Filling up the DagBag from /home/lowenhard/acceleration/env/lib/python3.8/site-packages/airflow/example_dags/example_branch_datetime_operator.py
[2022-03-22 05:35:13,555] {processor.py:654} INFO - DAG(s) dict_keys(['example_branch_datetime_operator_2']) retrieved from /home/lowenhard/acceleration/env/lib/python3.8/site-packages/airflow/example_dags/example_branch_datetime_operator.py
[2022-03-22 05:35:13,564] {logging_mixin.py:109} INFO - [2022-03-22 05:35:13,563] {dag.py:2398} INFO - Sync 1 DAGs
[2022-03-22 05:35:13,578] {logging_mixin.py:109} INFO - [2022-03-22 05:35:13,578] {dag.py:2937} INFO - Setting next_dagrun for example_branch_datetime_operator_2 to 2022-03-21 00:00:00+00:00
[2022-03-22 05:35:13,785] {processor.py:171} INFO - Processing /home/lowenhard/acceleration/env/lib/python3.8/site-packages/airflow/example_dags/example_branch_datetime_operator.py took 0.254 seconds
[2022-03-22 05:36:14,018] {processor.py:163} INFO - Started process (PID=222) to work on /home/lowenhard/acceleration/env/lib/python3.8/site-packages/airflow/example_dags/example_branch_datetime_operator.py
[2022-03-22 05:36:14,045] {processor.py:642} INFO - Processing file /home/lowenhard/acceleration/env/lib/python3.8/site-packages/airflow/example_dags/example_branch_datetime_operator.py for tasks to queue
[2022-03-22 05:36:14,045] {logging_mixin.py:109} INFO - [2022-03-22 05:36:14,045] {dagbag.py:500} INFO - Filling up the DagBag from /home/lowenhard/acceleration/env/lib/python3.8/site-packages/airflow/example_dags/example_branch_datetime_operator.py
[2022-03-22 05:36:14,065] {processor.py:654} INFO - DAG(s) dict_keys(['example_branch_datetime_operator_2']) retrieved from /home/lowenhard/acceleration/env/lib/python3.8/site-packages/airflow/example_dags/example_branch_datetime_operator.py
[2022-03-22 05:36:14,073] {logging_mixin.py:109} INFO - [2022-03-22 05:36:14,073] {dag.py:2398} INFO - Sync 1 DAGs
[2022-03-22 05:36:14,086] {logging_mixin.py:109} INFO - [2022-03-22 05:36:14,086] {dag.py:2937} INFO - Setting next_dagrun for example_branch_datetime_operator_2 to 2022-03-21 00:00:00+00:00
[2022-03-22 05:36:14,310] {processor.py:171} INFO - Processing /home/lowenhard/acceleration/env/lib/python3.8/site-packages/airflow/example_dags/example_branch_datetime_operator.py took 0.294 seconds
[2022-03-22 05:37:26,003] {processor.py:163} INFO - Started process (PID=265) to work on /home/lowenhard/acceleration/env/lib/python3.8/site-packages/airflow/example_dags/example_branch_datetime_operator.py
[2022-03-22 05:37:26,025] {processor.py:642} INFO - Processing file /home/lowenhard/acceleration/env/lib/python3.8/site-packages/airflow/example_dags/example_branch_datetime_operator.py for tasks to queue
[2022-03-22 05:37:26,026] {logging_mixin.py:109} INFO - [2022-03-22 05:37:26,026] {dagbag.py:500} INFO - Filling up the DagBag from /home/lowenhard/acceleration/env/lib/python3.8/site-packages/airflow/example_dags/example_branch_datetime_operator.py
[2022-03-22 05:37:26,046] {processor.py:654} INFO - DAG(s) dict_keys(['example_branch_datetime_operator_2']) retrieved from /home/lowenhard/acceleration/env/lib/python3.8/site-packages/airflow/example_dags/example_branch_datetime_operator.py
[2022-03-22 05:37:26,054] {logging_mixin.py:109} INFO - [2022-03-22 05:37:26,054] {dag.py:2398} INFO - Sync 1 DAGs
[2022-03-22 05:37:26,068] {logging_mixin.py:109} INFO - [2022-03-22 05:37:26,068] {dag.py:2937} INFO - Setting next_dagrun for example_branch_datetime_operator_2 to 2022-03-21 00:00:00+00:00
[2022-03-22 05:37:26,319] {processor.py:171} INFO - Processing /home/lowenhard/acceleration/env/lib/python3.8/site-packages/airflow/example_dags/example_branch_datetime_operator.py took 0.319 seconds
[2022-03-22 05:38:27,149] {processor.py:163} INFO - Started process (PID=299) to work on /home/lowenhard/acceleration/env/lib/python3.8/site-packages/airflow/example_dags/example_branch_datetime_operator.py
[2022-03-22 05:38:27,205] {processor.py:642} INFO - Processing file /home/lowenhard/acceleration/env/lib/python3.8/site-packages/airflow/example_dags/example_branch_datetime_operator.py for tasks to queue
[2022-03-22 05:38:27,207] {logging_mixin.py:109} INFO - [2022-03-22 05:38:27,207] {dagbag.py:500} INFO - Filling up the DagBag from /home/lowenhard/acceleration/env/lib/python3.8/site-packages/airflow/example_dags/example_branch_datetime_operator.py
[2022-03-22 05:38:31,169] {processor.py:654} INFO - DAG(s) dict_keys(['example_branch_datetime_operator_2']) retrieved from /home/lowenhard/acceleration/env/lib/python3.8/site-packages/airflow/example_dags/example_branch_datetime_operator.py
[2022-03-22 05:38:31,178] {logging_mixin.py:109} INFO - [2022-03-22 05:38:31,178] {dag.py:2398} INFO - Sync 1 DAGs
[2022-03-22 05:38:35,291] {logging_mixin.py:109} INFO - [2022-03-22 05:38:35,291] {dag.py:2937} INFO - Setting next_dagrun for example_branch_datetime_operator_2 to 2022-03-21 00:00:00+00:00
[2022-03-22 05:38:35,660] {processor.py:171} INFO - Processing /home/lowenhard/acceleration/env/lib/python3.8/site-packages/airflow/example_dags/example_branch_datetime_operator.py took 8.513 seconds
[2022-03-22 05:39:33,395] {processor.py:163} INFO - Started process (PID=335) to work on /home/lowenhard/acceleration/env/lib/python3.8/site-packages/airflow/example_dags/example_branch_datetime_operator.py
[2022-03-22 05:39:33,451] {processor.py:642} INFO - Processing file /home/lowenhard/acceleration/env/lib/python3.8/site-packages/airflow/example_dags/example_branch_datetime_operator.py for tasks to queue
[2022-03-22 05:39:33,451] {logging_mixin.py:109} INFO - [2022-03-22 05:39:33,451] {dagbag.py:500} INFO - Filling up the DagBag from /home/lowenhard/acceleration/env/lib/python3.8/site-packages/airflow/example_dags/example_branch_datetime_operator.py
[2022-03-22 05:39:33,471] {processor.py:654} INFO - DAG(s) dict_keys(['example_branch_datetime_operator_2']) retrieved from /home/lowenhard/acceleration/env/lib/python3.8/site-packages/airflow/example_dags/example_branch_datetime_operator.py
[2022-03-22 05:39:33,480] {logging_mixin.py:109} INFO - [2022-03-22 05:39:33,480] {dag.py:2398} INFO - Sync 1 DAGs
[2022-03-22 05:39:33,494] {logging_mixin.py:109} INFO - [2022-03-22 05:39:33,493] {dag.py:2937} INFO - Setting next_dagrun for example_branch_datetime_operator_2 to 2022-03-21 00:00:00+00:00
[2022-03-22 05:39:33,720] {processor.py:171} INFO - Processing /home/lowenhard/acceleration/env/lib/python3.8/site-packages/airflow/example_dags/example_branch_datetime_operator.py took 0.327 seconds
[2022-03-22 05:40:53,169] {processor.py:163} INFO - Started process (PID=382) to work on /home/lowenhard/acceleration/env/lib/python3.8/site-packages/airflow/example_dags/example_branch_datetime_operator.py
[2022-03-22 05:40:53,184] {processor.py:642} INFO - Processing file /home/lowenhard/acceleration/env/lib/python3.8/site-packages/airflow/example_dags/example_branch_datetime_operator.py for tasks to queue
[2022-03-22 05:40:53,185] {logging_mixin.py:109} INFO - [2022-03-22 05:40:53,185] {dagbag.py:500} INFO - Filling up the DagBag from /home/lowenhard/acceleration/env/lib/python3.8/site-packages/airflow/example_dags/example_branch_datetime_operator.py
[2022-03-22 05:40:53,244] {processor.py:654} INFO - DAG(s) dict_keys(['example_branch_datetime_operator_2']) retrieved from /home/lowenhard/acceleration/env/lib/python3.8/site-packages/airflow/example_dags/example_branch_datetime_operator.py
[2022-03-22 05:40:53,260] {logging_mixin.py:109} INFO - [2022-03-22 05:40:53,260] {dag.py:2398} INFO - Sync 1 DAGs
[2022-03-22 05:40:53,279] {logging_mixin.py:109} INFO - [2022-03-22 05:40:53,279] {dag.py:2937} INFO - Setting next_dagrun for example_branch_datetime_operator_2 to 2022-03-21 00:00:00+00:00
[2022-03-22 05:40:53,450] {processor.py:171} INFO - Processing /home/lowenhard/acceleration/env/lib/python3.8/site-packages/airflow/example_dags/example_branch_datetime_operator.py took 0.284 seconds
[2022-03-22 05:42:16,292] {processor.py:163} INFO - Started process (PID=427) to work on /home/lowenhard/acceleration/env/lib/python3.8/site-packages/airflow/example_dags/example_branch_datetime_operator.py
[2022-03-22 05:42:16,311] {processor.py:642} INFO - Processing file /home/lowenhard/acceleration/env/lib/python3.8/site-packages/airflow/example_dags/example_branch_datetime_operator.py for tasks to queue
[2022-03-22 05:42:16,312] {logging_mixin.py:109} INFO - [2022-03-22 05:42:16,312] {dagbag.py:500} INFO - Filling up the DagBag from /home/lowenhard/acceleration/env/lib/python3.8/site-packages/airflow/example_dags/example_branch_datetime_operator.py
[2022-03-22 05:42:16,347] {processor.py:654} INFO - DAG(s) dict_keys(['example_branch_datetime_operator_2']) retrieved from /home/lowenhard/acceleration/env/lib/python3.8/site-packages/airflow/example_dags/example_branch_datetime_operator.py
[2022-03-22 05:42:16,362] {logging_mixin.py:109} INFO - [2022-03-22 05:42:16,362] {dag.py:2398} INFO - Sync 1 DAGs
[2022-03-22 05:42:16,385] {logging_mixin.py:109} INFO - [2022-03-22 05:42:16,384] {dag.py:2937} INFO - Setting next_dagrun for example_branch_datetime_operator_2 to 2022-03-21 00:00:00+00:00
[2022-03-22 05:42:16,551] {processor.py:171} INFO - Processing /home/lowenhard/acceleration/env/lib/python3.8/site-packages/airflow/example_dags/example_branch_datetime_operator.py took 0.264 seconds
[2022-03-22 05:43:27,410] {processor.py:163} INFO - Started process (PID=471) to work on /home/lowenhard/acceleration/env/lib/python3.8/site-packages/airflow/example_dags/example_branch_datetime_operator.py
[2022-03-22 05:43:27,433] {processor.py:642} INFO - Processing file /home/lowenhard/acceleration/env/lib/python3.8/site-packages/airflow/example_dags/example_branch_datetime_operator.py for tasks to queue
[2022-03-22 05:43:27,434] {logging_mixin.py:109} INFO - [2022-03-22 05:43:27,434] {dagbag.py:500} INFO - Filling up the DagBag from /home/lowenhard/acceleration/env/lib/python3.8/site-packages/airflow/example_dags/example_branch_datetime_operator.py
[2022-03-22 05:43:27,470] {processor.py:654} INFO - DAG(s) dict_keys(['example_branch_datetime_operator_2']) retrieved from /home/lowenhard/acceleration/env/lib/python3.8/site-packages/airflow/example_dags/example_branch_datetime_operator.py
[2022-03-22 05:43:27,486] {logging_mixin.py:109} INFO - [2022-03-22 05:43:27,486] {dag.py:2398} INFO - Sync 1 DAGs
[2022-03-22 05:43:27,511] {logging_mixin.py:109} INFO - [2022-03-22 05:43:27,511] {dag.py:2937} INFO - Setting next_dagrun for example_branch_datetime_operator_2 to 2022-03-21 00:00:00+00:00
[2022-03-22 05:43:27,769] {processor.py:171} INFO - Processing /home/lowenhard/acceleration/env/lib/python3.8/site-packages/airflow/example_dags/example_branch_datetime_operator.py took 0.363 seconds
[2022-03-22 05:44:43,395] {processor.py:163} INFO - Started process (PID=517) to work on /home/lowenhard/acceleration/env/lib/python3.8/site-packages/airflow/example_dags/example_branch_datetime_operator.py
[2022-03-22 05:44:43,475] {processor.py:642} INFO - Processing file /home/lowenhard/acceleration/env/lib/python3.8/site-packages/airflow/example_dags/example_branch_datetime_operator.py for tasks to queue
[2022-03-22 05:44:43,475] {logging_mixin.py:109} INFO - [2022-03-22 05:44:43,475] {dagbag.py:500} INFO - Filling up the DagBag from /home/lowenhard/acceleration/env/lib/python3.8/site-packages/airflow/example_dags/example_branch_datetime_operator.py
[2022-03-22 05:44:43,497] {processor.py:654} INFO - DAG(s) dict_keys(['example_branch_datetime_operator_2']) retrieved from /home/lowenhard/acceleration/env/lib/python3.8/site-packages/airflow/example_dags/example_branch_datetime_operator.py
[2022-03-22 05:44:43,506] {logging_mixin.py:109} INFO - [2022-03-22 05:44:43,506] {dag.py:2398} INFO - Sync 1 DAGs
[2022-03-22 05:44:43,521] {logging_mixin.py:109} INFO - [2022-03-22 05:44:43,521] {dag.py:2937} INFO - Setting next_dagrun for example_branch_datetime_operator_2 to 2022-03-21 00:00:00+00:00
[2022-03-22 05:44:43,751] {processor.py:171} INFO - Processing /home/lowenhard/acceleration/env/lib/python3.8/site-packages/airflow/example_dags/example_branch_datetime_operator.py took 0.359 seconds
[2022-03-22 05:45:45,129] {processor.py:163} INFO - Started process (PID=557) to work on /home/lowenhard/acceleration/env/lib/python3.8/site-packages/airflow/example_dags/example_branch_datetime_operator.py
[2022-03-22 05:45:45,153] {processor.py:642} INFO - Processing file /home/lowenhard/acceleration/env/lib/python3.8/site-packages/airflow/example_dags/example_branch_datetime_operator.py for tasks to queue
[2022-03-22 05:45:45,154] {logging_mixin.py:109} INFO - [2022-03-22 05:45:45,154] {dagbag.py:500} INFO - Filling up the DagBag from /home/lowenhard/acceleration/env/lib/python3.8/site-packages/airflow/example_dags/example_branch_datetime_operator.py
[2022-03-22 05:45:45,175] {processor.py:654} INFO - DAG(s) dict_keys(['example_branch_datetime_operator_2']) retrieved from /home/lowenhard/acceleration/env/lib/python3.8/site-packages/airflow/example_dags/example_branch_datetime_operator.py
[2022-03-22 05:45:45,185] {logging_mixin.py:109} INFO - [2022-03-22 05:45:45,185] {dag.py:2398} INFO - Sync 1 DAGs
[2022-03-22 05:45:45,198] {logging_mixin.py:109} INFO - [2022-03-22 05:45:45,198] {dag.py:2937} INFO - Setting next_dagrun for example_branch_datetime_operator_2 to 2022-03-21 00:00:00+00:00
[2022-03-22 05:45:45,409] {processor.py:171} INFO - Processing /home/lowenhard/acceleration/env/lib/python3.8/site-packages/airflow/example_dags/example_branch_datetime_operator.py took 0.282 seconds
[2022-03-22 05:46:51,980] {processor.py:163} INFO - Started process (PID=716) to work on /home/lowenhard/acceleration/env/lib/python3.8/site-packages/airflow/example_dags/example_branch_datetime_operator.py
[2022-03-22 05:46:51,993] {processor.py:642} INFO - Processing file /home/lowenhard/acceleration/env/lib/python3.8/site-packages/airflow/example_dags/example_branch_datetime_operator.py for tasks to queue
[2022-03-22 05:46:51,994] {logging_mixin.py:109} INFO - [2022-03-22 05:46:51,993] {dagbag.py:500} INFO - Filling up the DagBag from /home/lowenhard/acceleration/env/lib/python3.8/site-packages/airflow/example_dags/example_branch_datetime_operator.py
[2022-03-22 05:46:52,014] {processor.py:654} INFO - DAG(s) dict_keys(['example_branch_datetime_operator_2']) retrieved from /home/lowenhard/acceleration/env/lib/python3.8/site-packages/airflow/example_dags/example_branch_datetime_operator.py
[2022-03-22 05:46:52,023] {logging_mixin.py:109} INFO - [2022-03-22 05:46:52,023] {dag.py:2398} INFO - Sync 1 DAGs
[2022-03-22 05:46:52,036] {logging_mixin.py:109} INFO - [2022-03-22 05:46:52,036] {dag.py:2937} INFO - Setting next_dagrun for example_branch_datetime_operator_2 to 2022-03-21 00:00:00+00:00
[2022-03-22 05:46:52,267] {processor.py:171} INFO - Processing /home/lowenhard/acceleration/env/lib/python3.8/site-packages/airflow/example_dags/example_branch_datetime_operator.py took 0.290 seconds
[2022-03-22 05:47:45,971] {processor.py:163} INFO - Started process (PID=771) to work on /home/lowenhard/acceleration/env/lib/python3.8/site-packages/airflow/example_dags/example_branch_datetime_operator.py
[2022-03-22 05:47:46,003] {processor.py:642} INFO - Processing file /home/lowenhard/acceleration/env/lib/python3.8/site-packages/airflow/example_dags/example_branch_datetime_operator.py for tasks to queue
[2022-03-22 05:47:46,004] {logging_mixin.py:109} INFO - [2022-03-22 05:47:46,004] {dagbag.py:500} INFO - Filling up the DagBag from /home/lowenhard/acceleration/env/lib/python3.8/site-packages/airflow/example_dags/example_branch_datetime_operator.py
[2022-03-22 05:47:46,027] {processor.py:654} INFO - DAG(s) dict_keys(['example_branch_datetime_operator_2']) retrieved from /home/lowenhard/acceleration/env/lib/python3.8/site-packages/airflow/example_dags/example_branch_datetime_operator.py
[2022-03-22 05:47:46,037] {logging_mixin.py:109} INFO - [2022-03-22 05:47:46,037] {dag.py:2398} INFO - Sync 1 DAGs
[2022-03-22 05:47:46,052] {logging_mixin.py:109} INFO - [2022-03-22 05:47:46,052] {dag.py:2937} INFO - Setting next_dagrun for example_branch_datetime_operator_2 to 2022-03-21 00:00:00+00:00
[2022-03-22 05:47:46,295] {processor.py:171} INFO - Processing /home/lowenhard/acceleration/env/lib/python3.8/site-packages/airflow/example_dags/example_branch_datetime_operator.py took 0.327 seconds
[2022-03-22 05:48:39,694] {processor.py:163} INFO - Started process (PID=807) to work on /home/lowenhard/acceleration/env/lib/python3.8/site-packages/airflow/example_dags/example_branch_datetime_operator.py
[2022-03-22 05:48:39,731] {processor.py:642} INFO - Processing file /home/lowenhard/acceleration/env/lib/python3.8/site-packages/airflow/example_dags/example_branch_datetime_operator.py for tasks to queue
[2022-03-22 05:48:39,732] {logging_mixin.py:109} INFO - [2022-03-22 05:48:39,732] {dagbag.py:500} INFO - Filling up the DagBag from /home/lowenhard/acceleration/env/lib/python3.8/site-packages/airflow/example_dags/example_branch_datetime_operator.py
[2022-03-22 05:48:39,757] {processor.py:654} INFO - DAG(s) dict_keys(['example_branch_datetime_operator_2']) retrieved from /home/lowenhard/acceleration/env/lib/python3.8/site-packages/airflow/example_dags/example_branch_datetime_operator.py
[2022-03-22 05:48:39,768] {logging_mixin.py:109} INFO - [2022-03-22 05:48:39,767] {dag.py:2398} INFO - Sync 1 DAGs
[2022-03-22 05:48:39,781] {logging_mixin.py:109} INFO - [2022-03-22 05:48:39,781] {dag.py:2937} INFO - Setting next_dagrun for example_branch_datetime_operator_2 to 2022-03-21 00:00:00+00:00
[2022-03-22 05:48:39,973] {processor.py:171} INFO - Processing /home/lowenhard/acceleration/env/lib/python3.8/site-packages/airflow/example_dags/example_branch_datetime_operator.py took 0.281 seconds
[2022-03-22 05:49:33,115] {processor.py:163} INFO - Started process (PID=844) to work on /home/lowenhard/acceleration/env/lib/python3.8/site-packages/airflow/example_dags/example_branch_datetime_operator.py
[2022-03-22 05:49:33,125] {processor.py:642} INFO - Processing file /home/lowenhard/acceleration/env/lib/python3.8/site-packages/airflow/example_dags/example_branch_datetime_operator.py for tasks to queue
[2022-03-22 05:49:33,126] {logging_mixin.py:109} INFO - [2022-03-22 05:49:33,126] {dagbag.py:500} INFO - Filling up the DagBag from /home/lowenhard/acceleration/env/lib/python3.8/site-packages/airflow/example_dags/example_branch_datetime_operator.py
[2022-03-22 05:49:33,151] {processor.py:654} INFO - DAG(s) dict_keys(['example_branch_datetime_operator_2']) retrieved from /home/lowenhard/acceleration/env/lib/python3.8/site-packages/airflow/example_dags/example_branch_datetime_operator.py
[2022-03-22 05:49:33,160] {logging_mixin.py:109} INFO - [2022-03-22 05:49:33,160] {dag.py:2398} INFO - Sync 1 DAGs
[2022-03-22 05:49:33,173] {logging_mixin.py:109} INFO - [2022-03-22 05:49:33,173] {dag.py:2937} INFO - Setting next_dagrun for example_branch_datetime_operator_2 to 2022-03-21 00:00:00+00:00
[2022-03-22 05:49:33,745] {processor.py:171} INFO - Processing /home/lowenhard/acceleration/env/lib/python3.8/site-packages/airflow/example_dags/example_branch_datetime_operator.py took 0.633 seconds
[2022-03-22 05:50:38,852] {processor.py:163} INFO - Started process (PID=887) to work on /home/lowenhard/acceleration/env/lib/python3.8/site-packages/airflow/example_dags/example_branch_datetime_operator.py
[2022-03-22 05:50:38,875] {processor.py:642} INFO - Processing file /home/lowenhard/acceleration/env/lib/python3.8/site-packages/airflow/example_dags/example_branch_datetime_operator.py for tasks to queue
[2022-03-22 05:50:38,876] {logging_mixin.py:109} INFO - [2022-03-22 05:50:38,876] {dagbag.py:500} INFO - Filling up the DagBag from /home/lowenhard/acceleration/env/lib/python3.8/site-packages/airflow/example_dags/example_branch_datetime_operator.py
[2022-03-22 05:50:38,901] {processor.py:654} INFO - DAG(s) dict_keys(['example_branch_datetime_operator_2']) retrieved from /home/lowenhard/acceleration/env/lib/python3.8/site-packages/airflow/example_dags/example_branch_datetime_operator.py
[2022-03-22 05:50:38,912] {logging_mixin.py:109} INFO - [2022-03-22 05:50:38,911] {dag.py:2398} INFO - Sync 1 DAGs
[2022-03-22 05:50:38,932] {logging_mixin.py:109} INFO - [2022-03-22 05:50:38,932] {dag.py:2937} INFO - Setting next_dagrun for example_branch_datetime_operator_2 to 2022-03-21 00:00:00+00:00
[2022-03-22 05:50:39,229] {processor.py:171} INFO - Processing /home/lowenhard/acceleration/env/lib/python3.8/site-packages/airflow/example_dags/example_branch_datetime_operator.py took 0.379 seconds
[2022-03-22 05:51:40,960] {processor.py:163} INFO - Started process (PID=927) to work on /home/lowenhard/acceleration/env/lib/python3.8/site-packages/airflow/example_dags/example_branch_datetime_operator.py
[2022-03-22 05:51:40,965] {processor.py:642} INFO - Processing file /home/lowenhard/acceleration/env/lib/python3.8/site-packages/airflow/example_dags/example_branch_datetime_operator.py for tasks to queue
[2022-03-22 05:51:40,966] {logging_mixin.py:109} INFO - [2022-03-22 05:51:40,966] {dagbag.py:500} INFO - Filling up the DagBag from /home/lowenhard/acceleration/env/lib/python3.8/site-packages/airflow/example_dags/example_branch_datetime_operator.py
[2022-03-22 05:51:40,987] {processor.py:654} INFO - DAG(s) dict_keys(['example_branch_datetime_operator_2']) retrieved from /home/lowenhard/acceleration/env/lib/python3.8/site-packages/airflow/example_dags/example_branch_datetime_operator.py
[2022-03-22 05:51:40,998] {logging_mixin.py:109} INFO - [2022-03-22 05:51:40,998] {dag.py:2398} INFO - Sync 1 DAGs
[2022-03-22 05:51:41,012] {logging_mixin.py:109} INFO - [2022-03-22 05:51:41,012] {dag.py:2937} INFO - Setting next_dagrun for example_branch_datetime_operator_2 to 2022-03-21 00:00:00+00:00
[2022-03-22 05:51:41,249] {processor.py:171} INFO - Processing /home/lowenhard/acceleration/env/lib/python3.8/site-packages/airflow/example_dags/example_branch_datetime_operator.py took 0.292 seconds
[2022-03-22 05:52:45,744] {processor.py:163} INFO - Started process (PID=961) to work on /home/lowenhard/acceleration/env/lib/python3.8/site-packages/airflow/example_dags/example_branch_datetime_operator.py
[2022-03-22 05:52:45,791] {processor.py:642} INFO - Processing file /home/lowenhard/acceleration/env/lib/python3.8/site-packages/airflow/example_dags/example_branch_datetime_operator.py for tasks to queue
[2022-03-22 05:52:45,791] {logging_mixin.py:109} INFO - [2022-03-22 05:52:45,791] {dagbag.py:500} INFO - Filling up the DagBag from /home/lowenhard/acceleration/env/lib/python3.8/site-packages/airflow/example_dags/example_branch_datetime_operator.py
[2022-03-22 05:52:45,815] {processor.py:654} INFO - DAG(s) dict_keys(['example_branch_datetime_operator_2']) retrieved from /home/lowenhard/acceleration/env/lib/python3.8/site-packages/airflow/example_dags/example_branch_datetime_operator.py
[2022-03-22 05:52:45,825] {logging_mixin.py:109} INFO - [2022-03-22 05:52:45,825] {dag.py:2398} INFO - Sync 1 DAGs
[2022-03-22 05:52:45,840] {logging_mixin.py:109} INFO - [2022-03-22 05:52:45,840] {dag.py:2937} INFO - Setting next_dagrun for example_branch_datetime_operator_2 to 2022-03-21 00:00:00+00:00
[2022-03-22 05:52:47,563] {processor.py:171} INFO - Processing /home/lowenhard/acceleration/env/lib/python3.8/site-packages/airflow/example_dags/example_branch_datetime_operator.py took 1.821 seconds
[2022-03-22 05:54:11,400] {processor.py:163} INFO - Started process (PID=1007) to work on /home/lowenhard/acceleration/env/lib/python3.8/site-packages/airflow/example_dags/example_branch_datetime_operator.py
[2022-03-22 05:54:11,954] {processor.py:642} INFO - Processing file /home/lowenhard/acceleration/env/lib/python3.8/site-packages/airflow/example_dags/example_branch_datetime_operator.py for tasks to queue
[2022-03-22 05:54:11,955] {logging_mixin.py:109} INFO - [2022-03-22 05:54:11,954] {dagbag.py:500} INFO - Filling up the DagBag from /home/lowenhard/acceleration/env/lib/python3.8/site-packages/airflow/example_dags/example_branch_datetime_operator.py
[2022-03-22 05:54:11,979] {processor.py:654} INFO - DAG(s) dict_keys(['example_branch_datetime_operator_2']) retrieved from /home/lowenhard/acceleration/env/lib/python3.8/site-packages/airflow/example_dags/example_branch_datetime_operator.py
[2022-03-22 05:54:11,993] {logging_mixin.py:109} INFO - [2022-03-22 05:54:11,993] {dag.py:2398} INFO - Sync 1 DAGs
[2022-03-22 05:54:12,014] {logging_mixin.py:109} INFO - [2022-03-22 05:54:12,014] {dag.py:2937} INFO - Setting next_dagrun for example_branch_datetime_operator_2 to 2022-03-21 00:00:00+00:00
[2022-03-22 05:54:13,491] {processor.py:171} INFO - Processing /home/lowenhard/acceleration/env/lib/python3.8/site-packages/airflow/example_dags/example_branch_datetime_operator.py took 2.094 seconds
[2022-03-22 05:55:43,816] {processor.py:163} INFO - Started process (PID=1048) to work on /home/lowenhard/acceleration/env/lib/python3.8/site-packages/airflow/example_dags/example_branch_datetime_operator.py
[2022-03-22 05:55:44,109] {processor.py:642} INFO - Processing file /home/lowenhard/acceleration/env/lib/python3.8/site-packages/airflow/example_dags/example_branch_datetime_operator.py for tasks to queue
[2022-03-22 05:55:44,110] {logging_mixin.py:109} INFO - [2022-03-22 05:55:44,109] {dagbag.py:500} INFO - Filling up the DagBag from /home/lowenhard/acceleration/env/lib/python3.8/site-packages/airflow/example_dags/example_branch_datetime_operator.py
[2022-03-22 05:55:44,130] {processor.py:654} INFO - DAG(s) dict_keys(['example_branch_datetime_operator_2']) retrieved from /home/lowenhard/acceleration/env/lib/python3.8/site-packages/airflow/example_dags/example_branch_datetime_operator.py
[2022-03-22 05:55:44,139] {logging_mixin.py:109} INFO - [2022-03-22 05:55:44,139] {dag.py:2398} INFO - Sync 1 DAGs
[2022-03-22 05:55:44,153] {logging_mixin.py:109} INFO - [2022-03-22 05:55:44,153] {dag.py:2937} INFO - Setting next_dagrun for example_branch_datetime_operator_2 to 2022-03-21 00:00:00+00:00
[2022-03-22 05:55:45,397] {processor.py:171} INFO - Processing /home/lowenhard/acceleration/env/lib/python3.8/site-packages/airflow/example_dags/example_branch_datetime_operator.py took 1.584 seconds
[2022-03-22 05:57:10,941] {processor.py:163} INFO - Started process (PID=1088) to work on /home/lowenhard/acceleration/env/lib/python3.8/site-packages/airflow/example_dags/example_branch_datetime_operator.py
[2022-03-22 05:57:10,959] {processor.py:642} INFO - Processing file /home/lowenhard/acceleration/env/lib/python3.8/site-packages/airflow/example_dags/example_branch_datetime_operator.py for tasks to queue
[2022-03-22 05:57:10,960] {logging_mixin.py:109} INFO - [2022-03-22 05:57:10,959] {dagbag.py:500} INFO - Filling up the DagBag from /home/lowenhard/acceleration/env/lib/python3.8/site-packages/airflow/example_dags/example_branch_datetime_operator.py
[2022-03-22 05:57:10,984] {processor.py:654} INFO - DAG(s) dict_keys(['example_branch_datetime_operator_2']) retrieved from /home/lowenhard/acceleration/env/lib/python3.8/site-packages/airflow/example_dags/example_branch_datetime_operator.py
[2022-03-22 05:57:10,993] {logging_mixin.py:109} INFO - [2022-03-22 05:57:10,993] {dag.py:2398} INFO - Sync 1 DAGs
[2022-03-22 05:57:11,006] {logging_mixin.py:109} INFO - [2022-03-22 05:57:11,006] {dag.py:2937} INFO - Setting next_dagrun for example_branch_datetime_operator_2 to 2022-03-21 00:00:00+00:00
[2022-03-22 05:57:11,172] {processor.py:171} INFO - Processing /home/lowenhard/acceleration/env/lib/python3.8/site-packages/airflow/example_dags/example_branch_datetime_operator.py took 0.233 seconds
[2022-03-22 05:58:40,671] {processor.py:163} INFO - Started process (PID=1126) to work on /home/lowenhard/acceleration/env/lib/python3.8/site-packages/airflow/example_dags/example_branch_datetime_operator.py
[2022-03-22 05:58:40,786] {processor.py:642} INFO - Processing file /home/lowenhard/acceleration/env/lib/python3.8/site-packages/airflow/example_dags/example_branch_datetime_operator.py for tasks to queue
[2022-03-22 05:58:40,786] {logging_mixin.py:109} INFO - [2022-03-22 05:58:40,786] {dagbag.py:500} INFO - Filling up the DagBag from /home/lowenhard/acceleration/env/lib/python3.8/site-packages/airflow/example_dags/example_branch_datetime_operator.py
[2022-03-22 05:58:40,807] {processor.py:654} INFO - DAG(s) dict_keys(['example_branch_datetime_operator_2']) retrieved from /home/lowenhard/acceleration/env/lib/python3.8/site-packages/airflow/example_dags/example_branch_datetime_operator.py
[2022-03-22 05:58:40,815] {logging_mixin.py:109} INFO - [2022-03-22 05:58:40,815] {dag.py:2398} INFO - Sync 1 DAGs
[2022-03-22 05:58:40,829] {logging_mixin.py:109} INFO - [2022-03-22 05:58:40,828] {dag.py:2937} INFO - Setting next_dagrun for example_branch_datetime_operator_2 to 2022-03-21 00:00:00+00:00
[2022-03-22 05:58:42,094] {processor.py:171} INFO - Processing /home/lowenhard/acceleration/env/lib/python3.8/site-packages/airflow/example_dags/example_branch_datetime_operator.py took 1.424 seconds
[2022-03-22 06:00:08,747] {processor.py:163} INFO - Started process (PID=1167) to work on /home/lowenhard/acceleration/env/lib/python3.8/site-packages/airflow/example_dags/example_branch_datetime_operator.py
[2022-03-22 06:00:09,887] {processor.py:642} INFO - Processing file /home/lowenhard/acceleration/env/lib/python3.8/site-packages/airflow/example_dags/example_branch_datetime_operator.py for tasks to queue
[2022-03-22 06:00:09,887] {logging_mixin.py:109} INFO - [2022-03-22 06:00:09,887] {dagbag.py:500} INFO - Filling up the DagBag from /home/lowenhard/acceleration/env/lib/python3.8/site-packages/airflow/example_dags/example_branch_datetime_operator.py
[2022-03-22 06:00:09,909] {processor.py:654} INFO - DAG(s) dict_keys(['example_branch_datetime_operator_2']) retrieved from /home/lowenhard/acceleration/env/lib/python3.8/site-packages/airflow/example_dags/example_branch_datetime_operator.py
[2022-03-22 06:00:09,917] {logging_mixin.py:109} INFO - [2022-03-22 06:00:09,917] {dag.py:2398} INFO - Sync 1 DAGs
[2022-03-22 06:00:09,932] {logging_mixin.py:109} INFO - [2022-03-22 06:00:09,932] {dag.py:2937} INFO - Setting next_dagrun for example_branch_datetime_operator_2 to 2022-03-21 00:00:00+00:00
[2022-03-22 06:00:10,169] {processor.py:171} INFO - Processing /home/lowenhard/acceleration/env/lib/python3.8/site-packages/airflow/example_dags/example_branch_datetime_operator.py took 1.424 seconds
[2022-03-22 06:01:29,574] {processor.py:163} INFO - Started process (PID=1205) to work on /home/lowenhard/acceleration/env/lib/python3.8/site-packages/airflow/example_dags/example_branch_datetime_operator.py
[2022-03-22 06:01:29,795] {processor.py:642} INFO - Processing file /home/lowenhard/acceleration/env/lib/python3.8/site-packages/airflow/example_dags/example_branch_datetime_operator.py for tasks to queue
[2022-03-22 06:01:29,795] {logging_mixin.py:109} INFO - [2022-03-22 06:01:29,795] {dagbag.py:500} INFO - Filling up the DagBag from /home/lowenhard/acceleration/env/lib/python3.8/site-packages/airflow/example_dags/example_branch_datetime_operator.py
[2022-03-22 06:01:29,817] {processor.py:654} INFO - DAG(s) dict_keys(['example_branch_datetime_operator_2']) retrieved from /home/lowenhard/acceleration/env/lib/python3.8/site-packages/airflow/example_dags/example_branch_datetime_operator.py
[2022-03-22 06:01:29,828] {logging_mixin.py:109} INFO - [2022-03-22 06:01:29,828] {dag.py:2398} INFO - Sync 1 DAGs
[2022-03-22 06:01:29,842] {logging_mixin.py:109} INFO - [2022-03-22 06:01:29,841] {dag.py:2937} INFO - Setting next_dagrun for example_branch_datetime_operator_2 to 2022-03-21 00:00:00+00:00
[2022-03-22 06:01:31,264] {processor.py:171} INFO - Processing /home/lowenhard/acceleration/env/lib/python3.8/site-packages/airflow/example_dags/example_branch_datetime_operator.py took 1.692 seconds
[2022-03-22 06:02:50,888] {processor.py:163} INFO - Started process (PID=1242) to work on /home/lowenhard/acceleration/env/lib/python3.8/site-packages/airflow/example_dags/example_branch_datetime_operator.py
[2022-03-22 06:02:50,919] {processor.py:642} INFO - Processing file /home/lowenhard/acceleration/env/lib/python3.8/site-packages/airflow/example_dags/example_branch_datetime_operator.py for tasks to queue
[2022-03-22 06:02:50,919] {logging_mixin.py:109} INFO - [2022-03-22 06:02:50,919] {dagbag.py:500} INFO - Filling up the DagBag from /home/lowenhard/acceleration/env/lib/python3.8/site-packages/airflow/example_dags/example_branch_datetime_operator.py
[2022-03-22 06:02:50,945] {processor.py:654} INFO - DAG(s) dict_keys(['example_branch_datetime_operator_2']) retrieved from /home/lowenhard/acceleration/env/lib/python3.8/site-packages/airflow/example_dags/example_branch_datetime_operator.py
[2022-03-22 06:02:50,954] {logging_mixin.py:109} INFO - [2022-03-22 06:02:50,954] {dag.py:2398} INFO - Sync 1 DAGs
[2022-03-22 06:02:50,970] {logging_mixin.py:109} INFO - [2022-03-22 06:02:50,970] {dag.py:2937} INFO - Setting next_dagrun for example_branch_datetime_operator_2 to 2022-03-21 00:00:00+00:00
[2022-03-22 06:02:51,980] {processor.py:171} INFO - Processing /home/lowenhard/acceleration/env/lib/python3.8/site-packages/airflow/example_dags/example_branch_datetime_operator.py took 1.094 seconds
[2022-03-22 06:04:11,853] {processor.py:163} INFO - Started process (PID=1281) to work on /home/lowenhard/acceleration/env/lib/python3.8/site-packages/airflow/example_dags/example_branch_datetime_operator.py
[2022-03-22 06:04:11,856] {processor.py:642} INFO - Processing file /home/lowenhard/acceleration/env/lib/python3.8/site-packages/airflow/example_dags/example_branch_datetime_operator.py for tasks to queue
[2022-03-22 06:04:11,857] {logging_mixin.py:109} INFO - [2022-03-22 06:04:11,857] {dagbag.py:500} INFO - Filling up the DagBag from /home/lowenhard/acceleration/env/lib/python3.8/site-packages/airflow/example_dags/example_branch_datetime_operator.py
[2022-03-22 06:04:11,878] {processor.py:654} INFO - DAG(s) dict_keys(['example_branch_datetime_operator_2']) retrieved from /home/lowenhard/acceleration/env/lib/python3.8/site-packages/airflow/example_dags/example_branch_datetime_operator.py
[2022-03-22 06:04:11,886] {logging_mixin.py:109} INFO - [2022-03-22 06:04:11,886] {dag.py:2398} INFO - Sync 1 DAGs
[2022-03-22 06:04:11,900] {logging_mixin.py:109} INFO - [2022-03-22 06:04:11,900] {dag.py:2937} INFO - Setting next_dagrun for example_branch_datetime_operator_2 to 2022-03-21 00:00:00+00:00
[2022-03-22 06:04:12,983] {processor.py:171} INFO - Processing /home/lowenhard/acceleration/env/lib/python3.8/site-packages/airflow/example_dags/example_branch_datetime_operator.py took 1.132 seconds
[2022-03-22 06:05:29,974] {processor.py:163} INFO - Started process (PID=1319) to work on /home/lowenhard/acceleration/env/lib/python3.8/site-packages/airflow/example_dags/example_branch_datetime_operator.py
[2022-03-22 06:05:29,982] {processor.py:642} INFO - Processing file /home/lowenhard/acceleration/env/lib/python3.8/site-packages/airflow/example_dags/example_branch_datetime_operator.py for tasks to queue
[2022-03-22 06:05:29,982] {logging_mixin.py:109} INFO - [2022-03-22 06:05:29,982] {dagbag.py:500} INFO - Filling up the DagBag from /home/lowenhard/acceleration/env/lib/python3.8/site-packages/airflow/example_dags/example_branch_datetime_operator.py
[2022-03-22 06:05:30,007] {processor.py:654} INFO - DAG(s) dict_keys(['example_branch_datetime_operator_2']) retrieved from /home/lowenhard/acceleration/env/lib/python3.8/site-packages/airflow/example_dags/example_branch_datetime_operator.py
[2022-03-22 06:05:30,020] {logging_mixin.py:109} INFO - [2022-03-22 06:05:30,020] {dag.py:2398} INFO - Sync 1 DAGs
[2022-03-22 06:05:30,042] {logging_mixin.py:109} INFO - [2022-03-22 06:05:30,042] {dag.py:2937} INFO - Setting next_dagrun for example_branch_datetime_operator_2 to 2022-03-21 00:00:00+00:00
[2022-03-22 06:05:30,846] {processor.py:171} INFO - Processing /home/lowenhard/acceleration/env/lib/python3.8/site-packages/airflow/example_dags/example_branch_datetime_operator.py took 0.875 seconds
[2022-03-22 06:06:49,167] {processor.py:163} INFO - Started process (PID=1355) to work on /home/lowenhard/acceleration/env/lib/python3.8/site-packages/airflow/example_dags/example_branch_datetime_operator.py
[2022-03-22 06:06:49,169] {processor.py:642} INFO - Processing file /home/lowenhard/acceleration/env/lib/python3.8/site-packages/airflow/example_dags/example_branch_datetime_operator.py for tasks to queue
[2022-03-22 06:06:49,170] {logging_mixin.py:109} INFO - [2022-03-22 06:06:49,170] {dagbag.py:500} INFO - Filling up the DagBag from /home/lowenhard/acceleration/env/lib/python3.8/site-packages/airflow/example_dags/example_branch_datetime_operator.py
[2022-03-22 06:06:49,190] {processor.py:654} INFO - DAG(s) dict_keys(['example_branch_datetime_operator_2']) retrieved from /home/lowenhard/acceleration/env/lib/python3.8/site-packages/airflow/example_dags/example_branch_datetime_operator.py
[2022-03-22 06:06:49,201] {logging_mixin.py:109} INFO - [2022-03-22 06:06:49,200] {dag.py:2398} INFO - Sync 1 DAGs
[2022-03-22 06:06:49,214] {logging_mixin.py:109} INFO - [2022-03-22 06:06:49,214] {dag.py:2937} INFO - Setting next_dagrun for example_branch_datetime_operator_2 to 2022-03-21 00:00:00+00:00
[2022-03-22 06:06:49,360] {processor.py:171} INFO - Processing /home/lowenhard/acceleration/env/lib/python3.8/site-packages/airflow/example_dags/example_branch_datetime_operator.py took 0.196 seconds
[2022-03-22 06:08:03,002] {processor.py:163} INFO - Started process (PID=1391) to work on /home/lowenhard/acceleration/env/lib/python3.8/site-packages/airflow/example_dags/example_branch_datetime_operator.py
[2022-03-22 06:08:03,027] {processor.py:642} INFO - Processing file /home/lowenhard/acceleration/env/lib/python3.8/site-packages/airflow/example_dags/example_branch_datetime_operator.py for tasks to queue
[2022-03-22 06:08:03,028] {logging_mixin.py:109} INFO - [2022-03-22 06:08:03,028] {dagbag.py:500} INFO - Filling up the DagBag from /home/lowenhard/acceleration/env/lib/python3.8/site-packages/airflow/example_dags/example_branch_datetime_operator.py
[2022-03-22 06:08:03,047] {processor.py:654} INFO - DAG(s) dict_keys(['example_branch_datetime_operator_2']) retrieved from /home/lowenhard/acceleration/env/lib/python3.8/site-packages/airflow/example_dags/example_branch_datetime_operator.py
[2022-03-22 06:08:03,056] {logging_mixin.py:109} INFO - [2022-03-22 06:08:03,056] {dag.py:2398} INFO - Sync 1 DAGs
[2022-03-22 06:08:03,069] {logging_mixin.py:109} INFO - [2022-03-22 06:08:03,069] {dag.py:2937} INFO - Setting next_dagrun for example_branch_datetime_operator_2 to 2022-03-21 00:00:00+00:00
[2022-03-22 06:08:04,704] {processor.py:171} INFO - Processing /home/lowenhard/acceleration/env/lib/python3.8/site-packages/airflow/example_dags/example_branch_datetime_operator.py took 1.704 seconds
[2022-03-22 06:09:18,033] {processor.py:163} INFO - Started process (PID=1429) to work on /home/lowenhard/acceleration/env/lib/python3.8/site-packages/airflow/example_dags/example_branch_datetime_operator.py
[2022-03-22 06:09:18,270] {processor.py:642} INFO - Processing file /home/lowenhard/acceleration/env/lib/python3.8/site-packages/airflow/example_dags/example_branch_datetime_operator.py for tasks to queue
[2022-03-22 06:09:18,271] {logging_mixin.py:109} INFO - [2022-03-22 06:09:18,271] {dagbag.py:500} INFO - Filling up the DagBag from /home/lowenhard/acceleration/env/lib/python3.8/site-packages/airflow/example_dags/example_branch_datetime_operator.py
[2022-03-22 06:09:18,291] {processor.py:654} INFO - DAG(s) dict_keys(['example_branch_datetime_operator_2']) retrieved from /home/lowenhard/acceleration/env/lib/python3.8/site-packages/airflow/example_dags/example_branch_datetime_operator.py
[2022-03-22 06:09:18,301] {logging_mixin.py:109} INFO - [2022-03-22 06:09:18,301] {dag.py:2398} INFO - Sync 1 DAGs
[2022-03-22 06:09:18,315] {logging_mixin.py:109} INFO - [2022-03-22 06:09:18,315] {dag.py:2937} INFO - Setting next_dagrun for example_branch_datetime_operator_2 to 2022-03-21 00:00:00+00:00
[2022-03-22 06:09:19,183] {processor.py:171} INFO - Processing /home/lowenhard/acceleration/env/lib/python3.8/site-packages/airflow/example_dags/example_branch_datetime_operator.py took 1.153 seconds
[2022-03-22 06:10:27,249] {processor.py:163} INFO - Started process (PID=1469) to work on /home/lowenhard/acceleration/env/lib/python3.8/site-packages/airflow/example_dags/example_branch_datetime_operator.py
[2022-03-22 06:10:27,367] {processor.py:642} INFO - Processing file /home/lowenhard/acceleration/env/lib/python3.8/site-packages/airflow/example_dags/example_branch_datetime_operator.py for tasks to queue
[2022-03-22 06:10:27,368] {logging_mixin.py:109} INFO - [2022-03-22 06:10:27,368] {dagbag.py:500} INFO - Filling up the DagBag from /home/lowenhard/acceleration/env/lib/python3.8/site-packages/airflow/example_dags/example_branch_datetime_operator.py
[2022-03-22 06:10:27,390] {processor.py:654} INFO - DAG(s) dict_keys(['example_branch_datetime_operator_2']) retrieved from /home/lowenhard/acceleration/env/lib/python3.8/site-packages/airflow/example_dags/example_branch_datetime_operator.py
[2022-03-22 06:10:27,399] {logging_mixin.py:109} INFO - [2022-03-22 06:10:27,399] {dag.py:2398} INFO - Sync 1 DAGs
[2022-03-22 06:10:27,413] {logging_mixin.py:109} INFO - [2022-03-22 06:10:27,413] {dag.py:2937} INFO - Setting next_dagrun for example_branch_datetime_operator_2 to 2022-03-21 00:00:00+00:00
[2022-03-22 06:10:27,555] {processor.py:171} INFO - Processing /home/lowenhard/acceleration/env/lib/python3.8/site-packages/airflow/example_dags/example_branch_datetime_operator.py took 0.308 seconds
[2022-03-22 06:11:55,605] {processor.py:163} INFO - Started process (PID=1507) to work on /home/lowenhard/acceleration/env/lib/python3.8/site-packages/airflow/example_dags/example_branch_datetime_operator.py
[2022-03-22 06:11:55,625] {processor.py:642} INFO - Processing file /home/lowenhard/acceleration/env/lib/python3.8/site-packages/airflow/example_dags/example_branch_datetime_operator.py for tasks to queue
[2022-03-22 06:11:55,625] {logging_mixin.py:109} INFO - [2022-03-22 06:11:55,625] {dagbag.py:500} INFO - Filling up the DagBag from /home/lowenhard/acceleration/env/lib/python3.8/site-packages/airflow/example_dags/example_branch_datetime_operator.py
[2022-03-22 06:11:55,647] {processor.py:654} INFO - DAG(s) dict_keys(['example_branch_datetime_operator_2']) retrieved from /home/lowenhard/acceleration/env/lib/python3.8/site-packages/airflow/example_dags/example_branch_datetime_operator.py
[2022-03-22 06:11:55,656] {logging_mixin.py:109} INFO - [2022-03-22 06:11:55,656] {dag.py:2398} INFO - Sync 1 DAGs
[2022-03-22 06:11:55,670] {logging_mixin.py:109} INFO - [2022-03-22 06:11:55,670] {dag.py:2937} INFO - Setting next_dagrun for example_branch_datetime_operator_2 to 2022-03-21 00:00:00+00:00
[2022-03-22 06:11:57,310] {processor.py:171} INFO - Processing /home/lowenhard/acceleration/env/lib/python3.8/site-packages/airflow/example_dags/example_branch_datetime_operator.py took 1.708 seconds
[2022-03-22 06:13:18,333] {processor.py:163} INFO - Started process (PID=1547) to work on /home/lowenhard/acceleration/env/lib/python3.8/site-packages/airflow/example_dags/example_branch_datetime_operator.py
[2022-03-22 06:13:19,126] {processor.py:642} INFO - Processing file /home/lowenhard/acceleration/env/lib/python3.8/site-packages/airflow/example_dags/example_branch_datetime_operator.py for tasks to queue
[2022-03-22 06:13:19,127] {logging_mixin.py:109} INFO - [2022-03-22 06:13:19,126] {dagbag.py:500} INFO - Filling up the DagBag from /home/lowenhard/acceleration/env/lib/python3.8/site-packages/airflow/example_dags/example_branch_datetime_operator.py
[2022-03-22 06:13:19,147] {processor.py:654} INFO - DAG(s) dict_keys(['example_branch_datetime_operator_2']) retrieved from /home/lowenhard/acceleration/env/lib/python3.8/site-packages/airflow/example_dags/example_branch_datetime_operator.py
[2022-03-22 06:13:19,155] {logging_mixin.py:109} INFO - [2022-03-22 06:13:19,155] {dag.py:2398} INFO - Sync 1 DAGs
[2022-03-22 06:13:19,169] {logging_mixin.py:109} INFO - [2022-03-22 06:13:19,169] {dag.py:2937} INFO - Setting next_dagrun for example_branch_datetime_operator_2 to 2022-03-21 00:00:00+00:00
[2022-03-22 06:13:19,935] {processor.py:171} INFO - Processing /home/lowenhard/acceleration/env/lib/python3.8/site-packages/airflow/example_dags/example_branch_datetime_operator.py took 1.604 seconds
[2022-03-22 06:14:39,999] {processor.py:163} INFO - Started process (PID=1584) to work on /home/lowenhard/acceleration/env/lib/python3.8/site-packages/airflow/example_dags/example_branch_datetime_operator.py
[2022-03-22 06:14:40,002] {processor.py:642} INFO - Processing file /home/lowenhard/acceleration/env/lib/python3.8/site-packages/airflow/example_dags/example_branch_datetime_operator.py for tasks to queue
[2022-03-22 06:14:40,003] {logging_mixin.py:109} INFO - [2022-03-22 06:14:40,003] {dagbag.py:500} INFO - Filling up the DagBag from /home/lowenhard/acceleration/env/lib/python3.8/site-packages/airflow/example_dags/example_branch_datetime_operator.py
[2022-03-22 06:14:40,024] {processor.py:654} INFO - DAG(s) dict_keys(['example_branch_datetime_operator_2']) retrieved from /home/lowenhard/acceleration/env/lib/python3.8/site-packages/airflow/example_dags/example_branch_datetime_operator.py
[2022-03-22 06:14:40,034] {logging_mixin.py:109} INFO - [2022-03-22 06:14:40,034] {dag.py:2398} INFO - Sync 1 DAGs
[2022-03-22 06:14:40,050] {logging_mixin.py:109} INFO - [2022-03-22 06:14:40,050] {dag.py:2937} INFO - Setting next_dagrun for example_branch_datetime_operator_2 to 2022-03-21 00:00:00+00:00
[2022-03-22 06:14:41,146] {processor.py:171} INFO - Processing /home/lowenhard/acceleration/env/lib/python3.8/site-packages/airflow/example_dags/example_branch_datetime_operator.py took 1.150 seconds
[2022-03-22 06:16:11,440] {processor.py:163} INFO - Started process (PID=1628) to work on /home/lowenhard/acceleration/env/lib/python3.8/site-packages/airflow/example_dags/example_branch_datetime_operator.py
[2022-03-22 06:16:11,559] {processor.py:642} INFO - Processing file /home/lowenhard/acceleration/env/lib/python3.8/site-packages/airflow/example_dags/example_branch_datetime_operator.py for tasks to queue
[2022-03-22 06:16:11,560] {logging_mixin.py:109} INFO - [2022-03-22 06:16:11,560] {dagbag.py:500} INFO - Filling up the DagBag from /home/lowenhard/acceleration/env/lib/python3.8/site-packages/airflow/example_dags/example_branch_datetime_operator.py
[2022-03-22 06:16:11,581] {processor.py:654} INFO - DAG(s) dict_keys(['example_branch_datetime_operator_2']) retrieved from /home/lowenhard/acceleration/env/lib/python3.8/site-packages/airflow/example_dags/example_branch_datetime_operator.py
[2022-03-22 06:16:11,590] {logging_mixin.py:109} INFO - [2022-03-22 06:16:11,590] {dag.py:2398} INFO - Sync 1 DAGs
[2022-03-22 06:16:11,607] {logging_mixin.py:109} INFO - [2022-03-22 06:16:11,607] {dag.py:2937} INFO - Setting next_dagrun for example_branch_datetime_operator_2 to 2022-03-21 00:00:00+00:00
[2022-03-22 06:16:12,166] {processor.py:171} INFO - Processing /home/lowenhard/acceleration/env/lib/python3.8/site-packages/airflow/example_dags/example_branch_datetime_operator.py took 0.728 seconds
[2022-03-22 06:17:30,176] {processor.py:163} INFO - Started process (PID=1666) to work on /home/lowenhard/acceleration/env/lib/python3.8/site-packages/airflow/example_dags/example_branch_datetime_operator.py
[2022-03-22 06:17:30,188] {processor.py:642} INFO - Processing file /home/lowenhard/acceleration/env/lib/python3.8/site-packages/airflow/example_dags/example_branch_datetime_operator.py for tasks to queue
[2022-03-22 06:17:30,189] {logging_mixin.py:109} INFO - [2022-03-22 06:17:30,189] {dagbag.py:500} INFO - Filling up the DagBag from /home/lowenhard/acceleration/env/lib/python3.8/site-packages/airflow/example_dags/example_branch_datetime_operator.py
[2022-03-22 06:17:30,215] {processor.py:654} INFO - DAG(s) dict_keys(['example_branch_datetime_operator_2']) retrieved from /home/lowenhard/acceleration/env/lib/python3.8/site-packages/airflow/example_dags/example_branch_datetime_operator.py
[2022-03-22 06:17:30,223] {logging_mixin.py:109} INFO - [2022-03-22 06:17:30,223] {dag.py:2398} INFO - Sync 1 DAGs
[2022-03-22 06:17:30,237] {logging_mixin.py:109} INFO - [2022-03-22 06:17:30,237] {dag.py:2937} INFO - Setting next_dagrun for example_branch_datetime_operator_2 to 2022-03-21 00:00:00+00:00
[2022-03-22 06:17:32,869] {processor.py:171} INFO - Processing /home/lowenhard/acceleration/env/lib/python3.8/site-packages/airflow/example_dags/example_branch_datetime_operator.py took 2.695 seconds
[2022-03-22 06:19:01,783] {processor.py:163} INFO - Started process (PID=1707) to work on /home/lowenhard/acceleration/env/lib/python3.8/site-packages/airflow/example_dags/example_branch_datetime_operator.py
[2022-03-22 06:19:02,129] {processor.py:642} INFO - Processing file /home/lowenhard/acceleration/env/lib/python3.8/site-packages/airflow/example_dags/example_branch_datetime_operator.py for tasks to queue
[2022-03-22 06:19:02,130] {logging_mixin.py:109} INFO - [2022-03-22 06:19:02,130] {dagbag.py:500} INFO - Filling up the DagBag from /home/lowenhard/acceleration/env/lib/python3.8/site-packages/airflow/example_dags/example_branch_datetime_operator.py
[2022-03-22 06:19:02,157] {processor.py:654} INFO - DAG(s) dict_keys(['example_branch_datetime_operator_2']) retrieved from /home/lowenhard/acceleration/env/lib/python3.8/site-packages/airflow/example_dags/example_branch_datetime_operator.py
[2022-03-22 06:19:02,169] {logging_mixin.py:109} INFO - [2022-03-22 06:19:02,169] {dag.py:2398} INFO - Sync 1 DAGs
[2022-03-22 06:19:02,187] {logging_mixin.py:109} INFO - [2022-03-22 06:19:02,186] {dag.py:2937} INFO - Setting next_dagrun for example_branch_datetime_operator_2 to 2022-03-21 00:00:00+00:00
[2022-03-22 06:19:02,894] {processor.py:171} INFO - Processing /home/lowenhard/acceleration/env/lib/python3.8/site-packages/airflow/example_dags/example_branch_datetime_operator.py took 1.114 seconds
[2022-03-22 06:20:27,731] {processor.py:163} INFO - Started process (PID=1748) to work on /home/lowenhard/acceleration/env/lib/python3.8/site-packages/airflow/example_dags/example_branch_datetime_operator.py
[2022-03-22 06:20:27,732] {processor.py:642} INFO - Processing file /home/lowenhard/acceleration/env/lib/python3.8/site-packages/airflow/example_dags/example_branch_datetime_operator.py for tasks to queue
[2022-03-22 06:20:27,733] {logging_mixin.py:109} INFO - [2022-03-22 06:20:27,733] {dagbag.py:500} INFO - Filling up the DagBag from /home/lowenhard/acceleration/env/lib/python3.8/site-packages/airflow/example_dags/example_branch_datetime_operator.py
[2022-03-22 06:20:27,753] {processor.py:654} INFO - DAG(s) dict_keys(['example_branch_datetime_operator_2']) retrieved from /home/lowenhard/acceleration/env/lib/python3.8/site-packages/airflow/example_dags/example_branch_datetime_operator.py
[2022-03-22 06:20:27,761] {logging_mixin.py:109} INFO - [2022-03-22 06:20:27,761] {dag.py:2398} INFO - Sync 1 DAGs
[2022-03-22 06:20:27,775] {logging_mixin.py:109} INFO - [2022-03-22 06:20:27,775] {dag.py:2937} INFO - Setting next_dagrun for example_branch_datetime_operator_2 to 2022-03-21 00:00:00+00:00
[2022-03-22 06:20:28,930] {processor.py:171} INFO - Processing /home/lowenhard/acceleration/env/lib/python3.8/site-packages/airflow/example_dags/example_branch_datetime_operator.py took 1.201 seconds
[2022-03-22 06:21:55,030] {processor.py:163} INFO - Started process (PID=1789) to work on /home/lowenhard/acceleration/env/lib/python3.8/site-packages/airflow/example_dags/example_branch_datetime_operator.py
[2022-03-22 06:21:55,049] {processor.py:642} INFO - Processing file /home/lowenhard/acceleration/env/lib/python3.8/site-packages/airflow/example_dags/example_branch_datetime_operator.py for tasks to queue
[2022-03-22 06:21:55,049] {logging_mixin.py:109} INFO - [2022-03-22 06:21:55,049] {dagbag.py:500} INFO - Filling up the DagBag from /home/lowenhard/acceleration/env/lib/python3.8/site-packages/airflow/example_dags/example_branch_datetime_operator.py
[2022-03-22 06:21:55,069] {processor.py:654} INFO - DAG(s) dict_keys(['example_branch_datetime_operator_2']) retrieved from /home/lowenhard/acceleration/env/lib/python3.8/site-packages/airflow/example_dags/example_branch_datetime_operator.py
[2022-03-22 06:21:55,078] {logging_mixin.py:109} INFO - [2022-03-22 06:21:55,078] {dag.py:2398} INFO - Sync 1 DAGs
[2022-03-22 06:21:55,092] {logging_mixin.py:109} INFO - [2022-03-22 06:21:55,092] {dag.py:2937} INFO - Setting next_dagrun for example_branch_datetime_operator_2 to 2022-03-21 00:00:00+00:00
[2022-03-22 06:21:56,633] {processor.py:171} INFO - Processing /home/lowenhard/acceleration/env/lib/python3.8/site-packages/airflow/example_dags/example_branch_datetime_operator.py took 1.605 seconds
[2022-03-22 06:23:16,306] {processor.py:163} INFO - Started process (PID=1828) to work on /home/lowenhard/acceleration/env/lib/python3.8/site-packages/airflow/example_dags/example_branch_datetime_operator.py
[2022-03-22 06:23:16,316] {processor.py:642} INFO - Processing file /home/lowenhard/acceleration/env/lib/python3.8/site-packages/airflow/example_dags/example_branch_datetime_operator.py for tasks to queue
[2022-03-22 06:23:16,317] {logging_mixin.py:109} INFO - [2022-03-22 06:23:16,317] {dagbag.py:500} INFO - Filling up the DagBag from /home/lowenhard/acceleration/env/lib/python3.8/site-packages/airflow/example_dags/example_branch_datetime_operator.py
[2022-03-22 06:23:16,338] {processor.py:654} INFO - DAG(s) dict_keys(['example_branch_datetime_operator_2']) retrieved from /home/lowenhard/acceleration/env/lib/python3.8/site-packages/airflow/example_dags/example_branch_datetime_operator.py
[2022-03-22 06:23:16,346] {logging_mixin.py:109} INFO - [2022-03-22 06:23:16,346] {dag.py:2398} INFO - Sync 1 DAGs
[2022-03-22 06:23:16,360] {logging_mixin.py:109} INFO - [2022-03-22 06:23:16,360] {dag.py:2937} INFO - Setting next_dagrun for example_branch_datetime_operator_2 to 2022-03-21 00:00:00+00:00
[2022-03-22 06:23:16,504] {processor.py:171} INFO - Processing /home/lowenhard/acceleration/env/lib/python3.8/site-packages/airflow/example_dags/example_branch_datetime_operator.py took 0.201 seconds
[2022-03-22 06:24:34,117] {processor.py:163} INFO - Started process (PID=1866) to work on /home/lowenhard/acceleration/env/lib/python3.8/site-packages/airflow/example_dags/example_branch_datetime_operator.py
[2022-03-22 06:24:34,121] {processor.py:642} INFO - Processing file /home/lowenhard/acceleration/env/lib/python3.8/site-packages/airflow/example_dags/example_branch_datetime_operator.py for tasks to queue
[2022-03-22 06:24:34,121] {logging_mixin.py:109} INFO - [2022-03-22 06:24:34,121] {dagbag.py:500} INFO - Filling up the DagBag from /home/lowenhard/acceleration/env/lib/python3.8/site-packages/airflow/example_dags/example_branch_datetime_operator.py
[2022-03-22 06:24:34,143] {processor.py:654} INFO - DAG(s) dict_keys(['example_branch_datetime_operator_2']) retrieved from /home/lowenhard/acceleration/env/lib/python3.8/site-packages/airflow/example_dags/example_branch_datetime_operator.py
[2022-03-22 06:24:34,152] {logging_mixin.py:109} INFO - [2022-03-22 06:24:34,152] {dag.py:2398} INFO - Sync 1 DAGs
[2022-03-22 06:24:34,170] {logging_mixin.py:109} INFO - [2022-03-22 06:24:34,170] {dag.py:2937} INFO - Setting next_dagrun for example_branch_datetime_operator_2 to 2022-03-21 00:00:00+00:00
[2022-03-22 06:24:34,918] {processor.py:171} INFO - Processing /home/lowenhard/acceleration/env/lib/python3.8/site-packages/airflow/example_dags/example_branch_datetime_operator.py took 0.804 seconds
[2022-03-22 06:26:10,440] {processor.py:163} INFO - Started process (PID=1908) to work on /home/lowenhard/acceleration/env/lib/python3.8/site-packages/airflow/example_dags/example_branch_datetime_operator.py
[2022-03-22 06:26:10,513] {processor.py:642} INFO - Processing file /home/lowenhard/acceleration/env/lib/python3.8/site-packages/airflow/example_dags/example_branch_datetime_operator.py for tasks to queue
[2022-03-22 06:26:10,514] {logging_mixin.py:109} INFO - [2022-03-22 06:26:10,514] {dagbag.py:500} INFO - Filling up the DagBag from /home/lowenhard/acceleration/env/lib/python3.8/site-packages/airflow/example_dags/example_branch_datetime_operator.py
[2022-03-22 06:26:10,535] {processor.py:654} INFO - DAG(s) dict_keys(['example_branch_datetime_operator_2']) retrieved from /home/lowenhard/acceleration/env/lib/python3.8/site-packages/airflow/example_dags/example_branch_datetime_operator.py
[2022-03-22 06:26:10,544] {logging_mixin.py:109} INFO - [2022-03-22 06:26:10,544] {dag.py:2398} INFO - Sync 1 DAGs
[2022-03-22 06:26:10,560] {logging_mixin.py:109} INFO - [2022-03-22 06:26:10,559] {dag.py:2937} INFO - Setting next_dagrun for example_branch_datetime_operator_2 to 2022-03-21 00:00:00+00:00
[2022-03-22 06:26:12,832] {processor.py:171} INFO - Processing /home/lowenhard/acceleration/env/lib/python3.8/site-packages/airflow/example_dags/example_branch_datetime_operator.py took 2.395 seconds
[2022-03-22 06:27:55,884] {processor.py:163} INFO - Started process (PID=1954) to work on /home/lowenhard/acceleration/env/lib/python3.8/site-packages/airflow/example_dags/example_branch_datetime_operator.py
[2022-03-22 06:27:55,902] {processor.py:642} INFO - Processing file /home/lowenhard/acceleration/env/lib/python3.8/site-packages/airflow/example_dags/example_branch_datetime_operator.py for tasks to queue
[2022-03-22 06:27:55,903] {logging_mixin.py:109} INFO - [2022-03-22 06:27:55,903] {dagbag.py:500} INFO - Filling up the DagBag from /home/lowenhard/acceleration/env/lib/python3.8/site-packages/airflow/example_dags/example_branch_datetime_operator.py
[2022-03-22 06:27:55,923] {processor.py:654} INFO - DAG(s) dict_keys(['example_branch_datetime_operator_2']) retrieved from /home/lowenhard/acceleration/env/lib/python3.8/site-packages/airflow/example_dags/example_branch_datetime_operator.py
[2022-03-22 06:27:55,931] {logging_mixin.py:109} INFO - [2022-03-22 06:27:55,931] {dag.py:2398} INFO - Sync 1 DAGs
[2022-03-22 06:27:55,945] {logging_mixin.py:109} INFO - [2022-03-22 06:27:55,945] {dag.py:2937} INFO - Setting next_dagrun for example_branch_datetime_operator_2 to 2022-03-21 00:00:00+00:00
[2022-03-22 06:27:56,119] {processor.py:171} INFO - Processing /home/lowenhard/acceleration/env/lib/python3.8/site-packages/airflow/example_dags/example_branch_datetime_operator.py took 0.237 seconds
[2022-03-22 06:29:13,633] {processor.py:163} INFO - Started process (PID=1993) to work on /home/lowenhard/acceleration/env/lib/python3.8/site-packages/airflow/example_dags/example_branch_datetime_operator.py
[2022-03-22 06:29:13,634] {processor.py:642} INFO - Processing file /home/lowenhard/acceleration/env/lib/python3.8/site-packages/airflow/example_dags/example_branch_datetime_operator.py for tasks to queue
[2022-03-22 06:29:13,635] {logging_mixin.py:109} INFO - [2022-03-22 06:29:13,635] {dagbag.py:500} INFO - Filling up the DagBag from /home/lowenhard/acceleration/env/lib/python3.8/site-packages/airflow/example_dags/example_branch_datetime_operator.py
[2022-03-22 06:29:13,660] {processor.py:654} INFO - DAG(s) dict_keys(['example_branch_datetime_operator_2']) retrieved from /home/lowenhard/acceleration/env/lib/python3.8/site-packages/airflow/example_dags/example_branch_datetime_operator.py
[2022-03-22 06:29:13,670] {logging_mixin.py:109} INFO - [2022-03-22 06:29:13,670] {dag.py:2398} INFO - Sync 1 DAGs
[2022-03-22 06:29:13,684] {logging_mixin.py:109} INFO - [2022-03-22 06:29:13,684] {dag.py:2937} INFO - Setting next_dagrun for example_branch_datetime_operator_2 to 2022-03-21 00:00:00+00:00
[2022-03-22 06:29:14,904] {processor.py:171} INFO - Processing /home/lowenhard/acceleration/env/lib/python3.8/site-packages/airflow/example_dags/example_branch_datetime_operator.py took 1.274 seconds
[2022-03-22 06:30:34,553] {processor.py:163} INFO - Started process (PID=2032) to work on /home/lowenhard/acceleration/env/lib/python3.8/site-packages/airflow/example_dags/example_branch_datetime_operator.py
[2022-03-22 06:30:34,557] {processor.py:642} INFO - Processing file /home/lowenhard/acceleration/env/lib/python3.8/site-packages/airflow/example_dags/example_branch_datetime_operator.py for tasks to queue
[2022-03-22 06:30:34,557] {logging_mixin.py:109} INFO - [2022-03-22 06:30:34,557] {dagbag.py:500} INFO - Filling up the DagBag from /home/lowenhard/acceleration/env/lib/python3.8/site-packages/airflow/example_dags/example_branch_datetime_operator.py
[2022-03-22 06:30:34,577] {processor.py:654} INFO - DAG(s) dict_keys(['example_branch_datetime_operator_2']) retrieved from /home/lowenhard/acceleration/env/lib/python3.8/site-packages/airflow/example_dags/example_branch_datetime_operator.py
[2022-03-22 06:30:34,586] {logging_mixin.py:109} INFO - [2022-03-22 06:30:34,586] {dag.py:2398} INFO - Sync 1 DAGs
[2022-03-22 06:30:34,600] {logging_mixin.py:109} INFO - [2022-03-22 06:30:34,600] {dag.py:2937} INFO - Setting next_dagrun for example_branch_datetime_operator_2 to 2022-03-21 00:00:00+00:00
[2022-03-22 06:30:36,506] {processor.py:171} INFO - Processing /home/lowenhard/acceleration/env/lib/python3.8/site-packages/airflow/example_dags/example_branch_datetime_operator.py took 1.955 seconds
[2022-03-22 06:32:04,675] {processor.py:163} INFO - Started process (PID=2073) to work on /home/lowenhard/acceleration/env/lib/python3.8/site-packages/airflow/example_dags/example_branch_datetime_operator.py
[2022-03-22 06:32:04,679] {processor.py:642} INFO - Processing file /home/lowenhard/acceleration/env/lib/python3.8/site-packages/airflow/example_dags/example_branch_datetime_operator.py for tasks to queue
[2022-03-22 06:32:04,679] {logging_mixin.py:109} INFO - [2022-03-22 06:32:04,679] {dagbag.py:500} INFO - Filling up the DagBag from /home/lowenhard/acceleration/env/lib/python3.8/site-packages/airflow/example_dags/example_branch_datetime_operator.py
[2022-03-22 06:32:04,711] {processor.py:654} INFO - DAG(s) dict_keys(['example_branch_datetime_operator_2']) retrieved from /home/lowenhard/acceleration/env/lib/python3.8/site-packages/airflow/example_dags/example_branch_datetime_operator.py
[2022-03-22 06:32:04,726] {logging_mixin.py:109} INFO - [2022-03-22 06:32:04,726] {dag.py:2398} INFO - Sync 1 DAGs
[2022-03-22 06:32:04,743] {logging_mixin.py:109} INFO - [2022-03-22 06:32:04,743] {dag.py:2937} INFO - Setting next_dagrun for example_branch_datetime_operator_2 to 2022-03-21 00:00:00+00:00
[2022-03-22 06:32:06,294] {processor.py:171} INFO - Processing /home/lowenhard/acceleration/env/lib/python3.8/site-packages/airflow/example_dags/example_branch_datetime_operator.py took 1.622 seconds
[2022-03-22 06:33:41,034] {processor.py:163} INFO - Started process (PID=2114) to work on /home/lowenhard/acceleration/env/lib/python3.8/site-packages/airflow/example_dags/example_branch_datetime_operator.py
[2022-03-22 06:33:41,037] {processor.py:642} INFO - Processing file /home/lowenhard/acceleration/env/lib/python3.8/site-packages/airflow/example_dags/example_branch_datetime_operator.py for tasks to queue
[2022-03-22 06:33:41,038] {logging_mixin.py:109} INFO - [2022-03-22 06:33:41,038] {dagbag.py:500} INFO - Filling up the DagBag from /home/lowenhard/acceleration/env/lib/python3.8/site-packages/airflow/example_dags/example_branch_datetime_operator.py
[2022-03-22 06:33:41,058] {processor.py:654} INFO - DAG(s) dict_keys(['example_branch_datetime_operator_2']) retrieved from /home/lowenhard/acceleration/env/lib/python3.8/site-packages/airflow/example_dags/example_branch_datetime_operator.py
[2022-03-22 06:33:41,066] {logging_mixin.py:109} INFO - [2022-03-22 06:33:41,066] {dag.py:2398} INFO - Sync 1 DAGs
[2022-03-22 06:33:41,080] {logging_mixin.py:109} INFO - [2022-03-22 06:33:41,080] {dag.py:2937} INFO - Setting next_dagrun for example_branch_datetime_operator_2 to 2022-03-21 00:00:00+00:00
[2022-03-22 06:33:42,332] {processor.py:171} INFO - Processing /home/lowenhard/acceleration/env/lib/python3.8/site-packages/airflow/example_dags/example_branch_datetime_operator.py took 1.302 seconds
[2022-03-22 06:35:14,768] {processor.py:163} INFO - Started process (PID=2156) to work on /home/lowenhard/acceleration/env/lib/python3.8/site-packages/airflow/example_dags/example_branch_datetime_operator.py
[2022-03-22 06:35:14,771] {processor.py:642} INFO - Processing file /home/lowenhard/acceleration/env/lib/python3.8/site-packages/airflow/example_dags/example_branch_datetime_operator.py for tasks to queue
[2022-03-22 06:35:14,771] {logging_mixin.py:109} INFO - [2022-03-22 06:35:14,771] {dagbag.py:500} INFO - Filling up the DagBag from /home/lowenhard/acceleration/env/lib/python3.8/site-packages/airflow/example_dags/example_branch_datetime_operator.py
[2022-03-22 06:35:14,799] {processor.py:654} INFO - DAG(s) dict_keys(['example_branch_datetime_operator_2']) retrieved from /home/lowenhard/acceleration/env/lib/python3.8/site-packages/airflow/example_dags/example_branch_datetime_operator.py
[2022-03-22 06:35:14,808] {logging_mixin.py:109} INFO - [2022-03-22 06:35:14,808] {dag.py:2398} INFO - Sync 1 DAGs
[2022-03-22 06:35:14,825] {logging_mixin.py:109} INFO - [2022-03-22 06:35:14,824] {dag.py:2937} INFO - Setting next_dagrun for example_branch_datetime_operator_2 to 2022-03-21 00:00:00+00:00
[2022-03-22 06:35:16,309] {processor.py:171} INFO - Processing /home/lowenhard/acceleration/env/lib/python3.8/site-packages/airflow/example_dags/example_branch_datetime_operator.py took 1.543 seconds
[2022-03-22 06:36:33,250] {processor.py:163} INFO - Started process (PID=2194) to work on /home/lowenhard/acceleration/env/lib/python3.8/site-packages/airflow/example_dags/example_branch_datetime_operator.py
[2022-03-22 06:36:33,253] {processor.py:642} INFO - Processing file /home/lowenhard/acceleration/env/lib/python3.8/site-packages/airflow/example_dags/example_branch_datetime_operator.py for tasks to queue
[2022-03-22 06:36:33,253] {logging_mixin.py:109} INFO - [2022-03-22 06:36:33,253] {dagbag.py:500} INFO - Filling up the DagBag from /home/lowenhard/acceleration/env/lib/python3.8/site-packages/airflow/example_dags/example_branch_datetime_operator.py
[2022-03-22 06:36:33,273] {processor.py:654} INFO - DAG(s) dict_keys(['example_branch_datetime_operator_2']) retrieved from /home/lowenhard/acceleration/env/lib/python3.8/site-packages/airflow/example_dags/example_branch_datetime_operator.py
[2022-03-22 06:36:33,285] {logging_mixin.py:109} INFO - [2022-03-22 06:36:33,285] {dag.py:2398} INFO - Sync 1 DAGs
[2022-03-22 06:36:33,298] {logging_mixin.py:109} INFO - [2022-03-22 06:36:33,298] {dag.py:2937} INFO - Setting next_dagrun for example_branch_datetime_operator_2 to 2022-03-21 00:00:00+00:00
[2022-03-22 06:36:34,774] {processor.py:171} INFO - Processing /home/lowenhard/acceleration/env/lib/python3.8/site-packages/airflow/example_dags/example_branch_datetime_operator.py took 1.526 seconds
[2022-03-22 06:37:53,767] {processor.py:163} INFO - Started process (PID=2233) to work on /home/lowenhard/acceleration/env/lib/python3.8/site-packages/airflow/example_dags/example_branch_datetime_operator.py
[2022-03-22 06:37:53,809] {processor.py:642} INFO - Processing file /home/lowenhard/acceleration/env/lib/python3.8/site-packages/airflow/example_dags/example_branch_datetime_operator.py for tasks to queue
[2022-03-22 06:37:53,810] {logging_mixin.py:109} INFO - [2022-03-22 06:37:53,810] {dagbag.py:500} INFO - Filling up the DagBag from /home/lowenhard/acceleration/env/lib/python3.8/site-packages/airflow/example_dags/example_branch_datetime_operator.py
[2022-03-22 06:37:53,835] {processor.py:654} INFO - DAG(s) dict_keys(['example_branch_datetime_operator_2']) retrieved from /home/lowenhard/acceleration/env/lib/python3.8/site-packages/airflow/example_dags/example_branch_datetime_operator.py
[2022-03-22 06:37:53,845] {logging_mixin.py:109} INFO - [2022-03-22 06:37:53,845] {dag.py:2398} INFO - Sync 1 DAGs
[2022-03-22 06:37:53,863] {logging_mixin.py:109} INFO - [2022-03-22 06:37:53,863] {dag.py:2937} INFO - Setting next_dagrun for example_branch_datetime_operator_2 to 2022-03-21 00:00:00+00:00
[2022-03-22 06:37:54,634] {processor.py:171} INFO - Processing /home/lowenhard/acceleration/env/lib/python3.8/site-packages/airflow/example_dags/example_branch_datetime_operator.py took 0.870 seconds
[2022-03-22 06:39:24,106] {processor.py:163} INFO - Started process (PID=2274) to work on /home/lowenhard/acceleration/env/lib/python3.8/site-packages/airflow/example_dags/example_branch_datetime_operator.py
[2022-03-22 06:39:24,723] {processor.py:642} INFO - Processing file /home/lowenhard/acceleration/env/lib/python3.8/site-packages/airflow/example_dags/example_branch_datetime_operator.py for tasks to queue
[2022-03-22 06:39:24,724] {logging_mixin.py:109} INFO - [2022-03-22 06:39:24,724] {dagbag.py:500} INFO - Filling up the DagBag from /home/lowenhard/acceleration/env/lib/python3.8/site-packages/airflow/example_dags/example_branch_datetime_operator.py
[2022-03-22 06:39:24,747] {processor.py:654} INFO - DAG(s) dict_keys(['example_branch_datetime_operator_2']) retrieved from /home/lowenhard/acceleration/env/lib/python3.8/site-packages/airflow/example_dags/example_branch_datetime_operator.py
[2022-03-22 06:39:24,756] {logging_mixin.py:109} INFO - [2022-03-22 06:39:24,756] {dag.py:2398} INFO - Sync 1 DAGs
[2022-03-22 06:39:24,770] {logging_mixin.py:109} INFO - [2022-03-22 06:39:24,770] {dag.py:2937} INFO - Setting next_dagrun for example_branch_datetime_operator_2 to 2022-03-21 00:00:00+00:00
[2022-03-22 06:39:24,921] {processor.py:171} INFO - Processing /home/lowenhard/acceleration/env/lib/python3.8/site-packages/airflow/example_dags/example_branch_datetime_operator.py took 0.817 seconds
[2022-03-22 06:40:52,056] {processor.py:163} INFO - Started process (PID=2314) to work on /home/lowenhard/acceleration/env/lib/python3.8/site-packages/airflow/example_dags/example_branch_datetime_operator.py
[2022-03-22 06:40:52,059] {processor.py:642} INFO - Processing file /home/lowenhard/acceleration/env/lib/python3.8/site-packages/airflow/example_dags/example_branch_datetime_operator.py for tasks to queue
[2022-03-22 06:40:52,059] {logging_mixin.py:109} INFO - [2022-03-22 06:40:52,059] {dagbag.py:500} INFO - Filling up the DagBag from /home/lowenhard/acceleration/env/lib/python3.8/site-packages/airflow/example_dags/example_branch_datetime_operator.py
[2022-03-22 06:40:52,082] {processor.py:654} INFO - DAG(s) dict_keys(['example_branch_datetime_operator_2']) retrieved from /home/lowenhard/acceleration/env/lib/python3.8/site-packages/airflow/example_dags/example_branch_datetime_operator.py
[2022-03-22 06:40:52,091] {logging_mixin.py:109} INFO - [2022-03-22 06:40:52,091] {dag.py:2398} INFO - Sync 1 DAGs
[2022-03-22 06:40:52,104] {logging_mixin.py:109} INFO - [2022-03-22 06:40:52,104] {dag.py:2937} INFO - Setting next_dagrun for example_branch_datetime_operator_2 to 2022-03-21 00:00:00+00:00
[2022-03-22 06:40:53,744] {processor.py:171} INFO - Processing /home/lowenhard/acceleration/env/lib/python3.8/site-packages/airflow/example_dags/example_branch_datetime_operator.py took 1.690 seconds
[2022-03-22 06:42:23,015] {processor.py:163} INFO - Started process (PID=2356) to work on /home/lowenhard/acceleration/env/lib/python3.8/site-packages/airflow/example_dags/example_branch_datetime_operator.py
[2022-03-22 06:42:23,033] {processor.py:642} INFO - Processing file /home/lowenhard/acceleration/env/lib/python3.8/site-packages/airflow/example_dags/example_branch_datetime_operator.py for tasks to queue
[2022-03-22 06:42:23,033] {logging_mixin.py:109} INFO - [2022-03-22 06:42:23,033] {dagbag.py:500} INFO - Filling up the DagBag from /home/lowenhard/acceleration/env/lib/python3.8/site-packages/airflow/example_dags/example_branch_datetime_operator.py
[2022-03-22 06:42:23,053] {processor.py:654} INFO - DAG(s) dict_keys(['example_branch_datetime_operator_2']) retrieved from /home/lowenhard/acceleration/env/lib/python3.8/site-packages/airflow/example_dags/example_branch_datetime_operator.py
[2022-03-22 06:42:23,061] {logging_mixin.py:109} INFO - [2022-03-22 06:42:23,061] {dag.py:2398} INFO - Sync 1 DAGs
[2022-03-22 06:42:23,074] {logging_mixin.py:109} INFO - [2022-03-22 06:42:23,074] {dag.py:2937} INFO - Setting next_dagrun for example_branch_datetime_operator_2 to 2022-03-21 00:00:00+00:00
[2022-03-22 06:42:24,230] {processor.py:171} INFO - Processing /home/lowenhard/acceleration/env/lib/python3.8/site-packages/airflow/example_dags/example_branch_datetime_operator.py took 1.217 seconds
[2022-03-22 06:43:37,767] {processor.py:163} INFO - Started process (PID=2392) to work on /home/lowenhard/acceleration/env/lib/python3.8/site-packages/airflow/example_dags/example_branch_datetime_operator.py
[2022-03-22 06:43:37,770] {processor.py:642} INFO - Processing file /home/lowenhard/acceleration/env/lib/python3.8/site-packages/airflow/example_dags/example_branch_datetime_operator.py for tasks to queue
[2022-03-22 06:43:37,770] {logging_mixin.py:109} INFO - [2022-03-22 06:43:37,770] {dagbag.py:500} INFO - Filling up the DagBag from /home/lowenhard/acceleration/env/lib/python3.8/site-packages/airflow/example_dags/example_branch_datetime_operator.py
[2022-03-22 06:43:37,790] {processor.py:654} INFO - DAG(s) dict_keys(['example_branch_datetime_operator_2']) retrieved from /home/lowenhard/acceleration/env/lib/python3.8/site-packages/airflow/example_dags/example_branch_datetime_operator.py
[2022-03-22 06:43:37,799] {logging_mixin.py:109} INFO - [2022-03-22 06:43:37,799] {dag.py:2398} INFO - Sync 1 DAGs
[2022-03-22 06:43:37,812] {logging_mixin.py:109} INFO - [2022-03-22 06:43:37,812] {dag.py:2937} INFO - Setting next_dagrun for example_branch_datetime_operator_2 to 2022-03-21 00:00:00+00:00
[2022-03-22 06:43:38,745] {processor.py:171} INFO - Processing /home/lowenhard/acceleration/env/lib/python3.8/site-packages/airflow/example_dags/example_branch_datetime_operator.py took 0.980 seconds
[2022-03-22 06:45:06,078] {processor.py:163} INFO - Started process (PID=2441) to work on /home/lowenhard/acceleration/env/lib/python3.8/site-packages/airflow/example_dags/example_branch_datetime_operator.py
[2022-03-22 06:45:06,131] {processor.py:642} INFO - Processing file /home/lowenhard/acceleration/env/lib/python3.8/site-packages/airflow/example_dags/example_branch_datetime_operator.py for tasks to queue
[2022-03-22 06:45:06,132] {logging_mixin.py:109} INFO - [2022-03-22 06:45:06,131] {dagbag.py:500} INFO - Filling up the DagBag from /home/lowenhard/acceleration/env/lib/python3.8/site-packages/airflow/example_dags/example_branch_datetime_operator.py
[2022-03-22 06:45:06,165] {processor.py:654} INFO - DAG(s) dict_keys(['example_branch_datetime_operator_2']) retrieved from /home/lowenhard/acceleration/env/lib/python3.8/site-packages/airflow/example_dags/example_branch_datetime_operator.py
[2022-03-22 06:45:06,174] {logging_mixin.py:109} INFO - [2022-03-22 06:45:06,174] {dag.py:2398} INFO - Sync 1 DAGs
[2022-03-22 06:45:06,274] {logging_mixin.py:109} INFO - [2022-03-22 06:45:06,274] {dag.py:2937} INFO - Setting next_dagrun for example_branch_datetime_operator_2 to 2022-03-21 00:00:00+00:00
[2022-03-22 06:45:08,048] {processor.py:171} INFO - Processing /home/lowenhard/acceleration/env/lib/python3.8/site-packages/airflow/example_dags/example_branch_datetime_operator.py took 1.973 seconds
[2022-03-22 06:46:40,647] {processor.py:163} INFO - Started process (PID=2490) to work on /home/lowenhard/acceleration/env/lib/python3.8/site-packages/airflow/example_dags/example_branch_datetime_operator.py
[2022-03-22 06:46:40,651] {processor.py:642} INFO - Processing file /home/lowenhard/acceleration/env/lib/python3.8/site-packages/airflow/example_dags/example_branch_datetime_operator.py for tasks to queue
[2022-03-22 06:46:40,651] {logging_mixin.py:109} INFO - [2022-03-22 06:46:40,651] {dagbag.py:500} INFO - Filling up the DagBag from /home/lowenhard/acceleration/env/lib/python3.8/site-packages/airflow/example_dags/example_branch_datetime_operator.py
[2022-03-22 06:46:40,673] {processor.py:654} INFO - DAG(s) dict_keys(['example_branch_datetime_operator_2']) retrieved from /home/lowenhard/acceleration/env/lib/python3.8/site-packages/airflow/example_dags/example_branch_datetime_operator.py
[2022-03-22 06:46:40,682] {logging_mixin.py:109} INFO - [2022-03-22 06:46:40,682] {dag.py:2398} INFO - Sync 1 DAGs
[2022-03-22 06:46:40,756] {logging_mixin.py:109} INFO - [2022-03-22 06:46:40,756] {dag.py:2937} INFO - Setting next_dagrun for example_branch_datetime_operator_2 to 2022-03-21 00:00:00+00:00
[2022-03-22 06:46:42,269] {processor.py:171} INFO - Processing /home/lowenhard/acceleration/env/lib/python3.8/site-packages/airflow/example_dags/example_branch_datetime_operator.py took 1.624 seconds
