[2022-03-22 05:34:42,435] {processor.py:163} INFO - Started process (PID=162) to work on /home/lowenhard/acceleration/env/lib/python3.8/site-packages/airflow/example_dags/tutorial.py
[2022-03-22 05:34:42,436] {processor.py:642} INFO - Processing file /home/lowenhard/acceleration/env/lib/python3.8/site-packages/airflow/example_dags/tutorial.py for tasks to queue
[2022-03-22 05:34:42,437] {logging_mixin.py:109} INFO - [2022-03-22 05:34:42,437] {dagbag.py:500} INFO - Filling up the DagBag from /home/lowenhard/acceleration/env/lib/python3.8/site-packages/airflow/example_dags/tutorial.py
[2022-03-22 05:34:42,461] {processor.py:654} INFO - DAG(s) dict_keys(['tutorial']) retrieved from /home/lowenhard/acceleration/env/lib/python3.8/site-packages/airflow/example_dags/tutorial.py
[2022-03-22 05:34:42,495] {logging_mixin.py:109} INFO - [2022-03-22 05:34:42,495] {dag.py:2398} INFO - Sync 1 DAGs
[2022-03-22 05:34:42,526] {logging_mixin.py:109} INFO - [2022-03-22 05:34:42,526] {dag.py:2937} INFO - Setting next_dagrun for tutorial to 2022-03-21T10:34:42.525791+00:00
[2022-03-22 05:34:42,768] {processor.py:171} INFO - Processing /home/lowenhard/acceleration/env/lib/python3.8/site-packages/airflow/example_dags/tutorial.py took 0.336 seconds
[2022-03-22 05:35:32,163] {processor.py:163} INFO - Started process (PID=195) to work on /home/lowenhard/acceleration/env/lib/python3.8/site-packages/airflow/example_dags/tutorial.py
[2022-03-22 05:35:32,183] {processor.py:642} INFO - Processing file /home/lowenhard/acceleration/env/lib/python3.8/site-packages/airflow/example_dags/tutorial.py for tasks to queue
[2022-03-22 05:35:32,183] {logging_mixin.py:109} INFO - [2022-03-22 05:35:32,183] {dagbag.py:500} INFO - Filling up the DagBag from /home/lowenhard/acceleration/env/lib/python3.8/site-packages/airflow/example_dags/tutorial.py
[2022-03-22 05:35:32,203] {processor.py:654} INFO - DAG(s) dict_keys(['tutorial']) retrieved from /home/lowenhard/acceleration/env/lib/python3.8/site-packages/airflow/example_dags/tutorial.py
[2022-03-22 05:35:32,212] {logging_mixin.py:109} INFO - [2022-03-22 05:35:32,212] {dag.py:2398} INFO - Sync 1 DAGs
[2022-03-22 05:35:32,224] {logging_mixin.py:109} INFO - [2022-03-22 05:35:32,224] {dag.py:2937} INFO - Setting next_dagrun for tutorial to 2022-03-21T10:35:32.223793+00:00
[2022-03-22 05:35:32,620] {processor.py:171} INFO - Processing /home/lowenhard/acceleration/env/lib/python3.8/site-packages/airflow/example_dags/tutorial.py took 0.460 seconds
[2022-03-22 05:36:22,967] {processor.py:163} INFO - Started process (PID=228) to work on /home/lowenhard/acceleration/env/lib/python3.8/site-packages/airflow/example_dags/tutorial.py
[2022-03-22 05:36:23,030] {processor.py:642} INFO - Processing file /home/lowenhard/acceleration/env/lib/python3.8/site-packages/airflow/example_dags/tutorial.py for tasks to queue
[2022-03-22 05:36:23,030] {logging_mixin.py:109} INFO - [2022-03-22 05:36:23,030] {dagbag.py:500} INFO - Filling up the DagBag from /home/lowenhard/acceleration/env/lib/python3.8/site-packages/airflow/example_dags/tutorial.py
[2022-03-22 05:36:23,052] {processor.py:654} INFO - DAG(s) dict_keys(['tutorial']) retrieved from /home/lowenhard/acceleration/env/lib/python3.8/site-packages/airflow/example_dags/tutorial.py
[2022-03-22 05:36:23,064] {logging_mixin.py:109} INFO - [2022-03-22 05:36:23,063] {dag.py:2398} INFO - Sync 1 DAGs
[2022-03-22 05:36:23,083] {logging_mixin.py:109} INFO - [2022-03-22 05:36:23,083] {dag.py:2937} INFO - Setting next_dagrun for tutorial to 2022-03-21T10:36:23.082678+00:00
[2022-03-22 05:36:23,343] {processor.py:171} INFO - Processing /home/lowenhard/acceleration/env/lib/python3.8/site-packages/airflow/example_dags/tutorial.py took 0.378 seconds
[2022-03-22 05:37:07,551] {processor.py:163} INFO - Started process (PID=254) to work on /home/lowenhard/acceleration/env/lib/python3.8/site-packages/airflow/example_dags/tutorial.py
[2022-03-22 05:37:07,575] {processor.py:642} INFO - Processing file /home/lowenhard/acceleration/env/lib/python3.8/site-packages/airflow/example_dags/tutorial.py for tasks to queue
[2022-03-22 05:37:07,575] {logging_mixin.py:109} INFO - [2022-03-22 05:37:07,575] {dagbag.py:500} INFO - Filling up the DagBag from /home/lowenhard/acceleration/env/lib/python3.8/site-packages/airflow/example_dags/tutorial.py
[2022-03-22 05:37:07,591] {processor.py:654} INFO - DAG(s) dict_keys(['tutorial']) retrieved from /home/lowenhard/acceleration/env/lib/python3.8/site-packages/airflow/example_dags/tutorial.py
[2022-03-22 05:37:07,600] {logging_mixin.py:109} INFO - [2022-03-22 05:37:07,600] {dag.py:2398} INFO - Sync 1 DAGs
[2022-03-22 05:37:07,610] {logging_mixin.py:109} INFO - [2022-03-22 05:37:07,610] {dag.py:2937} INFO - Setting next_dagrun for tutorial to 2022-03-21T10:37:07.609962+00:00
[2022-03-22 05:37:07,826] {processor.py:171} INFO - Processing /home/lowenhard/acceleration/env/lib/python3.8/site-packages/airflow/example_dags/tutorial.py took 0.279 seconds
[2022-03-22 05:38:06,303] {processor.py:163} INFO - Started process (PID=287) to work on /home/lowenhard/acceleration/env/lib/python3.8/site-packages/airflow/example_dags/tutorial.py
[2022-03-22 05:38:06,334] {processor.py:642} INFO - Processing file /home/lowenhard/acceleration/env/lib/python3.8/site-packages/airflow/example_dags/tutorial.py for tasks to queue
[2022-03-22 05:38:06,334] {logging_mixin.py:109} INFO - [2022-03-22 05:38:06,334] {dagbag.py:500} INFO - Filling up the DagBag from /home/lowenhard/acceleration/env/lib/python3.8/site-packages/airflow/example_dags/tutorial.py
[2022-03-22 05:38:06,353] {processor.py:654} INFO - DAG(s) dict_keys(['tutorial']) retrieved from /home/lowenhard/acceleration/env/lib/python3.8/site-packages/airflow/example_dags/tutorial.py
[2022-03-22 05:38:06,362] {logging_mixin.py:109} INFO - [2022-03-22 05:38:06,361] {dag.py:2398} INFO - Sync 1 DAGs
[2022-03-22 05:38:06,373] {logging_mixin.py:109} INFO - [2022-03-22 05:38:06,373] {dag.py:2937} INFO - Setting next_dagrun for tutorial to 2022-03-21T10:38:06.373238+00:00
[2022-03-22 05:38:06,758] {processor.py:171} INFO - Processing /home/lowenhard/acceleration/env/lib/python3.8/site-packages/airflow/example_dags/tutorial.py took 0.459 seconds
[2022-03-22 05:38:57,705] {processor.py:163} INFO - Started process (PID=311) to work on /home/lowenhard/acceleration/env/lib/python3.8/site-packages/airflow/example_dags/tutorial.py
[2022-03-22 05:38:57,722] {processor.py:642} INFO - Processing file /home/lowenhard/acceleration/env/lib/python3.8/site-packages/airflow/example_dags/tutorial.py for tasks to queue
[2022-03-22 05:38:57,723] {logging_mixin.py:109} INFO - [2022-03-22 05:38:57,723] {dagbag.py:500} INFO - Filling up the DagBag from /home/lowenhard/acceleration/env/lib/python3.8/site-packages/airflow/example_dags/tutorial.py
[2022-03-22 05:38:57,743] {processor.py:654} INFO - DAG(s) dict_keys(['tutorial']) retrieved from /home/lowenhard/acceleration/env/lib/python3.8/site-packages/airflow/example_dags/tutorial.py
[2022-03-22 05:38:57,752] {logging_mixin.py:109} INFO - [2022-03-22 05:38:57,751] {dag.py:2398} INFO - Sync 1 DAGs
[2022-03-22 05:38:57,763] {logging_mixin.py:109} INFO - [2022-03-22 05:38:57,763] {dag.py:2937} INFO - Setting next_dagrun for tutorial to 2022-03-21T10:38:57.763024+00:00
[2022-03-22 05:38:58,007] {processor.py:171} INFO - Processing /home/lowenhard/acceleration/env/lib/python3.8/site-packages/airflow/example_dags/tutorial.py took 0.304 seconds
[2022-03-22 05:39:47,988] {processor.py:163} INFO - Started process (PID=344) to work on /home/lowenhard/acceleration/env/lib/python3.8/site-packages/airflow/example_dags/tutorial.py
[2022-03-22 05:39:48,005] {processor.py:642} INFO - Processing file /home/lowenhard/acceleration/env/lib/python3.8/site-packages/airflow/example_dags/tutorial.py for tasks to queue
[2022-03-22 05:39:48,006] {logging_mixin.py:109} INFO - [2022-03-22 05:39:48,006] {dagbag.py:500} INFO - Filling up the DagBag from /home/lowenhard/acceleration/env/lib/python3.8/site-packages/airflow/example_dags/tutorial.py
[2022-03-22 05:39:48,032] {processor.py:654} INFO - DAG(s) dict_keys(['tutorial']) retrieved from /home/lowenhard/acceleration/env/lib/python3.8/site-packages/airflow/example_dags/tutorial.py
[2022-03-22 05:39:48,048] {logging_mixin.py:109} INFO - [2022-03-22 05:39:48,047] {dag.py:2398} INFO - Sync 1 DAGs
[2022-03-22 05:39:48,066] {logging_mixin.py:109} INFO - [2022-03-22 05:39:48,065] {dag.py:2937} INFO - Setting next_dagrun for tutorial to 2022-03-21T10:39:48.065651+00:00
[2022-03-22 05:39:48,343] {processor.py:171} INFO - Processing /home/lowenhard/acceleration/env/lib/python3.8/site-packages/airflow/example_dags/tutorial.py took 0.359 seconds
[2022-03-22 05:40:37,813] {processor.py:163} INFO - Started process (PID=371) to work on /home/lowenhard/acceleration/env/lib/python3.8/site-packages/airflow/example_dags/tutorial.py
[2022-03-22 05:40:37,838] {processor.py:642} INFO - Processing file /home/lowenhard/acceleration/env/lib/python3.8/site-packages/airflow/example_dags/tutorial.py for tasks to queue
[2022-03-22 05:40:37,839] {logging_mixin.py:109} INFO - [2022-03-22 05:40:37,839] {dagbag.py:500} INFO - Filling up the DagBag from /home/lowenhard/acceleration/env/lib/python3.8/site-packages/airflow/example_dags/tutorial.py
[2022-03-22 05:40:37,876] {processor.py:654} INFO - DAG(s) dict_keys(['tutorial']) retrieved from /home/lowenhard/acceleration/env/lib/python3.8/site-packages/airflow/example_dags/tutorial.py
[2022-03-22 05:40:37,890] {logging_mixin.py:109} INFO - [2022-03-22 05:40:37,890] {dag.py:2398} INFO - Sync 1 DAGs
[2022-03-22 05:40:37,909] {logging_mixin.py:109} INFO - [2022-03-22 05:40:37,909] {dag.py:2937} INFO - Setting next_dagrun for tutorial to 2022-03-21T10:40:37.909133+00:00
[2022-03-22 05:40:38,163] {processor.py:171} INFO - Processing /home/lowenhard/acceleration/env/lib/python3.8/site-packages/airflow/example_dags/tutorial.py took 0.354 seconds
[2022-03-22 05:41:26,400] {processor.py:163} INFO - Started process (PID=403) to work on /home/lowenhard/acceleration/env/lib/python3.8/site-packages/airflow/example_dags/tutorial.py
[2022-03-22 05:41:26,416] {processor.py:642} INFO - Processing file /home/lowenhard/acceleration/env/lib/python3.8/site-packages/airflow/example_dags/tutorial.py for tasks to queue
[2022-03-22 05:41:26,417] {logging_mixin.py:109} INFO - [2022-03-22 05:41:26,417] {dagbag.py:500} INFO - Filling up the DagBag from /home/lowenhard/acceleration/env/lib/python3.8/site-packages/airflow/example_dags/tutorial.py
[2022-03-22 05:41:26,450] {processor.py:654} INFO - DAG(s) dict_keys(['tutorial']) retrieved from /home/lowenhard/acceleration/env/lib/python3.8/site-packages/airflow/example_dags/tutorial.py
[2022-03-22 05:41:26,466] {logging_mixin.py:109} INFO - [2022-03-22 05:41:26,465] {dag.py:2398} INFO - Sync 1 DAGs
[2022-03-22 05:41:26,483] {logging_mixin.py:109} INFO - [2022-03-22 05:41:26,483] {dag.py:2937} INFO - Setting next_dagrun for tutorial to 2022-03-21T10:41:26.482664+00:00
[2022-03-22 05:41:27,310] {processor.py:171} INFO - Processing /home/lowenhard/acceleration/env/lib/python3.8/site-packages/airflow/example_dags/tutorial.py took 0.913 seconds
[2022-03-22 05:42:33,992] {processor.py:163} INFO - Started process (PID=438) to work on /home/lowenhard/acceleration/env/lib/python3.8/site-packages/airflow/example_dags/tutorial.py
[2022-03-22 05:42:34,023] {processor.py:642} INFO - Processing file /home/lowenhard/acceleration/env/lib/python3.8/site-packages/airflow/example_dags/tutorial.py for tasks to queue
[2022-03-22 05:42:34,024] {logging_mixin.py:109} INFO - [2022-03-22 05:42:34,024] {dagbag.py:500} INFO - Filling up the DagBag from /home/lowenhard/acceleration/env/lib/python3.8/site-packages/airflow/example_dags/tutorial.py
[2022-03-22 05:42:34,094] {processor.py:654} INFO - DAG(s) dict_keys(['tutorial']) retrieved from /home/lowenhard/acceleration/env/lib/python3.8/site-packages/airflow/example_dags/tutorial.py
[2022-03-22 05:42:34,111] {logging_mixin.py:109} INFO - [2022-03-22 05:42:34,111] {dag.py:2398} INFO - Sync 1 DAGs
[2022-03-22 05:42:34,129] {logging_mixin.py:109} INFO - [2022-03-22 05:42:34,129] {dag.py:2937} INFO - Setting next_dagrun for tutorial to 2022-03-21T10:42:34.128771+00:00
[2022-03-22 05:42:34,381] {processor.py:171} INFO - Processing /home/lowenhard/acceleration/env/lib/python3.8/site-packages/airflow/example_dags/tutorial.py took 0.397 seconds
[2022-03-22 05:43:22,121] {processor.py:163} INFO - Started process (PID=468) to work on /home/lowenhard/acceleration/env/lib/python3.8/site-packages/airflow/example_dags/tutorial.py
[2022-03-22 05:43:22,138] {processor.py:642} INFO - Processing file /home/lowenhard/acceleration/env/lib/python3.8/site-packages/airflow/example_dags/tutorial.py for tasks to queue
[2022-03-22 05:43:22,139] {logging_mixin.py:109} INFO - [2022-03-22 05:43:22,139] {dagbag.py:500} INFO - Filling up the DagBag from /home/lowenhard/acceleration/env/lib/python3.8/site-packages/airflow/example_dags/tutorial.py
[2022-03-22 05:43:22,170] {processor.py:654} INFO - DAG(s) dict_keys(['tutorial']) retrieved from /home/lowenhard/acceleration/env/lib/python3.8/site-packages/airflow/example_dags/tutorial.py
[2022-03-22 05:43:22,187] {logging_mixin.py:109} INFO - [2022-03-22 05:43:22,186] {dag.py:2398} INFO - Sync 1 DAGs
[2022-03-22 05:43:22,208] {logging_mixin.py:109} INFO - [2022-03-22 05:43:22,208] {dag.py:2937} INFO - Setting next_dagrun for tutorial to 2022-03-21T10:43:22.207449+00:00
[2022-03-22 05:43:22,481] {processor.py:171} INFO - Processing /home/lowenhard/acceleration/env/lib/python3.8/site-packages/airflow/example_dags/tutorial.py took 0.363 seconds
[2022-03-22 05:44:12,773] {processor.py:163} INFO - Started process (PID=497) to work on /home/lowenhard/acceleration/env/lib/python3.8/site-packages/airflow/example_dags/tutorial.py
[2022-03-22 05:44:12,791] {processor.py:642} INFO - Processing file /home/lowenhard/acceleration/env/lib/python3.8/site-packages/airflow/example_dags/tutorial.py for tasks to queue
[2022-03-22 05:44:12,791] {logging_mixin.py:109} INFO - [2022-03-22 05:44:12,791] {dagbag.py:500} INFO - Filling up the DagBag from /home/lowenhard/acceleration/env/lib/python3.8/site-packages/airflow/example_dags/tutorial.py
[2022-03-22 05:44:12,814] {processor.py:654} INFO - DAG(s) dict_keys(['tutorial']) retrieved from /home/lowenhard/acceleration/env/lib/python3.8/site-packages/airflow/example_dags/tutorial.py
[2022-03-22 05:44:12,823] {logging_mixin.py:109} INFO - [2022-03-22 05:44:12,823] {dag.py:2398} INFO - Sync 1 DAGs
[2022-03-22 05:44:12,837] {logging_mixin.py:109} INFO - [2022-03-22 05:44:12,836] {dag.py:2937} INFO - Setting next_dagrun for tutorial to 2022-03-21T10:44:12.836563+00:00
[2022-03-22 05:44:13,978] {processor.py:171} INFO - Processing /home/lowenhard/acceleration/env/lib/python3.8/site-packages/airflow/example_dags/tutorial.py took 1.207 seconds
[2022-03-22 05:45:01,046] {processor.py:163} INFO - Started process (PID=528) to work on /home/lowenhard/acceleration/env/lib/python3.8/site-packages/airflow/example_dags/tutorial.py
[2022-03-22 05:45:01,061] {processor.py:642} INFO - Processing file /home/lowenhard/acceleration/env/lib/python3.8/site-packages/airflow/example_dags/tutorial.py for tasks to queue
[2022-03-22 05:45:01,061] {logging_mixin.py:109} INFO - [2022-03-22 05:45:01,061] {dagbag.py:500} INFO - Filling up the DagBag from /home/lowenhard/acceleration/env/lib/python3.8/site-packages/airflow/example_dags/tutorial.py
[2022-03-22 05:45:01,080] {processor.py:654} INFO - DAG(s) dict_keys(['tutorial']) retrieved from /home/lowenhard/acceleration/env/lib/python3.8/site-packages/airflow/example_dags/tutorial.py
[2022-03-22 05:45:01,092] {logging_mixin.py:109} INFO - [2022-03-22 05:45:01,092] {dag.py:2398} INFO - Sync 1 DAGs
[2022-03-22 05:45:01,106] {logging_mixin.py:109} INFO - [2022-03-22 05:45:01,106] {dag.py:2937} INFO - Setting next_dagrun for tutorial to 2022-03-21T10:45:01.105798+00:00
[2022-03-22 05:45:01,906] {processor.py:171} INFO - Processing /home/lowenhard/acceleration/env/lib/python3.8/site-packages/airflow/example_dags/tutorial.py took 0.863 seconds
[2022-03-22 05:45:52,585] {processor.py:163} INFO - Started process (PID=562) to work on /home/lowenhard/acceleration/env/lib/python3.8/site-packages/airflow/example_dags/tutorial.py
[2022-03-22 05:45:52,587] {processor.py:642} INFO - Processing file /home/lowenhard/acceleration/env/lib/python3.8/site-packages/airflow/example_dags/tutorial.py for tasks to queue
[2022-03-22 05:45:52,588] {logging_mixin.py:109} INFO - [2022-03-22 05:45:52,588] {dagbag.py:500} INFO - Filling up the DagBag from /home/lowenhard/acceleration/env/lib/python3.8/site-packages/airflow/example_dags/tutorial.py
[2022-03-22 05:45:52,607] {processor.py:654} INFO - DAG(s) dict_keys(['tutorial']) retrieved from /home/lowenhard/acceleration/env/lib/python3.8/site-packages/airflow/example_dags/tutorial.py
[2022-03-22 05:45:52,617] {logging_mixin.py:109} INFO - [2022-03-22 05:45:52,617] {dag.py:2398} INFO - Sync 1 DAGs
[2022-03-22 05:45:52,630] {logging_mixin.py:109} INFO - [2022-03-22 05:45:52,629] {dag.py:2937} INFO - Setting next_dagrun for tutorial to 2022-03-21T10:45:52.629606+00:00
[2022-03-22 05:45:52,821] {processor.py:171} INFO - Processing /home/lowenhard/acceleration/env/lib/python3.8/site-packages/airflow/example_dags/tutorial.py took 0.239 seconds
[2022-03-22 05:46:35,924] {processor.py:163} INFO - Started process (PID=668) to work on /home/lowenhard/acceleration/env/lib/python3.8/site-packages/airflow/example_dags/tutorial.py
[2022-03-22 05:46:36,015] {processor.py:642} INFO - Processing file /home/lowenhard/acceleration/env/lib/python3.8/site-packages/airflow/example_dags/tutorial.py for tasks to queue
[2022-03-22 05:46:36,016] {logging_mixin.py:109} INFO - [2022-03-22 05:46:36,016] {dagbag.py:500} INFO - Filling up the DagBag from /home/lowenhard/acceleration/env/lib/python3.8/site-packages/airflow/example_dags/tutorial.py
[2022-03-22 05:46:36,035] {processor.py:654} INFO - DAG(s) dict_keys(['tutorial']) retrieved from /home/lowenhard/acceleration/env/lib/python3.8/site-packages/airflow/example_dags/tutorial.py
[2022-03-22 05:46:36,043] {logging_mixin.py:109} INFO - [2022-03-22 05:46:36,043] {dag.py:2398} INFO - Sync 1 DAGs
[2022-03-22 05:46:36,054] {logging_mixin.py:109} INFO - [2022-03-22 05:46:36,054] {dag.py:2937} INFO - Setting next_dagrun for tutorial to 2022-03-21T10:46:36.054574+00:00
[2022-03-22 05:46:36,855] {processor.py:171} INFO - Processing /home/lowenhard/acceleration/env/lib/python3.8/site-packages/airflow/example_dags/tutorial.py took 0.934 seconds
[2022-03-22 05:47:19,151] {processor.py:163} INFO - Started process (PID=745) to work on /home/lowenhard/acceleration/env/lib/python3.8/site-packages/airflow/example_dags/tutorial.py
[2022-03-22 05:47:19,255] {processor.py:642} INFO - Processing file /home/lowenhard/acceleration/env/lib/python3.8/site-packages/airflow/example_dags/tutorial.py for tasks to queue
[2022-03-22 05:47:19,256] {logging_mixin.py:109} INFO - [2022-03-22 05:47:19,256] {dagbag.py:500} INFO - Filling up the DagBag from /home/lowenhard/acceleration/env/lib/python3.8/site-packages/airflow/example_dags/tutorial.py
[2022-03-22 05:47:19,283] {processor.py:654} INFO - DAG(s) dict_keys(['tutorial']) retrieved from /home/lowenhard/acceleration/env/lib/python3.8/site-packages/airflow/example_dags/tutorial.py
[2022-03-22 05:47:19,292] {logging_mixin.py:109} INFO - [2022-03-22 05:47:19,292] {dag.py:2398} INFO - Sync 1 DAGs
[2022-03-22 05:47:19,303] {logging_mixin.py:109} INFO - [2022-03-22 05:47:19,303] {dag.py:2937} INFO - Setting next_dagrun for tutorial to 2022-03-21T10:47:19.303092+00:00
[2022-03-22 05:47:19,502] {processor.py:171} INFO - Processing /home/lowenhard/acceleration/env/lib/python3.8/site-packages/airflow/example_dags/tutorial.py took 0.354 seconds
[2022-03-22 05:48:08,387] {processor.py:163} INFO - Started process (PID=786) to work on /home/lowenhard/acceleration/env/lib/python3.8/site-packages/airflow/example_dags/tutorial.py
[2022-03-22 05:48:08,417] {processor.py:642} INFO - Processing file /home/lowenhard/acceleration/env/lib/python3.8/site-packages/airflow/example_dags/tutorial.py for tasks to queue
[2022-03-22 05:48:08,418] {logging_mixin.py:109} INFO - [2022-03-22 05:48:08,418] {dagbag.py:500} INFO - Filling up the DagBag from /home/lowenhard/acceleration/env/lib/python3.8/site-packages/airflow/example_dags/tutorial.py
[2022-03-22 05:48:08,438] {processor.py:654} INFO - DAG(s) dict_keys(['tutorial']) retrieved from /home/lowenhard/acceleration/env/lib/python3.8/site-packages/airflow/example_dags/tutorial.py
[2022-03-22 05:48:08,447] {logging_mixin.py:109} INFO - [2022-03-22 05:48:08,447] {dag.py:2398} INFO - Sync 1 DAGs
[2022-03-22 05:48:08,459] {logging_mixin.py:109} INFO - [2022-03-22 05:48:08,459] {dag.py:2937} INFO - Setting next_dagrun for tutorial to 2022-03-21T10:48:08.459457+00:00
[2022-03-22 05:48:08,740] {processor.py:171} INFO - Processing /home/lowenhard/acceleration/env/lib/python3.8/site-packages/airflow/example_dags/tutorial.py took 0.356 seconds
[2022-03-22 05:48:47,832] {processor.py:163} INFO - Started process (PID=813) to work on /home/lowenhard/acceleration/env/lib/python3.8/site-packages/airflow/example_dags/tutorial.py
[2022-03-22 05:48:47,845] {processor.py:642} INFO - Processing file /home/lowenhard/acceleration/env/lib/python3.8/site-packages/airflow/example_dags/tutorial.py for tasks to queue
[2022-03-22 05:48:47,845] {logging_mixin.py:109} INFO - [2022-03-22 05:48:47,845] {dagbag.py:500} INFO - Filling up the DagBag from /home/lowenhard/acceleration/env/lib/python3.8/site-packages/airflow/example_dags/tutorial.py
[2022-03-22 05:48:47,875] {processor.py:654} INFO - DAG(s) dict_keys(['tutorial']) retrieved from /home/lowenhard/acceleration/env/lib/python3.8/site-packages/airflow/example_dags/tutorial.py
[2022-03-22 05:48:47,890] {logging_mixin.py:109} INFO - [2022-03-22 05:48:47,890] {dag.py:2398} INFO - Sync 1 DAGs
[2022-03-22 05:48:47,915] {logging_mixin.py:109} INFO - [2022-03-22 05:48:47,915] {dag.py:2937} INFO - Setting next_dagrun for tutorial to 2022-03-21T10:48:47.915271+00:00
[2022-03-22 05:48:48,120] {processor.py:171} INFO - Processing /home/lowenhard/acceleration/env/lib/python3.8/site-packages/airflow/example_dags/tutorial.py took 0.291 seconds
[2022-03-22 05:49:42,424] {processor.py:163} INFO - Started process (PID=851) to work on /home/lowenhard/acceleration/env/lib/python3.8/site-packages/airflow/example_dags/tutorial.py
[2022-03-22 05:49:42,439] {processor.py:642} INFO - Processing file /home/lowenhard/acceleration/env/lib/python3.8/site-packages/airflow/example_dags/tutorial.py for tasks to queue
[2022-03-22 05:49:42,440] {logging_mixin.py:109} INFO - [2022-03-22 05:49:42,440] {dagbag.py:500} INFO - Filling up the DagBag from /home/lowenhard/acceleration/env/lib/python3.8/site-packages/airflow/example_dags/tutorial.py
[2022-03-22 05:49:42,460] {processor.py:654} INFO - DAG(s) dict_keys(['tutorial']) retrieved from /home/lowenhard/acceleration/env/lib/python3.8/site-packages/airflow/example_dags/tutorial.py
[2022-03-22 05:49:42,471] {logging_mixin.py:109} INFO - [2022-03-22 05:49:42,470] {dag.py:2398} INFO - Sync 1 DAGs
[2022-03-22 05:49:42,490] {logging_mixin.py:109} INFO - [2022-03-22 05:49:42,490] {dag.py:2937} INFO - Setting next_dagrun for tutorial to 2022-03-21T10:49:42.489785+00:00
[2022-03-22 05:49:42,729] {processor.py:171} INFO - Processing /home/lowenhard/acceleration/env/lib/python3.8/site-packages/airflow/example_dags/tutorial.py took 0.307 seconds
[2022-03-22 05:50:27,827] {processor.py:163} INFO - Started process (PID=880) to work on /home/lowenhard/acceleration/env/lib/python3.8/site-packages/airflow/example_dags/tutorial.py
[2022-03-22 05:50:27,846] {processor.py:642} INFO - Processing file /home/lowenhard/acceleration/env/lib/python3.8/site-packages/airflow/example_dags/tutorial.py for tasks to queue
[2022-03-22 05:50:27,847] {logging_mixin.py:109} INFO - [2022-03-22 05:50:27,847] {dagbag.py:500} INFO - Filling up the DagBag from /home/lowenhard/acceleration/env/lib/python3.8/site-packages/airflow/example_dags/tutorial.py
[2022-03-22 05:50:27,869] {processor.py:654} INFO - DAG(s) dict_keys(['tutorial']) retrieved from /home/lowenhard/acceleration/env/lib/python3.8/site-packages/airflow/example_dags/tutorial.py
[2022-03-22 05:50:27,879] {logging_mixin.py:109} INFO - [2022-03-22 05:50:27,878] {dag.py:2398} INFO - Sync 1 DAGs
[2022-03-22 05:50:27,894] {logging_mixin.py:109} INFO - [2022-03-22 05:50:27,893] {dag.py:2937} INFO - Setting next_dagrun for tutorial to 2022-03-21T10:50:27.893565+00:00
[2022-03-22 05:50:28,204] {processor.py:171} INFO - Processing /home/lowenhard/acceleration/env/lib/python3.8/site-packages/airflow/example_dags/tutorial.py took 0.379 seconds
[2022-03-22 05:51:07,736] {processor.py:163} INFO - Started process (PID=906) to work on /home/lowenhard/acceleration/env/lib/python3.8/site-packages/airflow/example_dags/tutorial.py
[2022-03-22 05:51:07,762] {processor.py:642} INFO - Processing file /home/lowenhard/acceleration/env/lib/python3.8/site-packages/airflow/example_dags/tutorial.py for tasks to queue
[2022-03-22 05:51:07,763] {logging_mixin.py:109} INFO - [2022-03-22 05:51:07,763] {dagbag.py:500} INFO - Filling up the DagBag from /home/lowenhard/acceleration/env/lib/python3.8/site-packages/airflow/example_dags/tutorial.py
[2022-03-22 05:51:07,786] {processor.py:654} INFO - DAG(s) dict_keys(['tutorial']) retrieved from /home/lowenhard/acceleration/env/lib/python3.8/site-packages/airflow/example_dags/tutorial.py
[2022-03-22 05:51:07,795] {logging_mixin.py:109} INFO - [2022-03-22 05:51:07,795] {dag.py:2398} INFO - Sync 1 DAGs
[2022-03-22 05:51:07,812] {logging_mixin.py:109} INFO - [2022-03-22 05:51:07,812] {dag.py:2937} INFO - Setting next_dagrun for tutorial to 2022-03-21T10:51:07.812058+00:00
[2022-03-22 05:51:07,990] {processor.py:171} INFO - Processing /home/lowenhard/acceleration/env/lib/python3.8/site-packages/airflow/example_dags/tutorial.py took 0.257 seconds
[2022-03-22 05:51:53,693] {processor.py:163} INFO - Started process (PID=934) to work on /home/lowenhard/acceleration/env/lib/python3.8/site-packages/airflow/example_dags/tutorial.py
[2022-03-22 05:51:53,706] {processor.py:642} INFO - Processing file /home/lowenhard/acceleration/env/lib/python3.8/site-packages/airflow/example_dags/tutorial.py for tasks to queue
[2022-03-22 05:51:53,707] {logging_mixin.py:109} INFO - [2022-03-22 05:51:53,707] {dagbag.py:500} INFO - Filling up the DagBag from /home/lowenhard/acceleration/env/lib/python3.8/site-packages/airflow/example_dags/tutorial.py
[2022-03-22 05:51:53,762] {processor.py:654} INFO - DAG(s) dict_keys(['tutorial']) retrieved from /home/lowenhard/acceleration/env/lib/python3.8/site-packages/airflow/example_dags/tutorial.py
[2022-03-22 05:51:53,796] {logging_mixin.py:109} INFO - [2022-03-22 05:51:53,796] {dag.py:2398} INFO - Sync 1 DAGs
[2022-03-22 05:51:53,843] {logging_mixin.py:109} INFO - [2022-03-22 05:51:53,843] {dag.py:2937} INFO - Setting next_dagrun for tutorial to 2022-03-21T10:51:53.843475+00:00
[2022-03-22 05:51:54,027] {processor.py:171} INFO - Processing /home/lowenhard/acceleration/env/lib/python3.8/site-packages/airflow/example_dags/tutorial.py took 0.346 seconds
[2022-03-22 05:53:04,623] {processor.py:163} INFO - Started process (PID=974) to work on /home/lowenhard/acceleration/env/lib/python3.8/site-packages/airflow/example_dags/tutorial.py
[2022-03-22 05:53:04,788] {processor.py:642} INFO - Processing file /home/lowenhard/acceleration/env/lib/python3.8/site-packages/airflow/example_dags/tutorial.py for tasks to queue
[2022-03-22 05:53:04,788] {logging_mixin.py:109} INFO - [2022-03-22 05:53:04,788] {dagbag.py:500} INFO - Filling up the DagBag from /home/lowenhard/acceleration/env/lib/python3.8/site-packages/airflow/example_dags/tutorial.py
[2022-03-22 05:53:04,808] {processor.py:654} INFO - DAG(s) dict_keys(['tutorial']) retrieved from /home/lowenhard/acceleration/env/lib/python3.8/site-packages/airflow/example_dags/tutorial.py
[2022-03-22 05:53:04,819] {logging_mixin.py:109} INFO - [2022-03-22 05:53:04,819] {dag.py:2398} INFO - Sync 1 DAGs
[2022-03-22 05:53:04,831] {logging_mixin.py:109} INFO - [2022-03-22 05:53:04,831] {dag.py:2937} INFO - Setting next_dagrun for tutorial to 2022-03-21T10:53:04.831369+00:00
[2022-03-22 05:53:06,270] {processor.py:171} INFO - Processing /home/lowenhard/acceleration/env/lib/python3.8/site-packages/airflow/example_dags/tutorial.py took 1.650 seconds
[2022-03-22 05:54:41,348] {processor.py:163} INFO - Started process (PID=1019) to work on /home/lowenhard/acceleration/env/lib/python3.8/site-packages/airflow/example_dags/tutorial.py
[2022-03-22 05:54:41,500] {processor.py:642} INFO - Processing file /home/lowenhard/acceleration/env/lib/python3.8/site-packages/airflow/example_dags/tutorial.py for tasks to queue
[2022-03-22 05:54:41,500] {logging_mixin.py:109} INFO - [2022-03-22 05:54:41,500] {dagbag.py:500} INFO - Filling up the DagBag from /home/lowenhard/acceleration/env/lib/python3.8/site-packages/airflow/example_dags/tutorial.py
[2022-03-22 05:54:41,519] {processor.py:654} INFO - DAG(s) dict_keys(['tutorial']) retrieved from /home/lowenhard/acceleration/env/lib/python3.8/site-packages/airflow/example_dags/tutorial.py
[2022-03-22 05:54:41,530] {logging_mixin.py:109} INFO - [2022-03-22 05:54:41,530] {dag.py:2398} INFO - Sync 1 DAGs
[2022-03-22 05:54:41,543] {logging_mixin.py:109} INFO - [2022-03-22 05:54:41,542] {dag.py:2937} INFO - Setting next_dagrun for tutorial to 2022-03-21T10:54:41.542580+00:00
[2022-03-22 05:54:42,870] {processor.py:171} INFO - Processing /home/lowenhard/acceleration/env/lib/python3.8/site-packages/airflow/example_dags/tutorial.py took 1.524 seconds
[2022-03-22 05:56:14,633] {processor.py:163} INFO - Started process (PID=1059) to work on /home/lowenhard/acceleration/env/lib/python3.8/site-packages/airflow/example_dags/tutorial.py
[2022-03-22 05:56:15,063] {processor.py:642} INFO - Processing file /home/lowenhard/acceleration/env/lib/python3.8/site-packages/airflow/example_dags/tutorial.py for tasks to queue
[2022-03-22 05:56:15,064] {logging_mixin.py:109} INFO - [2022-03-22 05:56:15,064] {dagbag.py:500} INFO - Filling up the DagBag from /home/lowenhard/acceleration/env/lib/python3.8/site-packages/airflow/example_dags/tutorial.py
[2022-03-22 05:56:16,316] {processor.py:654} INFO - DAG(s) dict_keys(['tutorial']) retrieved from /home/lowenhard/acceleration/env/lib/python3.8/site-packages/airflow/example_dags/tutorial.py
[2022-03-22 05:56:16,340] {logging_mixin.py:109} INFO - [2022-03-22 05:56:16,339] {dag.py:2398} INFO - Sync 1 DAGs
[2022-03-22 05:56:16,549] {logging_mixin.py:109} INFO - [2022-03-22 05:56:16,549] {dag.py:2937} INFO - Setting next_dagrun for tutorial to 2022-03-21T10:56:16.549186+00:00
[2022-03-22 05:56:16,769] {processor.py:171} INFO - Processing /home/lowenhard/acceleration/env/lib/python3.8/site-packages/airflow/example_dags/tutorial.py took 2.138 seconds
[2022-03-22 05:57:35,729] {processor.py:163} INFO - Started process (PID=1098) to work on /home/lowenhard/acceleration/env/lib/python3.8/site-packages/airflow/example_dags/tutorial.py
[2022-03-22 05:57:35,745] {processor.py:642} INFO - Processing file /home/lowenhard/acceleration/env/lib/python3.8/site-packages/airflow/example_dags/tutorial.py for tasks to queue
[2022-03-22 05:57:35,745] {logging_mixin.py:109} INFO - [2022-03-22 05:57:35,745] {dagbag.py:500} INFO - Filling up the DagBag from /home/lowenhard/acceleration/env/lib/python3.8/site-packages/airflow/example_dags/tutorial.py
[2022-03-22 05:57:35,765] {processor.py:654} INFO - DAG(s) dict_keys(['tutorial']) retrieved from /home/lowenhard/acceleration/env/lib/python3.8/site-packages/airflow/example_dags/tutorial.py
[2022-03-22 05:57:35,774] {logging_mixin.py:109} INFO - [2022-03-22 05:57:35,774] {dag.py:2398} INFO - Sync 1 DAGs
[2022-03-22 05:57:35,788] {logging_mixin.py:109} INFO - [2022-03-22 05:57:35,788] {dag.py:2937} INFO - Setting next_dagrun for tutorial to 2022-03-21T10:57:35.788021+00:00
[2022-03-22 05:57:35,968] {processor.py:171} INFO - Processing /home/lowenhard/acceleration/env/lib/python3.8/site-packages/airflow/example_dags/tutorial.py took 0.241 seconds
[2022-03-22 05:59:08,980] {processor.py:163} INFO - Started process (PID=1139) to work on /home/lowenhard/acceleration/env/lib/python3.8/site-packages/airflow/example_dags/tutorial.py
[2022-03-22 05:59:09,003] {processor.py:642} INFO - Processing file /home/lowenhard/acceleration/env/lib/python3.8/site-packages/airflow/example_dags/tutorial.py for tasks to queue
[2022-03-22 05:59:09,004] {logging_mixin.py:109} INFO - [2022-03-22 05:59:09,004] {dagbag.py:500} INFO - Filling up the DagBag from /home/lowenhard/acceleration/env/lib/python3.8/site-packages/airflow/example_dags/tutorial.py
[2022-03-22 05:59:09,029] {processor.py:654} INFO - DAG(s) dict_keys(['tutorial']) retrieved from /home/lowenhard/acceleration/env/lib/python3.8/site-packages/airflow/example_dags/tutorial.py
[2022-03-22 05:59:09,039] {logging_mixin.py:109} INFO - [2022-03-22 05:59:09,039] {dag.py:2398} INFO - Sync 1 DAGs
[2022-03-22 05:59:09,051] {logging_mixin.py:109} INFO - [2022-03-22 05:59:09,051] {dag.py:2937} INFO - Setting next_dagrun for tutorial to 2022-03-21T10:59:09.051603+00:00
[2022-03-22 05:59:09,212] {processor.py:171} INFO - Processing /home/lowenhard/acceleration/env/lib/python3.8/site-packages/airflow/example_dags/tutorial.py took 0.235 seconds
[2022-03-22 06:00:32,032] {processor.py:163} INFO - Started process (PID=1177) to work on /home/lowenhard/acceleration/env/lib/python3.8/site-packages/airflow/example_dags/tutorial.py
[2022-03-22 06:00:32,048] {processor.py:642} INFO - Processing file /home/lowenhard/acceleration/env/lib/python3.8/site-packages/airflow/example_dags/tutorial.py for tasks to queue
[2022-03-22 06:00:32,049] {logging_mixin.py:109} INFO - [2022-03-22 06:00:32,049] {dagbag.py:500} INFO - Filling up the DagBag from /home/lowenhard/acceleration/env/lib/python3.8/site-packages/airflow/example_dags/tutorial.py
[2022-03-22 06:00:32,068] {processor.py:654} INFO - DAG(s) dict_keys(['tutorial']) retrieved from /home/lowenhard/acceleration/env/lib/python3.8/site-packages/airflow/example_dags/tutorial.py
[2022-03-22 06:00:32,079] {logging_mixin.py:109} INFO - [2022-03-22 06:00:32,079] {dag.py:2398} INFO - Sync 1 DAGs
[2022-03-22 06:00:32,092] {logging_mixin.py:109} INFO - [2022-03-22 06:00:32,092] {dag.py:2937} INFO - Setting next_dagrun for tutorial to 2022-03-21T11:00:32.091928+00:00
[2022-03-22 06:00:32,842] {processor.py:171} INFO - Processing /home/lowenhard/acceleration/env/lib/python3.8/site-packages/airflow/example_dags/tutorial.py took 0.812 seconds
[2022-03-22 06:01:52,175] {processor.py:163} INFO - Started process (PID=1215) to work on /home/lowenhard/acceleration/env/lib/python3.8/site-packages/airflow/example_dags/tutorial.py
[2022-03-22 06:01:52,207] {processor.py:642} INFO - Processing file /home/lowenhard/acceleration/env/lib/python3.8/site-packages/airflow/example_dags/tutorial.py for tasks to queue
[2022-03-22 06:01:52,208] {logging_mixin.py:109} INFO - [2022-03-22 06:01:52,208] {dagbag.py:500} INFO - Filling up the DagBag from /home/lowenhard/acceleration/env/lib/python3.8/site-packages/airflow/example_dags/tutorial.py
[2022-03-22 06:01:52,229] {processor.py:654} INFO - DAG(s) dict_keys(['tutorial']) retrieved from /home/lowenhard/acceleration/env/lib/python3.8/site-packages/airflow/example_dags/tutorial.py
[2022-03-22 06:01:52,238] {logging_mixin.py:109} INFO - [2022-03-22 06:01:52,238] {dag.py:2398} INFO - Sync 1 DAGs
[2022-03-22 06:01:52,249] {logging_mixin.py:109} INFO - [2022-03-22 06:01:52,249] {dag.py:2937} INFO - Setting next_dagrun for tutorial to 2022-03-21T11:01:52.249558+00:00
[2022-03-22 06:01:54,085] {processor.py:171} INFO - Processing /home/lowenhard/acceleration/env/lib/python3.8/site-packages/airflow/example_dags/tutorial.py took 1.912 seconds
[2022-03-22 06:03:13,714] {processor.py:163} INFO - Started process (PID=1253) to work on /home/lowenhard/acceleration/env/lib/python3.8/site-packages/airflow/example_dags/tutorial.py
[2022-03-22 06:03:13,721] {processor.py:642} INFO - Processing file /home/lowenhard/acceleration/env/lib/python3.8/site-packages/airflow/example_dags/tutorial.py for tasks to queue
[2022-03-22 06:03:13,721] {logging_mixin.py:109} INFO - [2022-03-22 06:03:13,721] {dagbag.py:500} INFO - Filling up the DagBag from /home/lowenhard/acceleration/env/lib/python3.8/site-packages/airflow/example_dags/tutorial.py
[2022-03-22 06:03:13,742] {processor.py:654} INFO - DAG(s) dict_keys(['tutorial']) retrieved from /home/lowenhard/acceleration/env/lib/python3.8/site-packages/airflow/example_dags/tutorial.py
[2022-03-22 06:03:13,751] {logging_mixin.py:109} INFO - [2022-03-22 06:03:13,751] {dag.py:2398} INFO - Sync 1 DAGs
[2022-03-22 06:03:13,763] {logging_mixin.py:109} INFO - [2022-03-22 06:03:13,763] {dag.py:2937} INFO - Setting next_dagrun for tutorial to 2022-03-21T11:03:13.763526+00:00
[2022-03-22 06:03:16,202] {processor.py:171} INFO - Processing /home/lowenhard/acceleration/env/lib/python3.8/site-packages/airflow/example_dags/tutorial.py took 2.491 seconds
[2022-03-22 06:04:32,986] {processor.py:163} INFO - Started process (PID=1290) to work on /home/lowenhard/acceleration/env/lib/python3.8/site-packages/airflow/example_dags/tutorial.py
[2022-03-22 06:04:33,057] {processor.py:642} INFO - Processing file /home/lowenhard/acceleration/env/lib/python3.8/site-packages/airflow/example_dags/tutorial.py for tasks to queue
[2022-03-22 06:04:33,058] {logging_mixin.py:109} INFO - [2022-03-22 06:04:33,058] {dagbag.py:500} INFO - Filling up the DagBag from /home/lowenhard/acceleration/env/lib/python3.8/site-packages/airflow/example_dags/tutorial.py
[2022-03-22 06:04:33,080] {processor.py:654} INFO - DAG(s) dict_keys(['tutorial']) retrieved from /home/lowenhard/acceleration/env/lib/python3.8/site-packages/airflow/example_dags/tutorial.py
[2022-03-22 06:04:33,090] {logging_mixin.py:109} INFO - [2022-03-22 06:04:33,090] {dag.py:2398} INFO - Sync 1 DAGs
[2022-03-22 06:04:33,102] {logging_mixin.py:109} INFO - [2022-03-22 06:04:33,102] {dag.py:2937} INFO - Setting next_dagrun for tutorial to 2022-03-21T11:04:33.101872+00:00
[2022-03-22 06:04:33,267] {processor.py:171} INFO - Processing /home/lowenhard/acceleration/env/lib/python3.8/site-packages/airflow/example_dags/tutorial.py took 0.284 seconds
[2022-03-22 06:05:46,248] {processor.py:163} INFO - Started process (PID=1326) to work on /home/lowenhard/acceleration/env/lib/python3.8/site-packages/airflow/example_dags/tutorial.py
[2022-03-22 06:05:46,260] {processor.py:642} INFO - Processing file /home/lowenhard/acceleration/env/lib/python3.8/site-packages/airflow/example_dags/tutorial.py for tasks to queue
[2022-03-22 06:05:46,261] {logging_mixin.py:109} INFO - [2022-03-22 06:05:46,261] {dagbag.py:500} INFO - Filling up the DagBag from /home/lowenhard/acceleration/env/lib/python3.8/site-packages/airflow/example_dags/tutorial.py
[2022-03-22 06:05:46,289] {processor.py:654} INFO - DAG(s) dict_keys(['tutorial']) retrieved from /home/lowenhard/acceleration/env/lib/python3.8/site-packages/airflow/example_dags/tutorial.py
[2022-03-22 06:05:46,301] {logging_mixin.py:109} INFO - [2022-03-22 06:05:46,301] {dag.py:2398} INFO - Sync 1 DAGs
[2022-03-22 06:05:46,321] {logging_mixin.py:109} INFO - [2022-03-22 06:05:46,320] {dag.py:2937} INFO - Setting next_dagrun for tutorial to 2022-03-21T11:05:46.320653+00:00
[2022-03-22 06:05:48,659] {processor.py:171} INFO - Processing /home/lowenhard/acceleration/env/lib/python3.8/site-packages/airflow/example_dags/tutorial.py took 2.414 seconds
[2022-03-22 06:07:09,917] {processor.py:163} INFO - Started process (PID=1365) to work on /home/lowenhard/acceleration/env/lib/python3.8/site-packages/airflow/example_dags/tutorial.py
[2022-03-22 06:07:10,174] {processor.py:642} INFO - Processing file /home/lowenhard/acceleration/env/lib/python3.8/site-packages/airflow/example_dags/tutorial.py for tasks to queue
[2022-03-22 06:07:10,175] {logging_mixin.py:109} INFO - [2022-03-22 06:07:10,174] {dagbag.py:500} INFO - Filling up the DagBag from /home/lowenhard/acceleration/env/lib/python3.8/site-packages/airflow/example_dags/tutorial.py
[2022-03-22 06:07:10,194] {processor.py:654} INFO - DAG(s) dict_keys(['tutorial']) retrieved from /home/lowenhard/acceleration/env/lib/python3.8/site-packages/airflow/example_dags/tutorial.py
[2022-03-22 06:07:10,204] {logging_mixin.py:109} INFO - [2022-03-22 06:07:10,204] {dag.py:2398} INFO - Sync 1 DAGs
[2022-03-22 06:07:10,221] {logging_mixin.py:109} INFO - [2022-03-22 06:07:10,221] {dag.py:2937} INFO - Setting next_dagrun for tutorial to 2022-03-21T11:07:10.221244+00:00
[2022-03-22 06:07:10,441] {processor.py:171} INFO - Processing /home/lowenhard/acceleration/env/lib/python3.8/site-packages/airflow/example_dags/tutorial.py took 0.527 seconds
[2022-03-22 06:08:26,193] {processor.py:163} INFO - Started process (PID=1402) to work on /home/lowenhard/acceleration/env/lib/python3.8/site-packages/airflow/example_dags/tutorial.py
[2022-03-22 06:08:26,269] {processor.py:642} INFO - Processing file /home/lowenhard/acceleration/env/lib/python3.8/site-packages/airflow/example_dags/tutorial.py for tasks to queue
[2022-03-22 06:08:26,269] {logging_mixin.py:109} INFO - [2022-03-22 06:08:26,269] {dagbag.py:500} INFO - Filling up the DagBag from /home/lowenhard/acceleration/env/lib/python3.8/site-packages/airflow/example_dags/tutorial.py
[2022-03-22 06:08:26,291] {processor.py:654} INFO - DAG(s) dict_keys(['tutorial']) retrieved from /home/lowenhard/acceleration/env/lib/python3.8/site-packages/airflow/example_dags/tutorial.py
[2022-03-22 06:08:26,302] {logging_mixin.py:109} INFO - [2022-03-22 06:08:26,302] {dag.py:2398} INFO - Sync 1 DAGs
[2022-03-22 06:08:26,313] {logging_mixin.py:109} INFO - [2022-03-22 06:08:26,313] {dag.py:2937} INFO - Setting next_dagrun for tutorial to 2022-03-21T11:08:26.313529+00:00
[2022-03-22 06:08:27,291] {processor.py:171} INFO - Processing /home/lowenhard/acceleration/env/lib/python3.8/site-packages/airflow/example_dags/tutorial.py took 1.101 seconds
[2022-03-22 06:09:37,287] {processor.py:163} INFO - Started process (PID=1442) to work on /home/lowenhard/acceleration/env/lib/python3.8/site-packages/airflow/example_dags/tutorial.py
[2022-03-22 06:09:37,318] {processor.py:642} INFO - Processing file /home/lowenhard/acceleration/env/lib/python3.8/site-packages/airflow/example_dags/tutorial.py for tasks to queue
[2022-03-22 06:09:37,319] {logging_mixin.py:109} INFO - [2022-03-22 06:09:37,319] {dagbag.py:500} INFO - Filling up the DagBag from /home/lowenhard/acceleration/env/lib/python3.8/site-packages/airflow/example_dags/tutorial.py
[2022-03-22 06:09:37,364] {processor.py:654} INFO - DAG(s) dict_keys(['tutorial']) retrieved from /home/lowenhard/acceleration/env/lib/python3.8/site-packages/airflow/example_dags/tutorial.py
[2022-03-22 06:09:37,383] {logging_mixin.py:109} INFO - [2022-03-22 06:09:37,383] {dag.py:2398} INFO - Sync 1 DAGs
[2022-03-22 06:09:37,394] {logging_mixin.py:109} INFO - [2022-03-22 06:09:37,394] {dag.py:2937} INFO - Setting next_dagrun for tutorial to 2022-03-21T11:09:37.394265+00:00
[2022-03-22 06:09:38,231] {processor.py:171} INFO - Processing /home/lowenhard/acceleration/env/lib/python3.8/site-packages/airflow/example_dags/tutorial.py took 0.948 seconds
[2022-03-22 06:10:46,646] {processor.py:163} INFO - Started process (PID=1477) to work on /home/lowenhard/acceleration/env/lib/python3.8/site-packages/airflow/example_dags/tutorial.py
[2022-03-22 06:10:46,668] {processor.py:642} INFO - Processing file /home/lowenhard/acceleration/env/lib/python3.8/site-packages/airflow/example_dags/tutorial.py for tasks to queue
[2022-03-22 06:10:46,668] {logging_mixin.py:109} INFO - [2022-03-22 06:10:46,668] {dagbag.py:500} INFO - Filling up the DagBag from /home/lowenhard/acceleration/env/lib/python3.8/site-packages/airflow/example_dags/tutorial.py
[2022-03-22 06:10:46,687] {processor.py:654} INFO - DAG(s) dict_keys(['tutorial']) retrieved from /home/lowenhard/acceleration/env/lib/python3.8/site-packages/airflow/example_dags/tutorial.py
[2022-03-22 06:10:46,699] {logging_mixin.py:109} INFO - [2022-03-22 06:10:46,698] {dag.py:2398} INFO - Sync 1 DAGs
[2022-03-22 06:10:46,710] {logging_mixin.py:109} INFO - [2022-03-22 06:10:46,710] {dag.py:2937} INFO - Setting next_dagrun for tutorial to 2022-03-21T11:10:46.709938+00:00
[2022-03-22 06:10:48,876] {processor.py:171} INFO - Processing /home/lowenhard/acceleration/env/lib/python3.8/site-packages/airflow/example_dags/tutorial.py took 2.233 seconds
[2022-03-22 06:12:22,995] {processor.py:163} INFO - Started process (PID=1519) to work on /home/lowenhard/acceleration/env/lib/python3.8/site-packages/airflow/example_dags/tutorial.py
[2022-03-22 06:12:23,083] {processor.py:642} INFO - Processing file /home/lowenhard/acceleration/env/lib/python3.8/site-packages/airflow/example_dags/tutorial.py for tasks to queue
[2022-03-22 06:12:23,084] {logging_mixin.py:109} INFO - [2022-03-22 06:12:23,084] {dagbag.py:500} INFO - Filling up the DagBag from /home/lowenhard/acceleration/env/lib/python3.8/site-packages/airflow/example_dags/tutorial.py
[2022-03-22 06:12:23,104] {processor.py:654} INFO - DAG(s) dict_keys(['tutorial']) retrieved from /home/lowenhard/acceleration/env/lib/python3.8/site-packages/airflow/example_dags/tutorial.py
[2022-03-22 06:12:23,117] {logging_mixin.py:109} INFO - [2022-03-22 06:12:23,116] {dag.py:2398} INFO - Sync 1 DAGs
[2022-03-22 06:12:23,129] {logging_mixin.py:109} INFO - [2022-03-22 06:12:23,129] {dag.py:2937} INFO - Setting next_dagrun for tutorial to 2022-03-21T11:12:23.129076+00:00
[2022-03-22 06:12:23,360] {processor.py:171} INFO - Processing /home/lowenhard/acceleration/env/lib/python3.8/site-packages/airflow/example_dags/tutorial.py took 0.367 seconds
[2022-03-22 06:13:39,050] {processor.py:163} INFO - Started process (PID=1556) to work on /home/lowenhard/acceleration/env/lib/python3.8/site-packages/airflow/example_dags/tutorial.py
[2022-03-22 06:13:39,053] {processor.py:642} INFO - Processing file /home/lowenhard/acceleration/env/lib/python3.8/site-packages/airflow/example_dags/tutorial.py for tasks to queue
[2022-03-22 06:13:39,054] {logging_mixin.py:109} INFO - [2022-03-22 06:13:39,054] {dagbag.py:500} INFO - Filling up the DagBag from /home/lowenhard/acceleration/env/lib/python3.8/site-packages/airflow/example_dags/tutorial.py
[2022-03-22 06:13:39,073] {processor.py:654} INFO - DAG(s) dict_keys(['tutorial']) retrieved from /home/lowenhard/acceleration/env/lib/python3.8/site-packages/airflow/example_dags/tutorial.py
[2022-03-22 06:13:39,083] {logging_mixin.py:109} INFO - [2022-03-22 06:13:39,082] {dag.py:2398} INFO - Sync 1 DAGs
[2022-03-22 06:13:39,099] {logging_mixin.py:109} INFO - [2022-03-22 06:13:39,099] {dag.py:2937} INFO - Setting next_dagrun for tutorial to 2022-03-21T11:13:39.098798+00:00
[2022-03-22 06:13:40,565] {processor.py:171} INFO - Processing /home/lowenhard/acceleration/env/lib/python3.8/site-packages/airflow/example_dags/tutorial.py took 1.517 seconds
[2022-03-22 06:15:05,955] {processor.py:163} INFO - Started process (PID=1596) to work on /home/lowenhard/acceleration/env/lib/python3.8/site-packages/airflow/example_dags/tutorial.py
[2022-03-22 06:15:05,958] {processor.py:642} INFO - Processing file /home/lowenhard/acceleration/env/lib/python3.8/site-packages/airflow/example_dags/tutorial.py for tasks to queue
[2022-03-22 06:15:05,959] {logging_mixin.py:109} INFO - [2022-03-22 06:15:05,959] {dagbag.py:500} INFO - Filling up the DagBag from /home/lowenhard/acceleration/env/lib/python3.8/site-packages/airflow/example_dags/tutorial.py
[2022-03-22 06:15:05,985] {processor.py:654} INFO - DAG(s) dict_keys(['tutorial']) retrieved from /home/lowenhard/acceleration/env/lib/python3.8/site-packages/airflow/example_dags/tutorial.py
[2022-03-22 06:15:05,996] {logging_mixin.py:109} INFO - [2022-03-22 06:15:05,996] {dag.py:2398} INFO - Sync 1 DAGs
[2022-03-22 06:15:06,012] {logging_mixin.py:109} INFO - [2022-03-22 06:15:06,012] {dag.py:2937} INFO - Setting next_dagrun for tutorial to 2022-03-21T11:15:06.011886+00:00
[2022-03-22 06:15:07,581] {processor.py:171} INFO - Processing /home/lowenhard/acceleration/env/lib/python3.8/site-packages/airflow/example_dags/tutorial.py took 1.629 seconds
[2022-03-22 06:16:33,438] {processor.py:163} INFO - Started process (PID=1638) to work on /home/lowenhard/acceleration/env/lib/python3.8/site-packages/airflow/example_dags/tutorial.py
[2022-03-22 06:16:33,440] {processor.py:642} INFO - Processing file /home/lowenhard/acceleration/env/lib/python3.8/site-packages/airflow/example_dags/tutorial.py for tasks to queue
[2022-03-22 06:16:33,441] {logging_mixin.py:109} INFO - [2022-03-22 06:16:33,441] {dagbag.py:500} INFO - Filling up the DagBag from /home/lowenhard/acceleration/env/lib/python3.8/site-packages/airflow/example_dags/tutorial.py
[2022-03-22 06:16:33,461] {processor.py:654} INFO - DAG(s) dict_keys(['tutorial']) retrieved from /home/lowenhard/acceleration/env/lib/python3.8/site-packages/airflow/example_dags/tutorial.py
[2022-03-22 06:16:33,473] {logging_mixin.py:109} INFO - [2022-03-22 06:16:33,473] {dag.py:2398} INFO - Sync 1 DAGs
[2022-03-22 06:16:33,485] {logging_mixin.py:109} INFO - [2022-03-22 06:16:33,485] {dag.py:2937} INFO - Setting next_dagrun for tutorial to 2022-03-21T11:16:33.485210+00:00
[2022-03-22 06:16:34,611] {processor.py:171} INFO - Processing /home/lowenhard/acceleration/env/lib/python3.8/site-packages/airflow/example_dags/tutorial.py took 1.176 seconds
[2022-03-22 06:17:55,240] {processor.py:163} INFO - Started process (PID=1678) to work on /home/lowenhard/acceleration/env/lib/python3.8/site-packages/airflow/example_dags/tutorial.py
[2022-03-22 06:17:55,241] {processor.py:642} INFO - Processing file /home/lowenhard/acceleration/env/lib/python3.8/site-packages/airflow/example_dags/tutorial.py for tasks to queue
[2022-03-22 06:17:55,242] {logging_mixin.py:109} INFO - [2022-03-22 06:17:55,242] {dagbag.py:500} INFO - Filling up the DagBag from /home/lowenhard/acceleration/env/lib/python3.8/site-packages/airflow/example_dags/tutorial.py
[2022-03-22 06:17:55,265] {processor.py:654} INFO - DAG(s) dict_keys(['tutorial']) retrieved from /home/lowenhard/acceleration/env/lib/python3.8/site-packages/airflow/example_dags/tutorial.py
[2022-03-22 06:17:55,281] {logging_mixin.py:109} INFO - [2022-03-22 06:17:55,280] {dag.py:2398} INFO - Sync 1 DAGs
[2022-03-22 06:17:55,295] {logging_mixin.py:109} INFO - [2022-03-22 06:17:55,295] {dag.py:2937} INFO - Setting next_dagrun for tutorial to 2022-03-21T11:17:55.295240+00:00
[2022-03-22 06:17:55,511] {processor.py:171} INFO - Processing /home/lowenhard/acceleration/env/lib/python3.8/site-packages/airflow/example_dags/tutorial.py took 0.274 seconds
[2022-03-22 06:19:25,104] {processor.py:163} INFO - Started process (PID=1719) to work on /home/lowenhard/acceleration/env/lib/python3.8/site-packages/airflow/example_dags/tutorial.py
[2022-03-22 06:19:25,112] {processor.py:642} INFO - Processing file /home/lowenhard/acceleration/env/lib/python3.8/site-packages/airflow/example_dags/tutorial.py for tasks to queue
[2022-03-22 06:19:25,112] {logging_mixin.py:109} INFO - [2022-03-22 06:19:25,112] {dagbag.py:500} INFO - Filling up the DagBag from /home/lowenhard/acceleration/env/lib/python3.8/site-packages/airflow/example_dags/tutorial.py
[2022-03-22 06:19:25,132] {processor.py:654} INFO - DAG(s) dict_keys(['tutorial']) retrieved from /home/lowenhard/acceleration/env/lib/python3.8/site-packages/airflow/example_dags/tutorial.py
[2022-03-22 06:19:25,141] {logging_mixin.py:109} INFO - [2022-03-22 06:19:25,141] {dag.py:2398} INFO - Sync 1 DAGs
[2022-03-22 06:19:25,153] {logging_mixin.py:109} INFO - [2022-03-22 06:19:25,153] {dag.py:2937} INFO - Setting next_dagrun for tutorial to 2022-03-21T11:19:25.153260+00:00
[2022-03-22 06:19:25,779] {processor.py:171} INFO - Processing /home/lowenhard/acceleration/env/lib/python3.8/site-packages/airflow/example_dags/tutorial.py took 0.677 seconds
[2022-03-22 06:20:52,732] {processor.py:163} INFO - Started process (PID=1760) to work on /home/lowenhard/acceleration/env/lib/python3.8/site-packages/airflow/example_dags/tutorial.py
[2022-03-22 06:20:52,738] {processor.py:642} INFO - Processing file /home/lowenhard/acceleration/env/lib/python3.8/site-packages/airflow/example_dags/tutorial.py for tasks to queue
[2022-03-22 06:20:52,739] {logging_mixin.py:109} INFO - [2022-03-22 06:20:52,739] {dagbag.py:500} INFO - Filling up the DagBag from /home/lowenhard/acceleration/env/lib/python3.8/site-packages/airflow/example_dags/tutorial.py
[2022-03-22 06:20:52,759] {processor.py:654} INFO - DAG(s) dict_keys(['tutorial']) retrieved from /home/lowenhard/acceleration/env/lib/python3.8/site-packages/airflow/example_dags/tutorial.py
[2022-03-22 06:20:52,768] {logging_mixin.py:109} INFO - [2022-03-22 06:20:52,768] {dag.py:2398} INFO - Sync 1 DAGs
[2022-03-22 06:20:52,780] {logging_mixin.py:109} INFO - [2022-03-22 06:20:52,780] {dag.py:2937} INFO - Setting next_dagrun for tutorial to 2022-03-21T11:20:52.779753+00:00
[2022-03-22 06:20:54,603] {processor.py:171} INFO - Processing /home/lowenhard/acceleration/env/lib/python3.8/site-packages/airflow/example_dags/tutorial.py took 1.873 seconds
[2022-03-22 06:22:22,420] {processor.py:163} INFO - Started process (PID=1801) to work on /home/lowenhard/acceleration/env/lib/python3.8/site-packages/airflow/example_dags/tutorial.py
[2022-03-22 06:22:22,446] {processor.py:642} INFO - Processing file /home/lowenhard/acceleration/env/lib/python3.8/site-packages/airflow/example_dags/tutorial.py for tasks to queue
[2022-03-22 06:22:22,447] {logging_mixin.py:109} INFO - [2022-03-22 06:22:22,447] {dagbag.py:500} INFO - Filling up the DagBag from /home/lowenhard/acceleration/env/lib/python3.8/site-packages/airflow/example_dags/tutorial.py
[2022-03-22 06:22:22,512] {processor.py:654} INFO - DAG(s) dict_keys(['tutorial']) retrieved from /home/lowenhard/acceleration/env/lib/python3.8/site-packages/airflow/example_dags/tutorial.py
[2022-03-22 06:22:22,544] {logging_mixin.py:109} INFO - [2022-03-22 06:22:22,544] {dag.py:2398} INFO - Sync 1 DAGs
[2022-03-22 06:22:22,582] {logging_mixin.py:109} INFO - [2022-03-22 06:22:22,582] {dag.py:2937} INFO - Setting next_dagrun for tutorial to 2022-03-21T11:22:22.581607+00:00
[2022-03-22 06:22:22,852] {processor.py:171} INFO - Processing /home/lowenhard/acceleration/env/lib/python3.8/site-packages/airflow/example_dags/tutorial.py took 0.436 seconds
[2022-03-22 06:23:35,553] {processor.py:163} INFO - Started process (PID=1838) to work on /home/lowenhard/acceleration/env/lib/python3.8/site-packages/airflow/example_dags/tutorial.py
[2022-03-22 06:23:35,693] {processor.py:642} INFO - Processing file /home/lowenhard/acceleration/env/lib/python3.8/site-packages/airflow/example_dags/tutorial.py for tasks to queue
[2022-03-22 06:23:35,694] {logging_mixin.py:109} INFO - [2022-03-22 06:23:35,693] {dagbag.py:500} INFO - Filling up the DagBag from /home/lowenhard/acceleration/env/lib/python3.8/site-packages/airflow/example_dags/tutorial.py
[2022-03-22 06:23:35,721] {processor.py:654} INFO - DAG(s) dict_keys(['tutorial']) retrieved from /home/lowenhard/acceleration/env/lib/python3.8/site-packages/airflow/example_dags/tutorial.py
[2022-03-22 06:23:35,731] {logging_mixin.py:109} INFO - [2022-03-22 06:23:35,731] {dag.py:2398} INFO - Sync 1 DAGs
[2022-03-22 06:23:35,741] {logging_mixin.py:109} INFO - [2022-03-22 06:23:35,741] {dag.py:2937} INFO - Setting next_dagrun for tutorial to 2022-03-21T11:23:35.740992+00:00
[2022-03-22 06:23:37,044] {processor.py:171} INFO - Processing /home/lowenhard/acceleration/env/lib/python3.8/site-packages/airflow/example_dags/tutorial.py took 1.494 seconds
[2022-03-22 06:24:58,533] {processor.py:163} INFO - Started process (PID=1877) to work on /home/lowenhard/acceleration/env/lib/python3.8/site-packages/airflow/example_dags/tutorial.py
[2022-03-22 06:24:58,550] {processor.py:642} INFO - Processing file /home/lowenhard/acceleration/env/lib/python3.8/site-packages/airflow/example_dags/tutorial.py for tasks to queue
[2022-03-22 06:24:58,551] {logging_mixin.py:109} INFO - [2022-03-22 06:24:58,551] {dagbag.py:500} INFO - Filling up the DagBag from /home/lowenhard/acceleration/env/lib/python3.8/site-packages/airflow/example_dags/tutorial.py
[2022-03-22 06:24:58,572] {processor.py:654} INFO - DAG(s) dict_keys(['tutorial']) retrieved from /home/lowenhard/acceleration/env/lib/python3.8/site-packages/airflow/example_dags/tutorial.py
[2022-03-22 06:24:58,580] {logging_mixin.py:109} INFO - [2022-03-22 06:24:58,580] {dag.py:2398} INFO - Sync 1 DAGs
[2022-03-22 06:24:58,590] {logging_mixin.py:109} INFO - [2022-03-22 06:24:58,590] {dag.py:2937} INFO - Setting next_dagrun for tutorial to 2022-03-21T11:24:58.590097+00:00
[2022-03-22 06:24:58,731] {processor.py:171} INFO - Processing /home/lowenhard/acceleration/env/lib/python3.8/site-packages/airflow/example_dags/tutorial.py took 0.201 seconds
[2022-03-22 06:26:40,884] {processor.py:163} INFO - Started process (PID=1921) to work on /home/lowenhard/acceleration/env/lib/python3.8/site-packages/airflow/example_dags/tutorial.py
[2022-03-22 06:26:41,907] {processor.py:642} INFO - Processing file /home/lowenhard/acceleration/env/lib/python3.8/site-packages/airflow/example_dags/tutorial.py for tasks to queue
[2022-03-22 06:26:41,908] {logging_mixin.py:109} INFO - [2022-03-22 06:26:41,908] {dagbag.py:500} INFO - Filling up the DagBag from /home/lowenhard/acceleration/env/lib/python3.8/site-packages/airflow/example_dags/tutorial.py
[2022-03-22 06:26:41,933] {processor.py:654} INFO - DAG(s) dict_keys(['tutorial']) retrieved from /home/lowenhard/acceleration/env/lib/python3.8/site-packages/airflow/example_dags/tutorial.py
[2022-03-22 06:26:41,967] {logging_mixin.py:109} INFO - [2022-03-22 06:26:41,967] {dag.py:2398} INFO - Sync 1 DAGs
[2022-03-22 06:26:42,015] {logging_mixin.py:109} INFO - [2022-03-22 06:26:42,015] {dag.py:2937} INFO - Setting next_dagrun for tutorial to 2022-03-21T11:26:42.014912+00:00
[2022-03-22 06:26:43,125] {processor.py:171} INFO - Processing /home/lowenhard/acceleration/env/lib/python3.8/site-packages/airflow/example_dags/tutorial.py took 2.244 seconds
[2022-03-22 06:28:11,687] {processor.py:163} INFO - Started process (PID=1963) to work on /home/lowenhard/acceleration/env/lib/python3.8/site-packages/airflow/example_dags/tutorial.py
[2022-03-22 06:28:11,690] {processor.py:642} INFO - Processing file /home/lowenhard/acceleration/env/lib/python3.8/site-packages/airflow/example_dags/tutorial.py for tasks to queue
[2022-03-22 06:28:11,690] {logging_mixin.py:109} INFO - [2022-03-22 06:28:11,690] {dagbag.py:500} INFO - Filling up the DagBag from /home/lowenhard/acceleration/env/lib/python3.8/site-packages/airflow/example_dags/tutorial.py
[2022-03-22 06:28:11,709] {processor.py:654} INFO - DAG(s) dict_keys(['tutorial']) retrieved from /home/lowenhard/acceleration/env/lib/python3.8/site-packages/airflow/example_dags/tutorial.py
[2022-03-22 06:28:11,718] {logging_mixin.py:109} INFO - [2022-03-22 06:28:11,718] {dag.py:2398} INFO - Sync 1 DAGs
[2022-03-22 06:28:11,730] {logging_mixin.py:109} INFO - [2022-03-22 06:28:11,730] {dag.py:2937} INFO - Setting next_dagrun for tutorial to 2022-03-21T11:28:11.729976+00:00
[2022-03-22 06:28:12,553] {processor.py:171} INFO - Processing /home/lowenhard/acceleration/env/lib/python3.8/site-packages/airflow/example_dags/tutorial.py took 0.868 seconds
[2022-03-22 06:29:31,603] {processor.py:163} INFO - Started process (PID=2001) to work on /home/lowenhard/acceleration/env/lib/python3.8/site-packages/airflow/example_dags/tutorial.py
[2022-03-22 06:29:31,624] {processor.py:642} INFO - Processing file /home/lowenhard/acceleration/env/lib/python3.8/site-packages/airflow/example_dags/tutorial.py for tasks to queue
[2022-03-22 06:29:31,625] {logging_mixin.py:109} INFO - [2022-03-22 06:29:31,625] {dagbag.py:500} INFO - Filling up the DagBag from /home/lowenhard/acceleration/env/lib/python3.8/site-packages/airflow/example_dags/tutorial.py
[2022-03-22 06:29:31,650] {processor.py:654} INFO - DAG(s) dict_keys(['tutorial']) retrieved from /home/lowenhard/acceleration/env/lib/python3.8/site-packages/airflow/example_dags/tutorial.py
[2022-03-22 06:29:31,663] {logging_mixin.py:109} INFO - [2022-03-22 06:29:31,663] {dag.py:2398} INFO - Sync 1 DAGs
[2022-03-22 06:29:31,683] {logging_mixin.py:109} INFO - [2022-03-22 06:29:31,682] {dag.py:2937} INFO - Setting next_dagrun for tutorial to 2022-03-21T11:29:31.682274+00:00
[2022-03-22 06:29:32,343] {processor.py:171} INFO - Processing /home/lowenhard/acceleration/env/lib/python3.8/site-packages/airflow/example_dags/tutorial.py took 0.743 seconds
[2022-03-22 06:30:59,415] {processor.py:163} INFO - Started process (PID=2041) to work on /home/lowenhard/acceleration/env/lib/python3.8/site-packages/airflow/example_dags/tutorial.py
[2022-03-22 06:30:59,441] {processor.py:642} INFO - Processing file /home/lowenhard/acceleration/env/lib/python3.8/site-packages/airflow/example_dags/tutorial.py for tasks to queue
[2022-03-22 06:30:59,442] {logging_mixin.py:109} INFO - [2022-03-22 06:30:59,442] {dagbag.py:500} INFO - Filling up the DagBag from /home/lowenhard/acceleration/env/lib/python3.8/site-packages/airflow/example_dags/tutorial.py
[2022-03-22 06:30:59,461] {processor.py:654} INFO - DAG(s) dict_keys(['tutorial']) retrieved from /home/lowenhard/acceleration/env/lib/python3.8/site-packages/airflow/example_dags/tutorial.py
[2022-03-22 06:30:59,471] {logging_mixin.py:109} INFO - [2022-03-22 06:30:59,471] {dag.py:2398} INFO - Sync 1 DAGs
[2022-03-22 06:30:59,483] {logging_mixin.py:109} INFO - [2022-03-22 06:30:59,483] {dag.py:2937} INFO - Setting next_dagrun for tutorial to 2022-03-21T11:30:59.483069+00:00
[2022-03-22 06:30:59,730] {processor.py:171} INFO - Processing /home/lowenhard/acceleration/env/lib/python3.8/site-packages/airflow/example_dags/tutorial.py took 0.317 seconds
[2022-03-22 06:32:27,467] {processor.py:163} INFO - Started process (PID=2082) to work on /home/lowenhard/acceleration/env/lib/python3.8/site-packages/airflow/example_dags/tutorial.py
[2022-03-22 06:32:28,573] {processor.py:642} INFO - Processing file /home/lowenhard/acceleration/env/lib/python3.8/site-packages/airflow/example_dags/tutorial.py for tasks to queue
[2022-03-22 06:32:28,574] {logging_mixin.py:109} INFO - [2022-03-22 06:32:28,574] {dagbag.py:500} INFO - Filling up the DagBag from /home/lowenhard/acceleration/env/lib/python3.8/site-packages/airflow/example_dags/tutorial.py
[2022-03-22 06:32:28,601] {processor.py:654} INFO - DAG(s) dict_keys(['tutorial']) retrieved from /home/lowenhard/acceleration/env/lib/python3.8/site-packages/airflow/example_dags/tutorial.py
[2022-03-22 06:32:28,612] {logging_mixin.py:109} INFO - [2022-03-22 06:32:28,611] {dag.py:2398} INFO - Sync 1 DAGs
[2022-03-22 06:32:28,624] {logging_mixin.py:109} INFO - [2022-03-22 06:32:28,623] {dag.py:2937} INFO - Setting next_dagrun for tutorial to 2022-03-21T11:32:28.623651+00:00
[2022-03-22 06:32:28,919] {processor.py:171} INFO - Processing /home/lowenhard/acceleration/env/lib/python3.8/site-packages/airflow/example_dags/tutorial.py took 1.454 seconds
[2022-03-22 06:34:05,407] {processor.py:163} INFO - Started process (PID=2124) to work on /home/lowenhard/acceleration/env/lib/python3.8/site-packages/airflow/example_dags/tutorial.py
[2022-03-22 06:34:06,138] {processor.py:642} INFO - Processing file /home/lowenhard/acceleration/env/lib/python3.8/site-packages/airflow/example_dags/tutorial.py for tasks to queue
[2022-03-22 06:34:06,139] {logging_mixin.py:109} INFO - [2022-03-22 06:34:06,139] {dagbag.py:500} INFO - Filling up the DagBag from /home/lowenhard/acceleration/env/lib/python3.8/site-packages/airflow/example_dags/tutorial.py
[2022-03-22 06:34:06,165] {processor.py:654} INFO - DAG(s) dict_keys(['tutorial']) retrieved from /home/lowenhard/acceleration/env/lib/python3.8/site-packages/airflow/example_dags/tutorial.py
[2022-03-22 06:34:06,178] {logging_mixin.py:109} INFO - [2022-03-22 06:34:06,178] {dag.py:2398} INFO - Sync 1 DAGs
[2022-03-22 06:34:06,193] {logging_mixin.py:109} INFO - [2022-03-22 06:34:06,193] {dag.py:2937} INFO - Setting next_dagrun for tutorial to 2022-03-21T11:34:06.192809+00:00
[2022-03-22 06:34:06,447] {processor.py:171} INFO - Processing /home/lowenhard/acceleration/env/lib/python3.8/site-packages/airflow/example_dags/tutorial.py took 1.042 seconds
[2022-03-22 06:35:30,351] {processor.py:163} INFO - Started process (PID=2164) to work on /home/lowenhard/acceleration/env/lib/python3.8/site-packages/airflow/example_dags/tutorial.py
[2022-03-22 06:35:30,358] {processor.py:642} INFO - Processing file /home/lowenhard/acceleration/env/lib/python3.8/site-packages/airflow/example_dags/tutorial.py for tasks to queue
[2022-03-22 06:35:30,359] {logging_mixin.py:109} INFO - [2022-03-22 06:35:30,359] {dagbag.py:500} INFO - Filling up the DagBag from /home/lowenhard/acceleration/env/lib/python3.8/site-packages/airflow/example_dags/tutorial.py
[2022-03-22 06:35:30,383] {processor.py:654} INFO - DAG(s) dict_keys(['tutorial']) retrieved from /home/lowenhard/acceleration/env/lib/python3.8/site-packages/airflow/example_dags/tutorial.py
[2022-03-22 06:35:30,390] {logging_mixin.py:109} INFO - [2022-03-22 06:35:30,390] {dag.py:2398} INFO - Sync 1 DAGs
[2022-03-22 06:35:30,413] {logging_mixin.py:109} INFO - [2022-03-22 06:35:30,413] {dag.py:2937} INFO - Setting next_dagrun for tutorial to 2022-03-21T11:35:30.412964+00:00
[2022-03-22 06:35:30,570] {processor.py:171} INFO - Processing /home/lowenhard/acceleration/env/lib/python3.8/site-packages/airflow/example_dags/tutorial.py took 0.220 seconds
[2022-03-22 06:36:51,376] {processor.py:163} INFO - Started process (PID=2203) to work on /home/lowenhard/acceleration/env/lib/python3.8/site-packages/airflow/example_dags/tutorial.py
[2022-03-22 06:36:51,590] {processor.py:642} INFO - Processing file /home/lowenhard/acceleration/env/lib/python3.8/site-packages/airflow/example_dags/tutorial.py for tasks to queue
[2022-03-22 06:36:51,590] {logging_mixin.py:109} INFO - [2022-03-22 06:36:51,590] {dagbag.py:500} INFO - Filling up the DagBag from /home/lowenhard/acceleration/env/lib/python3.8/site-packages/airflow/example_dags/tutorial.py
[2022-03-22 06:36:51,609] {processor.py:654} INFO - DAG(s) dict_keys(['tutorial']) retrieved from /home/lowenhard/acceleration/env/lib/python3.8/site-packages/airflow/example_dags/tutorial.py
[2022-03-22 06:36:51,618] {logging_mixin.py:109} INFO - [2022-03-22 06:36:51,618] {dag.py:2398} INFO - Sync 1 DAGs
[2022-03-22 06:36:51,630] {logging_mixin.py:109} INFO - [2022-03-22 06:36:51,629] {dag.py:2937} INFO - Setting next_dagrun for tutorial to 2022-03-21T11:36:51.629658+00:00
[2022-03-22 06:36:53,406] {processor.py:171} INFO - Processing /home/lowenhard/acceleration/env/lib/python3.8/site-packages/airflow/example_dags/tutorial.py took 2.032 seconds
[2022-03-22 06:38:12,067] {processor.py:163} INFO - Started process (PID=2242) to work on /home/lowenhard/acceleration/env/lib/python3.8/site-packages/airflow/example_dags/tutorial.py
[2022-03-22 06:38:13,033] {processor.py:642} INFO - Processing file /home/lowenhard/acceleration/env/lib/python3.8/site-packages/airflow/example_dags/tutorial.py for tasks to queue
[2022-03-22 06:38:13,034] {logging_mixin.py:109} INFO - [2022-03-22 06:38:13,034] {dagbag.py:500} INFO - Filling up the DagBag from /home/lowenhard/acceleration/env/lib/python3.8/site-packages/airflow/example_dags/tutorial.py
[2022-03-22 06:38:13,054] {processor.py:654} INFO - DAG(s) dict_keys(['tutorial']) retrieved from /home/lowenhard/acceleration/env/lib/python3.8/site-packages/airflow/example_dags/tutorial.py
[2022-03-22 06:38:13,063] {logging_mixin.py:109} INFO - [2022-03-22 06:38:13,063] {dag.py:2398} INFO - Sync 1 DAGs
[2022-03-22 06:38:13,075] {logging_mixin.py:109} INFO - [2022-03-22 06:38:13,074] {dag.py:2937} INFO - Setting next_dagrun for tutorial to 2022-03-21T11:38:13.074723+00:00
[2022-03-22 06:38:13,224] {processor.py:171} INFO - Processing /home/lowenhard/acceleration/env/lib/python3.8/site-packages/airflow/example_dags/tutorial.py took 1.159 seconds
[2022-03-22 06:39:42,170] {processor.py:163} INFO - Started process (PID=2283) to work on /home/lowenhard/acceleration/env/lib/python3.8/site-packages/airflow/example_dags/tutorial.py
[2022-03-22 06:39:42,175] {processor.py:642} INFO - Processing file /home/lowenhard/acceleration/env/lib/python3.8/site-packages/airflow/example_dags/tutorial.py for tasks to queue
[2022-03-22 06:39:42,175] {logging_mixin.py:109} INFO - [2022-03-22 06:39:42,175] {dagbag.py:500} INFO - Filling up the DagBag from /home/lowenhard/acceleration/env/lib/python3.8/site-packages/airflow/example_dags/tutorial.py
[2022-03-22 06:39:42,195] {processor.py:654} INFO - DAG(s) dict_keys(['tutorial']) retrieved from /home/lowenhard/acceleration/env/lib/python3.8/site-packages/airflow/example_dags/tutorial.py
[2022-03-22 06:39:42,204] {logging_mixin.py:109} INFO - [2022-03-22 06:39:42,204] {dag.py:2398} INFO - Sync 1 DAGs
[2022-03-22 06:39:42,216] {logging_mixin.py:109} INFO - [2022-03-22 06:39:42,216] {dag.py:2937} INFO - Setting next_dagrun for tutorial to 2022-03-21T11:39:42.216233+00:00
[2022-03-22 06:39:42,775] {processor.py:171} INFO - Processing /home/lowenhard/acceleration/env/lib/python3.8/site-packages/airflow/example_dags/tutorial.py took 0.608 seconds
[2022-03-22 06:41:17,782] {processor.py:163} INFO - Started process (PID=2325) to work on /home/lowenhard/acceleration/env/lib/python3.8/site-packages/airflow/example_dags/tutorial.py
[2022-03-22 06:41:17,808] {processor.py:642} INFO - Processing file /home/lowenhard/acceleration/env/lib/python3.8/site-packages/airflow/example_dags/tutorial.py for tasks to queue
[2022-03-22 06:41:17,809] {logging_mixin.py:109} INFO - [2022-03-22 06:41:17,808] {dagbag.py:500} INFO - Filling up the DagBag from /home/lowenhard/acceleration/env/lib/python3.8/site-packages/airflow/example_dags/tutorial.py
[2022-03-22 06:41:17,829] {processor.py:654} INFO - DAG(s) dict_keys(['tutorial']) retrieved from /home/lowenhard/acceleration/env/lib/python3.8/site-packages/airflow/example_dags/tutorial.py
[2022-03-22 06:41:17,838] {logging_mixin.py:109} INFO - [2022-03-22 06:41:17,838] {dag.py:2398} INFO - Sync 1 DAGs
[2022-03-22 06:41:17,849] {logging_mixin.py:109} INFO - [2022-03-22 06:41:17,849] {dag.py:2937} INFO - Setting next_dagrun for tutorial to 2022-03-21T11:41:17.849057+00:00
[2022-03-22 06:41:18,000] {processor.py:171} INFO - Processing /home/lowenhard/acceleration/env/lib/python3.8/site-packages/airflow/example_dags/tutorial.py took 0.221 seconds
[2022-03-22 06:42:35,622] {processor.py:163} INFO - Started process (PID=2363) to work on /home/lowenhard/acceleration/env/lib/python3.8/site-packages/airflow/example_dags/tutorial.py
[2022-03-22 06:42:35,625] {processor.py:642} INFO - Processing file /home/lowenhard/acceleration/env/lib/python3.8/site-packages/airflow/example_dags/tutorial.py for tasks to queue
[2022-03-22 06:42:35,625] {logging_mixin.py:109} INFO - [2022-03-22 06:42:35,625] {dagbag.py:500} INFO - Filling up the DagBag from /home/lowenhard/acceleration/env/lib/python3.8/site-packages/airflow/example_dags/tutorial.py
[2022-03-22 06:42:35,645] {processor.py:654} INFO - DAG(s) dict_keys(['tutorial']) retrieved from /home/lowenhard/acceleration/env/lib/python3.8/site-packages/airflow/example_dags/tutorial.py
[2022-03-22 06:42:35,658] {logging_mixin.py:109} INFO - [2022-03-22 06:42:35,658] {dag.py:2398} INFO - Sync 1 DAGs
[2022-03-22 06:42:35,669] {logging_mixin.py:109} INFO - [2022-03-22 06:42:35,669] {dag.py:2937} INFO - Setting next_dagrun for tutorial to 2022-03-21T11:42:35.668284+00:00
[2022-03-22 06:42:35,811] {processor.py:171} INFO - Processing /home/lowenhard/acceleration/env/lib/python3.8/site-packages/airflow/example_dags/tutorial.py took 0.192 seconds
[2022-03-22 06:43:59,708] {processor.py:163} INFO - Started process (PID=2402) to work on /home/lowenhard/acceleration/env/lib/python3.8/site-packages/airflow/example_dags/tutorial.py
[2022-03-22 06:43:59,760] {processor.py:642} INFO - Processing file /home/lowenhard/acceleration/env/lib/python3.8/site-packages/airflow/example_dags/tutorial.py for tasks to queue
[2022-03-22 06:43:59,761] {logging_mixin.py:109} INFO - [2022-03-22 06:43:59,761] {dagbag.py:500} INFO - Filling up the DagBag from /home/lowenhard/acceleration/env/lib/python3.8/site-packages/airflow/example_dags/tutorial.py
[2022-03-22 06:43:59,782] {processor.py:654} INFO - DAG(s) dict_keys(['tutorial']) retrieved from /home/lowenhard/acceleration/env/lib/python3.8/site-packages/airflow/example_dags/tutorial.py
[2022-03-22 06:43:59,791] {logging_mixin.py:109} INFO - [2022-03-22 06:43:59,791] {dag.py:2398} INFO - Sync 1 DAGs
[2022-03-22 06:43:59,802] {logging_mixin.py:109} INFO - [2022-03-22 06:43:59,802] {dag.py:2937} INFO - Setting next_dagrun for tutorial to 2022-03-21T11:43:59.802435+00:00
[2022-03-22 06:44:01,161] {processor.py:171} INFO - Processing /home/lowenhard/acceleration/env/lib/python3.8/site-packages/airflow/example_dags/tutorial.py took 1.455 seconds
[2022-03-22 06:45:35,372] {processor.py:163} INFO - Started process (PID=2451) to work on /home/lowenhard/acceleration/env/lib/python3.8/site-packages/airflow/example_dags/tutorial.py
[2022-03-22 06:45:35,446] {processor.py:642} INFO - Processing file /home/lowenhard/acceleration/env/lib/python3.8/site-packages/airflow/example_dags/tutorial.py for tasks to queue
[2022-03-22 06:45:35,447] {logging_mixin.py:109} INFO - [2022-03-22 06:45:35,447] {dagbag.py:500} INFO - Filling up the DagBag from /home/lowenhard/acceleration/env/lib/python3.8/site-packages/airflow/example_dags/tutorial.py
[2022-03-22 06:45:35,469] {processor.py:654} INFO - DAG(s) dict_keys(['tutorial']) retrieved from /home/lowenhard/acceleration/env/lib/python3.8/site-packages/airflow/example_dags/tutorial.py
[2022-03-22 06:45:35,485] {logging_mixin.py:109} INFO - [2022-03-22 06:45:35,484] {dag.py:2398} INFO - Sync 1 DAGs
[2022-03-22 06:45:35,589] {logging_mixin.py:109} INFO - [2022-03-22 06:45:35,589] {dag.py:2937} INFO - Setting next_dagrun for tutorial to 2022-03-21T11:45:35.589244+00:00
[2022-03-22 06:45:36,388] {processor.py:171} INFO - Processing /home/lowenhard/acceleration/env/lib/python3.8/site-packages/airflow/example_dags/tutorial.py took 1.018 seconds
[2022-03-22 06:47:01,121] {processor.py:163} INFO - Started process (PID=2500) to work on /home/lowenhard/acceleration/env/lib/python3.8/site-packages/airflow/example_dags/tutorial.py
[2022-03-22 06:47:01,223] {processor.py:642} INFO - Processing file /home/lowenhard/acceleration/env/lib/python3.8/site-packages/airflow/example_dags/tutorial.py for tasks to queue
[2022-03-22 06:47:01,224] {logging_mixin.py:109} INFO - [2022-03-22 06:47:01,224] {dagbag.py:500} INFO - Filling up the DagBag from /home/lowenhard/acceleration/env/lib/python3.8/site-packages/airflow/example_dags/tutorial.py
[2022-03-22 06:47:01,247] {processor.py:654} INFO - DAG(s) dict_keys(['tutorial']) retrieved from /home/lowenhard/acceleration/env/lib/python3.8/site-packages/airflow/example_dags/tutorial.py
[2022-03-22 06:47:01,258] {logging_mixin.py:109} INFO - [2022-03-22 06:47:01,258] {dag.py:2398} INFO - Sync 1 DAGs
[2022-03-22 06:47:01,329] {logging_mixin.py:109} INFO - [2022-03-22 06:47:01,329] {dag.py:2937} INFO - Setting next_dagrun for tutorial to 2022-03-21T11:47:01.328869+00:00
[2022-03-22 06:47:01,517] {processor.py:171} INFO - Processing /home/lowenhard/acceleration/env/lib/python3.8/site-packages/airflow/example_dags/tutorial.py took 0.398 seconds
