[2022-03-22 05:34:40,314] {processor.py:163} INFO - Started process (PID=161) to work on /home/lowenhard/acceleration/env/lib/python3.8/site-packages/airflow/example_dags/tutorial_taskflow_api_etl.py
[2022-03-22 05:34:40,315] {processor.py:642} INFO - Processing file /home/lowenhard/acceleration/env/lib/python3.8/site-packages/airflow/example_dags/tutorial_taskflow_api_etl.py for tasks to queue
[2022-03-22 05:34:40,316] {logging_mixin.py:109} INFO - [2022-03-22 05:34:40,316] {dagbag.py:500} INFO - Filling up the DagBag from /home/lowenhard/acceleration/env/lib/python3.8/site-packages/airflow/example_dags/tutorial_taskflow_api_etl.py
[2022-03-22 05:34:40,414] {processor.py:654} INFO - DAG(s) dict_keys(['tutorial_taskflow_api_etl']) retrieved from /home/lowenhard/acceleration/env/lib/python3.8/site-packages/airflow/example_dags/tutorial_taskflow_api_etl.py
[2022-03-22 05:34:41,176] {logging_mixin.py:109} INFO - [2022-03-22 05:34:41,176] {dag.py:2398} INFO - Sync 1 DAGs
[2022-03-22 05:34:41,196] {logging_mixin.py:109} INFO - [2022-03-22 05:34:41,196] {dag.py:2937} INFO - Setting next_dagrun for tutorial_taskflow_api_etl to None
[2022-03-22 05:34:41,519] {processor.py:171} INFO - Processing /home/lowenhard/acceleration/env/lib/python3.8/site-packages/airflow/example_dags/tutorial_taskflow_api_etl.py took 1.217 seconds
[2022-03-22 05:35:30,615] {processor.py:163} INFO - Started process (PID=194) to work on /home/lowenhard/acceleration/env/lib/python3.8/site-packages/airflow/example_dags/tutorial_taskflow_api_etl.py
[2022-03-22 05:35:30,635] {processor.py:642} INFO - Processing file /home/lowenhard/acceleration/env/lib/python3.8/site-packages/airflow/example_dags/tutorial_taskflow_api_etl.py for tasks to queue
[2022-03-22 05:35:30,636] {logging_mixin.py:109} INFO - [2022-03-22 05:35:30,635] {dagbag.py:500} INFO - Filling up the DagBag from /home/lowenhard/acceleration/env/lib/python3.8/site-packages/airflow/example_dags/tutorial_taskflow_api_etl.py
[2022-03-22 05:35:30,658] {processor.py:654} INFO - DAG(s) dict_keys(['tutorial_taskflow_api_etl']) retrieved from /home/lowenhard/acceleration/env/lib/python3.8/site-packages/airflow/example_dags/tutorial_taskflow_api_etl.py
[2022-03-22 05:35:30,842] {logging_mixin.py:109} INFO - [2022-03-22 05:35:30,842] {dag.py:2398} INFO - Sync 1 DAGs
[2022-03-22 05:35:30,851] {logging_mixin.py:109} INFO - [2022-03-22 05:35:30,851] {dag.py:2937} INFO - Setting next_dagrun for tutorial_taskflow_api_etl to None
[2022-03-22 05:35:31,030] {processor.py:171} INFO - Processing /home/lowenhard/acceleration/env/lib/python3.8/site-packages/airflow/example_dags/tutorial_taskflow_api_etl.py took 0.417 seconds
[2022-03-22 05:36:21,422] {processor.py:163} INFO - Started process (PID=227) to work on /home/lowenhard/acceleration/env/lib/python3.8/site-packages/airflow/example_dags/tutorial_taskflow_api_etl.py
[2022-03-22 05:36:21,437] {processor.py:642} INFO - Processing file /home/lowenhard/acceleration/env/lib/python3.8/site-packages/airflow/example_dags/tutorial_taskflow_api_etl.py for tasks to queue
[2022-03-22 05:36:21,438] {logging_mixin.py:109} INFO - [2022-03-22 05:36:21,438] {dagbag.py:500} INFO - Filling up the DagBag from /home/lowenhard/acceleration/env/lib/python3.8/site-packages/airflow/example_dags/tutorial_taskflow_api_etl.py
[2022-03-22 05:36:21,459] {processor.py:654} INFO - DAG(s) dict_keys(['tutorial_taskflow_api_etl']) retrieved from /home/lowenhard/acceleration/env/lib/python3.8/site-packages/airflow/example_dags/tutorial_taskflow_api_etl.py
[2022-03-22 05:36:21,654] {logging_mixin.py:109} INFO - [2022-03-22 05:36:21,654] {dag.py:2398} INFO - Sync 1 DAGs
[2022-03-22 05:36:21,664] {logging_mixin.py:109} INFO - [2022-03-22 05:36:21,664] {dag.py:2937} INFO - Setting next_dagrun for tutorial_taskflow_api_etl to None
[2022-03-22 05:36:21,864] {processor.py:171} INFO - Processing /home/lowenhard/acceleration/env/lib/python3.8/site-packages/airflow/example_dags/tutorial_taskflow_api_etl.py took 0.443 seconds
[2022-03-22 05:37:05,098] {processor.py:163} INFO - Started process (PID=253) to work on /home/lowenhard/acceleration/env/lib/python3.8/site-packages/airflow/example_dags/tutorial_taskflow_api_etl.py
[2022-03-22 05:37:05,131] {processor.py:642} INFO - Processing file /home/lowenhard/acceleration/env/lib/python3.8/site-packages/airflow/example_dags/tutorial_taskflow_api_etl.py for tasks to queue
[2022-03-22 05:37:05,131] {logging_mixin.py:109} INFO - [2022-03-22 05:37:05,131] {dagbag.py:500} INFO - Filling up the DagBag from /home/lowenhard/acceleration/env/lib/python3.8/site-packages/airflow/example_dags/tutorial_taskflow_api_etl.py
[2022-03-22 05:37:05,158] {processor.py:654} INFO - DAG(s) dict_keys(['tutorial_taskflow_api_etl']) retrieved from /home/lowenhard/acceleration/env/lib/python3.8/site-packages/airflow/example_dags/tutorial_taskflow_api_etl.py
[2022-03-22 05:37:05,376] {logging_mixin.py:109} INFO - [2022-03-22 05:37:05,376] {dag.py:2398} INFO - Sync 1 DAGs
[2022-03-22 05:37:05,386] {logging_mixin.py:109} INFO - [2022-03-22 05:37:05,386] {dag.py:2937} INFO - Setting next_dagrun for tutorial_taskflow_api_etl to None
[2022-03-22 05:37:06,475] {processor.py:171} INFO - Processing /home/lowenhard/acceleration/env/lib/python3.8/site-packages/airflow/example_dags/tutorial_taskflow_api_etl.py took 1.380 seconds
[2022-03-22 05:38:05,112] {processor.py:163} INFO - Started process (PID=286) to work on /home/lowenhard/acceleration/env/lib/python3.8/site-packages/airflow/example_dags/tutorial_taskflow_api_etl.py
[2022-03-22 05:38:05,140] {processor.py:642} INFO - Processing file /home/lowenhard/acceleration/env/lib/python3.8/site-packages/airflow/example_dags/tutorial_taskflow_api_etl.py for tasks to queue
[2022-03-22 05:38:05,141] {logging_mixin.py:109} INFO - [2022-03-22 05:38:05,141] {dagbag.py:500} INFO - Filling up the DagBag from /home/lowenhard/acceleration/env/lib/python3.8/site-packages/airflow/example_dags/tutorial_taskflow_api_etl.py
[2022-03-22 05:38:05,163] {processor.py:654} INFO - DAG(s) dict_keys(['tutorial_taskflow_api_etl']) retrieved from /home/lowenhard/acceleration/env/lib/python3.8/site-packages/airflow/example_dags/tutorial_taskflow_api_etl.py
[2022-03-22 05:38:05,342] {logging_mixin.py:109} INFO - [2022-03-22 05:38:05,342] {dag.py:2398} INFO - Sync 1 DAGs
[2022-03-22 05:38:05,352] {logging_mixin.py:109} INFO - [2022-03-22 05:38:05,352] {dag.py:2937} INFO - Setting next_dagrun for tutorial_taskflow_api_etl to None
[2022-03-22 05:38:05,637] {processor.py:171} INFO - Processing /home/lowenhard/acceleration/env/lib/python3.8/site-packages/airflow/example_dags/tutorial_taskflow_api_etl.py took 0.540 seconds
[2022-03-22 05:38:56,156] {processor.py:163} INFO - Started process (PID=310) to work on /home/lowenhard/acceleration/env/lib/python3.8/site-packages/airflow/example_dags/tutorial_taskflow_api_etl.py
[2022-03-22 05:38:56,184] {processor.py:642} INFO - Processing file /home/lowenhard/acceleration/env/lib/python3.8/site-packages/airflow/example_dags/tutorial_taskflow_api_etl.py for tasks to queue
[2022-03-22 05:38:56,185] {logging_mixin.py:109} INFO - [2022-03-22 05:38:56,185] {dagbag.py:500} INFO - Filling up the DagBag from /home/lowenhard/acceleration/env/lib/python3.8/site-packages/airflow/example_dags/tutorial_taskflow_api_etl.py
[2022-03-22 05:38:56,206] {processor.py:654} INFO - DAG(s) dict_keys(['tutorial_taskflow_api_etl']) retrieved from /home/lowenhard/acceleration/env/lib/python3.8/site-packages/airflow/example_dags/tutorial_taskflow_api_etl.py
[2022-03-22 05:38:56,402] {logging_mixin.py:109} INFO - [2022-03-22 05:38:56,402] {dag.py:2398} INFO - Sync 1 DAGs
[2022-03-22 05:38:56,413] {logging_mixin.py:109} INFO - [2022-03-22 05:38:56,413] {dag.py:2937} INFO - Setting next_dagrun for tutorial_taskflow_api_etl to None
[2022-03-22 05:38:56,712] {processor.py:171} INFO - Processing /home/lowenhard/acceleration/env/lib/python3.8/site-packages/airflow/example_dags/tutorial_taskflow_api_etl.py took 0.558 seconds
[2022-03-22 05:39:46,402] {processor.py:163} INFO - Started process (PID=343) to work on /home/lowenhard/acceleration/env/lib/python3.8/site-packages/airflow/example_dags/tutorial_taskflow_api_etl.py
[2022-03-22 05:39:46,434] {processor.py:642} INFO - Processing file /home/lowenhard/acceleration/env/lib/python3.8/site-packages/airflow/example_dags/tutorial_taskflow_api_etl.py for tasks to queue
[2022-03-22 05:39:46,435] {logging_mixin.py:109} INFO - [2022-03-22 05:39:46,435] {dagbag.py:500} INFO - Filling up the DagBag from /home/lowenhard/acceleration/env/lib/python3.8/site-packages/airflow/example_dags/tutorial_taskflow_api_etl.py
[2022-03-22 05:39:46,476] {processor.py:654} INFO - DAG(s) dict_keys(['tutorial_taskflow_api_etl']) retrieved from /home/lowenhard/acceleration/env/lib/python3.8/site-packages/airflow/example_dags/tutorial_taskflow_api_etl.py
[2022-03-22 05:39:46,695] {logging_mixin.py:109} INFO - [2022-03-22 05:39:46,695] {dag.py:2398} INFO - Sync 1 DAGs
[2022-03-22 05:39:46,781] {logging_mixin.py:109} INFO - [2022-03-22 05:39:46,780] {dag.py:2937} INFO - Setting next_dagrun for tutorial_taskflow_api_etl to None
[2022-03-22 05:39:46,955] {processor.py:171} INFO - Processing /home/lowenhard/acceleration/env/lib/python3.8/site-packages/airflow/example_dags/tutorial_taskflow_api_etl.py took 0.557 seconds
[2022-03-22 05:40:35,906] {processor.py:163} INFO - Started process (PID=370) to work on /home/lowenhard/acceleration/env/lib/python3.8/site-packages/airflow/example_dags/tutorial_taskflow_api_etl.py
[2022-03-22 05:40:35,947] {processor.py:642} INFO - Processing file /home/lowenhard/acceleration/env/lib/python3.8/site-packages/airflow/example_dags/tutorial_taskflow_api_etl.py for tasks to queue
[2022-03-22 05:40:35,949] {logging_mixin.py:109} INFO - [2022-03-22 05:40:35,948] {dagbag.py:500} INFO - Filling up the DagBag from /home/lowenhard/acceleration/env/lib/python3.8/site-packages/airflow/example_dags/tutorial_taskflow_api_etl.py
[2022-03-22 05:40:36,020] {processor.py:654} INFO - DAG(s) dict_keys(['tutorial_taskflow_api_etl']) retrieved from /home/lowenhard/acceleration/env/lib/python3.8/site-packages/airflow/example_dags/tutorial_taskflow_api_etl.py
[2022-03-22 05:40:36,248] {logging_mixin.py:109} INFO - [2022-03-22 05:40:36,248] {dag.py:2398} INFO - Sync 1 DAGs
[2022-03-22 05:40:36,334] {logging_mixin.py:109} INFO - [2022-03-22 05:40:36,333] {dag.py:2937} INFO - Setting next_dagrun for tutorial_taskflow_api_etl to None
[2022-03-22 05:40:36,524] {processor.py:171} INFO - Processing /home/lowenhard/acceleration/env/lib/python3.8/site-packages/airflow/example_dags/tutorial_taskflow_api_etl.py took 0.631 seconds
[2022-03-22 05:41:24,533] {processor.py:163} INFO - Started process (PID=402) to work on /home/lowenhard/acceleration/env/lib/python3.8/site-packages/airflow/example_dags/tutorial_taskflow_api_etl.py
[2022-03-22 05:41:24,562] {processor.py:642} INFO - Processing file /home/lowenhard/acceleration/env/lib/python3.8/site-packages/airflow/example_dags/tutorial_taskflow_api_etl.py for tasks to queue
[2022-03-22 05:41:24,563] {logging_mixin.py:109} INFO - [2022-03-22 05:41:24,563] {dagbag.py:500} INFO - Filling up the DagBag from /home/lowenhard/acceleration/env/lib/python3.8/site-packages/airflow/example_dags/tutorial_taskflow_api_etl.py
[2022-03-22 05:41:24,601] {processor.py:654} INFO - DAG(s) dict_keys(['tutorial_taskflow_api_etl']) retrieved from /home/lowenhard/acceleration/env/lib/python3.8/site-packages/airflow/example_dags/tutorial_taskflow_api_etl.py
[2022-03-22 05:41:24,919] {logging_mixin.py:109} INFO - [2022-03-22 05:41:24,919] {dag.py:2398} INFO - Sync 1 DAGs
[2022-03-22 05:41:25,020] {logging_mixin.py:109} INFO - [2022-03-22 05:41:25,020] {dag.py:2937} INFO - Setting next_dagrun for tutorial_taskflow_api_etl to None
[2022-03-22 05:41:25,274] {processor.py:171} INFO - Processing /home/lowenhard/acceleration/env/lib/python3.8/site-packages/airflow/example_dags/tutorial_taskflow_api_etl.py took 0.745 seconds
[2022-03-22 05:42:31,881] {processor.py:163} INFO - Started process (PID=437) to work on /home/lowenhard/acceleration/env/lib/python3.8/site-packages/airflow/example_dags/tutorial_taskflow_api_etl.py
[2022-03-22 05:42:31,909] {processor.py:642} INFO - Processing file /home/lowenhard/acceleration/env/lib/python3.8/site-packages/airflow/example_dags/tutorial_taskflow_api_etl.py for tasks to queue
[2022-03-22 05:42:31,910] {logging_mixin.py:109} INFO - [2022-03-22 05:42:31,910] {dagbag.py:500} INFO - Filling up the DagBag from /home/lowenhard/acceleration/env/lib/python3.8/site-packages/airflow/example_dags/tutorial_taskflow_api_etl.py
[2022-03-22 05:42:31,951] {processor.py:654} INFO - DAG(s) dict_keys(['tutorial_taskflow_api_etl']) retrieved from /home/lowenhard/acceleration/env/lib/python3.8/site-packages/airflow/example_dags/tutorial_taskflow_api_etl.py
[2022-03-22 05:42:32,334] {logging_mixin.py:109} INFO - [2022-03-22 05:42:32,334] {dag.py:2398} INFO - Sync 1 DAGs
[2022-03-22 05:42:32,349] {logging_mixin.py:109} INFO - [2022-03-22 05:42:32,349] {dag.py:2937} INFO - Setting next_dagrun for tutorial_taskflow_api_etl to None
[2022-03-22 05:42:32,670] {processor.py:171} INFO - Processing /home/lowenhard/acceleration/env/lib/python3.8/site-packages/airflow/example_dags/tutorial_taskflow_api_etl.py took 0.792 seconds
[2022-03-22 05:43:20,238] {processor.py:163} INFO - Started process (PID=467) to work on /home/lowenhard/acceleration/env/lib/python3.8/site-packages/airflow/example_dags/tutorial_taskflow_api_etl.py
[2022-03-22 05:43:20,266] {processor.py:642} INFO - Processing file /home/lowenhard/acceleration/env/lib/python3.8/site-packages/airflow/example_dags/tutorial_taskflow_api_etl.py for tasks to queue
[2022-03-22 05:43:20,267] {logging_mixin.py:109} INFO - [2022-03-22 05:43:20,267] {dagbag.py:500} INFO - Filling up the DagBag from /home/lowenhard/acceleration/env/lib/python3.8/site-packages/airflow/example_dags/tutorial_taskflow_api_etl.py
[2022-03-22 05:43:20,305] {processor.py:654} INFO - DAG(s) dict_keys(['tutorial_taskflow_api_etl']) retrieved from /home/lowenhard/acceleration/env/lib/python3.8/site-packages/airflow/example_dags/tutorial_taskflow_api_etl.py
[2022-03-22 05:43:20,696] {logging_mixin.py:109} INFO - [2022-03-22 05:43:20,696] {dag.py:2398} INFO - Sync 1 DAGs
[2022-03-22 05:43:20,706] {logging_mixin.py:109} INFO - [2022-03-22 05:43:20,706] {dag.py:2937} INFO - Setting next_dagrun for tutorial_taskflow_api_etl to None
[2022-03-22 05:43:20,937] {processor.py:171} INFO - Processing /home/lowenhard/acceleration/env/lib/python3.8/site-packages/airflow/example_dags/tutorial_taskflow_api_etl.py took 0.703 seconds
[2022-03-22 05:44:10,830] {processor.py:163} INFO - Started process (PID=496) to work on /home/lowenhard/acceleration/env/lib/python3.8/site-packages/airflow/example_dags/tutorial_taskflow_api_etl.py
[2022-03-22 05:44:10,854] {processor.py:642} INFO - Processing file /home/lowenhard/acceleration/env/lib/python3.8/site-packages/airflow/example_dags/tutorial_taskflow_api_etl.py for tasks to queue
[2022-03-22 05:44:10,855] {logging_mixin.py:109} INFO - [2022-03-22 05:44:10,855] {dagbag.py:500} INFO - Filling up the DagBag from /home/lowenhard/acceleration/env/lib/python3.8/site-packages/airflow/example_dags/tutorial_taskflow_api_etl.py
[2022-03-22 05:44:10,880] {processor.py:654} INFO - DAG(s) dict_keys(['tutorial_taskflow_api_etl']) retrieved from /home/lowenhard/acceleration/env/lib/python3.8/site-packages/airflow/example_dags/tutorial_taskflow_api_etl.py
[2022-03-22 05:44:11,133] {logging_mixin.py:109} INFO - [2022-03-22 05:44:11,133] {dag.py:2398} INFO - Sync 1 DAGs
[2022-03-22 05:44:11,141] {logging_mixin.py:109} INFO - [2022-03-22 05:44:11,141] {dag.py:2937} INFO - Setting next_dagrun for tutorial_taskflow_api_etl to None
[2022-03-22 05:44:11,713] {processor.py:171} INFO - Processing /home/lowenhard/acceleration/env/lib/python3.8/site-packages/airflow/example_dags/tutorial_taskflow_api_etl.py took 0.885 seconds
[2022-03-22 05:44:58,976] {processor.py:163} INFO - Started process (PID=527) to work on /home/lowenhard/acceleration/env/lib/python3.8/site-packages/airflow/example_dags/tutorial_taskflow_api_etl.py
[2022-03-22 05:44:59,003] {processor.py:642} INFO - Processing file /home/lowenhard/acceleration/env/lib/python3.8/site-packages/airflow/example_dags/tutorial_taskflow_api_etl.py for tasks to queue
[2022-03-22 05:44:59,004] {logging_mixin.py:109} INFO - [2022-03-22 05:44:59,003] {dagbag.py:500} INFO - Filling up the DagBag from /home/lowenhard/acceleration/env/lib/python3.8/site-packages/airflow/example_dags/tutorial_taskflow_api_etl.py
[2022-03-22 05:44:59,039] {processor.py:654} INFO - DAG(s) dict_keys(['tutorial_taskflow_api_etl']) retrieved from /home/lowenhard/acceleration/env/lib/python3.8/site-packages/airflow/example_dags/tutorial_taskflow_api_etl.py
[2022-03-22 05:44:59,374] {logging_mixin.py:109} INFO - [2022-03-22 05:44:59,374] {dag.py:2398} INFO - Sync 1 DAGs
[2022-03-22 05:44:59,386] {logging_mixin.py:109} INFO - [2022-03-22 05:44:59,386] {dag.py:2937} INFO - Setting next_dagrun for tutorial_taskflow_api_etl to None
[2022-03-22 05:44:59,683] {processor.py:171} INFO - Processing /home/lowenhard/acceleration/env/lib/python3.8/site-packages/airflow/example_dags/tutorial_taskflow_api_etl.py took 0.709 seconds
[2022-03-22 05:45:50,702] {processor.py:163} INFO - Started process (PID=561) to work on /home/lowenhard/acceleration/env/lib/python3.8/site-packages/airflow/example_dags/tutorial_taskflow_api_etl.py
[2022-03-22 05:45:50,737] {processor.py:642} INFO - Processing file /home/lowenhard/acceleration/env/lib/python3.8/site-packages/airflow/example_dags/tutorial_taskflow_api_etl.py for tasks to queue
[2022-03-22 05:45:50,738] {logging_mixin.py:109} INFO - [2022-03-22 05:45:50,738] {dagbag.py:500} INFO - Filling up the DagBag from /home/lowenhard/acceleration/env/lib/python3.8/site-packages/airflow/example_dags/tutorial_taskflow_api_etl.py
[2022-03-22 05:45:50,763] {processor.py:654} INFO - DAG(s) dict_keys(['tutorial_taskflow_api_etl']) retrieved from /home/lowenhard/acceleration/env/lib/python3.8/site-packages/airflow/example_dags/tutorial_taskflow_api_etl.py
[2022-03-22 05:45:51,019] {logging_mixin.py:109} INFO - [2022-03-22 05:45:51,019] {dag.py:2398} INFO - Sync 1 DAGs
[2022-03-22 05:45:51,028] {logging_mixin.py:109} INFO - [2022-03-22 05:45:51,028] {dag.py:2937} INFO - Setting next_dagrun for tutorial_taskflow_api_etl to None
[2022-03-22 05:45:51,218] {processor.py:171} INFO - Processing /home/lowenhard/acceleration/env/lib/python3.8/site-packages/airflow/example_dags/tutorial_taskflow_api_etl.py took 0.518 seconds
[2022-03-22 05:46:34,733] {processor.py:163} INFO - Started process (PID=667) to work on /home/lowenhard/acceleration/env/lib/python3.8/site-packages/airflow/example_dags/tutorial_taskflow_api_etl.py
[2022-03-22 05:46:34,766] {processor.py:642} INFO - Processing file /home/lowenhard/acceleration/env/lib/python3.8/site-packages/airflow/example_dags/tutorial_taskflow_api_etl.py for tasks to queue
[2022-03-22 05:46:34,766] {logging_mixin.py:109} INFO - [2022-03-22 05:46:34,766] {dagbag.py:500} INFO - Filling up the DagBag from /home/lowenhard/acceleration/env/lib/python3.8/site-packages/airflow/example_dags/tutorial_taskflow_api_etl.py
[2022-03-22 05:46:34,790] {processor.py:654} INFO - DAG(s) dict_keys(['tutorial_taskflow_api_etl']) retrieved from /home/lowenhard/acceleration/env/lib/python3.8/site-packages/airflow/example_dags/tutorial_taskflow_api_etl.py
[2022-03-22 05:46:35,052] {logging_mixin.py:109} INFO - [2022-03-22 05:46:35,051] {dag.py:2398} INFO - Sync 1 DAGs
[2022-03-22 05:46:35,060] {logging_mixin.py:109} INFO - [2022-03-22 05:46:35,060] {dag.py:2937} INFO - Setting next_dagrun for tutorial_taskflow_api_etl to None
[2022-03-22 05:46:35,293] {processor.py:171} INFO - Processing /home/lowenhard/acceleration/env/lib/python3.8/site-packages/airflow/example_dags/tutorial_taskflow_api_etl.py took 0.563 seconds
[2022-03-22 05:47:17,511] {processor.py:163} INFO - Started process (PID=744) to work on /home/lowenhard/acceleration/env/lib/python3.8/site-packages/airflow/example_dags/tutorial_taskflow_api_etl.py
[2022-03-22 05:47:17,531] {processor.py:642} INFO - Processing file /home/lowenhard/acceleration/env/lib/python3.8/site-packages/airflow/example_dags/tutorial_taskflow_api_etl.py for tasks to queue
[2022-03-22 05:47:17,532] {logging_mixin.py:109} INFO - [2022-03-22 05:47:17,532] {dagbag.py:500} INFO - Filling up the DagBag from /home/lowenhard/acceleration/env/lib/python3.8/site-packages/airflow/example_dags/tutorial_taskflow_api_etl.py
[2022-03-22 05:47:17,569] {processor.py:654} INFO - DAG(s) dict_keys(['tutorial_taskflow_api_etl']) retrieved from /home/lowenhard/acceleration/env/lib/python3.8/site-packages/airflow/example_dags/tutorial_taskflow_api_etl.py
[2022-03-22 05:47:17,832] {logging_mixin.py:109} INFO - [2022-03-22 05:47:17,832] {dag.py:2398} INFO - Sync 1 DAGs
[2022-03-22 05:47:17,843] {logging_mixin.py:109} INFO - [2022-03-22 05:47:17,843] {dag.py:2937} INFO - Setting next_dagrun for tutorial_taskflow_api_etl to None
[2022-03-22 05:47:18,033] {processor.py:171} INFO - Processing /home/lowenhard/acceleration/env/lib/python3.8/site-packages/airflow/example_dags/tutorial_taskflow_api_etl.py took 0.525 seconds
[2022-03-22 05:48:06,387] {processor.py:163} INFO - Started process (PID=785) to work on /home/lowenhard/acceleration/env/lib/python3.8/site-packages/airflow/example_dags/tutorial_taskflow_api_etl.py
[2022-03-22 05:48:06,404] {processor.py:642} INFO - Processing file /home/lowenhard/acceleration/env/lib/python3.8/site-packages/airflow/example_dags/tutorial_taskflow_api_etl.py for tasks to queue
[2022-03-22 05:48:06,405] {logging_mixin.py:109} INFO - [2022-03-22 05:48:06,405] {dagbag.py:500} INFO - Filling up the DagBag from /home/lowenhard/acceleration/env/lib/python3.8/site-packages/airflow/example_dags/tutorial_taskflow_api_etl.py
[2022-03-22 05:48:06,431] {processor.py:654} INFO - DAG(s) dict_keys(['tutorial_taskflow_api_etl']) retrieved from /home/lowenhard/acceleration/env/lib/python3.8/site-packages/airflow/example_dags/tutorial_taskflow_api_etl.py
[2022-03-22 05:48:06,707] {logging_mixin.py:109} INFO - [2022-03-22 05:48:06,707] {dag.py:2398} INFO - Sync 1 DAGs
[2022-03-22 05:48:06,718] {logging_mixin.py:109} INFO - [2022-03-22 05:48:06,718] {dag.py:2937} INFO - Setting next_dagrun for tutorial_taskflow_api_etl to None
[2022-03-22 05:48:07,094] {processor.py:171} INFO - Processing /home/lowenhard/acceleration/env/lib/python3.8/site-packages/airflow/example_dags/tutorial_taskflow_api_etl.py took 0.709 seconds
[2022-03-22 05:48:45,887] {processor.py:163} INFO - Started process (PID=812) to work on /home/lowenhard/acceleration/env/lib/python3.8/site-packages/airflow/example_dags/tutorial_taskflow_api_etl.py
[2022-03-22 05:48:45,897] {processor.py:642} INFO - Processing file /home/lowenhard/acceleration/env/lib/python3.8/site-packages/airflow/example_dags/tutorial_taskflow_api_etl.py for tasks to queue
[2022-03-22 05:48:45,898] {logging_mixin.py:109} INFO - [2022-03-22 05:48:45,898] {dagbag.py:500} INFO - Filling up the DagBag from /home/lowenhard/acceleration/env/lib/python3.8/site-packages/airflow/example_dags/tutorial_taskflow_api_etl.py
[2022-03-22 05:48:45,934] {processor.py:654} INFO - DAG(s) dict_keys(['tutorial_taskflow_api_etl']) retrieved from /home/lowenhard/acceleration/env/lib/python3.8/site-packages/airflow/example_dags/tutorial_taskflow_api_etl.py
[2022-03-22 05:48:46,285] {logging_mixin.py:109} INFO - [2022-03-22 05:48:46,284] {dag.py:2398} INFO - Sync 1 DAGs
[2022-03-22 05:48:46,294] {logging_mixin.py:109} INFO - [2022-03-22 05:48:46,294] {dag.py:2937} INFO - Setting next_dagrun for tutorial_taskflow_api_etl to None
[2022-03-22 05:48:46,498] {processor.py:171} INFO - Processing /home/lowenhard/acceleration/env/lib/python3.8/site-packages/airflow/example_dags/tutorial_taskflow_api_etl.py took 0.614 seconds
[2022-03-22 05:49:41,563] {processor.py:163} INFO - Started process (PID=850) to work on /home/lowenhard/acceleration/env/lib/python3.8/site-packages/airflow/example_dags/tutorial_taskflow_api_etl.py
[2022-03-22 05:49:41,609] {processor.py:642} INFO - Processing file /home/lowenhard/acceleration/env/lib/python3.8/site-packages/airflow/example_dags/tutorial_taskflow_api_etl.py for tasks to queue
[2022-03-22 05:49:41,610] {logging_mixin.py:109} INFO - [2022-03-22 05:49:41,610] {dagbag.py:500} INFO - Filling up the DagBag from /home/lowenhard/acceleration/env/lib/python3.8/site-packages/airflow/example_dags/tutorial_taskflow_api_etl.py
[2022-03-22 05:49:41,638] {processor.py:654} INFO - DAG(s) dict_keys(['tutorial_taskflow_api_etl']) retrieved from /home/lowenhard/acceleration/env/lib/python3.8/site-packages/airflow/example_dags/tutorial_taskflow_api_etl.py
[2022-03-22 05:49:41,924] {logging_mixin.py:109} INFO - [2022-03-22 05:49:41,924] {dag.py:2398} INFO - Sync 1 DAGs
[2022-03-22 05:49:41,933] {logging_mixin.py:109} INFO - [2022-03-22 05:49:41,932] {dag.py:2937} INFO - Setting next_dagrun for tutorial_taskflow_api_etl to None
[2022-03-22 05:49:42,141] {processor.py:171} INFO - Processing /home/lowenhard/acceleration/env/lib/python3.8/site-packages/airflow/example_dags/tutorial_taskflow_api_etl.py took 0.580 seconds
[2022-03-22 05:50:26,182] {processor.py:163} INFO - Started process (PID=879) to work on /home/lowenhard/acceleration/env/lib/python3.8/site-packages/airflow/example_dags/tutorial_taskflow_api_etl.py
[2022-03-22 05:50:26,215] {processor.py:642} INFO - Processing file /home/lowenhard/acceleration/env/lib/python3.8/site-packages/airflow/example_dags/tutorial_taskflow_api_etl.py for tasks to queue
[2022-03-22 05:50:26,215] {logging_mixin.py:109} INFO - [2022-03-22 05:50:26,215] {dagbag.py:500} INFO - Filling up the DagBag from /home/lowenhard/acceleration/env/lib/python3.8/site-packages/airflow/example_dags/tutorial_taskflow_api_etl.py
[2022-03-22 05:50:26,240] {processor.py:654} INFO - DAG(s) dict_keys(['tutorial_taskflow_api_etl']) retrieved from /home/lowenhard/acceleration/env/lib/python3.8/site-packages/airflow/example_dags/tutorial_taskflow_api_etl.py
[2022-03-22 05:50:26,498] {logging_mixin.py:109} INFO - [2022-03-22 05:50:26,497] {dag.py:2398} INFO - Sync 1 DAGs
[2022-03-22 05:50:26,509] {logging_mixin.py:109} INFO - [2022-03-22 05:50:26,508] {dag.py:2937} INFO - Setting next_dagrun for tutorial_taskflow_api_etl to None
[2022-03-22 05:50:26,735] {processor.py:171} INFO - Processing /home/lowenhard/acceleration/env/lib/python3.8/site-packages/airflow/example_dags/tutorial_taskflow_api_etl.py took 0.556 seconds
[2022-03-22 05:51:05,915] {processor.py:163} INFO - Started process (PID=905) to work on /home/lowenhard/acceleration/env/lib/python3.8/site-packages/airflow/example_dags/tutorial_taskflow_api_etl.py
[2022-03-22 05:51:05,936] {processor.py:642} INFO - Processing file /home/lowenhard/acceleration/env/lib/python3.8/site-packages/airflow/example_dags/tutorial_taskflow_api_etl.py for tasks to queue
[2022-03-22 05:51:05,937] {logging_mixin.py:109} INFO - [2022-03-22 05:51:05,937] {dagbag.py:500} INFO - Filling up the DagBag from /home/lowenhard/acceleration/env/lib/python3.8/site-packages/airflow/example_dags/tutorial_taskflow_api_etl.py
[2022-03-22 05:51:05,962] {processor.py:654} INFO - DAG(s) dict_keys(['tutorial_taskflow_api_etl']) retrieved from /home/lowenhard/acceleration/env/lib/python3.8/site-packages/airflow/example_dags/tutorial_taskflow_api_etl.py
[2022-03-22 05:51:06,254] {logging_mixin.py:109} INFO - [2022-03-22 05:51:06,254] {dag.py:2398} INFO - Sync 1 DAGs
[2022-03-22 05:51:06,263] {logging_mixin.py:109} INFO - [2022-03-22 05:51:06,263] {dag.py:2937} INFO - Setting next_dagrun for tutorial_taskflow_api_etl to None
[2022-03-22 05:51:06,443] {processor.py:171} INFO - Processing /home/lowenhard/acceleration/env/lib/python3.8/site-packages/airflow/example_dags/tutorial_taskflow_api_etl.py took 0.531 seconds
[2022-03-22 05:51:51,739] {processor.py:163} INFO - Started process (PID=933) to work on /home/lowenhard/acceleration/env/lib/python3.8/site-packages/airflow/example_dags/tutorial_taskflow_api_etl.py
[2022-03-22 05:51:51,781] {processor.py:642} INFO - Processing file /home/lowenhard/acceleration/env/lib/python3.8/site-packages/airflow/example_dags/tutorial_taskflow_api_etl.py for tasks to queue
[2022-03-22 05:51:51,781] {logging_mixin.py:109} INFO - [2022-03-22 05:51:51,781] {dagbag.py:500} INFO - Filling up the DagBag from /home/lowenhard/acceleration/env/lib/python3.8/site-packages/airflow/example_dags/tutorial_taskflow_api_etl.py
[2022-03-22 05:51:51,839] {processor.py:654} INFO - DAG(s) dict_keys(['tutorial_taskflow_api_etl']) retrieved from /home/lowenhard/acceleration/env/lib/python3.8/site-packages/airflow/example_dags/tutorial_taskflow_api_etl.py
[2022-03-22 05:51:52,809] {logging_mixin.py:109} INFO - [2022-03-22 05:51:52,798] {dag.py:2398} INFO - Sync 1 DAGs
[2022-03-22 05:51:52,844] {logging_mixin.py:109} INFO - [2022-03-22 05:51:52,844] {dag.py:2937} INFO - Setting next_dagrun for tutorial_taskflow_api_etl to None
[2022-03-22 05:51:53,274] {processor.py:171} INFO - Processing /home/lowenhard/acceleration/env/lib/python3.8/site-packages/airflow/example_dags/tutorial_taskflow_api_etl.py took 1.539 seconds
[2022-03-22 05:53:02,774] {processor.py:163} INFO - Started process (PID=971) to work on /home/lowenhard/acceleration/env/lib/python3.8/site-packages/airflow/example_dags/tutorial_taskflow_api_etl.py
[2022-03-22 05:53:02,858] {processor.py:642} INFO - Processing file /home/lowenhard/acceleration/env/lib/python3.8/site-packages/airflow/example_dags/tutorial_taskflow_api_etl.py for tasks to queue
[2022-03-22 05:53:02,858] {logging_mixin.py:109} INFO - [2022-03-22 05:53:02,858] {dagbag.py:500} INFO - Filling up the DagBag from /home/lowenhard/acceleration/env/lib/python3.8/site-packages/airflow/example_dags/tutorial_taskflow_api_etl.py
[2022-03-22 05:53:02,882] {processor.py:654} INFO - DAG(s) dict_keys(['tutorial_taskflow_api_etl']) retrieved from /home/lowenhard/acceleration/env/lib/python3.8/site-packages/airflow/example_dags/tutorial_taskflow_api_etl.py
[2022-03-22 05:53:03,152] {logging_mixin.py:109} INFO - [2022-03-22 05:53:03,152] {dag.py:2398} INFO - Sync 1 DAGs
[2022-03-22 05:53:03,161] {logging_mixin.py:109} INFO - [2022-03-22 05:53:03,160] {dag.py:2937} INFO - Setting next_dagrun for tutorial_taskflow_api_etl to None
[2022-03-22 05:53:03,513] {processor.py:171} INFO - Processing /home/lowenhard/acceleration/env/lib/python3.8/site-packages/airflow/example_dags/tutorial_taskflow_api_etl.py took 0.741 seconds
[2022-03-22 05:54:38,452] {processor.py:163} INFO - Started process (PID=1018) to work on /home/lowenhard/acceleration/env/lib/python3.8/site-packages/airflow/example_dags/tutorial_taskflow_api_etl.py
[2022-03-22 05:54:38,491] {processor.py:642} INFO - Processing file /home/lowenhard/acceleration/env/lib/python3.8/site-packages/airflow/example_dags/tutorial_taskflow_api_etl.py for tasks to queue
[2022-03-22 05:54:38,492] {logging_mixin.py:109} INFO - [2022-03-22 05:54:38,492] {dagbag.py:500} INFO - Filling up the DagBag from /home/lowenhard/acceleration/env/lib/python3.8/site-packages/airflow/example_dags/tutorial_taskflow_api_etl.py
[2022-03-22 05:54:38,522] {processor.py:654} INFO - DAG(s) dict_keys(['tutorial_taskflow_api_etl']) retrieved from /home/lowenhard/acceleration/env/lib/python3.8/site-packages/airflow/example_dags/tutorial_taskflow_api_etl.py
[2022-03-22 05:54:38,776] {logging_mixin.py:109} INFO - [2022-03-22 05:54:38,776] {dag.py:2398} INFO - Sync 1 DAGs
[2022-03-22 05:54:38,784] {logging_mixin.py:109} INFO - [2022-03-22 05:54:38,784] {dag.py:2937} INFO - Setting next_dagrun for tutorial_taskflow_api_etl to None
[2022-03-22 05:54:40,134] {processor.py:171} INFO - Processing /home/lowenhard/acceleration/env/lib/python3.8/site-packages/airflow/example_dags/tutorial_taskflow_api_etl.py took 1.686 seconds
[2022-03-22 05:56:11,442] {processor.py:163} INFO - Started process (PID=1058) to work on /home/lowenhard/acceleration/env/lib/python3.8/site-packages/airflow/example_dags/tutorial_taskflow_api_etl.py
[2022-03-22 05:56:11,457] {processor.py:642} INFO - Processing file /home/lowenhard/acceleration/env/lib/python3.8/site-packages/airflow/example_dags/tutorial_taskflow_api_etl.py for tasks to queue
[2022-03-22 05:56:11,457] {logging_mixin.py:109} INFO - [2022-03-22 05:56:11,457] {dagbag.py:500} INFO - Filling up the DagBag from /home/lowenhard/acceleration/env/lib/python3.8/site-packages/airflow/example_dags/tutorial_taskflow_api_etl.py
[2022-03-22 05:56:11,484] {processor.py:654} INFO - DAG(s) dict_keys(['tutorial_taskflow_api_etl']) retrieved from /home/lowenhard/acceleration/env/lib/python3.8/site-packages/airflow/example_dags/tutorial_taskflow_api_etl.py
[2022-03-22 05:56:11,768] {logging_mixin.py:109} INFO - [2022-03-22 05:56:11,768] {dag.py:2398} INFO - Sync 1 DAGs
[2022-03-22 05:56:11,780] {logging_mixin.py:109} INFO - [2022-03-22 05:56:11,780] {dag.py:2937} INFO - Setting next_dagrun for tutorial_taskflow_api_etl to None
[2022-03-22 05:56:13,411] {processor.py:171} INFO - Processing /home/lowenhard/acceleration/env/lib/python3.8/site-packages/airflow/example_dags/tutorial_taskflow_api_etl.py took 1.972 seconds
[2022-03-22 05:57:32,173] {processor.py:163} INFO - Started process (PID=1097) to work on /home/lowenhard/acceleration/env/lib/python3.8/site-packages/airflow/example_dags/tutorial_taskflow_api_etl.py
[2022-03-22 05:57:32,181] {processor.py:642} INFO - Processing file /home/lowenhard/acceleration/env/lib/python3.8/site-packages/airflow/example_dags/tutorial_taskflow_api_etl.py for tasks to queue
[2022-03-22 05:57:32,182] {logging_mixin.py:109} INFO - [2022-03-22 05:57:32,182] {dagbag.py:500} INFO - Filling up the DagBag from /home/lowenhard/acceleration/env/lib/python3.8/site-packages/airflow/example_dags/tutorial_taskflow_api_etl.py
[2022-03-22 05:57:32,209] {processor.py:654} INFO - DAG(s) dict_keys(['tutorial_taskflow_api_etl']) retrieved from /home/lowenhard/acceleration/env/lib/python3.8/site-packages/airflow/example_dags/tutorial_taskflow_api_etl.py
[2022-03-22 05:57:32,528] {logging_mixin.py:109} INFO - [2022-03-22 05:57:32,527] {dag.py:2398} INFO - Sync 1 DAGs
[2022-03-22 05:57:32,545] {logging_mixin.py:109} INFO - [2022-03-22 05:57:32,545] {dag.py:2937} INFO - Setting next_dagrun for tutorial_taskflow_api_etl to None
[2022-03-22 05:57:34,585] {processor.py:171} INFO - Processing /home/lowenhard/acceleration/env/lib/python3.8/site-packages/airflow/example_dags/tutorial_taskflow_api_etl.py took 2.414 seconds
[2022-03-22 05:59:07,069] {processor.py:163} INFO - Started process (PID=1138) to work on /home/lowenhard/acceleration/env/lib/python3.8/site-packages/airflow/example_dags/tutorial_taskflow_api_etl.py
[2022-03-22 05:59:07,071] {processor.py:642} INFO - Processing file /home/lowenhard/acceleration/env/lib/python3.8/site-packages/airflow/example_dags/tutorial_taskflow_api_etl.py for tasks to queue
[2022-03-22 05:59:07,072] {logging_mixin.py:109} INFO - [2022-03-22 05:59:07,072] {dagbag.py:500} INFO - Filling up the DagBag from /home/lowenhard/acceleration/env/lib/python3.8/site-packages/airflow/example_dags/tutorial_taskflow_api_etl.py
[2022-03-22 05:59:07,093] {processor.py:654} INFO - DAG(s) dict_keys(['tutorial_taskflow_api_etl']) retrieved from /home/lowenhard/acceleration/env/lib/python3.8/site-packages/airflow/example_dags/tutorial_taskflow_api_etl.py
[2022-03-22 05:59:07,394] {logging_mixin.py:109} INFO - [2022-03-22 05:59:07,394] {dag.py:2398} INFO - Sync 1 DAGs
[2022-03-22 05:59:07,411] {logging_mixin.py:109} INFO - [2022-03-22 05:59:07,410] {dag.py:2937} INFO - Setting next_dagrun for tutorial_taskflow_api_etl to None
[2022-03-22 05:59:08,673] {processor.py:171} INFO - Processing /home/lowenhard/acceleration/env/lib/python3.8/site-packages/airflow/example_dags/tutorial_taskflow_api_etl.py took 1.607 seconds
[2022-03-22 06:00:30,086] {processor.py:163} INFO - Started process (PID=1176) to work on /home/lowenhard/acceleration/env/lib/python3.8/site-packages/airflow/example_dags/tutorial_taskflow_api_etl.py
[2022-03-22 06:00:30,088] {processor.py:642} INFO - Processing file /home/lowenhard/acceleration/env/lib/python3.8/site-packages/airflow/example_dags/tutorial_taskflow_api_etl.py for tasks to queue
[2022-03-22 06:00:30,089] {logging_mixin.py:109} INFO - [2022-03-22 06:00:30,089] {dagbag.py:500} INFO - Filling up the DagBag from /home/lowenhard/acceleration/env/lib/python3.8/site-packages/airflow/example_dags/tutorial_taskflow_api_etl.py
[2022-03-22 06:00:30,113] {processor.py:654} INFO - DAG(s) dict_keys(['tutorial_taskflow_api_etl']) retrieved from /home/lowenhard/acceleration/env/lib/python3.8/site-packages/airflow/example_dags/tutorial_taskflow_api_etl.py
[2022-03-22 06:00:30,369] {logging_mixin.py:109} INFO - [2022-03-22 06:00:30,368] {dag.py:2398} INFO - Sync 1 DAGs
[2022-03-22 06:00:30,378] {logging_mixin.py:109} INFO - [2022-03-22 06:00:30,378] {dag.py:2937} INFO - Setting next_dagrun for tutorial_taskflow_api_etl to None
[2022-03-22 06:00:30,897] {processor.py:171} INFO - Processing /home/lowenhard/acceleration/env/lib/python3.8/site-packages/airflow/example_dags/tutorial_taskflow_api_etl.py took 0.814 seconds
[2022-03-22 06:01:49,498] {processor.py:163} INFO - Started process (PID=1214) to work on /home/lowenhard/acceleration/env/lib/python3.8/site-packages/airflow/example_dags/tutorial_taskflow_api_etl.py
[2022-03-22 06:01:49,508] {processor.py:642} INFO - Processing file /home/lowenhard/acceleration/env/lib/python3.8/site-packages/airflow/example_dags/tutorial_taskflow_api_etl.py for tasks to queue
[2022-03-22 06:01:49,508] {logging_mixin.py:109} INFO - [2022-03-22 06:01:49,508] {dagbag.py:500} INFO - Filling up the DagBag from /home/lowenhard/acceleration/env/lib/python3.8/site-packages/airflow/example_dags/tutorial_taskflow_api_etl.py
[2022-03-22 06:01:49,532] {processor.py:654} INFO - DAG(s) dict_keys(['tutorial_taskflow_api_etl']) retrieved from /home/lowenhard/acceleration/env/lib/python3.8/site-packages/airflow/example_dags/tutorial_taskflow_api_etl.py
[2022-03-22 06:01:49,787] {logging_mixin.py:109} INFO - [2022-03-22 06:01:49,787] {dag.py:2398} INFO - Sync 1 DAGs
[2022-03-22 06:01:49,796] {logging_mixin.py:109} INFO - [2022-03-22 06:01:49,795] {dag.py:2937} INFO - Setting next_dagrun for tutorial_taskflow_api_etl to None
[2022-03-22 06:01:51,030] {processor.py:171} INFO - Processing /home/lowenhard/acceleration/env/lib/python3.8/site-packages/airflow/example_dags/tutorial_taskflow_api_etl.py took 1.535 seconds
[2022-03-22 06:03:12,269] {processor.py:163} INFO - Started process (PID=1252) to work on /home/lowenhard/acceleration/env/lib/python3.8/site-packages/airflow/example_dags/tutorial_taskflow_api_etl.py
[2022-03-22 06:03:12,272] {processor.py:642} INFO - Processing file /home/lowenhard/acceleration/env/lib/python3.8/site-packages/airflow/example_dags/tutorial_taskflow_api_etl.py for tasks to queue
[2022-03-22 06:03:12,273] {logging_mixin.py:109} INFO - [2022-03-22 06:03:12,273] {dagbag.py:500} INFO - Filling up the DagBag from /home/lowenhard/acceleration/env/lib/python3.8/site-packages/airflow/example_dags/tutorial_taskflow_api_etl.py
[2022-03-22 06:03:12,295] {processor.py:654} INFO - DAG(s) dict_keys(['tutorial_taskflow_api_etl']) retrieved from /home/lowenhard/acceleration/env/lib/python3.8/site-packages/airflow/example_dags/tutorial_taskflow_api_etl.py
[2022-03-22 06:03:12,548] {logging_mixin.py:109} INFO - [2022-03-22 06:03:12,548] {dag.py:2398} INFO - Sync 1 DAGs
[2022-03-22 06:03:12,556] {logging_mixin.py:109} INFO - [2022-03-22 06:03:12,556] {dag.py:2937} INFO - Setting next_dagrun for tutorial_taskflow_api_etl to None
[2022-03-22 06:03:12,818] {processor.py:171} INFO - Processing /home/lowenhard/acceleration/env/lib/python3.8/site-packages/airflow/example_dags/tutorial_taskflow_api_etl.py took 0.551 seconds
[2022-03-22 06:04:30,632] {processor.py:163} INFO - Started process (PID=1289) to work on /home/lowenhard/acceleration/env/lib/python3.8/site-packages/airflow/example_dags/tutorial_taskflow_api_etl.py
[2022-03-22 06:04:30,634] {processor.py:642} INFO - Processing file /home/lowenhard/acceleration/env/lib/python3.8/site-packages/airflow/example_dags/tutorial_taskflow_api_etl.py for tasks to queue
[2022-03-22 06:04:30,635] {logging_mixin.py:109} INFO - [2022-03-22 06:04:30,635] {dagbag.py:500} INFO - Filling up the DagBag from /home/lowenhard/acceleration/env/lib/python3.8/site-packages/airflow/example_dags/tutorial_taskflow_api_etl.py
[2022-03-22 06:04:30,658] {processor.py:654} INFO - DAG(s) dict_keys(['tutorial_taskflow_api_etl']) retrieved from /home/lowenhard/acceleration/env/lib/python3.8/site-packages/airflow/example_dags/tutorial_taskflow_api_etl.py
[2022-03-22 06:04:30,908] {logging_mixin.py:109} INFO - [2022-03-22 06:04:30,908] {dag.py:2398} INFO - Sync 1 DAGs
[2022-03-22 06:04:30,919] {logging_mixin.py:109} INFO - [2022-03-22 06:04:30,919] {dag.py:2937} INFO - Setting next_dagrun for tutorial_taskflow_api_etl to None
[2022-03-22 06:04:31,887] {processor.py:171} INFO - Processing /home/lowenhard/acceleration/env/lib/python3.8/site-packages/airflow/example_dags/tutorial_taskflow_api_etl.py took 1.258 seconds
[2022-03-22 06:05:43,193] {processor.py:163} INFO - Started process (PID=1325) to work on /home/lowenhard/acceleration/env/lib/python3.8/site-packages/airflow/example_dags/tutorial_taskflow_api_etl.py
[2022-03-22 06:05:43,208] {processor.py:642} INFO - Processing file /home/lowenhard/acceleration/env/lib/python3.8/site-packages/airflow/example_dags/tutorial_taskflow_api_etl.py for tasks to queue
[2022-03-22 06:05:43,208] {logging_mixin.py:109} INFO - [2022-03-22 06:05:43,208] {dagbag.py:500} INFO - Filling up the DagBag from /home/lowenhard/acceleration/env/lib/python3.8/site-packages/airflow/example_dags/tutorial_taskflow_api_etl.py
[2022-03-22 06:05:43,234] {processor.py:654} INFO - DAG(s) dict_keys(['tutorial_taskflow_api_etl']) retrieved from /home/lowenhard/acceleration/env/lib/python3.8/site-packages/airflow/example_dags/tutorial_taskflow_api_etl.py
[2022-03-22 06:05:43,599] {logging_mixin.py:109} INFO - [2022-03-22 06:05:43,599] {dag.py:2398} INFO - Sync 1 DAGs
[2022-03-22 06:05:43,612] {logging_mixin.py:109} INFO - [2022-03-22 06:05:43,612] {dag.py:2937} INFO - Setting next_dagrun for tutorial_taskflow_api_etl to None
[2022-03-22 06:05:45,102] {processor.py:171} INFO - Processing /home/lowenhard/acceleration/env/lib/python3.8/site-packages/airflow/example_dags/tutorial_taskflow_api_etl.py took 1.912 seconds
[2022-03-22 06:07:07,871] {processor.py:163} INFO - Started process (PID=1364) to work on /home/lowenhard/acceleration/env/lib/python3.8/site-packages/airflow/example_dags/tutorial_taskflow_api_etl.py
[2022-03-22 06:07:08,082] {processor.py:642} INFO - Processing file /home/lowenhard/acceleration/env/lib/python3.8/site-packages/airflow/example_dags/tutorial_taskflow_api_etl.py for tasks to queue
[2022-03-22 06:07:08,082] {logging_mixin.py:109} INFO - [2022-03-22 06:07:08,082] {dagbag.py:500} INFO - Filling up the DagBag from /home/lowenhard/acceleration/env/lib/python3.8/site-packages/airflow/example_dags/tutorial_taskflow_api_etl.py
[2022-03-22 06:07:08,118] {processor.py:654} INFO - DAG(s) dict_keys(['tutorial_taskflow_api_etl']) retrieved from /home/lowenhard/acceleration/env/lib/python3.8/site-packages/airflow/example_dags/tutorial_taskflow_api_etl.py
[2022-03-22 06:07:08,371] {logging_mixin.py:109} INFO - [2022-03-22 06:07:08,371] {dag.py:2398} INFO - Sync 1 DAGs
[2022-03-22 06:07:08,380] {logging_mixin.py:109} INFO - [2022-03-22 06:07:08,380] {dag.py:2937} INFO - Setting next_dagrun for tutorial_taskflow_api_etl to None
[2022-03-22 06:07:09,419] {processor.py:171} INFO - Processing /home/lowenhard/acceleration/env/lib/python3.8/site-packages/airflow/example_dags/tutorial_taskflow_api_etl.py took 1.551 seconds
[2022-03-22 06:08:23,284] {processor.py:163} INFO - Started process (PID=1401) to work on /home/lowenhard/acceleration/env/lib/python3.8/site-packages/airflow/example_dags/tutorial_taskflow_api_etl.py
[2022-03-22 06:08:23,315] {processor.py:642} INFO - Processing file /home/lowenhard/acceleration/env/lib/python3.8/site-packages/airflow/example_dags/tutorial_taskflow_api_etl.py for tasks to queue
[2022-03-22 06:08:23,316] {logging_mixin.py:109} INFO - [2022-03-22 06:08:23,316] {dagbag.py:500} INFO - Filling up the DagBag from /home/lowenhard/acceleration/env/lib/python3.8/site-packages/airflow/example_dags/tutorial_taskflow_api_etl.py
[2022-03-22 06:08:23,339] {processor.py:654} INFO - DAG(s) dict_keys(['tutorial_taskflow_api_etl']) retrieved from /home/lowenhard/acceleration/env/lib/python3.8/site-packages/airflow/example_dags/tutorial_taskflow_api_etl.py
[2022-03-22 06:08:23,600] {logging_mixin.py:109} INFO - [2022-03-22 06:08:23,600] {dag.py:2398} INFO - Sync 1 DAGs
[2022-03-22 06:08:23,608] {logging_mixin.py:109} INFO - [2022-03-22 06:08:23,608] {dag.py:2937} INFO - Setting next_dagrun for tutorial_taskflow_api_etl to None
[2022-03-22 06:08:24,976] {processor.py:171} INFO - Processing /home/lowenhard/acceleration/env/lib/python3.8/site-packages/airflow/example_dags/tutorial_taskflow_api_etl.py took 1.694 seconds
[2022-03-22 06:09:33,972] {processor.py:163} INFO - Started process (PID=1441) to work on /home/lowenhard/acceleration/env/lib/python3.8/site-packages/airflow/example_dags/tutorial_taskflow_api_etl.py
[2022-03-22 06:09:33,975] {processor.py:642} INFO - Processing file /home/lowenhard/acceleration/env/lib/python3.8/site-packages/airflow/example_dags/tutorial_taskflow_api_etl.py for tasks to queue
[2022-03-22 06:09:33,975] {logging_mixin.py:109} INFO - [2022-03-22 06:09:33,975] {dagbag.py:500} INFO - Filling up the DagBag from /home/lowenhard/acceleration/env/lib/python3.8/site-packages/airflow/example_dags/tutorial_taskflow_api_etl.py
[2022-03-22 06:09:33,999] {processor.py:654} INFO - DAG(s) dict_keys(['tutorial_taskflow_api_etl']) retrieved from /home/lowenhard/acceleration/env/lib/python3.8/site-packages/airflow/example_dags/tutorial_taskflow_api_etl.py
[2022-03-22 06:09:34,245] {logging_mixin.py:109} INFO - [2022-03-22 06:09:34,245] {dag.py:2398} INFO - Sync 1 DAGs
[2022-03-22 06:09:34,254] {logging_mixin.py:109} INFO - [2022-03-22 06:09:34,254] {dag.py:2937} INFO - Setting next_dagrun for tutorial_taskflow_api_etl to None
[2022-03-22 06:09:36,073] {processor.py:171} INFO - Processing /home/lowenhard/acceleration/env/lib/python3.8/site-packages/airflow/example_dags/tutorial_taskflow_api_etl.py took 2.103 seconds
[2022-03-22 06:10:43,058] {processor.py:163} INFO - Started process (PID=1476) to work on /home/lowenhard/acceleration/env/lib/python3.8/site-packages/airflow/example_dags/tutorial_taskflow_api_etl.py
[2022-03-22 06:10:44,098] {processor.py:642} INFO - Processing file /home/lowenhard/acceleration/env/lib/python3.8/site-packages/airflow/example_dags/tutorial_taskflow_api_etl.py for tasks to queue
[2022-03-22 06:10:44,098] {logging_mixin.py:109} INFO - [2022-03-22 06:10:44,098] {dagbag.py:500} INFO - Filling up the DagBag from /home/lowenhard/acceleration/env/lib/python3.8/site-packages/airflow/example_dags/tutorial_taskflow_api_etl.py
[2022-03-22 06:10:44,140] {processor.py:654} INFO - DAG(s) dict_keys(['tutorial_taskflow_api_etl']) retrieved from /home/lowenhard/acceleration/env/lib/python3.8/site-packages/airflow/example_dags/tutorial_taskflow_api_etl.py
[2022-03-22 06:10:44,451] {logging_mixin.py:109} INFO - [2022-03-22 06:10:44,451] {dag.py:2398} INFO - Sync 1 DAGs
[2022-03-22 06:10:44,462] {logging_mixin.py:109} INFO - [2022-03-22 06:10:44,462] {dag.py:2937} INFO - Setting next_dagrun for tutorial_taskflow_api_etl to None
[2022-03-22 06:10:45,261] {processor.py:171} INFO - Processing /home/lowenhard/acceleration/env/lib/python3.8/site-packages/airflow/example_dags/tutorial_taskflow_api_etl.py took 2.205 seconds
[2022-03-22 06:12:20,681] {processor.py:163} INFO - Started process (PID=1518) to work on /home/lowenhard/acceleration/env/lib/python3.8/site-packages/airflow/example_dags/tutorial_taskflow_api_etl.py
[2022-03-22 06:12:21,522] {processor.py:642} INFO - Processing file /home/lowenhard/acceleration/env/lib/python3.8/site-packages/airflow/example_dags/tutorial_taskflow_api_etl.py for tasks to queue
[2022-03-22 06:12:21,523] {logging_mixin.py:109} INFO - [2022-03-22 06:12:21,523] {dagbag.py:500} INFO - Filling up the DagBag from /home/lowenhard/acceleration/env/lib/python3.8/site-packages/airflow/example_dags/tutorial_taskflow_api_etl.py
[2022-03-22 06:12:21,545] {processor.py:654} INFO - DAG(s) dict_keys(['tutorial_taskflow_api_etl']) retrieved from /home/lowenhard/acceleration/env/lib/python3.8/site-packages/airflow/example_dags/tutorial_taskflow_api_etl.py
[2022-03-22 06:12:21,806] {logging_mixin.py:109} INFO - [2022-03-22 06:12:21,805] {dag.py:2398} INFO - Sync 1 DAGs
[2022-03-22 06:12:21,816] {logging_mixin.py:109} INFO - [2022-03-22 06:12:21,816] {dag.py:2937} INFO - Setting next_dagrun for tutorial_taskflow_api_etl to None
[2022-03-22 06:12:22,050] {processor.py:171} INFO - Processing /home/lowenhard/acceleration/env/lib/python3.8/site-packages/airflow/example_dags/tutorial_taskflow_api_etl.py took 1.371 seconds
[2022-03-22 06:13:36,902] {processor.py:163} INFO - Started process (PID=1555) to work on /home/lowenhard/acceleration/env/lib/python3.8/site-packages/airflow/example_dags/tutorial_taskflow_api_etl.py
[2022-03-22 06:13:36,905] {processor.py:642} INFO - Processing file /home/lowenhard/acceleration/env/lib/python3.8/site-packages/airflow/example_dags/tutorial_taskflow_api_etl.py for tasks to queue
[2022-03-22 06:13:36,905] {logging_mixin.py:109} INFO - [2022-03-22 06:13:36,905] {dagbag.py:500} INFO - Filling up the DagBag from /home/lowenhard/acceleration/env/lib/python3.8/site-packages/airflow/example_dags/tutorial_taskflow_api_etl.py
[2022-03-22 06:13:36,934] {processor.py:654} INFO - DAG(s) dict_keys(['tutorial_taskflow_api_etl']) retrieved from /home/lowenhard/acceleration/env/lib/python3.8/site-packages/airflow/example_dags/tutorial_taskflow_api_etl.py
[2022-03-22 06:13:37,218] {logging_mixin.py:109} INFO - [2022-03-22 06:13:37,218] {dag.py:2398} INFO - Sync 1 DAGs
[2022-03-22 06:13:37,228] {logging_mixin.py:109} INFO - [2022-03-22 06:13:37,228] {dag.py:2937} INFO - Setting next_dagrun for tutorial_taskflow_api_etl to None
[2022-03-22 06:13:37,967] {processor.py:171} INFO - Processing /home/lowenhard/acceleration/env/lib/python3.8/site-packages/airflow/example_dags/tutorial_taskflow_api_etl.py took 1.067 seconds
[2022-03-22 06:15:04,211] {processor.py:163} INFO - Started process (PID=1595) to work on /home/lowenhard/acceleration/env/lib/python3.8/site-packages/airflow/example_dags/tutorial_taskflow_api_etl.py
[2022-03-22 06:15:04,214] {processor.py:642} INFO - Processing file /home/lowenhard/acceleration/env/lib/python3.8/site-packages/airflow/example_dags/tutorial_taskflow_api_etl.py for tasks to queue
[2022-03-22 06:15:04,215] {logging_mixin.py:109} INFO - [2022-03-22 06:15:04,215] {dagbag.py:500} INFO - Filling up the DagBag from /home/lowenhard/acceleration/env/lib/python3.8/site-packages/airflow/example_dags/tutorial_taskflow_api_etl.py
[2022-03-22 06:15:04,240] {processor.py:654} INFO - DAG(s) dict_keys(['tutorial_taskflow_api_etl']) retrieved from /home/lowenhard/acceleration/env/lib/python3.8/site-packages/airflow/example_dags/tutorial_taskflow_api_etl.py
[2022-03-22 06:15:04,495] {logging_mixin.py:109} INFO - [2022-03-22 06:15:04,495] {dag.py:2398} INFO - Sync 1 DAGs
[2022-03-22 06:15:04,507] {logging_mixin.py:109} INFO - [2022-03-22 06:15:04,507] {dag.py:2937} INFO - Setting next_dagrun for tutorial_taskflow_api_etl to None
[2022-03-22 06:15:04,811] {processor.py:171} INFO - Processing /home/lowenhard/acceleration/env/lib/python3.8/site-packages/airflow/example_dags/tutorial_taskflow_api_etl.py took 0.604 seconds
[2022-03-22 06:16:31,290] {processor.py:163} INFO - Started process (PID=1637) to work on /home/lowenhard/acceleration/env/lib/python3.8/site-packages/airflow/example_dags/tutorial_taskflow_api_etl.py
[2022-03-22 06:16:31,293] {processor.py:642} INFO - Processing file /home/lowenhard/acceleration/env/lib/python3.8/site-packages/airflow/example_dags/tutorial_taskflow_api_etl.py for tasks to queue
[2022-03-22 06:16:31,294] {logging_mixin.py:109} INFO - [2022-03-22 06:16:31,294] {dagbag.py:500} INFO - Filling up the DagBag from /home/lowenhard/acceleration/env/lib/python3.8/site-packages/airflow/example_dags/tutorial_taskflow_api_etl.py
[2022-03-22 06:16:31,318] {processor.py:654} INFO - DAG(s) dict_keys(['tutorial_taskflow_api_etl']) retrieved from /home/lowenhard/acceleration/env/lib/python3.8/site-packages/airflow/example_dags/tutorial_taskflow_api_etl.py
[2022-03-22 06:16:31,583] {logging_mixin.py:109} INFO - [2022-03-22 06:16:31,583] {dag.py:2398} INFO - Sync 1 DAGs
[2022-03-22 06:16:31,594] {logging_mixin.py:109} INFO - [2022-03-22 06:16:31,594] {dag.py:2937} INFO - Setting next_dagrun for tutorial_taskflow_api_etl to None
[2022-03-22 06:16:32,377] {processor.py:171} INFO - Processing /home/lowenhard/acceleration/env/lib/python3.8/site-packages/airflow/example_dags/tutorial_taskflow_api_etl.py took 1.089 seconds
[2022-03-22 06:17:53,189] {processor.py:163} INFO - Started process (PID=1677) to work on /home/lowenhard/acceleration/env/lib/python3.8/site-packages/airflow/example_dags/tutorial_taskflow_api_etl.py
[2022-03-22 06:17:53,750] {processor.py:642} INFO - Processing file /home/lowenhard/acceleration/env/lib/python3.8/site-packages/airflow/example_dags/tutorial_taskflow_api_etl.py for tasks to queue
[2022-03-22 06:17:53,751] {logging_mixin.py:109} INFO - [2022-03-22 06:17:53,751] {dagbag.py:500} INFO - Filling up the DagBag from /home/lowenhard/acceleration/env/lib/python3.8/site-packages/airflow/example_dags/tutorial_taskflow_api_etl.py
[2022-03-22 06:17:53,775] {processor.py:654} INFO - DAG(s) dict_keys(['tutorial_taskflow_api_etl']) retrieved from /home/lowenhard/acceleration/env/lib/python3.8/site-packages/airflow/example_dags/tutorial_taskflow_api_etl.py
[2022-03-22 06:17:54,024] {logging_mixin.py:109} INFO - [2022-03-22 06:17:54,023] {dag.py:2398} INFO - Sync 1 DAGs
[2022-03-22 06:17:54,032] {logging_mixin.py:109} INFO - [2022-03-22 06:17:54,032] {dag.py:2937} INFO - Setting next_dagrun for tutorial_taskflow_api_etl to None
[2022-03-22 06:17:54,172] {processor.py:171} INFO - Processing /home/lowenhard/acceleration/env/lib/python3.8/site-packages/airflow/example_dags/tutorial_taskflow_api_etl.py took 0.985 seconds
[2022-03-22 06:19:22,585] {processor.py:163} INFO - Started process (PID=1718) to work on /home/lowenhard/acceleration/env/lib/python3.8/site-packages/airflow/example_dags/tutorial_taskflow_api_etl.py
[2022-03-22 06:19:22,645] {processor.py:642} INFO - Processing file /home/lowenhard/acceleration/env/lib/python3.8/site-packages/airflow/example_dags/tutorial_taskflow_api_etl.py for tasks to queue
[2022-03-22 06:19:22,646] {logging_mixin.py:109} INFO - [2022-03-22 06:19:22,646] {dagbag.py:500} INFO - Filling up the DagBag from /home/lowenhard/acceleration/env/lib/python3.8/site-packages/airflow/example_dags/tutorial_taskflow_api_etl.py
[2022-03-22 06:19:22,674] {processor.py:654} INFO - DAG(s) dict_keys(['tutorial_taskflow_api_etl']) retrieved from /home/lowenhard/acceleration/env/lib/python3.8/site-packages/airflow/example_dags/tutorial_taskflow_api_etl.py
[2022-03-22 06:19:22,975] {logging_mixin.py:109} INFO - [2022-03-22 06:19:22,975] {dag.py:2398} INFO - Sync 1 DAGs
[2022-03-22 06:19:22,985] {logging_mixin.py:109} INFO - [2022-03-22 06:19:22,984] {dag.py:2937} INFO - Setting next_dagrun for tutorial_taskflow_api_etl to None
[2022-03-22 06:19:23,814] {processor.py:171} INFO - Processing /home/lowenhard/acceleration/env/lib/python3.8/site-packages/airflow/example_dags/tutorial_taskflow_api_etl.py took 1.232 seconds
[2022-03-22 06:20:51,291] {processor.py:163} INFO - Started process (PID=1759) to work on /home/lowenhard/acceleration/env/lib/python3.8/site-packages/airflow/example_dags/tutorial_taskflow_api_etl.py
[2022-03-22 06:20:51,876] {processor.py:642} INFO - Processing file /home/lowenhard/acceleration/env/lib/python3.8/site-packages/airflow/example_dags/tutorial_taskflow_api_etl.py for tasks to queue
[2022-03-22 06:20:51,877] {logging_mixin.py:109} INFO - [2022-03-22 06:20:51,877] {dagbag.py:500} INFO - Filling up the DagBag from /home/lowenhard/acceleration/env/lib/python3.8/site-packages/airflow/example_dags/tutorial_taskflow_api_etl.py
[2022-03-22 06:20:51,909] {processor.py:654} INFO - DAG(s) dict_keys(['tutorial_taskflow_api_etl']) retrieved from /home/lowenhard/acceleration/env/lib/python3.8/site-packages/airflow/example_dags/tutorial_taskflow_api_etl.py
[2022-03-22 06:20:52,159] {logging_mixin.py:109} INFO - [2022-03-22 06:20:52,159] {dag.py:2398} INFO - Sync 1 DAGs
[2022-03-22 06:20:52,167] {logging_mixin.py:109} INFO - [2022-03-22 06:20:52,167] {dag.py:2937} INFO - Setting next_dagrun for tutorial_taskflow_api_etl to None
[2022-03-22 06:20:52,322] {processor.py:171} INFO - Processing /home/lowenhard/acceleration/env/lib/python3.8/site-packages/airflow/example_dags/tutorial_taskflow_api_etl.py took 1.033 seconds
[2022-03-22 06:22:20,095] {processor.py:163} INFO - Started process (PID=1800) to work on /home/lowenhard/acceleration/env/lib/python3.8/site-packages/airflow/example_dags/tutorial_taskflow_api_etl.py
[2022-03-22 06:22:20,112] {processor.py:642} INFO - Processing file /home/lowenhard/acceleration/env/lib/python3.8/site-packages/airflow/example_dags/tutorial_taskflow_api_etl.py for tasks to queue
[2022-03-22 06:22:20,112] {logging_mixin.py:109} INFO - [2022-03-22 06:22:20,112] {dagbag.py:500} INFO - Filling up the DagBag from /home/lowenhard/acceleration/env/lib/python3.8/site-packages/airflow/example_dags/tutorial_taskflow_api_etl.py
[2022-03-22 06:22:20,135] {processor.py:654} INFO - DAG(s) dict_keys(['tutorial_taskflow_api_etl']) retrieved from /home/lowenhard/acceleration/env/lib/python3.8/site-packages/airflow/example_dags/tutorial_taskflow_api_etl.py
[2022-03-22 06:22:20,518] {logging_mixin.py:109} INFO - [2022-03-22 06:22:20,518] {dag.py:2398} INFO - Sync 1 DAGs
[2022-03-22 06:22:20,552] {logging_mixin.py:109} INFO - [2022-03-22 06:22:20,552] {dag.py:2937} INFO - Setting next_dagrun for tutorial_taskflow_api_etl to None
[2022-03-22 06:22:21,053] {processor.py:171} INFO - Processing /home/lowenhard/acceleration/env/lib/python3.8/site-packages/airflow/example_dags/tutorial_taskflow_api_etl.py took 0.960 seconds
[2022-03-22 06:23:33,750] {processor.py:163} INFO - Started process (PID=1837) to work on /home/lowenhard/acceleration/env/lib/python3.8/site-packages/airflow/example_dags/tutorial_taskflow_api_etl.py
[2022-03-22 06:23:33,757] {processor.py:642} INFO - Processing file /home/lowenhard/acceleration/env/lib/python3.8/site-packages/airflow/example_dags/tutorial_taskflow_api_etl.py for tasks to queue
[2022-03-22 06:23:33,758] {logging_mixin.py:109} INFO - [2022-03-22 06:23:33,758] {dagbag.py:500} INFO - Filling up the DagBag from /home/lowenhard/acceleration/env/lib/python3.8/site-packages/airflow/example_dags/tutorial_taskflow_api_etl.py
[2022-03-22 06:23:33,784] {processor.py:654} INFO - DAG(s) dict_keys(['tutorial_taskflow_api_etl']) retrieved from /home/lowenhard/acceleration/env/lib/python3.8/site-packages/airflow/example_dags/tutorial_taskflow_api_etl.py
[2022-03-22 06:23:34,110] {logging_mixin.py:109} INFO - [2022-03-22 06:23:34,110] {dag.py:2398} INFO - Sync 1 DAGs
[2022-03-22 06:23:34,121] {logging_mixin.py:109} INFO - [2022-03-22 06:23:34,121] {dag.py:2937} INFO - Setting next_dagrun for tutorial_taskflow_api_etl to None
[2022-03-22 06:23:34,320] {processor.py:171} INFO - Processing /home/lowenhard/acceleration/env/lib/python3.8/site-packages/airflow/example_dags/tutorial_taskflow_api_etl.py took 0.573 seconds
[2022-03-22 06:24:55,588] {processor.py:163} INFO - Started process (PID=1876) to work on /home/lowenhard/acceleration/env/lib/python3.8/site-packages/airflow/example_dags/tutorial_taskflow_api_etl.py
[2022-03-22 06:24:55,752] {processor.py:642} INFO - Processing file /home/lowenhard/acceleration/env/lib/python3.8/site-packages/airflow/example_dags/tutorial_taskflow_api_etl.py for tasks to queue
[2022-03-22 06:24:55,752] {logging_mixin.py:109} INFO - [2022-03-22 06:24:55,752] {dagbag.py:500} INFO - Filling up the DagBag from /home/lowenhard/acceleration/env/lib/python3.8/site-packages/airflow/example_dags/tutorial_taskflow_api_etl.py
[2022-03-22 06:24:55,776] {processor.py:654} INFO - DAG(s) dict_keys(['tutorial_taskflow_api_etl']) retrieved from /home/lowenhard/acceleration/env/lib/python3.8/site-packages/airflow/example_dags/tutorial_taskflow_api_etl.py
[2022-03-22 06:24:56,350] {logging_mixin.py:109} INFO - [2022-03-22 06:24:56,350] {dag.py:2398} INFO - Sync 1 DAGs
[2022-03-22 06:24:56,371] {logging_mixin.py:109} INFO - [2022-03-22 06:24:56,371] {dag.py:2937} INFO - Setting next_dagrun for tutorial_taskflow_api_etl to None
[2022-03-22 06:24:57,384] {processor.py:171} INFO - Processing /home/lowenhard/acceleration/env/lib/python3.8/site-packages/airflow/example_dags/tutorial_taskflow_api_etl.py took 1.801 seconds
[2022-03-22 06:26:38,033] {processor.py:163} INFO - Started process (PID=1920) to work on /home/lowenhard/acceleration/env/lib/python3.8/site-packages/airflow/example_dags/tutorial_taskflow_api_etl.py
[2022-03-22 06:26:38,081] {processor.py:642} INFO - Processing file /home/lowenhard/acceleration/env/lib/python3.8/site-packages/airflow/example_dags/tutorial_taskflow_api_etl.py for tasks to queue
[2022-03-22 06:26:38,081] {logging_mixin.py:109} INFO - [2022-03-22 06:26:38,081] {dagbag.py:500} INFO - Filling up the DagBag from /home/lowenhard/acceleration/env/lib/python3.8/site-packages/airflow/example_dags/tutorial_taskflow_api_etl.py
[2022-03-22 06:26:38,103] {processor.py:654} INFO - DAG(s) dict_keys(['tutorial_taskflow_api_etl']) retrieved from /home/lowenhard/acceleration/env/lib/python3.8/site-packages/airflow/example_dags/tutorial_taskflow_api_etl.py
[2022-03-22 06:26:38,356] {logging_mixin.py:109} INFO - [2022-03-22 06:26:38,355] {dag.py:2398} INFO - Sync 1 DAGs
[2022-03-22 06:26:38,367] {logging_mixin.py:109} INFO - [2022-03-22 06:26:38,367] {dag.py:2937} INFO - Setting next_dagrun for tutorial_taskflow_api_etl to None
[2022-03-22 06:26:39,818] {processor.py:171} INFO - Processing /home/lowenhard/acceleration/env/lib/python3.8/site-packages/airflow/example_dags/tutorial_taskflow_api_etl.py took 1.786 seconds
[2022-03-22 06:27:33,794] {processor.py:163} INFO - Started process (PID=1944) to work on /home/lowenhard/acceleration/env/lib/python3.8/site-packages/airflow/example_dags/tutorial_taskflow_api_etl.py
[2022-03-22 06:27:34,644] {processor.py:642} INFO - Processing file /home/lowenhard/acceleration/env/lib/python3.8/site-packages/airflow/example_dags/tutorial_taskflow_api_etl.py for tasks to queue
[2022-03-22 06:27:34,645] {logging_mixin.py:109} INFO - [2022-03-22 06:27:34,645] {dagbag.py:500} INFO - Filling up the DagBag from /home/lowenhard/acceleration/env/lib/python3.8/site-packages/airflow/example_dags/tutorial_taskflow_api_etl.py
[2022-03-22 06:27:34,670] {processor.py:654} INFO - DAG(s) dict_keys(['tutorial_taskflow_api_etl']) retrieved from /home/lowenhard/acceleration/env/lib/python3.8/site-packages/airflow/example_dags/tutorial_taskflow_api_etl.py
[2022-03-22 06:27:34,958] {logging_mixin.py:109} INFO - [2022-03-22 06:27:34,958] {dag.py:2398} INFO - Sync 1 DAGs
[2022-03-22 06:27:34,975] {logging_mixin.py:109} INFO - [2022-03-22 06:27:34,975] {dag.py:2937} INFO - Setting next_dagrun for tutorial_taskflow_api_etl to None
[2022-03-22 06:27:35,855] {processor.py:171} INFO - Processing /home/lowenhard/acceleration/env/lib/python3.8/site-packages/airflow/example_dags/tutorial_taskflow_api_etl.py took 2.064 seconds
[2022-03-22 06:28:53,663] {processor.py:163} INFO - Started process (PID=1983) to work on /home/lowenhard/acceleration/env/lib/python3.8/site-packages/airflow/example_dags/tutorial_taskflow_api_etl.py
[2022-03-22 06:28:53,789] {processor.py:642} INFO - Processing file /home/lowenhard/acceleration/env/lib/python3.8/site-packages/airflow/example_dags/tutorial_taskflow_api_etl.py for tasks to queue
[2022-03-22 06:28:53,790] {logging_mixin.py:109} INFO - [2022-03-22 06:28:53,790] {dagbag.py:500} INFO - Filling up the DagBag from /home/lowenhard/acceleration/env/lib/python3.8/site-packages/airflow/example_dags/tutorial_taskflow_api_etl.py
[2022-03-22 06:28:53,816] {processor.py:654} INFO - DAG(s) dict_keys(['tutorial_taskflow_api_etl']) retrieved from /home/lowenhard/acceleration/env/lib/python3.8/site-packages/airflow/example_dags/tutorial_taskflow_api_etl.py
[2022-03-22 06:28:54,052] {logging_mixin.py:109} INFO - [2022-03-22 06:28:54,052] {dag.py:2398} INFO - Sync 1 DAGs
[2022-03-22 06:28:54,060] {logging_mixin.py:109} INFO - [2022-03-22 06:28:54,060] {dag.py:2937} INFO - Setting next_dagrun for tutorial_taskflow_api_etl to None
[2022-03-22 06:28:54,526] {processor.py:171} INFO - Processing /home/lowenhard/acceleration/env/lib/python3.8/site-packages/airflow/example_dags/tutorial_taskflow_api_etl.py took 0.866 seconds
[2022-03-22 06:30:16,139] {processor.py:163} INFO - Started process (PID=2022) to work on /home/lowenhard/acceleration/env/lib/python3.8/site-packages/airflow/example_dags/tutorial_taskflow_api_etl.py
[2022-03-22 06:30:16,170] {processor.py:642} INFO - Processing file /home/lowenhard/acceleration/env/lib/python3.8/site-packages/airflow/example_dags/tutorial_taskflow_api_etl.py for tasks to queue
[2022-03-22 06:30:16,171] {logging_mixin.py:109} INFO - [2022-03-22 06:30:16,171] {dagbag.py:500} INFO - Filling up the DagBag from /home/lowenhard/acceleration/env/lib/python3.8/site-packages/airflow/example_dags/tutorial_taskflow_api_etl.py
[2022-03-22 06:30:16,198] {processor.py:654} INFO - DAG(s) dict_keys(['tutorial_taskflow_api_etl']) retrieved from /home/lowenhard/acceleration/env/lib/python3.8/site-packages/airflow/example_dags/tutorial_taskflow_api_etl.py
[2022-03-22 06:30:16,487] {logging_mixin.py:109} INFO - [2022-03-22 06:30:16,487] {dag.py:2398} INFO - Sync 1 DAGs
[2022-03-22 06:30:16,501] {logging_mixin.py:109} INFO - [2022-03-22 06:30:16,501] {dag.py:2937} INFO - Setting next_dagrun for tutorial_taskflow_api_etl to None
[2022-03-22 06:30:17,032] {processor.py:171} INFO - Processing /home/lowenhard/acceleration/env/lib/python3.8/site-packages/airflow/example_dags/tutorial_taskflow_api_etl.py took 0.895 seconds
[2022-03-22 06:31:43,385] {processor.py:163} INFO - Started process (PID=2063) to work on /home/lowenhard/acceleration/env/lib/python3.8/site-packages/airflow/example_dags/tutorial_taskflow_api_etl.py
[2022-03-22 06:31:43,389] {processor.py:642} INFO - Processing file /home/lowenhard/acceleration/env/lib/python3.8/site-packages/airflow/example_dags/tutorial_taskflow_api_etl.py for tasks to queue
[2022-03-22 06:31:43,390] {logging_mixin.py:109} INFO - [2022-03-22 06:31:43,390] {dagbag.py:500} INFO - Filling up the DagBag from /home/lowenhard/acceleration/env/lib/python3.8/site-packages/airflow/example_dags/tutorial_taskflow_api_etl.py
[2022-03-22 06:31:43,428] {processor.py:654} INFO - DAG(s) dict_keys(['tutorial_taskflow_api_etl']) retrieved from /home/lowenhard/acceleration/env/lib/python3.8/site-packages/airflow/example_dags/tutorial_taskflow_api_etl.py
[2022-03-22 06:31:43,720] {logging_mixin.py:109} INFO - [2022-03-22 06:31:43,719] {dag.py:2398} INFO - Sync 1 DAGs
[2022-03-22 06:31:43,728] {logging_mixin.py:109} INFO - [2022-03-22 06:31:43,728] {dag.py:2937} INFO - Setting next_dagrun for tutorial_taskflow_api_etl to None
[2022-03-22 06:31:43,981] {processor.py:171} INFO - Processing /home/lowenhard/acceleration/env/lib/python3.8/site-packages/airflow/example_dags/tutorial_taskflow_api_etl.py took 0.598 seconds
[2022-03-22 06:33:19,086] {processor.py:163} INFO - Started process (PID=2104) to work on /home/lowenhard/acceleration/env/lib/python3.8/site-packages/airflow/example_dags/tutorial_taskflow_api_etl.py
[2022-03-22 06:33:20,629] {processor.py:642} INFO - Processing file /home/lowenhard/acceleration/env/lib/python3.8/site-packages/airflow/example_dags/tutorial_taskflow_api_etl.py for tasks to queue
[2022-03-22 06:33:20,630] {logging_mixin.py:109} INFO - [2022-03-22 06:33:20,630] {dagbag.py:500} INFO - Filling up the DagBag from /home/lowenhard/acceleration/env/lib/python3.8/site-packages/airflow/example_dags/tutorial_taskflow_api_etl.py
[2022-03-22 06:33:21,986] {processor.py:654} INFO - DAG(s) dict_keys(['tutorial_taskflow_api_etl']) retrieved from /home/lowenhard/acceleration/env/lib/python3.8/site-packages/airflow/example_dags/tutorial_taskflow_api_etl.py
[2022-03-22 06:33:22,464] {logging_mixin.py:109} INFO - [2022-03-22 06:33:22,463] {dag.py:2398} INFO - Sync 1 DAGs
[2022-03-22 06:33:22,484] {logging_mixin.py:109} INFO - [2022-03-22 06:33:22,481] {dag.py:2937} INFO - Setting next_dagrun for tutorial_taskflow_api_etl to None
[2022-03-22 06:33:22,649] {processor.py:171} INFO - Processing /home/lowenhard/acceleration/env/lib/python3.8/site-packages/airflow/example_dags/tutorial_taskflow_api_etl.py took 3.565 seconds
[2022-03-22 06:34:57,440] {processor.py:163} INFO - Started process (PID=2146) to work on /home/lowenhard/acceleration/env/lib/python3.8/site-packages/airflow/example_dags/tutorial_taskflow_api_etl.py
[2022-03-22 06:34:57,448] {processor.py:642} INFO - Processing file /home/lowenhard/acceleration/env/lib/python3.8/site-packages/airflow/example_dags/tutorial_taskflow_api_etl.py for tasks to queue
[2022-03-22 06:34:57,449] {logging_mixin.py:109} INFO - [2022-03-22 06:34:57,448] {dagbag.py:500} INFO - Filling up the DagBag from /home/lowenhard/acceleration/env/lib/python3.8/site-packages/airflow/example_dags/tutorial_taskflow_api_etl.py
[2022-03-22 06:34:57,470] {processor.py:654} INFO - DAG(s) dict_keys(['tutorial_taskflow_api_etl']) retrieved from /home/lowenhard/acceleration/env/lib/python3.8/site-packages/airflow/example_dags/tutorial_taskflow_api_etl.py
[2022-03-22 06:34:57,758] {logging_mixin.py:109} INFO - [2022-03-22 06:34:57,758] {dag.py:2398} INFO - Sync 1 DAGs
[2022-03-22 06:34:57,767] {logging_mixin.py:109} INFO - [2022-03-22 06:34:57,767] {dag.py:2937} INFO - Setting next_dagrun for tutorial_taskflow_api_etl to None
[2022-03-22 06:34:57,911] {processor.py:171} INFO - Processing /home/lowenhard/acceleration/env/lib/python3.8/site-packages/airflow/example_dags/tutorial_taskflow_api_etl.py took 0.473 seconds
[2022-03-22 06:36:12,875] {processor.py:163} INFO - Started process (PID=2184) to work on /home/lowenhard/acceleration/env/lib/python3.8/site-packages/airflow/example_dags/tutorial_taskflow_api_etl.py
[2022-03-22 06:36:12,878] {processor.py:642} INFO - Processing file /home/lowenhard/acceleration/env/lib/python3.8/site-packages/airflow/example_dags/tutorial_taskflow_api_etl.py for tasks to queue
[2022-03-22 06:36:12,879] {logging_mixin.py:109} INFO - [2022-03-22 06:36:12,879] {dagbag.py:500} INFO - Filling up the DagBag from /home/lowenhard/acceleration/env/lib/python3.8/site-packages/airflow/example_dags/tutorial_taskflow_api_etl.py
[2022-03-22 06:36:12,901] {processor.py:654} INFO - DAG(s) dict_keys(['tutorial_taskflow_api_etl']) retrieved from /home/lowenhard/acceleration/env/lib/python3.8/site-packages/airflow/example_dags/tutorial_taskflow_api_etl.py
[2022-03-22 06:36:13,182] {logging_mixin.py:109} INFO - [2022-03-22 06:36:13,182] {dag.py:2398} INFO - Sync 1 DAGs
[2022-03-22 06:36:13,192] {logging_mixin.py:109} INFO - [2022-03-22 06:36:13,192] {dag.py:2937} INFO - Setting next_dagrun for tutorial_taskflow_api_etl to None
[2022-03-22 06:36:13,336] {processor.py:171} INFO - Processing /home/lowenhard/acceleration/env/lib/python3.8/site-packages/airflow/example_dags/tutorial_taskflow_api_etl.py took 0.463 seconds
[2022-03-22 06:37:32,885] {processor.py:163} INFO - Started process (PID=2223) to work on /home/lowenhard/acceleration/env/lib/python3.8/site-packages/airflow/example_dags/tutorial_taskflow_api_etl.py
[2022-03-22 06:37:32,900] {processor.py:642} INFO - Processing file /home/lowenhard/acceleration/env/lib/python3.8/site-packages/airflow/example_dags/tutorial_taskflow_api_etl.py for tasks to queue
[2022-03-22 06:37:32,900] {logging_mixin.py:109} INFO - [2022-03-22 06:37:32,900] {dagbag.py:500} INFO - Filling up the DagBag from /home/lowenhard/acceleration/env/lib/python3.8/site-packages/airflow/example_dags/tutorial_taskflow_api_etl.py
[2022-03-22 06:37:32,923] {processor.py:654} INFO - DAG(s) dict_keys(['tutorial_taskflow_api_etl']) retrieved from /home/lowenhard/acceleration/env/lib/python3.8/site-packages/airflow/example_dags/tutorial_taskflow_api_etl.py
[2022-03-22 06:37:33,180] {logging_mixin.py:109} INFO - [2022-03-22 06:37:33,180] {dag.py:2398} INFO - Sync 1 DAGs
[2022-03-22 06:37:33,191] {logging_mixin.py:109} INFO - [2022-03-22 06:37:33,191] {dag.py:2937} INFO - Setting next_dagrun for tutorial_taskflow_api_etl to None
[2022-03-22 06:37:34,896] {processor.py:171} INFO - Processing /home/lowenhard/acceleration/env/lib/python3.8/site-packages/airflow/example_dags/tutorial_taskflow_api_etl.py took 2.013 seconds
[2022-03-22 06:39:01,920] {processor.py:163} INFO - Started process (PID=2264) to work on /home/lowenhard/acceleration/env/lib/python3.8/site-packages/airflow/example_dags/tutorial_taskflow_api_etl.py
[2022-03-22 06:39:01,941] {processor.py:642} INFO - Processing file /home/lowenhard/acceleration/env/lib/python3.8/site-packages/airflow/example_dags/tutorial_taskflow_api_etl.py for tasks to queue
[2022-03-22 06:39:01,941] {logging_mixin.py:109} INFO - [2022-03-22 06:39:01,941] {dagbag.py:500} INFO - Filling up the DagBag from /home/lowenhard/acceleration/env/lib/python3.8/site-packages/airflow/example_dags/tutorial_taskflow_api_etl.py
[2022-03-22 06:39:01,974] {processor.py:654} INFO - DAG(s) dict_keys(['tutorial_taskflow_api_etl']) retrieved from /home/lowenhard/acceleration/env/lib/python3.8/site-packages/airflow/example_dags/tutorial_taskflow_api_etl.py
[2022-03-22 06:39:02,229] {logging_mixin.py:109} INFO - [2022-03-22 06:39:02,228] {dag.py:2398} INFO - Sync 1 DAGs
[2022-03-22 06:39:02,237] {logging_mixin.py:109} INFO - [2022-03-22 06:39:02,237] {dag.py:2937} INFO - Setting next_dagrun for tutorial_taskflow_api_etl to None
[2022-03-22 06:39:03,398] {processor.py:171} INFO - Processing /home/lowenhard/acceleration/env/lib/python3.8/site-packages/airflow/example_dags/tutorial_taskflow_api_etl.py took 1.480 seconds
[2022-03-22 06:40:29,342] {processor.py:163} INFO - Started process (PID=2304) to work on /home/lowenhard/acceleration/env/lib/python3.8/site-packages/airflow/example_dags/tutorial_taskflow_api_etl.py
[2022-03-22 06:40:29,370] {processor.py:642} INFO - Processing file /home/lowenhard/acceleration/env/lib/python3.8/site-packages/airflow/example_dags/tutorial_taskflow_api_etl.py for tasks to queue
[2022-03-22 06:40:29,371] {logging_mixin.py:109} INFO - [2022-03-22 06:40:29,371] {dagbag.py:500} INFO - Filling up the DagBag from /home/lowenhard/acceleration/env/lib/python3.8/site-packages/airflow/example_dags/tutorial_taskflow_api_etl.py
[2022-03-22 06:40:29,400] {processor.py:654} INFO - DAG(s) dict_keys(['tutorial_taskflow_api_etl']) retrieved from /home/lowenhard/acceleration/env/lib/python3.8/site-packages/airflow/example_dags/tutorial_taskflow_api_etl.py
[2022-03-22 06:40:29,638] {logging_mixin.py:109} INFO - [2022-03-22 06:40:29,638] {dag.py:2398} INFO - Sync 1 DAGs
[2022-03-22 06:40:29,648] {logging_mixin.py:109} INFO - [2022-03-22 06:40:29,648] {dag.py:2937} INFO - Setting next_dagrun for tutorial_taskflow_api_etl to None
[2022-03-22 06:40:30,936] {processor.py:171} INFO - Processing /home/lowenhard/acceleration/env/lib/python3.8/site-packages/airflow/example_dags/tutorial_taskflow_api_etl.py took 1.596 seconds
[2022-03-22 06:42:06,350] {processor.py:163} INFO - Started process (PID=2346) to work on /home/lowenhard/acceleration/env/lib/python3.8/site-packages/airflow/example_dags/tutorial_taskflow_api_etl.py
[2022-03-22 06:42:06,373] {processor.py:642} INFO - Processing file /home/lowenhard/acceleration/env/lib/python3.8/site-packages/airflow/example_dags/tutorial_taskflow_api_etl.py for tasks to queue
[2022-03-22 06:42:06,373] {logging_mixin.py:109} INFO - [2022-03-22 06:42:06,373] {dagbag.py:500} INFO - Filling up the DagBag from /home/lowenhard/acceleration/env/lib/python3.8/site-packages/airflow/example_dags/tutorial_taskflow_api_etl.py
[2022-03-22 06:42:06,398] {processor.py:654} INFO - DAG(s) dict_keys(['tutorial_taskflow_api_etl']) retrieved from /home/lowenhard/acceleration/env/lib/python3.8/site-packages/airflow/example_dags/tutorial_taskflow_api_etl.py
[2022-03-22 06:42:06,651] {logging_mixin.py:109} INFO - [2022-03-22 06:42:06,651] {dag.py:2398} INFO - Sync 1 DAGs
[2022-03-22 06:42:06,661] {logging_mixin.py:109} INFO - [2022-03-22 06:42:06,661] {dag.py:2937} INFO - Setting next_dagrun for tutorial_taskflow_api_etl to None
[2022-03-22 06:42:06,848] {processor.py:171} INFO - Processing /home/lowenhard/acceleration/env/lib/python3.8/site-packages/airflow/example_dags/tutorial_taskflow_api_etl.py took 0.500 seconds
[2022-03-22 06:43:16,193] {processor.py:163} INFO - Started process (PID=2382) to work on /home/lowenhard/acceleration/env/lib/python3.8/site-packages/airflow/example_dags/tutorial_taskflow_api_etl.py
[2022-03-22 06:43:16,204] {processor.py:642} INFO - Processing file /home/lowenhard/acceleration/env/lib/python3.8/site-packages/airflow/example_dags/tutorial_taskflow_api_etl.py for tasks to queue
[2022-03-22 06:43:16,205] {logging_mixin.py:109} INFO - [2022-03-22 06:43:16,205] {dagbag.py:500} INFO - Filling up the DagBag from /home/lowenhard/acceleration/env/lib/python3.8/site-packages/airflow/example_dags/tutorial_taskflow_api_etl.py
[2022-03-22 06:43:16,227] {processor.py:654} INFO - DAG(s) dict_keys(['tutorial_taskflow_api_etl']) retrieved from /home/lowenhard/acceleration/env/lib/python3.8/site-packages/airflow/example_dags/tutorial_taskflow_api_etl.py
[2022-03-22 06:43:16,456] {logging_mixin.py:109} INFO - [2022-03-22 06:43:16,456] {dag.py:2398} INFO - Sync 1 DAGs
[2022-03-22 06:43:16,465] {logging_mixin.py:109} INFO - [2022-03-22 06:43:16,465] {dag.py:2937} INFO - Setting next_dagrun for tutorial_taskflow_api_etl to None
[2022-03-22 06:43:18,230] {processor.py:171} INFO - Processing /home/lowenhard/acceleration/env/lib/python3.8/site-packages/airflow/example_dags/tutorial_taskflow_api_etl.py took 2.039 seconds
[2022-03-22 06:44:43,007] {processor.py:163} INFO - Started process (PID=2431) to work on /home/lowenhard/acceleration/env/lib/python3.8/site-packages/airflow/example_dags/tutorial_taskflow_api_etl.py
[2022-03-22 06:44:43,025] {processor.py:642} INFO - Processing file /home/lowenhard/acceleration/env/lib/python3.8/site-packages/airflow/example_dags/tutorial_taskflow_api_etl.py for tasks to queue
[2022-03-22 06:44:43,026] {logging_mixin.py:109} INFO - [2022-03-22 06:44:43,026] {dagbag.py:500} INFO - Filling up the DagBag from /home/lowenhard/acceleration/env/lib/python3.8/site-packages/airflow/example_dags/tutorial_taskflow_api_etl.py
[2022-03-22 06:44:43,716] {processor.py:654} INFO - DAG(s) dict_keys(['tutorial_taskflow_api_etl']) retrieved from /home/lowenhard/acceleration/env/lib/python3.8/site-packages/airflow/example_dags/tutorial_taskflow_api_etl.py
[2022-03-22 06:44:44,384] {logging_mixin.py:109} INFO - [2022-03-22 06:44:44,383] {dag.py:2398} INFO - Sync 1 DAGs
[2022-03-22 06:44:44,400] {logging_mixin.py:109} INFO - [2022-03-22 06:44:44,399] {dag.py:2937} INFO - Setting next_dagrun for tutorial_taskflow_api_etl to None
[2022-03-22 06:44:45,237] {processor.py:171} INFO - Processing /home/lowenhard/acceleration/env/lib/python3.8/site-packages/airflow/example_dags/tutorial_taskflow_api_etl.py took 2.234 seconds
[2022-03-22 06:46:15,975] {processor.py:163} INFO - Started process (PID=2472) to work on /home/lowenhard/acceleration/env/lib/python3.8/site-packages/airflow/example_dags/tutorial_taskflow_api_etl.py
[2022-03-22 06:46:16,632] {processor.py:642} INFO - Processing file /home/lowenhard/acceleration/env/lib/python3.8/site-packages/airflow/example_dags/tutorial_taskflow_api_etl.py for tasks to queue
[2022-03-22 06:46:16,633] {logging_mixin.py:109} INFO - [2022-03-22 06:46:16,633] {dagbag.py:500} INFO - Filling up the DagBag from /home/lowenhard/acceleration/env/lib/python3.8/site-packages/airflow/example_dags/tutorial_taskflow_api_etl.py
[2022-03-22 06:46:16,658] {processor.py:654} INFO - DAG(s) dict_keys(['tutorial_taskflow_api_etl']) retrieved from /home/lowenhard/acceleration/env/lib/python3.8/site-packages/airflow/example_dags/tutorial_taskflow_api_etl.py
[2022-03-22 06:46:16,931] {logging_mixin.py:109} INFO - [2022-03-22 06:46:16,930] {dag.py:2398} INFO - Sync 1 DAGs
[2022-03-22 06:46:16,941] {logging_mixin.py:109} INFO - [2022-03-22 06:46:16,941] {dag.py:2937} INFO - Setting next_dagrun for tutorial_taskflow_api_etl to None
[2022-03-22 06:46:18,232] {processor.py:171} INFO - Processing /home/lowenhard/acceleration/env/lib/python3.8/site-packages/airflow/example_dags/tutorial_taskflow_api_etl.py took 2.260 seconds
[2022-03-22 06:47:41,789] {processor.py:163} INFO - Started process (PID=2535) to work on /home/lowenhard/acceleration/env/lib/python3.8/site-packages/airflow/example_dags/tutorial_taskflow_api_etl.py
[2022-03-22 06:47:41,812] {processor.py:642} INFO - Processing file /home/lowenhard/acceleration/env/lib/python3.8/site-packages/airflow/example_dags/tutorial_taskflow_api_etl.py for tasks to queue
[2022-03-22 06:47:41,812] {logging_mixin.py:109} INFO - [2022-03-22 06:47:41,812] {dagbag.py:500} INFO - Filling up the DagBag from /home/lowenhard/acceleration/env/lib/python3.8/site-packages/airflow/example_dags/tutorial_taskflow_api_etl.py
[2022-03-22 06:47:41,897] {processor.py:654} INFO - DAG(s) dict_keys(['tutorial_taskflow_api_etl']) retrieved from /home/lowenhard/acceleration/env/lib/python3.8/site-packages/airflow/example_dags/tutorial_taskflow_api_etl.py
[2022-03-22 06:47:42,083] {logging_mixin.py:109} INFO - [2022-03-22 06:47:42,082] {dag.py:2398} INFO - Sync 1 DAGs
[2022-03-22 06:47:42,091] {logging_mixin.py:109} INFO - [2022-03-22 06:47:42,091] {dag.py:2937} INFO - Setting next_dagrun for tutorial_taskflow_api_etl to None
[2022-03-22 06:47:43,053] {processor.py:171} INFO - Processing /home/lowenhard/acceleration/env/lib/python3.8/site-packages/airflow/example_dags/tutorial_taskflow_api_etl.py took 1.267 seconds
