[2022-03-23 05:21:57,739] {processor.py:163} INFO - Started process (PID=180) to work on /home/lowenhard/acceleration/env/lib/python3.8/site-packages/airflow/example_dags/example_task_group_decorator.py
[2022-03-23 05:21:57,740] {processor.py:642} INFO - Processing file /home/lowenhard/acceleration/env/lib/python3.8/site-packages/airflow/example_dags/example_task_group_decorator.py for tasks to queue
[2022-03-23 05:21:57,740] {logging_mixin.py:109} INFO - [2022-03-23 05:21:57,740] {dagbag.py:500} INFO - Filling up the DagBag from /home/lowenhard/acceleration/env/lib/python3.8/site-packages/airflow/example_dags/example_task_group_decorator.py
[2022-03-23 05:21:57,769] {processor.py:654} INFO - DAG(s) dict_keys(['example_task_group_decorator']) retrieved from /home/lowenhard/acceleration/env/lib/python3.8/site-packages/airflow/example_dags/example_task_group_decorator.py
[2022-03-23 05:21:57,952] {logging_mixin.py:109} INFO - [2022-03-23 05:21:57,952] {dag.py:2398} INFO - Sync 1 DAGs
[2022-03-23 05:21:57,961] {logging_mixin.py:109} INFO - [2022-03-23 05:21:57,961] {dag.py:2937} INFO - Setting next_dagrun for example_task_group_decorator to 2022-03-22T10:21:57.961059+00:00
[2022-03-23 05:21:58,156] {processor.py:171} INFO - Processing /home/lowenhard/acceleration/env/lib/python3.8/site-packages/airflow/example_dags/example_task_group_decorator.py took 0.419 seconds
[2022-03-23 05:23:26,537] {processor.py:163} INFO - Started process (PID=215) to work on /home/lowenhard/acceleration/env/lib/python3.8/site-packages/airflow/example_dags/example_task_group_decorator.py
[2022-03-23 05:23:26,605] {processor.py:642} INFO - Processing file /home/lowenhard/acceleration/env/lib/python3.8/site-packages/airflow/example_dags/example_task_group_decorator.py for tasks to queue
[2022-03-23 05:23:26,606] {logging_mixin.py:109} INFO - [2022-03-23 05:23:26,606] {dagbag.py:500} INFO - Filling up the DagBag from /home/lowenhard/acceleration/env/lib/python3.8/site-packages/airflow/example_dags/example_task_group_decorator.py
[2022-03-23 05:23:27,978] {processor.py:654} INFO - DAG(s) dict_keys(['example_task_group_decorator']) retrieved from /home/lowenhard/acceleration/env/lib/python3.8/site-packages/airflow/example_dags/example_task_group_decorator.py
[2022-03-23 05:23:28,315] {logging_mixin.py:109} INFO - [2022-03-23 05:23:28,315] {dag.py:2398} INFO - Sync 1 DAGs
[2022-03-23 05:23:28,331] {logging_mixin.py:109} INFO - [2022-03-23 05:23:28,331] {dag.py:2937} INFO - Setting next_dagrun for example_task_group_decorator to 2022-03-22T10:23:28.331465+00:00
[2022-03-23 05:23:28,683] {processor.py:171} INFO - Processing /home/lowenhard/acceleration/env/lib/python3.8/site-packages/airflow/example_dags/example_task_group_decorator.py took 2.149 seconds
[2022-03-23 05:25:05,062] {processor.py:163} INFO - Started process (PID=332) to work on /home/lowenhard/acceleration/env/lib/python3.8/site-packages/airflow/example_dags/example_task_group_decorator.py
[2022-03-23 05:25:05,070] {processor.py:642} INFO - Processing file /home/lowenhard/acceleration/env/lib/python3.8/site-packages/airflow/example_dags/example_task_group_decorator.py for tasks to queue
[2022-03-23 05:25:05,071] {logging_mixin.py:109} INFO - [2022-03-23 05:25:05,071] {dagbag.py:500} INFO - Filling up the DagBag from /home/lowenhard/acceleration/env/lib/python3.8/site-packages/airflow/example_dags/example_task_group_decorator.py
[2022-03-23 05:25:05,100] {processor.py:654} INFO - DAG(s) dict_keys(['example_task_group_decorator']) retrieved from /home/lowenhard/acceleration/env/lib/python3.8/site-packages/airflow/example_dags/example_task_group_decorator.py
[2022-03-23 05:25:05,277] {logging_mixin.py:109} INFO - [2022-03-23 05:25:05,277] {dag.py:2398} INFO - Sync 1 DAGs
[2022-03-23 05:25:05,355] {logging_mixin.py:109} INFO - [2022-03-23 05:25:05,355] {dag.py:2937} INFO - Setting next_dagrun for example_task_group_decorator to 2022-03-22T10:25:05.355500+00:00
[2022-03-23 05:25:05,852] {processor.py:171} INFO - Processing /home/lowenhard/acceleration/env/lib/python3.8/site-packages/airflow/example_dags/example_task_group_decorator.py took 0.794 seconds
[2022-03-23 05:26:34,815] {processor.py:163} INFO - Started process (PID=381) to work on /home/lowenhard/acceleration/env/lib/python3.8/site-packages/airflow/example_dags/example_task_group_decorator.py
[2022-03-23 05:26:34,934] {processor.py:642} INFO - Processing file /home/lowenhard/acceleration/env/lib/python3.8/site-packages/airflow/example_dags/example_task_group_decorator.py for tasks to queue
[2022-03-23 05:26:34,935] {logging_mixin.py:109} INFO - [2022-03-23 05:26:34,935] {dagbag.py:500} INFO - Filling up the DagBag from /home/lowenhard/acceleration/env/lib/python3.8/site-packages/airflow/example_dags/example_task_group_decorator.py
[2022-03-23 05:26:34,970] {processor.py:654} INFO - DAG(s) dict_keys(['example_task_group_decorator']) retrieved from /home/lowenhard/acceleration/env/lib/python3.8/site-packages/airflow/example_dags/example_task_group_decorator.py
[2022-03-23 05:26:35,149] {logging_mixin.py:109} INFO - [2022-03-23 05:26:35,149] {dag.py:2398} INFO - Sync 1 DAGs
[2022-03-23 05:26:35,222] {logging_mixin.py:109} INFO - [2022-03-23 05:26:35,222] {dag.py:2937} INFO - Setting next_dagrun for example_task_group_decorator to 2022-03-22T10:26:35.222394+00:00
[2022-03-23 05:26:35,408] {processor.py:171} INFO - Processing /home/lowenhard/acceleration/env/lib/python3.8/site-packages/airflow/example_dags/example_task_group_decorator.py took 0.595 seconds
[2022-03-23 05:28:04,358] {processor.py:163} INFO - Started process (PID=427) to work on /home/lowenhard/acceleration/env/lib/python3.8/site-packages/airflow/example_dags/example_task_group_decorator.py
[2022-03-23 05:28:04,368] {processor.py:642} INFO - Processing file /home/lowenhard/acceleration/env/lib/python3.8/site-packages/airflow/example_dags/example_task_group_decorator.py for tasks to queue
[2022-03-23 05:28:04,368] {logging_mixin.py:109} INFO - [2022-03-23 05:28:04,368] {dagbag.py:500} INFO - Filling up the DagBag from /home/lowenhard/acceleration/env/lib/python3.8/site-packages/airflow/example_dags/example_task_group_decorator.py
[2022-03-23 05:28:04,398] {processor.py:654} INFO - DAG(s) dict_keys(['example_task_group_decorator']) retrieved from /home/lowenhard/acceleration/env/lib/python3.8/site-packages/airflow/example_dags/example_task_group_decorator.py
[2022-03-23 05:28:04,673] {logging_mixin.py:109} INFO - [2022-03-23 05:28:04,673] {dag.py:2398} INFO - Sync 1 DAGs
[2022-03-23 05:28:04,682] {logging_mixin.py:109} INFO - [2022-03-23 05:28:04,682] {dag.py:2937} INFO - Setting next_dagrun for example_task_group_decorator to 2022-03-22T10:28:04.682247+00:00
[2022-03-23 05:28:06,189] {processor.py:171} INFO - Processing /home/lowenhard/acceleration/env/lib/python3.8/site-packages/airflow/example_dags/example_task_group_decorator.py took 1.833 seconds
[2022-03-23 05:29:36,274] {processor.py:163} INFO - Started process (PID=480) to work on /home/lowenhard/acceleration/env/lib/python3.8/site-packages/airflow/example_dags/example_task_group_decorator.py
[2022-03-23 05:29:36,357] {processor.py:642} INFO - Processing file /home/lowenhard/acceleration/env/lib/python3.8/site-packages/airflow/example_dags/example_task_group_decorator.py for tasks to queue
[2022-03-23 05:29:36,358] {logging_mixin.py:109} INFO - [2022-03-23 05:29:36,358] {dagbag.py:500} INFO - Filling up the DagBag from /home/lowenhard/acceleration/env/lib/python3.8/site-packages/airflow/example_dags/example_task_group_decorator.py
[2022-03-23 05:29:36,397] {processor.py:654} INFO - DAG(s) dict_keys(['example_task_group_decorator']) retrieved from /home/lowenhard/acceleration/env/lib/python3.8/site-packages/airflow/example_dags/example_task_group_decorator.py
[2022-03-23 05:29:36,591] {logging_mixin.py:109} INFO - [2022-03-23 05:29:36,591] {dag.py:2398} INFO - Sync 1 DAGs
[2022-03-23 05:29:36,600] {logging_mixin.py:109} INFO - [2022-03-23 05:29:36,599] {dag.py:2937} INFO - Setting next_dagrun for example_task_group_decorator to 2022-03-22T10:29:36.599721+00:00
[2022-03-23 05:29:37,038] {processor.py:171} INFO - Processing /home/lowenhard/acceleration/env/lib/python3.8/site-packages/airflow/example_dags/example_task_group_decorator.py took 0.766 seconds
[2022-03-23 05:31:12,085] {processor.py:163} INFO - Started process (PID=525) to work on /home/lowenhard/acceleration/env/lib/python3.8/site-packages/airflow/example_dags/example_task_group_decorator.py
[2022-03-23 05:31:12,093] {processor.py:642} INFO - Processing file /home/lowenhard/acceleration/env/lib/python3.8/site-packages/airflow/example_dags/example_task_group_decorator.py for tasks to queue
[2022-03-23 05:31:12,094] {logging_mixin.py:109} INFO - [2022-03-23 05:31:12,094] {dagbag.py:500} INFO - Filling up the DagBag from /home/lowenhard/acceleration/env/lib/python3.8/site-packages/airflow/example_dags/example_task_group_decorator.py
[2022-03-23 05:31:12,122] {processor.py:654} INFO - DAG(s) dict_keys(['example_task_group_decorator']) retrieved from /home/lowenhard/acceleration/env/lib/python3.8/site-packages/airflow/example_dags/example_task_group_decorator.py
[2022-03-23 05:31:12,295] {logging_mixin.py:109} INFO - [2022-03-23 05:31:12,295] {dag.py:2398} INFO - Sync 1 DAGs
[2022-03-23 05:31:12,304] {logging_mixin.py:109} INFO - [2022-03-23 05:31:12,304] {dag.py:2937} INFO - Setting next_dagrun for example_task_group_decorator to 2022-03-22T10:31:12.304577+00:00
[2022-03-23 05:31:12,457] {processor.py:171} INFO - Processing /home/lowenhard/acceleration/env/lib/python3.8/site-packages/airflow/example_dags/example_task_group_decorator.py took 0.375 seconds
[2022-03-23 05:32:33,586] {processor.py:163} INFO - Started process (PID=566) to work on /home/lowenhard/acceleration/env/lib/python3.8/site-packages/airflow/example_dags/example_task_group_decorator.py
[2022-03-23 05:32:33,596] {processor.py:642} INFO - Processing file /home/lowenhard/acceleration/env/lib/python3.8/site-packages/airflow/example_dags/example_task_group_decorator.py for tasks to queue
[2022-03-23 05:32:33,596] {logging_mixin.py:109} INFO - [2022-03-23 05:32:33,596] {dagbag.py:500} INFO - Filling up the DagBag from /home/lowenhard/acceleration/env/lib/python3.8/site-packages/airflow/example_dags/example_task_group_decorator.py
[2022-03-23 05:32:33,625] {processor.py:654} INFO - DAG(s) dict_keys(['example_task_group_decorator']) retrieved from /home/lowenhard/acceleration/env/lib/python3.8/site-packages/airflow/example_dags/example_task_group_decorator.py
[2022-03-23 05:32:33,779] {logging_mixin.py:109} INFO - [2022-03-23 05:32:33,779] {dag.py:2398} INFO - Sync 1 DAGs
[2022-03-23 05:32:33,851] {logging_mixin.py:109} INFO - [2022-03-23 05:32:33,851] {dag.py:2937} INFO - Setting next_dagrun for example_task_group_decorator to 2022-03-22T10:32:33.851109+00:00
[2022-03-23 05:32:34,857] {processor.py:171} INFO - Processing /home/lowenhard/acceleration/env/lib/python3.8/site-packages/airflow/example_dags/example_task_group_decorator.py took 1.274 seconds
[2022-03-23 05:33:55,274] {processor.py:163} INFO - Started process (PID=603) to work on /home/lowenhard/acceleration/env/lib/python3.8/site-packages/airflow/example_dags/example_task_group_decorator.py
[2022-03-23 05:33:55,382] {processor.py:642} INFO - Processing file /home/lowenhard/acceleration/env/lib/python3.8/site-packages/airflow/example_dags/example_task_group_decorator.py for tasks to queue
[2022-03-23 05:33:55,383] {logging_mixin.py:109} INFO - [2022-03-23 05:33:55,383] {dagbag.py:500} INFO - Filling up the DagBag from /home/lowenhard/acceleration/env/lib/python3.8/site-packages/airflow/example_dags/example_task_group_decorator.py
[2022-03-23 05:33:55,415] {processor.py:654} INFO - DAG(s) dict_keys(['example_task_group_decorator']) retrieved from /home/lowenhard/acceleration/env/lib/python3.8/site-packages/airflow/example_dags/example_task_group_decorator.py
[2022-03-23 05:33:55,587] {logging_mixin.py:109} INFO - [2022-03-23 05:33:55,587] {dag.py:2398} INFO - Sync 1 DAGs
[2022-03-23 05:33:55,664] {logging_mixin.py:109} INFO - [2022-03-23 05:33:55,664] {dag.py:2937} INFO - Setting next_dagrun for example_task_group_decorator to 2022-03-22T10:33:55.663897+00:00
[2022-03-23 05:33:56,429] {processor.py:171} INFO - Processing /home/lowenhard/acceleration/env/lib/python3.8/site-packages/airflow/example_dags/example_task_group_decorator.py took 1.158 seconds
[2022-03-23 05:35:26,643] {processor.py:163} INFO - Started process (PID=646) to work on /home/lowenhard/acceleration/env/lib/python3.8/site-packages/airflow/example_dags/example_task_group_decorator.py
[2022-03-23 05:35:26,670] {processor.py:642} INFO - Processing file /home/lowenhard/acceleration/env/lib/python3.8/site-packages/airflow/example_dags/example_task_group_decorator.py for tasks to queue
[2022-03-23 05:35:26,671] {logging_mixin.py:109} INFO - [2022-03-23 05:35:26,671] {dagbag.py:500} INFO - Filling up the DagBag from /home/lowenhard/acceleration/env/lib/python3.8/site-packages/airflow/example_dags/example_task_group_decorator.py
[2022-03-23 05:35:26,707] {processor.py:654} INFO - DAG(s) dict_keys(['example_task_group_decorator']) retrieved from /home/lowenhard/acceleration/env/lib/python3.8/site-packages/airflow/example_dags/example_task_group_decorator.py
[2022-03-23 05:35:26,970] {logging_mixin.py:109} INFO - [2022-03-23 05:35:26,970] {dag.py:2398} INFO - Sync 1 DAGs
[2022-03-23 05:35:26,980] {logging_mixin.py:109} INFO - [2022-03-23 05:35:26,980] {dag.py:2937} INFO - Setting next_dagrun for example_task_group_decorator to 2022-03-22T10:35:26.980018+00:00
[2022-03-23 05:35:27,291] {processor.py:171} INFO - Processing /home/lowenhard/acceleration/env/lib/python3.8/site-packages/airflow/example_dags/example_task_group_decorator.py took 0.651 seconds
[2022-03-23 05:37:04,361] {processor.py:163} INFO - Started process (PID=687) to work on /home/lowenhard/acceleration/env/lib/python3.8/site-packages/airflow/example_dags/example_task_group_decorator.py
[2022-03-23 05:37:05,677] {processor.py:642} INFO - Processing file /home/lowenhard/acceleration/env/lib/python3.8/site-packages/airflow/example_dags/example_task_group_decorator.py for tasks to queue
[2022-03-23 05:37:05,723] {logging_mixin.py:109} INFO - [2022-03-23 05:37:05,723] {dagbag.py:500} INFO - Filling up the DagBag from /home/lowenhard/acceleration/env/lib/python3.8/site-packages/airflow/example_dags/example_task_group_decorator.py
[2022-03-23 05:37:05,990] {processor.py:654} INFO - DAG(s) dict_keys(['example_task_group_decorator']) retrieved from /home/lowenhard/acceleration/env/lib/python3.8/site-packages/airflow/example_dags/example_task_group_decorator.py
[2022-03-23 05:37:06,304] {logging_mixin.py:109} INFO - [2022-03-23 05:37:06,303] {dag.py:2398} INFO - Sync 1 DAGs
[2022-03-23 05:37:06,311] {logging_mixin.py:109} INFO - [2022-03-23 05:37:06,311] {dag.py:2937} INFO - Setting next_dagrun for example_task_group_decorator to 2022-03-22T10:37:06.311647+00:00
[2022-03-23 05:37:06,515] {processor.py:171} INFO - Processing /home/lowenhard/acceleration/env/lib/python3.8/site-packages/airflow/example_dags/example_task_group_decorator.py took 2.156 seconds
[2022-03-23 05:40:57,253] {processor.py:163} INFO - Started process (PID=775) to work on /home/lowenhard/acceleration/env/lib/python3.8/site-packages/airflow/example_dags/example_task_group_decorator.py
[2022-03-23 05:40:57,262] {processor.py:642} INFO - Processing file /home/lowenhard/acceleration/env/lib/python3.8/site-packages/airflow/example_dags/example_task_group_decorator.py for tasks to queue
[2022-03-23 05:40:57,263] {logging_mixin.py:109} INFO - [2022-03-23 05:40:57,263] {dagbag.py:500} INFO - Filling up the DagBag from /home/lowenhard/acceleration/env/lib/python3.8/site-packages/airflow/example_dags/example_task_group_decorator.py
[2022-03-23 05:40:57,293] {processor.py:654} INFO - DAG(s) dict_keys(['example_task_group_decorator']) retrieved from /home/lowenhard/acceleration/env/lib/python3.8/site-packages/airflow/example_dags/example_task_group_decorator.py
[2022-03-23 05:40:57,462] {logging_mixin.py:109} INFO - [2022-03-23 05:40:57,462] {dag.py:2398} INFO - Sync 1 DAGs
[2022-03-23 05:40:57,474] {logging_mixin.py:109} INFO - [2022-03-23 05:40:57,474] {dag.py:2937} INFO - Setting next_dagrun for example_task_group_decorator to 2022-03-22T10:40:57.474421+00:00
[2022-03-23 05:40:57,685] {processor.py:171} INFO - Processing /home/lowenhard/acceleration/env/lib/python3.8/site-packages/airflow/example_dags/example_task_group_decorator.py took 0.434 seconds
[2022-03-23 05:42:15,442] {processor.py:163} INFO - Started process (PID=814) to work on /home/lowenhard/acceleration/env/lib/python3.8/site-packages/airflow/example_dags/example_task_group_decorator.py
[2022-03-23 05:42:15,452] {processor.py:642} INFO - Processing file /home/lowenhard/acceleration/env/lib/python3.8/site-packages/airflow/example_dags/example_task_group_decorator.py for tasks to queue
[2022-03-23 05:42:15,452] {logging_mixin.py:109} INFO - [2022-03-23 05:42:15,452] {dagbag.py:500} INFO - Filling up the DagBag from /home/lowenhard/acceleration/env/lib/python3.8/site-packages/airflow/example_dags/example_task_group_decorator.py
[2022-03-23 05:42:15,482] {processor.py:654} INFO - DAG(s) dict_keys(['example_task_group_decorator']) retrieved from /home/lowenhard/acceleration/env/lib/python3.8/site-packages/airflow/example_dags/example_task_group_decorator.py
[2022-03-23 05:42:15,714] {logging_mixin.py:109} INFO - [2022-03-23 05:42:15,714] {dag.py:2398} INFO - Sync 1 DAGs
[2022-03-23 05:42:15,798] {logging_mixin.py:109} INFO - [2022-03-23 05:42:15,798] {dag.py:2937} INFO - Setting next_dagrun for example_task_group_decorator to 2022-03-22T10:42:15.798080+00:00
[2022-03-23 05:42:16,100] {processor.py:171} INFO - Processing /home/lowenhard/acceleration/env/lib/python3.8/site-packages/airflow/example_dags/example_task_group_decorator.py took 0.661 seconds
[2022-03-23 05:43:37,973] {processor.py:163} INFO - Started process (PID=868) to work on /home/lowenhard/acceleration/env/lib/python3.8/site-packages/airflow/example_dags/example_task_group_decorator.py
[2022-03-23 05:43:38,014] {processor.py:642} INFO - Processing file /home/lowenhard/acceleration/env/lib/python3.8/site-packages/airflow/example_dags/example_task_group_decorator.py for tasks to queue
[2022-03-23 05:43:38,015] {logging_mixin.py:109} INFO - [2022-03-23 05:43:38,015] {dagbag.py:500} INFO - Filling up the DagBag from /home/lowenhard/acceleration/env/lib/python3.8/site-packages/airflow/example_dags/example_task_group_decorator.py
[2022-03-23 05:43:38,044] {processor.py:654} INFO - DAG(s) dict_keys(['example_task_group_decorator']) retrieved from /home/lowenhard/acceleration/env/lib/python3.8/site-packages/airflow/example_dags/example_task_group_decorator.py
[2022-03-23 05:43:38,222] {logging_mixin.py:109} INFO - [2022-03-23 05:43:38,222] {dag.py:2398} INFO - Sync 1 DAGs
[2022-03-23 05:43:38,297] {logging_mixin.py:109} INFO - [2022-03-23 05:43:38,297] {dag.py:2937} INFO - Setting next_dagrun for example_task_group_decorator to 2022-03-22T10:43:38.297334+00:00
[2022-03-23 05:43:38,949] {processor.py:171} INFO - Processing /home/lowenhard/acceleration/env/lib/python3.8/site-packages/airflow/example_dags/example_task_group_decorator.py took 0.979 seconds
[2022-03-23 05:45:00,573] {processor.py:163} INFO - Started process (PID=909) to work on /home/lowenhard/acceleration/env/lib/python3.8/site-packages/airflow/example_dags/example_task_group_decorator.py
[2022-03-23 05:45:00,589] {processor.py:642} INFO - Processing file /home/lowenhard/acceleration/env/lib/python3.8/site-packages/airflow/example_dags/example_task_group_decorator.py for tasks to queue
[2022-03-23 05:45:00,590] {logging_mixin.py:109} INFO - [2022-03-23 05:45:00,590] {dagbag.py:500} INFO - Filling up the DagBag from /home/lowenhard/acceleration/env/lib/python3.8/site-packages/airflow/example_dags/example_task_group_decorator.py
[2022-03-23 05:45:00,619] {processor.py:654} INFO - DAG(s) dict_keys(['example_task_group_decorator']) retrieved from /home/lowenhard/acceleration/env/lib/python3.8/site-packages/airflow/example_dags/example_task_group_decorator.py
[2022-03-23 05:45:00,867] {logging_mixin.py:109} INFO - [2022-03-23 05:45:00,867] {dag.py:2398} INFO - Sync 1 DAGs
[2022-03-23 05:45:00,879] {logging_mixin.py:109} INFO - [2022-03-23 05:45:00,878] {dag.py:2937} INFO - Setting next_dagrun for example_task_group_decorator to 2022-03-22T10:45:00.878760+00:00
[2022-03-23 05:45:01,055] {processor.py:171} INFO - Processing /home/lowenhard/acceleration/env/lib/python3.8/site-packages/airflow/example_dags/example_task_group_decorator.py took 0.484 seconds
[2022-03-23 05:46:38,785] {processor.py:163} INFO - Started process (PID=951) to work on /home/lowenhard/acceleration/env/lib/python3.8/site-packages/airflow/example_dags/example_task_group_decorator.py
[2022-03-23 05:46:38,818] {processor.py:642} INFO - Processing file /home/lowenhard/acceleration/env/lib/python3.8/site-packages/airflow/example_dags/example_task_group_decorator.py for tasks to queue
[2022-03-23 05:46:38,819] {logging_mixin.py:109} INFO - [2022-03-23 05:46:38,818] {dagbag.py:500} INFO - Filling up the DagBag from /home/lowenhard/acceleration/env/lib/python3.8/site-packages/airflow/example_dags/example_task_group_decorator.py
[2022-03-23 05:46:38,877] {processor.py:654} INFO - DAG(s) dict_keys(['example_task_group_decorator']) retrieved from /home/lowenhard/acceleration/env/lib/python3.8/site-packages/airflow/example_dags/example_task_group_decorator.py
[2022-03-23 05:46:39,286] {logging_mixin.py:109} INFO - [2022-03-23 05:46:39,286] {dag.py:2398} INFO - Sync 1 DAGs
[2022-03-23 05:46:39,298] {logging_mixin.py:109} INFO - [2022-03-23 05:46:39,298] {dag.py:2937} INFO - Setting next_dagrun for example_task_group_decorator to 2022-03-22T10:46:39.297781+00:00
[2022-03-23 05:46:41,322] {processor.py:171} INFO - Processing /home/lowenhard/acceleration/env/lib/python3.8/site-packages/airflow/example_dags/example_task_group_decorator.py took 2.540 seconds
[2022-03-23 05:48:13,446] {processor.py:163} INFO - Started process (PID=995) to work on /home/lowenhard/acceleration/env/lib/python3.8/site-packages/airflow/example_dags/example_task_group_decorator.py
[2022-03-23 05:48:13,461] {processor.py:642} INFO - Processing file /home/lowenhard/acceleration/env/lib/python3.8/site-packages/airflow/example_dags/example_task_group_decorator.py for tasks to queue
[2022-03-23 05:48:13,461] {logging_mixin.py:109} INFO - [2022-03-23 05:48:13,461] {dagbag.py:500} INFO - Filling up the DagBag from /home/lowenhard/acceleration/env/lib/python3.8/site-packages/airflow/example_dags/example_task_group_decorator.py
[2022-03-23 05:48:13,494] {processor.py:654} INFO - DAG(s) dict_keys(['example_task_group_decorator']) retrieved from /home/lowenhard/acceleration/env/lib/python3.8/site-packages/airflow/example_dags/example_task_group_decorator.py
[2022-03-23 05:48:13,758] {logging_mixin.py:109} INFO - [2022-03-23 05:48:13,758] {dag.py:2398} INFO - Sync 1 DAGs
[2022-03-23 05:48:13,767] {logging_mixin.py:109} INFO - [2022-03-23 05:48:13,767] {dag.py:2937} INFO - Setting next_dagrun for example_task_group_decorator to 2022-03-22T10:48:13.766938+00:00
[2022-03-23 05:48:15,816] {processor.py:171} INFO - Processing /home/lowenhard/acceleration/env/lib/python3.8/site-packages/airflow/example_dags/example_task_group_decorator.py took 2.372 seconds
[2022-03-23 05:50:12,946] {processor.py:163} INFO - Started process (PID=1063) to work on /home/lowenhard/acceleration/env/lib/python3.8/site-packages/airflow/example_dags/example_task_group_decorator.py
[2022-03-23 05:50:13,126] {processor.py:642} INFO - Processing file /home/lowenhard/acceleration/env/lib/python3.8/site-packages/airflow/example_dags/example_task_group_decorator.py for tasks to queue
[2022-03-23 05:50:13,127] {logging_mixin.py:109} INFO - [2022-03-23 05:50:13,127] {dagbag.py:500} INFO - Filling up the DagBag from /home/lowenhard/acceleration/env/lib/python3.8/site-packages/airflow/example_dags/example_task_group_decorator.py
[2022-03-23 05:50:13,199] {processor.py:654} INFO - DAG(s) dict_keys(['example_task_group_decorator']) retrieved from /home/lowenhard/acceleration/env/lib/python3.8/site-packages/airflow/example_dags/example_task_group_decorator.py
[2022-03-23 05:50:13,451] {logging_mixin.py:109} INFO - [2022-03-23 05:50:13,451] {dag.py:2398} INFO - Sync 1 DAGs
[2022-03-23 05:50:13,463] {logging_mixin.py:109} INFO - [2022-03-23 05:50:13,463] {dag.py:2937} INFO - Setting next_dagrun for example_task_group_decorator to 2022-03-22T10:50:13.463189+00:00
[2022-03-23 05:50:13,895] {processor.py:171} INFO - Processing /home/lowenhard/acceleration/env/lib/python3.8/site-packages/airflow/example_dags/example_task_group_decorator.py took 0.951 seconds
[2022-03-23 05:51:38,904] {processor.py:163} INFO - Started process (PID=1098) to work on /home/lowenhard/acceleration/env/lib/python3.8/site-packages/airflow/example_dags/example_task_group_decorator.py
[2022-03-23 05:51:39,122] {processor.py:642} INFO - Processing file /home/lowenhard/acceleration/env/lib/python3.8/site-packages/airflow/example_dags/example_task_group_decorator.py for tasks to queue
[2022-03-23 05:51:39,122] {logging_mixin.py:109} INFO - [2022-03-23 05:51:39,122] {dagbag.py:500} INFO - Filling up the DagBag from /home/lowenhard/acceleration/env/lib/python3.8/site-packages/airflow/example_dags/example_task_group_decorator.py
[2022-03-23 05:51:39,201] {processor.py:654} INFO - DAG(s) dict_keys(['example_task_group_decorator']) retrieved from /home/lowenhard/acceleration/env/lib/python3.8/site-packages/airflow/example_dags/example_task_group_decorator.py
[2022-03-23 05:51:40,525] {logging_mixin.py:109} INFO - [2022-03-23 05:51:40,524] {dag.py:2398} INFO - Sync 1 DAGs
[2022-03-23 05:51:40,630] {logging_mixin.py:109} INFO - [2022-03-23 05:51:40,630] {dag.py:2937} INFO - Setting next_dagrun for example_task_group_decorator to 2022-03-22T10:51:40.629853+00:00
[2022-03-23 05:51:40,818] {processor.py:171} INFO - Processing /home/lowenhard/acceleration/env/lib/python3.8/site-packages/airflow/example_dags/example_task_group_decorator.py took 1.917 seconds
[2022-03-23 05:53:36,509] {processor.py:163} INFO - Started process (PID=1144) to work on /home/lowenhard/acceleration/env/lib/python3.8/site-packages/airflow/example_dags/example_task_group_decorator.py
[2022-03-23 05:53:36,968] {processor.py:642} INFO - Processing file /home/lowenhard/acceleration/env/lib/python3.8/site-packages/airflow/example_dags/example_task_group_decorator.py for tasks to queue
[2022-03-23 05:53:36,970] {logging_mixin.py:109} INFO - [2022-03-23 05:53:36,970] {dagbag.py:500} INFO - Filling up the DagBag from /home/lowenhard/acceleration/env/lib/python3.8/site-packages/airflow/example_dags/example_task_group_decorator.py
[2022-03-23 05:53:37,235] {processor.py:654} INFO - DAG(s) dict_keys(['example_task_group_decorator']) retrieved from /home/lowenhard/acceleration/env/lib/python3.8/site-packages/airflow/example_dags/example_task_group_decorator.py
[2022-03-23 05:53:37,439] {logging_mixin.py:109} INFO - [2022-03-23 05:53:37,439] {dag.py:2398} INFO - Sync 1 DAGs
[2022-03-23 05:53:37,514] {logging_mixin.py:109} INFO - [2022-03-23 05:53:37,514] {dag.py:2937} INFO - Setting next_dagrun for example_task_group_decorator to 2022-03-22T10:53:37.514009+00:00
[2022-03-23 05:53:37,671] {processor.py:171} INFO - Processing /home/lowenhard/acceleration/env/lib/python3.8/site-packages/airflow/example_dags/example_task_group_decorator.py took 1.164 seconds
[2022-03-23 05:55:28,893] {processor.py:163} INFO - Started process (PID=1192) to work on /home/lowenhard/acceleration/env/lib/python3.8/site-packages/airflow/example_dags/example_task_group_decorator.py
[2022-03-23 05:55:28,956] {processor.py:642} INFO - Processing file /home/lowenhard/acceleration/env/lib/python3.8/site-packages/airflow/example_dags/example_task_group_decorator.py for tasks to queue
[2022-03-23 05:55:28,966] {logging_mixin.py:109} INFO - [2022-03-23 05:55:28,966] {dagbag.py:500} INFO - Filling up the DagBag from /home/lowenhard/acceleration/env/lib/python3.8/site-packages/airflow/example_dags/example_task_group_decorator.py
[2022-03-23 05:55:29,129] {processor.py:654} INFO - DAG(s) dict_keys(['example_task_group_decorator']) retrieved from /home/lowenhard/acceleration/env/lib/python3.8/site-packages/airflow/example_dags/example_task_group_decorator.py
[2022-03-23 05:55:29,455] {logging_mixin.py:109} INFO - [2022-03-23 05:55:29,455] {dag.py:2398} INFO - Sync 1 DAGs
[2022-03-23 05:55:29,470] {logging_mixin.py:109} INFO - [2022-03-23 05:55:29,470] {dag.py:2937} INFO - Setting next_dagrun for example_task_group_decorator to 2022-03-22T10:55:29.470448+00:00
[2022-03-23 05:55:29,797] {processor.py:171} INFO - Processing /home/lowenhard/acceleration/env/lib/python3.8/site-packages/airflow/example_dags/example_task_group_decorator.py took 0.908 seconds
[2022-03-23 05:57:01,031] {processor.py:163} INFO - Started process (PID=1235) to work on /home/lowenhard/acceleration/env/lib/python3.8/site-packages/airflow/example_dags/example_task_group_decorator.py
[2022-03-23 05:57:02,251] {processor.py:642} INFO - Processing file /home/lowenhard/acceleration/env/lib/python3.8/site-packages/airflow/example_dags/example_task_group_decorator.py for tasks to queue
[2022-03-23 05:57:02,252] {logging_mixin.py:109} INFO - [2022-03-23 05:57:02,251] {dagbag.py:500} INFO - Filling up the DagBag from /home/lowenhard/acceleration/env/lib/python3.8/site-packages/airflow/example_dags/example_task_group_decorator.py
[2022-03-23 05:57:02,281] {processor.py:654} INFO - DAG(s) dict_keys(['example_task_group_decorator']) retrieved from /home/lowenhard/acceleration/env/lib/python3.8/site-packages/airflow/example_dags/example_task_group_decorator.py
[2022-03-23 05:57:02,530] {logging_mixin.py:109} INFO - [2022-03-23 05:57:02,530] {dag.py:2398} INFO - Sync 1 DAGs
[2022-03-23 05:57:02,539] {logging_mixin.py:109} INFO - [2022-03-23 05:57:02,538] {dag.py:2937} INFO - Setting next_dagrun for example_task_group_decorator to 2022-03-22T10:57:02.538809+00:00
[2022-03-23 05:57:04,112] {processor.py:171} INFO - Processing /home/lowenhard/acceleration/env/lib/python3.8/site-packages/airflow/example_dags/example_task_group_decorator.py took 3.084 seconds
[2022-03-23 05:58:30,012] {processor.py:163} INFO - Started process (PID=1277) to work on /home/lowenhard/acceleration/env/lib/python3.8/site-packages/airflow/example_dags/example_task_group_decorator.py
[2022-03-23 05:58:30,124] {processor.py:642} INFO - Processing file /home/lowenhard/acceleration/env/lib/python3.8/site-packages/airflow/example_dags/example_task_group_decorator.py for tasks to queue
[2022-03-23 05:58:30,125] {logging_mixin.py:109} INFO - [2022-03-23 05:58:30,125] {dagbag.py:500} INFO - Filling up the DagBag from /home/lowenhard/acceleration/env/lib/python3.8/site-packages/airflow/example_dags/example_task_group_decorator.py
[2022-03-23 05:58:30,164] {processor.py:654} INFO - DAG(s) dict_keys(['example_task_group_decorator']) retrieved from /home/lowenhard/acceleration/env/lib/python3.8/site-packages/airflow/example_dags/example_task_group_decorator.py
[2022-03-23 05:58:30,397] {logging_mixin.py:109} INFO - [2022-03-23 05:58:30,396] {dag.py:2398} INFO - Sync 1 DAGs
[2022-03-23 05:58:30,405] {logging_mixin.py:109} INFO - [2022-03-23 05:58:30,405] {dag.py:2937} INFO - Setting next_dagrun for example_task_group_decorator to 2022-03-22T10:58:30.404856+00:00
[2022-03-23 05:58:30,616] {processor.py:171} INFO - Processing /home/lowenhard/acceleration/env/lib/python3.8/site-packages/airflow/example_dags/example_task_group_decorator.py took 0.608 seconds
[2022-03-23 06:00:05,582] {processor.py:163} INFO - Started process (PID=1319) to work on /home/lowenhard/acceleration/env/lib/python3.8/site-packages/airflow/example_dags/example_task_group_decorator.py
[2022-03-23 06:00:05,690] {processor.py:642} INFO - Processing file /home/lowenhard/acceleration/env/lib/python3.8/site-packages/airflow/example_dags/example_task_group_decorator.py for tasks to queue
[2022-03-23 06:00:05,691] {logging_mixin.py:109} INFO - [2022-03-23 06:00:05,691] {dagbag.py:500} INFO - Filling up the DagBag from /home/lowenhard/acceleration/env/lib/python3.8/site-packages/airflow/example_dags/example_task_group_decorator.py
[2022-03-23 06:00:05,731] {processor.py:654} INFO - DAG(s) dict_keys(['example_task_group_decorator']) retrieved from /home/lowenhard/acceleration/env/lib/python3.8/site-packages/airflow/example_dags/example_task_group_decorator.py
[2022-03-23 06:00:05,978] {logging_mixin.py:109} INFO - [2022-03-23 06:00:05,978] {dag.py:2398} INFO - Sync 1 DAGs
[2022-03-23 06:00:05,986] {logging_mixin.py:109} INFO - [2022-03-23 06:00:05,986] {dag.py:2937} INFO - Setting next_dagrun for example_task_group_decorator to 2022-03-22T11:00:05.986050+00:00
[2022-03-23 06:00:06,324] {processor.py:171} INFO - Processing /home/lowenhard/acceleration/env/lib/python3.8/site-packages/airflow/example_dags/example_task_group_decorator.py took 0.745 seconds
[2022-03-23 06:01:33,482] {processor.py:163} INFO - Started process (PID=1361) to work on /home/lowenhard/acceleration/env/lib/python3.8/site-packages/airflow/example_dags/example_task_group_decorator.py
[2022-03-23 06:01:33,486] {processor.py:642} INFO - Processing file /home/lowenhard/acceleration/env/lib/python3.8/site-packages/airflow/example_dags/example_task_group_decorator.py for tasks to queue
[2022-03-23 06:01:33,486] {logging_mixin.py:109} INFO - [2022-03-23 06:01:33,486] {dagbag.py:500} INFO - Filling up the DagBag from /home/lowenhard/acceleration/env/lib/python3.8/site-packages/airflow/example_dags/example_task_group_decorator.py
[2022-03-23 06:01:33,610] {processor.py:654} INFO - DAG(s) dict_keys(['example_task_group_decorator']) retrieved from /home/lowenhard/acceleration/env/lib/python3.8/site-packages/airflow/example_dags/example_task_group_decorator.py
[2022-03-23 06:01:34,003] {logging_mixin.py:109} INFO - [2022-03-23 06:01:34,003] {dag.py:2398} INFO - Sync 1 DAGs
[2022-03-23 06:01:34,013] {logging_mixin.py:109} INFO - [2022-03-23 06:01:34,013] {dag.py:2937} INFO - Setting next_dagrun for example_task_group_decorator to 2022-03-22T11:01:34.013172+00:00
[2022-03-23 06:01:35,791] {processor.py:171} INFO - Processing /home/lowenhard/acceleration/env/lib/python3.8/site-packages/airflow/example_dags/example_task_group_decorator.py took 2.311 seconds
[2022-03-23 06:03:02,105] {processor.py:163} INFO - Started process (PID=1404) to work on /home/lowenhard/acceleration/env/lib/python3.8/site-packages/airflow/example_dags/example_task_group_decorator.py
[2022-03-23 06:03:02,146] {processor.py:642} INFO - Processing file /home/lowenhard/acceleration/env/lib/python3.8/site-packages/airflow/example_dags/example_task_group_decorator.py for tasks to queue
[2022-03-23 06:03:02,147] {logging_mixin.py:109} INFO - [2022-03-23 06:03:02,147] {dagbag.py:500} INFO - Filling up the DagBag from /home/lowenhard/acceleration/env/lib/python3.8/site-packages/airflow/example_dags/example_task_group_decorator.py
[2022-03-23 06:03:02,184] {processor.py:654} INFO - DAG(s) dict_keys(['example_task_group_decorator']) retrieved from /home/lowenhard/acceleration/env/lib/python3.8/site-packages/airflow/example_dags/example_task_group_decorator.py
[2022-03-23 06:03:02,425] {logging_mixin.py:109} INFO - [2022-03-23 06:03:02,425] {dag.py:2398} INFO - Sync 1 DAGs
[2022-03-23 06:03:02,434] {logging_mixin.py:109} INFO - [2022-03-23 06:03:02,434] {dag.py:2937} INFO - Setting next_dagrun for example_task_group_decorator to 2022-03-22T11:03:02.434486+00:00
[2022-03-23 06:03:03,414] {processor.py:171} INFO - Processing /home/lowenhard/acceleration/env/lib/python3.8/site-packages/airflow/example_dags/example_task_group_decorator.py took 1.311 seconds
