[2022-03-23 05:22:09,810] {processor.py:163} INFO - Started process (PID=185) to work on /home/lowenhard/acceleration/env/lib/python3.8/site-packages/airflow/example_dags/example_subdag_operator.py
[2022-03-23 05:22:09,811] {processor.py:642} INFO - Processing file /home/lowenhard/acceleration/env/lib/python3.8/site-packages/airflow/example_dags/example_subdag_operator.py for tasks to queue
[2022-03-23 05:22:09,811] {logging_mixin.py:109} INFO - [2022-03-23 05:22:09,811] {dagbag.py:500} INFO - Filling up the DagBag from /home/lowenhard/acceleration/env/lib/python3.8/site-packages/airflow/example_dags/example_subdag_operator.py
[2022-03-23 05:22:09,837] {processor.py:654} INFO - DAG(s) dict_keys(['example_subdag_operator.section-1', 'example_subdag_operator.section-2', 'example_subdag_operator']) retrieved from /home/lowenhard/acceleration/env/lib/python3.8/site-packages/airflow/example_dags/example_subdag_operator.py
[2022-03-23 05:22:09,847] {logging_mixin.py:109} INFO - [2022-03-23 05:22:09,847] {dag.py:2398} INFO - Sync 3 DAGs
[2022-03-23 05:22:09,857] {logging_mixin.py:109} INFO - [2022-03-23 05:22:09,857] {dag.py:2937} INFO - Setting next_dagrun for example_subdag_operator to 2022-03-21T00:00:00+00:00
[2022-03-23 05:22:09,858] {logging_mixin.py:109} INFO - [2022-03-23 05:22:09,858] {dag.py:2937} INFO - Setting next_dagrun for example_subdag_operator.section-1 to None
[2022-03-23 05:22:09,858] {logging_mixin.py:109} INFO - [2022-03-23 05:22:09,858] {dag.py:2937} INFO - Setting next_dagrun for example_subdag_operator.section-2 to None
[2022-03-23 05:22:09,862] {logging_mixin.py:109} INFO - [2022-03-23 05:22:09,862] {dag.py:2398} INFO - Sync 2 DAGs
[2022-03-23 05:22:09,868] {logging_mixin.py:109} INFO - [2022-03-23 05:22:09,868] {dag.py:2937} INFO - Setting next_dagrun for example_subdag_operator.section-1 to None
[2022-03-23 05:22:09,868] {logging_mixin.py:109} INFO - [2022-03-23 05:22:09,868] {dag.py:2937} INFO - Setting next_dagrun for example_subdag_operator.section-2 to None
[2022-03-23 05:22:11,535] {processor.py:171} INFO - Processing /home/lowenhard/acceleration/env/lib/python3.8/site-packages/airflow/example_dags/example_subdag_operator.py took 1.727 seconds
[2022-03-23 05:24:08,604] {processor.py:163} INFO - Started process (PID=232) to work on /home/lowenhard/acceleration/env/lib/python3.8/site-packages/airflow/example_dags/example_subdag_operator.py
[2022-03-23 05:24:08,615] {processor.py:642} INFO - Processing file /home/lowenhard/acceleration/env/lib/python3.8/site-packages/airflow/example_dags/example_subdag_operator.py for tasks to queue
[2022-03-23 05:24:08,616] {logging_mixin.py:109} INFO - [2022-03-23 05:24:08,616] {dagbag.py:500} INFO - Filling up the DagBag from /home/lowenhard/acceleration/env/lib/python3.8/site-packages/airflow/example_dags/example_subdag_operator.py
[2022-03-23 05:24:08,642] {processor.py:654} INFO - DAG(s) dict_keys(['example_subdag_operator.section-1', 'example_subdag_operator.section-2', 'example_subdag_operator']) retrieved from /home/lowenhard/acceleration/env/lib/python3.8/site-packages/airflow/example_dags/example_subdag_operator.py
[2022-03-23 05:24:08,652] {logging_mixin.py:109} INFO - [2022-03-23 05:24:08,651] {dag.py:2398} INFO - Sync 3 DAGs
[2022-03-23 05:24:08,666] {logging_mixin.py:109} INFO - [2022-03-23 05:24:08,666] {dag.py:2937} INFO - Setting next_dagrun for example_subdag_operator to 2022-03-21T00:00:00+00:00
[2022-03-23 05:24:08,666] {logging_mixin.py:109} INFO - [2022-03-23 05:24:08,666] {dag.py:2937} INFO - Setting next_dagrun for example_subdag_operator.section-1 to None
[2022-03-23 05:24:08,666] {logging_mixin.py:109} INFO - [2022-03-23 05:24:08,666] {dag.py:2937} INFO - Setting next_dagrun for example_subdag_operator.section-2 to None
[2022-03-23 05:24:08,670] {logging_mixin.py:109} INFO - [2022-03-23 05:24:08,669] {dag.py:2398} INFO - Sync 2 DAGs
[2022-03-23 05:24:08,678] {logging_mixin.py:109} INFO - [2022-03-23 05:24:08,677] {dag.py:2937} INFO - Setting next_dagrun for example_subdag_operator.section-1 to None
[2022-03-23 05:24:08,678] {logging_mixin.py:109} INFO - [2022-03-23 05:24:08,678] {dag.py:2937} INFO - Setting next_dagrun for example_subdag_operator.section-2 to None
[2022-03-23 05:24:09,069] {processor.py:171} INFO - Processing /home/lowenhard/acceleration/env/lib/python3.8/site-packages/airflow/example_dags/example_subdag_operator.py took 0.468 seconds
[2022-03-23 05:25:32,192] {processor.py:163} INFO - Started process (PID=349) to work on /home/lowenhard/acceleration/env/lib/python3.8/site-packages/airflow/example_dags/example_subdag_operator.py
[2022-03-23 05:25:32,285] {processor.py:642} INFO - Processing file /home/lowenhard/acceleration/env/lib/python3.8/site-packages/airflow/example_dags/example_subdag_operator.py for tasks to queue
[2022-03-23 05:25:32,286] {logging_mixin.py:109} INFO - [2022-03-23 05:25:32,285] {dagbag.py:500} INFO - Filling up the DagBag from /home/lowenhard/acceleration/env/lib/python3.8/site-packages/airflow/example_dags/example_subdag_operator.py
[2022-03-23 05:25:32,313] {processor.py:654} INFO - DAG(s) dict_keys(['example_subdag_operator.section-1', 'example_subdag_operator.section-2', 'example_subdag_operator']) retrieved from /home/lowenhard/acceleration/env/lib/python3.8/site-packages/airflow/example_dags/example_subdag_operator.py
[2022-03-23 05:25:32,323] {logging_mixin.py:109} INFO - [2022-03-23 05:25:32,322] {dag.py:2398} INFO - Sync 3 DAGs
[2022-03-23 05:25:32,333] {logging_mixin.py:109} INFO - [2022-03-23 05:25:32,333] {dag.py:2937} INFO - Setting next_dagrun for example_subdag_operator to 2022-03-21T00:00:00+00:00
[2022-03-23 05:25:32,334] {logging_mixin.py:109} INFO - [2022-03-23 05:25:32,334] {dag.py:2937} INFO - Setting next_dagrun for example_subdag_operator.section-1 to None
[2022-03-23 05:25:32,334] {logging_mixin.py:109} INFO - [2022-03-23 05:25:32,334] {dag.py:2937} INFO - Setting next_dagrun for example_subdag_operator.section-2 to None
[2022-03-23 05:25:32,338] {logging_mixin.py:109} INFO - [2022-03-23 05:25:32,337] {dag.py:2398} INFO - Sync 2 DAGs
[2022-03-23 05:25:32,344] {logging_mixin.py:109} INFO - [2022-03-23 05:25:32,344] {dag.py:2937} INFO - Setting next_dagrun for example_subdag_operator.section-1 to None
[2022-03-23 05:25:32,345] {logging_mixin.py:109} INFO - [2022-03-23 05:25:32,344] {dag.py:2937} INFO - Setting next_dagrun for example_subdag_operator.section-2 to None
[2022-03-23 05:25:33,929] {processor.py:171} INFO - Processing /home/lowenhard/acceleration/env/lib/python3.8/site-packages/airflow/example_dags/example_subdag_operator.py took 1.740 seconds
[2022-03-23 05:27:06,503] {processor.py:163} INFO - Started process (PID=398) to work on /home/lowenhard/acceleration/env/lib/python3.8/site-packages/airflow/example_dags/example_subdag_operator.py
[2022-03-23 05:27:06,718] {processor.py:642} INFO - Processing file /home/lowenhard/acceleration/env/lib/python3.8/site-packages/airflow/example_dags/example_subdag_operator.py for tasks to queue
[2022-03-23 05:27:06,719] {logging_mixin.py:109} INFO - [2022-03-23 05:27:06,719] {dagbag.py:500} INFO - Filling up the DagBag from /home/lowenhard/acceleration/env/lib/python3.8/site-packages/airflow/example_dags/example_subdag_operator.py
[2022-03-23 05:27:06,980] {processor.py:654} INFO - DAG(s) dict_keys(['example_subdag_operator.section-1', 'example_subdag_operator.section-2', 'example_subdag_operator']) retrieved from /home/lowenhard/acceleration/env/lib/python3.8/site-packages/airflow/example_dags/example_subdag_operator.py
[2022-03-23 05:27:06,993] {logging_mixin.py:109} INFO - [2022-03-23 05:27:06,993] {dag.py:2398} INFO - Sync 3 DAGs
[2022-03-23 05:27:07,007] {logging_mixin.py:109} INFO - [2022-03-23 05:27:07,007] {dag.py:2937} INFO - Setting next_dagrun for example_subdag_operator to 2022-03-21T00:00:00+00:00
[2022-03-23 05:27:07,008] {logging_mixin.py:109} INFO - [2022-03-23 05:27:07,007] {dag.py:2937} INFO - Setting next_dagrun for example_subdag_operator.section-1 to None
[2022-03-23 05:27:07,008] {logging_mixin.py:109} INFO - [2022-03-23 05:27:07,008] {dag.py:2937} INFO - Setting next_dagrun for example_subdag_operator.section-2 to None
[2022-03-23 05:27:07,012] {logging_mixin.py:109} INFO - [2022-03-23 05:27:07,012] {dag.py:2398} INFO - Sync 2 DAGs
[2022-03-23 05:27:07,019] {logging_mixin.py:109} INFO - [2022-03-23 05:27:07,019] {dag.py:2937} INFO - Setting next_dagrun for example_subdag_operator.section-1 to None
[2022-03-23 05:27:07,020] {logging_mixin.py:109} INFO - [2022-03-23 05:27:07,020] {dag.py:2937} INFO - Setting next_dagrun for example_subdag_operator.section-2 to None
[2022-03-23 05:27:07,159] {processor.py:171} INFO - Processing /home/lowenhard/acceleration/env/lib/python3.8/site-packages/airflow/example_dags/example_subdag_operator.py took 0.659 seconds
[2022-03-23 05:29:43,778] {processor.py:163} INFO - Started process (PID=485) to work on /home/lowenhard/acceleration/env/lib/python3.8/site-packages/airflow/example_dags/example_subdag_operator.py
[2022-03-23 05:29:43,837] {processor.py:642} INFO - Processing file /home/lowenhard/acceleration/env/lib/python3.8/site-packages/airflow/example_dags/example_subdag_operator.py for tasks to queue
[2022-03-23 05:29:43,837] {logging_mixin.py:109} INFO - [2022-03-23 05:29:43,837] {dagbag.py:500} INFO - Filling up the DagBag from /home/lowenhard/acceleration/env/lib/python3.8/site-packages/airflow/example_dags/example_subdag_operator.py
[2022-03-23 05:29:43,865] {processor.py:654} INFO - DAG(s) dict_keys(['example_subdag_operator.section-1', 'example_subdag_operator.section-2', 'example_subdag_operator']) retrieved from /home/lowenhard/acceleration/env/lib/python3.8/site-packages/airflow/example_dags/example_subdag_operator.py
[2022-03-23 05:29:43,875] {logging_mixin.py:109} INFO - [2022-03-23 05:29:43,875] {dag.py:2398} INFO - Sync 3 DAGs
[2022-03-23 05:29:43,886] {logging_mixin.py:109} INFO - [2022-03-23 05:29:43,885] {dag.py:2937} INFO - Setting next_dagrun for example_subdag_operator to 2022-03-21T00:00:00+00:00
[2022-03-23 05:29:43,886] {logging_mixin.py:109} INFO - [2022-03-23 05:29:43,886] {dag.py:2937} INFO - Setting next_dagrun for example_subdag_operator.section-1 to None
[2022-03-23 05:29:43,886] {logging_mixin.py:109} INFO - [2022-03-23 05:29:43,886] {dag.py:2937} INFO - Setting next_dagrun for example_subdag_operator.section-2 to None
[2022-03-23 05:29:43,890] {logging_mixin.py:109} INFO - [2022-03-23 05:29:43,890] {dag.py:2398} INFO - Sync 2 DAGs
[2022-03-23 05:29:43,896] {logging_mixin.py:109} INFO - [2022-03-23 05:29:43,896] {dag.py:2937} INFO - Setting next_dagrun for example_subdag_operator.section-1 to None
[2022-03-23 05:29:43,896] {logging_mixin.py:109} INFO - [2022-03-23 05:29:43,896] {dag.py:2937} INFO - Setting next_dagrun for example_subdag_operator.section-2 to None
[2022-03-23 05:29:45,369] {processor.py:171} INFO - Processing /home/lowenhard/acceleration/env/lib/python3.8/site-packages/airflow/example_dags/example_subdag_operator.py took 1.592 seconds
[2022-03-23 05:31:21,943] {processor.py:163} INFO - Started process (PID=531) to work on /home/lowenhard/acceleration/env/lib/python3.8/site-packages/airflow/example_dags/example_subdag_operator.py
[2022-03-23 05:31:22,105] {processor.py:642} INFO - Processing file /home/lowenhard/acceleration/env/lib/python3.8/site-packages/airflow/example_dags/example_subdag_operator.py for tasks to queue
[2022-03-23 05:31:22,106] {logging_mixin.py:109} INFO - [2022-03-23 05:31:22,105] {dagbag.py:500} INFO - Filling up the DagBag from /home/lowenhard/acceleration/env/lib/python3.8/site-packages/airflow/example_dags/example_subdag_operator.py
[2022-03-23 05:31:22,131] {processor.py:654} INFO - DAG(s) dict_keys(['example_subdag_operator.section-1', 'example_subdag_operator.section-2', 'example_subdag_operator']) retrieved from /home/lowenhard/acceleration/env/lib/python3.8/site-packages/airflow/example_dags/example_subdag_operator.py
[2022-03-23 05:31:22,140] {logging_mixin.py:109} INFO - [2022-03-23 05:31:22,140] {dag.py:2398} INFO - Sync 3 DAGs
[2022-03-23 05:31:22,151] {logging_mixin.py:109} INFO - [2022-03-23 05:31:22,151] {dag.py:2937} INFO - Setting next_dagrun for example_subdag_operator to 2022-03-21T00:00:00+00:00
[2022-03-23 05:31:22,151] {logging_mixin.py:109} INFO - [2022-03-23 05:31:22,151] {dag.py:2937} INFO - Setting next_dagrun for example_subdag_operator.section-1 to None
[2022-03-23 05:31:22,151] {logging_mixin.py:109} INFO - [2022-03-23 05:31:22,151] {dag.py:2937} INFO - Setting next_dagrun for example_subdag_operator.section-2 to None
[2022-03-23 05:31:22,155] {logging_mixin.py:109} INFO - [2022-03-23 05:31:22,155] {dag.py:2398} INFO - Sync 2 DAGs
[2022-03-23 05:31:22,161] {logging_mixin.py:109} INFO - [2022-03-23 05:31:22,161] {dag.py:2937} INFO - Setting next_dagrun for example_subdag_operator.section-1 to None
[2022-03-23 05:31:22,161] {logging_mixin.py:109} INFO - [2022-03-23 05:31:22,161] {dag.py:2937} INFO - Setting next_dagrun for example_subdag_operator.section-2 to None
[2022-03-23 05:31:23,758] {processor.py:171} INFO - Processing /home/lowenhard/acceleration/env/lib/python3.8/site-packages/airflow/example_dags/example_subdag_operator.py took 1.818 seconds
[2022-03-23 05:32:47,209] {processor.py:163} INFO - Started process (PID=571) to work on /home/lowenhard/acceleration/env/lib/python3.8/site-packages/airflow/example_dags/example_subdag_operator.py
[2022-03-23 05:32:48,001] {processor.py:642} INFO - Processing file /home/lowenhard/acceleration/env/lib/python3.8/site-packages/airflow/example_dags/example_subdag_operator.py for tasks to queue
[2022-03-23 05:32:48,002] {logging_mixin.py:109} INFO - [2022-03-23 05:32:48,002] {dagbag.py:500} INFO - Filling up the DagBag from /home/lowenhard/acceleration/env/lib/python3.8/site-packages/airflow/example_dags/example_subdag_operator.py
[2022-03-23 05:32:48,028] {processor.py:654} INFO - DAG(s) dict_keys(['example_subdag_operator.section-1', 'example_subdag_operator.section-2', 'example_subdag_operator']) retrieved from /home/lowenhard/acceleration/env/lib/python3.8/site-packages/airflow/example_dags/example_subdag_operator.py
[2022-03-23 05:32:48,037] {logging_mixin.py:109} INFO - [2022-03-23 05:32:48,037] {dag.py:2398} INFO - Sync 3 DAGs
[2022-03-23 05:32:48,049] {logging_mixin.py:109} INFO - [2022-03-23 05:32:48,048] {dag.py:2937} INFO - Setting next_dagrun for example_subdag_operator to 2022-03-21T00:00:00+00:00
[2022-03-23 05:32:48,049] {logging_mixin.py:109} INFO - [2022-03-23 05:32:48,049] {dag.py:2937} INFO - Setting next_dagrun for example_subdag_operator.section-1 to None
[2022-03-23 05:32:48,049] {logging_mixin.py:109} INFO - [2022-03-23 05:32:48,049] {dag.py:2937} INFO - Setting next_dagrun for example_subdag_operator.section-2 to None
[2022-03-23 05:32:48,053] {logging_mixin.py:109} INFO - [2022-03-23 05:32:48,053] {dag.py:2398} INFO - Sync 2 DAGs
[2022-03-23 05:32:48,059] {logging_mixin.py:109} INFO - [2022-03-23 05:32:48,059] {dag.py:2937} INFO - Setting next_dagrun for example_subdag_operator.section-1 to None
[2022-03-23 05:32:48,060] {logging_mixin.py:109} INFO - [2022-03-23 05:32:48,060] {dag.py:2937} INFO - Setting next_dagrun for example_subdag_operator.section-2 to None
[2022-03-23 05:32:48,242] {processor.py:171} INFO - Processing /home/lowenhard/acceleration/env/lib/python3.8/site-packages/airflow/example_dags/example_subdag_operator.py took 1.036 seconds
[2022-03-23 05:34:26,652] {processor.py:163} INFO - Started process (PID=617) to work on /home/lowenhard/acceleration/env/lib/python3.8/site-packages/airflow/example_dags/example_subdag_operator.py
[2022-03-23 05:34:26,700] {processor.py:642} INFO - Processing file /home/lowenhard/acceleration/env/lib/python3.8/site-packages/airflow/example_dags/example_subdag_operator.py for tasks to queue
[2022-03-23 05:34:26,700] {logging_mixin.py:109} INFO - [2022-03-23 05:34:26,700] {dagbag.py:500} INFO - Filling up the DagBag from /home/lowenhard/acceleration/env/lib/python3.8/site-packages/airflow/example_dags/example_subdag_operator.py
[2022-03-23 05:34:26,733] {processor.py:654} INFO - DAG(s) dict_keys(['example_subdag_operator.section-1', 'example_subdag_operator.section-2', 'example_subdag_operator']) retrieved from /home/lowenhard/acceleration/env/lib/python3.8/site-packages/airflow/example_dags/example_subdag_operator.py
[2022-03-23 05:34:26,744] {logging_mixin.py:109} INFO - [2022-03-23 05:34:26,744] {dag.py:2398} INFO - Sync 3 DAGs
[2022-03-23 05:34:26,757] {logging_mixin.py:109} INFO - [2022-03-23 05:34:26,757] {dag.py:2937} INFO - Setting next_dagrun for example_subdag_operator to 2022-03-21T00:00:00+00:00
[2022-03-23 05:34:26,757] {logging_mixin.py:109} INFO - [2022-03-23 05:34:26,757] {dag.py:2937} INFO - Setting next_dagrun for example_subdag_operator.section-1 to None
[2022-03-23 05:34:26,758] {logging_mixin.py:109} INFO - [2022-03-23 05:34:26,758] {dag.py:2937} INFO - Setting next_dagrun for example_subdag_operator.section-2 to None
[2022-03-23 05:34:26,764] {logging_mixin.py:109} INFO - [2022-03-23 05:34:26,764] {dag.py:2398} INFO - Sync 2 DAGs
[2022-03-23 05:34:26,771] {logging_mixin.py:109} INFO - [2022-03-23 05:34:26,771] {dag.py:2937} INFO - Setting next_dagrun for example_subdag_operator.section-1 to None
[2022-03-23 05:34:26,772] {logging_mixin.py:109} INFO - [2022-03-23 05:34:26,772] {dag.py:2937} INFO - Setting next_dagrun for example_subdag_operator.section-2 to None
[2022-03-23 05:34:27,549] {processor.py:171} INFO - Processing /home/lowenhard/acceleration/env/lib/python3.8/site-packages/airflow/example_dags/example_subdag_operator.py took 0.900 seconds
[2022-03-23 05:35:54,541] {processor.py:163} INFO - Started process (PID=658) to work on /home/lowenhard/acceleration/env/lib/python3.8/site-packages/airflow/example_dags/example_subdag_operator.py
[2022-03-23 05:35:54,573] {processor.py:642} INFO - Processing file /home/lowenhard/acceleration/env/lib/python3.8/site-packages/airflow/example_dags/example_subdag_operator.py for tasks to queue
[2022-03-23 05:35:54,573] {logging_mixin.py:109} INFO - [2022-03-23 05:35:54,573] {dagbag.py:500} INFO - Filling up the DagBag from /home/lowenhard/acceleration/env/lib/python3.8/site-packages/airflow/example_dags/example_subdag_operator.py
[2022-03-23 05:35:54,608] {processor.py:654} INFO - DAG(s) dict_keys(['example_subdag_operator.section-1', 'example_subdag_operator.section-2', 'example_subdag_operator']) retrieved from /home/lowenhard/acceleration/env/lib/python3.8/site-packages/airflow/example_dags/example_subdag_operator.py
[2022-03-23 05:35:54,623] {logging_mixin.py:109} INFO - [2022-03-23 05:35:54,623] {dag.py:2398} INFO - Sync 3 DAGs
[2022-03-23 05:35:54,639] {logging_mixin.py:109} INFO - [2022-03-23 05:35:54,638] {dag.py:2937} INFO - Setting next_dagrun for example_subdag_operator to 2022-03-21T00:00:00+00:00
[2022-03-23 05:35:54,639] {logging_mixin.py:109} INFO - [2022-03-23 05:35:54,639] {dag.py:2937} INFO - Setting next_dagrun for example_subdag_operator.section-1 to None
[2022-03-23 05:35:54,639] {logging_mixin.py:109} INFO - [2022-03-23 05:35:54,639] {dag.py:2937} INFO - Setting next_dagrun for example_subdag_operator.section-2 to None
[2022-03-23 05:35:54,644] {logging_mixin.py:109} INFO - [2022-03-23 05:35:54,644] {dag.py:2398} INFO - Sync 2 DAGs
[2022-03-23 05:35:54,653] {logging_mixin.py:109} INFO - [2022-03-23 05:35:54,653] {dag.py:2937} INFO - Setting next_dagrun for example_subdag_operator.section-1 to None
[2022-03-23 05:35:54,653] {logging_mixin.py:109} INFO - [2022-03-23 05:35:54,653] {dag.py:2937} INFO - Setting next_dagrun for example_subdag_operator.section-2 to None
[2022-03-23 05:35:54,835] {processor.py:171} INFO - Processing /home/lowenhard/acceleration/env/lib/python3.8/site-packages/airflow/example_dags/example_subdag_operator.py took 0.297 seconds
[2022-03-23 05:37:41,359] {processor.py:163} INFO - Started process (PID=712) to work on /home/lowenhard/acceleration/env/lib/python3.8/site-packages/airflow/example_dags/example_subdag_operator.py
[2022-03-23 05:37:42,216] {processor.py:642} INFO - Processing file /home/lowenhard/acceleration/env/lib/python3.8/site-packages/airflow/example_dags/example_subdag_operator.py for tasks to queue
[2022-03-23 05:37:42,216] {logging_mixin.py:109} INFO - [2022-03-23 05:37:42,216] {dagbag.py:500} INFO - Filling up the DagBag from /home/lowenhard/acceleration/env/lib/python3.8/site-packages/airflow/example_dags/example_subdag_operator.py
[2022-03-23 05:37:42,241] {processor.py:654} INFO - DAG(s) dict_keys(['example_subdag_operator.section-1', 'example_subdag_operator.section-2', 'example_subdag_operator']) retrieved from /home/lowenhard/acceleration/env/lib/python3.8/site-packages/airflow/example_dags/example_subdag_operator.py
[2022-03-23 05:37:42,251] {logging_mixin.py:109} INFO - [2022-03-23 05:37:42,251] {dag.py:2398} INFO - Sync 3 DAGs
[2022-03-23 05:37:42,262] {logging_mixin.py:109} INFO - [2022-03-23 05:37:42,262] {dag.py:2937} INFO - Setting next_dagrun for example_subdag_operator to 2022-03-21T00:00:00+00:00
[2022-03-23 05:37:42,262] {logging_mixin.py:109} INFO - [2022-03-23 05:37:42,262] {dag.py:2937} INFO - Setting next_dagrun for example_subdag_operator.section-1 to None
[2022-03-23 05:37:42,263] {logging_mixin.py:109} INFO - [2022-03-23 05:37:42,263] {dag.py:2937} INFO - Setting next_dagrun for example_subdag_operator.section-2 to None
[2022-03-23 05:37:42,266] {logging_mixin.py:109} INFO - [2022-03-23 05:37:42,266] {dag.py:2398} INFO - Sync 2 DAGs
[2022-03-23 05:37:42,272] {logging_mixin.py:109} INFO - [2022-03-23 05:37:42,272] {dag.py:2937} INFO - Setting next_dagrun for example_subdag_operator.section-1 to None
[2022-03-23 05:37:42,272] {logging_mixin.py:109} INFO - [2022-03-23 05:37:42,272] {dag.py:2937} INFO - Setting next_dagrun for example_subdag_operator.section-2 to None
[2022-03-23 05:37:43,777] {processor.py:171} INFO - Processing /home/lowenhard/acceleration/env/lib/python3.8/site-packages/airflow/example_dags/example_subdag_operator.py took 2.420 seconds
[2022-03-23 05:41:08,132] {processor.py:163} INFO - Started process (PID=780) to work on /home/lowenhard/acceleration/env/lib/python3.8/site-packages/airflow/example_dags/example_subdag_operator.py
[2022-03-23 05:41:08,387] {processor.py:642} INFO - Processing file /home/lowenhard/acceleration/env/lib/python3.8/site-packages/airflow/example_dags/example_subdag_operator.py for tasks to queue
[2022-03-23 05:41:08,389] {logging_mixin.py:109} INFO - [2022-03-23 05:41:08,388] {dagbag.py:500} INFO - Filling up the DagBag from /home/lowenhard/acceleration/env/lib/python3.8/site-packages/airflow/example_dags/example_subdag_operator.py
[2022-03-23 05:41:08,420] {processor.py:654} INFO - DAG(s) dict_keys(['example_subdag_operator.section-1', 'example_subdag_operator.section-2', 'example_subdag_operator']) retrieved from /home/lowenhard/acceleration/env/lib/python3.8/site-packages/airflow/example_dags/example_subdag_operator.py
[2022-03-23 05:41:08,432] {logging_mixin.py:109} INFO - [2022-03-23 05:41:08,432] {dag.py:2398} INFO - Sync 3 DAGs
[2022-03-23 05:41:08,447] {logging_mixin.py:109} INFO - [2022-03-23 05:41:08,447] {dag.py:2937} INFO - Setting next_dagrun for example_subdag_operator to 2022-03-21T00:00:00+00:00
[2022-03-23 05:41:08,447] {logging_mixin.py:109} INFO - [2022-03-23 05:41:08,447] {dag.py:2937} INFO - Setting next_dagrun for example_subdag_operator.section-1 to None
[2022-03-23 05:41:08,447] {logging_mixin.py:109} INFO - [2022-03-23 05:41:08,447] {dag.py:2937} INFO - Setting next_dagrun for example_subdag_operator.section-2 to None
[2022-03-23 05:41:08,452] {logging_mixin.py:109} INFO - [2022-03-23 05:41:08,452] {dag.py:2398} INFO - Sync 2 DAGs
[2022-03-23 05:41:08,460] {logging_mixin.py:109} INFO - [2022-03-23 05:41:08,460] {dag.py:2937} INFO - Setting next_dagrun for example_subdag_operator.section-1 to None
[2022-03-23 05:41:08,460] {logging_mixin.py:109} INFO - [2022-03-23 05:41:08,460] {dag.py:2937} INFO - Setting next_dagrun for example_subdag_operator.section-2 to None
[2022-03-23 05:41:09,862] {processor.py:171} INFO - Processing /home/lowenhard/acceleration/env/lib/python3.8/site-packages/airflow/example_dags/example_subdag_operator.py took 1.733 seconds
[2022-03-23 05:42:47,237] {processor.py:163} INFO - Started process (PID=839) to work on /home/lowenhard/acceleration/env/lib/python3.8/site-packages/airflow/example_dags/example_subdag_operator.py
[2022-03-23 05:42:47,251] {processor.py:642} INFO - Processing file /home/lowenhard/acceleration/env/lib/python3.8/site-packages/airflow/example_dags/example_subdag_operator.py for tasks to queue
[2022-03-23 05:42:47,252] {logging_mixin.py:109} INFO - [2022-03-23 05:42:47,252] {dagbag.py:500} INFO - Filling up the DagBag from /home/lowenhard/acceleration/env/lib/python3.8/site-packages/airflow/example_dags/example_subdag_operator.py
[2022-03-23 05:42:47,278] {processor.py:654} INFO - DAG(s) dict_keys(['example_subdag_operator.section-1', 'example_subdag_operator.section-2', 'example_subdag_operator']) retrieved from /home/lowenhard/acceleration/env/lib/python3.8/site-packages/airflow/example_dags/example_subdag_operator.py
[2022-03-23 05:42:47,287] {logging_mixin.py:109} INFO - [2022-03-23 05:42:47,287] {dag.py:2398} INFO - Sync 3 DAGs
[2022-03-23 05:42:47,299] {logging_mixin.py:109} INFO - [2022-03-23 05:42:47,299] {dag.py:2937} INFO - Setting next_dagrun for example_subdag_operator to 2022-03-21T00:00:00+00:00
[2022-03-23 05:42:47,299] {logging_mixin.py:109} INFO - [2022-03-23 05:42:47,299] {dag.py:2937} INFO - Setting next_dagrun for example_subdag_operator.section-1 to None
[2022-03-23 05:42:47,299] {logging_mixin.py:109} INFO - [2022-03-23 05:42:47,299] {dag.py:2937} INFO - Setting next_dagrun for example_subdag_operator.section-2 to None
[2022-03-23 05:42:47,303] {logging_mixin.py:109} INFO - [2022-03-23 05:42:47,303] {dag.py:2398} INFO - Sync 2 DAGs
[2022-03-23 05:42:47,309] {logging_mixin.py:109} INFO - [2022-03-23 05:42:47,309] {dag.py:2937} INFO - Setting next_dagrun for example_subdag_operator.section-1 to None
[2022-03-23 05:42:47,309] {logging_mixin.py:109} INFO - [2022-03-23 05:42:47,309] {dag.py:2937} INFO - Setting next_dagrun for example_subdag_operator.section-2 to None
[2022-03-23 05:42:47,488] {processor.py:171} INFO - Processing /home/lowenhard/acceleration/env/lib/python3.8/site-packages/airflow/example_dags/example_subdag_operator.py took 0.255 seconds
[2022-03-23 05:44:02,031] {processor.py:163} INFO - Started process (PID=880) to work on /home/lowenhard/acceleration/env/lib/python3.8/site-packages/airflow/example_dags/example_subdag_operator.py
[2022-03-23 05:44:02,053] {processor.py:642} INFO - Processing file /home/lowenhard/acceleration/env/lib/python3.8/site-packages/airflow/example_dags/example_subdag_operator.py for tasks to queue
[2022-03-23 05:44:02,054] {logging_mixin.py:109} INFO - [2022-03-23 05:44:02,054] {dagbag.py:500} INFO - Filling up the DagBag from /home/lowenhard/acceleration/env/lib/python3.8/site-packages/airflow/example_dags/example_subdag_operator.py
[2022-03-23 05:44:02,084] {processor.py:654} INFO - DAG(s) dict_keys(['example_subdag_operator.section-1', 'example_subdag_operator.section-2', 'example_subdag_operator']) retrieved from /home/lowenhard/acceleration/env/lib/python3.8/site-packages/airflow/example_dags/example_subdag_operator.py
[2022-03-23 05:44:02,094] {logging_mixin.py:109} INFO - [2022-03-23 05:44:02,094] {dag.py:2398} INFO - Sync 3 DAGs
[2022-03-23 05:44:02,107] {logging_mixin.py:109} INFO - [2022-03-23 05:44:02,106] {dag.py:2937} INFO - Setting next_dagrun for example_subdag_operator to 2022-03-21T00:00:00+00:00
[2022-03-23 05:44:02,107] {logging_mixin.py:109} INFO - [2022-03-23 05:44:02,107] {dag.py:2937} INFO - Setting next_dagrun for example_subdag_operator.section-1 to None
[2022-03-23 05:44:02,107] {logging_mixin.py:109} INFO - [2022-03-23 05:44:02,107] {dag.py:2937} INFO - Setting next_dagrun for example_subdag_operator.section-2 to None
[2022-03-23 05:44:02,112] {logging_mixin.py:109} INFO - [2022-03-23 05:44:02,112] {dag.py:2398} INFO - Sync 2 DAGs
[2022-03-23 05:44:02,118] {logging_mixin.py:109} INFO - [2022-03-23 05:44:02,118] {dag.py:2937} INFO - Setting next_dagrun for example_subdag_operator.section-1 to None
[2022-03-23 05:44:02,118] {logging_mixin.py:109} INFO - [2022-03-23 05:44:02,118] {dag.py:2937} INFO - Setting next_dagrun for example_subdag_operator.section-2 to None
[2022-03-23 05:44:03,878] {processor.py:171} INFO - Processing /home/lowenhard/acceleration/env/lib/python3.8/site-packages/airflow/example_dags/example_subdag_operator.py took 1.850 seconds
[2022-03-23 05:45:23,127] {processor.py:163} INFO - Started process (PID=921) to work on /home/lowenhard/acceleration/env/lib/python3.8/site-packages/airflow/example_dags/example_subdag_operator.py
[2022-03-23 05:45:23,236] {processor.py:642} INFO - Processing file /home/lowenhard/acceleration/env/lib/python3.8/site-packages/airflow/example_dags/example_subdag_operator.py for tasks to queue
[2022-03-23 05:45:23,236] {logging_mixin.py:109} INFO - [2022-03-23 05:45:23,236] {dagbag.py:500} INFO - Filling up the DagBag from /home/lowenhard/acceleration/env/lib/python3.8/site-packages/airflow/example_dags/example_subdag_operator.py
[2022-03-23 05:45:23,267] {processor.py:654} INFO - DAG(s) dict_keys(['example_subdag_operator.section-1', 'example_subdag_operator.section-2', 'example_subdag_operator']) retrieved from /home/lowenhard/acceleration/env/lib/python3.8/site-packages/airflow/example_dags/example_subdag_operator.py
[2022-03-23 05:45:23,278] {logging_mixin.py:109} INFO - [2022-03-23 05:45:23,277] {dag.py:2398} INFO - Sync 3 DAGs
[2022-03-23 05:45:23,289] {logging_mixin.py:109} INFO - [2022-03-23 05:45:23,289] {dag.py:2937} INFO - Setting next_dagrun for example_subdag_operator to 2022-03-21T00:00:00+00:00
[2022-03-23 05:45:23,289] {logging_mixin.py:109} INFO - [2022-03-23 05:45:23,289] {dag.py:2937} INFO - Setting next_dagrun for example_subdag_operator.section-1 to None
[2022-03-23 05:45:23,289] {logging_mixin.py:109} INFO - [2022-03-23 05:45:23,289] {dag.py:2937} INFO - Setting next_dagrun for example_subdag_operator.section-2 to None
[2022-03-23 05:45:23,293] {logging_mixin.py:109} INFO - [2022-03-23 05:45:23,293] {dag.py:2398} INFO - Sync 2 DAGs
[2022-03-23 05:45:23,299] {logging_mixin.py:109} INFO - [2022-03-23 05:45:23,299] {dag.py:2937} INFO - Setting next_dagrun for example_subdag_operator.section-1 to None
[2022-03-23 05:45:23,299] {logging_mixin.py:109} INFO - [2022-03-23 05:45:23,299] {dag.py:2937} INFO - Setting next_dagrun for example_subdag_operator.section-2 to None
[2022-03-23 05:45:24,410] {processor.py:171} INFO - Processing /home/lowenhard/acceleration/env/lib/python3.8/site-packages/airflow/example_dags/example_subdag_operator.py took 1.286 seconds
[2022-03-23 05:47:16,451] {processor.py:163} INFO - Started process (PID=967) to work on /home/lowenhard/acceleration/env/lib/python3.8/site-packages/airflow/example_dags/example_subdag_operator.py
[2022-03-23 05:47:16,460] {processor.py:642} INFO - Processing file /home/lowenhard/acceleration/env/lib/python3.8/site-packages/airflow/example_dags/example_subdag_operator.py for tasks to queue
[2022-03-23 05:47:16,461] {logging_mixin.py:109} INFO - [2022-03-23 05:47:16,461] {dagbag.py:500} INFO - Filling up the DagBag from /home/lowenhard/acceleration/env/lib/python3.8/site-packages/airflow/example_dags/example_subdag_operator.py
[2022-03-23 05:47:16,486] {processor.py:654} INFO - DAG(s) dict_keys(['example_subdag_operator.section-1', 'example_subdag_operator.section-2', 'example_subdag_operator']) retrieved from /home/lowenhard/acceleration/env/lib/python3.8/site-packages/airflow/example_dags/example_subdag_operator.py
[2022-03-23 05:47:16,496] {logging_mixin.py:109} INFO - [2022-03-23 05:47:16,495] {dag.py:2398} INFO - Sync 3 DAGs
[2022-03-23 05:47:16,508] {logging_mixin.py:109} INFO - [2022-03-23 05:47:16,508] {dag.py:2937} INFO - Setting next_dagrun for example_subdag_operator to 2022-03-21T00:00:00+00:00
[2022-03-23 05:47:16,508] {logging_mixin.py:109} INFO - [2022-03-23 05:47:16,508] {dag.py:2937} INFO - Setting next_dagrun for example_subdag_operator.section-1 to None
[2022-03-23 05:47:16,508] {logging_mixin.py:109} INFO - [2022-03-23 05:47:16,508] {dag.py:2937} INFO - Setting next_dagrun for example_subdag_operator.section-2 to None
[2022-03-23 05:47:16,512] {logging_mixin.py:109} INFO - [2022-03-23 05:47:16,512] {dag.py:2398} INFO - Sync 2 DAGs
[2022-03-23 05:47:16,517] {logging_mixin.py:109} INFO - [2022-03-23 05:47:16,517] {dag.py:2937} INFO - Setting next_dagrun for example_subdag_operator.section-1 to None
[2022-03-23 05:47:16,517] {logging_mixin.py:109} INFO - [2022-03-23 05:47:16,517] {dag.py:2937} INFO - Setting next_dagrun for example_subdag_operator.section-2 to None
[2022-03-23 05:47:16,958] {processor.py:171} INFO - Processing /home/lowenhard/acceleration/env/lib/python3.8/site-packages/airflow/example_dags/example_subdag_operator.py took 0.509 seconds
[2022-03-23 05:48:42,205] {processor.py:163} INFO - Started process (PID=1009) to work on /home/lowenhard/acceleration/env/lib/python3.8/site-packages/airflow/example_dags/example_subdag_operator.py
[2022-03-23 05:48:42,408] {processor.py:642} INFO - Processing file /home/lowenhard/acceleration/env/lib/python3.8/site-packages/airflow/example_dags/example_subdag_operator.py for tasks to queue
[2022-03-23 05:48:42,409] {logging_mixin.py:109} INFO - [2022-03-23 05:48:42,409] {dagbag.py:500} INFO - Filling up the DagBag from /home/lowenhard/acceleration/env/lib/python3.8/site-packages/airflow/example_dags/example_subdag_operator.py
[2022-03-23 05:48:42,440] {processor.py:654} INFO - DAG(s) dict_keys(['example_subdag_operator.section-1', 'example_subdag_operator.section-2', 'example_subdag_operator']) retrieved from /home/lowenhard/acceleration/env/lib/python3.8/site-packages/airflow/example_dags/example_subdag_operator.py
[2022-03-23 05:48:42,449] {logging_mixin.py:109} INFO - [2022-03-23 05:48:42,449] {dag.py:2398} INFO - Sync 3 DAGs
[2022-03-23 05:48:42,461] {logging_mixin.py:109} INFO - [2022-03-23 05:48:42,460] {dag.py:2937} INFO - Setting next_dagrun for example_subdag_operator to 2022-03-21T00:00:00+00:00
[2022-03-23 05:48:42,461] {logging_mixin.py:109} INFO - [2022-03-23 05:48:42,461] {dag.py:2937} INFO - Setting next_dagrun for example_subdag_operator.section-1 to None
[2022-03-23 05:48:42,461] {logging_mixin.py:109} INFO - [2022-03-23 05:48:42,461] {dag.py:2937} INFO - Setting next_dagrun for example_subdag_operator.section-2 to None
[2022-03-23 05:48:42,466] {logging_mixin.py:109} INFO - [2022-03-23 05:48:42,465] {dag.py:2398} INFO - Sync 2 DAGs
[2022-03-23 05:48:42,472] {logging_mixin.py:109} INFO - [2022-03-23 05:48:42,472] {dag.py:2937} INFO - Setting next_dagrun for example_subdag_operator.section-1 to None
[2022-03-23 05:48:42,472] {logging_mixin.py:109} INFO - [2022-03-23 05:48:42,472] {dag.py:2937} INFO - Setting next_dagrun for example_subdag_operator.section-2 to None
[2022-03-23 05:48:43,116] {processor.py:171} INFO - Processing /home/lowenhard/acceleration/env/lib/python3.8/site-packages/airflow/example_dags/example_subdag_operator.py took 0.913 seconds
[2022-03-23 05:50:25,678] {processor.py:163} INFO - Started process (PID=1068) to work on /home/lowenhard/acceleration/env/lib/python3.8/site-packages/airflow/example_dags/example_subdag_operator.py
[2022-03-23 05:50:25,830] {processor.py:642} INFO - Processing file /home/lowenhard/acceleration/env/lib/python3.8/site-packages/airflow/example_dags/example_subdag_operator.py for tasks to queue
[2022-03-23 05:50:25,924] {logging_mixin.py:109} INFO - [2022-03-23 05:50:25,924] {dagbag.py:500} INFO - Filling up the DagBag from /home/lowenhard/acceleration/env/lib/python3.8/site-packages/airflow/example_dags/example_subdag_operator.py
[2022-03-23 05:50:27,714] {processor.py:654} INFO - DAG(s) dict_keys(['example_subdag_operator.section-1', 'example_subdag_operator.section-2', 'example_subdag_operator']) retrieved from /home/lowenhard/acceleration/env/lib/python3.8/site-packages/airflow/example_dags/example_subdag_operator.py
[2022-03-23 05:50:27,730] {logging_mixin.py:109} INFO - [2022-03-23 05:50:27,730] {dag.py:2398} INFO - Sync 3 DAGs
[2022-03-23 05:50:27,755] {logging_mixin.py:109} INFO - [2022-03-23 05:50:27,755] {dag.py:2937} INFO - Setting next_dagrun for example_subdag_operator to 2022-03-21T00:00:00+00:00
[2022-03-23 05:50:27,756] {logging_mixin.py:109} INFO - [2022-03-23 05:50:27,756] {dag.py:2937} INFO - Setting next_dagrun for example_subdag_operator.section-1 to None
[2022-03-23 05:50:27,756] {logging_mixin.py:109} INFO - [2022-03-23 05:50:27,756] {dag.py:2937} INFO - Setting next_dagrun for example_subdag_operator.section-2 to None
[2022-03-23 05:50:27,764] {logging_mixin.py:109} INFO - [2022-03-23 05:50:27,764] {dag.py:2398} INFO - Sync 2 DAGs
[2022-03-23 05:50:27,777] {logging_mixin.py:109} INFO - [2022-03-23 05:50:27,777] {dag.py:2937} INFO - Setting next_dagrun for example_subdag_operator.section-1 to None
[2022-03-23 05:50:27,778] {logging_mixin.py:109} INFO - [2022-03-23 05:50:27,778] {dag.py:2937} INFO - Setting next_dagrun for example_subdag_operator.section-2 to None
[2022-03-23 05:50:28,151] {processor.py:171} INFO - Processing /home/lowenhard/acceleration/env/lib/python3.8/site-packages/airflow/example_dags/example_subdag_operator.py took 2.487 seconds
[2022-03-23 05:52:23,346] {processor.py:163} INFO - Started process (PID=1114) to work on /home/lowenhard/acceleration/env/lib/python3.8/site-packages/airflow/example_dags/example_subdag_operator.py
[2022-03-23 05:52:23,444] {processor.py:642} INFO - Processing file /home/lowenhard/acceleration/env/lib/python3.8/site-packages/airflow/example_dags/example_subdag_operator.py for tasks to queue
[2022-03-23 05:52:23,445] {logging_mixin.py:109} INFO - [2022-03-23 05:52:23,445] {dagbag.py:500} INFO - Filling up the DagBag from /home/lowenhard/acceleration/env/lib/python3.8/site-packages/airflow/example_dags/example_subdag_operator.py
[2022-03-23 05:52:23,492] {processor.py:654} INFO - DAG(s) dict_keys(['example_subdag_operator.section-1', 'example_subdag_operator.section-2', 'example_subdag_operator']) retrieved from /home/lowenhard/acceleration/env/lib/python3.8/site-packages/airflow/example_dags/example_subdag_operator.py
[2022-03-23 05:52:23,519] {logging_mixin.py:109} INFO - [2022-03-23 05:52:23,519] {dag.py:2398} INFO - Sync 3 DAGs
[2022-03-23 05:52:23,533] {logging_mixin.py:109} INFO - [2022-03-23 05:52:23,533] {dag.py:2937} INFO - Setting next_dagrun for example_subdag_operator to 2022-03-21T00:00:00+00:00
[2022-03-23 05:52:23,534] {logging_mixin.py:109} INFO - [2022-03-23 05:52:23,534] {dag.py:2937} INFO - Setting next_dagrun for example_subdag_operator.section-1 to None
[2022-03-23 05:52:23,534] {logging_mixin.py:109} INFO - [2022-03-23 05:52:23,534] {dag.py:2937} INFO - Setting next_dagrun for example_subdag_operator.section-2 to None
[2022-03-23 05:52:23,541] {logging_mixin.py:109} INFO - [2022-03-23 05:52:23,541] {dag.py:2398} INFO - Sync 2 DAGs
[2022-03-23 05:52:23,546] {logging_mixin.py:109} INFO - [2022-03-23 05:52:23,546] {dag.py:2937} INFO - Setting next_dagrun for example_subdag_operator.section-1 to None
[2022-03-23 05:52:23,546] {logging_mixin.py:109} INFO - [2022-03-23 05:52:23,546] {dag.py:2937} INFO - Setting next_dagrun for example_subdag_operator.section-2 to None
[2022-03-23 05:52:23,851] {processor.py:171} INFO - Processing /home/lowenhard/acceleration/env/lib/python3.8/site-packages/airflow/example_dags/example_subdag_operator.py took 0.508 seconds
[2022-03-23 05:54:09,758] {processor.py:163} INFO - Started process (PID=1161) to work on /home/lowenhard/acceleration/env/lib/python3.8/site-packages/airflow/example_dags/example_subdag_operator.py
[2022-03-23 05:54:09,875] {processor.py:642} INFO - Processing file /home/lowenhard/acceleration/env/lib/python3.8/site-packages/airflow/example_dags/example_subdag_operator.py for tasks to queue
[2022-03-23 05:54:09,876] {logging_mixin.py:109} INFO - [2022-03-23 05:54:09,876] {dagbag.py:500} INFO - Filling up the DagBag from /home/lowenhard/acceleration/env/lib/python3.8/site-packages/airflow/example_dags/example_subdag_operator.py
[2022-03-23 05:54:09,903] {processor.py:654} INFO - DAG(s) dict_keys(['example_subdag_operator.section-1', 'example_subdag_operator.section-2', 'example_subdag_operator']) retrieved from /home/lowenhard/acceleration/env/lib/python3.8/site-packages/airflow/example_dags/example_subdag_operator.py
[2022-03-23 05:54:09,913] {logging_mixin.py:109} INFO - [2022-03-23 05:54:09,912] {dag.py:2398} INFO - Sync 3 DAGs
[2022-03-23 05:54:09,924] {logging_mixin.py:109} INFO - [2022-03-23 05:54:09,923] {dag.py:2937} INFO - Setting next_dagrun for example_subdag_operator to 2022-03-21T00:00:00+00:00
[2022-03-23 05:54:09,924] {logging_mixin.py:109} INFO - [2022-03-23 05:54:09,924] {dag.py:2937} INFO - Setting next_dagrun for example_subdag_operator.section-1 to None
[2022-03-23 05:54:09,924] {logging_mixin.py:109} INFO - [2022-03-23 05:54:09,924] {dag.py:2937} INFO - Setting next_dagrun for example_subdag_operator.section-2 to None
[2022-03-23 05:54:09,928] {logging_mixin.py:109} INFO - [2022-03-23 05:54:09,928] {dag.py:2398} INFO - Sync 2 DAGs
[2022-03-23 05:54:09,934] {logging_mixin.py:109} INFO - [2022-03-23 05:54:09,934] {dag.py:2937} INFO - Setting next_dagrun for example_subdag_operator.section-1 to None
[2022-03-23 05:54:09,934] {logging_mixin.py:109} INFO - [2022-03-23 05:54:09,934] {dag.py:2937} INFO - Setting next_dagrun for example_subdag_operator.section-2 to None
[2022-03-23 05:54:10,119] {processor.py:171} INFO - Processing /home/lowenhard/acceleration/env/lib/python3.8/site-packages/airflow/example_dags/example_subdag_operator.py took 0.364 seconds
[2022-03-23 05:55:59,769] {processor.py:163} INFO - Started process (PID=1208) to work on /home/lowenhard/acceleration/env/lib/python3.8/site-packages/airflow/example_dags/example_subdag_operator.py
[2022-03-23 05:55:59,808] {processor.py:642} INFO - Processing file /home/lowenhard/acceleration/env/lib/python3.8/site-packages/airflow/example_dags/example_subdag_operator.py for tasks to queue
[2022-03-23 05:55:59,810] {logging_mixin.py:109} INFO - [2022-03-23 05:55:59,810] {dagbag.py:500} INFO - Filling up the DagBag from /home/lowenhard/acceleration/env/lib/python3.8/site-packages/airflow/example_dags/example_subdag_operator.py
[2022-03-23 05:55:59,883] {processor.py:654} INFO - DAG(s) dict_keys(['example_subdag_operator.section-1', 'example_subdag_operator.section-2', 'example_subdag_operator']) retrieved from /home/lowenhard/acceleration/env/lib/python3.8/site-packages/airflow/example_dags/example_subdag_operator.py
[2022-03-23 05:55:59,906] {logging_mixin.py:109} INFO - [2022-03-23 05:55:59,905] {dag.py:2398} INFO - Sync 3 DAGs
[2022-03-23 05:55:59,924] {logging_mixin.py:109} INFO - [2022-03-23 05:55:59,924] {dag.py:2937} INFO - Setting next_dagrun for example_subdag_operator to 2022-03-21T00:00:00+00:00
[2022-03-23 05:55:59,924] {logging_mixin.py:109} INFO - [2022-03-23 05:55:59,924] {dag.py:2937} INFO - Setting next_dagrun for example_subdag_operator.section-1 to None
[2022-03-23 05:55:59,924] {logging_mixin.py:109} INFO - [2022-03-23 05:55:59,924] {dag.py:2937} INFO - Setting next_dagrun for example_subdag_operator.section-2 to None
[2022-03-23 05:55:59,930] {logging_mixin.py:109} INFO - [2022-03-23 05:55:59,930] {dag.py:2398} INFO - Sync 2 DAGs
[2022-03-23 05:55:59,948] {logging_mixin.py:109} INFO - [2022-03-23 05:55:59,948] {dag.py:2937} INFO - Setting next_dagrun for example_subdag_operator.section-1 to None
[2022-03-23 05:55:59,948] {logging_mixin.py:109} INFO - [2022-03-23 05:55:59,948] {dag.py:2937} INFO - Setting next_dagrun for example_subdag_operator.section-2 to None
[2022-03-23 05:56:00,202] {processor.py:171} INFO - Processing /home/lowenhard/acceleration/env/lib/python3.8/site-packages/airflow/example_dags/example_subdag_operator.py took 0.436 seconds
[2022-03-23 05:57:29,672] {processor.py:163} INFO - Started process (PID=1250) to work on /home/lowenhard/acceleration/env/lib/python3.8/site-packages/airflow/example_dags/example_subdag_operator.py
[2022-03-23 05:57:29,732] {processor.py:642} INFO - Processing file /home/lowenhard/acceleration/env/lib/python3.8/site-packages/airflow/example_dags/example_subdag_operator.py for tasks to queue
[2022-03-23 05:57:29,732] {logging_mixin.py:109} INFO - [2022-03-23 05:57:29,732] {dagbag.py:500} INFO - Filling up the DagBag from /home/lowenhard/acceleration/env/lib/python3.8/site-packages/airflow/example_dags/example_subdag_operator.py
[2022-03-23 05:57:29,774] {processor.py:654} INFO - DAG(s) dict_keys(['example_subdag_operator.section-1', 'example_subdag_operator.section-2', 'example_subdag_operator']) retrieved from /home/lowenhard/acceleration/env/lib/python3.8/site-packages/airflow/example_dags/example_subdag_operator.py
[2022-03-23 05:57:29,783] {logging_mixin.py:109} INFO - [2022-03-23 05:57:29,783] {dag.py:2398} INFO - Sync 3 DAGs
[2022-03-23 05:57:29,795] {logging_mixin.py:109} INFO - [2022-03-23 05:57:29,795] {dag.py:2937} INFO - Setting next_dagrun for example_subdag_operator to 2022-03-21T00:00:00+00:00
[2022-03-23 05:57:29,795] {logging_mixin.py:109} INFO - [2022-03-23 05:57:29,795] {dag.py:2937} INFO - Setting next_dagrun for example_subdag_operator.section-1 to None
[2022-03-23 05:57:29,795] {logging_mixin.py:109} INFO - [2022-03-23 05:57:29,795] {dag.py:2937} INFO - Setting next_dagrun for example_subdag_operator.section-2 to None
[2022-03-23 05:57:29,799] {logging_mixin.py:109} INFO - [2022-03-23 05:57:29,799] {dag.py:2398} INFO - Sync 2 DAGs
[2022-03-23 05:57:29,805] {logging_mixin.py:109} INFO - [2022-03-23 05:57:29,805] {dag.py:2937} INFO - Setting next_dagrun for example_subdag_operator.section-1 to None
[2022-03-23 05:57:29,805] {logging_mixin.py:109} INFO - [2022-03-23 05:57:29,805] {dag.py:2937} INFO - Setting next_dagrun for example_subdag_operator.section-2 to None
[2022-03-23 05:57:30,281] {processor.py:171} INFO - Processing /home/lowenhard/acceleration/env/lib/python3.8/site-packages/airflow/example_dags/example_subdag_operator.py took 0.611 seconds
[2022-03-23 05:59:05,167] {processor.py:163} INFO - Started process (PID=1290) to work on /home/lowenhard/acceleration/env/lib/python3.8/site-packages/airflow/example_dags/example_subdag_operator.py
[2022-03-23 05:59:05,186] {processor.py:642} INFO - Processing file /home/lowenhard/acceleration/env/lib/python3.8/site-packages/airflow/example_dags/example_subdag_operator.py for tasks to queue
[2022-03-23 05:59:05,187] {logging_mixin.py:109} INFO - [2022-03-23 05:59:05,187] {dagbag.py:500} INFO - Filling up the DagBag from /home/lowenhard/acceleration/env/lib/python3.8/site-packages/airflow/example_dags/example_subdag_operator.py
[2022-03-23 05:59:05,233] {processor.py:654} INFO - DAG(s) dict_keys(['example_subdag_operator.section-1', 'example_subdag_operator.section-2', 'example_subdag_operator']) retrieved from /home/lowenhard/acceleration/env/lib/python3.8/site-packages/airflow/example_dags/example_subdag_operator.py
[2022-03-23 05:59:05,252] {logging_mixin.py:109} INFO - [2022-03-23 05:59:05,252] {dag.py:2398} INFO - Sync 3 DAGs
[2022-03-23 05:59:05,272] {logging_mixin.py:109} INFO - [2022-03-23 05:59:05,272] {dag.py:2937} INFO - Setting next_dagrun for example_subdag_operator to 2022-03-21T00:00:00+00:00
[2022-03-23 05:59:05,273] {logging_mixin.py:109} INFO - [2022-03-23 05:59:05,273] {dag.py:2937} INFO - Setting next_dagrun for example_subdag_operator.section-1 to None
[2022-03-23 05:59:05,273] {logging_mixin.py:109} INFO - [2022-03-23 05:59:05,273] {dag.py:2937} INFO - Setting next_dagrun for example_subdag_operator.section-2 to None
[2022-03-23 05:59:05,278] {logging_mixin.py:109} INFO - [2022-03-23 05:59:05,278] {dag.py:2398} INFO - Sync 2 DAGs
[2022-03-23 05:59:05,288] {logging_mixin.py:109} INFO - [2022-03-23 05:59:05,288] {dag.py:2937} INFO - Setting next_dagrun for example_subdag_operator.section-1 to None
[2022-03-23 05:59:05,288] {logging_mixin.py:109} INFO - [2022-03-23 05:59:05,288] {dag.py:2937} INFO - Setting next_dagrun for example_subdag_operator.section-2 to None
[2022-03-23 05:59:05,496] {processor.py:171} INFO - Processing /home/lowenhard/acceleration/env/lib/python3.8/site-packages/airflow/example_dags/example_subdag_operator.py took 0.333 seconds
[2022-03-23 06:00:36,242] {processor.py:163} INFO - Started process (PID=1334) to work on /home/lowenhard/acceleration/env/lib/python3.8/site-packages/airflow/example_dags/example_subdag_operator.py
[2022-03-23 06:00:36,252] {processor.py:642} INFO - Processing file /home/lowenhard/acceleration/env/lib/python3.8/site-packages/airflow/example_dags/example_subdag_operator.py for tasks to queue
[2022-03-23 06:00:36,253] {logging_mixin.py:109} INFO - [2022-03-23 06:00:36,252] {dagbag.py:500} INFO - Filling up the DagBag from /home/lowenhard/acceleration/env/lib/python3.8/site-packages/airflow/example_dags/example_subdag_operator.py
[2022-03-23 06:00:36,283] {processor.py:654} INFO - DAG(s) dict_keys(['example_subdag_operator.section-1', 'example_subdag_operator.section-2', 'example_subdag_operator']) retrieved from /home/lowenhard/acceleration/env/lib/python3.8/site-packages/airflow/example_dags/example_subdag_operator.py
[2022-03-23 06:00:36,295] {logging_mixin.py:109} INFO - [2022-03-23 06:00:36,295] {dag.py:2398} INFO - Sync 3 DAGs
[2022-03-23 06:00:36,307] {logging_mixin.py:109} INFO - [2022-03-23 06:00:36,306] {dag.py:2937} INFO - Setting next_dagrun for example_subdag_operator to 2022-03-21T00:00:00+00:00
[2022-03-23 06:00:36,307] {logging_mixin.py:109} INFO - [2022-03-23 06:00:36,307] {dag.py:2937} INFO - Setting next_dagrun for example_subdag_operator.section-1 to None
[2022-03-23 06:00:36,307] {logging_mixin.py:109} INFO - [2022-03-23 06:00:36,307] {dag.py:2937} INFO - Setting next_dagrun for example_subdag_operator.section-2 to None
[2022-03-23 06:00:36,311] {logging_mixin.py:109} INFO - [2022-03-23 06:00:36,310] {dag.py:2398} INFO - Sync 2 DAGs
[2022-03-23 06:00:36,317] {logging_mixin.py:109} INFO - [2022-03-23 06:00:36,317] {dag.py:2937} INFO - Setting next_dagrun for example_subdag_operator.section-1 to None
[2022-03-23 06:00:36,318] {logging_mixin.py:109} INFO - [2022-03-23 06:00:36,318] {dag.py:2937} INFO - Setting next_dagrun for example_subdag_operator.section-2 to None
[2022-03-23 06:00:36,820] {processor.py:171} INFO - Processing /home/lowenhard/acceleration/env/lib/python3.8/site-packages/airflow/example_dags/example_subdag_operator.py took 0.581 seconds
[2022-03-23 06:02:08,261] {processor.py:163} INFO - Started process (PID=1376) to work on /home/lowenhard/acceleration/env/lib/python3.8/site-packages/airflow/example_dags/example_subdag_operator.py
[2022-03-23 06:02:08,287] {processor.py:642} INFO - Processing file /home/lowenhard/acceleration/env/lib/python3.8/site-packages/airflow/example_dags/example_subdag_operator.py for tasks to queue
[2022-03-23 06:02:08,288] {logging_mixin.py:109} INFO - [2022-03-23 06:02:08,288] {dagbag.py:500} INFO - Filling up the DagBag from /home/lowenhard/acceleration/env/lib/python3.8/site-packages/airflow/example_dags/example_subdag_operator.py
[2022-03-23 06:02:08,320] {processor.py:654} INFO - DAG(s) dict_keys(['example_subdag_operator.section-1', 'example_subdag_operator.section-2', 'example_subdag_operator']) retrieved from /home/lowenhard/acceleration/env/lib/python3.8/site-packages/airflow/example_dags/example_subdag_operator.py
[2022-03-23 06:02:08,329] {logging_mixin.py:109} INFO - [2022-03-23 06:02:08,329] {dag.py:2398} INFO - Sync 3 DAGs
[2022-03-23 06:02:08,340] {logging_mixin.py:109} INFO - [2022-03-23 06:02:08,340] {dag.py:2937} INFO - Setting next_dagrun for example_subdag_operator to 2022-03-21T00:00:00+00:00
[2022-03-23 06:02:08,340] {logging_mixin.py:109} INFO - [2022-03-23 06:02:08,340] {dag.py:2937} INFO - Setting next_dagrun for example_subdag_operator.section-1 to None
[2022-03-23 06:02:08,340] {logging_mixin.py:109} INFO - [2022-03-23 06:02:08,340] {dag.py:2937} INFO - Setting next_dagrun for example_subdag_operator.section-2 to None
[2022-03-23 06:02:08,344] {logging_mixin.py:109} INFO - [2022-03-23 06:02:08,344] {dag.py:2398} INFO - Sync 2 DAGs
[2022-03-23 06:02:08,350] {logging_mixin.py:109} INFO - [2022-03-23 06:02:08,349] {dag.py:2937} INFO - Setting next_dagrun for example_subdag_operator.section-1 to None
[2022-03-23 06:02:08,350] {logging_mixin.py:109} INFO - [2022-03-23 06:02:08,350] {dag.py:2937} INFO - Setting next_dagrun for example_subdag_operator.section-2 to None
[2022-03-23 06:02:09,624] {processor.py:171} INFO - Processing /home/lowenhard/acceleration/env/lib/python3.8/site-packages/airflow/example_dags/example_subdag_operator.py took 1.366 seconds
[2022-03-23 06:03:28,768] {processor.py:163} INFO - Started process (PID=1417) to work on /home/lowenhard/acceleration/env/lib/python3.8/site-packages/airflow/example_dags/example_subdag_operator.py
[2022-03-23 06:03:29,231] {processor.py:642} INFO - Processing file /home/lowenhard/acceleration/env/lib/python3.8/site-packages/airflow/example_dags/example_subdag_operator.py for tasks to queue
[2022-03-23 06:03:29,232] {logging_mixin.py:109} INFO - [2022-03-23 06:03:29,232] {dagbag.py:500} INFO - Filling up the DagBag from /home/lowenhard/acceleration/env/lib/python3.8/site-packages/airflow/example_dags/example_subdag_operator.py
[2022-03-23 06:03:29,259] {processor.py:654} INFO - DAG(s) dict_keys(['example_subdag_operator.section-1', 'example_subdag_operator.section-2', 'example_subdag_operator']) retrieved from /home/lowenhard/acceleration/env/lib/python3.8/site-packages/airflow/example_dags/example_subdag_operator.py
[2022-03-23 06:03:29,268] {logging_mixin.py:109} INFO - [2022-03-23 06:03:29,268] {dag.py:2398} INFO - Sync 3 DAGs
[2022-03-23 06:03:29,279] {logging_mixin.py:109} INFO - [2022-03-23 06:03:29,279] {dag.py:2937} INFO - Setting next_dagrun for example_subdag_operator to 2022-03-21T00:00:00+00:00
[2022-03-23 06:03:29,279] {logging_mixin.py:109} INFO - [2022-03-23 06:03:29,279] {dag.py:2937} INFO - Setting next_dagrun for example_subdag_operator.section-1 to None
[2022-03-23 06:03:29,279] {logging_mixin.py:109} INFO - [2022-03-23 06:03:29,279] {dag.py:2937} INFO - Setting next_dagrun for example_subdag_operator.section-2 to None
[2022-03-23 06:03:29,283] {logging_mixin.py:109} INFO - [2022-03-23 06:03:29,283] {dag.py:2398} INFO - Sync 2 DAGs
[2022-03-23 06:03:29,290] {logging_mixin.py:109} INFO - [2022-03-23 06:03:29,289] {dag.py:2937} INFO - Setting next_dagrun for example_subdag_operator.section-1 to None
[2022-03-23 06:03:29,290] {logging_mixin.py:109} INFO - [2022-03-23 06:03:29,290] {dag.py:2937} INFO - Setting next_dagrun for example_subdag_operator.section-2 to None
[2022-03-23 06:03:29,432] {processor.py:171} INFO - Processing /home/lowenhard/acceleration/env/lib/python3.8/site-packages/airflow/example_dags/example_subdag_operator.py took 0.667 seconds
