[2022-03-23 05:22:01,741] {processor.py:163} INFO - Started process (PID=182) to work on /home/lowenhard/acceleration/env/lib/python3.8/site-packages/airflow/example_dags/example_trigger_controller_dag.py
[2022-03-23 05:22:01,742] {processor.py:642} INFO - Processing file /home/lowenhard/acceleration/env/lib/python3.8/site-packages/airflow/example_dags/example_trigger_controller_dag.py for tasks to queue
[2022-03-23 05:22:01,742] {logging_mixin.py:109} INFO - [2022-03-23 05:22:01,742] {dagbag.py:500} INFO - Filling up the DagBag from /home/lowenhard/acceleration/env/lib/python3.8/site-packages/airflow/example_dags/example_trigger_controller_dag.py
[2022-03-23 05:22:01,761] {processor.py:654} INFO - DAG(s) dict_keys(['example_trigger_controller_dag']) retrieved from /home/lowenhard/acceleration/env/lib/python3.8/site-packages/airflow/example_dags/example_trigger_controller_dag.py
[2022-03-23 05:22:01,771] {logging_mixin.py:109} INFO - [2022-03-23 05:22:01,771] {dag.py:2398} INFO - Sync 1 DAGs
[2022-03-23 05:22:01,782] {logging_mixin.py:109} INFO - [2022-03-23 05:22:01,782] {dag.py:2937} INFO - Setting next_dagrun for example_trigger_controller_dag to 2021-01-01T00:00:00+00:00
[2022-03-23 05:22:03,343] {processor.py:171} INFO - Processing /home/lowenhard/acceleration/env/lib/python3.8/site-packages/airflow/example_dags/example_trigger_controller_dag.py took 1.604 seconds
[2022-03-23 05:23:33,350] {processor.py:163} INFO - Started process (PID=217) to work on /home/lowenhard/acceleration/env/lib/python3.8/site-packages/airflow/example_dags/example_trigger_controller_dag.py
[2022-03-23 05:23:33,364] {processor.py:642} INFO - Processing file /home/lowenhard/acceleration/env/lib/python3.8/site-packages/airflow/example_dags/example_trigger_controller_dag.py for tasks to queue
[2022-03-23 05:23:33,364] {logging_mixin.py:109} INFO - [2022-03-23 05:23:33,364] {dagbag.py:500} INFO - Filling up the DagBag from /home/lowenhard/acceleration/env/lib/python3.8/site-packages/airflow/example_dags/example_trigger_controller_dag.py
[2022-03-23 05:23:33,380] {processor.py:654} INFO - DAG(s) dict_keys(['example_trigger_controller_dag']) retrieved from /home/lowenhard/acceleration/env/lib/python3.8/site-packages/airflow/example_dags/example_trigger_controller_dag.py
[2022-03-23 05:23:33,388] {logging_mixin.py:109} INFO - [2022-03-23 05:23:33,388] {dag.py:2398} INFO - Sync 1 DAGs
[2022-03-23 05:23:33,399] {logging_mixin.py:109} INFO - [2022-03-23 05:23:33,399] {dag.py:2937} INFO - Setting next_dagrun for example_trigger_controller_dag to 2021-01-01T00:00:00+00:00
[2022-03-23 05:23:35,261] {processor.py:171} INFO - Processing /home/lowenhard/acceleration/env/lib/python3.8/site-packages/airflow/example_dags/example_trigger_controller_dag.py took 1.913 seconds
[2022-03-23 05:25:08,655] {processor.py:163} INFO - Started process (PID=334) to work on /home/lowenhard/acceleration/env/lib/python3.8/site-packages/airflow/example_dags/example_trigger_controller_dag.py
[2022-03-23 05:25:09,087] {processor.py:642} INFO - Processing file /home/lowenhard/acceleration/env/lib/python3.8/site-packages/airflow/example_dags/example_trigger_controller_dag.py for tasks to queue
[2022-03-23 05:25:09,088] {logging_mixin.py:109} INFO - [2022-03-23 05:25:09,087] {dagbag.py:500} INFO - Filling up the DagBag from /home/lowenhard/acceleration/env/lib/python3.8/site-packages/airflow/example_dags/example_trigger_controller_dag.py
[2022-03-23 05:25:09,112] {processor.py:654} INFO - DAG(s) dict_keys(['example_trigger_controller_dag']) retrieved from /home/lowenhard/acceleration/env/lib/python3.8/site-packages/airflow/example_dags/example_trigger_controller_dag.py
[2022-03-23 05:25:09,121] {logging_mixin.py:109} INFO - [2022-03-23 05:25:09,121] {dag.py:2398} INFO - Sync 1 DAGs
[2022-03-23 05:25:09,132] {logging_mixin.py:109} INFO - [2022-03-23 05:25:09,132] {dag.py:2937} INFO - Setting next_dagrun for example_trigger_controller_dag to 2021-01-01T00:00:00+00:00
[2022-03-23 05:25:09,295] {processor.py:171} INFO - Processing /home/lowenhard/acceleration/env/lib/python3.8/site-packages/airflow/example_dags/example_trigger_controller_dag.py took 0.643 seconds
[2022-03-23 05:26:39,853] {processor.py:163} INFO - Started process (PID=383) to work on /home/lowenhard/acceleration/env/lib/python3.8/site-packages/airflow/example_dags/example_trigger_controller_dag.py
[2022-03-23 05:26:39,870] {processor.py:642} INFO - Processing file /home/lowenhard/acceleration/env/lib/python3.8/site-packages/airflow/example_dags/example_trigger_controller_dag.py for tasks to queue
[2022-03-23 05:26:39,871] {logging_mixin.py:109} INFO - [2022-03-23 05:26:39,871] {dagbag.py:500} INFO - Filling up the DagBag from /home/lowenhard/acceleration/env/lib/python3.8/site-packages/airflow/example_dags/example_trigger_controller_dag.py
[2022-03-23 05:26:39,889] {processor.py:654} INFO - DAG(s) dict_keys(['example_trigger_controller_dag']) retrieved from /home/lowenhard/acceleration/env/lib/python3.8/site-packages/airflow/example_dags/example_trigger_controller_dag.py
[2022-03-23 05:26:39,897] {logging_mixin.py:109} INFO - [2022-03-23 05:26:39,897] {dag.py:2398} INFO - Sync 1 DAGs
[2022-03-23 05:26:39,908] {logging_mixin.py:109} INFO - [2022-03-23 05:26:39,908] {dag.py:2937} INFO - Setting next_dagrun for example_trigger_controller_dag to 2021-01-01T00:00:00+00:00
[2022-03-23 05:26:40,074] {processor.py:171} INFO - Processing /home/lowenhard/acceleration/env/lib/python3.8/site-packages/airflow/example_dags/example_trigger_controller_dag.py took 0.223 seconds
[2022-03-23 05:28:10,681] {processor.py:163} INFO - Started process (PID=429) to work on /home/lowenhard/acceleration/env/lib/python3.8/site-packages/airflow/example_dags/example_trigger_controller_dag.py
[2022-03-23 05:28:10,698] {processor.py:642} INFO - Processing file /home/lowenhard/acceleration/env/lib/python3.8/site-packages/airflow/example_dags/example_trigger_controller_dag.py for tasks to queue
[2022-03-23 05:28:10,699] {logging_mixin.py:109} INFO - [2022-03-23 05:28:10,699] {dagbag.py:500} INFO - Filling up the DagBag from /home/lowenhard/acceleration/env/lib/python3.8/site-packages/airflow/example_dags/example_trigger_controller_dag.py
[2022-03-23 05:28:10,717] {processor.py:654} INFO - DAG(s) dict_keys(['example_trigger_controller_dag']) retrieved from /home/lowenhard/acceleration/env/lib/python3.8/site-packages/airflow/example_dags/example_trigger_controller_dag.py
[2022-03-23 05:28:10,726] {logging_mixin.py:109} INFO - [2022-03-23 05:28:10,726] {dag.py:2398} INFO - Sync 1 DAGs
[2022-03-23 05:28:10,738] {logging_mixin.py:109} INFO - [2022-03-23 05:28:10,738] {dag.py:2937} INFO - Setting next_dagrun for example_trigger_controller_dag to 2021-01-01T00:00:00+00:00
[2022-03-23 05:28:12,388] {processor.py:171} INFO - Processing /home/lowenhard/acceleration/env/lib/python3.8/site-packages/airflow/example_dags/example_trigger_controller_dag.py took 1.709 seconds
[2022-03-23 05:29:39,680] {processor.py:163} INFO - Started process (PID=482) to work on /home/lowenhard/acceleration/env/lib/python3.8/site-packages/airflow/example_dags/example_trigger_controller_dag.py
[2022-03-23 05:29:39,821] {processor.py:642} INFO - Processing file /home/lowenhard/acceleration/env/lib/python3.8/site-packages/airflow/example_dags/example_trigger_controller_dag.py for tasks to queue
[2022-03-23 05:29:39,822] {logging_mixin.py:109} INFO - [2022-03-23 05:29:39,822] {dagbag.py:500} INFO - Filling up the DagBag from /home/lowenhard/acceleration/env/lib/python3.8/site-packages/airflow/example_dags/example_trigger_controller_dag.py
[2022-03-23 05:29:39,843] {processor.py:654} INFO - DAG(s) dict_keys(['example_trigger_controller_dag']) retrieved from /home/lowenhard/acceleration/env/lib/python3.8/site-packages/airflow/example_dags/example_trigger_controller_dag.py
[2022-03-23 05:29:39,852] {logging_mixin.py:109} INFO - [2022-03-23 05:29:39,852] {dag.py:2398} INFO - Sync 1 DAGs
[2022-03-23 05:29:39,865] {logging_mixin.py:109} INFO - [2022-03-23 05:29:39,865] {dag.py:2937} INFO - Setting next_dagrun for example_trigger_controller_dag to 2021-01-01T00:00:00+00:00
[2022-03-23 05:29:40,169] {processor.py:171} INFO - Processing /home/lowenhard/acceleration/env/lib/python3.8/site-packages/airflow/example_dags/example_trigger_controller_dag.py took 0.492 seconds
[2022-03-23 05:31:15,216] {processor.py:163} INFO - Started process (PID=527) to work on /home/lowenhard/acceleration/env/lib/python3.8/site-packages/airflow/example_dags/example_trigger_controller_dag.py
[2022-03-23 05:31:15,291] {processor.py:642} INFO - Processing file /home/lowenhard/acceleration/env/lib/python3.8/site-packages/airflow/example_dags/example_trigger_controller_dag.py for tasks to queue
[2022-03-23 05:31:15,292] {logging_mixin.py:109} INFO - [2022-03-23 05:31:15,292] {dagbag.py:500} INFO - Filling up the DagBag from /home/lowenhard/acceleration/env/lib/python3.8/site-packages/airflow/example_dags/example_trigger_controller_dag.py
[2022-03-23 05:31:15,315] {processor.py:654} INFO - DAG(s) dict_keys(['example_trigger_controller_dag']) retrieved from /home/lowenhard/acceleration/env/lib/python3.8/site-packages/airflow/example_dags/example_trigger_controller_dag.py
[2022-03-23 05:31:15,323] {logging_mixin.py:109} INFO - [2022-03-23 05:31:15,323] {dag.py:2398} INFO - Sync 1 DAGs
[2022-03-23 05:31:15,336] {logging_mixin.py:109} INFO - [2022-03-23 05:31:15,336] {dag.py:2937} INFO - Setting next_dagrun for example_trigger_controller_dag to 2021-01-01T00:00:00+00:00
[2022-03-23 05:31:16,706] {processor.py:171} INFO - Processing /home/lowenhard/acceleration/env/lib/python3.8/site-packages/airflow/example_dags/example_trigger_controller_dag.py took 1.493 seconds
[2022-03-23 05:32:39,367] {processor.py:163} INFO - Started process (PID=568) to work on /home/lowenhard/acceleration/env/lib/python3.8/site-packages/airflow/example_dags/example_trigger_controller_dag.py
[2022-03-23 05:32:39,462] {processor.py:642} INFO - Processing file /home/lowenhard/acceleration/env/lib/python3.8/site-packages/airflow/example_dags/example_trigger_controller_dag.py for tasks to queue
[2022-03-23 05:32:39,463] {logging_mixin.py:109} INFO - [2022-03-23 05:32:39,463] {dagbag.py:500} INFO - Filling up the DagBag from /home/lowenhard/acceleration/env/lib/python3.8/site-packages/airflow/example_dags/example_trigger_controller_dag.py
[2022-03-23 05:32:39,483] {processor.py:654} INFO - DAG(s) dict_keys(['example_trigger_controller_dag']) retrieved from /home/lowenhard/acceleration/env/lib/python3.8/site-packages/airflow/example_dags/example_trigger_controller_dag.py
[2022-03-23 05:32:39,491] {logging_mixin.py:109} INFO - [2022-03-23 05:32:39,491] {dag.py:2398} INFO - Sync 1 DAGs
[2022-03-23 05:32:39,503] {logging_mixin.py:109} INFO - [2022-03-23 05:32:39,503] {dag.py:2937} INFO - Setting next_dagrun for example_trigger_controller_dag to 2021-01-01T00:00:00+00:00
[2022-03-23 05:32:39,659] {processor.py:171} INFO - Processing /home/lowenhard/acceleration/env/lib/python3.8/site-packages/airflow/example_dags/example_trigger_controller_dag.py took 0.295 seconds
[2022-03-23 05:34:20,515] {processor.py:163} INFO - Started process (PID=614) to work on /home/lowenhard/acceleration/env/lib/python3.8/site-packages/airflow/example_dags/example_trigger_controller_dag.py
[2022-03-23 05:34:21,581] {processor.py:642} INFO - Processing file /home/lowenhard/acceleration/env/lib/python3.8/site-packages/airflow/example_dags/example_trigger_controller_dag.py for tasks to queue
[2022-03-23 05:34:21,582] {logging_mixin.py:109} INFO - [2022-03-23 05:34:21,582] {dagbag.py:500} INFO - Filling up the DagBag from /home/lowenhard/acceleration/env/lib/python3.8/site-packages/airflow/example_dags/example_trigger_controller_dag.py
[2022-03-23 05:34:21,784] {processor.py:654} INFO - DAG(s) dict_keys(['example_trigger_controller_dag']) retrieved from /home/lowenhard/acceleration/env/lib/python3.8/site-packages/airflow/example_dags/example_trigger_controller_dag.py
[2022-03-23 05:34:21,800] {logging_mixin.py:109} INFO - [2022-03-23 05:34:21,800] {dag.py:2398} INFO - Sync 1 DAGs
[2022-03-23 05:34:21,817] {logging_mixin.py:109} INFO - [2022-03-23 05:34:21,817] {dag.py:2937} INFO - Setting next_dagrun for example_trigger_controller_dag to 2021-01-01T00:00:00+00:00
[2022-03-23 05:34:22,051] {processor.py:171} INFO - Processing /home/lowenhard/acceleration/env/lib/python3.8/site-packages/airflow/example_dags/example_trigger_controller_dag.py took 1.539 seconds
[2022-03-23 05:35:47,498] {processor.py:163} INFO - Started process (PID=655) to work on /home/lowenhard/acceleration/env/lib/python3.8/site-packages/airflow/example_dags/example_trigger_controller_dag.py
[2022-03-23 05:35:47,536] {processor.py:642} INFO - Processing file /home/lowenhard/acceleration/env/lib/python3.8/site-packages/airflow/example_dags/example_trigger_controller_dag.py for tasks to queue
[2022-03-23 05:35:47,537] {logging_mixin.py:109} INFO - [2022-03-23 05:35:47,537] {dagbag.py:500} INFO - Filling up the DagBag from /home/lowenhard/acceleration/env/lib/python3.8/site-packages/airflow/example_dags/example_trigger_controller_dag.py
[2022-03-23 05:35:47,578] {processor.py:654} INFO - DAG(s) dict_keys(['example_trigger_controller_dag']) retrieved from /home/lowenhard/acceleration/env/lib/python3.8/site-packages/airflow/example_dags/example_trigger_controller_dag.py
[2022-03-23 05:35:47,600] {logging_mixin.py:109} INFO - [2022-03-23 05:35:47,600] {dag.py:2398} INFO - Sync 1 DAGs
[2022-03-23 05:35:47,617] {logging_mixin.py:109} INFO - [2022-03-23 05:35:47,616] {dag.py:2937} INFO - Setting next_dagrun for example_trigger_controller_dag to 2021-01-01T00:00:00+00:00
[2022-03-23 05:35:47,814] {processor.py:171} INFO - Processing /home/lowenhard/acceleration/env/lib/python3.8/site-packages/airflow/example_dags/example_trigger_controller_dag.py took 0.318 seconds
[2022-03-23 05:37:32,765] {processor.py:163} INFO - Started process (PID=709) to work on /home/lowenhard/acceleration/env/lib/python3.8/site-packages/airflow/example_dags/example_trigger_controller_dag.py
[2022-03-23 05:37:33,122] {processor.py:642} INFO - Processing file /home/lowenhard/acceleration/env/lib/python3.8/site-packages/airflow/example_dags/example_trigger_controller_dag.py for tasks to queue
[2022-03-23 05:37:33,123] {logging_mixin.py:109} INFO - [2022-03-23 05:37:33,122] {dagbag.py:500} INFO - Filling up the DagBag from /home/lowenhard/acceleration/env/lib/python3.8/site-packages/airflow/example_dags/example_trigger_controller_dag.py
[2022-03-23 05:37:33,157] {processor.py:654} INFO - DAG(s) dict_keys(['example_trigger_controller_dag']) retrieved from /home/lowenhard/acceleration/env/lib/python3.8/site-packages/airflow/example_dags/example_trigger_controller_dag.py
[2022-03-23 05:37:33,172] {logging_mixin.py:109} INFO - [2022-03-23 05:37:33,172] {dag.py:2398} INFO - Sync 1 DAGs
[2022-03-23 05:37:33,184] {logging_mixin.py:109} INFO - [2022-03-23 05:37:33,184] {dag.py:2937} INFO - Setting next_dagrun for example_trigger_controller_dag to 2021-01-01T00:00:00+00:00
[2022-03-23 05:37:33,685] {processor.py:171} INFO - Processing /home/lowenhard/acceleration/env/lib/python3.8/site-packages/airflow/example_dags/example_trigger_controller_dag.py took 0.923 seconds
[2022-03-23 05:41:02,506] {processor.py:163} INFO - Started process (PID=777) to work on /home/lowenhard/acceleration/env/lib/python3.8/site-packages/airflow/example_dags/example_trigger_controller_dag.py
[2022-03-23 05:41:02,588] {processor.py:642} INFO - Processing file /home/lowenhard/acceleration/env/lib/python3.8/site-packages/airflow/example_dags/example_trigger_controller_dag.py for tasks to queue
[2022-03-23 05:41:02,588] {logging_mixin.py:109} INFO - [2022-03-23 05:41:02,588] {dagbag.py:500} INFO - Filling up the DagBag from /home/lowenhard/acceleration/env/lib/python3.8/site-packages/airflow/example_dags/example_trigger_controller_dag.py
[2022-03-23 05:41:02,608] {processor.py:654} INFO - DAG(s) dict_keys(['example_trigger_controller_dag']) retrieved from /home/lowenhard/acceleration/env/lib/python3.8/site-packages/airflow/example_dags/example_trigger_controller_dag.py
[2022-03-23 05:41:02,617] {logging_mixin.py:109} INFO - [2022-03-23 05:41:02,616] {dag.py:2398} INFO - Sync 1 DAGs
[2022-03-23 05:41:02,627] {logging_mixin.py:109} INFO - [2022-03-23 05:41:02,627] {dag.py:2937} INFO - Setting next_dagrun for example_trigger_controller_dag to 2021-01-01T00:00:00+00:00
[2022-03-23 05:41:03,569] {processor.py:171} INFO - Processing /home/lowenhard/acceleration/env/lib/python3.8/site-packages/airflow/example_dags/example_trigger_controller_dag.py took 1.066 seconds
[2022-03-23 05:42:41,079] {processor.py:163} INFO - Started process (PID=830) to work on /home/lowenhard/acceleration/env/lib/python3.8/site-packages/airflow/example_dags/example_trigger_controller_dag.py
[2022-03-23 05:42:41,120] {processor.py:642} INFO - Processing file /home/lowenhard/acceleration/env/lib/python3.8/site-packages/airflow/example_dags/example_trigger_controller_dag.py for tasks to queue
[2022-03-23 05:42:41,121] {logging_mixin.py:109} INFO - [2022-03-23 05:42:41,121] {dagbag.py:500} INFO - Filling up the DagBag from /home/lowenhard/acceleration/env/lib/python3.8/site-packages/airflow/example_dags/example_trigger_controller_dag.py
[2022-03-23 05:42:41,142] {processor.py:654} INFO - DAG(s) dict_keys(['example_trigger_controller_dag']) retrieved from /home/lowenhard/acceleration/env/lib/python3.8/site-packages/airflow/example_dags/example_trigger_controller_dag.py
[2022-03-23 05:42:41,150] {logging_mixin.py:109} INFO - [2022-03-23 05:42:41,150] {dag.py:2398} INFO - Sync 1 DAGs
[2022-03-23 05:42:41,162] {logging_mixin.py:109} INFO - [2022-03-23 05:42:41,162] {dag.py:2937} INFO - Setting next_dagrun for example_trigger_controller_dag to 2021-01-01T00:00:00+00:00
[2022-03-23 05:42:42,124] {processor.py:171} INFO - Processing /home/lowenhard/acceleration/env/lib/python3.8/site-packages/airflow/example_dags/example_trigger_controller_dag.py took 1.048 seconds
[2022-03-23 05:43:57,763] {processor.py:163} INFO - Started process (PID=877) to work on /home/lowenhard/acceleration/env/lib/python3.8/site-packages/airflow/example_dags/example_trigger_controller_dag.py
[2022-03-23 05:43:57,772] {processor.py:642} INFO - Processing file /home/lowenhard/acceleration/env/lib/python3.8/site-packages/airflow/example_dags/example_trigger_controller_dag.py for tasks to queue
[2022-03-23 05:43:57,772] {logging_mixin.py:109} INFO - [2022-03-23 05:43:57,772] {dagbag.py:500} INFO - Filling up the DagBag from /home/lowenhard/acceleration/env/lib/python3.8/site-packages/airflow/example_dags/example_trigger_controller_dag.py
[2022-03-23 05:43:57,790] {processor.py:654} INFO - DAG(s) dict_keys(['example_trigger_controller_dag']) retrieved from /home/lowenhard/acceleration/env/lib/python3.8/site-packages/airflow/example_dags/example_trigger_controller_dag.py
[2022-03-23 05:43:57,798] {logging_mixin.py:109} INFO - [2022-03-23 05:43:57,798] {dag.py:2398} INFO - Sync 1 DAGs
[2022-03-23 05:43:57,809] {logging_mixin.py:109} INFO - [2022-03-23 05:43:57,809] {dag.py:2937} INFO - Setting next_dagrun for example_trigger_controller_dag to 2021-01-01T00:00:00+00:00
[2022-03-23 05:43:58,044] {processor.py:171} INFO - Processing /home/lowenhard/acceleration/env/lib/python3.8/site-packages/airflow/example_dags/example_trigger_controller_dag.py took 0.284 seconds
[2022-03-23 05:45:18,003] {processor.py:163} INFO - Started process (PID=918) to work on /home/lowenhard/acceleration/env/lib/python3.8/site-packages/airflow/example_dags/example_trigger_controller_dag.py
[2022-03-23 05:45:18,014] {processor.py:642} INFO - Processing file /home/lowenhard/acceleration/env/lib/python3.8/site-packages/airflow/example_dags/example_trigger_controller_dag.py for tasks to queue
[2022-03-23 05:45:18,014] {logging_mixin.py:109} INFO - [2022-03-23 05:45:18,014] {dagbag.py:500} INFO - Filling up the DagBag from /home/lowenhard/acceleration/env/lib/python3.8/site-packages/airflow/example_dags/example_trigger_controller_dag.py
[2022-03-23 05:45:18,033] {processor.py:654} INFO - DAG(s) dict_keys(['example_trigger_controller_dag']) retrieved from /home/lowenhard/acceleration/env/lib/python3.8/site-packages/airflow/example_dags/example_trigger_controller_dag.py
[2022-03-23 05:45:18,042] {logging_mixin.py:109} INFO - [2022-03-23 05:45:18,042] {dag.py:2398} INFO - Sync 1 DAGs
[2022-03-23 05:45:18,057] {logging_mixin.py:109} INFO - [2022-03-23 05:45:18,056] {dag.py:2937} INFO - Setting next_dagrun for example_trigger_controller_dag to 2021-01-01T00:00:00+00:00
[2022-03-23 05:45:18,431] {processor.py:171} INFO - Processing /home/lowenhard/acceleration/env/lib/python3.8/site-packages/airflow/example_dags/example_trigger_controller_dag.py took 0.430 seconds
[2022-03-23 05:46:44,211] {processor.py:163} INFO - Started process (PID=953) to work on /home/lowenhard/acceleration/env/lib/python3.8/site-packages/airflow/example_dags/example_trigger_controller_dag.py
[2022-03-23 05:46:44,736] {processor.py:642} INFO - Processing file /home/lowenhard/acceleration/env/lib/python3.8/site-packages/airflow/example_dags/example_trigger_controller_dag.py for tasks to queue
[2022-03-23 05:46:44,737] {logging_mixin.py:109} INFO - [2022-03-23 05:46:44,737] {dagbag.py:500} INFO - Filling up the DagBag from /home/lowenhard/acceleration/env/lib/python3.8/site-packages/airflow/example_dags/example_trigger_controller_dag.py
[2022-03-23 05:46:44,793] {processor.py:654} INFO - DAG(s) dict_keys(['example_trigger_controller_dag']) retrieved from /home/lowenhard/acceleration/env/lib/python3.8/site-packages/airflow/example_dags/example_trigger_controller_dag.py
[2022-03-23 05:46:44,817] {logging_mixin.py:109} INFO - [2022-03-23 05:46:44,816] {dag.py:2398} INFO - Sync 1 DAGs
[2022-03-23 05:46:44,865] {logging_mixin.py:109} INFO - [2022-03-23 05:46:44,865] {dag.py:2937} INFO - Setting next_dagrun for example_trigger_controller_dag to 2021-01-01T00:00:00+00:00
[2022-03-23 05:46:45,316] {processor.py:171} INFO - Processing /home/lowenhard/acceleration/env/lib/python3.8/site-packages/airflow/example_dags/example_trigger_controller_dag.py took 1.108 seconds
[2022-03-23 05:48:17,448] {processor.py:163} INFO - Started process (PID=997) to work on /home/lowenhard/acceleration/env/lib/python3.8/site-packages/airflow/example_dags/example_trigger_controller_dag.py
[2022-03-23 05:48:17,465] {processor.py:642} INFO - Processing file /home/lowenhard/acceleration/env/lib/python3.8/site-packages/airflow/example_dags/example_trigger_controller_dag.py for tasks to queue
[2022-03-23 05:48:17,466] {logging_mixin.py:109} INFO - [2022-03-23 05:48:17,466] {dagbag.py:500} INFO - Filling up the DagBag from /home/lowenhard/acceleration/env/lib/python3.8/site-packages/airflow/example_dags/example_trigger_controller_dag.py
[2022-03-23 05:48:17,483] {processor.py:654} INFO - DAG(s) dict_keys(['example_trigger_controller_dag']) retrieved from /home/lowenhard/acceleration/env/lib/python3.8/site-packages/airflow/example_dags/example_trigger_controller_dag.py
[2022-03-23 05:48:17,491] {logging_mixin.py:109} INFO - [2022-03-23 05:48:17,491] {dag.py:2398} INFO - Sync 1 DAGs
[2022-03-23 05:48:17,502] {logging_mixin.py:109} INFO - [2022-03-23 05:48:17,502] {dag.py:2937} INFO - Setting next_dagrun for example_trigger_controller_dag to 2021-01-01T00:00:00+00:00
[2022-03-23 05:48:19,215] {processor.py:171} INFO - Processing /home/lowenhard/acceleration/env/lib/python3.8/site-packages/airflow/example_dags/example_trigger_controller_dag.py took 1.770 seconds
[2022-03-23 05:50:18,127] {processor.py:163} INFO - Started process (PID=1065) to work on /home/lowenhard/acceleration/env/lib/python3.8/site-packages/airflow/example_dags/example_trigger_controller_dag.py
[2022-03-23 05:50:19,321] {processor.py:642} INFO - Processing file /home/lowenhard/acceleration/env/lib/python3.8/site-packages/airflow/example_dags/example_trigger_controller_dag.py for tasks to queue
[2022-03-23 05:50:19,322] {logging_mixin.py:109} INFO - [2022-03-23 05:50:19,322] {dagbag.py:500} INFO - Filling up the DagBag from /home/lowenhard/acceleration/env/lib/python3.8/site-packages/airflow/example_dags/example_trigger_controller_dag.py
[2022-03-23 05:50:19,798] {processor.py:654} INFO - DAG(s) dict_keys(['example_trigger_controller_dag']) retrieved from /home/lowenhard/acceleration/env/lib/python3.8/site-packages/airflow/example_dags/example_trigger_controller_dag.py
[2022-03-23 05:50:19,834] {logging_mixin.py:109} INFO - [2022-03-23 05:50:19,834] {dag.py:2398} INFO - Sync 1 DAGs
[2022-03-23 05:50:19,898] {logging_mixin.py:109} INFO - [2022-03-23 05:50:19,898] {dag.py:2937} INFO - Setting next_dagrun for example_trigger_controller_dag to 2021-01-01T00:00:00+00:00
[2022-03-23 05:50:20,277] {processor.py:171} INFO - Processing /home/lowenhard/acceleration/env/lib/python3.8/site-packages/airflow/example_dags/example_trigger_controller_dag.py took 2.152 seconds
[2022-03-23 05:52:15,066] {processor.py:163} INFO - Started process (PID=1111) to work on /home/lowenhard/acceleration/env/lib/python3.8/site-packages/airflow/example_dags/example_trigger_controller_dag.py
[2022-03-23 05:52:15,990] {processor.py:642} INFO - Processing file /home/lowenhard/acceleration/env/lib/python3.8/site-packages/airflow/example_dags/example_trigger_controller_dag.py for tasks to queue
[2022-03-23 05:52:15,993] {logging_mixin.py:109} INFO - [2022-03-23 05:52:15,993] {dagbag.py:500} INFO - Filling up the DagBag from /home/lowenhard/acceleration/env/lib/python3.8/site-packages/airflow/example_dags/example_trigger_controller_dag.py
[2022-03-23 05:52:16,551] {processor.py:654} INFO - DAG(s) dict_keys(['example_trigger_controller_dag']) retrieved from /home/lowenhard/acceleration/env/lib/python3.8/site-packages/airflow/example_dags/example_trigger_controller_dag.py
[2022-03-23 05:52:16,561] {logging_mixin.py:109} INFO - [2022-03-23 05:52:16,561] {dag.py:2398} INFO - Sync 1 DAGs
[2022-03-23 05:52:16,572] {logging_mixin.py:109} INFO - [2022-03-23 05:52:16,572] {dag.py:2937} INFO - Setting next_dagrun for example_trigger_controller_dag to 2021-01-01T00:00:00+00:00
[2022-03-23 05:52:16,765] {processor.py:171} INFO - Processing /home/lowenhard/acceleration/env/lib/python3.8/site-packages/airflow/example_dags/example_trigger_controller_dag.py took 1.701 seconds
[2022-03-23 05:53:40,092] {processor.py:163} INFO - Started process (PID=1146) to work on /home/lowenhard/acceleration/env/lib/python3.8/site-packages/airflow/example_dags/example_trigger_controller_dag.py
[2022-03-23 05:53:40,098] {processor.py:642} INFO - Processing file /home/lowenhard/acceleration/env/lib/python3.8/site-packages/airflow/example_dags/example_trigger_controller_dag.py for tasks to queue
[2022-03-23 05:53:40,098] {logging_mixin.py:109} INFO - [2022-03-23 05:53:40,098] {dagbag.py:500} INFO - Filling up the DagBag from /home/lowenhard/acceleration/env/lib/python3.8/site-packages/airflow/example_dags/example_trigger_controller_dag.py
[2022-03-23 05:53:40,118] {processor.py:654} INFO - DAG(s) dict_keys(['example_trigger_controller_dag']) retrieved from /home/lowenhard/acceleration/env/lib/python3.8/site-packages/airflow/example_dags/example_trigger_controller_dag.py
[2022-03-23 05:53:40,127] {logging_mixin.py:109} INFO - [2022-03-23 05:53:40,126] {dag.py:2398} INFO - Sync 1 DAGs
[2022-03-23 05:53:40,137] {logging_mixin.py:109} INFO - [2022-03-23 05:53:40,137] {dag.py:2937} INFO - Setting next_dagrun for example_trigger_controller_dag to 2021-01-01T00:00:00+00:00
[2022-03-23 05:53:41,297] {processor.py:171} INFO - Processing /home/lowenhard/acceleration/env/lib/python3.8/site-packages/airflow/example_dags/example_trigger_controller_dag.py took 1.208 seconds
[2022-03-23 05:55:33,365] {processor.py:163} INFO - Started process (PID=1194) to work on /home/lowenhard/acceleration/env/lib/python3.8/site-packages/airflow/example_dags/example_trigger_controller_dag.py
[2022-03-23 05:55:33,745] {processor.py:642} INFO - Processing file /home/lowenhard/acceleration/env/lib/python3.8/site-packages/airflow/example_dags/example_trigger_controller_dag.py for tasks to queue
[2022-03-23 05:55:33,746] {logging_mixin.py:109} INFO - [2022-03-23 05:55:33,746] {dagbag.py:500} INFO - Filling up the DagBag from /home/lowenhard/acceleration/env/lib/python3.8/site-packages/airflow/example_dags/example_trigger_controller_dag.py
[2022-03-23 05:55:33,770] {processor.py:654} INFO - DAG(s) dict_keys(['example_trigger_controller_dag']) retrieved from /home/lowenhard/acceleration/env/lib/python3.8/site-packages/airflow/example_dags/example_trigger_controller_dag.py
[2022-03-23 05:55:33,779] {logging_mixin.py:109} INFO - [2022-03-23 05:55:33,779] {dag.py:2398} INFO - Sync 1 DAGs
[2022-03-23 05:55:33,790] {logging_mixin.py:109} INFO - [2022-03-23 05:55:33,790] {dag.py:2937} INFO - Setting next_dagrun for example_trigger_controller_dag to 2021-01-01T00:00:00+00:00
[2022-03-23 05:55:34,111] {processor.py:171} INFO - Processing /home/lowenhard/acceleration/env/lib/python3.8/site-packages/airflow/example_dags/example_trigger_controller_dag.py took 0.749 seconds
[2022-03-23 05:57:07,295] {processor.py:163} INFO - Started process (PID=1237) to work on /home/lowenhard/acceleration/env/lib/python3.8/site-packages/airflow/example_dags/example_trigger_controller_dag.py
[2022-03-23 05:57:07,316] {processor.py:642} INFO - Processing file /home/lowenhard/acceleration/env/lib/python3.8/site-packages/airflow/example_dags/example_trigger_controller_dag.py for tasks to queue
[2022-03-23 05:57:07,317] {logging_mixin.py:109} INFO - [2022-03-23 05:57:07,317] {dagbag.py:500} INFO - Filling up the DagBag from /home/lowenhard/acceleration/env/lib/python3.8/site-packages/airflow/example_dags/example_trigger_controller_dag.py
[2022-03-23 05:57:07,334] {processor.py:654} INFO - DAG(s) dict_keys(['example_trigger_controller_dag']) retrieved from /home/lowenhard/acceleration/env/lib/python3.8/site-packages/airflow/example_dags/example_trigger_controller_dag.py
[2022-03-23 05:57:07,342] {logging_mixin.py:109} INFO - [2022-03-23 05:57:07,342] {dag.py:2398} INFO - Sync 1 DAGs
[2022-03-23 05:57:07,353] {logging_mixin.py:109} INFO - [2022-03-23 05:57:07,353] {dag.py:2937} INFO - Setting next_dagrun for example_trigger_controller_dag to 2021-01-01T00:00:00+00:00
[2022-03-23 05:57:08,090] {processor.py:171} INFO - Processing /home/lowenhard/acceleration/env/lib/python3.8/site-packages/airflow/example_dags/example_trigger_controller_dag.py took 0.798 seconds
[2022-03-23 05:58:32,702] {processor.py:163} INFO - Started process (PID=1279) to work on /home/lowenhard/acceleration/env/lib/python3.8/site-packages/airflow/example_dags/example_trigger_controller_dag.py
[2022-03-23 05:58:32,859] {processor.py:642} INFO - Processing file /home/lowenhard/acceleration/env/lib/python3.8/site-packages/airflow/example_dags/example_trigger_controller_dag.py for tasks to queue
[2022-03-23 05:58:32,859] {logging_mixin.py:109} INFO - [2022-03-23 05:58:32,859] {dagbag.py:500} INFO - Filling up the DagBag from /home/lowenhard/acceleration/env/lib/python3.8/site-packages/airflow/example_dags/example_trigger_controller_dag.py
[2022-03-23 05:58:32,881] {processor.py:654} INFO - DAG(s) dict_keys(['example_trigger_controller_dag']) retrieved from /home/lowenhard/acceleration/env/lib/python3.8/site-packages/airflow/example_dags/example_trigger_controller_dag.py
[2022-03-23 05:58:32,889] {logging_mixin.py:109} INFO - [2022-03-23 05:58:32,889] {dag.py:2398} INFO - Sync 1 DAGs
[2022-03-23 05:58:32,901] {logging_mixin.py:109} INFO - [2022-03-23 05:58:32,901] {dag.py:2937} INFO - Setting next_dagrun for example_trigger_controller_dag to 2021-01-01T00:00:00+00:00
[2022-03-23 05:58:33,647] {processor.py:171} INFO - Processing /home/lowenhard/acceleration/env/lib/python3.8/site-packages/airflow/example_dags/example_trigger_controller_dag.py took 0.948 seconds
[2022-03-23 06:00:09,727] {processor.py:163} INFO - Started process (PID=1321) to work on /home/lowenhard/acceleration/env/lib/python3.8/site-packages/airflow/example_dags/example_trigger_controller_dag.py
[2022-03-23 06:00:09,751] {processor.py:642} INFO - Processing file /home/lowenhard/acceleration/env/lib/python3.8/site-packages/airflow/example_dags/example_trigger_controller_dag.py for tasks to queue
[2022-03-23 06:00:09,752] {logging_mixin.py:109} INFO - [2022-03-23 06:00:09,751] {dagbag.py:500} INFO - Filling up the DagBag from /home/lowenhard/acceleration/env/lib/python3.8/site-packages/airflow/example_dags/example_trigger_controller_dag.py
[2022-03-23 06:00:09,772] {processor.py:654} INFO - DAG(s) dict_keys(['example_trigger_controller_dag']) retrieved from /home/lowenhard/acceleration/env/lib/python3.8/site-packages/airflow/example_dags/example_trigger_controller_dag.py
[2022-03-23 06:00:09,781] {logging_mixin.py:109} INFO - [2022-03-23 06:00:09,781] {dag.py:2398} INFO - Sync 1 DAGs
[2022-03-23 06:00:09,799] {logging_mixin.py:109} INFO - [2022-03-23 06:00:09,799] {dag.py:2937} INFO - Setting next_dagrun for example_trigger_controller_dag to 2021-01-01T00:00:00+00:00
[2022-03-23 06:00:09,945] {processor.py:171} INFO - Processing /home/lowenhard/acceleration/env/lib/python3.8/site-packages/airflow/example_dags/example_trigger_controller_dag.py took 0.220 seconds
[2022-03-23 06:01:39,555] {processor.py:163} INFO - Started process (PID=1363) to work on /home/lowenhard/acceleration/env/lib/python3.8/site-packages/airflow/example_dags/example_trigger_controller_dag.py
[2022-03-23 06:01:39,588] {processor.py:642} INFO - Processing file /home/lowenhard/acceleration/env/lib/python3.8/site-packages/airflow/example_dags/example_trigger_controller_dag.py for tasks to queue
[2022-03-23 06:01:39,589] {logging_mixin.py:109} INFO - [2022-03-23 06:01:39,589] {dagbag.py:500} INFO - Filling up the DagBag from /home/lowenhard/acceleration/env/lib/python3.8/site-packages/airflow/example_dags/example_trigger_controller_dag.py
[2022-03-23 06:01:39,616] {processor.py:654} INFO - DAG(s) dict_keys(['example_trigger_controller_dag']) retrieved from /home/lowenhard/acceleration/env/lib/python3.8/site-packages/airflow/example_dags/example_trigger_controller_dag.py
[2022-03-23 06:01:39,627] {logging_mixin.py:109} INFO - [2022-03-23 06:01:39,627] {dag.py:2398} INFO - Sync 1 DAGs
[2022-03-23 06:01:39,638] {logging_mixin.py:109} INFO - [2022-03-23 06:01:39,637] {dag.py:2937} INFO - Setting next_dagrun for example_trigger_controller_dag to 2021-01-01T00:00:00+00:00
[2022-03-23 06:01:39,820] {processor.py:171} INFO - Processing /home/lowenhard/acceleration/env/lib/python3.8/site-packages/airflow/example_dags/example_trigger_controller_dag.py took 0.269 seconds
[2022-03-23 06:03:06,106] {processor.py:163} INFO - Started process (PID=1406) to work on /home/lowenhard/acceleration/env/lib/python3.8/site-packages/airflow/example_dags/example_trigger_controller_dag.py
[2022-03-23 06:03:06,262] {processor.py:642} INFO - Processing file /home/lowenhard/acceleration/env/lib/python3.8/site-packages/airflow/example_dags/example_trigger_controller_dag.py for tasks to queue
[2022-03-23 06:03:06,263] {logging_mixin.py:109} INFO - [2022-03-23 06:03:06,263] {dagbag.py:500} INFO - Filling up the DagBag from /home/lowenhard/acceleration/env/lib/python3.8/site-packages/airflow/example_dags/example_trigger_controller_dag.py
[2022-03-23 06:03:06,280] {processor.py:654} INFO - DAG(s) dict_keys(['example_trigger_controller_dag']) retrieved from /home/lowenhard/acceleration/env/lib/python3.8/site-packages/airflow/example_dags/example_trigger_controller_dag.py
[2022-03-23 06:03:06,288] {logging_mixin.py:109} INFO - [2022-03-23 06:03:06,288] {dag.py:2398} INFO - Sync 1 DAGs
[2022-03-23 06:03:06,299] {logging_mixin.py:109} INFO - [2022-03-23 06:03:06,299] {dag.py:2937} INFO - Setting next_dagrun for example_trigger_controller_dag to 2021-01-01T00:00:00+00:00
[2022-03-23 06:03:07,275] {processor.py:171} INFO - Processing /home/lowenhard/acceleration/env/lib/python3.8/site-packages/airflow/example_dags/example_trigger_controller_dag.py took 1.172 seconds
