[2022-03-23 05:21:35,770] {processor.py:163} INFO - Started process (PID=171) to work on /home/lowenhard/acceleration/env/lib/python3.8/site-packages/airflow/example_dags/example_skip_dag.py
[2022-03-23 05:21:35,771] {processor.py:642} INFO - Processing file /home/lowenhard/acceleration/env/lib/python3.8/site-packages/airflow/example_dags/example_skip_dag.py for tasks to queue
[2022-03-23 05:21:35,771] {logging_mixin.py:109} INFO - [2022-03-23 05:21:35,771] {dagbag.py:500} INFO - Filling up the DagBag from /home/lowenhard/acceleration/env/lib/python3.8/site-packages/airflow/example_dags/example_skip_dag.py
[2022-03-23 05:21:35,790] {processor.py:654} INFO - DAG(s) dict_keys(['example_skip_dag']) retrieved from /home/lowenhard/acceleration/env/lib/python3.8/site-packages/airflow/example_dags/example_skip_dag.py
[2022-03-23 05:21:35,800] {logging_mixin.py:109} INFO - [2022-03-23 05:21:35,800] {dag.py:2398} INFO - Sync 1 DAGs
[2022-03-23 05:21:35,810] {logging_mixin.py:109} INFO - [2022-03-23 05:21:35,810] {dag.py:2937} INFO - Setting next_dagrun for example_skip_dag to 2022-03-22T10:21:35.810560+00:00
[2022-03-23 05:21:37,194] {processor.py:171} INFO - Processing /home/lowenhard/acceleration/env/lib/python3.8/site-packages/airflow/example_dags/example_skip_dag.py took 1.427 seconds
[2022-03-23 05:23:03,863] {processor.py:163} INFO - Started process (PID=206) to work on /home/lowenhard/acceleration/env/lib/python3.8/site-packages/airflow/example_dags/example_skip_dag.py
[2022-03-23 05:23:04,656] {processor.py:642} INFO - Processing file /home/lowenhard/acceleration/env/lib/python3.8/site-packages/airflow/example_dags/example_skip_dag.py for tasks to queue
[2022-03-23 05:23:04,656] {logging_mixin.py:109} INFO - [2022-03-23 05:23:04,656] {dagbag.py:500} INFO - Filling up the DagBag from /home/lowenhard/acceleration/env/lib/python3.8/site-packages/airflow/example_dags/example_skip_dag.py
[2022-03-23 05:23:04,676] {processor.py:654} INFO - DAG(s) dict_keys(['example_skip_dag']) retrieved from /home/lowenhard/acceleration/env/lib/python3.8/site-packages/airflow/example_dags/example_skip_dag.py
[2022-03-23 05:23:04,685] {logging_mixin.py:109} INFO - [2022-03-23 05:23:04,684] {dag.py:2398} INFO - Sync 1 DAGs
[2022-03-23 05:23:04,696] {logging_mixin.py:109} INFO - [2022-03-23 05:23:04,696] {dag.py:2937} INFO - Setting next_dagrun for example_skip_dag to 2022-03-22T10:23:04.695757+00:00
[2022-03-23 05:23:04,957] {processor.py:171} INFO - Processing /home/lowenhard/acceleration/env/lib/python3.8/site-packages/airflow/example_dags/example_skip_dag.py took 1.097 seconds
[2022-03-23 05:24:00,675] {processor.py:163} INFO - Started process (PID=229) to work on /home/lowenhard/acceleration/env/lib/python3.8/site-packages/airflow/example_dags/example_skip_dag.py
[2022-03-23 05:24:00,689] {processor.py:642} INFO - Processing file /home/lowenhard/acceleration/env/lib/python3.8/site-packages/airflow/example_dags/example_skip_dag.py for tasks to queue
[2022-03-23 05:24:00,689] {logging_mixin.py:109} INFO - [2022-03-23 05:24:00,689] {dagbag.py:500} INFO - Filling up the DagBag from /home/lowenhard/acceleration/env/lib/python3.8/site-packages/airflow/example_dags/example_skip_dag.py
[2022-03-23 05:24:00,707] {processor.py:654} INFO - DAG(s) dict_keys(['example_skip_dag']) retrieved from /home/lowenhard/acceleration/env/lib/python3.8/site-packages/airflow/example_dags/example_skip_dag.py
[2022-03-23 05:24:00,715] {logging_mixin.py:109} INFO - [2022-03-23 05:24:00,715] {dag.py:2398} INFO - Sync 1 DAGs
[2022-03-23 05:24:00,726] {logging_mixin.py:109} INFO - [2022-03-23 05:24:00,726] {dag.py:2937} INFO - Setting next_dagrun for example_skip_dag to 2022-03-22T10:24:00.726511+00:00
[2022-03-23 05:24:03,175] {processor.py:171} INFO - Processing /home/lowenhard/acceleration/env/lib/python3.8/site-packages/airflow/example_dags/example_skip_dag.py took 2.503 seconds
[2022-03-23 05:25:28,204] {processor.py:163} INFO - Started process (PID=346) to work on /home/lowenhard/acceleration/env/lib/python3.8/site-packages/airflow/example_dags/example_skip_dag.py
[2022-03-23 05:25:28,215] {processor.py:642} INFO - Processing file /home/lowenhard/acceleration/env/lib/python3.8/site-packages/airflow/example_dags/example_skip_dag.py for tasks to queue
[2022-03-23 05:25:28,215] {logging_mixin.py:109} INFO - [2022-03-23 05:25:28,215] {dagbag.py:500} INFO - Filling up the DagBag from /home/lowenhard/acceleration/env/lib/python3.8/site-packages/airflow/example_dags/example_skip_dag.py
[2022-03-23 05:25:28,232] {processor.py:654} INFO - DAG(s) dict_keys(['example_skip_dag']) retrieved from /home/lowenhard/acceleration/env/lib/python3.8/site-packages/airflow/example_dags/example_skip_dag.py
[2022-03-23 05:25:28,241] {logging_mixin.py:109} INFO - [2022-03-23 05:25:28,241] {dag.py:2398} INFO - Sync 1 DAGs
[2022-03-23 05:25:28,251] {logging_mixin.py:109} INFO - [2022-03-23 05:25:28,251] {dag.py:2937} INFO - Setting next_dagrun for example_skip_dag to 2022-03-22T10:25:28.251570+00:00
[2022-03-23 05:25:28,745] {processor.py:171} INFO - Processing /home/lowenhard/acceleration/env/lib/python3.8/site-packages/airflow/example_dags/example_skip_dag.py took 0.544 seconds
[2022-03-23 05:26:58,456] {processor.py:163} INFO - Started process (PID=395) to work on /home/lowenhard/acceleration/env/lib/python3.8/site-packages/airflow/example_dags/example_skip_dag.py
[2022-03-23 05:26:59,560] {processor.py:642} INFO - Processing file /home/lowenhard/acceleration/env/lib/python3.8/site-packages/airflow/example_dags/example_skip_dag.py for tasks to queue
[2022-03-23 05:26:59,561] {logging_mixin.py:109} INFO - [2022-03-23 05:26:59,561] {dagbag.py:500} INFO - Filling up the DagBag from /home/lowenhard/acceleration/env/lib/python3.8/site-packages/airflow/example_dags/example_skip_dag.py
[2022-03-23 05:27:01,325] {processor.py:654} INFO - DAG(s) dict_keys(['example_skip_dag']) retrieved from /home/lowenhard/acceleration/env/lib/python3.8/site-packages/airflow/example_dags/example_skip_dag.py
[2022-03-23 05:27:01,339] {logging_mixin.py:109} INFO - [2022-03-23 05:27:01,338] {dag.py:2398} INFO - Sync 1 DAGs
[2022-03-23 05:27:01,349] {logging_mixin.py:109} INFO - [2022-03-23 05:27:01,349] {dag.py:2937} INFO - Setting next_dagrun for example_skip_dag to 2022-03-22T10:27:01.349490+00:00
[2022-03-23 05:27:01,521] {processor.py:171} INFO - Processing /home/lowenhard/acceleration/env/lib/python3.8/site-packages/airflow/example_dags/example_skip_dag.py took 3.068 seconds
[2022-03-23 05:29:16,533] {processor.py:163} INFO - Started process (PID=471) to work on /home/lowenhard/acceleration/env/lib/python3.8/site-packages/airflow/example_dags/example_skip_dag.py
[2022-03-23 05:29:16,541] {processor.py:642} INFO - Processing file /home/lowenhard/acceleration/env/lib/python3.8/site-packages/airflow/example_dags/example_skip_dag.py for tasks to queue
[2022-03-23 05:29:16,542] {logging_mixin.py:109} INFO - [2022-03-23 05:29:16,542] {dagbag.py:500} INFO - Filling up the DagBag from /home/lowenhard/acceleration/env/lib/python3.8/site-packages/airflow/example_dags/example_skip_dag.py
[2022-03-23 05:29:16,566] {processor.py:654} INFO - DAG(s) dict_keys(['example_skip_dag']) retrieved from /home/lowenhard/acceleration/env/lib/python3.8/site-packages/airflow/example_dags/example_skip_dag.py
[2022-03-23 05:29:16,578] {logging_mixin.py:109} INFO - [2022-03-23 05:29:16,578] {dag.py:2398} INFO - Sync 1 DAGs
[2022-03-23 05:29:16,592] {logging_mixin.py:109} INFO - [2022-03-23 05:29:16,591] {dag.py:2937} INFO - Setting next_dagrun for example_skip_dag to 2022-03-22T10:29:16.591643+00:00
[2022-03-23 05:29:16,797] {processor.py:171} INFO - Processing /home/lowenhard/acceleration/env/lib/python3.8/site-packages/airflow/example_dags/example_skip_dag.py took 0.267 seconds
[2022-03-23 05:30:27,992] {processor.py:163} INFO - Started process (PID=507) to work on /home/lowenhard/acceleration/env/lib/python3.8/site-packages/airflow/example_dags/example_skip_dag.py
[2022-03-23 05:30:28,013] {processor.py:642} INFO - Processing file /home/lowenhard/acceleration/env/lib/python3.8/site-packages/airflow/example_dags/example_skip_dag.py for tasks to queue
[2022-03-23 05:30:28,013] {logging_mixin.py:109} INFO - [2022-03-23 05:30:28,013] {dagbag.py:500} INFO - Filling up the DagBag from /home/lowenhard/acceleration/env/lib/python3.8/site-packages/airflow/example_dags/example_skip_dag.py
[2022-03-23 05:30:28,031] {processor.py:654} INFO - DAG(s) dict_keys(['example_skip_dag']) retrieved from /home/lowenhard/acceleration/env/lib/python3.8/site-packages/airflow/example_dags/example_skip_dag.py
[2022-03-23 05:30:28,040] {logging_mixin.py:109} INFO - [2022-03-23 05:30:28,040] {dag.py:2398} INFO - Sync 1 DAGs
[2022-03-23 05:30:28,051] {logging_mixin.py:109} INFO - [2022-03-23 05:30:28,051] {dag.py:2937} INFO - Setting next_dagrun for example_skip_dag to 2022-03-22T10:30:28.051409+00:00
[2022-03-23 05:30:28,252] {processor.py:171} INFO - Processing /home/lowenhard/acceleration/env/lib/python3.8/site-packages/airflow/example_dags/example_skip_dag.py took 0.262 seconds
[2022-03-23 05:32:07,216] {processor.py:163} INFO - Started process (PID=552) to work on /home/lowenhard/acceleration/env/lib/python3.8/site-packages/airflow/example_dags/example_skip_dag.py
[2022-03-23 05:32:07,226] {processor.py:642} INFO - Processing file /home/lowenhard/acceleration/env/lib/python3.8/site-packages/airflow/example_dags/example_skip_dag.py for tasks to queue
[2022-03-23 05:32:07,227] {logging_mixin.py:109} INFO - [2022-03-23 05:32:07,227] {dagbag.py:500} INFO - Filling up the DagBag from /home/lowenhard/acceleration/env/lib/python3.8/site-packages/airflow/example_dags/example_skip_dag.py
[2022-03-23 05:32:07,244] {processor.py:654} INFO - DAG(s) dict_keys(['example_skip_dag']) retrieved from /home/lowenhard/acceleration/env/lib/python3.8/site-packages/airflow/example_dags/example_skip_dag.py
[2022-03-23 05:32:07,252] {logging_mixin.py:109} INFO - [2022-03-23 05:32:07,252] {dag.py:2398} INFO - Sync 1 DAGs
[2022-03-23 05:32:07,263] {logging_mixin.py:109} INFO - [2022-03-23 05:32:07,263] {dag.py:2937} INFO - Setting next_dagrun for example_skip_dag to 2022-03-22T10:32:07.263424+00:00
[2022-03-23 05:32:07,458] {processor.py:171} INFO - Processing /home/lowenhard/acceleration/env/lib/python3.8/site-packages/airflow/example_dags/example_skip_dag.py took 0.245 seconds
[2022-03-23 05:33:33,338] {processor.py:163} INFO - Started process (PID=594) to work on /home/lowenhard/acceleration/env/lib/python3.8/site-packages/airflow/example_dags/example_skip_dag.py
[2022-03-23 05:33:33,357] {processor.py:642} INFO - Processing file /home/lowenhard/acceleration/env/lib/python3.8/site-packages/airflow/example_dags/example_skip_dag.py for tasks to queue
[2022-03-23 05:33:33,358] {logging_mixin.py:109} INFO - [2022-03-23 05:33:33,358] {dagbag.py:500} INFO - Filling up the DagBag from /home/lowenhard/acceleration/env/lib/python3.8/site-packages/airflow/example_dags/example_skip_dag.py
[2022-03-23 05:33:33,376] {processor.py:654} INFO - DAG(s) dict_keys(['example_skip_dag']) retrieved from /home/lowenhard/acceleration/env/lib/python3.8/site-packages/airflow/example_dags/example_skip_dag.py
[2022-03-23 05:33:33,386] {logging_mixin.py:109} INFO - [2022-03-23 05:33:33,386] {dag.py:2398} INFO - Sync 1 DAGs
[2022-03-23 05:33:33,397] {logging_mixin.py:109} INFO - [2022-03-23 05:33:33,397] {dag.py:2937} INFO - Setting next_dagrun for example_skip_dag to 2022-03-22T10:33:33.397547+00:00
[2022-03-23 05:33:35,734] {processor.py:171} INFO - Processing /home/lowenhard/acceleration/env/lib/python3.8/site-packages/airflow/example_dags/example_skip_dag.py took 2.400 seconds
[2022-03-23 05:35:08,163] {processor.py:163} INFO - Started process (PID=637) to work on /home/lowenhard/acceleration/env/lib/python3.8/site-packages/airflow/example_dags/example_skip_dag.py
[2022-03-23 05:35:08,178] {processor.py:642} INFO - Processing file /home/lowenhard/acceleration/env/lib/python3.8/site-packages/airflow/example_dags/example_skip_dag.py for tasks to queue
[2022-03-23 05:35:08,178] {logging_mixin.py:109} INFO - [2022-03-23 05:35:08,178] {dagbag.py:500} INFO - Filling up the DagBag from /home/lowenhard/acceleration/env/lib/python3.8/site-packages/airflow/example_dags/example_skip_dag.py
[2022-03-23 05:35:08,197] {processor.py:654} INFO - DAG(s) dict_keys(['example_skip_dag']) retrieved from /home/lowenhard/acceleration/env/lib/python3.8/site-packages/airflow/example_dags/example_skip_dag.py
[2022-03-23 05:35:08,205] {logging_mixin.py:109} INFO - [2022-03-23 05:35:08,205] {dag.py:2398} INFO - Sync 1 DAGs
[2022-03-23 05:35:08,216] {logging_mixin.py:109} INFO - [2022-03-23 05:35:08,216] {dag.py:2937} INFO - Setting next_dagrun for example_skip_dag to 2022-03-22T10:35:08.216486+00:00
[2022-03-23 05:35:08,384] {processor.py:171} INFO - Processing /home/lowenhard/acceleration/env/lib/python3.8/site-packages/airflow/example_dags/example_skip_dag.py took 0.223 seconds
[2022-03-23 05:36:36,636] {processor.py:163} INFO - Started process (PID=678) to work on /home/lowenhard/acceleration/env/lib/python3.8/site-packages/airflow/example_dags/example_skip_dag.py
[2022-03-23 05:36:36,662] {processor.py:642} INFO - Processing file /home/lowenhard/acceleration/env/lib/python3.8/site-packages/airflow/example_dags/example_skip_dag.py for tasks to queue
[2022-03-23 05:36:36,663] {logging_mixin.py:109} INFO - [2022-03-23 05:36:36,663] {dagbag.py:500} INFO - Filling up the DagBag from /home/lowenhard/acceleration/env/lib/python3.8/site-packages/airflow/example_dags/example_skip_dag.py
[2022-03-23 05:36:36,682] {processor.py:654} INFO - DAG(s) dict_keys(['example_skip_dag']) retrieved from /home/lowenhard/acceleration/env/lib/python3.8/site-packages/airflow/example_dags/example_skip_dag.py
[2022-03-23 05:36:36,692] {logging_mixin.py:109} INFO - [2022-03-23 05:36:36,692] {dag.py:2398} INFO - Sync 1 DAGs
[2022-03-23 05:36:36,703] {logging_mixin.py:109} INFO - [2022-03-23 05:36:36,703] {dag.py:2937} INFO - Setting next_dagrun for example_skip_dag to 2022-03-22T10:36:36.703267+00:00
[2022-03-23 05:36:37,801] {processor.py:171} INFO - Processing /home/lowenhard/acceleration/env/lib/python3.8/site-packages/airflow/example_dags/example_skip_dag.py took 1.167 seconds
[2022-03-23 05:37:30,417] {processor.py:163} INFO - Started process (PID=708) to work on /home/lowenhard/acceleration/env/lib/python3.8/site-packages/airflow/example_dags/example_skip_dag.py
[2022-03-23 05:37:30,688] {processor.py:642} INFO - Processing file /home/lowenhard/acceleration/env/lib/python3.8/site-packages/airflow/example_dags/example_skip_dag.py for tasks to queue
[2022-03-23 05:37:30,689] {logging_mixin.py:109} INFO - [2022-03-23 05:37:30,689] {dagbag.py:500} INFO - Filling up the DagBag from /home/lowenhard/acceleration/env/lib/python3.8/site-packages/airflow/example_dags/example_skip_dag.py
[2022-03-23 05:37:30,712] {processor.py:654} INFO - DAG(s) dict_keys(['example_skip_dag']) retrieved from /home/lowenhard/acceleration/env/lib/python3.8/site-packages/airflow/example_dags/example_skip_dag.py
[2022-03-23 05:37:30,722] {logging_mixin.py:109} INFO - [2022-03-23 05:37:30,722] {dag.py:2398} INFO - Sync 1 DAGs
[2022-03-23 05:37:30,733] {logging_mixin.py:109} INFO - [2022-03-23 05:37:30,732] {dag.py:2937} INFO - Setting next_dagrun for example_skip_dag to 2022-03-22T10:37:30.732663+00:00
[2022-03-23 05:37:31,647] {processor.py:171} INFO - Processing /home/lowenhard/acceleration/env/lib/python3.8/site-packages/airflow/example_dags/example_skip_dag.py took 1.232 seconds
[2022-03-23 05:40:34,519] {processor.py:163} INFO - Started process (PID=766) to work on /home/lowenhard/acceleration/env/lib/python3.8/site-packages/airflow/example_dags/example_skip_dag.py
[2022-03-23 05:40:34,897] {processor.py:642} INFO - Processing file /home/lowenhard/acceleration/env/lib/python3.8/site-packages/airflow/example_dags/example_skip_dag.py for tasks to queue
[2022-03-23 05:40:34,898] {logging_mixin.py:109} INFO - [2022-03-23 05:40:34,897] {dagbag.py:500} INFO - Filling up the DagBag from /home/lowenhard/acceleration/env/lib/python3.8/site-packages/airflow/example_dags/example_skip_dag.py
[2022-03-23 05:40:34,920] {processor.py:654} INFO - DAG(s) dict_keys(['example_skip_dag']) retrieved from /home/lowenhard/acceleration/env/lib/python3.8/site-packages/airflow/example_dags/example_skip_dag.py
[2022-03-23 05:40:34,931] {logging_mixin.py:109} INFO - [2022-03-23 05:40:34,931] {dag.py:2398} INFO - Sync 1 DAGs
[2022-03-23 05:40:34,945] {logging_mixin.py:109} INFO - [2022-03-23 05:40:34,945] {dag.py:2937} INFO - Setting next_dagrun for example_skip_dag to 2022-03-22T10:40:34.944756+00:00
[2022-03-23 05:40:35,304] {processor.py:171} INFO - Processing /home/lowenhard/acceleration/env/lib/python3.8/site-packages/airflow/example_dags/example_skip_dag.py took 0.788 seconds
[2022-03-23 05:41:51,809] {processor.py:163} INFO - Started process (PID=801) to work on /home/lowenhard/acceleration/env/lib/python3.8/site-packages/airflow/example_dags/example_skip_dag.py
[2022-03-23 05:41:51,826] {processor.py:642} INFO - Processing file /home/lowenhard/acceleration/env/lib/python3.8/site-packages/airflow/example_dags/example_skip_dag.py for tasks to queue
[2022-03-23 05:41:51,826] {logging_mixin.py:109} INFO - [2022-03-23 05:41:51,826] {dagbag.py:500} INFO - Filling up the DagBag from /home/lowenhard/acceleration/env/lib/python3.8/site-packages/airflow/example_dags/example_skip_dag.py
[2022-03-23 05:41:51,851] {processor.py:654} INFO - DAG(s) dict_keys(['example_skip_dag']) retrieved from /home/lowenhard/acceleration/env/lib/python3.8/site-packages/airflow/example_dags/example_skip_dag.py
[2022-03-23 05:41:51,868] {logging_mixin.py:109} INFO - [2022-03-23 05:41:51,867] {dag.py:2398} INFO - Sync 1 DAGs
[2022-03-23 05:41:51,881] {logging_mixin.py:109} INFO - [2022-03-23 05:41:51,881] {dag.py:2937} INFO - Setting next_dagrun for example_skip_dag to 2022-03-22T10:41:51.881303+00:00
[2022-03-23 05:41:52,888] {processor.py:171} INFO - Processing /home/lowenhard/acceleration/env/lib/python3.8/site-packages/airflow/example_dags/example_skip_dag.py took 1.082 seconds
[2022-03-23 05:43:19,434] {processor.py:163} INFO - Started process (PID=858) to work on /home/lowenhard/acceleration/env/lib/python3.8/site-packages/airflow/example_dags/example_skip_dag.py
[2022-03-23 05:43:19,489] {processor.py:642} INFO - Processing file /home/lowenhard/acceleration/env/lib/python3.8/site-packages/airflow/example_dags/example_skip_dag.py for tasks to queue
[2022-03-23 05:43:19,490] {logging_mixin.py:109} INFO - [2022-03-23 05:43:19,489] {dagbag.py:500} INFO - Filling up the DagBag from /home/lowenhard/acceleration/env/lib/python3.8/site-packages/airflow/example_dags/example_skip_dag.py
[2022-03-23 05:43:19,516] {processor.py:654} INFO - DAG(s) dict_keys(['example_skip_dag']) retrieved from /home/lowenhard/acceleration/env/lib/python3.8/site-packages/airflow/example_dags/example_skip_dag.py
[2022-03-23 05:43:19,531] {logging_mixin.py:109} INFO - [2022-03-23 05:43:19,531] {dag.py:2398} INFO - Sync 1 DAGs
[2022-03-23 05:43:19,545] {logging_mixin.py:109} INFO - [2022-03-23 05:43:19,545] {dag.py:2937} INFO - Setting next_dagrun for example_skip_dag to 2022-03-22T10:43:19.545442+00:00
[2022-03-23 05:43:20,285] {processor.py:171} INFO - Processing /home/lowenhard/acceleration/env/lib/python3.8/site-packages/airflow/example_dags/example_skip_dag.py took 0.854 seconds
[2022-03-23 05:44:41,949] {processor.py:163} INFO - Started process (PID=900) to work on /home/lowenhard/acceleration/env/lib/python3.8/site-packages/airflow/example_dags/example_skip_dag.py
[2022-03-23 05:44:41,959] {processor.py:642} INFO - Processing file /home/lowenhard/acceleration/env/lib/python3.8/site-packages/airflow/example_dags/example_skip_dag.py for tasks to queue
[2022-03-23 05:44:41,960] {logging_mixin.py:109} INFO - [2022-03-23 05:44:41,960] {dagbag.py:500} INFO - Filling up the DagBag from /home/lowenhard/acceleration/env/lib/python3.8/site-packages/airflow/example_dags/example_skip_dag.py
[2022-03-23 05:44:41,978] {processor.py:654} INFO - DAG(s) dict_keys(['example_skip_dag']) retrieved from /home/lowenhard/acceleration/env/lib/python3.8/site-packages/airflow/example_dags/example_skip_dag.py
[2022-03-23 05:44:41,988] {logging_mixin.py:109} INFO - [2022-03-23 05:44:41,988] {dag.py:2398} INFO - Sync 1 DAGs
[2022-03-23 05:44:41,999] {logging_mixin.py:109} INFO - [2022-03-23 05:44:41,999] {dag.py:2937} INFO - Setting next_dagrun for example_skip_dag to 2022-03-22T10:44:41.998960+00:00
[2022-03-23 05:44:44,013] {processor.py:171} INFO - Processing /home/lowenhard/acceleration/env/lib/python3.8/site-packages/airflow/example_dags/example_skip_dag.py took 2.066 seconds
[2022-03-23 05:46:16,548] {processor.py:163} INFO - Started process (PID=942) to work on /home/lowenhard/acceleration/env/lib/python3.8/site-packages/airflow/example_dags/example_skip_dag.py
[2022-03-23 05:46:16,881] {processor.py:642} INFO - Processing file /home/lowenhard/acceleration/env/lib/python3.8/site-packages/airflow/example_dags/example_skip_dag.py for tasks to queue
[2022-03-23 05:46:16,882] {logging_mixin.py:109} INFO - [2022-03-23 05:46:16,882] {dagbag.py:500} INFO - Filling up the DagBag from /home/lowenhard/acceleration/env/lib/python3.8/site-packages/airflow/example_dags/example_skip_dag.py
[2022-03-23 05:46:16,926] {processor.py:654} INFO - DAG(s) dict_keys(['example_skip_dag']) retrieved from /home/lowenhard/acceleration/env/lib/python3.8/site-packages/airflow/example_dags/example_skip_dag.py
[2022-03-23 05:46:16,944] {logging_mixin.py:109} INFO - [2022-03-23 05:46:16,944] {dag.py:2398} INFO - Sync 1 DAGs
[2022-03-23 05:46:16,958] {logging_mixin.py:109} INFO - [2022-03-23 05:46:16,958] {dag.py:2937} INFO - Setting next_dagrun for example_skip_dag to 2022-03-22T10:46:16.958133+00:00
[2022-03-23 05:46:17,269] {processor.py:171} INFO - Processing /home/lowenhard/acceleration/env/lib/python3.8/site-packages/airflow/example_dags/example_skip_dag.py took 0.724 seconds
[2022-03-23 05:47:55,173] {processor.py:163} INFO - Started process (PID=986) to work on /home/lowenhard/acceleration/env/lib/python3.8/site-packages/airflow/example_dags/example_skip_dag.py
[2022-03-23 05:47:55,450] {processor.py:642} INFO - Processing file /home/lowenhard/acceleration/env/lib/python3.8/site-packages/airflow/example_dags/example_skip_dag.py for tasks to queue
[2022-03-23 05:47:55,451] {logging_mixin.py:109} INFO - [2022-03-23 05:47:55,451] {dagbag.py:500} INFO - Filling up the DagBag from /home/lowenhard/acceleration/env/lib/python3.8/site-packages/airflow/example_dags/example_skip_dag.py
[2022-03-23 05:47:55,474] {processor.py:654} INFO - DAG(s) dict_keys(['example_skip_dag']) retrieved from /home/lowenhard/acceleration/env/lib/python3.8/site-packages/airflow/example_dags/example_skip_dag.py
[2022-03-23 05:47:55,485] {logging_mixin.py:109} INFO - [2022-03-23 05:47:55,485] {dag.py:2398} INFO - Sync 1 DAGs
[2022-03-23 05:47:55,498] {logging_mixin.py:109} INFO - [2022-03-23 05:47:55,498] {dag.py:2937} INFO - Setting next_dagrun for example_skip_dag to 2022-03-22T10:47:55.497842+00:00
[2022-03-23 05:47:56,912] {processor.py:171} INFO - Processing /home/lowenhard/acceleration/env/lib/python3.8/site-packages/airflow/example_dags/example_skip_dag.py took 1.741 seconds
[2022-03-23 05:49:50,096] {processor.py:163} INFO - Started process (PID=1054) to work on /home/lowenhard/acceleration/env/lib/python3.8/site-packages/airflow/example_dags/example_skip_dag.py
[2022-03-23 05:49:50,836] {processor.py:642} INFO - Processing file /home/lowenhard/acceleration/env/lib/python3.8/site-packages/airflow/example_dags/example_skip_dag.py for tasks to queue
[2022-03-23 05:49:50,836] {logging_mixin.py:109} INFO - [2022-03-23 05:49:50,836] {dagbag.py:500} INFO - Filling up the DagBag from /home/lowenhard/acceleration/env/lib/python3.8/site-packages/airflow/example_dags/example_skip_dag.py
[2022-03-23 05:49:50,860] {processor.py:654} INFO - DAG(s) dict_keys(['example_skip_dag']) retrieved from /home/lowenhard/acceleration/env/lib/python3.8/site-packages/airflow/example_dags/example_skip_dag.py
[2022-03-23 05:49:50,874] {logging_mixin.py:109} INFO - [2022-03-23 05:49:50,874] {dag.py:2398} INFO - Sync 1 DAGs
[2022-03-23 05:49:50,886] {logging_mixin.py:109} INFO - [2022-03-23 05:49:50,886] {dag.py:2937} INFO - Setting next_dagrun for example_skip_dag to 2022-03-22T10:49:50.886556+00:00
[2022-03-23 05:49:51,093] {processor.py:171} INFO - Processing /home/lowenhard/acceleration/env/lib/python3.8/site-packages/airflow/example_dags/example_skip_dag.py took 1.000 seconds
[2022-03-23 05:51:16,970] {processor.py:163} INFO - Started process (PID=1089) to work on /home/lowenhard/acceleration/env/lib/python3.8/site-packages/airflow/example_dags/example_skip_dag.py
[2022-03-23 05:51:17,019] {processor.py:642} INFO - Processing file /home/lowenhard/acceleration/env/lib/python3.8/site-packages/airflow/example_dags/example_skip_dag.py for tasks to queue
[2022-03-23 05:51:17,020] {logging_mixin.py:109} INFO - [2022-03-23 05:51:17,020] {dagbag.py:500} INFO - Filling up the DagBag from /home/lowenhard/acceleration/env/lib/python3.8/site-packages/airflow/example_dags/example_skip_dag.py
[2022-03-23 05:51:17,077] {processor.py:654} INFO - DAG(s) dict_keys(['example_skip_dag']) retrieved from /home/lowenhard/acceleration/env/lib/python3.8/site-packages/airflow/example_dags/example_skip_dag.py
[2022-03-23 05:51:17,092] {logging_mixin.py:109} INFO - [2022-03-23 05:51:17,092] {dag.py:2398} INFO - Sync 1 DAGs
[2022-03-23 05:51:17,111] {logging_mixin.py:109} INFO - [2022-03-23 05:51:17,111] {dag.py:2937} INFO - Setting next_dagrun for example_skip_dag to 2022-03-22T10:51:17.111130+00:00
[2022-03-23 05:51:17,467] {processor.py:171} INFO - Processing /home/lowenhard/acceleration/env/lib/python3.8/site-packages/airflow/example_dags/example_skip_dag.py took 0.501 seconds
[2022-03-23 05:53:13,013] {processor.py:163} INFO - Started process (PID=1135) to work on /home/lowenhard/acceleration/env/lib/python3.8/site-packages/airflow/example_dags/example_skip_dag.py
[2022-03-23 05:53:13,032] {processor.py:642} INFO - Processing file /home/lowenhard/acceleration/env/lib/python3.8/site-packages/airflow/example_dags/example_skip_dag.py for tasks to queue
[2022-03-23 05:53:13,032] {logging_mixin.py:109} INFO - [2022-03-23 05:53:13,032] {dagbag.py:500} INFO - Filling up the DagBag from /home/lowenhard/acceleration/env/lib/python3.8/site-packages/airflow/example_dags/example_skip_dag.py
[2022-03-23 05:53:13,050] {processor.py:654} INFO - DAG(s) dict_keys(['example_skip_dag']) retrieved from /home/lowenhard/acceleration/env/lib/python3.8/site-packages/airflow/example_dags/example_skip_dag.py
[2022-03-23 05:53:13,059] {logging_mixin.py:109} INFO - [2022-03-23 05:53:13,059] {dag.py:2398} INFO - Sync 1 DAGs
[2022-03-23 05:53:13,070] {logging_mixin.py:109} INFO - [2022-03-23 05:53:13,070] {dag.py:2937} INFO - Setting next_dagrun for example_skip_dag to 2022-03-22T10:53:13.069863+00:00
[2022-03-23 05:53:14,410] {processor.py:171} INFO - Processing /home/lowenhard/acceleration/env/lib/python3.8/site-packages/airflow/example_dags/example_skip_dag.py took 1.400 seconds
[2022-03-23 05:55:04,802] {processor.py:163} INFO - Started process (PID=1183) to work on /home/lowenhard/acceleration/env/lib/python3.8/site-packages/airflow/example_dags/example_skip_dag.py
[2022-03-23 05:55:04,849] {processor.py:642} INFO - Processing file /home/lowenhard/acceleration/env/lib/python3.8/site-packages/airflow/example_dags/example_skip_dag.py for tasks to queue
[2022-03-23 05:55:04,850] {logging_mixin.py:109} INFO - [2022-03-23 05:55:04,850] {dagbag.py:500} INFO - Filling up the DagBag from /home/lowenhard/acceleration/env/lib/python3.8/site-packages/airflow/example_dags/example_skip_dag.py
[2022-03-23 05:55:05,605] {processor.py:654} INFO - DAG(s) dict_keys(['example_skip_dag']) retrieved from /home/lowenhard/acceleration/env/lib/python3.8/site-packages/airflow/example_dags/example_skip_dag.py
[2022-03-23 05:55:05,616] {logging_mixin.py:109} INFO - [2022-03-23 05:55:05,616] {dag.py:2398} INFO - Sync 1 DAGs
[2022-03-23 05:55:05,629] {logging_mixin.py:109} INFO - [2022-03-23 05:55:05,629] {dag.py:2937} INFO - Setting next_dagrun for example_skip_dag to 2022-03-22T10:55:05.629095+00:00
[2022-03-23 05:55:05,884] {processor.py:171} INFO - Processing /home/lowenhard/acceleration/env/lib/python3.8/site-packages/airflow/example_dags/example_skip_dag.py took 1.086 seconds
[2022-03-23 05:56:42,750] {processor.py:163} INFO - Started process (PID=1226) to work on /home/lowenhard/acceleration/env/lib/python3.8/site-packages/airflow/example_dags/example_skip_dag.py
[2022-03-23 05:56:42,819] {processor.py:642} INFO - Processing file /home/lowenhard/acceleration/env/lib/python3.8/site-packages/airflow/example_dags/example_skip_dag.py for tasks to queue
[2022-03-23 05:56:42,819] {logging_mixin.py:109} INFO - [2022-03-23 05:56:42,819] {dagbag.py:500} INFO - Filling up the DagBag from /home/lowenhard/acceleration/env/lib/python3.8/site-packages/airflow/example_dags/example_skip_dag.py
[2022-03-23 05:56:42,840] {processor.py:654} INFO - DAG(s) dict_keys(['example_skip_dag']) retrieved from /home/lowenhard/acceleration/env/lib/python3.8/site-packages/airflow/example_dags/example_skip_dag.py
[2022-03-23 05:56:42,851] {logging_mixin.py:109} INFO - [2022-03-23 05:56:42,851] {dag.py:2398} INFO - Sync 1 DAGs
[2022-03-23 05:56:42,865] {logging_mixin.py:109} INFO - [2022-03-23 05:56:42,865] {dag.py:2937} INFO - Setting next_dagrun for example_skip_dag to 2022-03-22T10:56:42.864963+00:00
[2022-03-23 05:56:44,164] {processor.py:171} INFO - Processing /home/lowenhard/acceleration/env/lib/python3.8/site-packages/airflow/example_dags/example_skip_dag.py took 1.417 seconds
[2022-03-23 05:58:12,188] {processor.py:163} INFO - Started process (PID=1268) to work on /home/lowenhard/acceleration/env/lib/python3.8/site-packages/airflow/example_dags/example_skip_dag.py
[2022-03-23 05:58:12,202] {processor.py:642} INFO - Processing file /home/lowenhard/acceleration/env/lib/python3.8/site-packages/airflow/example_dags/example_skip_dag.py for tasks to queue
[2022-03-23 05:58:12,203] {logging_mixin.py:109} INFO - [2022-03-23 05:58:12,203] {dagbag.py:500} INFO - Filling up the DagBag from /home/lowenhard/acceleration/env/lib/python3.8/site-packages/airflow/example_dags/example_skip_dag.py
[2022-03-23 05:58:12,221] {processor.py:654} INFO - DAG(s) dict_keys(['example_skip_dag']) retrieved from /home/lowenhard/acceleration/env/lib/python3.8/site-packages/airflow/example_dags/example_skip_dag.py
[2022-03-23 05:58:12,230] {logging_mixin.py:109} INFO - [2022-03-23 05:58:12,230] {dag.py:2398} INFO - Sync 1 DAGs
[2022-03-23 05:58:12,242] {logging_mixin.py:109} INFO - [2022-03-23 05:58:12,242] {dag.py:2937} INFO - Setting next_dagrun for example_skip_dag to 2022-03-22T10:58:12.241964+00:00
[2022-03-23 05:58:12,525] {processor.py:171} INFO - Processing /home/lowenhard/acceleration/env/lib/python3.8/site-packages/airflow/example_dags/example_skip_dag.py took 0.339 seconds
[2022-03-23 05:59:42,599] {processor.py:163} INFO - Started process (PID=1310) to work on /home/lowenhard/acceleration/env/lib/python3.8/site-packages/airflow/example_dags/example_skip_dag.py
[2022-03-23 05:59:42,614] {processor.py:642} INFO - Processing file /home/lowenhard/acceleration/env/lib/python3.8/site-packages/airflow/example_dags/example_skip_dag.py for tasks to queue
[2022-03-23 05:59:42,615] {logging_mixin.py:109} INFO - [2022-03-23 05:59:42,615] {dagbag.py:500} INFO - Filling up the DagBag from /home/lowenhard/acceleration/env/lib/python3.8/site-packages/airflow/example_dags/example_skip_dag.py
[2022-03-23 05:59:42,634] {processor.py:654} INFO - DAG(s) dict_keys(['example_skip_dag']) retrieved from /home/lowenhard/acceleration/env/lib/python3.8/site-packages/airflow/example_dags/example_skip_dag.py
[2022-03-23 05:59:42,644] {logging_mixin.py:109} INFO - [2022-03-23 05:59:42,644] {dag.py:2398} INFO - Sync 1 DAGs
[2022-03-23 05:59:42,656] {logging_mixin.py:109} INFO - [2022-03-23 05:59:42,656] {dag.py:2937} INFO - Setting next_dagrun for example_skip_dag to 2022-03-22T10:59:42.656353+00:00
[2022-03-23 05:59:42,868] {processor.py:171} INFO - Processing /home/lowenhard/acceleration/env/lib/python3.8/site-packages/airflow/example_dags/example_skip_dag.py took 0.273 seconds
[2022-03-23 06:01:14,630] {processor.py:163} INFO - Started process (PID=1352) to work on /home/lowenhard/acceleration/env/lib/python3.8/site-packages/airflow/example_dags/example_skip_dag.py
[2022-03-23 06:01:14,653] {processor.py:642} INFO - Processing file /home/lowenhard/acceleration/env/lib/python3.8/site-packages/airflow/example_dags/example_skip_dag.py for tasks to queue
[2022-03-23 06:01:14,654] {logging_mixin.py:109} INFO - [2022-03-23 06:01:14,654] {dagbag.py:500} INFO - Filling up the DagBag from /home/lowenhard/acceleration/env/lib/python3.8/site-packages/airflow/example_dags/example_skip_dag.py
[2022-03-23 06:01:14,672] {processor.py:654} INFO - DAG(s) dict_keys(['example_skip_dag']) retrieved from /home/lowenhard/acceleration/env/lib/python3.8/site-packages/airflow/example_dags/example_skip_dag.py
[2022-03-23 06:01:14,682] {logging_mixin.py:109} INFO - [2022-03-23 06:01:14,682] {dag.py:2398} INFO - Sync 1 DAGs
[2022-03-23 06:01:14,694] {logging_mixin.py:109} INFO - [2022-03-23 06:01:14,693] {dag.py:2937} INFO - Setting next_dagrun for example_skip_dag to 2022-03-22T11:01:14.693655+00:00
[2022-03-23 06:01:15,019] {processor.py:171} INFO - Processing /home/lowenhard/acceleration/env/lib/python3.8/site-packages/airflow/example_dags/example_skip_dag.py took 0.391 seconds
[2022-03-23 06:02:46,432] {processor.py:163} INFO - Started process (PID=1395) to work on /home/lowenhard/acceleration/env/lib/python3.8/site-packages/airflow/example_dags/example_skip_dag.py
[2022-03-23 06:02:46,468] {processor.py:642} INFO - Processing file /home/lowenhard/acceleration/env/lib/python3.8/site-packages/airflow/example_dags/example_skip_dag.py for tasks to queue
[2022-03-23 06:02:46,469] {logging_mixin.py:109} INFO - [2022-03-23 06:02:46,469] {dagbag.py:500} INFO - Filling up the DagBag from /home/lowenhard/acceleration/env/lib/python3.8/site-packages/airflow/example_dags/example_skip_dag.py
[2022-03-23 06:02:46,490] {processor.py:654} INFO - DAG(s) dict_keys(['example_skip_dag']) retrieved from /home/lowenhard/acceleration/env/lib/python3.8/site-packages/airflow/example_dags/example_skip_dag.py
[2022-03-23 06:02:46,498] {logging_mixin.py:109} INFO - [2022-03-23 06:02:46,498] {dag.py:2398} INFO - Sync 1 DAGs
[2022-03-23 06:02:46,510] {logging_mixin.py:109} INFO - [2022-03-23 06:02:46,510] {dag.py:2937} INFO - Setting next_dagrun for example_skip_dag to 2022-03-22T11:02:46.509911+00:00
[2022-03-23 06:02:47,588] {processor.py:171} INFO - Processing /home/lowenhard/acceleration/env/lib/python3.8/site-packages/airflow/example_dags/example_skip_dag.py took 1.158 seconds
