[2022-03-23 05:22:22,458] {processor.py:163} INFO - Started process (PID=190) to work on /home/lowenhard/acceleration/env/lib/python3.8/site-packages/airflow/example_dags/example_branch_labels.py
[2022-03-23 05:22:22,459] {processor.py:642} INFO - Processing file /home/lowenhard/acceleration/env/lib/python3.8/site-packages/airflow/example_dags/example_branch_labels.py for tasks to queue
[2022-03-23 05:22:22,460] {logging_mixin.py:109} INFO - [2022-03-23 05:22:22,460] {dagbag.py:500} INFO - Filling up the DagBag from /home/lowenhard/acceleration/env/lib/python3.8/site-packages/airflow/example_dags/example_branch_labels.py
[2022-03-23 05:22:22,482] {processor.py:654} INFO - DAG(s) dict_keys(['example_branch_labels']) retrieved from /home/lowenhard/acceleration/env/lib/python3.8/site-packages/airflow/example_dags/example_branch_labels.py
[2022-03-23 05:22:22,491] {logging_mixin.py:109} INFO - [2022-03-23 05:22:22,491] {dag.py:2398} INFO - Sync 1 DAGs
[2022-03-23 05:22:22,510] {logging_mixin.py:109} INFO - [2022-03-23 05:22:22,509] {dag.py:2937} INFO - Setting next_dagrun for example_branch_labels to 2022-03-22 00:00:00+00:00
[2022-03-23 05:22:22,759] {processor.py:171} INFO - Processing /home/lowenhard/acceleration/env/lib/python3.8/site-packages/airflow/example_dags/example_branch_labels.py took 0.303 seconds
[2022-03-23 05:24:17,921] {processor.py:163} INFO - Started process (PID=237) to work on /home/lowenhard/acceleration/env/lib/python3.8/site-packages/airflow/example_dags/example_branch_labels.py
[2022-03-23 05:24:17,955] {processor.py:642} INFO - Processing file /home/lowenhard/acceleration/env/lib/python3.8/site-packages/airflow/example_dags/example_branch_labels.py for tasks to queue
[2022-03-23 05:24:17,955] {logging_mixin.py:109} INFO - [2022-03-23 05:24:17,955] {dagbag.py:500} INFO - Filling up the DagBag from /home/lowenhard/acceleration/env/lib/python3.8/site-packages/airflow/example_dags/example_branch_labels.py
[2022-03-23 05:24:17,974] {processor.py:654} INFO - DAG(s) dict_keys(['example_branch_labels']) retrieved from /home/lowenhard/acceleration/env/lib/python3.8/site-packages/airflow/example_dags/example_branch_labels.py
[2022-03-23 05:24:17,982] {logging_mixin.py:109} INFO - [2022-03-23 05:24:17,982] {dag.py:2398} INFO - Sync 1 DAGs
[2022-03-23 05:24:17,994] {logging_mixin.py:109} INFO - [2022-03-23 05:24:17,994] {dag.py:2937} INFO - Setting next_dagrun for example_branch_labels to 2022-03-22 00:00:00+00:00
[2022-03-23 05:24:18,129] {processor.py:171} INFO - Processing /home/lowenhard/acceleration/env/lib/python3.8/site-packages/airflow/example_dags/example_branch_labels.py took 0.211 seconds
[2022-03-23 05:25:44,478] {processor.py:163} INFO - Started process (PID=355) to work on /home/lowenhard/acceleration/env/lib/python3.8/site-packages/airflow/example_dags/example_branch_labels.py
[2022-03-23 05:25:44,683] {processor.py:642} INFO - Processing file /home/lowenhard/acceleration/env/lib/python3.8/site-packages/airflow/example_dags/example_branch_labels.py for tasks to queue
[2022-03-23 05:25:44,684] {logging_mixin.py:109} INFO - [2022-03-23 05:25:44,684] {dagbag.py:500} INFO - Filling up the DagBag from /home/lowenhard/acceleration/env/lib/python3.8/site-packages/airflow/example_dags/example_branch_labels.py
[2022-03-23 05:25:44,707] {processor.py:654} INFO - DAG(s) dict_keys(['example_branch_labels']) retrieved from /home/lowenhard/acceleration/env/lib/python3.8/site-packages/airflow/example_dags/example_branch_labels.py
[2022-03-23 05:25:44,716] {logging_mixin.py:109} INFO - [2022-03-23 05:25:44,715] {dag.py:2398} INFO - Sync 1 DAGs
[2022-03-23 05:25:44,728] {logging_mixin.py:109} INFO - [2022-03-23 05:25:44,728] {dag.py:2937} INFO - Setting next_dagrun for example_branch_labels to 2022-03-22 00:00:00+00:00
[2022-03-23 05:25:45,215] {processor.py:171} INFO - Processing /home/lowenhard/acceleration/env/lib/python3.8/site-packages/airflow/example_dags/example_branch_labels.py took 0.740 seconds
[2022-03-23 05:27:15,331] {processor.py:163} INFO - Started process (PID=404) to work on /home/lowenhard/acceleration/env/lib/python3.8/site-packages/airflow/example_dags/example_branch_labels.py
[2022-03-23 05:27:15,357] {processor.py:642} INFO - Processing file /home/lowenhard/acceleration/env/lib/python3.8/site-packages/airflow/example_dags/example_branch_labels.py for tasks to queue
[2022-03-23 05:27:15,358] {logging_mixin.py:109} INFO - [2022-03-23 05:27:15,358] {dagbag.py:500} INFO - Filling up the DagBag from /home/lowenhard/acceleration/env/lib/python3.8/site-packages/airflow/example_dags/example_branch_labels.py
[2022-03-23 05:27:15,383] {processor.py:654} INFO - DAG(s) dict_keys(['example_branch_labels']) retrieved from /home/lowenhard/acceleration/env/lib/python3.8/site-packages/airflow/example_dags/example_branch_labels.py
[2022-03-23 05:27:15,392] {logging_mixin.py:109} INFO - [2022-03-23 05:27:15,392] {dag.py:2398} INFO - Sync 1 DAGs
[2022-03-23 05:27:15,404] {logging_mixin.py:109} INFO - [2022-03-23 05:27:15,404] {dag.py:2937} INFO - Setting next_dagrun for example_branch_labels to 2022-03-22 00:00:00+00:00
[2022-03-23 05:27:15,551] {processor.py:171} INFO - Processing /home/lowenhard/acceleration/env/lib/python3.8/site-packages/airflow/example_dags/example_branch_labels.py took 0.222 seconds
[2022-03-23 05:29:52,552] {processor.py:163} INFO - Started process (PID=490) to work on /home/lowenhard/acceleration/env/lib/python3.8/site-packages/airflow/example_dags/example_branch_labels.py
[2022-03-23 05:29:52,581] {processor.py:642} INFO - Processing file /home/lowenhard/acceleration/env/lib/python3.8/site-packages/airflow/example_dags/example_branch_labels.py for tasks to queue
[2022-03-23 05:29:52,581] {logging_mixin.py:109} INFO - [2022-03-23 05:29:52,581] {dagbag.py:500} INFO - Filling up the DagBag from /home/lowenhard/acceleration/env/lib/python3.8/site-packages/airflow/example_dags/example_branch_labels.py
[2022-03-23 05:29:52,604] {processor.py:654} INFO - DAG(s) dict_keys(['example_branch_labels']) retrieved from /home/lowenhard/acceleration/env/lib/python3.8/site-packages/airflow/example_dags/example_branch_labels.py
[2022-03-23 05:29:52,614] {logging_mixin.py:109} INFO - [2022-03-23 05:29:52,613] {dag.py:2398} INFO - Sync 1 DAGs
[2022-03-23 05:29:52,629] {logging_mixin.py:109} INFO - [2022-03-23 05:29:52,628] {dag.py:2937} INFO - Setting next_dagrun for example_branch_labels to 2022-03-22 00:00:00+00:00
[2022-03-23 05:29:52,861] {processor.py:171} INFO - Processing /home/lowenhard/acceleration/env/lib/python3.8/site-packages/airflow/example_dags/example_branch_labels.py took 0.312 seconds
[2022-03-23 05:31:30,472] {processor.py:163} INFO - Started process (PID=536) to work on /home/lowenhard/acceleration/env/lib/python3.8/site-packages/airflow/example_dags/example_branch_labels.py
[2022-03-23 05:31:30,565] {processor.py:642} INFO - Processing file /home/lowenhard/acceleration/env/lib/python3.8/site-packages/airflow/example_dags/example_branch_labels.py for tasks to queue
[2022-03-23 05:31:30,566] {logging_mixin.py:109} INFO - [2022-03-23 05:31:30,566] {dagbag.py:500} INFO - Filling up the DagBag from /home/lowenhard/acceleration/env/lib/python3.8/site-packages/airflow/example_dags/example_branch_labels.py
[2022-03-23 05:31:30,597] {processor.py:654} INFO - DAG(s) dict_keys(['example_branch_labels']) retrieved from /home/lowenhard/acceleration/env/lib/python3.8/site-packages/airflow/example_dags/example_branch_labels.py
[2022-03-23 05:31:30,839] {logging_mixin.py:109} INFO - [2022-03-23 05:31:30,839] {dag.py:2398} INFO - Sync 1 DAGs
[2022-03-23 05:31:30,856] {logging_mixin.py:109} INFO - [2022-03-23 05:31:30,856] {dag.py:2937} INFO - Setting next_dagrun for example_branch_labels to 2022-03-22 00:00:00+00:00
[2022-03-23 05:31:31,034] {processor.py:171} INFO - Processing /home/lowenhard/acceleration/env/lib/python3.8/site-packages/airflow/example_dags/example_branch_labels.py took 0.564 seconds
[2022-03-23 05:32:58,147] {processor.py:163} INFO - Started process (PID=576) to work on /home/lowenhard/acceleration/env/lib/python3.8/site-packages/airflow/example_dags/example_branch_labels.py
[2022-03-23 05:32:58,152] {processor.py:642} INFO - Processing file /home/lowenhard/acceleration/env/lib/python3.8/site-packages/airflow/example_dags/example_branch_labels.py for tasks to queue
[2022-03-23 05:32:58,152] {logging_mixin.py:109} INFO - [2022-03-23 05:32:58,152] {dagbag.py:500} INFO - Filling up the DagBag from /home/lowenhard/acceleration/env/lib/python3.8/site-packages/airflow/example_dags/example_branch_labels.py
[2022-03-23 05:32:58,170] {processor.py:654} INFO - DAG(s) dict_keys(['example_branch_labels']) retrieved from /home/lowenhard/acceleration/env/lib/python3.8/site-packages/airflow/example_dags/example_branch_labels.py
[2022-03-23 05:32:58,181] {logging_mixin.py:109} INFO - [2022-03-23 05:32:58,181] {dag.py:2398} INFO - Sync 1 DAGs
[2022-03-23 05:32:58,194] {logging_mixin.py:109} INFO - [2022-03-23 05:32:58,194] {dag.py:2937} INFO - Setting next_dagrun for example_branch_labels to 2022-03-22 00:00:00+00:00
[2022-03-23 05:32:58,841] {processor.py:171} INFO - Processing /home/lowenhard/acceleration/env/lib/python3.8/site-packages/airflow/example_dags/example_branch_labels.py took 0.696 seconds
[2022-03-23 05:34:37,769] {processor.py:163} INFO - Started process (PID=622) to work on /home/lowenhard/acceleration/env/lib/python3.8/site-packages/airflow/example_dags/example_branch_labels.py
[2022-03-23 05:34:37,774] {processor.py:642} INFO - Processing file /home/lowenhard/acceleration/env/lib/python3.8/site-packages/airflow/example_dags/example_branch_labels.py for tasks to queue
[2022-03-23 05:34:37,775] {logging_mixin.py:109} INFO - [2022-03-23 05:34:37,775] {dagbag.py:500} INFO - Filling up the DagBag from /home/lowenhard/acceleration/env/lib/python3.8/site-packages/airflow/example_dags/example_branch_labels.py
[2022-03-23 05:34:37,797] {processor.py:654} INFO - DAG(s) dict_keys(['example_branch_labels']) retrieved from /home/lowenhard/acceleration/env/lib/python3.8/site-packages/airflow/example_dags/example_branch_labels.py
[2022-03-23 05:34:37,806] {logging_mixin.py:109} INFO - [2022-03-23 05:34:37,806] {dag.py:2398} INFO - Sync 1 DAGs
[2022-03-23 05:34:37,820] {logging_mixin.py:109} INFO - [2022-03-23 05:34:37,820] {dag.py:2937} INFO - Setting next_dagrun for example_branch_labels to 2022-03-22 00:00:00+00:00
[2022-03-23 05:34:38,911] {processor.py:171} INFO - Processing /home/lowenhard/acceleration/env/lib/python3.8/site-packages/airflow/example_dags/example_branch_labels.py took 1.144 seconds
[2022-03-23 05:36:03,407] {processor.py:163} INFO - Started process (PID=663) to work on /home/lowenhard/acceleration/env/lib/python3.8/site-packages/airflow/example_dags/example_branch_labels.py
[2022-03-23 05:36:03,420] {processor.py:642} INFO - Processing file /home/lowenhard/acceleration/env/lib/python3.8/site-packages/airflow/example_dags/example_branch_labels.py for tasks to queue
[2022-03-23 05:36:03,420] {logging_mixin.py:109} INFO - [2022-03-23 05:36:03,420] {dagbag.py:500} INFO - Filling up the DagBag from /home/lowenhard/acceleration/env/lib/python3.8/site-packages/airflow/example_dags/example_branch_labels.py
[2022-03-23 05:36:03,438] {processor.py:654} INFO - DAG(s) dict_keys(['example_branch_labels']) retrieved from /home/lowenhard/acceleration/env/lib/python3.8/site-packages/airflow/example_dags/example_branch_labels.py
[2022-03-23 05:36:03,444] {logging_mixin.py:109} INFO - [2022-03-23 05:36:03,444] {dag.py:2398} INFO - Sync 1 DAGs
[2022-03-23 05:36:03,455] {logging_mixin.py:109} INFO - [2022-03-23 05:36:03,455] {dag.py:2937} INFO - Setting next_dagrun for example_branch_labels to 2022-03-22 00:00:00+00:00
[2022-03-23 05:36:03,637] {processor.py:171} INFO - Processing /home/lowenhard/acceleration/env/lib/python3.8/site-packages/airflow/example_dags/example_branch_labels.py took 0.233 seconds
[2022-03-23 05:37:54,012] {processor.py:163} INFO - Started process (PID=717) to work on /home/lowenhard/acceleration/env/lib/python3.8/site-packages/airflow/example_dags/example_branch_labels.py
[2022-03-23 05:37:54,114] {processor.py:642} INFO - Processing file /home/lowenhard/acceleration/env/lib/python3.8/site-packages/airflow/example_dags/example_branch_labels.py for tasks to queue
[2022-03-23 05:37:54,116] {logging_mixin.py:109} INFO - [2022-03-23 05:37:54,116] {dagbag.py:500} INFO - Filling up the DagBag from /home/lowenhard/acceleration/env/lib/python3.8/site-packages/airflow/example_dags/example_branch_labels.py
[2022-03-23 05:37:54,162] {processor.py:654} INFO - DAG(s) dict_keys(['example_branch_labels']) retrieved from /home/lowenhard/acceleration/env/lib/python3.8/site-packages/airflow/example_dags/example_branch_labels.py
[2022-03-23 05:37:54,187] {logging_mixin.py:109} INFO - [2022-03-23 05:37:54,186] {dag.py:2398} INFO - Sync 1 DAGs
[2022-03-23 05:37:54,213] {logging_mixin.py:109} INFO - [2022-03-23 05:37:54,213] {dag.py:2937} INFO - Setting next_dagrun for example_branch_labels to 2022-03-22 00:00:00+00:00
[2022-03-23 05:37:55,256] {processor.py:171} INFO - Processing /home/lowenhard/acceleration/env/lib/python3.8/site-packages/airflow/example_dags/example_branch_labels.py took 1.247 seconds
[2022-03-23 05:41:19,752] {processor.py:163} INFO - Started process (PID=785) to work on /home/lowenhard/acceleration/env/lib/python3.8/site-packages/airflow/example_dags/example_branch_labels.py
[2022-03-23 05:41:19,799] {processor.py:642} INFO - Processing file /home/lowenhard/acceleration/env/lib/python3.8/site-packages/airflow/example_dags/example_branch_labels.py for tasks to queue
[2022-03-23 05:41:19,800] {logging_mixin.py:109} INFO - [2022-03-23 05:41:19,799] {dagbag.py:500} INFO - Filling up the DagBag from /home/lowenhard/acceleration/env/lib/python3.8/site-packages/airflow/example_dags/example_branch_labels.py
[2022-03-23 05:41:19,823] {processor.py:654} INFO - DAG(s) dict_keys(['example_branch_labels']) retrieved from /home/lowenhard/acceleration/env/lib/python3.8/site-packages/airflow/example_dags/example_branch_labels.py
[2022-03-23 05:41:19,832] {logging_mixin.py:109} INFO - [2022-03-23 05:41:19,832] {dag.py:2398} INFO - Sync 1 DAGs
[2022-03-23 05:41:19,845] {logging_mixin.py:109} INFO - [2022-03-23 05:41:19,845] {dag.py:2937} INFO - Setting next_dagrun for example_branch_labels to 2022-03-22 00:00:00+00:00
[2022-03-23 05:41:20,000] {processor.py:171} INFO - Processing /home/lowenhard/acceleration/env/lib/python3.8/site-packages/airflow/example_dags/example_branch_labels.py took 0.251 seconds
[2022-03-23 05:42:56,393] {processor.py:163} INFO - Started process (PID=846) to work on /home/lowenhard/acceleration/env/lib/python3.8/site-packages/airflow/example_dags/example_branch_labels.py
[2022-03-23 05:42:56,598] {processor.py:642} INFO - Processing file /home/lowenhard/acceleration/env/lib/python3.8/site-packages/airflow/example_dags/example_branch_labels.py for tasks to queue
[2022-03-23 05:42:56,599] {logging_mixin.py:109} INFO - [2022-03-23 05:42:56,599] {dagbag.py:500} INFO - Filling up the DagBag from /home/lowenhard/acceleration/env/lib/python3.8/site-packages/airflow/example_dags/example_branch_labels.py
[2022-03-23 05:42:56,622] {processor.py:654} INFO - DAG(s) dict_keys(['example_branch_labels']) retrieved from /home/lowenhard/acceleration/env/lib/python3.8/site-packages/airflow/example_dags/example_branch_labels.py
[2022-03-23 05:42:56,631] {logging_mixin.py:109} INFO - [2022-03-23 05:42:56,631] {dag.py:2398} INFO - Sync 1 DAGs
[2022-03-23 05:42:56,643] {logging_mixin.py:109} INFO - [2022-03-23 05:42:56,643] {dag.py:2937} INFO - Setting next_dagrun for example_branch_labels to 2022-03-22 00:00:00+00:00
[2022-03-23 05:42:57,412] {processor.py:171} INFO - Processing /home/lowenhard/acceleration/env/lib/python3.8/site-packages/airflow/example_dags/example_branch_labels.py took 1.022 seconds
[2022-03-23 05:44:13,038] {processor.py:163} INFO - Started process (PID=886) to work on /home/lowenhard/acceleration/env/lib/python3.8/site-packages/airflow/example_dags/example_branch_labels.py
[2022-03-23 05:44:13,055] {processor.py:642} INFO - Processing file /home/lowenhard/acceleration/env/lib/python3.8/site-packages/airflow/example_dags/example_branch_labels.py for tasks to queue
[2022-03-23 05:44:13,056] {logging_mixin.py:109} INFO - [2022-03-23 05:44:13,055] {dagbag.py:500} INFO - Filling up the DagBag from /home/lowenhard/acceleration/env/lib/python3.8/site-packages/airflow/example_dags/example_branch_labels.py
[2022-03-23 05:44:13,079] {processor.py:654} INFO - DAG(s) dict_keys(['example_branch_labels']) retrieved from /home/lowenhard/acceleration/env/lib/python3.8/site-packages/airflow/example_dags/example_branch_labels.py
[2022-03-23 05:44:13,087] {logging_mixin.py:109} INFO - [2022-03-23 05:44:13,087] {dag.py:2398} INFO - Sync 1 DAGs
[2022-03-23 05:44:13,102] {logging_mixin.py:109} INFO - [2022-03-23 05:44:13,102] {dag.py:2937} INFO - Setting next_dagrun for example_branch_labels to 2022-03-22 00:00:00+00:00
[2022-03-23 05:44:13,252] {processor.py:171} INFO - Processing /home/lowenhard/acceleration/env/lib/python3.8/site-packages/airflow/example_dags/example_branch_labels.py took 0.217 seconds
[2022-03-23 05:45:34,430] {processor.py:163} INFO - Started process (PID=926) to work on /home/lowenhard/acceleration/env/lib/python3.8/site-packages/airflow/example_dags/example_branch_labels.py
[2022-03-23 05:45:35,546] {processor.py:642} INFO - Processing file /home/lowenhard/acceleration/env/lib/python3.8/site-packages/airflow/example_dags/example_branch_labels.py for tasks to queue
[2022-03-23 05:45:35,547] {logging_mixin.py:109} INFO - [2022-03-23 05:45:35,547] {dagbag.py:500} INFO - Filling up the DagBag from /home/lowenhard/acceleration/env/lib/python3.8/site-packages/airflow/example_dags/example_branch_labels.py
[2022-03-23 05:45:35,899] {processor.py:654} INFO - DAG(s) dict_keys(['example_branch_labels']) retrieved from /home/lowenhard/acceleration/env/lib/python3.8/site-packages/airflow/example_dags/example_branch_labels.py
[2022-03-23 05:45:35,912] {logging_mixin.py:109} INFO - [2022-03-23 05:45:35,912] {dag.py:2398} INFO - Sync 1 DAGs
[2022-03-23 05:45:35,932] {logging_mixin.py:109} INFO - [2022-03-23 05:45:35,932] {dag.py:2937} INFO - Setting next_dagrun for example_branch_labels to 2022-03-22 00:00:00+00:00
[2022-03-23 05:45:36,125] {processor.py:171} INFO - Processing /home/lowenhard/acceleration/env/lib/python3.8/site-packages/airflow/example_dags/example_branch_labels.py took 1.698 seconds
[2022-03-23 05:47:24,633] {processor.py:163} INFO - Started process (PID=972) to work on /home/lowenhard/acceleration/env/lib/python3.8/site-packages/airflow/example_dags/example_branch_labels.py
[2022-03-23 05:47:24,854] {processor.py:642} INFO - Processing file /home/lowenhard/acceleration/env/lib/python3.8/site-packages/airflow/example_dags/example_branch_labels.py for tasks to queue
[2022-03-23 05:47:24,854] {logging_mixin.py:109} INFO - [2022-03-23 05:47:24,854] {dagbag.py:500} INFO - Filling up the DagBag from /home/lowenhard/acceleration/env/lib/python3.8/site-packages/airflow/example_dags/example_branch_labels.py
[2022-03-23 05:47:24,873] {processor.py:654} INFO - DAG(s) dict_keys(['example_branch_labels']) retrieved from /home/lowenhard/acceleration/env/lib/python3.8/site-packages/airflow/example_dags/example_branch_labels.py
[2022-03-23 05:47:24,883] {logging_mixin.py:109} INFO - [2022-03-23 05:47:24,882] {dag.py:2398} INFO - Sync 1 DAGs
[2022-03-23 05:47:24,896] {logging_mixin.py:109} INFO - [2022-03-23 05:47:24,895] {dag.py:2937} INFO - Setting next_dagrun for example_branch_labels to 2022-03-22 00:00:00+00:00
[2022-03-23 05:47:26,592] {processor.py:171} INFO - Processing /home/lowenhard/acceleration/env/lib/python3.8/site-packages/airflow/example_dags/example_branch_labels.py took 1.961 seconds
[2022-03-23 05:48:53,149] {processor.py:163} INFO - Started process (PID=1014) to work on /home/lowenhard/acceleration/env/lib/python3.8/site-packages/airflow/example_dags/example_branch_labels.py
[2022-03-23 05:48:54,143] {processor.py:642} INFO - Processing file /home/lowenhard/acceleration/env/lib/python3.8/site-packages/airflow/example_dags/example_branch_labels.py for tasks to queue
[2022-03-23 05:48:54,143] {logging_mixin.py:109} INFO - [2022-03-23 05:48:54,143] {dagbag.py:500} INFO - Filling up the DagBag from /home/lowenhard/acceleration/env/lib/python3.8/site-packages/airflow/example_dags/example_branch_labels.py
[2022-03-23 05:48:54,493] {processor.py:654} INFO - DAG(s) dict_keys(['example_branch_labels']) retrieved from /home/lowenhard/acceleration/env/lib/python3.8/site-packages/airflow/example_dags/example_branch_labels.py
[2022-03-23 05:48:54,503] {logging_mixin.py:109} INFO - [2022-03-23 05:48:54,503] {dag.py:2398} INFO - Sync 1 DAGs
[2022-03-23 05:48:54,518] {logging_mixin.py:109} INFO - [2022-03-23 05:48:54,518] {dag.py:2937} INFO - Setting next_dagrun for example_branch_labels to 2022-03-22 00:00:00+00:00
[2022-03-23 05:48:54,695] {processor.py:171} INFO - Processing /home/lowenhard/acceleration/env/lib/python3.8/site-packages/airflow/example_dags/example_branch_labels.py took 1.548 seconds
[2022-03-23 05:50:38,899] {processor.py:163} INFO - Started process (PID=1073) to work on /home/lowenhard/acceleration/env/lib/python3.8/site-packages/airflow/example_dags/example_branch_labels.py
[2022-03-23 05:50:38,923] {processor.py:642} INFO - Processing file /home/lowenhard/acceleration/env/lib/python3.8/site-packages/airflow/example_dags/example_branch_labels.py for tasks to queue
[2022-03-23 05:50:38,924] {logging_mixin.py:109} INFO - [2022-03-23 05:50:38,924] {dagbag.py:500} INFO - Filling up the DagBag from /home/lowenhard/acceleration/env/lib/python3.8/site-packages/airflow/example_dags/example_branch_labels.py
[2022-03-23 05:50:38,982] {processor.py:654} INFO - DAG(s) dict_keys(['example_branch_labels']) retrieved from /home/lowenhard/acceleration/env/lib/python3.8/site-packages/airflow/example_dags/example_branch_labels.py
[2022-03-23 05:50:39,008] {logging_mixin.py:109} INFO - [2022-03-23 05:50:39,008] {dag.py:2398} INFO - Sync 1 DAGs
[2022-03-23 05:50:39,057] {logging_mixin.py:109} INFO - [2022-03-23 05:50:39,057] {dag.py:2937} INFO - Setting next_dagrun for example_branch_labels to 2022-03-22 00:00:00+00:00
[2022-03-23 05:50:40,040] {processor.py:171} INFO - Processing /home/lowenhard/acceleration/env/lib/python3.8/site-packages/airflow/example_dags/example_branch_labels.py took 1.144 seconds
[2022-03-23 05:52:36,859] {processor.py:163} INFO - Started process (PID=1119) to work on /home/lowenhard/acceleration/env/lib/python3.8/site-packages/airflow/example_dags/example_branch_labels.py
[2022-03-23 05:52:36,899] {processor.py:642} INFO - Processing file /home/lowenhard/acceleration/env/lib/python3.8/site-packages/airflow/example_dags/example_branch_labels.py for tasks to queue
[2022-03-23 05:52:36,899] {logging_mixin.py:109} INFO - [2022-03-23 05:52:36,899] {dagbag.py:500} INFO - Filling up the DagBag from /home/lowenhard/acceleration/env/lib/python3.8/site-packages/airflow/example_dags/example_branch_labels.py
[2022-03-23 05:52:36,921] {processor.py:654} INFO - DAG(s) dict_keys(['example_branch_labels']) retrieved from /home/lowenhard/acceleration/env/lib/python3.8/site-packages/airflow/example_dags/example_branch_labels.py
[2022-03-23 05:52:36,931] {logging_mixin.py:109} INFO - [2022-03-23 05:52:36,931] {dag.py:2398} INFO - Sync 1 DAGs
[2022-03-23 05:52:36,945] {logging_mixin.py:109} INFO - [2022-03-23 05:52:36,945] {dag.py:2937} INFO - Setting next_dagrun for example_branch_labels to 2022-03-22 00:00:00+00:00
[2022-03-23 05:52:38,947] {processor.py:171} INFO - Processing /home/lowenhard/acceleration/env/lib/python3.8/site-packages/airflow/example_dags/example_branch_labels.py took 2.090 seconds
[2022-03-23 05:54:18,362] {processor.py:163} INFO - Started process (PID=1166) to work on /home/lowenhard/acceleration/env/lib/python3.8/site-packages/airflow/example_dags/example_branch_labels.py
[2022-03-23 05:54:18,605] {processor.py:642} INFO - Processing file /home/lowenhard/acceleration/env/lib/python3.8/site-packages/airflow/example_dags/example_branch_labels.py for tasks to queue
[2022-03-23 05:54:18,605] {logging_mixin.py:109} INFO - [2022-03-23 05:54:18,605] {dagbag.py:500} INFO - Filling up the DagBag from /home/lowenhard/acceleration/env/lib/python3.8/site-packages/airflow/example_dags/example_branch_labels.py
[2022-03-23 05:54:18,625] {processor.py:654} INFO - DAG(s) dict_keys(['example_branch_labels']) retrieved from /home/lowenhard/acceleration/env/lib/python3.8/site-packages/airflow/example_dags/example_branch_labels.py
[2022-03-23 05:54:18,633] {logging_mixin.py:109} INFO - [2022-03-23 05:54:18,633] {dag.py:2398} INFO - Sync 1 DAGs
[2022-03-23 05:54:18,647] {logging_mixin.py:109} INFO - [2022-03-23 05:54:18,647] {dag.py:2937} INFO - Setting next_dagrun for example_branch_labels to 2022-03-22 00:00:00+00:00
[2022-03-23 05:54:18,961] {processor.py:171} INFO - Processing /home/lowenhard/acceleration/env/lib/python3.8/site-packages/airflow/example_dags/example_branch_labels.py took 0.601 seconds
[2022-03-23 05:56:09,541] {processor.py:163} INFO - Started process (PID=1213) to work on /home/lowenhard/acceleration/env/lib/python3.8/site-packages/airflow/example_dags/example_branch_labels.py
[2022-03-23 05:56:09,796] {processor.py:642} INFO - Processing file /home/lowenhard/acceleration/env/lib/python3.8/site-packages/airflow/example_dags/example_branch_labels.py for tasks to queue
[2022-03-23 05:56:09,797] {logging_mixin.py:109} INFO - [2022-03-23 05:56:09,797] {dagbag.py:500} INFO - Filling up the DagBag from /home/lowenhard/acceleration/env/lib/python3.8/site-packages/airflow/example_dags/example_branch_labels.py
[2022-03-23 05:56:09,822] {processor.py:654} INFO - DAG(s) dict_keys(['example_branch_labels']) retrieved from /home/lowenhard/acceleration/env/lib/python3.8/site-packages/airflow/example_dags/example_branch_labels.py
[2022-03-23 05:56:09,831] {logging_mixin.py:109} INFO - [2022-03-23 05:56:09,831] {dag.py:2398} INFO - Sync 1 DAGs
[2022-03-23 05:56:09,843] {logging_mixin.py:109} INFO - [2022-03-23 05:56:09,843] {dag.py:2937} INFO - Setting next_dagrun for example_branch_labels to 2022-03-22 00:00:00+00:00
[2022-03-23 05:56:11,119] {processor.py:171} INFO - Processing /home/lowenhard/acceleration/env/lib/python3.8/site-packages/airflow/example_dags/example_branch_labels.py took 1.580 seconds
[2022-03-23 05:57:39,219] {processor.py:163} INFO - Started process (PID=1255) to work on /home/lowenhard/acceleration/env/lib/python3.8/site-packages/airflow/example_dags/example_branch_labels.py
[2022-03-23 05:57:40,066] {processor.py:642} INFO - Processing file /home/lowenhard/acceleration/env/lib/python3.8/site-packages/airflow/example_dags/example_branch_labels.py for tasks to queue
[2022-03-23 05:57:40,067] {logging_mixin.py:109} INFO - [2022-03-23 05:57:40,067] {dagbag.py:500} INFO - Filling up the DagBag from /home/lowenhard/acceleration/env/lib/python3.8/site-packages/airflow/example_dags/example_branch_labels.py
[2022-03-23 05:57:40,273] {processor.py:654} INFO - DAG(s) dict_keys(['example_branch_labels']) retrieved from /home/lowenhard/acceleration/env/lib/python3.8/site-packages/airflow/example_dags/example_branch_labels.py
[2022-03-23 05:57:40,287] {logging_mixin.py:109} INFO - [2022-03-23 05:57:40,287] {dag.py:2398} INFO - Sync 1 DAGs
[2022-03-23 05:57:40,302] {logging_mixin.py:109} INFO - [2022-03-23 05:57:40,301] {dag.py:2937} INFO - Setting next_dagrun for example_branch_labels to 2022-03-22 00:00:00+00:00
[2022-03-23 05:57:40,443] {processor.py:171} INFO - Processing /home/lowenhard/acceleration/env/lib/python3.8/site-packages/airflow/example_dags/example_branch_labels.py took 1.228 seconds
[2022-03-23 05:59:14,313] {processor.py:163} INFO - Started process (PID=1295) to work on /home/lowenhard/acceleration/env/lib/python3.8/site-packages/airflow/example_dags/example_branch_labels.py
[2022-03-23 05:59:14,386] {processor.py:642} INFO - Processing file /home/lowenhard/acceleration/env/lib/python3.8/site-packages/airflow/example_dags/example_branch_labels.py for tasks to queue
[2022-03-23 05:59:14,387] {logging_mixin.py:109} INFO - [2022-03-23 05:59:14,387] {dagbag.py:500} INFO - Filling up the DagBag from /home/lowenhard/acceleration/env/lib/python3.8/site-packages/airflow/example_dags/example_branch_labels.py
[2022-03-23 05:59:14,412] {processor.py:654} INFO - DAG(s) dict_keys(['example_branch_labels']) retrieved from /home/lowenhard/acceleration/env/lib/python3.8/site-packages/airflow/example_dags/example_branch_labels.py
[2022-03-23 05:59:14,652] {logging_mixin.py:109} INFO - [2022-03-23 05:59:14,652] {dag.py:2398} INFO - Sync 1 DAGs
[2022-03-23 05:59:14,666] {logging_mixin.py:109} INFO - [2022-03-23 05:59:14,666] {dag.py:2937} INFO - Setting next_dagrun for example_branch_labels to 2022-03-22 00:00:00+00:00
[2022-03-23 05:59:14,856] {processor.py:171} INFO - Processing /home/lowenhard/acceleration/env/lib/python3.8/site-packages/airflow/example_dags/example_branch_labels.py took 0.546 seconds
[2022-03-23 06:00:45,412] {processor.py:163} INFO - Started process (PID=1339) to work on /home/lowenhard/acceleration/env/lib/python3.8/site-packages/airflow/example_dags/example_branch_labels.py
[2022-03-23 06:00:45,868] {processor.py:642} INFO - Processing file /home/lowenhard/acceleration/env/lib/python3.8/site-packages/airflow/example_dags/example_branch_labels.py for tasks to queue
[2022-03-23 06:00:45,869] {logging_mixin.py:109} INFO - [2022-03-23 06:00:45,869] {dagbag.py:500} INFO - Filling up the DagBag from /home/lowenhard/acceleration/env/lib/python3.8/site-packages/airflow/example_dags/example_branch_labels.py
[2022-03-23 06:00:45,898] {processor.py:654} INFO - DAG(s) dict_keys(['example_branch_labels']) retrieved from /home/lowenhard/acceleration/env/lib/python3.8/site-packages/airflow/example_dags/example_branch_labels.py
[2022-03-23 06:00:45,910] {logging_mixin.py:109} INFO - [2022-03-23 06:00:45,910] {dag.py:2398} INFO - Sync 1 DAGs
[2022-03-23 06:00:45,924] {logging_mixin.py:109} INFO - [2022-03-23 06:00:45,924] {dag.py:2937} INFO - Setting next_dagrun for example_branch_labels to 2022-03-22 00:00:00+00:00
[2022-03-23 06:00:47,378] {processor.py:171} INFO - Processing /home/lowenhard/acceleration/env/lib/python3.8/site-packages/airflow/example_dags/example_branch_labels.py took 1.969 seconds
[2022-03-23 06:02:17,363] {processor.py:163} INFO - Started process (PID=1381) to work on /home/lowenhard/acceleration/env/lib/python3.8/site-packages/airflow/example_dags/example_branch_labels.py
[2022-03-23 06:02:17,413] {processor.py:642} INFO - Processing file /home/lowenhard/acceleration/env/lib/python3.8/site-packages/airflow/example_dags/example_branch_labels.py for tasks to queue
[2022-03-23 06:02:17,414] {logging_mixin.py:109} INFO - [2022-03-23 06:02:17,413] {dagbag.py:500} INFO - Filling up the DagBag from /home/lowenhard/acceleration/env/lib/python3.8/site-packages/airflow/example_dags/example_branch_labels.py
[2022-03-23 06:02:17,434] {processor.py:654} INFO - DAG(s) dict_keys(['example_branch_labels']) retrieved from /home/lowenhard/acceleration/env/lib/python3.8/site-packages/airflow/example_dags/example_branch_labels.py
[2022-03-23 06:02:17,443] {logging_mixin.py:109} INFO - [2022-03-23 06:02:17,442] {dag.py:2398} INFO - Sync 1 DAGs
[2022-03-23 06:02:17,457] {logging_mixin.py:109} INFO - [2022-03-23 06:02:17,457] {dag.py:2937} INFO - Setting next_dagrun for example_branch_labels to 2022-03-22 00:00:00+00:00
[2022-03-23 06:02:18,237] {processor.py:171} INFO - Processing /home/lowenhard/acceleration/env/lib/python3.8/site-packages/airflow/example_dags/example_branch_labels.py took 0.877 seconds
[2022-03-23 06:03:38,061] {processor.py:163} INFO - Started process (PID=1423) to work on /home/lowenhard/acceleration/env/lib/python3.8/site-packages/airflow/example_dags/example_branch_labels.py
[2022-03-23 06:03:38,248] {processor.py:642} INFO - Processing file /home/lowenhard/acceleration/env/lib/python3.8/site-packages/airflow/example_dags/example_branch_labels.py for tasks to queue
[2022-03-23 06:03:38,249] {logging_mixin.py:109} INFO - [2022-03-23 06:03:38,249] {dagbag.py:500} INFO - Filling up the DagBag from /home/lowenhard/acceleration/env/lib/python3.8/site-packages/airflow/example_dags/example_branch_labels.py
[2022-03-23 06:03:38,267] {processor.py:654} INFO - DAG(s) dict_keys(['example_branch_labels']) retrieved from /home/lowenhard/acceleration/env/lib/python3.8/site-packages/airflow/example_dags/example_branch_labels.py
[2022-03-23 06:03:38,275] {logging_mixin.py:109} INFO - [2022-03-23 06:03:38,275] {dag.py:2398} INFO - Sync 1 DAGs
[2022-03-23 06:03:38,288] {logging_mixin.py:109} INFO - [2022-03-23 06:03:38,287] {dag.py:2937} INFO - Setting next_dagrun for example_branch_labels to 2022-03-22 00:00:00+00:00
[2022-03-23 06:03:39,056] {processor.py:171} INFO - Processing /home/lowenhard/acceleration/env/lib/python3.8/site-packages/airflow/example_dags/example_branch_labels.py took 1.001 seconds
