[2022-03-23 05:21:10,143] {processor.py:163} INFO - Started process (PID=165) to work on /home/lowenhard/acceleration/env/lib/python3.8/site-packages/airflow/example_dags/example_xcom.py
[2022-03-23 05:21:10,144] {processor.py:642} INFO - Processing file /home/lowenhard/acceleration/env/lib/python3.8/site-packages/airflow/example_dags/example_xcom.py for tasks to queue
[2022-03-23 05:21:10,145] {logging_mixin.py:109} INFO - [2022-03-23 05:21:10,145] {dagbag.py:500} INFO - Filling up the DagBag from /home/lowenhard/acceleration/env/lib/python3.8/site-packages/airflow/example_dags/example_xcom.py
[2022-03-23 05:21:10,185] {processor.py:654} INFO - DAG(s) dict_keys(['example_xcom']) retrieved from /home/lowenhard/acceleration/env/lib/python3.8/site-packages/airflow/example_dags/example_xcom.py
[2022-03-23 05:21:10,191] {logging_mixin.py:109} INFO - [2022-03-23 05:21:10,190] {dag.py:2398} INFO - Sync 1 DAGs
[2022-03-23 05:21:10,210] {logging_mixin.py:109} INFO - [2022-03-23 05:21:10,210] {dag.py:2937} INFO - Setting next_dagrun for example_xcom to 2021-01-01T00:00:00+00:00
[2022-03-23 05:21:10,844] {processor.py:171} INFO - Processing /home/lowenhard/acceleration/env/lib/python3.8/site-packages/airflow/example_dags/example_xcom.py took 0.707 seconds
[2022-03-23 05:22:51,402] {processor.py:163} INFO - Started process (PID=200) to work on /home/lowenhard/acceleration/env/lib/python3.8/site-packages/airflow/example_dags/example_xcom.py
[2022-03-23 05:22:51,412] {processor.py:642} INFO - Processing file /home/lowenhard/acceleration/env/lib/python3.8/site-packages/airflow/example_dags/example_xcom.py for tasks to queue
[2022-03-23 05:22:51,413] {logging_mixin.py:109} INFO - [2022-03-23 05:22:51,413] {dagbag.py:500} INFO - Filling up the DagBag from /home/lowenhard/acceleration/env/lib/python3.8/site-packages/airflow/example_dags/example_xcom.py
[2022-03-23 05:22:51,447] {processor.py:654} INFO - DAG(s) dict_keys(['example_xcom']) retrieved from /home/lowenhard/acceleration/env/lib/python3.8/site-packages/airflow/example_dags/example_xcom.py
[2022-03-23 05:22:51,608] {logging_mixin.py:109} INFO - [2022-03-23 05:22:51,608] {dag.py:2398} INFO - Sync 1 DAGs
[2022-03-23 05:22:51,618] {logging_mixin.py:109} INFO - [2022-03-23 05:22:51,618] {dag.py:2937} INFO - Setting next_dagrun for example_xcom to 2021-01-01T00:00:00+00:00
[2022-03-23 05:22:53,372] {processor.py:171} INFO - Processing /home/lowenhard/acceleration/env/lib/python3.8/site-packages/airflow/example_dags/example_xcom.py took 1.974 seconds
[2022-03-23 05:23:46,682] {processor.py:163} INFO - Started process (PID=223) to work on /home/lowenhard/acceleration/env/lib/python3.8/site-packages/airflow/example_dags/example_xcom.py
[2022-03-23 05:23:46,801] {processor.py:642} INFO - Processing file /home/lowenhard/acceleration/env/lib/python3.8/site-packages/airflow/example_dags/example_xcom.py for tasks to queue
[2022-03-23 05:23:46,802] {logging_mixin.py:109} INFO - [2022-03-23 05:23:46,802] {dagbag.py:500} INFO - Filling up the DagBag from /home/lowenhard/acceleration/env/lib/python3.8/site-packages/airflow/example_dags/example_xcom.py
[2022-03-23 05:23:46,836] {processor.py:654} INFO - DAG(s) dict_keys(['example_xcom']) retrieved from /home/lowenhard/acceleration/env/lib/python3.8/site-packages/airflow/example_dags/example_xcom.py
[2022-03-23 05:23:47,059] {logging_mixin.py:109} INFO - [2022-03-23 05:23:47,059] {dag.py:2398} INFO - Sync 1 DAGs
[2022-03-23 05:23:47,068] {logging_mixin.py:109} INFO - [2022-03-23 05:23:47,068] {dag.py:2937} INFO - Setting next_dagrun for example_xcom to 2021-01-01T00:00:00+00:00
[2022-03-23 05:23:49,570] {processor.py:171} INFO - Processing /home/lowenhard/acceleration/env/lib/python3.8/site-packages/airflow/example_dags/example_xcom.py took 2.891 seconds
[2022-03-23 05:24:37,870] {processor.py:163} INFO - Started process (PID=312) to work on /home/lowenhard/acceleration/env/lib/python3.8/site-packages/airflow/example_dags/example_xcom.py
[2022-03-23 05:24:38,106] {processor.py:642} INFO - Processing file /home/lowenhard/acceleration/env/lib/python3.8/site-packages/airflow/example_dags/example_xcom.py for tasks to queue
[2022-03-23 05:24:38,107] {logging_mixin.py:109} INFO - [2022-03-23 05:24:38,107] {dagbag.py:500} INFO - Filling up the DagBag from /home/lowenhard/acceleration/env/lib/python3.8/site-packages/airflow/example_dags/example_xcom.py
[2022-03-23 05:24:38,132] {processor.py:654} INFO - DAG(s) dict_keys(['example_xcom']) retrieved from /home/lowenhard/acceleration/env/lib/python3.8/site-packages/airflow/example_dags/example_xcom.py
[2022-03-23 05:24:38,312] {logging_mixin.py:109} INFO - [2022-03-23 05:24:38,312] {dag.py:2398} INFO - Sync 1 DAGs
[2022-03-23 05:24:38,323] {logging_mixin.py:109} INFO - [2022-03-23 05:24:38,323] {dag.py:2937} INFO - Setting next_dagrun for example_xcom to 2021-01-01T00:00:00+00:00
[2022-03-23 05:24:38,756] {processor.py:171} INFO - Processing /home/lowenhard/acceleration/env/lib/python3.8/site-packages/airflow/example_dags/example_xcom.py took 0.888 seconds
[2022-03-23 05:25:19,512] {processor.py:163} INFO - Started process (PID=343) to work on /home/lowenhard/acceleration/env/lib/python3.8/site-packages/airflow/example_dags/example_xcom.py
[2022-03-23 05:25:19,566] {processor.py:642} INFO - Processing file /home/lowenhard/acceleration/env/lib/python3.8/site-packages/airflow/example_dags/example_xcom.py for tasks to queue
[2022-03-23 05:25:19,567] {logging_mixin.py:109} INFO - [2022-03-23 05:25:19,567] {dagbag.py:500} INFO - Filling up the DagBag from /home/lowenhard/acceleration/env/lib/python3.8/site-packages/airflow/example_dags/example_xcom.py
[2022-03-23 05:25:19,594] {processor.py:654} INFO - DAG(s) dict_keys(['example_xcom']) retrieved from /home/lowenhard/acceleration/env/lib/python3.8/site-packages/airflow/example_dags/example_xcom.py
[2022-03-23 05:25:19,782] {logging_mixin.py:109} INFO - [2022-03-23 05:25:19,782] {dag.py:2398} INFO - Sync 1 DAGs
[2022-03-23 05:25:19,797] {logging_mixin.py:109} INFO - [2022-03-23 05:25:19,797] {dag.py:2937} INFO - Setting next_dagrun for example_xcom to 2021-01-01T00:00:00+00:00
[2022-03-23 05:25:20,793] {processor.py:171} INFO - Processing /home/lowenhard/acceleration/env/lib/python3.8/site-packages/airflow/example_dags/example_xcom.py took 1.284 seconds
[2022-03-23 05:26:05,714] {processor.py:163} INFO - Started process (PID=368) to work on /home/lowenhard/acceleration/env/lib/python3.8/site-packages/airflow/example_dags/example_xcom.py
[2022-03-23 05:26:05,726] {processor.py:642} INFO - Processing file /home/lowenhard/acceleration/env/lib/python3.8/site-packages/airflow/example_dags/example_xcom.py for tasks to queue
[2022-03-23 05:26:05,726] {logging_mixin.py:109} INFO - [2022-03-23 05:26:05,726] {dagbag.py:500} INFO - Filling up the DagBag from /home/lowenhard/acceleration/env/lib/python3.8/site-packages/airflow/example_dags/example_xcom.py
[2022-03-23 05:26:05,749] {processor.py:654} INFO - DAG(s) dict_keys(['example_xcom']) retrieved from /home/lowenhard/acceleration/env/lib/python3.8/site-packages/airflow/example_dags/example_xcom.py
[2022-03-23 05:26:05,926] {logging_mixin.py:109} INFO - [2022-03-23 05:26:05,926] {dag.py:2398} INFO - Sync 1 DAGs
[2022-03-23 05:26:06,001] {logging_mixin.py:109} INFO - [2022-03-23 05:26:06,000] {dag.py:2937} INFO - Setting next_dagrun for example_xcom to 2021-01-01T00:00:00+00:00
[2022-03-23 05:26:07,354] {processor.py:171} INFO - Processing /home/lowenhard/acceleration/env/lib/python3.8/site-packages/airflow/example_dags/example_xcom.py took 1.642 seconds
[2022-03-23 05:26:51,275] {processor.py:163} INFO - Started process (PID=392) to work on /home/lowenhard/acceleration/env/lib/python3.8/site-packages/airflow/example_dags/example_xcom.py
[2022-03-23 05:26:51,333] {processor.py:642} INFO - Processing file /home/lowenhard/acceleration/env/lib/python3.8/site-packages/airflow/example_dags/example_xcom.py for tasks to queue
[2022-03-23 05:26:51,334] {logging_mixin.py:109} INFO - [2022-03-23 05:26:51,334] {dagbag.py:500} INFO - Filling up the DagBag from /home/lowenhard/acceleration/env/lib/python3.8/site-packages/airflow/example_dags/example_xcom.py
[2022-03-23 05:26:51,362] {processor.py:654} INFO - DAG(s) dict_keys(['example_xcom']) retrieved from /home/lowenhard/acceleration/env/lib/python3.8/site-packages/airflow/example_dags/example_xcom.py
[2022-03-23 05:26:51,525] {logging_mixin.py:109} INFO - [2022-03-23 05:26:51,525] {dag.py:2398} INFO - Sync 1 DAGs
[2022-03-23 05:26:51,618] {logging_mixin.py:109} INFO - [2022-03-23 05:26:51,618] {dag.py:2937} INFO - Setting next_dagrun for example_xcom to 2021-01-01T00:00:00+00:00
[2022-03-23 05:26:53,265] {processor.py:171} INFO - Processing /home/lowenhard/acceleration/env/lib/python3.8/site-packages/airflow/example_dags/example_xcom.py took 1.992 seconds
[2022-03-23 05:27:34,901] {processor.py:163} INFO - Started process (PID=414) to work on /home/lowenhard/acceleration/env/lib/python3.8/site-packages/airflow/example_dags/example_xcom.py
[2022-03-23 05:27:34,921] {processor.py:642} INFO - Processing file /home/lowenhard/acceleration/env/lib/python3.8/site-packages/airflow/example_dags/example_xcom.py for tasks to queue
[2022-03-23 05:27:34,922] {logging_mixin.py:109} INFO - [2022-03-23 05:27:34,921] {dagbag.py:500} INFO - Filling up the DagBag from /home/lowenhard/acceleration/env/lib/python3.8/site-packages/airflow/example_dags/example_xcom.py
[2022-03-23 05:27:34,950] {processor.py:654} INFO - DAG(s) dict_keys(['example_xcom']) retrieved from /home/lowenhard/acceleration/env/lib/python3.8/site-packages/airflow/example_dags/example_xcom.py
[2022-03-23 05:27:35,117] {logging_mixin.py:109} INFO - [2022-03-23 05:27:35,117] {dag.py:2398} INFO - Sync 1 DAGs
[2022-03-23 05:27:35,193] {logging_mixin.py:109} INFO - [2022-03-23 05:27:35,192] {dag.py:2937} INFO - Setting next_dagrun for example_xcom to 2021-01-01T00:00:00+00:00
[2022-03-23 05:27:36,705] {processor.py:171} INFO - Processing /home/lowenhard/acceleration/env/lib/python3.8/site-packages/airflow/example_dags/example_xcom.py took 1.806 seconds
[2022-03-23 05:28:28,850] {processor.py:163} INFO - Started process (PID=435) to work on /home/lowenhard/acceleration/env/lib/python3.8/site-packages/airflow/example_dags/example_xcom.py
[2022-03-23 05:28:29,885] {processor.py:642} INFO - Processing file /home/lowenhard/acceleration/env/lib/python3.8/site-packages/airflow/example_dags/example_xcom.py for tasks to queue
[2022-03-23 05:28:29,885] {logging_mixin.py:109} INFO - [2022-03-23 05:28:29,885] {dagbag.py:500} INFO - Filling up the DagBag from /home/lowenhard/acceleration/env/lib/python3.8/site-packages/airflow/example_dags/example_xcom.py
[2022-03-23 05:28:30,145] {processor.py:654} INFO - DAG(s) dict_keys(['example_xcom']) retrieved from /home/lowenhard/acceleration/env/lib/python3.8/site-packages/airflow/example_dags/example_xcom.py
[2022-03-23 05:28:30,344] {logging_mixin.py:109} INFO - [2022-03-23 05:28:30,344] {dag.py:2398} INFO - Sync 1 DAGs
[2022-03-23 05:28:30,420] {logging_mixin.py:109} INFO - [2022-03-23 05:28:30,420] {dag.py:2937} INFO - Setting next_dagrun for example_xcom to 2021-01-01T00:00:00+00:00
[2022-03-23 05:28:30,558] {processor.py:171} INFO - Processing /home/lowenhard/acceleration/env/lib/python3.8/site-packages/airflow/example_dags/example_xcom.py took 1.711 seconds
[2022-03-23 05:28:59,469] {processor.py:163} INFO - Started process (PID=465) to work on /home/lowenhard/acceleration/env/lib/python3.8/site-packages/airflow/example_dags/example_xcom.py
[2022-03-23 05:28:59,470] {processor.py:642} INFO - Processing file /home/lowenhard/acceleration/env/lib/python3.8/site-packages/airflow/example_dags/example_xcom.py for tasks to queue
[2022-03-23 05:28:59,481] {logging_mixin.py:109} INFO - [2022-03-23 05:28:59,481] {dagbag.py:500} INFO - Filling up the DagBag from /home/lowenhard/acceleration/env/lib/python3.8/site-packages/airflow/example_dags/example_xcom.py
[2022-03-23 05:28:59,991] {processor.py:654} INFO - DAG(s) dict_keys(['example_xcom']) retrieved from /home/lowenhard/acceleration/env/lib/python3.8/site-packages/airflow/example_dags/example_xcom.py
[2022-03-23 05:29:00,011] {logging_mixin.py:109} INFO - [2022-03-23 05:29:00,011] {dag.py:2398} INFO - Sync 1 DAGs
[2022-03-23 05:29:00,091] {logging_mixin.py:109} INFO - [2022-03-23 05:29:00,091] {dag.py:2937} INFO - Setting next_dagrun for example_xcom to 2021-01-01T00:00:00+00:00
[2022-03-23 05:29:00,980] {processor.py:171} INFO - Processing /home/lowenhard/acceleration/env/lib/python3.8/site-packages/airflow/example_dags/example_xcom.py took 1.514 seconds
[2022-03-23 05:30:14,785] {processor.py:163} INFO - Started process (PID=501) to work on /home/lowenhard/acceleration/env/lib/python3.8/site-packages/airflow/example_dags/example_xcom.py
[2022-03-23 05:30:14,816] {processor.py:642} INFO - Processing file /home/lowenhard/acceleration/env/lib/python3.8/site-packages/airflow/example_dags/example_xcom.py for tasks to queue
[2022-03-23 05:30:14,817] {logging_mixin.py:109} INFO - [2022-03-23 05:30:14,817] {dagbag.py:500} INFO - Filling up the DagBag from /home/lowenhard/acceleration/env/lib/python3.8/site-packages/airflow/example_dags/example_xcom.py
[2022-03-23 05:30:14,847] {processor.py:654} INFO - DAG(s) dict_keys(['example_xcom']) retrieved from /home/lowenhard/acceleration/env/lib/python3.8/site-packages/airflow/example_dags/example_xcom.py
[2022-03-23 05:30:15,038] {logging_mixin.py:109} INFO - [2022-03-23 05:30:15,038] {dag.py:2398} INFO - Sync 1 DAGs
[2022-03-23 05:30:15,049] {logging_mixin.py:109} INFO - [2022-03-23 05:30:15,048] {dag.py:2937} INFO - Setting next_dagrun for example_xcom to 2021-01-01T00:00:00+00:00
[2022-03-23 05:30:15,430] {processor.py:171} INFO - Processing /home/lowenhard/acceleration/env/lib/python3.8/site-packages/airflow/example_dags/example_xcom.py took 0.646 seconds
[2022-03-23 05:31:02,636] {processor.py:163} INFO - Started process (PID=521) to work on /home/lowenhard/acceleration/env/lib/python3.8/site-packages/airflow/example_dags/example_xcom.py
[2022-03-23 05:31:02,747] {processor.py:642} INFO - Processing file /home/lowenhard/acceleration/env/lib/python3.8/site-packages/airflow/example_dags/example_xcom.py for tasks to queue
[2022-03-23 05:31:02,748] {logging_mixin.py:109} INFO - [2022-03-23 05:31:02,748] {dagbag.py:500} INFO - Filling up the DagBag from /home/lowenhard/acceleration/env/lib/python3.8/site-packages/airflow/example_dags/example_xcom.py
[2022-03-23 05:31:02,773] {processor.py:654} INFO - DAG(s) dict_keys(['example_xcom']) retrieved from /home/lowenhard/acceleration/env/lib/python3.8/site-packages/airflow/example_dags/example_xcom.py
[2022-03-23 05:31:02,938] {logging_mixin.py:109} INFO - [2022-03-23 05:31:02,938] {dag.py:2398} INFO - Sync 1 DAGs
[2022-03-23 05:31:02,948] {logging_mixin.py:109} INFO - [2022-03-23 05:31:02,948] {dag.py:2937} INFO - Setting next_dagrun for example_xcom to 2021-01-01T00:00:00+00:00
[2022-03-23 05:31:03,671] {processor.py:171} INFO - Processing /home/lowenhard/acceleration/env/lib/python3.8/site-packages/airflow/example_dags/example_xcom.py took 1.038 seconds
[2022-03-23 05:31:54,890] {processor.py:163} INFO - Started process (PID=546) to work on /home/lowenhard/acceleration/env/lib/python3.8/site-packages/airflow/example_dags/example_xcom.py
[2022-03-23 05:31:55,022] {processor.py:642} INFO - Processing file /home/lowenhard/acceleration/env/lib/python3.8/site-packages/airflow/example_dags/example_xcom.py for tasks to queue
[2022-03-23 05:31:55,023] {logging_mixin.py:109} INFO - [2022-03-23 05:31:55,023] {dagbag.py:500} INFO - Filling up the DagBag from /home/lowenhard/acceleration/env/lib/python3.8/site-packages/airflow/example_dags/example_xcom.py
[2022-03-23 05:31:55,051] {processor.py:654} INFO - DAG(s) dict_keys(['example_xcom']) retrieved from /home/lowenhard/acceleration/env/lib/python3.8/site-packages/airflow/example_dags/example_xcom.py
[2022-03-23 05:31:55,248] {logging_mixin.py:109} INFO - [2022-03-23 05:31:55,248] {dag.py:2398} INFO - Sync 1 DAGs
[2022-03-23 05:31:55,260] {logging_mixin.py:109} INFO - [2022-03-23 05:31:55,259] {dag.py:2937} INFO - Setting next_dagrun for example_xcom to 2021-01-01T00:00:00+00:00
[2022-03-23 05:31:55,435] {processor.py:171} INFO - Processing /home/lowenhard/acceleration/env/lib/python3.8/site-packages/airflow/example_dags/example_xcom.py took 0.548 seconds
[2022-03-23 05:33:20,413] {processor.py:163} INFO - Started process (PID=587) to work on /home/lowenhard/acceleration/env/lib/python3.8/site-packages/airflow/example_dags/example_xcom.py
[2022-03-23 05:33:20,422] {processor.py:642} INFO - Processing file /home/lowenhard/acceleration/env/lib/python3.8/site-packages/airflow/example_dags/example_xcom.py for tasks to queue
[2022-03-23 05:33:20,423] {logging_mixin.py:109} INFO - [2022-03-23 05:33:20,423] {dagbag.py:500} INFO - Filling up the DagBag from /home/lowenhard/acceleration/env/lib/python3.8/site-packages/airflow/example_dags/example_xcom.py
[2022-03-23 05:33:20,448] {processor.py:654} INFO - DAG(s) dict_keys(['example_xcom']) retrieved from /home/lowenhard/acceleration/env/lib/python3.8/site-packages/airflow/example_dags/example_xcom.py
[2022-03-23 05:33:20,629] {logging_mixin.py:109} INFO - [2022-03-23 05:33:20,629] {dag.py:2398} INFO - Sync 1 DAGs
[2022-03-23 05:33:20,640] {logging_mixin.py:109} INFO - [2022-03-23 05:33:20,640] {dag.py:2937} INFO - Setting next_dagrun for example_xcom to 2021-01-01T00:00:00+00:00
[2022-03-23 05:33:20,812] {processor.py:171} INFO - Processing /home/lowenhard/acceleration/env/lib/python3.8/site-packages/airflow/example_dags/example_xcom.py took 0.401 seconds
[2022-03-23 05:34:11,089] {processor.py:163} INFO - Started process (PID=610) to work on /home/lowenhard/acceleration/env/lib/python3.8/site-packages/airflow/example_dags/example_xcom.py
[2022-03-23 05:34:11,100] {processor.py:642} INFO - Processing file /home/lowenhard/acceleration/env/lib/python3.8/site-packages/airflow/example_dags/example_xcom.py for tasks to queue
[2022-03-23 05:34:11,101] {logging_mixin.py:109} INFO - [2022-03-23 05:34:11,100] {dagbag.py:500} INFO - Filling up the DagBag from /home/lowenhard/acceleration/env/lib/python3.8/site-packages/airflow/example_dags/example_xcom.py
[2022-03-23 05:34:11,125] {processor.py:654} INFO - DAG(s) dict_keys(['example_xcom']) retrieved from /home/lowenhard/acceleration/env/lib/python3.8/site-packages/airflow/example_dags/example_xcom.py
[2022-03-23 05:34:11,333] {logging_mixin.py:109} INFO - [2022-03-23 05:34:11,333] {dag.py:2398} INFO - Sync 1 DAGs
[2022-03-23 05:34:11,414] {logging_mixin.py:109} INFO - [2022-03-23 05:34:11,414] {dag.py:2937} INFO - Setting next_dagrun for example_xcom to 2021-01-01T00:00:00+00:00
[2022-03-23 05:34:12,941] {processor.py:171} INFO - Processing /home/lowenhard/acceleration/env/lib/python3.8/site-packages/airflow/example_dags/example_xcom.py took 1.854 seconds
[2022-03-23 05:34:57,659] {processor.py:163} INFO - Started process (PID=632) to work on /home/lowenhard/acceleration/env/lib/python3.8/site-packages/airflow/example_dags/example_xcom.py
[2022-03-23 05:34:57,669] {processor.py:642} INFO - Processing file /home/lowenhard/acceleration/env/lib/python3.8/site-packages/airflow/example_dags/example_xcom.py for tasks to queue
[2022-03-23 05:34:57,670] {logging_mixin.py:109} INFO - [2022-03-23 05:34:57,670] {dagbag.py:500} INFO - Filling up the DagBag from /home/lowenhard/acceleration/env/lib/python3.8/site-packages/airflow/example_dags/example_xcom.py
[2022-03-23 05:34:57,693] {processor.py:654} INFO - DAG(s) dict_keys(['example_xcom']) retrieved from /home/lowenhard/acceleration/env/lib/python3.8/site-packages/airflow/example_dags/example_xcom.py
[2022-03-23 05:34:57,883] {logging_mixin.py:109} INFO - [2022-03-23 05:34:57,883] {dag.py:2398} INFO - Sync 1 DAGs
[2022-03-23 05:34:57,957] {logging_mixin.py:109} INFO - [2022-03-23 05:34:57,957] {dag.py:2937} INFO - Setting next_dagrun for example_xcom to 2021-01-01T00:00:00+00:00
[2022-03-23 05:34:58,822] {processor.py:171} INFO - Processing /home/lowenhard/acceleration/env/lib/python3.8/site-packages/airflow/example_dags/example_xcom.py took 1.165 seconds
[2022-03-23 05:35:42,550] {processor.py:163} INFO - Started process (PID=653) to work on /home/lowenhard/acceleration/env/lib/python3.8/site-packages/airflow/example_dags/example_xcom.py
[2022-03-23 05:35:42,707] {processor.py:642} INFO - Processing file /home/lowenhard/acceleration/env/lib/python3.8/site-packages/airflow/example_dags/example_xcom.py for tasks to queue
[2022-03-23 05:35:42,708] {logging_mixin.py:109} INFO - [2022-03-23 05:35:42,708] {dagbag.py:500} INFO - Filling up the DagBag from /home/lowenhard/acceleration/env/lib/python3.8/site-packages/airflow/example_dags/example_xcom.py
[2022-03-23 05:35:42,734] {processor.py:654} INFO - DAG(s) dict_keys(['example_xcom']) retrieved from /home/lowenhard/acceleration/env/lib/python3.8/site-packages/airflow/example_dags/example_xcom.py
[2022-03-23 05:35:42,934] {logging_mixin.py:109} INFO - [2022-03-23 05:35:42,934] {dag.py:2398} INFO - Sync 1 DAGs
[2022-03-23 05:35:43,011] {logging_mixin.py:109} INFO - [2022-03-23 05:35:43,011] {dag.py:2937} INFO - Setting next_dagrun for example_xcom to 2021-01-01T00:00:00+00:00
[2022-03-23 05:35:43,150] {processor.py:171} INFO - Processing /home/lowenhard/acceleration/env/lib/python3.8/site-packages/airflow/example_dags/example_xcom.py took 0.603 seconds
[2022-03-23 05:36:27,074] {processor.py:163} INFO - Started process (PID=673) to work on /home/lowenhard/acceleration/env/lib/python3.8/site-packages/airflow/example_dags/example_xcom.py
[2022-03-23 05:36:27,075] {processor.py:642} INFO - Processing file /home/lowenhard/acceleration/env/lib/python3.8/site-packages/airflow/example_dags/example_xcom.py for tasks to queue
[2022-03-23 05:36:27,076] {logging_mixin.py:109} INFO - [2022-03-23 05:36:27,076] {dagbag.py:500} INFO - Filling up the DagBag from /home/lowenhard/acceleration/env/lib/python3.8/site-packages/airflow/example_dags/example_xcom.py
[2022-03-23 05:36:27,111] {processor.py:654} INFO - DAG(s) dict_keys(['example_xcom']) retrieved from /home/lowenhard/acceleration/env/lib/python3.8/site-packages/airflow/example_dags/example_xcom.py
[2022-03-23 05:36:27,460] {logging_mixin.py:109} INFO - [2022-03-23 05:36:27,460] {dag.py:2398} INFO - Sync 1 DAGs
[2022-03-23 05:36:27,471] {logging_mixin.py:109} INFO - [2022-03-23 05:36:27,471] {dag.py:2937} INFO - Setting next_dagrun for example_xcom to 2021-01-01T00:00:00+00:00
[2022-03-23 05:36:28,097] {processor.py:171} INFO - Processing /home/lowenhard/acceleration/env/lib/python3.8/site-packages/airflow/example_dags/example_xcom.py took 1.025 seconds
[2022-03-23 05:37:18,343] {processor.py:163} INFO - Started process (PID=702) to work on /home/lowenhard/acceleration/env/lib/python3.8/site-packages/airflow/example_dags/example_xcom.py
[2022-03-23 05:37:18,367] {processor.py:642} INFO - Processing file /home/lowenhard/acceleration/env/lib/python3.8/site-packages/airflow/example_dags/example_xcom.py for tasks to queue
[2022-03-23 05:37:18,368] {logging_mixin.py:109} INFO - [2022-03-23 05:37:18,368] {dagbag.py:500} INFO - Filling up the DagBag from /home/lowenhard/acceleration/env/lib/python3.8/site-packages/airflow/example_dags/example_xcom.py
[2022-03-23 05:37:18,390] {processor.py:654} INFO - DAG(s) dict_keys(['example_xcom']) retrieved from /home/lowenhard/acceleration/env/lib/python3.8/site-packages/airflow/example_dags/example_xcom.py
[2022-03-23 05:37:18,696] {logging_mixin.py:109} INFO - [2022-03-23 05:37:18,696] {dag.py:2398} INFO - Sync 1 DAGs
[2022-03-23 05:37:18,709] {logging_mixin.py:109} INFO - [2022-03-23 05:37:18,709] {dag.py:2937} INFO - Setting next_dagrun for example_xcom to 2021-01-01T00:00:00+00:00
[2022-03-23 05:37:18,873] {processor.py:171} INFO - Processing /home/lowenhard/acceleration/env/lib/python3.8/site-packages/airflow/example_dags/example_xcom.py took 0.532 seconds
[2022-03-23 05:38:21,989] {processor.py:163} INFO - Started process (PID=727) to work on /home/lowenhard/acceleration/env/lib/python3.8/site-packages/airflow/example_dags/example_xcom.py
[2022-03-23 05:38:22,153] {processor.py:642} INFO - Processing file /home/lowenhard/acceleration/env/lib/python3.8/site-packages/airflow/example_dags/example_xcom.py for tasks to queue
[2022-03-23 05:38:22,154] {logging_mixin.py:109} INFO - [2022-03-23 05:38:22,154] {dagbag.py:500} INFO - Filling up the DagBag from /home/lowenhard/acceleration/env/lib/python3.8/site-packages/airflow/example_dags/example_xcom.py
[2022-03-23 05:38:22,191] {processor.py:654} INFO - DAG(s) dict_keys(['example_xcom']) retrieved from /home/lowenhard/acceleration/env/lib/python3.8/site-packages/airflow/example_dags/example_xcom.py
[2022-03-23 05:38:22,498] {logging_mixin.py:109} INFO - [2022-03-23 05:38:22,497] {dag.py:2398} INFO - Sync 1 DAGs
[2022-03-23 05:38:22,509] {logging_mixin.py:109} INFO - [2022-03-23 05:38:22,509] {dag.py:2937} INFO - Setting next_dagrun for example_xcom to 2021-01-01T00:00:00+00:00
[2022-03-23 05:38:23,848] {processor.py:171} INFO - Processing /home/lowenhard/acceleration/env/lib/python3.8/site-packages/airflow/example_dags/example_xcom.py took 1.864 seconds
[2022-03-23 05:40:21,640] {processor.py:163} INFO - Started process (PID=760) to work on /home/lowenhard/acceleration/env/lib/python3.8/site-packages/airflow/example_dags/example_xcom.py
[2022-03-23 05:40:21,864] {processor.py:642} INFO - Processing file /home/lowenhard/acceleration/env/lib/python3.8/site-packages/airflow/example_dags/example_xcom.py for tasks to queue
[2022-03-23 05:40:21,865] {logging_mixin.py:109} INFO - [2022-03-23 05:40:21,865] {dagbag.py:500} INFO - Filling up the DagBag from /home/lowenhard/acceleration/env/lib/python3.8/site-packages/airflow/example_dags/example_xcom.py
[2022-03-23 05:40:22,019] {processor.py:654} INFO - DAG(s) dict_keys(['example_xcom']) retrieved from /home/lowenhard/acceleration/env/lib/python3.8/site-packages/airflow/example_dags/example_xcom.py
[2022-03-23 05:40:22,036] {logging_mixin.py:109} INFO - [2022-03-23 05:40:22,035] {dag.py:2398} INFO - Sync 1 DAGs
[2022-03-23 05:40:22,128] {logging_mixin.py:109} INFO - [2022-03-23 05:40:22,128] {dag.py:2937} INFO - Setting next_dagrun for example_xcom to 2021-01-01T00:00:00+00:00
[2022-03-23 05:40:22,848] {processor.py:171} INFO - Processing /home/lowenhard/acceleration/env/lib/python3.8/site-packages/airflow/example_dags/example_xcom.py took 1.215 seconds
[2022-03-23 05:41:40,385] {processor.py:163} INFO - Started process (PID=795) to work on /home/lowenhard/acceleration/env/lib/python3.8/site-packages/airflow/example_dags/example_xcom.py
[2022-03-23 05:41:40,660] {processor.py:642} INFO - Processing file /home/lowenhard/acceleration/env/lib/python3.8/site-packages/airflow/example_dags/example_xcom.py for tasks to queue
[2022-03-23 05:41:40,661] {logging_mixin.py:109} INFO - [2022-03-23 05:41:40,660] {dagbag.py:500} INFO - Filling up the DagBag from /home/lowenhard/acceleration/env/lib/python3.8/site-packages/airflow/example_dags/example_xcom.py
[2022-03-23 05:41:40,685] {processor.py:654} INFO - DAG(s) dict_keys(['example_xcom']) retrieved from /home/lowenhard/acceleration/env/lib/python3.8/site-packages/airflow/example_dags/example_xcom.py
[2022-03-23 05:41:40,874] {logging_mixin.py:109} INFO - [2022-03-23 05:41:40,874] {dag.py:2398} INFO - Sync 1 DAGs
[2022-03-23 05:41:40,882] {logging_mixin.py:109} INFO - [2022-03-23 05:41:40,882] {dag.py:2937} INFO - Setting next_dagrun for example_xcom to 2021-01-01T00:00:00+00:00
[2022-03-23 05:41:41,085] {processor.py:171} INFO - Processing /home/lowenhard/acceleration/env/lib/python3.8/site-packages/airflow/example_dags/example_xcom.py took 0.702 seconds
[2022-03-23 05:42:31,182] {processor.py:163} INFO - Started process (PID=824) to work on /home/lowenhard/acceleration/env/lib/python3.8/site-packages/airflow/example_dags/example_xcom.py
[2022-03-23 05:42:31,195] {processor.py:642} INFO - Processing file /home/lowenhard/acceleration/env/lib/python3.8/site-packages/airflow/example_dags/example_xcom.py for tasks to queue
[2022-03-23 05:42:31,196] {logging_mixin.py:109} INFO - [2022-03-23 05:42:31,196] {dagbag.py:500} INFO - Filling up the DagBag from /home/lowenhard/acceleration/env/lib/python3.8/site-packages/airflow/example_dags/example_xcom.py
[2022-03-23 05:42:31,221] {processor.py:654} INFO - DAG(s) dict_keys(['example_xcom']) retrieved from /home/lowenhard/acceleration/env/lib/python3.8/site-packages/airflow/example_dags/example_xcom.py
[2022-03-23 05:42:31,398] {logging_mixin.py:109} INFO - [2022-03-23 05:42:31,398] {dag.py:2398} INFO - Sync 1 DAGs
[2022-03-23 05:42:31,408] {logging_mixin.py:109} INFO - [2022-03-23 05:42:31,408] {dag.py:2937} INFO - Setting next_dagrun for example_xcom to 2021-01-01T00:00:00+00:00
[2022-03-23 05:42:32,135] {processor.py:171} INFO - Processing /home/lowenhard/acceleration/env/lib/python3.8/site-packages/airflow/example_dags/example_xcom.py took 0.956 seconds
[2022-03-23 05:43:17,183] {processor.py:163} INFO - Started process (PID=856) to work on /home/lowenhard/acceleration/env/lib/python3.8/site-packages/airflow/example_dags/example_xcom.py
[2022-03-23 05:43:17,229] {processor.py:642} INFO - Processing file /home/lowenhard/acceleration/env/lib/python3.8/site-packages/airflow/example_dags/example_xcom.py for tasks to queue
[2022-03-23 05:43:17,230] {logging_mixin.py:109} INFO - [2022-03-23 05:43:17,230] {dagbag.py:500} INFO - Filling up the DagBag from /home/lowenhard/acceleration/env/lib/python3.8/site-packages/airflow/example_dags/example_xcom.py
[2022-03-23 05:43:17,257] {processor.py:654} INFO - DAG(s) dict_keys(['example_xcom']) retrieved from /home/lowenhard/acceleration/env/lib/python3.8/site-packages/airflow/example_dags/example_xcom.py
[2022-03-23 05:43:17,559] {logging_mixin.py:109} INFO - [2022-03-23 05:43:17,559] {dag.py:2398} INFO - Sync 1 DAGs
[2022-03-23 05:43:17,571] {logging_mixin.py:109} INFO - [2022-03-23 05:43:17,571] {dag.py:2937} INFO - Setting next_dagrun for example_xcom to 2021-01-01T00:00:00+00:00
[2022-03-23 05:43:18,163] {processor.py:171} INFO - Processing /home/lowenhard/acceleration/env/lib/python3.8/site-packages/airflow/example_dags/example_xcom.py took 0.983 seconds
[2022-03-23 05:44:33,781] {processor.py:163} INFO - Started process (PID=896) to work on /home/lowenhard/acceleration/env/lib/python3.8/site-packages/airflow/example_dags/example_xcom.py
[2022-03-23 05:44:33,795] {processor.py:642} INFO - Processing file /home/lowenhard/acceleration/env/lib/python3.8/site-packages/airflow/example_dags/example_xcom.py for tasks to queue
[2022-03-23 05:44:33,795] {logging_mixin.py:109} INFO - [2022-03-23 05:44:33,795] {dagbag.py:500} INFO - Filling up the DagBag from /home/lowenhard/acceleration/env/lib/python3.8/site-packages/airflow/example_dags/example_xcom.py
[2022-03-23 05:44:33,825] {processor.py:654} INFO - DAG(s) dict_keys(['example_xcom']) retrieved from /home/lowenhard/acceleration/env/lib/python3.8/site-packages/airflow/example_dags/example_xcom.py
[2022-03-23 05:44:34,034] {logging_mixin.py:109} INFO - [2022-03-23 05:44:34,034] {dag.py:2398} INFO - Sync 1 DAGs
[2022-03-23 05:44:34,112] {logging_mixin.py:109} INFO - [2022-03-23 05:44:34,112] {dag.py:2937} INFO - Setting next_dagrun for example_xcom to 2021-01-01T00:00:00+00:00
[2022-03-23 05:44:34,263] {processor.py:171} INFO - Processing /home/lowenhard/acceleration/env/lib/python3.8/site-packages/airflow/example_dags/example_xcom.py took 0.485 seconds
[2022-03-23 05:46:00,213] {processor.py:163} INFO - Started process (PID=936) to work on /home/lowenhard/acceleration/env/lib/python3.8/site-packages/airflow/example_dags/example_xcom.py
[2022-03-23 05:46:00,293] {processor.py:642} INFO - Processing file /home/lowenhard/acceleration/env/lib/python3.8/site-packages/airflow/example_dags/example_xcom.py for tasks to queue
[2022-03-23 05:46:00,294] {logging_mixin.py:109} INFO - [2022-03-23 05:46:00,293] {dagbag.py:500} INFO - Filling up the DagBag from /home/lowenhard/acceleration/env/lib/python3.8/site-packages/airflow/example_dags/example_xcom.py
[2022-03-23 05:46:00,323] {processor.py:654} INFO - DAG(s) dict_keys(['example_xcom']) retrieved from /home/lowenhard/acceleration/env/lib/python3.8/site-packages/airflow/example_dags/example_xcom.py
[2022-03-23 05:46:00,690] {logging_mixin.py:109} INFO - [2022-03-23 05:46:00,690] {dag.py:2398} INFO - Sync 1 DAGs
[2022-03-23 05:46:00,706] {logging_mixin.py:109} INFO - [2022-03-23 05:46:00,706] {dag.py:2937} INFO - Setting next_dagrun for example_xcom to 2021-01-01T00:00:00+00:00
[2022-03-23 05:46:01,814] {processor.py:171} INFO - Processing /home/lowenhard/acceleration/env/lib/python3.8/site-packages/airflow/example_dags/example_xcom.py took 1.607 seconds
[2022-03-23 05:46:58,315] {processor.py:163} INFO - Started process (PID=959) to work on /home/lowenhard/acceleration/env/lib/python3.8/site-packages/airflow/example_dags/example_xcom.py
[2022-03-23 05:46:59,285] {processor.py:642} INFO - Processing file /home/lowenhard/acceleration/env/lib/python3.8/site-packages/airflow/example_dags/example_xcom.py for tasks to queue
[2022-03-23 05:46:59,285] {logging_mixin.py:109} INFO - [2022-03-23 05:46:59,285] {dagbag.py:500} INFO - Filling up the DagBag from /home/lowenhard/acceleration/env/lib/python3.8/site-packages/airflow/example_dags/example_xcom.py
[2022-03-23 05:46:59,315] {processor.py:654} INFO - DAG(s) dict_keys(['example_xcom']) retrieved from /home/lowenhard/acceleration/env/lib/python3.8/site-packages/airflow/example_dags/example_xcom.py
[2022-03-23 05:46:59,654] {logging_mixin.py:109} INFO - [2022-03-23 05:46:59,654] {dag.py:2398} INFO - Sync 1 DAGs
[2022-03-23 05:46:59,664] {logging_mixin.py:109} INFO - [2022-03-23 05:46:59,664] {dag.py:2937} INFO - Setting next_dagrun for example_xcom to 2021-01-01T00:00:00+00:00
[2022-03-23 05:47:00,899] {processor.py:171} INFO - Processing /home/lowenhard/acceleration/env/lib/python3.8/site-packages/airflow/example_dags/example_xcom.py took 2.587 seconds
[2022-03-23 05:47:47,698] {processor.py:163} INFO - Started process (PID=982) to work on /home/lowenhard/acceleration/env/lib/python3.8/site-packages/airflow/example_dags/example_xcom.py
[2022-03-23 05:47:47,720] {processor.py:642} INFO - Processing file /home/lowenhard/acceleration/env/lib/python3.8/site-packages/airflow/example_dags/example_xcom.py for tasks to queue
[2022-03-23 05:47:47,720] {logging_mixin.py:109} INFO - [2022-03-23 05:47:47,720] {dagbag.py:500} INFO - Filling up the DagBag from /home/lowenhard/acceleration/env/lib/python3.8/site-packages/airflow/example_dags/example_xcom.py
[2022-03-23 05:47:47,744] {processor.py:654} INFO - DAG(s) dict_keys(['example_xcom']) retrieved from /home/lowenhard/acceleration/env/lib/python3.8/site-packages/airflow/example_dags/example_xcom.py
[2022-03-23 05:47:47,987] {logging_mixin.py:109} INFO - [2022-03-23 05:47:47,987] {dag.py:2398} INFO - Sync 1 DAGs
[2022-03-23 05:47:47,999] {logging_mixin.py:109} INFO - [2022-03-23 05:47:47,999] {dag.py:2937} INFO - Setting next_dagrun for example_xcom to 2021-01-01T00:00:00+00:00
[2022-03-23 05:47:48,139] {processor.py:171} INFO - Processing /home/lowenhard/acceleration/env/lib/python3.8/site-packages/airflow/example_dags/example_xcom.py took 0.444 seconds
[2022-03-23 05:48:27,521] {processor.py:163} INFO - Started process (PID=1003) to work on /home/lowenhard/acceleration/env/lib/python3.8/site-packages/airflow/example_dags/example_xcom.py
[2022-03-23 05:48:28,208] {processor.py:642} INFO - Processing file /home/lowenhard/acceleration/env/lib/python3.8/site-packages/airflow/example_dags/example_xcom.py for tasks to queue
[2022-03-23 05:48:28,209] {logging_mixin.py:109} INFO - [2022-03-23 05:48:28,209] {dagbag.py:500} INFO - Filling up the DagBag from /home/lowenhard/acceleration/env/lib/python3.8/site-packages/airflow/example_dags/example_xcom.py
[2022-03-23 05:48:28,413] {processor.py:654} INFO - DAG(s) dict_keys(['example_xcom']) retrieved from /home/lowenhard/acceleration/env/lib/python3.8/site-packages/airflow/example_dags/example_xcom.py
[2022-03-23 05:48:28,667] {logging_mixin.py:109} INFO - [2022-03-23 05:48:28,667] {dag.py:2398} INFO - Sync 1 DAGs
[2022-03-23 05:48:28,675] {logging_mixin.py:109} INFO - [2022-03-23 05:48:28,675] {dag.py:2937} INFO - Setting next_dagrun for example_xcom to 2021-01-01T00:00:00+00:00
[2022-03-23 05:48:29,467] {processor.py:171} INFO - Processing /home/lowenhard/acceleration/env/lib/python3.8/site-packages/airflow/example_dags/example_xcom.py took 1.948 seconds
[2022-03-23 05:49:39,981] {processor.py:163} INFO - Started process (PID=1048) to work on /home/lowenhard/acceleration/env/lib/python3.8/site-packages/airflow/example_dags/example_xcom.py
[2022-03-23 05:49:39,992] {processor.py:642} INFO - Processing file /home/lowenhard/acceleration/env/lib/python3.8/site-packages/airflow/example_dags/example_xcom.py for tasks to queue
[2022-03-23 05:49:39,993] {logging_mixin.py:109} INFO - [2022-03-23 05:49:39,992] {dagbag.py:500} INFO - Filling up the DagBag from /home/lowenhard/acceleration/env/lib/python3.8/site-packages/airflow/example_dags/example_xcom.py
[2022-03-23 05:49:40,078] {processor.py:654} INFO - DAG(s) dict_keys(['example_xcom']) retrieved from /home/lowenhard/acceleration/env/lib/python3.8/site-packages/airflow/example_dags/example_xcom.py
[2022-03-23 05:49:40,096] {logging_mixin.py:109} INFO - [2022-03-23 05:49:40,095] {dag.py:2398} INFO - Sync 1 DAGs
[2022-03-23 05:49:40,139] {logging_mixin.py:109} INFO - [2022-03-23 05:49:40,138] {dag.py:2937} INFO - Setting next_dagrun for example_xcom to 2021-01-01T00:00:00+00:00
[2022-03-23 05:49:40,754] {processor.py:171} INFO - Processing /home/lowenhard/acceleration/env/lib/python3.8/site-packages/airflow/example_dags/example_xcom.py took 0.786 seconds
[2022-03-23 05:51:02,676] {processor.py:163} INFO - Started process (PID=1083) to work on /home/lowenhard/acceleration/env/lib/python3.8/site-packages/airflow/example_dags/example_xcom.py
[2022-03-23 05:51:02,691] {processor.py:642} INFO - Processing file /home/lowenhard/acceleration/env/lib/python3.8/site-packages/airflow/example_dags/example_xcom.py for tasks to queue
[2022-03-23 05:51:02,692] {logging_mixin.py:109} INFO - [2022-03-23 05:51:02,692] {dagbag.py:500} INFO - Filling up the DagBag from /home/lowenhard/acceleration/env/lib/python3.8/site-packages/airflow/example_dags/example_xcom.py
[2022-03-23 05:51:02,730] {processor.py:654} INFO - DAG(s) dict_keys(['example_xcom']) retrieved from /home/lowenhard/acceleration/env/lib/python3.8/site-packages/airflow/example_dags/example_xcom.py
[2022-03-23 05:51:03,026] {logging_mixin.py:109} INFO - [2022-03-23 05:51:03,025] {dag.py:2398} INFO - Sync 1 DAGs
[2022-03-23 05:51:03,041] {logging_mixin.py:109} INFO - [2022-03-23 05:51:03,041] {dag.py:2937} INFO - Setting next_dagrun for example_xcom to 2021-01-01T00:00:00+00:00
[2022-03-23 05:51:04,016] {processor.py:171} INFO - Processing /home/lowenhard/acceleration/env/lib/python3.8/site-packages/airflow/example_dags/example_xcom.py took 1.342 seconds
[2022-03-23 05:51:58,621] {processor.py:163} INFO - Started process (PID=1105) to work on /home/lowenhard/acceleration/env/lib/python3.8/site-packages/airflow/example_dags/example_xcom.py
[2022-03-23 05:51:58,632] {processor.py:642} INFO - Processing file /home/lowenhard/acceleration/env/lib/python3.8/site-packages/airflow/example_dags/example_xcom.py for tasks to queue
[2022-03-23 05:51:58,633] {logging_mixin.py:109} INFO - [2022-03-23 05:51:58,633] {dagbag.py:500} INFO - Filling up the DagBag from /home/lowenhard/acceleration/env/lib/python3.8/site-packages/airflow/example_dags/example_xcom.py
[2022-03-23 05:51:58,673] {processor.py:654} INFO - DAG(s) dict_keys(['example_xcom']) retrieved from /home/lowenhard/acceleration/env/lib/python3.8/site-packages/airflow/example_dags/example_xcom.py
[2022-03-23 05:51:59,163] {logging_mixin.py:109} INFO - [2022-03-23 05:51:59,163] {dag.py:2398} INFO - Sync 1 DAGs
[2022-03-23 05:51:59,214] {logging_mixin.py:109} INFO - [2022-03-23 05:51:59,214] {dag.py:2937} INFO - Setting next_dagrun for example_xcom to 2021-01-01T00:00:00+00:00
[2022-03-23 05:51:59,582] {processor.py:171} INFO - Processing /home/lowenhard/acceleration/env/lib/python3.8/site-packages/airflow/example_dags/example_xcom.py took 0.965 seconds
[2022-03-23 05:52:59,146] {processor.py:163} INFO - Started process (PID=1129) to work on /home/lowenhard/acceleration/env/lib/python3.8/site-packages/airflow/example_dags/example_xcom.py
[2022-03-23 05:52:59,342] {processor.py:642} INFO - Processing file /home/lowenhard/acceleration/env/lib/python3.8/site-packages/airflow/example_dags/example_xcom.py for tasks to queue
[2022-03-23 05:52:59,343] {logging_mixin.py:109} INFO - [2022-03-23 05:52:59,343] {dagbag.py:500} INFO - Filling up the DagBag from /home/lowenhard/acceleration/env/lib/python3.8/site-packages/airflow/example_dags/example_xcom.py
[2022-03-23 05:52:59,377] {processor.py:654} INFO - DAG(s) dict_keys(['example_xcom']) retrieved from /home/lowenhard/acceleration/env/lib/python3.8/site-packages/airflow/example_dags/example_xcom.py
[2022-03-23 05:52:59,555] {logging_mixin.py:109} INFO - [2022-03-23 05:52:59,555] {dag.py:2398} INFO - Sync 1 DAGs
[2022-03-23 05:52:59,630] {logging_mixin.py:109} INFO - [2022-03-23 05:52:59,630] {dag.py:2937} INFO - Setting next_dagrun for example_xcom to 2021-01-01T00:00:00+00:00
[2022-03-23 05:53:00,307] {processor.py:171} INFO - Processing /home/lowenhard/acceleration/env/lib/python3.8/site-packages/airflow/example_dags/example_xcom.py took 1.164 seconds
[2022-03-23 05:53:54,546] {processor.py:163} INFO - Started process (PID=1152) to work on /home/lowenhard/acceleration/env/lib/python3.8/site-packages/airflow/example_dags/example_xcom.py
[2022-03-23 05:53:54,637] {processor.py:642} INFO - Processing file /home/lowenhard/acceleration/env/lib/python3.8/site-packages/airflow/example_dags/example_xcom.py for tasks to queue
[2022-03-23 05:53:54,637] {logging_mixin.py:109} INFO - [2022-03-23 05:53:54,637] {dagbag.py:500} INFO - Filling up the DagBag from /home/lowenhard/acceleration/env/lib/python3.8/site-packages/airflow/example_dags/example_xcom.py
[2022-03-23 05:53:54,661] {processor.py:654} INFO - DAG(s) dict_keys(['example_xcom']) retrieved from /home/lowenhard/acceleration/env/lib/python3.8/site-packages/airflow/example_dags/example_xcom.py
[2022-03-23 05:53:56,096] {logging_mixin.py:109} INFO - [2022-03-23 05:53:56,096] {dag.py:2398} INFO - Sync 1 DAGs
[2022-03-23 05:53:56,177] {logging_mixin.py:109} INFO - [2022-03-23 05:53:56,177] {dag.py:2937} INFO - Setting next_dagrun for example_xcom to 2021-01-01T00:00:00+00:00
[2022-03-23 05:53:56,319] {processor.py:171} INFO - Processing /home/lowenhard/acceleration/env/lib/python3.8/site-packages/airflow/example_dags/example_xcom.py took 1.776 seconds
[2022-03-23 05:54:53,051] {processor.py:163} INFO - Started process (PID=1179) to work on /home/lowenhard/acceleration/env/lib/python3.8/site-packages/airflow/example_dags/example_xcom.py
[2022-03-23 05:54:53,060] {processor.py:642} INFO - Processing file /home/lowenhard/acceleration/env/lib/python3.8/site-packages/airflow/example_dags/example_xcom.py for tasks to queue
[2022-03-23 05:54:53,060] {logging_mixin.py:109} INFO - [2022-03-23 05:54:53,060] {dagbag.py:500} INFO - Filling up the DagBag from /home/lowenhard/acceleration/env/lib/python3.8/site-packages/airflow/example_dags/example_xcom.py
[2022-03-23 05:54:53,088] {processor.py:654} INFO - DAG(s) dict_keys(['example_xcom']) retrieved from /home/lowenhard/acceleration/env/lib/python3.8/site-packages/airflow/example_dags/example_xcom.py
[2022-03-23 05:54:53,280] {logging_mixin.py:109} INFO - [2022-03-23 05:54:53,280] {dag.py:2398} INFO - Sync 1 DAGs
[2022-03-23 05:54:53,357] {logging_mixin.py:109} INFO - [2022-03-23 05:54:53,357] {dag.py:2937} INFO - Setting next_dagrun for example_xcom to 2021-01-01T00:00:00+00:00
[2022-03-23 05:54:54,379] {processor.py:171} INFO - Processing /home/lowenhard/acceleration/env/lib/python3.8/site-packages/airflow/example_dags/example_xcom.py took 1.330 seconds
[2022-03-23 05:55:43,911] {processor.py:163} INFO - Started process (PID=1200) to work on /home/lowenhard/acceleration/env/lib/python3.8/site-packages/airflow/example_dags/example_xcom.py
[2022-03-23 05:55:43,923] {processor.py:642} INFO - Processing file /home/lowenhard/acceleration/env/lib/python3.8/site-packages/airflow/example_dags/example_xcom.py for tasks to queue
[2022-03-23 05:55:43,924] {logging_mixin.py:109} INFO - [2022-03-23 05:55:43,924] {dagbag.py:500} INFO - Filling up the DagBag from /home/lowenhard/acceleration/env/lib/python3.8/site-packages/airflow/example_dags/example_xcom.py
[2022-03-23 05:55:43,963] {processor.py:654} INFO - DAG(s) dict_keys(['example_xcom']) retrieved from /home/lowenhard/acceleration/env/lib/python3.8/site-packages/airflow/example_dags/example_xcom.py
[2022-03-23 05:55:44,205] {logging_mixin.py:109} INFO - [2022-03-23 05:55:44,204] {dag.py:2398} INFO - Sync 1 DAGs
[2022-03-23 05:55:44,216] {logging_mixin.py:109} INFO - [2022-03-23 05:55:44,216] {dag.py:2937} INFO - Setting next_dagrun for example_xcom to 2021-01-01T00:00:00+00:00
[2022-03-23 05:55:44,440] {processor.py:171} INFO - Processing /home/lowenhard/acceleration/env/lib/python3.8/site-packages/airflow/example_dags/example_xcom.py took 0.533 seconds
[2022-03-23 05:56:35,099] {processor.py:163} INFO - Started process (PID=1223) to work on /home/lowenhard/acceleration/env/lib/python3.8/site-packages/airflow/example_dags/example_xcom.py
[2022-03-23 05:56:35,117] {processor.py:642} INFO - Processing file /home/lowenhard/acceleration/env/lib/python3.8/site-packages/airflow/example_dags/example_xcom.py for tasks to queue
[2022-03-23 05:56:35,117] {logging_mixin.py:109} INFO - [2022-03-23 05:56:35,117] {dagbag.py:500} INFO - Filling up the DagBag from /home/lowenhard/acceleration/env/lib/python3.8/site-packages/airflow/example_dags/example_xcom.py
[2022-03-23 05:56:35,143] {processor.py:654} INFO - DAG(s) dict_keys(['example_xcom']) retrieved from /home/lowenhard/acceleration/env/lib/python3.8/site-packages/airflow/example_dags/example_xcom.py
[2022-03-23 05:56:35,377] {logging_mixin.py:109} INFO - [2022-03-23 05:56:35,377] {dag.py:2398} INFO - Sync 1 DAGs
[2022-03-23 05:56:35,385] {logging_mixin.py:109} INFO - [2022-03-23 05:56:35,385] {dag.py:2937} INFO - Setting next_dagrun for example_xcom to 2021-01-01T00:00:00+00:00
[2022-03-23 05:56:35,550] {processor.py:171} INFO - Processing /home/lowenhard/acceleration/env/lib/python3.8/site-packages/airflow/example_dags/example_xcom.py took 0.452 seconds
[2022-03-23 05:57:17,117] {processor.py:163} INFO - Started process (PID=1243) to work on /home/lowenhard/acceleration/env/lib/python3.8/site-packages/airflow/example_dags/example_xcom.py
[2022-03-23 05:57:17,132] {processor.py:642} INFO - Processing file /home/lowenhard/acceleration/env/lib/python3.8/site-packages/airflow/example_dags/example_xcom.py for tasks to queue
[2022-03-23 05:57:17,133] {logging_mixin.py:109} INFO - [2022-03-23 05:57:17,133] {dagbag.py:500} INFO - Filling up the DagBag from /home/lowenhard/acceleration/env/lib/python3.8/site-packages/airflow/example_dags/example_xcom.py
[2022-03-23 05:57:17,156] {processor.py:654} INFO - DAG(s) dict_keys(['example_xcom']) retrieved from /home/lowenhard/acceleration/env/lib/python3.8/site-packages/airflow/example_dags/example_xcom.py
[2022-03-23 05:57:17,392] {logging_mixin.py:109} INFO - [2022-03-23 05:57:17,392] {dag.py:2398} INFO - Sync 1 DAGs
[2022-03-23 05:57:17,401] {logging_mixin.py:109} INFO - [2022-03-23 05:57:17,400] {dag.py:2937} INFO - Setting next_dagrun for example_xcom to 2021-01-01T00:00:00+00:00
[2022-03-23 05:57:18,700] {processor.py:171} INFO - Processing /home/lowenhard/acceleration/env/lib/python3.8/site-packages/airflow/example_dags/example_xcom.py took 1.586 seconds
[2022-03-23 05:58:02,617] {processor.py:163} INFO - Started process (PID=1265) to work on /home/lowenhard/acceleration/env/lib/python3.8/site-packages/airflow/example_dags/example_xcom.py
[2022-03-23 05:58:02,644] {processor.py:642} INFO - Processing file /home/lowenhard/acceleration/env/lib/python3.8/site-packages/airflow/example_dags/example_xcom.py for tasks to queue
[2022-03-23 05:58:02,645] {logging_mixin.py:109} INFO - [2022-03-23 05:58:02,645] {dagbag.py:500} INFO - Filling up the DagBag from /home/lowenhard/acceleration/env/lib/python3.8/site-packages/airflow/example_dags/example_xcom.py
[2022-03-23 05:58:03,803] {processor.py:654} INFO - DAG(s) dict_keys(['example_xcom']) retrieved from /home/lowenhard/acceleration/env/lib/python3.8/site-packages/airflow/example_dags/example_xcom.py
[2022-03-23 05:58:04,087] {logging_mixin.py:109} INFO - [2022-03-23 05:58:04,087] {dag.py:2398} INFO - Sync 1 DAGs
[2022-03-23 05:58:04,095] {logging_mixin.py:109} INFO - [2022-03-23 05:58:04,095] {dag.py:2937} INFO - Setting next_dagrun for example_xcom to 2021-01-01T00:00:00+00:00
[2022-03-23 05:58:07,426] {processor.py:171} INFO - Processing /home/lowenhard/acceleration/env/lib/python3.8/site-packages/airflow/example_dags/example_xcom.py took 4.811 seconds
[2022-03-23 05:59:33,861] {processor.py:163} INFO - Started process (PID=1305) to work on /home/lowenhard/acceleration/env/lib/python3.8/site-packages/airflow/example_dags/example_xcom.py
[2022-03-23 05:59:33,893] {processor.py:642} INFO - Processing file /home/lowenhard/acceleration/env/lib/python3.8/site-packages/airflow/example_dags/example_xcom.py for tasks to queue
[2022-03-23 05:59:33,894] {logging_mixin.py:109} INFO - [2022-03-23 05:59:33,893] {dagbag.py:500} INFO - Filling up the DagBag from /home/lowenhard/acceleration/env/lib/python3.8/site-packages/airflow/example_dags/example_xcom.py
[2022-03-23 05:59:33,919] {processor.py:654} INFO - DAG(s) dict_keys(['example_xcom']) retrieved from /home/lowenhard/acceleration/env/lib/python3.8/site-packages/airflow/example_dags/example_xcom.py
[2022-03-23 05:59:34,176] {logging_mixin.py:109} INFO - [2022-03-23 05:59:34,176] {dag.py:2398} INFO - Sync 1 DAGs
[2022-03-23 05:59:34,185] {logging_mixin.py:109} INFO - [2022-03-23 05:59:34,185] {dag.py:2937} INFO - Setting next_dagrun for example_xcom to 2021-01-01T00:00:00+00:00
[2022-03-23 05:59:35,474] {processor.py:171} INFO - Processing /home/lowenhard/acceleration/env/lib/python3.8/site-packages/airflow/example_dags/example_xcom.py took 1.615 seconds
[2022-03-23 06:00:22,093] {processor.py:163} INFO - Started process (PID=1327) to work on /home/lowenhard/acceleration/env/lib/python3.8/site-packages/airflow/example_dags/example_xcom.py
[2022-03-23 06:00:22,115] {processor.py:642} INFO - Processing file /home/lowenhard/acceleration/env/lib/python3.8/site-packages/airflow/example_dags/example_xcom.py for tasks to queue
[2022-03-23 06:00:22,115] {logging_mixin.py:109} INFO - [2022-03-23 06:00:22,115] {dagbag.py:500} INFO - Filling up the DagBag from /home/lowenhard/acceleration/env/lib/python3.8/site-packages/airflow/example_dags/example_xcom.py
[2022-03-23 06:00:22,140] {processor.py:654} INFO - DAG(s) dict_keys(['example_xcom']) retrieved from /home/lowenhard/acceleration/env/lib/python3.8/site-packages/airflow/example_dags/example_xcom.py
[2022-03-23 06:00:22,375] {logging_mixin.py:109} INFO - [2022-03-23 06:00:22,375] {dag.py:2398} INFO - Sync 1 DAGs
[2022-03-23 06:00:22,384] {logging_mixin.py:109} INFO - [2022-03-23 06:00:22,384] {dag.py:2937} INFO - Setting next_dagrun for example_xcom to 2021-01-01T00:00:00+00:00
[2022-03-23 06:00:22,587] {processor.py:171} INFO - Processing /home/lowenhard/acceleration/env/lib/python3.8/site-packages/airflow/example_dags/example_xcom.py took 0.495 seconds
[2022-03-23 06:01:08,470] {processor.py:163} INFO - Started process (PID=1349) to work on /home/lowenhard/acceleration/env/lib/python3.8/site-packages/airflow/example_dags/example_xcom.py
[2022-03-23 06:01:08,505] {processor.py:642} INFO - Processing file /home/lowenhard/acceleration/env/lib/python3.8/site-packages/airflow/example_dags/example_xcom.py for tasks to queue
[2022-03-23 06:01:08,505] {logging_mixin.py:109} INFO - [2022-03-23 06:01:08,505] {dagbag.py:500} INFO - Filling up the DagBag from /home/lowenhard/acceleration/env/lib/python3.8/site-packages/airflow/example_dags/example_xcom.py
[2022-03-23 06:01:08,532] {processor.py:654} INFO - DAG(s) dict_keys(['example_xcom']) retrieved from /home/lowenhard/acceleration/env/lib/python3.8/site-packages/airflow/example_dags/example_xcom.py
[2022-03-23 06:01:08,796] {logging_mixin.py:109} INFO - [2022-03-23 06:01:08,796] {dag.py:2398} INFO - Sync 1 DAGs
[2022-03-23 06:01:08,807] {logging_mixin.py:109} INFO - [2022-03-23 06:01:08,807] {dag.py:2937} INFO - Setting next_dagrun for example_xcom to 2021-01-01T00:00:00+00:00
[2022-03-23 06:01:09,105] {processor.py:171} INFO - Processing /home/lowenhard/acceleration/env/lib/python3.8/site-packages/airflow/example_dags/example_xcom.py took 0.638 seconds
[2022-03-23 06:01:51,653] {processor.py:163} INFO - Started process (PID=1369) to work on /home/lowenhard/acceleration/env/lib/python3.8/site-packages/airflow/example_dags/example_xcom.py
[2022-03-23 06:01:51,927] {processor.py:642} INFO - Processing file /home/lowenhard/acceleration/env/lib/python3.8/site-packages/airflow/example_dags/example_xcom.py for tasks to queue
[2022-03-23 06:01:51,927] {logging_mixin.py:109} INFO - [2022-03-23 06:01:51,927] {dagbag.py:500} INFO - Filling up the DagBag from /home/lowenhard/acceleration/env/lib/python3.8/site-packages/airflow/example_dags/example_xcom.py
[2022-03-23 06:01:52,487] {processor.py:654} INFO - DAG(s) dict_keys(['example_xcom']) retrieved from /home/lowenhard/acceleration/env/lib/python3.8/site-packages/airflow/example_dags/example_xcom.py
[2022-03-23 06:01:52,783] {logging_mixin.py:109} INFO - [2022-03-23 06:01:52,782] {dag.py:2398} INFO - Sync 1 DAGs
[2022-03-23 06:01:52,794] {logging_mixin.py:109} INFO - [2022-03-23 06:01:52,793] {dag.py:2937} INFO - Setting next_dagrun for example_xcom to 2021-01-01T00:00:00+00:00
[2022-03-23 06:01:53,822] {processor.py:171} INFO - Processing /home/lowenhard/acceleration/env/lib/python3.8/site-packages/airflow/example_dags/example_xcom.py took 2.172 seconds
[2022-03-23 06:02:37,716] {processor.py:163} INFO - Started process (PID=1391) to work on /home/lowenhard/acceleration/env/lib/python3.8/site-packages/airflow/example_dags/example_xcom.py
[2022-03-23 06:02:38,602] {processor.py:642} INFO - Processing file /home/lowenhard/acceleration/env/lib/python3.8/site-packages/airflow/example_dags/example_xcom.py for tasks to queue
[2022-03-23 06:02:38,602] {logging_mixin.py:109} INFO - [2022-03-23 06:02:38,602] {dagbag.py:500} INFO - Filling up the DagBag from /home/lowenhard/acceleration/env/lib/python3.8/site-packages/airflow/example_dags/example_xcom.py
[2022-03-23 06:02:38,634] {processor.py:654} INFO - DAG(s) dict_keys(['example_xcom']) retrieved from /home/lowenhard/acceleration/env/lib/python3.8/site-packages/airflow/example_dags/example_xcom.py
[2022-03-23 06:02:38,872] {logging_mixin.py:109} INFO - [2022-03-23 06:02:38,871] {dag.py:2398} INFO - Sync 1 DAGs
[2022-03-23 06:02:38,879] {logging_mixin.py:109} INFO - [2022-03-23 06:02:38,879] {dag.py:2937} INFO - Setting next_dagrun for example_xcom to 2021-01-01T00:00:00+00:00
[2022-03-23 06:02:39,030] {processor.py:171} INFO - Processing /home/lowenhard/acceleration/env/lib/python3.8/site-packages/airflow/example_dags/example_xcom.py took 1.317 seconds
