[2022-03-23 05:21:59,286] {processor.py:163} INFO - Started process (PID=181) to work on /home/lowenhard/acceleration/env/lib/python3.8/site-packages/airflow/example_dags/example_branch_python_dop_operator_3.py
[2022-03-23 05:21:59,287] {processor.py:642} INFO - Processing file /home/lowenhard/acceleration/env/lib/python3.8/site-packages/airflow/example_dags/example_branch_python_dop_operator_3.py for tasks to queue
[2022-03-23 05:21:59,287] {logging_mixin.py:109} INFO - [2022-03-23 05:21:59,287] {dagbag.py:500} INFO - Filling up the DagBag from /home/lowenhard/acceleration/env/lib/python3.8/site-packages/airflow/example_dags/example_branch_python_dop_operator_3.py
[2022-03-23 05:22:00,847] {processor.py:654} INFO - DAG(s) dict_keys(['example_branch_dop_operator_v3']) retrieved from /home/lowenhard/acceleration/env/lib/python3.8/site-packages/airflow/example_dags/example_branch_python_dop_operator_3.py
[2022-03-23 05:22:00,861] {logging_mixin.py:109} INFO - [2022-03-23 05:22:00,861] {dag.py:2398} INFO - Sync 1 DAGs
[2022-03-23 05:22:00,878] {logging_mixin.py:109} INFO - [2022-03-23 05:22:00,878] {dag.py:2937} INFO - Setting next_dagrun for example_branch_dop_operator_v3 to 2022-03-23T10:21:00+00:00
[2022-03-23 05:22:01,023] {processor.py:171} INFO - Processing /home/lowenhard/acceleration/env/lib/python3.8/site-packages/airflow/example_dags/example_branch_python_dop_operator_3.py took 1.740 seconds
[2022-03-23 05:23:29,989] {processor.py:163} INFO - Started process (PID=216) to work on /home/lowenhard/acceleration/env/lib/python3.8/site-packages/airflow/example_dags/example_branch_python_dop_operator_3.py
[2022-03-23 05:23:30,023] {processor.py:642} INFO - Processing file /home/lowenhard/acceleration/env/lib/python3.8/site-packages/airflow/example_dags/example_branch_python_dop_operator_3.py for tasks to queue
[2022-03-23 05:23:30,024] {logging_mixin.py:109} INFO - [2022-03-23 05:23:30,024] {dagbag.py:500} INFO - Filling up the DagBag from /home/lowenhard/acceleration/env/lib/python3.8/site-packages/airflow/example_dags/example_branch_python_dop_operator_3.py
[2022-03-23 05:23:30,047] {processor.py:654} INFO - DAG(s) dict_keys(['example_branch_dop_operator_v3']) retrieved from /home/lowenhard/acceleration/env/lib/python3.8/site-packages/airflow/example_dags/example_branch_python_dop_operator_3.py
[2022-03-23 05:23:30,054] {logging_mixin.py:109} INFO - [2022-03-23 05:23:30,054] {dag.py:2398} INFO - Sync 1 DAGs
[2022-03-23 05:23:30,071] {logging_mixin.py:109} INFO - [2022-03-23 05:23:30,071] {dag.py:2937} INFO - Setting next_dagrun for example_branch_dop_operator_v3 to 2022-03-23T10:22:00+00:00
[2022-03-23 05:23:32,283] {processor.py:171} INFO - Processing /home/lowenhard/acceleration/env/lib/python3.8/site-packages/airflow/example_dags/example_branch_python_dop_operator_3.py took 2.296 seconds
[2022-03-23 05:25:07,210] {processor.py:163} INFO - Started process (PID=333) to work on /home/lowenhard/acceleration/env/lib/python3.8/site-packages/airflow/example_dags/example_branch_python_dop_operator_3.py
[2022-03-23 05:25:07,238] {processor.py:642} INFO - Processing file /home/lowenhard/acceleration/env/lib/python3.8/site-packages/airflow/example_dags/example_branch_python_dop_operator_3.py for tasks to queue
[2022-03-23 05:25:07,239] {logging_mixin.py:109} INFO - [2022-03-23 05:25:07,239] {dagbag.py:500} INFO - Filling up the DagBag from /home/lowenhard/acceleration/env/lib/python3.8/site-packages/airflow/example_dags/example_branch_python_dop_operator_3.py
[2022-03-23 05:25:07,261] {processor.py:654} INFO - DAG(s) dict_keys(['example_branch_dop_operator_v3']) retrieved from /home/lowenhard/acceleration/env/lib/python3.8/site-packages/airflow/example_dags/example_branch_python_dop_operator_3.py
[2022-03-23 05:25:07,270] {logging_mixin.py:109} INFO - [2022-03-23 05:25:07,269] {dag.py:2398} INFO - Sync 1 DAGs
[2022-03-23 05:25:07,285] {logging_mixin.py:109} INFO - [2022-03-23 05:25:07,285] {dag.py:2937} INFO - Setting next_dagrun for example_branch_dop_operator_v3 to 2022-03-23T10:24:00+00:00
[2022-03-23 05:25:07,574] {processor.py:171} INFO - Processing /home/lowenhard/acceleration/env/lib/python3.8/site-packages/airflow/example_dags/example_branch_python_dop_operator_3.py took 0.367 seconds
[2022-03-23 05:26:36,458] {processor.py:163} INFO - Started process (PID=382) to work on /home/lowenhard/acceleration/env/lib/python3.8/site-packages/airflow/example_dags/example_branch_python_dop_operator_3.py
[2022-03-23 05:26:37,327] {processor.py:642} INFO - Processing file /home/lowenhard/acceleration/env/lib/python3.8/site-packages/airflow/example_dags/example_branch_python_dop_operator_3.py for tasks to queue
[2022-03-23 05:26:37,328] {logging_mixin.py:109} INFO - [2022-03-23 05:26:37,328] {dagbag.py:500} INFO - Filling up the DagBag from /home/lowenhard/acceleration/env/lib/python3.8/site-packages/airflow/example_dags/example_branch_python_dop_operator_3.py
[2022-03-23 05:26:37,353] {processor.py:654} INFO - DAG(s) dict_keys(['example_branch_dop_operator_v3']) retrieved from /home/lowenhard/acceleration/env/lib/python3.8/site-packages/airflow/example_dags/example_branch_python_dop_operator_3.py
[2022-03-23 05:26:37,362] {logging_mixin.py:109} INFO - [2022-03-23 05:26:37,361] {dag.py:2398} INFO - Sync 1 DAGs
[2022-03-23 05:26:37,377] {logging_mixin.py:109} INFO - [2022-03-23 05:26:37,377] {dag.py:2937} INFO - Setting next_dagrun for example_branch_dop_operator_v3 to 2022-03-23T10:25:00+00:00
[2022-03-23 05:26:37,575] {processor.py:171} INFO - Processing /home/lowenhard/acceleration/env/lib/python3.8/site-packages/airflow/example_dags/example_branch_python_dop_operator_3.py took 1.119 seconds
[2022-03-23 05:28:07,702] {processor.py:163} INFO - Started process (PID=428) to work on /home/lowenhard/acceleration/env/lib/python3.8/site-packages/airflow/example_dags/example_branch_python_dop_operator_3.py
[2022-03-23 05:28:07,722] {processor.py:642} INFO - Processing file /home/lowenhard/acceleration/env/lib/python3.8/site-packages/airflow/example_dags/example_branch_python_dop_operator_3.py for tasks to queue
[2022-03-23 05:28:07,723] {logging_mixin.py:109} INFO - [2022-03-23 05:28:07,723] {dagbag.py:500} INFO - Filling up the DagBag from /home/lowenhard/acceleration/env/lib/python3.8/site-packages/airflow/example_dags/example_branch_python_dop_operator_3.py
[2022-03-23 05:28:07,743] {processor.py:654} INFO - DAG(s) dict_keys(['example_branch_dop_operator_v3']) retrieved from /home/lowenhard/acceleration/env/lib/python3.8/site-packages/airflow/example_dags/example_branch_python_dop_operator_3.py
[2022-03-23 05:28:07,750] {logging_mixin.py:109} INFO - [2022-03-23 05:28:07,750] {dag.py:2398} INFO - Sync 1 DAGs
[2022-03-23 05:28:07,763] {logging_mixin.py:109} INFO - [2022-03-23 05:28:07,763] {dag.py:2937} INFO - Setting next_dagrun for example_branch_dop_operator_v3 to 2022-03-23T10:27:00+00:00
[2022-03-23 05:28:09,564] {processor.py:171} INFO - Processing /home/lowenhard/acceleration/env/lib/python3.8/site-packages/airflow/example_dags/example_branch_python_dop_operator_3.py took 1.864 seconds
[2022-03-23 05:29:38,134] {processor.py:163} INFO - Started process (PID=481) to work on /home/lowenhard/acceleration/env/lib/python3.8/site-packages/airflow/example_dags/example_branch_python_dop_operator_3.py
[2022-03-23 05:29:38,162] {processor.py:642} INFO - Processing file /home/lowenhard/acceleration/env/lib/python3.8/site-packages/airflow/example_dags/example_branch_python_dop_operator_3.py for tasks to queue
[2022-03-23 05:29:38,162] {logging_mixin.py:109} INFO - [2022-03-23 05:29:38,162] {dagbag.py:500} INFO - Filling up the DagBag from /home/lowenhard/acceleration/env/lib/python3.8/site-packages/airflow/example_dags/example_branch_python_dop_operator_3.py
[2022-03-23 05:29:38,181] {processor.py:654} INFO - DAG(s) dict_keys(['example_branch_dop_operator_v3']) retrieved from /home/lowenhard/acceleration/env/lib/python3.8/site-packages/airflow/example_dags/example_branch_python_dop_operator_3.py
[2022-03-23 05:29:38,189] {logging_mixin.py:109} INFO - [2022-03-23 05:29:38,189] {dag.py:2398} INFO - Sync 1 DAGs
[2022-03-23 05:29:38,205] {logging_mixin.py:109} INFO - [2022-03-23 05:29:38,205] {dag.py:2937} INFO - Setting next_dagrun for example_branch_dop_operator_v3 to 2022-03-23T10:28:00+00:00
[2022-03-23 05:29:38,572] {processor.py:171} INFO - Processing /home/lowenhard/acceleration/env/lib/python3.8/site-packages/airflow/example_dags/example_branch_python_dop_operator_3.py took 0.439 seconds
[2022-03-23 05:31:13,667] {processor.py:163} INFO - Started process (PID=526) to work on /home/lowenhard/acceleration/env/lib/python3.8/site-packages/airflow/example_dags/example_branch_python_dop_operator_3.py
[2022-03-23 05:31:13,719] {processor.py:642} INFO - Processing file /home/lowenhard/acceleration/env/lib/python3.8/site-packages/airflow/example_dags/example_branch_python_dop_operator_3.py for tasks to queue
[2022-03-23 05:31:13,720] {logging_mixin.py:109} INFO - [2022-03-23 05:31:13,720] {dagbag.py:500} INFO - Filling up the DagBag from /home/lowenhard/acceleration/env/lib/python3.8/site-packages/airflow/example_dags/example_branch_python_dop_operator_3.py
[2022-03-23 05:31:13,750] {processor.py:654} INFO - DAG(s) dict_keys(['example_branch_dop_operator_v3']) retrieved from /home/lowenhard/acceleration/env/lib/python3.8/site-packages/airflow/example_dags/example_branch_python_dop_operator_3.py
[2022-03-23 05:31:13,763] {logging_mixin.py:109} INFO - [2022-03-23 05:31:13,763] {dag.py:2398} INFO - Sync 1 DAGs
[2022-03-23 05:31:13,786] {logging_mixin.py:109} INFO - [2022-03-23 05:31:13,786] {dag.py:2937} INFO - Setting next_dagrun for example_branch_dop_operator_v3 to 2022-03-23T10:30:00+00:00
[2022-03-23 05:31:14,104] {processor.py:171} INFO - Processing /home/lowenhard/acceleration/env/lib/python3.8/site-packages/airflow/example_dags/example_branch_python_dop_operator_3.py took 0.439 seconds
[2022-03-23 05:32:35,940] {processor.py:163} INFO - Started process (PID=567) to work on /home/lowenhard/acceleration/env/lib/python3.8/site-packages/airflow/example_dags/example_branch_python_dop_operator_3.py
[2022-03-23 05:32:35,956] {processor.py:642} INFO - Processing file /home/lowenhard/acceleration/env/lib/python3.8/site-packages/airflow/example_dags/example_branch_python_dop_operator_3.py for tasks to queue
[2022-03-23 05:32:35,958] {logging_mixin.py:109} INFO - [2022-03-23 05:32:35,958] {dagbag.py:500} INFO - Filling up the DagBag from /home/lowenhard/acceleration/env/lib/python3.8/site-packages/airflow/example_dags/example_branch_python_dop_operator_3.py
[2022-03-23 05:32:37,717] {processor.py:654} INFO - DAG(s) dict_keys(['example_branch_dop_operator_v3']) retrieved from /home/lowenhard/acceleration/env/lib/python3.8/site-packages/airflow/example_dags/example_branch_python_dop_operator_3.py
[2022-03-23 05:32:37,730] {logging_mixin.py:109} INFO - [2022-03-23 05:32:37,730] {dag.py:2398} INFO - Sync 1 DAGs
[2022-03-23 05:32:37,747] {logging_mixin.py:109} INFO - [2022-03-23 05:32:37,747] {dag.py:2937} INFO - Setting next_dagrun for example_branch_dop_operator_v3 to 2022-03-23T10:31:00+00:00
[2022-03-23 05:32:37,988] {processor.py:171} INFO - Processing /home/lowenhard/acceleration/env/lib/python3.8/site-packages/airflow/example_dags/example_branch_python_dop_operator_3.py took 2.051 seconds
[2022-03-23 05:33:57,706] {processor.py:163} INFO - Started process (PID=604) to work on /home/lowenhard/acceleration/env/lib/python3.8/site-packages/airflow/example_dags/example_branch_python_dop_operator_3.py
[2022-03-23 05:33:57,767] {processor.py:642} INFO - Processing file /home/lowenhard/acceleration/env/lib/python3.8/site-packages/airflow/example_dags/example_branch_python_dop_operator_3.py for tasks to queue
[2022-03-23 05:33:57,767] {logging_mixin.py:109} INFO - [2022-03-23 05:33:57,767] {dagbag.py:500} INFO - Filling up the DagBag from /home/lowenhard/acceleration/env/lib/python3.8/site-packages/airflow/example_dags/example_branch_python_dop_operator_3.py
[2022-03-23 05:33:57,788] {processor.py:654} INFO - DAG(s) dict_keys(['example_branch_dop_operator_v3']) retrieved from /home/lowenhard/acceleration/env/lib/python3.8/site-packages/airflow/example_dags/example_branch_python_dop_operator_3.py
[2022-03-23 05:33:57,796] {logging_mixin.py:109} INFO - [2022-03-23 05:33:57,796] {dag.py:2398} INFO - Sync 1 DAGs
[2022-03-23 05:33:57,812] {logging_mixin.py:109} INFO - [2022-03-23 05:33:57,812] {dag.py:2937} INFO - Setting next_dagrun for example_branch_dop_operator_v3 to 2022-03-23T10:32:00+00:00
[2022-03-23 05:33:57,987] {processor.py:171} INFO - Processing /home/lowenhard/acceleration/env/lib/python3.8/site-packages/airflow/example_dags/example_branch_python_dop_operator_3.py took 0.284 seconds
[2022-03-23 05:35:28,552] {processor.py:163} INFO - Started process (PID=647) to work on /home/lowenhard/acceleration/env/lib/python3.8/site-packages/airflow/example_dags/example_branch_python_dop_operator_3.py
[2022-03-23 05:35:28,673] {processor.py:642} INFO - Processing file /home/lowenhard/acceleration/env/lib/python3.8/site-packages/airflow/example_dags/example_branch_python_dop_operator_3.py for tasks to queue
[2022-03-23 05:35:28,674] {logging_mixin.py:109} INFO - [2022-03-23 05:35:28,674] {dagbag.py:500} INFO - Filling up the DagBag from /home/lowenhard/acceleration/env/lib/python3.8/site-packages/airflow/example_dags/example_branch_python_dop_operator_3.py
[2022-03-23 05:35:28,696] {processor.py:654} INFO - DAG(s) dict_keys(['example_branch_dop_operator_v3']) retrieved from /home/lowenhard/acceleration/env/lib/python3.8/site-packages/airflow/example_dags/example_branch_python_dop_operator_3.py
[2022-03-23 05:35:28,704] {logging_mixin.py:109} INFO - [2022-03-23 05:35:28,704] {dag.py:2398} INFO - Sync 1 DAGs
[2022-03-23 05:35:28,723] {logging_mixin.py:109} INFO - [2022-03-23 05:35:28,723] {dag.py:2937} INFO - Setting next_dagrun for example_branch_dop_operator_v3 to 2022-03-23T10:34:00+00:00
[2022-03-23 05:35:28,986] {processor.py:171} INFO - Processing /home/lowenhard/acceleration/env/lib/python3.8/site-packages/airflow/example_dags/example_branch_python_dop_operator_3.py took 0.436 seconds
[2022-03-23 05:37:07,612] {processor.py:163} INFO - Started process (PID=690) to work on /home/lowenhard/acceleration/env/lib/python3.8/site-packages/airflow/example_dags/example_branch_python_dop_operator_3.py
[2022-03-23 05:37:07,656] {processor.py:642} INFO - Processing file /home/lowenhard/acceleration/env/lib/python3.8/site-packages/airflow/example_dags/example_branch_python_dop_operator_3.py for tasks to queue
[2022-03-23 05:37:07,657] {logging_mixin.py:109} INFO - [2022-03-23 05:37:07,657] {dagbag.py:500} INFO - Filling up the DagBag from /home/lowenhard/acceleration/env/lib/python3.8/site-packages/airflow/example_dags/example_branch_python_dop_operator_3.py
[2022-03-23 05:37:07,679] {processor.py:654} INFO - DAG(s) dict_keys(['example_branch_dop_operator_v3']) retrieved from /home/lowenhard/acceleration/env/lib/python3.8/site-packages/airflow/example_dags/example_branch_python_dop_operator_3.py
[2022-03-23 05:37:07,687] {logging_mixin.py:109} INFO - [2022-03-23 05:37:07,687] {dag.py:2398} INFO - Sync 1 DAGs
[2022-03-23 05:37:07,703] {logging_mixin.py:109} INFO - [2022-03-23 05:37:07,703] {dag.py:2937} INFO - Setting next_dagrun for example_branch_dop_operator_v3 to 2022-03-23T10:36:00+00:00
[2022-03-23 05:37:09,142] {processor.py:171} INFO - Processing /home/lowenhard/acceleration/env/lib/python3.8/site-packages/airflow/example_dags/example_branch_python_dop_operator_3.py took 1.533 seconds
[2022-03-23 05:40:58,801] {processor.py:163} INFO - Started process (PID=776) to work on /home/lowenhard/acceleration/env/lib/python3.8/site-packages/airflow/example_dags/example_branch_python_dop_operator_3.py
[2022-03-23 05:40:58,943] {processor.py:642} INFO - Processing file /home/lowenhard/acceleration/env/lib/python3.8/site-packages/airflow/example_dags/example_branch_python_dop_operator_3.py for tasks to queue
[2022-03-23 05:40:58,944] {logging_mixin.py:109} INFO - [2022-03-23 05:40:58,944] {dagbag.py:500} INFO - Filling up the DagBag from /home/lowenhard/acceleration/env/lib/python3.8/site-packages/airflow/example_dags/example_branch_python_dop_operator_3.py
[2022-03-23 05:40:58,974] {processor.py:654} INFO - DAG(s) dict_keys(['example_branch_dop_operator_v3']) retrieved from /home/lowenhard/acceleration/env/lib/python3.8/site-packages/airflow/example_dags/example_branch_python_dop_operator_3.py
[2022-03-23 05:40:58,989] {logging_mixin.py:109} INFO - [2022-03-23 05:40:58,988] {dag.py:2398} INFO - Sync 1 DAGs
[2022-03-23 05:40:59,008] {logging_mixin.py:109} INFO - [2022-03-23 05:40:59,008] {dag.py:2937} INFO - Setting next_dagrun for example_branch_dop_operator_v3 to 2022-03-23T10:39:00+00:00
[2022-03-23 05:40:59,817] {processor.py:171} INFO - Processing /home/lowenhard/acceleration/env/lib/python3.8/site-packages/airflow/example_dags/example_branch_python_dop_operator_3.py took 1.018 seconds
[2022-03-23 05:42:17,074] {processor.py:163} INFO - Started process (PID=817) to work on /home/lowenhard/acceleration/env/lib/python3.8/site-packages/airflow/example_dags/example_branch_python_dop_operator_3.py
[2022-03-23 05:42:17,178] {processor.py:642} INFO - Processing file /home/lowenhard/acceleration/env/lib/python3.8/site-packages/airflow/example_dags/example_branch_python_dop_operator_3.py for tasks to queue
[2022-03-23 05:42:17,179] {logging_mixin.py:109} INFO - [2022-03-23 05:42:17,179] {dagbag.py:500} INFO - Filling up the DagBag from /home/lowenhard/acceleration/env/lib/python3.8/site-packages/airflow/example_dags/example_branch_python_dop_operator_3.py
[2022-03-23 05:42:17,207] {processor.py:654} INFO - DAG(s) dict_keys(['example_branch_dop_operator_v3']) retrieved from /home/lowenhard/acceleration/env/lib/python3.8/site-packages/airflow/example_dags/example_branch_python_dop_operator_3.py
[2022-03-23 05:42:17,215] {logging_mixin.py:109} INFO - [2022-03-23 05:42:17,215] {dag.py:2398} INFO - Sync 1 DAGs
[2022-03-23 05:42:17,231] {logging_mixin.py:109} INFO - [2022-03-23 05:42:17,231] {dag.py:2937} INFO - Setting next_dagrun for example_branch_dop_operator_v3 to 2022-03-23T10:41:00+00:00
[2022-03-23 05:42:18,513] {processor.py:171} INFO - Processing /home/lowenhard/acceleration/env/lib/python3.8/site-packages/airflow/example_dags/example_branch_python_dop_operator_3.py took 1.443 seconds
[2022-03-23 05:43:39,933] {processor.py:163} INFO - Started process (PID=869) to work on /home/lowenhard/acceleration/env/lib/python3.8/site-packages/airflow/example_dags/example_branch_python_dop_operator_3.py
[2022-03-23 05:43:40,725] {processor.py:642} INFO - Processing file /home/lowenhard/acceleration/env/lib/python3.8/site-packages/airflow/example_dags/example_branch_python_dop_operator_3.py for tasks to queue
[2022-03-23 05:43:40,726] {logging_mixin.py:109} INFO - [2022-03-23 05:43:40,726] {dagbag.py:500} INFO - Filling up the DagBag from /home/lowenhard/acceleration/env/lib/python3.8/site-packages/airflow/example_dags/example_branch_python_dop_operator_3.py
[2022-03-23 05:43:41,082] {processor.py:654} INFO - DAG(s) dict_keys(['example_branch_dop_operator_v3']) retrieved from /home/lowenhard/acceleration/env/lib/python3.8/site-packages/airflow/example_dags/example_branch_python_dop_operator_3.py
[2022-03-23 05:43:41,091] {logging_mixin.py:109} INFO - [2022-03-23 05:43:41,090] {dag.py:2398} INFO - Sync 1 DAGs
[2022-03-23 05:43:41,107] {logging_mixin.py:109} INFO - [2022-03-23 05:43:41,107] {dag.py:2937} INFO - Setting next_dagrun for example_branch_dop_operator_v3 to 2022-03-23T10:42:00+00:00
[2022-03-23 05:43:41,312] {processor.py:171} INFO - Processing /home/lowenhard/acceleration/env/lib/python3.8/site-packages/airflow/example_dags/example_branch_python_dop_operator_3.py took 1.382 seconds
[2022-03-23 05:45:02,289] {processor.py:163} INFO - Started process (PID=910) to work on /home/lowenhard/acceleration/env/lib/python3.8/site-packages/airflow/example_dags/example_branch_python_dop_operator_3.py
[2022-03-23 05:45:02,303] {processor.py:642} INFO - Processing file /home/lowenhard/acceleration/env/lib/python3.8/site-packages/airflow/example_dags/example_branch_python_dop_operator_3.py for tasks to queue
[2022-03-23 05:45:02,303] {logging_mixin.py:109} INFO - [2022-03-23 05:45:02,303] {dagbag.py:500} INFO - Filling up the DagBag from /home/lowenhard/acceleration/env/lib/python3.8/site-packages/airflow/example_dags/example_branch_python_dop_operator_3.py
[2022-03-23 05:45:02,323] {processor.py:654} INFO - DAG(s) dict_keys(['example_branch_dop_operator_v3']) retrieved from /home/lowenhard/acceleration/env/lib/python3.8/site-packages/airflow/example_dags/example_branch_python_dop_operator_3.py
[2022-03-23 05:45:02,331] {logging_mixin.py:109} INFO - [2022-03-23 05:45:02,331] {dag.py:2398} INFO - Sync 1 DAGs
[2022-03-23 05:45:02,347] {logging_mixin.py:109} INFO - [2022-03-23 05:45:02,347] {dag.py:2937} INFO - Setting next_dagrun for example_branch_dop_operator_v3 to 2022-03-23T10:44:00+00:00
[2022-03-23 05:45:02,939] {processor.py:171} INFO - Processing /home/lowenhard/acceleration/env/lib/python3.8/site-packages/airflow/example_dags/example_branch_python_dop_operator_3.py took 0.653 seconds
[2022-03-23 05:46:42,667] {processor.py:163} INFO - Started process (PID=952) to work on /home/lowenhard/acceleration/env/lib/python3.8/site-packages/airflow/example_dags/example_branch_python_dop_operator_3.py
[2022-03-23 05:46:42,723] {processor.py:642} INFO - Processing file /home/lowenhard/acceleration/env/lib/python3.8/site-packages/airflow/example_dags/example_branch_python_dop_operator_3.py for tasks to queue
[2022-03-23 05:46:42,724] {logging_mixin.py:109} INFO - [2022-03-23 05:46:42,724] {dagbag.py:500} INFO - Filling up the DagBag from /home/lowenhard/acceleration/env/lib/python3.8/site-packages/airflow/example_dags/example_branch_python_dop_operator_3.py
[2022-03-23 05:46:42,932] {processor.py:654} INFO - DAG(s) dict_keys(['example_branch_dop_operator_v3']) retrieved from /home/lowenhard/acceleration/env/lib/python3.8/site-packages/airflow/example_dags/example_branch_python_dop_operator_3.py
[2022-03-23 05:46:42,942] {logging_mixin.py:109} INFO - [2022-03-23 05:46:42,942] {dag.py:2398} INFO - Sync 1 DAGs
[2022-03-23 05:46:42,960] {logging_mixin.py:109} INFO - [2022-03-23 05:46:42,960] {dag.py:2937} INFO - Setting next_dagrun for example_branch_dop_operator_v3 to 2022-03-23T10:45:00+00:00
[2022-03-23 05:46:43,122] {processor.py:171} INFO - Processing /home/lowenhard/acceleration/env/lib/python3.8/site-packages/airflow/example_dags/example_branch_python_dop_operator_3.py took 0.457 seconds
[2022-03-23 05:48:16,897] {processor.py:163} INFO - Started process (PID=996) to work on /home/lowenhard/acceleration/env/lib/python3.8/site-packages/airflow/example_dags/example_branch_python_dop_operator_3.py
[2022-03-23 05:48:16,911] {processor.py:642} INFO - Processing file /home/lowenhard/acceleration/env/lib/python3.8/site-packages/airflow/example_dags/example_branch_python_dop_operator_3.py for tasks to queue
[2022-03-23 05:48:16,912] {logging_mixin.py:109} INFO - [2022-03-23 05:48:16,912] {dagbag.py:500} INFO - Filling up the DagBag from /home/lowenhard/acceleration/env/lib/python3.8/site-packages/airflow/example_dags/example_branch_python_dop_operator_3.py
[2022-03-23 05:48:16,932] {processor.py:654} INFO - DAG(s) dict_keys(['example_branch_dop_operator_v3']) retrieved from /home/lowenhard/acceleration/env/lib/python3.8/site-packages/airflow/example_dags/example_branch_python_dop_operator_3.py
[2022-03-23 05:48:16,940] {logging_mixin.py:109} INFO - [2022-03-23 05:48:16,940] {dag.py:2398} INFO - Sync 1 DAGs
[2022-03-23 05:48:16,957] {logging_mixin.py:109} INFO - [2022-03-23 05:48:16,957] {dag.py:2937} INFO - Setting next_dagrun for example_branch_dop_operator_v3 to 2022-03-23T10:47:00+00:00
[2022-03-23 05:48:17,197] {processor.py:171} INFO - Processing /home/lowenhard/acceleration/env/lib/python3.8/site-packages/airflow/example_dags/example_branch_python_dop_operator_3.py took 0.302 seconds
[2022-03-23 05:50:14,309] {processor.py:163} INFO - Started process (PID=1064) to work on /home/lowenhard/acceleration/env/lib/python3.8/site-packages/airflow/example_dags/example_branch_python_dop_operator_3.py
[2022-03-23 05:50:14,398] {processor.py:642} INFO - Processing file /home/lowenhard/acceleration/env/lib/python3.8/site-packages/airflow/example_dags/example_branch_python_dop_operator_3.py for tasks to queue
[2022-03-23 05:50:14,399] {logging_mixin.py:109} INFO - [2022-03-23 05:50:14,399] {dagbag.py:500} INFO - Filling up the DagBag from /home/lowenhard/acceleration/env/lib/python3.8/site-packages/airflow/example_dags/example_branch_python_dop_operator_3.py
[2022-03-23 05:50:14,423] {processor.py:654} INFO - DAG(s) dict_keys(['example_branch_dop_operator_v3']) retrieved from /home/lowenhard/acceleration/env/lib/python3.8/site-packages/airflow/example_dags/example_branch_python_dop_operator_3.py
[2022-03-23 05:50:14,436] {logging_mixin.py:109} INFO - [2022-03-23 05:50:14,436] {dag.py:2398} INFO - Sync 1 DAGs
[2022-03-23 05:50:14,456] {logging_mixin.py:109} INFO - [2022-03-23 05:50:14,456] {dag.py:2937} INFO - Setting next_dagrun for example_branch_dop_operator_v3 to 2022-03-23T10:49:00+00:00
[2022-03-23 05:50:16,713] {processor.py:171} INFO - Processing /home/lowenhard/acceleration/env/lib/python3.8/site-packages/airflow/example_dags/example_branch_python_dop_operator_3.py took 2.406 seconds
[2022-03-23 05:51:42,168] {processor.py:163} INFO - Started process (PID=1099) to work on /home/lowenhard/acceleration/env/lib/python3.8/site-packages/airflow/example_dags/example_branch_python_dop_operator_3.py
[2022-03-23 05:51:42,340] {processor.py:642} INFO - Processing file /home/lowenhard/acceleration/env/lib/python3.8/site-packages/airflow/example_dags/example_branch_python_dop_operator_3.py for tasks to queue
[2022-03-23 05:51:42,341] {logging_mixin.py:109} INFO - [2022-03-23 05:51:42,341] {dagbag.py:500} INFO - Filling up the DagBag from /home/lowenhard/acceleration/env/lib/python3.8/site-packages/airflow/example_dags/example_branch_python_dop_operator_3.py
[2022-03-23 05:51:42,363] {processor.py:654} INFO - DAG(s) dict_keys(['example_branch_dop_operator_v3']) retrieved from /home/lowenhard/acceleration/env/lib/python3.8/site-packages/airflow/example_dags/example_branch_python_dop_operator_3.py
[2022-03-23 05:51:42,372] {logging_mixin.py:109} INFO - [2022-03-23 05:51:42,372] {dag.py:2398} INFO - Sync 1 DAGs
[2022-03-23 05:51:42,390] {logging_mixin.py:109} INFO - [2022-03-23 05:51:42,389] {dag.py:2937} INFO - Setting next_dagrun for example_branch_dop_operator_v3 to 2022-03-23T10:50:00+00:00
[2022-03-23 05:51:43,082] {processor.py:171} INFO - Processing /home/lowenhard/acceleration/env/lib/python3.8/site-packages/airflow/example_dags/example_branch_python_dop_operator_3.py took 0.916 seconds
[2022-03-23 05:53:38,920] {processor.py:163} INFO - Started process (PID=1145) to work on /home/lowenhard/acceleration/env/lib/python3.8/site-packages/airflow/example_dags/example_branch_python_dop_operator_3.py
[2022-03-23 05:53:38,948] {processor.py:642} INFO - Processing file /home/lowenhard/acceleration/env/lib/python3.8/site-packages/airflow/example_dags/example_branch_python_dop_operator_3.py for tasks to queue
[2022-03-23 05:53:38,949] {logging_mixin.py:109} INFO - [2022-03-23 05:53:38,949] {dagbag.py:500} INFO - Filling up the DagBag from /home/lowenhard/acceleration/env/lib/python3.8/site-packages/airflow/example_dags/example_branch_python_dop_operator_3.py
[2022-03-23 05:53:38,974] {processor.py:654} INFO - DAG(s) dict_keys(['example_branch_dop_operator_v3']) retrieved from /home/lowenhard/acceleration/env/lib/python3.8/site-packages/airflow/example_dags/example_branch_python_dop_operator_3.py
[2022-03-23 05:53:38,982] {logging_mixin.py:109} INFO - [2022-03-23 05:53:38,982] {dag.py:2398} INFO - Sync 1 DAGs
[2022-03-23 05:53:38,998] {logging_mixin.py:109} INFO - [2022-03-23 05:53:38,998] {dag.py:2937} INFO - Setting next_dagrun for example_branch_dop_operator_v3 to 2022-03-23T10:52:00+00:00
[2022-03-23 05:53:39,371] {processor.py:171} INFO - Processing /home/lowenhard/acceleration/env/lib/python3.8/site-packages/airflow/example_dags/example_branch_python_dop_operator_3.py took 0.454 seconds
[2022-03-23 05:55:31,219] {processor.py:163} INFO - Started process (PID=1193) to work on /home/lowenhard/acceleration/env/lib/python3.8/site-packages/airflow/example_dags/example_branch_python_dop_operator_3.py
[2022-03-23 05:55:31,245] {processor.py:642} INFO - Processing file /home/lowenhard/acceleration/env/lib/python3.8/site-packages/airflow/example_dags/example_branch_python_dop_operator_3.py for tasks to queue
[2022-03-23 05:55:31,246] {logging_mixin.py:109} INFO - [2022-03-23 05:55:31,245] {dagbag.py:500} INFO - Filling up the DagBag from /home/lowenhard/acceleration/env/lib/python3.8/site-packages/airflow/example_dags/example_branch_python_dop_operator_3.py
[2022-03-23 05:55:31,268] {processor.py:654} INFO - DAG(s) dict_keys(['example_branch_dop_operator_v3']) retrieved from /home/lowenhard/acceleration/env/lib/python3.8/site-packages/airflow/example_dags/example_branch_python_dop_operator_3.py
[2022-03-23 05:55:31,277] {logging_mixin.py:109} INFO - [2022-03-23 05:55:31,277] {dag.py:2398} INFO - Sync 1 DAGs
[2022-03-23 05:55:31,296] {logging_mixin.py:109} INFO - [2022-03-23 05:55:31,296] {dag.py:2937} INFO - Setting next_dagrun for example_branch_dop_operator_v3 to 2022-03-23T10:54:00+00:00
[2022-03-23 05:55:32,224] {processor.py:171} INFO - Processing /home/lowenhard/acceleration/env/lib/python3.8/site-packages/airflow/example_dags/example_branch_python_dop_operator_3.py took 1.008 seconds
[2022-03-23 05:57:05,553] {processor.py:163} INFO - Started process (PID=1236) to work on /home/lowenhard/acceleration/env/lib/python3.8/site-packages/airflow/example_dags/example_branch_python_dop_operator_3.py
[2022-03-23 05:57:05,921] {processor.py:642} INFO - Processing file /home/lowenhard/acceleration/env/lib/python3.8/site-packages/airflow/example_dags/example_branch_python_dop_operator_3.py for tasks to queue
[2022-03-23 05:57:05,922] {logging_mixin.py:109} INFO - [2022-03-23 05:57:05,922] {dagbag.py:500} INFO - Filling up the DagBag from /home/lowenhard/acceleration/env/lib/python3.8/site-packages/airflow/example_dags/example_branch_python_dop_operator_3.py
[2022-03-23 05:57:05,941] {processor.py:654} INFO - DAG(s) dict_keys(['example_branch_dop_operator_v3']) retrieved from /home/lowenhard/acceleration/env/lib/python3.8/site-packages/airflow/example_dags/example_branch_python_dop_operator_3.py
[2022-03-23 05:57:05,950] {logging_mixin.py:109} INFO - [2022-03-23 05:57:05,950] {dag.py:2398} INFO - Sync 1 DAGs
[2022-03-23 05:57:05,966] {logging_mixin.py:109} INFO - [2022-03-23 05:57:05,966] {dag.py:2937} INFO - Setting next_dagrun for example_branch_dop_operator_v3 to 2022-03-23T10:56:00+00:00
[2022-03-23 05:57:06,229] {processor.py:171} INFO - Processing /home/lowenhard/acceleration/env/lib/python3.8/site-packages/airflow/example_dags/example_branch_python_dop_operator_3.py took 0.680 seconds
[2022-03-23 05:58:31,173] {processor.py:163} INFO - Started process (PID=1278) to work on /home/lowenhard/acceleration/env/lib/python3.8/site-packages/airflow/example_dags/example_branch_python_dop_operator_3.py
[2022-03-23 05:58:31,188] {processor.py:642} INFO - Processing file /home/lowenhard/acceleration/env/lib/python3.8/site-packages/airflow/example_dags/example_branch_python_dop_operator_3.py for tasks to queue
[2022-03-23 05:58:31,189] {logging_mixin.py:109} INFO - [2022-03-23 05:58:31,189] {dagbag.py:500} INFO - Filling up the DagBag from /home/lowenhard/acceleration/env/lib/python3.8/site-packages/airflow/example_dags/example_branch_python_dop_operator_3.py
[2022-03-23 05:58:31,209] {processor.py:654} INFO - DAG(s) dict_keys(['example_branch_dop_operator_v3']) retrieved from /home/lowenhard/acceleration/env/lib/python3.8/site-packages/airflow/example_dags/example_branch_python_dop_operator_3.py
[2022-03-23 05:58:31,216] {logging_mixin.py:109} INFO - [2022-03-23 05:58:31,216] {dag.py:2398} INFO - Sync 1 DAGs
[2022-03-23 05:58:31,234] {logging_mixin.py:109} INFO - [2022-03-23 05:58:31,234] {dag.py:2937} INFO - Setting next_dagrun for example_branch_dop_operator_v3 to 2022-03-23T10:57:00+00:00
[2022-03-23 05:58:31,404] {processor.py:171} INFO - Processing /home/lowenhard/acceleration/env/lib/python3.8/site-packages/airflow/example_dags/example_branch_python_dop_operator_3.py took 0.234 seconds
[2022-03-23 06:00:07,569] {processor.py:163} INFO - Started process (PID=1320) to work on /home/lowenhard/acceleration/env/lib/python3.8/site-packages/airflow/example_dags/example_branch_python_dop_operator_3.py
[2022-03-23 06:00:07,691] {processor.py:642} INFO - Processing file /home/lowenhard/acceleration/env/lib/python3.8/site-packages/airflow/example_dags/example_branch_python_dop_operator_3.py for tasks to queue
[2022-03-23 06:00:07,692] {logging_mixin.py:109} INFO - [2022-03-23 06:00:07,692] {dagbag.py:500} INFO - Filling up the DagBag from /home/lowenhard/acceleration/env/lib/python3.8/site-packages/airflow/example_dags/example_branch_python_dop_operator_3.py
[2022-03-23 06:00:07,715] {processor.py:654} INFO - DAG(s) dict_keys(['example_branch_dop_operator_v3']) retrieved from /home/lowenhard/acceleration/env/lib/python3.8/site-packages/airflow/example_dags/example_branch_python_dop_operator_3.py
[2022-03-23 06:00:07,724] {logging_mixin.py:109} INFO - [2022-03-23 06:00:07,724] {dag.py:2398} INFO - Sync 1 DAGs
[2022-03-23 06:00:07,747] {logging_mixin.py:109} INFO - [2022-03-23 06:00:07,747] {dag.py:2937} INFO - Setting next_dagrun for example_branch_dop_operator_v3 to 2022-03-23T10:59:00+00:00
[2022-03-23 06:00:08,573] {processor.py:171} INFO - Processing /home/lowenhard/acceleration/env/lib/python3.8/site-packages/airflow/example_dags/example_branch_python_dop_operator_3.py took 1.006 seconds
[2022-03-23 06:01:38,013] {processor.py:163} INFO - Started process (PID=1362) to work on /home/lowenhard/acceleration/env/lib/python3.8/site-packages/airflow/example_dags/example_branch_python_dop_operator_3.py
[2022-03-23 06:01:38,086] {processor.py:642} INFO - Processing file /home/lowenhard/acceleration/env/lib/python3.8/site-packages/airflow/example_dags/example_branch_python_dop_operator_3.py for tasks to queue
[2022-03-23 06:01:38,087] {logging_mixin.py:109} INFO - [2022-03-23 06:01:38,087] {dagbag.py:500} INFO - Filling up the DagBag from /home/lowenhard/acceleration/env/lib/python3.8/site-packages/airflow/example_dags/example_branch_python_dop_operator_3.py
[2022-03-23 06:01:38,110] {processor.py:654} INFO - DAG(s) dict_keys(['example_branch_dop_operator_v3']) retrieved from /home/lowenhard/acceleration/env/lib/python3.8/site-packages/airflow/example_dags/example_branch_python_dop_operator_3.py
[2022-03-23 06:01:38,118] {logging_mixin.py:109} INFO - [2022-03-23 06:01:38,118] {dag.py:2398} INFO - Sync 1 DAGs
[2022-03-23 06:01:38,134] {logging_mixin.py:109} INFO - [2022-03-23 06:01:38,134] {dag.py:2937} INFO - Setting next_dagrun for example_branch_dop_operator_v3 to 2022-03-23T11:00:00+00:00
[2022-03-23 06:01:38,425] {processor.py:171} INFO - Processing /home/lowenhard/acceleration/env/lib/python3.8/site-packages/airflow/example_dags/example_branch_python_dop_operator_3.py took 0.415 seconds
[2022-03-23 06:03:04,685] {processor.py:163} INFO - Started process (PID=1405) to work on /home/lowenhard/acceleration/env/lib/python3.8/site-packages/airflow/example_dags/example_branch_python_dop_operator_3.py
[2022-03-23 06:03:04,812] {processor.py:642} INFO - Processing file /home/lowenhard/acceleration/env/lib/python3.8/site-packages/airflow/example_dags/example_branch_python_dop_operator_3.py for tasks to queue
[2022-03-23 06:03:04,813] {logging_mixin.py:109} INFO - [2022-03-23 06:03:04,813] {dagbag.py:500} INFO - Filling up the DagBag from /home/lowenhard/acceleration/env/lib/python3.8/site-packages/airflow/example_dags/example_branch_python_dop_operator_3.py
[2022-03-23 06:03:04,836] {processor.py:654} INFO - DAG(s) dict_keys(['example_branch_dop_operator_v3']) retrieved from /home/lowenhard/acceleration/env/lib/python3.8/site-packages/airflow/example_dags/example_branch_python_dop_operator_3.py
[2022-03-23 06:03:04,844] {logging_mixin.py:109} INFO - [2022-03-23 06:03:04,844] {dag.py:2398} INFO - Sync 1 DAGs
[2022-03-23 06:03:04,860] {logging_mixin.py:109} INFO - [2022-03-23 06:03:04,860] {dag.py:2937} INFO - Setting next_dagrun for example_branch_dop_operator_v3 to 2022-03-23T11:02:00+00:00
[2022-03-23 06:03:05,242] {processor.py:171} INFO - Processing /home/lowenhard/acceleration/env/lib/python3.8/site-packages/airflow/example_dags/example_branch_python_dop_operator_3.py took 0.561 seconds
