[2022-03-23 05:21:41,629] {processor.py:163} INFO - Started process (PID=173) to work on /home/lowenhard/acceleration/env/lib/python3.8/site-packages/airflow/example_dags/tutorial.py
[2022-03-23 05:21:41,630] {processor.py:642} INFO - Processing file /home/lowenhard/acceleration/env/lib/python3.8/site-packages/airflow/example_dags/tutorial.py for tasks to queue
[2022-03-23 05:21:41,630] {logging_mixin.py:109} INFO - [2022-03-23 05:21:41,630] {dagbag.py:500} INFO - Filling up the DagBag from /home/lowenhard/acceleration/env/lib/python3.8/site-packages/airflow/example_dags/tutorial.py
[2022-03-23 05:21:41,652] {processor.py:654} INFO - DAG(s) dict_keys(['tutorial']) retrieved from /home/lowenhard/acceleration/env/lib/python3.8/site-packages/airflow/example_dags/tutorial.py
[2022-03-23 05:21:41,663] {logging_mixin.py:109} INFO - [2022-03-23 05:21:41,663] {dag.py:2398} INFO - Sync 1 DAGs
[2022-03-23 05:21:41,676] {logging_mixin.py:109} INFO - [2022-03-23 05:21:41,676] {dag.py:2937} INFO - Setting next_dagrun for tutorial to 2022-03-22T10:21:41.675664+00:00
[2022-03-23 05:21:41,875] {processor.py:171} INFO - Processing /home/lowenhard/acceleration/env/lib/python3.8/site-packages/airflow/example_dags/tutorial.py took 0.248 seconds
[2022-03-23 05:23:10,487] {processor.py:163} INFO - Started process (PID=208) to work on /home/lowenhard/acceleration/env/lib/python3.8/site-packages/airflow/example_dags/tutorial.py
[2022-03-23 05:23:10,499] {processor.py:642} INFO - Processing file /home/lowenhard/acceleration/env/lib/python3.8/site-packages/airflow/example_dags/tutorial.py for tasks to queue
[2022-03-23 05:23:10,499] {logging_mixin.py:109} INFO - [2022-03-23 05:23:10,499] {dagbag.py:500} INFO - Filling up the DagBag from /home/lowenhard/acceleration/env/lib/python3.8/site-packages/airflow/example_dags/tutorial.py
[2022-03-23 05:23:10,520] {processor.py:654} INFO - DAG(s) dict_keys(['tutorial']) retrieved from /home/lowenhard/acceleration/env/lib/python3.8/site-packages/airflow/example_dags/tutorial.py
[2022-03-23 05:23:10,531] {logging_mixin.py:109} INFO - [2022-03-23 05:23:10,531] {dag.py:2398} INFO - Sync 1 DAGs
[2022-03-23 05:23:10,546] {logging_mixin.py:109} INFO - [2022-03-23 05:23:10,545] {dag.py:2937} INFO - Setting next_dagrun for tutorial to 2022-03-22T10:23:10.545566+00:00
[2022-03-23 05:23:11,447] {processor.py:171} INFO - Processing /home/lowenhard/acceleration/env/lib/python3.8/site-packages/airflow/example_dags/tutorial.py took 0.962 seconds
[2022-03-23 05:24:49,662] {processor.py:163} INFO - Started process (PID=317) to work on /home/lowenhard/acceleration/env/lib/python3.8/site-packages/airflow/example_dags/tutorial.py
[2022-03-23 05:24:49,719] {processor.py:642} INFO - Processing file /home/lowenhard/acceleration/env/lib/python3.8/site-packages/airflow/example_dags/tutorial.py for tasks to queue
[2022-03-23 05:24:49,720] {logging_mixin.py:109} INFO - [2022-03-23 05:24:49,720] {dagbag.py:500} INFO - Filling up the DagBag from /home/lowenhard/acceleration/env/lib/python3.8/site-packages/airflow/example_dags/tutorial.py
[2022-03-23 05:24:49,748] {processor.py:654} INFO - DAG(s) dict_keys(['tutorial']) retrieved from /home/lowenhard/acceleration/env/lib/python3.8/site-packages/airflow/example_dags/tutorial.py
[2022-03-23 05:24:49,757] {logging_mixin.py:109} INFO - [2022-03-23 05:24:49,757] {dag.py:2398} INFO - Sync 1 DAGs
[2022-03-23 05:24:49,768] {logging_mixin.py:109} INFO - [2022-03-23 05:24:49,768] {dag.py:2937} INFO - Setting next_dagrun for tutorial to 2022-03-22T10:24:49.768156+00:00
[2022-03-23 05:24:50,100] {processor.py:171} INFO - Processing /home/lowenhard/acceleration/env/lib/python3.8/site-packages/airflow/example_dags/tutorial.py took 0.441 seconds
[2022-03-23 05:26:19,141] {processor.py:163} INFO - Started process (PID=374) to work on /home/lowenhard/acceleration/env/lib/python3.8/site-packages/airflow/example_dags/tutorial.py
[2022-03-23 05:26:19,163] {processor.py:642} INFO - Processing file /home/lowenhard/acceleration/env/lib/python3.8/site-packages/airflow/example_dags/tutorial.py for tasks to queue
[2022-03-23 05:26:19,163] {logging_mixin.py:109} INFO - [2022-03-23 05:26:19,163] {dagbag.py:500} INFO - Filling up the DagBag from /home/lowenhard/acceleration/env/lib/python3.8/site-packages/airflow/example_dags/tutorial.py
[2022-03-23 05:26:19,186] {processor.py:654} INFO - DAG(s) dict_keys(['tutorial']) retrieved from /home/lowenhard/acceleration/env/lib/python3.8/site-packages/airflow/example_dags/tutorial.py
[2022-03-23 05:26:19,194] {logging_mixin.py:109} INFO - [2022-03-23 05:26:19,194] {dag.py:2398} INFO - Sync 1 DAGs
[2022-03-23 05:26:19,206] {logging_mixin.py:109} INFO - [2022-03-23 05:26:19,205] {dag.py:2937} INFO - Setting next_dagrun for tutorial to 2022-03-22T10:26:19.205603+00:00
[2022-03-23 05:26:20,137] {processor.py:171} INFO - Processing /home/lowenhard/acceleration/env/lib/python3.8/site-packages/airflow/example_dags/tutorial.py took 0.999 seconds
[2022-03-23 05:27:49,518] {processor.py:163} INFO - Started process (PID=420) to work on /home/lowenhard/acceleration/env/lib/python3.8/site-packages/airflow/example_dags/tutorial.py
[2022-03-23 05:27:49,753] {processor.py:642} INFO - Processing file /home/lowenhard/acceleration/env/lib/python3.8/site-packages/airflow/example_dags/tutorial.py for tasks to queue
[2022-03-23 05:27:49,754] {logging_mixin.py:109} INFO - [2022-03-23 05:27:49,754] {dagbag.py:500} INFO - Filling up the DagBag from /home/lowenhard/acceleration/env/lib/python3.8/site-packages/airflow/example_dags/tutorial.py
[2022-03-23 05:27:49,772] {processor.py:654} INFO - DAG(s) dict_keys(['tutorial']) retrieved from /home/lowenhard/acceleration/env/lib/python3.8/site-packages/airflow/example_dags/tutorial.py
[2022-03-23 05:27:49,783] {logging_mixin.py:109} INFO - [2022-03-23 05:27:49,783] {dag.py:2398} INFO - Sync 1 DAGs
[2022-03-23 05:27:49,798] {logging_mixin.py:109} INFO - [2022-03-23 05:27:49,797] {dag.py:2937} INFO - Setting next_dagrun for tutorial to 2022-03-22T10:27:49.797604+00:00
[2022-03-23 05:27:51,040] {processor.py:171} INFO - Processing /home/lowenhard/acceleration/env/lib/python3.8/site-packages/airflow/example_dags/tutorial.py took 1.525 seconds
[2022-03-23 05:29:19,653] {processor.py:163} INFO - Started process (PID=473) to work on /home/lowenhard/acceleration/env/lib/python3.8/site-packages/airflow/example_dags/tutorial.py
[2022-03-23 05:29:19,674] {processor.py:642} INFO - Processing file /home/lowenhard/acceleration/env/lib/python3.8/site-packages/airflow/example_dags/tutorial.py for tasks to queue
[2022-03-23 05:29:19,675] {logging_mixin.py:109} INFO - [2022-03-23 05:29:19,675] {dagbag.py:500} INFO - Filling up the DagBag from /home/lowenhard/acceleration/env/lib/python3.8/site-packages/airflow/example_dags/tutorial.py
[2022-03-23 05:29:20,035] {processor.py:654} INFO - DAG(s) dict_keys(['tutorial']) retrieved from /home/lowenhard/acceleration/env/lib/python3.8/site-packages/airflow/example_dags/tutorial.py
[2022-03-23 05:29:20,047] {logging_mixin.py:109} INFO - [2022-03-23 05:29:20,047] {dag.py:2398} INFO - Sync 1 DAGs
[2022-03-23 05:29:20,058] {logging_mixin.py:109} INFO - [2022-03-23 05:29:20,058] {dag.py:2937} INFO - Setting next_dagrun for tutorial to 2022-03-22T10:29:20.058218+00:00
[2022-03-23 05:29:21,759] {processor.py:171} INFO - Processing /home/lowenhard/acceleration/env/lib/python3.8/site-packages/airflow/example_dags/tutorial.py took 2.110 seconds
[2022-03-23 05:30:32,008] {processor.py:163} INFO - Started process (PID=509) to work on /home/lowenhard/acceleration/env/lib/python3.8/site-packages/airflow/example_dags/tutorial.py
[2022-03-23 05:30:33,332] {processor.py:642} INFO - Processing file /home/lowenhard/acceleration/env/lib/python3.8/site-packages/airflow/example_dags/tutorial.py for tasks to queue
[2022-03-23 05:30:33,332] {logging_mixin.py:109} INFO - [2022-03-23 05:30:33,332] {dagbag.py:500} INFO - Filling up the DagBag from /home/lowenhard/acceleration/env/lib/python3.8/site-packages/airflow/example_dags/tutorial.py
[2022-03-23 05:30:33,685] {processor.py:654} INFO - DAG(s) dict_keys(['tutorial']) retrieved from /home/lowenhard/acceleration/env/lib/python3.8/site-packages/airflow/example_dags/tutorial.py
[2022-03-23 05:30:33,696] {logging_mixin.py:109} INFO - [2022-03-23 05:30:33,696] {dag.py:2398} INFO - Sync 1 DAGs
[2022-03-23 05:30:33,708] {logging_mixin.py:109} INFO - [2022-03-23 05:30:33,708] {dag.py:2937} INFO - Setting next_dagrun for tutorial to 2022-03-22T10:30:33.708549+00:00
[2022-03-23 05:30:35,172] {processor.py:171} INFO - Processing /home/lowenhard/acceleration/env/lib/python3.8/site-packages/airflow/example_dags/tutorial.py took 3.166 seconds
[2022-03-23 05:32:11,160] {processor.py:163} INFO - Started process (PID=554) to work on /home/lowenhard/acceleration/env/lib/python3.8/site-packages/airflow/example_dags/tutorial.py
[2022-03-23 05:32:11,407] {processor.py:642} INFO - Processing file /home/lowenhard/acceleration/env/lib/python3.8/site-packages/airflow/example_dags/tutorial.py for tasks to queue
[2022-03-23 05:32:11,408] {logging_mixin.py:109} INFO - [2022-03-23 05:32:11,408] {dagbag.py:500} INFO - Filling up the DagBag from /home/lowenhard/acceleration/env/lib/python3.8/site-packages/airflow/example_dags/tutorial.py
[2022-03-23 05:32:11,436] {processor.py:654} INFO - DAG(s) dict_keys(['tutorial']) retrieved from /home/lowenhard/acceleration/env/lib/python3.8/site-packages/airflow/example_dags/tutorial.py
[2022-03-23 05:32:11,448] {logging_mixin.py:109} INFO - [2022-03-23 05:32:11,448] {dag.py:2398} INFO - Sync 1 DAGs
[2022-03-23 05:32:11,458] {logging_mixin.py:109} INFO - [2022-03-23 05:32:11,458] {dag.py:2937} INFO - Setting next_dagrun for tutorial to 2022-03-22T10:32:11.458603+00:00
[2022-03-23 05:32:12,089] {processor.py:171} INFO - Processing /home/lowenhard/acceleration/env/lib/python3.8/site-packages/airflow/example_dags/tutorial.py took 0.931 seconds
[2022-03-23 05:33:38,613] {processor.py:163} INFO - Started process (PID=596) to work on /home/lowenhard/acceleration/env/lib/python3.8/site-packages/airflow/example_dags/tutorial.py
[2022-03-23 05:33:38,645] {processor.py:642} INFO - Processing file /home/lowenhard/acceleration/env/lib/python3.8/site-packages/airflow/example_dags/tutorial.py for tasks to queue
[2022-03-23 05:33:38,656] {logging_mixin.py:109} INFO - [2022-03-23 05:33:38,656] {dagbag.py:500} INFO - Filling up the DagBag from /home/lowenhard/acceleration/env/lib/python3.8/site-packages/airflow/example_dags/tutorial.py
[2022-03-23 05:33:38,810] {processor.py:654} INFO - DAG(s) dict_keys(['tutorial']) retrieved from /home/lowenhard/acceleration/env/lib/python3.8/site-packages/airflow/example_dags/tutorial.py
[2022-03-23 05:33:38,820] {logging_mixin.py:109} INFO - [2022-03-23 05:33:38,819] {dag.py:2398} INFO - Sync 1 DAGs
[2022-03-23 05:33:38,831] {logging_mixin.py:109} INFO - [2022-03-23 05:33:38,830] {dag.py:2937} INFO - Setting next_dagrun for tutorial to 2022-03-22T10:33:38.830625+00:00
[2022-03-23 05:33:39,014] {processor.py:171} INFO - Processing /home/lowenhard/acceleration/env/lib/python3.8/site-packages/airflow/example_dags/tutorial.py took 0.403 seconds
[2022-03-23 05:35:12,738] {processor.py:163} INFO - Started process (PID=639) to work on /home/lowenhard/acceleration/env/lib/python3.8/site-packages/airflow/example_dags/tutorial.py
[2022-03-23 05:35:12,760] {processor.py:642} INFO - Processing file /home/lowenhard/acceleration/env/lib/python3.8/site-packages/airflow/example_dags/tutorial.py for tasks to queue
[2022-03-23 05:35:12,761] {logging_mixin.py:109} INFO - [2022-03-23 05:35:12,761] {dagbag.py:500} INFO - Filling up the DagBag from /home/lowenhard/acceleration/env/lib/python3.8/site-packages/airflow/example_dags/tutorial.py
[2022-03-23 05:35:12,967] {processor.py:654} INFO - DAG(s) dict_keys(['tutorial']) retrieved from /home/lowenhard/acceleration/env/lib/python3.8/site-packages/airflow/example_dags/tutorial.py
[2022-03-23 05:35:12,976] {logging_mixin.py:109} INFO - [2022-03-23 05:35:12,975] {dag.py:2398} INFO - Sync 1 DAGs
[2022-03-23 05:35:12,987] {logging_mixin.py:109} INFO - [2022-03-23 05:35:12,987] {dag.py:2937} INFO - Setting next_dagrun for tutorial to 2022-03-22T10:35:12.987177+00:00
[2022-03-23 05:35:13,149] {processor.py:171} INFO - Processing /home/lowenhard/acceleration/env/lib/python3.8/site-packages/airflow/example_dags/tutorial.py took 0.414 seconds
[2022-03-23 05:36:44,727] {processor.py:163} INFO - Started process (PID=680) to work on /home/lowenhard/acceleration/env/lib/python3.8/site-packages/airflow/example_dags/tutorial.py
[2022-03-23 05:36:44,769] {processor.py:642} INFO - Processing file /home/lowenhard/acceleration/env/lib/python3.8/site-packages/airflow/example_dags/tutorial.py for tasks to queue
[2022-03-23 05:36:44,770] {logging_mixin.py:109} INFO - [2022-03-23 05:36:44,770] {dagbag.py:500} INFO - Filling up the DagBag from /home/lowenhard/acceleration/env/lib/python3.8/site-packages/airflow/example_dags/tutorial.py
[2022-03-23 05:36:44,787] {processor.py:654} INFO - DAG(s) dict_keys(['tutorial']) retrieved from /home/lowenhard/acceleration/env/lib/python3.8/site-packages/airflow/example_dags/tutorial.py
[2022-03-23 05:36:44,796] {logging_mixin.py:109} INFO - [2022-03-23 05:36:44,795] {dag.py:2398} INFO - Sync 1 DAGs
[2022-03-23 05:36:44,807] {logging_mixin.py:109} INFO - [2022-03-23 05:36:44,807] {dag.py:2937} INFO - Setting next_dagrun for tutorial to 2022-03-22T10:36:44.806922+00:00
[2022-03-23 05:36:45,288] {processor.py:171} INFO - Processing /home/lowenhard/acceleration/env/lib/python3.8/site-packages/airflow/example_dags/tutorial.py took 0.565 seconds
[2022-03-23 05:40:38,206] {processor.py:163} INFO - Started process (PID=768) to work on /home/lowenhard/acceleration/env/lib/python3.8/site-packages/airflow/example_dags/tutorial.py
[2022-03-23 05:40:38,902] {processor.py:642} INFO - Processing file /home/lowenhard/acceleration/env/lib/python3.8/site-packages/airflow/example_dags/tutorial.py for tasks to queue
[2022-03-23 05:40:38,903] {logging_mixin.py:109} INFO - [2022-03-23 05:40:38,903] {dagbag.py:500} INFO - Filling up the DagBag from /home/lowenhard/acceleration/env/lib/python3.8/site-packages/airflow/example_dags/tutorial.py
[2022-03-23 05:40:38,927] {processor.py:654} INFO - DAG(s) dict_keys(['tutorial']) retrieved from /home/lowenhard/acceleration/env/lib/python3.8/site-packages/airflow/example_dags/tutorial.py
[2022-03-23 05:40:38,939] {logging_mixin.py:109} INFO - [2022-03-23 05:40:38,938] {dag.py:2398} INFO - Sync 1 DAGs
[2022-03-23 05:40:38,953] {logging_mixin.py:109} INFO - [2022-03-23 05:40:38,953] {dag.py:2937} INFO - Setting next_dagrun for tutorial to 2022-03-22T10:40:38.952675+00:00
[2022-03-23 05:40:39,390] {processor.py:171} INFO - Processing /home/lowenhard/acceleration/env/lib/python3.8/site-packages/airflow/example_dags/tutorial.py took 1.187 seconds
[2022-03-23 05:41:57,239] {processor.py:163} INFO - Started process (PID=803) to work on /home/lowenhard/acceleration/env/lib/python3.8/site-packages/airflow/example_dags/tutorial.py
[2022-03-23 05:41:57,479] {processor.py:642} INFO - Processing file /home/lowenhard/acceleration/env/lib/python3.8/site-packages/airflow/example_dags/tutorial.py for tasks to queue
[2022-03-23 05:41:57,480] {logging_mixin.py:109} INFO - [2022-03-23 05:41:57,480] {dagbag.py:500} INFO - Filling up the DagBag from /home/lowenhard/acceleration/env/lib/python3.8/site-packages/airflow/example_dags/tutorial.py
[2022-03-23 05:41:57,501] {processor.py:654} INFO - DAG(s) dict_keys(['tutorial']) retrieved from /home/lowenhard/acceleration/env/lib/python3.8/site-packages/airflow/example_dags/tutorial.py
[2022-03-23 05:41:57,509] {logging_mixin.py:109} INFO - [2022-03-23 05:41:57,509] {dag.py:2398} INFO - Sync 1 DAGs
[2022-03-23 05:41:57,521] {logging_mixin.py:109} INFO - [2022-03-23 05:41:57,521] {dag.py:2937} INFO - Setting next_dagrun for tutorial to 2022-03-22T10:41:57.521224+00:00
[2022-03-23 05:41:58,566] {processor.py:171} INFO - Processing /home/lowenhard/acceleration/env/lib/python3.8/site-packages/airflow/example_dags/tutorial.py took 1.330 seconds
[2022-03-23 05:43:23,226] {processor.py:163} INFO - Started process (PID=860) to work on /home/lowenhard/acceleration/env/lib/python3.8/site-packages/airflow/example_dags/tutorial.py
[2022-03-23 05:43:23,316] {processor.py:642} INFO - Processing file /home/lowenhard/acceleration/env/lib/python3.8/site-packages/airflow/example_dags/tutorial.py for tasks to queue
[2022-03-23 05:43:23,316] {logging_mixin.py:109} INFO - [2022-03-23 05:43:23,316] {dagbag.py:500} INFO - Filling up the DagBag from /home/lowenhard/acceleration/env/lib/python3.8/site-packages/airflow/example_dags/tutorial.py
[2022-03-23 05:43:23,340] {processor.py:654} INFO - DAG(s) dict_keys(['tutorial']) retrieved from /home/lowenhard/acceleration/env/lib/python3.8/site-packages/airflow/example_dags/tutorial.py
[2022-03-23 05:43:23,348] {logging_mixin.py:109} INFO - [2022-03-23 05:43:23,348] {dag.py:2398} INFO - Sync 1 DAGs
[2022-03-23 05:43:23,359] {logging_mixin.py:109} INFO - [2022-03-23 05:43:23,359] {dag.py:2937} INFO - Setting next_dagrun for tutorial to 2022-03-22T10:43:23.359335+00:00
[2022-03-23 05:43:23,705] {processor.py:171} INFO - Processing /home/lowenhard/acceleration/env/lib/python3.8/site-packages/airflow/example_dags/tutorial.py took 0.482 seconds
[2022-03-23 05:44:47,529] {processor.py:163} INFO - Started process (PID=902) to work on /home/lowenhard/acceleration/env/lib/python3.8/site-packages/airflow/example_dags/tutorial.py
[2022-03-23 05:44:47,572] {processor.py:642} INFO - Processing file /home/lowenhard/acceleration/env/lib/python3.8/site-packages/airflow/example_dags/tutorial.py for tasks to queue
[2022-03-23 05:44:47,572] {logging_mixin.py:109} INFO - [2022-03-23 05:44:47,572] {dagbag.py:500} INFO - Filling up the DagBag from /home/lowenhard/acceleration/env/lib/python3.8/site-packages/airflow/example_dags/tutorial.py
[2022-03-23 05:44:47,593] {processor.py:654} INFO - DAG(s) dict_keys(['tutorial']) retrieved from /home/lowenhard/acceleration/env/lib/python3.8/site-packages/airflow/example_dags/tutorial.py
[2022-03-23 05:44:47,602] {logging_mixin.py:109} INFO - [2022-03-23 05:44:47,602] {dag.py:2398} INFO - Sync 1 DAGs
[2022-03-23 05:44:47,613] {logging_mixin.py:109} INFO - [2022-03-23 05:44:47,613] {dag.py:2937} INFO - Setting next_dagrun for tutorial to 2022-03-22T10:44:47.613292+00:00
[2022-03-23 05:44:48,986] {processor.py:171} INFO - Processing /home/lowenhard/acceleration/env/lib/python3.8/site-packages/airflow/example_dags/tutorial.py took 1.462 seconds
[2022-03-23 05:46:20,253] {processor.py:163} INFO - Started process (PID=944) to work on /home/lowenhard/acceleration/env/lib/python3.8/site-packages/airflow/example_dags/tutorial.py
[2022-03-23 05:46:20,344] {processor.py:642} INFO - Processing file /home/lowenhard/acceleration/env/lib/python3.8/site-packages/airflow/example_dags/tutorial.py for tasks to queue
[2022-03-23 05:46:20,345] {logging_mixin.py:109} INFO - [2022-03-23 05:46:20,345] {dagbag.py:500} INFO - Filling up the DagBag from /home/lowenhard/acceleration/env/lib/python3.8/site-packages/airflow/example_dags/tutorial.py
[2022-03-23 05:46:20,366] {processor.py:654} INFO - DAG(s) dict_keys(['tutorial']) retrieved from /home/lowenhard/acceleration/env/lib/python3.8/site-packages/airflow/example_dags/tutorial.py
[2022-03-23 05:46:20,375] {logging_mixin.py:109} INFO - [2022-03-23 05:46:20,375] {dag.py:2398} INFO - Sync 1 DAGs
[2022-03-23 05:46:20,388] {logging_mixin.py:109} INFO - [2022-03-23 05:46:20,388] {dag.py:2937} INFO - Setting next_dagrun for tutorial to 2022-03-22T10:46:20.388395+00:00
[2022-03-23 05:46:21,703] {processor.py:171} INFO - Processing /home/lowenhard/acceleration/env/lib/python3.8/site-packages/airflow/example_dags/tutorial.py took 1.452 seconds
[2022-03-23 05:48:00,657] {processor.py:163} INFO - Started process (PID=988) to work on /home/lowenhard/acceleration/env/lib/python3.8/site-packages/airflow/example_dags/tutorial.py
[2022-03-23 05:48:00,668] {processor.py:642} INFO - Processing file /home/lowenhard/acceleration/env/lib/python3.8/site-packages/airflow/example_dags/tutorial.py for tasks to queue
[2022-03-23 05:48:00,668] {logging_mixin.py:109} INFO - [2022-03-23 05:48:00,668] {dagbag.py:500} INFO - Filling up the DagBag from /home/lowenhard/acceleration/env/lib/python3.8/site-packages/airflow/example_dags/tutorial.py
[2022-03-23 05:48:00,689] {processor.py:654} INFO - DAG(s) dict_keys(['tutorial']) retrieved from /home/lowenhard/acceleration/env/lib/python3.8/site-packages/airflow/example_dags/tutorial.py
[2022-03-23 05:48:00,700] {logging_mixin.py:109} INFO - [2022-03-23 05:48:00,700] {dag.py:2398} INFO - Sync 1 DAGs
[2022-03-23 05:48:00,712] {logging_mixin.py:109} INFO - [2022-03-23 05:48:00,712] {dag.py:2937} INFO - Setting next_dagrun for tutorial to 2022-03-22T10:48:00.711994+00:00
[2022-03-23 05:48:01,207] {processor.py:171} INFO - Processing /home/lowenhard/acceleration/env/lib/python3.8/site-packages/airflow/example_dags/tutorial.py took 0.552 seconds
[2022-03-23 05:49:54,952] {processor.py:163} INFO - Started process (PID=1056) to work on /home/lowenhard/acceleration/env/lib/python3.8/site-packages/airflow/example_dags/tutorial.py
[2022-03-23 05:49:55,267] {processor.py:642} INFO - Processing file /home/lowenhard/acceleration/env/lib/python3.8/site-packages/airflow/example_dags/tutorial.py for tasks to queue
[2022-03-23 05:49:55,268] {logging_mixin.py:109} INFO - [2022-03-23 05:49:55,268] {dagbag.py:500} INFO - Filling up the DagBag from /home/lowenhard/acceleration/env/lib/python3.8/site-packages/airflow/example_dags/tutorial.py
[2022-03-23 05:49:55,292] {processor.py:654} INFO - DAG(s) dict_keys(['tutorial']) retrieved from /home/lowenhard/acceleration/env/lib/python3.8/site-packages/airflow/example_dags/tutorial.py
[2022-03-23 05:49:55,306] {logging_mixin.py:109} INFO - [2022-03-23 05:49:55,306] {dag.py:2398} INFO - Sync 1 DAGs
[2022-03-23 05:49:55,321] {logging_mixin.py:109} INFO - [2022-03-23 05:49:55,321] {dag.py:2937} INFO - Setting next_dagrun for tutorial to 2022-03-22T10:49:55.320843+00:00
[2022-03-23 05:49:56,269] {processor.py:171} INFO - Processing /home/lowenhard/acceleration/env/lib/python3.8/site-packages/airflow/example_dags/tutorial.py took 1.321 seconds
[2022-03-23 05:51:21,844] {processor.py:163} INFO - Started process (PID=1091) to work on /home/lowenhard/acceleration/env/lib/python3.8/site-packages/airflow/example_dags/tutorial.py
[2022-03-23 05:51:21,865] {processor.py:642} INFO - Processing file /home/lowenhard/acceleration/env/lib/python3.8/site-packages/airflow/example_dags/tutorial.py for tasks to queue
[2022-03-23 05:51:21,866] {logging_mixin.py:109} INFO - [2022-03-23 05:51:21,866] {dagbag.py:500} INFO - Filling up the DagBag from /home/lowenhard/acceleration/env/lib/python3.8/site-packages/airflow/example_dags/tutorial.py
[2022-03-23 05:51:21,900] {processor.py:654} INFO - DAG(s) dict_keys(['tutorial']) retrieved from /home/lowenhard/acceleration/env/lib/python3.8/site-packages/airflow/example_dags/tutorial.py
[2022-03-23 05:51:21,916] {logging_mixin.py:109} INFO - [2022-03-23 05:51:21,916] {dag.py:2398} INFO - Sync 1 DAGs
[2022-03-23 05:51:21,940] {logging_mixin.py:109} INFO - [2022-03-23 05:51:21,939] {dag.py:2937} INFO - Setting next_dagrun for tutorial to 2022-03-22T10:51:21.939351+00:00
[2022-03-23 05:51:22,903] {processor.py:171} INFO - Processing /home/lowenhard/acceleration/env/lib/python3.8/site-packages/airflow/example_dags/tutorial.py took 1.063 seconds
[2022-03-23 05:53:19,152] {processor.py:163} INFO - Started process (PID=1137) to work on /home/lowenhard/acceleration/env/lib/python3.8/site-packages/airflow/example_dags/tutorial.py
[2022-03-23 05:53:19,296] {processor.py:642} INFO - Processing file /home/lowenhard/acceleration/env/lib/python3.8/site-packages/airflow/example_dags/tutorial.py for tasks to queue
[2022-03-23 05:53:19,296] {logging_mixin.py:109} INFO - [2022-03-23 05:53:19,296] {dagbag.py:500} INFO - Filling up the DagBag from /home/lowenhard/acceleration/env/lib/python3.8/site-packages/airflow/example_dags/tutorial.py
[2022-03-23 05:53:19,320] {processor.py:654} INFO - DAG(s) dict_keys(['tutorial']) retrieved from /home/lowenhard/acceleration/env/lib/python3.8/site-packages/airflow/example_dags/tutorial.py
[2022-03-23 05:53:19,328] {logging_mixin.py:109} INFO - [2022-03-23 05:53:19,328] {dag.py:2398} INFO - Sync 1 DAGs
[2022-03-23 05:53:19,340] {logging_mixin.py:109} INFO - [2022-03-23 05:53:19,340] {dag.py:2937} INFO - Setting next_dagrun for tutorial to 2022-03-22T10:53:19.340204+00:00
[2022-03-23 05:53:19,508] {processor.py:171} INFO - Processing /home/lowenhard/acceleration/env/lib/python3.8/site-packages/airflow/example_dags/tutorial.py took 0.359 seconds
[2022-03-23 05:55:11,385] {processor.py:163} INFO - Started process (PID=1185) to work on /home/lowenhard/acceleration/env/lib/python3.8/site-packages/airflow/example_dags/tutorial.py
[2022-03-23 05:55:11,400] {processor.py:642} INFO - Processing file /home/lowenhard/acceleration/env/lib/python3.8/site-packages/airflow/example_dags/tutorial.py for tasks to queue
[2022-03-23 05:55:11,400] {logging_mixin.py:109} INFO - [2022-03-23 05:55:11,400] {dagbag.py:500} INFO - Filling up the DagBag from /home/lowenhard/acceleration/env/lib/python3.8/site-packages/airflow/example_dags/tutorial.py
[2022-03-23 05:55:11,422] {processor.py:654} INFO - DAG(s) dict_keys(['tutorial']) retrieved from /home/lowenhard/acceleration/env/lib/python3.8/site-packages/airflow/example_dags/tutorial.py
[2022-03-23 05:55:11,433] {logging_mixin.py:109} INFO - [2022-03-23 05:55:11,433] {dag.py:2398} INFO - Sync 1 DAGs
[2022-03-23 05:55:11,449] {logging_mixin.py:109} INFO - [2022-03-23 05:55:11,449] {dag.py:2937} INFO - Setting next_dagrun for tutorial to 2022-03-22T10:55:11.449250+00:00
[2022-03-23 05:55:12,164] {processor.py:171} INFO - Processing /home/lowenhard/acceleration/env/lib/python3.8/site-packages/airflow/example_dags/tutorial.py took 0.781 seconds
[2022-03-23 05:56:46,544] {processor.py:163} INFO - Started process (PID=1228) to work on /home/lowenhard/acceleration/env/lib/python3.8/site-packages/airflow/example_dags/tutorial.py
[2022-03-23 05:56:46,552] {processor.py:642} INFO - Processing file /home/lowenhard/acceleration/env/lib/python3.8/site-packages/airflow/example_dags/tutorial.py for tasks to queue
[2022-03-23 05:56:46,552] {logging_mixin.py:109} INFO - [2022-03-23 05:56:46,552] {dagbag.py:500} INFO - Filling up the DagBag from /home/lowenhard/acceleration/env/lib/python3.8/site-packages/airflow/example_dags/tutorial.py
[2022-03-23 05:56:46,570] {processor.py:654} INFO - DAG(s) dict_keys(['tutorial']) retrieved from /home/lowenhard/acceleration/env/lib/python3.8/site-packages/airflow/example_dags/tutorial.py
[2022-03-23 05:56:46,579] {logging_mixin.py:109} INFO - [2022-03-23 05:56:46,579] {dag.py:2398} INFO - Sync 1 DAGs
[2022-03-23 05:56:46,590] {logging_mixin.py:109} INFO - [2022-03-23 05:56:46,589] {dag.py:2937} INFO - Setting next_dagrun for tutorial to 2022-03-22T10:56:46.589679+00:00
[2022-03-23 05:56:46,763] {processor.py:171} INFO - Processing /home/lowenhard/acceleration/env/lib/python3.8/site-packages/airflow/example_dags/tutorial.py took 0.222 seconds
[2022-03-23 05:58:14,524] {processor.py:163} INFO - Started process (PID=1270) to work on /home/lowenhard/acceleration/env/lib/python3.8/site-packages/airflow/example_dags/tutorial.py
[2022-03-23 05:58:14,536] {processor.py:642} INFO - Processing file /home/lowenhard/acceleration/env/lib/python3.8/site-packages/airflow/example_dags/tutorial.py for tasks to queue
[2022-03-23 05:58:14,537] {logging_mixin.py:109} INFO - [2022-03-23 05:58:14,537] {dagbag.py:500} INFO - Filling up the DagBag from /home/lowenhard/acceleration/env/lib/python3.8/site-packages/airflow/example_dags/tutorial.py
[2022-03-23 05:58:14,561] {processor.py:654} INFO - DAG(s) dict_keys(['tutorial']) retrieved from /home/lowenhard/acceleration/env/lib/python3.8/site-packages/airflow/example_dags/tutorial.py
[2022-03-23 05:58:14,574] {logging_mixin.py:109} INFO - [2022-03-23 05:58:14,573] {dag.py:2398} INFO - Sync 1 DAGs
[2022-03-23 05:58:14,591] {logging_mixin.py:109} INFO - [2022-03-23 05:58:14,591] {dag.py:2937} INFO - Setting next_dagrun for tutorial to 2022-03-22T10:58:14.591121+00:00
[2022-03-23 05:58:14,824] {processor.py:171} INFO - Processing /home/lowenhard/acceleration/env/lib/python3.8/site-packages/airflow/example_dags/tutorial.py took 0.302 seconds
[2022-03-23 05:59:46,891] {processor.py:163} INFO - Started process (PID=1312) to work on /home/lowenhard/acceleration/env/lib/python3.8/site-packages/airflow/example_dags/tutorial.py
[2022-03-23 05:59:46,899] {processor.py:642} INFO - Processing file /home/lowenhard/acceleration/env/lib/python3.8/site-packages/airflow/example_dags/tutorial.py for tasks to queue
[2022-03-23 05:59:46,899] {logging_mixin.py:109} INFO - [2022-03-23 05:59:46,899] {dagbag.py:500} INFO - Filling up the DagBag from /home/lowenhard/acceleration/env/lib/python3.8/site-packages/airflow/example_dags/tutorial.py
[2022-03-23 05:59:46,917] {processor.py:654} INFO - DAG(s) dict_keys(['tutorial']) retrieved from /home/lowenhard/acceleration/env/lib/python3.8/site-packages/airflow/example_dags/tutorial.py
[2022-03-23 05:59:46,926] {logging_mixin.py:109} INFO - [2022-03-23 05:59:46,926] {dag.py:2398} INFO - Sync 1 DAGs
[2022-03-23 05:59:46,937] {logging_mixin.py:109} INFO - [2022-03-23 05:59:46,937] {dag.py:2937} INFO - Setting next_dagrun for tutorial to 2022-03-22T10:59:46.937142+00:00
[2022-03-23 05:59:47,914] {processor.py:171} INFO - Processing /home/lowenhard/acceleration/env/lib/python3.8/site-packages/airflow/example_dags/tutorial.py took 1.027 seconds
[2022-03-23 06:01:18,139] {processor.py:163} INFO - Started process (PID=1354) to work on /home/lowenhard/acceleration/env/lib/python3.8/site-packages/airflow/example_dags/tutorial.py
[2022-03-23 06:01:18,338] {processor.py:642} INFO - Processing file /home/lowenhard/acceleration/env/lib/python3.8/site-packages/airflow/example_dags/tutorial.py for tasks to queue
[2022-03-23 06:01:18,339] {logging_mixin.py:109} INFO - [2022-03-23 06:01:18,339] {dagbag.py:500} INFO - Filling up the DagBag from /home/lowenhard/acceleration/env/lib/python3.8/site-packages/airflow/example_dags/tutorial.py
[2022-03-23 06:01:18,362] {processor.py:654} INFO - DAG(s) dict_keys(['tutorial']) retrieved from /home/lowenhard/acceleration/env/lib/python3.8/site-packages/airflow/example_dags/tutorial.py
[2022-03-23 06:01:18,371] {logging_mixin.py:109} INFO - [2022-03-23 06:01:18,371] {dag.py:2398} INFO - Sync 1 DAGs
[2022-03-23 06:01:18,384] {logging_mixin.py:109} INFO - [2022-03-23 06:01:18,383] {dag.py:2937} INFO - Setting next_dagrun for tutorial to 2022-03-22T11:01:18.383612+00:00
[2022-03-23 06:01:19,710] {processor.py:171} INFO - Processing /home/lowenhard/acceleration/env/lib/python3.8/site-packages/airflow/example_dags/tutorial.py took 1.574 seconds
[2022-03-23 06:02:50,354] {processor.py:163} INFO - Started process (PID=1397) to work on /home/lowenhard/acceleration/env/lib/python3.8/site-packages/airflow/example_dags/tutorial.py
[2022-03-23 06:02:50,572] {processor.py:642} INFO - Processing file /home/lowenhard/acceleration/env/lib/python3.8/site-packages/airflow/example_dags/tutorial.py for tasks to queue
[2022-03-23 06:02:50,573] {logging_mixin.py:109} INFO - [2022-03-23 06:02:50,573] {dagbag.py:500} INFO - Filling up the DagBag from /home/lowenhard/acceleration/env/lib/python3.8/site-packages/airflow/example_dags/tutorial.py
[2022-03-23 06:02:50,597] {processor.py:654} INFO - DAG(s) dict_keys(['tutorial']) retrieved from /home/lowenhard/acceleration/env/lib/python3.8/site-packages/airflow/example_dags/tutorial.py
[2022-03-23 06:02:50,605] {logging_mixin.py:109} INFO - [2022-03-23 06:02:50,605] {dag.py:2398} INFO - Sync 1 DAGs
[2022-03-23 06:02:50,617] {logging_mixin.py:109} INFO - [2022-03-23 06:02:50,617] {dag.py:2937} INFO - Setting next_dagrun for tutorial to 2022-03-22T11:02:50.617488+00:00
[2022-03-23 06:02:51,537] {processor.py:171} INFO - Processing /home/lowenhard/acceleration/env/lib/python3.8/site-packages/airflow/example_dags/tutorial.py took 1.187 seconds
