[2022-03-26 18:26:42,557] {processor.py:163} INFO - Started process (PID=564) to work on /home/lowenhard/acceleration/env/lib/python3.8/site-packages/airflow/example_dags/example_latest_only.py
[2022-03-26 18:26:42,558] {processor.py:642} INFO - Processing file /home/lowenhard/acceleration/env/lib/python3.8/site-packages/airflow/example_dags/example_latest_only.py for tasks to queue
[2022-03-26 18:26:42,558] {logging_mixin.py:109} INFO - [2022-03-26 18:26:42,558] {dagbag.py:500} INFO - Filling up the DagBag from /home/lowenhard/acceleration/env/lib/python3.8/site-packages/airflow/example_dags/example_latest_only.py
[2022-03-26 18:26:42,575] {processor.py:654} INFO - DAG(s) dict_keys(['latest_only']) retrieved from /home/lowenhard/acceleration/env/lib/python3.8/site-packages/airflow/example_dags/example_latest_only.py
[2022-03-26 18:26:42,583] {logging_mixin.py:109} INFO - [2022-03-26 18:26:42,583] {dag.py:2398} INFO - Sync 1 DAGs
[2022-03-26 18:26:42,594] {logging_mixin.py:109} INFO - [2022-03-26 18:26:42,594] {dag.py:2937} INFO - Setting next_dagrun for latest_only to 2022-03-26T19:26:42.593807+00:00
[2022-03-26 18:26:42,732] {processor.py:171} INFO - Processing /home/lowenhard/acceleration/env/lib/python3.8/site-packages/airflow/example_dags/example_latest_only.py took 0.177 seconds
[2022-03-26 18:27:57,553] {processor.py:163} INFO - Started process (PID=600) to work on /home/lowenhard/acceleration/env/lib/python3.8/site-packages/airflow/example_dags/example_latest_only.py
[2022-03-26 18:27:57,581] {processor.py:642} INFO - Processing file /home/lowenhard/acceleration/env/lib/python3.8/site-packages/airflow/example_dags/example_latest_only.py for tasks to queue
[2022-03-26 18:27:57,581] {logging_mixin.py:109} INFO - [2022-03-26 18:27:57,581] {dagbag.py:500} INFO - Filling up the DagBag from /home/lowenhard/acceleration/env/lib/python3.8/site-packages/airflow/example_dags/example_latest_only.py
[2022-03-26 18:28:01,715] {processor.py:654} INFO - DAG(s) dict_keys(['latest_only']) retrieved from /home/lowenhard/acceleration/env/lib/python3.8/site-packages/airflow/example_dags/example_latest_only.py
[2022-03-26 18:28:02,491] {logging_mixin.py:109} INFO - [2022-03-26 18:28:02,490] {dag.py:2398} INFO - Sync 1 DAGs
[2022-03-26 18:28:02,506] {logging_mixin.py:109} INFO - [2022-03-26 18:28:02,506] {dag.py:2937} INFO - Setting next_dagrun for latest_only to 2022-03-26T19:28:02.506232+00:00
[2022-03-26 18:28:02,773] {processor.py:171} INFO - Processing /home/lowenhard/acceleration/env/lib/python3.8/site-packages/airflow/example_dags/example_latest_only.py took 5.222 seconds
[2022-03-26 18:30:46,642] {processor.py:163} INFO - Started process (PID=683) to work on /home/lowenhard/acceleration/env/lib/python3.8/site-packages/airflow/example_dags/example_latest_only.py
[2022-03-26 18:30:46,649] {processor.py:642} INFO - Processing file /home/lowenhard/acceleration/env/lib/python3.8/site-packages/airflow/example_dags/example_latest_only.py for tasks to queue
[2022-03-26 18:30:46,650] {logging_mixin.py:109} INFO - [2022-03-26 18:30:46,650] {dagbag.py:500} INFO - Filling up the DagBag from /home/lowenhard/acceleration/env/lib/python3.8/site-packages/airflow/example_dags/example_latest_only.py
[2022-03-26 18:30:46,667] {processor.py:654} INFO - DAG(s) dict_keys(['latest_only']) retrieved from /home/lowenhard/acceleration/env/lib/python3.8/site-packages/airflow/example_dags/example_latest_only.py
[2022-03-26 18:30:46,676] {logging_mixin.py:109} INFO - [2022-03-26 18:30:46,676] {dag.py:2398} INFO - Sync 1 DAGs
[2022-03-26 18:30:46,686] {logging_mixin.py:109} INFO - [2022-03-26 18:30:46,686] {dag.py:2937} INFO - Setting next_dagrun for latest_only to 2022-03-26T19:30:46.686577+00:00
[2022-03-26 18:30:46,838] {processor.py:171} INFO - Processing /home/lowenhard/acceleration/env/lib/python3.8/site-packages/airflow/example_dags/example_latest_only.py took 0.198 seconds
[2022-03-26 18:31:40,266] {processor.py:163} INFO - Started process (PID=722) to work on /home/lowenhard/acceleration/env/lib/python3.8/site-packages/airflow/example_dags/example_latest_only.py
[2022-03-26 18:31:40,270] {processor.py:642} INFO - Processing file /home/lowenhard/acceleration/env/lib/python3.8/site-packages/airflow/example_dags/example_latest_only.py for tasks to queue
[2022-03-26 18:31:40,270] {logging_mixin.py:109} INFO - [2022-03-26 18:31:40,270] {dagbag.py:500} INFO - Filling up the DagBag from /home/lowenhard/acceleration/env/lib/python3.8/site-packages/airflow/example_dags/example_latest_only.py
[2022-03-26 18:31:40,287] {processor.py:654} INFO - DAG(s) dict_keys(['latest_only']) retrieved from /home/lowenhard/acceleration/env/lib/python3.8/site-packages/airflow/example_dags/example_latest_only.py
[2022-03-26 18:31:40,295] {logging_mixin.py:109} INFO - [2022-03-26 18:31:40,295] {dag.py:2398} INFO - Sync 1 DAGs
[2022-03-26 18:31:40,306] {logging_mixin.py:109} INFO - [2022-03-26 18:31:40,306] {dag.py:2937} INFO - Setting next_dagrun for latest_only to 2022-03-26T19:31:40.306207+00:00
[2022-03-26 18:31:40,443] {processor.py:171} INFO - Processing /home/lowenhard/acceleration/env/lib/python3.8/site-packages/airflow/example_dags/example_latest_only.py took 0.180 seconds
[2022-03-26 18:32:38,959] {processor.py:163} INFO - Started process (PID=764) to work on /home/lowenhard/acceleration/env/lib/python3.8/site-packages/airflow/example_dags/example_latest_only.py
[2022-03-26 18:32:38,990] {processor.py:642} INFO - Processing file /home/lowenhard/acceleration/env/lib/python3.8/site-packages/airflow/example_dags/example_latest_only.py for tasks to queue
[2022-03-26 18:32:38,991] {logging_mixin.py:109} INFO - [2022-03-26 18:32:38,990] {dagbag.py:500} INFO - Filling up the DagBag from /home/lowenhard/acceleration/env/lib/python3.8/site-packages/airflow/example_dags/example_latest_only.py
[2022-03-26 18:32:39,012] {processor.py:654} INFO - DAG(s) dict_keys(['latest_only']) retrieved from /home/lowenhard/acceleration/env/lib/python3.8/site-packages/airflow/example_dags/example_latest_only.py
[2022-03-26 18:32:39,021] {logging_mixin.py:109} INFO - [2022-03-26 18:32:39,021] {dag.py:2398} INFO - Sync 1 DAGs
[2022-03-26 18:32:39,036] {logging_mixin.py:109} INFO - [2022-03-26 18:32:39,036] {dag.py:2937} INFO - Setting next_dagrun for latest_only to 2022-03-26T19:32:39.036035+00:00
[2022-03-26 18:32:39,253] {processor.py:171} INFO - Processing /home/lowenhard/acceleration/env/lib/python3.8/site-packages/airflow/example_dags/example_latest_only.py took 0.295 seconds
[2022-03-26 18:33:25,086] {processor.py:163} INFO - Started process (PID=795) to work on /home/lowenhard/acceleration/env/lib/python3.8/site-packages/airflow/example_dags/example_latest_only.py
[2022-03-26 18:33:25,089] {processor.py:642} INFO - Processing file /home/lowenhard/acceleration/env/lib/python3.8/site-packages/airflow/example_dags/example_latest_only.py for tasks to queue
[2022-03-26 18:33:25,090] {logging_mixin.py:109} INFO - [2022-03-26 18:33:25,090] {dagbag.py:500} INFO - Filling up the DagBag from /home/lowenhard/acceleration/env/lib/python3.8/site-packages/airflow/example_dags/example_latest_only.py
[2022-03-26 18:33:25,110] {processor.py:654} INFO - DAG(s) dict_keys(['latest_only']) retrieved from /home/lowenhard/acceleration/env/lib/python3.8/site-packages/airflow/example_dags/example_latest_only.py
[2022-03-26 18:33:25,119] {logging_mixin.py:109} INFO - [2022-03-26 18:33:25,118] {dag.py:2398} INFO - Sync 1 DAGs
[2022-03-26 18:33:25,129] {logging_mixin.py:109} INFO - [2022-03-26 18:33:25,129] {dag.py:2937} INFO - Setting next_dagrun for latest_only to 2022-03-26T19:33:25.128952+00:00
[2022-03-26 18:33:25,262] {processor.py:171} INFO - Processing /home/lowenhard/acceleration/env/lib/python3.8/site-packages/airflow/example_dags/example_latest_only.py took 0.179 seconds
[2022-03-26 18:34:04,262] {processor.py:163} INFO - Started process (PID=825) to work on /home/lowenhard/acceleration/env/lib/python3.8/site-packages/airflow/example_dags/example_latest_only.py
[2022-03-26 18:34:04,278] {processor.py:642} INFO - Processing file /home/lowenhard/acceleration/env/lib/python3.8/site-packages/airflow/example_dags/example_latest_only.py for tasks to queue
[2022-03-26 18:34:04,278] {logging_mixin.py:109} INFO - [2022-03-26 18:34:04,278] {dagbag.py:500} INFO - Filling up the DagBag from /home/lowenhard/acceleration/env/lib/python3.8/site-packages/airflow/example_dags/example_latest_only.py
[2022-03-26 18:34:04,294] {processor.py:654} INFO - DAG(s) dict_keys(['latest_only']) retrieved from /home/lowenhard/acceleration/env/lib/python3.8/site-packages/airflow/example_dags/example_latest_only.py
[2022-03-26 18:34:04,302] {logging_mixin.py:109} INFO - [2022-03-26 18:34:04,302] {dag.py:2398} INFO - Sync 1 DAGs
[2022-03-26 18:34:04,314] {logging_mixin.py:109} INFO - [2022-03-26 18:34:04,313] {dag.py:2937} INFO - Setting next_dagrun for latest_only to 2022-03-26T19:34:04.313638+00:00
[2022-03-26 18:34:04,440] {processor.py:171} INFO - Processing /home/lowenhard/acceleration/env/lib/python3.8/site-packages/airflow/example_dags/example_latest_only.py took 0.180 seconds
[2022-03-26 18:35:00,713] {processor.py:163} INFO - Started process (PID=864) to work on /home/lowenhard/acceleration/env/lib/python3.8/site-packages/airflow/example_dags/example_latest_only.py
[2022-03-26 18:35:00,867] {processor.py:642} INFO - Processing file /home/lowenhard/acceleration/env/lib/python3.8/site-packages/airflow/example_dags/example_latest_only.py for tasks to queue
[2022-03-26 18:35:00,875] {logging_mixin.py:109} INFO - [2022-03-26 18:35:00,875] {dagbag.py:500} INFO - Filling up the DagBag from /home/lowenhard/acceleration/env/lib/python3.8/site-packages/airflow/example_dags/example_latest_only.py
[2022-03-26 18:35:02,634] {processor.py:654} INFO - DAG(s) dict_keys(['latest_only']) retrieved from /home/lowenhard/acceleration/env/lib/python3.8/site-packages/airflow/example_dags/example_latest_only.py
[2022-03-26 18:35:02,643] {logging_mixin.py:109} INFO - [2022-03-26 18:35:02,643] {dag.py:2398} INFO - Sync 1 DAGs
[2022-03-26 18:35:02,655] {logging_mixin.py:109} INFO - [2022-03-26 18:35:02,655] {dag.py:2937} INFO - Setting next_dagrun for latest_only to 2022-03-26T19:35:02.655324+00:00
[2022-03-26 18:35:02,846] {processor.py:171} INFO - Processing /home/lowenhard/acceleration/env/lib/python3.8/site-packages/airflow/example_dags/example_latest_only.py took 2.137 seconds
[2022-03-26 18:35:53,590] {processor.py:163} INFO - Started process (PID=895) to work on /home/lowenhard/acceleration/env/lib/python3.8/site-packages/airflow/example_dags/example_latest_only.py
[2022-03-26 18:35:53,603] {processor.py:642} INFO - Processing file /home/lowenhard/acceleration/env/lib/python3.8/site-packages/airflow/example_dags/example_latest_only.py for tasks to queue
[2022-03-26 18:35:53,604] {logging_mixin.py:109} INFO - [2022-03-26 18:35:53,604] {dagbag.py:500} INFO - Filling up the DagBag from /home/lowenhard/acceleration/env/lib/python3.8/site-packages/airflow/example_dags/example_latest_only.py
[2022-03-26 18:35:53,621] {processor.py:654} INFO - DAG(s) dict_keys(['latest_only']) retrieved from /home/lowenhard/acceleration/env/lib/python3.8/site-packages/airflow/example_dags/example_latest_only.py
[2022-03-26 18:35:53,629] {logging_mixin.py:109} INFO - [2022-03-26 18:35:53,629] {dag.py:2398} INFO - Sync 1 DAGs
[2022-03-26 18:35:53,641] {logging_mixin.py:109} INFO - [2022-03-26 18:35:53,641] {dag.py:2937} INFO - Setting next_dagrun for latest_only to 2022-03-26T19:35:53.641024+00:00
[2022-03-26 18:35:53,833] {processor.py:171} INFO - Processing /home/lowenhard/acceleration/env/lib/python3.8/site-packages/airflow/example_dags/example_latest_only.py took 0.246 seconds
[2022-03-26 18:36:46,106] {processor.py:163} INFO - Started process (PID=930) to work on /home/lowenhard/acceleration/env/lib/python3.8/site-packages/airflow/example_dags/example_latest_only.py
[2022-03-26 18:36:46,108] {processor.py:642} INFO - Processing file /home/lowenhard/acceleration/env/lib/python3.8/site-packages/airflow/example_dags/example_latest_only.py for tasks to queue
[2022-03-26 18:36:46,108] {logging_mixin.py:109} INFO - [2022-03-26 18:36:46,108] {dagbag.py:500} INFO - Filling up the DagBag from /home/lowenhard/acceleration/env/lib/python3.8/site-packages/airflow/example_dags/example_latest_only.py
[2022-03-26 18:36:46,125] {processor.py:654} INFO - DAG(s) dict_keys(['latest_only']) retrieved from /home/lowenhard/acceleration/env/lib/python3.8/site-packages/airflow/example_dags/example_latest_only.py
[2022-03-26 18:36:46,134] {logging_mixin.py:109} INFO - [2022-03-26 18:36:46,133] {dag.py:2398} INFO - Sync 1 DAGs
[2022-03-26 18:36:46,144] {logging_mixin.py:109} INFO - [2022-03-26 18:36:46,144] {dag.py:2937} INFO - Setting next_dagrun for latest_only to 2022-03-26T19:36:46.144579+00:00
[2022-03-26 18:36:46,359] {processor.py:171} INFO - Processing /home/lowenhard/acceleration/env/lib/python3.8/site-packages/airflow/example_dags/example_latest_only.py took 0.255 seconds
[2022-03-26 18:38:08,301] {processor.py:163} INFO - Started process (PID=972) to work on /home/lowenhard/acceleration/env/lib/python3.8/site-packages/airflow/example_dags/example_latest_only.py
[2022-03-26 18:38:08,425] {processor.py:642} INFO - Processing file /home/lowenhard/acceleration/env/lib/python3.8/site-packages/airflow/example_dags/example_latest_only.py for tasks to queue
[2022-03-26 18:38:08,426] {logging_mixin.py:109} INFO - [2022-03-26 18:38:08,426] {dagbag.py:500} INFO - Filling up the DagBag from /home/lowenhard/acceleration/env/lib/python3.8/site-packages/airflow/example_dags/example_latest_only.py
[2022-03-26 18:38:08,443] {processor.py:654} INFO - DAG(s) dict_keys(['latest_only']) retrieved from /home/lowenhard/acceleration/env/lib/python3.8/site-packages/airflow/example_dags/example_latest_only.py
[2022-03-26 18:38:08,451] {logging_mixin.py:109} INFO - [2022-03-26 18:38:08,450] {dag.py:2398} INFO - Sync 1 DAGs
[2022-03-26 18:38:08,462] {logging_mixin.py:109} INFO - [2022-03-26 18:38:08,462] {dag.py:2937} INFO - Setting next_dagrun for latest_only to 2022-03-26T19:38:08.462040+00:00
[2022-03-26 18:38:09,481] {processor.py:171} INFO - Processing /home/lowenhard/acceleration/env/lib/python3.8/site-packages/airflow/example_dags/example_latest_only.py took 1.183 seconds
[2022-03-26 18:39:48,639] {processor.py:163} INFO - Started process (PID=1031) to work on /home/lowenhard/acceleration/env/lib/python3.8/site-packages/airflow/example_dags/example_latest_only.py
[2022-03-26 18:39:49,425] {processor.py:642} INFO - Processing file /home/lowenhard/acceleration/env/lib/python3.8/site-packages/airflow/example_dags/example_latest_only.py for tasks to queue
[2022-03-26 18:39:49,425] {logging_mixin.py:109} INFO - [2022-03-26 18:39:49,425] {dagbag.py:500} INFO - Filling up the DagBag from /home/lowenhard/acceleration/env/lib/python3.8/site-packages/airflow/example_dags/example_latest_only.py
[2022-03-26 18:39:49,631] {processor.py:654} INFO - DAG(s) dict_keys(['latest_only']) retrieved from /home/lowenhard/acceleration/env/lib/python3.8/site-packages/airflow/example_dags/example_latest_only.py
[2022-03-26 18:39:49,641] {logging_mixin.py:109} INFO - [2022-03-26 18:39:49,640] {dag.py:2398} INFO - Sync 1 DAGs
[2022-03-26 18:39:49,651] {logging_mixin.py:109} INFO - [2022-03-26 18:39:49,651] {dag.py:2937} INFO - Setting next_dagrun for latest_only to 2022-03-26T19:39:49.651021+00:00
[2022-03-26 18:39:49,794] {processor.py:171} INFO - Processing /home/lowenhard/acceleration/env/lib/python3.8/site-packages/airflow/example_dags/example_latest_only.py took 1.157 seconds
[2022-03-26 18:42:23,762] {processor.py:163} INFO - Started process (PID=1119) to work on /home/lowenhard/acceleration/env/lib/python3.8/site-packages/airflow/example_dags/example_latest_only.py
[2022-03-26 18:42:23,994] {processor.py:642} INFO - Processing file /home/lowenhard/acceleration/env/lib/python3.8/site-packages/airflow/example_dags/example_latest_only.py for tasks to queue
[2022-03-26 18:42:23,995] {logging_mixin.py:109} INFO - [2022-03-26 18:42:23,995] {dagbag.py:500} INFO - Filling up the DagBag from /home/lowenhard/acceleration/env/lib/python3.8/site-packages/airflow/example_dags/example_latest_only.py
[2022-03-26 18:42:24,011] {processor.py:654} INFO - DAG(s) dict_keys(['latest_only']) retrieved from /home/lowenhard/acceleration/env/lib/python3.8/site-packages/airflow/example_dags/example_latest_only.py
[2022-03-26 18:42:24,019] {logging_mixin.py:109} INFO - [2022-03-26 18:42:24,019] {dag.py:2398} INFO - Sync 1 DAGs
[2022-03-26 18:42:24,030] {logging_mixin.py:109} INFO - [2022-03-26 18:42:24,030] {dag.py:2937} INFO - Setting next_dagrun for latest_only to 2022-03-26T19:42:24.030421+00:00
[2022-03-26 18:42:26,004] {processor.py:171} INFO - Processing /home/lowenhard/acceleration/env/lib/python3.8/site-packages/airflow/example_dags/example_latest_only.py took 2.244 seconds
[2022-03-26 18:43:45,998] {processor.py:163} INFO - Started process (PID=1155) to work on /home/lowenhard/acceleration/env/lib/python3.8/site-packages/airflow/example_dags/example_latest_only.py
[2022-03-26 18:43:46,040] {processor.py:642} INFO - Processing file /home/lowenhard/acceleration/env/lib/python3.8/site-packages/airflow/example_dags/example_latest_only.py for tasks to queue
[2022-03-26 18:43:46,041] {logging_mixin.py:109} INFO - [2022-03-26 18:43:46,041] {dagbag.py:500} INFO - Filling up the DagBag from /home/lowenhard/acceleration/env/lib/python3.8/site-packages/airflow/example_dags/example_latest_only.py
[2022-03-26 18:43:46,059] {processor.py:654} INFO - DAG(s) dict_keys(['latest_only']) retrieved from /home/lowenhard/acceleration/env/lib/python3.8/site-packages/airflow/example_dags/example_latest_only.py
[2022-03-26 18:43:46,067] {logging_mixin.py:109} INFO - [2022-03-26 18:43:46,066] {dag.py:2398} INFO - Sync 1 DAGs
[2022-03-26 18:43:46,078] {logging_mixin.py:109} INFO - [2022-03-26 18:43:46,077] {dag.py:2937} INFO - Setting next_dagrun for latest_only to 2022-03-26T19:43:46.077719+00:00
[2022-03-26 18:43:47,717] {processor.py:171} INFO - Processing /home/lowenhard/acceleration/env/lib/python3.8/site-packages/airflow/example_dags/example_latest_only.py took 1.720 seconds
[2022-03-26 18:45:11,672] {processor.py:163} INFO - Started process (PID=1198) to work on /home/lowenhard/acceleration/env/lib/python3.8/site-packages/airflow/example_dags/example_latest_only.py
[2022-03-26 18:45:11,675] {processor.py:642} INFO - Processing file /home/lowenhard/acceleration/env/lib/python3.8/site-packages/airflow/example_dags/example_latest_only.py for tasks to queue
[2022-03-26 18:45:11,675] {logging_mixin.py:109} INFO - [2022-03-26 18:45:11,675] {dagbag.py:500} INFO - Filling up the DagBag from /home/lowenhard/acceleration/env/lib/python3.8/site-packages/airflow/example_dags/example_latest_only.py
[2022-03-26 18:45:11,705] {processor.py:654} INFO - DAG(s) dict_keys(['latest_only']) retrieved from /home/lowenhard/acceleration/env/lib/python3.8/site-packages/airflow/example_dags/example_latest_only.py
[2022-03-26 18:45:11,717] {logging_mixin.py:109} INFO - [2022-03-26 18:45:11,717] {dag.py:2398} INFO - Sync 1 DAGs
[2022-03-26 18:45:11,732] {logging_mixin.py:109} INFO - [2022-03-26 18:45:11,732] {dag.py:2937} INFO - Setting next_dagrun for latest_only to 2022-03-26T19:45:11.732389+00:00
[2022-03-26 18:45:13,055] {processor.py:171} INFO - Processing /home/lowenhard/acceleration/env/lib/python3.8/site-packages/airflow/example_dags/example_latest_only.py took 1.386 seconds
[2022-03-26 18:47:24,336] {processor.py:163} INFO - Started process (PID=1253) to work on /home/lowenhard/acceleration/env/lib/python3.8/site-packages/airflow/example_dags/example_latest_only.py
[2022-03-26 18:47:24,463] {processor.py:642} INFO - Processing file /home/lowenhard/acceleration/env/lib/python3.8/site-packages/airflow/example_dags/example_latest_only.py for tasks to queue
[2022-03-26 18:47:24,464] {logging_mixin.py:109} INFO - [2022-03-26 18:47:24,464] {dagbag.py:500} INFO - Filling up the DagBag from /home/lowenhard/acceleration/env/lib/python3.8/site-packages/airflow/example_dags/example_latest_only.py
[2022-03-26 18:47:24,496] {processor.py:654} INFO - DAG(s) dict_keys(['latest_only']) retrieved from /home/lowenhard/acceleration/env/lib/python3.8/site-packages/airflow/example_dags/example_latest_only.py
[2022-03-26 18:47:24,521] {logging_mixin.py:109} INFO - [2022-03-26 18:47:24,521] {dag.py:2398} INFO - Sync 1 DAGs
[2022-03-26 18:47:24,540] {logging_mixin.py:109} INFO - [2022-03-26 18:47:24,540] {dag.py:2937} INFO - Setting next_dagrun for latest_only to 2022-03-26T19:47:24.540538+00:00
[2022-03-26 18:47:26,006] {processor.py:171} INFO - Processing /home/lowenhard/acceleration/env/lib/python3.8/site-packages/airflow/example_dags/example_latest_only.py took 1.674 seconds
[2022-03-26 18:48:46,718] {processor.py:163} INFO - Started process (PID=1284) to work on /home/lowenhard/acceleration/env/lib/python3.8/site-packages/airflow/example_dags/example_latest_only.py
[2022-03-26 18:48:46,728] {processor.py:642} INFO - Processing file /home/lowenhard/acceleration/env/lib/python3.8/site-packages/airflow/example_dags/example_latest_only.py for tasks to queue
[2022-03-26 18:48:46,728] {logging_mixin.py:109} INFO - [2022-03-26 18:48:46,728] {dagbag.py:500} INFO - Filling up the DagBag from /home/lowenhard/acceleration/env/lib/python3.8/site-packages/airflow/example_dags/example_latest_only.py
[2022-03-26 18:48:46,746] {processor.py:654} INFO - DAG(s) dict_keys(['latest_only']) retrieved from /home/lowenhard/acceleration/env/lib/python3.8/site-packages/airflow/example_dags/example_latest_only.py
[2022-03-26 18:48:46,754] {logging_mixin.py:109} INFO - [2022-03-26 18:48:46,754] {dag.py:2398} INFO - Sync 1 DAGs
[2022-03-26 18:48:46,764] {logging_mixin.py:109} INFO - [2022-03-26 18:48:46,764] {dag.py:2937} INFO - Setting next_dagrun for latest_only to 2022-03-26T19:48:46.764340+00:00
[2022-03-26 18:48:47,833] {processor.py:171} INFO - Processing /home/lowenhard/acceleration/env/lib/python3.8/site-packages/airflow/example_dags/example_latest_only.py took 1.119 seconds
[2022-03-26 18:50:54,425] {processor.py:163} INFO - Started process (PID=1359) to work on /home/lowenhard/acceleration/env/lib/python3.8/site-packages/airflow/example_dags/example_latest_only.py
[2022-03-26 18:50:54,433] {processor.py:642} INFO - Processing file /home/lowenhard/acceleration/env/lib/python3.8/site-packages/airflow/example_dags/example_latest_only.py for tasks to queue
[2022-03-26 18:50:54,434] {logging_mixin.py:109} INFO - [2022-03-26 18:50:54,434] {dagbag.py:500} INFO - Filling up the DagBag from /home/lowenhard/acceleration/env/lib/python3.8/site-packages/airflow/example_dags/example_latest_only.py
[2022-03-26 18:50:54,452] {processor.py:654} INFO - DAG(s) dict_keys(['latest_only']) retrieved from /home/lowenhard/acceleration/env/lib/python3.8/site-packages/airflow/example_dags/example_latest_only.py
[2022-03-26 18:50:54,463] {logging_mixin.py:109} INFO - [2022-03-26 18:50:54,463] {dag.py:2398} INFO - Sync 1 DAGs
[2022-03-26 18:50:54,477] {logging_mixin.py:109} INFO - [2022-03-26 18:50:54,476] {dag.py:2937} INFO - Setting next_dagrun for latest_only to 2022-03-26T19:50:54.476684+00:00
[2022-03-26 18:50:54,619] {processor.py:171} INFO - Processing /home/lowenhard/acceleration/env/lib/python3.8/site-packages/airflow/example_dags/example_latest_only.py took 0.196 seconds
[2022-03-26 18:53:00,692] {processor.py:163} INFO - Started process (PID=1407) to work on /home/lowenhard/acceleration/env/lib/python3.8/site-packages/airflow/example_dags/example_latest_only.py
[2022-03-26 18:53:01,405] {processor.py:642} INFO - Processing file /home/lowenhard/acceleration/env/lib/python3.8/site-packages/airflow/example_dags/example_latest_only.py for tasks to queue
[2022-03-26 18:53:01,405] {logging_mixin.py:109} INFO - [2022-03-26 18:53:01,405] {dagbag.py:500} INFO - Filling up the DagBag from /home/lowenhard/acceleration/env/lib/python3.8/site-packages/airflow/example_dags/example_latest_only.py
[2022-03-26 18:53:01,559] {processor.py:654} INFO - DAG(s) dict_keys(['latest_only']) retrieved from /home/lowenhard/acceleration/env/lib/python3.8/site-packages/airflow/example_dags/example_latest_only.py
[2022-03-26 18:53:01,569] {logging_mixin.py:109} INFO - [2022-03-26 18:53:01,569] {dag.py:2398} INFO - Sync 1 DAGs
[2022-03-26 18:53:01,583] {logging_mixin.py:109} INFO - [2022-03-26 18:53:01,583] {dag.py:2937} INFO - Setting next_dagrun for latest_only to 2022-03-26T19:53:01.582796+00:00
[2022-03-26 18:53:01,734] {processor.py:171} INFO - Processing /home/lowenhard/acceleration/env/lib/python3.8/site-packages/airflow/example_dags/example_latest_only.py took 1.045 seconds
[2022-03-26 18:55:16,333] {processor.py:163} INFO - Started process (PID=1489) to work on /home/lowenhard/acceleration/env/lib/python3.8/site-packages/airflow/example_dags/example_latest_only.py
[2022-03-26 18:55:16,355] {processor.py:642} INFO - Processing file /home/lowenhard/acceleration/env/lib/python3.8/site-packages/airflow/example_dags/example_latest_only.py for tasks to queue
[2022-03-26 18:55:16,355] {logging_mixin.py:109} INFO - [2022-03-26 18:55:16,355] {dagbag.py:500} INFO - Filling up the DagBag from /home/lowenhard/acceleration/env/lib/python3.8/site-packages/airflow/example_dags/example_latest_only.py
[2022-03-26 18:55:16,376] {processor.py:654} INFO - DAG(s) dict_keys(['latest_only']) retrieved from /home/lowenhard/acceleration/env/lib/python3.8/site-packages/airflow/example_dags/example_latest_only.py
[2022-03-26 18:55:16,385] {logging_mixin.py:109} INFO - [2022-03-26 18:55:16,385] {dag.py:2398} INFO - Sync 1 DAGs
[2022-03-26 18:55:16,397] {logging_mixin.py:109} INFO - [2022-03-26 18:55:16,397] {dag.py:2937} INFO - Setting next_dagrun for latest_only to 2022-03-26T19:55:16.397184+00:00
[2022-03-26 18:55:16,640] {processor.py:171} INFO - Processing /home/lowenhard/acceleration/env/lib/python3.8/site-packages/airflow/example_dags/example_latest_only.py took 0.309 seconds
[2022-03-26 18:57:17,138] {processor.py:163} INFO - Started process (PID=1540) to work on /home/lowenhard/acceleration/env/lib/python3.8/site-packages/airflow/example_dags/example_latest_only.py
[2022-03-26 18:57:17,145] {processor.py:642} INFO - Processing file /home/lowenhard/acceleration/env/lib/python3.8/site-packages/airflow/example_dags/example_latest_only.py for tasks to queue
[2022-03-26 18:57:17,146] {logging_mixin.py:109} INFO - [2022-03-26 18:57:17,146] {dagbag.py:500} INFO - Filling up the DagBag from /home/lowenhard/acceleration/env/lib/python3.8/site-packages/airflow/example_dags/example_latest_only.py
[2022-03-26 18:57:17,167] {processor.py:654} INFO - DAG(s) dict_keys(['latest_only']) retrieved from /home/lowenhard/acceleration/env/lib/python3.8/site-packages/airflow/example_dags/example_latest_only.py
[2022-03-26 18:57:17,175] {logging_mixin.py:109} INFO - [2022-03-26 18:57:17,175] {dag.py:2398} INFO - Sync 1 DAGs
[2022-03-26 18:57:17,189] {logging_mixin.py:109} INFO - [2022-03-26 18:57:17,188] {dag.py:2937} INFO - Setting next_dagrun for latest_only to 2022-03-26T19:57:17.188631+00:00
[2022-03-26 18:57:17,327] {processor.py:171} INFO - Processing /home/lowenhard/acceleration/env/lib/python3.8/site-packages/airflow/example_dags/example_latest_only.py took 0.192 seconds
[2022-03-26 18:58:16,240] {processor.py:163} INFO - Started process (PID=1568) to work on /home/lowenhard/acceleration/env/lib/python3.8/site-packages/airflow/example_dags/example_latest_only.py
[2022-03-26 18:58:16,348] {processor.py:642} INFO - Processing file /home/lowenhard/acceleration/env/lib/python3.8/site-packages/airflow/example_dags/example_latest_only.py for tasks to queue
[2022-03-26 18:58:16,349] {logging_mixin.py:109} INFO - [2022-03-26 18:58:16,349] {dagbag.py:500} INFO - Filling up the DagBag from /home/lowenhard/acceleration/env/lib/python3.8/site-packages/airflow/example_dags/example_latest_only.py
[2022-03-26 18:58:16,368] {processor.py:654} INFO - DAG(s) dict_keys(['latest_only']) retrieved from /home/lowenhard/acceleration/env/lib/python3.8/site-packages/airflow/example_dags/example_latest_only.py
[2022-03-26 18:58:16,376] {logging_mixin.py:109} INFO - [2022-03-26 18:58:16,376] {dag.py:2398} INFO - Sync 1 DAGs
[2022-03-26 18:58:16,387] {logging_mixin.py:109} INFO - [2022-03-26 18:58:16,386] {dag.py:2937} INFO - Setting next_dagrun for latest_only to 2022-03-26T19:58:16.386702+00:00
[2022-03-26 18:58:16,702] {processor.py:171} INFO - Processing /home/lowenhard/acceleration/env/lib/python3.8/site-packages/airflow/example_dags/example_latest_only.py took 0.465 seconds
[2022-03-26 18:59:39,455] {processor.py:163} INFO - Started process (PID=1610) to work on /home/lowenhard/acceleration/env/lib/python3.8/site-packages/airflow/example_dags/example_latest_only.py
[2022-03-26 18:59:39,653] {processor.py:642} INFO - Processing file /home/lowenhard/acceleration/env/lib/python3.8/site-packages/airflow/example_dags/example_latest_only.py for tasks to queue
[2022-03-26 18:59:39,653] {logging_mixin.py:109} INFO - [2022-03-26 18:59:39,653] {dagbag.py:500} INFO - Filling up the DagBag from /home/lowenhard/acceleration/env/lib/python3.8/site-packages/airflow/example_dags/example_latest_only.py
[2022-03-26 18:59:39,673] {processor.py:654} INFO - DAG(s) dict_keys(['latest_only']) retrieved from /home/lowenhard/acceleration/env/lib/python3.8/site-packages/airflow/example_dags/example_latest_only.py
[2022-03-26 18:59:39,681] {logging_mixin.py:109} INFO - [2022-03-26 18:59:39,681] {dag.py:2398} INFO - Sync 1 DAGs
[2022-03-26 18:59:39,693] {logging_mixin.py:109} INFO - [2022-03-26 18:59:39,693] {dag.py:2937} INFO - Setting next_dagrun for latest_only to 2022-03-26T19:59:39.693196+00:00
[2022-03-26 18:59:40,598] {processor.py:171} INFO - Processing /home/lowenhard/acceleration/env/lib/python3.8/site-packages/airflow/example_dags/example_latest_only.py took 1.146 seconds
