[2022-03-26 18:26:27,800] {processor.py:163} INFO - Started process (PID=556) to work on /home/lowenhard/acceleration/env/lib/python3.8/site-packages/airflow/example_dags/example_kubernetes_executor.py
[2022-03-26 18:26:27,801] {processor.py:642} INFO - Processing file /home/lowenhard/acceleration/env/lib/python3.8/site-packages/airflow/example_dags/example_kubernetes_executor.py for tasks to queue
[2022-03-26 18:26:27,802] {logging_mixin.py:109} INFO - [2022-03-26 18:26:27,802] {dagbag.py:500} INFO - Filling up the DagBag from /home/lowenhard/acceleration/env/lib/python3.8/site-packages/airflow/example_dags/example_kubernetes_executor.py
[2022-03-26 18:26:27,808] {logging_mixin.py:109} INFO - [2022-03-26 18:26:27,808] {example_kubernetes_executor.py:39} WARNING - The example_kubernetes_executor example DAG requires the kubernetes provider. Please install it with: pip install apache-airflow[cncf.kubernetes]
[2022-03-26 18:26:27,814] {processor.py:656} WARNING - No viable dags retrieved from /home/lowenhard/acceleration/env/lib/python3.8/site-packages/airflow/example_dags/example_kubernetes_executor.py
[2022-03-26 18:26:27,816] {processor.py:171} INFO - Processing /home/lowenhard/acceleration/env/lib/python3.8/site-packages/airflow/example_dags/example_kubernetes_executor.py took 0.019 seconds
[2022-03-26 18:27:40,240] {processor.py:163} INFO - Started process (PID=592) to work on /home/lowenhard/acceleration/env/lib/python3.8/site-packages/airflow/example_dags/example_kubernetes_executor.py
[2022-03-26 18:27:40,242] {processor.py:642} INFO - Processing file /home/lowenhard/acceleration/env/lib/python3.8/site-packages/airflow/example_dags/example_kubernetes_executor.py for tasks to queue
[2022-03-26 18:27:40,242] {logging_mixin.py:109} INFO - [2022-03-26 18:27:40,242] {dagbag.py:500} INFO - Filling up the DagBag from /home/lowenhard/acceleration/env/lib/python3.8/site-packages/airflow/example_dags/example_kubernetes_executor.py
[2022-03-26 18:27:40,251] {logging_mixin.py:109} INFO - [2022-03-26 18:27:40,251] {example_kubernetes_executor.py:39} WARNING - The example_kubernetes_executor example DAG requires the kubernetes provider. Please install it with: pip install apache-airflow[cncf.kubernetes]
[2022-03-26 18:27:40,257] {processor.py:656} WARNING - No viable dags retrieved from /home/lowenhard/acceleration/env/lib/python3.8/site-packages/airflow/example_dags/example_kubernetes_executor.py
[2022-03-26 18:27:40,259] {processor.py:171} INFO - Processing /home/lowenhard/acceleration/env/lib/python3.8/site-packages/airflow/example_dags/example_kubernetes_executor.py took 0.021 seconds
[2022-03-26 18:28:50,881] {processor.py:163} INFO - Started process (PID=621) to work on /home/lowenhard/acceleration/env/lib/python3.8/site-packages/airflow/example_dags/example_kubernetes_executor.py
[2022-03-26 18:28:50,885] {processor.py:642} INFO - Processing file /home/lowenhard/acceleration/env/lib/python3.8/site-packages/airflow/example_dags/example_kubernetes_executor.py for tasks to queue
[2022-03-26 18:28:50,887] {logging_mixin.py:109} INFO - [2022-03-26 18:28:50,886] {dagbag.py:500} INFO - Filling up the DagBag from /home/lowenhard/acceleration/env/lib/python3.8/site-packages/airflow/example_dags/example_kubernetes_executor.py
[2022-03-26 18:28:50,894] {logging_mixin.py:109} INFO - [2022-03-26 18:28:50,894] {example_kubernetes_executor.py:39} WARNING - The example_kubernetes_executor example DAG requires the kubernetes provider. Please install it with: pip install apache-airflow[cncf.kubernetes]
[2022-03-26 18:28:50,900] {processor.py:656} WARNING - No viable dags retrieved from /home/lowenhard/acceleration/env/lib/python3.8/site-packages/airflow/example_dags/example_kubernetes_executor.py
[2022-03-26 18:28:50,903] {processor.py:171} INFO - Processing /home/lowenhard/acceleration/env/lib/python3.8/site-packages/airflow/example_dags/example_kubernetes_executor.py took 0.024 seconds
[2022-03-26 18:30:30,186] {processor.py:163} INFO - Started process (PID=672) to work on /home/lowenhard/acceleration/env/lib/python3.8/site-packages/airflow/example_dags/example_kubernetes_executor.py
[2022-03-26 18:30:30,197] {processor.py:642} INFO - Processing file /home/lowenhard/acceleration/env/lib/python3.8/site-packages/airflow/example_dags/example_kubernetes_executor.py for tasks to queue
[2022-03-26 18:30:30,198] {logging_mixin.py:109} INFO - [2022-03-26 18:30:30,198] {dagbag.py:500} INFO - Filling up the DagBag from /home/lowenhard/acceleration/env/lib/python3.8/site-packages/airflow/example_dags/example_kubernetes_executor.py
[2022-03-26 18:30:30,205] {logging_mixin.py:109} INFO - [2022-03-26 18:30:30,205] {example_kubernetes_executor.py:39} WARNING - The example_kubernetes_executor example DAG requires the kubernetes provider. Please install it with: pip install apache-airflow[cncf.kubernetes]
[2022-03-26 18:30:30,211] {processor.py:656} WARNING - No viable dags retrieved from /home/lowenhard/acceleration/env/lib/python3.8/site-packages/airflow/example_dags/example_kubernetes_executor.py
[2022-03-26 18:30:30,213] {processor.py:171} INFO - Processing /home/lowenhard/acceleration/env/lib/python3.8/site-packages/airflow/example_dags/example_kubernetes_executor.py took 0.030 seconds
[2022-03-26 18:31:15,672] {processor.py:163} INFO - Started process (PID=703) to work on /home/lowenhard/acceleration/env/lib/python3.8/site-packages/airflow/example_dags/example_kubernetes_executor.py
[2022-03-26 18:31:15,676] {processor.py:642} INFO - Processing file /home/lowenhard/acceleration/env/lib/python3.8/site-packages/airflow/example_dags/example_kubernetes_executor.py for tasks to queue
[2022-03-26 18:31:15,676] {logging_mixin.py:109} INFO - [2022-03-26 18:31:15,676] {dagbag.py:500} INFO - Filling up the DagBag from /home/lowenhard/acceleration/env/lib/python3.8/site-packages/airflow/example_dags/example_kubernetes_executor.py
[2022-03-26 18:31:15,683] {logging_mixin.py:109} INFO - [2022-03-26 18:31:15,683] {example_kubernetes_executor.py:39} WARNING - The example_kubernetes_executor example DAG requires the kubernetes provider. Please install it with: pip install apache-airflow[cncf.kubernetes]
[2022-03-26 18:31:15,689] {processor.py:656} WARNING - No viable dags retrieved from /home/lowenhard/acceleration/env/lib/python3.8/site-packages/airflow/example_dags/example_kubernetes_executor.py
[2022-03-26 18:31:15,691] {processor.py:171} INFO - Processing /home/lowenhard/acceleration/env/lib/python3.8/site-packages/airflow/example_dags/example_kubernetes_executor.py took 0.021 seconds
[2022-03-26 18:32:01,936] {processor.py:163} INFO - Started process (PID=738) to work on /home/lowenhard/acceleration/env/lib/python3.8/site-packages/airflow/example_dags/example_kubernetes_executor.py
[2022-03-26 18:32:01,939] {processor.py:642} INFO - Processing file /home/lowenhard/acceleration/env/lib/python3.8/site-packages/airflow/example_dags/example_kubernetes_executor.py for tasks to queue
[2022-03-26 18:32:01,940] {logging_mixin.py:109} INFO - [2022-03-26 18:32:01,940] {dagbag.py:500} INFO - Filling up the DagBag from /home/lowenhard/acceleration/env/lib/python3.8/site-packages/airflow/example_dags/example_kubernetes_executor.py
[2022-03-26 18:32:01,946] {logging_mixin.py:109} INFO - [2022-03-26 18:32:01,946] {example_kubernetes_executor.py:39} WARNING - The example_kubernetes_executor example DAG requires the kubernetes provider. Please install it with: pip install apache-airflow[cncf.kubernetes]
[2022-03-26 18:32:01,952] {processor.py:656} WARNING - No viable dags retrieved from /home/lowenhard/acceleration/env/lib/python3.8/site-packages/airflow/example_dags/example_kubernetes_executor.py
[2022-03-26 18:32:01,953] {processor.py:171} INFO - Processing /home/lowenhard/acceleration/env/lib/python3.8/site-packages/airflow/example_dags/example_kubernetes_executor.py took 0.020 seconds
[2022-03-26 18:32:54,225] {processor.py:163} INFO - Started process (PID=774) to work on /home/lowenhard/acceleration/env/lib/python3.8/site-packages/airflow/example_dags/example_kubernetes_executor.py
[2022-03-26 18:32:54,234] {processor.py:642} INFO - Processing file /home/lowenhard/acceleration/env/lib/python3.8/site-packages/airflow/example_dags/example_kubernetes_executor.py for tasks to queue
[2022-03-26 18:32:54,235] {logging_mixin.py:109} INFO - [2022-03-26 18:32:54,235] {dagbag.py:500} INFO - Filling up the DagBag from /home/lowenhard/acceleration/env/lib/python3.8/site-packages/airflow/example_dags/example_kubernetes_executor.py
[2022-03-26 18:32:54,241] {logging_mixin.py:109} INFO - [2022-03-26 18:32:54,241] {example_kubernetes_executor.py:39} WARNING - The example_kubernetes_executor example DAG requires the kubernetes provider. Please install it with: pip install apache-airflow[cncf.kubernetes]
[2022-03-26 18:32:54,247] {processor.py:656} WARNING - No viable dags retrieved from /home/lowenhard/acceleration/env/lib/python3.8/site-packages/airflow/example_dags/example_kubernetes_executor.py
[2022-03-26 18:32:54,249] {processor.py:171} INFO - Processing /home/lowenhard/acceleration/env/lib/python3.8/site-packages/airflow/example_dags/example_kubernetes_executor.py took 0.028 seconds
[2022-03-26 18:33:39,419] {processor.py:163} INFO - Started process (PID=806) to work on /home/lowenhard/acceleration/env/lib/python3.8/site-packages/airflow/example_dags/example_kubernetes_executor.py
[2022-03-26 18:33:39,422] {processor.py:642} INFO - Processing file /home/lowenhard/acceleration/env/lib/python3.8/site-packages/airflow/example_dags/example_kubernetes_executor.py for tasks to queue
[2022-03-26 18:33:39,422] {logging_mixin.py:109} INFO - [2022-03-26 18:33:39,422] {dagbag.py:500} INFO - Filling up the DagBag from /home/lowenhard/acceleration/env/lib/python3.8/site-packages/airflow/example_dags/example_kubernetes_executor.py
[2022-03-26 18:33:39,429] {logging_mixin.py:109} INFO - [2022-03-26 18:33:39,429] {example_kubernetes_executor.py:39} WARNING - The example_kubernetes_executor example DAG requires the kubernetes provider. Please install it with: pip install apache-airflow[cncf.kubernetes]
[2022-03-26 18:33:39,435] {processor.py:656} WARNING - No viable dags retrieved from /home/lowenhard/acceleration/env/lib/python3.8/site-packages/airflow/example_dags/example_kubernetes_executor.py
[2022-03-26 18:33:39,437] {processor.py:171} INFO - Processing /home/lowenhard/acceleration/env/lib/python3.8/site-packages/airflow/example_dags/example_kubernetes_executor.py took 0.021 seconds
[2022-03-26 18:34:16,535] {processor.py:163} INFO - Started process (PID=833) to work on /home/lowenhard/acceleration/env/lib/python3.8/site-packages/airflow/example_dags/example_kubernetes_executor.py
[2022-03-26 18:34:16,561] {processor.py:642} INFO - Processing file /home/lowenhard/acceleration/env/lib/python3.8/site-packages/airflow/example_dags/example_kubernetes_executor.py for tasks to queue
[2022-03-26 18:34:16,562] {logging_mixin.py:109} INFO - [2022-03-26 18:34:16,562] {dagbag.py:500} INFO - Filling up the DagBag from /home/lowenhard/acceleration/env/lib/python3.8/site-packages/airflow/example_dags/example_kubernetes_executor.py
[2022-03-26 18:34:16,569] {logging_mixin.py:109} INFO - [2022-03-26 18:34:16,569] {example_kubernetes_executor.py:39} WARNING - The example_kubernetes_executor example DAG requires the kubernetes provider. Please install it with: pip install apache-airflow[cncf.kubernetes]
[2022-03-26 18:34:16,575] {processor.py:656} WARNING - No viable dags retrieved from /home/lowenhard/acceleration/env/lib/python3.8/site-packages/airflow/example_dags/example_kubernetes_executor.py
[2022-03-26 18:34:16,577] {processor.py:171} INFO - Processing /home/lowenhard/acceleration/env/lib/python3.8/site-packages/airflow/example_dags/example_kubernetes_executor.py took 0.045 seconds
[2022-03-26 18:34:56,645] {processor.py:163} INFO - Started process (PID=862) to work on /home/lowenhard/acceleration/env/lib/python3.8/site-packages/airflow/example_dags/example_kubernetes_executor.py
[2022-03-26 18:34:56,647] {processor.py:642} INFO - Processing file /home/lowenhard/acceleration/env/lib/python3.8/site-packages/airflow/example_dags/example_kubernetes_executor.py for tasks to queue
[2022-03-26 18:34:56,648] {logging_mixin.py:109} INFO - [2022-03-26 18:34:56,648] {dagbag.py:500} INFO - Filling up the DagBag from /home/lowenhard/acceleration/env/lib/python3.8/site-packages/airflow/example_dags/example_kubernetes_executor.py
[2022-03-26 18:34:56,656] {logging_mixin.py:109} INFO - [2022-03-26 18:34:56,655] {example_kubernetes_executor.py:39} WARNING - The example_kubernetes_executor example DAG requires the kubernetes provider. Please install it with: pip install apache-airflow[cncf.kubernetes]
[2022-03-26 18:34:56,662] {processor.py:656} WARNING - No viable dags retrieved from /home/lowenhard/acceleration/env/lib/python3.8/site-packages/airflow/example_dags/example_kubernetes_executor.py
[2022-03-26 18:34:56,663] {processor.py:171} INFO - Processing /home/lowenhard/acceleration/env/lib/python3.8/site-packages/airflow/example_dags/example_kubernetes_executor.py took 0.022 seconds
[2022-03-26 18:35:49,836] {processor.py:163} INFO - Started process (PID=893) to work on /home/lowenhard/acceleration/env/lib/python3.8/site-packages/airflow/example_dags/example_kubernetes_executor.py
[2022-03-26 18:35:49,904] {processor.py:642} INFO - Processing file /home/lowenhard/acceleration/env/lib/python3.8/site-packages/airflow/example_dags/example_kubernetes_executor.py for tasks to queue
[2022-03-26 18:35:49,905] {logging_mixin.py:109} INFO - [2022-03-26 18:35:49,905] {dagbag.py:500} INFO - Filling up the DagBag from /home/lowenhard/acceleration/env/lib/python3.8/site-packages/airflow/example_dags/example_kubernetes_executor.py
[2022-03-26 18:35:49,912] {logging_mixin.py:109} INFO - [2022-03-26 18:35:49,912] {example_kubernetes_executor.py:39} WARNING - The example_kubernetes_executor example DAG requires the kubernetes provider. Please install it with: pip install apache-airflow[cncf.kubernetes]
[2022-03-26 18:35:50,149] {processor.py:656} WARNING - No viable dags retrieved from /home/lowenhard/acceleration/env/lib/python3.8/site-packages/airflow/example_dags/example_kubernetes_executor.py
[2022-03-26 18:35:50,151] {processor.py:171} INFO - Processing /home/lowenhard/acceleration/env/lib/python3.8/site-packages/airflow/example_dags/example_kubernetes_executor.py took 0.318 seconds
[2022-03-26 18:36:42,700] {processor.py:163} INFO - Started process (PID=928) to work on /home/lowenhard/acceleration/env/lib/python3.8/site-packages/airflow/example_dags/example_kubernetes_executor.py
[2022-03-26 18:36:42,715] {processor.py:642} INFO - Processing file /home/lowenhard/acceleration/env/lib/python3.8/site-packages/airflow/example_dags/example_kubernetes_executor.py for tasks to queue
[2022-03-26 18:36:42,716] {logging_mixin.py:109} INFO - [2022-03-26 18:36:42,715] {dagbag.py:500} INFO - Filling up the DagBag from /home/lowenhard/acceleration/env/lib/python3.8/site-packages/airflow/example_dags/example_kubernetes_executor.py
[2022-03-26 18:36:42,726] {logging_mixin.py:109} INFO - [2022-03-26 18:36:42,726] {example_kubernetes_executor.py:39} WARNING - The example_kubernetes_executor example DAG requires the kubernetes provider. Please install it with: pip install apache-airflow[cncf.kubernetes]
[2022-03-26 18:36:42,734] {processor.py:656} WARNING - No viable dags retrieved from /home/lowenhard/acceleration/env/lib/python3.8/site-packages/airflow/example_dags/example_kubernetes_executor.py
[2022-03-26 18:36:42,736] {processor.py:171} INFO - Processing /home/lowenhard/acceleration/env/lib/python3.8/site-packages/airflow/example_dags/example_kubernetes_executor.py took 0.038 seconds
[2022-03-26 18:38:04,701] {processor.py:163} INFO - Started process (PID=970) to work on /home/lowenhard/acceleration/env/lib/python3.8/site-packages/airflow/example_dags/example_kubernetes_executor.py
[2022-03-26 18:38:04,708] {processor.py:642} INFO - Processing file /home/lowenhard/acceleration/env/lib/python3.8/site-packages/airflow/example_dags/example_kubernetes_executor.py for tasks to queue
[2022-03-26 18:38:04,708] {logging_mixin.py:109} INFO - [2022-03-26 18:38:04,708] {dagbag.py:500} INFO - Filling up the DagBag from /home/lowenhard/acceleration/env/lib/python3.8/site-packages/airflow/example_dags/example_kubernetes_executor.py
[2022-03-26 18:38:04,715] {logging_mixin.py:109} INFO - [2022-03-26 18:38:04,715] {example_kubernetes_executor.py:39} WARNING - The example_kubernetes_executor example DAG requires the kubernetes provider. Please install it with: pip install apache-airflow[cncf.kubernetes]
[2022-03-26 18:38:04,722] {processor.py:656} WARNING - No viable dags retrieved from /home/lowenhard/acceleration/env/lib/python3.8/site-packages/airflow/example_dags/example_kubernetes_executor.py
[2022-03-26 18:38:04,723] {processor.py:171} INFO - Processing /home/lowenhard/acceleration/env/lib/python3.8/site-packages/airflow/example_dags/example_kubernetes_executor.py took 0.025 seconds
[2022-03-26 18:39:44,650] {processor.py:163} INFO - Started process (PID=1028) to work on /home/lowenhard/acceleration/env/lib/python3.8/site-packages/airflow/example_dags/example_kubernetes_executor.py
[2022-03-26 18:39:44,668] {processor.py:642} INFO - Processing file /home/lowenhard/acceleration/env/lib/python3.8/site-packages/airflow/example_dags/example_kubernetes_executor.py for tasks to queue
[2022-03-26 18:39:44,669] {logging_mixin.py:109} INFO - [2022-03-26 18:39:44,669] {dagbag.py:500} INFO - Filling up the DagBag from /home/lowenhard/acceleration/env/lib/python3.8/site-packages/airflow/example_dags/example_kubernetes_executor.py
[2022-03-26 18:39:44,676] {logging_mixin.py:109} INFO - [2022-03-26 18:39:44,676] {example_kubernetes_executor.py:39} WARNING - The example_kubernetes_executor example DAG requires the kubernetes provider. Please install it with: pip install apache-airflow[cncf.kubernetes]
[2022-03-26 18:39:44,681] {processor.py:656} WARNING - No viable dags retrieved from /home/lowenhard/acceleration/env/lib/python3.8/site-packages/airflow/example_dags/example_kubernetes_executor.py
[2022-03-26 18:39:44,683] {processor.py:171} INFO - Processing /home/lowenhard/acceleration/env/lib/python3.8/site-packages/airflow/example_dags/example_kubernetes_executor.py took 0.036 seconds
[2022-03-26 18:42:09,775] {processor.py:163} INFO - Started process (PID=1111) to work on /home/lowenhard/acceleration/env/lib/python3.8/site-packages/airflow/example_dags/example_kubernetes_executor.py
[2022-03-26 18:42:09,802] {processor.py:642} INFO - Processing file /home/lowenhard/acceleration/env/lib/python3.8/site-packages/airflow/example_dags/example_kubernetes_executor.py for tasks to queue
[2022-03-26 18:42:09,803] {logging_mixin.py:109} INFO - [2022-03-26 18:42:09,803] {dagbag.py:500} INFO - Filling up the DagBag from /home/lowenhard/acceleration/env/lib/python3.8/site-packages/airflow/example_dags/example_kubernetes_executor.py
[2022-03-26 18:42:09,811] {logging_mixin.py:109} INFO - [2022-03-26 18:42:09,810] {example_kubernetes_executor.py:39} WARNING - The example_kubernetes_executor example DAG requires the kubernetes provider. Please install it with: pip install apache-airflow[cncf.kubernetes]
[2022-03-26 18:42:09,819] {processor.py:656} WARNING - No viable dags retrieved from /home/lowenhard/acceleration/env/lib/python3.8/site-packages/airflow/example_dags/example_kubernetes_executor.py
[2022-03-26 18:42:09,821] {processor.py:171} INFO - Processing /home/lowenhard/acceleration/env/lib/python3.8/site-packages/airflow/example_dags/example_kubernetes_executor.py took 0.049 seconds
[2022-03-26 18:43:29,498] {processor.py:163} INFO - Started process (PID=1147) to work on /home/lowenhard/acceleration/env/lib/python3.8/site-packages/airflow/example_dags/example_kubernetes_executor.py
[2022-03-26 18:43:29,513] {processor.py:642} INFO - Processing file /home/lowenhard/acceleration/env/lib/python3.8/site-packages/airflow/example_dags/example_kubernetes_executor.py for tasks to queue
[2022-03-26 18:43:29,514] {logging_mixin.py:109} INFO - [2022-03-26 18:43:29,514] {dagbag.py:500} INFO - Filling up the DagBag from /home/lowenhard/acceleration/env/lib/python3.8/site-packages/airflow/example_dags/example_kubernetes_executor.py
[2022-03-26 18:43:29,522] {logging_mixin.py:109} INFO - [2022-03-26 18:43:29,522] {example_kubernetes_executor.py:39} WARNING - The example_kubernetes_executor example DAG requires the kubernetes provider. Please install it with: pip install apache-airflow[cncf.kubernetes]
[2022-03-26 18:43:29,531] {processor.py:656} WARNING - No viable dags retrieved from /home/lowenhard/acceleration/env/lib/python3.8/site-packages/airflow/example_dags/example_kubernetes_executor.py
[2022-03-26 18:43:29,533] {processor.py:171} INFO - Processing /home/lowenhard/acceleration/env/lib/python3.8/site-packages/airflow/example_dags/example_kubernetes_executor.py took 0.038 seconds
[2022-03-26 18:44:55,459] {processor.py:163} INFO - Started process (PID=1190) to work on /home/lowenhard/acceleration/env/lib/python3.8/site-packages/airflow/example_dags/example_kubernetes_executor.py
[2022-03-26 18:44:55,462] {processor.py:642} INFO - Processing file /home/lowenhard/acceleration/env/lib/python3.8/site-packages/airflow/example_dags/example_kubernetes_executor.py for tasks to queue
[2022-03-26 18:44:55,463] {logging_mixin.py:109} INFO - [2022-03-26 18:44:55,463] {dagbag.py:500} INFO - Filling up the DagBag from /home/lowenhard/acceleration/env/lib/python3.8/site-packages/airflow/example_dags/example_kubernetes_executor.py
[2022-03-26 18:44:55,471] {logging_mixin.py:109} INFO - [2022-03-26 18:44:55,471] {example_kubernetes_executor.py:39} WARNING - The example_kubernetes_executor example DAG requires the kubernetes provider. Please install it with: pip install apache-airflow[cncf.kubernetes]
[2022-03-26 18:44:55,477] {processor.py:656} WARNING - No viable dags retrieved from /home/lowenhard/acceleration/env/lib/python3.8/site-packages/airflow/example_dags/example_kubernetes_executor.py
[2022-03-26 18:44:55,480] {processor.py:171} INFO - Processing /home/lowenhard/acceleration/env/lib/python3.8/site-packages/airflow/example_dags/example_kubernetes_executor.py took 0.024 seconds
[2022-03-26 18:46:53,413] {processor.py:163} INFO - Started process (PID=1242) to work on /home/lowenhard/acceleration/env/lib/python3.8/site-packages/airflow/example_dags/example_kubernetes_executor.py
[2022-03-26 18:46:53,712] {processor.py:642} INFO - Processing file /home/lowenhard/acceleration/env/lib/python3.8/site-packages/airflow/example_dags/example_kubernetes_executor.py for tasks to queue
[2022-03-26 18:46:53,716] {logging_mixin.py:109} INFO - [2022-03-26 18:46:53,716] {dagbag.py:500} INFO - Filling up the DagBag from /home/lowenhard/acceleration/env/lib/python3.8/site-packages/airflow/example_dags/example_kubernetes_executor.py
[2022-03-26 18:46:53,728] {logging_mixin.py:109} INFO - [2022-03-26 18:46:53,727] {example_kubernetes_executor.py:39} WARNING - The example_kubernetes_executor example DAG requires the kubernetes provider. Please install it with: pip install apache-airflow[cncf.kubernetes]
[2022-03-26 18:46:54,167] {processor.py:656} WARNING - No viable dags retrieved from /home/lowenhard/acceleration/env/lib/python3.8/site-packages/airflow/example_dags/example_kubernetes_executor.py
[2022-03-26 18:46:54,169] {processor.py:171} INFO - Processing /home/lowenhard/acceleration/env/lib/python3.8/site-packages/airflow/example_dags/example_kubernetes_executor.py took 0.759 seconds
[2022-03-26 18:48:26,865] {processor.py:163} INFO - Started process (PID=1276) to work on /home/lowenhard/acceleration/env/lib/python3.8/site-packages/airflow/example_dags/example_kubernetes_executor.py
[2022-03-26 18:48:26,990] {processor.py:642} INFO - Processing file /home/lowenhard/acceleration/env/lib/python3.8/site-packages/airflow/example_dags/example_kubernetes_executor.py for tasks to queue
[2022-03-26 18:48:26,991] {logging_mixin.py:109} INFO - [2022-03-26 18:48:26,991] {dagbag.py:500} INFO - Filling up the DagBag from /home/lowenhard/acceleration/env/lib/python3.8/site-packages/airflow/example_dags/example_kubernetes_executor.py
[2022-03-26 18:48:27,000] {logging_mixin.py:109} INFO - [2022-03-26 18:48:27,000] {example_kubernetes_executor.py:39} WARNING - The example_kubernetes_executor example DAG requires the kubernetes provider. Please install it with: pip install apache-airflow[cncf.kubernetes]
[2022-03-26 18:48:27,007] {processor.py:656} WARNING - No viable dags retrieved from /home/lowenhard/acceleration/env/lib/python3.8/site-packages/airflow/example_dags/example_kubernetes_executor.py
[2022-03-26 18:48:27,009] {processor.py:171} INFO - Processing /home/lowenhard/acceleration/env/lib/python3.8/site-packages/airflow/example_dags/example_kubernetes_executor.py took 0.146 seconds
[2022-03-26 18:49:34,645] {processor.py:163} INFO - Started process (PID=1305) to work on /home/lowenhard/acceleration/env/lib/python3.8/site-packages/airflow/example_dags/example_kubernetes_executor.py
[2022-03-26 18:49:34,658] {processor.py:642} INFO - Processing file /home/lowenhard/acceleration/env/lib/python3.8/site-packages/airflow/example_dags/example_kubernetes_executor.py for tasks to queue
[2022-03-26 18:49:34,658] {logging_mixin.py:109} INFO - [2022-03-26 18:49:34,658] {dagbag.py:500} INFO - Filling up the DagBag from /home/lowenhard/acceleration/env/lib/python3.8/site-packages/airflow/example_dags/example_kubernetes_executor.py
[2022-03-26 18:49:34,665] {logging_mixin.py:109} INFO - [2022-03-26 18:49:34,665] {example_kubernetes_executor.py:39} WARNING - The example_kubernetes_executor example DAG requires the kubernetes provider. Please install it with: pip install apache-airflow[cncf.kubernetes]
[2022-03-26 18:49:34,671] {processor.py:656} WARNING - No viable dags retrieved from /home/lowenhard/acceleration/env/lib/python3.8/site-packages/airflow/example_dags/example_kubernetes_executor.py
[2022-03-26 18:49:34,672] {processor.py:171} INFO - Processing /home/lowenhard/acceleration/env/lib/python3.8/site-packages/airflow/example_dags/example_kubernetes_executor.py took 0.030 seconds
[2022-03-26 18:50:32,128] {processor.py:163} INFO - Started process (PID=1348) to work on /home/lowenhard/acceleration/env/lib/python3.8/site-packages/airflow/example_dags/example_kubernetes_executor.py
[2022-03-26 18:50:32,159] {processor.py:642} INFO - Processing file /home/lowenhard/acceleration/env/lib/python3.8/site-packages/airflow/example_dags/example_kubernetes_executor.py for tasks to queue
[2022-03-26 18:50:32,160] {logging_mixin.py:109} INFO - [2022-03-26 18:50:32,160] {dagbag.py:500} INFO - Filling up the DagBag from /home/lowenhard/acceleration/env/lib/python3.8/site-packages/airflow/example_dags/example_kubernetes_executor.py
[2022-03-26 18:50:32,174] {logging_mixin.py:109} INFO - [2022-03-26 18:50:32,174] {example_kubernetes_executor.py:39} WARNING - The example_kubernetes_executor example DAG requires the kubernetes provider. Please install it with: pip install apache-airflow[cncf.kubernetes]
[2022-03-26 18:50:32,544] {processor.py:656} WARNING - No viable dags retrieved from /home/lowenhard/acceleration/env/lib/python3.8/site-packages/airflow/example_dags/example_kubernetes_executor.py
[2022-03-26 18:50:32,548] {processor.py:171} INFO - Processing /home/lowenhard/acceleration/env/lib/python3.8/site-packages/airflow/example_dags/example_kubernetes_executor.py took 0.422 seconds
[2022-03-26 18:52:30,516] {processor.py:163} INFO - Started process (PID=1396) to work on /home/lowenhard/acceleration/env/lib/python3.8/site-packages/airflow/example_dags/example_kubernetes_executor.py
[2022-03-26 18:52:30,525] {processor.py:642} INFO - Processing file /home/lowenhard/acceleration/env/lib/python3.8/site-packages/airflow/example_dags/example_kubernetes_executor.py for tasks to queue
[2022-03-26 18:52:30,526] {logging_mixin.py:109} INFO - [2022-03-26 18:52:30,526] {dagbag.py:500} INFO - Filling up the DagBag from /home/lowenhard/acceleration/env/lib/python3.8/site-packages/airflow/example_dags/example_kubernetes_executor.py
[2022-03-26 18:52:30,533] {logging_mixin.py:109} INFO - [2022-03-26 18:52:30,533] {example_kubernetes_executor.py:39} WARNING - The example_kubernetes_executor example DAG requires the kubernetes provider. Please install it with: pip install apache-airflow[cncf.kubernetes]
[2022-03-26 18:52:30,540] {processor.py:656} WARNING - No viable dags retrieved from /home/lowenhard/acceleration/env/lib/python3.8/site-packages/airflow/example_dags/example_kubernetes_executor.py
[2022-03-26 18:52:30,542] {processor.py:171} INFO - Processing /home/lowenhard/acceleration/env/lib/python3.8/site-packages/airflow/example_dags/example_kubernetes_executor.py took 0.028 seconds
[2022-03-26 18:53:41,893] {processor.py:163} INFO - Started process (PID=1427) to work on /home/lowenhard/acceleration/env/lib/python3.8/site-packages/airflow/example_dags/example_kubernetes_executor.py
[2022-03-26 18:53:41,906] {processor.py:642} INFO - Processing file /home/lowenhard/acceleration/env/lib/python3.8/site-packages/airflow/example_dags/example_kubernetes_executor.py for tasks to queue
[2022-03-26 18:53:41,906] {logging_mixin.py:109} INFO - [2022-03-26 18:53:41,906] {dagbag.py:500} INFO - Filling up the DagBag from /home/lowenhard/acceleration/env/lib/python3.8/site-packages/airflow/example_dags/example_kubernetes_executor.py
[2022-03-26 18:53:41,913] {logging_mixin.py:109} INFO - [2022-03-26 18:53:41,913] {example_kubernetes_executor.py:39} WARNING - The example_kubernetes_executor example DAG requires the kubernetes provider. Please install it with: pip install apache-airflow[cncf.kubernetes]
[2022-03-26 18:53:41,920] {processor.py:656} WARNING - No viable dags retrieved from /home/lowenhard/acceleration/env/lib/python3.8/site-packages/airflow/example_dags/example_kubernetes_executor.py
[2022-03-26 18:53:41,922] {processor.py:171} INFO - Processing /home/lowenhard/acceleration/env/lib/python3.8/site-packages/airflow/example_dags/example_kubernetes_executor.py took 0.032 seconds
[2022-03-26 18:54:59,475] {processor.py:163} INFO - Started process (PID=1481) to work on /home/lowenhard/acceleration/env/lib/python3.8/site-packages/airflow/example_dags/example_kubernetes_executor.py
[2022-03-26 18:54:59,538] {processor.py:642} INFO - Processing file /home/lowenhard/acceleration/env/lib/python3.8/site-packages/airflow/example_dags/example_kubernetes_executor.py for tasks to queue
[2022-03-26 18:54:59,539] {logging_mixin.py:109} INFO - [2022-03-26 18:54:59,539] {dagbag.py:500} INFO - Filling up the DagBag from /home/lowenhard/acceleration/env/lib/python3.8/site-packages/airflow/example_dags/example_kubernetes_executor.py
[2022-03-26 18:54:59,547] {logging_mixin.py:109} INFO - [2022-03-26 18:54:59,547] {example_kubernetes_executor.py:39} WARNING - The example_kubernetes_executor example DAG requires the kubernetes provider. Please install it with: pip install apache-airflow[cncf.kubernetes]
[2022-03-26 18:54:59,555] {processor.py:656} WARNING - No viable dags retrieved from /home/lowenhard/acceleration/env/lib/python3.8/site-packages/airflow/example_dags/example_kubernetes_executor.py
[2022-03-26 18:54:59,557] {processor.py:171} INFO - Processing /home/lowenhard/acceleration/env/lib/python3.8/site-packages/airflow/example_dags/example_kubernetes_executor.py took 0.084 seconds
[2022-03-26 18:56:50,095] {processor.py:163} INFO - Started process (PID=1529) to work on /home/lowenhard/acceleration/env/lib/python3.8/site-packages/airflow/example_dags/example_kubernetes_executor.py
[2022-03-26 18:56:50,133] {processor.py:642} INFO - Processing file /home/lowenhard/acceleration/env/lib/python3.8/site-packages/airflow/example_dags/example_kubernetes_executor.py for tasks to queue
[2022-03-26 18:56:50,134] {logging_mixin.py:109} INFO - [2022-03-26 18:56:50,134] {dagbag.py:500} INFO - Filling up the DagBag from /home/lowenhard/acceleration/env/lib/python3.8/site-packages/airflow/example_dags/example_kubernetes_executor.py
[2022-03-26 18:56:50,141] {logging_mixin.py:109} INFO - [2022-03-26 18:56:50,141] {example_kubernetes_executor.py:39} WARNING - The example_kubernetes_executor example DAG requires the kubernetes provider. Please install it with: pip install apache-airflow[cncf.kubernetes]
[2022-03-26 18:56:50,331] {processor.py:656} WARNING - No viable dags retrieved from /home/lowenhard/acceleration/env/lib/python3.8/site-packages/airflow/example_dags/example_kubernetes_executor.py
[2022-03-26 18:56:50,333] {processor.py:171} INFO - Processing /home/lowenhard/acceleration/env/lib/python3.8/site-packages/airflow/example_dags/example_kubernetes_executor.py took 0.240 seconds
[2022-03-26 18:58:01,279] {processor.py:163} INFO - Started process (PID=1560) to work on /home/lowenhard/acceleration/env/lib/python3.8/site-packages/airflow/example_dags/example_kubernetes_executor.py
[2022-03-26 18:58:01,295] {processor.py:642} INFO - Processing file /home/lowenhard/acceleration/env/lib/python3.8/site-packages/airflow/example_dags/example_kubernetes_executor.py for tasks to queue
[2022-03-26 18:58:01,296] {logging_mixin.py:109} INFO - [2022-03-26 18:58:01,296] {dagbag.py:500} INFO - Filling up the DagBag from /home/lowenhard/acceleration/env/lib/python3.8/site-packages/airflow/example_dags/example_kubernetes_executor.py
[2022-03-26 18:58:01,303] {logging_mixin.py:109} INFO - [2022-03-26 18:58:01,302] {example_kubernetes_executor.py:39} WARNING - The example_kubernetes_executor example DAG requires the kubernetes provider. Please install it with: pip install apache-airflow[cncf.kubernetes]
[2022-03-26 18:58:01,309] {processor.py:656} WARNING - No viable dags retrieved from /home/lowenhard/acceleration/env/lib/python3.8/site-packages/airflow/example_dags/example_kubernetes_executor.py
[2022-03-26 18:58:01,312] {processor.py:171} INFO - Processing /home/lowenhard/acceleration/env/lib/python3.8/site-packages/airflow/example_dags/example_kubernetes_executor.py took 0.037 seconds
[2022-03-26 18:58:54,488] {processor.py:163} INFO - Started process (PID=1587) to work on /home/lowenhard/acceleration/env/lib/python3.8/site-packages/airflow/example_dags/example_kubernetes_executor.py
[2022-03-26 18:58:54,623] {processor.py:642} INFO - Processing file /home/lowenhard/acceleration/env/lib/python3.8/site-packages/airflow/example_dags/example_kubernetes_executor.py for tasks to queue
[2022-03-26 18:58:54,624] {logging_mixin.py:109} INFO - [2022-03-26 18:58:54,624] {dagbag.py:500} INFO - Filling up the DagBag from /home/lowenhard/acceleration/env/lib/python3.8/site-packages/airflow/example_dags/example_kubernetes_executor.py
[2022-03-26 18:58:54,635] {logging_mixin.py:109} INFO - [2022-03-26 18:58:54,635] {example_kubernetes_executor.py:39} WARNING - The example_kubernetes_executor example DAG requires the kubernetes provider. Please install it with: pip install apache-airflow[cncf.kubernetes]
[2022-03-26 18:58:54,643] {processor.py:656} WARNING - No viable dags retrieved from /home/lowenhard/acceleration/env/lib/python3.8/site-packages/airflow/example_dags/example_kubernetes_executor.py
[2022-03-26 18:58:54,645] {processor.py:171} INFO - Processing /home/lowenhard/acceleration/env/lib/python3.8/site-packages/airflow/example_dags/example_kubernetes_executor.py took 0.160 seconds
