[2022-03-26 18:26:41,143] {processor.py:163} INFO - Started process (PID=563) to work on /home/lowenhard/acceleration/env/lib/python3.8/site-packages/airflow/example_dags/tutorial.py
[2022-03-26 18:26:41,144] {processor.py:642} INFO - Processing file /home/lowenhard/acceleration/env/lib/python3.8/site-packages/airflow/example_dags/tutorial.py for tasks to queue
[2022-03-26 18:26:41,145] {logging_mixin.py:109} INFO - [2022-03-26 18:26:41,145] {dagbag.py:500} INFO - Filling up the DagBag from /home/lowenhard/acceleration/env/lib/python3.8/site-packages/airflow/example_dags/tutorial.py
[2022-03-26 18:26:41,163] {processor.py:654} INFO - DAG(s) dict_keys(['tutorial']) retrieved from /home/lowenhard/acceleration/env/lib/python3.8/site-packages/airflow/example_dags/tutorial.py
[2022-03-26 18:26:41,172] {logging_mixin.py:109} INFO - [2022-03-26 18:26:41,172] {dag.py:2398} INFO - Sync 1 DAGs
[2022-03-26 18:26:41,182] {logging_mixin.py:109} INFO - [2022-03-26 18:26:41,182] {dag.py:2937} INFO - Setting next_dagrun for tutorial to 2022-03-25T23:26:41.182509+00:00
[2022-03-26 18:26:42,355] {processor.py:171} INFO - Processing /home/lowenhard/acceleration/env/lib/python3.8/site-packages/airflow/example_dags/tutorial.py took 1.215 seconds
[2022-03-26 18:27:51,577] {processor.py:163} INFO - Started process (PID=599) to work on /home/lowenhard/acceleration/env/lib/python3.8/site-packages/airflow/example_dags/tutorial.py
[2022-03-26 18:27:51,619] {processor.py:642} INFO - Processing file /home/lowenhard/acceleration/env/lib/python3.8/site-packages/airflow/example_dags/tutorial.py for tasks to queue
[2022-03-26 18:27:51,620] {logging_mixin.py:109} INFO - [2022-03-26 18:27:51,620] {dagbag.py:500} INFO - Filling up the DagBag from /home/lowenhard/acceleration/env/lib/python3.8/site-packages/airflow/example_dags/tutorial.py
[2022-03-26 18:27:51,776] {processor.py:654} INFO - DAG(s) dict_keys(['tutorial']) retrieved from /home/lowenhard/acceleration/env/lib/python3.8/site-packages/airflow/example_dags/tutorial.py
[2022-03-26 18:27:51,791] {logging_mixin.py:109} INFO - [2022-03-26 18:27:51,791] {dag.py:2398} INFO - Sync 1 DAGs
[2022-03-26 18:27:55,575] {logging_mixin.py:109} INFO - [2022-03-26 18:27:55,575] {dag.py:2937} INFO - Setting next_dagrun for tutorial to 2022-03-25T23:27:55.575007+00:00
[2022-03-26 18:27:56,280] {processor.py:171} INFO - Processing /home/lowenhard/acceleration/env/lib/python3.8/site-packages/airflow/example_dags/tutorial.py took 4.705 seconds
[2022-03-26 18:30:44,821] {processor.py:163} INFO - Started process (PID=682) to work on /home/lowenhard/acceleration/env/lib/python3.8/site-packages/airflow/example_dags/tutorial.py
[2022-03-26 18:30:45,084] {processor.py:642} INFO - Processing file /home/lowenhard/acceleration/env/lib/python3.8/site-packages/airflow/example_dags/tutorial.py for tasks to queue
[2022-03-26 18:30:45,085] {logging_mixin.py:109} INFO - [2022-03-26 18:30:45,084] {dagbag.py:500} INFO - Filling up the DagBag from /home/lowenhard/acceleration/env/lib/python3.8/site-packages/airflow/example_dags/tutorial.py
[2022-03-26 18:30:45,144] {processor.py:654} INFO - DAG(s) dict_keys(['tutorial']) retrieved from /home/lowenhard/acceleration/env/lib/python3.8/site-packages/airflow/example_dags/tutorial.py
[2022-03-26 18:30:45,152] {logging_mixin.py:109} INFO - [2022-03-26 18:30:45,152] {dag.py:2398} INFO - Sync 1 DAGs
[2022-03-26 18:30:45,163] {logging_mixin.py:109} INFO - [2022-03-26 18:30:45,163] {dag.py:2937} INFO - Setting next_dagrun for tutorial to 2022-03-25T23:30:45.162957+00:00
[2022-03-26 18:30:45,323] {processor.py:171} INFO - Processing /home/lowenhard/acceleration/env/lib/python3.8/site-packages/airflow/example_dags/tutorial.py took 0.505 seconds
[2022-03-26 18:31:38,726] {processor.py:163} INFO - Started process (PID=721) to work on /home/lowenhard/acceleration/env/lib/python3.8/site-packages/airflow/example_dags/tutorial.py
[2022-03-26 18:31:38,733] {processor.py:642} INFO - Processing file /home/lowenhard/acceleration/env/lib/python3.8/site-packages/airflow/example_dags/tutorial.py for tasks to queue
[2022-03-26 18:31:38,758] {logging_mixin.py:109} INFO - [2022-03-26 18:31:38,758] {dagbag.py:500} INFO - Filling up the DagBag from /home/lowenhard/acceleration/env/lib/python3.8/site-packages/airflow/example_dags/tutorial.py
[2022-03-26 18:31:38,958] {processor.py:654} INFO - DAG(s) dict_keys(['tutorial']) retrieved from /home/lowenhard/acceleration/env/lib/python3.8/site-packages/airflow/example_dags/tutorial.py
[2022-03-26 18:31:38,966] {logging_mixin.py:109} INFO - [2022-03-26 18:31:38,966] {dag.py:2398} INFO - Sync 1 DAGs
[2022-03-26 18:31:38,977] {logging_mixin.py:109} INFO - [2022-03-26 18:31:38,977] {dag.py:2937} INFO - Setting next_dagrun for tutorial to 2022-03-25T23:31:38.977376+00:00
[2022-03-26 18:31:39,126] {processor.py:171} INFO - Processing /home/lowenhard/acceleration/env/lib/python3.8/site-packages/airflow/example_dags/tutorial.py took 0.402 seconds
[2022-03-26 18:32:15,796] {processor.py:163} INFO - Started process (PID=748) to work on /home/lowenhard/acceleration/env/lib/python3.8/site-packages/airflow/example_dags/tutorial.py
[2022-03-26 18:32:15,799] {processor.py:642} INFO - Processing file /home/lowenhard/acceleration/env/lib/python3.8/site-packages/airflow/example_dags/tutorial.py for tasks to queue
[2022-03-26 18:32:15,800] {logging_mixin.py:109} INFO - [2022-03-26 18:32:15,800] {dagbag.py:500} INFO - Filling up the DagBag from /home/lowenhard/acceleration/env/lib/python3.8/site-packages/airflow/example_dags/tutorial.py
[2022-03-26 18:32:15,821] {processor.py:654} INFO - DAG(s) dict_keys(['tutorial']) retrieved from /home/lowenhard/acceleration/env/lib/python3.8/site-packages/airflow/example_dags/tutorial.py
[2022-03-26 18:32:16,012] {logging_mixin.py:109} INFO - [2022-03-26 18:32:16,012] {dag.py:2398} INFO - Sync 1 DAGs
[2022-03-26 18:32:16,022] {logging_mixin.py:109} INFO - [2022-03-26 18:32:16,022] {dag.py:2937} INFO - Setting next_dagrun for tutorial to 2022-03-25T23:32:16.022467+00:00
[2022-03-26 18:32:16,163] {processor.py:171} INFO - Processing /home/lowenhard/acceleration/env/lib/python3.8/site-packages/airflow/example_dags/tutorial.py took 0.370 seconds
[2022-03-26 18:33:04,102] {processor.py:163} INFO - Started process (PID=781) to work on /home/lowenhard/acceleration/env/lib/python3.8/site-packages/airflow/example_dags/tutorial.py
[2022-03-26 18:33:04,105] {processor.py:642} INFO - Processing file /home/lowenhard/acceleration/env/lib/python3.8/site-packages/airflow/example_dags/tutorial.py for tasks to queue
[2022-03-26 18:33:04,105] {logging_mixin.py:109} INFO - [2022-03-26 18:33:04,105] {dagbag.py:500} INFO - Filling up the DagBag from /home/lowenhard/acceleration/env/lib/python3.8/site-packages/airflow/example_dags/tutorial.py
[2022-03-26 18:33:04,123] {processor.py:654} INFO - DAG(s) dict_keys(['tutorial']) retrieved from /home/lowenhard/acceleration/env/lib/python3.8/site-packages/airflow/example_dags/tutorial.py
[2022-03-26 18:33:04,131] {logging_mixin.py:109} INFO - [2022-03-26 18:33:04,131] {dag.py:2398} INFO - Sync 1 DAGs
[2022-03-26 18:33:04,141] {logging_mixin.py:109} INFO - [2022-03-26 18:33:04,141] {dag.py:2937} INFO - Setting next_dagrun for tutorial to 2022-03-25T23:33:04.141258+00:00
[2022-03-26 18:33:04,279] {processor.py:171} INFO - Processing /home/lowenhard/acceleration/env/lib/python3.8/site-packages/airflow/example_dags/tutorial.py took 0.179 seconds
[2022-03-26 18:33:49,020] {processor.py:163} INFO - Started process (PID=813) to work on /home/lowenhard/acceleration/env/lib/python3.8/site-packages/airflow/example_dags/tutorial.py
[2022-03-26 18:33:49,025] {processor.py:642} INFO - Processing file /home/lowenhard/acceleration/env/lib/python3.8/site-packages/airflow/example_dags/tutorial.py for tasks to queue
[2022-03-26 18:33:49,026] {logging_mixin.py:109} INFO - [2022-03-26 18:33:49,025] {dagbag.py:500} INFO - Filling up the DagBag from /home/lowenhard/acceleration/env/lib/python3.8/site-packages/airflow/example_dags/tutorial.py
[2022-03-26 18:33:49,044] {processor.py:654} INFO - DAG(s) dict_keys(['tutorial']) retrieved from /home/lowenhard/acceleration/env/lib/python3.8/site-packages/airflow/example_dags/tutorial.py
[2022-03-26 18:33:49,053] {logging_mixin.py:109} INFO - [2022-03-26 18:33:49,053] {dag.py:2398} INFO - Sync 1 DAGs
[2022-03-26 18:33:49,064] {logging_mixin.py:109} INFO - [2022-03-26 18:33:49,064] {dag.py:2937} INFO - Setting next_dagrun for tutorial to 2022-03-25T23:33:49.064525+00:00
[2022-03-26 18:33:49,193] {processor.py:171} INFO - Processing /home/lowenhard/acceleration/env/lib/python3.8/site-packages/airflow/example_dags/tutorial.py took 0.176 seconds
[2022-03-26 18:34:44,391] {processor.py:163} INFO - Started process (PID=853) to work on /home/lowenhard/acceleration/env/lib/python3.8/site-packages/airflow/example_dags/tutorial.py
[2022-03-26 18:34:44,394] {processor.py:642} INFO - Processing file /home/lowenhard/acceleration/env/lib/python3.8/site-packages/airflow/example_dags/tutorial.py for tasks to queue
[2022-03-26 18:34:44,394] {logging_mixin.py:109} INFO - [2022-03-26 18:34:44,394] {dagbag.py:500} INFO - Filling up the DagBag from /home/lowenhard/acceleration/env/lib/python3.8/site-packages/airflow/example_dags/tutorial.py
[2022-03-26 18:34:44,411] {processor.py:654} INFO - DAG(s) dict_keys(['tutorial']) retrieved from /home/lowenhard/acceleration/env/lib/python3.8/site-packages/airflow/example_dags/tutorial.py
[2022-03-26 18:34:44,419] {logging_mixin.py:109} INFO - [2022-03-26 18:34:44,419] {dag.py:2398} INFO - Sync 1 DAGs
[2022-03-26 18:34:44,431] {logging_mixin.py:109} INFO - [2022-03-26 18:34:44,431] {dag.py:2937} INFO - Setting next_dagrun for tutorial to 2022-03-25T23:34:44.430908+00:00
[2022-03-26 18:34:44,602] {processor.py:171} INFO - Processing /home/lowenhard/acceleration/env/lib/python3.8/site-packages/airflow/example_dags/tutorial.py took 0.213 seconds
[2022-03-26 18:35:30,207] {processor.py:163} INFO - Started process (PID=882) to work on /home/lowenhard/acceleration/env/lib/python3.8/site-packages/airflow/example_dags/tutorial.py
[2022-03-26 18:35:30,283] {processor.py:642} INFO - Processing file /home/lowenhard/acceleration/env/lib/python3.8/site-packages/airflow/example_dags/tutorial.py for tasks to queue
[2022-03-26 18:35:30,284] {logging_mixin.py:109} INFO - [2022-03-26 18:35:30,284] {dagbag.py:500} INFO - Filling up the DagBag from /home/lowenhard/acceleration/env/lib/python3.8/site-packages/airflow/example_dags/tutorial.py
[2022-03-26 18:35:30,311] {processor.py:654} INFO - DAG(s) dict_keys(['tutorial']) retrieved from /home/lowenhard/acceleration/env/lib/python3.8/site-packages/airflow/example_dags/tutorial.py
[2022-03-26 18:35:30,323] {logging_mixin.py:109} INFO - [2022-03-26 18:35:30,322] {dag.py:2398} INFO - Sync 1 DAGs
[2022-03-26 18:35:30,334] {logging_mixin.py:109} INFO - [2022-03-26 18:35:30,334] {dag.py:2937} INFO - Setting next_dagrun for tutorial to 2022-03-25T23:35:30.334244+00:00
[2022-03-26 18:35:30,562] {processor.py:171} INFO - Processing /home/lowenhard/acceleration/env/lib/python3.8/site-packages/airflow/example_dags/tutorial.py took 0.358 seconds
[2022-03-26 18:36:29,214] {processor.py:163} INFO - Started process (PID=918) to work on /home/lowenhard/acceleration/env/lib/python3.8/site-packages/airflow/example_dags/tutorial.py
[2022-03-26 18:36:29,232] {processor.py:642} INFO - Processing file /home/lowenhard/acceleration/env/lib/python3.8/site-packages/airflow/example_dags/tutorial.py for tasks to queue
[2022-03-26 18:36:29,233] {logging_mixin.py:109} INFO - [2022-03-26 18:36:29,233] {dagbag.py:500} INFO - Filling up the DagBag from /home/lowenhard/acceleration/env/lib/python3.8/site-packages/airflow/example_dags/tutorial.py
[2022-03-26 18:36:29,259] {processor.py:654} INFO - DAG(s) dict_keys(['tutorial']) retrieved from /home/lowenhard/acceleration/env/lib/python3.8/site-packages/airflow/example_dags/tutorial.py
[2022-03-26 18:36:29,267] {logging_mixin.py:109} INFO - [2022-03-26 18:36:29,267] {dag.py:2398} INFO - Sync 1 DAGs
[2022-03-26 18:36:29,276] {logging_mixin.py:109} INFO - [2022-03-26 18:36:29,276] {dag.py:2937} INFO - Setting next_dagrun for tutorial to 2022-03-25T23:36:29.275933+00:00
[2022-03-26 18:36:29,493] {processor.py:171} INFO - Processing /home/lowenhard/acceleration/env/lib/python3.8/site-packages/airflow/example_dags/tutorial.py took 0.282 seconds
[2022-03-26 18:37:27,798] {processor.py:163} INFO - Started process (PID=953) to work on /home/lowenhard/acceleration/env/lib/python3.8/site-packages/airflow/example_dags/tutorial.py
[2022-03-26 18:37:27,807] {processor.py:642} INFO - Processing file /home/lowenhard/acceleration/env/lib/python3.8/site-packages/airflow/example_dags/tutorial.py for tasks to queue
[2022-03-26 18:37:27,807] {logging_mixin.py:109} INFO - [2022-03-26 18:37:27,807] {dagbag.py:500} INFO - Filling up the DagBag from /home/lowenhard/acceleration/env/lib/python3.8/site-packages/airflow/example_dags/tutorial.py
[2022-03-26 18:37:27,826] {processor.py:654} INFO - DAG(s) dict_keys(['tutorial']) retrieved from /home/lowenhard/acceleration/env/lib/python3.8/site-packages/airflow/example_dags/tutorial.py
[2022-03-26 18:37:27,834] {logging_mixin.py:109} INFO - [2022-03-26 18:37:27,834] {dag.py:2398} INFO - Sync 1 DAGs
[2022-03-26 18:37:27,846] {logging_mixin.py:109} INFO - [2022-03-26 18:37:27,846] {dag.py:2937} INFO - Setting next_dagrun for tutorial to 2022-03-25T23:37:27.846499+00:00
[2022-03-26 18:37:28,005] {processor.py:171} INFO - Processing /home/lowenhard/acceleration/env/lib/python3.8/site-packages/airflow/example_dags/tutorial.py took 0.210 seconds
[2022-03-26 18:39:03,328] {processor.py:163} INFO - Started process (PID=1011) to work on /home/lowenhard/acceleration/env/lib/python3.8/site-packages/airflow/example_dags/tutorial.py
[2022-03-26 18:39:03,332] {processor.py:642} INFO - Processing file /home/lowenhard/acceleration/env/lib/python3.8/site-packages/airflow/example_dags/tutorial.py for tasks to queue
[2022-03-26 18:39:03,333] {logging_mixin.py:109} INFO - [2022-03-26 18:39:03,333] {dagbag.py:500} INFO - Filling up the DagBag from /home/lowenhard/acceleration/env/lib/python3.8/site-packages/airflow/example_dags/tutorial.py
[2022-03-26 18:39:03,357] {processor.py:654} INFO - DAG(s) dict_keys(['tutorial']) retrieved from /home/lowenhard/acceleration/env/lib/python3.8/site-packages/airflow/example_dags/tutorial.py
[2022-03-26 18:39:03,365] {logging_mixin.py:109} INFO - [2022-03-26 18:39:03,364] {dag.py:2398} INFO - Sync 1 DAGs
[2022-03-26 18:39:03,378] {logging_mixin.py:109} INFO - [2022-03-26 18:39:03,378] {dag.py:2937} INFO - Setting next_dagrun for tutorial to 2022-03-25T23:39:03.378544+00:00
[2022-03-26 18:39:04,626] {processor.py:171} INFO - Processing /home/lowenhard/acceleration/env/lib/python3.8/site-packages/airflow/example_dags/tutorial.py took 1.301 seconds
[2022-03-26 18:40:29,309] {processor.py:163} INFO - Started process (PID=1064) to work on /home/lowenhard/acceleration/env/lib/python3.8/site-packages/airflow/example_dags/tutorial.py
[2022-03-26 18:40:29,343] {processor.py:642} INFO - Processing file /home/lowenhard/acceleration/env/lib/python3.8/site-packages/airflow/example_dags/tutorial.py for tasks to queue
[2022-03-26 18:40:29,344] {logging_mixin.py:109} INFO - [2022-03-26 18:40:29,344] {dagbag.py:500} INFO - Filling up the DagBag from /home/lowenhard/acceleration/env/lib/python3.8/site-packages/airflow/example_dags/tutorial.py
[2022-03-26 18:40:29,362] {processor.py:654} INFO - DAG(s) dict_keys(['tutorial']) retrieved from /home/lowenhard/acceleration/env/lib/python3.8/site-packages/airflow/example_dags/tutorial.py
[2022-03-26 18:40:29,370] {logging_mixin.py:109} INFO - [2022-03-26 18:40:29,370] {dag.py:2398} INFO - Sync 1 DAGs
[2022-03-26 18:40:29,380] {logging_mixin.py:109} INFO - [2022-03-26 18:40:29,380] {dag.py:2937} INFO - Setting next_dagrun for tutorial to 2022-03-25T23:40:29.380091+00:00
[2022-03-26 18:40:31,397] {processor.py:171} INFO - Processing /home/lowenhard/acceleration/env/lib/python3.8/site-packages/airflow/example_dags/tutorial.py took 2.091 seconds
[2022-03-26 18:42:22,421] {processor.py:163} INFO - Started process (PID=1118) to work on /home/lowenhard/acceleration/env/lib/python3.8/site-packages/airflow/example_dags/tutorial.py
[2022-03-26 18:42:22,445] {processor.py:642} INFO - Processing file /home/lowenhard/acceleration/env/lib/python3.8/site-packages/airflow/example_dags/tutorial.py for tasks to queue
[2022-03-26 18:42:22,446] {logging_mixin.py:109} INFO - [2022-03-26 18:42:22,446] {dagbag.py:500} INFO - Filling up the DagBag from /home/lowenhard/acceleration/env/lib/python3.8/site-packages/airflow/example_dags/tutorial.py
[2022-03-26 18:42:22,462] {processor.py:654} INFO - DAG(s) dict_keys(['tutorial']) retrieved from /home/lowenhard/acceleration/env/lib/python3.8/site-packages/airflow/example_dags/tutorial.py
[2022-03-26 18:42:22,471] {logging_mixin.py:109} INFO - [2022-03-26 18:42:22,471] {dag.py:2398} INFO - Sync 1 DAGs
[2022-03-26 18:42:22,481] {logging_mixin.py:109} INFO - [2022-03-26 18:42:22,481] {dag.py:2937} INFO - Setting next_dagrun for tutorial to 2022-03-25T23:42:22.481136+00:00
[2022-03-26 18:42:22,741] {processor.py:171} INFO - Processing /home/lowenhard/acceleration/env/lib/python3.8/site-packages/airflow/example_dags/tutorial.py took 0.323 seconds
[2022-03-26 18:43:44,658] {processor.py:163} INFO - Started process (PID=1154) to work on /home/lowenhard/acceleration/env/lib/python3.8/site-packages/airflow/example_dags/tutorial.py
[2022-03-26 18:43:44,668] {processor.py:642} INFO - Processing file /home/lowenhard/acceleration/env/lib/python3.8/site-packages/airflow/example_dags/tutorial.py for tasks to queue
[2022-03-26 18:43:44,668] {logging_mixin.py:109} INFO - [2022-03-26 18:43:44,668] {dagbag.py:500} INFO - Filling up the DagBag from /home/lowenhard/acceleration/env/lib/python3.8/site-packages/airflow/example_dags/tutorial.py
[2022-03-26 18:43:44,686] {processor.py:654} INFO - DAG(s) dict_keys(['tutorial']) retrieved from /home/lowenhard/acceleration/env/lib/python3.8/site-packages/airflow/example_dags/tutorial.py
[2022-03-26 18:43:44,697] {logging_mixin.py:109} INFO - [2022-03-26 18:43:44,697] {dag.py:2398} INFO - Sync 1 DAGs
[2022-03-26 18:43:44,709] {logging_mixin.py:109} INFO - [2022-03-26 18:43:44,709] {dag.py:2937} INFO - Setting next_dagrun for tutorial to 2022-03-25T23:43:44.708777+00:00
[2022-03-26 18:43:44,932] {processor.py:171} INFO - Processing /home/lowenhard/acceleration/env/lib/python3.8/site-packages/airflow/example_dags/tutorial.py took 0.277 seconds
[2022-03-26 18:45:09,914] {processor.py:163} INFO - Started process (PID=1197) to work on /home/lowenhard/acceleration/env/lib/python3.8/site-packages/airflow/example_dags/tutorial.py
[2022-03-26 18:45:09,917] {processor.py:642} INFO - Processing file /home/lowenhard/acceleration/env/lib/python3.8/site-packages/airflow/example_dags/tutorial.py for tasks to queue
[2022-03-26 18:45:09,917] {logging_mixin.py:109} INFO - [2022-03-26 18:45:09,917] {dagbag.py:500} INFO - Filling up the DagBag from /home/lowenhard/acceleration/env/lib/python3.8/site-packages/airflow/example_dags/tutorial.py
[2022-03-26 18:45:09,935] {processor.py:654} INFO - DAG(s) dict_keys(['tutorial']) retrieved from /home/lowenhard/acceleration/env/lib/python3.8/site-packages/airflow/example_dags/tutorial.py
[2022-03-26 18:45:09,944] {logging_mixin.py:109} INFO - [2022-03-26 18:45:09,944] {dag.py:2398} INFO - Sync 1 DAGs
[2022-03-26 18:45:09,955] {logging_mixin.py:109} INFO - [2022-03-26 18:45:09,955] {dag.py:2937} INFO - Setting next_dagrun for tutorial to 2022-03-25T23:45:09.955035+00:00
[2022-03-26 18:45:10,897] {processor.py:171} INFO - Processing /home/lowenhard/acceleration/env/lib/python3.8/site-packages/airflow/example_dags/tutorial.py took 0.985 seconds
[2022-03-26 18:47:20,858] {processor.py:163} INFO - Started process (PID=1252) to work on /home/lowenhard/acceleration/env/lib/python3.8/site-packages/airflow/example_dags/tutorial.py
[2022-03-26 18:47:20,879] {processor.py:642} INFO - Processing file /home/lowenhard/acceleration/env/lib/python3.8/site-packages/airflow/example_dags/tutorial.py for tasks to queue
[2022-03-26 18:47:20,880] {logging_mixin.py:109} INFO - [2022-03-26 18:47:20,880] {dagbag.py:500} INFO - Filling up the DagBag from /home/lowenhard/acceleration/env/lib/python3.8/site-packages/airflow/example_dags/tutorial.py
[2022-03-26 18:47:21,335] {processor.py:654} INFO - DAG(s) dict_keys(['tutorial']) retrieved from /home/lowenhard/acceleration/env/lib/python3.8/site-packages/airflow/example_dags/tutorial.py
[2022-03-26 18:47:21,344] {logging_mixin.py:109} INFO - [2022-03-26 18:47:21,343] {dag.py:2398} INFO - Sync 1 DAGs
[2022-03-26 18:47:21,357] {logging_mixin.py:109} INFO - [2022-03-26 18:47:21,357] {dag.py:2937} INFO - Setting next_dagrun for tutorial to 2022-03-25T23:47:21.356943+00:00
[2022-03-26 18:47:21,544] {processor.py:171} INFO - Processing /home/lowenhard/acceleration/env/lib/python3.8/site-packages/airflow/example_dags/tutorial.py took 0.688 seconds
[2022-03-26 18:48:44,555] {processor.py:163} INFO - Started process (PID=1283) to work on /home/lowenhard/acceleration/env/lib/python3.8/site-packages/airflow/example_dags/tutorial.py
[2022-03-26 18:48:44,571] {processor.py:642} INFO - Processing file /home/lowenhard/acceleration/env/lib/python3.8/site-packages/airflow/example_dags/tutorial.py for tasks to queue
[2022-03-26 18:48:44,571] {logging_mixin.py:109} INFO - [2022-03-26 18:48:44,571] {dagbag.py:500} INFO - Filling up the DagBag from /home/lowenhard/acceleration/env/lib/python3.8/site-packages/airflow/example_dags/tutorial.py
[2022-03-26 18:48:44,589] {processor.py:654} INFO - DAG(s) dict_keys(['tutorial']) retrieved from /home/lowenhard/acceleration/env/lib/python3.8/site-packages/airflow/example_dags/tutorial.py
[2022-03-26 18:48:44,597] {logging_mixin.py:109} INFO - [2022-03-26 18:48:44,597] {dag.py:2398} INFO - Sync 1 DAGs
[2022-03-26 18:48:44,608] {logging_mixin.py:109} INFO - [2022-03-26 18:48:44,608] {dag.py:2937} INFO - Setting next_dagrun for tutorial to 2022-03-25T23:48:44.608547+00:00
[2022-03-26 18:48:45,626] {processor.py:171} INFO - Processing /home/lowenhard/acceleration/env/lib/python3.8/site-packages/airflow/example_dags/tutorial.py took 1.073 seconds
[2022-03-26 18:49:48,638] {processor.py:163} INFO - Started process (PID=1312) to work on /home/lowenhard/acceleration/env/lib/python3.8/site-packages/airflow/example_dags/tutorial.py
[2022-03-26 18:49:48,653] {processor.py:642} INFO - Processing file /home/lowenhard/acceleration/env/lib/python3.8/site-packages/airflow/example_dags/tutorial.py for tasks to queue
[2022-03-26 18:49:48,654] {logging_mixin.py:109} INFO - [2022-03-26 18:49:48,654] {dagbag.py:500} INFO - Filling up the DagBag from /home/lowenhard/acceleration/env/lib/python3.8/site-packages/airflow/example_dags/tutorial.py
[2022-03-26 18:49:48,678] {processor.py:654} INFO - DAG(s) dict_keys(['tutorial']) retrieved from /home/lowenhard/acceleration/env/lib/python3.8/site-packages/airflow/example_dags/tutorial.py
[2022-03-26 18:49:48,686] {logging_mixin.py:109} INFO - [2022-03-26 18:49:48,686] {dag.py:2398} INFO - Sync 1 DAGs
[2022-03-26 18:49:48,697] {logging_mixin.py:109} INFO - [2022-03-26 18:49:48,697] {dag.py:2937} INFO - Setting next_dagrun for tutorial to 2022-03-25T23:49:48.697072+00:00
[2022-03-26 18:49:50,680] {processor.py:171} INFO - Processing /home/lowenhard/acceleration/env/lib/python3.8/site-packages/airflow/example_dags/tutorial.py took 2.044 seconds
[2022-03-26 18:50:48,948] {processor.py:163} INFO - Started process (PID=1355) to work on /home/lowenhard/acceleration/env/lib/python3.8/site-packages/airflow/example_dags/tutorial.py
[2022-03-26 18:50:48,962] {processor.py:642} INFO - Processing file /home/lowenhard/acceleration/env/lib/python3.8/site-packages/airflow/example_dags/tutorial.py for tasks to queue
[2022-03-26 18:50:48,962] {logging_mixin.py:109} INFO - [2022-03-26 18:50:48,962] {dagbag.py:500} INFO - Filling up the DagBag from /home/lowenhard/acceleration/env/lib/python3.8/site-packages/airflow/example_dags/tutorial.py
[2022-03-26 18:50:49,114] {processor.py:654} INFO - DAG(s) dict_keys(['tutorial']) retrieved from /home/lowenhard/acceleration/env/lib/python3.8/site-packages/airflow/example_dags/tutorial.py
[2022-03-26 18:50:49,125] {logging_mixin.py:109} INFO - [2022-03-26 18:50:49,125] {dag.py:2398} INFO - Sync 1 DAGs
[2022-03-26 18:50:49,141] {logging_mixin.py:109} INFO - [2022-03-26 18:50:49,141] {dag.py:2937} INFO - Setting next_dagrun for tutorial to 2022-03-25T23:50:49.141426+00:00
[2022-03-26 18:50:49,283] {processor.py:171} INFO - Processing /home/lowenhard/acceleration/env/lib/python3.8/site-packages/airflow/example_dags/tutorial.py took 0.338 seconds
[2022-03-26 18:52:56,494] {processor.py:163} INFO - Started process (PID=1406) to work on /home/lowenhard/acceleration/env/lib/python3.8/site-packages/airflow/example_dags/tutorial.py
[2022-03-26 18:52:56,534] {processor.py:642} INFO - Processing file /home/lowenhard/acceleration/env/lib/python3.8/site-packages/airflow/example_dags/tutorial.py for tasks to queue
[2022-03-26 18:52:56,535] {logging_mixin.py:109} INFO - [2022-03-26 18:52:56,534] {dagbag.py:500} INFO - Filling up the DagBag from /home/lowenhard/acceleration/env/lib/python3.8/site-packages/airflow/example_dags/tutorial.py
[2022-03-26 18:52:56,553] {processor.py:654} INFO - DAG(s) dict_keys(['tutorial']) retrieved from /home/lowenhard/acceleration/env/lib/python3.8/site-packages/airflow/example_dags/tutorial.py
[2022-03-26 18:52:56,561] {logging_mixin.py:109} INFO - [2022-03-26 18:52:56,561] {dag.py:2398} INFO - Sync 1 DAGs
[2022-03-26 18:52:56,576] {logging_mixin.py:109} INFO - [2022-03-26 18:52:56,576] {dag.py:2937} INFO - Setting next_dagrun for tutorial to 2022-03-25T23:52:56.576000+00:00
[2022-03-26 18:52:58,920] {processor.py:171} INFO - Processing /home/lowenhard/acceleration/env/lib/python3.8/site-packages/airflow/example_dags/tutorial.py took 2.429 seconds
[2022-03-26 18:53:56,770] {processor.py:163} INFO - Started process (PID=1434) to work on /home/lowenhard/acceleration/env/lib/python3.8/site-packages/airflow/example_dags/tutorial.py
[2022-03-26 18:53:56,790] {processor.py:642} INFO - Processing file /home/lowenhard/acceleration/env/lib/python3.8/site-packages/airflow/example_dags/tutorial.py for tasks to queue
[2022-03-26 18:53:56,790] {logging_mixin.py:109} INFO - [2022-03-26 18:53:56,790] {dagbag.py:500} INFO - Filling up the DagBag from /home/lowenhard/acceleration/env/lib/python3.8/site-packages/airflow/example_dags/tutorial.py
[2022-03-26 18:53:56,809] {processor.py:654} INFO - DAG(s) dict_keys(['tutorial']) retrieved from /home/lowenhard/acceleration/env/lib/python3.8/site-packages/airflow/example_dags/tutorial.py
[2022-03-26 18:53:56,817] {logging_mixin.py:109} INFO - [2022-03-26 18:53:56,817] {dag.py:2398} INFO - Sync 1 DAGs
[2022-03-26 18:53:56,827] {logging_mixin.py:109} INFO - [2022-03-26 18:53:56,827] {dag.py:2937} INFO - Setting next_dagrun for tutorial to 2022-03-25T23:53:56.827315+00:00
[2022-03-26 18:53:57,573] {processor.py:171} INFO - Processing /home/lowenhard/acceleration/env/lib/python3.8/site-packages/airflow/example_dags/tutorial.py took 0.806 seconds
[2022-03-26 18:55:12,390] {processor.py:163} INFO - Started process (PID=1488) to work on /home/lowenhard/acceleration/env/lib/python3.8/site-packages/airflow/example_dags/tutorial.py
[2022-03-26 18:55:12,399] {processor.py:642} INFO - Processing file /home/lowenhard/acceleration/env/lib/python3.8/site-packages/airflow/example_dags/tutorial.py for tasks to queue
[2022-03-26 18:55:12,399] {logging_mixin.py:109} INFO - [2022-03-26 18:55:12,399] {dagbag.py:500} INFO - Filling up the DagBag from /home/lowenhard/acceleration/env/lib/python3.8/site-packages/airflow/example_dags/tutorial.py
[2022-03-26 18:55:12,418] {processor.py:654} INFO - DAG(s) dict_keys(['tutorial']) retrieved from /home/lowenhard/acceleration/env/lib/python3.8/site-packages/airflow/example_dags/tutorial.py
[2022-03-26 18:55:12,428] {logging_mixin.py:109} INFO - [2022-03-26 18:55:12,428] {dag.py:2398} INFO - Sync 1 DAGs
[2022-03-26 18:55:12,443] {logging_mixin.py:109} INFO - [2022-03-26 18:55:12,443] {dag.py:2937} INFO - Setting next_dagrun for tutorial to 2022-03-25T23:55:12.441846+00:00
[2022-03-26 18:55:14,326] {processor.py:171} INFO - Processing /home/lowenhard/acceleration/env/lib/python3.8/site-packages/airflow/example_dags/tutorial.py took 1.939 seconds
[2022-03-26 18:57:15,440] {processor.py:163} INFO - Started process (PID=1539) to work on /home/lowenhard/acceleration/env/lib/python3.8/site-packages/airflow/example_dags/tutorial.py
[2022-03-26 18:57:15,450] {processor.py:642} INFO - Processing file /home/lowenhard/acceleration/env/lib/python3.8/site-packages/airflow/example_dags/tutorial.py for tasks to queue
[2022-03-26 18:57:15,450] {logging_mixin.py:109} INFO - [2022-03-26 18:57:15,450] {dagbag.py:500} INFO - Filling up the DagBag from /home/lowenhard/acceleration/env/lib/python3.8/site-packages/airflow/example_dags/tutorial.py
[2022-03-26 18:57:15,468] {processor.py:654} INFO - DAG(s) dict_keys(['tutorial']) retrieved from /home/lowenhard/acceleration/env/lib/python3.8/site-packages/airflow/example_dags/tutorial.py
[2022-03-26 18:57:15,476] {logging_mixin.py:109} INFO - [2022-03-26 18:57:15,476] {dag.py:2398} INFO - Sync 1 DAGs
[2022-03-26 18:57:15,487] {logging_mixin.py:109} INFO - [2022-03-26 18:57:15,487] {dag.py:2937} INFO - Setting next_dagrun for tutorial to 2022-03-25T23:57:15.487173+00:00
[2022-03-26 18:57:15,638] {processor.py:171} INFO - Processing /home/lowenhard/acceleration/env/lib/python3.8/site-packages/airflow/example_dags/tutorial.py took 0.200 seconds
[2022-03-26 18:58:14,798] {processor.py:163} INFO - Started process (PID=1567) to work on /home/lowenhard/acceleration/env/lib/python3.8/site-packages/airflow/example_dags/tutorial.py
[2022-03-26 18:58:14,943] {processor.py:642} INFO - Processing file /home/lowenhard/acceleration/env/lib/python3.8/site-packages/airflow/example_dags/tutorial.py for tasks to queue
[2022-03-26 18:58:14,944] {logging_mixin.py:109} INFO - [2022-03-26 18:58:14,944] {dagbag.py:500} INFO - Filling up the DagBag from /home/lowenhard/acceleration/env/lib/python3.8/site-packages/airflow/example_dags/tutorial.py
[2022-03-26 18:58:14,962] {processor.py:654} INFO - DAG(s) dict_keys(['tutorial']) retrieved from /home/lowenhard/acceleration/env/lib/python3.8/site-packages/airflow/example_dags/tutorial.py
[2022-03-26 18:58:14,971] {logging_mixin.py:109} INFO - [2022-03-26 18:58:14,970] {dag.py:2398} INFO - Sync 1 DAGs
[2022-03-26 18:58:14,981] {logging_mixin.py:109} INFO - [2022-03-26 18:58:14,981] {dag.py:2937} INFO - Setting next_dagrun for tutorial to 2022-03-25T23:58:14.981548+00:00
[2022-03-26 18:58:15,108] {processor.py:171} INFO - Processing /home/lowenhard/acceleration/env/lib/python3.8/site-packages/airflow/example_dags/tutorial.py took 0.313 seconds
[2022-03-26 18:59:37,509] {processor.py:163} INFO - Started process (PID=1609) to work on /home/lowenhard/acceleration/env/lib/python3.8/site-packages/airflow/example_dags/tutorial.py
[2022-03-26 18:59:38,184] {processor.py:642} INFO - Processing file /home/lowenhard/acceleration/env/lib/python3.8/site-packages/airflow/example_dags/tutorial.py for tasks to queue
[2022-03-26 18:59:38,184] {logging_mixin.py:109} INFO - [2022-03-26 18:59:38,184] {dagbag.py:500} INFO - Filling up the DagBag from /home/lowenhard/acceleration/env/lib/python3.8/site-packages/airflow/example_dags/tutorial.py
[2022-03-26 18:59:38,439] {processor.py:654} INFO - DAG(s) dict_keys(['tutorial']) retrieved from /home/lowenhard/acceleration/env/lib/python3.8/site-packages/airflow/example_dags/tutorial.py
[2022-03-26 18:59:38,448] {logging_mixin.py:109} INFO - [2022-03-26 18:59:38,448] {dag.py:2398} INFO - Sync 1 DAGs
[2022-03-26 18:59:38,459] {logging_mixin.py:109} INFO - [2022-03-26 18:59:38,459] {dag.py:2937} INFO - Setting next_dagrun for tutorial to 2022-03-25T23:59:38.459194+00:00
[2022-03-26 18:59:38,626] {processor.py:171} INFO - Processing /home/lowenhard/acceleration/env/lib/python3.8/site-packages/airflow/example_dags/tutorial.py took 1.120 seconds
