[2022-03-26 18:26:39,703] {processor.py:163} INFO - Started process (PID=562) to work on /home/lowenhard/acceleration/env/lib/python3.8/site-packages/airflow/example_dags/tutorial_taskflow_api_etl.py
[2022-03-26 18:26:39,704] {processor.py:642} INFO - Processing file /home/lowenhard/acceleration/env/lib/python3.8/site-packages/airflow/example_dags/tutorial_taskflow_api_etl.py for tasks to queue
[2022-03-26 18:26:39,704] {logging_mixin.py:109} INFO - [2022-03-26 18:26:39,704] {dagbag.py:500} INFO - Filling up the DagBag from /home/lowenhard/acceleration/env/lib/python3.8/site-packages/airflow/example_dags/tutorial_taskflow_api_etl.py
[2022-03-26 18:26:39,724] {processor.py:654} INFO - DAG(s) dict_keys(['tutorial_taskflow_api_etl']) retrieved from /home/lowenhard/acceleration/env/lib/python3.8/site-packages/airflow/example_dags/tutorial_taskflow_api_etl.py
[2022-03-26 18:26:39,912] {logging_mixin.py:109} INFO - [2022-03-26 18:26:39,912] {dag.py:2398} INFO - Sync 1 DAGs
[2022-03-26 18:26:39,920] {logging_mixin.py:109} INFO - [2022-03-26 18:26:39,920] {dag.py:2937} INFO - Setting next_dagrun for tutorial_taskflow_api_etl to None
[2022-03-26 18:26:40,064] {processor.py:171} INFO - Processing /home/lowenhard/acceleration/env/lib/python3.8/site-packages/airflow/example_dags/tutorial_taskflow_api_etl.py took 0.363 seconds
[2022-03-26 18:27:49,832] {processor.py:163} INFO - Started process (PID=598) to work on /home/lowenhard/acceleration/env/lib/python3.8/site-packages/airflow/example_dags/tutorial_taskflow_api_etl.py
[2022-03-26 18:27:49,888] {processor.py:642} INFO - Processing file /home/lowenhard/acceleration/env/lib/python3.8/site-packages/airflow/example_dags/tutorial_taskflow_api_etl.py for tasks to queue
[2022-03-26 18:27:49,888] {logging_mixin.py:109} INFO - [2022-03-26 18:27:49,888] {dagbag.py:500} INFO - Filling up the DagBag from /home/lowenhard/acceleration/env/lib/python3.8/site-packages/airflow/example_dags/tutorial_taskflow_api_etl.py
[2022-03-26 18:27:49,929] {processor.py:654} INFO - DAG(s) dict_keys(['tutorial_taskflow_api_etl']) retrieved from /home/lowenhard/acceleration/env/lib/python3.8/site-packages/airflow/example_dags/tutorial_taskflow_api_etl.py
[2022-03-26 18:27:50,160] {logging_mixin.py:109} INFO - [2022-03-26 18:27:50,160] {dag.py:2398} INFO - Sync 1 DAGs
[2022-03-26 18:27:50,173] {logging_mixin.py:109} INFO - [2022-03-26 18:27:50,173] {dag.py:2937} INFO - Setting next_dagrun for tutorial_taskflow_api_etl to None
[2022-03-26 18:27:50,512] {processor.py:171} INFO - Processing /home/lowenhard/acceleration/env/lib/python3.8/site-packages/airflow/example_dags/tutorial_taskflow_api_etl.py took 0.682 seconds
[2022-03-26 18:30:42,874] {processor.py:163} INFO - Started process (PID=681) to work on /home/lowenhard/acceleration/env/lib/python3.8/site-packages/airflow/example_dags/tutorial_taskflow_api_etl.py
[2022-03-26 18:30:42,876] {processor.py:642} INFO - Processing file /home/lowenhard/acceleration/env/lib/python3.8/site-packages/airflow/example_dags/tutorial_taskflow_api_etl.py for tasks to queue
[2022-03-26 18:30:42,877] {logging_mixin.py:109} INFO - [2022-03-26 18:30:42,877] {dagbag.py:500} INFO - Filling up the DagBag from /home/lowenhard/acceleration/env/lib/python3.8/site-packages/airflow/example_dags/tutorial_taskflow_api_etl.py
[2022-03-26 18:30:42,900] {processor.py:654} INFO - DAG(s) dict_keys(['tutorial_taskflow_api_etl']) retrieved from /home/lowenhard/acceleration/env/lib/python3.8/site-packages/airflow/example_dags/tutorial_taskflow_api_etl.py
[2022-03-26 18:30:43,082] {logging_mixin.py:109} INFO - [2022-03-26 18:30:43,082] {dag.py:2398} INFO - Sync 1 DAGs
[2022-03-26 18:30:43,096] {logging_mixin.py:109} INFO - [2022-03-26 18:30:43,096] {dag.py:2937} INFO - Setting next_dagrun for tutorial_taskflow_api_etl to None
[2022-03-26 18:30:43,386] {processor.py:171} INFO - Processing /home/lowenhard/acceleration/env/lib/python3.8/site-packages/airflow/example_dags/tutorial_taskflow_api_etl.py took 0.515 seconds
[2022-03-26 18:31:35,713] {processor.py:163} INFO - Started process (PID=720) to work on /home/lowenhard/acceleration/env/lib/python3.8/site-packages/airflow/example_dags/tutorial_taskflow_api_etl.py
[2022-03-26 18:31:35,730] {processor.py:642} INFO - Processing file /home/lowenhard/acceleration/env/lib/python3.8/site-packages/airflow/example_dags/tutorial_taskflow_api_etl.py for tasks to queue
[2022-03-26 18:31:35,730] {logging_mixin.py:109} INFO - [2022-03-26 18:31:35,730] {dagbag.py:500} INFO - Filling up the DagBag from /home/lowenhard/acceleration/env/lib/python3.8/site-packages/airflow/example_dags/tutorial_taskflow_api_etl.py
[2022-03-26 18:31:35,755] {processor.py:654} INFO - DAG(s) dict_keys(['tutorial_taskflow_api_etl']) retrieved from /home/lowenhard/acceleration/env/lib/python3.8/site-packages/airflow/example_dags/tutorial_taskflow_api_etl.py
[2022-03-26 18:31:35,926] {logging_mixin.py:109} INFO - [2022-03-26 18:31:35,926] {dag.py:2398} INFO - Sync 1 DAGs
[2022-03-26 18:31:35,996] {logging_mixin.py:109} INFO - [2022-03-26 18:31:35,996] {dag.py:2937} INFO - Setting next_dagrun for tutorial_taskflow_api_etl to None
[2022-03-26 18:31:36,138] {processor.py:171} INFO - Processing /home/lowenhard/acceleration/env/lib/python3.8/site-packages/airflow/example_dags/tutorial_taskflow_api_etl.py took 0.428 seconds
[2022-03-26 18:32:14,298] {processor.py:163} INFO - Started process (PID=747) to work on /home/lowenhard/acceleration/env/lib/python3.8/site-packages/airflow/example_dags/tutorial_taskflow_api_etl.py
[2022-03-26 18:32:14,301] {processor.py:642} INFO - Processing file /home/lowenhard/acceleration/env/lib/python3.8/site-packages/airflow/example_dags/tutorial_taskflow_api_etl.py for tasks to queue
[2022-03-26 18:32:14,301] {logging_mixin.py:109} INFO - [2022-03-26 18:32:14,301] {dagbag.py:500} INFO - Filling up the DagBag from /home/lowenhard/acceleration/env/lib/python3.8/site-packages/airflow/example_dags/tutorial_taskflow_api_etl.py
[2022-03-26 18:32:14,322] {processor.py:654} INFO - DAG(s) dict_keys(['tutorial_taskflow_api_etl']) retrieved from /home/lowenhard/acceleration/env/lib/python3.8/site-packages/airflow/example_dags/tutorial_taskflow_api_etl.py
[2022-03-26 18:32:14,555] {logging_mixin.py:109} INFO - [2022-03-26 18:32:14,555] {dag.py:2398} INFO - Sync 1 DAGs
[2022-03-26 18:32:14,621] {logging_mixin.py:109} INFO - [2022-03-26 18:32:14,621] {dag.py:2937} INFO - Setting next_dagrun for tutorial_taskflow_api_etl to None
[2022-03-26 18:32:14,777] {processor.py:171} INFO - Processing /home/lowenhard/acceleration/env/lib/python3.8/site-packages/airflow/example_dags/tutorial_taskflow_api_etl.py took 0.482 seconds
[2022-03-26 18:33:02,558] {processor.py:163} INFO - Started process (PID=780) to work on /home/lowenhard/acceleration/env/lib/python3.8/site-packages/airflow/example_dags/tutorial_taskflow_api_etl.py
[2022-03-26 18:33:02,563] {processor.py:642} INFO - Processing file /home/lowenhard/acceleration/env/lib/python3.8/site-packages/airflow/example_dags/tutorial_taskflow_api_etl.py for tasks to queue
[2022-03-26 18:33:02,564] {logging_mixin.py:109} INFO - [2022-03-26 18:33:02,564] {dagbag.py:500} INFO - Filling up the DagBag from /home/lowenhard/acceleration/env/lib/python3.8/site-packages/airflow/example_dags/tutorial_taskflow_api_etl.py
[2022-03-26 18:33:02,589] {processor.py:654} INFO - DAG(s) dict_keys(['tutorial_taskflow_api_etl']) retrieved from /home/lowenhard/acceleration/env/lib/python3.8/site-packages/airflow/example_dags/tutorial_taskflow_api_etl.py
[2022-03-26 18:33:02,759] {logging_mixin.py:109} INFO - [2022-03-26 18:33:02,759] {dag.py:2398} INFO - Sync 1 DAGs
[2022-03-26 18:33:02,824] {logging_mixin.py:109} INFO - [2022-03-26 18:33:02,824] {dag.py:2937} INFO - Setting next_dagrun for tutorial_taskflow_api_etl to None
[2022-03-26 18:33:02,962] {processor.py:171} INFO - Processing /home/lowenhard/acceleration/env/lib/python3.8/site-packages/airflow/example_dags/tutorial_taskflow_api_etl.py took 0.408 seconds
[2022-03-26 18:33:48,129] {processor.py:163} INFO - Started process (PID=812) to work on /home/lowenhard/acceleration/env/lib/python3.8/site-packages/airflow/example_dags/tutorial_taskflow_api_etl.py
[2022-03-26 18:33:48,151] {processor.py:642} INFO - Processing file /home/lowenhard/acceleration/env/lib/python3.8/site-packages/airflow/example_dags/tutorial_taskflow_api_etl.py for tasks to queue
[2022-03-26 18:33:48,152] {logging_mixin.py:109} INFO - [2022-03-26 18:33:48,152] {dagbag.py:500} INFO - Filling up the DagBag from /home/lowenhard/acceleration/env/lib/python3.8/site-packages/airflow/example_dags/tutorial_taskflow_api_etl.py
[2022-03-26 18:33:48,172] {processor.py:654} INFO - DAG(s) dict_keys(['tutorial_taskflow_api_etl']) retrieved from /home/lowenhard/acceleration/env/lib/python3.8/site-packages/airflow/example_dags/tutorial_taskflow_api_etl.py
[2022-03-26 18:33:48,400] {logging_mixin.py:109} INFO - [2022-03-26 18:33:48,400] {dag.py:2398} INFO - Sync 1 DAGs
[2022-03-26 18:33:48,411] {logging_mixin.py:109} INFO - [2022-03-26 18:33:48,411] {dag.py:2937} INFO - Setting next_dagrun for tutorial_taskflow_api_etl to None
[2022-03-26 18:33:48,560] {processor.py:171} INFO - Processing /home/lowenhard/acceleration/env/lib/python3.8/site-packages/airflow/example_dags/tutorial_taskflow_api_etl.py took 0.434 seconds
[2022-03-26 18:34:42,668] {processor.py:163} INFO - Started process (PID=852) to work on /home/lowenhard/acceleration/env/lib/python3.8/site-packages/airflow/example_dags/tutorial_taskflow_api_etl.py
[2022-03-26 18:34:42,677] {processor.py:642} INFO - Processing file /home/lowenhard/acceleration/env/lib/python3.8/site-packages/airflow/example_dags/tutorial_taskflow_api_etl.py for tasks to queue
[2022-03-26 18:34:42,678] {logging_mixin.py:109} INFO - [2022-03-26 18:34:42,678] {dagbag.py:500} INFO - Filling up the DagBag from /home/lowenhard/acceleration/env/lib/python3.8/site-packages/airflow/example_dags/tutorial_taskflow_api_etl.py
[2022-03-26 18:34:42,699] {processor.py:654} INFO - DAG(s) dict_keys(['tutorial_taskflow_api_etl']) retrieved from /home/lowenhard/acceleration/env/lib/python3.8/site-packages/airflow/example_dags/tutorial_taskflow_api_etl.py
[2022-03-26 18:34:42,927] {logging_mixin.py:109} INFO - [2022-03-26 18:34:42,926] {dag.py:2398} INFO - Sync 1 DAGs
[2022-03-26 18:34:42,937] {logging_mixin.py:109} INFO - [2022-03-26 18:34:42,937] {dag.py:2937} INFO - Setting next_dagrun for tutorial_taskflow_api_etl to None
[2022-03-26 18:34:43,081] {processor.py:171} INFO - Processing /home/lowenhard/acceleration/env/lib/python3.8/site-packages/airflow/example_dags/tutorial_taskflow_api_etl.py took 0.415 seconds
[2022-03-26 18:35:28,486] {processor.py:163} INFO - Started process (PID=881) to work on /home/lowenhard/acceleration/env/lib/python3.8/site-packages/airflow/example_dags/tutorial_taskflow_api_etl.py
[2022-03-26 18:35:28,508] {processor.py:642} INFO - Processing file /home/lowenhard/acceleration/env/lib/python3.8/site-packages/airflow/example_dags/tutorial_taskflow_api_etl.py for tasks to queue
[2022-03-26 18:35:28,509] {logging_mixin.py:109} INFO - [2022-03-26 18:35:28,509] {dagbag.py:500} INFO - Filling up the DagBag from /home/lowenhard/acceleration/env/lib/python3.8/site-packages/airflow/example_dags/tutorial_taskflow_api_etl.py
[2022-03-26 18:35:28,532] {processor.py:654} INFO - DAG(s) dict_keys(['tutorial_taskflow_api_etl']) retrieved from /home/lowenhard/acceleration/env/lib/python3.8/site-packages/airflow/example_dags/tutorial_taskflow_api_etl.py
[2022-03-26 18:35:28,777] {logging_mixin.py:109} INFO - [2022-03-26 18:35:28,777] {dag.py:2398} INFO - Sync 1 DAGs
[2022-03-26 18:35:28,787] {logging_mixin.py:109} INFO - [2022-03-26 18:35:28,787] {dag.py:2937} INFO - Setting next_dagrun for tutorial_taskflow_api_etl to None
[2022-03-26 18:35:28,969] {processor.py:171} INFO - Processing /home/lowenhard/acceleration/env/lib/python3.8/site-packages/airflow/example_dags/tutorial_taskflow_api_etl.py took 0.485 seconds
[2022-03-26 18:36:27,474] {processor.py:163} INFO - Started process (PID=917) to work on /home/lowenhard/acceleration/env/lib/python3.8/site-packages/airflow/example_dags/tutorial_taskflow_api_etl.py
[2022-03-26 18:36:27,496] {processor.py:642} INFO - Processing file /home/lowenhard/acceleration/env/lib/python3.8/site-packages/airflow/example_dags/tutorial_taskflow_api_etl.py for tasks to queue
[2022-03-26 18:36:27,496] {logging_mixin.py:109} INFO - [2022-03-26 18:36:27,496] {dagbag.py:500} INFO - Filling up the DagBag from /home/lowenhard/acceleration/env/lib/python3.8/site-packages/airflow/example_dags/tutorial_taskflow_api_etl.py
[2022-03-26 18:36:27,519] {processor.py:654} INFO - DAG(s) dict_keys(['tutorial_taskflow_api_etl']) retrieved from /home/lowenhard/acceleration/env/lib/python3.8/site-packages/airflow/example_dags/tutorial_taskflow_api_etl.py
[2022-03-26 18:36:27,833] {logging_mixin.py:109} INFO - [2022-03-26 18:36:27,833] {dag.py:2398} INFO - Sync 1 DAGs
[2022-03-26 18:36:27,844] {logging_mixin.py:109} INFO - [2022-03-26 18:36:27,844] {dag.py:2937} INFO - Setting next_dagrun for tutorial_taskflow_api_etl to None
[2022-03-26 18:36:28,074] {processor.py:171} INFO - Processing /home/lowenhard/acceleration/env/lib/python3.8/site-packages/airflow/example_dags/tutorial_taskflow_api_etl.py took 0.603 seconds
[2022-03-26 18:37:25,867] {processor.py:163} INFO - Started process (PID=952) to work on /home/lowenhard/acceleration/env/lib/python3.8/site-packages/airflow/example_dags/tutorial_taskflow_api_etl.py
[2022-03-26 18:37:25,893] {processor.py:642} INFO - Processing file /home/lowenhard/acceleration/env/lib/python3.8/site-packages/airflow/example_dags/tutorial_taskflow_api_etl.py for tasks to queue
[2022-03-26 18:37:25,894] {logging_mixin.py:109} INFO - [2022-03-26 18:37:25,894] {dagbag.py:500} INFO - Filling up the DagBag from /home/lowenhard/acceleration/env/lib/python3.8/site-packages/airflow/example_dags/tutorial_taskflow_api_etl.py
[2022-03-26 18:37:25,917] {processor.py:654} INFO - DAG(s) dict_keys(['tutorial_taskflow_api_etl']) retrieved from /home/lowenhard/acceleration/env/lib/python3.8/site-packages/airflow/example_dags/tutorial_taskflow_api_etl.py
[2022-03-26 18:37:26,176] {logging_mixin.py:109} INFO - [2022-03-26 18:37:26,176] {dag.py:2398} INFO - Sync 1 DAGs
[2022-03-26 18:37:26,186] {logging_mixin.py:109} INFO - [2022-03-26 18:37:26,186] {dag.py:2937} INFO - Setting next_dagrun for tutorial_taskflow_api_etl to None
[2022-03-26 18:37:26,406] {processor.py:171} INFO - Processing /home/lowenhard/acceleration/env/lib/python3.8/site-packages/airflow/example_dags/tutorial_taskflow_api_etl.py took 0.542 seconds
[2022-03-26 18:39:01,273] {processor.py:163} INFO - Started process (PID=1009) to work on /home/lowenhard/acceleration/env/lib/python3.8/site-packages/airflow/example_dags/tutorial_taskflow_api_etl.py
[2022-03-26 18:39:01,325] {processor.py:642} INFO - Processing file /home/lowenhard/acceleration/env/lib/python3.8/site-packages/airflow/example_dags/tutorial_taskflow_api_etl.py for tasks to queue
[2022-03-26 18:39:01,325] {logging_mixin.py:109} INFO - [2022-03-26 18:39:01,325] {dagbag.py:500} INFO - Filling up the DagBag from /home/lowenhard/acceleration/env/lib/python3.8/site-packages/airflow/example_dags/tutorial_taskflow_api_etl.py
[2022-03-26 18:39:01,345] {processor.py:654} INFO - DAG(s) dict_keys(['tutorial_taskflow_api_etl']) retrieved from /home/lowenhard/acceleration/env/lib/python3.8/site-packages/airflow/example_dags/tutorial_taskflow_api_etl.py
[2022-03-26 18:39:01,582] {logging_mixin.py:109} INFO - [2022-03-26 18:39:01,582] {dag.py:2398} INFO - Sync 1 DAGs
[2022-03-26 18:39:01,592] {logging_mixin.py:109} INFO - [2022-03-26 18:39:01,591] {dag.py:2937} INFO - Setting next_dagrun for tutorial_taskflow_api_etl to None
[2022-03-26 18:39:02,180] {processor.py:171} INFO - Processing /home/lowenhard/acceleration/env/lib/python3.8/site-packages/airflow/example_dags/tutorial_taskflow_api_etl.py took 0.909 seconds
[2022-03-26 18:40:27,753] {processor.py:163} INFO - Started process (PID=1061) to work on /home/lowenhard/acceleration/env/lib/python3.8/site-packages/airflow/example_dags/tutorial_taskflow_api_etl.py
[2022-03-26 18:40:27,772] {processor.py:642} INFO - Processing file /home/lowenhard/acceleration/env/lib/python3.8/site-packages/airflow/example_dags/tutorial_taskflow_api_etl.py for tasks to queue
[2022-03-26 18:40:27,772] {logging_mixin.py:109} INFO - [2022-03-26 18:40:27,772] {dagbag.py:500} INFO - Filling up the DagBag from /home/lowenhard/acceleration/env/lib/python3.8/site-packages/airflow/example_dags/tutorial_taskflow_api_etl.py
[2022-03-26 18:40:27,793] {processor.py:654} INFO - DAG(s) dict_keys(['tutorial_taskflow_api_etl']) retrieved from /home/lowenhard/acceleration/env/lib/python3.8/site-packages/airflow/example_dags/tutorial_taskflow_api_etl.py
[2022-03-26 18:40:28,013] {logging_mixin.py:109} INFO - [2022-03-26 18:40:28,013] {dag.py:2398} INFO - Sync 1 DAGs
[2022-03-26 18:40:28,021] {logging_mixin.py:109} INFO - [2022-03-26 18:40:28,021] {dag.py:2937} INFO - Setting next_dagrun for tutorial_taskflow_api_etl to None
[2022-03-26 18:40:28,164] {processor.py:171} INFO - Processing /home/lowenhard/acceleration/env/lib/python3.8/site-packages/airflow/example_dags/tutorial_taskflow_api_etl.py took 0.413 seconds
[2022-03-26 18:42:20,766] {processor.py:163} INFO - Started process (PID=1117) to work on /home/lowenhard/acceleration/env/lib/python3.8/site-packages/airflow/example_dags/tutorial_taskflow_api_etl.py
[2022-03-26 18:42:20,920] {processor.py:642} INFO - Processing file /home/lowenhard/acceleration/env/lib/python3.8/site-packages/airflow/example_dags/tutorial_taskflow_api_etl.py for tasks to queue
[2022-03-26 18:42:20,920] {logging_mixin.py:109} INFO - [2022-03-26 18:42:20,920] {dagbag.py:500} INFO - Filling up the DagBag from /home/lowenhard/acceleration/env/lib/python3.8/site-packages/airflow/example_dags/tutorial_taskflow_api_etl.py
[2022-03-26 18:42:20,944] {processor.py:654} INFO - DAG(s) dict_keys(['tutorial_taskflow_api_etl']) retrieved from /home/lowenhard/acceleration/env/lib/python3.8/site-packages/airflow/example_dags/tutorial_taskflow_api_etl.py
[2022-03-26 18:42:21,129] {logging_mixin.py:109} INFO - [2022-03-26 18:42:21,129] {dag.py:2398} INFO - Sync 1 DAGs
[2022-03-26 18:42:21,140] {logging_mixin.py:109} INFO - [2022-03-26 18:42:21,140] {dag.py:2937} INFO - Setting next_dagrun for tutorial_taskflow_api_etl to None
[2022-03-26 18:42:21,289] {processor.py:171} INFO - Processing /home/lowenhard/acceleration/env/lib/python3.8/site-packages/airflow/example_dags/tutorial_taskflow_api_etl.py took 0.526 seconds
[2022-03-26 18:43:43,287] {processor.py:163} INFO - Started process (PID=1153) to work on /home/lowenhard/acceleration/env/lib/python3.8/site-packages/airflow/example_dags/tutorial_taskflow_api_etl.py
[2022-03-26 18:43:43,506] {processor.py:642} INFO - Processing file /home/lowenhard/acceleration/env/lib/python3.8/site-packages/airflow/example_dags/tutorial_taskflow_api_etl.py for tasks to queue
[2022-03-26 18:43:43,507] {logging_mixin.py:109} INFO - [2022-03-26 18:43:43,507] {dagbag.py:500} INFO - Filling up the DagBag from /home/lowenhard/acceleration/env/lib/python3.8/site-packages/airflow/example_dags/tutorial_taskflow_api_etl.py
[2022-03-26 18:43:43,528] {processor.py:654} INFO - DAG(s) dict_keys(['tutorial_taskflow_api_etl']) retrieved from /home/lowenhard/acceleration/env/lib/python3.8/site-packages/airflow/example_dags/tutorial_taskflow_api_etl.py
[2022-03-26 18:43:43,696] {logging_mixin.py:109} INFO - [2022-03-26 18:43:43,696] {dag.py:2398} INFO - Sync 1 DAGs
[2022-03-26 18:43:43,706] {logging_mixin.py:109} INFO - [2022-03-26 18:43:43,706] {dag.py:2937} INFO - Setting next_dagrun for tutorial_taskflow_api_etl to None
[2022-03-26 18:43:44,085] {processor.py:171} INFO - Processing /home/lowenhard/acceleration/env/lib/python3.8/site-packages/airflow/example_dags/tutorial_taskflow_api_etl.py took 0.801 seconds
[2022-03-26 18:45:07,678] {processor.py:163} INFO - Started process (PID=1196) to work on /home/lowenhard/acceleration/env/lib/python3.8/site-packages/airflow/example_dags/tutorial_taskflow_api_etl.py
[2022-03-26 18:45:07,698] {processor.py:642} INFO - Processing file /home/lowenhard/acceleration/env/lib/python3.8/site-packages/airflow/example_dags/tutorial_taskflow_api_etl.py for tasks to queue
[2022-03-26 18:45:07,699] {logging_mixin.py:109} INFO - [2022-03-26 18:45:07,699] {dagbag.py:500} INFO - Filling up the DagBag from /home/lowenhard/acceleration/env/lib/python3.8/site-packages/airflow/example_dags/tutorial_taskflow_api_etl.py
[2022-03-26 18:45:07,720] {processor.py:654} INFO - DAG(s) dict_keys(['tutorial_taskflow_api_etl']) retrieved from /home/lowenhard/acceleration/env/lib/python3.8/site-packages/airflow/example_dags/tutorial_taskflow_api_etl.py
[2022-03-26 18:45:07,974] {logging_mixin.py:109} INFO - [2022-03-26 18:45:07,973] {dag.py:2398} INFO - Sync 1 DAGs
[2022-03-26 18:45:07,984] {logging_mixin.py:109} INFO - [2022-03-26 18:45:07,984] {dag.py:2937} INFO - Setting next_dagrun for tutorial_taskflow_api_etl to None
[2022-03-26 18:45:08,772] {processor.py:171} INFO - Processing /home/lowenhard/acceleration/env/lib/python3.8/site-packages/airflow/example_dags/tutorial_taskflow_api_etl.py took 1.100 seconds
[2022-03-26 18:47:19,424] {processor.py:163} INFO - Started process (PID=1251) to work on /home/lowenhard/acceleration/env/lib/python3.8/site-packages/airflow/example_dags/tutorial_taskflow_api_etl.py
[2022-03-26 18:47:19,529] {processor.py:642} INFO - Processing file /home/lowenhard/acceleration/env/lib/python3.8/site-packages/airflow/example_dags/tutorial_taskflow_api_etl.py for tasks to queue
[2022-03-26 18:47:19,530] {logging_mixin.py:109} INFO - [2022-03-26 18:47:19,530] {dagbag.py:500} INFO - Filling up the DagBag from /home/lowenhard/acceleration/env/lib/python3.8/site-packages/airflow/example_dags/tutorial_taskflow_api_etl.py
[2022-03-26 18:47:19,552] {processor.py:654} INFO - DAG(s) dict_keys(['tutorial_taskflow_api_etl']) retrieved from /home/lowenhard/acceleration/env/lib/python3.8/site-packages/airflow/example_dags/tutorial_taskflow_api_etl.py
[2022-03-26 18:47:19,722] {logging_mixin.py:109} INFO - [2022-03-26 18:47:19,722] {dag.py:2398} INFO - Sync 1 DAGs
[2022-03-26 18:47:19,797] {logging_mixin.py:109} INFO - [2022-03-26 18:47:19,797] {dag.py:2937} INFO - Setting next_dagrun for tutorial_taskflow_api_etl to None
[2022-03-26 18:47:20,391] {processor.py:171} INFO - Processing /home/lowenhard/acceleration/env/lib/python3.8/site-packages/airflow/example_dags/tutorial_taskflow_api_etl.py took 0.969 seconds
[2022-03-26 18:48:41,810] {processor.py:163} INFO - Started process (PID=1282) to work on /home/lowenhard/acceleration/env/lib/python3.8/site-packages/airflow/example_dags/tutorial_taskflow_api_etl.py
[2022-03-26 18:48:42,411] {processor.py:642} INFO - Processing file /home/lowenhard/acceleration/env/lib/python3.8/site-packages/airflow/example_dags/tutorial_taskflow_api_etl.py for tasks to queue
[2022-03-26 18:48:42,412] {logging_mixin.py:109} INFO - [2022-03-26 18:48:42,412] {dagbag.py:500} INFO - Filling up the DagBag from /home/lowenhard/acceleration/env/lib/python3.8/site-packages/airflow/example_dags/tutorial_taskflow_api_etl.py
[2022-03-26 18:48:42,438] {processor.py:654} INFO - DAG(s) dict_keys(['tutorial_taskflow_api_etl']) retrieved from /home/lowenhard/acceleration/env/lib/python3.8/site-packages/airflow/example_dags/tutorial_taskflow_api_etl.py
[2022-03-26 18:48:42,604] {logging_mixin.py:109} INFO - [2022-03-26 18:48:42,603] {dag.py:2398} INFO - Sync 1 DAGs
[2022-03-26 18:48:42,674] {logging_mixin.py:109} INFO - [2022-03-26 18:48:42,674] {dag.py:2937} INFO - Setting next_dagrun for tutorial_taskflow_api_etl to None
[2022-03-26 18:48:43,285] {processor.py:171} INFO - Processing /home/lowenhard/acceleration/env/lib/python3.8/site-packages/airflow/example_dags/tutorial_taskflow_api_etl.py took 1.479 seconds
[2022-03-26 18:49:46,977] {processor.py:163} INFO - Started process (PID=1311) to work on /home/lowenhard/acceleration/env/lib/python3.8/site-packages/airflow/example_dags/tutorial_taskflow_api_etl.py
[2022-03-26 18:49:47,700] {processor.py:642} INFO - Processing file /home/lowenhard/acceleration/env/lib/python3.8/site-packages/airflow/example_dags/tutorial_taskflow_api_etl.py for tasks to queue
[2022-03-26 18:49:47,701] {logging_mixin.py:109} INFO - [2022-03-26 18:49:47,700] {dagbag.py:500} INFO - Filling up the DagBag from /home/lowenhard/acceleration/env/lib/python3.8/site-packages/airflow/example_dags/tutorial_taskflow_api_etl.py
[2022-03-26 18:49:47,721] {processor.py:654} INFO - DAG(s) dict_keys(['tutorial_taskflow_api_etl']) retrieved from /home/lowenhard/acceleration/env/lib/python3.8/site-packages/airflow/example_dags/tutorial_taskflow_api_etl.py
[2022-03-26 18:49:47,971] {logging_mixin.py:109} INFO - [2022-03-26 18:49:47,971] {dag.py:2398} INFO - Sync 1 DAGs
[2022-03-26 18:49:47,979] {logging_mixin.py:109} INFO - [2022-03-26 18:49:47,979] {dag.py:2937} INFO - Setting next_dagrun for tutorial_taskflow_api_etl to None
[2022-03-26 18:49:48,142] {processor.py:171} INFO - Processing /home/lowenhard/acceleration/env/lib/python3.8/site-packages/airflow/example_dags/tutorial_taskflow_api_etl.py took 1.169 seconds
[2022-03-26 18:50:46,248] {processor.py:163} INFO - Started process (PID=1354) to work on /home/lowenhard/acceleration/env/lib/python3.8/site-packages/airflow/example_dags/tutorial_taskflow_api_etl.py
[2022-03-26 18:50:46,251] {processor.py:642} INFO - Processing file /home/lowenhard/acceleration/env/lib/python3.8/site-packages/airflow/example_dags/tutorial_taskflow_api_etl.py for tasks to queue
[2022-03-26 18:50:46,252] {logging_mixin.py:109} INFO - [2022-03-26 18:50:46,252] {dagbag.py:500} INFO - Filling up the DagBag from /home/lowenhard/acceleration/env/lib/python3.8/site-packages/airflow/example_dags/tutorial_taskflow_api_etl.py
[2022-03-26 18:50:46,283] {processor.py:654} INFO - DAG(s) dict_keys(['tutorial_taskflow_api_etl']) retrieved from /home/lowenhard/acceleration/env/lib/python3.8/site-packages/airflow/example_dags/tutorial_taskflow_api_etl.py
[2022-03-26 18:50:46,534] {logging_mixin.py:109} INFO - [2022-03-26 18:50:46,534] {dag.py:2398} INFO - Sync 1 DAGs
[2022-03-26 18:50:46,554] {logging_mixin.py:109} INFO - [2022-03-26 18:50:46,554] {dag.py:2937} INFO - Setting next_dagrun for tutorial_taskflow_api_etl to None
[2022-03-26 18:50:47,492] {processor.py:171} INFO - Processing /home/lowenhard/acceleration/env/lib/python3.8/site-packages/airflow/example_dags/tutorial_taskflow_api_etl.py took 1.246 seconds
[2022-03-26 18:52:52,862] {processor.py:163} INFO - Started process (PID=1405) to work on /home/lowenhard/acceleration/env/lib/python3.8/site-packages/airflow/example_dags/tutorial_taskflow_api_etl.py
[2022-03-26 18:52:53,482] {processor.py:642} INFO - Processing file /home/lowenhard/acceleration/env/lib/python3.8/site-packages/airflow/example_dags/tutorial_taskflow_api_etl.py for tasks to queue
[2022-03-26 18:52:53,482] {logging_mixin.py:109} INFO - [2022-03-26 18:52:53,482] {dagbag.py:500} INFO - Filling up the DagBag from /home/lowenhard/acceleration/env/lib/python3.8/site-packages/airflow/example_dags/tutorial_taskflow_api_etl.py
[2022-03-26 18:52:54,450] {processor.py:654} INFO - DAG(s) dict_keys(['tutorial_taskflow_api_etl']) retrieved from /home/lowenhard/acceleration/env/lib/python3.8/site-packages/airflow/example_dags/tutorial_taskflow_api_etl.py
[2022-03-26 18:52:54,795] {logging_mixin.py:109} INFO - [2022-03-26 18:52:54,795] {dag.py:2398} INFO - Sync 1 DAGs
[2022-03-26 18:52:54,811] {logging_mixin.py:109} INFO - [2022-03-26 18:52:54,811] {dag.py:2937} INFO - Setting next_dagrun for tutorial_taskflow_api_etl to None
[2022-03-26 18:52:55,250] {processor.py:171} INFO - Processing /home/lowenhard/acceleration/env/lib/python3.8/site-packages/airflow/example_dags/tutorial_taskflow_api_etl.py took 2.391 seconds
[2022-03-26 18:53:55,229] {processor.py:163} INFO - Started process (PID=1433) to work on /home/lowenhard/acceleration/env/lib/python3.8/site-packages/airflow/example_dags/tutorial_taskflow_api_etl.py
[2022-03-26 18:53:55,296] {processor.py:642} INFO - Processing file /home/lowenhard/acceleration/env/lib/python3.8/site-packages/airflow/example_dags/tutorial_taskflow_api_etl.py for tasks to queue
[2022-03-26 18:53:55,297] {logging_mixin.py:109} INFO - [2022-03-26 18:53:55,297] {dagbag.py:500} INFO - Filling up the DagBag from /home/lowenhard/acceleration/env/lib/python3.8/site-packages/airflow/example_dags/tutorial_taskflow_api_etl.py
[2022-03-26 18:53:55,321] {processor.py:654} INFO - DAG(s) dict_keys(['tutorial_taskflow_api_etl']) retrieved from /home/lowenhard/acceleration/env/lib/python3.8/site-packages/airflow/example_dags/tutorial_taskflow_api_etl.py
[2022-03-26 18:53:55,487] {logging_mixin.py:109} INFO - [2022-03-26 18:53:55,487] {dag.py:2398} INFO - Sync 1 DAGs
[2022-03-26 18:53:55,497] {logging_mixin.py:109} INFO - [2022-03-26 18:53:55,497] {dag.py:2937} INFO - Setting next_dagrun for tutorial_taskflow_api_etl to None
[2022-03-26 18:53:55,712] {processor.py:171} INFO - Processing /home/lowenhard/acceleration/env/lib/python3.8/site-packages/airflow/example_dags/tutorial_taskflow_api_etl.py took 0.486 seconds
[2022-03-26 18:55:10,248] {processor.py:163} INFO - Started process (PID=1487) to work on /home/lowenhard/acceleration/env/lib/python3.8/site-packages/airflow/example_dags/tutorial_taskflow_api_etl.py
[2022-03-26 18:55:10,275] {processor.py:642} INFO - Processing file /home/lowenhard/acceleration/env/lib/python3.8/site-packages/airflow/example_dags/tutorial_taskflow_api_etl.py for tasks to queue
[2022-03-26 18:55:10,276] {logging_mixin.py:109} INFO - [2022-03-26 18:55:10,276] {dagbag.py:500} INFO - Filling up the DagBag from /home/lowenhard/acceleration/env/lib/python3.8/site-packages/airflow/example_dags/tutorial_taskflow_api_etl.py
[2022-03-26 18:55:10,324] {processor.py:654} INFO - DAG(s) dict_keys(['tutorial_taskflow_api_etl']) retrieved from /home/lowenhard/acceleration/env/lib/python3.8/site-packages/airflow/example_dags/tutorial_taskflow_api_etl.py
[2022-03-26 18:55:10,584] {logging_mixin.py:109} INFO - [2022-03-26 18:55:10,584] {dag.py:2398} INFO - Sync 1 DAGs
[2022-03-26 18:55:10,597] {logging_mixin.py:109} INFO - [2022-03-26 18:55:10,597] {dag.py:2937} INFO - Setting next_dagrun for tutorial_taskflow_api_etl to None
[2022-03-26 18:55:11,339] {processor.py:171} INFO - Processing /home/lowenhard/acceleration/env/lib/python3.8/site-packages/airflow/example_dags/tutorial_taskflow_api_etl.py took 1.094 seconds
[2022-03-26 18:57:11,896] {processor.py:163} INFO - Started process (PID=1538) to work on /home/lowenhard/acceleration/env/lib/python3.8/site-packages/airflow/example_dags/tutorial_taskflow_api_etl.py
[2022-03-26 18:57:11,897] {processor.py:642} INFO - Processing file /home/lowenhard/acceleration/env/lib/python3.8/site-packages/airflow/example_dags/tutorial_taskflow_api_etl.py for tasks to queue
[2022-03-26 18:57:11,898] {logging_mixin.py:109} INFO - [2022-03-26 18:57:11,898] {dagbag.py:500} INFO - Filling up the DagBag from /home/lowenhard/acceleration/env/lib/python3.8/site-packages/airflow/example_dags/tutorial_taskflow_api_etl.py
[2022-03-26 18:57:11,920] {processor.py:654} INFO - DAG(s) dict_keys(['tutorial_taskflow_api_etl']) retrieved from /home/lowenhard/acceleration/env/lib/python3.8/site-packages/airflow/example_dags/tutorial_taskflow_api_etl.py
[2022-03-26 18:57:12,142] {logging_mixin.py:109} INFO - [2022-03-26 18:57:12,142] {dag.py:2398} INFO - Sync 1 DAGs
[2022-03-26 18:57:12,151] {logging_mixin.py:109} INFO - [2022-03-26 18:57:12,151] {dag.py:2937} INFO - Setting next_dagrun for tutorial_taskflow_api_etl to None
[2022-03-26 18:57:13,455] {processor.py:171} INFO - Processing /home/lowenhard/acceleration/env/lib/python3.8/site-packages/airflow/example_dags/tutorial_taskflow_api_etl.py took 1.561 seconds
[2022-03-26 18:58:13,245] {processor.py:163} INFO - Started process (PID=1566) to work on /home/lowenhard/acceleration/env/lib/python3.8/site-packages/airflow/example_dags/tutorial_taskflow_api_etl.py
[2022-03-26 18:58:13,247] {processor.py:642} INFO - Processing file /home/lowenhard/acceleration/env/lib/python3.8/site-packages/airflow/example_dags/tutorial_taskflow_api_etl.py for tasks to queue
[2022-03-26 18:58:13,248] {logging_mixin.py:109} INFO - [2022-03-26 18:58:13,248] {dagbag.py:500} INFO - Filling up the DagBag from /home/lowenhard/acceleration/env/lib/python3.8/site-packages/airflow/example_dags/tutorial_taskflow_api_etl.py
[2022-03-26 18:58:13,268] {processor.py:654} INFO - DAG(s) dict_keys(['tutorial_taskflow_api_etl']) retrieved from /home/lowenhard/acceleration/env/lib/python3.8/site-packages/airflow/example_dags/tutorial_taskflow_api_etl.py
[2022-03-26 18:58:13,443] {logging_mixin.py:109} INFO - [2022-03-26 18:58:13,443] {dag.py:2398} INFO - Sync 1 DAGs
[2022-03-26 18:58:13,452] {logging_mixin.py:109} INFO - [2022-03-26 18:58:13,452] {dag.py:2937} INFO - Setting next_dagrun for tutorial_taskflow_api_etl to None
[2022-03-26 18:58:13,646] {processor.py:171} INFO - Processing /home/lowenhard/acceleration/env/lib/python3.8/site-packages/airflow/example_dags/tutorial_taskflow_api_etl.py took 0.404 seconds
[2022-03-26 18:59:35,469] {processor.py:163} INFO - Started process (PID=1607) to work on /home/lowenhard/acceleration/env/lib/python3.8/site-packages/airflow/example_dags/tutorial_taskflow_api_etl.py
[2022-03-26 18:59:35,472] {processor.py:642} INFO - Processing file /home/lowenhard/acceleration/env/lib/python3.8/site-packages/airflow/example_dags/tutorial_taskflow_api_etl.py for tasks to queue
[2022-03-26 18:59:35,473] {logging_mixin.py:109} INFO - [2022-03-26 18:59:35,473] {dagbag.py:500} INFO - Filling up the DagBag from /home/lowenhard/acceleration/env/lib/python3.8/site-packages/airflow/example_dags/tutorial_taskflow_api_etl.py
[2022-03-26 18:59:35,494] {processor.py:654} INFO - DAG(s) dict_keys(['tutorial_taskflow_api_etl']) retrieved from /home/lowenhard/acceleration/env/lib/python3.8/site-packages/airflow/example_dags/tutorial_taskflow_api_etl.py
[2022-03-26 18:59:35,728] {logging_mixin.py:109} INFO - [2022-03-26 18:59:35,728] {dag.py:2398} INFO - Sync 1 DAGs
[2022-03-26 18:59:35,819] {logging_mixin.py:109} INFO - [2022-03-26 18:59:35,819] {dag.py:2937} INFO - Setting next_dagrun for tutorial_taskflow_api_etl to None
[2022-03-26 18:59:36,387] {processor.py:171} INFO - Processing /home/lowenhard/acceleration/env/lib/python3.8/site-packages/airflow/example_dags/tutorial_taskflow_api_etl.py took 0.927 seconds
