[2022-03-26 18:26:47,957] {processor.py:163} INFO - Started process (PID=567) to work on /home/lowenhard/acceleration/env/lib/python3.8/site-packages/airflow/example_dags/tutorial_taskflow_api_etl_virtualenv.py
[2022-03-26 18:26:47,958] {processor.py:642} INFO - Processing file /home/lowenhard/acceleration/env/lib/python3.8/site-packages/airflow/example_dags/tutorial_taskflow_api_etl_virtualenv.py for tasks to queue
[2022-03-26 18:26:47,959] {logging_mixin.py:109} INFO - [2022-03-26 18:26:47,959] {dagbag.py:500} INFO - Filling up the DagBag from /home/lowenhard/acceleration/env/lib/python3.8/site-packages/airflow/example_dags/tutorial_taskflow_api_etl_virtualenv.py
[2022-03-26 18:26:47,982] {processor.py:654} INFO - DAG(s) dict_keys(['tutorial_taskflow_api_etl_virtualenv']) retrieved from /home/lowenhard/acceleration/env/lib/python3.8/site-packages/airflow/example_dags/tutorial_taskflow_api_etl_virtualenv.py
[2022-03-26 18:26:48,170] {logging_mixin.py:109} INFO - [2022-03-26 18:26:48,170] {dag.py:2398} INFO - Sync 1 DAGs
[2022-03-26 18:26:48,178] {logging_mixin.py:109} INFO - [2022-03-26 18:26:48,178] {dag.py:2937} INFO - Setting next_dagrun for tutorial_taskflow_api_etl_virtualenv to None
[2022-03-26 18:26:48,776] {processor.py:171} INFO - Processing /home/lowenhard/acceleration/env/lib/python3.8/site-packages/airflow/example_dags/tutorial_taskflow_api_etl_virtualenv.py took 0.822 seconds
[2022-03-26 18:28:10,836] {processor.py:163} INFO - Started process (PID=604) to work on /home/lowenhard/acceleration/env/lib/python3.8/site-packages/airflow/example_dags/tutorial_taskflow_api_etl_virtualenv.py
[2022-03-26 18:28:10,854] {processor.py:642} INFO - Processing file /home/lowenhard/acceleration/env/lib/python3.8/site-packages/airflow/example_dags/tutorial_taskflow_api_etl_virtualenv.py for tasks to queue
[2022-03-26 18:28:10,855] {logging_mixin.py:109} INFO - [2022-03-26 18:28:10,855] {dagbag.py:500} INFO - Filling up the DagBag from /home/lowenhard/acceleration/env/lib/python3.8/site-packages/airflow/example_dags/tutorial_taskflow_api_etl_virtualenv.py
[2022-03-26 18:28:10,877] {processor.py:654} INFO - DAG(s) dict_keys(['tutorial_taskflow_api_etl_virtualenv']) retrieved from /home/lowenhard/acceleration/env/lib/python3.8/site-packages/airflow/example_dags/tutorial_taskflow_api_etl_virtualenv.py
[2022-03-26 18:28:11,052] {logging_mixin.py:109} INFO - [2022-03-26 18:28:11,052] {dag.py:2398} INFO - Sync 1 DAGs
[2022-03-26 18:28:11,061] {logging_mixin.py:109} INFO - [2022-03-26 18:28:11,061] {dag.py:2937} INFO - Setting next_dagrun for tutorial_taskflow_api_etl_virtualenv to None
[2022-03-26 18:28:11,289] {processor.py:171} INFO - Processing /home/lowenhard/acceleration/env/lib/python3.8/site-packages/airflow/example_dags/tutorial_taskflow_api_etl_virtualenv.py took 0.456 seconds
[2022-03-26 18:30:55,644] {processor.py:163} INFO - Started process (PID=689) to work on /home/lowenhard/acceleration/env/lib/python3.8/site-packages/airflow/example_dags/tutorial_taskflow_api_etl_virtualenv.py
[2022-03-26 18:30:55,645] {processor.py:642} INFO - Processing file /home/lowenhard/acceleration/env/lib/python3.8/site-packages/airflow/example_dags/tutorial_taskflow_api_etl_virtualenv.py for tasks to queue
[2022-03-26 18:30:55,646] {logging_mixin.py:109} INFO - [2022-03-26 18:30:55,646] {dagbag.py:500} INFO - Filling up the DagBag from /home/lowenhard/acceleration/env/lib/python3.8/site-packages/airflow/example_dags/tutorial_taskflow_api_etl_virtualenv.py
[2022-03-26 18:30:55,670] {processor.py:654} INFO - DAG(s) dict_keys(['tutorial_taskflow_api_etl_virtualenv']) retrieved from /home/lowenhard/acceleration/env/lib/python3.8/site-packages/airflow/example_dags/tutorial_taskflow_api_etl_virtualenv.py
[2022-03-26 18:30:55,879] {logging_mixin.py:109} INFO - [2022-03-26 18:30:55,879] {dag.py:2398} INFO - Sync 1 DAGs
[2022-03-26 18:30:55,961] {logging_mixin.py:109} INFO - [2022-03-26 18:30:55,961] {dag.py:2937} INFO - Setting next_dagrun for tutorial_taskflow_api_etl_virtualenv to None
[2022-03-26 18:30:56,100] {processor.py:171} INFO - Processing /home/lowenhard/acceleration/env/lib/python3.8/site-packages/airflow/example_dags/tutorial_taskflow_api_etl_virtualenv.py took 0.458 seconds
[2022-03-26 18:31:44,098] {processor.py:163} INFO - Started process (PID=725) to work on /home/lowenhard/acceleration/env/lib/python3.8/site-packages/airflow/example_dags/tutorial_taskflow_api_etl_virtualenv.py
[2022-03-26 18:31:44,120] {processor.py:642} INFO - Processing file /home/lowenhard/acceleration/env/lib/python3.8/site-packages/airflow/example_dags/tutorial_taskflow_api_etl_virtualenv.py for tasks to queue
[2022-03-26 18:31:44,121] {logging_mixin.py:109} INFO - [2022-03-26 18:31:44,121] {dagbag.py:500} INFO - Filling up the DagBag from /home/lowenhard/acceleration/env/lib/python3.8/site-packages/airflow/example_dags/tutorial_taskflow_api_etl_virtualenv.py
[2022-03-26 18:31:44,276] {processor.py:654} INFO - DAG(s) dict_keys(['tutorial_taskflow_api_etl_virtualenv']) retrieved from /home/lowenhard/acceleration/env/lib/python3.8/site-packages/airflow/example_dags/tutorial_taskflow_api_etl_virtualenv.py
[2022-03-26 18:31:44,453] {logging_mixin.py:109} INFO - [2022-03-26 18:31:44,453] {dag.py:2398} INFO - Sync 1 DAGs
[2022-03-26 18:31:44,524] {logging_mixin.py:109} INFO - [2022-03-26 18:31:44,524] {dag.py:2937} INFO - Setting next_dagrun for tutorial_taskflow_api_etl_virtualenv to None
[2022-03-26 18:31:44,664] {processor.py:171} INFO - Processing /home/lowenhard/acceleration/env/lib/python3.8/site-packages/airflow/example_dags/tutorial_taskflow_api_etl_virtualenv.py took 0.568 seconds
[2022-03-26 18:32:43,294] {processor.py:163} INFO - Started process (PID=767) to work on /home/lowenhard/acceleration/env/lib/python3.8/site-packages/airflow/example_dags/tutorial_taskflow_api_etl_virtualenv.py
[2022-03-26 18:32:43,384] {processor.py:642} INFO - Processing file /home/lowenhard/acceleration/env/lib/python3.8/site-packages/airflow/example_dags/tutorial_taskflow_api_etl_virtualenv.py for tasks to queue
[2022-03-26 18:32:43,385] {logging_mixin.py:109} INFO - [2022-03-26 18:32:43,385] {dagbag.py:500} INFO - Filling up the DagBag from /home/lowenhard/acceleration/env/lib/python3.8/site-packages/airflow/example_dags/tutorial_taskflow_api_etl_virtualenv.py
[2022-03-26 18:32:43,408] {processor.py:654} INFO - DAG(s) dict_keys(['tutorial_taskflow_api_etl_virtualenv']) retrieved from /home/lowenhard/acceleration/env/lib/python3.8/site-packages/airflow/example_dags/tutorial_taskflow_api_etl_virtualenv.py
[2022-03-26 18:32:43,579] {logging_mixin.py:109} INFO - [2022-03-26 18:32:43,579] {dag.py:2398} INFO - Sync 1 DAGs
[2022-03-26 18:32:44,495] {logging_mixin.py:109} INFO - [2022-03-26 18:32:44,495] {dag.py:2937} INFO - Setting next_dagrun for tutorial_taskflow_api_etl_virtualenv to None
[2022-03-26 18:32:44,663] {processor.py:171} INFO - Processing /home/lowenhard/acceleration/env/lib/python3.8/site-packages/airflow/example_dags/tutorial_taskflow_api_etl_virtualenv.py took 1.371 seconds
[2022-03-26 18:33:28,825] {processor.py:163} INFO - Started process (PID=798) to work on /home/lowenhard/acceleration/env/lib/python3.8/site-packages/airflow/example_dags/tutorial_taskflow_api_etl_virtualenv.py
[2022-03-26 18:33:28,836] {processor.py:642} INFO - Processing file /home/lowenhard/acceleration/env/lib/python3.8/site-packages/airflow/example_dags/tutorial_taskflow_api_etl_virtualenv.py for tasks to queue
[2022-03-26 18:33:28,836] {logging_mixin.py:109} INFO - [2022-03-26 18:33:28,836] {dagbag.py:500} INFO - Filling up the DagBag from /home/lowenhard/acceleration/env/lib/python3.8/site-packages/airflow/example_dags/tutorial_taskflow_api_etl_virtualenv.py
[2022-03-26 18:33:28,856] {processor.py:654} INFO - DAG(s) dict_keys(['tutorial_taskflow_api_etl_virtualenv']) retrieved from /home/lowenhard/acceleration/env/lib/python3.8/site-packages/airflow/example_dags/tutorial_taskflow_api_etl_virtualenv.py
[2022-03-26 18:33:29,092] {logging_mixin.py:109} INFO - [2022-03-26 18:33:29,092] {dag.py:2398} INFO - Sync 1 DAGs
[2022-03-26 18:33:29,101] {logging_mixin.py:109} INFO - [2022-03-26 18:33:29,101] {dag.py:2937} INFO - Setting next_dagrun for tutorial_taskflow_api_etl_virtualenv to None
[2022-03-26 18:33:29,252] {processor.py:171} INFO - Processing /home/lowenhard/acceleration/env/lib/python3.8/site-packages/airflow/example_dags/tutorial_taskflow_api_etl_virtualenv.py took 0.429 seconds
[2022-03-26 18:34:22,025] {processor.py:163} INFO - Started process (PID=837) to work on /home/lowenhard/acceleration/env/lib/python3.8/site-packages/airflow/example_dags/tutorial_taskflow_api_etl_virtualenv.py
[2022-03-26 18:34:22,028] {processor.py:642} INFO - Processing file /home/lowenhard/acceleration/env/lib/python3.8/site-packages/airflow/example_dags/tutorial_taskflow_api_etl_virtualenv.py for tasks to queue
[2022-03-26 18:34:22,029] {logging_mixin.py:109} INFO - [2022-03-26 18:34:22,029] {dagbag.py:500} INFO - Filling up the DagBag from /home/lowenhard/acceleration/env/lib/python3.8/site-packages/airflow/example_dags/tutorial_taskflow_api_etl_virtualenv.py
[2022-03-26 18:34:22,181] {processor.py:654} INFO - DAG(s) dict_keys(['tutorial_taskflow_api_etl_virtualenv']) retrieved from /home/lowenhard/acceleration/env/lib/python3.8/site-packages/airflow/example_dags/tutorial_taskflow_api_etl_virtualenv.py
[2022-03-26 18:34:22,401] {logging_mixin.py:109} INFO - [2022-03-26 18:34:22,401] {dag.py:2398} INFO - Sync 1 DAGs
[2022-03-26 18:34:22,408] {logging_mixin.py:109} INFO - [2022-03-26 18:34:22,408] {dag.py:2937} INFO - Setting next_dagrun for tutorial_taskflow_api_etl_virtualenv to None
[2022-03-26 18:34:22,551] {processor.py:171} INFO - Processing /home/lowenhard/acceleration/env/lib/python3.8/site-packages/airflow/example_dags/tutorial_taskflow_api_etl_virtualenv.py took 0.528 seconds
[2022-03-26 18:35:31,653] {processor.py:163} INFO - Started process (PID=883) to work on /home/lowenhard/acceleration/env/lib/python3.8/site-packages/airflow/example_dags/tutorial_taskflow_api_etl_virtualenv.py
[2022-03-26 18:35:32,328] {processor.py:642} INFO - Processing file /home/lowenhard/acceleration/env/lib/python3.8/site-packages/airflow/example_dags/tutorial_taskflow_api_etl_virtualenv.py for tasks to queue
[2022-03-26 18:35:32,328] {logging_mixin.py:109} INFO - [2022-03-26 18:35:32,328] {dagbag.py:500} INFO - Filling up the DagBag from /home/lowenhard/acceleration/env/lib/python3.8/site-packages/airflow/example_dags/tutorial_taskflow_api_etl_virtualenv.py
[2022-03-26 18:35:32,785] {processor.py:654} INFO - DAG(s) dict_keys(['tutorial_taskflow_api_etl_virtualenv']) retrieved from /home/lowenhard/acceleration/env/lib/python3.8/site-packages/airflow/example_dags/tutorial_taskflow_api_etl_virtualenv.py
[2022-03-26 18:35:33,083] {logging_mixin.py:109} INFO - [2022-03-26 18:35:33,083] {dag.py:2398} INFO - Sync 1 DAGs
[2022-03-26 18:35:33,091] {logging_mixin.py:109} INFO - [2022-03-26 18:35:33,090] {dag.py:2937} INFO - Setting next_dagrun for tutorial_taskflow_api_etl_virtualenv to None
[2022-03-26 18:35:33,269] {processor.py:171} INFO - Processing /home/lowenhard/acceleration/env/lib/python3.8/site-packages/airflow/example_dags/tutorial_taskflow_api_etl_virtualenv.py took 1.620 seconds
[2022-03-26 18:36:30,559] {processor.py:163} INFO - Started process (PID=919) to work on /home/lowenhard/acceleration/env/lib/python3.8/site-packages/airflow/example_dags/tutorial_taskflow_api_etl_virtualenv.py
[2022-03-26 18:36:30,582] {processor.py:642} INFO - Processing file /home/lowenhard/acceleration/env/lib/python3.8/site-packages/airflow/example_dags/tutorial_taskflow_api_etl_virtualenv.py for tasks to queue
[2022-03-26 18:36:30,582] {logging_mixin.py:109} INFO - [2022-03-26 18:36:30,582] {dagbag.py:500} INFO - Filling up the DagBag from /home/lowenhard/acceleration/env/lib/python3.8/site-packages/airflow/example_dags/tutorial_taskflow_api_etl_virtualenv.py
[2022-03-26 18:36:30,604] {processor.py:654} INFO - DAG(s) dict_keys(['tutorial_taskflow_api_etl_virtualenv']) retrieved from /home/lowenhard/acceleration/env/lib/python3.8/site-packages/airflow/example_dags/tutorial_taskflow_api_etl_virtualenv.py
[2022-03-26 18:36:30,831] {logging_mixin.py:109} INFO - [2022-03-26 18:36:30,831] {dag.py:2398} INFO - Sync 1 DAGs
[2022-03-26 18:36:30,840] {logging_mixin.py:109} INFO - [2022-03-26 18:36:30,840] {dag.py:2937} INFO - Setting next_dagrun for tutorial_taskflow_api_etl_virtualenv to None
[2022-03-26 18:36:31,000] {processor.py:171} INFO - Processing /home/lowenhard/acceleration/env/lib/python3.8/site-packages/airflow/example_dags/tutorial_taskflow_api_etl_virtualenv.py took 0.443 seconds
[2022-03-26 18:37:29,144] {processor.py:163} INFO - Started process (PID=954) to work on /home/lowenhard/acceleration/env/lib/python3.8/site-packages/airflow/example_dags/tutorial_taskflow_api_etl_virtualenv.py
[2022-03-26 18:37:29,367] {processor.py:642} INFO - Processing file /home/lowenhard/acceleration/env/lib/python3.8/site-packages/airflow/example_dags/tutorial_taskflow_api_etl_virtualenv.py for tasks to queue
[2022-03-26 18:37:29,368] {logging_mixin.py:109} INFO - [2022-03-26 18:37:29,368] {dagbag.py:500} INFO - Filling up the DagBag from /home/lowenhard/acceleration/env/lib/python3.8/site-packages/airflow/example_dags/tutorial_taskflow_api_etl_virtualenv.py
[2022-03-26 18:37:29,392] {processor.py:654} INFO - DAG(s) dict_keys(['tutorial_taskflow_api_etl_virtualenv']) retrieved from /home/lowenhard/acceleration/env/lib/python3.8/site-packages/airflow/example_dags/tutorial_taskflow_api_etl_virtualenv.py
[2022-03-26 18:37:29,631] {logging_mixin.py:109} INFO - [2022-03-26 18:37:29,631] {dag.py:2398} INFO - Sync 1 DAGs
[2022-03-26 18:37:29,641] {logging_mixin.py:109} INFO - [2022-03-26 18:37:29,641] {dag.py:2937} INFO - Setting next_dagrun for tutorial_taskflow_api_etl_virtualenv to None
[2022-03-26 18:37:30,532] {processor.py:171} INFO - Processing /home/lowenhard/acceleration/env/lib/python3.8/site-packages/airflow/example_dags/tutorial_taskflow_api_etl_virtualenv.py took 1.392 seconds
[2022-03-26 18:39:05,274] {processor.py:163} INFO - Started process (PID=1012) to work on /home/lowenhard/acceleration/env/lib/python3.8/site-packages/airflow/example_dags/tutorial_taskflow_api_etl_virtualenv.py
[2022-03-26 18:39:05,278] {processor.py:642} INFO - Processing file /home/lowenhard/acceleration/env/lib/python3.8/site-packages/airflow/example_dags/tutorial_taskflow_api_etl_virtualenv.py for tasks to queue
[2022-03-26 18:39:05,279] {logging_mixin.py:109} INFO - [2022-03-26 18:39:05,278] {dagbag.py:500} INFO - Filling up the DagBag from /home/lowenhard/acceleration/env/lib/python3.8/site-packages/airflow/example_dags/tutorial_taskflow_api_etl_virtualenv.py
[2022-03-26 18:39:05,302] {processor.py:654} INFO - DAG(s) dict_keys(['tutorial_taskflow_api_etl_virtualenv']) retrieved from /home/lowenhard/acceleration/env/lib/python3.8/site-packages/airflow/example_dags/tutorial_taskflow_api_etl_virtualenv.py
[2022-03-26 18:39:05,518] {logging_mixin.py:109} INFO - [2022-03-26 18:39:05,518] {dag.py:2398} INFO - Sync 1 DAGs
[2022-03-26 18:39:05,526] {logging_mixin.py:109} INFO - [2022-03-26 18:39:05,526] {dag.py:2937} INFO - Setting next_dagrun for tutorial_taskflow_api_etl_virtualenv to None
[2022-03-26 18:39:07,297] {processor.py:171} INFO - Processing /home/lowenhard/acceleration/env/lib/python3.8/site-packages/airflow/example_dags/tutorial_taskflow_api_etl_virtualenv.py took 2.026 seconds
[2022-03-26 18:40:31,751] {processor.py:163} INFO - Started process (PID=1066) to work on /home/lowenhard/acceleration/env/lib/python3.8/site-packages/airflow/example_dags/tutorial_taskflow_api_etl_virtualenv.py
[2022-03-26 18:40:32,064] {processor.py:642} INFO - Processing file /home/lowenhard/acceleration/env/lib/python3.8/site-packages/airflow/example_dags/tutorial_taskflow_api_etl_virtualenv.py for tasks to queue
[2022-03-26 18:40:32,065] {logging_mixin.py:109} INFO - [2022-03-26 18:40:32,064] {dagbag.py:500} INFO - Filling up the DagBag from /home/lowenhard/acceleration/env/lib/python3.8/site-packages/airflow/example_dags/tutorial_taskflow_api_etl_virtualenv.py
[2022-03-26 18:40:32,318] {processor.py:654} INFO - DAG(s) dict_keys(['tutorial_taskflow_api_etl_virtualenv']) retrieved from /home/lowenhard/acceleration/env/lib/python3.8/site-packages/airflow/example_dags/tutorial_taskflow_api_etl_virtualenv.py
[2022-03-26 18:40:32,558] {logging_mixin.py:109} INFO - [2022-03-26 18:40:32,558] {dag.py:2398} INFO - Sync 1 DAGs
[2022-03-26 18:40:32,566] {logging_mixin.py:109} INFO - [2022-03-26 18:40:32,566] {dag.py:2937} INFO - Setting next_dagrun for tutorial_taskflow_api_etl_virtualenv to None
[2022-03-26 18:40:32,707] {processor.py:171} INFO - Processing /home/lowenhard/acceleration/env/lib/python3.8/site-packages/airflow/example_dags/tutorial_taskflow_api_etl_virtualenv.py took 0.958 seconds
[2022-03-26 18:42:31,485] {processor.py:163} INFO - Started process (PID=1122) to work on /home/lowenhard/acceleration/env/lib/python3.8/site-packages/airflow/example_dags/tutorial_taskflow_api_etl_virtualenv.py
[2022-03-26 18:42:31,495] {processor.py:642} INFO - Processing file /home/lowenhard/acceleration/env/lib/python3.8/site-packages/airflow/example_dags/tutorial_taskflow_api_etl_virtualenv.py for tasks to queue
[2022-03-26 18:42:31,495] {logging_mixin.py:109} INFO - [2022-03-26 18:42:31,495] {dagbag.py:500} INFO - Filling up the DagBag from /home/lowenhard/acceleration/env/lib/python3.8/site-packages/airflow/example_dags/tutorial_taskflow_api_etl_virtualenv.py
[2022-03-26 18:42:31,520] {processor.py:654} INFO - DAG(s) dict_keys(['tutorial_taskflow_api_etl_virtualenv']) retrieved from /home/lowenhard/acceleration/env/lib/python3.8/site-packages/airflow/example_dags/tutorial_taskflow_api_etl_virtualenv.py
[2022-03-26 18:42:31,892] {logging_mixin.py:109} INFO - [2022-03-26 18:42:31,892] {dag.py:2398} INFO - Sync 1 DAGs
[2022-03-26 18:42:31,902] {logging_mixin.py:109} INFO - [2022-03-26 18:42:31,902] {dag.py:2937} INFO - Setting next_dagrun for tutorial_taskflow_api_etl_virtualenv to None
[2022-03-26 18:42:32,063] {processor.py:171} INFO - Processing /home/lowenhard/acceleration/env/lib/python3.8/site-packages/airflow/example_dags/tutorial_taskflow_api_etl_virtualenv.py took 0.581 seconds
[2022-03-26 18:43:52,820] {processor.py:163} INFO - Started process (PID=1158) to work on /home/lowenhard/acceleration/env/lib/python3.8/site-packages/airflow/example_dags/tutorial_taskflow_api_etl_virtualenv.py
[2022-03-26 18:43:53,445] {processor.py:642} INFO - Processing file /home/lowenhard/acceleration/env/lib/python3.8/site-packages/airflow/example_dags/tutorial_taskflow_api_etl_virtualenv.py for tasks to queue
[2022-03-26 18:43:53,446] {logging_mixin.py:109} INFO - [2022-03-26 18:43:53,446] {dagbag.py:500} INFO - Filling up the DagBag from /home/lowenhard/acceleration/env/lib/python3.8/site-packages/airflow/example_dags/tutorial_taskflow_api_etl_virtualenv.py
[2022-03-26 18:43:53,473] {processor.py:654} INFO - DAG(s) dict_keys(['tutorial_taskflow_api_etl_virtualenv']) retrieved from /home/lowenhard/acceleration/env/lib/python3.8/site-packages/airflow/example_dags/tutorial_taskflow_api_etl_virtualenv.py
[2022-03-26 18:43:53,661] {logging_mixin.py:109} INFO - [2022-03-26 18:43:53,661] {dag.py:2398} INFO - Sync 1 DAGs
[2022-03-26 18:43:53,672] {logging_mixin.py:109} INFO - [2022-03-26 18:43:53,672] {dag.py:2937} INFO - Setting next_dagrun for tutorial_taskflow_api_etl_virtualenv to None
[2022-03-26 18:43:53,903] {processor.py:171} INFO - Processing /home/lowenhard/acceleration/env/lib/python3.8/site-packages/airflow/example_dags/tutorial_taskflow_api_etl_virtualenv.py took 1.086 seconds
[2022-03-26 18:45:18,273] {processor.py:163} INFO - Started process (PID=1201) to work on /home/lowenhard/acceleration/env/lib/python3.8/site-packages/airflow/example_dags/tutorial_taskflow_api_etl_virtualenv.py
[2022-03-26 18:45:18,286] {processor.py:642} INFO - Processing file /home/lowenhard/acceleration/env/lib/python3.8/site-packages/airflow/example_dags/tutorial_taskflow_api_etl_virtualenv.py for tasks to queue
[2022-03-26 18:45:18,286] {logging_mixin.py:109} INFO - [2022-03-26 18:45:18,286] {dagbag.py:500} INFO - Filling up the DagBag from /home/lowenhard/acceleration/env/lib/python3.8/site-packages/airflow/example_dags/tutorial_taskflow_api_etl_virtualenv.py
[2022-03-26 18:45:18,308] {processor.py:654} INFO - DAG(s) dict_keys(['tutorial_taskflow_api_etl_virtualenv']) retrieved from /home/lowenhard/acceleration/env/lib/python3.8/site-packages/airflow/example_dags/tutorial_taskflow_api_etl_virtualenv.py
[2022-03-26 18:45:18,500] {logging_mixin.py:109} INFO - [2022-03-26 18:45:18,500] {dag.py:2398} INFO - Sync 1 DAGs
[2022-03-26 18:45:18,512] {logging_mixin.py:109} INFO - [2022-03-26 18:45:18,512] {dag.py:2937} INFO - Setting next_dagrun for tutorial_taskflow_api_etl_virtualenv to None
[2022-03-26 18:45:19,450] {processor.py:171} INFO - Processing /home/lowenhard/acceleration/env/lib/python3.8/site-packages/airflow/example_dags/tutorial_taskflow_api_etl_virtualenv.py took 1.180 seconds
[2022-03-26 18:47:31,233] {processor.py:163} INFO - Started process (PID=1256) to work on /home/lowenhard/acceleration/env/lib/python3.8/site-packages/airflow/example_dags/tutorial_taskflow_api_etl_virtualenv.py
[2022-03-26 18:47:32,015] {processor.py:642} INFO - Processing file /home/lowenhard/acceleration/env/lib/python3.8/site-packages/airflow/example_dags/tutorial_taskflow_api_etl_virtualenv.py for tasks to queue
[2022-03-26 18:47:32,015] {logging_mixin.py:109} INFO - [2022-03-26 18:47:32,015] {dagbag.py:500} INFO - Filling up the DagBag from /home/lowenhard/acceleration/env/lib/python3.8/site-packages/airflow/example_dags/tutorial_taskflow_api_etl_virtualenv.py
[2022-03-26 18:47:32,038] {processor.py:654} INFO - DAG(s) dict_keys(['tutorial_taskflow_api_etl_virtualenv']) retrieved from /home/lowenhard/acceleration/env/lib/python3.8/site-packages/airflow/example_dags/tutorial_taskflow_api_etl_virtualenv.py
[2022-03-26 18:47:32,223] {logging_mixin.py:109} INFO - [2022-03-26 18:47:32,223] {dag.py:2398} INFO - Sync 1 DAGs
[2022-03-26 18:47:32,297] {logging_mixin.py:109} INFO - [2022-03-26 18:47:32,297] {dag.py:2937} INFO - Setting next_dagrun for tutorial_taskflow_api_etl_virtualenv to None
[2022-03-26 18:47:33,824] {processor.py:171} INFO - Processing /home/lowenhard/acceleration/env/lib/python3.8/site-packages/airflow/example_dags/tutorial_taskflow_api_etl_virtualenv.py took 2.593 seconds
[2022-03-26 18:49:53,172] {processor.py:163} INFO - Started process (PID=1314) to work on /home/lowenhard/acceleration/env/lib/python3.8/site-packages/airflow/example_dags/tutorial_taskflow_api_etl_virtualenv.py
[2022-03-26 18:49:53,416] {processor.py:642} INFO - Processing file /home/lowenhard/acceleration/env/lib/python3.8/site-packages/airflow/example_dags/tutorial_taskflow_api_etl_virtualenv.py for tasks to queue
[2022-03-26 18:49:53,417] {logging_mixin.py:109} INFO - [2022-03-26 18:49:53,417] {dagbag.py:500} INFO - Filling up the DagBag from /home/lowenhard/acceleration/env/lib/python3.8/site-packages/airflow/example_dags/tutorial_taskflow_api_etl_virtualenv.py
[2022-03-26 18:49:53,679] {processor.py:654} INFO - DAG(s) dict_keys(['tutorial_taskflow_api_etl_virtualenv']) retrieved from /home/lowenhard/acceleration/env/lib/python3.8/site-packages/airflow/example_dags/tutorial_taskflow_api_etl_virtualenv.py
[2022-03-26 18:49:53,910] {logging_mixin.py:109} INFO - [2022-03-26 18:49:53,910] {dag.py:2398} INFO - Sync 1 DAGs
[2022-03-26 18:49:53,921] {logging_mixin.py:109} INFO - [2022-03-26 18:49:53,921] {dag.py:2937} INFO - Setting next_dagrun for tutorial_taskflow_api_etl_virtualenv to None
[2022-03-26 18:49:54,058] {processor.py:171} INFO - Processing /home/lowenhard/acceleration/env/lib/python3.8/site-packages/airflow/example_dags/tutorial_taskflow_api_etl_virtualenv.py took 0.888 seconds
[2022-03-26 18:51:02,947] {processor.py:163} INFO - Started process (PID=1362) to work on /home/lowenhard/acceleration/env/lib/python3.8/site-packages/airflow/example_dags/tutorial_taskflow_api_etl_virtualenv.py
[2022-03-26 18:51:02,963] {processor.py:642} INFO - Processing file /home/lowenhard/acceleration/env/lib/python3.8/site-packages/airflow/example_dags/tutorial_taskflow_api_etl_virtualenv.py for tasks to queue
[2022-03-26 18:51:02,964] {logging_mixin.py:109} INFO - [2022-03-26 18:51:02,964] {dagbag.py:500} INFO - Filling up the DagBag from /home/lowenhard/acceleration/env/lib/python3.8/site-packages/airflow/example_dags/tutorial_taskflow_api_etl_virtualenv.py
[2022-03-26 18:51:02,985] {processor.py:654} INFO - DAG(s) dict_keys(['tutorial_taskflow_api_etl_virtualenv']) retrieved from /home/lowenhard/acceleration/env/lib/python3.8/site-packages/airflow/example_dags/tutorial_taskflow_api_etl_virtualenv.py
[2022-03-26 18:51:03,146] {logging_mixin.py:109} INFO - [2022-03-26 18:51:03,146] {dag.py:2398} INFO - Sync 1 DAGs
[2022-03-26 18:51:03,154] {logging_mixin.py:109} INFO - [2022-03-26 18:51:03,154] {dag.py:2937} INFO - Setting next_dagrun for tutorial_taskflow_api_etl_virtualenv to None
[2022-03-26 18:51:03,298] {processor.py:171} INFO - Processing /home/lowenhard/acceleration/env/lib/python3.8/site-packages/airflow/example_dags/tutorial_taskflow_api_etl_virtualenv.py took 0.353 seconds
[2022-03-26 18:53:12,969] {processor.py:163} INFO - Started process (PID=1413) to work on /home/lowenhard/acceleration/env/lib/python3.8/site-packages/airflow/example_dags/tutorial_taskflow_api_etl_virtualenv.py
[2022-03-26 18:53:13,023] {processor.py:642} INFO - Processing file /home/lowenhard/acceleration/env/lib/python3.8/site-packages/airflow/example_dags/tutorial_taskflow_api_etl_virtualenv.py for tasks to queue
[2022-03-26 18:53:13,024] {logging_mixin.py:109} INFO - [2022-03-26 18:53:13,024] {dagbag.py:500} INFO - Filling up the DagBag from /home/lowenhard/acceleration/env/lib/python3.8/site-packages/airflow/example_dags/tutorial_taskflow_api_etl_virtualenv.py
[2022-03-26 18:53:13,063] {processor.py:654} INFO - DAG(s) dict_keys(['tutorial_taskflow_api_etl_virtualenv']) retrieved from /home/lowenhard/acceleration/env/lib/python3.8/site-packages/airflow/example_dags/tutorial_taskflow_api_etl_virtualenv.py
[2022-03-26 18:53:13,315] {logging_mixin.py:109} INFO - [2022-03-26 18:53:13,315] {dag.py:2398} INFO - Sync 1 DAGs
[2022-03-26 18:53:13,329] {logging_mixin.py:109} INFO - [2022-03-26 18:53:13,328] {dag.py:2937} INFO - Setting next_dagrun for tutorial_taskflow_api_etl_virtualenv to None
[2022-03-26 18:53:14,918] {processor.py:171} INFO - Processing /home/lowenhard/acceleration/env/lib/python3.8/site-packages/airflow/example_dags/tutorial_taskflow_api_etl_virtualenv.py took 1.952 seconds
[2022-03-26 18:55:28,125] {processor.py:163} INFO - Started process (PID=1495) to work on /home/lowenhard/acceleration/env/lib/python3.8/site-packages/airflow/example_dags/tutorial_taskflow_api_etl_virtualenv.py
[2022-03-26 18:55:29,574] {processor.py:642} INFO - Processing file /home/lowenhard/acceleration/env/lib/python3.8/site-packages/airflow/example_dags/tutorial_taskflow_api_etl_virtualenv.py for tasks to queue
[2022-03-26 18:55:29,575] {logging_mixin.py:109} INFO - [2022-03-26 18:55:29,575] {dagbag.py:500} INFO - Filling up the DagBag from /home/lowenhard/acceleration/env/lib/python3.8/site-packages/airflow/example_dags/tutorial_taskflow_api_etl_virtualenv.py
[2022-03-26 18:55:30,332] {processor.py:654} INFO - DAG(s) dict_keys(['tutorial_taskflow_api_etl_virtualenv']) retrieved from /home/lowenhard/acceleration/env/lib/python3.8/site-packages/airflow/example_dags/tutorial_taskflow_api_etl_virtualenv.py
[2022-03-26 18:55:30,531] {logging_mixin.py:109} INFO - [2022-03-26 18:55:30,531] {dag.py:2398} INFO - Sync 1 DAGs
[2022-03-26 18:55:30,540] {logging_mixin.py:109} INFO - [2022-03-26 18:55:30,540] {dag.py:2937} INFO - Setting next_dagrun for tutorial_taskflow_api_etl_virtualenv to None
[2022-03-26 18:55:30,703] {processor.py:171} INFO - Processing /home/lowenhard/acceleration/env/lib/python3.8/site-packages/airflow/example_dags/tutorial_taskflow_api_etl_virtualenv.py took 2.580 seconds
[2022-03-26 18:57:30,918] {processor.py:163} INFO - Started process (PID=1546) to work on /home/lowenhard/acceleration/env/lib/python3.8/site-packages/airflow/example_dags/tutorial_taskflow_api_etl_virtualenv.py
[2022-03-26 18:57:30,928] {processor.py:642} INFO - Processing file /home/lowenhard/acceleration/env/lib/python3.8/site-packages/airflow/example_dags/tutorial_taskflow_api_etl_virtualenv.py for tasks to queue
[2022-03-26 18:57:30,929] {logging_mixin.py:109} INFO - [2022-03-26 18:57:30,929] {dagbag.py:500} INFO - Filling up the DagBag from /home/lowenhard/acceleration/env/lib/python3.8/site-packages/airflow/example_dags/tutorial_taskflow_api_etl_virtualenv.py
[2022-03-26 18:57:31,135] {processor.py:654} INFO - DAG(s) dict_keys(['tutorial_taskflow_api_etl_virtualenv']) retrieved from /home/lowenhard/acceleration/env/lib/python3.8/site-packages/airflow/example_dags/tutorial_taskflow_api_etl_virtualenv.py
[2022-03-26 18:57:31,331] {logging_mixin.py:109} INFO - [2022-03-26 18:57:31,331] {dag.py:2398} INFO - Sync 1 DAGs
[2022-03-26 18:57:31,342] {logging_mixin.py:109} INFO - [2022-03-26 18:57:31,342] {dag.py:2937} INFO - Setting next_dagrun for tutorial_taskflow_api_etl_virtualenv to None
[2022-03-26 18:57:31,505] {processor.py:171} INFO - Processing /home/lowenhard/acceleration/env/lib/python3.8/site-packages/airflow/example_dags/tutorial_taskflow_api_etl_virtualenv.py took 0.591 seconds
[2022-03-26 18:59:07,649] {processor.py:163} INFO - Started process (PID=1593) to work on /home/lowenhard/acceleration/env/lib/python3.8/site-packages/airflow/example_dags/tutorial_taskflow_api_etl_virtualenv.py
[2022-03-26 18:59:07,883] {processor.py:642} INFO - Processing file /home/lowenhard/acceleration/env/lib/python3.8/site-packages/airflow/example_dags/tutorial_taskflow_api_etl_virtualenv.py for tasks to queue
[2022-03-26 18:59:07,884] {logging_mixin.py:109} INFO - [2022-03-26 18:59:07,884] {dagbag.py:500} INFO - Filling up the DagBag from /home/lowenhard/acceleration/env/lib/python3.8/site-packages/airflow/example_dags/tutorial_taskflow_api_etl_virtualenv.py
[2022-03-26 18:59:07,909] {processor.py:654} INFO - DAG(s) dict_keys(['tutorial_taskflow_api_etl_virtualenv']) retrieved from /home/lowenhard/acceleration/env/lib/python3.8/site-packages/airflow/example_dags/tutorial_taskflow_api_etl_virtualenv.py
[2022-03-26 18:59:08,088] {logging_mixin.py:109} INFO - [2022-03-26 18:59:08,088] {dag.py:2398} INFO - Sync 1 DAGs
[2022-03-26 18:59:08,098] {logging_mixin.py:109} INFO - [2022-03-26 18:59:08,098] {dag.py:2937} INFO - Setting next_dagrun for tutorial_taskflow_api_etl_virtualenv to None
[2022-03-26 18:59:09,469] {processor.py:171} INFO - Processing /home/lowenhard/acceleration/env/lib/python3.8/site-packages/airflow/example_dags/tutorial_taskflow_api_etl_virtualenv.py took 1.823 seconds
