[2022-03-26 18:26:34,320] {processor.py:163} INFO - Started process (PID=560) to work on /home/lowenhard/acceleration/env/lib/python3.8/site-packages/airflow/example_dags/tutorial_etl_dag.py
[2022-03-26 18:26:34,321] {processor.py:642} INFO - Processing file /home/lowenhard/acceleration/env/lib/python3.8/site-packages/airflow/example_dags/tutorial_etl_dag.py for tasks to queue
[2022-03-26 18:26:34,321] {logging_mixin.py:109} INFO - [2022-03-26 18:26:34,321] {dagbag.py:500} INFO - Filling up the DagBag from /home/lowenhard/acceleration/env/lib/python3.8/site-packages/airflow/example_dags/tutorial_etl_dag.py
[2022-03-26 18:26:34,339] {processor.py:654} INFO - DAG(s) dict_keys(['tutorial_etl_dag']) retrieved from /home/lowenhard/acceleration/env/lib/python3.8/site-packages/airflow/example_dags/tutorial_etl_dag.py
[2022-03-26 18:26:34,348] {logging_mixin.py:109} INFO - [2022-03-26 18:26:34,347] {dag.py:2398} INFO - Sync 1 DAGs
[2022-03-26 18:26:34,358] {logging_mixin.py:109} INFO - [2022-03-26 18:26:34,358] {dag.py:2937} INFO - Setting next_dagrun for tutorial_etl_dag to None
[2022-03-26 18:26:35,300] {processor.py:171} INFO - Processing /home/lowenhard/acceleration/env/lib/python3.8/site-packages/airflow/example_dags/tutorial_etl_dag.py took 0.982 seconds
[2022-03-26 18:27:46,690] {processor.py:163} INFO - Started process (PID=596) to work on /home/lowenhard/acceleration/env/lib/python3.8/site-packages/airflow/example_dags/tutorial_etl_dag.py
[2022-03-26 18:27:46,760] {processor.py:642} INFO - Processing file /home/lowenhard/acceleration/env/lib/python3.8/site-packages/airflow/example_dags/tutorial_etl_dag.py for tasks to queue
[2022-03-26 18:27:46,760] {logging_mixin.py:109} INFO - [2022-03-26 18:27:46,760] {dagbag.py:500} INFO - Filling up the DagBag from /home/lowenhard/acceleration/env/lib/python3.8/site-packages/airflow/example_dags/tutorial_etl_dag.py
[2022-03-26 18:27:46,787] {processor.py:654} INFO - DAG(s) dict_keys(['tutorial_etl_dag']) retrieved from /home/lowenhard/acceleration/env/lib/python3.8/site-packages/airflow/example_dags/tutorial_etl_dag.py
[2022-03-26 18:27:46,796] {logging_mixin.py:109} INFO - [2022-03-26 18:27:46,795] {dag.py:2398} INFO - Sync 1 DAGs
[2022-03-26 18:27:46,808] {logging_mixin.py:109} INFO - [2022-03-26 18:27:46,808] {dag.py:2937} INFO - Setting next_dagrun for tutorial_etl_dag to None
[2022-03-26 18:27:47,071] {processor.py:171} INFO - Processing /home/lowenhard/acceleration/env/lib/python3.8/site-packages/airflow/example_dags/tutorial_etl_dag.py took 0.384 seconds
[2022-03-26 18:29:13,876] {processor.py:163} INFO - Started process (PID=631) to work on /home/lowenhard/acceleration/env/lib/python3.8/site-packages/airflow/example_dags/tutorial_etl_dag.py
[2022-03-26 18:29:13,877] {processor.py:642} INFO - Processing file /home/lowenhard/acceleration/env/lib/python3.8/site-packages/airflow/example_dags/tutorial_etl_dag.py for tasks to queue
[2022-03-26 18:29:13,878] {logging_mixin.py:109} INFO - [2022-03-26 18:29:13,878] {dagbag.py:500} INFO - Filling up the DagBag from /home/lowenhard/acceleration/env/lib/python3.8/site-packages/airflow/example_dags/tutorial_etl_dag.py
[2022-03-26 18:29:13,897] {processor.py:654} INFO - DAG(s) dict_keys(['tutorial_etl_dag']) retrieved from /home/lowenhard/acceleration/env/lib/python3.8/site-packages/airflow/example_dags/tutorial_etl_dag.py
[2022-03-26 18:29:13,907] {logging_mixin.py:109} INFO - [2022-03-26 18:29:13,907] {dag.py:2398} INFO - Sync 1 DAGs
[2022-03-26 18:29:13,919] {logging_mixin.py:109} INFO - [2022-03-26 18:29:13,919] {dag.py:2937} INFO - Setting next_dagrun for tutorial_etl_dag to None
[2022-03-26 18:29:14,089] {processor.py:171} INFO - Processing /home/lowenhard/acceleration/env/lib/python3.8/site-packages/airflow/example_dags/tutorial_etl_dag.py took 0.216 seconds
[2022-03-26 18:30:37,067] {processor.py:163} INFO - Started process (PID=676) to work on /home/lowenhard/acceleration/env/lib/python3.8/site-packages/airflow/example_dags/tutorial_etl_dag.py
[2022-03-26 18:30:37,071] {processor.py:642} INFO - Processing file /home/lowenhard/acceleration/env/lib/python3.8/site-packages/airflow/example_dags/tutorial_etl_dag.py for tasks to queue
[2022-03-26 18:30:37,072] {logging_mixin.py:109} INFO - [2022-03-26 18:30:37,071] {dagbag.py:500} INFO - Filling up the DagBag from /home/lowenhard/acceleration/env/lib/python3.8/site-packages/airflow/example_dags/tutorial_etl_dag.py
[2022-03-26 18:30:37,098] {processor.py:654} INFO - DAG(s) dict_keys(['tutorial_etl_dag']) retrieved from /home/lowenhard/acceleration/env/lib/python3.8/site-packages/airflow/example_dags/tutorial_etl_dag.py
[2022-03-26 18:30:37,539] {logging_mixin.py:109} INFO - [2022-03-26 18:30:37,539] {dag.py:2398} INFO - Sync 1 DAGs
[2022-03-26 18:30:37,550] {logging_mixin.py:109} INFO - [2022-03-26 18:30:37,550] {dag.py:2937} INFO - Setting next_dagrun for tutorial_etl_dag to None
[2022-03-26 18:30:37,692] {processor.py:171} INFO - Processing /home/lowenhard/acceleration/env/lib/python3.8/site-packages/airflow/example_dags/tutorial_etl_dag.py took 0.629 seconds
[2022-03-26 18:31:34,198] {processor.py:163} INFO - Started process (PID=718) to work on /home/lowenhard/acceleration/env/lib/python3.8/site-packages/airflow/example_dags/tutorial_etl_dag.py
[2022-03-26 18:31:34,202] {processor.py:642} INFO - Processing file /home/lowenhard/acceleration/env/lib/python3.8/site-packages/airflow/example_dags/tutorial_etl_dag.py for tasks to queue
[2022-03-26 18:31:34,202] {logging_mixin.py:109} INFO - [2022-03-26 18:31:34,202] {dagbag.py:500} INFO - Filling up the DagBag from /home/lowenhard/acceleration/env/lib/python3.8/site-packages/airflow/example_dags/tutorial_etl_dag.py
[2022-03-26 18:31:34,220] {processor.py:654} INFO - DAG(s) dict_keys(['tutorial_etl_dag']) retrieved from /home/lowenhard/acceleration/env/lib/python3.8/site-packages/airflow/example_dags/tutorial_etl_dag.py
[2022-03-26 18:31:34,228] {logging_mixin.py:109} INFO - [2022-03-26 18:31:34,228] {dag.py:2398} INFO - Sync 1 DAGs
[2022-03-26 18:31:34,238] {logging_mixin.py:109} INFO - [2022-03-26 18:31:34,238] {dag.py:2937} INFO - Setting next_dagrun for tutorial_etl_dag to None
[2022-03-26 18:31:34,364] {processor.py:171} INFO - Processing /home/lowenhard/acceleration/env/lib/python3.8/site-packages/airflow/example_dags/tutorial_etl_dag.py took 0.169 seconds
[2022-03-26 18:32:11,807] {processor.py:163} INFO - Started process (PID=745) to work on /home/lowenhard/acceleration/env/lib/python3.8/site-packages/airflow/example_dags/tutorial_etl_dag.py
[2022-03-26 18:32:11,809] {processor.py:642} INFO - Processing file /home/lowenhard/acceleration/env/lib/python3.8/site-packages/airflow/example_dags/tutorial_etl_dag.py for tasks to queue
[2022-03-26 18:32:11,810] {logging_mixin.py:109} INFO - [2022-03-26 18:32:11,810] {dagbag.py:500} INFO - Filling up the DagBag from /home/lowenhard/acceleration/env/lib/python3.8/site-packages/airflow/example_dags/tutorial_etl_dag.py
[2022-03-26 18:32:11,827] {processor.py:654} INFO - DAG(s) dict_keys(['tutorial_etl_dag']) retrieved from /home/lowenhard/acceleration/env/lib/python3.8/site-packages/airflow/example_dags/tutorial_etl_dag.py
[2022-03-26 18:32:11,835] {logging_mixin.py:109} INFO - [2022-03-26 18:32:11,835] {dag.py:2398} INFO - Sync 1 DAGs
[2022-03-26 18:32:11,845] {logging_mixin.py:109} INFO - [2022-03-26 18:32:11,845] {dag.py:2937} INFO - Setting next_dagrun for tutorial_etl_dag to None
[2022-03-26 18:32:11,976] {processor.py:171} INFO - Processing /home/lowenhard/acceleration/env/lib/python3.8/site-packages/airflow/example_dags/tutorial_etl_dag.py took 0.171 seconds
[2022-03-26 18:32:59,766] {processor.py:163} INFO - Started process (PID=778) to work on /home/lowenhard/acceleration/env/lib/python3.8/site-packages/airflow/example_dags/tutorial_etl_dag.py
[2022-03-26 18:32:59,769] {processor.py:642} INFO - Processing file /home/lowenhard/acceleration/env/lib/python3.8/site-packages/airflow/example_dags/tutorial_etl_dag.py for tasks to queue
[2022-03-26 18:32:59,769] {logging_mixin.py:109} INFO - [2022-03-26 18:32:59,769] {dagbag.py:500} INFO - Filling up the DagBag from /home/lowenhard/acceleration/env/lib/python3.8/site-packages/airflow/example_dags/tutorial_etl_dag.py
[2022-03-26 18:32:59,787] {processor.py:654} INFO - DAG(s) dict_keys(['tutorial_etl_dag']) retrieved from /home/lowenhard/acceleration/env/lib/python3.8/site-packages/airflow/example_dags/tutorial_etl_dag.py
[2022-03-26 18:32:59,795] {logging_mixin.py:109} INFO - [2022-03-26 18:32:59,795] {dag.py:2398} INFO - Sync 1 DAGs
[2022-03-26 18:32:59,806] {logging_mixin.py:109} INFO - [2022-03-26 18:32:59,806] {dag.py:2937} INFO - Setting next_dagrun for tutorial_etl_dag to None
[2022-03-26 18:32:59,989] {processor.py:171} INFO - Processing /home/lowenhard/acceleration/env/lib/python3.8/site-packages/airflow/example_dags/tutorial_etl_dag.py took 0.226 seconds
[2022-03-26 18:33:46,247] {processor.py:163} INFO - Started process (PID=810) to work on /home/lowenhard/acceleration/env/lib/python3.8/site-packages/airflow/example_dags/tutorial_etl_dag.py
[2022-03-26 18:33:46,251] {processor.py:642} INFO - Processing file /home/lowenhard/acceleration/env/lib/python3.8/site-packages/airflow/example_dags/tutorial_etl_dag.py for tasks to queue
[2022-03-26 18:33:46,251] {logging_mixin.py:109} INFO - [2022-03-26 18:33:46,251] {dagbag.py:500} INFO - Filling up the DagBag from /home/lowenhard/acceleration/env/lib/python3.8/site-packages/airflow/example_dags/tutorial_etl_dag.py
[2022-03-26 18:33:46,268] {processor.py:654} INFO - DAG(s) dict_keys(['tutorial_etl_dag']) retrieved from /home/lowenhard/acceleration/env/lib/python3.8/site-packages/airflow/example_dags/tutorial_etl_dag.py
[2022-03-26 18:33:46,277] {logging_mixin.py:109} INFO - [2022-03-26 18:33:46,276] {dag.py:2398} INFO - Sync 1 DAGs
[2022-03-26 18:33:46,287] {logging_mixin.py:109} INFO - [2022-03-26 18:33:46,287] {dag.py:2937} INFO - Setting next_dagrun for tutorial_etl_dag to None
[2022-03-26 18:33:46,498] {processor.py:171} INFO - Processing /home/lowenhard/acceleration/env/lib/python3.8/site-packages/airflow/example_dags/tutorial_etl_dag.py took 0.255 seconds
[2022-03-26 18:34:40,187] {processor.py:163} INFO - Started process (PID=850) to work on /home/lowenhard/acceleration/env/lib/python3.8/site-packages/airflow/example_dags/tutorial_etl_dag.py
[2022-03-26 18:34:40,188] {processor.py:642} INFO - Processing file /home/lowenhard/acceleration/env/lib/python3.8/site-packages/airflow/example_dags/tutorial_etl_dag.py for tasks to queue
[2022-03-26 18:34:40,188] {logging_mixin.py:109} INFO - [2022-03-26 18:34:40,188] {dagbag.py:500} INFO - Filling up the DagBag from /home/lowenhard/acceleration/env/lib/python3.8/site-packages/airflow/example_dags/tutorial_etl_dag.py
[2022-03-26 18:34:40,206] {processor.py:654} INFO - DAG(s) dict_keys(['tutorial_etl_dag']) retrieved from /home/lowenhard/acceleration/env/lib/python3.8/site-packages/airflow/example_dags/tutorial_etl_dag.py
[2022-03-26 18:34:40,214] {logging_mixin.py:109} INFO - [2022-03-26 18:34:40,214] {dag.py:2398} INFO - Sync 1 DAGs
[2022-03-26 18:34:40,225] {logging_mixin.py:109} INFO - [2022-03-26 18:34:40,225] {dag.py:2937} INFO - Setting next_dagrun for tutorial_etl_dag to None
[2022-03-26 18:34:40,350] {processor.py:171} INFO - Processing /home/lowenhard/acceleration/env/lib/python3.8/site-packages/airflow/example_dags/tutorial_etl_dag.py took 0.166 seconds
[2022-03-26 18:35:24,988] {processor.py:163} INFO - Started process (PID=879) to work on /home/lowenhard/acceleration/env/lib/python3.8/site-packages/airflow/example_dags/tutorial_etl_dag.py
[2022-03-26 18:35:25,023] {processor.py:642} INFO - Processing file /home/lowenhard/acceleration/env/lib/python3.8/site-packages/airflow/example_dags/tutorial_etl_dag.py for tasks to queue
[2022-03-26 18:35:25,023] {logging_mixin.py:109} INFO - [2022-03-26 18:35:25,023] {dagbag.py:500} INFO - Filling up the DagBag from /home/lowenhard/acceleration/env/lib/python3.8/site-packages/airflow/example_dags/tutorial_etl_dag.py
[2022-03-26 18:35:25,045] {processor.py:654} INFO - DAG(s) dict_keys(['tutorial_etl_dag']) retrieved from /home/lowenhard/acceleration/env/lib/python3.8/site-packages/airflow/example_dags/tutorial_etl_dag.py
[2022-03-26 18:35:25,055] {logging_mixin.py:109} INFO - [2022-03-26 18:35:25,054] {dag.py:2398} INFO - Sync 1 DAGs
[2022-03-26 18:35:25,075] {logging_mixin.py:109} INFO - [2022-03-26 18:35:25,074] {dag.py:2937} INFO - Setting next_dagrun for tutorial_etl_dag to None
[2022-03-26 18:35:25,341] {processor.py:171} INFO - Processing /home/lowenhard/acceleration/env/lib/python3.8/site-packages/airflow/example_dags/tutorial_etl_dag.py took 0.355 seconds
[2022-03-26 18:36:24,378] {processor.py:163} INFO - Started process (PID=915) to work on /home/lowenhard/acceleration/env/lib/python3.8/site-packages/airflow/example_dags/tutorial_etl_dag.py
[2022-03-26 18:36:24,444] {processor.py:642} INFO - Processing file /home/lowenhard/acceleration/env/lib/python3.8/site-packages/airflow/example_dags/tutorial_etl_dag.py for tasks to queue
[2022-03-26 18:36:24,444] {logging_mixin.py:109} INFO - [2022-03-26 18:36:24,444] {dagbag.py:500} INFO - Filling up the DagBag from /home/lowenhard/acceleration/env/lib/python3.8/site-packages/airflow/example_dags/tutorial_etl_dag.py
[2022-03-26 18:36:24,462] {processor.py:654} INFO - DAG(s) dict_keys(['tutorial_etl_dag']) retrieved from /home/lowenhard/acceleration/env/lib/python3.8/site-packages/airflow/example_dags/tutorial_etl_dag.py
[2022-03-26 18:36:24,471] {logging_mixin.py:109} INFO - [2022-03-26 18:36:24,471] {dag.py:2398} INFO - Sync 1 DAGs
[2022-03-26 18:36:24,482] {logging_mixin.py:109} INFO - [2022-03-26 18:36:24,482] {dag.py:2937} INFO - Setting next_dagrun for tutorial_etl_dag to None
[2022-03-26 18:36:24,693] {processor.py:171} INFO - Processing /home/lowenhard/acceleration/env/lib/python3.8/site-packages/airflow/example_dags/tutorial_etl_dag.py took 0.318 seconds
[2022-03-26 18:37:23,319] {processor.py:163} INFO - Started process (PID=950) to work on /home/lowenhard/acceleration/env/lib/python3.8/site-packages/airflow/example_dags/tutorial_etl_dag.py
[2022-03-26 18:37:23,625] {processor.py:642} INFO - Processing file /home/lowenhard/acceleration/env/lib/python3.8/site-packages/airflow/example_dags/tutorial_etl_dag.py for tasks to queue
[2022-03-26 18:37:23,626] {logging_mixin.py:109} INFO - [2022-03-26 18:37:23,626] {dagbag.py:500} INFO - Filling up the DagBag from /home/lowenhard/acceleration/env/lib/python3.8/site-packages/airflow/example_dags/tutorial_etl_dag.py
[2022-03-26 18:37:23,645] {processor.py:654} INFO - DAG(s) dict_keys(['tutorial_etl_dag']) retrieved from /home/lowenhard/acceleration/env/lib/python3.8/site-packages/airflow/example_dags/tutorial_etl_dag.py
[2022-03-26 18:37:23,654] {logging_mixin.py:109} INFO - [2022-03-26 18:37:23,654] {dag.py:2398} INFO - Sync 1 DAGs
[2022-03-26 18:37:23,664] {logging_mixin.py:109} INFO - [2022-03-26 18:37:23,664] {dag.py:2937} INFO - Setting next_dagrun for tutorial_etl_dag to None
[2022-03-26 18:37:23,855] {processor.py:171} INFO - Processing /home/lowenhard/acceleration/env/lib/python3.8/site-packages/airflow/example_dags/tutorial_etl_dag.py took 0.538 seconds
[2022-03-26 18:38:58,331] {processor.py:163} INFO - Started process (PID=1005) to work on /home/lowenhard/acceleration/env/lib/python3.8/site-packages/airflow/example_dags/tutorial_etl_dag.py
[2022-03-26 18:38:58,333] {processor.py:642} INFO - Processing file /home/lowenhard/acceleration/env/lib/python3.8/site-packages/airflow/example_dags/tutorial_etl_dag.py for tasks to queue
[2022-03-26 18:38:58,333] {logging_mixin.py:109} INFO - [2022-03-26 18:38:58,333] {dagbag.py:500} INFO - Filling up the DagBag from /home/lowenhard/acceleration/env/lib/python3.8/site-packages/airflow/example_dags/tutorial_etl_dag.py
[2022-03-26 18:38:58,350] {processor.py:654} INFO - DAG(s) dict_keys(['tutorial_etl_dag']) retrieved from /home/lowenhard/acceleration/env/lib/python3.8/site-packages/airflow/example_dags/tutorial_etl_dag.py
[2022-03-26 18:38:58,358] {logging_mixin.py:109} INFO - [2022-03-26 18:38:58,358] {dag.py:2398} INFO - Sync 1 DAGs
[2022-03-26 18:38:58,368] {logging_mixin.py:109} INFO - [2022-03-26 18:38:58,368] {dag.py:2937} INFO - Setting next_dagrun for tutorial_etl_dag to None
[2022-03-26 18:38:58,868] {processor.py:171} INFO - Processing /home/lowenhard/acceleration/env/lib/python3.8/site-packages/airflow/example_dags/tutorial_etl_dag.py took 0.540 seconds
[2022-03-26 18:40:24,661] {processor.py:163} INFO - Started process (PID=1057) to work on /home/lowenhard/acceleration/env/lib/python3.8/site-packages/airflow/example_dags/tutorial_etl_dag.py
[2022-03-26 18:40:24,676] {processor.py:642} INFO - Processing file /home/lowenhard/acceleration/env/lib/python3.8/site-packages/airflow/example_dags/tutorial_etl_dag.py for tasks to queue
[2022-03-26 18:40:24,676] {logging_mixin.py:109} INFO - [2022-03-26 18:40:24,676] {dagbag.py:500} INFO - Filling up the DagBag from /home/lowenhard/acceleration/env/lib/python3.8/site-packages/airflow/example_dags/tutorial_etl_dag.py
[2022-03-26 18:40:24,696] {processor.py:654} INFO - DAG(s) dict_keys(['tutorial_etl_dag']) retrieved from /home/lowenhard/acceleration/env/lib/python3.8/site-packages/airflow/example_dags/tutorial_etl_dag.py
[2022-03-26 18:40:24,703] {logging_mixin.py:109} INFO - [2022-03-26 18:40:24,703] {dag.py:2398} INFO - Sync 1 DAGs
[2022-03-26 18:40:24,714] {logging_mixin.py:109} INFO - [2022-03-26 18:40:24,714] {dag.py:2937} INFO - Setting next_dagrun for tutorial_etl_dag to None
[2022-03-26 18:40:24,983] {processor.py:171} INFO - Processing /home/lowenhard/acceleration/env/lib/python3.8/site-packages/airflow/example_dags/tutorial_etl_dag.py took 0.325 seconds
[2022-03-26 18:42:16,624] {processor.py:163} INFO - Started process (PID=1115) to work on /home/lowenhard/acceleration/env/lib/python3.8/site-packages/airflow/example_dags/tutorial_etl_dag.py
[2022-03-26 18:42:16,772] {processor.py:642} INFO - Processing file /home/lowenhard/acceleration/env/lib/python3.8/site-packages/airflow/example_dags/tutorial_etl_dag.py for tasks to queue
[2022-03-26 18:42:16,772] {logging_mixin.py:109} INFO - [2022-03-26 18:42:16,772] {dagbag.py:500} INFO - Filling up the DagBag from /home/lowenhard/acceleration/env/lib/python3.8/site-packages/airflow/example_dags/tutorial_etl_dag.py
[2022-03-26 18:42:16,791] {processor.py:654} INFO - DAG(s) dict_keys(['tutorial_etl_dag']) retrieved from /home/lowenhard/acceleration/env/lib/python3.8/site-packages/airflow/example_dags/tutorial_etl_dag.py
[2022-03-26 18:42:16,799] {logging_mixin.py:109} INFO - [2022-03-26 18:42:16,799] {dag.py:2398} INFO - Sync 1 DAGs
[2022-03-26 18:42:16,809] {logging_mixin.py:109} INFO - [2022-03-26 18:42:16,809] {dag.py:2937} INFO - Setting next_dagrun for tutorial_etl_dag to None
[2022-03-26 18:42:18,059] {processor.py:171} INFO - Processing /home/lowenhard/acceleration/env/lib/python3.8/site-packages/airflow/example_dags/tutorial_etl_dag.py took 1.437 seconds
[2022-03-26 18:43:37,688] {processor.py:163} INFO - Started process (PID=1151) to work on /home/lowenhard/acceleration/env/lib/python3.8/site-packages/airflow/example_dags/tutorial_etl_dag.py
[2022-03-26 18:43:38,817] {processor.py:642} INFO - Processing file /home/lowenhard/acceleration/env/lib/python3.8/site-packages/airflow/example_dags/tutorial_etl_dag.py for tasks to queue
[2022-03-26 18:43:38,818] {logging_mixin.py:109} INFO - [2022-03-26 18:43:38,818] {dagbag.py:500} INFO - Filling up the DagBag from /home/lowenhard/acceleration/env/lib/python3.8/site-packages/airflow/example_dags/tutorial_etl_dag.py
[2022-03-26 18:43:39,070] {processor.py:654} INFO - DAG(s) dict_keys(['tutorial_etl_dag']) retrieved from /home/lowenhard/acceleration/env/lib/python3.8/site-packages/airflow/example_dags/tutorial_etl_dag.py
[2022-03-26 18:43:39,081] {logging_mixin.py:109} INFO - [2022-03-26 18:43:39,081] {dag.py:2398} INFO - Sync 1 DAGs
[2022-03-26 18:43:39,094] {logging_mixin.py:109} INFO - [2022-03-26 18:43:39,094] {dag.py:2937} INFO - Setting next_dagrun for tutorial_etl_dag to None
[2022-03-26 18:43:39,399] {processor.py:171} INFO - Processing /home/lowenhard/acceleration/env/lib/python3.8/site-packages/airflow/example_dags/tutorial_etl_dag.py took 1.713 seconds
[2022-03-26 18:45:04,560] {processor.py:163} INFO - Started process (PID=1194) to work on /home/lowenhard/acceleration/env/lib/python3.8/site-packages/airflow/example_dags/tutorial_etl_dag.py
[2022-03-26 18:45:05,621] {processor.py:642} INFO - Processing file /home/lowenhard/acceleration/env/lib/python3.8/site-packages/airflow/example_dags/tutorial_etl_dag.py for tasks to queue
[2022-03-26 18:45:05,622] {logging_mixin.py:109} INFO - [2022-03-26 18:45:05,622] {dagbag.py:500} INFO - Filling up the DagBag from /home/lowenhard/acceleration/env/lib/python3.8/site-packages/airflow/example_dags/tutorial_etl_dag.py
[2022-03-26 18:45:05,978] {processor.py:654} INFO - DAG(s) dict_keys(['tutorial_etl_dag']) retrieved from /home/lowenhard/acceleration/env/lib/python3.8/site-packages/airflow/example_dags/tutorial_etl_dag.py
[2022-03-26 18:45:05,986] {logging_mixin.py:109} INFO - [2022-03-26 18:45:05,986] {dag.py:2398} INFO - Sync 1 DAGs
[2022-03-26 18:45:05,996] {logging_mixin.py:109} INFO - [2022-03-26 18:45:05,996] {dag.py:2937} INFO - Setting next_dagrun for tutorial_etl_dag to None
[2022-03-26 18:45:06,129] {processor.py:171} INFO - Processing /home/lowenhard/acceleration/env/lib/python3.8/site-packages/airflow/example_dags/tutorial_etl_dag.py took 1.572 seconds
[2022-03-26 18:47:05,317] {processor.py:163} INFO - Started process (PID=1246) to work on /home/lowenhard/acceleration/env/lib/python3.8/site-packages/airflow/example_dags/tutorial_etl_dag.py
[2022-03-26 18:47:05,459] {processor.py:642} INFO - Processing file /home/lowenhard/acceleration/env/lib/python3.8/site-packages/airflow/example_dags/tutorial_etl_dag.py for tasks to queue
[2022-03-26 18:47:05,461] {logging_mixin.py:109} INFO - [2022-03-26 18:47:05,460] {dagbag.py:500} INFO - Filling up the DagBag from /home/lowenhard/acceleration/env/lib/python3.8/site-packages/airflow/example_dags/tutorial_etl_dag.py
[2022-03-26 18:47:07,223] {processor.py:654} INFO - DAG(s) dict_keys(['tutorial_etl_dag']) retrieved from /home/lowenhard/acceleration/env/lib/python3.8/site-packages/airflow/example_dags/tutorial_etl_dag.py
[2022-03-26 18:47:07,233] {logging_mixin.py:109} INFO - [2022-03-26 18:47:07,233] {dag.py:2398} INFO - Sync 1 DAGs
[2022-03-26 18:47:07,244] {logging_mixin.py:109} INFO - [2022-03-26 18:47:07,244] {dag.py:2937} INFO - Setting next_dagrun for tutorial_etl_dag to None
[2022-03-26 18:47:07,756] {processor.py:171} INFO - Processing /home/lowenhard/acceleration/env/lib/python3.8/site-packages/airflow/example_dags/tutorial_etl_dag.py took 2.442 seconds
[2022-03-26 18:48:36,048] {processor.py:163} INFO - Started process (PID=1280) to work on /home/lowenhard/acceleration/env/lib/python3.8/site-packages/airflow/example_dags/tutorial_etl_dag.py
[2022-03-26 18:48:36,279] {processor.py:642} INFO - Processing file /home/lowenhard/acceleration/env/lib/python3.8/site-packages/airflow/example_dags/tutorial_etl_dag.py for tasks to queue
[2022-03-26 18:48:36,279] {logging_mixin.py:109} INFO - [2022-03-26 18:48:36,279] {dagbag.py:500} INFO - Filling up the DagBag from /home/lowenhard/acceleration/env/lib/python3.8/site-packages/airflow/example_dags/tutorial_etl_dag.py
[2022-03-26 18:48:36,298] {processor.py:654} INFO - DAG(s) dict_keys(['tutorial_etl_dag']) retrieved from /home/lowenhard/acceleration/env/lib/python3.8/site-packages/airflow/example_dags/tutorial_etl_dag.py
[2022-03-26 18:48:36,306] {logging_mixin.py:109} INFO - [2022-03-26 18:48:36,306] {dag.py:2398} INFO - Sync 1 DAGs
[2022-03-26 18:48:36,317] {logging_mixin.py:109} INFO - [2022-03-26 18:48:36,317] {dag.py:2937} INFO - Setting next_dagrun for tutorial_etl_dag to None
[2022-03-26 18:48:37,237] {processor.py:171} INFO - Processing /home/lowenhard/acceleration/env/lib/python3.8/site-packages/airflow/example_dags/tutorial_etl_dag.py took 1.191 seconds
[2022-03-26 18:49:43,117] {processor.py:163} INFO - Started process (PID=1309) to work on /home/lowenhard/acceleration/env/lib/python3.8/site-packages/airflow/example_dags/tutorial_etl_dag.py
[2022-03-26 18:49:43,123] {processor.py:642} INFO - Processing file /home/lowenhard/acceleration/env/lib/python3.8/site-packages/airflow/example_dags/tutorial_etl_dag.py for tasks to queue
[2022-03-26 18:49:43,124] {logging_mixin.py:109} INFO - [2022-03-26 18:49:43,124] {dagbag.py:500} INFO - Filling up the DagBag from /home/lowenhard/acceleration/env/lib/python3.8/site-packages/airflow/example_dags/tutorial_etl_dag.py
[2022-03-26 18:49:43,142] {processor.py:654} INFO - DAG(s) dict_keys(['tutorial_etl_dag']) retrieved from /home/lowenhard/acceleration/env/lib/python3.8/site-packages/airflow/example_dags/tutorial_etl_dag.py
[2022-03-26 18:49:43,150] {logging_mixin.py:109} INFO - [2022-03-26 18:49:43,150] {dag.py:2398} INFO - Sync 1 DAGs
[2022-03-26 18:49:43,161] {logging_mixin.py:109} INFO - [2022-03-26 18:49:43,160] {dag.py:2937} INFO - Setting next_dagrun for tutorial_etl_dag to None
[2022-03-26 18:49:43,729] {processor.py:171} INFO - Processing /home/lowenhard/acceleration/env/lib/python3.8/site-packages/airflow/example_dags/tutorial_etl_dag.py took 0.615 seconds
[2022-03-26 18:50:40,904] {processor.py:163} INFO - Started process (PID=1352) to work on /home/lowenhard/acceleration/env/lib/python3.8/site-packages/airflow/example_dags/tutorial_etl_dag.py
[2022-03-26 18:50:40,907] {processor.py:642} INFO - Processing file /home/lowenhard/acceleration/env/lib/python3.8/site-packages/airflow/example_dags/tutorial_etl_dag.py for tasks to queue
[2022-03-26 18:50:40,908] {logging_mixin.py:109} INFO - [2022-03-26 18:50:40,908] {dagbag.py:500} INFO - Filling up the DagBag from /home/lowenhard/acceleration/env/lib/python3.8/site-packages/airflow/example_dags/tutorial_etl_dag.py
[2022-03-26 18:50:40,938] {processor.py:654} INFO - DAG(s) dict_keys(['tutorial_etl_dag']) retrieved from /home/lowenhard/acceleration/env/lib/python3.8/site-packages/airflow/example_dags/tutorial_etl_dag.py
[2022-03-26 18:50:40,954] {logging_mixin.py:109} INFO - [2022-03-26 18:50:40,954] {dag.py:2398} INFO - Sync 1 DAGs
[2022-03-26 18:50:40,986] {logging_mixin.py:109} INFO - [2022-03-26 18:50:40,986] {dag.py:2937} INFO - Setting next_dagrun for tutorial_etl_dag to None
[2022-03-26 18:50:41,140] {processor.py:171} INFO - Processing /home/lowenhard/acceleration/env/lib/python3.8/site-packages/airflow/example_dags/tutorial_etl_dag.py took 0.238 seconds
[2022-03-26 18:52:47,567] {processor.py:163} INFO - Started process (PID=1403) to work on /home/lowenhard/acceleration/env/lib/python3.8/site-packages/airflow/example_dags/tutorial_etl_dag.py
[2022-03-26 18:52:48,228] {processor.py:642} INFO - Processing file /home/lowenhard/acceleration/env/lib/python3.8/site-packages/airflow/example_dags/tutorial_etl_dag.py for tasks to queue
[2022-03-26 18:52:48,229] {logging_mixin.py:109} INFO - [2022-03-26 18:52:48,229] {dagbag.py:500} INFO - Filling up the DagBag from /home/lowenhard/acceleration/env/lib/python3.8/site-packages/airflow/example_dags/tutorial_etl_dag.py
[2022-03-26 18:52:50,084] {processor.py:654} INFO - DAG(s) dict_keys(['tutorial_etl_dag']) retrieved from /home/lowenhard/acceleration/env/lib/python3.8/site-packages/airflow/example_dags/tutorial_etl_dag.py
[2022-03-26 18:52:50,096] {logging_mixin.py:109} INFO - [2022-03-26 18:52:50,096] {dag.py:2398} INFO - Sync 1 DAGs
[2022-03-26 18:52:50,110] {logging_mixin.py:109} INFO - [2022-03-26 18:52:50,110] {dag.py:2937} INFO - Setting next_dagrun for tutorial_etl_dag to None
[2022-03-26 18:52:50,263] {processor.py:171} INFO - Processing /home/lowenhard/acceleration/env/lib/python3.8/site-packages/airflow/example_dags/tutorial_etl_dag.py took 2.698 seconds
[2022-03-26 18:53:49,359] {processor.py:163} INFO - Started process (PID=1431) to work on /home/lowenhard/acceleration/env/lib/python3.8/site-packages/airflow/example_dags/tutorial_etl_dag.py
[2022-03-26 18:53:50,671] {processor.py:642} INFO - Processing file /home/lowenhard/acceleration/env/lib/python3.8/site-packages/airflow/example_dags/tutorial_etl_dag.py for tasks to queue
[2022-03-26 18:53:50,672] {logging_mixin.py:109} INFO - [2022-03-26 18:53:50,672] {dagbag.py:500} INFO - Filling up the DagBag from /home/lowenhard/acceleration/env/lib/python3.8/site-packages/airflow/example_dags/tutorial_etl_dag.py
[2022-03-26 18:53:50,925] {processor.py:654} INFO - DAG(s) dict_keys(['tutorial_etl_dag']) retrieved from /home/lowenhard/acceleration/env/lib/python3.8/site-packages/airflow/example_dags/tutorial_etl_dag.py
[2022-03-26 18:53:50,934] {logging_mixin.py:109} INFO - [2022-03-26 18:53:50,934] {dag.py:2398} INFO - Sync 1 DAGs
[2022-03-26 18:53:50,952] {logging_mixin.py:109} INFO - [2022-03-26 18:53:50,952] {dag.py:2937} INFO - Setting next_dagrun for tutorial_etl_dag to None
[2022-03-26 18:53:51,111] {processor.py:171} INFO - Processing /home/lowenhard/acceleration/env/lib/python3.8/site-packages/airflow/example_dags/tutorial_etl_dag.py took 1.754 seconds
[2022-03-26 18:55:06,172] {processor.py:163} INFO - Started process (PID=1485) to work on /home/lowenhard/acceleration/env/lib/python3.8/site-packages/airflow/example_dags/tutorial_etl_dag.py
[2022-03-26 18:55:06,176] {processor.py:642} INFO - Processing file /home/lowenhard/acceleration/env/lib/python3.8/site-packages/airflow/example_dags/tutorial_etl_dag.py for tasks to queue
[2022-03-26 18:55:06,176] {logging_mixin.py:109} INFO - [2022-03-26 18:55:06,176] {dagbag.py:500} INFO - Filling up the DagBag from /home/lowenhard/acceleration/env/lib/python3.8/site-packages/airflow/example_dags/tutorial_etl_dag.py
[2022-03-26 18:55:06,194] {processor.py:654} INFO - DAG(s) dict_keys(['tutorial_etl_dag']) retrieved from /home/lowenhard/acceleration/env/lib/python3.8/site-packages/airflow/example_dags/tutorial_etl_dag.py
[2022-03-26 18:55:06,203] {logging_mixin.py:109} INFO - [2022-03-26 18:55:06,203] {dag.py:2398} INFO - Sync 1 DAGs
[2022-03-26 18:55:06,213] {logging_mixin.py:109} INFO - [2022-03-26 18:55:06,213] {dag.py:2937} INFO - Setting next_dagrun for tutorial_etl_dag to None
[2022-03-26 18:55:06,704] {processor.py:171} INFO - Processing /home/lowenhard/acceleration/env/lib/python3.8/site-packages/airflow/example_dags/tutorial_etl_dag.py took 0.534 seconds
[2022-03-26 18:57:06,759] {processor.py:163} INFO - Started process (PID=1536) to work on /home/lowenhard/acceleration/env/lib/python3.8/site-packages/airflow/example_dags/tutorial_etl_dag.py
[2022-03-26 18:57:06,765] {processor.py:642} INFO - Processing file /home/lowenhard/acceleration/env/lib/python3.8/site-packages/airflow/example_dags/tutorial_etl_dag.py for tasks to queue
[2022-03-26 18:57:06,766] {logging_mixin.py:109} INFO - [2022-03-26 18:57:06,766] {dagbag.py:500} INFO - Filling up the DagBag from /home/lowenhard/acceleration/env/lib/python3.8/site-packages/airflow/example_dags/tutorial_etl_dag.py
[2022-03-26 18:57:06,795] {processor.py:654} INFO - DAG(s) dict_keys(['tutorial_etl_dag']) retrieved from /home/lowenhard/acceleration/env/lib/python3.8/site-packages/airflow/example_dags/tutorial_etl_dag.py
[2022-03-26 18:57:06,808] {logging_mixin.py:109} INFO - [2022-03-26 18:57:06,808] {dag.py:2398} INFO - Sync 1 DAGs
[2022-03-26 18:57:07,753] {logging_mixin.py:109} INFO - [2022-03-26 18:57:07,753] {dag.py:2937} INFO - Setting next_dagrun for tutorial_etl_dag to None
[2022-03-26 18:57:07,904] {processor.py:171} INFO - Processing /home/lowenhard/acceleration/env/lib/python3.8/site-packages/airflow/example_dags/tutorial_etl_dag.py took 1.149 seconds
[2022-03-26 18:58:09,252] {processor.py:163} INFO - Started process (PID=1564) to work on /home/lowenhard/acceleration/env/lib/python3.8/site-packages/airflow/example_dags/tutorial_etl_dag.py
[2022-03-26 18:58:09,420] {processor.py:642} INFO - Processing file /home/lowenhard/acceleration/env/lib/python3.8/site-packages/airflow/example_dags/tutorial_etl_dag.py for tasks to queue
[2022-03-26 18:58:09,421] {logging_mixin.py:109} INFO - [2022-03-26 18:58:09,421] {dagbag.py:500} INFO - Filling up the DagBag from /home/lowenhard/acceleration/env/lib/python3.8/site-packages/airflow/example_dags/tutorial_etl_dag.py
[2022-03-26 18:58:09,444] {processor.py:654} INFO - DAG(s) dict_keys(['tutorial_etl_dag']) retrieved from /home/lowenhard/acceleration/env/lib/python3.8/site-packages/airflow/example_dags/tutorial_etl_dag.py
[2022-03-26 18:58:09,452] {logging_mixin.py:109} INFO - [2022-03-26 18:58:09,452] {dag.py:2398} INFO - Sync 1 DAGs
[2022-03-26 18:58:09,462] {logging_mixin.py:109} INFO - [2022-03-26 18:58:09,462] {dag.py:2937} INFO - Setting next_dagrun for tutorial_etl_dag to None
[2022-03-26 18:58:09,612] {processor.py:171} INFO - Processing /home/lowenhard/acceleration/env/lib/python3.8/site-packages/airflow/example_dags/tutorial_etl_dag.py took 0.363 seconds
[2022-03-26 18:59:31,330] {processor.py:163} INFO - Started process (PID=1605) to work on /home/lowenhard/acceleration/env/lib/python3.8/site-packages/airflow/example_dags/tutorial_etl_dag.py
[2022-03-26 18:59:31,380] {processor.py:642} INFO - Processing file /home/lowenhard/acceleration/env/lib/python3.8/site-packages/airflow/example_dags/tutorial_etl_dag.py for tasks to queue
[2022-03-26 18:59:31,381] {logging_mixin.py:109} INFO - [2022-03-26 18:59:31,381] {dagbag.py:500} INFO - Filling up the DagBag from /home/lowenhard/acceleration/env/lib/python3.8/site-packages/airflow/example_dags/tutorial_etl_dag.py
[2022-03-26 18:59:31,411] {processor.py:654} INFO - DAG(s) dict_keys(['tutorial_etl_dag']) retrieved from /home/lowenhard/acceleration/env/lib/python3.8/site-packages/airflow/example_dags/tutorial_etl_dag.py
[2022-03-26 18:59:31,421] {logging_mixin.py:109} INFO - [2022-03-26 18:59:31,421] {dag.py:2398} INFO - Sync 1 DAGs
[2022-03-26 18:59:31,438] {logging_mixin.py:109} INFO - [2022-03-26 18:59:31,438] {dag.py:2937} INFO - Setting next_dagrun for tutorial_etl_dag to None
[2022-03-26 18:59:32,041] {processor.py:171} INFO - Processing /home/lowenhard/acceleration/env/lib/python3.8/site-packages/airflow/example_dags/tutorial_etl_dag.py took 0.712 seconds
