[2022-04-03 03:10:49,743] {taskinstance.py:1037} INFO - Dependencies all met for <TaskInstance: hello_dag.print_final manual__2022-04-03T08:10:26.441704+00:00 [queued]>
[2022-04-03 03:10:49,751] {taskinstance.py:1037} INFO - Dependencies all met for <TaskInstance: hello_dag.print_final manual__2022-04-03T08:10:26.441704+00:00 [queued]>
[2022-04-03 03:10:49,751] {taskinstance.py:1243} INFO - 
--------------------------------------------------------------------------------
[2022-04-03 03:10:49,751] {taskinstance.py:1244} INFO - Starting attempt 1 of 2
[2022-04-03 03:10:49,751] {taskinstance.py:1245} INFO - 
--------------------------------------------------------------------------------
[2022-04-03 03:10:50,182] {taskinstance.py:1264} INFO - Executing <Task(BashOperator): print_final> on 2022-04-03 08:10:26.441704+00:00
[2022-04-03 03:10:50,184] {standard_task_runner.py:52} INFO - Started process 772 to run task
[2022-04-03 03:10:50,188] {standard_task_runner.py:76} INFO - Running: ['airflow', 'tasks', 'run', 'hello_dag', 'print_final', 'manual__2022-04-03T08:10:26.441704+00:00', '--job-id', '236', '--raw', '--subdir', 'DAGS_FOLDER/dag_example.py', '--cfg-path', '/tmp/tmpzo9h3ixg', '--error-file', '/tmp/tmpt3u97mb6']
[2022-04-03 03:10:50,189] {standard_task_runner.py:77} INFO - Job 236: Subtask print_final
[2022-04-03 03:10:50,646] {logging_mixin.py:109} INFO - Running <TaskInstance: hello_dag.print_final manual__2022-04-03T08:10:26.441704+00:00 [running]> on host LAPTOP-5HJG55H7.localdomain
[2022-04-03 03:10:51,228] {taskinstance.py:1429} INFO - Exporting the following env vars:
AIRFLOW_CTX_DAG_OWNER=airflow
AIRFLOW_CTX_DAG_ID=hello_dag
AIRFLOW_CTX_TASK_ID=print_final
AIRFLOW_CTX_EXECUTION_DATE=2022-04-03T08:10:26.441704+00:00
AIRFLOW_CTX_DAG_RUN_ID=manual__2022-04-03T08:10:26.441704+00:00
[2022-04-03 03:10:51,229] {subprocess.py:62} INFO - Tmp dir root location: 
 /tmp
[2022-04-03 03:10:51,230] {subprocess.py:74} INFO - Running command: ['bash', '-c', 'echo "Finish..."']
[2022-04-03 03:10:51,236] {subprocess.py:85} INFO - Output:
[2022-04-03 03:10:51,237] {subprocess.py:89} INFO - Finish...
[2022-04-03 03:10:51,238] {subprocess.py:93} INFO - Command exited with return code 0
[2022-04-03 03:10:52,519] {taskinstance.py:1272} INFO - Marking task as SUCCESS. dag_id=hello_dag, task_id=print_final, execution_date=20220403T081026, start_date=20220403T081049, end_date=20220403T081052
[2022-04-03 03:10:52,819] {local_task_job.py:154} INFO - Task exited with return code 0
[2022-04-03 03:10:52,836] {local_task_job.py:264} INFO - 0 downstream tasks scheduled from follow-on schedule check
