[2022-04-03 03:00:41,536] {taskinstance.py:1037} INFO - Dependencies all met for <TaskInstance: postgres_dag.get_data_cine scheduled__2022-04-02T08:00:27.340990+00:00 [queued]>
[2022-04-03 03:00:41,550] {taskinstance.py:1037} INFO - Dependencies all met for <TaskInstance: postgres_dag.get_data_cine scheduled__2022-04-02T08:00:27.340990+00:00 [queued]>
[2022-04-03 03:00:41,550] {taskinstance.py:1243} INFO - 
--------------------------------------------------------------------------------
[2022-04-03 03:00:41,550] {taskinstance.py:1244} INFO - Starting attempt 1 of 1
[2022-04-03 03:00:41,550] {taskinstance.py:1245} INFO - 
--------------------------------------------------------------------------------
[2022-04-03 03:00:41,807] {taskinstance.py:1264} INFO - Executing <Task(_PythonDecoratedOperator): get_data_cine> on 2022-04-02 08:00:27.340990+00:00
[2022-04-03 03:00:41,810] {standard_task_runner.py:52} INFO - Started process 303 to run task
[2022-04-03 03:00:41,826] {standard_task_runner.py:76} INFO - Running: ['airflow', 'tasks', 'run', 'postgres_dag', 'get_data_cine', 'scheduled__2022-04-02T08:00:27.340990+00:00', '--job-id', '221', '--raw', '--subdir', 'DAGS_FOLDER/postgres_conn.py', '--cfg-path', '/tmp/tmp69vvqfod', '--error-file', '/tmp/tmp3s17t3xd']
[2022-04-03 03:00:41,827] {standard_task_runner.py:77} INFO - Job 221: Subtask get_data_cine
[2022-04-03 03:00:43,598] {logging_mixin.py:109} INFO - Running <TaskInstance: postgres_dag.get_data_cine scheduled__2022-04-02T08:00:27.340990+00:00 [running]> on host LAPTOP-5HJG55H7.localdomain
[2022-04-03 03:00:44,177] {taskinstance.py:1429} INFO - Exporting the following env vars:
AIRFLOW_CTX_DAG_OWNER=airflow
AIRFLOW_CTX_DAG_ID=postgres_dag
AIRFLOW_CTX_TASK_ID=get_data_cine
AIRFLOW_CTX_EXECUTION_DATE=2022-04-02T08:00:27.340990+00:00
AIRFLOW_CTX_DAG_RUN_ID=scheduled__2022-04-02T08:00:27.340990+00:00
[2022-04-03 03:00:44,186] {base.py:70} INFO - Using connection to: id: airflow-universities. Host: training-main.cghe7e6sfljt.us-east-1.rds.amazonaws.com, Port: 5432, Schema: training, Login: alkymer, Password: ***, extra: {}
[2022-04-03 03:00:45,461] {python.py:175} INFO - Done. Returned value was: None
[2022-04-03 03:00:45,481] {taskinstance.py:1272} INFO - Marking task as SUCCESS. dag_id=postgres_dag, task_id=get_data_cine, execution_date=20220402T080027, start_date=20220403T080041, end_date=20220403T080045
[2022-04-03 03:00:45,725] {local_task_job.py:154} INFO - Task exited with return code 0
[2022-04-03 03:00:45,922] {local_task_job.py:264} INFO - 1 downstream tasks scheduled from follow-on schedule check
