[2022-03-21 05:34:04,364] {processor.py:163} INFO - Started process (PID=653) to work on /home/lowenhard/airflow/dags/dag_example.py
[2022-03-21 05:34:04,365] {processor.py:642} INFO - Processing file /home/lowenhard/airflow/dags/dag_example.py for tasks to queue
[2022-03-21 05:34:04,366] {logging_mixin.py:109} INFO - [2022-03-21 05:34:04,366] {dagbag.py:500} INFO - Filling up the DagBag from /home/lowenhard/airflow/dags/dag_example.py
[2022-03-21 05:34:04,386] {processor.py:654} INFO - DAG(s) dict_keys(['tutorial']) retrieved from /home/lowenhard/airflow/dags/dag_example.py
[2022-03-21 05:34:04,647] {logging_mixin.py:109} INFO - [2022-03-21 05:34:04,647] {dag.py:2398} INFO - Sync 1 DAGs
[2022-03-21 05:34:04,656] {logging_mixin.py:109} INFO - [2022-03-21 05:34:04,656] {dag.py:2937} INFO - Setting next_dagrun for tutorial to 2022-03-20T10:34:04.656051+00:00
[2022-03-21 05:34:04,978] {processor.py:171} INFO - Processing /home/lowenhard/airflow/dags/dag_example.py took 0.616 seconds
[2022-03-21 05:34:22,646] {processor.py:163} INFO - Started process (PID=671) to work on /home/lowenhard/airflow/dags/dag_example.py
[2022-03-21 05:34:22,647] {processor.py:642} INFO - Processing file /home/lowenhard/airflow/dags/dag_example.py for tasks to queue
[2022-03-21 05:34:22,648] {logging_mixin.py:109} INFO - [2022-03-21 05:34:22,648] {dagbag.py:500} INFO - Filling up the DagBag from /home/lowenhard/airflow/dags/dag_example.py
[2022-03-21 05:34:22,669] {processor.py:654} INFO - DAG(s) dict_keys(['tutorial']) retrieved from /home/lowenhard/airflow/dags/dag_example.py
[2022-03-21 05:34:22,675] {logging_mixin.py:109} INFO - [2022-03-21 05:34:22,675] {dag.py:2398} INFO - Sync 1 DAGs
[2022-03-21 05:34:22,690] {logging_mixin.py:109} INFO - [2022-03-21 05:34:22,690] {dag.py:2937} INFO - Setting next_dagrun for tutorial to 2022-03-20T10:34:22.690407+00:00
[2022-03-21 05:34:22,868] {processor.py:171} INFO - Processing /home/lowenhard/airflow/dags/dag_example.py took 0.225 seconds
[2022-03-21 05:35:36,213] {processor.py:163} INFO - Started process (PID=710) to work on /home/lowenhard/airflow/dags/dag_example.py
[2022-03-21 05:35:36,224] {processor.py:642} INFO - Processing file /home/lowenhard/airflow/dags/dag_example.py for tasks to queue
[2022-03-21 05:35:36,225] {logging_mixin.py:109} INFO - [2022-03-21 05:35:36,225] {dagbag.py:500} INFO - Filling up the DagBag from /home/lowenhard/airflow/dags/dag_example.py
[2022-03-21 05:35:36,244] {processor.py:654} INFO - DAG(s) dict_keys(['tutorial']) retrieved from /home/lowenhard/airflow/dags/dag_example.py
[2022-03-21 05:35:36,444] {logging_mixin.py:109} INFO - [2022-03-21 05:35:36,444] {dag.py:2398} INFO - Sync 1 DAGs
[2022-03-21 05:35:36,454] {logging_mixin.py:109} INFO - [2022-03-21 05:35:36,454] {dag.py:2937} INFO - Setting next_dagrun for tutorial to 2022-03-20T10:35:36.454079+00:00
[2022-03-21 05:35:36,602] {processor.py:171} INFO - Processing /home/lowenhard/airflow/dags/dag_example.py took 0.391 seconds
[2022-03-21 05:36:19,614] {processor.py:163} INFO - Started process (PID=737) to work on /home/lowenhard/airflow/dags/dag_example.py
[2022-03-21 05:36:19,621] {processor.py:642} INFO - Processing file /home/lowenhard/airflow/dags/dag_example.py for tasks to queue
[2022-03-21 05:36:19,622] {logging_mixin.py:109} INFO - [2022-03-21 05:36:19,622] {dagbag.py:500} INFO - Filling up the DagBag from /home/lowenhard/airflow/dags/dag_example.py
[2022-03-21 05:36:19,643] {processor.py:654} INFO - DAG(s) dict_keys(['tutorial']) retrieved from /home/lowenhard/airflow/dags/dag_example.py
[2022-03-21 05:36:19,653] {logging_mixin.py:109} INFO - [2022-03-21 05:36:19,653] {dag.py:2398} INFO - Sync 1 DAGs
[2022-03-21 05:36:19,665] {logging_mixin.py:109} INFO - [2022-03-21 05:36:19,665] {dag.py:2937} INFO - Setting next_dagrun for tutorial to 2022-03-20T10:36:19.665008+00:00
[2022-03-21 05:36:21,374] {processor.py:171} INFO - Processing /home/lowenhard/airflow/dags/dag_example.py took 1.763 seconds
[2022-03-21 05:37:05,811] {processor.py:163} INFO - Started process (PID=762) to work on /home/lowenhard/airflow/dags/dag_example.py
[2022-03-21 05:37:05,831] {processor.py:642} INFO - Processing file /home/lowenhard/airflow/dags/dag_example.py for tasks to queue
[2022-03-21 05:37:05,831] {logging_mixin.py:109} INFO - [2022-03-21 05:37:05,831] {dagbag.py:500} INFO - Filling up the DagBag from /home/lowenhard/airflow/dags/dag_example.py
[2022-03-21 05:37:05,856] {processor.py:654} INFO - DAG(s) dict_keys(['tutorial']) retrieved from /home/lowenhard/airflow/dags/dag_example.py
[2022-03-21 05:37:05,868] {logging_mixin.py:109} INFO - [2022-03-21 05:37:05,868] {dag.py:2398} INFO - Sync 1 DAGs
[2022-03-21 05:37:05,881] {logging_mixin.py:109} INFO - [2022-03-21 05:37:05,881] {dag.py:2937} INFO - Setting next_dagrun for tutorial to 2022-03-20T10:37:05.881243+00:00
[2022-03-21 05:37:06,235] {processor.py:171} INFO - Processing /home/lowenhard/airflow/dags/dag_example.py took 0.428 seconds
[2022-03-21 05:37:52,075] {processor.py:163} INFO - Started process (PID=780) to work on /home/lowenhard/airflow/dags/dag_example.py
[2022-03-21 05:37:52,078] {processor.py:642} INFO - Processing file /home/lowenhard/airflow/dags/dag_example.py for tasks to queue
[2022-03-21 05:37:52,079] {logging_mixin.py:109} INFO - [2022-03-21 05:37:52,079] {dagbag.py:500} INFO - Filling up the DagBag from /home/lowenhard/airflow/dags/dag_example.py
[2022-03-21 05:37:52,098] {processor.py:654} INFO - DAG(s) dict_keys(['tutorial']) retrieved from /home/lowenhard/airflow/dags/dag_example.py
[2022-03-21 05:37:52,102] {logging_mixin.py:109} INFO - [2022-03-21 05:37:52,102] {dag.py:2398} INFO - Sync 1 DAGs
[2022-03-21 05:37:52,114] {logging_mixin.py:109} INFO - [2022-03-21 05:37:52,114] {dag.py:2937} INFO - Setting next_dagrun for tutorial to 2022-03-20T10:37:52.113640+00:00
[2022-03-21 05:37:52,981] {processor.py:171} INFO - Processing /home/lowenhard/airflow/dags/dag_example.py took 0.908 seconds
[2022-03-21 05:38:43,252] {processor.py:163} INFO - Started process (PID=802) to work on /home/lowenhard/airflow/dags/dag_example.py
[2022-03-21 05:38:43,448] {processor.py:642} INFO - Processing file /home/lowenhard/airflow/dags/dag_example.py for tasks to queue
[2022-03-21 05:38:43,448] {logging_mixin.py:109} INFO - [2022-03-21 05:38:43,448] {dagbag.py:500} INFO - Filling up the DagBag from /home/lowenhard/airflow/dags/dag_example.py
[2022-03-21 05:38:43,471] {processor.py:654} INFO - DAG(s) dict_keys(['tutorial']) retrieved from /home/lowenhard/airflow/dags/dag_example.py
[2022-03-21 05:38:43,681] {logging_mixin.py:109} INFO - [2022-03-21 05:38:43,681] {dag.py:2398} INFO - Sync 1 DAGs
[2022-03-21 05:38:43,690] {logging_mixin.py:109} INFO - [2022-03-21 05:38:43,690] {dag.py:2937} INFO - Setting next_dagrun for tutorial to 2022-03-20T10:38:43.690553+00:00
[2022-03-21 05:38:45,846] {processor.py:171} INFO - Processing /home/lowenhard/airflow/dags/dag_example.py took 2.597 seconds
[2022-03-21 05:39:41,783] {processor.py:163} INFO - Started process (PID=825) to work on /home/lowenhard/airflow/dags/dag_example.py
[2022-03-21 05:39:41,976] {processor.py:642} INFO - Processing file /home/lowenhard/airflow/dags/dag_example.py for tasks to queue
[2022-03-21 05:39:41,977] {logging_mixin.py:109} INFO - [2022-03-21 05:39:41,977] {dagbag.py:500} INFO - Filling up the DagBag from /home/lowenhard/airflow/dags/dag_example.py
[2022-03-21 05:39:42,001] {processor.py:654} INFO - DAG(s) dict_keys(['tutorial']) retrieved from /home/lowenhard/airflow/dags/dag_example.py
[2022-03-21 05:39:42,005] {logging_mixin.py:109} INFO - [2022-03-21 05:39:42,005] {dag.py:2398} INFO - Sync 1 DAGs
[2022-03-21 05:39:42,017] {logging_mixin.py:109} INFO - [2022-03-21 05:39:42,017] {dag.py:2937} INFO - Setting next_dagrun for tutorial to 2022-03-21T00:00:00+00:00
[2022-03-21 05:39:43,025] {processor.py:171} INFO - Processing /home/lowenhard/airflow/dags/dag_example.py took 1.245 seconds
[2022-03-21 05:40:31,845] {processor.py:163} INFO - Started process (PID=848) to work on /home/lowenhard/airflow/dags/dag_example.py
[2022-03-21 05:40:32,255] {processor.py:642} INFO - Processing file /home/lowenhard/airflow/dags/dag_example.py for tasks to queue
[2022-03-21 05:40:32,255] {logging_mixin.py:109} INFO - [2022-03-21 05:40:32,255] {dagbag.py:500} INFO - Filling up the DagBag from /home/lowenhard/airflow/dags/dag_example.py
[2022-03-21 05:40:32,275] {processor.py:654} INFO - DAG(s) dict_keys(['tutorial']) retrieved from /home/lowenhard/airflow/dags/dag_example.py
[2022-03-21 05:40:32,456] {logging_mixin.py:109} INFO - [2022-03-21 05:40:32,456] {dag.py:2398} INFO - Sync 1 DAGs
[2022-03-21 05:40:32,467] {logging_mixin.py:109} INFO - [2022-03-21 05:40:32,467] {dag.py:2937} INFO - Setting next_dagrun for tutorial to 2022-03-21T00:00:00+00:00
[2022-03-21 05:40:32,672] {processor.py:171} INFO - Processing /home/lowenhard/airflow/dags/dag_example.py took 0.829 seconds
[2022-03-21 05:41:13,717] {processor.py:163} INFO - Started process (PID=869) to work on /home/lowenhard/airflow/dags/dag_example.py
[2022-03-21 05:41:14,018] {processor.py:642} INFO - Processing file /home/lowenhard/airflow/dags/dag_example.py for tasks to queue
[2022-03-21 05:41:14,090] {logging_mixin.py:109} INFO - [2022-03-21 05:41:14,090] {dagbag.py:500} INFO - Filling up the DagBag from /home/lowenhard/airflow/dags/dag_example.py
[2022-03-21 05:41:14,343] {processor.py:654} INFO - DAG(s) dict_keys(['tutorial']) retrieved from /home/lowenhard/airflow/dags/dag_example.py
[2022-03-21 05:41:14,354] {logging_mixin.py:109} INFO - [2022-03-21 05:41:14,354] {dag.py:2398} INFO - Sync 1 DAGs
[2022-03-21 05:41:14,366] {logging_mixin.py:109} INFO - [2022-03-21 05:41:14,366] {dag.py:2937} INFO - Setting next_dagrun for tutorial to 2022-03-21T00:00:00+00:00
[2022-03-21 05:41:14,532] {processor.py:171} INFO - Processing /home/lowenhard/airflow/dags/dag_example.py took 0.819 seconds
[2022-03-21 05:41:56,748] {processor.py:163} INFO - Started process (PID=888) to work on /home/lowenhard/airflow/dags/dag_example.py
[2022-03-21 05:41:56,852] {processor.py:642} INFO - Processing file /home/lowenhard/airflow/dags/dag_example.py for tasks to queue
[2022-03-21 05:41:56,853] {logging_mixin.py:109} INFO - [2022-03-21 05:41:56,853] {dagbag.py:500} INFO - Filling up the DagBag from /home/lowenhard/airflow/dags/dag_example.py
[2022-03-21 05:41:56,872] {processor.py:654} INFO - DAG(s) dict_keys(['tutorial']) retrieved from /home/lowenhard/airflow/dags/dag_example.py
[2022-03-21 05:41:56,881] {logging_mixin.py:109} INFO - [2022-03-21 05:41:56,881] {dag.py:2398} INFO - Sync 1 DAGs
[2022-03-21 05:41:56,892] {logging_mixin.py:109} INFO - [2022-03-21 05:41:56,892] {dag.py:2937} INFO - Setting next_dagrun for tutorial to 2022-03-21T00:00:00+00:00
[2022-03-21 05:41:57,648] {processor.py:171} INFO - Processing /home/lowenhard/airflow/dags/dag_example.py took 0.902 seconds
[2022-03-21 05:42:47,513] {processor.py:163} INFO - Started process (PID=912) to work on /home/lowenhard/airflow/dags/dag_example.py
[2022-03-21 05:42:47,556] {processor.py:642} INFO - Processing file /home/lowenhard/airflow/dags/dag_example.py for tasks to queue
[2022-03-21 05:42:47,556] {logging_mixin.py:109} INFO - [2022-03-21 05:42:47,556] {dagbag.py:500} INFO - Filling up the DagBag from /home/lowenhard/airflow/dags/dag_example.py
[2022-03-21 05:42:47,577] {processor.py:654} INFO - DAG(s) dict_keys(['tutorial']) retrieved from /home/lowenhard/airflow/dags/dag_example.py
[2022-03-21 05:42:47,581] {logging_mixin.py:109} INFO - [2022-03-21 05:42:47,581] {dag.py:2398} INFO - Sync 1 DAGs
[2022-03-21 05:42:47,593] {logging_mixin.py:109} INFO - [2022-03-21 05:42:47,593] {dag.py:2937} INFO - Setting next_dagrun for tutorial to 2022-03-21T00:00:00+00:00
[2022-03-21 05:42:47,944] {processor.py:171} INFO - Processing /home/lowenhard/airflow/dags/dag_example.py took 0.434 seconds
[2022-03-21 05:43:39,548] {processor.py:163} INFO - Started process (PID=940) to work on /home/lowenhard/airflow/dags/dag_example.py
[2022-03-21 05:43:39,554] {processor.py:642} INFO - Processing file /home/lowenhard/airflow/dags/dag_example.py for tasks to queue
[2022-03-21 05:43:39,554] {logging_mixin.py:109} INFO - [2022-03-21 05:43:39,554] {dagbag.py:500} INFO - Filling up the DagBag from /home/lowenhard/airflow/dags/dag_example.py
[2022-03-21 05:43:39,574] {processor.py:654} INFO - DAG(s) dict_keys(['tutorial']) retrieved from /home/lowenhard/airflow/dags/dag_example.py
[2022-03-21 05:43:39,762] {logging_mixin.py:109} INFO - [2022-03-21 05:43:39,762] {dag.py:2398} INFO - Sync 1 DAGs
[2022-03-21 05:43:39,835] {logging_mixin.py:109} INFO - [2022-03-21 05:43:39,835] {dag.py:2937} INFO - Setting next_dagrun for tutorial to 2022-03-21T00:00:00+00:00
[2022-03-21 05:43:40,136] {processor.py:171} INFO - Processing /home/lowenhard/airflow/dags/dag_example.py took 0.590 seconds
[2022-03-21 05:44:23,028] {processor.py:163} INFO - Started process (PID=960) to work on /home/lowenhard/airflow/dags/dag_example.py
[2022-03-21 05:44:23,275] {processor.py:642} INFO - Processing file /home/lowenhard/airflow/dags/dag_example.py for tasks to queue
[2022-03-21 05:44:23,276] {logging_mixin.py:109} INFO - [2022-03-21 05:44:23,276] {dagbag.py:500} INFO - Filling up the DagBag from /home/lowenhard/airflow/dags/dag_example.py
[2022-03-21 05:44:23,297] {processor.py:654} INFO - DAG(s) dict_keys(['tutorial']) retrieved from /home/lowenhard/airflow/dags/dag_example.py
[2022-03-21 05:44:23,308] {logging_mixin.py:109} INFO - [2022-03-21 05:44:23,308] {dag.py:2398} INFO - Sync 1 DAGs
[2022-03-21 05:44:23,320] {logging_mixin.py:109} INFO - [2022-03-21 05:44:23,320] {dag.py:2937} INFO - Setting next_dagrun for tutorial to 2022-03-21T00:00:00+00:00
[2022-03-21 05:44:25,251] {processor.py:171} INFO - Processing /home/lowenhard/airflow/dags/dag_example.py took 2.225 seconds
[2022-03-21 05:45:04,315] {processor.py:163} INFO - Started process (PID=979) to work on /home/lowenhard/airflow/dags/dag_example.py
[2022-03-21 05:45:04,568] {processor.py:642} INFO - Processing file /home/lowenhard/airflow/dags/dag_example.py for tasks to queue
[2022-03-21 05:45:04,569] {logging_mixin.py:109} INFO - [2022-03-21 05:45:04,569] {dagbag.py:500} INFO - Filling up the DagBag from /home/lowenhard/airflow/dags/dag_example.py
[2022-03-21 05:45:04,615] {processor.py:654} INFO - DAG(s) dict_keys(['tutorial']) retrieved from /home/lowenhard/airflow/dags/dag_example.py
[2022-03-21 05:45:04,628] {logging_mixin.py:109} INFO - [2022-03-21 05:45:04,628] {dag.py:2398} INFO - Sync 1 DAGs
[2022-03-21 05:45:04,648] {logging_mixin.py:109} INFO - [2022-03-21 05:45:04,648] {dag.py:2937} INFO - Setting next_dagrun for tutorial to 2022-03-21T00:00:00+00:00
[2022-03-21 05:45:05,284] {processor.py:171} INFO - Processing /home/lowenhard/airflow/dags/dag_example.py took 0.972 seconds
[2022-03-21 05:45:48,525] {processor.py:163} INFO - Started process (PID=998) to work on /home/lowenhard/airflow/dags/dag_example.py
[2022-03-21 05:45:49,261] {processor.py:642} INFO - Processing file /home/lowenhard/airflow/dags/dag_example.py for tasks to queue
[2022-03-21 05:45:49,262] {logging_mixin.py:109} INFO - [2022-03-21 05:45:49,262] {dagbag.py:500} INFO - Filling up the DagBag from /home/lowenhard/airflow/dags/dag_example.py
[2022-03-21 05:45:49,284] {processor.py:654} INFO - DAG(s) dict_keys(['tutorial']) retrieved from /home/lowenhard/airflow/dags/dag_example.py
[2022-03-21 05:45:49,288] {logging_mixin.py:109} INFO - [2022-03-21 05:45:49,288] {dag.py:2398} INFO - Sync 1 DAGs
[2022-03-21 05:45:49,302] {logging_mixin.py:109} INFO - [2022-03-21 05:45:49,301] {dag.py:2937} INFO - Setting next_dagrun for tutorial to 2022-03-21T00:00:00+00:00
[2022-03-21 05:45:49,478] {processor.py:171} INFO - Processing /home/lowenhard/airflow/dags/dag_example.py took 0.957 seconds
[2022-03-21 05:46:35,015] {processor.py:163} INFO - Started process (PID=1019) to work on /home/lowenhard/airflow/dags/dag_example.py
[2022-03-21 05:46:35,099] {processor.py:642} INFO - Processing file /home/lowenhard/airflow/dags/dag_example.py for tasks to queue
[2022-03-21 05:46:35,099] {logging_mixin.py:109} INFO - [2022-03-21 05:46:35,099] {dagbag.py:500} INFO - Filling up the DagBag from /home/lowenhard/airflow/dags/dag_example.py
[2022-03-21 05:46:35,122] {processor.py:654} INFO - DAG(s) dict_keys(['tutorial']) retrieved from /home/lowenhard/airflow/dags/dag_example.py
[2022-03-21 05:46:35,406] {logging_mixin.py:109} INFO - [2022-03-21 05:46:35,406] {dag.py:2398} INFO - Sync 1 DAGs
[2022-03-21 05:46:35,418] {logging_mixin.py:109} INFO - [2022-03-21 05:46:35,418] {dag.py:2937} INFO - Setting next_dagrun for tutorial to 2022-03-21T00:00:00+00:00
[2022-03-21 05:46:36,764] {processor.py:171} INFO - Processing /home/lowenhard/airflow/dags/dag_example.py took 1.752 seconds
[2022-03-21 05:47:22,656] {processor.py:163} INFO - Started process (PID=1039) to work on /home/lowenhard/airflow/dags/dag_example.py
[2022-03-21 05:47:22,697] {processor.py:642} INFO - Processing file /home/lowenhard/airflow/dags/dag_example.py for tasks to queue
[2022-03-21 05:47:22,698] {logging_mixin.py:109} INFO - [2022-03-21 05:47:22,698] {dagbag.py:500} INFO - Filling up the DagBag from /home/lowenhard/airflow/dags/dag_example.py
[2022-03-21 05:47:22,731] {processor.py:654} INFO - DAG(s) dict_keys(['tutorial']) retrieved from /home/lowenhard/airflow/dags/dag_example.py
[2022-03-21 05:47:22,746] {logging_mixin.py:109} INFO - [2022-03-21 05:47:22,746] {dag.py:2398} INFO - Sync 1 DAGs
[2022-03-21 05:47:22,766] {logging_mixin.py:109} INFO - [2022-03-21 05:47:22,766] {dag.py:2937} INFO - Setting next_dagrun for tutorial to 2022-03-21T00:00:00+00:00
[2022-03-21 05:47:23,002] {processor.py:171} INFO - Processing /home/lowenhard/airflow/dags/dag_example.py took 0.349 seconds
[2022-03-21 05:48:15,749] {processor.py:163} INFO - Started process (PID=1060) to work on /home/lowenhard/airflow/dags/dag_example.py
[2022-03-21 05:48:15,874] {processor.py:642} INFO - Processing file /home/lowenhard/airflow/dags/dag_example.py for tasks to queue
[2022-03-21 05:48:15,875] {logging_mixin.py:109} INFO - [2022-03-21 05:48:15,875] {dagbag.py:500} INFO - Filling up the DagBag from /home/lowenhard/airflow/dags/dag_example.py
[2022-03-21 05:48:15,902] {processor.py:654} INFO - DAG(s) dict_keys(['tutorial']) retrieved from /home/lowenhard/airflow/dags/dag_example.py
[2022-03-21 05:48:15,919] {logging_mixin.py:109} INFO - [2022-03-21 05:48:15,919] {dag.py:2398} INFO - Sync 1 DAGs
[2022-03-21 05:48:15,950] {logging_mixin.py:109} INFO - [2022-03-21 05:48:15,949] {dag.py:2937} INFO - Setting next_dagrun for tutorial to 2022-03-21T00:00:00+00:00
[2022-03-21 05:48:18,477] {processor.py:171} INFO - Processing /home/lowenhard/airflow/dags/dag_example.py took 2.730 seconds
[2022-03-21 05:48:56,468] {processor.py:163} INFO - Started process (PID=1079) to work on /home/lowenhard/airflow/dags/dag_example.py
[2022-03-21 05:48:56,616] {processor.py:642} INFO - Processing file /home/lowenhard/airflow/dags/dag_example.py for tasks to queue
[2022-03-21 05:48:56,617] {logging_mixin.py:109} INFO - [2022-03-21 05:48:56,616] {dagbag.py:500} INFO - Filling up the DagBag from /home/lowenhard/airflow/dags/dag_example.py
[2022-03-21 05:48:56,657] {processor.py:654} INFO - DAG(s) dict_keys(['tutorial']) retrieved from /home/lowenhard/airflow/dags/dag_example.py
[2022-03-21 05:48:56,664] {logging_mixin.py:109} INFO - [2022-03-21 05:48:56,663] {dag.py:2398} INFO - Sync 1 DAGs
[2022-03-21 05:48:56,684] {logging_mixin.py:109} INFO - [2022-03-21 05:48:56,684] {dag.py:2937} INFO - Setting next_dagrun for tutorial to 2022-03-21T00:00:00+00:00
[2022-03-21 05:48:57,242] {processor.py:171} INFO - Processing /home/lowenhard/airflow/dags/dag_example.py took 0.777 seconds
[2022-03-21 05:49:39,216] {processor.py:163} INFO - Started process (PID=1098) to work on /home/lowenhard/airflow/dags/dag_example.py
[2022-03-21 05:49:39,560] {processor.py:642} INFO - Processing file /home/lowenhard/airflow/dags/dag_example.py for tasks to queue
[2022-03-21 05:49:39,561] {logging_mixin.py:109} INFO - [2022-03-21 05:49:39,560] {dagbag.py:500} INFO - Filling up the DagBag from /home/lowenhard/airflow/dags/dag_example.py
[2022-03-21 05:49:39,762] {processor.py:654} INFO - DAG(s) dict_keys(['tutorial']) retrieved from /home/lowenhard/airflow/dags/dag_example.py
[2022-03-21 05:49:40,258] {logging_mixin.py:109} INFO - [2022-03-21 05:49:40,258] {dag.py:2398} INFO - Sync 1 DAGs
[2022-03-21 05:49:40,278] {logging_mixin.py:109} INFO - [2022-03-21 05:49:40,278] {dag.py:2937} INFO - Setting next_dagrun for tutorial to 2022-03-21T00:00:00+00:00
[2022-03-21 05:49:40,437] {processor.py:171} INFO - Processing /home/lowenhard/airflow/dags/dag_example.py took 1.223 seconds
[2022-03-21 05:50:31,943] {processor.py:163} INFO - Started process (PID=1122) to work on /home/lowenhard/airflow/dags/dag_example.py
[2022-03-21 05:50:31,957] {processor.py:642} INFO - Processing file /home/lowenhard/airflow/dags/dag_example.py for tasks to queue
[2022-03-21 05:50:31,958] {logging_mixin.py:109} INFO - [2022-03-21 05:50:31,958] {dagbag.py:500} INFO - Filling up the DagBag from /home/lowenhard/airflow/dags/dag_example.py
[2022-03-21 05:50:31,978] {processor.py:654} INFO - DAG(s) dict_keys(['tutorial']) retrieved from /home/lowenhard/airflow/dags/dag_example.py
[2022-03-21 05:50:31,988] {logging_mixin.py:109} INFO - [2022-03-21 05:50:31,988] {dag.py:2398} INFO - Sync 1 DAGs
[2022-03-21 05:50:32,001] {logging_mixin.py:109} INFO - [2022-03-21 05:50:32,001] {dag.py:2937} INFO - Setting next_dagrun for tutorial to 2022-03-21T00:00:00+00:00
[2022-03-21 05:50:33,558] {processor.py:171} INFO - Processing /home/lowenhard/airflow/dags/dag_example.py took 1.617 seconds
[2022-03-21 05:51:27,886] {processor.py:163} INFO - Started process (PID=1144) to work on /home/lowenhard/airflow/dags/dag_example.py
[2022-03-21 05:51:28,676] {processor.py:642} INFO - Processing file /home/lowenhard/airflow/dags/dag_example.py for tasks to queue
[2022-03-21 05:51:28,676] {logging_mixin.py:109} INFO - [2022-03-21 05:51:28,676] {dagbag.py:500} INFO - Filling up the DagBag from /home/lowenhard/airflow/dags/dag_example.py
[2022-03-21 05:51:28,699] {processor.py:654} INFO - DAG(s) dict_keys(['tutorial']) retrieved from /home/lowenhard/airflow/dags/dag_example.py
[2022-03-21 05:51:28,708] {logging_mixin.py:109} INFO - [2022-03-21 05:51:28,708] {dag.py:2398} INFO - Sync 1 DAGs
[2022-03-21 05:51:28,720] {logging_mixin.py:109} INFO - [2022-03-21 05:51:28,720] {dag.py:2937} INFO - Setting next_dagrun for tutorial to 2022-03-21T00:00:00+00:00
[2022-03-21 05:51:28,933] {processor.py:171} INFO - Processing /home/lowenhard/airflow/dags/dag_example.py took 1.050 seconds
[2022-03-21 05:52:20,788] {processor.py:163} INFO - Started process (PID=1165) to work on /home/lowenhard/airflow/dags/dag_example.py
[2022-03-21 05:52:20,823] {processor.py:642} INFO - Processing file /home/lowenhard/airflow/dags/dag_example.py for tasks to queue
[2022-03-21 05:52:20,824] {logging_mixin.py:109} INFO - [2022-03-21 05:52:20,824] {dagbag.py:500} INFO - Filling up the DagBag from /home/lowenhard/airflow/dags/dag_example.py
[2022-03-21 05:52:20,853] {processor.py:654} INFO - DAG(s) dict_keys(['tutorial']) retrieved from /home/lowenhard/airflow/dags/dag_example.py
[2022-03-21 05:52:20,870] {logging_mixin.py:109} INFO - [2022-03-21 05:52:20,870] {dag.py:2398} INFO - Sync 1 DAGs
[2022-03-21 05:52:20,918] {logging_mixin.py:109} INFO - [2022-03-21 05:52:20,918] {dag.py:2937} INFO - Setting next_dagrun for tutorial to 2022-03-21T00:00:00+00:00
[2022-03-21 05:52:22,089] {processor.py:171} INFO - Processing /home/lowenhard/airflow/dags/dag_example.py took 1.305 seconds
[2022-03-21 05:53:07,322] {processor.py:163} INFO - Started process (PID=1186) to work on /home/lowenhard/airflow/dags/dag_example.py
[2022-03-21 05:53:07,445] {processor.py:642} INFO - Processing file /home/lowenhard/airflow/dags/dag_example.py for tasks to queue
[2022-03-21 05:53:07,446] {logging_mixin.py:109} INFO - [2022-03-21 05:53:07,446] {dagbag.py:500} INFO - Filling up the DagBag from /home/lowenhard/airflow/dags/dag_example.py
[2022-03-21 05:53:07,499] {processor.py:654} INFO - DAG(s) dict_keys(['tutorial']) retrieved from /home/lowenhard/airflow/dags/dag_example.py
[2022-03-21 05:53:07,964] {logging_mixin.py:109} INFO - [2022-03-21 05:53:07,964] {dag.py:2398} INFO - Sync 1 DAGs
[2022-03-21 05:53:07,980] {logging_mixin.py:109} INFO - [2022-03-21 05:53:07,980] {dag.py:2937} INFO - Setting next_dagrun for tutorial to 2022-03-21T00:00:00+00:00
[2022-03-21 05:53:09,081] {processor.py:171} INFO - Processing /home/lowenhard/airflow/dags/dag_example.py took 1.764 seconds
[2022-03-21 05:53:51,005] {processor.py:163} INFO - Started process (PID=1205) to work on /home/lowenhard/airflow/dags/dag_example.py
[2022-03-21 05:53:51,031] {processor.py:642} INFO - Processing file /home/lowenhard/airflow/dags/dag_example.py for tasks to queue
[2022-03-21 05:53:51,032] {logging_mixin.py:109} INFO - [2022-03-21 05:53:51,032] {dagbag.py:500} INFO - Filling up the DagBag from /home/lowenhard/airflow/dags/dag_example.py
[2022-03-21 05:53:51,064] {processor.py:654} INFO - DAG(s) dict_keys(['tutorial']) retrieved from /home/lowenhard/airflow/dags/dag_example.py
[2022-03-21 05:53:51,076] {logging_mixin.py:109} INFO - [2022-03-21 05:53:51,076] {dag.py:2398} INFO - Sync 1 DAGs
[2022-03-21 05:53:51,092] {logging_mixin.py:109} INFO - [2022-03-21 05:53:51,092] {dag.py:2937} INFO - Setting next_dagrun for tutorial to 2022-03-21T00:00:00+00:00
[2022-03-21 05:53:51,310] {processor.py:171} INFO - Processing /home/lowenhard/airflow/dags/dag_example.py took 0.309 seconds
[2022-03-21 05:54:39,117] {processor.py:163} INFO - Started process (PID=1224) to work on /home/lowenhard/airflow/dags/dag_example.py
[2022-03-21 05:54:39,222] {processor.py:642} INFO - Processing file /home/lowenhard/airflow/dags/dag_example.py for tasks to queue
[2022-03-21 05:54:39,223] {logging_mixin.py:109} INFO - [2022-03-21 05:54:39,223] {dagbag.py:500} INFO - Filling up the DagBag from /home/lowenhard/airflow/dags/dag_example.py
[2022-03-21 05:54:39,257] {processor.py:654} INFO - DAG(s) dict_keys(['tutorial']) retrieved from /home/lowenhard/airflow/dags/dag_example.py
[2022-03-21 05:54:39,274] {logging_mixin.py:109} INFO - [2022-03-21 05:54:39,273] {dag.py:2398} INFO - Sync 1 DAGs
[2022-03-21 05:54:39,293] {logging_mixin.py:109} INFO - [2022-03-21 05:54:39,293] {dag.py:2937} INFO - Setting next_dagrun for tutorial to 2022-03-21T00:00:00+00:00
[2022-03-21 05:54:39,794] {processor.py:171} INFO - Processing /home/lowenhard/airflow/dags/dag_example.py took 0.681 seconds
[2022-03-21 05:55:27,195] {processor.py:163} INFO - Started process (PID=1245) to work on /home/lowenhard/airflow/dags/dag_example.py
[2022-03-21 05:55:27,198] {processor.py:642} INFO - Processing file /home/lowenhard/airflow/dags/dag_example.py for tasks to queue
[2022-03-21 05:55:27,199] {logging_mixin.py:109} INFO - [2022-03-21 05:55:27,199] {dagbag.py:500} INFO - Filling up the DagBag from /home/lowenhard/airflow/dags/dag_example.py
[2022-03-21 05:55:27,222] {processor.py:654} INFO - DAG(s) dict_keys(['tutorial']) retrieved from /home/lowenhard/airflow/dags/dag_example.py
[2022-03-21 05:55:27,228] {logging_mixin.py:109} INFO - [2022-03-21 05:55:27,228] {dag.py:2398} INFO - Sync 1 DAGs
[2022-03-21 05:55:27,241] {logging_mixin.py:109} INFO - [2022-03-21 05:55:27,241] {dag.py:2937} INFO - Setting next_dagrun for tutorial to 2022-03-21T00:00:00+00:00
[2022-03-21 05:55:27,464] {processor.py:171} INFO - Processing /home/lowenhard/airflow/dags/dag_example.py took 0.271 seconds
[2022-03-21 05:56:12,948] {processor.py:163} INFO - Started process (PID=1264) to work on /home/lowenhard/airflow/dags/dag_example.py
[2022-03-21 05:56:13,077] {processor.py:642} INFO - Processing file /home/lowenhard/airflow/dags/dag_example.py for tasks to queue
[2022-03-21 05:56:13,078] {logging_mixin.py:109} INFO - [2022-03-21 05:56:13,077] {dagbag.py:500} INFO - Filling up the DagBag from /home/lowenhard/airflow/dags/dag_example.py
[2022-03-21 05:56:13,122] {processor.py:654} INFO - DAG(s) dict_keys(['tutorial']) retrieved from /home/lowenhard/airflow/dags/dag_example.py
[2022-03-21 05:56:13,534] {logging_mixin.py:109} INFO - [2022-03-21 05:56:13,533] {dag.py:2398} INFO - Sync 1 DAGs
[2022-03-21 05:56:13,546] {logging_mixin.py:109} INFO - [2022-03-21 05:56:13,546] {dag.py:2937} INFO - Setting next_dagrun for tutorial to 2022-03-21T00:00:00+00:00
[2022-03-21 05:56:13,766] {processor.py:171} INFO - Processing /home/lowenhard/airflow/dags/dag_example.py took 0.824 seconds
[2022-03-21 05:57:06,504] {processor.py:163} INFO - Started process (PID=1285) to work on /home/lowenhard/airflow/dags/dag_example.py
[2022-03-21 05:57:06,579] {processor.py:642} INFO - Processing file /home/lowenhard/airflow/dags/dag_example.py for tasks to queue
[2022-03-21 05:57:06,579] {logging_mixin.py:109} INFO - [2022-03-21 05:57:06,579] {dagbag.py:500} INFO - Filling up the DagBag from /home/lowenhard/airflow/dags/dag_example.py
[2022-03-21 05:57:06,602] {processor.py:654} INFO - DAG(s) dict_keys(['tutorial']) retrieved from /home/lowenhard/airflow/dags/dag_example.py
[2022-03-21 05:57:06,612] {logging_mixin.py:109} INFO - [2022-03-21 05:57:06,612] {dag.py:2398} INFO - Sync 1 DAGs
[2022-03-21 05:57:06,625] {logging_mixin.py:109} INFO - [2022-03-21 05:57:06,625] {dag.py:2937} INFO - Setting next_dagrun for tutorial to 2022-03-21T00:00:00+00:00
[2022-03-21 05:57:07,775] {processor.py:171} INFO - Processing /home/lowenhard/airflow/dags/dag_example.py took 1.274 seconds
[2022-03-21 05:57:56,767] {processor.py:163} INFO - Started process (PID=1307) to work on /home/lowenhard/airflow/dags/dag_example.py
[2022-03-21 05:57:57,739] {processor.py:642} INFO - Processing file /home/lowenhard/airflow/dags/dag_example.py for tasks to queue
[2022-03-21 05:57:57,740] {logging_mixin.py:109} INFO - [2022-03-21 05:57:57,739] {dagbag.py:500} INFO - Filling up the DagBag from /home/lowenhard/airflow/dags/dag_example.py
[2022-03-21 05:57:58,820] {processor.py:654} INFO - DAG(s) dict_keys(['tutorial']) retrieved from /home/lowenhard/airflow/dags/dag_example.py
[2022-03-21 05:57:58,836] {logging_mixin.py:109} INFO - [2022-03-21 05:57:58,836] {dag.py:2398} INFO - Sync 1 DAGs
[2022-03-21 05:57:58,855] {logging_mixin.py:109} INFO - [2022-03-21 05:57:58,855] {dag.py:2937} INFO - Setting next_dagrun for tutorial to 2022-03-21T00:00:00+00:00
[2022-03-21 05:57:59,008] {processor.py:171} INFO - Processing /home/lowenhard/airflow/dags/dag_example.py took 2.245 seconds
[2022-03-21 05:58:49,608] {processor.py:163} INFO - Started process (PID=1327) to work on /home/lowenhard/airflow/dags/dag_example.py
[2022-03-21 05:58:49,802] {processor.py:642} INFO - Processing file /home/lowenhard/airflow/dags/dag_example.py for tasks to queue
[2022-03-21 05:58:49,803] {logging_mixin.py:109} INFO - [2022-03-21 05:58:49,803] {dagbag.py:500} INFO - Filling up the DagBag from /home/lowenhard/airflow/dags/dag_example.py
[2022-03-21 05:58:49,829] {processor.py:654} INFO - DAG(s) dict_keys(['tutorial']) retrieved from /home/lowenhard/airflow/dags/dag_example.py
[2022-03-21 05:58:49,833] {logging_mixin.py:109} INFO - [2022-03-21 05:58:49,833] {dag.py:2398} INFO - Sync 1 DAGs
[2022-03-21 05:58:49,847] {logging_mixin.py:109} INFO - [2022-03-21 05:58:49,846] {dag.py:2937} INFO - Setting next_dagrun for tutorial to 2022-03-21T00:00:00+00:00
[2022-03-21 05:58:50,265] {processor.py:171} INFO - Processing /home/lowenhard/airflow/dags/dag_example.py took 0.660 seconds
[2022-03-21 05:59:35,848] {processor.py:163} INFO - Started process (PID=1348) to work on /home/lowenhard/airflow/dags/dag_example.py
[2022-03-21 05:59:35,904] {processor.py:642} INFO - Processing file /home/lowenhard/airflow/dags/dag_example.py for tasks to queue
[2022-03-21 05:59:35,905] {logging_mixin.py:109} INFO - [2022-03-21 05:59:35,904] {dagbag.py:500} INFO - Filling up the DagBag from /home/lowenhard/airflow/dags/dag_example.py
[2022-03-21 05:59:35,955] {processor.py:654} INFO - DAG(s) dict_keys(['tutorial']) retrieved from /home/lowenhard/airflow/dags/dag_example.py
[2022-03-21 05:59:36,383] {logging_mixin.py:109} INFO - [2022-03-21 05:59:36,383] {dag.py:2398} INFO - Sync 1 DAGs
[2022-03-21 05:59:36,403] {logging_mixin.py:109} INFO - [2022-03-21 05:59:36,403] {dag.py:2937} INFO - Setting next_dagrun for tutorial to 2022-03-21T00:00:00+00:00
[2022-03-21 05:59:36,574] {processor.py:171} INFO - Processing /home/lowenhard/airflow/dags/dag_example.py took 0.739 seconds
[2022-03-21 06:00:20,976] {processor.py:163} INFO - Started process (PID=1368) to work on /home/lowenhard/airflow/dags/dag_example.py
[2022-03-21 06:00:21,003] {processor.py:642} INFO - Processing file /home/lowenhard/airflow/dags/dag_example.py for tasks to queue
[2022-03-21 06:00:21,004] {logging_mixin.py:109} INFO - [2022-03-21 06:00:21,004] {dagbag.py:500} INFO - Filling up the DagBag from /home/lowenhard/airflow/dags/dag_example.py
[2022-03-21 06:00:21,266] {processor.py:654} INFO - DAG(s) dict_keys(['tutorial']) retrieved from /home/lowenhard/airflow/dags/dag_example.py
[2022-03-21 06:00:21,296] {logging_mixin.py:109} INFO - [2022-03-21 06:00:21,295] {dag.py:2398} INFO - Sync 1 DAGs
[2022-03-21 06:00:21,325] {logging_mixin.py:109} INFO - [2022-03-21 06:00:21,325] {dag.py:2937} INFO - Setting next_dagrun for tutorial to 2022-03-21T00:00:00+00:00
[2022-03-21 06:00:21,521] {processor.py:171} INFO - Processing /home/lowenhard/airflow/dags/dag_example.py took 0.547 seconds
[2022-03-21 06:01:00,006] {processor.py:163} INFO - Started process (PID=1387) to work on /home/lowenhard/airflow/dags/dag_example.py
[2022-03-21 06:01:00,024] {processor.py:642} INFO - Processing file /home/lowenhard/airflow/dags/dag_example.py for tasks to queue
[2022-03-21 06:01:00,025] {logging_mixin.py:109} INFO - [2022-03-21 06:01:00,024] {dagbag.py:500} INFO - Filling up the DagBag from /home/lowenhard/airflow/dags/dag_example.py
[2022-03-21 06:01:00,046] {processor.py:654} INFO - DAG(s) dict_keys(['tutorial']) retrieved from /home/lowenhard/airflow/dags/dag_example.py
[2022-03-21 06:01:00,057] {logging_mixin.py:109} INFO - [2022-03-21 06:01:00,057] {dag.py:2398} INFO - Sync 1 DAGs
[2022-03-21 06:01:00,071] {logging_mixin.py:109} INFO - [2022-03-21 06:01:00,071] {dag.py:2937} INFO - Setting next_dagrun for tutorial to 2022-03-21T00:00:00+00:00
[2022-03-21 06:01:01,816] {processor.py:171} INFO - Processing /home/lowenhard/airflow/dags/dag_example.py took 1.812 seconds
[2022-03-21 06:01:43,315] {processor.py:163} INFO - Started process (PID=1405) to work on /home/lowenhard/airflow/dags/dag_example.py
[2022-03-21 06:01:43,404] {processor.py:642} INFO - Processing file /home/lowenhard/airflow/dags/dag_example.py for tasks to queue
[2022-03-21 06:01:43,405] {logging_mixin.py:109} INFO - [2022-03-21 06:01:43,405] {dagbag.py:500} INFO - Filling up the DagBag from /home/lowenhard/airflow/dags/dag_example.py
[2022-03-21 06:01:43,427] {processor.py:654} INFO - DAG(s) dict_keys(['tutorial']) retrieved from /home/lowenhard/airflow/dags/dag_example.py
[2022-03-21 06:01:43,431] {logging_mixin.py:109} INFO - [2022-03-21 06:01:43,431] {dag.py:2398} INFO - Sync 1 DAGs
[2022-03-21 06:01:43,445] {logging_mixin.py:109} INFO - [2022-03-21 06:01:43,445] {dag.py:2937} INFO - Setting next_dagrun for tutorial to 2022-03-21T00:00:00+00:00
[2022-03-21 06:01:44,596] {processor.py:171} INFO - Processing /home/lowenhard/airflow/dags/dag_example.py took 1.283 seconds
[2022-03-21 06:02:38,626] {processor.py:163} INFO - Started process (PID=1426) to work on /home/lowenhard/airflow/dags/dag_example.py
[2022-03-21 06:02:38,638] {processor.py:642} INFO - Processing file /home/lowenhard/airflow/dags/dag_example.py for tasks to queue
[2022-03-21 06:02:38,639] {logging_mixin.py:109} INFO - [2022-03-21 06:02:38,639] {dagbag.py:500} INFO - Filling up the DagBag from /home/lowenhard/airflow/dags/dag_example.py
[2022-03-21 06:02:38,667] {processor.py:654} INFO - DAG(s) dict_keys(['tutorial']) retrieved from /home/lowenhard/airflow/dags/dag_example.py
[2022-03-21 06:02:38,990] {logging_mixin.py:109} INFO - [2022-03-21 06:02:38,990] {dag.py:2398} INFO - Sync 1 DAGs
[2022-03-21 06:02:39,005] {logging_mixin.py:109} INFO - [2022-03-21 06:02:39,004] {dag.py:2937} INFO - Setting next_dagrun for tutorial to 2022-03-21T00:00:00+00:00
[2022-03-21 06:02:39,231] {processor.py:171} INFO - Processing /home/lowenhard/airflow/dags/dag_example.py took 0.608 seconds
[2022-03-21 06:03:25,408] {processor.py:163} INFO - Started process (PID=1447) to work on /home/lowenhard/airflow/dags/dag_example.py
[2022-03-21 06:03:25,419] {processor.py:642} INFO - Processing file /home/lowenhard/airflow/dags/dag_example.py for tasks to queue
[2022-03-21 06:03:25,419] {logging_mixin.py:109} INFO - [2022-03-21 06:03:25,419] {dagbag.py:500} INFO - Filling up the DagBag from /home/lowenhard/airflow/dags/dag_example.py
[2022-03-21 06:03:25,440] {processor.py:654} INFO - DAG(s) dict_keys(['tutorial']) retrieved from /home/lowenhard/airflow/dags/dag_example.py
[2022-03-21 06:03:25,449] {logging_mixin.py:109} INFO - [2022-03-21 06:03:25,449] {dag.py:2398} INFO - Sync 1 DAGs
[2022-03-21 06:03:25,463] {logging_mixin.py:109} INFO - [2022-03-21 06:03:25,463] {dag.py:2937} INFO - Setting next_dagrun for tutorial to 2022-03-21T00:00:00+00:00
[2022-03-21 06:03:26,590] {processor.py:171} INFO - Processing /home/lowenhard/airflow/dags/dag_example.py took 1.184 seconds
[2022-03-21 06:04:09,149] {processor.py:163} INFO - Started process (PID=1468) to work on /home/lowenhard/airflow/dags/dag_example.py
[2022-03-21 06:04:09,801] {processor.py:642} INFO - Processing file /home/lowenhard/airflow/dags/dag_example.py for tasks to queue
[2022-03-21 06:04:09,905] {logging_mixin.py:109} INFO - [2022-03-21 06:04:09,905] {dagbag.py:500} INFO - Filling up the DagBag from /home/lowenhard/airflow/dags/dag_example.py
[2022-03-21 06:04:10,663] {processor.py:654} INFO - DAG(s) dict_keys(['tutorial']) retrieved from /home/lowenhard/airflow/dags/dag_example.py
[2022-03-21 06:04:10,675] {logging_mixin.py:109} INFO - [2022-03-21 06:04:10,675] {dag.py:2398} INFO - Sync 1 DAGs
[2022-03-21 06:04:10,693] {logging_mixin.py:109} INFO - [2022-03-21 06:04:10,692] {dag.py:2937} INFO - Setting next_dagrun for tutorial to 2022-03-21T00:00:00+00:00
[2022-03-21 06:04:10,936] {processor.py:171} INFO - Processing /home/lowenhard/airflow/dags/dag_example.py took 1.790 seconds
[2022-03-21 06:04:53,436] {processor.py:163} INFO - Started process (PID=1486) to work on /home/lowenhard/airflow/dags/dag_example.py
[2022-03-21 06:04:53,462] {processor.py:642} INFO - Processing file /home/lowenhard/airflow/dags/dag_example.py for tasks to queue
[2022-03-21 06:04:53,463] {logging_mixin.py:109} INFO - [2022-03-21 06:04:53,463] {dagbag.py:500} INFO - Filling up the DagBag from /home/lowenhard/airflow/dags/dag_example.py
[2022-03-21 06:04:53,487] {processor.py:654} INFO - DAG(s) dict_keys(['tutorial']) retrieved from /home/lowenhard/airflow/dags/dag_example.py
[2022-03-21 06:04:53,493] {logging_mixin.py:109} INFO - [2022-03-21 06:04:53,492] {dag.py:2398} INFO - Sync 1 DAGs
[2022-03-21 06:04:53,507] {logging_mixin.py:109} INFO - [2022-03-21 06:04:53,507] {dag.py:2937} INFO - Setting next_dagrun for tutorial to 2022-03-21T00:00:00+00:00
[2022-03-21 06:04:55,617] {processor.py:171} INFO - Processing /home/lowenhard/airflow/dags/dag_example.py took 2.183 seconds
[2022-03-21 06:05:42,221] {processor.py:163} INFO - Started process (PID=1507) to work on /home/lowenhard/airflow/dags/dag_example.py
[2022-03-21 06:05:42,263] {processor.py:642} INFO - Processing file /home/lowenhard/airflow/dags/dag_example.py for tasks to queue
[2022-03-21 06:05:42,264] {logging_mixin.py:109} INFO - [2022-03-21 06:05:42,264] {dagbag.py:500} INFO - Filling up the DagBag from /home/lowenhard/airflow/dags/dag_example.py
[2022-03-21 06:05:42,285] {processor.py:654} INFO - DAG(s) dict_keys(['tutorial']) retrieved from /home/lowenhard/airflow/dags/dag_example.py
[2022-03-21 06:05:42,559] {logging_mixin.py:109} INFO - [2022-03-21 06:05:42,559] {dag.py:2398} INFO - Sync 1 DAGs
[2022-03-21 06:05:42,568] {logging_mixin.py:109} INFO - [2022-03-21 06:05:42,568] {dag.py:2937} INFO - Setting next_dagrun for tutorial to 2022-03-21T00:00:00+00:00
[2022-03-21 06:05:43,828] {processor.py:171} INFO - Processing /home/lowenhard/airflow/dags/dag_example.py took 1.608 seconds
[2022-03-21 06:06:26,362] {processor.py:163} INFO - Started process (PID=1527) to work on /home/lowenhard/airflow/dags/dag_example.py
[2022-03-21 06:06:26,471] {processor.py:642} INFO - Processing file /home/lowenhard/airflow/dags/dag_example.py for tasks to queue
[2022-03-21 06:06:26,472] {logging_mixin.py:109} INFO - [2022-03-21 06:06:26,472] {dagbag.py:500} INFO - Filling up the DagBag from /home/lowenhard/airflow/dags/dag_example.py
[2022-03-21 06:06:26,499] {processor.py:654} INFO - DAG(s) dict_keys(['tutorial']) retrieved from /home/lowenhard/airflow/dags/dag_example.py
[2022-03-21 06:06:26,507] {logging_mixin.py:109} INFO - [2022-03-21 06:06:26,507] {dag.py:2398} INFO - Sync 1 DAGs
[2022-03-21 06:06:26,534] {logging_mixin.py:109} INFO - [2022-03-21 06:06:26,534] {dag.py:2937} INFO - Setting next_dagrun for tutorial to 2022-03-21T00:00:00+00:00
[2022-03-21 06:06:26,911] {processor.py:171} INFO - Processing /home/lowenhard/airflow/dags/dag_example.py took 0.552 seconds
[2022-03-21 06:07:15,824] {processor.py:163} INFO - Started process (PID=1548) to work on /home/lowenhard/airflow/dags/dag_example.py
[2022-03-21 06:07:15,840] {processor.py:642} INFO - Processing file /home/lowenhard/airflow/dags/dag_example.py for tasks to queue
[2022-03-21 06:07:15,840] {logging_mixin.py:109} INFO - [2022-03-21 06:07:15,840] {dagbag.py:500} INFO - Filling up the DagBag from /home/lowenhard/airflow/dags/dag_example.py
[2022-03-21 06:07:15,860] {processor.py:654} INFO - DAG(s) dict_keys(['tutorial']) retrieved from /home/lowenhard/airflow/dags/dag_example.py
[2022-03-21 06:07:15,869] {logging_mixin.py:109} INFO - [2022-03-21 06:07:15,869] {dag.py:2398} INFO - Sync 1 DAGs
[2022-03-21 06:07:15,880] {logging_mixin.py:109} INFO - [2022-03-21 06:07:15,880] {dag.py:2937} INFO - Setting next_dagrun for tutorial to 2022-03-21T00:00:00+00:00
[2022-03-21 06:07:17,927] {processor.py:171} INFO - Processing /home/lowenhard/airflow/dags/dag_example.py took 2.107 seconds
[2022-03-21 06:08:03,429] {processor.py:163} INFO - Started process (PID=1567) to work on /home/lowenhard/airflow/dags/dag_example.py
[2022-03-21 06:08:03,463] {processor.py:642} INFO - Processing file /home/lowenhard/airflow/dags/dag_example.py for tasks to queue
[2022-03-21 06:08:03,464] {logging_mixin.py:109} INFO - [2022-03-21 06:08:03,464] {dagbag.py:500} INFO - Filling up the DagBag from /home/lowenhard/airflow/dags/dag_example.py
[2022-03-21 06:08:03,488] {processor.py:654} INFO - DAG(s) dict_keys(['tutorial']) retrieved from /home/lowenhard/airflow/dags/dag_example.py
[2022-03-21 06:08:03,492] {logging_mixin.py:109} INFO - [2022-03-21 06:08:03,492] {dag.py:2398} INFO - Sync 1 DAGs
[2022-03-21 06:08:03,506] {logging_mixin.py:109} INFO - [2022-03-21 06:08:03,506] {dag.py:2937} INFO - Setting next_dagrun for tutorial to 2022-03-21T00:00:00+00:00
[2022-03-21 06:08:04,463] {processor.py:171} INFO - Processing /home/lowenhard/airflow/dags/dag_example.py took 1.037 seconds
[2022-03-21 06:08:45,107] {processor.py:163} INFO - Started process (PID=1587) to work on /home/lowenhard/airflow/dags/dag_example.py
[2022-03-21 06:08:45,145] {processor.py:642} INFO - Processing file /home/lowenhard/airflow/dags/dag_example.py for tasks to queue
[2022-03-21 06:08:45,260] {logging_mixin.py:109} INFO - [2022-03-21 06:08:45,259] {dagbag.py:500} INFO - Filling up the DagBag from /home/lowenhard/airflow/dags/dag_example.py
[2022-03-21 06:08:46,617] {processor.py:654} INFO - DAG(s) dict_keys(['tutorial']) retrieved from /home/lowenhard/airflow/dags/dag_example.py
[2022-03-21 06:08:46,874] {logging_mixin.py:109} INFO - [2022-03-21 06:08:46,874] {dag.py:2398} INFO - Sync 1 DAGs
[2022-03-21 06:08:46,885] {logging_mixin.py:109} INFO - [2022-03-21 06:08:46,885] {dag.py:2937} INFO - Setting next_dagrun for tutorial to 2022-03-21T00:00:00+00:00
[2022-03-21 06:08:47,123] {processor.py:171} INFO - Processing /home/lowenhard/airflow/dags/dag_example.py took 2.018 seconds
[2022-03-21 06:09:20,369] {processor.py:163} INFO - Started process (PID=1605) to work on /home/lowenhard/airflow/dags/dag_example.py
[2022-03-21 06:09:20,500] {processor.py:642} INFO - Processing file /home/lowenhard/airflow/dags/dag_example.py for tasks to queue
[2022-03-21 06:09:20,501] {logging_mixin.py:109} INFO - [2022-03-21 06:09:20,501] {dagbag.py:500} INFO - Filling up the DagBag from /home/lowenhard/airflow/dags/dag_example.py
[2022-03-21 06:09:20,521] {processor.py:654} INFO - DAG(s) dict_keys(['tutorial']) retrieved from /home/lowenhard/airflow/dags/dag_example.py
[2022-03-21 06:09:20,530] {logging_mixin.py:109} INFO - [2022-03-21 06:09:20,530] {dag.py:2398} INFO - Sync 1 DAGs
[2022-03-21 06:09:20,542] {logging_mixin.py:109} INFO - [2022-03-21 06:09:20,542] {dag.py:2937} INFO - Setting next_dagrun for tutorial to 2022-03-21T00:00:00+00:00
[2022-03-21 06:09:21,878] {processor.py:171} INFO - Processing /home/lowenhard/airflow/dags/dag_example.py took 1.511 seconds
[2022-03-21 06:09:57,101] {processor.py:163} INFO - Started process (PID=1623) to work on /home/lowenhard/airflow/dags/dag_example.py
[2022-03-21 06:09:57,111] {processor.py:642} INFO - Processing file /home/lowenhard/airflow/dags/dag_example.py for tasks to queue
[2022-03-21 06:09:57,112] {logging_mixin.py:109} INFO - [2022-03-21 06:09:57,112] {dagbag.py:500} INFO - Filling up the DagBag from /home/lowenhard/airflow/dags/dag_example.py
[2022-03-21 06:09:57,142] {processor.py:654} INFO - DAG(s) dict_keys(['tutorial']) retrieved from /home/lowenhard/airflow/dags/dag_example.py
[2022-03-21 06:09:57,157] {logging_mixin.py:109} INFO - [2022-03-21 06:09:57,157] {dag.py:2398} INFO - Sync 1 DAGs
[2022-03-21 06:09:57,174] {logging_mixin.py:109} INFO - [2022-03-21 06:09:57,174] {dag.py:2937} INFO - Setting next_dagrun for tutorial to 2022-03-21T00:00:00+00:00
[2022-03-21 06:09:58,549] {processor.py:171} INFO - Processing /home/lowenhard/airflow/dags/dag_example.py took 1.450 seconds
[2022-03-21 06:10:38,783] {processor.py:163} INFO - Started process (PID=1641) to work on /home/lowenhard/airflow/dags/dag_example.py
[2022-03-21 06:10:39,392] {processor.py:642} INFO - Processing file /home/lowenhard/airflow/dags/dag_example.py for tasks to queue
[2022-03-21 06:10:39,393] {logging_mixin.py:109} INFO - [2022-03-21 06:10:39,393] {dagbag.py:500} INFO - Filling up the DagBag from /home/lowenhard/airflow/dags/dag_example.py
[2022-03-21 06:10:39,756] {processor.py:654} INFO - DAG(s) dict_keys(['tutorial']) retrieved from /home/lowenhard/airflow/dags/dag_example.py
[2022-03-21 06:10:39,759] {logging_mixin.py:109} INFO - [2022-03-21 06:10:39,759] {dag.py:2398} INFO - Sync 1 DAGs
[2022-03-21 06:10:39,774] {logging_mixin.py:109} INFO - [2022-03-21 06:10:39,774] {dag.py:2937} INFO - Setting next_dagrun for tutorial to 2022-03-21T00:00:00+00:00
[2022-03-21 06:10:40,360] {processor.py:171} INFO - Processing /home/lowenhard/airflow/dags/dag_example.py took 1.581 seconds
[2022-03-21 06:11:23,138] {processor.py:163} INFO - Started process (PID=1662) to work on /home/lowenhard/airflow/dags/dag_example.py
[2022-03-21 06:11:23,523] {processor.py:642} INFO - Processing file /home/lowenhard/airflow/dags/dag_example.py for tasks to queue
[2022-03-21 06:11:23,524] {logging_mixin.py:109} INFO - [2022-03-21 06:11:23,524] {dagbag.py:500} INFO - Filling up the DagBag from /home/lowenhard/airflow/dags/dag_example.py
[2022-03-21 06:11:23,551] {processor.py:654} INFO - DAG(s) dict_keys(['tutorial']) retrieved from /home/lowenhard/airflow/dags/dag_example.py
[2022-03-21 06:11:23,815] {logging_mixin.py:109} INFO - [2022-03-21 06:11:23,815] {dag.py:2398} INFO - Sync 1 DAGs
[2022-03-21 06:11:23,825] {logging_mixin.py:109} INFO - [2022-03-21 06:11:23,825] {dag.py:2937} INFO - Setting next_dagrun for tutorial to 2022-03-21T00:00:00+00:00
[2022-03-21 06:11:24,005] {processor.py:171} INFO - Processing /home/lowenhard/airflow/dags/dag_example.py took 0.870 seconds
[2022-03-21 06:12:00,349] {processor.py:163} INFO - Started process (PID=1680) to work on /home/lowenhard/airflow/dags/dag_example.py
[2022-03-21 06:12:02,205] {processor.py:642} INFO - Processing file /home/lowenhard/airflow/dags/dag_example.py for tasks to queue
[2022-03-21 06:12:02,206] {logging_mixin.py:109} INFO - [2022-03-21 06:12:02,206] {dagbag.py:500} INFO - Filling up the DagBag from /home/lowenhard/airflow/dags/dag_example.py
[2022-03-21 06:12:02,687] {processor.py:654} INFO - DAG(s) dict_keys(['tutorial']) retrieved from /home/lowenhard/airflow/dags/dag_example.py
[2022-03-21 06:12:02,696] {logging_mixin.py:109} INFO - [2022-03-21 06:12:02,696] {dag.py:2398} INFO - Sync 1 DAGs
[2022-03-21 06:12:02,708] {logging_mixin.py:109} INFO - [2022-03-21 06:12:02,708] {dag.py:2937} INFO - Setting next_dagrun for tutorial to 2022-03-21T00:00:00+00:00
[2022-03-21 06:12:02,974] {processor.py:171} INFO - Processing /home/lowenhard/airflow/dags/dag_example.py took 2.627 seconds
[2022-03-21 06:12:39,038] {processor.py:163} INFO - Started process (PID=1698) to work on /home/lowenhard/airflow/dags/dag_example.py
[2022-03-21 06:12:39,575] {processor.py:642} INFO - Processing file /home/lowenhard/airflow/dags/dag_example.py for tasks to queue
[2022-03-21 06:12:39,576] {logging_mixin.py:109} INFO - [2022-03-21 06:12:39,576] {dagbag.py:500} INFO - Filling up the DagBag from /home/lowenhard/airflow/dags/dag_example.py
[2022-03-21 06:12:39,597] {processor.py:654} INFO - DAG(s) dict_keys(['tutorial']) retrieved from /home/lowenhard/airflow/dags/dag_example.py
[2022-03-21 06:12:39,607] {logging_mixin.py:109} INFO - [2022-03-21 06:12:39,607] {dag.py:2398} INFO - Sync 1 DAGs
[2022-03-21 06:12:39,619] {logging_mixin.py:109} INFO - [2022-03-21 06:12:39,619] {dag.py:2937} INFO - Setting next_dagrun for tutorial to 2022-03-21T00:00:00+00:00
[2022-03-21 06:12:39,989] {processor.py:171} INFO - Processing /home/lowenhard/airflow/dags/dag_example.py took 0.954 seconds
[2022-03-21 06:13:20,563] {processor.py:163} INFO - Started process (PID=1717) to work on /home/lowenhard/airflow/dags/dag_example.py
[2022-03-21 06:13:21,394] {processor.py:642} INFO - Processing file /home/lowenhard/airflow/dags/dag_example.py for tasks to queue
[2022-03-21 06:13:21,395] {logging_mixin.py:109} INFO - [2022-03-21 06:13:21,395] {dagbag.py:500} INFO - Filling up the DagBag from /home/lowenhard/airflow/dags/dag_example.py
[2022-03-21 06:13:21,415] {processor.py:654} INFO - DAG(s) dict_keys(['tutorial']) retrieved from /home/lowenhard/airflow/dags/dag_example.py
[2022-03-21 06:13:21,419] {logging_mixin.py:109} INFO - [2022-03-21 06:13:21,419] {dag.py:2398} INFO - Sync 1 DAGs
[2022-03-21 06:13:21,433] {logging_mixin.py:109} INFO - [2022-03-21 06:13:21,433] {dag.py:2937} INFO - Setting next_dagrun for tutorial to 2022-03-21T00:00:00+00:00
[2022-03-21 06:13:21,656] {processor.py:171} INFO - Processing /home/lowenhard/airflow/dags/dag_example.py took 1.096 seconds
[2022-03-21 06:14:01,872] {processor.py:163} INFO - Started process (PID=1736) to work on /home/lowenhard/airflow/dags/dag_example.py
[2022-03-21 06:14:02,688] {processor.py:642} INFO - Processing file /home/lowenhard/airflow/dags/dag_example.py for tasks to queue
[2022-03-21 06:14:03,448] {logging_mixin.py:109} INFO - [2022-03-21 06:14:03,447] {dagbag.py:500} INFO - Filling up the DagBag from /home/lowenhard/airflow/dags/dag_example.py
[2022-03-21 06:14:03,800] {processor.py:654} INFO - DAG(s) dict_keys(['tutorial']) retrieved from /home/lowenhard/airflow/dags/dag_example.py
[2022-03-21 06:14:04,048] {logging_mixin.py:109} INFO - [2022-03-21 06:14:04,048] {dag.py:2398} INFO - Sync 1 DAGs
[2022-03-21 06:14:04,058] {logging_mixin.py:109} INFO - [2022-03-21 06:14:04,058] {dag.py:2937} INFO - Setting next_dagrun for tutorial to 2022-03-21T00:00:00+00:00
[2022-03-21 06:14:05,658] {processor.py:171} INFO - Processing /home/lowenhard/airflow/dags/dag_example.py took 3.789 seconds
[2022-03-21 06:14:47,251] {processor.py:163} INFO - Started process (PID=1755) to work on /home/lowenhard/airflow/dags/dag_example.py
[2022-03-21 06:14:47,467] {processor.py:642} INFO - Processing file /home/lowenhard/airflow/dags/dag_example.py for tasks to queue
[2022-03-21 06:14:47,468] {logging_mixin.py:109} INFO - [2022-03-21 06:14:47,467] {dagbag.py:500} INFO - Filling up the DagBag from /home/lowenhard/airflow/dags/dag_example.py
[2022-03-21 06:14:47,489] {processor.py:654} INFO - DAG(s) dict_keys(['tutorial']) retrieved from /home/lowenhard/airflow/dags/dag_example.py
[2022-03-21 06:14:47,498] {logging_mixin.py:109} INFO - [2022-03-21 06:14:47,498] {dag.py:2398} INFO - Sync 1 DAGs
[2022-03-21 06:14:47,511] {logging_mixin.py:109} INFO - [2022-03-21 06:14:47,510] {dag.py:2937} INFO - Setting next_dagrun for tutorial to 2022-03-21T00:00:00+00:00
[2022-03-21 06:14:48,897] {processor.py:171} INFO - Processing /home/lowenhard/airflow/dags/dag_example.py took 1.649 seconds
[2022-03-21 06:15:28,599] {processor.py:163} INFO - Started process (PID=1775) to work on /home/lowenhard/airflow/dags/dag_example.py
[2022-03-21 06:15:28,654] {processor.py:642} INFO - Processing file /home/lowenhard/airflow/dags/dag_example.py for tasks to queue
[2022-03-21 06:15:29,458] {logging_mixin.py:109} INFO - [2022-03-21 06:15:29,458] {dagbag.py:500} INFO - Filling up the DagBag from /home/lowenhard/airflow/dags/dag_example.py
[2022-03-21 06:15:29,809] {processor.py:654} INFO - DAG(s) dict_keys(['tutorial']) retrieved from /home/lowenhard/airflow/dags/dag_example.py
[2022-03-21 06:15:29,820] {logging_mixin.py:109} INFO - [2022-03-21 06:15:29,820] {dag.py:2398} INFO - Sync 1 DAGs
[2022-03-21 06:15:29,833] {logging_mixin.py:109} INFO - [2022-03-21 06:15:29,833] {dag.py:2937} INFO - Setting next_dagrun for tutorial to 2022-03-21T00:00:00+00:00
[2022-03-21 06:15:30,103] {processor.py:171} INFO - Processing /home/lowenhard/airflow/dags/dag_example.py took 1.506 seconds
[2022-03-21 06:16:19,458] {processor.py:163} INFO - Started process (PID=1793) to work on /home/lowenhard/airflow/dags/dag_example.py
[2022-03-21 06:16:19,597] {processor.py:642} INFO - Processing file /home/lowenhard/airflow/dags/dag_example.py for tasks to queue
[2022-03-21 06:16:19,598] {logging_mixin.py:109} INFO - [2022-03-21 06:16:19,598] {dagbag.py:500} INFO - Filling up the DagBag from /home/lowenhard/airflow/dags/dag_example.py
[2022-03-21 06:16:19,618] {processor.py:654} INFO - DAG(s) dict_keys(['tutorial']) retrieved from /home/lowenhard/airflow/dags/dag_example.py
[2022-03-21 06:16:19,622] {logging_mixin.py:109} INFO - [2022-03-21 06:16:19,622] {dag.py:2398} INFO - Sync 1 DAGs
[2022-03-21 06:16:19,634] {logging_mixin.py:109} INFO - [2022-03-21 06:16:19,634] {dag.py:2937} INFO - Setting next_dagrun for tutorial to 2022-03-21T00:00:00+00:00
[2022-03-21 06:16:19,772] {processor.py:171} INFO - Processing /home/lowenhard/airflow/dags/dag_example.py took 0.316 seconds
[2022-03-21 06:17:05,388] {processor.py:163} INFO - Started process (PID=1815) to work on /home/lowenhard/airflow/dags/dag_example.py
[2022-03-21 06:17:06,909] {processor.py:642} INFO - Processing file /home/lowenhard/airflow/dags/dag_example.py for tasks to queue
[2022-03-21 06:17:06,911] {logging_mixin.py:109} INFO - [2022-03-21 06:17:06,910] {dagbag.py:500} INFO - Filling up the DagBag from /home/lowenhard/airflow/dags/dag_example.py
[2022-03-21 06:17:07,112] {processor.py:654} INFO - DAG(s) dict_keys(['tutorial']) retrieved from /home/lowenhard/airflow/dags/dag_example.py
[2022-03-21 06:17:07,398] {logging_mixin.py:109} INFO - [2022-03-21 06:17:07,398] {dag.py:2398} INFO - Sync 1 DAGs
[2022-03-21 06:17:07,408] {logging_mixin.py:109} INFO - [2022-03-21 06:17:07,408] {dag.py:2937} INFO - Setting next_dagrun for tutorial to 2022-03-21T00:00:00+00:00
[2022-03-21 06:17:09,414] {processor.py:171} INFO - Processing /home/lowenhard/airflow/dags/dag_example.py took 4.029 seconds
[2022-03-21 06:17:51,306] {processor.py:163} INFO - Started process (PID=1833) to work on /home/lowenhard/airflow/dags/dag_example.py
[2022-03-21 06:17:51,324] {processor.py:642} INFO - Processing file /home/lowenhard/airflow/dags/dag_example.py for tasks to queue
[2022-03-21 06:17:51,324] {logging_mixin.py:109} INFO - [2022-03-21 06:17:51,324] {dagbag.py:500} INFO - Filling up the DagBag from /home/lowenhard/airflow/dags/dag_example.py
[2022-03-21 06:17:51,355] {processor.py:654} INFO - DAG(s) dict_keys(['tutorial']) retrieved from /home/lowenhard/airflow/dags/dag_example.py
[2022-03-21 06:17:51,364] {logging_mixin.py:109} INFO - [2022-03-21 06:17:51,364] {dag.py:2398} INFO - Sync 1 DAGs
[2022-03-21 06:17:51,377] {logging_mixin.py:109} INFO - [2022-03-21 06:17:51,376] {dag.py:2937} INFO - Setting next_dagrun for tutorial to 2022-03-21T00:00:00+00:00
[2022-03-21 06:17:51,636] {processor.py:171} INFO - Processing /home/lowenhard/airflow/dags/dag_example.py took 0.331 seconds
[2022-03-21 06:18:33,399] {processor.py:163} INFO - Started process (PID=1854) to work on /home/lowenhard/airflow/dags/dag_example.py
[2022-03-21 06:18:34,247] {processor.py:642} INFO - Processing file /home/lowenhard/airflow/dags/dag_example.py for tasks to queue
[2022-03-21 06:18:34,287] {logging_mixin.py:109} INFO - [2022-03-21 06:18:34,287] {dagbag.py:500} INFO - Filling up the DagBag from /home/lowenhard/airflow/dags/dag_example.py
[2022-03-21 06:18:34,542] {processor.py:654} INFO - DAG(s) dict_keys(['tutorial']) retrieved from /home/lowenhard/airflow/dags/dag_example.py
[2022-03-21 06:18:34,552] {logging_mixin.py:109} INFO - [2022-03-21 06:18:34,552] {dag.py:2398} INFO - Sync 1 DAGs
[2022-03-21 06:18:34,565] {logging_mixin.py:109} INFO - [2022-03-21 06:18:34,565] {dag.py:2937} INFO - Setting next_dagrun for tutorial to 2022-03-21T00:00:00+00:00
[2022-03-21 06:18:34,754] {processor.py:171} INFO - Processing /home/lowenhard/airflow/dags/dag_example.py took 1.357 seconds
[2022-03-21 06:19:12,441] {processor.py:163} INFO - Started process (PID=1872) to work on /home/lowenhard/airflow/dags/dag_example.py
[2022-03-21 06:19:12,444] {processor.py:642} INFO - Processing file /home/lowenhard/airflow/dags/dag_example.py for tasks to queue
[2022-03-21 06:19:12,444] {logging_mixin.py:109} INFO - [2022-03-21 06:19:12,444] {dagbag.py:500} INFO - Filling up the DagBag from /home/lowenhard/airflow/dags/dag_example.py
[2022-03-21 06:19:12,467] {processor.py:654} INFO - DAG(s) dict_keys(['tutorial']) retrieved from /home/lowenhard/airflow/dags/dag_example.py
[2022-03-21 06:19:12,471] {logging_mixin.py:109} INFO - [2022-03-21 06:19:12,471] {dag.py:2398} INFO - Sync 1 DAGs
[2022-03-21 06:19:12,485] {logging_mixin.py:109} INFO - [2022-03-21 06:19:12,485] {dag.py:2937} INFO - Setting next_dagrun for tutorial to 2022-03-21T00:00:00+00:00
[2022-03-21 06:19:13,705] {processor.py:171} INFO - Processing /home/lowenhard/airflow/dags/dag_example.py took 1.266 seconds
[2022-03-21 06:19:51,856] {processor.py:163} INFO - Started process (PID=1890) to work on /home/lowenhard/airflow/dags/dag_example.py
[2022-03-21 06:19:51,871] {processor.py:642} INFO - Processing file /home/lowenhard/airflow/dags/dag_example.py for tasks to queue
[2022-03-21 06:19:51,871] {logging_mixin.py:109} INFO - [2022-03-21 06:19:51,871] {dagbag.py:500} INFO - Filling up the DagBag from /home/lowenhard/airflow/dags/dag_example.py
[2022-03-21 06:19:51,894] {processor.py:654} INFO - DAG(s) dict_keys(['tutorial']) retrieved from /home/lowenhard/airflow/dags/dag_example.py
[2022-03-21 06:19:52,228] {logging_mixin.py:109} INFO - [2022-03-21 06:19:52,228] {dag.py:2398} INFO - Sync 1 DAGs
[2022-03-21 06:19:52,238] {logging_mixin.py:109} INFO - [2022-03-21 06:19:52,238] {dag.py:2937} INFO - Setting next_dagrun for tutorial to 2022-03-21T00:00:00+00:00
[2022-03-21 06:19:52,535] {processor.py:171} INFO - Processing /home/lowenhard/airflow/dags/dag_example.py took 0.683 seconds
[2022-03-21 06:20:32,120] {processor.py:163} INFO - Started process (PID=1909) to work on /home/lowenhard/airflow/dags/dag_example.py
[2022-03-21 06:20:32,540] {processor.py:642} INFO - Processing file /home/lowenhard/airflow/dags/dag_example.py for tasks to queue
[2022-03-21 06:20:32,540] {logging_mixin.py:109} INFO - [2022-03-21 06:20:32,540] {dagbag.py:500} INFO - Filling up the DagBag from /home/lowenhard/airflow/dags/dag_example.py
[2022-03-21 06:20:32,565] {processor.py:654} INFO - DAG(s) dict_keys(['tutorial']) retrieved from /home/lowenhard/airflow/dags/dag_example.py
[2022-03-21 06:20:32,574] {logging_mixin.py:109} INFO - [2022-03-21 06:20:32,574] {dag.py:2398} INFO - Sync 1 DAGs
[2022-03-21 06:20:32,586] {logging_mixin.py:109} INFO - [2022-03-21 06:20:32,586] {dag.py:2937} INFO - Setting next_dagrun for tutorial to 2022-03-21T00:00:00+00:00
[2022-03-21 06:20:33,328] {processor.py:171} INFO - Processing /home/lowenhard/airflow/dags/dag_example.py took 1.211 seconds
[2022-03-21 06:21:10,823] {processor.py:163} INFO - Started process (PID=1928) to work on /home/lowenhard/airflow/dags/dag_example.py
[2022-03-21 06:21:10,825] {processor.py:642} INFO - Processing file /home/lowenhard/airflow/dags/dag_example.py for tasks to queue
[2022-03-21 06:21:10,825] {logging_mixin.py:109} INFO - [2022-03-21 06:21:10,825] {dagbag.py:500} INFO - Filling up the DagBag from /home/lowenhard/airflow/dags/dag_example.py
[2022-03-21 06:21:10,845] {processor.py:654} INFO - DAG(s) dict_keys(['tutorial']) retrieved from /home/lowenhard/airflow/dags/dag_example.py
[2022-03-21 06:21:10,855] {logging_mixin.py:109} INFO - [2022-03-21 06:21:10,855] {dag.py:2398} INFO - Sync 1 DAGs
[2022-03-21 06:21:10,867] {logging_mixin.py:109} INFO - [2022-03-21 06:21:10,867] {dag.py:2937} INFO - Setting next_dagrun for tutorial to 2022-03-21T00:00:00+00:00
[2022-03-21 06:21:12,977] {processor.py:171} INFO - Processing /home/lowenhard/airflow/dags/dag_example.py took 2.156 seconds
[2022-03-21 06:21:57,312] {processor.py:163} INFO - Started process (PID=1946) to work on /home/lowenhard/airflow/dags/dag_example.py
[2022-03-21 06:21:57,314] {processor.py:642} INFO - Processing file /home/lowenhard/airflow/dags/dag_example.py for tasks to queue
[2022-03-21 06:21:57,315] {logging_mixin.py:109} INFO - [2022-03-21 06:21:57,315] {dagbag.py:500} INFO - Filling up the DagBag from /home/lowenhard/airflow/dags/dag_example.py
[2022-03-21 06:21:57,336] {processor.py:654} INFO - DAG(s) dict_keys(['dummy_dag']) retrieved from /home/lowenhard/airflow/dags/dag_example.py
[2022-03-21 06:21:58,506] {logging_mixin.py:109} INFO - [2022-03-21 06:21:58,506] {manager.py:496} INFO - Created Permission View: can read on DAG:dummy_dag
[2022-03-21 06:21:58,664] {logging_mixin.py:109} INFO - [2022-03-21 06:21:58,664] {manager.py:496} INFO - Created Permission View: can edit on DAG:dummy_dag
[2022-03-21 06:21:58,665] {logging_mixin.py:109} INFO - [2022-03-21 06:21:58,665] {dag.py:2398} INFO - Sync 1 DAGs
[2022-03-21 06:21:58,672] {logging_mixin.py:109} INFO - [2022-03-21 06:21:58,672] {dag.py:2417} INFO - Creating ORM DAG for dummy_dag
[2022-03-21 06:21:58,680] {logging_mixin.py:109} INFO - [2022-03-21 06:21:58,679] {dag.py:2937} INFO - Setting next_dagrun for dummy_dag to 2022-03-21T00:00:00+00:00
[2022-03-21 06:21:58,931] {processor.py:171} INFO - Processing /home/lowenhard/airflow/dags/dag_example.py took 1.622 seconds
[2022-03-21 06:22:47,014] {processor.py:163} INFO - Started process (PID=1967) to work on /home/lowenhard/airflow/dags/dag_example.py
[2022-03-21 06:22:47,074] {processor.py:642} INFO - Processing file /home/lowenhard/airflow/dags/dag_example.py for tasks to queue
[2022-03-21 06:22:47,075] {logging_mixin.py:109} INFO - [2022-03-21 06:22:47,075] {dagbag.py:500} INFO - Filling up the DagBag from /home/lowenhard/airflow/dags/dag_example.py
[2022-03-21 06:22:47,104] {processor.py:654} INFO - DAG(s) dict_keys(['dummy_dag']) retrieved from /home/lowenhard/airflow/dags/dag_example.py
[2022-03-21 06:22:47,117] {logging_mixin.py:109} INFO - [2022-03-21 06:22:47,117] {dag.py:2398} INFO - Sync 1 DAGs
[2022-03-21 06:22:47,134] {logging_mixin.py:109} INFO - [2022-03-21 06:22:47,134] {dag.py:2937} INFO - Setting next_dagrun for dummy_dag to 2022-03-21T00:00:00+00:00
[2022-03-21 06:22:48,692] {processor.py:171} INFO - Processing /home/lowenhard/airflow/dags/dag_example.py took 1.682 seconds
[2022-03-21 06:23:34,621] {processor.py:163} INFO - Started process (PID=1990) to work on /home/lowenhard/airflow/dags/dag_example.py
[2022-03-21 06:23:34,624] {processor.py:642} INFO - Processing file /home/lowenhard/airflow/dags/dag_example.py for tasks to queue
[2022-03-21 06:23:34,624] {logging_mixin.py:109} INFO - [2022-03-21 06:23:34,624] {dagbag.py:500} INFO - Filling up the DagBag from /home/lowenhard/airflow/dags/dag_example.py
[2022-03-21 06:23:34,644] {processor.py:654} INFO - DAG(s) dict_keys(['dummy_dag']) retrieved from /home/lowenhard/airflow/dags/dag_example.py
[2022-03-21 06:23:34,654] {logging_mixin.py:109} INFO - [2022-03-21 06:23:34,653] {dag.py:2398} INFO - Sync 1 DAGs
[2022-03-21 06:23:34,666] {logging_mixin.py:109} INFO - [2022-03-21 06:23:34,665] {dag.py:2937} INFO - Setting next_dagrun for dummy_dag to 2022-03-21T00:00:00+00:00
[2022-03-21 06:23:35,956] {processor.py:171} INFO - Processing /home/lowenhard/airflow/dags/dag_example.py took 1.338 seconds
[2022-03-21 06:24:24,629] {processor.py:163} INFO - Started process (PID=2011) to work on /home/lowenhard/airflow/dags/dag_example.py
[2022-03-21 06:24:24,670] {processor.py:642} INFO - Processing file /home/lowenhard/airflow/dags/dag_example.py for tasks to queue
[2022-03-21 06:24:24,670] {logging_mixin.py:109} INFO - [2022-03-21 06:24:24,670] {dagbag.py:500} INFO - Filling up the DagBag from /home/lowenhard/airflow/dags/dag_example.py
[2022-03-21 06:24:24,693] {processor.py:654} INFO - DAG(s) dict_keys(['dummy_dag']) retrieved from /home/lowenhard/airflow/dags/dag_example.py
[2022-03-21 06:24:24,702] {logging_mixin.py:109} INFO - [2022-03-21 06:24:24,702] {dag.py:2398} INFO - Sync 1 DAGs
[2022-03-21 06:24:24,715] {logging_mixin.py:109} INFO - [2022-03-21 06:24:24,715] {dag.py:2937} INFO - Setting next_dagrun for dummy_dag to 2022-03-21T00:00:00+00:00
[2022-03-21 06:24:26,276] {processor.py:171} INFO - Processing /home/lowenhard/airflow/dags/dag_example.py took 1.648 seconds
[2022-03-21 06:25:11,892] {processor.py:163} INFO - Started process (PID=2031) to work on /home/lowenhard/airflow/dags/dag_example.py
[2022-03-21 06:25:11,908] {processor.py:642} INFO - Processing file /home/lowenhard/airflow/dags/dag_example.py for tasks to queue
[2022-03-21 06:25:11,909] {logging_mixin.py:109} INFO - [2022-03-21 06:25:11,909] {dagbag.py:500} INFO - Filling up the DagBag from /home/lowenhard/airflow/dags/dag_example.py
[2022-03-21 06:25:11,928] {processor.py:654} INFO - DAG(s) dict_keys(['dummy_dag']) retrieved from /home/lowenhard/airflow/dags/dag_example.py
[2022-03-21 06:25:11,937] {logging_mixin.py:109} INFO - [2022-03-21 06:25:11,937] {dag.py:2398} INFO - Sync 1 DAGs
[2022-03-21 06:25:11,949] {logging_mixin.py:109} INFO - [2022-03-21 06:25:11,949] {dag.py:2937} INFO - Setting next_dagrun for dummy_dag to 2022-03-21T00:00:00+00:00
[2022-03-21 06:25:13,152] {processor.py:171} INFO - Processing /home/lowenhard/airflow/dags/dag_example.py took 1.262 seconds
[2022-03-21 06:25:48,894] {processor.py:163} INFO - Started process (PID=2050) to work on /home/lowenhard/airflow/dags/dag_example.py
[2022-03-21 06:25:48,903] {processor.py:642} INFO - Processing file /home/lowenhard/airflow/dags/dag_example.py for tasks to queue
[2022-03-21 06:25:48,904] {logging_mixin.py:109} INFO - [2022-03-21 06:25:48,904] {dagbag.py:500} INFO - Filling up the DagBag from /home/lowenhard/airflow/dags/dag_example.py
[2022-03-21 06:25:48,931] {processor.py:654} INFO - DAG(s) dict_keys(['dummy_dag']) retrieved from /home/lowenhard/airflow/dags/dag_example.py
[2022-03-21 06:25:48,942] {logging_mixin.py:109} INFO - [2022-03-21 06:25:48,942] {dag.py:2398} INFO - Sync 1 DAGs
[2022-03-21 06:25:48,955] {logging_mixin.py:109} INFO - [2022-03-21 06:25:48,955] {dag.py:2937} INFO - Setting next_dagrun for dummy_dag to 2022-03-21T00:00:00+00:00
[2022-03-21 06:25:50,348] {processor.py:171} INFO - Processing /home/lowenhard/airflow/dags/dag_example.py took 1.456 seconds
[2022-03-21 06:26:36,548] {processor.py:163} INFO - Started process (PID=2081) to work on /home/lowenhard/airflow/dags/dag_example.py
[2022-03-21 06:26:36,558] {processor.py:642} INFO - Processing file /home/lowenhard/airflow/dags/dag_example.py for tasks to queue
[2022-03-21 06:26:36,559] {logging_mixin.py:109} INFO - [2022-03-21 06:26:36,559] {dagbag.py:500} INFO - Filling up the DagBag from /home/lowenhard/airflow/dags/dag_example.py
[2022-03-21 06:26:36,583] {processor.py:654} INFO - DAG(s) dict_keys(['dummy_dag']) retrieved from /home/lowenhard/airflow/dags/dag_example.py
[2022-03-21 06:26:36,592] {logging_mixin.py:109} INFO - [2022-03-21 06:26:36,592] {dag.py:2398} INFO - Sync 1 DAGs
[2022-03-21 06:26:36,604] {logging_mixin.py:109} INFO - [2022-03-21 06:26:36,604] {dag.py:2937} INFO - Setting next_dagrun for dummy_dag to 2022-03-21T00:00:00+00:00
[2022-03-21 06:26:36,997] {processor.py:171} INFO - Processing /home/lowenhard/airflow/dags/dag_example.py took 0.451 seconds
[2022-03-21 06:27:31,272] {processor.py:163} INFO - Started process (PID=2107) to work on /home/lowenhard/airflow/dags/dag_example.py
[2022-03-21 06:27:31,369] {processor.py:642} INFO - Processing file /home/lowenhard/airflow/dags/dag_example.py for tasks to queue
[2022-03-21 06:27:31,370] {logging_mixin.py:109} INFO - [2022-03-21 06:27:31,369] {dagbag.py:500} INFO - Filling up the DagBag from /home/lowenhard/airflow/dags/dag_example.py
[2022-03-21 06:27:31,390] {processor.py:654} INFO - DAG(s) dict_keys(['dummy_dag']) retrieved from /home/lowenhard/airflow/dags/dag_example.py
[2022-03-21 06:27:31,399] {logging_mixin.py:109} INFO - [2022-03-21 06:27:31,399] {dag.py:2398} INFO - Sync 1 DAGs
[2022-03-21 06:27:31,412] {logging_mixin.py:109} INFO - [2022-03-21 06:27:31,412] {dag.py:2937} INFO - Setting next_dagrun for dummy_dag to 2022-03-21T00:00:00+00:00
[2022-03-21 06:27:31,590] {processor.py:171} INFO - Processing /home/lowenhard/airflow/dags/dag_example.py took 0.320 seconds
[2022-03-21 06:28:12,165] {processor.py:163} INFO - Started process (PID=2131) to work on /home/lowenhard/airflow/dags/dag_example.py
[2022-03-21 06:28:12,169] {processor.py:642} INFO - Processing file /home/lowenhard/airflow/dags/dag_example.py for tasks to queue
[2022-03-21 06:28:12,169] {logging_mixin.py:109} INFO - [2022-03-21 06:28:12,169] {dagbag.py:500} INFO - Filling up the DagBag from /home/lowenhard/airflow/dags/dag_example.py
[2022-03-21 06:28:12,190] {processor.py:654} INFO - DAG(s) dict_keys(['dummy_dag']) retrieved from /home/lowenhard/airflow/dags/dag_example.py
[2022-03-21 06:28:12,200] {logging_mixin.py:109} INFO - [2022-03-21 06:28:12,200] {dag.py:2398} INFO - Sync 1 DAGs
[2022-03-21 06:28:12,213] {logging_mixin.py:109} INFO - [2022-03-21 06:28:12,213] {dag.py:2937} INFO - Setting next_dagrun for dummy_dag to 2022-03-21T00:00:00+00:00
[2022-03-21 06:28:14,715] {processor.py:171} INFO - Processing /home/lowenhard/airflow/dags/dag_example.py took 2.552 seconds
[2022-03-21 06:29:19,461] {processor.py:163} INFO - Started process (PID=2149) to work on /home/lowenhard/airflow/dags/dag_example.py
[2022-03-21 06:29:19,481] {processor.py:642} INFO - Processing file /home/lowenhard/airflow/dags/dag_example.py for tasks to queue
[2022-03-21 06:29:19,482] {logging_mixin.py:109} INFO - [2022-03-21 06:29:19,482] {dagbag.py:500} INFO - Filling up the DagBag from /home/lowenhard/airflow/dags/dag_example.py
[2022-03-21 06:29:19,510] {processor.py:654} INFO - DAG(s) dict_keys(['dummy_dag']) retrieved from /home/lowenhard/airflow/dags/dag_example.py
[2022-03-21 06:29:19,524] {logging_mixin.py:109} INFO - [2022-03-21 06:29:19,524] {dag.py:2398} INFO - Sync 1 DAGs
[2022-03-21 06:29:19,542] {logging_mixin.py:109} INFO - [2022-03-21 06:29:19,542] {dag.py:2937} INFO - Setting next_dagrun for dummy_dag to 2022-03-21T00:00:00+00:00
[2022-03-21 06:29:19,721] {processor.py:171} INFO - Processing /home/lowenhard/airflow/dags/dag_example.py took 0.264 seconds
[2022-03-21 06:30:34,293] {processor.py:163} INFO - Started process (PID=2193) to work on /home/lowenhard/airflow/dags/dag_example.py
[2022-03-21 06:30:34,307] {processor.py:642} INFO - Processing file /home/lowenhard/airflow/dags/dag_example.py for tasks to queue
[2022-03-21 06:30:34,307] {logging_mixin.py:109} INFO - [2022-03-21 06:30:34,307] {dagbag.py:500} INFO - Filling up the DagBag from /home/lowenhard/airflow/dags/dag_example.py
[2022-03-21 06:30:34,328] {processor.py:654} INFO - DAG(s) dict_keys(['dummy_dag']) retrieved from /home/lowenhard/airflow/dags/dag_example.py
[2022-03-21 06:30:34,344] {logging_mixin.py:109} INFO - [2022-03-21 06:30:34,344] {dag.py:2398} INFO - Sync 1 DAGs
[2022-03-21 06:30:34,357] {logging_mixin.py:109} INFO - [2022-03-21 06:30:34,356] {dag.py:2937} INFO - Setting next_dagrun for dummy_dag to 2022-03-21T00:00:00+00:00
[2022-03-21 06:30:36,132] {processor.py:171} INFO - Processing /home/lowenhard/airflow/dags/dag_example.py took 1.841 seconds
[2022-03-21 06:31:17,806] {processor.py:163} INFO - Started process (PID=2218) to work on /home/lowenhard/airflow/dags/dag_example.py
[2022-03-21 06:31:17,809] {processor.py:642} INFO - Processing file /home/lowenhard/airflow/dags/dag_example.py for tasks to queue
[2022-03-21 06:31:17,809] {logging_mixin.py:109} INFO - [2022-03-21 06:31:17,809] {dagbag.py:500} INFO - Filling up the DagBag from /home/lowenhard/airflow/dags/dag_example.py
[2022-03-21 06:31:17,832] {processor.py:654} INFO - DAG(s) dict_keys(['dummy_dag']) retrieved from /home/lowenhard/airflow/dags/dag_example.py
[2022-03-21 06:31:17,842] {logging_mixin.py:109} INFO - [2022-03-21 06:31:17,842] {dag.py:2398} INFO - Sync 1 DAGs
[2022-03-21 06:31:17,854] {logging_mixin.py:109} INFO - [2022-03-21 06:31:17,854] {dag.py:2937} INFO - Setting next_dagrun for dummy_dag to 2022-03-21T00:00:00+00:00
[2022-03-21 06:31:18,540] {processor.py:171} INFO - Processing /home/lowenhard/airflow/dags/dag_example.py took 0.736 seconds
[2022-03-21 06:31:58,580] {processor.py:163} INFO - Started process (PID=2240) to work on /home/lowenhard/airflow/dags/dag_example.py
[2022-03-21 06:31:58,656] {processor.py:642} INFO - Processing file /home/lowenhard/airflow/dags/dag_example.py for tasks to queue
[2022-03-21 06:31:58,656] {logging_mixin.py:109} INFO - [2022-03-21 06:31:58,656] {dagbag.py:500} INFO - Filling up the DagBag from /home/lowenhard/airflow/dags/dag_example.py
[2022-03-21 06:31:58,677] {processor.py:654} INFO - DAG(s) dict_keys(['dummy_dag']) retrieved from /home/lowenhard/airflow/dags/dag_example.py
[2022-03-21 06:31:58,941] {logging_mixin.py:109} INFO - [2022-03-21 06:31:58,941] {dag.py:2398} INFO - Sync 1 DAGs
[2022-03-21 06:31:58,952] {logging_mixin.py:109} INFO - [2022-03-21 06:31:58,952] {dag.py:2937} INFO - Setting next_dagrun for dummy_dag to 2022-03-21T00:00:00+00:00
[2022-03-21 06:32:00,209] {processor.py:171} INFO - Processing /home/lowenhard/airflow/dags/dag_example.py took 1.632 seconds
