[2022-04-03 10:44:46,464] {taskinstance.py:1037} INFO - Dependencies all met for <TaskInstance: hello_dag.pprint manual__2022-04-03T15:44:32.806952+00:00 [queued]>
[2022-04-03 10:44:46,473] {taskinstance.py:1037} INFO - Dependencies all met for <TaskInstance: hello_dag.pprint manual__2022-04-03T15:44:32.806952+00:00 [queued]>
[2022-04-03 10:44:46,473] {taskinstance.py:1243} INFO - 
--------------------------------------------------------------------------------
[2022-04-03 10:44:46,473] {taskinstance.py:1244} INFO - Starting attempt 1 of 2
[2022-04-03 10:44:46,473] {taskinstance.py:1245} INFO - 
--------------------------------------------------------------------------------
[2022-04-03 10:44:47,841] {taskinstance.py:1264} INFO - Executing <Task(PythonOperator): pprint> on 2022-04-03 15:44:32.806952+00:00
[2022-04-03 10:44:47,844] {standard_task_runner.py:52} INFO - Started process 5550 to run task
[2022-04-03 10:44:47,850] {standard_task_runner.py:76} INFO - Running: ['airflow', 'tasks', 'run', 'hello_dag', 'pprint', 'manual__2022-04-03T15:44:32.806952+00:00', '--job-id', '276', '--raw', '--subdir', 'DAGS_FOLDER/dag_example.py', '--cfg-path', '/tmp/tmp_61wezfp', '--error-file', '/tmp/tmps28l0kfd']
[2022-04-03 10:44:47,851] {standard_task_runner.py:77} INFO - Job 276: Subtask pprint
[2022-04-03 10:44:48,252] {logging_mixin.py:109} INFO - Running <TaskInstance: hello_dag.pprint manual__2022-04-03T15:44:32.806952+00:00 [running]> on host LAPTOP-5HJG55H7.localdomain
[2022-04-03 10:44:48,701] {taskinstance.py:1429} INFO - Exporting the following env vars:
AIRFLOW_CTX_DAG_OWNER=airflow
AIRFLOW_CTX_DAG_ID=hello_dag
AIRFLOW_CTX_TASK_ID=pprint
AIRFLOW_CTX_EXECUTION_DATE=2022-04-03T15:44:32.806952+00:00
AIRFLOW_CTX_DAG_RUN_ID=manual__2022-04-03T15:44:32.806952+00:00
[2022-04-03 10:44:48,702] {dag_example.py:18} INFO - foo here
[2022-04-03 10:44:48,703] {python.py:175} INFO - Done. Returned value was: None
[2022-04-03 10:44:48,893] {taskinstance.py:1272} INFO - Marking task as SUCCESS. dag_id=hello_dag, task_id=pprint, execution_date=20220403T154432, start_date=20220403T154446, end_date=20220403T154448
[2022-04-03 10:44:49,308] {local_task_job.py:154} INFO - Task exited with return code 0
[2022-04-03 10:44:49,666] {local_task_job.py:264} INFO - 1 downstream tasks scheduled from follow-on schedule check
