[2022-03-26 18:27:10,851] {processor.py:163} INFO - Started process (PID=578) to work on /home/lowenhard/acceleration/env/lib/python3.8/site-packages/airflow/example_dags/subdags/subdag.py
[2022-03-26 18:27:10,852] {processor.py:642} INFO - Processing file /home/lowenhard/acceleration/env/lib/python3.8/site-packages/airflow/example_dags/subdags/subdag.py for tasks to queue
[2022-03-26 18:27:10,852] {logging_mixin.py:109} INFO - [2022-03-26 18:27:10,852] {dagbag.py:500} INFO - Filling up the DagBag from /home/lowenhard/acceleration/env/lib/python3.8/site-packages/airflow/example_dags/subdags/subdag.py
[2022-03-26 18:27:10,865] {processor.py:656} WARNING - No viable dags retrieved from /home/lowenhard/acceleration/env/lib/python3.8/site-packages/airflow/example_dags/subdags/subdag.py
[2022-03-26 18:27:10,867] {processor.py:171} INFO - Processing /home/lowenhard/acceleration/env/lib/python3.8/site-packages/airflow/example_dags/subdags/subdag.py took 0.020 seconds
[2022-03-26 18:29:56,502] {processor.py:163} INFO - Started process (PID=649) to work on /home/lowenhard/acceleration/env/lib/python3.8/site-packages/airflow/example_dags/subdags/subdag.py
[2022-03-26 18:29:56,511] {processor.py:642} INFO - Processing file /home/lowenhard/acceleration/env/lib/python3.8/site-packages/airflow/example_dags/subdags/subdag.py for tasks to queue
[2022-03-26 18:29:56,511] {logging_mixin.py:109} INFO - [2022-03-26 18:29:56,511] {dagbag.py:500} INFO - Filling up the DagBag from /home/lowenhard/acceleration/env/lib/python3.8/site-packages/airflow/example_dags/subdags/subdag.py
[2022-03-26 18:29:56,519] {processor.py:656} WARNING - No viable dags retrieved from /home/lowenhard/acceleration/env/lib/python3.8/site-packages/airflow/example_dags/subdags/subdag.py
[2022-03-26 18:29:56,523] {processor.py:171} INFO - Processing /home/lowenhard/acceleration/env/lib/python3.8/site-packages/airflow/example_dags/subdags/subdag.py took 0.023 seconds
[2022-03-26 18:31:25,042] {processor.py:163} INFO - Started process (PID=710) to work on /home/lowenhard/acceleration/env/lib/python3.8/site-packages/airflow/example_dags/subdags/subdag.py
[2022-03-26 18:31:25,044] {processor.py:642} INFO - Processing file /home/lowenhard/acceleration/env/lib/python3.8/site-packages/airflow/example_dags/subdags/subdag.py for tasks to queue
[2022-03-26 18:31:25,044] {logging_mixin.py:109} INFO - [2022-03-26 18:31:25,044] {dagbag.py:500} INFO - Filling up the DagBag from /home/lowenhard/acceleration/env/lib/python3.8/site-packages/airflow/example_dags/subdags/subdag.py
[2022-03-26 18:31:25,053] {processor.py:656} WARNING - No viable dags retrieved from /home/lowenhard/acceleration/env/lib/python3.8/site-packages/airflow/example_dags/subdags/subdag.py
[2022-03-26 18:31:25,054] {processor.py:171} INFO - Processing /home/lowenhard/acceleration/env/lib/python3.8/site-packages/airflow/example_dags/subdags/subdag.py took 0.015 seconds
[2022-03-26 18:32:20,268] {processor.py:163} INFO - Started process (PID=751) to work on /home/lowenhard/acceleration/env/lib/python3.8/site-packages/airflow/example_dags/subdags/subdag.py
[2022-03-26 18:32:20,281] {processor.py:642} INFO - Processing file /home/lowenhard/acceleration/env/lib/python3.8/site-packages/airflow/example_dags/subdags/subdag.py for tasks to queue
[2022-03-26 18:32:20,281] {logging_mixin.py:109} INFO - [2022-03-26 18:32:20,281] {dagbag.py:500} INFO - Filling up the DagBag from /home/lowenhard/acceleration/env/lib/python3.8/site-packages/airflow/example_dags/subdags/subdag.py
[2022-03-26 18:32:20,291] {processor.py:656} WARNING - No viable dags retrieved from /home/lowenhard/acceleration/env/lib/python3.8/site-packages/airflow/example_dags/subdags/subdag.py
[2022-03-26 18:32:20,293] {processor.py:171} INFO - Processing /home/lowenhard/acceleration/env/lib/python3.8/site-packages/airflow/example_dags/subdags/subdag.py took 0.028 seconds
[2022-03-26 18:33:14,370] {processor.py:163} INFO - Started process (PID=787) to work on /home/lowenhard/acceleration/env/lib/python3.8/site-packages/airflow/example_dags/subdags/subdag.py
[2022-03-26 18:33:14,377] {processor.py:642} INFO - Processing file /home/lowenhard/acceleration/env/lib/python3.8/site-packages/airflow/example_dags/subdags/subdag.py for tasks to queue
[2022-03-26 18:33:14,378] {logging_mixin.py:109} INFO - [2022-03-26 18:33:14,377] {dagbag.py:500} INFO - Filling up the DagBag from /home/lowenhard/acceleration/env/lib/python3.8/site-packages/airflow/example_dags/subdags/subdag.py
[2022-03-26 18:33:14,386] {processor.py:656} WARNING - No viable dags retrieved from /home/lowenhard/acceleration/env/lib/python3.8/site-packages/airflow/example_dags/subdags/subdag.py
[2022-03-26 18:33:14,388] {processor.py:171} INFO - Processing /home/lowenhard/acceleration/env/lib/python3.8/site-packages/airflow/example_dags/subdags/subdag.py took 0.021 seconds
[2022-03-26 18:34:10,395] {processor.py:163} INFO - Started process (PID=830) to work on /home/lowenhard/acceleration/env/lib/python3.8/site-packages/airflow/example_dags/subdags/subdag.py
[2022-03-26 18:34:10,403] {processor.py:642} INFO - Processing file /home/lowenhard/acceleration/env/lib/python3.8/site-packages/airflow/example_dags/subdags/subdag.py for tasks to queue
[2022-03-26 18:34:10,403] {logging_mixin.py:109} INFO - [2022-03-26 18:34:10,403] {dagbag.py:500} INFO - Filling up the DagBag from /home/lowenhard/acceleration/env/lib/python3.8/site-packages/airflow/example_dags/subdags/subdag.py
[2022-03-26 18:34:10,412] {processor.py:656} WARNING - No viable dags retrieved from /home/lowenhard/acceleration/env/lib/python3.8/site-packages/airflow/example_dags/subdags/subdag.py
[2022-03-26 18:34:10,414] {processor.py:171} INFO - Processing /home/lowenhard/acceleration/env/lib/python3.8/site-packages/airflow/example_dags/subdags/subdag.py took 0.022 seconds
[2022-03-26 18:35:12,814] {processor.py:163} INFO - Started process (PID=871) to work on /home/lowenhard/acceleration/env/lib/python3.8/site-packages/airflow/example_dags/subdags/subdag.py
[2022-03-26 18:35:12,839] {processor.py:642} INFO - Processing file /home/lowenhard/acceleration/env/lib/python3.8/site-packages/airflow/example_dags/subdags/subdag.py for tasks to queue
[2022-03-26 18:35:12,839] {logging_mixin.py:109} INFO - [2022-03-26 18:35:12,839] {dagbag.py:500} INFO - Filling up the DagBag from /home/lowenhard/acceleration/env/lib/python3.8/site-packages/airflow/example_dags/subdags/subdag.py
[2022-03-26 18:35:12,847] {processor.py:656} WARNING - No viable dags retrieved from /home/lowenhard/acceleration/env/lib/python3.8/site-packages/airflow/example_dags/subdags/subdag.py
[2022-03-26 18:35:12,849] {processor.py:171} INFO - Processing /home/lowenhard/acceleration/env/lib/python3.8/site-packages/airflow/example_dags/subdags/subdag.py took 0.038 seconds
[2022-03-26 18:36:10,696] {processor.py:163} INFO - Started process (PID=907) to work on /home/lowenhard/acceleration/env/lib/python3.8/site-packages/airflow/example_dags/subdags/subdag.py
[2022-03-26 18:36:10,707] {processor.py:642} INFO - Processing file /home/lowenhard/acceleration/env/lib/python3.8/site-packages/airflow/example_dags/subdags/subdag.py for tasks to queue
[2022-03-26 18:36:10,708] {logging_mixin.py:109} INFO - [2022-03-26 18:36:10,708] {dagbag.py:500} INFO - Filling up the DagBag from /home/lowenhard/acceleration/env/lib/python3.8/site-packages/airflow/example_dags/subdags/subdag.py
[2022-03-26 18:36:10,717] {processor.py:656} WARNING - No viable dags retrieved from /home/lowenhard/acceleration/env/lib/python3.8/site-packages/airflow/example_dags/subdags/subdag.py
[2022-03-26 18:36:10,721] {processor.py:171} INFO - Processing /home/lowenhard/acceleration/env/lib/python3.8/site-packages/airflow/example_dags/subdags/subdag.py took 0.028 seconds
[2022-03-26 18:37:37,594] {processor.py:163} INFO - Started process (PID=957) to work on /home/lowenhard/acceleration/env/lib/python3.8/site-packages/airflow/example_dags/subdags/subdag.py
[2022-03-26 18:37:37,603] {processor.py:642} INFO - Processing file /home/lowenhard/acceleration/env/lib/python3.8/site-packages/airflow/example_dags/subdags/subdag.py for tasks to queue
[2022-03-26 18:37:37,604] {logging_mixin.py:109} INFO - [2022-03-26 18:37:37,604] {dagbag.py:500} INFO - Filling up the DagBag from /home/lowenhard/acceleration/env/lib/python3.8/site-packages/airflow/example_dags/subdags/subdag.py
[2022-03-26 18:37:37,610] {processor.py:656} WARNING - No viable dags retrieved from /home/lowenhard/acceleration/env/lib/python3.8/site-packages/airflow/example_dags/subdags/subdag.py
[2022-03-26 18:37:37,612] {processor.py:171} INFO - Processing /home/lowenhard/acceleration/env/lib/python3.8/site-packages/airflow/example_dags/subdags/subdag.py took 0.021 seconds
[2022-03-26 18:39:14,637] {processor.py:163} INFO - Started process (PID=1015) to work on /home/lowenhard/acceleration/env/lib/python3.8/site-packages/airflow/example_dags/subdags/subdag.py
[2022-03-26 18:39:14,639] {processor.py:642} INFO - Processing file /home/lowenhard/acceleration/env/lib/python3.8/site-packages/airflow/example_dags/subdags/subdag.py for tasks to queue
[2022-03-26 18:39:14,640] {logging_mixin.py:109} INFO - [2022-03-26 18:39:14,640] {dagbag.py:500} INFO - Filling up the DagBag from /home/lowenhard/acceleration/env/lib/python3.8/site-packages/airflow/example_dags/subdags/subdag.py
[2022-03-26 18:39:14,650] {processor.py:656} WARNING - No viable dags retrieved from /home/lowenhard/acceleration/env/lib/python3.8/site-packages/airflow/example_dags/subdags/subdag.py
[2022-03-26 18:39:14,652] {processor.py:171} INFO - Processing /home/lowenhard/acceleration/env/lib/python3.8/site-packages/airflow/example_dags/subdags/subdag.py took 0.017 seconds
[2022-03-26 18:40:42,682] {processor.py:163} INFO - Started process (PID=1069) to work on /home/lowenhard/acceleration/env/lib/python3.8/site-packages/airflow/example_dags/subdags/subdag.py
[2022-03-26 18:40:42,686] {processor.py:642} INFO - Processing file /home/lowenhard/acceleration/env/lib/python3.8/site-packages/airflow/example_dags/subdags/subdag.py for tasks to queue
[2022-03-26 18:40:42,686] {logging_mixin.py:109} INFO - [2022-03-26 18:40:42,686] {dagbag.py:500} INFO - Filling up the DagBag from /home/lowenhard/acceleration/env/lib/python3.8/site-packages/airflow/example_dags/subdags/subdag.py
[2022-03-26 18:40:42,694] {processor.py:656} WARNING - No viable dags retrieved from /home/lowenhard/acceleration/env/lib/python3.8/site-packages/airflow/example_dags/subdags/subdag.py
[2022-03-26 18:40:42,696] {processor.py:171} INFO - Processing /home/lowenhard/acceleration/env/lib/python3.8/site-packages/airflow/example_dags/subdags/subdag.py took 0.015 seconds
[2022-03-26 18:42:56,607] {processor.py:163} INFO - Started process (PID=1133) to work on /home/lowenhard/acceleration/env/lib/python3.8/site-packages/airflow/example_dags/subdags/subdag.py
[2022-03-26 18:42:56,609] {processor.py:642} INFO - Processing file /home/lowenhard/acceleration/env/lib/python3.8/site-packages/airflow/example_dags/subdags/subdag.py for tasks to queue
[2022-03-26 18:42:56,610] {logging_mixin.py:109} INFO - [2022-03-26 18:42:56,610] {dagbag.py:500} INFO - Filling up the DagBag from /home/lowenhard/acceleration/env/lib/python3.8/site-packages/airflow/example_dags/subdags/subdag.py
[2022-03-26 18:42:56,618] {processor.py:656} WARNING - No viable dags retrieved from /home/lowenhard/acceleration/env/lib/python3.8/site-packages/airflow/example_dags/subdags/subdag.py
[2022-03-26 18:42:56,619] {processor.py:171} INFO - Processing /home/lowenhard/acceleration/env/lib/python3.8/site-packages/airflow/example_dags/subdags/subdag.py took 0.015 seconds
[2022-03-26 18:44:25,257] {processor.py:163} INFO - Started process (PID=1175) to work on /home/lowenhard/acceleration/env/lib/python3.8/site-packages/airflow/example_dags/subdags/subdag.py
[2022-03-26 18:44:27,104] {processor.py:642} INFO - Processing file /home/lowenhard/acceleration/env/lib/python3.8/site-packages/airflow/example_dags/subdags/subdag.py for tasks to queue
[2022-03-26 18:44:27,104] {logging_mixin.py:109} INFO - [2022-03-26 18:44:27,104] {dagbag.py:500} INFO - Filling up the DagBag from /home/lowenhard/acceleration/env/lib/python3.8/site-packages/airflow/example_dags/subdags/subdag.py
[2022-03-26 18:44:27,219] {processor.py:656} WARNING - No viable dags retrieved from /home/lowenhard/acceleration/env/lib/python3.8/site-packages/airflow/example_dags/subdags/subdag.py
[2022-03-26 18:44:27,221] {processor.py:171} INFO - Processing /home/lowenhard/acceleration/env/lib/python3.8/site-packages/airflow/example_dags/subdags/subdag.py took 1.966 seconds
[2022-03-26 18:46:04,969] {processor.py:163} INFO - Started process (PID=1222) to work on /home/lowenhard/acceleration/env/lib/python3.8/site-packages/airflow/example_dags/subdags/subdag.py
[2022-03-26 18:46:05,234] {processor.py:642} INFO - Processing file /home/lowenhard/acceleration/env/lib/python3.8/site-packages/airflow/example_dags/subdags/subdag.py for tasks to queue
[2022-03-26 18:46:05,234] {logging_mixin.py:109} INFO - [2022-03-26 18:46:05,234] {dagbag.py:500} INFO - Filling up the DagBag from /home/lowenhard/acceleration/env/lib/python3.8/site-packages/airflow/example_dags/subdags/subdag.py
[2022-03-26 18:46:05,248] {processor.py:656} WARNING - No viable dags retrieved from /home/lowenhard/acceleration/env/lib/python3.8/site-packages/airflow/example_dags/subdags/subdag.py
[2022-03-26 18:46:05,250] {processor.py:171} INFO - Processing /home/lowenhard/acceleration/env/lib/python3.8/site-packages/airflow/example_dags/subdags/subdag.py took 0.284 seconds
[2022-03-26 18:49:03,548] {processor.py:163} INFO - Started process (PID=1290) to work on /home/lowenhard/acceleration/env/lib/python3.8/site-packages/airflow/example_dags/subdags/subdag.py
[2022-03-26 18:49:03,551] {processor.py:642} INFO - Processing file /home/lowenhard/acceleration/env/lib/python3.8/site-packages/airflow/example_dags/subdags/subdag.py for tasks to queue
[2022-03-26 18:49:03,551] {logging_mixin.py:109} INFO - [2022-03-26 18:49:03,551] {dagbag.py:500} INFO - Filling up the DagBag from /home/lowenhard/acceleration/env/lib/python3.8/site-packages/airflow/example_dags/subdags/subdag.py
[2022-03-26 18:49:03,561] {processor.py:656} WARNING - No viable dags retrieved from /home/lowenhard/acceleration/env/lib/python3.8/site-packages/airflow/example_dags/subdags/subdag.py
[2022-03-26 18:49:03,562] {processor.py:171} INFO - Processing /home/lowenhard/acceleration/env/lib/python3.8/site-packages/airflow/example_dags/subdags/subdag.py took 0.018 seconds
[2022-03-26 18:51:50,426] {processor.py:163} INFO - Started process (PID=1379) to work on /home/lowenhard/acceleration/env/lib/python3.8/site-packages/airflow/example_dags/subdags/subdag.py
[2022-03-26 18:51:50,446] {processor.py:642} INFO - Processing file /home/lowenhard/acceleration/env/lib/python3.8/site-packages/airflow/example_dags/subdags/subdag.py for tasks to queue
[2022-03-26 18:51:50,447] {logging_mixin.py:109} INFO - [2022-03-26 18:51:50,447] {dagbag.py:500} INFO - Filling up the DagBag from /home/lowenhard/acceleration/env/lib/python3.8/site-packages/airflow/example_dags/subdags/subdag.py
[2022-03-26 18:51:50,460] {processor.py:656} WARNING - No viable dags retrieved from /home/lowenhard/acceleration/env/lib/python3.8/site-packages/airflow/example_dags/subdags/subdag.py
[2022-03-26 18:51:50,462] {processor.py:171} INFO - Processing /home/lowenhard/acceleration/env/lib/python3.8/site-packages/airflow/example_dags/subdags/subdag.py took 0.040 seconds
[2022-03-26 18:54:10,578] {processor.py:163} INFO - Started process (PID=1440) to work on /home/lowenhard/acceleration/env/lib/python3.8/site-packages/airflow/example_dags/subdags/subdag.py
[2022-03-26 18:54:10,616] {processor.py:642} INFO - Processing file /home/lowenhard/acceleration/env/lib/python3.8/site-packages/airflow/example_dags/subdags/subdag.py for tasks to queue
[2022-03-26 18:54:10,616] {logging_mixin.py:109} INFO - [2022-03-26 18:54:10,616] {dagbag.py:500} INFO - Filling up the DagBag from /home/lowenhard/acceleration/env/lib/python3.8/site-packages/airflow/example_dags/subdags/subdag.py
[2022-03-26 18:54:10,626] {processor.py:656} WARNING - No viable dags retrieved from /home/lowenhard/acceleration/env/lib/python3.8/site-packages/airflow/example_dags/subdags/subdag.py
[2022-03-26 18:54:10,628] {processor.py:171} INFO - Processing /home/lowenhard/acceleration/env/lib/python3.8/site-packages/airflow/example_dags/subdags/subdag.py took 0.053 seconds
[2022-03-26 18:56:13,312] {processor.py:163} INFO - Started process (PID=1512) to work on /home/lowenhard/acceleration/env/lib/python3.8/site-packages/airflow/example_dags/subdags/subdag.py
[2022-03-26 18:56:13,324] {processor.py:642} INFO - Processing file /home/lowenhard/acceleration/env/lib/python3.8/site-packages/airflow/example_dags/subdags/subdag.py for tasks to queue
[2022-03-26 18:56:13,325] {logging_mixin.py:109} INFO - [2022-03-26 18:56:13,325] {dagbag.py:500} INFO - Filling up the DagBag from /home/lowenhard/acceleration/env/lib/python3.8/site-packages/airflow/example_dags/subdags/subdag.py
[2022-03-26 18:56:13,337] {processor.py:656} WARNING - No viable dags retrieved from /home/lowenhard/acceleration/env/lib/python3.8/site-packages/airflow/example_dags/subdags/subdag.py
[2022-03-26 18:56:13,339] {processor.py:171} INFO - Processing /home/lowenhard/acceleration/env/lib/python3.8/site-packages/airflow/example_dags/subdags/subdag.py took 0.030 seconds
[2022-03-26 18:58:26,165] {processor.py:163} INFO - Started process (PID=1573) to work on /home/lowenhard/acceleration/env/lib/python3.8/site-packages/airflow/example_dags/subdags/subdag.py
[2022-03-26 18:58:26,405] {processor.py:642} INFO - Processing file /home/lowenhard/acceleration/env/lib/python3.8/site-packages/airflow/example_dags/subdags/subdag.py for tasks to queue
[2022-03-26 18:58:26,405] {logging_mixin.py:109} INFO - [2022-03-26 18:58:26,405] {dagbag.py:500} INFO - Filling up the DagBag from /home/lowenhard/acceleration/env/lib/python3.8/site-packages/airflow/example_dags/subdags/subdag.py
[2022-03-26 18:58:26,413] {processor.py:656} WARNING - No viable dags retrieved from /home/lowenhard/acceleration/env/lib/python3.8/site-packages/airflow/example_dags/subdags/subdag.py
[2022-03-26 18:58:26,414] {processor.py:171} INFO - Processing /home/lowenhard/acceleration/env/lib/python3.8/site-packages/airflow/example_dags/subdags/subdag.py took 0.252 seconds
[2022-03-26 18:59:51,176] {processor.py:163} INFO - Started process (PID=1615) to work on /home/lowenhard/acceleration/env/lib/python3.8/site-packages/airflow/example_dags/subdags/subdag.py
[2022-03-26 18:59:51,188] {processor.py:642} INFO - Processing file /home/lowenhard/acceleration/env/lib/python3.8/site-packages/airflow/example_dags/subdags/subdag.py for tasks to queue
[2022-03-26 18:59:51,188] {logging_mixin.py:109} INFO - [2022-03-26 18:59:51,188] {dagbag.py:500} INFO - Filling up the DagBag from /home/lowenhard/acceleration/env/lib/python3.8/site-packages/airflow/example_dags/subdags/subdag.py
[2022-03-26 18:59:51,197] {processor.py:656} WARNING - No viable dags retrieved from /home/lowenhard/acceleration/env/lib/python3.8/site-packages/airflow/example_dags/subdags/subdag.py
[2022-03-26 18:59:51,199] {processor.py:171} INFO - Processing /home/lowenhard/acceleration/env/lib/python3.8/site-packages/airflow/example_dags/subdags/subdag.py took 0.026 seconds
