[2022-04-03 03:05:24,346] {taskinstance.py:1037} INFO - Dependencies all met for <TaskInstance: hello_dag.date manual__2022-04-03T08:05:01.709429+00:00 [queued]>
[2022-04-03 03:05:24,353] {taskinstance.py:1037} INFO - Dependencies all met for <TaskInstance: hello_dag.date manual__2022-04-03T08:05:01.709429+00:00 [queued]>
[2022-04-03 03:05:24,353] {taskinstance.py:1243} INFO - 
--------------------------------------------------------------------------------
[2022-04-03 03:05:24,353] {taskinstance.py:1244} INFO - Starting attempt 1 of 2
[2022-04-03 03:05:24,353] {taskinstance.py:1245} INFO - 
--------------------------------------------------------------------------------
[2022-04-03 03:05:24,560] {taskinstance.py:1264} INFO - Executing <Task(BashOperator): date> on 2022-04-03 08:05:01.709429+00:00
[2022-04-03 03:05:24,562] {standard_task_runner.py:52} INFO - Started process 518 to run task
[2022-04-03 03:05:24,565] {standard_task_runner.py:76} INFO - Running: ['airflow', 'tasks', 'run', 'hello_dag', 'date', 'manual__2022-04-03T08:05:01.709429+00:00', '--job-id', '229', '--raw', '--subdir', 'DAGS_FOLDER/dag_example.py', '--cfg-path', '/tmp/tmpnkt77k20', '--error-file', '/tmp/tmpl2y9hym0']
[2022-04-03 03:05:24,566] {standard_task_runner.py:77} INFO - Job 229: Subtask date
[2022-04-03 03:05:24,888] {logging_mixin.py:109} INFO - Running <TaskInstance: hello_dag.date manual__2022-04-03T08:05:01.709429+00:00 [running]> on host LAPTOP-5HJG55H7.localdomain
[2022-04-03 03:05:25,750] {taskinstance.py:1429} INFO - Exporting the following env vars:
AIRFLOW_CTX_DAG_OWNER=airflow
AIRFLOW_CTX_DAG_ID=hello_dag
AIRFLOW_CTX_TASK_ID=date
AIRFLOW_CTX_EXECUTION_DATE=2022-04-03T08:05:01.709429+00:00
AIRFLOW_CTX_DAG_RUN_ID=manual__2022-04-03T08:05:01.709429+00:00
[2022-04-03 03:05:25,750] {subprocess.py:62} INFO - Tmp dir root location: 
 /tmp
[2022-04-03 03:05:25,751] {subprocess.py:74} INFO - Running command: ['bash', '-c', 'date']
[2022-04-03 03:05:25,757] {subprocess.py:85} INFO - Output:
[2022-04-03 03:05:25,760] {subprocess.py:89} INFO - Sun Apr  3 03:05:25 -05 2022
[2022-04-03 03:05:25,760] {subprocess.py:93} INFO - Command exited with return code 0
[2022-04-03 03:05:25,943] {taskinstance.py:1272} INFO - Marking task as SUCCESS. dag_id=hello_dag, task_id=date, execution_date=20220403T080501, start_date=20220403T080524, end_date=20220403T080525
[2022-04-03 03:05:26,188] {local_task_job.py:154} INFO - Task exited with return code 0
[2022-04-03 03:05:26,207] {local_task_job.py:264} INFO - 0 downstream tasks scheduled from follow-on schedule check
