[2022-04-04 07:26:37,310] {taskinstance.py:1037} INFO - Dependencies all met for <TaskInstance: s3_dag.upload_to_s3 manual__2022-04-04T12:26:22.502042+00:00 [queued]>
[2022-04-04 07:26:37,317] {taskinstance.py:1037} INFO - Dependencies all met for <TaskInstance: s3_dag.upload_to_s3 manual__2022-04-04T12:26:22.502042+00:00 [queued]>
[2022-04-04 07:26:37,317] {taskinstance.py:1243} INFO - 
--------------------------------------------------------------------------------
[2022-04-04 07:26:37,317] {taskinstance.py:1244} INFO - Starting attempt 1 of 1
[2022-04-04 07:26:37,317] {taskinstance.py:1245} INFO - 
--------------------------------------------------------------------------------
[2022-04-04 07:26:38,179] {taskinstance.py:1264} INFO - Executing <Task(PythonOperator): upload_to_s3> on 2022-04-04 12:26:22.502042+00:00
[2022-04-04 07:26:38,180] {standard_task_runner.py:52} INFO - Started process 3117 to run task
[2022-04-04 07:26:38,184] {standard_task_runner.py:76} INFO - Running: ['airflow', 'tasks', 'run', 's3_dag', 'upload_to_s3', 'manual__2022-04-04T12:26:22.502042+00:00', '--job-id', '346', '--raw', '--subdir', 'DAGS_FOLDER/s3_connection.py', '--cfg-path', '/tmp/tmpqu0jzutr', '--error-file', '/tmp/tmpdy_f3bg8']
[2022-04-04 07:26:38,185] {standard_task_runner.py:77} INFO - Job 346: Subtask upload_to_s3
[2022-04-04 07:26:39,007] {logging_mixin.py:109} INFO - Running <TaskInstance: s3_dag.upload_to_s3 manual__2022-04-04T12:26:22.502042+00:00 [running]> on host LAPTOP-5HJG55H7.localdomain
[2022-04-04 07:26:42,747] {taskinstance.py:1429} INFO - Exporting the following env vars:
AIRFLOW_CTX_DAG_OWNER=airflow
AIRFLOW_CTX_DAG_ID=s3_dag
AIRFLOW_CTX_TASK_ID=upload_to_s3
AIRFLOW_CTX_EXECUTION_DATE=2022-04-04T12:26:22.502042+00:00
AIRFLOW_CTX_DAG_RUN_ID=manual__2022-04-04T12:26:22.502042+00:00
[2022-04-04 07:26:42,748] {logging_mixin.py:109} INFO - filepath filename cohorte-marzo-77238c6a
[2022-04-04 07:26:42,748] {logging_mixin.py:109} INFO - Created Connection
[2022-04-04 07:26:42,754] {base_aws.py:206} INFO - Credentials retrieved from login
[2022-04-04 07:26:42,766] {logging_mixin.py:109} INFO - Session(region_name=None)
[2022-04-04 07:26:42,766] {logging_mixin.py:109} INFO - <airflow.providers.amazon.aws.hooks.s3.S3Hook object at 0x7fe0eac86d90>
[2022-04-04 07:26:42,766] {python.py:175} INFO - Done. Returned value was: None
[2022-04-04 07:26:42,773] {taskinstance.py:1272} INFO - Marking task as SUCCESS. dag_id=s3_dag, task_id=upload_to_s3, execution_date=20220404T122622, start_date=20220404T122637, end_date=20220404T122642
[2022-04-04 07:26:43,546] {local_task_job.py:154} INFO - Task exited with return code 0
[2022-04-04 07:26:44,695] {local_task_job.py:264} INFO - 0 downstream tasks scheduled from follow-on schedule check
