[2022-04-03 21:03:04,486] {taskinstance.py:1037} INFO - Dependencies all met for <TaskInstance: pandas_python_operator.create_csv manual__2022-04-04T02:02:57.992056+00:00 [queued]>
[2022-04-03 21:03:04,493] {taskinstance.py:1037} INFO - Dependencies all met for <TaskInstance: pandas_python_operator.create_csv manual__2022-04-04T02:02:57.992056+00:00 [queued]>
[2022-04-03 21:03:04,494] {taskinstance.py:1243} INFO - 
--------------------------------------------------------------------------------
[2022-04-03 21:03:04,494] {taskinstance.py:1244} INFO - Starting attempt 1 of 1
[2022-04-03 21:03:04,494] {taskinstance.py:1245} INFO - 
--------------------------------------------------------------------------------
[2022-04-03 21:03:04,689] {taskinstance.py:1264} INFO - Executing <Task(_PythonDecoratedOperator): create_csv> on 2022-04-04 02:02:57.992056+00:00
[2022-04-03 21:03:04,692] {standard_task_runner.py:52} INFO - Started process 878 to run task
[2022-04-03 21:03:04,696] {standard_task_runner.py:76} INFO - Running: ['airflow', 'tasks', 'run', 'pandas_python_operator', 'create_csv', 'manual__2022-04-04T02:02:57.992056+00:00', '--job-id', '311', '--raw', '--subdir', 'DAGS_FOLDER/ET_Univ_Villa_Maria_dag.py', '--cfg-path', '/tmp/tmpcgh3w81i', '--error-file', '/tmp/tmpmmejpa0p']
[2022-04-03 21:03:04,697] {standard_task_runner.py:77} INFO - Job 311: Subtask create_csv
[2022-04-03 21:03:06,139] {logging_mixin.py:109} INFO - Running <TaskInstance: pandas_python_operator.create_csv manual__2022-04-04T02:02:57.992056+00:00 [running]> on host LAPTOP-5HJG55H7.localdomain
[2022-04-03 21:03:06,496] {taskinstance.py:1429} INFO - Exporting the following env vars:
AIRFLOW_CTX_DAG_OWNER=airflow
AIRFLOW_CTX_DAG_ID=pandas_python_operator
AIRFLOW_CTX_TASK_ID=create_csv
AIRFLOW_CTX_EXECUTION_DATE=2022-04-04T02:02:57.992056+00:00
AIRFLOW_CTX_DAG_RUN_ID=manual__2022-04-04T02:02:57.992056+00:00
[2022-04-03 21:03:06,508] {base.py:70} INFO - Using connection to: id: airflow-universities. Host: training-main.cghe7e6sfljt.us-east-1.rds.amazonaws.com, Port: 5432, Schema: training, Login: alkymer, Password: ***, extra: {}
[2022-04-03 21:03:07,834] {taskinstance.py:1718} ERROR - Task failed with exception
Traceback (most recent call last):
  File "/home/lowenhard/acceleration/env/lib/python3.8/site-packages/airflow/models/taskinstance.py", line 1334, in _run_raw_task
    self._execute_task_with_callbacks(context)
  File "/home/lowenhard/acceleration/env/lib/python3.8/site-packages/airflow/models/taskinstance.py", line 1460, in _execute_task_with_callbacks
    result = self._execute_task(context, self.task)
  File "/home/lowenhard/acceleration/env/lib/python3.8/site-packages/airflow/models/taskinstance.py", line 1516, in _execute_task
    result = execute_callable(context=context)
  File "/home/lowenhard/acceleration/env/lib/python3.8/site-packages/airflow/decorators/base.py", line 134, in execute
    return_value = super().execute(context)
  File "/home/lowenhard/acceleration/env/lib/python3.8/site-packages/airflow/operators/python.py", line 174, in execute
    return_value = self.execute_callable()
  File "/home/lowenhard/acceleration/env/lib/python3.8/site-packages/airflow/operators/python.py", line 188, in execute_callable
    return self.python_callable(*self.op_args, **self.op_kwargs)
  File "/home/lowenhard/airflow/dags/ET_Univ_Villa_Maria_dag.py", line 85, in create_csv
    dataframe = process_dataframe(dataframe)
UnboundLocalError: local variable 'dataframe' referenced before assignment
[2022-04-03 21:03:07,841] {taskinstance.py:1272} INFO - Marking task as FAILED. dag_id=pandas_python_operator, task_id=create_csv, execution_date=20220404T020257, start_date=20220404T020304, end_date=20220404T020307
[2022-04-03 21:03:08,184] {standard_task_runner.py:89} ERROR - Failed to execute job 311 for task create_csv
Traceback (most recent call last):
  File "/home/lowenhard/acceleration/env/lib/python3.8/site-packages/airflow/task/task_runner/standard_task_runner.py", line 85, in _start_by_fork
    args.func(args, dag=self.dag)
  File "/home/lowenhard/acceleration/env/lib/python3.8/site-packages/airflow/cli/cli_parser.py", line 48, in command
    return func(*args, **kwargs)
  File "/home/lowenhard/acceleration/env/lib/python3.8/site-packages/airflow/utils/cli.py", line 92, in wrapper
    return f(*args, **kwargs)
  File "/home/lowenhard/acceleration/env/lib/python3.8/site-packages/airflow/cli/commands/task_command.py", line 298, in task_run
    _run_task_by_selected_method(args, dag, ti)
  File "/home/lowenhard/acceleration/env/lib/python3.8/site-packages/airflow/cli/commands/task_command.py", line 107, in _run_task_by_selected_method
    _run_raw_task(args, ti)
  File "/home/lowenhard/acceleration/env/lib/python3.8/site-packages/airflow/cli/commands/task_command.py", line 180, in _run_raw_task
    ti._run_raw_task(
  File "/home/lowenhard/acceleration/env/lib/python3.8/site-packages/airflow/utils/session.py", line 70, in wrapper
    return func(*args, session=session, **kwargs)
  File "/home/lowenhard/acceleration/env/lib/python3.8/site-packages/airflow/models/taskinstance.py", line 1334, in _run_raw_task
    self._execute_task_with_callbacks(context)
  File "/home/lowenhard/acceleration/env/lib/python3.8/site-packages/airflow/models/taskinstance.py", line 1460, in _execute_task_with_callbacks
    result = self._execute_task(context, self.task)
  File "/home/lowenhard/acceleration/env/lib/python3.8/site-packages/airflow/models/taskinstance.py", line 1516, in _execute_task
    result = execute_callable(context=context)
  File "/home/lowenhard/acceleration/env/lib/python3.8/site-packages/airflow/decorators/base.py", line 134, in execute
    return_value = super().execute(context)
  File "/home/lowenhard/acceleration/env/lib/python3.8/site-packages/airflow/operators/python.py", line 174, in execute
    return_value = self.execute_callable()
  File "/home/lowenhard/acceleration/env/lib/python3.8/site-packages/airflow/operators/python.py", line 188, in execute_callable
    return self.python_callable(*self.op_args, **self.op_kwargs)
  File "/home/lowenhard/airflow/dags/ET_Univ_Villa_Maria_dag.py", line 85, in create_csv
    dataframe = process_dataframe(dataframe)
UnboundLocalError: local variable 'dataframe' referenced before assignment
[2022-04-03 21:03:08,208] {local_task_job.py:154} INFO - Task exited with return code 1
[2022-04-03 21:03:08,414] {local_task_job.py:264} INFO - 0 downstream tasks scheduled from follow-on schedule check
